[230:294:0130/094318.906915:ERROR:bus.cc(392)] Failed to connect to the bus: Failed to connect to socket /var/run/dbus/system_bus_socket: No such file or directory
[230:257:0130/094318.909223:ERROR:bus.cc(392)] Failed to connect to the bus: Address does not contain a colon
[230:257:0130/094318.909393:ERROR:bus.cc(392)] Failed to connect to the bus: Address does not contain a colon
[230:257:0130/094318.920857:ERROR:bus.cc(392)] Failed to connect to the bus: Address does not contain a colon
[230:257:0130/094318.920932:ERROR:bus.cc(392)] Failed to connect to the bus: Address does not contain a colon
[301:301:0130/094318.924464:ERROR:gpu_init.cc(453)] Passthrough is not supported, GL is swiftshader, ANGLE is 
[230:257:0130/094318.943443:ERROR:bus.cc(392)] Failed to connect to the bus: Address does not contain a colon
[230:257:0130/094318.943509:ERROR:bus.cc(392)] Failed to connect to the bus: Address does not contain a colon
[230:392:0130/094319.054141:ERROR:bus.cc(392)] Failed to connect to the bus: Failed to connect to socket /var/run/dbus/system_bus_socket: No such file or directory
[230:392:0130/094319.054213:ERROR:bus.cc(392)] Failed to connect to the bus: Failed to connect to socket /var/run/dbus/system_bus_socket: No such file or directory
[230:392:0130/094319.054273:ERROR:bus.cc(392)] Failed to connect to the bus: Failed to connect to socket /var/run/dbus/system_bus_socket: No such file or directory
[230:392:0130/094319.054289:WARNING:property.cc(144)] DaemonVersion: GetAndBlock: failed.
[230:392:0130/094319.054324:ERROR:bus.cc(392)] Failed to connect to the bus: Failed to connect to socket /var/run/dbus/system_bus_socket: No such file or directory
[230:392:0130/094319.054378:ERROR:bus.cc(392)] Failed to connect to the bus: Failed to connect to socket /var/run/dbus/system_bus_socket: No such file or directory
[425:425:0130/094320.308205:WARNING:audio_manager_linux.cc(69)] Falling back to ALSA for audio output. PulseAudio is not available or could not be initialized.
[425:425:0130/094320.312769:ERROR:alsa_util.cc(204)] PcmOpen: default,No such file or directory
[425:425:0130/094320.312876:ERROR:alsa_util.cc(204)] PcmOpen: plug:default,No such file or directory
[230:230:0130/094320.405754:INFO:CONSOLE(128)] "currentLatencynow: 4.727", source: file:///home/seluser/ppt/player/dashjs/index.html (128)
[230:326:0130/094321.142446:ERROR:chrome_browser_main_extra_parts_metrics.cc(228)] crbug.com/1216328: Checking Bluetooth availability started. Please report if there is no report that this ends.
[230:326:0130/094321.142489:ERROR:chrome_browser_main_extra_parts_metrics.cc(231)] crbug.com/1216328: Checking Bluetooth availability ended.
[230:326:0130/094321.142500:ERROR:chrome_browser_main_extra_parts_metrics.cc(234)] crbug.com/1216328: Checking default browser status started. Please report if there is no report that this ends.
[230:326:0130/094321.307073:ERROR:chrome_browser_main_extra_parts_metrics.cc(238)] crbug.com/1216328: Checking default browser status ended.
[230:230:0130/094321.405792:INFO:CONSOLE(128)] "currentLatencynow: 5.727", source: file:///home/seluser/ppt/player/dashjs/index.html (128)
[230:257:0130/094321.604217:ERROR:bus.cc(392)] Failed to connect to the bus: Address does not contain a colon
[230:257:0130/094321.604282:ERROR:bus.cc(392)] Failed to connect to the bus: Address does not contain a colon
[230:257:0130/094321.604296:ERROR:bus.cc(392)] Failed to connect to the bus: Address does not contain a colon
[230:257:0130/094321.604305:ERROR:bus.cc(392)] Failed to connect to the bus: Address does not contain a colon
[230:257:0130/094321.604315:ERROR:bus.cc(392)] Failed to connect to the bus: Address does not contain a colon
[230:257:0130/094321.604325:ERROR:bus.cc(392)] Failed to connect to the bus: Address does not contain a colon
[230:257:0130/094321.604336:ERROR:bus.cc(392)] Failed to connect to the bus: Address does not contain a colon
[230:257:0130/094321.604344:ERROR:bus.cc(392)] Failed to connect to the bus: Address does not contain a colon
[230:257:0130/094321.604355:ERROR:bus.cc(392)] Failed to connect to the bus: Address does not contain a colon
[230:257:0130/094321.605407:ERROR:bus.cc(392)] Failed to connect to the bus: Address does not contain a colon
[230:257:0130/094321.605426:ERROR:bus.cc(392)] Failed to connect to the bus: Address does not contain a colon
[230:257:0130/094321.605440:ERROR:bus.cc(392)] Failed to connect to the bus: Address does not contain a colon
[230:257:0130/094321.605451:ERROR:bus.cc(392)] Failed to connect to the bus: Address does not contain a colon
[230:257:0130/094321.605463:ERROR:bus.cc(392)] Failed to connect to the bus: Address does not contain a colon
[230:257:0130/094321.608058:ERROR:bus.cc(392)] Failed to connect to the bus: Address does not contain a colon
[230:257:0130/094321.609402:ERROR:bus.cc(392)] Failed to connect to the bus: Address does not contain a colon
[230:257:0130/094321.610135:ERROR:bus.cc(392)] Failed to connect to the bus: Address does not contain a colon
[230:257:0130/094321.649569:ERROR:bus.cc(392)] Failed to connect to the bus: Address does not contain a colon
[230:257:0130/094321.650904:ERROR:bus.cc(392)] Failed to connect to the bus: Address does not contain a colon
[230:230:0130/094322.405754:INFO:CONSOLE(128)] "currentLatencynow: 6.388", source: file:///home/seluser/ppt/player/dashjs/index.html (128)
[230:230:0130/094323.405531:INFO:CONSOLE(128)] "currentLatencynow: 7.388", source: file:///home/seluser/ppt/player/dashjs/index.html (128)
[230:230:0130/094324.408740:INFO:CONSOLE(128)] "currentLatencynow: 7.889", source: file:///home/seluser/ppt/player/dashjs/index.html (128)
[230:230:0130/094325.405544:INFO:CONSOLE(128)] "currentLatencynow: 7.889", source: file:///home/seluser/ppt/player/dashjs/index.html (128)
[230:230:0130/094326.405738:INFO:CONSOLE(128)] "currentLatencynow: 8.37", source: file:///home/seluser/ppt/player/dashjs/index.html (128)
[230:230:0130/094327.405618:INFO:CONSOLE(128)] "currentLatencynow: 9.37", source: file:///home/seluser/ppt/player/dashjs/index.html (128)
[230:230:0130/094328.405660:INFO:CONSOLE(128)] "currentLatencynow: 10.37", source: file:///home/seluser/ppt/player/dashjs/index.html (128)
[230:230:0130/094329.405721:INFO:CONSOLE(128)] "currentLatencynow: 11.37", source: file:///home/seluser/ppt/player/dashjs/index.html (128)
[230:230:0130/094330.405754:INFO:CONSOLE(128)] "currentLatencynow: 12.37", source: file:///home/seluser/ppt/player/dashjs/index.html (128)
[230:230:0130/094331.405546:INFO:CONSOLE(128)] "currentLatencynow: 13.37", source: file:///home/seluser/ppt/player/dashjs/index.html (128)
[230:257:0130/094331.598031:ERROR:bus.cc(392)] Failed to connect to the bus: Address does not contain a colon
[230:257:0130/094331.598115:ERROR:bus.cc(392)] Failed to connect to the bus: Address does not contain a colon
[230:230:0130/094332.405785:INFO:CONSOLE(128)] "currentLatencynow: 13.404", source: file:///home/seluser/ppt/player/dashjs/index.html (128)
[230:230:0130/094333.405563:INFO:CONSOLE(128)] "currentLatencynow: 13.356", source: file:///home/seluser/ppt/player/dashjs/index.html (128)
[230:230:0130/094334.405688:INFO:CONSOLE(128)] "currentLatencynow: 13.729", source: file:///home/seluser/ppt/player/dashjs/index.html (128)
[230:230:0130/094335.405593:INFO:CONSOLE(128)] "currentLatencynow: 13.629", source: file:///home/seluser/ppt/player/dashjs/index.html (128)
[230:230:0130/094336.405717:INFO:CONSOLE(128)] "currentLatencynow: 14.334", source: file:///home/seluser/ppt/player/dashjs/index.html (128)
[230:230:0130/094337.405676:INFO:CONSOLE(128)] "currentLatencynow: 15.334", source: file:///home/seluser/ppt/player/dashjs/index.html (128)
[230:230:0130/094338.405543:INFO:CONSOLE(128)] "currentLatencynow: 16.334", source: file:///home/seluser/ppt/player/dashjs/index.html (128)
[230:230:0130/094339.405590:INFO:CONSOLE(128)] "currentLatencynow: 17.334", source: file:///home/seluser/ppt/player/dashjs/index.html (128)
[230:257:0130/094339.675223:ERROR:bus.cc(392)] Failed to connect to the bus: Address does not contain a colon
[230:257:0130/094339.675319:ERROR:bus.cc(392)] Failed to connect to the bus: Address does not contain a colon
[230:230:0130/094340.405628:INFO:CONSOLE(128)] "currentLatencynow: 17.478", source: file:///home/seluser/ppt/player/dashjs/index.html (128)
[230:230:0130/094341.405520:INFO:CONSOLE(128)] "currentLatencynow: 17.378", source: file:///home/seluser/ppt/player/dashjs/index.html (128)
[230:230:0130/094342.405560:INFO:CONSOLE(128)] "currentLatencynow: 17.278", source: file:///home/seluser/ppt/player/dashjs/index.html (128)
[230:230:0130/094343.405637:INFO:CONSOLE(128)] "currentLatencynow: 17.178", source: file:///home/seluser/ppt/player/dashjs/index.html (128)
[230:230:0130/094344.405623:INFO:CONSOLE(128)] "currentLatencynow: 17.078", source: file:///home/seluser/ppt/player/dashjs/index.html (128)
[230:230:0130/094345.405570:INFO:CONSOLE(128)] "currentLatencynow: 17.004", source: file:///home/seluser/ppt/player/dashjs/index.html (128)
[230:230:0130/094346.405562:INFO:CONSOLE(128)] "currentLatencynow: 16.904", source: file:///home/seluser/ppt/player/dashjs/index.html (128)
[230:230:0130/094347.405666:INFO:CONSOLE(128)] "currentLatencynow: 16.87", source: file:///home/seluser/ppt/player/dashjs/index.html (128)
[230:230:0130/094348.405677:INFO:CONSOLE(128)] "currentLatencynow: 16.87", source: file:///home/seluser/ppt/player/dashjs/index.html (128)
[230:230:0130/094349.405797:INFO:CONSOLE(128)] "currentLatencynow: 17.289", source: file:///home/seluser/ppt/player/dashjs/index.html (128)
[230:230:0130/094350.405663:INFO:CONSOLE(128)] "currentLatencynow: 18.289", source: file:///home/seluser/ppt/player/dashjs/index.html (128)
[230:230:0130/094351.405616:INFO:CONSOLE(128)] "currentLatencynow: 19.289", source: file:///home/seluser/ppt/player/dashjs/index.html (128)
[230:230:0130/094352.405701:INFO:CONSOLE(128)] "currentLatencynow: 20.289", source: file:///home/seluser/ppt/player/dashjs/index.html (128)
[230:230:0130/094353.405648:INFO:CONSOLE(128)] "currentLatencynow: 21.289", source: file:///home/seluser/ppt/player/dashjs/index.html (128)
[230:230:0130/094354.405619:INFO:CONSOLE(128)] "currentLatencynow: 22.289", source: file:///home/seluser/ppt/player/dashjs/index.html (128)
[230:230:0130/094355.405739:INFO:CONSOLE(128)] "currentLatencynow: 23.289", source: file:///home/seluser/ppt/player/dashjs/index.html (128)
[230:257:0130/094355.562657:ERROR:bus.cc(392)] Failed to connect to the bus: Address does not contain a colon
[230:257:0130/094355.562720:ERROR:bus.cc(392)] Failed to connect to the bus: Address does not contain a colon
[230:230:0130/094356.405633:INFO:CONSOLE(128)] "currentLatencynow: 23.323", source: file:///home/seluser/ppt/player/dashjs/index.html (128)
[230:230:0130/094357.405670:INFO:CONSOLE(128)] "currentLatencynow: 23.223", source: file:///home/seluser/ppt/player/dashjs/index.html (128)
[230:230:0130/094358.405566:INFO:CONSOLE(128)] "currentLatencynow: 23.123", source: file:///home/seluser/ppt/player/dashjs/index.html (128)
[230:230:0130/094359.405620:INFO:CONSOLE(128)] "currentLatencynow: 23.023", source: file:///home/seluser/ppt/player/dashjs/index.html (128)
[230:230:0130/094400.405614:INFO:CONSOLE(128)] "currentLatencynow: 22.923", source: file:///home/seluser/ppt/player/dashjs/index.html (128)
[230:230:0130/094401.405527:INFO:CONSOLE(128)] "currentLatencynow: 22.883", source: file:///home/seluser/ppt/player/dashjs/index.html (128)
[230:230:0130/094402.405625:INFO:CONSOLE(128)] "currentLatencynow: 22.883", source: file:///home/seluser/ppt/player/dashjs/index.html (128)
[230:230:0130/094403.405556:INFO:CONSOLE(128)] "currentLatencynow: 23.265", source: file:///home/seluser/ppt/player/dashjs/index.html (128)
[230:230:0130/094404.405634:INFO:CONSOLE(128)] "currentLatencynow: 24.265", source: file:///home/seluser/ppt/player/dashjs/index.html (128)
[230:257:0130/094405.241741:ERROR:bus.cc(392)] Failed to connect to the bus: Address does not contain a colon
[230:257:0130/094405.241921:ERROR:bus.cc(392)] Failed to connect to the bus: Address does not contain a colon
[230:230:0130/094405.405629:INFO:CONSOLE(128)] "currentLatencynow: 25.009", source: file:///home/seluser/ppt/player/dashjs/index.html (128)
[230:230:0130/094406.405647:INFO:CONSOLE(128)] "currentLatencynow: 25.009", source: file:///home/seluser/ppt/player/dashjs/index.html (128)
[230:230:0130/094407.405659:INFO:CONSOLE(128)] "currentLatencynow: 24.978", source: file:///home/seluser/ppt/player/dashjs/index.html (128)
[230:230:0130/094408.405593:INFO:CONSOLE(128)] "currentLatencynow: 24.878", source: file:///home/seluser/ppt/player/dashjs/index.html (128)
[230:230:0130/094409.405595:INFO:CONSOLE(128)] "currentLatencynow: 25.243", source: file:///home/seluser/ppt/player/dashjs/index.html (128)
[230:230:0130/094410.405626:INFO:CONSOLE(128)] "currentLatencynow: 26.243", source: file:///home/seluser/ppt/player/dashjs/index.html (128)
[230:257:0130/094411.182848:ERROR:bus.cc(392)] Failed to connect to the bus: Address does not contain a colon
[230:257:0130/094411.182938:ERROR:bus.cc(392)] Failed to connect to the bus: Address does not contain a colon
[230:230:0130/094411.405620:INFO:CONSOLE(128)] "currentLatencynow: 26.926", source: file:///home/seluser/ppt/player/dashjs/index.html (128)
[230:230:0130/094412.405675:INFO:CONSOLE(128)] "currentLatencynow: 26.892", source: file:///home/seluser/ppt/player/dashjs/index.html (128)
[230:230:0130/094413.405709:INFO:CONSOLE(128)] "currentLatencynow: 26.792", source: file:///home/seluser/ppt/player/dashjs/index.html (128)
[230:230:0130/094414.405667:INFO:CONSOLE(128)] "currentLatencynow: 26.692", source: file:///home/seluser/ppt/player/dashjs/index.html (128)
[230:230:0130/094415.405789:INFO:CONSOLE(128)] "currentLatencynow: 26.592", source: file:///home/seluser/ppt/player/dashjs/index.html (128)
[230:230:0130/094416.405712:INFO:CONSOLE(128)] "currentLatencynow: 26.492", source: file:///home/seluser/ppt/player/dashjs/index.html (128)
[230:230:0130/094417.405776:INFO:CONSOLE(128)] "currentLatencynow: 27.205", source: file:///home/seluser/ppt/player/dashjs/index.html (128)
[230:230:0130/094418.405701:INFO:CONSOLE(128)] "currentLatencynow: 28.205", source: file:///home/seluser/ppt/player/dashjs/index.html (128)
[230:230:0130/094419.405551:INFO:CONSOLE(128)] "currentLatencynow: 29.205", source: file:///home/seluser/ppt/player/dashjs/index.html (128)
[230:230:0130/094420.405646:INFO:CONSOLE(128)] "currentLatencynow: 30.205", source: file:///home/seluser/ppt/player/dashjs/index.html (128)
[230:257:0130/094420.594743:ERROR:bus.cc(392)] Failed to connect to the bus: Address does not contain a colon
[230:257:0130/094420.594810:ERROR:bus.cc(392)] Failed to connect to the bus: Address does not contain a colon
[230:230:0130/094421.405615:INFO:CONSOLE(128)] "currentLatencynow: 30.081", source: file:///home/seluser/ppt/player/dashjs/index.html (128)
[230:230:0130/094422.405619:INFO:CONSOLE(128)] "currentLatencynow: 30.085", source: file:///home/seluser/ppt/player/dashjs/index.html (128)
[230:230:0130/094423.405899:INFO:CONSOLE(128)] "currentLatencynow: 31.085", source: file:///home/seluser/ppt/player/dashjs/index.html (128)
[230:230:0130/094424.405726:INFO:CONSOLE(128)] "currentLatencynow: 32.085", source: file:///home/seluser/ppt/player/dashjs/index.html (128)
[230:230:0130/094425.405682:INFO:CONSOLE(128)] "currentLatencynow: 33.085", source: file:///home/seluser/ppt/player/dashjs/index.html (128)
[230:230:0130/094426.405722:INFO:CONSOLE(128)] "currentLatencynow: 34.085", source: file:///home/seluser/ppt/player/dashjs/index.html (128)
[230:230:0130/094427.405638:INFO:CONSOLE(128)] "currentLatencynow: 35.085", source: file:///home/seluser/ppt/player/dashjs/index.html (128)
[230:230:0130/094428.405714:INFO:CONSOLE(128)] "currentLatencynow: 36.085", source: file:///home/seluser/ppt/player/dashjs/index.html (128)
[230:230:0130/094429.405760:INFO:CONSOLE(128)] "currentLatencynow: 37.085", source: file:///home/seluser/ppt/player/dashjs/index.html (128)
[230:230:0130/094430.405668:INFO:CONSOLE(128)] "currentLatencynow: 38.085", source: file:///home/seluser/ppt/player/dashjs/index.html (128)
[230:230:0130/094431.405658:INFO:CONSOLE(128)] "currentLatencynow: 39.085", source: file:///home/seluser/ppt/player/dashjs/index.html (128)
[230:230:0130/094432.405666:INFO:CONSOLE(128)] "currentLatencynow: 40.085", source: file:///home/seluser/ppt/player/dashjs/index.html (128)
[230:230:0130/094433.405807:INFO:CONSOLE(128)] "currentLatencynow: 41.085", source: file:///home/seluser/ppt/player/dashjs/index.html (128)
[230:230:0130/094434.405848:INFO:CONSOLE(128)] "currentLatencynow: 42.085", source: file:///home/seluser/ppt/player/dashjs/index.html (128)
[230:230:0130/094435.405683:INFO:CONSOLE(128)] "currentLatencynow: 43.085", source: file:///home/seluser/ppt/player/dashjs/index.html (128)
[230:230:0130/094436.405673:INFO:CONSOLE(128)] "currentLatencynow: 44.085", source: file:///home/seluser/ppt/player/dashjs/index.html (128)
[230:230:0130/094437.405654:INFO:CONSOLE(128)] "currentLatencynow: 45.085", source: file:///home/seluser/ppt/player/dashjs/index.html (128)
[230:230:0130/094438.405708:INFO:CONSOLE(128)] "currentLatencynow: 46.085", source: file:///home/seluser/ppt/player/dashjs/index.html (128)
[230:230:0130/094439.405660:INFO:CONSOLE(128)] "currentLatencynow: 47.085", source: file:///home/seluser/ppt/player/dashjs/index.html (128)
[230:230:0130/094440.405603:INFO:CONSOLE(128)] "currentLatencynow: 48.085", source: file:///home/seluser/ppt/player/dashjs/index.html (128)
[230:230:0130/094441.405671:INFO:CONSOLE(128)] "currentLatencynow: 49.085", source: file:///home/seluser/ppt/player/dashjs/index.html (128)
[230:230:0130/094442.405642:INFO:CONSOLE(128)] "currentLatencynow: 50.085", source: file:///home/seluser/ppt/player/dashjs/index.html (128)
[230:230:0130/094443.405605:INFO:CONSOLE(128)] "currentLatencynow: 51.085", source: file:///home/seluser/ppt/player/dashjs/index.html (128)
[230:230:0130/094444.405565:INFO:CONSOLE(128)] "currentLatencynow: 52.085", source: file:///home/seluser/ppt/player/dashjs/index.html (128)
[230:230:0130/094445.405580:INFO:CONSOLE(128)] "currentLatencynow: 53.085", source: file:///home/seluser/ppt/player/dashjs/index.html (128)
[230:230:0130/094446.405612:INFO:CONSOLE(128)] "currentLatencynow: 54.085", source: file:///home/seluser/ppt/player/dashjs/index.html (128)
[230:230:0130/094447.405623:INFO:CONSOLE(128)] "currentLatencynow: 55.085", source: file:///home/seluser/ppt/player/dashjs/index.html (128)
[230:230:0130/094448.405587:INFO:CONSOLE(128)] "currentLatencynow: 56.085", source: file:///home/seluser/ppt/player/dashjs/index.html (128)
[230:230:0130/094449.405787:INFO:CONSOLE(128)] "currentLatencynow: 57.085", source: file:///home/seluser/ppt/player/dashjs/index.html (128)
[230:230:0130/094450.405711:INFO:CONSOLE(128)] "currentLatencynow: 58.085", source: file:///home/seluser/ppt/player/dashjs/index.html (128)
[230:230:0130/094451.405680:INFO:CONSOLE(128)] "currentLatencynow: 59.085", source: file:///home/seluser/ppt/player/dashjs/index.html (128)
[230:230:0130/094452.405637:INFO:CONSOLE(128)] "currentLatencynow: 60.085", source: file:///home/seluser/ppt/player/dashjs/index.html (128)
[230:230:0130/094453.405687:INFO:CONSOLE(128)] "currentLatencynow: 61.085", source: file:///home/seluser/ppt/player/dashjs/index.html (128)
[230:230:0130/094454.405693:INFO:CONSOLE(128)] "currentLatencynow: 62.085", source: file:///home/seluser/ppt/player/dashjs/index.html (128)
[230:230:0130/094455.405707:INFO:CONSOLE(128)] "currentLatencynow: 63.085", source: file:///home/seluser/ppt/player/dashjs/index.html (128)
[230:230:0130/094456.405657:INFO:CONSOLE(128)] "currentLatencynow: 64.085", source: file:///home/seluser/ppt/player/dashjs/index.html (128)
[230:230:0130/094457.405657:INFO:CONSOLE(128)] "currentLatencynow: 65.085", source: file:///home/seluser/ppt/player/dashjs/index.html (128)
[230:230:0130/094458.405616:INFO:CONSOLE(128)] "currentLatencynow: 66.085", source: file:///home/seluser/ppt/player/dashjs/index.html (128)
[230:230:0130/094459.405700:INFO:CONSOLE(128)] "currentLatencynow: 67.085", source: file:///home/seluser/ppt/player/dashjs/index.html (128)
[230:230:0130/094500.405740:INFO:CONSOLE(128)] "currentLatencynow: 68.085", source: file:///home/seluser/ppt/player/dashjs/index.html (128)
[230:230:0130/094501.405874:INFO:CONSOLE(128)] "currentLatencynow: 69.085", source: file:///home/seluser/ppt/player/dashjs/index.html (128)
[230:230:0130/094502.405689:INFO:CONSOLE(128)] "currentLatencynow: 70.085", source: file:///home/seluser/ppt/player/dashjs/index.html (128)
[230:230:0130/094503.405681:INFO:CONSOLE(128)] "currentLatencynow: 71.085", source: file:///home/seluser/ppt/player/dashjs/index.html (128)
[230:230:0130/094504.405689:INFO:CONSOLE(128)] "currentLatencynow: 72.085", source: file:///home/seluser/ppt/player/dashjs/index.html (128)
[230:230:0130/094505.405701:INFO:CONSOLE(128)] "currentLatencynow: 73.085", source: file:///home/seluser/ppt/player/dashjs/index.html (128)
[230:230:0130/094506.405779:INFO:CONSOLE(128)] "currentLatencynow: 74.085", source: file:///home/seluser/ppt/player/dashjs/index.html (128)
[230:230:0130/094507.405636:INFO:CONSOLE(128)] "currentLatencynow: 75.085", source: file:///home/seluser/ppt/player/dashjs/index.html (128)
[230:230:0130/094508.405697:INFO:CONSOLE(128)] "currentLatencynow: 76.085", source: file:///home/seluser/ppt/player/dashjs/index.html (128)
[230:230:0130/094509.405862:INFO:CONSOLE(128)] "currentLatencynow: 77.085", source: file:///home/seluser/ppt/player/dashjs/index.html (128)
[230:230:0130/094510.405757:INFO:CONSOLE(128)] "currentLatencynow: 78.085", source: file:///home/seluser/ppt/player/dashjs/index.html (128)
[230:230:0130/094511.405675:INFO:CONSOLE(128)] "currentLatencynow: 79.085", source: file:///home/seluser/ppt/player/dashjs/index.html (128)
[230:230:0130/094512.405605:INFO:CONSOLE(128)] "currentLatencynow: 80.085", source: file:///home/seluser/ppt/player/dashjs/index.html (128)
[230:230:0130/094513.405653:INFO:CONSOLE(128)] "currentLatencynow: 81.085", source: file:///home/seluser/ppt/player/dashjs/index.html (128)
[230:230:0130/094514.405607:INFO:CONSOLE(128)] "currentLatencynow: 82.085", source: file:///home/seluser/ppt/player/dashjs/index.html (128)
[230:230:0130/094515.405631:INFO:CONSOLE(128)] "currentLatencynow: 83.085", source: file:///home/seluser/ppt/player/dashjs/index.html (128)
[230:230:0130/094516.405667:INFO:CONSOLE(128)] "currentLatencynow: 84.085", source: file:///home/seluser/ppt/player/dashjs/index.html (128)
[230:230:0130/094517.405708:INFO:CONSOLE(128)] "currentLatencynow: 85.085", source: file:///home/seluser/ppt/player/dashjs/index.html (128)
[230:230:0130/094518.405653:INFO:CONSOLE(128)] "currentLatencynow: 86.085", source: file:///home/seluser/ppt/player/dashjs/index.html (128)
[230:230:0130/094519.405679:INFO:CONSOLE(114)] "Begin Player stistics 
", source: file:///home/seluser/ppt/player/dashjs/index.html (114)
[230:230:0130/094519.405864:INFO:CONSOLE(115)] "["stall",[["1.06","2.44",1.38]],[["2.83","3.08",0.25]],[["6.76","7.01",0.25]],[["14.20","14.45",0.25]],[["16.51","16.76",0.25]],[["29.82","30.07",0.25]],[["43.86","44.11",0.25]],[["49.83","50.08",0.25]],[["57.51","57.76",0.25]],[["61.36","61.37",0.00999999999999801]],[["availibleBW",[null],[null],[3759],[3759],[3759],[3759],[3759],[3758],[3758],[3758],[3758],[3758],[3761],[3761],[3764],[3764],[3765],[3765],[3765],[3767],[3767],[3767],[3766],[3766],[3766],[3767],[3767],[3767],[3768],[3768],[3768],[3768],[3769],[3769],[3768],[3768],[3768],[3768],[3768],[3767],[3767],[3767],[3767],[3767],[3767],[3769],[3769],[3773],[3773],[3774],[3774],[3774],[3769],[3769],[3766],[3766],[3766],[3761],[3761],[3761],[3758],[3758],[3758],[3758],[3758],[3758],[3758],[3758],[3758],[3758],[3758],[3758],[3758],[3758],[3758],[3758],[3758],[3758],[3758],[3758],[3758],[3758],[3758],[3758],[3758],[3758],[3758],[3758],[3758],[3758],[3758],[3758],[3758],[3758],[3758],[3758],[3758],[3758],[3758],[3758],[3758],[3758],[3758],[3758],[3758],[3758],[3758],[3758],[3758],[3758],[3758],[3758],[3758],[3758],[3758],[3758],[3758],[3758],[3758]]],[["currentBuffer",[0],[0],[0.057],[0.057],[0],[0],[0],[0.041],[0.041],[0.041],[0.041],[0.041],[1.331],[0.029],[1.443],[0.343],[2.011],[2.011],[2.011],[4.013],[3.412],[2.312],[3.214],[2.114],[1.014],[1.866],[0.841],[0],[0.57],[0],[0],[0],[1.976],[1.976],[3.978],[3.978],[3.198],[2.098],[0.998],[1.9],[0.741],[1.641],[0.745],[0],[0],[1.836],[0.836],[1.802],[0.72],[1.942],[1.942],[1.784],[2.768],[1.668],[2.522],[1.47],[0.37],[1.91],[1.91],[1.91],[3.912],[2.91],[1.792],[1.792],[1.792],[1.792],[1.792],[1.792],[1.792],[1.792],[1.792],[1.792],[1.792],[1.792],[1.792],[1.792],[1.792],[1.792],[1.792],[1.792],[1.792],[1.792],[1.792],[1.792],[1.792],[1.792],[1.792],[1.792],[1.792],[1.792],[1.792],[1.792],[1.792],[1.792],[1.792],[1.792],[1.792],[1.792],[1.792],[1.792],[1.792],[1.792],[1.792],[1.792],[1.792],[1.792],[1.792],[1.792],[1.792],[1.792],[1.792],[1.792],[1.792],[1.792],[1.792],[1.792],[1.792],[1.792],[1.792]]],[["currentLatency",[4.727],[5.727],[6.388],[7.388],[7.889],[7.889],[8.37],[9.37],[10.37],[11.37],[12.37],[13.37],[13.404],[13.356],[13.729],[13.629],[14.334],[15.334],[16.334],[17.334],[17.478],[17.378],[17.278],[17.178],[17.078],[17.004],[16.904],[16.87],[16.87],[17.289],[18.289],[19.289],[20.289],[21.289],[22.289],[23.289],[23.323],[23.223],[23.123],[23.023],[22.923],[22.883],[22.883],[23.265],[24.265],[25.009],[25.009],[24.978],[24.878],[25.243],[26.243],[26.926],[26.892],[26.792],[26.692],[26.592],[26.492],[27.205],[28.205],[29.205],[30.205],[30.081],[30.085],[31.085],[32.085],[33.085],[34.085],[35.085],[36.085],[37.085],[38.085],[39.085],[40.085],[41.085],[42.085],[43.085],[44.085],[45.085],[46.085],[47.085],[48.085],[49.085],[50.085],[51.085],[52.085],[53.085],[54.085],[55.085],[56.085],[57.085],[58.085],[59.085],[60.085],[61.085],[62.085],[63.085],[64.085],[65.085],[66.085],[67.085],[68.085],[69.085],[70.085],[71.085],[72.085],[73.085],[74.085],[75.085],[76.085],[77.085],[78.085],[79.085],[80.085],[81.085],[82.085],[83.085],[84.085],[85.085],[86.085]]]]", source: file:///home/seluser/ppt/player/dashjs/index.html (115)
[230:230:0130/094519.405952:INFO:CONSOLE(116)] "
", source: file:///home/seluser/ppt/player/dashjs/index.html (116)
[230:230:0130/094519.405993:INFO:CONSOLE(117)] "Finish Player stistics 
", source: file:///home/seluser/ppt/player/dashjs/index.html (117)
[230:230:0130/094519.406027:INFO:CONSOLE(128)] "currentLatencynow: 87.085", source: file:///home/seluser/ppt/player/dashjs/index.html (128)
[230:230:0130/094520.405662:INFO:CONSOLE(128)] "currentLatencynow: 88.085", source: file:///home/seluser/ppt/player/dashjs/index.html (128)
[230:230:0130/094521.405763:INFO:CONSOLE(128)] "currentLatencynow: 89.085", source: file:///home/seluser/ppt/player/dashjs/index.html (128)
[230:230:0130/094522.405667:INFO:CONSOLE(128)] "currentLatencynow: 90.085", source: file:///home/seluser/ppt/player/dashjs/index.html (128)
[230:230:0130/094523.405684:INFO:CONSOLE(128)] "currentLatencynow: 91.085", source: file:///home/seluser/ppt/player/dashjs/index.html (128)
[230:230:0130/094524.405776:INFO:CONSOLE(128)] "currentLatencynow: 92.085", source: file:///home/seluser/ppt/player/dashjs/index.html (128)
[230:230:0130/094525.405772:INFO:CONSOLE(128)] "currentLatencynow: 93.085", source: file:///home/seluser/ppt/player/dashjs/index.html (128)
[230:230:0130/094526.405868:INFO:CONSOLE(128)] "currentLatencynow: 94.085", source: file:///home/seluser/ppt/player/dashjs/index.html (128)
[230:230:0130/094527.405635:INFO:CONSOLE(128)] "currentLatencynow: 95.085", source: file:///home/seluser/ppt/player/dashjs/index.html (128)
[230:230:0130/094528.405632:INFO:CONSOLE(128)] "currentLatencynow: 96.085", source: file:///home/seluser/ppt/player/dashjs/index.html (128)
[230:230:0130/094529.405630:INFO:CONSOLE(128)] "currentLatencynow: 97.085", source: file:///home/seluser/ppt/player/dashjs/index.html (128)
[230:230:0130/094530.405769:INFO:CONSOLE(128)] "currentLatencynow: 98.085", source: file:///home/seluser/ppt/player/dashjs/index.html (128)
[230:230:0130/094531.405579:INFO:CONSOLE(128)] "currentLatencynow: 99.085", source: file:///home/seluser/ppt/player/dashjs/index.html (128)
[230:230:0130/094532.405742:INFO:CONSOLE(128)] "currentLatencynow: 100.085", source: file:///home/seluser/ppt/player/dashjs/index.html (128)
[230:230:0130/094533.405864:INFO:CONSOLE(128)] "currentLatencynow: 101.085", source: file:///home/seluser/ppt/player/dashjs/index.html (128)
[230:230:0130/094534.405647:INFO:CONSOLE(128)] "currentLatencynow: 102.085", source: file:///home/seluser/ppt/player/dashjs/index.html (128)
[230:230:0130/094535.405589:INFO:CONSOLE(128)] "currentLatencynow: 103.085", source: file:///home/seluser/ppt/player/dashjs/index.html (128)
[230:230:0130/094536.405641:INFO:CONSOLE(128)] "currentLatencynow: 104.085", source: file:///home/seluser/ppt/player/dashjs/index.html (128)
[230:230:0130/094537.405622:INFO:CONSOLE(128)] "currentLatencynow: 105.085", source: file:///home/seluser/ppt/player/dashjs/index.html (128)
[230:230:0130/094538.405644:INFO:CONSOLE(128)] "currentLatencynow: 106.085", source: file:///home/seluser/ppt/player/dashjs/index.html (128)
[230:230:0130/094539.405705:INFO:CONSOLE(128)] "currentLatencynow: 107.085", source: file:///home/seluser/ppt/player/dashjs/index.html (128)
[230:230:0130/094540.405785:INFO:CONSOLE(128)] "currentLatencynow: 108.085", source: file:///home/seluser/ppt/player/dashjs/index.html (128)
[230:230:0130/094541.405743:INFO:CONSOLE(128)] "currentLatencynow: 109.085", source: file:///home/seluser/ppt/player/dashjs/index.html (128)
[230:230:0130/094542.405860:INFO:CONSOLE(128)] "currentLatencynow: 110.085", source: file:///home/seluser/ppt/player/dashjs/index.html (128)
[230:230:0130/094543.405684:INFO:CONSOLE(128)] "currentLatencynow: 111.085", source: file:///home/seluser/ppt/player/dashjs/index.html (128)
[230:230:0130/094544.405856:INFO:CONSOLE(128)] "currentLatencynow: 112.085", source: file:///home/seluser/ppt/player/dashjs/index.html (128)
[230:230:0130/094545.405796:INFO:CONSOLE(128)] "currentLatencynow: 113.085", source: file:///home/seluser/ppt/player/dashjs/index.html (128)
[230:230:0130/094546.405777:INFO:CONSOLE(128)] "currentLatencynow: 114.085", source: file:///home/seluser/ppt/player/dashjs/index.html (128)
[230:230:0130/094547.405889:INFO:CONSOLE(128)] "currentLatencynow: 115.085", source: file:///home/seluser/ppt/player/dashjs/index.html (128)
[230:230:0130/094548.405678:INFO:CONSOLE(128)] "currentLatencynow: 116.085", source: file:///home/seluser/ppt/player/dashjs/index.html (128)
[230:230:0130/094549.405911:INFO:CONSOLE(128)] "currentLatencynow: 117.085", source: file:///home/seluser/ppt/player/dashjs/index.html (128)
[230:230:0130/094550.405910:INFO:CONSOLE(128)] "currentLatencynow: 118.085", source: file:///home/seluser/ppt/player/dashjs/index.html (128)
[230:230:0130/094551.405883:INFO:CONSOLE(128)] "currentLatencynow: 119.085", source: file:///home/seluser/ppt/player/dashjs/index.html (128)
[230:230:0130/094552.405915:INFO:CONSOLE(128)] "currentLatencynow: 120.085", source: file:///home/seluser/ppt/player/dashjs/index.html (128)
[230:230:0130/094553.406652:INFO:CONSOLE(128)] "currentLatencynow: 121.085", source: file:///home/seluser/ppt/player/dashjs/index.html (128)
[230:230:0130/094554.405646:INFO:CONSOLE(128)] "currentLatencynow: 122.085", source: file:///home/seluser/ppt/player/dashjs/index.html (128)
[230:230:0130/094555.405892:INFO:CONSOLE(128)] "currentLatencynow: 123.085", source: file:///home/seluser/ppt/player/dashjs/index.html (128)
[230:230:0130/094556.405642:INFO:CONSOLE(128)] "currentLatencynow: 124.085", source: file:///home/seluser/ppt/player/dashjs/index.html (128)
[230:230:0130/094557.405702:INFO:CONSOLE(128)] "currentLatencynow: 125.085", source: file:///home/seluser/ppt/player/dashjs/index.html (128)
[230:230:0130/094558.405786:INFO:CONSOLE(128)] "currentLatencynow: 126.085", source: file:///home/seluser/ppt/player/dashjs/index.html (128)
[230:230:0130/094559.405778:INFO:CONSOLE(128)] "currentLatencynow: 127.085", source: file:///home/seluser/ppt/player/dashjs/index.html (128)
[230:230:0130/094600.405919:INFO:CONSOLE(128)] "currentLatencynow: 128.085", source: file:///home/seluser/ppt/player/dashjs/index.html (128)
[230:230:0130/094601.407208:INFO:CONSOLE(128)] "currentLatencynow: 129.085", source: file:///home/seluser/ppt/player/dashjs/index.html (128)
[230:230:0130/094602.406060:INFO:CONSOLE(128)] "currentLatencynow: 130.085", source: file:///home/seluser/ppt/player/dashjs/index.html (128)
[230:230:0130/094603.405613:INFO:CONSOLE(128)] "currentLatencynow: 131.085", source: file:///home/seluser/ppt/player/dashjs/index.html (128)
[230:230:0130/094604.405671:INFO:CONSOLE(128)] "currentLatencynow: 132.085", source: file:///home/seluser/ppt/player/dashjs/index.html (128)
[230:230:0130/094605.405678:INFO:CONSOLE(128)] "currentLatencynow: 133.085", source: file:///home/seluser/ppt/player/dashjs/index.html (128)
[230:230:0130/094606.405736:INFO:CONSOLE(128)] "currentLatencynow: 134.085", source: file:///home/seluser/ppt/player/dashjs/index.html (128)
[230:230:0130/094607.405622:INFO:CONSOLE(128)] "currentLatencynow: 135.085", source: file:///home/seluser/ppt/player/dashjs/index.html (128)
[230:230:0130/094608.405779:INFO:CONSOLE(128)] "currentLatencynow: 136.085", source: file:///home/seluser/ppt/player/dashjs/index.html (128)
[230:230:0130/094609.405620:INFO:CONSOLE(128)] "currentLatencynow: 137.085", source: file:///home/seluser/ppt/player/dashjs/index.html (128)
[230:230:0130/094610.405768:INFO:CONSOLE(128)] "currentLatencynow: 138.085", source: file:///home/seluser/ppt/player/dashjs/index.html (128)
[230:230:0130/094611.405884:INFO:CONSOLE(128)] "currentLatencynow: 139.085", source: file:///home/seluser/ppt/player/dashjs/index.html (128)
[230:230:0130/094612.405789:INFO:CONSOLE(128)] "currentLatencynow: 140.085", source: file:///home/seluser/ppt/player/dashjs/index.html (128)
[230:230:0130/094613.405663:INFO:CONSOLE(128)] "currentLatencynow: 141.085", source: file:///home/seluser/ppt/player/dashjs/index.html (128)
[230:230:0130/094614.405717:INFO:CONSOLE(128)] "currentLatencynow: 142.085", source: file:///home/seluser/ppt/player/dashjs/index.html (128)
[230:230:0130/094615.405736:INFO:CONSOLE(128)] "currentLatencynow: 143.085", source: file:///home/seluser/ppt/player/dashjs/index.html (128)
[230:230:0130/094616.405728:INFO:CONSOLE(128)] "currentLatencynow: 144.085", source: file:///home/seluser/ppt/player/dashjs/index.html (128)
[230:230:0130/094617.405751:INFO:CONSOLE(128)] "currentLatencynow: 145.085", source: file:///home/seluser/ppt/player/dashjs/index.html (128)
[230:230:0130/094618.405595:INFO:CONSOLE(128)] "currentLatencynow: 146.085", source: file:///home/seluser/ppt/player/dashjs/index.html (128)
[230:230:0130/094619.405666:INFO:CONSOLE(128)] "currentLatencynow: 147.085", source: file:///home/seluser/ppt/player/dashjs/index.html (128)
[230:230:0130/094619.500645:WARNING:pref_notifier_impl.cc(40)] Pref observer for media_router.cast_allow_all_ips found at shutdown.
