[229:293:0130/102609.972648:ERROR:bus.cc(392)] Failed to connect to the bus: Failed to connect to socket /var/run/dbus/system_bus_socket: No such file or directory
[229:256:0130/102609.975500:ERROR:bus.cc(392)] Failed to connect to the bus: Address does not contain a colon
[229:256:0130/102609.975564:ERROR:bus.cc(392)] Failed to connect to the bus: Address does not contain a colon
[229:256:0130/102609.990666:ERROR:bus.cc(392)] Failed to connect to the bus: Address does not contain a colon
[229:256:0130/102609.990713:ERROR:bus.cc(392)] Failed to connect to the bus: Address does not contain a colon
[300:300:0130/102609.991165:ERROR:gpu_init.cc(453)] Passthrough is not supported, GL is swiftshader, ANGLE is 
[229:256:0130/102610.012664:ERROR:bus.cc(392)] Failed to connect to the bus: Address does not contain a colon
[229:256:0130/102610.012713:ERROR:bus.cc(392)] Failed to connect to the bus: Address does not contain a colon
[229:393:0130/102610.113472:ERROR:bus.cc(392)] Failed to connect to the bus: Failed to connect to socket /var/run/dbus/system_bus_socket: No such file or directory
[229:393:0130/102610.113551:ERROR:bus.cc(392)] Failed to connect to the bus: Failed to connect to socket /var/run/dbus/system_bus_socket: No such file or directory
[229:393:0130/102610.113617:ERROR:bus.cc(392)] Failed to connect to the bus: Failed to connect to socket /var/run/dbus/system_bus_socket: No such file or directory
[229:393:0130/102610.113634:WARNING:property.cc(144)] DaemonVersion: GetAndBlock: failed.
[229:393:0130/102610.113679:ERROR:bus.cc(392)] Failed to connect to the bus: Failed to connect to socket /var/run/dbus/system_bus_socket: No such file or directory
[229:393:0130/102610.113723:ERROR:bus.cc(392)] Failed to connect to the bus: Failed to connect to socket /var/run/dbus/system_bus_socket: No such file or directory
[229:229:0130/102611.388230:INFO:CONSOLE(128)] "currentLatencynow: 0", source: file:///home/seluser/ppt/player/dashjs/index.html (128)
[229:325:0130/102612.192741:ERROR:chrome_browser_main_extra_parts_metrics.cc(228)] crbug.com/1216328: Checking Bluetooth availability started. Please report if there is no report that this ends.
[229:325:0130/102612.192782:ERROR:chrome_browser_main_extra_parts_metrics.cc(231)] crbug.com/1216328: Checking Bluetooth availability ended.
[229:325:0130/102612.192795:ERROR:chrome_browser_main_extra_parts_metrics.cc(234)] crbug.com/1216328: Checking default browser status started. Please report if there is no report that this ends.
[229:325:0130/102612.372941:ERROR:chrome_browser_main_extra_parts_metrics.cc(238)] crbug.com/1216328: Checking default browser status ended.
[229:229:0130/102612.388037:INFO:CONSOLE(128)] "currentLatencynow: 0", source: file:///home/seluser/ppt/player/dashjs/index.html (128)
[620:620:0130/102612.626697:WARNING:audio_manager_linux.cc(69)] Falling back to ALSA for audio output. PulseAudio is not available or could not be initialized.
[620:620:0130/102612.644098:ERROR:alsa_util.cc(204)] PcmOpen: default,No such file or directory
[620:620:0130/102612.644234:ERROR:alsa_util.cc(204)] PcmOpen: plug:default,No such file or directory
[229:229:0130/102613.388003:INFO:CONSOLE(128)] "currentLatencynow: 6.355", source: file:///home/seluser/ppt/player/dashjs/index.html (128)
[229:229:0130/102614.388088:INFO:CONSOLE(128)] "currentLatencynow: 7.355", source: file:///home/seluser/ppt/player/dashjs/index.html (128)
[229:229:0130/102615.388020:INFO:CONSOLE(128)] "currentLatencynow: 8.355", source: file:///home/seluser/ppt/player/dashjs/index.html (128)
[229:229:0130/102616.388185:INFO:CONSOLE(128)] "currentLatencynow: 9.355", source: file:///home/seluser/ppt/player/dashjs/index.html (128)
[229:229:0130/102617.388090:INFO:CONSOLE(128)] "currentLatencynow: 10.355", source: file:///home/seluser/ppt/player/dashjs/index.html (128)
[229:229:0130/102618.388140:INFO:CONSOLE(128)] "currentLatencynow: 11.355", source: file:///home/seluser/ppt/player/dashjs/index.html (128)
[229:229:0130/102619.388295:INFO:CONSOLE(128)] "currentLatencynow: 12.355", source: file:///home/seluser/ppt/player/dashjs/index.html (128)
[229:256:0130/102619.548434:ERROR:bus.cc(392)] Failed to connect to the bus: Address does not contain a colon
[229:256:0130/102619.548520:ERROR:bus.cc(392)] Failed to connect to the bus: Address does not contain a colon
[229:256:0130/102619.548532:ERROR:bus.cc(392)] Failed to connect to the bus: Address does not contain a colon
[229:256:0130/102619.548544:ERROR:bus.cc(392)] Failed to connect to the bus: Address does not contain a colon
[229:256:0130/102619.548567:ERROR:bus.cc(392)] Failed to connect to the bus: Address does not contain a colon
[229:256:0130/102619.548594:ERROR:bus.cc(392)] Failed to connect to the bus: Address does not contain a colon
[229:256:0130/102619.548608:ERROR:bus.cc(392)] Failed to connect to the bus: Address does not contain a colon
[229:256:0130/102619.548626:ERROR:bus.cc(392)] Failed to connect to the bus: Address does not contain a colon
[229:256:0130/102619.548639:ERROR:bus.cc(392)] Failed to connect to the bus: Address does not contain a colon
[229:256:0130/102619.548659:ERROR:bus.cc(392)] Failed to connect to the bus: Address does not contain a colon
[229:256:0130/102619.548675:ERROR:bus.cc(392)] Failed to connect to the bus: Address does not contain a colon
[229:256:0130/102619.548692:ERROR:bus.cc(392)] Failed to connect to the bus: Address does not contain a colon
[229:256:0130/102619.548712:ERROR:bus.cc(392)] Failed to connect to the bus: Address does not contain a colon
[229:256:0130/102619.548732:ERROR:bus.cc(392)] Failed to connect to the bus: Address does not contain a colon
[229:256:0130/102619.549665:ERROR:bus.cc(392)] Failed to connect to the bus: Address does not contain a colon
[229:256:0130/102619.550139:ERROR:bus.cc(392)] Failed to connect to the bus: Address does not contain a colon
[229:256:0130/102619.550161:ERROR:bus.cc(392)] Failed to connect to the bus: Address does not contain a colon
[229:256:0130/102619.589614:ERROR:bus.cc(392)] Failed to connect to the bus: Address does not contain a colon
[229:256:0130/102619.589665:ERROR:bus.cc(392)] Failed to connect to the bus: Address does not contain a colon
[229:229:0130/102620.388127:INFO:CONSOLE(128)] "currentLatencynow: 12.538", source: file:///home/seluser/ppt/player/dashjs/index.html (128)
[229:229:0130/102621.388066:INFO:CONSOLE(128)] "currentLatencynow: 12.831", source: file:///home/seluser/ppt/player/dashjs/index.html (128)
[229:229:0130/102622.388131:INFO:CONSOLE(128)] "currentLatencynow: 13.831", source: file:///home/seluser/ppt/player/dashjs/index.html (128)
[229:229:0130/102623.388160:INFO:CONSOLE(128)] "currentLatencynow: 14.831", source: file:///home/seluser/ppt/player/dashjs/index.html (128)
[229:229:0130/102624.387991:INFO:CONSOLE(128)] "currentLatencynow: 15.737", source: file:///home/seluser/ppt/player/dashjs/index.html (128)
[229:256:0130/102624.464796:ERROR:bus.cc(392)] Failed to connect to the bus: Address does not contain a colon
[229:256:0130/102624.464880:ERROR:bus.cc(392)] Failed to connect to the bus: Address does not contain a colon
[229:229:0130/102625.388226:INFO:CONSOLE(128)] "currentLatencynow: 15.801", source: file:///home/seluser/ppt/player/dashjs/index.html (128)
[229:229:0130/102626.388116:INFO:CONSOLE(128)] "currentLatencynow: 15.804", source: file:///home/seluser/ppt/player/dashjs/index.html (128)
[229:229:0130/102627.388202:INFO:CONSOLE(128)] "currentLatencynow: 16.804", source: file:///home/seluser/ppt/player/dashjs/index.html (128)
[229:229:0130/102628.387931:INFO:CONSOLE(128)] "currentLatencynow: 17.804", source: file:///home/seluser/ppt/player/dashjs/index.html (128)
[229:229:0130/102629.388139:INFO:CONSOLE(128)] "currentLatencynow: 18.804", source: file:///home/seluser/ppt/player/dashjs/index.html (128)
[229:229:0130/102630.388042:INFO:CONSOLE(128)] "currentLatencynow: 19.804", source: file:///home/seluser/ppt/player/dashjs/index.html (128)
[229:229:0130/102631.388315:INFO:CONSOLE(128)] "currentLatencynow: 20.804", source: file:///home/seluser/ppt/player/dashjs/index.html (128)
[229:229:0130/102632.387980:INFO:CONSOLE(128)] "currentLatencynow: 21.804", source: file:///home/seluser/ppt/player/dashjs/index.html (128)
[229:229:0130/102633.388138:INFO:CONSOLE(128)] "currentLatencynow: 22.804", source: file:///home/seluser/ppt/player/dashjs/index.html (128)
[229:229:0130/102634.387969:INFO:CONSOLE(128)] "currentLatencynow: 23.804", source: file:///home/seluser/ppt/player/dashjs/index.html (128)
[229:229:0130/102635.388118:INFO:CONSOLE(128)] "currentLatencynow: 24.804", source: file:///home/seluser/ppt/player/dashjs/index.html (128)
[229:229:0130/102636.387981:INFO:CONSOLE(128)] "currentLatencynow: 25.804", source: file:///home/seluser/ppt/player/dashjs/index.html (128)
[229:229:0130/102637.387994:INFO:CONSOLE(128)] "currentLatencynow: 26.804", source: file:///home/seluser/ppt/player/dashjs/index.html (128)
[229:229:0130/102638.387929:INFO:CONSOLE(128)] "currentLatencynow: 27.804", source: file:///home/seluser/ppt/player/dashjs/index.html (128)
[229:229:0130/102639.388087:INFO:CONSOLE(128)] "currentLatencynow: 28.804", source: file:///home/seluser/ppt/player/dashjs/index.html (128)
[229:229:0130/102640.388099:INFO:CONSOLE(128)] "currentLatencynow: 29.804", source: file:///home/seluser/ppt/player/dashjs/index.html (128)
[229:229:0130/102641.388063:INFO:CONSOLE(128)] "currentLatencynow: 30.468", source: file:///home/seluser/ppt/player/dashjs/index.html (128)
[229:229:0130/102642.388093:INFO:CONSOLE(128)] "currentLatencynow: 31.468", source: file:///home/seluser/ppt/player/dashjs/index.html (128)
[229:229:0130/102643.388058:INFO:CONSOLE(128)] "currentLatencynow: 32.468", source: file:///home/seluser/ppt/player/dashjs/index.html (128)
[229:229:0130/102644.388136:INFO:CONSOLE(128)] "currentLatencynow: 33.468", source: file:///home/seluser/ppt/player/dashjs/index.html (128)
[229:229:0130/102645.388001:INFO:CONSOLE(128)] "currentLatencynow: 34.468", source: file:///home/seluser/ppt/player/dashjs/index.html (128)
[229:229:0130/102646.387969:INFO:CONSOLE(128)] "currentLatencynow: 35.468", source: file:///home/seluser/ppt/player/dashjs/index.html (128)
[229:229:0130/102647.388049:INFO:CONSOLE(128)] "currentLatencynow: 36.468", source: file:///home/seluser/ppt/player/dashjs/index.html (128)
[229:229:0130/102648.388034:INFO:CONSOLE(128)] "currentLatencynow: 37.468", source: file:///home/seluser/ppt/player/dashjs/index.html (128)
[229:229:0130/102649.388043:INFO:CONSOLE(128)] "currentLatencynow: 38.468", source: file:///home/seluser/ppt/player/dashjs/index.html (128)
[229:229:0130/102650.388023:INFO:CONSOLE(128)] "currentLatencynow: 39.468", source: file:///home/seluser/ppt/player/dashjs/index.html (128)
[229:229:0130/102651.387979:INFO:CONSOLE(128)] "currentLatencynow: 40.468", source: file:///home/seluser/ppt/player/dashjs/index.html (128)
[229:229:0130/102652.387985:INFO:CONSOLE(128)] "currentLatencynow: 41.468", source: file:///home/seluser/ppt/player/dashjs/index.html (128)
[229:229:0130/102653.387970:INFO:CONSOLE(128)] "currentLatencynow: 42.468", source: file:///home/seluser/ppt/player/dashjs/index.html (128)
[229:229:0130/102654.387956:INFO:CONSOLE(128)] "currentLatencynow: 43.468", source: file:///home/seluser/ppt/player/dashjs/index.html (128)
[229:229:0130/102655.387980:INFO:CONSOLE(128)] "currentLatencynow: 44.468", source: file:///home/seluser/ppt/player/dashjs/index.html (128)
[229:229:0130/102656.387965:INFO:CONSOLE(128)] "currentLatencynow: 45.468", source: file:///home/seluser/ppt/player/dashjs/index.html (128)
[229:229:0130/102657.387987:INFO:CONSOLE(128)] "currentLatencynow: 46.468", source: file:///home/seluser/ppt/player/dashjs/index.html (128)
[229:229:0130/102658.388081:INFO:CONSOLE(128)] "currentLatencynow: 47.468", source: file:///home/seluser/ppt/player/dashjs/index.html (128)
[229:229:0130/102659.387990:INFO:CONSOLE(128)] "currentLatencynow: 48.468", source: file:///home/seluser/ppt/player/dashjs/index.html (128)
[229:229:0130/102700.387944:INFO:CONSOLE(128)] "currentLatencynow: 49.468", source: file:///home/seluser/ppt/player/dashjs/index.html (128)
[229:229:0130/102701.387942:INFO:CONSOLE(128)] "currentLatencynow: 50.468", source: file:///home/seluser/ppt/player/dashjs/index.html (128)
[229:229:0130/102702.387935:INFO:CONSOLE(128)] "currentLatencynow: 51.468", source: file:///home/seluser/ppt/player/dashjs/index.html (128)
[229:229:0130/102703.387945:INFO:CONSOLE(128)] "currentLatencynow: 52.468", source: file:///home/seluser/ppt/player/dashjs/index.html (128)
[229:229:0130/102704.388011:INFO:CONSOLE(128)] "currentLatencynow: 53.468", source: file:///home/seluser/ppt/player/dashjs/index.html (128)
[229:229:0130/102705.388122:INFO:CONSOLE(128)] "currentLatencynow: 54.468", source: file:///home/seluser/ppt/player/dashjs/index.html (128)
[229:229:0130/102706.388036:INFO:CONSOLE(128)] "currentLatencynow: 55.468", source: file:///home/seluser/ppt/player/dashjs/index.html (128)
[229:229:0130/102707.388036:INFO:CONSOLE(128)] "currentLatencynow: 56.468", source: file:///home/seluser/ppt/player/dashjs/index.html (128)
[229:229:0130/102708.388074:INFO:CONSOLE(128)] "currentLatencynow: 57.468", source: file:///home/seluser/ppt/player/dashjs/index.html (128)
[229:229:0130/102709.388073:INFO:CONSOLE(128)] "currentLatencynow: 58.468", source: file:///home/seluser/ppt/player/dashjs/index.html (128)
[229:229:0130/102710.387982:INFO:CONSOLE(128)] "currentLatencynow: 59.468", source: file:///home/seluser/ppt/player/dashjs/index.html (128)
[229:229:0130/102711.388010:INFO:CONSOLE(128)] "currentLatencynow: 60.468", source: file:///home/seluser/ppt/player/dashjs/index.html (128)
[229:229:0130/102712.388143:INFO:CONSOLE(128)] "currentLatencynow: 61.468", source: file:///home/seluser/ppt/player/dashjs/index.html (128)
[229:229:0130/102713.388043:INFO:CONSOLE(128)] "currentLatencynow: 62.468", source: file:///home/seluser/ppt/player/dashjs/index.html (128)
[229:229:0130/102714.388211:INFO:CONSOLE(128)] "currentLatencynow: 63.468", source: file:///home/seluser/ppt/player/dashjs/index.html (128)
[229:229:0130/102715.388084:INFO:CONSOLE(128)] "currentLatencynow: 64.468", source: file:///home/seluser/ppt/player/dashjs/index.html (128)
[229:229:0130/102716.388138:INFO:CONSOLE(128)] "currentLatencynow: 65.468", source: file:///home/seluser/ppt/player/dashjs/index.html (128)
[229:229:0130/102717.388174:INFO:CONSOLE(128)] "currentLatencynow: 66.468", source: file:///home/seluser/ppt/player/dashjs/index.html (128)
[229:229:0130/102718.388376:INFO:CONSOLE(128)] "currentLatencynow: 67.468", source: file:///home/seluser/ppt/player/dashjs/index.html (128)
[229:229:0130/102719.388137:INFO:CONSOLE(128)] "currentLatencynow: 68.468", source: file:///home/seluser/ppt/player/dashjs/index.html (128)
[229:229:0130/102720.388227:INFO:CONSOLE(128)] "currentLatencynow: 69.468", source: file:///home/seluser/ppt/player/dashjs/index.html (128)
[229:229:0130/102721.388265:INFO:CONSOLE(128)] "currentLatencynow: 70.468", source: file:///home/seluser/ppt/player/dashjs/index.html (128)
[229:229:0130/102722.388069:INFO:CONSOLE(128)] "currentLatencynow: 71.468", source: file:///home/seluser/ppt/player/dashjs/index.html (128)
[229:229:0130/102723.388240:INFO:CONSOLE(128)] "currentLatencynow: 72.468", source: file:///home/seluser/ppt/player/dashjs/index.html (128)
[229:229:0130/102724.388217:INFO:CONSOLE(128)] "currentLatencynow: 73.468", source: file:///home/seluser/ppt/player/dashjs/index.html (128)
[229:229:0130/102725.388204:INFO:CONSOLE(128)] "currentLatencynow: 74.468", source: file:///home/seluser/ppt/player/dashjs/index.html (128)
[229:229:0130/102726.388192:INFO:CONSOLE(128)] "currentLatencynow: 75.468", source: file:///home/seluser/ppt/player/dashjs/index.html (128)
[229:229:0130/102727.388159:INFO:CONSOLE(128)] "currentLatencynow: 76.468", source: file:///home/seluser/ppt/player/dashjs/index.html (128)
[229:229:0130/102728.388204:INFO:CONSOLE(128)] "currentLatencynow: 77.468", source: file:///home/seluser/ppt/player/dashjs/index.html (128)
[229:229:0130/102729.388061:INFO:CONSOLE(128)] "currentLatencynow: 78.468", source: file:///home/seluser/ppt/player/dashjs/index.html (128)
[229:229:0130/102730.388100:INFO:CONSOLE(128)] "currentLatencynow: 79.468", source: file:///home/seluser/ppt/player/dashjs/index.html (128)
[229:229:0130/[229:229:0130/102910.388160:INFO:CONSOLE(128)] "currentLatencynow: 179.468", source: file:///home/seluser/ppt/player/dashjs/index.html (128)
[229:229:0130/102910.511268:WARNING:pref_notifier_impl.cc(40)] Pref observer for media_router.cast_allow_all_ips found at shutdown.
