[230:294:0130/102621.228813:ERROR:bus.cc(392)] Failed to connect to the bus: Failed to connect to socket /var/run/dbus/system_bus_socket: No such file or directory
[230:257:0130/102621.231136:ERROR:bus.cc(392)] Failed to connect to the bus: Address does not contain a colon
[230:257:0130/102621.231861:ERROR:bus.cc(392)] Failed to connect to the bus: Address does not contain a colon
[301:301:0130/102621.250297:ERROR:gpu_init.cc(453)] Passthrough is not supported, GL is swiftshader, ANGLE is 
[230:257:0130/102621.255074:ERROR:bus.cc(392)] Failed to connect to the bus: Address does not contain a colon
[230:257:0130/102621.255151:ERROR:bus.cc(392)] Failed to connect to the bus: Address does not contain a colon
[230:257:0130/102621.292166:ERROR:bus.cc(392)] Failed to connect to the bus: Address does not contain a colon
[230:257:0130/102621.292231:ERROR:bus.cc(392)] Failed to connect to the bus: Address does not contain a colon
[230:393:0130/102621.386664:ERROR:bus.cc(392)] Failed to connect to the bus: Failed to connect to socket /var/run/dbus/system_bus_socket: No such file or directory
[230:393:0130/102621.386757:ERROR:bus.cc(392)] Failed to connect to the bus: Failed to connect to socket /var/run/dbus/system_bus_socket: No such file or directory
[230:393:0130/102621.386833:ERROR:bus.cc(392)] Failed to connect to the bus: Failed to connect to socket /var/run/dbus/system_bus_socket: No such file or directory
[230:393:0130/102621.386856:WARNING:property.cc(144)] DaemonVersion: GetAndBlock: failed.
[230:393:0130/102621.386895:ERROR:bus.cc(392)] Failed to connect to the bus: Failed to connect to socket /var/run/dbus/system_bus_socket: No such file or directory
[230:393:0130/102621.387116:ERROR:bus.cc(392)] Failed to connect to the bus: Failed to connect to socket /var/run/dbus/system_bus_socket: No such file or directory
[230:230:0130/102622.752164:INFO:CONSOLE(128)] "currentLatencynow: NaN", source: file:///home/seluser/ppt/player/dashjs/index.html (128)
[230:320:0130/102623.547759:ERROR:chrome_browser_main_extra_parts_metrics.cc(228)] crbug.com/1216328: Checking Bluetooth availability started. Please report if there is no report that this ends.
[230:320:0130/102623.547809:ERROR:chrome_browser_main_extra_parts_metrics.cc(231)] crbug.com/1216328: Checking Bluetooth availability ended.
[230:320:0130/102623.547825:ERROR:chrome_browser_main_extra_parts_metrics.cc(234)] crbug.com/1216328: Checking default browser status started. Please report if there is no report that this ends.
[230:320:0130/102623.737595:ERROR:chrome_browser_main_extra_parts_metrics.cc(238)] crbug.com/1216328: Checking default browser status ended.
[230:230:0130/102623.752014:INFO:CONSOLE(128)] "currentLatencynow: NaN", source: file:///home/seluser/ppt/player/dashjs/index.html (128)
[230:230:0130/102624.751885:INFO:CONSOLE(128)] "currentLatencynow: NaN", source: file:///home/seluser/ppt/player/dashjs/index.html (128)
[230:230:0130/102625.751726:INFO:CONSOLE(128)] "currentLatencynow: NaN", source: file:///home/seluser/ppt/player/dashjs/index.html (128)
[230:230:0130/102626.751730:INFO:CONSOLE(128)] "currentLatencynow: NaN", source: file:///home/seluser/ppt/player/dashjs/index.html (128)
[230:230:0130/102627.751612:INFO:CONSOLE(128)] "currentLatencynow: 0", source: file:///home/seluser/ppt/player/dashjs/index.html (128)
[230:230:0130/102628.751683:INFO:CONSOLE(128)] "currentLatencynow: 0", source: file:///home/seluser/ppt/player/dashjs/index.html (128)
[230:230:0130/102629.751771:INFO:CONSOLE(128)] "currentLatencynow: 0", source: file:///home/seluser/ppt/player/dashjs/index.html (128)
[230:230:0130/102630.751834:INFO:CONSOLE(128)] "currentLatencynow: 0", source: file:///home/seluser/ppt/player/dashjs/index.html (128)
[230:230:0130/102631.751941:INFO:CONSOLE(128)] "currentLatencynow: 0", source: file:///home/seluser/ppt/player/dashjs/index.html (128)
[230:230:0130/102632.751892:INFO:CONSOLE(128)] "currentLatencynow: 0", source: file:///home/seluser/ppt/player/dashjs/index.html (128)
[230:230:0130/102633.751695:INFO:CONSOLE(128)] "currentLatencynow: 0", source: file:///home/seluser/ppt/player/dashjs/index.html (128)
[230:230:0130/102634.751843:INFO:CONSOLE(128)] "currentLatencynow: 0", source: file:///home/seluser/ppt/player/dashjs/index.html (128)
[230:230:0130/102635.752155:INFO:CONSOLE(128)] "currentLatencynow: 0", source: file:///home/seluser/ppt/player/dashjs/index.html (128)
[635:635:0130/102635.960400:WARNING:audio_manager_linux.cc(69)] Falling back to ALSA for audio output. PulseAudio is not available or could not be initialized.
[635:635:0130/102635.966254:ERROR:alsa_util.cc(204)] PcmOpen: default,No such file or directory
[635:635:0130/102635.966380:ERROR:alsa_util.cc(204)] PcmOpen: plug:default,No such file or directory
[230:230:0130/102636.752122:INFO:CONSOLE(128)] "currentLatencynow: 13.104", source: file:///home/seluser/ppt/player/dashjs/index.html (128)
[230:230:0130/102637.751788:INFO:CONSOLE(128)] "currentLatencynow: 14.104", source: file:///home/seluser/ppt/player/dashjs/index.html (128)
[230:230:0130/102638.751810:INFO:CONSOLE(128)] "currentLatencynow: 15.104", source: file:///home/seluser/ppt/player/dashjs/index.html (128)
[230:230:0130/102639.751794:INFO:CONSOLE(128)] "currentLatencynow: 16.104", source: file:///home/seluser/ppt/player/dashjs/index.html (128)
[230:230:0130/102640.751760:INFO:CONSOLE(128)] "currentLatencynow: 17.104", source: file:///home/seluser/ppt/player/dashjs/index.html (128)
[230:257:0130/102641.234184:ERROR:bus.cc(392)] Failed to connect to the bus: Address does not contain a colon
[230:257:0130/102641.234264:ERROR:bus.cc(392)] Failed to connect to the bus: Address does not contain a colon
[230:257:0130/102641.234280:ERROR:bus.cc(392)] Failed to connect to the bus: Address does not contain a colon
[230:257:0130/102641.234299:ERROR:bus.cc(392)] Failed to connect to the bus: Address does not contain a colon
[230:257:0130/102641.234316:ERROR:bus.cc(392)] Failed to connect to the bus: Address does not contain a colon
[230:257:0130/102641.234332:ERROR:bus.cc(392)] Failed to connect to the bus: Address does not contain a colon
[230:257:0130/102641.234351:ERROR:bus.cc(392)] Failed to connect to the bus: Address does not contain a colon
[230:257:0130/102641.234365:ERROR:bus.cc(392)] Failed to connect to the bus: Address does not contain a colon
[230:257:0130/102641.234380:ERROR:bus.cc(392)] Failed to connect to the bus: Address does not contain a colon
[230:257:0130/102641.234401:ERROR:bus.cc(392)] Failed to connect to the bus: Address does not contain a colon
[230:257:0130/102641.234419:ERROR:bus.cc(392)] Failed to connect to the bus: Address does not contain a colon
[230:257:0130/102641.234435:ERROR:bus.cc(392)] Failed to connect to the bus: Address does not contain a colon
[230:257:0130/102641.234454:ERROR:bus.cc(392)] Failed to connect to the bus: Address does not contain a colon
[230:257:0130/102641.234467:ERROR:bus.cc(392)] Failed to connect to the bus: Address does not contain a colon
[230:257:0130/102641.239244:ERROR:bus.cc(392)] Failed to connect to the bus: Address does not contain a colon
[230:257:0130/102641.239304:ERROR:bus.cc(392)] Failed to connect to the bus: Address does not contain a colon
[230:257:0130/102641.239326:ERROR:bus.cc(392)] Failed to connect to the bus: Address does not contain a colon
[230:257:0130/102641.309026:ERROR:bus.cc(392)] Failed to connect to the bus: Address does not contain a colon
[230:257:0130/102641.309077:ERROR:bus.cc(392)] Failed to connect to the bus: Address does not contain a colon
[230:230:0130/102641.751862:INFO:CONSOLE(128)] "currentLatencynow: 17.619", source: file:///home/seluser/ppt/player/dashjs/index.html (128)
[230:230:0130/102642.751806:INFO:CONSOLE(128)] "currentLatencynow: 18.163", source: file:///home/seluser/ppt/player/dashjs/index.html (128)
[230:230:0130/102643.751963:INFO:CONSOLE(128)] "currentLatencynow: 19.163", source: file:///home/seluser/ppt/player/dashjs/index.html (128)
[230:230:0130/102644.751733:INFO:CONSOLE(128)] "currentLatencynow: 20.163", source: file:///home/seluser/ppt/player/dashjs/index.html (128)
[230:230:0130/102645.751761:INFO:CONSOLE(128)] "currentLatencynow: 21.163", source: file:///home/seluser/ppt/player/dashjs/index.html (128)
[230:230:0130/102646.751662:INFO:CONSOLE(128)] "currentLatencynow: 22.163", source: file:///home/seluser/ppt/player/dashjs/index.html (128)
[230:230:0130/102647.751736:INFO:CONSOLE(128)] "currentLatencynow: 23.163", source: file:///home/seluser/ppt/player/dashjs/index.html (128)
[230:230:0130/102648.751724:INFO:CONSOLE(128)] "currentLatencynow: 24.163", source: file:///home/seluser/ppt/player/dashjs/index.html (128)
[230:257:0130/102649.053652:ERROR:bus.cc(392)] Failed to connect to the bus: Address does not contain a colon
[230:257:0130/102649.053720:ERROR:bus.cc(392)] Failed to connect to the bus: Address does not contain a colon
[230:230:0130/102649.751674:INFO:CONSOLE(128)] "currentLatencynow: 24.418", source: file:///home/seluser/ppt/player/dashjs/index.html (128)
[230:230:0130/102650.751683:INFO:CONSOLE(128)] "currentLatencynow: 24.418", source: file:///home/seluser/ppt/player/dashjs/index.html (128)
[230:230:0130/102651.751566:INFO:CONSOLE(128)] "currentLatencynow: 25.14", source: file:///home/seluser/ppt/player/dashjs/index.html (128)
[230:230:0130/102652.751731:INFO:CONSOLE(128)] "currentLatencynow: 26.14", source: file:///home/seluser/ppt/player/dashjs/index.html (128)
[230:230:0130/102653.751562:INFO:CONSOLE(128)] "currentLatencynow: 27.14", source: file:///home/seluser/ppt/player/dashjs/index.html (128)
[230:230:0130/102654.751674:INFO:CONSOLE(128)] "currentLatencynow: 28.14", source: file:///home/seluser/ppt/player/dashjs/index.html (128)
[230:230:0130/102655.751709:INFO:CONSOLE(128)] "currentLatencynow: 29.14", source: file:///home/seluser/ppt/player/dashjs/index.html (128)
[230:257:0130/102655.862734:ERROR:bus.cc(392)] Failed to connect to the bus: Address does not contain a colon
[230:257:0130/102655.862814:ERROR:bus.cc(392)] Failed to connect to the bus: Address does not contain a colon
[230:230:0130/102656.751634:INFO:CONSOLE(128)] "currentLatencynow: 29.11", source: file:///home/seluser/ppt/player/dashjs/index.html (128)
[230:230:0130/102657.751718:INFO:CONSOLE(128)] "currentLatencynow: 29.135", source: file:///home/seluser/ppt/player/dashjs/index.html (128)
[230:230:0130/102658.751773:INFO:CONSOLE(128)] "currentLatencynow: 29.4", source: file:///home/seluser/ppt/player/dashjs/index.html (128)
[230:230:0130/102659.751741:INFO:CONSOLE(128)] "currentLatencynow: 29.3", source: file:///home/seluser/ppt/player/dashjs/index.html (128)
[230:230:0130/102700.751531:INFO:CONSOLE(128)] "currentLatencynow: 29.2", source: file:///home/seluser/ppt/player/dashjs/index.html (128)
[230:230:0130/102701.751735:INFO:CONSOLE(128)] "currentLatencynow: 29.1", source: file:///home/seluser/ppt/player/dashjs/index.html (128)
[230:230:0130/102702.751813:INFO:CONSOLE(128)] "currentLatencynow: 29", source: file:///home/seluser/ppt/player/dashjs/index.html (128)
[230:230:0130/102703.751652:INFO:CONSOLE(128)] "currentLatencynow: 28.901", source: file:///home/seluser/ppt/player/dashjs/index.html (128)
[230:230:0130/102704.751813:INFO:CONSOLE(128)] "currentLatencynow: 28.8", source: file:///home/seluser/ppt/player/dashjs/index.html (128)
[230:230:0130/102705.751688:INFO:CONSOLE(128)] "currentLatencynow: 28.7", source: file:///home/seluser/ppt/player/dashjs/index.html (128)
[230:230:0130/102706.751760:INFO:CONSOLE(128)] "currentLatencynow: 28.601", source: file:///home/seluser/ppt/player/dashjs/index.html (128)
[230:230:0130/102707.751670:INFO:CONSOLE(128)] "currentLatencynow: 28.5", source: file:///home/seluser/ppt/player/dashjs/index.html (128)
[230:230:0130/102708.751597:INFO:CONSOLE(128)] "currentLatencynow: 28.4", source: file:///home/seluser/ppt/player/dashjs/index.html (128)
[230:230:0130/102709.751640:INFO:CONSOLE(128)] "currentLatencynow: 28.301", source: file:///home/seluser/ppt/player/dashjs/index.html (128)
[230:230:0130/102710.751815:INFO:CONSOLE(128)] "currentLatencynow: 28.204", source: file:///home/seluser/ppt/player/dashjs/index.html (128)
[230:230:0130/102711.751738:INFO:CONSOLE(128)] "currentLatencynow: 28.204", source: file:///home/seluser/ppt/player/dashjs/index.html (128)
[230:230:0130/102712.751755:INFO:CONSOLE(128)] "currentLatencynow: 28.204", source: file:///home/seluser/ppt/player/dashjs/index.html (128)
[230:230:0130/102713.751749:INFO:CONSOLE(128)] "currentLatencynow: 28.204", source: file:///home/seluser/ppt/player/dashjs/index.html (128)
[230:230:0130/102714.751747:INFO:CONSOLE(128)] "currentLatencynow: 28.204", source: file:///home/seluser/ppt/player/dashjs/index.html (128)
[230:230:0130/102715.751591:INFO:CONSOLE(128)] "currentLatencynow: 28.204", source: file:///home/seluser/ppt/player/dashjs/index.html (128)
[230:230:0130/102716.751687:INFO:CONSOLE(128)] "currentLatencynow: 28.2", source: file:///home/seluser/ppt/player/dashjs/index.html (128)
[230:230:0130/102717.751572:INFO:CONSOLE(128)] "currentLatencynow: 28.1", source: file:///home/seluser/ppt/player/dashjs/index.html (128)
[230:230:0130/102718.751598:INFO:CONSOLE(128)] "currentLatencynow: 28", source: file:///home/seluser/ppt/player/dashjs/index.html (128)
[230:230:0130/102719.751764:INFO:CONSOLE(128)] "currentLatencynow: 27.9", source: file:///home/seluser/ppt/player/dashjs/index.html (128)
[230:230:0130/102720.751594:INFO:CONSOLE(128)] "currentLatencynow: 27.8", source: file:///home/seluser/ppt/player/dashjs/index.html (128)
[230:230:0130/102721.751638:INFO:CONSOLE(128)] "currentLatencynow: 27.7", source: file:///home/seluser/ppt/player/dashjs/index.html (128)
[230:230:0130/102722.751656:INFO:CONSOLE(128)] "currentLatencynow: 27.6", source: file:///home/seluser/ppt/player/dashjs/index.html (128)
[230:230:0130/102723.751718:INFO:CONSOLE(128)] "currentLatencynow: 27.5", source: file:///home/seluser/ppt/player/dashjs/index.html (128)
[230:230:0130/102724.751854:INFO:CONSOLE(128)] "currentLatencynow: 27.4", source: file:///home/seluser/ppt/player/dashjs/index.html (128)
[230:230:0130/102725.752174:INFO:CONSOLE(128)] "currentLatencynow: 27.3", source: file:///home/seluser/ppt/player/dashjs/index.html (128)
[230:230:0130/102726.736524:INFO:CONSOLE(17687)] "[64995][FragmentController] No audio bytes to push or stream is inactive. ", source: https://reference.dashif.org/dash.js/v4.0.0/dist/dash.all.debug.js (17687)
[230:230:0130/102726.751725:INFO:CONSOLE(128)] "currentLatencynow: 27.2", source: file:///home/seluser/ppt/player/dashjs/index.html (128)
[230:230:0130/102727.751613:INFO:CONSOLE(128)] "currentLatencynow: 27.103", source: file:///home/seluser/ppt/player/dashjs/index.html (128)
[230:230:0130/102728.751813:INFO:CONSOLE(128)] "currentLatencynow: 28.068", source: file:///home/seluser/ppt/player/dashjs/index.html (128)
[230:230:0130/102729.751928:INFO:CONSOLE(128)] "currentLatencynow: 29.068", source: file:///home/seluser/ppt/player/dashjs/index.html (128)
[230:230:0130/102730.597641:INFO:CONSOLE(17687)] "[68856][FragmentController] No audio bytes to push or stream is inactive. ", source: https://reference.dashif.org/dash.js/v4.0.0/dist/dash.all.debug.js (17687)
[230:230:0130/102730.751706:INFO:CONSOLE(128)] "currentLatencynow: 30.068", source: file:///home/seluser/ppt/player/dashjs/index.html (128)
[230:230:0130/102731.751867:INFO:CONSOLE(128)] "currentLatencynow: 30.764", source: file:///home/seluser/ppt/player/dashjs/index.html (128)
[230:257:0130/102732.516424:ERROR:bus.cc(392)] Failed to connect to the bus: Address does not contain a colon
[230:257:0130/102732.516580:ERROR:bus.cc(392)] Failed to connect to the bus: Address does not contain a colon
[230:230:0130/102732.751664:INFO:CONSOLE(128)] "currentLatencynow: 30.136", source: file:///home/seluser/ppt/player/dashjs/index.html (128)
[230:230:0130/102733.751836:INFO:CONSOLE(128)] "currentLatencynow: 30.864", source: file:///home/seluser/ppt/player/dashjs/index.html (128)
[230:230:0130/102734.751835:INFO:CONSOLE(128)] "currentLatencynow: 31.864", source: file:///home/seluser/ppt/player/dashjs/index.html (128)
[230:230:0130/102735.751789:INFO:CONSOLE(128)] "currentLatencynow: 32.864", source: file:///home/seluser/ppt/player/dashjs/index.html (128)
[230:230:0130/102736.751867:INFO:CONSOLE(128)] "currentLatencynow: 33.864", source: file:/[230:230:0130/102909.751788:INFO:CONSOLE(128)] "currentLatencynow: 126.864", source: file:///home/seluser/ppt/player/dashjs/index.html (128)
[230:230:0130/102910.751821:INFO:CONSOLE(128)] "currentLatencynow: 127.864", source: file:///home/seluser/ppt/player/dashjs/index.html (128)
[230:230:0130/102911.751903:INFO:CONSOLE(128)] "currentLatencynow: 128.864", source: file:///home/seluser/ppt/player/dashjs/index.html (128)
[230:230:0130/102912.751799:INFO:CONSOLE(128)] "currentLatencynow: 129.864", source: file:///home/seluser/ppt/player/dashjs/index.html (128)
[230:230:0130/102913.751770:INFO:CONSOLE(128)] "currentLatencynow: 130.864", source: file:///home/seluser/ppt/player/dashjs/index.html (128)
[230:230:0130/102914.751836:INFO:CONSOLE(128)] "currentLatencynow: 131.864", source: file:///home/seluser/ppt/player/dashjs/index.html (128)
[230:230:0130/102915.751805:INFO:CONSOLE(128)] "currentLatencynow: 132.864", source: file:///home/seluser/ppt/player/dashjs/index.html (128)
[230:230:0130/102916.751764:INFO:CONSOLE(128)] "currentLatencynow: 133.864", source: file:///home/seluser/ppt/player/dashjs/index.html (128)
[230:230:0130/102917.751785:INFO:CONSOLE(128)] "currentLatencynow: 134.864", source: file:///home/seluser/ppt/player/dashjs/index.html (128)
[230:230:0130/102918.751729:INFO:CONSOLE(128)] "currentLatencynow: 135.864", source: file:///home/seluser/ppt/player/dashjs/index.html (128)
[230:230:0130/102919.751775:INFO:CONSOLE(128)] "currentLatencynow: 136.864", source: file:///home/seluser/ppt/player/dashjs/index.html (128)
[230:230:0130/102920.751788:INFO:CONSOLE(128)] "currentLatencynow: 137.864", source: file:///home/seluser/ppt/player/dashjs/index.html (128)
[230:230:0130/102921.751801:INFO:CONSOLE(128)] "currentLatencynow: 138.864", source: file:///home/seluser/ppt/player/dashjs/index.html (128)
[230:230:0130/102921.977646:WARNING:pref_notifier_impl.cc(40)] Pref observer for media_router.cast_allow_all_ips found at shutdown.
