[229:293:0130/102621.694244:ERROR:bus.cc(392)] Failed to connect to the bus: Failed to connect to socket /var/run/dbus/system_bus_socket: No such file or directory
[229:256:0130/102621.697398:ERROR:bus.cc(392)] Failed to connect to the bus: Address does not contain a colon
[229:256:0130/102621.697460:ERROR:bus.cc(392)] Failed to connect to the bus: Address does not contain a colon
[229:256:0130/102621.712559:ERROR:bus.cc(392)] Failed to connect to the bus: Address does not contain a colon
[229:256:0130/102621.714365:ERROR:bus.cc(392)] Failed to connect to the bus: Address does not contain a colon
[300:300:0130/102621.717449:ERROR:gpu_init.cc(453)] Passthrough is not supported, GL is swiftshader, ANGLE is 
[229:256:0130/102621.749866:ERROR:bus.cc(392)] Failed to connect to the bus: Address does not contain a colon
[229:256:0130/102621.752865:ERROR:bus.cc(392)] Failed to connect to the bus: Address does not contain a colon
[229:391:0130/102621.897421:ERROR:bus.cc(392)] Failed to connect to the bus: Failed to connect to socket /var/run/dbus/system_bus_socket: No such file or directory
[229:391:0130/102621.897664:ERROR:bus.cc(392)] Failed to connect to the bus: Failed to connect to socket /var/run/dbus/system_bus_socket: No such file or directory
[229:391:0130/102621.897969:ERROR:bus.cc(392)] Failed to connect to the bus: Failed to connect to socket /var/run/dbus/system_bus_socket: No such file or directory
[229:391:0130/102621.898135:WARNING:property.cc(144)] DaemonVersion: GetAndBlock: failed.
[229:391:0130/102621.898179:ERROR:bus.cc(392)] Failed to connect to the bus: Failed to connect to socket /var/run/dbus/system_bus_socket: No such file or directory
[229:391:0130/102621.898228:ERROR:bus.cc(392)] Failed to connect to the bus: Failed to connect to socket /var/run/dbus/system_bus_socket: No such file or directory
[229:229:0130/102623.266788:INFO:CONSOLE(128)] "currentLatencynow: NaN", source: file:///home/seluser/ppt/player/dashjs/index.html (128)
[229:318:0130/102624.063746:ERROR:chrome_browser_main_extra_parts_metrics.cc(228)] crbug.com/1216328: Checking Bluetooth availability started. Please report if there is no report that this ends.
[229:318:0130/102624.063796:ERROR:chrome_browser_main_extra_parts_metrics.cc(231)] crbug.com/1216328: Checking Bluetooth availability ended.
[229:318:0130/102624.063807:ERROR:chrome_browser_main_extra_parts_metrics.cc(234)] crbug.com/1216328: Checking default browser status started. Please report if there is no report that this ends.
[229:229:0130/102624.266563:INFO:CONSOLE(128)] "currentLatencynow: NaN", source: file:///home/seluser/ppt/player/dashjs/index.html (128)
[229:318:0130/102624.272166:ERROR:chrome_browser_main_extra_parts_metrics.cc(238)] crbug.com/1216328: Checking default browser status ended.
[229:229:0130/102625.266362:INFO:CONSOLE(128)] "currentLatencynow: NaN", source: file:///home/seluser/ppt/player/dashjs/index.html (128)
[229:229:0130/102626.266515:INFO:CONSOLE(128)] "currentLatencynow: NaN", source: file:///home/seluser/ppt/player/dashjs/index.html (128)
[229:229:0130/102627.266642:INFO:CONSOLE(128)] "currentLatencynow: NaN", source: file:///home/seluser/ppt/player/dashjs/index.html (128)
[229:229:0130/102628.266274:INFO:CONSOLE(128)] "currentLatencynow: NaN", source: file:///home/seluser/ppt/player/dashjs/index.html (128)
[229:229:0130/102629.266596:INFO:CONSOLE(128)] "currentLatencynow: 0", source: file:///home/seluser/ppt/player/dashjs/index.html (128)
[229:229:0130/102630.266277:INFO:CONSOLE(128)] "currentLatencynow: 0", source: file:///home/seluser/ppt/player/dashjs/index.html (128)
[229:229:0130/102631.266250:INFO:CONSOLE(128)] "currentLatencynow: 0", source: file:///home/seluser/ppt/player/dashjs/index.html (128)
[229:229:0130/102632.266372:INFO:CONSOLE(128)] "currentLatencynow: 0", source: file:///home/seluser/ppt/player/dashjs/index.html (128)
[229:229:0130/102633.266331:INFO:CONSOLE(128)] "currentLatencynow: 0", source: file:///home/seluser/ppt/player/dashjs/index.html (128)
[229:229:0130/102634.266522:INFO:CONSOLE(128)] "currentLatencynow: 0", source: file:///home/seluser/ppt/player/dashjs/index.html (128)
[229:229:0130/102635.266295:INFO:CONSOLE(128)] "currentLatencynow: 0", source: file:///home/seluser/ppt/player/dashjs/index.html (128)
[229:229:0130/102636.266576:INFO:CONSOLE(128)] "currentLatencynow: 0", source: file:///home/seluser/ppt/player/dashjs/index.html (128)
[650:650:0130/102637.200385:WARNING:audio_manager_linux.cc(69)] Falling back to ALSA for audio output. PulseAudio is not available or could not be initialized.
[650:650:0130/102637.205681:ERROR:alsa_util.cc(204)] PcmOpen: default,No such file or directory
[650:650:0130/102637.205857:ERROR:alsa_util.cc(204)] PcmOpen: plug:default,No such file or directory
[229:229:0130/102637.266329:INFO:CONSOLE(128)] "currentLatencynow: 12.5", source: file:///home/seluser/ppt/player/dashjs/index.html (128)
[229:229:0130/102638.266216:INFO:CONSOLE(128)] "currentLatencynow: 13.5", source: file:///home/seluser/ppt/player/dashjs/index.html (128)
[229:229:0130/102639.266301:INFO:CONSOLE(128)] "currentLatencynow: 14.5", source: file:///home/seluser/ppt/player/dashjs/index.html (128)
[229:229:0130/102640.266339:INFO:CONSOLE(128)] "currentLatencynow: 15.5", source: file:///home/seluser/ppt/player/dashjs/index.html (128)
[229:229:0130/102641.266302:INFO:CONSOLE(128)] "currentLatencynow: 16.5", source: file:///home/seluser/ppt/player/dashjs/index.html (128)
[229:229:0130/102642.266351:INFO:CONSOLE(128)] "currentLatencynow: 17.5", source: file:///home/seluser/ppt/player/dashjs/index.html (128)
[229:229:0130/102643.266518:INFO:CONSOLE(128)] "currentLatencynow: 18.5", source: file:///home/seluser/ppt/player/dashjs/index.html (128)
[229:229:0130/102644.266165:INFO:CONSOLE(128)] "currentLatencynow: 19.5", source: file:///home/seluser/ppt/player/dashjs/index.html (128)
[229:256:0130/102645.002379:ERROR:bus.cc(392)] Failed to connect to the bus: Address does not contain a colon
[229:256:0130/102645.002489:ERROR:bus.cc(392)] Failed to connect to the bus: Address does not contain a colon
[229:256:0130/102645.002511:ERROR:bus.cc(392)] Failed to connect to the bus: Address does not contain a colon
[229:256:0130/102645.002526:ERROR:bus.cc(392)] Failed to connect to the bus: Address does not contain a colon
[229:256:0130/102645.002546:ERROR:bus.cc(392)] Failed to connect to the bus: Address does not contain a colon
[229:256:0130/102645.002560:ERROR:bus.cc(392)] Failed to connect to the bus: Address does not contain a colon
[229:256:0130/102645.002578:ERROR:bus.cc(392)] Failed to connect to the bus: Address does not contain a colon
[229:256:0130/102645.002596:ERROR:bus.cc(392)] Failed to connect to the bus: Address does not contain a colon
[229:256:0130/102645.002608:ERROR:bus.cc(392)] Failed to connect to the bus: Address does not contain a colon
[229:256:0130/102645.002626:ERROR:bus.cc(392)] Failed to connect to the bus: Address does not contain a colon
[229:256:0130/102645.002636:ERROR:bus.cc(392)] Failed to connect to the bus: Address does not contain a colon
[229:256:0130/102645.002660:ERROR:bus.cc(392)] Failed to connect to the bus: Address does not contain a colon
[229:256:0130/102645.002680:ERROR:bus.cc(392)] Failed to connect to the bus: Address does not contain a colon
[229:256:0130/102645.002695:ERROR:bus.cc(392)] Failed to connect to the bus: Address does not contain a colon
[229:256:0130/102645.007894:ERROR:bus.cc(392)] Failed to connect to the bus: Address does not contain a colon
[229:256:0130/102645.007935:ERROR:bus.cc(392)] Failed to connect to the bus: Address does not contain a colon
[229:256:0130/102645.007974:ERROR:bus.cc(392)] Failed to connect to the bus: Address does not contain a colon
[229:256:0130/102645.086210:ERROR:bus.cc(392)] Failed to connect to the bus: Address does not contain a colon
[229:256:0130/102645.086261:ERROR:bus.cc(392)] Failed to connect to the bus: Address does not contain a colon
[229:229:0130/102645.266295:INFO:CONSOLE(128)] "currentLatencynow: 20.312", source: file:///home/seluser/ppt/player/dashjs/index.html (128)
[229:229:0130/102646.266356:INFO:CONSOLE(128)] "currentLatencynow: 20.219", source: file:///home/seluser/ppt/player/dashjs/index.html (128)
[229:229:0130/102647.266168:INFO:CONSOLE(128)] "currentLatencynow: 20.716", source: file:///home/seluser/ppt/player/dashjs/index.html (128)
[229:229:0130/102648.266226:INFO:CONSOLE(128)] "currentLatencynow: 21.716", source: file:///home/seluser/ppt/player/dashjs/index.html (128)
[229:229:0130/102649.266293:INFO:CONSOLE(128)] "currentLatencynow: 21.981", source: file:///home/seluser/ppt/player/dashjs/index.html (128)
[229:229:0130/102650.266221:INFO:CONSOLE(128)] "currentLatencynow: 21.981", source: file:///home/seluser/ppt/player/dashjs/index.html (128)
[229:229:0130/102651.266362:INFO:CONSOLE(128)] "currentLatencynow: 22.643", source: file:///home/seluser/ppt/player/dashjs/index.html (128)
[229:229:0130/102652.266131:INFO:CONSOLE(128)] "currentLatencynow: 23.642", source: file:///home/seluser/ppt/player/dashjs/index.html (128)
[229:229:0130/102653.266184:INFO:CONSOLE(128)] "currentLatencynow: 24.642", source: file:///home/seluser/ppt/player/dashjs/index.html (128)
[229:229:0130/102654.266279:INFO:CONSOLE(128)] "currentLatencynow: 25.642", source: file:///home/seluser/ppt/player/dashjs/index.html (128)
[229:229:0130/102655.266105:INFO:CONSOLE(128)] "currentLatencynow: 26.642", source: file:///home/seluser/ppt/player/dashjs/index.html (128)
[229:229:0130/102656.266290:INFO:CONSOLE(128)] "currentLatencynow: 27.642", source: file:///home/seluser/ppt/player/dashjs/index.html (128)
[229:229:0130/102657.266367:INFO:CONSOLE(128)] "currentLatencynow: 28.642", source: file:///home/seluser/ppt/player/dashjs/index.html (128)
[229:229:0130/102658.266395:INFO:CONSOLE(128)] "currentLatencynow: 29.642", source: file:///home/seluser/ppt/player/dashjs/index.html (128)
[229:229:0130/102659.266335:INFO:CONSOLE(128)] "currentLatencynow: 30.358", source: file:///home/seluser/ppt/player/dashjs/index.html (128)
[229:229:0130/102700.266206:INFO:CONSOLE(128)] "currentLatencynow: 31.358", source: file:///home/seluser/ppt/player/dashjs/index.html (128)
[229:229:0130/102701.266095:INFO:CONSOLE(128)] "currentLatencynow: 30.058", source: file:///home/seluser/ppt/player/dashjs/index.html (128)
[229:256:0130/102701.274103:ERROR:bus.cc(392)] Failed to connect to the bus: Address does not contain a colon
[229:256:0130/102701.274211:ERROR:bus.cc(392)] Failed to connect to the bus: Address does not contain a colon
[229:229:0130/102702.266173:INFO:CONSOLE(128)] "currentLatencynow: 31.058", source: file:///home/seluser/ppt/player/dashjs/index.html (128)
[229:229:0130/102703.266283:INFO:CONSOLE(128)] "currentLatencynow: 32.058", source: file:///home/seluser/ppt/player/dashjs/index.html (128)
[229:229:0130/102704.266297:INFO:CONSOLE(128)] "currentLatencynow: 33.058", source: file:///home/seluser/ppt/player/dashjs/index.html (128)
[229:229:0130/102705.266447:INFO:CONSOLE(128)] "currentLatencynow: 34.058", source: file:///home/seluser/ppt/player/dashjs/index.html (128)
[229:229:0130/102706.266425:INFO:CONSOLE(128)] "currentLatencynow: 35.058", source: file:///home/seluser/ppt/player/dashjs/index.html (128)
[229:229:0130/102707.266497:INFO:CONSOLE(128)] "currentLatencynow: 36.058", source: file:///home/seluser/ppt/player/dashjs/index.html (128)
[229:229:0130/102708.266526:INFO:CONSOLE(128)] "currentLatencynow: 37.058", source: file:///home/seluser/ppt/player/dashjs/index.html (128)
[229:229:0130/102709.266474:INFO:CONSOLE(128)] "currentLatencynow: 38.058", source: file:///home/seluser/ppt/player/dashjs/index.html (128)
[229:229:0130/102710.266493:INFO:CONSOLE(128)] "currentLatencynow: 39.058", source: file:///home/seluser/ppt/player/dashjs/index.html (128)
[229:229:0130/102711.266486:INFO:CONSOLE(128)] "currentLatencynow: 40.059", source: file:///home/seluser/ppt/player/dashjs/index.html (128)
[229:229:0130/102712.266343:INFO:CONSOLE(128)] "currentLatencynow: 41.058", source: file:///home/seluser/ppt/player/dashjs/index.html (128)
[229:229:0130/102713.266421:INFO:CONSOLE(128)] "currentLatencynow: 42.058", source: file:///home/seluser/ppt/player/dashjs/index.html (128)
[229:229:0130/102714.266393:INFO:CONSOLE(128)] "currentLatencynow: 43.058", source: file:///home/seluser/ppt/player/dashjs/index.html (128)
[229:229:0130/102715.266344:INFO:CONSOLE(128)] "currentLatencynow: 44.058", source: file:///home/seluser/ppt/player/dashjs/index.html (128)
[229:229:0130/102716.266361:INFO:CONSOLE(128)] "currentLatencynow: 45.058", source: file:///home/seluser/ppt/player/dashjs/index.html (128)
[229:229:0130/102717.266441:INFO:CONSOLE(128)] "currentLatencynow: 46.058", source: file:///home/seluser/ppt/player/dashjs/index.html (128)
[229:229:0130/102718.266352:INFO:CONSOLE(128)] "currentLatencynow: 47.058", source: file:///home/seluser/ppt/player/dashjs/index.html (128)
[229:229:0130/102719.266305:INFO:CONSOLE(128)] "currentLatencynow: 48.058", source: file:///home/seluser/ppt/player/dashjs/index.html (128)
[229:229:0130/102720.266223:INFO:CONSOLE(128)] "currentLatencynow: 49.058", source: file:///home/seluser/ppt/player/dashjs/index.html (128)
[229:229:0130/102721.266282:INFO:CONSOLE(128)] "currentLatencynow: 50.058", source: file:///home/seluser/ppt/player/dashjs/index.html (128)
[229:317:0130/102721.793778:ERROR:database.cc(1761)] History SQLite error: code 13 errno 0: database or disk is full sql: INSERT OR REPLACE INTO meta (key,value) VALUES (?,?)
[229:229:0130/102722.266285:INFO:CONSOLE(128)] "currentLatencynow: 51.058", source: file:///home/seluser/ppt/player/dashjs/index.html (128)
[301:336:0130/102722.506307:ERROR:simple_index_file.cc(310)] Failed to write the temporary index file
[229:229:0130/102723.266449:INFO:CONSOLE(128)] "currentLatencynow: 52.058", source: file:///home/seluser/ppt/player/dashjs/index.html (128)
[229:229:0130/102724.266397:INFO:CONSOLE(128)] "currentLatencynow: 53.059", source: file:///home/seluser/ppt/player/dashjs/index.html (128)
[229:229:0130/102725.266436:INFO:CONSOLE(128)] "currentLatencynow: 54.058", source: file:///home/seluser/ppt/player/dashjs/index.html (128)
[229:229:0130/102726.266367:INFO:CONSOLE(128)] "currentLatencynow: 55.058", source: file:///home/seluser/ppt/player/dashjs/index.html (128)
[229:229:0130/102727.266246:INFO:CONSOLE(128)] "currentLatencynow: 56.058", source: file:///home/seluser/ppt/player/dashjs/index.html (128)
[229:229:0130/102728.266411:INFO:CONSOLE(128)] "currentLatencynow: 57.058", source: file:///home/seluser/ppt/player/dashjs/index.html (128)
[229:229:0130/102729.266360:INFO:CONSOLE(128)] "currentLatencynow: 58.058", source: file:///home/seluser/ppt/player/dashjs/index.html (128)
[229:229:0130/102730.266335:INFO:CONSOLE(128)] "currentLatencynow: 59.058", source: file:///home/seluser/ppt/player/dashjs/index.html (128)
[229:229:0130/102731.266391:INFO:CONSOLE(128)] "currentLatencynow: 60.058", source: file:///home/seluser/ppt/player/dashjs/index.html (128)
[229:229:0130/102732.266522:INFO:CONSOLE(128)] "currentLatencynow: 61.059", source: file:///home/seluser/ppt/player/dashjs/index.html (128)
[229:229:0130/102733.266452:INFO:CONSOLE(128)] "currentLatencynow: 62.058", source: file:///home/seluser/ppt/player/dashjs/index.html (128)
[229:229:0130/102734.266427:INFO:CONSOLE(128)] "currentLatencynow: 63.058", source: file:///home/seluser/ppt/player/dashjs/index.html (128)
[229:229:0130/102735.266377:INFO:CONSOLE(128)] "currentLatencynow: 64.058", source: file:///home/seluser/ppt/player/dashjs/index.html (128)
[229:229:0130/102736.266363:INFO:CONSOLE(128)] "currentLatencynow: 65.058", source: file:///home/seluser/ppt/player/dashjs/index.html (128)
[229:229:0130/102737.266405:INFO:CONSOLE(128)] "currentLatencynow: 66.058", source: file:///home/seluser/ppt/player/dashjs/index.html (128)
[229:229:0130/102738.266348:INFO:CONSOLE(128)] "currentLatencynow: 67.058", source: file:///home/seluser/ppt/player/dashjs/index.html (128)
[229:229:0130/102739.266477:INFO:CONSOLE(128)] "currentLatencynow: 68.058", source: file:///home/seluser/ppt/player/dashjs/index.html (128)
[229:229:0130/102740.266434:INFO:CONSOLE(128)] "currentLatencynow: 69.058", source: file:///home/seluser/ppt/player/dashjs/index.html (128)
[229:229:0130/102741.266435:INFO:CONSOLE(128)] "currentLatencynow: 70.058", s[229:229:0130/102910.266433:INFO:CONSOLE(128)] "currentLatencynow: 159.058", source: file:///home/seluser/ppt/player/dashjs/index.html (128)
[229:229:0130/102911.266374:INFO:CONSOLE(128)] "currentLatencynow: 160.058", source: file:///home/seluser/ppt/player/dashjs/index.html (128)
[229:229:0130/102912.266515:INFO:CONSOLE(128)] "currentLatencynow: 161.058", source: file:///home/seluser/ppt/player/dashjs/index.html (128)
[229:229:0130/102913.266477:INFO:CONSOLE(128)] "currentLatencynow: 162.058", source: file:///home/seluser/ppt/player/dashjs/index.html (128)
[229:229:0130/102914.266549:INFO:CONSOLE(128)] "currentLatencynow: 163.058", source: file:///home/seluser/ppt/player/dashjs/index.html (128)
[229:229:0130/102915.266466:INFO:CONSOLE(128)] "currentLatencynow: 164.058", source: file:///home/seluser/ppt/player/dashjs/index.html (128)
[229:229:0130/102916.266464:INFO:CONSOLE(128)] "currentLatencynow: 165.058", source: file:///home/seluser/ppt/player/dashjs/index.html (128)
[229:229:0130/102917.266381:INFO:CONSOLE(128)] "currentLatencynow: 166.058", source: file:///home/seluser/ppt/player/dashjs/index.html (128)
[229:229:0130/102918.266476:INFO:CONSOLE(128)] "currentLatencynow: 167.058", source: file:///home/seluser/ppt/player/dashjs/index.html (128)
[229:229:0130/102919.266455:INFO:CONSOLE(128)] "currentLatencynow: 168.058", source: file:///home/seluser/ppt/player/dashjs/index.html (128)
[229:229:0130/102920.266378:INFO:CONSOLE(128)] "currentLatencynow: 169.058", source: file:///home/seluser/ppt/player/dashjs/index.html (128)
[229:229:0130/102921.266537:INFO:CONSOLE(128)] "currentLatencynow: 170.058", source: file:///home/seluser/ppt/player/dashjs/index.html (128)
[229:229:0130/102922.266592:INFO:CONSOLE(128)] "currentLatencynow: 171.058", source: file:///home/seluser/ppt/player/dashjs/index.html (128)
[229:665:0130/102922.394097:ERROR:database.cc(1761)] History SQLite error: code 1 errno 0: cannot commit - no transaction is active sql: COMMIT
[229:229:0130/102922.421552:WARNING:pref_notifier_impl.cc(40)] Pref observer for media_router.cast_allow_all_ips found at shutdown.
