[229:293:0130/102610.526146:ERROR:bus.cc(392)] Failed to connect to the bus: Failed to connect to socket /var/run/dbus/system_bus_socket: No such file or directory
[229:256:0130/102610.528281:ERROR:bus.cc(392)] Failed to connect to the bus: Address does not contain a colon
[229:256:0130/102610.528493:ERROR:bus.cc(392)] Failed to connect to the bus: Address does not contain a colon
[229:256:0130/102610.540521:ERROR:bus.cc(392)] Failed to connect to the bus: Address does not contain a colon
[229:256:0130/102610.540577:ERROR:bus.cc(392)] Failed to connect to the bus: Address does not contain a colon
[299:299:0130/102610.542975:ERROR:gpu_init.cc(453)] Passthrough is not supported, GL is swiftshader, ANGLE is 
[229:256:0130/102610.565113:ERROR:bus.cc(392)] Failed to connect to the bus: Address does not contain a colon
[229:256:0130/102610.565151:ERROR:bus.cc(392)] Failed to connect to the bus: Address does not contain a colon
[229:391:0130/102610.609636:ERROR:bus.cc(392)] Failed to connect to the bus: Failed to connect to socket /var/run/dbus/system_bus_socket: No such file or directory
[229:391:0130/102610.609705:ERROR:bus.cc(392)] Failed to connect to the bus: Failed to connect to socket /var/run/dbus/system_bus_socket: No such file or directory
[229:391:0130/102610.609762:ERROR:bus.cc(392)] Failed to connect to the bus: Failed to connect to socket /var/run/dbus/system_bus_socket: No such file or directory
[229:391:0130/102610.609776:WARNING:property.cc(144)] DaemonVersion: GetAndBlock: failed.
[229:391:0130/102610.609807:ERROR:bus.cc(392)] Failed to connect to the bus: Failed to connect to socket /var/run/dbus/system_bus_socket: No such file or directory
[229:391:0130/102610.609870:ERROR:bus.cc(392)] Failed to connect to the bus: Failed to connect to socket /var/run/dbus/system_bus_socket: No such file or directory
[229:229:0130/102611.869961:INFO:CONSOLE(128)] "currentLatencynow: NaN", source: file:///home/seluser/ppt/player/dashjs/index.html (128)
[229:255:0130/102612.809695:ERROR:chrome_browser_main_extra_parts_metrics.cc(228)] crbug.com/1216328: Checking Bluetooth availability started. Please report if there is no report that this ends.
[229:255:0130/102612.809734:ERROR:chrome_browser_main_extra_parts_metrics.cc(231)] crbug.com/1216328: Checking Bluetooth availability ended.
[229:255:0130/102612.809742:ERROR:chrome_browser_main_extra_parts_metrics.cc(234)] crbug.com/1216328: Checking default browser status started. Please report if there is no report that this ends.
[229:229:0130/102612.869746:INFO:CONSOLE(128)] "currentLatencynow: 0", source: file:///home/seluser/ppt/player/dashjs/index.html (128)
[229:255:0130/102612.988821:ERROR:chrome_browser_main_extra_parts_metrics.cc(238)] crbug.com/1216328: Checking default browser status ended.
[612:612:0130/102613.733543:WARNING:audio_manager_linux.cc(69)] Falling back to ALSA for audio output. PulseAudio is not available or could not be initialized.
[612:612:0130/102613.738901:ERROR:alsa_util.cc(204)] PcmOpen: default,No such file or directory
[612:612:0130/102613.739004:ERROR:alsa_util.cc(204)] PcmOpen: plug:default,No such file or directory
[229:229:0130/102613.869756:INFO:CONSOLE(128)] "currentLatencynow: 5.663", source: file:///home/seluser/ppt/player/dashjs/index.html (128)
[229:229:0130/102614.869685:INFO:CONSOLE(128)] "currentLatencynow: 6.663", source: file:///home/seluser/ppt/player/dashjs/index.html (128)
[229:229:0130/102615.869593:INFO:CONSOLE(128)] "currentLatencynow: 7.663", source: file:///home/seluser/ppt/player/dashjs/index.html (128)
[229:229:0130/102616.869535:INFO:CONSOLE(128)] "currentLatencynow: 8.663", source: file:///home/seluser/ppt/player/dashjs/index.html (128)
[229:229:0130/102617.869649:INFO:CONSOLE(128)] "currentLatencynow: 9.663", source: file:///home/seluser/ppt/player/dashjs/index.html (128)
[229:229:0130/102618.869594:INFO:CONSOLE(128)] "currentLatencynow: 10.663", source: file:///home/seluser/ppt/player/dashjs/index.html (128)
[229:229:0130/102619.869908:INFO:CONSOLE(128)] "currentLatencynow: 11.663", source: file:///home/seluser/ppt/player/dashjs/index.html (128)
[229:256:0130/102620.069959:ERROR:bus.cc(392)] Failed to connect to the bus: Address does not contain a colon
[229:256:0130/102620.070033:ERROR:bus.cc(392)] Failed to connect to the bus: Address does not contain a colon
[229:256:0130/102620.070051:ERROR:bus.cc(392)] Failed to connect to the bus: Address does not contain a colon
[229:256:0130/102620.070068:ERROR:bus.cc(392)] Failed to connect to the bus: Address does not contain a colon
[229:256:0130/102620.070083:ERROR:bus.cc(392)] Failed to connect to the bus: Address does not contain a colon
[229:256:0130/102620.070096:ERROR:bus.cc(392)] Failed to connect to the bus: Address does not contain a colon
[229:256:0130/102620.070114:ERROR:bus.cc(392)] Failed to connect to the bus: Address does not contain a colon
[229:256:0130/102620.070124:ERROR:bus.cc(392)] Failed to connect to the bus: Address does not contain a colon
[229:256:0130/102620.070141:ERROR:bus.cc(392)] Failed to connect to the bus: Address does not contain a colon
[229:256:0130/102620.070154:ERROR:bus.cc(392)] Failed to connect to the bus: Address does not contain a colon
[229:256:0130/102620.070167:ERROR:bus.cc(392)] Failed to connect to the bus: Address does not contain a colon
[229:256:0130/102620.070185:ERROR:bus.cc(392)] Failed to connect to the bus: Address does not contain a colon
[229:256:0130/102620.070199:ERROR:bus.cc(392)] Failed to connect to the bus: Address does not contain a colon
[229:256:0130/102620.070212:ERROR:bus.cc(392)] Failed to connect to the bus: Address does not contain a colon
[229:256:0130/102620.075312:ERROR:bus.cc(392)] Failed to connect to the bus: Address does not contain a colon
[229:256:0130/102620.075355:ERROR:bus.cc(392)] Failed to connect to the bus: Address does not contain a colon
[229:256:0130/102620.075407:ERROR:bus.cc(392)] Failed to connect to the bus: Address does not contain a colon
[229:256:0130/102620.150269:ERROR:bus.cc(392)] Failed to connect to the bus: Address does not contain a colon
[229:256:0130/102620.150331:ERROR:bus.cc(392)] Failed to connect to the bus: Address does not contain a colon
[229:229:0130/102620.869847:INFO:CONSOLE(128)] "currentLatencynow: 12.251", source: file:///home/seluser/ppt/player/dashjs/index.html (128)
[229:229:0130/102621.869617:INFO:CONSOLE(128)] "currentLatencynow: 12.929", source: file:///home/seluser/ppt/player/dashjs/index.html (128)
[229:229:0130/102622.869562:INFO:CONSOLE(128)] "currentLatencynow: 12.929", source: file:///home/seluser/ppt/player/dashjs/index.html (128)
[229:229:0130/102623.869621:INFO:CONSOLE(128)] "currentLatencynow: 13.266", source: file:///home/seluser/ppt/player/dashjs/index.html (128)
[229:229:0130/102624.869663:INFO:CONSOLE(128)] "currentLatencynow: 14.266", source: file:///home/seluser/ppt/player/dashjs/index.html (128)
[229:229:0130/102625.869540:INFO:CONSOLE(128)] "currentLatencynow: 15.266", source: file:///home/seluser/ppt/player/dashjs/index.html (128)
[229:229:0130/102626.869680:INFO:CONSOLE(128)] "currentLatencynow: 16.266", source: file:///home/seluser/ppt/player/dashjs/index.html (128)
[229:229:0130/102627.869711:INFO:CONSOLE(128)] "currentLatencynow: 17.266", source: file:///home/seluser/ppt/player/dashjs/index.html (128)
[229:229:0130/102628.869645:INFO:CONSOLE(128)] "currentLatencynow: 18.266", source: file:///home/seluser/ppt/player/dashjs/index.html (128)
[229:229:0130/102629.869559:INFO:CONSOLE(128)] "currentLatencynow: 19.266", source: file:///home/seluser/ppt/player/dashjs/index.html (128)
[229:229:0130/102630.869633:INFO:CONSOLE(128)] "currentLatencynow: 20.266", source: file:///home/seluser/ppt/player/dashjs/index.html (128)
[229:229:0130/102631.869608:INFO:CONSOLE(128)] "currentLatencynow: 21.266", source: file:///home/seluser/ppt/player/dashjs/index.html (128)
[229:229:0130/102632.869744:INFO:CONSOLE(128)] "currentLatencynow: 22.266", source: file:///home/seluser/ppt/player/dashjs/index.html (128)
[229:229:0130/102633.869746:INFO:CONSOLE(128)] "currentLatencynow: 23.266", source: file:///home/seluser/ppt/player/dashjs/index.html (128)
[229:229:0130/102634.869630:INFO:CONSOLE(128)] "currentLatencynow: 24.266", source: file:///home/seluser/ppt/player/dashjs/index.html (128)
[229:229:0130/102635.869666:INFO:CONSOLE(128)] "currentLatencynow: 25.266", source: file:///home/seluser/ppt/player/dashjs/index.html (128)
[229:229:0130/102636.869672:INFO:CONSOLE(128)] "currentLatencynow: 26.266", source: file:///home/seluser/ppt/player/dashjs/index.html (128)
[229:256:0130/102637.847186:ERROR:bus.cc(392)] Failed to connect to the bus: Address does not contain a colon
[229:256:0130/102637.847254:ERROR:bus.cc(392)] Failed to connect to the bus: Address does not contain a colon
[229:229:0130/102637.869549:INFO:CONSOLE(128)] "currentLatencynow: 27.155", source: file:///home/seluser/ppt/player/dashjs/index.html (128)
[229:229:0130/102638.869582:INFO:CONSOLE(128)] "currentLatencynow: 27.055", source: file:///home/seluser/ppt/player/dashjs/index.html (128)
[229:229:0130/102639.869534:INFO:CONSOLE(128)] "currentLatencynow: 27.258", source: file:///home/seluser/ppt/player/dashjs/index.html (128)
[229:229:0130/102640.869675:INFO:CONSOLE(128)] "currentLatencynow: 28.258", source: file:///home/seluser/ppt/player/dashjs/index.html (128)
[229:229:0130/102641.869649:INFO:CONSOLE(128)] "currentLatencynow: 29.258", source: file:///home/seluser/ppt/player/dashjs/index.html (128)
[229:229:0130/102642.869530:INFO:CONSOLE(128)] "currentLatencynow: 30.258", source: file:///home/seluser/ppt/player/dashjs/index.html (128)
[229:229:0130/102643.869579:INFO:CONSOLE(128)] "currentLatencynow: 30.916", source: file:///home/seluser/ppt/player/dashjs/index.html (128)
[229:229:0130/102644.869587:INFO:CONSOLE(128)] "currentLatencynow: 31.916", source: file:///home/seluser/ppt/player/dashjs/index.html (128)
[229:229:0130/102645.869590:INFO:CONSOLE(128)] "currentLatencynow: 32.916", source: file:///home/seluser/ppt/player/dashjs/index.html (128)
[229:229:0130/102646.869565:INFO:CONSOLE(128)] "currentLatencynow: 33.916", source: file:///home/seluser/ppt/player/dashjs/index.html (128)
[229:229:0130/102647.869740:INFO:CONSOLE(128)] "currentLatencynow: 34.916", source: file:///home/seluser/ppt/player/dashjs/index.html (128)
[229:229:0130/102648.869588:INFO:CONSOLE(128)] "currentLatencynow: 35.916", source: file:///home/seluser/ppt/player/dashjs/index.html (128)
[229:229:0130/102649.869535:INFO:CONSOLE(128)] "currentLatencynow: 36.916", source: file:///home/seluser/ppt/player/dashjs/index.html (128)
[229:229:0130/102650.869549:INFO:CONSOLE(128)] "currentLatencynow: 37.916", source: file:///home/seluser/ppt/player/dashjs/index.html (128)
[229:229:0130/102651.869510:INFO:CONSOLE(128)] "currentLatencynow: 38.916", source: file:///home/seluser/ppt/player/dashjs/index.html (128)
[229:229:0130/102652.869539:INFO:CONSOLE(128)] "currentLatencynow: 39.916", source: file:///home/seluser/ppt/player/dashjs/index.html (128)
[229:229:0130/102653.869498:INFO:CONSOLE(128)] "currentLatencynow: 40.916", source: file:///home/seluser/ppt/player/dashjs/index.html (128)
[229:229:0130/102654.869646:INFO:CONSOLE(128)] "currentLatencynow: 41.916", source: file:///home/seluser/ppt/player/dashjs/index.html (128)
[229:229:0130/102655.869521:INFO:CONSOLE(128)] "currentLatencynow: 42.916", source: file:///home/seluser/ppt/player/dashjs/index.html (128)
[229:229:0130/102656.869470:INFO:CONSOLE(128)] "currentLatencynow: 43.916", source: file:///home/seluser/ppt/player/dashjs/index.html (128)
[229:229:0130/102657.869508:INFO:CONSOLE(128)] "currentLatencynow: 44.916", source: file:///home/seluser/ppt/player/dashjs/index.html (128)
[229:229:0130/102658.869484:INFO:CONSOLE(128)] "currentLatencynow: 45.916", source: file:///home/seluser/ppt/player/dashjs/index.html (128)
[229:229:0130/102659.869515:INFO:CONSOLE(128)] "currentLatencynow: 46.916", source: file:///home/seluser/ppt/player/dashjs/index.html (128)
[229:229:0130/102700.869607:INFO:CONSOLE(128)] "currentLatencynow: 47.916", source: file:///home/seluser/ppt/player/dashjs/index.html (128)
[229:229:0130/102701.869504:INFO:CONSOLE(128)] "currentLatencynow: 48.916", source: file:///home/seluser/ppt/player/dashjs/index.html (128)
[229:229:0130/102702.869568:INFO:CONSOLE(128)] "currentLatencynow: 49.916", source: file:///home/seluser/ppt/player/dashjs/index.html (128)
[229:229:0130/102703.869585:INFO:CONSOLE(128)] "currentLatencynow: 50.916", source: file:///home/seluser/ppt/player/dashjs/index.html (128)
[229:229:0130/102704.869651:INFO:CONSOLE(128)] "currentLatencynow: 51.916", source: file:///home/seluser/ppt/player/dashjs/index.html (128)
[229:229:0130/102705.869531:INFO:CONSOLE(128)] "currentLatencynow: 52.916", source: file:///home/seluser/ppt/player/dashjs/index.html (128)
[229:229:0130/102706.869595:INFO:CONSOLE(128)] "currentLatencynow: 53.916", source: file:///home/seluser/ppt/player/dashjs/index.html (128)
[229:229:0130/102707.869585:INFO:CONSOLE(128)] "currentLatencynow: 54.916", source: file:///home/seluser/ppt/player/dashjs/index.html (128)
[229:229:0130/102708.869936:INFO:CONSOLE(128)] "currentLatencynow: 55.916", source: file:///home/seluser/ppt/player/dashjs/index.html (128)
[229:229:0130/102709.869563:INFO:CONSOLE(128)] "currentLatencynow: 56.916", source: file:///home/seluser/ppt/player/dashjs/index.html (128)
[229:229:0130/102710.869755:INFO:CONSOLE(128)] "currentLatencynow: 57.916", source: file:///home/seluser/ppt/player/dashjs/index.html (128)
[229:229:0130/102711.869587:INFO:CONSOLE(128)] "currentLatencynow: 58.916", source: file:///home/seluser/ppt/player/dashjs/index.html (128)
[229:229:0130/102712.869611:INFO:CONSOLE(128)] "currentLatencynow: 59.916", source: file:///home/seluser/ppt/player/dashjs/index.html (128)
[229:229:0130/102713.869675:INFO:CONSOLE(128)] "currentLatencynow: 60.916", source: file:///home/seluser/ppt/player/dashjs/index.html (128)
[229:229:0130/102714.869641:INFO:CONSOLE(128)] "currentLatencynow: 61.916", source: file:///home/seluser/ppt/player/dashjs/index.html (128)
[229:229:0130/102715.869511:INFO:CONSOLE(128)] "currentLatencynow: 62.916", source: file:///home/seluser/ppt/player/dashjs/index.html (128)
[229:229:0130/102716.869510:INFO:CONSOLE(128)] "currentLatencynow: 63.916", source: file:///home/seluser/ppt/player/dashjs/index.html (128)
[229:229:0130/102717.869789:INFO:CONSOLE(128)] "currentLatencynow: 64.916", source: file:///home/seluser/ppt/player/dashjs/index.html (128)
[229:229:0130/102718.869556:INFO:CONSOLE(128)] "currentLatencynow: 65.916", source: file:///home/seluser/ppt/player/dashjs/index.html (128)
[229:229:0130/102719.869583:INFO:CONSOLE(128)] "currentLatencynow: 66.916", source: file:///home/seluser/ppt/player/dashjs/index.html (128)
[229:229:0130/102720.869596:INFO:CONSOLE(128)] "currentLatencynow: 67.916", source: file:///home/seluser/ppt/player/dashjs/index.html (128)
[229:229:0130/102721.869737:INFO:CONSOLE(128)] "currentLatencynow: 68.916", source: file:///home/seluser/ppt/player/dashjs/index.html (128)
[229:229:0130/102722.869742:INFO:CONSOLE(128)] "currentLatencynow: 69.916", source: file:///home/seluser/ppt/player/dashjs/index.html (128)
[229:229:0130/102723.869782:INFO:CONSOLE(128)] "currentLatencynow: 70.916", source: file:///home/seluser/ppt/player/dashjs/index.html (128)
[229:229:0130/102724.869903:INFO:CONSOLE(128)] "currentLatencynow: 71.916", source: file:///home/seluser/ppt/player/dashjs/index.html (128)
[229:229:0130/102725.869738:INFO:CONSOLE(128)] "currentLatencynow: 72.916", source: file:///home/seluser/ppt/player/dashjs/index.html (128)
[229:229:0130/102726.869859:INFO:CONSOLE(128)] "currentLatencynow: 73.916", source: file:///home/seluser/ppt/player/dashjs/index.html (128)
[229:229:0130/102727.869806:INFO:CONSOLE(128)] "currentLatencynow: 74.916", source: file:///home/seluser/ppt/player/dashjs/index.html (128)
[229:229:0130/102728.869808:INFO:CONSOLE(128)] "currentLatencynow: 75.916", source: file:///home/seluser/ppt/player/dashjs/index.html (128)
[229:229:0130/102729.869904:INFO:CONSOLE(128)] "currentLatencynow: 76.916", source: file:///home/seluser/ppt/player/dashjs/index.html (128)
[229:229:0130/102730.869587:INFO:CONSOLE(128)] "currentLatencynow: 77.916", source: file:///home/seluser/ppt/player/dashjs/index.html (128)
[229:229:0130[229:229:0130/102909.869747:INFO:CONSOLE(128)] "currentLatencynow: 176.916", source: file:///home/seluser/ppt/player/dashjs/index.html (128)
[229:229:0130/102910.869577:INFO:CONSOLE(128)] "currentLatencynow: 177.916", source: file:///home/seluser/ppt/player/dashjs/index.html (128)
[229:229:0130/102911.068531:WARNING:pref_notifier_impl.cc(40)] Pref observer for media_router.cast_allow_all_ips found at shutdown.
