[230:294:0130/105909.824619:ERROR:bus.cc(392)] Failed to connect to the bus: Failed to connect to socket /var/run/dbus/system_bus_socket: No such file or directory
[230:257:0130/105909.826598:ERROR:bus.cc(392)] Failed to connect to the bus: Address does not contain a colon
[230:257:0130/105909.826680:ERROR:bus.cc(392)] Failed to connect to the bus: Address does not contain a colon
[230:257:0130/105909.837938:ERROR:bus.cc(392)] Failed to connect to the bus: Address does not contain a colon
[230:257:0130/105909.838019:ERROR:bus.cc(392)] Failed to connect to the bus: Address does not contain a colon
[301:301:0130/105909.842195:ERROR:gpu_init.cc(453)] Passthrough is not supported, GL is swiftshader, ANGLE is 
[230:257:0130/105909.861997:ERROR:bus.cc(392)] Failed to connect to the bus: Address does not contain a colon
[230:257:0130/105909.862049:ERROR:bus.cc(392)] Failed to connect to the bus: Address does not contain a colon
[230:395:0130/105909.967433:ERROR:bus.cc(392)] Failed to connect to the bus: Failed to connect to socket /var/run/dbus/system_bus_socket: No such file or directory
[230:395:0130/105909.967511:ERROR:bus.cc(392)] Failed to connect to the bus: Failed to connect to socket /var/run/dbus/system_bus_socket: No such file or directory
[230:395:0130/105909.967598:ERROR:bus.cc(392)] Failed to connect to the bus: Failed to connect to socket /var/run/dbus/system_bus_socket: No such file or directory
[230:395:0130/105909.967616:WARNING:property.cc(144)] DaemonVersion: GetAndBlock: failed.
[230:395:0130/105909.967655:ERROR:bus.cc(392)] Failed to connect to the bus: Failed to connect to socket /var/run/dbus/system_bus_socket: No such file or directory
[230:395:0130/105909.967706:ERROR:bus.cc(392)] Failed to connect to the bus: Failed to connect to socket /var/run/dbus/system_bus_socket: No such file or directory
[230:230:0130/105911.239279:INFO:CONSOLE(128)] "currentLatencynow: 0", source: file:///home/seluser/ppt/player/dashjs/index.html (128)
[426:426:0130/105911.476808:WARNING:audio_manager_linux.cc(69)] Falling back to ALSA for audio output. PulseAudio is not available or could not be initialized.
[426:426:0130/105911.481618:ERROR:alsa_util.cc(204)] PcmOpen: default,No such file or directory
[426:426:0130/105911.481738:ERROR:alsa_util.cc(204)] PcmOpen: plug:default,No such file or directory
[230:230:0130/105912.239131:INFO:CONSOLE(128)] "currentLatencynow: 5.541", source: file:///home/seluser/ppt/player/dashjs/index.html (128)
[230:251:0130/105912.341772:ERROR:chrome_browser_main_extra_parts_metrics.cc(228)] crbug.com/1216328: Checking Bluetooth availability started. Please report if there is no report that this ends.
[230:251:0130/105912.341852:ERROR:chrome_browser_main_extra_parts_metrics.cc(231)] crbug.com/1216328: Checking Bluetooth availability ended.
[230:251:0130/105912.341869:ERROR:chrome_browser_main_extra_parts_metrics.cc(234)] crbug.com/1216328: Checking default browser status started. Please report if there is no report that this ends.
[230:251:0130/105912.537522:ERROR:chrome_browser_main_extra_parts_metrics.cc(238)] crbug.com/1216328: Checking default browser status ended.
[230:230:0130/105913.239159:INFO:CONSOLE(128)] "currentLatencynow: 6.541", source: file:///home/seluser/ppt/player/dashjs/index.html (128)
[230:257:0130/105913.502539:ERROR:bus.cc(392)] Failed to connect to the bus: Address does not contain a colon
[230:257:0130/105913.502620:ERROR:bus.cc(392)] Failed to connect to the bus: Address does not contain a colon
[230:257:0130/105913.502636:ERROR:bus.cc(392)] Failed to connect to the bus: Address does not contain a colon
[230:257:0130/105913.502650:ERROR:bus.cc(392)] Failed to connect to the bus: Address does not contain a colon
[230:257:0130/105913.502665:ERROR:bus.cc(392)] Failed to connect to the bus: Address does not contain a colon
[230:257:0130/105913.502679:ERROR:bus.cc(392)] Failed to connect to the bus: Address does not contain a colon
[230:257:0130/105913.502691:ERROR:bus.cc(392)] Failed to connect to the bus: Address does not contain a colon
[230:257:0130/105913.502701:ERROR:bus.cc(392)] Failed to connect to the bus: Address does not contain a colon
[230:257:0130/105913.502725:ERROR:bus.cc(392)] Failed to connect to the bus: Address does not contain a colon
[230:257:0130/105913.502737:ERROR:bus.cc(392)] Failed to connect to the bus: Address does not contain a colon
[230:257:0130/105913.502746:ERROR:bus.cc(392)] Failed to connect to the bus: Address does not contain a colon
[230:257:0130/105913.502756:ERROR:bus.cc(392)] Failed to connect to the bus: Address does not contain a colon
[230:257:0130/105913.502765:ERROR:bus.cc(392)] Failed to connect to the bus: Address does not contain a colon
[230:257:0130/105913.502880:ERROR:bus.cc(392)] Failed to connect to the bus: Address does not contain a colon
[230:257:0130/105913.506941:ERROR:bus.cc(392)] Failed to connect to the bus: Address does not contain a colon
[230:257:0130/105913.506981:ERROR:bus.cc(392)] Failed to connect to the bus: Address does not contain a colon
[230:257:0130/105913.507000:ERROR:bus.cc(392)] Failed to connect to the bus: Address does not contain a colon
[230:257:0130/105913.553581:ERROR:bus.cc(392)] Failed to connect to the bus: Address does not contain a colon
[230:257:0130/105913.553637:ERROR:bus.cc(392)] Failed to connect to the bus: Address does not contain a colon
[230:230:0130/105914.239140:INFO:CONSOLE(128)] "currentLatencynow: 6.809", source: file:///home/seluser/ppt/player/dashjs/index.html (128)
[230:230:0130/105915.239179:INFO:CONSOLE(128)] "currentLatencynow: 6.709", source: file:///home/seluser/ppt/player/dashjs/index.html (128)
[230:230:0130/105916.239256:INFO:CONSOLE(128)] "currentLatencynow: 6.701", source: file:///home/seluser/ppt/player/dashjs/index.html (128)
[230:230:0130/105917.239231:INFO:CONSOLE(128)] "currentLatencynow: 6.701", source: file:///home/seluser/ppt/player/dashjs/index.html (128)
[230:230:0130/105918.239262:INFO:CONSOLE(128)] "currentLatencynow: 7.654", source: file:///home/seluser/ppt/player/dashjs/index.html (128)
[230:230:0130/105919.239237:INFO:CONSOLE(128)] "currentLatencynow: 8.654", source: file:///home/seluser/ppt/player/dashjs/index.html (128)
[230:230:0130/105920.239306:INFO:CONSOLE(128)] "currentLatencynow: 9.655", source: file:///home/seluser/ppt/player/dashjs/index.html (128)
[230:230:0130/105921.239253:INFO:CONSOLE(128)] "currentLatencynow: 10.654", source: file:///home/seluser/ppt/player/dashjs/index.html (128)
[230:230:0130/105922.239233:INFO:CONSOLE(128)] "currentLatencynow: 11.654", source: file:///home/seluser/ppt/player/dashjs/index.html (128)
[230:230:0130/105923.239263:INFO:CONSOLE(128)] "currentLatencynow: 12.654", source: file:///home/seluser/ppt/player/dashjs/index.html (128)
[230:230:0130/105924.239332:INFO:CONSOLE(128)] "currentLatencynow: 13.654", source: file:///home/seluser/ppt/player/dashjs/index.html (128)
[230:230:0130/105925.239195:INFO:CONSOLE(128)] "currentLatencynow: 14.654", source: file:///home/seluser/ppt/player/dashjs/index.html (128)
[230:230:0130/105926.239231:INFO:CONSOLE(128)] "currentLatencynow: 15.654", source: file:///home/seluser/ppt/player/dashjs/index.html (128)
[230:230:0130/105927.239233:INFO:CONSOLE(128)] "currentLatencynow: 16.654", source: file:///home/seluser/ppt/player/dashjs/index.html (128)
[230:230:0130/105928.239259:INFO:CONSOLE(128)] "currentLatencynow: 17.654", source: file:///home/seluser/ppt/player/dashjs/index.html (128)
[230:230:0130/105929.239211:INFO:CONSOLE(128)] "currentLatencynow: 18.654", source: file:///home/seluser/ppt/player/dashjs/index.html (128)
[230:230:0130/105930.239250:INFO:CONSOLE(128)] "currentLatencynow: 19.654", source: file:///home/seluser/ppt/player/dashjs/index.html (128)
[230:230:0130/105931.239189:INFO:CONSOLE(128)] "currentLatencynow: 20.654", source: file:///home/seluser/ppt/player/dashjs/index.html (128)
[230:230:0130/105932.239294:INFO:CONSOLE(128)] "currentLatencynow: 21.654", source: file:///home/seluser/ppt/player/dashjs/index.html (128)
[230:230:0130/105933.239258:INFO:CONSOLE(128)] "currentLatencynow: 22.654", source: file:///home/seluser/ppt/player/dashjs/index.html (128)
[230:257:0130/105933.938454:ERROR:bus.cc(392)] Failed to connect to the bus: Address does not contain a colon
[230:257:0130/105933.939356:ERROR:bus.cc(392)] Failed to connect to the bus: Address does not contain a colon
[230:230:0130/105934.239123:INFO:CONSOLE(128)] "currentLatencynow: 23.25", source: file:///home/seluser/ppt/player/dashjs/index.html (128)
[230:230:0130/105935.239199:INFO:CONSOLE(128)] "currentLatencynow: 23.25", source: file:///home/seluser/ppt/player/dashjs/index.html (128)
[230:230:0130/105936.239235:INFO:CONSOLE(128)] "currentLatencynow: 23.633", source: file:///home/seluser/ppt/player/dashjs/index.html (128)
[230:230:0130/105937.239291:INFO:CONSOLE(128)] "currentLatencynow: 24.633", source: file:///home/seluser/ppt/player/dashjs/index.html (128)
[230:230:0130/105938.239221:INFO:CONSOLE(128)] "currentLatencynow: 25.633", source: file:///home/seluser/ppt/player/dashjs/index.html (128)
[230:230:0130/105939.239400:INFO:CONSOLE(128)] "currentLatencynow: 26.633", source: file:///home/seluser/ppt/player/dashjs/index.html (128)
[230:230:0130/105940.239347:INFO:CONSOLE(128)] "currentLatencynow: 27.633", source: file:///home/seluser/ppt/player/dashjs/index.html (128)
[230:230:0130/105941.239305:INFO:CONSOLE(128)] "currentLatencynow: 28.633", source: file:///home/seluser/ppt/player/dashjs/index.html (128)
[230:230:0130/105942.239219:INFO:CONSOLE(128)] "currentLatencynow: 29.633", source: file:///home/seluser/ppt/player/dashjs/index.html (128)
[230:230:0130/105943.239134:INFO:CONSOLE(128)] "currentLatencynow: 30.322", source: file:///home/seluser/ppt/player/dashjs/index.html (128)
[230:230:0130/105944.239211:INFO:CONSOLE(128)] "currentLatencynow: 31.322", source: file:///home/seluser/ppt/player/dashjs/index.html (128)
[230:230:0130/105945.239325:INFO:CONSOLE(128)] "currentLatencynow: 32.322", source: file:///home/seluser/ppt/player/dashjs/index.html (128)
[230:230:0130/105946.239196:INFO:CONSOLE(128)] "currentLatencynow: 33.322", source: file:///home/seluser/ppt/player/dashjs/index.html (128)
[230:230:0130/105947.239256:INFO:CONSOLE(128)] "currentLatencynow: 34.322", source: file:///home/seluser/ppt/player/dashjs/index.html (128)
[230:230:0130/105948.239271:INFO:CONSOLE(128)] "currentLatencynow: 35.322", source: file:///home/seluser/ppt/player/dashjs/index.html (128)
[230:230:0130/105949.239206:INFO:CONSOLE(128)] "currentLatencynow: 36.322", source: file:///home/seluser/ppt/player/dashjs/index.html (128)
[396:641:0130/105950.157742:ERROR:disk_data_allocator.cc(175)] DISK: Cannot write to disk. written = 1601 FILE_ERROR_FAILED
[230:230:0130/105950.239287:INFO:CONSOLE(128)] "currentLatencynow: 37.322", source: file:///home/seluser/ppt/player/dashjs/index.html (128)
[230:230:0130/105951.239283:INFO:CONSOLE(128)] "currentLatencynow: 38.322", source: file:///home/seluser/ppt/player/dashjs/index.html (128)
[230:230:0130/105952.239267:INFO:CONSOLE(128)] "currentLatencynow: 39.322", source: file:///home/seluser/ppt/player/dashjs/index.html (128)
[230:230:0130/105953.239341:INFO:CONSOLE(128)] "currentLatencynow: 40.322", source: file:///home/seluser/ppt/player/dashjs/index.html (128)
[230:230:0130/105954.239176:INFO:CONSOLE(128)] "currentLatencynow: 41.322", source: file:///home/seluser/ppt/player/dashjs/index.html (128)
[230:230:0130/105955.239279:INFO:CONSOLE(128)] "currentLatencynow: 42.322", source: file:///home/seluser/ppt/player/dashjs/index.html (128)
[230:230:0130/105956.239242:INFO:CONSOLE(128)] "currentLatencynow: 43.322", source: file:///home/seluser/ppt/player/dashjs/index.html (128)
[230:230:0130/105957.239276:INFO:CONSOLE(128)] "currentLatencynow: 44.322", source: file:///home/seluser/ppt/player/dashjs/index.html (128)
[230:230:0130/105958.239173:INFO:CONSOLE(128)] "currentLatencynow: 45.322", source: file:///home/seluser/ppt/player/dashjs/index.html (128)
[230:230:0130/105959.239161:INFO:CONSOLE(128)] "currentLatencynow: 46.322", source: file:///home/seluser/ppt/player/dashjs/index.html (128)
[230:230:0130/110000.239199:INFO:CONSOLE(128)] "currentLatencynow: 47.322", source: file:///home/seluser/ppt/player/dashjs/index.html (1[230:230:0130/110210.239330:INFO:CONSOLE(128)] "currentLatencynow: 177.322", source: file:///home/seluser/ppt/player/dashjs/index.html (128)
[230:252:0130/110210.431195:ERROR:database.cc(1761)] History SQLite error: code 1 errno 0: cannot commit - no transaction is active sql: COMMIT
[230:230:0130/110210.444864:WARNING:pref_notifier_impl.cc(40)] Pref observer for media_router.cast_allow_all_ips found at shutdown.
