[231:295:0130/105920.602041:ERROR:bus.cc(392)] Failed to connect to the bus: Failed to connect to socket /var/run/dbus/system_bus_socket: No such file or directory
[231:258:0130/105920.604447:ERROR:bus.cc(392)] Failed to connect to the bus: Address does not contain a colon
[231:258:0130/105920.604519:ERROR:bus.cc(392)] Failed to connect to the bus: Address does not contain a colon
[231:258:0130/105920.618726:ERROR:bus.cc(392)] Failed to connect to the bus: Address does not contain a colon
[231:258:0130/105920.618778:ERROR:bus.cc(392)] Failed to connect to the bus: Address does not contain a colon
[302:302:0130/105920.622639:ERROR:gpu_init.cc(453)] Passthrough is not supported, GL is swiftshader, ANGLE is 
[231:258:0130/105920.651707:ERROR:bus.cc(392)] Failed to connect to the bus: Address does not contain a colon
[231:258:0130/105920.653011:ERROR:bus.cc(392)] Failed to connect to the bus: Address does not contain a colon
[231:398:0130/105920.743883:ERROR:bus.cc(392)] Failed to connect to the bus: Failed to connect to socket /var/run/dbus/system_bus_socket: No such file or directory
[231:398:0130/105920.743947:ERROR:bus.cc(392)] Failed to connect to the bus: Failed to connect to socket /var/run/dbus/system_bus_socket: No such file or directory
[231:398:0130/105920.744001:ERROR:bus.cc(392)] Failed to connect to the bus: Failed to connect to socket /var/run/dbus/system_bus_socket: No such file or directory
[231:398:0130/105920.744015:WARNING:property.cc(144)] DaemonVersion: GetAndBlock: failed.
[231:398:0130/105920.744051:ERROR:bus.cc(392)] Failed to connect to the bus: Failed to connect to socket /var/run/dbus/system_bus_socket: No such file or directory
[231:398:0130/105920.744086:ERROR:bus.cc(392)] Failed to connect to the bus: Failed to connect to socket /var/run/dbus/system_bus_socket: No such file or directory
[231:231:0130/105922.090599:INFO:CONSOLE(128)] "currentLatencynow: NaN", source: file:///home/seluser/ppt/player/dashjs/index.html (128)
[231:328:0130/105922.963319:ERROR:chrome_browser_main_extra_parts_metrics.cc(228)] crbug.com/1216328: Checking Bluetooth availability started. Please report if there is no report that this ends.
[231:328:0130/105922.963385:ERROR:chrome_browser_main_extra_parts_metrics.cc(231)] crbug.com/1216328: Checking Bluetooth availability ended.
[231:328:0130/105922.963405:ERROR:chrome_browser_main_extra_parts_metrics.cc(234)] crbug.com/1216328: Checking default browser status started. Please report if there is no report that this ends.
[231:231:0130/105923.090085:INFO:CONSOLE(128)] "currentLatencynow: NaN", source: file:///home/seluser/ppt/player/dashjs/index.html (128)
[231:328:0130/105923.162024:ERROR:chrome_browser_main_extra_parts_metrics.cc(238)] crbug.com/1216328: Checking default browser status ended.
[231:231:0130/105924.090069:INFO:CONSOLE(128)] "currentLatencynow: NaN", source: file:///home/seluser/ppt/player/dashjs/index.html (128)
[231:231:0130/105925.090075:INFO:CONSOLE(128)] "currentLatencynow: NaN", source: file:///home/seluser/ppt/player/dashjs/index.html (128)
[231:231:0130/105926.090097:INFO:CONSOLE(128)] "currentLatencynow: NaN", source: file:///home/seluser/ppt/player/dashjs/index.html (128)
[231:231:0130/105927.090404:INFO:CONSOLE(128)] "currentLatencynow: 0", source: file:///home/seluser/ppt/player/dashjs/index.html (128)
[231:231:0130/105928.089996:INFO:CONSOLE(128)] "currentLatencynow: 0", source: file:///home/seluser/ppt/player/dashjs/index.html (128)
[231:231:0130/105929.090463:INFO:CONSOLE(128)] "currentLatencynow: 0", source: file:///home/seluser/ppt/player/dashjs/index.html (128)
[231:231:0130/105930.090057:INFO:CONSOLE(128)] "currentLatencynow: 0", source: file:///home/seluser/ppt/player/dashjs/index.html (128)
[231:231:0130/105931.090877:INFO:CONSOLE(128)] "currentLatencynow: 0", source: file:///home/seluser/ppt/player/dashjs/index.html (128)
[231:231:0130/105932.090021:INFO:CONSOLE(128)] "currentLatencynow: 0", source: file:///home/seluser/ppt/player/dashjs/index.html (128)
[231:231:0130/105933.090214:INFO:CONSOLE(128)] "currentLatencynow: 0", source: file:///home/seluser/ppt/player/dashjs/index.html (128)
[231:231:0130/105934.090125:INFO:CONSOLE(128)] "currentLatencynow: 0", source: file:///home/seluser/ppt/player/dashjs/index.html (128)
[231:231:0130/105935.090079:INFO:CONSOLE(128)] "currentLatencynow: 0", source: file:///home/seluser/ppt/player/dashjs/index.html (128)
[231:231:0130/105936.089984:INFO:CONSOLE(128)] "currentLatencynow: 0", source: file:///home/seluser/ppt/player/dashjs/index.html (128)
[659:659:0130/105937.011540:WARNING:audio_manager_linux.cc(69)] Falling back to ALSA for audio output. PulseAudio is not available or could not be initialized.
[659:659:0130/105937.020557:ERROR:alsa_util.cc(204)] PcmOpen: default,No such file or directory
[659:659:0130/105937.020860:ERROR:alsa_util.cc(204)] PcmOpen: plug:default,No such file or directory
[231:231:0130/105937.090369:INFO:CONSOLE(128)] "currentLatencynow: 14.359", source: file:///home/seluser/ppt/player/dashjs/index.html (128)
[231:231:0130/105938.090043:INFO:CONSOLE(128)] "currentLatencynow: 15.359", source: file:///home/seluser/ppt/player/dashjs/index.html (128)
[231:231:0130/105939.090271:INFO:CONSOLE(128)] "currentLatencynow: 16.359", source: file:///home/seluser/ppt/player/dashjs/index.html (128)
[231:231:0130/105940.090208:INFO:CONSOLE(128)] "currentLatencynow: 17.359", source: file:///home/seluser/ppt/player/dashjs/index.html (128)
[231:231:0130/105941.090101:INFO:CONSOLE(128)] "currentLatencynow: 18.359", source: file:///home/seluser/ppt/player/dashjs/index.html (128)
[231:231:0130/105942.090659:INFO:CONSOLE(128)] "currentLatencynow: 19.36", source: file:///home/seluser/ppt/player/dashjs/index.html (128)
[231:231:0130/105943.123196:INFO:CONSOLE(128)] "currentLatencynow: 20.359", source: file:///home/seluser/ppt/player/dashjs/index.html (128)
[231:231:0130/105944.090128:INFO:CONSOLE(128)] "currentLatencynow: 21.359", source: file:///home/seluser/ppt/player/dashjs/index.html (128)
[231:231:0130/105945.090158:INFO:CONSOLE(128)] "currentLatencynow: 22.359", source: file:///home/seluser/ppt/player/dashjs/index.html (128)
[231:258:0130/105945.579422:ERROR:bus.cc(392)] Failed to connect to the bus: Address does not contain a colon
[231:258:0130/105945.579526:ERROR:bus.cc(392)] Failed to connect to the bus: Address does not contain a colon
[231:258:0130/105945.579572:ERROR:bus.cc(392)] Failed to connect to the bus: Address does not contain a colon
[231:258:0130/105945.579637:ERROR:bus.cc(392)] Failed to connect to the bus: Address does not contain a colon
[231:258:0130/105945.579671:ERROR:bus.cc(392)] Failed to connect to the bus: Address does not contain a colon
[231:258:0130/105945.579727:ERROR:bus.cc(392)] Failed to connect to the bus: Address does not contain a colon
[231:258:0130/105945.579764:ERROR:bus.cc(392)] Failed to connect to the bus: Address does not contain a colon
[231:258:0130/105945.579798:ERROR:bus.cc(392)] Failed to connect to the bus: Address does not contain a colon
[231:258:0130/105945.579830:ERROR:bus.cc(392)] Failed to connect to the bus: Address does not contain a colon
[231:258:0130/105945.579871:ERROR:bus.cc(392)] Failed to connect to the bus: Address does not contain a colon
[231:258:0130/105945.579909:ERROR:bus.cc(392)] Failed to connect to the bus: Address does not contain a colon
[231:258:0130/105945.579949:ERROR:bus.cc(392)] Failed to connect to the bus: Address does not contain a colon
[231:258:0130/105945.579988:ERROR:bus.cc(392)] Failed to connect to the bus: Address does not contain a colon
[231:258:0130/105945.580026:ERROR:bus.cc(392)] Failed to connect to the bus: Address does not contain a colon
[231:258:0130/105945.585023:ERROR:bus.cc(392)] Failed to connect to the bus: Address does not contain a colon
[231:258:0130/105945.585082:ERROR:bus.cc(392)] Failed to connect to the bus: Address does not contain a colon
[231:258:0130/105945.585097:ERROR:bus.cc(392)] Failed to connect to the bus: Address does not contain a colon
[231:258:0130/105945.646522:ERROR:bus.cc(392)] Failed to connect to the bus: Address does not contain a colon
[231:258:0130/105945.646567:ERROR:bus.cc(392)] Failed to connect to the bus: Address does not contain a colon
[231:231:0130/105946.089902:INFO:CONSOLE(128)] "currentLatencynow: 22.876", source: file:///home/seluser/ppt/player/dashjs/index.html (128)
[231:231:0130/105947.089999:INFO:CONSOLE(128)] "currentLatencynow: 22.776", source: file:///home/seluser/ppt/player/dashjs/index.html (128)
[231:231:0130/105948.090029:INFO:CONSOLE(128)] "currentLatencynow: 23.537", source: file:///home/seluser/ppt/player/dashjs/index.html (128)
[231:231:0130/105949.090066:INFO:CONSOLE(128)] "currentLatencynow: 24.537", source: file:///home/seluser/ppt/player/dashjs/index.html (128)
[231:231:0130/105950.090283:INFO:CONSOLE(128)] "currentLatencynow: 25.537", source: file:///home/seluser/ppt/player/dashjs/index.html (128)
[303:338:0130/105950.970545:ERROR:database.cc(1761)] ReportingAndNEL SQLite error: code 13 errno 0: database or disk is full sql: INSERT INTO nel_policies (nik, origin_scheme, origin_host, origin_port, received_ip_address, group_name, expires_us_since_epoch, success_fraction, failure_fraction, is_include_subdomains, last_access_us_since_epoch) VALUES (?,?,?,?,?,?,?,?,?,?,?)
[303:338:0130/105950.972065:ERROR:database.cc(1761)] ReportingAndNEL SQLite error: code 13 errno 0: database or disk is full sql: INSERT INTO reporting_endpoints (nik, origin_scheme, origin_host, origin_port, group_name, url, priority, weight) VALUES (?,?,?,?,?,?,?,?)
[303:338:0130/105950.973578:ERROR:database.cc(1761)] ReportingAndNEL SQLite error: code 13 errno 0: database or disk is full sql: INSERT INTO reporting_endpoints (nik, origin_scheme, origin_host, origin_port, group_name, url, priority, weight) VALUES (?,?,?,?,?,?,?,?)
[303:338:0130/105950.975292:ERROR:database.cc(1761)] ReportingAndNEL SQLite error: code 13 errno 0: database or disk is full sql: INSERT INTO reporting_endpoint_groups (nik, origin_scheme, origin_host, origin_port, group_name, is_include_subdomains, expires_us_since_epoch, last_access_us_since_epoch) VALUES (?,?,?,?,?,?,?,?)
[303:338:0130/105950.976738:ERROR:database.cc(1761)] ReportingAndNEL SQLite error: code 13 errno 0: database or disk is full sql: INSERT INTO reporting_endpoint_groups (nik, origin_scheme, origin_host, origin_port, group_name, is_include_subdomains, expires_us_since_epoch, last_access_us_since_epoch) VALUES (?,?,?,?,?,?,?,?)
[303:338:0130/105950.976796:ERROR:database.cc(1761)] ReportingAndNEL SQLite error: code 1 errno 0: cannot commit - no transaction is active sql: COMMIT
[231:231:0130/105951.090085:INFO:CONSOLE(128)] "currentLatencynow: 26.537", source: file:///home/seluser/ppt/player/dashjs/index.html (128)
[231:231:0130/105952.090042:INFO:CONSOLE(128)] "currentLatencynow: 27.537", source: file:///home/seluser/ppt/player/dashjs/index.html (128)
[399:403:0130/105952.995629:ERROR:disk_data_allocator.cc(175)] DISK: Cannot write to disk. written = 1601 FILE_ERROR_FAILED
[231:231:0130/105953.091263:INFO:CONSOLE(128)] "currentLatencynow: 28.538", source: file:///home/seluser/ppt/player/dashjs/index.html (128)
[231:231:0130/105954.090124:INFO:CONSOLE(128)] "currentLatencynow: 29.537", source: file:///home/seluser/ppt/player/dashjs/index.html (128)
[231:231:0130/105955.089964:INFO:CONSOLE(128)] "currentLatencynow: 30.26", source: file:///home/seluser/ppt/player/dashjs/index.html (128)
[231:231:0130/105956.090020:INFO:CONSOLE(128)] "currentLatencynow: 31.26", source: file:///home/seluser/ppt/player/dashjs/index.html (128)
[231:231:0130/105957.090036:INFO:CONSOLE(128)] "currentLatencynow: 32.26", source: file:///home/seluser/ppt/player/dashjs/index.html (128)
[231:231:0130/105958.090031:INFO:CONSOLE(128)] "currentLatencynow: 33.26", source: file:///home/seluser/ppt/player/dashjs/index.html (128)
[231:231:0130/105959.090045:INFO:CONSOLE(128)] "currentLatencynow: 34.26", source: file:///home/seluser/ppt/player/dashjs/index.html (128)
[231:231:0130/110000.090012:INFO:CONSOLE(128)] "currentLatencynow: 35.26", source: file:///home/seluser/ppt/player/dashjs/index.html (128)
[231:231:0130/110001.090224:INFO:CONSOLE(128)] "currentLatencynow: 36.26", source: file:///[231:231:0130/110210.090117:INFO:CONSOLE(128)] "currentLatencynow: 165.26", source: file:///home/seluser/ppt/player/dashjs/index.html (128)
[231:231:0130/110211.089984:INFO:CONSOLE(128)] "currentLatencynow: 166.26", source: file:///home/seluser/ppt/player/dashjs/index.html (128)
[231:231:0130/110212.090060:INFO:CONSOLE(128)] "currentLatencynow: 167.26", source: file:///home/seluser/ppt/player/dashjs/index.html (128)
[231:231:0130/110213.090141:INFO:CONSOLE(128)] "currentLatencynow: 168.26", source: file:///home/seluser/ppt/player/dashjs/index.html (128)
[231:231:0130/110214.090080:INFO:CONSOLE(128)] "currentLatencynow: 169.26", source: file:///home/seluser/ppt/player/dashjs/index.html (128)
[231:231:0130/110215.090080:INFO:CONSOLE(128)] "currentLatencynow: 170.26", source: file:///home/seluser/ppt/player/dashjs/index.html (128)
[231:231:0130/110216.090161:INFO:CONSOLE(128)] "currentLatencynow: 171.26", source: file:///home/seluser/ppt/player/dashjs/index.html (128)
[231:231:0130/110217.090087:INFO:CONSOLE(128)] "currentLatencynow: 172.26", source: file:///home/seluser/ppt/player/dashjs/index.html (128)
[231:231:0130/110218.090013:INFO:CONSOLE(128)] "currentLatencynow: 173.26", source: file:///home/seluser/ppt/player/dashjs/index.html (128)
[231:231:0130/110219.090034:INFO:CONSOLE(128)] "currentLatencynow: 174.26", source: file:///home/seluser/ppt/player/dashjs/index.html (128)
[231:231:0130/110220.089985:INFO:CONSOLE(128)] "currentLatencynow: 175.26", source: file:///home/seluser/ppt/player/dashjs/index.html (128)
[231:231:0130/110221.089937:INFO:CONSOLE(128)] "currentLatencynow: 176.26", source: file:///home/seluser/ppt/player/dashjs/index.html (128)
[231:680:0130/110221.278741:ERROR:database.cc(1761)] History SQLite error: code 1 errno 0: cannot commit - no transaction is active sql: COMMIT
[231:231:0130/110221.296453:WARNING:pref_notifier_impl.cc(40)] Pref observer for media_router.cast_allow_all_ips found at shutdown.
