[229:293:0130/105910.493378:ERROR:bus.cc(392)] Failed to connect to the bus: Failed to connect to socket /var/run/dbus/system_bus_socket: No such file or directory
[229:256:0130/105910.495548:ERROR:bus.cc(392)] Failed to connect to the bus: Address does not contain a colon
[229:256:0130/105910.495764:ERROR:bus.cc(392)] Failed to connect to the bus: Address does not contain a colon
[229:256:0130/105910.509024:ERROR:bus.cc(392)] Failed to connect to the bus: Address does not contain a colon
[229:256:0130/105910.509097:ERROR:bus.cc(392)] Failed to connect to the bus: Address does not contain a colon
[300:300:0130/105910.510079:ERROR:gpu_init.cc(453)] Passthrough is not supported, GL is swiftshader, ANGLE is 
[229:256:0130/105910.539632:ERROR:bus.cc(392)] Failed to connect to the bus: Address does not contain a colon
[229:256:0130/105910.539679:ERROR:bus.cc(392)] Failed to connect to the bus: Address does not contain a colon
[229:392:0130/105910.630229:ERROR:bus.cc(392)] Failed to connect to the bus: Failed to connect to socket /var/run/dbus/system_bus_socket: No such file or directory
[229:392:0130/105910.630320:ERROR:bus.cc(392)] Failed to connect to the bus: Failed to connect to socket /var/run/dbus/system_bus_socket: No such file or directory
[229:392:0130/105910.630374:ERROR:bus.cc(392)] Failed to connect to the bus: Failed to connect to socket /var/run/dbus/system_bus_socket: No such file or directory
[229:392:0130/105910.630388:WARNING:property.cc(144)] DaemonVersion: GetAndBlock: failed.
[229:392:0130/105910.630417:ERROR:bus.cc(392)] Failed to connect to the bus: Failed to connect to socket /var/run/dbus/system_bus_socket: No such file or directory
[229:392:0130/105910.630456:ERROR:bus.cc(392)] Failed to connect to the bus: Failed to connect to socket /var/run/dbus/system_bus_socket: No such file or directory
[229:229:0130/105911.944271:INFO:CONSOLE(128)] "currentLatencynow: 0", source: file:///home/seluser/ppt/player/dashjs/index.html (128)
[229:250:0130/105912.714916:ERROR:chrome_browser_main_extra_parts_metrics.cc(228)] crbug.com/1216328: Checking Bluetooth availability started. Please report if there is no report that this ends.
[229:250:0130/105912.714956:ERROR:chrome_browser_main_extra_parts_metrics.cc(231)] crbug.com/1216328: Checking Bluetooth availability ended.
[229:250:0130/105912.714969:ERROR:chrome_browser_main_extra_parts_metrics.cc(234)] crbug.com/1216328: Checking default browser status started. Please report if there is no report that this ends.
[229:250:0130/105912.901788:ERROR:chrome_browser_main_extra_parts_metrics.cc(238)] crbug.com/1216328: Checking default browser status ended.
[229:229:0130/105912.944267:INFO:CONSOLE(128)] "currentLatencynow: 0", source: file:///home/seluser/ppt/player/dashjs/index.html (128)
[618:618:0130/105913.430094:WARNING:audio_manager_linux.cc(69)] Falling back to ALSA for audio output. PulseAudio is not available or could not be initialized.
[618:618:0130/105913.434709:ERROR:alsa_util.cc(204)] PcmOpen: default,No such file or directory
[618:618:0130/105913.434829:ERROR:alsa_util.cc(204)] PcmOpen: plug:default,No such file or directory
[229:229:0130/105913.944310:INFO:CONSOLE(128)] "currentLatencynow: 6.256", source: file:///home/seluser/ppt/player/dashjs/index.html (128)
[229:229:0130/105914.944347:INFO:CONSOLE(128)] "currentLatencynow: 7.256", source: file:///home/seluser/ppt/player/dashjs/index.html (128)
[229:256:0130/105915.213317:ERROR:bus.cc(392)] Failed to connect to the bus: Address does not contain a colon
[229:256:0130/105915.213402:ERROR:bus.cc(392)] Failed to connect to the bus: Address does not contain a colon
[229:256:0130/105915.213426:ERROR:bus.cc(392)] Failed to connect to the bus: Address does not contain a colon
[229:256:0130/105915.213450:ERROR:bus.cc(392)] Failed to connect to the bus: Address does not contain a colon
[229:256:0130/105915.213469:ERROR:bus.cc(392)] Failed to connect to the bus: Address does not contain a colon
[229:256:0130/105915.213488:ERROR:bus.cc(392)] Failed to connect to the bus: Address does not contain a colon
[229:256:0130/105915.213509:ERROR:bus.cc(392)] Failed to connect to the bus: Address does not contain a colon
[229:256:0130/105915.214215:ERROR:bus.cc(392)] Failed to connect to the bus: Address does not contain a colon
[229:256:0130/105915.214240:ERROR:bus.cc(392)] Failed to connect to the bus: Address does not contain a colon
[229:256:0130/105915.214257:ERROR:bus.cc(392)] Failed to connect to the bus: Address does not contain a colon
[229:256:0130/105915.214272:ERROR:bus.cc(392)] Failed to connect to the bus: Address does not contain a colon
[229:256:0130/105915.214288:ERROR:bus.cc(392)] Failed to connect to the bus: Address does not contain a colon
[229:256:0130/105915.214310:ERROR:bus.cc(392)] Failed to connect to the bus: Address does not contain a colon
[229:256:0130/105915.214326:ERROR:bus.cc(392)] Failed to connect to the bus: Address does not contain a colon
[229:256:0130/105915.217885:ERROR:bus.cc(392)] Failed to connect to the bus: Address does not contain a colon
[229:256:0130/105915.217944:ERROR:bus.cc(392)] Failed to connect to the bus: Address does not contain a colon
[229:256:0130/105915.217978:ERROR:bus.cc(392)] Failed to connect to the bus: Address does not contain a colon
[229:256:0130/105915.305859:ERROR:bus.cc(392)] Failed to connect to the bus: Address does not contain a colon
[229:256:0130/105915.313340:ERROR:bus.cc(392)] Failed to connect to the bus: Address does not contain a colon
[229:229:0130/105915.944229:INFO:CONSOLE(128)] "currentLatencynow: 7.564", source: file:///home/seluser/ppt/player/dashjs/index.html (128)
[229:229:0130/105916.944300:INFO:CONSOLE(128)] "currentLatencynow: 8.375", source: file:///home/seluser/ppt/player/dashjs/index.html (128)
[229:229:0130/105917.944261:INFO:CONSOLE(128)] "currentLatencynow: 9.375", source: file:///home/seluser/ppt/player/dashjs/index.html (128)
[229:229:0130/105918.944236:INFO:CONSOLE(128)] "currentLatencynow: 9.568", source: file:///home/seluser/ppt/player/dashjs/index.html (128)
[229:229:0130/105919.944235:INFO:CONSOLE(128)] "currentLatencynow: 9.568", source: file:///home/seluser/ppt/player/dashjs/index.html (128)
[229:229:0130/105920.944137:INFO:CONSOLE(128)] "currentLatencynow: 10.356", source: file:///home/seluser/ppt/player/dashjs/index.html (128)
[229:229:0130/105921.944226:INFO:CONSOLE(128)] "currentLatencynow: 11.356", source: file:///home/seluser/ppt/player/dashjs/index.html (128)
[229:229:0130/105922.944153:INFO:CONSOLE(128)] "currentLatencynow: 12.356", source: file:///home/seluser/ppt/player/dashjs/index.html (128)
[229:229:0130/105923.944258:INFO:CONSOLE(128)] "currentLatencynow: 13.356", source: file:///home/seluser/ppt/player/dashjs/index.html (128)
[229:229:0130/105924.944307:INFO:CONSOLE(128)] "currentLatencynow: 14.356", source: file:///home/seluser/ppt/player/dashjs/index.html (128)
[229:229:0130/105925.944226:INFO:CONSOLE(128)] "currentLatencynow: 15.356", source: file:///home/seluser/ppt/player/dashjs/index.html (128)
[229:229:0130/105926.944280:INFO:CONSOLE(128)] "currentLatencynow: 16.356", source: file:///home/seluser/ppt/player/dashjs/index.html (128)
[229:229:0130/105927.946838:INFO:CONSOLE(128)] "currentLatencynow: 17.359", source: file:///home/seluser/ppt/player/dashjs/index.html (128)
[229:229:0130/105928.944826:INFO:CONSOLE(128)] "currentLatencynow: 18.357", source: file:///home/seluser/ppt/player/dashjs/index.html (128)
[229:229:0130/105929.944374:INFO:CONSOLE(128)] "currentLatencynow: 19.356", source: file:///home/seluser/ppt/player/dashjs/index.html (128)
[229:229:0130/105930.944392:INFO:CONSOLE(128)] "currentLatencynow: 20.356", source: file:///home/seluser/ppt/player/dashjs/index.html (128)
[229:229:0130/105931.944292:INFO:CONSOLE(128)] "currentLatencynow: 21.356", source: file:///home/seluser/ppt/player/dashjs/index.html (128)
[229:229:0130/105932.944319:INFO:CONSOLE(128)] "currentLatencynow: 22.356", source: file:///home/seluser/ppt/player/dashjs/index.html (128)
[229:229:0130/105933.944252:INFO:CONSOLE(128)] "currentLatencynow: 23.356", source: file:///home/seluser/ppt/player/dashjs/index.html (128)
[229:229:0130/105934.944234:INFO:CONSOLE(128)] "currentLatencynow: 24.356", source: file:///home/seluser/ppt/player/dashjs/index.html (128)
[229:229:0130/105935.944292:INFO:CONSOLE(128)] "currentLatencynow: 25.356", source: file:///home/seluser/ppt/player/dashjs/index.html (128)
[229:229:0130/105936.944215:INFO:CONSOLE(128)] "currentLatencynow: 26.356", source: file:///home/seluser/ppt/player/dashjs/index.html (128)
[229:256:0130/105937.548759:ERROR:bus.cc(392)] Failed to connect to the bus: Address does not contain a colon
[229:256:0130/105937.548842:ERROR:bus.cc(392)] Failed to connect to the bus: Address does not contain a colon
[229:229:0130/105937.944211:INFO:CONSOLE(128)] "currentLatencynow: 26.845", source: file:///home/seluser/ppt/player/dashjs/index.html (128)
[229:229:0130/105938.944297:INFO:CONSOLE(128)] "currentLatencynow: 26.745", source: file:///home/seluser/ppt/player/dashjs/index.html (128)
[229:229:0130/105939.944314:INFO:CONSOLE(128)] "currentLatencynow: 27.343", source: file:///home/seluser/ppt/player/dashjs/index.html (128)
[229:229:0130/105940.944314:INFO:CONSOLE(128)] "currentLatencynow: 28.343", source: file:///home/seluser/ppt/player/dashjs/index.html (128)
[229:229:0130/105941.944264:INFO:CONSOLE(128)] "currentLatencynow: 29.343", source: file:///home/seluser/ppt/player/dashjs/index.html (128)
[229:229:0130/105942.944323:INFO:CONSOLE(128)] "currentLatencynow: 30.081", source: file:///home/seluser/ppt/player/dashjs/index.html (128)
[229:229:0130/105943.944286:INFO:CONSOLE(128)] "currentLatencynow: 31.081", source: file:///home/seluser/ppt/player/dashjs/index.html (128)
[229:229:0130/105944.944345:INFO:CONSOLE(128)] "currentLatencynow: 32.081", source: file:///home/seluser/ppt/player/dashjs/index.html (128)
[229:229:0130/105945.944670:INFO:CONSOLE(128)] "currentLatencynow: 33.082", source: file:///home/seluser/ppt/player/dashjs/index.html (128)
[229:229:0130/105946.944244:INFO:CONSOLE(128)] "currentLatencynow: 34.081", source: file:///home/seluser/ppt/player/dashjs/index.html (128)
[229:229:0130/105947.944342:INFO:CONSOLE(128)] "currentLatencynow: 35.081", source: file:///home/seluser/ppt/player/dashjs/index.html (128)
[229:229:0130/105948.944348:INFO:CONSOLE(128)] "currentLatencynow: 36.081", source: file:///home/seluser/ppt/player/dashjs/index.html (128)
[229:229:0130/105949.944253:INFO:CONSOLE(128)] "currentLatencynow: 37.081", source: file:///home/seluser/ppt/player/dashjs/index.html (128)
[393:395:0130/105950.854738:ERROR:disk_data_allocator.cc(175)] DISK: Cannot write to disk. written = 1601 FILE_ERROR_FAILED
[229:229:0130/105950.944515:INFO:CONSOLE(128)] "currentLatencynow: 38.081", source: file:///home/seluser/ppt/player/dashjs/index.html (128)
[229:229:0130/105951.944301:INFO:CONSOLE(128)] "currentLatencynow: 39.081", source: file:///home/seluser/ppt/player/dashjs/index.html (128)
[229:229:0130/105952.944187:INFO:CONSOLE(128)] "currentLatencynow: 40.081", source: file:///home/seluser/ppt/player/dashjs/index.html (128)
[229:229:0130/105953.944395:INFO:CONSOLE(128)] "currentLatencynow: 41.081", source: file:///home/seluser/ppt/player/dashjs/index.html (128)
[229:229:0130/105954.944298:INFO:CONSOLE(128)] "currentLatencynow: 42.081", source: file:///home/seluser/ppt/player/dashjs/index.html (128)
[229:229:0130/105955.944274:INFO:CONSOLE(128)] "currentLatencynow: 43.081", source: file:///home/seluser/ppt/player/dashjs/index.html (128)
[229:229:0130/105956.944260:INFO:CONSOLE(128)] "currentLatencynow: 44.081", source: file:///home/seluser/ppt/player/dashjs/index.html (128)
[229:229:0130/105957.944241:INFO:CONSOLE(128)] "currentLatencynow: 45.081", source: file:///home/seluser/ppt/player/dashjs/index.html (128)
[229:229:0130/105958.945522:INFO:CONSOLE(128)] "currentLatencynow: 46.081", source: file:///home/seluser/ppt/player/dashjs/index.html (128)
[229:229:0130/105959.944223:INFO:CONSOLE(128)] "currentLatencynow: 47.081", source: file:///home/seluser/ppt/player/dashjs/index.html (128)
[229:229:0130/110000.944279:INFO:CONSOLE(128)] "currentLatencynow: 48.081", source: file:///home/seluser/ppt/player/dashjs/index.html (12[229:229:0130/110209.944335:INFO:CONSOLE(128)] "currentLatencynow: 177.081", source: file:///home/seluser/ppt/player/dashjs/index.html (128)
[229:229:0130/110210.944237:INFO:CONSOLE(128)] "currentLatencynow: 178.081", source: file:///home/seluser/ppt/player/dashjs/index.html (128)
[229:250:0130/110211.137935:ERROR:database.cc(1761)] History SQLite error: code 1 errno 0: cannot commit - no transaction is active sql: COMMIT
[229:229:0130/110211.149373:WARNING:pref_notifier_impl.cc(40)] Pref observer for media_router.cast_allow_all_ips found at shutdown.
