[103:138:0111/084934.087754:ERROR:bus.cc(392)] Failed to connect to the bus: Failed to connect to socket /var/run/dbus/system_bus_socket: No such file or directory
[103:129:0111/084934.090512:ERROR:bus.cc(392)] Failed to connect to the bus: Address does not contain a colon
[103:129:0111/084934.090558:ERROR:bus.cc(392)] Failed to connect to the bus: Address does not contain a colon
[103:129:0111/084934.106259:ERROR:bus.cc(392)] Failed to connect to the bus: Address does not contain a colon
[103:129:0111/084934.106327:ERROR:bus.cc(392)] Failed to connect to the bus: Address does not contain a colon
[146:146:0111/084934.116181:ERROR:gpu_init.cc(453)] Passthrough is not supported, GL is swiftshader, ANGLE is 
[103:129:0111/084934.151909:ERROR:bus.cc(392)] Failed to connect to the bus: Address does not contain a colon
[103:129:0111/084934.151984:ERROR:bus.cc(392)] Failed to connect to the bus: Address does not contain a colon
[103:225:0111/084934.515659:ERROR:bus.cc(392)] Failed to connect to the bus: Failed to connect to socket /var/run/dbus/system_bus_socket: No such file or directory
[103:225:0111/084934.515774:ERROR:bus.cc(392)] Failed to connect to the bus: Failed to connect to socket /var/run/dbus/system_bus_socket: No such file or directory
[103:225:0111/084934.515850:ERROR:bus.cc(392)] Failed to connect to the bus: Failed to connect to socket /var/run/dbus/system_bus_socket: No such file or directory
[103:225:0111/084934.515874:WARNING:property.cc(144)] DaemonVersion: GetAndBlock: failed.
[103:225:0111/084934.515919:ERROR:bus.cc(392)] Failed to connect to the bus: Failed to connect to socket /var/run/dbus/system_bus_socket: No such file or directory
[103:225:0111/084934.515975:ERROR:bus.cc(392)] Failed to connect to the bus: Failed to connect to socket /var/run/dbus/system_bus_socket: No such file or directory
[103:169:0111/084938.272424:ERROR:chrome_browser_main_extra_parts_metrics.cc(228)] crbug.com/1216328: Checking Bluetooth availability started. Please report if there is no report that this ends.
[103:169:0111/084938.272455:ERROR:chrome_browser_main_extra_parts_metrics.cc(231)] crbug.com/1216328: Checking Bluetooth availability ended.
[103:169:0111/084938.272464:ERROR:chrome_browser_main_extra_parts_metrics.cc(234)] crbug.com/1216328: Checking default browser status started. Please report if there is no report that this ends.
[103:169:0111/084938.421391:ERROR:chrome_browser_main_extra_parts_metrics.cc(238)] crbug.com/1216328: Checking default browser status ended.
[103:103:0111/084941.856649:INFO:CONSOLE(126)] "currentLatencynow: NaN", source: file:///home/seluser/ppt/player/bola1/index.html (126)
[103:103:0111/084942.856313:INFO:CONSOLE(126)] "currentLatencynow: NaN", source: file:///home/seluser/ppt/player/bola1/index.html (126)
[443:443:0111/084943.785040:WARNING:audio_manager_linux.cc(69)] Falling back to ALSA for audio output. PulseAudio is not available or could not be initialized.
[443:443:0111/084943.790774:ERROR:alsa_util.cc(204)] PcmOpen: default,No such file or directory
[443:443:0111/084943.790999:ERROR:alsa_util.cc(204)] PcmOpen: plug:default,No such file or directory
[103:103:0111/084943.856332:INFO:CONSOLE(126)] "currentLatencynow: 4.164", source: file:///home/seluser/ppt/player/bola1/index.html (126)
[103:103:0111/084944.856206:INFO:CONSOLE(126)] "currentLatencynow: 5.163", source: file:///home/seluser/ppt/player/bola1/index.html (126)
[103:103:0111/084945.856278:INFO:CONSOLE(126)] "currentLatencynow: 6.163", source: file:///home/seluser/ppt/player/bola1/index.html (126)
[103:103:0111/084946.856198:INFO:CONSOLE(126)] "currentLatencynow: 7.163", source: file:///home/seluser/ppt/player/bola1/index.html (126)
[103:103:0111/084947.856220:INFO:CONSOLE(126)] "currentLatencynow: 8.163", source: file:///home/seluser/ppt/player/bola1/index.html (126)
[103:129:0111/084947.892234:ERROR:bus.cc(392)] Failed to connect to the bus: Address does not contain a colon
[103:129:0111/084947.892305:ERROR:bus.cc(392)] Failed to connect to the bus: Address does not contain a colon
[103:129:0111/084947.892340:ERROR:bus.cc(392)] Failed to connect to the bus: Address does not contain a colon
[103:129:0111/084947.892386:ERROR:bus.cc(392)] Failed to connect to the bus: Address does not contain a colon
[103:129:0111/084947.892420:ERROR:bus.cc(392)] Failed to connect to the bus: Address does not contain a colon
[103:129:0111/084947.892450:ERROR:bus.cc(392)] Failed to connect to the bus: Address does not contain a colon
[103:129:0111/084947.892480:ERROR:bus.cc(392)] Failed to connect to the bus: Address does not contain a colon
[103:129:0111/084947.892510:ERROR:bus.cc(392)] Failed to connect to the bus: Address does not contain a colon
[103:129:0111/084947.892542:ERROR:bus.cc(392)] Failed to connect to the bus: Address does not contain a colon
[103:129:0111/084947.892575:ERROR:bus.cc(392)] Failed to connect to the bus: Address does not contain a colon
[103:129:0111/084947.892607:ERROR:bus.cc(392)] Failed to connect to the bus: Address does not contain a colon
[103:129:0111/084947.892637:ERROR:bus.cc(392)] Failed to connect to the bus: Address does not contain a colon
[103:129:0111/084947.892686:ERROR:bus.cc(392)] Failed to connect to the bus: Address does not contain a colon
[103:129:0111/084947.892717:ERROR:bus.cc(392)] Failed to connect to the bus: Address does not contain a colon
[103:129:0111/084947.897287:ERROR:bus.cc(392)] Failed to connect to the bus: Address does not contain a colon
[103:129:0111/084947.897334:ERROR:bus.cc(392)] Failed to connect to the bus: Address does not contain a colon
[103:129:0111/084947.897356:ERROR:bus.cc(392)] Failed to connect to the bus: Address does not contain a colon
[103:129:0111/084947.931305:ERROR:bus.cc(392)] Failed to connect to the bus: Address does not contain a colon
[103:129:0111/084947.931382:ERROR:bus.cc(392)] Failed to connect to the bus: Address does not contain a colon
[103:103:0111/084948.856153:INFO:CONSOLE(126)] "currentLatencynow: 8.171", source: file:///home/seluser/ppt/player/bola1/index.html (126)
[103:103:0111/084949.856196:INFO:CONSOLE(126)] "currentLatencynow: 8.071", source: file:///home/seluser/ppt/player/bola1/index.html (126)
[103:103:0111/084950.856300:INFO:CONSOLE(126)] "currentLatencynow: 7.971", source: file:///home/seluser/ppt/player/bola1/index.html (126)
[103:103:0111/084951.856144:INFO:CONSOLE(126)] "currentLatencynow: 7.871", source: file:///home/seluser/ppt/player/bola1/index.html (126)
[103:103:0111/084952.856188:INFO:CONSOLE(126)] "currentLatencynow: 7.771", source: file:///home/seluser/ppt/player/bola1/index.html (126)
[103:103:0111/084953.856175:INFO:CONSOLE(126)] "currentLatencynow: 7.671", source: file:///home/seluser/ppt/player/bola1/index.html (126)
[103:103:0111/084954.856119:INFO:CONSOLE(126)] "currentLatencynow: 7.571", source: file:///home/seluser/ppt/player/bola1/index.html (126)
[103:103:0111/084955.857768:INFO:CONSOLE(126)] "currentLatencynow: 7.925", source: file:///home/seluser/ppt/player/bola1/index.html (126)
[103:103:0111/084956.856143:INFO:CONSOLE(126)] "currentLatencynow: 7.907", source: file:///home/seluser/ppt/player/bola1/index.html (126)
[103:103:0111/084957.856124:INFO:CONSOLE(126)] "currentLatencynow: 7.807", source: file:///home/seluser/ppt/player/bola1/index.html (126)
[103:103:0111/084958.856192:INFO:CONSOLE(126)] "currentLatencynow: 7.707", source: file:///home/seluser/ppt/player/bola1/index.html (126)
[103:103:0111/084959.859373:INFO:CONSOLE(126)] "currentLatencynow: 7.607", source: file:///home/seluser/ppt/player/bola1/index.html (126)
[103:103:0111/085000.856230:INFO:CONSOLE(126)] "currentLatencynow: 7.507", source: file:///home/seluser/ppt/player/bola1/index.html (126)
[103:103:0111/085001.856310:INFO:CONSOLE(126)] "currentLatencynow: 7.407", source: file:///home/seluser/ppt/player/bola1/index.html (126)
[103:103:0111/085002.856232:INFO:CONSOLE(126)] "currentLatencynow: 7.307", source: file:///home/seluser/ppt/player/bola1/index.html (126)
[103:103:0111/085003.856330:INFO:CONSOLE(126)] "currentLatencynow: 7.207", source: file:///home/seluser/ppt/player/bola1/index.html (126)
[103:103:0111/085004.856304:INFO:CONSOLE(126)] "currentLatencynow: 7.107", source: file:///home/seluser/ppt/player/bola1/index.html (126)
[103:103:0111/085005.856289:INFO:CONSOLE(126)] "currentLatencynow: 7.007", source: file:///home/seluser/ppt/player/bola1/index.html (126)
[103:103:0111/085006.856341:INFO:CONSOLE(126)] "currentLatencynow: 6.907", source: file:///home/seluser/ppt/player/bola1/index.html (126)
[103:103:0111/085007.856364:INFO:CONSOLE(126)] "currentLatencynow: 6.808", source: file:///home/seluser/ppt/player/bola1/index.html (126)
[103:103:0111/085008.856203:INFO:CONSOLE(126)] "currentLatencynow: 6.707", source: file:///home/seluser/ppt/player/bola1/index.html (126)
[103:103:0111/085009.856296:INFO:CONSOLE(126)] "currentLatencynow: 6.607", source: file:///home/seluser/ppt/player/bola1/index.html (126)
[103:103:0111/085010.856404:INFO:CONSOLE(126)] "currentLatencynow: 6.507", source: file:///home/seluser/ppt/player/bola1/index.html (126)
[103:103:0111/085011.856232:INFO:CONSOLE(126)] "currentLatencynow: 6.407", source: file:///home/seluser/ppt/player/bola1/index.html (126)
[103:103:0111/085012.856275:INFO:CONSOLE(126)] "currentLatencynow: 6.307", source: file:///home/seluser/ppt/player/bola1/index.html (126)
[103:103:0111/085013.856217:INFO:CONSOLE(126)] "currentLatencynow: 6.225", source: file:///home/seluser/ppt/player/bola1/index.html (126)
[103:103:0111/085014.856438:INFO:CONSOLE(126)] "currentLatencynow: 6.226", source: file:///home/seluser/ppt/player/bola1/index.html (126)
[103:103:0111/085015.856226:INFO:CONSOLE(126)] "currentLatencynow: 6.225", source: file:///home/seluser/ppt/player/bola1/index.html (126)
[103:103:0111/085016.856161:INFO:CONSOLE(126)] "currentLatencynow: 6.225", source: file:///home/seluser/ppt/player/bola1/index.html (126)
[103:103:0111/085017.856170:INFO:CONSOLE(126)] "currentLatencynow: 6.174", source: file:///home/seluser/ppt/player/bola1/index.html (126)
[103:103:0111/085018.856192:INFO:CONSOLE(126)] "currentLatencynow: 6.074", source: file:///home/seluser/ppt/player/bola1/index.html (126)
[103:103:0111/085019.856145:INFO:CONSOLE(126)] "currentLatencynow: 5.974", source: file:///home/seluser/ppt/player/bola1/index.html (126)
[103:103:0111/085020.856267:INFO:CONSOLE(126)] "currentLatencynow: 5.874", source: file:///home/seluser/ppt/player/bola1/index.html (126)
[103:103:0111/085021.856219:INFO:CONSOLE(126)] "currentLatencynow: 5.774", source: file:///home/seluser/ppt/player/bola1/index.html (126)
[103:103:0111/085022.856138:INFO:CONSOLE(126)] "currentLatencynow: 5.674", source: file:///home/seluser/ppt/player/bola1/index.html (126)
[103:103:0111/085023.856318:INFO:CONSOLE(126)] "currentLatencynow: 5.575", source: file:///home/seluser/ppt/player/bola1/index.html (126)
[103:103:0111/085024.856141:INFO:CONSOLE(126)] "currentLatencynow: 5.474", source: file:///home/seluser/ppt/player/bola1/index.html (126)
[103:103:0111/085025.856184:INFO:CONSOLE(126)] "currentLatencynow: 5.374", source: file:///home/seluser/ppt/player/bola1/index.html (126)
[103:103:0111/085026.856178:INFO:CONSOLE(126)] "currentLatencynow: 5.274", source: file:///home/seluser/ppt/player/bola1/index.html (126)
[103:103:0111/085027.856127:INFO:CONSOLE(126)] "currentLatencynow: 5.174", source: file:///home/seluser/ppt/player/bola1/index.html (126)
[103:103:0111/085028.856238:INFO:CONSOLE(126)] "currentLatencynow: 5.074", source: file:///home/seluser/ppt/player/bola1/index.html (126)
[103:103:0111/085029.856249:INFO:CONSOLE(126)] "currentLatencynow: 4.974", source: file:///home/seluser/ppt/player/bola1/index.html (126)
[103:103:0111/085030.856358:INFO:CONSOLE(126)] "currentLatencynow: 4.874", source: file:///home/seluser/ppt/player/bola1/index.html (126)
[103:103:0111/085031.856118:INFO:CONSOLE(126)] "currentLatencynow: 4.774", source: file:///home/seluser/ppt/player/bola1/index.html (126)
[103:103:0111/085032.856283:INFO:CONSOLE(126)] "currentLatencynow: 4.674", source: file:///home/seluser/ppt/player/bola1/index.html (126)
[103:103:0111/085033.856198:INFO:CONSOLE(126)] "currentLatencynow: 4.574", source: file:///home/seluser/ppt/player/bola1/index.html (126)
[103:103:0111/085034.856664:INFO:CONSOLE(126)] "currentLatencynow: 4.474", source: file:///home/seluser/ppt/player/bola1/index.html (126)
[103:103:0111/085035.856349:INFO:CONSOLE(126)] "currentLatencynow: 4.384", source: file:///home/seluser/ppt/player/bola1/index.html (126)
[103:103:0111/085036.856193:INFO:CONSOLE(126)] "currentLatencynow: 4.305", source: file:///home/seluser/ppt/player/bola1/index.html (126)
[103:103:0111/085037.856325:INFO:CONSOLE(126)] "currentLatencynow: 4.235", source: file:///home/seluser/ppt/player/bola1/index.html (126)
[103:103:0111/085038.856285:INFO:CONSOLE(126)] "currentLatencynow: 4.176", source: file:///home/seluser/ppt/player/bola1/index.html (126)
[103:103:0111/085039.856425:INFO:CONSOLE(126)] "currentLatencynow: 4.128", source: file:///home/seluser/ppt/player/bola1/index.html (126)
[103:103:0111/085040.856134:INFO:CONSOLE(126)] "currentLatencynow: 4.092", source: file:///home/seluser/ppt/player/bola1/index.html (126)
[103:103:0111/085041.856199:INFO:CONSOLE(126)] "currentLatencynow: 4.057", source: file:///home/seluser/ppt/player/bola1/index.html (126)
[103:103:0111/085042.856132:INFO:CONSOLE(126)] "currentLatencynow: 4.042", source: file:///home/seluser/ppt/player/bola1/index.html (126)
[103:103:0111/085043.856292:INFO:CONSOLE(126)] "currentLatencynow: 4.028", source: file:///home/seluser/ppt/player/bola1/index.html (126)
[103:103:0111/085044.856176:INFO:CONSOLE(126)] "currentLatencynow: 4.015", source: file:///home/seluser/ppt/player/bola1/index.html (126)
[103:103:0111/085045.856183:INFO:CONSOLE(126)] "currentLatencynow: 4.015", source: file:///home/seluser/ppt/player/bola1/index.html (126)
[103:103:0111/085046.856087:INFO:CONSOLE(126)] "currentLatencynow: 4.015", source: file:///home/seluser/ppt/player/bola1/index.html (126)
[103:103:0111/085047.856212:INFO:CONSOLE(126)] "currentLatencynow: 4.015", source: file:///home/seluser/ppt/player/bola1/index.html (126)
[103:103:0111/085048.856218:INFO:CONSOLE(126)] "currentLatencynow: 4.015", source: file:///home/seluser/ppt/player/bola1/index.html (126)
[103:103:0111/085049.856159:INFO:CONSOLE(126)] "currentLatencynow: 4.015", source: file:///home/seluser/ppt/player/bola1/index.html (126)
[103:103:0111/085050.856136:INFO:CONSOLE(126)] "currentLatencynow: 4.015", source: file:///home/seluser/ppt/player/bola1/index.html (126)
[103:103:0111/085051.856221:INFO:CONSOLE(126)] "currentLatencynow: 4.015", source: file:///home/seluser/ppt/player/bola1/index.html (126)
[103:103:0111/085052.856143:INFO:CONSOLE(126)] "currentLatencynow: 4.015", source: file:///home/seluser/ppt/player/bola1/index.html (126)
[103:103:0111/085053.856192:INFO:CONSOLE(126)] "currentLatencynow: 4.015", source: file:///home/seluser/ppt/player/bola1/index.html (126)
[103:103:0111/085054.856092:INFO:CONSOLE(126)] "currentLatencynow: 4.015", source: file:///home/seluser/ppt/player/bola1/index.html (126)
[103:103:0111/085055.856149:INFO:CONSOLE(126)] "currentLatencynow: 4.015", source: file:///home/seluser/ppt/player/bola1/index.html (126)
[103:103:0111/085056.856157:INFO:CONSOLE(126)] "currentLatencynow: 4.015", source: file:///home/seluser/ppt/player/bola1/index.html (126)
[103:103:0111/085057.856155:INFO:CONSOLE(126)] "currentLatencynow: 4.015", source: file:///home/seluser/ppt/player/bola1/index.html (126)
[103:103:0111/085058.856266:INFO:CONSOLE(126)] "currentLatencynow: 4.016", source: file:///home/seluser/ppt/player/bola1/index.html (126)
[103:103:0111/085059.856200:INFO:CONSOLE(126)] "currentLatencynow: 4.015", source: file:///home/seluser/ppt/player/bola1/index.html (126)
[103:103:0111/085100.856193:INFO:CONSOLE(126)] "currentLatencynow: 4.015", source: file:///home/seluser/ppt/player/bola1/index.html (126)
[103:103:0111/085101.856177:INFO:CONSOLE(126)] "currentLatencynow: 4.015", source: file:///home/seluser/ppt/player/bola1/index.html (126)
[103:103:0111/085102.856196:INFO:CONSOLE(126)] "currentLatencynow: 4.015", source: file:///home/seluser/ppt/player/bola1/index.html (126)
[103:103:0111/085103.856192:INFO:CONSOLE(126)] "currentLatencynow: 4.015", source: file:///home/seluser/ppt/player/bola1/index.html (126)
[103:103:0111/085104.856214:INFO:CONSOLE(126)] "currentLatencynow: 4.015", source: file:///home/seluser/ppt/player/bola1/index.html (126)
[103:103:0111/085105.856196:INFO:CONSOLE(126)] "currentLatencynow: 4.015", source: file:///home/seluser/ppt/player/bola1/index.html (126)
[103:103:0111/085106.856172:INFO:CONSOLE(126)] "currentLatencynow: 4.015", source: file:///home/seluser/ppt/player/bola1/index.html (126)
[103:103:0111/085107.856241:INFO:CONSOLE(126)] "currentLatencynow: 4.015", source: file:///home/seluser/ppt/player/bola1/index.html (126)
[103:103:0111/085108.856144:INFO:CONSOLE(126)] "currentLatencynow: 4.015", source: file:///home/seluser/ppt/player/bola1/index.html (126)
[103:103:0111/085109.856205:INFO:CONSOLE(126)] "currentLatencynow: 4.016", source: file:///home/seluser/ppt/player/bola1/index.html (126)
[103:103:0111/085110.856212:INFO:CONSOLE(126)] "currentLatencynow: 4.015", source: file:///home/seluser/ppt/player/bola1/index.html (126)
[103:103:0111/085111.856632:INFO:CONSOLE(126)] "currentLatencynow: 4.015", source: file:///home/seluser/ppt/player/bola1/index.html (126)
[103:103:0111/085112.856338:INFO:CONSOLE(126)] "currentLatencynow: 4.016", source: file:///home/seluser/ppt/player/bola1/index.html (126)
[103:103:0111/085113.856210:INFO:CONSOLE(126)] "currentLatencynow: 4.015", source: file:///home/seluser/ppt/player/bola1/index.html (126)
[103:103:0111/085114.856197:INFO:CONSOLE(126)] "currentLatencynow: 4.015", source: file:///home/seluser/ppt/player/bola1/index.html (126)
[103:103:0111/085115.856227:INFO:CONSOLE(126)] "currentLatencynow: 4.015", source: file:///home/seluser/ppt/player/bola1/index.html (126)
[103:103:0111/085116.856075:INFO:CONSOLE(126)] "currentLatencynow: 4.015", source: file:///home/seluser/ppt/player/bola1/index.html (126)
[103:103:0111/085117.856166:INFO:CONSOLE(126)] "currentLatencynow: 4.015", source: file:///home/seluser/ppt/player/bola1/index.html (126)
[103:103:0111/085118.856164:INFO:CONSOLE(126)] "currentLatencynow: 4.015", source: file:///home/seluser/ppt/player/bola1/index.html (126)
[103:103:0111/085119.856195:INFO:CONSOLE(126)] "currentLatencynow: 4.015", source: file:///home/seluser/ppt/player/bola1/index.html (126)
[103:103:0111/085120.856232:INFO:CONSOLE(126)] "currentLatencynow: 4.015", source: file:///home/seluser/ppt/player/bola1/index.html (126)
[103:103:0111/085121.856192:INFO:CONSOLE(126)] "currentLatencynow: 4.015", source: file:///home/seluser/ppt/player/bola1/index.html (126)
[103:103:0111/085122.856139:INFO:CONSOLE(126)] "currentLatencynow: 4.015", source: file:///home/seluser/ppt/player/bola1/index.html (126)
[103:103:0111/085123.861099:INFO:CONSOLE(126)] "currentLatencynow: 4.015", source: file:///home/seluser/ppt/player/bola1/index.html (126)
[103:103:0111/085124.856115:INFO:CONSOLE(126)] "currentLatencynow: 4.015", source: file:///home/seluser/ppt/player/bola1/index.html (126)
[103:103:0111/085125.856117:INFO:CONSOLE(126)] "currentLatencynow: 4.015", source: file:///home/seluser/ppt/player/bola1/index.html (126)
[103:103:0111/085126.856180:INFO:CONSOLE(126)] "currentLatencynow: 4.015", source: file:///home/seluser/ppt/player/bola1/index.html (126)
[103:103:0111/085127.856347:INFO:CONSOLE(126)] "currentLatencynow: 4.016", source: file:///home/seluser/ppt/player/bola1/index.html (126)
[103:103:0111/085128.856106:INFO:CONSOLE(126)] "currentLatencynow: 4.015", source: file:///home/seluser/ppt/player/bola1/index.html (126)
[103:103:0111/085129.856089:INFO:CONSOLE(126)] "currentLatencynow: 4.015", source: file:///home/seluser/ppt/player/bola1/index.html (126)
[103:103:0111/085130.856247:INFO:CONSOLE(126)] "currentLatencynow: 4.015", source: file:///home/seluser/ppt/player/bola1/index.html (126)
[103:103:0111/085131.856239:INFO:CONSOLE(126)] "currentLatencynow: 4.015", source: file:///home/seluser/ppt/player/bola1/index.html (126)
[103:103:0111/085132.856187:INFO:CONSOLE(126)] "currentLatencynow: 4.015", source: file:///home/seluser/ppt/player/bola1/index.html (126)
[103:103:0111/085133.856243:INFO:CONSOLE(126)] "currentLatencynow: 4.015", source: file:///home/seluser/ppt/player/bola1/index.html (126)
[103:103:0111/085134.856228:INFO:CONSOLE(126)] "currentLatencynow: 4.015", source: file:///home/seluser/ppt/player/bola1/index.html (126)
[103:103:0111/085135.856219:INFO:CONSOLE(126)] "currentLatencynow: 4.015", source: file:///home/seluser/ppt/player/bola1/index.html (126)
[103:103:0111/085136.856255:INFO:CONSOLE(126)] "currentLatencynow: 4.015", source: file:///home/seluser/ppt/player/bola1/index.html (126)
[103:103:0111/085137.856240:INFO:CONSOLE(126)] "currentLatencynow: 4.015", source: file:///home/seluser/ppt/player/bola1/index.html (126)
[103:103:0111/085138.856206:INFO:CONSOLE(126)] "currentLatencynow: 4.015", source: file:///home/seluser/ppt/player/bola1/index.html (126)
[103:103:0111/085139.856206:INFO:CONSOLE(112)] "Begin Player stistics 
", source: file:///home/seluser/ppt/player/bola1/index.html (112)
[103:103:0111/085139.856932:INFO:CONSOLE(113)] "["stall",[["8.84","12.98",4.140000000000001]],[["20.19","20.44",0.25]],[["availibleBW",[null],[null],[null],[null],[1528],[1528],[1528],[1316],[1417],[1517],[1972],[1972],[1972],[1972],[1749],[2024],[1847],[1847],[1687],[1687],[1682],[1682],[1682],[1597],[1827],[2121],[2121],[2057],[2057],[2160],[3110],[3110],[2974],[2588],[2588],[3146],[3614],[4404],[3769],[3769],[3132],[3132],[2434],[3220],[2901],[2901],[2182],[2182],[2125],[2125],[2794],[2794],[2404],[2404],[2321],[2321],[2196],[2196],[443],[443],[447],[447],[451],[451],[492],[492],[494],[494],[521],[521],[540],[540],[515],[515],[503],[503],[499],[499],[519],[519],[512],[512],[512],[480],[475],[475],[446],[446],[458],[458],[462],[462],[458],[458],[465],[465],[457],[457],[466],[466],[506],[506],[512],[512],[521],[521],[487],[487],[478],[478],[462],[462],[437],[437],[405],[405],[406],[406]]],[["currentBuffer",[0],[0],[0],[0],[1.886],[1.886],[1.886],[2.964],[2.032],[2.888],[3.627],[2.736],[1.636],[0.536],[1.663],[6.652],[7.554],[6.454],[7.356],[6.256],[5.156],[4.056],[2.956],[1.856],[0.756],[1.658],[0.558],[1.46],[0.36],[3.264],[2.164],[1.064],[0],[0.983],[0],[0.984],[3.939],[4.841],[5.743],[4.643],[5.545],[4.445],[5.347],[4.247],[5.149],[4.049],[4.951],[3.851],[4.753],[3.653],[4.555],[3.455],[4.357],[3.257],[4.168],[3.089],[4.021],[2.963],[3.916],[2.88],[3.847],[2.832],[3.819],[2.807],[3.809],[2.809],[3.811],[2.811],[3.813],[2.813],[3.815],[2.815],[3.817],[2.817],[3.819],[2.819],[3.821],[2.821],[3.823],[2.823],[3.825],[2.825],[1.825],[2.827],[3.829],[2.829],[3.831],[2.831],[3.833],[2.833],[3.835],[2.835],[3.837],[2.837],[3.839],[2.839],[3.841],[2.841],[3.843],[2.843],[3.845],[2.845],[3.847],[2.847],[3.849],[2.849],[3.851],[2.851],[3.853],[2.853],[3.855],[2.855],[3.857],[2.857],[3.859],[2.859],[3.861],[2.861]]],[["currentLatency",[null],[null],[4.164],[5.163],[6.163],[7.163],[8.163],[8.171],[8.071],[7.971],[7.871],[7.771],[7.671],[7.571],[7.925],[7.907],[7.807],[7.707],[7.607],[7.507],[7.407],[7.307],[7.207],[7.107],[7.007],[6.907],[6.808],[6.707],[6.607],[6.507],[6.407],[6.307],[6.225],[6.226],[6.225],[6.225],[6.174],[6.074],[5.974],[5.874],[5.774],[5.674],[5.575],[5.474],[5.374],[5.274],[5.174],[5.074],[4.974],[4.874],[4.774],[4.674],[4.574],[4.474],[4.384],[4.305],[4.235],[4.176],[4.128],[4.092],[4.057],[4.042],[4.028],[4.015],[4.015],[4.015],[4.015],[4.015],[4.015],[4.015],[4.015],[4.015],[4.015],[4.015],[4.015],[4.015],[4.015],[4.016],[4.015],[4.015],[4.015],[4.015],[4.015],[4.015],[4.015],[4.015],[4.015],[4.015],[4.016],[4.015],[4.015],[4.016],[4.015],[4.015],[4.015],[4.015],[4.015],[4.015],[4.015],[4.015],[4.015],[4.015],[4.015],[4.015],[4.015],[4.015],[4.016],[4.015],[4.015],[4.015],[4.015],[4.015],[4.015],[4.015],[4.015],[4.015],[4.015],[4.015]]]]", source: file:///home/seluser/ppt/player/bola1/index.html (113)
[103:103:0111/085139.857745:INFO:CONSOLE(114)] "
", source: file:///home/seluser/ppt/player/bola1/index.html (114)
[103:103:0111/085139.857809:INFO:CONSOLE(115)] "Finish Player stistics 
", source: file:///home/seluser/ppt/player/bola1/index.html (115)
[103:103:0111/085139.857854:INFO:CONSOLE(126)] "currentLatencynow: 4.016", source: file:///home/seluser/ppt/player/bola1/index.html (126)
[103:103:0111/085140.856248:INFO:CONSOLE(126)] "currentLatencynow: 4.015", source: file:///home/seluser/ppt/player/bola1/index.html (126)
[103:103:0111/085141.856218:INFO:CONSOLE(126)] "currentLatencynow: 4.015", source: file:///home/seluser/ppt/player/bola1/index.html (126)
[103:103:0111/085142.856303:INFO:CONSOLE(126)] "currentLatencynow: 4.015", source: file:///home/seluser/ppt/player/bola1/index.html (126)
[103:103:0111/085143.856652:INFO:CONSOLE(126)] "currentLatencynow: 4.015", source: file:///home/seluser/ppt/player/bola1/index.html (126)
[103:103:0111/085144.856410:INFO:CONSOLE(126)] "currentLatencynow: 4.016", source: file:///home/seluser/ppt/player/bola1/index.html (126)
[103:103:0111/085145.856292:INFO:CONSOLE(126)] "currentLatencynow: 4.016", source: file:///home/seluser/ppt/player/bola1/index.html (126)
[103:103:0111/085146.856155:INFO:CONSOLE(126)] "currentLatencynow: 4.015", source: file:///home/seluser/ppt/player/bola1/index.html (126)
[103:103:0111/085147.856159:INFO:CONSOLE(126)] "currentLatencynow: 4.015", source: file:///home/seluser/ppt/player/bola1/index.html (126)
[103:103:0111/085148.856169:INFO:CONSOLE(126)] "currentLatencynow: 4.015", source: file:///home/seluser/ppt/player/bola1/index.html (126)
[103:103:0111/085149.856194:INFO:CONSOLE(126)] "currentLatencynow: 4.015", source: file:///home/seluser/ppt/player/bola1/index.html (126)
[103:103:0111/085150.856178:INFO:CONSOLE(126)] "currentLatencynow: 4.015", source: file:///home/seluser/ppt/player/bola1/index.html (126)
[103:103:0111/085151.856302:INFO:CONSOLE(126)] "currentLatencynow: 4.016", source: file:///home/seluser/ppt/player/bola1/index.html (126)
[103:103:0111/085152.856193:INFO:CONSOLE(126)] "currentLatencynow: 4.015", source: file:///home/seluser/ppt/player/bola1/index.html (126)
[103:103:0111/085153.627616:INFO:CONSOLE(17687)] "[132791][GapController] Jumping gap occuring in period 0 starting at 28305.941333 and ending at 28306.282666. Jumping by: 0.09999999999999998 ", source: https://reference.dashif.org/dash.js/v4.0.0/dist/dash.all.debug.js (17687)
[103:103:0111/085153.856281:INFO:CONSOLE(126)] "currentLatencynow: 4", source: file:///home/seluser/ppt/player/bola1/index.html (126)
[103:103:0111/085154.856171:INFO:CONSOLE(126)] "currentLatencynow: 4", source: file:///home/seluser/ppt/player/bola1/index.html (126)
[103:103:0111/085155.856196:INFO:CONSOLE(126)] "currentLatencynow: 4", source: file:///home/seluser/ppt/player/bola1/index.html (126)
[103:103:0111/085156.856141:INFO:CONSOLE(126)] "currentLatencynow: 4", source: file:///home/seluser/ppt/player/bola1/index.html (126)
[103:103:0111/085157.856132:INFO:CONSOLE(126)] "currentLatencynow: 4", source: file:///home/seluser/ppt/player/bola1/index.html (126)
[103:103:0111/085158.856204:INFO:CONSOLE(126)] "currentLatencynow: 4", source: file:///home/seluser/ppt/player/bola1/index.html (126)
[103:103:0111/085159.856346:INFO:CONSOLE(126)] "currentLatencynow: 4.001", source: file:///home/seluser/ppt/player/bola1/index.html (126)
[103:103:0111/085200.856215:INFO:CONSOLE(126)] "currentLatencynow: 4", source: file:///home/seluser/ppt/player/bola1/index.html (126)
[103:103:0111/085201.856149:INFO:CONSOLE(126)] "currentLatencynow: 4", source: file:///home/seluser/ppt/player/bola1/index.html (126)
[103:103:0111/085202.856143:INFO:CONSOLE(126)] "currentLatencynow: 4", source: file:///home/seluser/ppt/player/bola1/index.html (126)
[103:103:0111/085203.856155:INFO:CONSOLE(126)] "currentLatencynow: 4", source: file:///home/seluser/ppt/player/bola1/index.html (126)
[103:103:0111/085204.856130:INFO:CONSOLE(126)] "currentLatencynow: 4", source: file:///home/seluser/ppt/player/bola1/index.html (126)
[103:103:0111/085205.856234:INFO:CONSOLE(126)] "currentLatencynow: 4", source: file:///home/seluser/ppt/player/bola1/index.html (126)
[103:103:0111/085206.856179:INFO:CONSOLE(126)] "currentLatencynow: 4", source: file:///home/seluser/ppt/player/bola1/index.html (126)
[103:103:0111/085207.856149:INFO:CONSOLE(126)] "currentLatencynow: 4", source: file:///home/seluser/ppt/player/bola1/index.html (126)
[103:103:0111/085208.856150:INFO:CONSOLE(126)] "currentLatencynow: 4", source: file:///home/seluser/ppt/player/bola1/index.html (126)
[103:103:0111/085209.856225:INFO:CONSOLE(126)] "currentLatencynow: 4", source: file:///home/seluser/ppt/player/bola1/index.html (126)
[103:103:0111/085210.856103:INFO:CONSOLE(126)] "currentLatencynow: 4", source: file:///home/seluser/ppt/player/bola1/index.html (126)
[103:103:0111/085211.856208:INFO:CONSOLE(126)] "currentLatencynow: 4", source: file:///home/seluser/ppt/player/bola1/index.html (126)
[103:103:0111/085212.052442:WARNING:pref_notifier_impl.cc(40)] Pref observer for media_router.cast_allow_all_ips found at shutdown.
