[229:292:0130/104834.281573:ERROR:bus.cc(392)] Failed to connect to the bus: Failed to connect to socket /var/run/dbus/system_bus_socket: No such file or directory
[229:255:0130/104834.284096:ERROR:bus.cc(392)] Failed to connect to the bus: Address does not contain a colon
[229:255:0130/104834.284255:ERROR:bus.cc(392)] Failed to connect to the bus: Address does not contain a colon
[229:255:0130/104834.296660:ERROR:bus.cc(392)] Failed to connect to the bus: Address does not contain a colon
[229:255:0130/104834.296735:ERROR:bus.cc(392)] Failed to connect to the bus: Address does not contain a colon
[300:300:0130/104834.298913:ERROR:gpu_init.cc(453)] Passthrough is not supported, GL is swiftshader, ANGLE is 
[229:255:0130/104834.322805:ERROR:bus.cc(392)] Failed to connect to the bus: Address does not contain a colon
[229:255:0130/104834.322852:ERROR:bus.cc(392)] Failed to connect to the bus: Address does not contain a colon
[229:389:0130/104834.389670:ERROR:bus.cc(392)] Failed to connect to the bus: Failed to connect to socket /var/run/dbus/system_bus_socket: No such file or directory
[229:389:0130/104834.389736:ERROR:bus.cc(392)] Failed to connect to the bus: Failed to connect to socket /var/run/dbus/system_bus_socket: No such file or directory
[229:389:0130/104834.389790:ERROR:bus.cc(392)] Failed to connect to the bus: Failed to connect to socket /var/run/dbus/system_bus_socket: No such file or directory
[229:389:0130/104834.389804:WARNING:property.cc(144)] DaemonVersion: GetAndBlock: failed.
[229:389:0130/104834.389874:ERROR:bus.cc(392)] Failed to connect to the bus: Failed to connect to socket /var/run/dbus/system_bus_socket: No such file or directory
[229:389:0130/104834.389916:ERROR:bus.cc(392)] Failed to connect to the bus: Failed to connect to socket /var/run/dbus/system_bus_socket: No such file or directory
[229:229:0130/104835.661294:INFO:CONSOLE(128)] "currentLatencynow: NaN", source: file:///home/seluser/ppt/player/dashjs/index.html (128)
[229:294:0130/104836.604233:ERROR:chrome_browser_main_extra_parts_metrics.cc(228)] crbug.com/1216328: Checking Bluetooth availability started. Please report if there is no report that this ends.
[229:294:0130/104836.604273:ERROR:chrome_browser_main_extra_parts_metrics.cc(231)] crbug.com/1216328: Checking Bluetooth availability ended.
[229:294:0130/104836.604281:ERROR:chrome_browser_main_extra_parts_metrics.cc(234)] crbug.com/1216328: Checking default browser status started. Please report if there is no report that this ends.
[229:229:0130/104836.665616:INFO:CONSOLE(128)] "currentLatencynow: 0", source: file:///home/seluser/ppt/player/dashjs/index.html (128)
[229:294:0130/104836.786083:ERROR:chrome_browser_main_extra_parts_metrics.cc(238)] crbug.com/1216328: Checking default browser status ended.
[229:229:0130/104837.661015:INFO:CONSOLE(128)] "currentLatencynow: 0", source: file:///home/seluser/ppt/player/dashjs/index.html (128)
[229:229:0130/104838.661113:INFO:CONSOLE(128)] "currentLatencynow: 0", source: file:///home/seluser/ppt/player/dashjs/index.html (128)
[229:229:0130/104839.660983:INFO:CONSOLE(128)] "currentLatencynow: 0", source: file:///home/seluser/ppt/player/dashjs/index.html (128)
[229:229:0130/104840.660974:INFO:CONSOLE(128)] "currentLatencynow: 0", source: file:///home/seluser/ppt/player/dashjs/index.html (128)
[633:633:0130/104841.498262:WARNING:audio_manager_linux.cc(69)] Falling back to ALSA for audio output. PulseAudio is not available or could not be initialized.
[633:633:0130/104841.502900:ERROR:alsa_util.cc(204)] PcmOpen: default,No such file or directory
[633:633:0130/104841.503002:ERROR:alsa_util.cc(204)] PcmOpen: plug:default,No such file or directory
[229:229:0130/104841.660934:INFO:CONSOLE(128)] "currentLatencynow: 9.227", source: file:///home/seluser/ppt/player/dashjs/index.html (128)
[229:229:0130/104842.660910:INFO:CONSOLE(128)] "currentLatencynow: 10.227", source: file:///home/seluser/ppt/player/dashjs/index.html (128)
[229:229:0130/104843.660988:INFO:CONSOLE(128)] "currentLatencynow: 11.227", source: file:///home/seluser/ppt/player/dashjs/index.html (128)
[229:229:0130/104844.661076:INFO:CONSOLE(128)] "currentLatencynow: 12.227", source: file:///home/seluser/ppt/player/dashjs/index.html (128)
[229:255:0130/104845.458586:ERROR:bus.cc(392)] Failed to connect to the bus: Address does not contain a colon
[229:255:0130/104845.458724:ERROR:bus.cc(392)] Failed to connect to the bus: Address does not contain a colon
[229:255:0130/104845.458757:ERROR:bus.cc(392)] Failed to connect to the bus: Address does not contain a colon
[229:255:0130/104845.458776:ERROR:bus.cc(392)] Failed to connect to the bus: Address does not contain a colon
[229:255:0130/104845.458793:ERROR:bus.cc(392)] Failed to connect to the bus: Address does not contain a colon
[229:255:0130/104845.458812:ERROR:bus.cc(392)] Failed to connect to the bus: Address does not contain a colon
[229:255:0130/104845.458837:ERROR:bus.cc(392)] Failed to connect to the bus: Address does not contain a colon
[229:255:0130/104845.458851:ERROR:bus.cc(392)] Failed to connect to the bus: Address does not contain a colon
[229:255:0130/104845.458866:ERROR:bus.cc(392)] Failed to connect to the bus: Address does not contain a colon
[229:255:0130/104845.458885:ERROR:bus.cc(392)] Failed to connect to the bus: Address does not contain a colon
[229:255:0130/104845.458898:ERROR:bus.cc(392)] Failed to connect to the bus: Address does not contain a colon
[229:255:0130/104845.458913:ERROR:bus.cc(392)] Failed to connect to the bus: Address does not contain a colon
[229:255:0130/104845.458923:ERROR:bus.cc(392)] Failed to connect to the bus: Address does not contain a colon
[229:255:0130/104845.458935:ERROR:bus.cc(392)] Failed to connect to the bus: Address does not contain a colon
[229:255:0130/104845.460953:ERROR:bus.cc(392)] Failed to connect to the bus: Address does not contain a colon
[229:255:0130/104845.460989:ERROR:bus.cc(392)] Failed to connect to the bus: Address does not contain a colon
[229:255:0130/104845.461011:ERROR:bus.cc(392)] Failed to connect to the bus: Address does not contain a colon
[229:255:0130/104845.508974:ERROR:bus.cc(392)] Failed to connect to the bus: Address does not contain a colon
[229:255:0130/104845.509048:ERROR:bus.cc(392)] Failed to connect to the bus: Address does not contain a colon
[229:229:0130/104845.661031:INFO:CONSOLE(128)] "currentLatencynow: 13.098", source: file:///home/seluser/ppt/player/dashjs/index.html (128)
[229:229:0130/104846.660940:INFO:CONSOLE(128)] "currentLatencynow: 12.998", source: file:///home/seluser/ppt/player/dashjs/index.html (128)
[229:229:0130/104847.661057:INFO:CONSOLE(128)] "currentLatencynow: 13.703", source: file:///home/seluser/ppt/player/dashjs/index.html (128)
[229:229:0130/104848.661125:INFO:CONSOLE(128)] "currentLatencynow: 14.703", source: file:///home/seluser/ppt/player/dashjs/index.html (128)
[229:229:0130/104849.660833:INFO:CONSOLE(128)] "currentLatencynow: 15.703", source: file:///home/seluser/ppt/player/dashjs/index.html (128)
[229:255:0130/104850.248093:ERROR:bus.cc(392)] Failed to connect to the bus: Address does not contain a colon
[229:255:0130/104850.248160:ERROR:bus.cc(392)] Failed to connect to the bus: Address does not contain a colon
[229:229:0130/104850.660859:INFO:CONSOLE(128)] "currentLatencynow: 16.203", source: file:///home/seluser/ppt/player/dashjs/index.html (128)
[229:229:0130/104851.660926:INFO:CONSOLE(128)] "currentLatencynow: 16.203", source: file:///home/seluser/ppt/player/dashjs/index.html (128)
[229:229:0130/104852.660984:INFO:CONSOLE(128)] "currentLatencynow: 16.714", source: file:///home/seluser/ppt/player/dashjs/index.html (128)
[229:229:0130/104853.660939:INFO:CONSOLE(128)] "currentLatencynow: 17.714", source: file:///home/seluser/ppt/player/dashjs/index.html (128)
[229:229:0130/104854.660945:INFO:CONSOLE(128)] "currentLatencynow: 18.714", source: file:///home/seluser/ppt/player/dashjs/index.html (128)
[229:229:0130/104855.661010:INFO:CONSOLE(128)] "currentLatencynow: 19.714", source: file:///home/seluser/ppt/player/dashjs/index.html (128)
[229:229:0130/104856.660984:INFO:CONSOLE(128)] "currentLatencynow: 20.714", source: file:///home/seluser/ppt/player/dashjs/index.html (128)
[229:229:0130/104857.661156:INFO:CONSOLE(128)] "currentLatencynow: 21.714", source: file:///home/seluser/ppt/player/dashjs/index.html (128)
[229:255:0130/104858.392189:ERROR:bus.cc(392)] Failed to connect to the bus: Address does not contain a colon
[229:255:0130/104858.392264:ERROR:bus.cc(392)] Failed to connect to the bus: Address does not contain a colon
[229:229:0130/104858.660964:INFO:CONSOLE(128)] "currentLatencynow: 22.393", source: file:///home/seluser/ppt/player/dashjs/index.html (128)
[229:229:0130/104859.661211:INFO:CONSOLE(128)] "currentLatencynow: 22.293", source: file:///home/seluser/ppt/player/dashjs/index.html (128)
[229:229:0130/104900.660892:INFO:CONSOLE(128)] "currentLatencynow: 22.709", source: file:///home/seluser/ppt/player/dashjs/index.html (128)
[229:229:0130/104901.660972:INFO:CONSOLE(128)] "currentLatencynow: 23.709", source: file:///home/seluser/ppt/player/dashjs/index.html (128)
[229:255:0130/104902.464662:ERROR:bus.cc(392)] Failed to connect to the bus: Address does not contain a colon
[229:255:0130/104902.464717:ERROR:bus.cc(392)] Failed to connect to the bus: Address does not contain a colon
[229:229:0130/104902.661119:INFO:CONSOLE(128)] "currentLatencynow: 24.399", source: file:///home/seluser/ppt/player/dashjs/index.html (128)
[229:229:0130/104903.661020:INFO:CONSOLE(128)] "currentLatencynow: 24.299", source: file:///home/seluser/ppt/player/dashjs/index.html (128)
[229:229:0130/104904.660972:INFO:CONSOLE(128)] "currentLatencynow: 24.679", source: file:///home/seluser/ppt/player/dashjs/index.html (128)
[229:229:0130/104905.660860:INFO:CONSOLE(128)] "currentLatencynow: 25.679", source: file:///home/seluser/ppt/player/dashjs/index.html (128)
[229:229:0130/104906.661003:INFO:CONSOLE(128)] "currentLatencynow: 26.679", source: file:///home/seluser/ppt/player/dashjs/index.html (128)
[229:229:0130/104907.661310:INFO:CONSOLE(128)] "currentLatencynow: 27.679", source: file:///home/seluser/ppt/player/dashjs/index.html (128)
[229:229:0130/104908.660947:INFO:CONSOLE(128)] "currentLatencynow: 28.679", source: file:///home/seluser/ppt/player/dashjs/index.html (128)
[229:229:0130/104909.660989:INFO:CONSOLE(128)] "currentLatencynow: 29.679", source: file:///home/seluser/ppt/player/dashjs/index.html (128)
[229:229:0130/104910.660954:INFO:CONSOLE(128)] "currentLatencynow: 30.679", source: file:///home/seluser/ppt/player/dashjs/index.html (128)
[229:255:0130/104911.543158:ERROR:bus.cc(392)] Failed to connect to the bus: Address does not contain a colon
[229:255:0130/104911.543222:ERROR:bus.cc(392)] Failed to connect to the bus: Address does not contain a colon
[229:229:0130/104911.660951:INFO:CONSOLE(128)] "currentLatencynow: 31.471", source: file:///home/seluser/ppt/player/dashjs/index.html (128)
[229:229:0130/104912.660901:INFO:CONSOLE(128)] "currentLatencynow: 31.385", source: file:///home/seluser/ppt/player/dashjs/index.html (128)
[229:229:0130/104913.660947:INFO:CONSOLE(128)] "currentLatencynow: 31.285", source: file:///home/seluser/ppt/player/dashjs/index.html (128)
[229:229:0130/104914.660997:INFO:CONSOLE(128)] "currentLatencynow: 31.185", source: file:///home/seluser/ppt/player/dashjs/index.html (128)
[229:229:0130/104915.660993:INFO:CONSOLE(128)] "currentLatencynow: 30.622", source: file:///home/seluser/ppt/player/dashjs/index.html (128)
[229:229:0130/104916.660989:INFO:CONSOLE(128)] "currentLatencynow: 31.622", source: file:///home/seluser/ppt/player/dashjs/index.html (128)
[229:229:0130/104917.660911:INFO:CONSOLE(128)] "currentLatencynow: 32.622", source: file:///home/seluser/ppt/player/dashjs/index.html (128)
[229:229:0130/104918.660968:INFO:CONSOLE(128)] "currentLatencynow: 33.622", source: file:///home/seluser/ppt/player/dashjs/index.html (128)
[229:229:0130/104919.660983:INFO:CONSOLE(128)] "currentLatencynow: 34.622", source: file:///home/seluser/ppt/player/dashjs/index.html (128)
[229:229:0130/104920.660934:INFO:CONSOLE(128)] "currentLatencynow: 35.622", source: file:///home/seluser/ppt/player/dashjs/index.html (128)
[229:229:0130/104921.660988:INFO:CONSOLE(128)] "currentLatencynow: 36.622", source: file:///home/seluser/ppt/player/dashjs/index.html (128)
[229:229:0130/104922.661293:INFO:CONSOLE(128)] "currentLatencynow: 37.622", source: file:///home/seluser/ppt/player/dashjs/index.html (128)
[229:229:0130/104923.661004:INFO:CONSOLE(128)] "currentLatencynow: 38.622", source: file:///home/seluser/ppt/player/dashjs/index.html (128)
[229:229:0130/104924.661104:INFO:CONSOLE(128)] "currentLatencynow: 39.622", source: file:///home/seluser/ppt/player/dashjs/index.html (128)
[229:229:0130/104925.661108:INFO:CONSOLE(128)] "currentLatencynow: 40.622", source: file:///home/seluser/ppt/player/dashjs/index.html (128)
[229:229:0130/104926.661174:INFO:CONSOLE(128)] "currentLatencynow: 41.622", source: file:///home/seluser/ppt/player/dashjs/index.html (128)
[229:229:0130/104927.661130:INFO:CONSOLE(128)] "currentLatencynow: 42.622", source: file:///home/seluser/ppt/player/dashjs/index.html (128)
[229:229:0130/104928.661082:INFO:CONSOLE(128)] "currentLatencynow: 43.622", source: file:///home/seluser/ppt/player/dashjs/index.html (128)
[229:229:0130/104929.661141:INFO:CONSOLE(128)] "currentLatencynow: 44.622", source: file:///home/seluser/ppt/player/dashjs/index.html (128)
[229:229:0130/104930.661105:INFO:CONSOLE(128)] "currentLatencynow: 45.622", source: file:///home/seluser/ppt/player/dashjs/index.html (128)
[229:229:0130/104931.661095:INFO:CONSOLE(128)] "currentLatencynow: 46.622", source: file:///home/seluser/ppt/player/dashjs/index.html (128)
[229:229:0130/104932.661163:INFO:CONSOLE(128)] "currentLatencynow: 47.622", source: file:///home/seluser/ppt/player/dashjs/index.html (128)
[229:229:0130/104933.661215:INFO:CONSOLE(128)] "currentLatencynow: 48.622", source: file:///home/seluser/ppt/player/dashjs/index.html (128)
[229:229:0130/104934.660864:INFO:CONSOLE(128)] "currentLatencynow: 49.622", source: file:///home/seluser/ppt/player/dashjs/index.html (128)
[229:229:0130/104935.661129:INFO:CONSOLE(128)] "currentLatencynow: 50.622", source: file:///home/seluser/ppt/player/dashjs/index.html (128)
[229:229:0130/104936.660932:INFO:CONSOLE(128)] "currentLatencynow: 51.622", source: file:///home/seluser/ppt/player/dashjs/index.html (128)
[229:229:0130/104937.660964:INFO:CONSOLE(128)] "currentLatencynow: 52.622", source: file:///home/seluser/ppt/player/dashjs/index.html (128)
[229:229:0130/104938.661194:INFO:CONSOLE(128)] "currentLatencynow: 53.622", source: file:///home/seluser/ppt/player/dashjs/index.html (128)
[229:229:0130/104939.661041:INFO:CONSOLE(128)] "currentLatencynow: 54.622", source: file:///home/seluser/ppt/player/dashjs/index.html (128)
[229:229:0130/104940.661037:INFO:CONSOLE(128)] "currentLatencynow: 55.622", source: file:///home/seluser/ppt/player/dashjs/index.html (128)
[229:229:0130/104941.661094:INFO:CONSOLE(128)] "currentLatencynow: 56.622", source: file:///home/seluser/ppt/player/dashjs/index.html (128)
[229:229:0130/104942.661107:INFO:CONSOLE(128)] "currentLatencynow: 57.622", source: file:///home/seluser/ppt/player/dashjs/index.html (128)
[229:229:0130/104943.661068:INFO:CONSOLE(128)] "currentLatencynow: 58.622", source: file:///home/seluser/ppt/player/dashjs/index.html (128)
[229:229:0130/104944.661143:INFO:CONSOLE(128)] "currentLatencynow: 59.622", source: file:///home/seluser/ppt/player/dashjs/index.html (128)
[229:229:0130/104945.661196:INFO:CONSOLE(128)] "currentLatencynow: 60.622", source: file:///home/seluser/ppt/player/dashjs/index.html (128)
[229:229:0130/104946.661133:INFO:CONSOLE(128)] "currentLatencynow: 61.622", source: file:///home/seluser/ppt/player/dashjs/index.html (128)
[229:229:0130/104947.661206:INFO:CONSOLE(128)] "currentLatencynow: 62.622", source: file:///home/seluser/ppt/player/dashjs/index.html (128)
[229:229:0130/104948.661083:INFO:CONSOLE(128)] "currentLatencynow: 63.622", source: file:///home/seluser/ppt/player/dashjs/index.html (128)
[229:229:0130/104949.661069:INFO:CONSOLE(128)] "currentLatencynow: 64.622", source: file:///home/seluser/ppt/player/dashjs/index.html (128)
[229:229:0130/104950.661059:INFO:CONSOLE(128)] "currentLatencynow: 65.622", source: file:///home/seluser/ppt/player/dashjs/index.html (128)
[229:229:0130/104951.661075:INFO:CONSOLE(128)] "currentLatencynow: 66.622", source: file:///home/seluser/ppt/player/dashjs/index.html (128)
[229:229:0130/104952.661049:INFO:CONSOLE(128)] "currentLatencynow: 67.622", source: file:///home/seluser/ppt/player/dashjs/index.html (128)
[229:229:0130/104953.661078:INFO:CONSOLE(128)] "currentLatencynow: 68.622", source: file:///home/seluser/ppt/player/dashjs/index.html (128)
[229:229:0130/104954.661064:INFO:CONSOLE(128)] "currentLatencynow: 69.622", source: file:///home/seluser/ppt/player/dashjs/index.html (128)
[229:229:0130/104955.661008:INFO:CONSOLE(128)] "currentLatencynow: 70.622", source: file:///home/seluser/ppt/player/dashjs/index.html (128)
[229:229:0130/104956.661030:INFO:CONSOLE(128)] "currentLatencynow: 71.622", source: file:///home/seluser/ppt/player/dashjs/index.html (128)
[229:229:0130/104957.661088:INFO:CONSOLE(128)] "currentLatencynow: 72.622", source: file:///home/seluser/ppt/player/dashjs/index.html (128)
[229:229:0130/104958.661048:INFO:CONSOLE(128)] "currentLatencynow: 73.622", source: file:///home/seluser/ppt/player/dashjs/index.html (128)
[229:229:0130/104959.661144:INFO:CONSOLE(128)] "currentLatencynow: 74.622", source: file:///home/seluser/ppt/player/dashjs/index.html (128)
[229:229:0130/105000.661115:INFO:CONSOLE(128)] "currentLatencynow: 75.622", source: file:///home/seluser/ppt/player/dashjs/index.html (128)
[229:229:0130/105001.661074:INFO:CONSOLE(128)] "currentLatencynow: 76.622", source: file:///home/seluser/ppt/player/dashjs/index.html (128)
[229:229:0130/105002.661070:INFO:CONSOLE(128)] "currentLatencynow: 77.622", source: file:///home/seluser/ppt/player/dashjs/index.html (128)
[229:229:0130/105003.661141:INFO:CONSOLE(128)] "currentLatencynow: 78.622", source: file:///home/seluser/ppt/player/dashjs/index.html (128)
[229:229:0130/105004.661038:INFO:CONSOLE(128)] "currentLatencynow: 79.622", source: file:///home/seluser/ppt/player/dashjs/index.html (128)
[229:229:0130/105005.661066:INFO:CONSOLE(128)] "currentLatencynow: 80.622", source: file:///home/seluser/ppt/player/dashjs/index.html (128)
[229:229:0130/105006.661114:INFO:CONSOLE(128)] "currentLatencynow: 81.622", source: file:///home/seluser/ppt/player/dashjs/index.html (128)
[229:229:0130/105007.661092:INFO:CONSOLE(128)] "currentLatencynow: 82.622", source: file:///home/seluser/ppt/player/dashjs/index.html (128)
[229:229:0130/105008.661205:INFO:CONSOLE(128)] "currentLatencynow: 83.622", source: file:///home/seluser/ppt/player/dashjs/index.html (128)
[229:229:0130/105009.661113:INFO:CONSOLE(128)] "currentLatencynow: 84.622", source: file:///home/seluser/ppt/player/dashjs/index.html (128)
[229:229:0130/105010.661431:INFO:CONSOLE(128)] "currentLatencynow: 85.623", source: file:///home/seluser/ppt/player/dashjs/index.html (128)
[229:229:0130/105011.661062:INFO:CONSOLE(128)] "currentLatencynow: 86.622", source: file:///home/seluser/ppt/player/dashjs/index.html (128)
[229:229:0130/105012.661099:INFO:CONSOLE(128)] "currentLatencynow: 87.622", source: file:///home/seluser/ppt/player/dashjs/index.html (128)
[229:229:0130/105013.661061:INFO:CONSOLE(128)] "currentLatencynow: 88.622", source: file:///home/seluser/ppt/player/dashjs/index.html (128)
[229:229:0130/105014.661047:INFO:CONSOLE(128)] "currentLatencynow: 89.622", source: file:///home/seluser/ppt/player/dashjs/index.html (128)
[229:229:0130/105015.660982:INFO:CONSOLE(128)] "currentLatencynow: 90.622", source: file:///home/seluser/ppt/player/dashjs/index.html (128)
[229:229:0130/105016.661088:INFO:CONSOLE(128)] "currentLatencynow: 91.622", source: file:///home/seluser/ppt/player/dashjs/index.html (128)
[229:229:0130/105017.661118:INFO:CONSOLE(128)] "currentLatencynow: 92.622", source: file:///home/seluser/ppt/player/dashjs/index.html (128)
[229:229:0130/105018.661062:INFO:CONSOLE(128)] "currentLatencynow: 93.622", source: file:///home/seluser/ppt/player/dashjs/index.html (128)
[229:229:0130/105019.661022:INFO:CONSOLE(128)] "currentLatencynow: 94.622", source: file:///home/seluser/ppt/player/dashjs/index.html (128)
[229:229:0130/105020.661069:INFO:CONSOLE(128)] "currentLatencynow: 95.622", source: file:///home/seluser/ppt/player/dashjs/index.html (128)
[229:229:0130/105021.661068:INFO:CONSOLE(128)] "currentLatencynow: 96.622", source: file:///home/seluser/ppt/player/dashjs/index.html (128)
[229:229:0130/105022.660889:INFO:CONSOLE(128)] "currentLatencynow: 97.622", source: file:///home/seluser/ppt/player/dashjs/index.html (128)
[229:229:0130/105023.661174:INFO:CONSOLE(128)] "currentLatencynow: 98.622", source: file:///home/seluser/ppt/player/dashjs/index.html (128)
[229:229:0130/105024.661051:INFO:CONSOLE(128)] "currentLatencynow: 99.622", source: file:///home/seluser/ppt/player/dashjs/index.html (128)
[229:229:0130/105025.661060:INFO:CONSOLE(128)] "currentLatencynow: 100.622", source: file:///home/seluser/ppt/player/dashjs/index.html (128)
[229:229:0130/105026.661112:INFO:CONSOLE(128)] "currentLatencynow: 101.622", source: file:///home/seluser/ppt/player/dashjs/index.html (128)
[229:229:0130/105027.661117:INFO:CONSOLE(128)] "currentLatencynow: 102.622", source: file:///home/seluser/ppt/player/dashjs/index.html (128)
[229:229:0130/105028.661059:INFO:CONSOLE(128)] "currentLatencynow: 103.622", source: file:///home/seluser/ppt/player/dashjs/index.html (128)
[229:229:0130/105029.661003:INFO:CONSOLE(128)] "currentLatencynow: 104.622", source: file:///home/seluser/ppt/player/dashjs/index.html (128)
[229:229:0130/105030.661087:INFO:CONSOLE(128)] "currentLatencynow: 105.622", source: file:///home/seluser/ppt/player/dashjs/index.html (128)
[229:229:0130/105031.661029:INFO:CONSOLE(128)] "currentLatencynow: 106.622", source: file:///home/seluser/ppt/player/dashjs/index.html (128)
[229:229:0130/105032.661134:INFO:CONSOLE(128)] "currentLatencynow: 107.622", source: file:///home/seluser/ppt/player/dashjs/index.html (128)
[229:229:0130/105033.661110:INFO:CONSOLE(128)] "currentLatencynow: 108.622", source: file:///home/seluser/ppt/player/dashjs/index.html (128)
[229:229:0130/105034.661162:INFO:CONSOLE(114)] "Begin Player stistics 
", source: file:///home/seluser/ppt/player/dashjs/index.html (114)
[229:229:0130/105034.661448:INFO:CONSOLE(115)] "["stall",[["3.55","10.96",7.410000000000001]],[["12.45","12.70",0.25]],[["17.66","17.91",0.25]],[["25.70","25.95",0.25]],[["29.73","29.98",0.25]],[["availibleBW",[null],[null],[null],[null],[null],[null],[null],[null],[7196],[7196],[7196],[7196],[7196],[7196],[6896],[6896],[6896],[6896],[6896],[6793],[6793],[6793],[6793],[6584],[6584],[6584],[6584],[6259],[6259],[6259],[5942],[5942],[5942],[5942],[5622],[5622],[5622],[5465],[5465],[5465],[5465],[5465],[5465],[5465],[5465],[5465],[5465],[5465],[5465],[5465],[5465],[5465],[5465],[5465],[5465],[5465],[5465],[5465],[5465],[5465],[5465],[5465],[5465],[5465],[5465],[5465],[5465],[5465],[5465],[5465],[5465],[5465],[5465],[5465],[5465],[5465],[5465],[5465],[5465],[5465],[5465],[5465],[5465],[5465],[5465],[5465],[5465],[5465],[5465],[5465],[5465],[5465],[5465],[5465],[5465],[5465],[5465],[5465],[5465],[5465],[5465],[5465],[5465],[5465],[5465],[5465],[5465],[5465],[5465],[5465],[5465],[5465],[5465],[5465],[5465],[5465],[5465],[5465],[5465]]],[["currentBuffer",[0],[0],[0],[0],[0],[0],[0],[0],[1.556],[1.556],[1.55],[0.551],[0.033],[0.033],[0.033],[0],[0],[0],[0],[0.046],[0.046],[0.046],[0.046],[1.739],[0.639],[0.042],[0.042],[1.936],[0.874],[0.015],[2.017],[2.017],[2.017],[2.017],[4.019],[4.019],[4.019],[4.797],[3.832],[2.732],[2.182],[2.182],[2.182],[2.182],[2.182],[2.182],[2.182],[2.182],[2.182],[2.182],[2.182],[2.182],[2.182],[2.182],[2.182],[2.182],[2.182],[2.182],[2.182],[2.182],[2.182],[2.182],[2.182],[2.182],[2.182],[2.182],[2.182],[2.182],[2.182],[2.182],[2.182],[2.182],[2.182],[2.182],[2.182],[2.182],[2.182],[2.182],[2.182],[2.182],[2.182],[2.182],[2.182],[2.182],[2.182],[2.182],[2.182],[2.182],[2.182],[2.182],[2.182],[2.182],[2.182],[2.182],[2.182],[2.182],[2.182],[2.182],[2.182],[2.182],[2.182],[2.182],[2.182],[2.182],[2.182],[2.182],[2.182],[2.182],[2.182],[2.182],[2.182],[2.182],[2.182],[2.182],[2.182],[2.182],[2.182],[2.182],[2.182]]],[["currentLatency",[null],[0],[0],[0],[0],[0],[9.227],[10.227],[11.227],[12.227],[13.098],[12.998],[13.703],[14.703],[15.703],[16.203],[16.203],[16.714],[17.714],[18.714],[19.714],[20.714],[21.714],[22.393],[22.293],[22.709],[23.709],[24.399],[24.299],[24.679],[25.679],[26.679],[27.679],[28.679],[29.679],[30.679],[31.471],[31.385],[31.285],[31.185],[30.622],[31.622],[32.622],[33.622],[34.622],[35.622],[36.622],[37.622],[38.622],[39.622],[40.622],[41.622],[42.622],[43.622],[44.622],[45.622],[46.622],[47.622],[48.622],[49.622],[50.622],[51.622],[52.622],[53.622],[54.622],[55.622],[56.622],[57.622],[58.622],[59.622],[60.622],[61.622],[62.622],[63.622],[64.622],[65.622],[66.622],[67.622],[68.622],[69.622],[70.622],[71.622],[72.622],[73.622],[74.622],[75.622],[76.622],[77.622],[78.622],[79.622],[80.622],[81.622],[82.622],[83.622],[84.622],[85.623],[86.622],[87.622],[88.622],[89.622],[90.622],[91.622],[92.622],[93.622],[94.622],[95.622],[96.622],[97.622],[98.622],[99.622],[100.622],[101.622],[102.622],[103.622],[104.622],[105.622],[106.622],[107.622],[108.622]]]]", source: file:///home/seluser/ppt/player/dashjs/index.html (115)
[229:229:0130/105034.661595:INFO:CONSOLE(116)] "
", source: file:///home/seluser/ppt/player/dashjs/index.html (116)
[229:229:0130/105034.661625:INFO:CONSOLE(117)] "Finish Player stistics 
", source: file:///home/seluser/ppt/player/dashjs/index.html (117)
[229:229:0130/105034.661662:INFO:CONSOLE(128)] "currentLatencynow: 109.623", source: file:///home/seluser/ppt/player/dashjs/index.html (128)
[229:229:0130/105035.661414:INFO:CONSOLE(128)] "currentLatencynow: 110.623", source: file:///home/seluser/ppt/player/dashjs/index.html (128)
[229:229:0130/105036.661153:INFO:CONSOLE(128)] "currentLatencynow: 111.622", source: file:///home/seluser/ppt/player/dashjs/index.html (128)
[229:229:0130/105037.660869:INFO:CONSOLE(128)] "currentLatencynow: 112.622", source: file:///home/seluser/ppt/player/dashjs/index.html (128)
[229:229:0130/105038.661074:INFO:CONSOLE(128)] "currentLatencynow: 113.622", source: file:///home/seluser/ppt/player/dashjs/index.html (128)
[229:229:0130/105039.661039:INFO:CONSOLE(128)] "currentLatencynow: 114.622", source: file:///home/seluser/ppt/player/dashjs/index.html (128)
[229:229:0130/105040.661042:INFO:CONSOLE(128)] "currentLatencynow: 115.622", source: file:///home/seluser/ppt/player/dashjs/index.html (128)
[229:229:0130/105041.661000:INFO:CONSOLE(128)] "currentLatencynow: 116.622", source: file:///home/seluser/ppt/player/dashjs/index.html (128)
[229:229:0130/105042.661067:INFO:CONSOLE(128)] "currentLatencynow: 117.622", source: file:///home/seluser/ppt/player/dashjs/index.html (128)
[229:229:0130/105043.660871:INFO:CONSOLE(128)] "currentLatencynow: 118.622", source: file:///home/seluser/ppt/player/dashjs/index.html (128)
[229:229:0130/105044.661049:INFO:CONSOLE(128)] "currentLatencynow: 119.622", source: file:///home/seluser/ppt/player/dashjs/index.html (128)
[229:229:0130/105045.661051:INFO:CONSOLE(128)] "currentLatencynow: 120.622", source: file:///home/seluser/ppt/player/dashjs/index.html (128)
[229:229:0130/105046.661030:INFO:CONSOLE(128)] "currentLatencynow: 121.622", source: file:///home/seluser/ppt/player/dashjs/index.html (128)
[229:229:0130/105047.661073:INFO:CONSOLE(128)] "currentLatencynow: 122.622", source: file:///home/seluser/ppt/player/dashjs/index.html (128)
[229:229:0130/105048.661068:INFO:CONSOLE(128)] "currentLatencynow: 123.622", source: file:///home/seluser/ppt/player/dashjs/index.html (128)
[229:229:0130/105049.661095:INFO:CONSOLE(128)] "currentLatencynow: 124.622", source: file:///home/seluser/ppt/player/dashjs/index.html (128)
[229:229:0130/105050.661056:INFO:CONSOLE(128)] "currentLatencynow: 125.622", source: file:///home/seluser/ppt/player/dashjs/index.html (128)
[229:229:0130/105051.660935:INFO:CONSOLE(128)] "currentLatencynow: 126.622", source: file:///home/seluser/ppt/player/dashjs/index.html (128)
[229:229:0130/105052.661064:INFO:CONSOLE(128)] "currentLatencynow: 127.622", source: file:///home/seluser/ppt/player/dashjs/index.html (128)
[229:229:0130/105053.661077:INFO:CONSOLE(128)] "currentLatencynow: 128.622", source: file:///home/seluser/ppt/player/dashjs/index.html (128)
[229:229:0130/105054.661057:INFO:CONSOLE(128)] "currentLatencynow: 129.622", source: file:///home/seluser/ppt/player/dashjs/index.html (128)
[229:229:0130/105055.661026:INFO:CONSOLE(128)] "currentLatencynow: 130.622", source: file:///home/seluser/ppt/player/dashjs/index.html (128)
[229:229:0130/105056.661110:INFO:CONSOLE(128)] "currentLatencynow: 131.622", source: file:///home/seluser/ppt/player/dashjs/index.html (128)
[229:229:0130/105057.660971:INFO:CONSOLE(128)] "currentLatencynow: 132.622", source: file:///home/seluser/ppt/player/dashjs/index.html (128)
[229:229:0130/105058.661024:INFO:CONSOLE(128)] "currentLatencynow: 133.622", source: file:///home/seluser/ppt/player/dashjs/index.html (128)
[229:229:0130/105059.661036:INFO:CONSOLE(128)] "currentLatencynow: 134.622", source: file:///home/seluser/ppt/player/dashjs/index.html (128)
[229:229:0130/105100.661886:INFO:CONSOLE(128)] "currentLatencynow: 135.623", source: file:///home/seluser/ppt/player/dashjs/index.html (128)
[229:229:0130/105101.661080:INFO:CONSOLE(128)] "currentLatencynow: 136.622", source: file:///home/seluser/ppt/player/dashjs/index.html (128)
[229:229:0130/105102.661134:INFO:CONSOLE(128)] "currentLatencynow: 137.622", source: file:///home/seluser/ppt/player/dashjs/index.html (128)
[229:229:0130/105103.661026:INFO:CONSOLE(128)] "currentLatencynow: 138.622", source: file:///home/seluser/ppt/player/dashjs/index.html (128)
[229:229:0130/105104.660996:INFO:CONSOLE(128)] "currentLatencynow: 139.622", source: file:///home/seluser/ppt/player/dashjs/index.html (128)
[229:229:0130/105105.660958:INFO:CONSOLE(128)] "currentLatencynow: 140.622", source: file:///home/seluser/ppt/player/dashjs/index.html (128)
[229:229:0130/105106.661068:INFO:CONSOLE(128)] "currentLatencynow: 141.622", source: file:///home/seluser/ppt/player/dashjs/index.html (128)
[229:229:0130/105107.661018:INFO:CONSOLE(128)] "currentLatencynow: 142.622", source: file:///home/seluser/ppt/player/dashjs/index.html (128)
[229:229:0130/105108.661279:INFO:CONSOLE(128)] "currentLatencynow: 143.622", source: file:///home/seluser/ppt/player/dashjs/index.html (128)
[229:229:0130/105109.661119:INFO:CONSOLE(128)] "currentLatencynow: 144.622", source: file:///home/seluser/ppt/player/dashjs/index.html (128)
[229:229:0130/105110.661075:INFO:CONSOLE(128)] "currentLatencynow: 145.622", source: file:///home/seluser/ppt/player/dashjs/index.html (128)
[229:229:0130/105111.661109:INFO:CONSOLE(128)] "currentLatencynow: 146.622", source: file:///home/seluser/ppt/player/dashjs/index.html (128)
[229:229:0130/105112.661065:INFO:CONSOLE(128)] "currentLatencynow: 147.622", source: file:///home/seluser/ppt/player/dashjs/index.html (128)
[229:229:0130/105113.661137:INFO:CONSOLE(128)] "currentLatencynow: 148.622", source: file:///home/seluser/ppt/player/dashjs/index.html (128)
[229:229:0130/105114.661065:INFO:CONSOLE(128)] "currentLatencynow: 149.622", source: file:///home/seluser/ppt/player/dashjs/index.html (128)
[229:229:0130/105115.661188:INFO:CONSOLE(128)] "currentLatencynow: 150.622", source: file:///home/seluser/ppt/player/dashjs/index.html (128)
[229:229:0130/105116.661138:INFO:CONSOLE(128)] "currentLatencynow: 151.622", source: file:///home/seluser/ppt/player/dashjs/index.html (128)
[229:229:0130/105117.661115:INFO:CONSOLE(128)] "currentLatencynow: 152.622", source: file:///home/seluser/ppt/player/dashjs/index.html (128)
[229:229:0130/105118.661144:INFO:CONSOLE(128)] "currentLatencynow: 153.622", source: file:///home/seluser/ppt/player/dashjs/index.html (128)
[229:229:0130/105119.661072:INFO:CONSOLE(128)] "currentLatencynow: 154.622", source: file:///home/seluser/ppt/player/dashjs/index.html (128)
[229:229:0130/105120.661095:INFO:CONSOLE(128)] "currentLatencynow: 155.622", source: file:///home/seluser/ppt/player/dashjs/index.html (128)
[229:229:0130/105121.661144:INFO:CONSOLE(128)] "currentLatencynow: 156.622", source: file:///home/seluser/ppt/player/dashjs/index.html (128)
[229:229:0130/105122.661031:INFO:CONSOLE(128)] "currentLatencynow: 157.622", source: file:///home/seluser/ppt/player/dashjs/index.html (128)
[229:229:0130/105123.661057:INFO:CONSOLE(128)] "currentLatencynow: 158.622", source: file:///home/seluser/ppt/player/dashjs/index.html (128)
[229:229:0130/105124.661066:INFO:CONSOLE(128)] "currentLatencynow: 159.622", source: file:///home/seluser/ppt/player/dashjs/index.html (128)
[229:229:0130/105125.661037:INFO:CONSOLE(128)] "currentLatencynow: 160.622", source: file:///home/seluser/ppt/player/dashjs/index.html (128)
[229:229:0130/105126.661065:INFO:CONSOLE(128)] "currentLatencynow: 161.622", source: file:///home/seluser/ppt/player/dashjs/index.html (128)
[229:229:0130/105127.661269:INFO:CONSOLE(128)] "currentLatencynow: 162.622", source: file:///home/seluser/ppt/player/dashjs/index.html (128)
[229:229:0130/105128.661054:INFO:CONSOLE(128)] "currentLatencynow: 163.622", source: file:///home/seluser/ppt/player/dashjs/index.html (128)
[229:229:0130/105129.661073:INFO:CONSOLE(128)] "currentLatencynow: 164.622", source: file:///home/seluser/ppt/player/dashjs/index.html (128)
[229:229:0130/105130.661090:INFO:CONSOLE(128)] "currentLatencynow: 165.622", source: file:///home/seluser/ppt/player/dashjs/index.html (128)
[229:229:0130/105131.661075:INFO:CONSOLE(128)] "currentLatencynow: 166.622", source: file:///home/seluser/ppt/player/dashjs/index.html (128)
[229:229:0130/105132.661040:INFO:CONSOLE(128)] "currentLatencynow: 167.622", source: file:///home/seluser/ppt/player/dashjs/index.html (128)
[229:229:0130/105133.661084:INFO:CONSOLE(128)] "currentLatencynow: 168.622", source: file:///home/seluser/ppt/player/dashjs/index.html (128)
[229:229:0130/105134.661143:INFO:CONSOLE(128)] "currentLatencynow: 169.622", source: file:///home/seluser/ppt/player/dashjs/index.html (128)
[229:229:0130/105134.874761:WARNING:pref_notifier_impl.cc(40)] Pref observer for media_router.cast_allow_all_ips found at shutdown.
