[230:293:0130/104832.844562:ERROR:bus.cc(392)] Failed to connect to the bus: Failed to connect to socket /var/run/dbus/system_bus_socket: No such file or directory
[230:256:0130/104832.846649:ERROR:bus.cc(392)] Failed to connect to the bus: Address does not contain a colon
[230:256:0130/104832.846731:ERROR:bus.cc(392)] Failed to connect to the bus: Address does not contain a colon
[230:256:0130/104832.859467:ERROR:bus.cc(392)] Failed to connect to the bus: Address does not contain a colon
[230:256:0130/104832.859517:ERROR:bus.cc(392)] Failed to connect to the bus: Address does not contain a colon
[301:301:0130/104832.861711:ERROR:gpu_init.cc(453)] Passthrough is not supported, GL is swiftshader, ANGLE is 
[230:256:0130/104832.882874:ERROR:bus.cc(392)] Failed to connect to the bus: Address does not contain a colon
[230:256:0130/104832.882919:ERROR:bus.cc(392)] Failed to connect to the bus: Address does not contain a colon
[230:396:0130/104832.935214:ERROR:bus.cc(392)] Failed to connect to the bus: Failed to connect to socket /var/run/dbus/system_bus_socket: No such file or directory
[230:396:0130/104832.935289:ERROR:bus.cc(392)] Failed to connect to the bus: Failed to connect to socket /var/run/dbus/system_bus_socket: No such file or directory
[230:396:0130/104832.935351:ERROR:bus.cc(392)] Failed to connect to the bus: Failed to connect to socket /var/run/dbus/system_bus_socket: No such file or directory
[230:396:0130/104832.935377:WARNING:property.cc(144)] DaemonVersion: GetAndBlock: failed.
[230:396:0130/104832.935417:ERROR:bus.cc(392)] Failed to connect to the bus: Failed to connect to socket /var/run/dbus/system_bus_socket: No such file or directory
[230:396:0130/104832.935460:ERROR:bus.cc(392)] Failed to connect to the bus: Failed to connect to socket /var/run/dbus/system_bus_socket: No such file or directory
[428:428:0130/104833.681531:WARNING:audio_manager_linux.cc(69)] Falling back to ALSA for audio output. PulseAudio is not available or could not be initialized.
[428:428:0130/104833.686083:ERROR:alsa_util.cc(204)] PcmOpen: default,No such file or directory
[428:428:0130/104833.686194:ERROR:alsa_util.cc(204)] PcmOpen: plug:default,No such file or directory
[230:256:0130/104834.173541:ERROR:bus.cc(392)] Failed to connect to the bus: Address does not contain a colon
[230:256:0130/104834.173620:ERROR:bus.cc(392)] Failed to connect to the bus: Address does not contain a colon
[230:256:0130/104834.173637:ERROR:bus.cc(392)] Failed to connect to the bus: Address does not contain a colon
[230:256:0130/104834.173648:ERROR:bus.cc(392)] Failed to connect to the bus: Address does not contain a colon
[230:256:0130/104834.173661:ERROR:bus.cc(392)] Failed to connect to the bus: Address does not contain a colon
[230:256:0130/104834.173671:ERROR:bus.cc(392)] Failed to connect to the bus: Address does not contain a colon
[230:256:0130/104834.173682:ERROR:bus.cc(392)] Failed to connect to the bus: Address does not contain a colon
[230:256:0130/104834.173692:ERROR:bus.cc(392)] Failed to connect to the bus: Address does not contain a colon
[230:256:0130/104834.173702:ERROR:bus.cc(392)] Failed to connect to the bus: Address does not contain a colon
[230:256:0130/104834.173712:ERROR:bus.cc(392)] Failed to connect to the bus: Address does not contain a colon
[230:256:0130/104834.173722:ERROR:bus.cc(392)] Failed to connect to the bus: Address does not contain a colon
[230:256:0130/104834.173732:ERROR:bus.cc(392)] Failed to connect to the bus: Address does not contain a colon
[230:256:0130/104834.173742:ERROR:bus.cc(392)] Failed to connect to the bus: Address does not contain a colon
[230:256:0130/104834.173751:ERROR:bus.cc(392)] Failed to connect to the bus: Address does not contain a colon
[230:230:0130/104834.208370:INFO:CONSOLE(128)] "currentLatencynow: 4.874", source: file:///home/seluser/ppt/player/dashjs/index.html (128)
[230:256:0130/104834.989806:ERROR:bus.cc(392)] Failed to connect to the bus: Address does not contain a colon
[230:256:0130/104834.989894:ERROR:bus.cc(392)] Failed to connect to the bus: Address does not contain a colon
[230:256:0130/104834.989928:ERROR:bus.cc(392)] Failed to connect to the bus: Address does not contain a colon
[230:256:0130/104834.989949:ERROR:bus.cc(392)] Failed to connect to the bus: Address does not contain a colon
[230:256:0130/104834.989965:ERROR:bus.cc(392)] Failed to connect to the bus: Address does not contain a colon
[230:296:0130/104835.048954:ERROR:chrome_browser_main_extra_parts_metrics.cc(228)] crbug.com/1216328: Checking Bluetooth availability started. Please report if there is no report that this ends.
[230:296:0130/104835.048995:ERROR:chrome_browser_main_extra_parts_metrics.cc(231)] crbug.com/1216328: Checking Bluetooth availability ended.
[230:296:0130/104835.049005:ERROR:chrome_browser_main_extra_parts_metrics.cc(234)] crbug.com/1216328: Checking default browser status started. Please report if there is no report that this ends.
[230:230:0130/104835.208034:INFO:CONSOLE(128)] "currentLatencynow: 5.165", source: file:///home/seluser/ppt/player/dashjs/index.html (128)
[230:296:0130/104835.218503:ERROR:chrome_browser_main_extra_parts_metrics.cc(238)] crbug.com/1216328: Checking default browser status ended.
[230:230:0130/104836.208159:INFO:CONSOLE(128)] "currentLatencynow: 5.165", source: file:///home/seluser/ppt/player/dashjs/index.html (128)
[230:230:0130/104837.207948:INFO:CONSOLE(128)] "currentLatencynow: 5.25", source: file:///home/seluser/ppt/player/dashjs/index.html (128)
[230:230:0130/104838.208106:INFO:CONSOLE(128)] "currentLatencynow: 6.25", source: file:///home/seluser/ppt/player/dashjs/index.html (128)
[230:230:0130/104839.207973:INFO:CONSOLE(128)] "currentLatencynow: 7.25", source: file:///home/seluser/ppt/player/dashjs/index.html (128)
[230:230:0130/104840.207984:INFO:CONSOLE(128)] "currentLatencynow: 8.25", source: file:///home/seluser/ppt/player/dashjs/index.html (128)
[230:230:0130/104841.207948:INFO:CONSOLE(128)] "currentLatencynow: 9.25", source: file:///home/seluser/ppt/player/dashjs/index.html (128)
[230:230:0130/104842.207984:INFO:CONSOLE(128)] "currentLatencynow: 10.25", source: file:///home/seluser/ppt/player/dashjs/index.html (128)
[230:230:0130/104843.208050:INFO:CONSOLE(128)] "currentLatencynow: 11.25", source: file:///home/seluser/ppt/player/dashjs/index.html (128)
[230:230:0130/104844.207922:INFO:CONSOLE(128)] "currentLatencynow: 12.25", source: file:///home/seluser/ppt/player/dashjs/index.html (128)
[230:230:0130/104845.208011:INFO:CONSOLE(128)] "currentLatencynow: 13.25", source: file:///home/seluser/ppt/player/dashjs/index.html (128)
[230:256:0130/104846.172762:ERROR:bus.cc(392)] Failed to connect to the bus: Address does not contain a colon
[230:256:0130/104846.172829:ERROR:bus.cc(392)] Failed to connect to the bus: Address does not contain a colon
[230:230:0130/104846.207911:INFO:CONSOLE(128)] "currentLatencynow: 14.144", source: file:///home/seluser/ppt/player/dashjs/index.html (128)
[230:230:0130/104847.207993:INFO:CONSOLE(128)] "currentLatencynow: 14.044", source: file:///home/seluser/ppt/player/dashjs/index.html (128)
[230:230:0130/104848.207969:INFO:CONSOLE(128)] "currentLatencynow: 14.241", source: file:///home/seluser/ppt/player/dashjs/index.html (128)
[230:230:0130/104849.207992:INFO:CONSOLE(128)] "currentLatencynow: 15.241", source: file:///home/seluser/ppt/player/dashjs/index.html (128)
[230:230:0130/104850.207950:INFO:CONSOLE(128)] "currentLatencynow: 15.914", source: file:///home/seluser/ppt/player/dashjs/index.html (128)
[230:230:0130/104851.207913:INFO:CONSOLE(128)] "currentLatencynow: 15.914", source: file:///home/seluser/ppt/player/dashjs/index.html (128)
[230:230:0130/104852.208021:INFO:CONSOLE(128)] "currentLatencynow: 16.237", source: file:///home/seluser/ppt/player/dashjs/index.html (128)
[230:230:0130/104853.208049:INFO:CONSOLE(128)] "currentLatencynow: 17.237", source: file:///home/seluser/ppt/player/dashjs/index.html (128)
[230:230:0130/104854.208033:INFO:CONSOLE(128)] "currentLatencynow: 18.237", source: file:///home/seluser/ppt/player/dashjs/index.html (128)
[230:230:0130/104855.208008:INFO:CONSOLE(128)] "currentLatencynow: 19.237", source: file:///home/seluser/ppt/player/dashjs/index.html (128)
[230:230:0130/104856.207927:INFO:CONSOLE(128)] "currentLatencynow: 20.237", source: file:///home/seluser/ppt/player/dashjs/index.html (128)
[230:230:0130/104857.207949:INFO:CONSOLE(128)] "currentLatencynow: 21.237", source: file:///home/seluser/ppt/player/dashjs/index.html (128)
[230:230:0130/104858.208039:INFO:CONSOLE(128)] "currentLatencynow: 22.237", source: file:///home/seluser/ppt/player/dashjs/index.html (128)
[230:230:0130/104859.208108:INFO:CONSOLE(128)] "currentLatencynow: 23.237", source: file:///home/seluser/ppt/player/dashjs/index.html (128)
[230:230:0130/104900.208300:INFO:CONSOLE(128)] "currentLatencynow: 24.237", source: file:///home/seluser/ppt/player/dashjs/index.html (128)
[230:256:0130/104900.393417:ERROR:bus.cc(392)] Failed to connect to the bus: Address does not contain a colon
[230:256:0130/104900.393537:ERROR:bus.cc(392)] Failed to connect to the bus: Address does not contain a colon
[230:230:0130/104901.208065:INFO:CONSOLE(128)] "currentLatencynow: 24.308", source: file:///home/seluser/ppt/player/dashjs/index.html (128)
[230:230:0130/104902.208045:INFO:CONSOLE(128)] "currentLatencynow: 24.208", source: file:///home/seluser/ppt/player/dashjs/index.html (128)
[230:230:0130/104903.208026:INFO:CONSOLE(128)] "currentLatencynow: 24.108", source: file:///home/seluser/ppt/player/dashjs/index.html (128)
[230:230:0130/104904.207925:INFO:CONSOLE(128)] "currentLatencynow: 24.218", source: file:///home/seluser/ppt/player/dashjs/index.html (128)
[230:230:0130/104905.208023:INFO:CONSOLE(128)] "currentLatencynow: 25.218", source: file:///home/seluser/ppt/player/dashjs/index.html (128)
[230:230:0130/104906.208009:INFO:CONSOLE(128)] "currentLatencynow: 26.218", source: file:///home/seluser/ppt/player/dashjs/index.html (128)
[230:230:0130/104907.208047:INFO:CONSOLE(128)] "currentLatencynow: 27.218", source: file:///home/seluser/ppt/player/dashjs/index.html (128)
[230:230:0130/104908.208192:INFO:CONSOLE(128)] "currentLatencynow: 28.218", source: file:///home/seluser/ppt/player/dashjs/index.html (128)
[230:230:0130/104909.208058:INFO:CONSOLE(128)] "currentLatencynow: 29.218", source: file:///home/seluser/ppt/player/dashjs/index.html (128)
[230:256:0130/104910.207024:ERROR:bus.cc(392)] Failed to connect to the bus: Address does not contain a colon
[230:256:0130/104910.207083:ERROR:bus.cc(392)] Failed to connect to the bus: Address does not contain a colon
[230:230:0130/104910.207902:INFO:CONSOLE(128)] "currentLatencynow: 30.12", source: file:///home/seluser/ppt/player/dashjs/index.html (128)
[230:230:0130/104911.208047:INFO:CONSOLE(128)] "currentLatencynow: 30.032", source: file:///home/seluser/ppt/player/dashjs/index.html (128)
[230:230:0130/104912.207980:INFO:CONSOLE(128)] "currentLatencynow: 29.933", source: file:///home/seluser/ppt/player/dashjs/index.html (128)
[230:230:0130/104913.208193:INFO:CONSOLE(128)] "currentLatencynow: 29.833", source: file:///home/seluser/ppt/player/dashjs/index.html (128)
[230:230:0130/104914.208000:INFO:CONSOLE(128)] "currentLatencynow: 29.733", source: file:///home/seluser/ppt/player/dashjs/index.html (128)
[230:230:0130/104915.208084:INFO:CONSOLE(128)] "currentLatencynow: 29.632", source: file:///home/seluser/ppt/player/dashjs/index.html (128)
[230:230:0130/104916.207967:INFO:CONSOLE(128)] "currentLatencynow: 30.172", source: file:///home/seluser/ppt/player/dashjs/index.html (128)
[230:230:0130/104917.208011:INFO:CONSOLE(128)] "currentLatencynow: 30.889", source: file:///home/seluser/ppt/player/dashjs/index.html (128)
[230:230:0130/104918.208081:INFO:CONSOLE(128)] "currentLatencynow: 31.889", source: file:///home/seluser/ppt/player/dashjs/index.html (128)
[230:230:0130/104919.208119:INFO:CONSOLE(128)] "currentLatencynow: 32.889", source: file:///home/seluser/ppt/player/dashjs/index.html (128)
[230:230:0130/104920.208100:INFO:CONSOLE(128)] "currentLatencynow: 33.889", source: file:///home/seluser/ppt/player/dashjs/index.html (128)
[230:230:0130/104921.208033:INFO:CONSOLE(128)] "currentLatencynow: 34.889", source: file:///home/seluser/ppt/player/dashjs/index.html (128)
[230:230:0130/104922.208109:INFO:CONSOLE(128)] "currentLatencynow: 35.889", source: file:///home/seluser/ppt/player/dashjs/index.html (128)
[230:230:0130/104923.208159:INFO:CONSOLE(128)] "currentLatencynow: 36.889", source: file:///home/seluser/ppt/player/dashjs/index.html (128)
[230:230:0130/104924.208121:INFO:CONSOLE(128)] "currentLatencynow: 37.889", source: file:///home/seluser/ppt/player/dashjs/index.html (128)
[230:230:0130/104925.208155:INFO:CONSOLE(128)] "currentLatencynow: 38.889", source: file:///home/seluser/ppt/player/dashjs/index.html (128)
[230:230:0130/104926.208138:INFO:CONSOLE(128)] "currentLatencynow: 39.889", source: file:///home/seluser/ppt/player/dashjs/index.html (128)
[230:230:0130/104927.208165:INFO:CONSOLE(128)] "currentLatencynow: 40.889", source: file:///home/seluser/ppt/player/dashjs/index.html (128)
[230:230:0130/104928.208146:INFO:CONSOLE(128)] "currentLatencynow: 41.889", source: file:///home/seluser/ppt/player/dashjs/index.html (128)
[230:230:0130/104929.208175:INFO:CONSOLE(128)] "currentLatencynow: 42.889", source: file:///home/seluser/ppt/player/dashjs/index.html (128)
[230:230:0130/104930.208143:INFO:CONSOLE(128)] "currentLatencynow: 43.889", source: file:///home/seluser/ppt/player/dashjs/index.html (128)
[230:230:0130/104931.208182:INFO:CONSOLE(128)] "currentLatencynow: 44.889", source: file:///home/seluser/ppt/player/dashjs/index.html (128)
[230:230:0130/104932.208155:INFO:CONSOLE(128)] "currentLatencynow: 45.889", source: file:///home/seluser/ppt/player/dashjs/index.html (128)
[230:230:0130/104933.208092:INFO:CONSOLE(128)] "currentLatencynow: 46.889", source: file:///home/seluser/ppt/player/dashjs/index.html (128)
[230:230:0130/104934.208354:INFO:CONSOLE(128)] "currentLatencynow: 47.889", source: file:///home/seluser/ppt/player/dashjs/index.html (128)
[230:230:0130/104935.208389:INFO:CONSOLE(128)] "currentLatencynow: 48.889", source: file:///home/seluser/ppt/player/dashjs/index.html (128)
[230:230:0130/104936.208216:INFO:CONSOLE(128)] "currentLatencynow: 49.889", source: file:///home/seluser/ppt/player/dashjs/index.html (128)
[230:230:0130/104937.208269:INFO:CONSOLE(128)] "currentLatencynow: 50.889", source: file:///home/seluser/ppt/player/dashjs/index.html (128)
[230:230:0130/104938.208227:INFO:CONSOLE(128)] "currentLatencynow: 51.889", source: file:///home/seluser/ppt/player/dashjs/index.html (128)
[230:230:0130/104939.208250:INFO:CONSOLE(128)] "currentLatencynow: 52.889", source: file:///home/seluser/ppt/player/dashjs/index.html (128)
[230:230:0130/104940.208140:INFO:CONSOLE(128)] "currentLatencynow: 53.889", source: file:///home/seluser/ppt/player/dashjs/index.html (128)
[230:230:0130/104941.208245:INFO:CONSOLE(128)] "currentLatencynow: 54.889", source: file:///home/seluser/ppt/player/dashjs/index.html (128)
[230:230:0130/104942.208191:INFO:CONSOLE(128)] "currentLatencynow: 55.889", source: file:///home/seluser/ppt/player/dashjs/index.html (128)
[230:230:0130/104943.208189:INFO:CONSOLE(128)] "currentLatencynow: 56.889", source: file:///home/seluser/ppt/player/dashjs/index.html (128)
[230:230:0130/104944.208159:INFO:CONSOLE(128)] "currentLatencynow: 57.889", source: file:///home/seluser/ppt/player/dashjs/index.html (128)
[230:230:0130/104945.208152:INFO:CONSOLE(128)] "currentLatencynow: 58.889", source: file:///home/seluser/ppt/player/dashjs/index.html (128)
[230:230:0130/104946.208182:INFO:CONSOLE(128)] "currentLatencynow: 59.889", source: file:///home/seluser/ppt/player/dashjs/index.html (128)
[230:230:0130/104947.208232:INFO:CONSOLE(128)] "currentLatencynow: 60.889", source: file:///home/seluser/ppt/player/dashjs/index.html (128)
[230:230:0130/104948.208119:INFO:CONSOLE(128)] "currentLatencynow: 61.889", source: file:///home/seluser/ppt/player/dashjs/index.html (128)
[230:230:0130/104949.208184:INFO:CONSOLE(128)] "currentLatencynow: 62.889", source: file:///home/seluser/ppt/player/dashjs/index.html (128)
[230:230:0130/104950.208123:INFO:CONSOLE(128)] "currentLatencynow: 63.889", source: file:///home/seluser/ppt/player/dashjs/index.html (128)
[230:230:0130/104951.208197:INFO:CONSOLE(128)] "currentLatencynow: 64.889", source: file:///home/seluser/ppt/player/dashjs/index.html (128)
[230:230:0130/104952.208154:INFO:CONSOLE(128)] "currentLatencynow: 65.889", source: file:///home/seluser/ppt/player/dashjs/index.html (128)
[230:230:0130/104953.208143:INFO:CONSOLE(128)] "currentLatencynow: 66.889", source: file:///home/seluser/ppt/player/dashjs/index.html (128)
[230:230:0130/104954.208136:INFO:CONSOLE(128)] "currentLatencynow: 67.889", source: file:///home/seluser/ppt/player/dashjs/index.html (128)
[230:230:0130/104955.208183:INFO:CONSOLE(128)] "currentLatencynow: 68.889", source: file:///home/seluser/ppt/player/dashjs/index.html (128)
[230:230:0130/104956.208295:INFO:CONSOLE(128)] "currentLatencynow: 69.889", source: file:///home/seluser/ppt/player/dashjs/index.html (128)
[230:230:0130/104957.208087:INFO:CONSOLE(128)] "currentLatencynow: 70.889", source: file:///home/seluser/ppt/player/dashjs/index.html (128)
[230:230:0130/104958.208120:INFO:CONSOLE(128)] "currentLatencynow: 71.889", source: file:///home/seluser/ppt/player/dashjs/index.html (128)
[230:230:0130/104959.208177:INFO:CONSOLE(128)] "currentLatencynow: 72.889", source: file:///home/seluser/ppt/player/dashjs/index.html (128)
[230:230:0130/105000.208156:INFO:CONSOLE(128)] "currentLatencynow: 73.889", source: file:///home/seluser/ppt/player/dashjs/index.html (128)
[230:230:0130/105001.208175:INFO:CONSOLE(128)] "currentLatencynow: 74.889", source: file:///home/seluser/ppt/player/dashjs/index.html (128)
[230:230:0130/105002.208165:INFO:CONSOLE(128)] "currentLatencynow: 75.889", source: file:///home/seluser/ppt/player/dashjs/index.html (128)
[230:230:0130/105003.208185:INFO:CONSOLE(128)] "currentLatencynow: 76.889", source: file:///home/seluser/ppt/player/dashjs/index.html (128)
[230:230:0130/105004.208187:INFO:CONSOLE(128)] "currentLatencynow: 77.889", source: file:///home/seluser/ppt/player/dashjs/index.html (128)
[230:230:0130/105005.208198:INFO:CONSOLE(128)] "currentLatencynow: 78.889", source: file:///home/seluser/ppt/player/dashjs/index.html (128)
[230:230:0130/105006.208129:INFO:CONSOLE(128)] "currentLatencynow: 79.889", source: file:///home/seluser/ppt/player/dashjs/index.html (128)
[230:230:0130/105007.208184:INFO:CONSOLE(128)] "currentLatencynow: 80.889", source: file:///home/seluser/ppt/player/dashjs/index.html (128)
[230:230:0130/105008.208097:INFO:CONSOLE(128)] "currentLatencynow: 81.889", source: file:///home/seluser/ppt/player/dashjs/index.html (128)
[230:230:0130/105009.208149:INFO:CONSOLE(128)] "currentLatencynow: 82.889", source: file:///home/seluser/ppt/player/dashjs/index.html (128)
[230:230:0130/105010.208166:INFO:CONSOLE(128)] "currentLatencynow: 83.889", source: file:///home/seluser/ppt/player/dashjs/index.html (128)
[230:230:0130/105011.208117:INFO:CONSOLE(128)] "currentLatencynow: 84.889", source: file:///home/seluser/ppt/player/dashjs/index.html (128)
[230:230:0130/105012.208096:INFO:CONSOLE(128)] "currentLatencynow: 85.889", source: file:///home/seluser/ppt/player/dashjs/index.html (128)
[230:230:0130/105013.208203:INFO:CONSOLE(128)] "currentLatencynow: 86.889", source: file:///home/seluser/ppt/player/dashjs/index.html (128)
[230:230:0130/105014.208220:INFO:CONSOLE(128)] "currentLatencynow: 87.889", source: file:///home/seluser/ppt/player/dashjs/index.html (128)
[230:230:0130/105015.208201:INFO:CONSOLE(128)] "currentLatencynow: 88.889", source: file:///home/seluser/ppt/player/dashjs/index.html (128)
[230:230:0130/105016.208223:INFO:CONSOLE(128)] "currentLatencynow: 89.889", source: file:///home/seluser/ppt/player/dashjs/index.html (128)
[230:230:0130/105017.208115:INFO:CONSOLE(128)] "currentLatencynow: 90.889", source: file:///home/seluser/ppt/player/dashjs/index.html (128)
[230:230:0130/105018.208172:INFO:CONSOLE(128)] "currentLatencynow: 91.889", source: file:///home/seluser/ppt/player/dashjs/index.html (128)
[230:230:0130/105019.208236:INFO:CONSOLE(128)] "currentLatencynow: 92.889", source: file:///home/seluser/ppt/player/dashjs/index.html (128)
[230:230:0130/105020.208110:INFO:CONSOLE(128)] "currentLatencynow: 93.889", source: file:///home/seluser/ppt/player/dashjs/index.html (128)
[230:230:0130/105021.208140:INFO:CONSOLE(128)] "currentLatencynow: 94.889", source: file:///home/seluser/ppt/player/dashjs/index.html (128)
[230:230:0130/105022.208160:INFO:CONSOLE(128)] "currentLatencynow: 95.889", source: file:///home/seluser/ppt/player/dashjs/index.html (128)
[230:230:0130/105023.208179:INFO:CONSOLE(128)] "currentLatencynow: 96.889", source: file:///home/seluser/ppt/player/dashjs/index.html (128)
[230:230:0130/105024.208135:INFO:CONSOLE(128)] "currentLatencynow: 97.889", source: file:///home/seluser/ppt/player/dashjs/index.html (128)
[230:230:0130/105025.208206:INFO:CONSOLE(128)] "currentLatencynow: 98.889", source: file:///home/seluser/ppt/player/dashjs/index.html (128)
[230:230:0130/105026.208141:INFO:CONSOLE(128)] "currentLatencynow: 99.889", source: file:///home/seluser/ppt/player/dashjs/index.html (128)
[230:230:0130/105027.208132:INFO:CONSOLE(128)] "currentLatencynow: 100.889", source: file:///home/seluser/ppt/player/dashjs/index.html (128)
[230:230:0130/105028.208123:INFO:CONSOLE(128)] "currentLatencynow: 101.889", source: file:///home/seluser/ppt/player/dashjs/index.html (128)
[230:230:0130/105029.208247:INFO:CONSOLE(128)] "currentLatencynow: 102.889", source: file:///home/seluser/ppt/player/dashjs/index.html (128)
[230:230:0130/105030.208153:INFO:CONSOLE(128)] "currentLatencynow: 103.889", source: file:///home/seluser/ppt/player/dashjs/index.html (128)
[230:230:0130/105031.208164:INFO:CONSOLE(128)] "currentLatencynow: 104.889", source: file:///home/seluser/ppt/player/dashjs/index.html (128)
[230:230:0130/105032.208148:INFO:CONSOLE(128)] "currentLatencynow: 105.889", source: file:///home/seluser/ppt/player/dashjs/index.html (128)
[230:230:0130/105033.209027:INFO:CONSOLE(114)] "Begin Player stistics 
", source: file:///home/seluser/ppt/player/dashjs/index.html (114)
[230:230:0130/105033.209457:INFO:CONSOLE(115)] "["stall",[["0.59","1.13",0.5399999999999999]],[["1.78","2.03",0.24999999999999978]],[["4.08","4.33",0.25]],[["14.90","15.15",0.25]],[["18.85","19.10",0.25]],[["30.99","31.24",0.25]],[["42.59","42.84",0.25]],[["availibleBW",[7058],[7058],[7058],[7058],[7058],[7092],[7092],[7092],[7092],[7092],[7092],[7092],[6926],[6926],[6926],[6926],[6841],[6841],[6841],[6841],[6841],[6841],[6841],[6545],[6545],[6545],[6545],[6237],[6237],[6237],[6237],[5911],[5911],[5911],[5911],[5602],[5602],[5602],[5602],[5310],[5310],[5310],[5310],[5310],[5310],[5310],[5310],[5310],[5310],[5310],[5310],[5310],[5310],[5310],[5310],[5310],[5310],[5310],[5310],[5310],[5310],[5310],[5310],[5310],[5310],[5310],[5310],[5310],[5310],[5310],[5310],[5310],[5310],[5310],[5310],[5310],[5310],[5310],[5310],[5310],[5310],[5310],[5310],[5310],[5310],[5310],[5310],[5310],[5310],[5310],[5310],[5310],[5310],[5310],[5310],[5310],[5310],[5310],[5310],[5310],[5310],[5310],[5310],[5310],[5310],[5310],[5310],[5310],[5310],[5310],[5310],[5310],[5310],[5310],[5310],[5310],[5310],[5310],[5310]]],[["currentBuffer",[0.661],[0.036],[0],[0],[0],[0.031],[0.031],[0.031],[0.031],[0.031],[0.031],[0.031],[1.95],[0.921],[0.023],[0.023],[1.718],[0.718],[0.021],[0.021],[0.021],[0.021],[0.021],[2.023],[2.023],[2.023],[2.023],[3.177],[2.077],[0.977],[0.006],[2.008],[2.008],[2.008],[2.008],[4.01],[4.01],[3.028],[1.928],[2.83],[1.73],[0.63],[0],[0],[0],[0],[0],[0],[0],[0],[0],[0],[0],[0],[0],[0],[0],[0],[0],[0],[0],[0],[0],[0],[0],[0],[0],[0],[0],[0],[0],[0],[0],[0],[0],[0],[0],[0],[0],[0],[0],[0],[0],[0],[0],[0],[0],[0],[0],[0],[0],[0],[0],[0],[0],[0],[0],[0],[0],[0],[0],[0],[0],[0],[0],[0],[0],[0],[0],[0],[0],[0],[0],[0],[0],[0],[0],[0],[0]]],[["currentLatency",[4.874],[5.165],[5.165],[5.25],[6.25],[7.25],[8.25],[9.25],[10.25],[11.25],[12.25],[13.25],[14.144],[14.044],[14.241],[15.241],[15.914],[15.914],[16.237],[17.237],[18.237],[19.237],[20.237],[21.237],[22.237],[23.237],[24.237],[24.308],[24.208],[24.108],[24.218],[25.218],[26.218],[27.218],[28.218],[29.218],[30.12],[30.032],[29.933],[29.833],[29.733],[29.632],[30.172],[30.889],[31.889],[32.889],[33.889],[34.889],[35.889],[36.889],[37.889],[38.889],[39.889],[40.889],[41.889],[42.889],[43.889],[44.889],[45.889],[46.889],[47.889],[48.889],[49.889],[50.889],[51.889],[52.889],[53.889],[54.889],[55.889],[56.889],[57.889],[58.889],[59.889],[60.889],[61.889],[62.889],[63.889],[64.889],[65.889],[66.889],[67.889],[68.889],[69.889],[70.889],[71.889],[72.889],[73.889],[74.889],[75.889],[76.889],[77.889],[78.889],[79.889],[80.889],[81.889],[82.889],[83.889],[84.889],[85.889],[86.889],[87.889],[88.889],[89.889],[90.889],[91.889],[92.889],[93.889],[94.889],[95.889],[96.889],[97.889],[98.889],[99.889],[100.889],[101.889],[102.889],[103.889],[104.889],[105.889]]]]", source: file:///home/seluser/ppt/player/dashjs/index.html (115)
[230:230:0130/105033.209626:INFO:CONSOLE(116)] "
", source: file:///home/seluser/ppt/player/dashjs/index.html (116)
[230:230:0130/105033.209670:INFO:CONSOLE(117)] "Finish Player stistics 
", source: file:///home/seluser/ppt/player/dashjs/index.html (117)
[230:230:0130/105033.209894:INFO:CONSOLE(128)] "currentLatencynow: 106.891", source: file:///home/seluser/ppt/player/dashjs/index.html (128)
[230:230:0130/105034.208137:INFO:CONSOLE(128)] "currentLatencynow: 107.889", source: file:///home/seluser/ppt/player/dashjs/index.html (128)
[230:230:0130/105035.208661:INFO:CONSOLE(128)] "currentLatencynow: 108.889", source: file:///home/seluser/ppt/player/dashjs/index.html (128)
[230:230:0130/105036.208147:INFO:CONSOLE(128)] "currentLatencynow: 109.889", source: file:///home/seluser/ppt/player/dashjs/index.html (128)
[230:230:0130/105037.208188:INFO:CONSOLE(128)] "currentLatencynow: 110.889", source: file:///home/seluser/ppt/player/dashjs/index.html (128)
[230:230:0130/105038.208165:INFO:CONSOLE(128)] "currentLatencynow: 111.889", source: file:///home/seluser/ppt/player/dashjs/index.html (128)
[230:230:0130/105039.208138:INFO:CONSOLE(128)] "currentLatencynow: 112.889", source: file:///home/seluser/ppt/player/dashjs/index.html (128)
[230:230:0130/105040.208159:INFO:CONSOLE(128)] "currentLatencynow: 113.889", source: file:///home/seluser/ppt/player/dashjs/index.html (128)
[230:230:0130/105041.208154:INFO:CONSOLE(128)] "currentLatencynow: 114.889", source: file:///home/seluser/ppt/player/dashjs/index.html (128)
[230:230:0130/105042.208156:INFO:CONSOLE(128)] "currentLatencynow: 115.889", source: file:///home/seluser/ppt/player/dashjs/index.html (128)
[230:230:0130/105043.208213:INFO:CONSOLE(128)] "currentLatencynow: 116.889", source: file:///home/seluser/ppt/player/dashjs/index.html (128)
[230:230:0130/105044.208173:INFO:CONSOLE(128)] "currentLatencynow: 117.889", source: file:///home/seluser/ppt/player/dashjs/index.html (128)
[230:230:0130/105045.208086:INFO:CONSOLE(128)] "currentLatencynow: 118.889", source: file:///home/seluser/ppt/player/dashjs/index.html (128)
[230:230:0130/105046.208172:INFO:CONSOLE(128)] "currentLatencynow: 119.889", source: file:///home/seluser/ppt/player/dashjs/index.html (128)
[230:230:0130/105047.208077:INFO:CONSOLE(128)] "currentLatencynow: 120.889", source: file:///home/seluser/ppt/player/dashjs/index.html (128)
[230:230:0130/105048.208145:INFO:CONSOLE(128)] "currentLatencynow: 121.889", source: file:///home/seluser/ppt/player/dashjs/index.html (128)
[230:230:0130/105049.208217:INFO:CONSOLE(128)] "currentLatencynow: 122.889", source: file:///home/seluser/ppt/player/dashjs/index.html (128)
[230:230:0130/105050.208087:INFO:CONSOLE(128)] "currentLatencynow: 123.889", source: file:///home/seluser/ppt/player/dashjs/index.html (128)
[230:230:0130/105051.208135:INFO:CONSOLE(128)] "currentLatencynow: 124.889", source: file:///home/seluser/ppt/player/dashjs/index.html (128)
[230:230:0130/105052.208167:INFO:CONSOLE(128)] "currentLatencynow: 125.889", source: file:///home/seluser/ppt/player/dashjs/index.html (128)
[230:230:0130/105053.208187:INFO:CONSOLE(128)] "currentLatencynow: 126.889", source: file:///home/seluser/ppt/player/dashjs/index.html (128)
[230:230:0130/105054.208114:INFO:CONSOLE(128)] "currentLatencynow: 127.889", source: file:///home/seluser/ppt/player/dashjs/index.html (128)
[230:230:0130/105055.208210:INFO:CONSOLE(128)] "currentLatencynow: 128.889", source: file:///home/seluser/ppt/player/dashjs/index.html (128)
[230:230:0130/105056.208167:INFO:CONSOLE(128)] "currentLatencynow: 129.889", source: file:///home/seluser/ppt/player/dashjs/index.html (128)
[230:230:0130/105057.208184:INFO:CONSOLE(128)] "currentLatencynow: 130.889", source: file:///home/seluser/ppt/player/dashjs/index.html (128)
[230:230:0130/105058.208139:INFO:CONSOLE(128)] "currentLatencynow: 131.889", source: file:///home/seluser/ppt/player/dashjs/index.html (128)
[230:230:0130/105059.208208:INFO:CONSOLE(128)] "currentLatencynow: 132.889", source: file:///home/seluser/ppt/player/dashjs/index.html (128)
[230:230:0130/105100.208117:INFO:CONSOLE(128)] "currentLatencynow: 133.889", source: file:///home/seluser/ppt/player/dashjs/index.html (128)
[230:230:0130/105101.208134:INFO:CONSOLE(128)] "currentLatencynow: 134.889", source: file:///home/seluser/ppt/player/dashjs/index.html (128)
[230:230:0130/105102.208126:INFO:CONSOLE(128)] "currentLatencynow: 135.889", source: file:///home/seluser/ppt/player/dashjs/index.html (128)
[230:230:0130/105103.208110:INFO:CONSOLE(128)] "currentLatencynow: 136.889", source: file:///home/seluser/ppt/player/dashjs/index.html (128)
[230:230:0130/105104.208127:INFO:CONSOLE(128)] "currentLatencynow: 137.889", source: file:///home/seluser/ppt/player/dashjs/index.html (128)
[230:230:0130/105105.208127:INFO:CONSOLE(128)] "currentLatencynow: 138.889", source: file:///home/seluser/ppt/player/dashjs/index.html (128)
[230:230:0130/105106.208060:INFO:CONSOLE(128)] "currentLatencynow: 139.889", source: file:///home/seluser/ppt/player/dashjs/index.html (128)
[230:230:0130/105107.208139:INFO:CONSOLE(128)] "currentLatencynow: 140.889", source: file:///home/seluser/ppt/player/dashjs/index.html (128)
[230:230:0130/105108.208153:INFO:CONSOLE(128)] "currentLatencynow: 141.889", source: file:///home/seluser/ppt/player/dashjs/index.html (128)
[230:230:0130/105109.208135:INFO:CONSOLE(128)] "currentLatencynow: 142.889", source: file:///home/seluser/ppt/player/dashjs/index.html (128)
[230:230:0130/105110.208160:INFO:CONSOLE(128)] "currentLatencynow: 143.889", source: file:///home/seluser/ppt/player/dashjs/index.html (128)
[230:230:0130/105111.208179:INFO:CONSOLE(128)] "currentLatencynow: 144.889", source: file:///home/seluser/ppt/player/dashjs/index.html (128)
[230:230:0130/105112.208148:INFO:CONSOLE(128)] "currentLatencynow: 145.889", source: file:///home/seluser/ppt/player/dashjs/index.html (128)
[230:230:0130/105113.208171:INFO:CONSOLE(128)] "currentLatencynow: 146.889", source: file:///home/seluser/ppt/player/dashjs/index.html (128)
[230:230:0130/105114.208131:INFO:CONSOLE(128)] "currentLatencynow: 147.889", source: file:///home/seluser/ppt/player/dashjs/index.html (128)
[230:230:0130/105115.208172:INFO:CONSOLE(128)] "currentLatencynow: 148.889", source: file:///home/seluser/ppt/player/dashjs/index.html (128)
[230:230:0130/105116.208217:INFO:CONSOLE(128)] "currentLatencynow: 149.889", source: file:///home/seluser/ppt/player/dashjs/index.html (128)
[230:230:0130/105117.208202:INFO:CONSOLE(128)] "currentLatencynow: 150.889", source: file:///home/seluser/ppt/player/dashjs/index.html (128)
[230:230:0130/105118.208133:INFO:CONSOLE(128)] "currentLatencynow: 151.889", source: file:///home/seluser/ppt/player/dashjs/index.html (128)
[230:230:0130/105119.208175:INFO:CONSOLE(128)] "currentLatencynow: 152.889", source: file:///home/seluser/ppt/player/dashjs/index.html (128)
[230:230:0130/105120.208228:INFO:CONSOLE(128)] "currentLatencynow: 153.889", source: file:///home/seluser/ppt/player/dashjs/index.html (128)
[230:230:0130/105121.208190:INFO:CONSOLE(128)] "currentLatencynow: 154.889", source: file:///home/seluser/ppt/player/dashjs/index.html (128)
[230:230:0130/105122.208143:INFO:CONSOLE(128)] "currentLatencynow: 155.889", source: file:///home/seluser/ppt/player/dashjs/index.html (128)
[230:230:0130/105123.208231:INFO:CONSOLE(128)] "currentLatencynow: 156.889", source: file:///home/seluser/ppt/player/dashjs/index.html (128)
[230:230:0130/105124.208121:INFO:CONSOLE(128)] "currentLatencynow: 157.889", source: file:///home/seluser/ppt/player/dashjs/index.html (128)
[230:230:0130/105125.208215:INFO:CONSOLE(128)] "currentLatencynow: 158.889", source: file:///home/seluser/ppt/player/dashjs/index.html (128)
[230:230:0130/105126.208174:INFO:CONSOLE(128)] "currentLatencynow: 159.889", source: file:///home/seluser/ppt/player/dashjs/index.html (128)
[230:230:0130/105127.208199:INFO:CONSOLE(128)] "currentLatencynow: 160.889", source: file:///home/seluser/ppt/player/dashjs/index.html (128)
[230:230:0130/105128.208163:INFO:CONSOLE(128)] "currentLatencynow: 161.889", source: file:///home/seluser/ppt/player/dashjs/index.html (128)
[230:230:0130/105129.208130:INFO:CONSOLE(128)] "currentLatencynow: 162.889", source: file:///home/seluser/ppt/player/dashjs/index.html (128)
[230:230:0130/105130.208121:INFO:CONSOLE(128)] "currentLatencynow: 163.889", source: file:///home/seluser/ppt/player/dashjs/index.html (128)
[230:230:0130/105131.208207:INFO:CONSOLE(128)] "currentLatencynow: 164.889", source: file:///home/seluser/ppt/player/dashjs/index.html (128)
[230:230:0130/105132.208150:INFO:CONSOLE(128)] "currentLatencynow: 165.889", source: file:///home/seluser/ppt/player/dashjs/index.html (128)
[230:230:0130/105133.208140:INFO:CONSOLE(128)] "currentLatencynow: 166.889", source: file:///home/seluser/ppt/player/dashjs/index.html (128)
[230:230:0130/105133.400682:WARNING:pref_notifier_impl.cc(40)] Pref observer for media_router.cast_allow_all_ips found at shutdown.
