[230:294:0130/104837.094367:ERROR:bus.cc(392)] Failed to connect to the bus: Failed to connect to socket /var/run/dbus/system_bus_socket: No such file or directory
[230:257:0130/104837.097138:ERROR:bus.cc(392)] Failed to connect to the bus: Address does not contain a colon
[230:257:0130/104837.097456:ERROR:bus.cc(392)] Failed to connect to the bus: Address does not contain a colon
[230:257:0130/104837.109776:ERROR:bus.cc(392)] Failed to connect to the bus: Address does not contain a colon
[230:257:0130/104837.109891:ERROR:bus.cc(392)] Failed to connect to the bus: Address does not contain a colon
[301:301:0130/104837.113208:ERROR:gpu_init.cc(453)] Passthrough is not supported, GL is swiftshader, ANGLE is 
[230:257:0130/104837.148668:ERROR:bus.cc(392)] Failed to connect to the bus: Address does not contain a colon
[230:257:0130/104837.148712:ERROR:bus.cc(392)] Failed to connect to the bus: Address does not contain a colon
[230:391:0130/104837.212629:ERROR:bus.cc(392)] Failed to connect to the bus: Failed to connect to socket /var/run/dbus/system_bus_socket: No such file or directory
[230:391:0130/104837.212693:ERROR:bus.cc(392)] Failed to connect to the bus: Failed to connect to socket /var/run/dbus/system_bus_socket: No such file or directory
[230:391:0130/104837.212749:ERROR:bus.cc(392)] Failed to connect to the bus: Failed to connect to socket /var/run/dbus/system_bus_socket: No such file or directory
[230:391:0130/104837.212763:WARNING:property.cc(144)] DaemonVersion: GetAndBlock: failed.
[230:391:0130/104837.212801:ERROR:bus.cc(392)] Failed to connect to the bus: Failed to connect to socket /var/run/dbus/system_bus_socket: No such file or directory
[230:391:0130/104837.212835:ERROR:bus.cc(392)] Failed to connect to the bus: Failed to connect to socket /var/run/dbus/system_bus_socket: No such file or directory
[230:230:0130/104838.510074:INFO:CONSOLE(128)] "currentLatencynow: NaN", source: file:///home/seluser/ppt/player/dashjs/index.html (128)
[230:250:0130/104839.311874:ERROR:chrome_browser_main_extra_parts_metrics.cc(228)] crbug.com/1216328: Checking Bluetooth availability started. Please report if there is no report that this ends.
[230:250:0130/104839.311929:ERROR:chrome_browser_main_extra_parts_metrics.cc(231)] crbug.com/1216328: Checking Bluetooth availability ended.
[230:250:0130/104839.311940:ERROR:chrome_browser_main_extra_parts_metrics.cc(234)] crbug.com/1216328: Checking default browser status started. Please report if there is no report that this ends.
[230:250:0130/104839.472157:ERROR:chrome_browser_main_extra_parts_metrics.cc(238)] crbug.com/1216328: Checking default browser status ended.
[230:230:0130/104839.509650:INFO:CONSOLE(128)] "currentLatencynow: NaN", source: file:///home/seluser/ppt/player/dashjs/index.html (128)
[230:230:0130/104840.509704:INFO:CONSOLE(128)] "currentLatencynow: 0", source: file:///home/seluser/ppt/player/dashjs/index.html (128)
[230:230:0130/104841.509680:INFO:CONSOLE(128)] "currentLatencynow: 0", source: file:///home/seluser/ppt/player/dashjs/index.html (128)
[230:230:0130/104842.509652:INFO:CONSOLE(128)] "currentLatencynow: 0", source: file:///home/seluser/ppt/player/dashjs/index.html (128)
[230:230:0130/104843.509718:INFO:CONSOLE(128)] "currentLatencynow: 0", source: file:///home/seluser/ppt/player/dashjs/index.html (128)
[230:230:0130/104844.509640:INFO:CONSOLE(128)] "currentLatencynow: 0", source: file:///home/seluser/ppt/player/dashjs/index.html (128)
[637:637:0130/104845.299554:WARNING:audio_manager_linux.cc(69)] Falling back to ALSA for audio output. PulseAudio is not available or could not be initialized.
[637:637:0130/104845.304153:ERROR:alsa_util.cc(204)] PcmOpen: default,No such file or directory
[637:637:0130/104845.304247:ERROR:alsa_util.cc(204)] PcmOpen: plug:default,No such file or directory
[230:230:0130/104845.509758:INFO:CONSOLE(128)] "currentLatencynow: 9.668", source: file:///home/seluser/ppt/player/dashjs/index.html (128)
[230:230:0130/104846.509719:INFO:CONSOLE(128)] "currentLatencynow: 10.668", source: file:///home/seluser/ppt/player/dashjs/index.html (128)
[230:230:0130/104847.509745:INFO:CONSOLE(128)] "currentLatencynow: 11.668", source: file:///home/seluser/ppt/player/dashjs/index.html (128)
[230:230:0130/104848.509759:INFO:CONSOLE(128)] "currentLatencynow: 12.668", source: file:///home/seluser/ppt/player/dashjs/index.html (128)
[230:230:0130/104849.509676:INFO:CONSOLE(128)] "currentLatencynow: 13.668", source: file:///home/seluser/ppt/player/dashjs/index.html (128)
[230:230:0130/104850.509746:INFO:CONSOLE(128)] "currentLatencynow: 14.668", source: file:///home/seluser/ppt/player/dashjs/index.html (128)
[230:257:0130/104851.156662:ERROR:bus.cc(392)] Failed to connect to the bus: Address does not contain a colon
[230:257:0130/104851.156719:ERROR:bus.cc(392)] Failed to connect to the bus: Address does not contain a colon
[230:257:0130/104851.156735:ERROR:bus.cc(392)] Failed to connect to the bus: Address does not contain a colon
[230:257:0130/104851.156749:ERROR:bus.cc(392)] Failed to connect to the bus: Address does not contain a colon
[230:257:0130/104851.156762:ERROR:bus.cc(392)] Failed to connect to the bus: Address does not contain a colon
[230:257:0130/104851.156771:ERROR:bus.cc(392)] Failed to connect to the bus: Address does not contain a colon
[230:257:0130/104851.156785:ERROR:bus.cc(392)] Failed to connect to the bus: Address does not contain a colon
[230:257:0130/104851.156802:ERROR:bus.cc(392)] Failed to connect to the bus: Address does not contain a colon
[230:257:0130/104851.156814:ERROR:bus.cc(392)] Failed to connect to the bus: Address does not contain a colon
[230:257:0130/104851.156829:ERROR:bus.cc(392)] Failed to connect to the bus: Address does not contain a colon
[230:257:0130/104851.156839:ERROR:bus.cc(392)] Failed to connect to the bus: Address does not contain a colon
[230:257:0130/104851.156851:ERROR:bus.cc(392)] Failed to connect to the bus: Address does not contain a colon
[230:257:0130/104851.156871:ERROR:bus.cc(392)] Failed to connect to the bus: Address does not contain a colon
[230:257:0130/104851.156894:ERROR:bus.cc(392)] Failed to connect to the bus: Address does not contain a colon
[230:257:0130/104851.160978:ERROR:bus.cc(392)] Failed to connect to the bus: Address does not contain a colon
[230:257:0130/104851.161012:ERROR:bus.cc(392)] Failed to connect to the bus: Address does not contain a colon
[230:257:0130/104851.161029:ERROR:bus.cc(392)] Failed to connect to the bus: Address does not contain a colon
[230:257:0130/104851.245938:ERROR:bus.cc(392)] Failed to connect to the bus: Address does not contain a colon
[230:257:0130/104851.245972:ERROR:bus.cc(392)] Failed to connect to the bus: Address does not contain a colon
[230:230:0130/104851.509647:INFO:CONSOLE(128)] "currentLatencynow: 15.39", source: file:///home/seluser/ppt/player/dashjs/index.html (128)
[230:230:0130/104852.509702:INFO:CONSOLE(128)] "currentLatencynow: 15.291", source: file:///home/seluser/ppt/player/dashjs/index.html (128)
[230:230:0130/104853.509757:INFO:CONSOLE(128)] "currentLatencynow: 15.603", source: file:///home/seluser/ppt/player/dashjs/index.html (128)
[230:230:0130/104854.509717:INFO:CONSOLE(128)] "currentLatencynow: 16.603", source: file:///home/seluser/ppt/player/dashjs/index.html (128)
[230:230:0130/104855.509661:INFO:CONSOLE(128)] "currentLatencynow: 17.603", source: file:///home/seluser/ppt/player/dashjs/index.html (128)
[230:230:0130/104856.509672:INFO:CONSOLE(128)] "currentLatencynow: 18.603", source: file:///home/seluser/ppt/player/dashjs/index.html (128)
[230:230:0130/104857.509689:INFO:CONSOLE(128)] "currentLatencynow: 19.603", source: file:///home/seluser/ppt/player/dashjs/index.html (128)
[230:230:0130/104858.509735:INFO:CONSOLE(128)] "currentLatencynow: 20.603", source: file:///home/seluser/ppt/player/dashjs/index.html (128)
[230:257:0130/104859.122617:ERROR:bus.cc(392)] Failed to connect to the bus: Address does not contain a colon
[230:257:0130/104859.122697:ERROR:bus.cc(392)] Failed to connect to the bus: Address does not contain a colon
[230:230:0130/104859.509889:INFO:CONSOLE(128)] "currentLatencynow: 21.095", source: file:///home/seluser/ppt/player/dashjs/index.html (128)
[230:230:0130/104900.509736:INFO:CONSOLE(128)] "currentLatencynow: 20.995", source: file:///home/seluser/ppt/player/dashjs/index.html (128)
[230:230:0130/104901.509921:INFO:CONSOLE(128)] "currentLatencynow: 21.589", source: file:///home/seluser/ppt/player/dashjs/index.html (128)
[230:230:0130/104902.509839:INFO:CONSOLE(128)] "currentLatencynow: 22.589", source: file:///home/seluser/ppt/player/dashjs/index.html (128)
[230:257:0130/104903.261186:ERROR:bus.cc(392)] Failed to connect to the bus: Address does not contain a colon
[230:257:0130/104903.261248:ERROR:bus.cc(392)] Failed to connect to the bus: Address does not contain a colon
[230:230:0130/104903.509699:INFO:CONSOLE(128)] "currentLatencynow: 23.234", source: file:///home/seluser/ppt/player/dashjs/index.html (128)
[230:230:0130/104904.509726:INFO:CONSOLE(128)] "currentLatencynow: 23.234", source: file:///home/seluser/ppt/player/dashjs/index.html (128)
[230:230:0130/104905.509615:INFO:CONSOLE(128)] "currentLatencynow: 23.535", source: file:///home/seluser/ppt/player/dashjs/index.html (128)
[230:230:0130/104906.509750:INFO:CONSOLE(128)] "currentLatencynow: 24.535", source: file:///home/seluser/ppt/player/dashjs/index.html (128)
[230:230:0130/104907.510030:INFO:CONSOLE(128)] "currentLatencynow: 25.535", source: file:///home/seluser/ppt/player/dashjs/index.html (128)
[230:230:0130/104908.510103:INFO:CONSOLE(128)] "currentLatencynow: 26.535", source: file:///home/seluser/ppt/player/dashjs/index.html (128)
[230:230:0130/104909.509765:INFO:CONSOLE(128)] "currentLatencynow: 27.535", source: file:///home/seluser/ppt/player/dashjs/index.html (128)
[230:257:0130/104910.137022:ERROR:bus.cc(392)] Failed to connect to the bus: Address does not contain a colon
[230:257:0130/104910.137084:ERROR:bus.cc(392)] Failed to connect to the bus: Address does not contain a colon
[230:230:0130/104910.509674:INFO:CONSOLE(128)] "currentLatencynow: 28.035", source: file:///home/seluser/ppt/player/dashjs/index.html (128)
[230:230:0130/104911.509761:INFO:CONSOLE(128)] "currentLatencynow: 27.935", source: file:///home/seluser/ppt/player/dashjs/index.html (128)
[230:230:0130/104912.509790:INFO:CONSOLE(128)] "currentLatencynow: 28.509", source: file:///home/seluser/ppt/player/dashjs/index.html (128)
[230:230:0130/104913.509742:INFO:CONSOLE(128)] "currentLatencynow: 29.509", source: file:///home/seluser/ppt/player/dashjs/index.html (128)
[230:230:0130/104914.509684:INFO:CONSOLE(128)] "currentLatencynow: 30.206", source: file:///home/seluser/ppt/player/dashjs/index.html (128)
[230:230:0130/104915.509750:INFO:CONSOLE(128)] "currentLatencynow: 31.206", source: file:///home/seluser/ppt/player/dashjs/index.html (128)
[230:230:0130/104916.509743:INFO:CONSOLE(128)] "currentLatencynow: 32.206", source: file:///home/seluser/ppt/player/dashjs/index.html (128)
[230:230:0130/104917.509873:INFO:CONSOLE(128)] "currentLatencynow: 33.206", source: file:///home/seluser/ppt/player/dashjs/index.html (128)
[230:230:0130/104918.509748:INFO:CONSOLE(128)] "currentLatencynow: 34.206", source: file:///home/seluser/ppt/player/dashjs/index.html (128)
[230:230:0130/104919.509732:INFO:CONSOLE(128)] "currentLatencynow: 35.206", source: file:///home/seluser/ppt/player/dashjs/index.html (128)
[230:230:0130/104920.509742:INFO:CONSOLE(128)] "currentLatencynow: 36.206", source: file:///home/seluser/ppt/player/dashjs/index.html (128)
[230:230:0130/104921.509669:INFO:CONSOLE(128)] "currentLatencynow: 37.206", source: file:///home/seluser/ppt/player/dashjs/index.html (128)
[230:230:0130/104922.509880:INFO:CONSOLE(128)] "currentLatencynow: 38.206", source: file:///home/seluser/ppt/player/dashjs/index.html (128)
[230:230:0130/104923.509978:INFO:CONSOLE(128)] "currentLatencynow: 39.206", source: file:///home/seluser/ppt/player/dashjs/index.html (128)
[230:230:0130/104924.510001:INFO:CONSOLE(128)] "currentLatencynow: 40.206", source: file:///home/seluser/ppt/player/dashjs/index.html (128)
[230:230:0130/104925.509906:INFO:CONSOLE(128)] "currentLatencynow: 41.206", source: file:///home/seluser/ppt/player/dashjs/index.html (128)
[230:230:0130/104926.509997:INFO:CONSOLE(128)] "currentLatencynow: 42.206", source: file:///home/seluser/ppt/player/dashjs/index.html (128)
[230:230:0130/104927.509926:INFO:CONSOLE(128)] "currentLatencynow: 43.206", source: file:///home/seluser/ppt/player/dashjs/index.html (128)
[230:230:0130/104928.509906:INFO:CONSOLE(128)] "currentLatencynow: 44.206", source: file:///home/seluser/ppt/player/dashjs/index.html (128)
[230:230:0130/104929.510149:INFO:CONSOLE(128)] "currentLatencynow: 45.206", source: file:///home/seluser/ppt/player/dashjs/index.html (128)
[230:230:0130/104930.509880:INFO:CONSOLE(128)] "currentLatencynow: 46.206", source: file:///home/seluser/ppt/player/dashjs/index.html (128)
[230:230:0130/104931.509763:INFO:CONSOLE(128)] "currentLatencynow: 47.206", source: file:///home/seluser/ppt/player/dashjs/index.html (128)
[230:230:0130/104932.509975:INFO:CONSOLE(128)] "currentLatencynow: 48.206", source: file:///home/seluser/ppt/player/dashjs/index.html (128)
[230:230:0130/104933.509983:INFO:CONSOLE(128)] "currentLatencynow: 49.206", source: file:///home/seluser/ppt/player/dashjs/index.html (128)
[230:230:0130/104934.509704:INFO:CONSOLE(128)] "currentLatencynow: 50.206", source: file:///home/seluser/ppt/player/dashjs/index.html (128)
[230:230:0130/104935.509899:INFO:CONSOLE(128)] "currentLatencynow: 51.206", source: file:///home/seluser/ppt/player/dashjs/index.html (128)
[230:230:0130/104936.509969:INFO:CONSOLE(128)] "currentLatencynow: 52.206", source: file:///home/seluser/ppt/player/dashjs/index.html (128)
[230:230:0130/104937.509772:INFO:CONSOLE(128)] "currentLatencynow: 53.206", source: file:///home/seluser/ppt/player/dashjs/index.html (128)
[230:230:0130/104938.510050:INFO:CONSOLE(128)] "currentLatencynow: 54.206", source: file:///home/seluser/ppt/player/dashjs/index.html (128)
[230:230:0130/104939.509797:INFO:CONSOLE(128)] "currentLatencynow: 55.206", source: file:///home/seluser/ppt/player/dashjs/index.html (128)
[230:230:0130/104940.509939:INFO:CONSOLE(128)] "currentLatencynow: 56.206", source: file:///home/seluser/ppt/player/dashjs/index.html (128)
[230:230:0130/104941.510033:INFO:CONSOLE(128)] "currentLatencynow: 57.206", source: file:///home/seluser/ppt/player/dashjs/index.html (128)
[230:230:0130/104942.509875:INFO:CONSOLE(128)] "currentLatencynow: 58.206", source: file:///home/seluser/ppt/player/dashjs/index.html (128)
[230:230:0130/104943.509736:INFO:CONSOLE(128)] "currentLatencynow: 59.206", source: file:///home/seluser/ppt/player/dashjs/index.html (128)
[230:230:0130/104944.509794:INFO:CONSOLE(128)] "currentLatencynow: 60.206", source: file:///home/seluser/ppt/player/dashjs/index.html (128)
[230:230:0130/104945.509953:INFO:CONSOLE(128)] "currentLatencynow: 61.206", source: file:///home/seluser/ppt/player/dashjs/index.html (128)
[230:230:0130/104946.509943:INFO:CONSOLE(128)] "currentLatencynow: 62.206", source: file:///home/seluser/ppt/player/dashjs/index.html (128)
[230:230:0130/104947.509916:INFO:CONSOLE(128)] "currentLatencynow: 63.206", source: file:///home/seluser/ppt/player/dashjs/index.html (128)
[230:230:0130/104948.509926:INFO:CONSOLE(128)] "currentLatencynow: 64.206", source: file:///home/seluser/ppt/player/dashjs/index.html (128)
[230:230:0130/104949.509916:INFO:CONSOLE(128)] "currentLatencynow: 65.206", source: file:///home/seluser/ppt/player/dashjs/index.html (128)
[230:230:0130/104950.509909:INFO:CONSOLE(128)] "currentLatencynow: 66.206", source: file:///home/seluser/ppt/player/dashjs/index.html (128)
[230:230:0130/104951.509918:INFO:CONSOLE(128)] "currentLatencynow: 67.206", source: file:///home/seluser/ppt/player/dashjs/index.html (128)
[230:230:0130/104952.509899:INFO:CONSOLE(128)] "currentLatencynow: 68.206", source: file:///home/seluser/ppt/player/dashjs/index.html (128)
[230:230:0130/104953.509892:INFO:CONSOLE(128)] "currentLatencynow: 69.206", source: file:///home/seluser/ppt/player/dashjs/index.html (128)
[230:230:0130/104954.509923:INFO:CONSOLE(128)] "currentLatencynow: 70.206", source: file:///home/seluser/ppt/player/dashjs/index.html (128)
[230:230:0130/104955.509904:INFO:CONSOLE(128)] "currentLatencynow: 71.206", source: file:///home/seluser/ppt/player/dashjs/index.html (128)
[230:230:0130/104956.509986:INFO:CONSOLE(128)] "currentLatencynow: 72.206", source: file:///home/seluser/ppt/player/dashjs/index.html (128)
[230:230:0130/104957.509924:INFO:CONSOLE(128)] "currentLatencynow: 73.206", source: file:///home/seluser/ppt/player/dashjs/index.html (128)
[230:230:0130/104958.509939:INFO:CONSOLE(128)] "currentLatencynow: 74.206", source: file:///home/seluser/ppt/player/dashjs/index.html (128)
[230:230:0130/104959.509915:INFO:CONSOLE(128)] "currentLatencynow: 75.206", source: file:///home/seluser/ppt/player/dashjs/index.html (128)
[230:230:0130/105000.509932:INFO:CONSOLE(128)] "currentLatencynow: 76.206", source: file:///home/seluser/ppt/player/dashjs/index.html (128)
[230:230:0130/105001.509880:INFO:CONSOLE(128)] "currentLatencynow: 77.206", source: file:///home/seluser/ppt/player/dashjs/index.html (128)
[230:230:0130/105002.509916:INFO:CONSOLE(128)] "currentLatencynow: 78.206", source: file:///home/seluser/ppt/player/dashjs/index.html (128)
[230:230:0130/105003.509913:INFO:CONSOLE(128)] "currentLatencynow: 79.206", source: file:///home/seluser/ppt/player/dashjs/index.html (128)
[230:230:0130/105004.509709:INFO:CONSOLE(128)] "currentLatencynow: 80.206", source: file:///home/seluser/ppt/player/dashjs/index.html (128)
[230:230:0130/105005.509904:INFO:CONSOLE(128)] "currentLatencynow: 81.206", source: file:///home/seluser/ppt/player/dashjs/index.html (128)
[230:230:0130/105006.509924:INFO:CONSOLE(128)] "currentLatencynow: 82.206", source: file:///home/seluser/ppt/player/dashjs/index.html (128)
[230:230:0130/105007.509934:INFO:CONSOLE(128)] "currentLatencynow: 83.206", source: file:///home/seluser/ppt/player/dashjs/index.html (128)
[230:230:0130/105008.509905:INFO:CONSOLE(128)] "currentLatencynow: 84.206", source: file:///home/seluser/ppt/player/dashjs/index.html (128)
[230:230:0130/105009.509915:INFO:CONSOLE(128)] "currentLatencynow: 85.206", source: file:///home/seluser/ppt/player/dashjs/index.html (128)
[230:230:0130/105010.509865:INFO:CONSOLE(128)] "currentLatencynow: 86.206", source: file:///home/seluser/ppt/player/dashjs/index.html (128)
[230:230:0130/105011.509896:INFO:CONSOLE(128)] "currentLatencynow: 87.206", source: file:///home/seluser/ppt/player/dashjs/index.html (128)
[230:230:0130/105012.509758:INFO:CONSOLE(128)] "currentLatencynow: 88.206", source: file:///home/seluser/ppt/player/dashjs/index.html (128)
[230:230:0130/105013.509782:INFO:CONSOLE(128)] "currentLatencynow: 89.206", source: file:///home/seluser/ppt/player/dashjs/index.html (128)
[230:230:0130/105014.509956:INFO:CONSOLE(128)] "currentLatencynow: 90.206", source: file:///home/seluser/ppt/player/dashjs/index.html (128)
[230:230:0130/105015.509938:INFO:CONSOLE(128)] "currentLatencynow: 91.206", source: file:///home/seluser/ppt/player/dashjs/index.html (128)
[230:230:0130/105016.509733:INFO:CONSOLE(128)] "currentLatencynow: 92.206", source: file:///home/seluser/ppt/player/dashjs/index.html (128)
[230:230:0130/105017.509954:INFO:CONSOLE(128)] "currentLatencynow: 93.206", source: file:///home/seluser/ppt/player/dashjs/index.html (128)
[230:230:0130/105018.509945:INFO:CONSOLE(128)] "currentLatencynow: 94.206", source: file:///home/seluser/ppt/player/dashjs/index.html (128)
[230:230:0130/105019.509946:INFO:CONSOLE(128)] "currentLatencynow: 95.206", source: file:///home/seluser/ppt/player/dashjs/index.html (128)
[230:230:0130/105020.509716:INFO:CONSOLE(128)] "currentLatencynow: 96.206", source: file:///home/seluser/ppt/player/dashjs/index.html (128)
[230:230:0130/105021.510003:INFO:CONSOLE(128)] "currentLatencynow: 97.206", source: file:///home/seluser/ppt/player/dashjs/index.html (128)
[230:230:0130/105022.509893:INFO:CONSOLE(128)] "currentLatencynow: 98.206", source: file:///home/seluser/ppt/player/dashjs/index.html (128)
[230:230:0130/105023.509952:INFO:CONSOLE(128)] "currentLatencynow: 99.206", source: file:///home/seluser/ppt/player/dashjs/index.html (128)
[230:230:0130/105024.509962:INFO:CONSOLE(128)] "currentLatencynow: 100.206", source: file:///home/seluser/ppt/player/dashjs/index.html (128)
[230:230:0130/105025.509914:INFO:CONSOLE(128)] "currentLatencynow: 101.206", source: file:///home/seluser/ppt/player/dashjs/index.html (128)
[230:230:0130/105026.510010:INFO:CONSOLE(128)] "currentLatencynow: 102.206", source: file:///home/seluser/ppt/player/dashjs/index.html (128)
[230:230:0130/105027.510009:INFO:CONSOLE(128)] "currentLatencynow: 103.206", source: file:///home/seluser/ppt/player/dashjs/index.html (128)
[230:230:0130/105028.509920:INFO:CONSOLE(128)] "currentLatencynow: 104.206", source: file:///home/seluser/ppt/player/dashjs/index.html (128)
[230:230:0130/105029.509910:INFO:CONSOLE(128)] "currentLatencynow: 105.206", source: file:///home/seluser/ppt/player/dashjs/index.html (128)
[230:230:0130/105030.509903:INFO:CONSOLE(128)] "currentLatencynow: 106.206", source: file:///home/seluser/ppt/player/dashjs/index.html (128)
[230:230:0130/105031.509904:INFO:CONSOLE(128)] "currentLatencynow: 107.206", source: file:///home/seluser/ppt/player/dashjs/index.html (128)
[230:230:0130/105032.509934:INFO:CONSOLE(128)] "currentLatencynow: 108.206", source: file:///home/seluser/ppt/player/dashjs/index.html (128)
[230:230:0130/105033.509976:INFO:CONSOLE(128)] "currentLatencynow: 109.206", source: file:///home/seluser/ppt/player/dashjs/index.html (128)
[230:230:0130/105034.510067:INFO:CONSOLE(128)] "currentLatencynow: 110.206", source: file:///home/seluser/ppt/player/dashjs/index.html (128)
[230:230:0130/105035.509916:INFO:CONSOLE(128)] "currentLatencynow: 111.206", source: file:///home/seluser/ppt/player/dashjs/index.html (128)
[230:230:0130/105036.509898:INFO:CONSOLE(128)] "currentLatencynow: 112.206", source: file:///home/seluser/ppt/player/dashjs/index.html (128)
[230:230:0130/105037.509724:INFO:CONSOLE(114)] "Begin Player stistics 
", source: file:///home/seluser/ppt/player/dashjs/index.html (114)
[230:230:0130/105037.509927:INFO:CONSOLE(115)] "["stall",[["5.86","13.81",7.95]],[["15.79","16.04",0.25]],[["23.53","23.78",0.25]],[["27.86","28.11",0.25]],[["34.56","34.81",0.25]],[["availibleBW",[null],[null],[null],[null],[null],[null],[null],[null],[null],[null],[null],[null],[6485],[6485],[6485],[6485],[6485],[6485],[6529],[6529],[6529],[6334],[6334],[6334],[6334],[6334],[6226],[6226],[6226],[6226],[6226],[6226],[5932],[5932],[5932],[5621],[5621],[5621],[5621],[5621],[5621],[5621],[5621],[5621],[5621],[5621],[5621],[5621],[5621],[5621],[5621],[5621],[5621],[5621],[5621],[5621],[5621],[5621],[5621],[5621],[5621],[5621],[5621],[5621],[5621],[5621],[5621],[5621],[5621],[5621],[5621],[5621],[5621],[5621],[5621],[5621],[5621],[5621],[5621],[5621],[5621],[5621],[5621],[5621],[5621],[5621],[5621],[5621],[5621],[5621],[5621],[5621],[5621],[5621],[5621],[5621],[5621],[5621],[5621],[5621],[5621],[5621],[5621],[5621],[5621],[5621],[5621],[5621],[5621],[5621],[5621],[5621],[5621],[5621],[5621],[5621],[5621],[5621],[5621]]],[["currentBuffer",[0],[0],[0],[0],[0],[0],[0],[0],[0],[0],[0],[0],[0.149],[0],[0],[0],[0],[0],[0.086],[0.086],[0.086],[1.717],[0.617],[0.074],[0.074],[0],[0.852],[0.022],[0.022],[0.022],[0.022],[0.022],[1.579],[0.479],[0],[2.001],[2.001],[2.001],[2.001],[2.001],[2.001],[2.001],[2.001],[2.001],[2.001],[2.001],[2.001],[2.001],[2.001],[2.001],[2.001],[2.001],[2.001],[2.001],[2.001],[2.001],[2.001],[2.001],[2.001],[2.001],[2.001],[2.001],[2.001],[2.001],[2.001],[2.001],[2.001],[2.001],[2.001],[2.001],[2.001],[2.001],[2.001],[2.001],[2.001],[2.001],[2.001],[2.001],[2.001],[2.001],[2.001],[2.001],[2.001],[2.001],[2.001],[2.001],[2.001],[2.001],[2.001],[2.001],[2.001],[2.001],[2.001],[2.001],[2.001],[2.001],[2.001],[2.001],[2.001],[2.001],[2.001],[2.001],[2.001],[2.001],[2.001],[2.001],[2.001],[2.001],[2.001],[2.001],[2.001],[2.001],[2.001],[2.001],[2.001],[2.001],[2.001],[2.001],[2.001]]],[["currentLatency",[null],[null],[0],[0],[0],[0],[0],[9.668],[10.668],[11.668],[12.668],[13.668],[14.668],[15.39],[15.291],[15.603],[16.603],[17.603],[18.603],[19.603],[20.603],[21.095],[20.995],[21.589],[22.589],[23.234],[23.234],[23.535],[24.535],[25.535],[26.535],[27.535],[28.035],[27.935],[28.509],[29.509],[30.206],[31.206],[32.206],[33.206],[34.206],[35.206],[36.206],[37.206],[38.206],[39.206],[40.206],[41.206],[42.206],[43.206],[44.206],[45.206],[46.206],[47.206],[48.206],[49.206],[50.206],[51.206],[52.206],[53.206],[54.206],[55.206],[56.206],[57.206],[58.206],[59.206],[60.206],[61.206],[62.206],[63.206],[64.206],[65.206],[66.206],[67.206],[68.206],[69.206],[70.206],[71.206],[72.206],[73.206],[74.206],[75.206],[76.206],[77.206],[78.206],[79.206],[80.206],[81.206],[82.206],[83.206],[84.206],[85.206],[86.206],[87.206],[88.206],[89.206],[90.206],[91.206],[92.206],[93.206],[94.206],[95.206],[96.206],[97.206],[98.206],[99.206],[100.206],[101.206],[102.206],[103.206],[104.206],[105.206],[106.206],[107.206],[108.206],[109.206],[110.206],[111.206],[112.206]]]]", source: file:///home/seluser/ppt/player/dashjs/index.html (115)
[230:230:0130/105037.510069:INFO:CONSOLE(116)] "
", source: file:///home/seluser/ppt/player/dashjs/index.html (116)
[230:230:0130/105037.510103:INFO:CONSOLE(117)] "Finish Player stistics 
", source: file:///home/seluser/ppt/player/dashjs/index.html (117)
[230:230:0130/105037.510184:INFO:CONSOLE(128)] "currentLatencynow: 113.207", source: file:///home/seluser/ppt/player/dashjs/index.html (128)
[230:230:0130/105038.509953:INFO:CONSOLE(128)] "currentLatencynow: 114.206", source: file:///home/seluser/ppt/player/dashjs/index.html (128)
[230:230:0130/105039.510007:INFO:CONSOLE(128)] "currentLatencynow: 115.206", source: file:///home/seluser/ppt/player/dashjs/index.html (128)
[230:230:0130/105040.509898:INFO:CONSOLE(128)] "currentLatencynow: 116.206", source: file:///home/seluser/ppt/player/dashjs/index.html (128)
[230:230:0130/105041.510008:INFO:CONSOLE(128)] "currentLatencynow: 117.206", source: file:///home/seluser/ppt/player/dashjs/index.html (128)
[230:230:0130/105042.509805:INFO:CONSOLE(128)] "currentLatencynow: 118.206", source: file:///home/seluser/ppt/player/dashjs/index.html (128)
[230:230:0130/105043.509916:INFO:CONSOLE(128)] "currentLatencynow: 119.206", source: file:///home/seluser/ppt/player/dashjs/index.html (128)
[230:230:0130/105044.509963:INFO:CONSOLE(128)] "currentLatencynow: 120.206", source: file:///home/seluser/ppt/player/dashjs/index.html (128)
[230:230:0130/105045.509871:INFO:CONSOLE(128)] "currentLatencynow: 121.206", source: file:///home/seluser/ppt/player/dashjs/index.html (128)
[230:230:0130/105046.509918:INFO:CONSOLE(128)] "currentLatencynow: 122.206", source: file:///home/seluser/ppt/player/dashjs/index.html (128)
[230:230:0130/105047.510019:INFO:CONSOLE(128)] "currentLatencynow: 123.206", source: file:///home/seluser/ppt/player/dashjs/index.html (128)
[230:230:0130/105048.510202:INFO:CONSOLE(128)] "currentLatencynow: 124.206", source: file:///home/seluser/ppt/player/dashjs/index.html (128)
[230:230:0130/105049.509800:INFO:CONSOLE(128)] "currentLatencynow: 125.206", source: file:///home/seluser/ppt/player/dashjs/index.html (128)
[230:230:0130/105050.509887:INFO:CONSOLE(128)] "currentLatencynow: 126.206", source: file:///home/seluser/ppt/player/dashjs/index.html (128)
[230:230:0130/105051.509934:INFO:CONSOLE(128)] "currentLatencynow: 127.206", source: file:///home/seluser/ppt/player/dashjs/index.html (128)
[230:230:0130/105052.509864:INFO:CONSOLE(128)] "currentLatencynow: 128.206", source: file:///home/seluser/ppt/player/dashjs/index.html (128)
[230:230:0130/105053.509855:INFO:CONSOLE(128)] "currentLatencynow: 129.206", source: file:///home/seluser/ppt/player/dashjs/index.html (128)
[230:230:0130/105054.509861:INFO:CONSOLE(128)] "currentLatencynow: 130.206", source: file:///home/seluser/ppt/player/dashjs/index.html (128)
[230:230:0130/105055.509886:INFO:CONSOLE(128)] "currentLatencynow: 131.206", source: file:///home/seluser/ppt/player/dashjs/index.html (128)
[230:230:0130/105056.509756:INFO:CONSOLE(128)] "currentLatencynow: 132.206", source: file:///home/seluser/ppt/player/dashjs/index.html (128)
[230:230:0130/105057.509774:INFO:CONSOLE(128)] "currentLatencynow: 133.206", source: file:///home/seluser/ppt/player/dashjs/index.html (128)
[230:230:0130/105058.509792:INFO:CONSOLE(128)] "currentLatencynow: 134.206", source: file:///home/seluser/ppt/player/dashjs/index.html (128)
[230:230:0130/105059.509899:INFO:CONSOLE(128)] "currentLatencynow: 135.206", source: file:///home/seluser/ppt/player/dashjs/index.html (128)
[230:230:0130/105100.509811:INFO:CONSOLE(128)] "currentLatencynow: 136.206", source: file:///home/seluser/ppt/player/dashjs/index.html (128)
[230:230:0130/105101.509865:INFO:CONSOLE(128)] "currentLatencynow: 137.206", source: file:///home/seluser/ppt/player/dashjs/index.html (128)
[230:230:0130/105102.509947:INFO:CONSOLE(128)] "currentLatencynow: 138.206", source: file:///home/seluser/ppt/player/dashjs/index.html (128)
[230:230:0130/105103.509802:INFO:CONSOLE(128)] "currentLatencynow: 139.206", source: file:///home/seluser/ppt/player/dashjs/index.html (128)
[230:230:0130/105104.509745:INFO:CONSOLE(128)] "currentLatencynow: 140.206", source: file:///home/seluser/ppt/player/dashjs/index.html (128)
[230:230:0130/105105.509879:INFO:CONSOLE(128)] "currentLatencynow: 141.206", source: file:///home/seluser/ppt/player/dashjs/index.html (128)
[230:230:0130/105106.509887:INFO:CONSOLE(128)] "currentLatencynow: 142.206", source: file:///home/seluser/ppt/player/dashjs/index.html (128)
[230:230:0130/105107.509740:INFO:CONSOLE(128)] "currentLatencynow: 143.206", source: file:///home/seluser/ppt/player/dashjs/index.html (128)
[230:230:0130/105108.509873:INFO:CONSOLE(128)] "currentLatencynow: 144.206", source: file:///home/seluser/ppt/player/dashjs/index.html (128)
[230:230:0130/105109.509812:INFO:CONSOLE(128)] "currentLatencynow: 145.206", source: file:///home/seluser/ppt/player/dashjs/index.html (128)
[230:230:0130/105110.509873:INFO:CONSOLE(128)] "currentLatencynow: 146.206", source: file:///home/seluser/ppt/player/dashjs/index.html (128)
[230:230:0130/105111.509909:INFO:CONSOLE(128)] "currentLatencynow: 147.206", source: file:///home/seluser/ppt/player/dashjs/index.html (128)
[230:230:0130/105112.509908:INFO:CONSOLE(128)] "currentLatencynow: 148.206", source: file:///home/seluser/ppt/player/dashjs/index.html (128)
[230:230:0130/105113.509802:INFO:CONSOLE(128)] "currentLatencynow: 149.206", source: file:///home/seluser/ppt/player/dashjs/index.html (128)
[230:230:0130/105114.509892:INFO:CONSOLE(128)] "currentLatencynow: 150.206", source: file:///home/seluser/ppt/player/dashjs/index.html (128)
[230:230:0130/105115.509966:INFO:CONSOLE(128)] "currentLatencynow: 151.206", source: file:///home/seluser/ppt/player/dashjs/index.html (128)
[230:230:0130/105116.509701:INFO:CONSOLE(128)] "currentLatencynow: 152.206", source: file:///home/seluser/ppt/player/dashjs/index.html (128)
[230:230:0130/105117.509966:INFO:CONSOLE(128)] "currentLatencynow: 153.206", source: file:///home/seluser/ppt/player/dashjs/index.html (128)
[230:230:0130/105118.509936:INFO:CONSOLE(128)] "currentLatencynow: 154.206", source: file:///home/seluser/ppt/player/dashjs/index.html (128)
[230:230:0130/105119.509953:INFO:CONSOLE(128)] "currentLatencynow: 155.206", source: file:///home/seluser/ppt/player/dashjs/index.html (128)
[230:230:0130/105120.509953:INFO:CONSOLE(128)] "currentLatencynow: 156.206", source: file:///home/seluser/ppt/player/dashjs/index.html (128)
[230:230:0130/105121.509929:INFO:CONSOLE(128)] "currentLatencynow: 157.206", source: file:///home/seluser/ppt/player/dashjs/index.html (128)
[230:230:0130/105122.509695:INFO:CONSOLE(128)] "currentLatencynow: 158.206", source: file:///home/seluser/ppt/player/dashjs/index.html (128)
[230:230:0130/105123.509935:INFO:CONSOLE(128)] "currentLatencynow: 159.206", source: file:///home/seluser/ppt/player/dashjs/index.html (128)
[230:230:0130/105124.509684:INFO:CONSOLE(128)] "currentLatencynow: 160.206", source: file:///home/seluser/ppt/player/dashjs/index.html (128)
[230:230:0130/105125.509666:INFO:CONSOLE(128)] "currentLatencynow: 161.206", source: file:///home/seluser/ppt/player/dashjs/index.html (128)
[230:230:0130/105126.509907:INFO:CONSOLE(128)] "currentLatencynow: 162.206", source: file:///home/seluser/ppt/player/dashjs/index.html (128)
[230:230:0130/105127.509910:INFO:CONSOLE(128)] "currentLatencynow: 163.206", source: file:///home/seluser/ppt/player/dashjs/index.html (128)
[230:230:0130/105128.509858:INFO:CONSOLE(128)] "currentLatencynow: 164.206", source: file:///home/seluser/ppt/player/dashjs/index.html (128)
[230:230:0130/105129.509951:INFO:CONSOLE(128)] "currentLatencynow: 165.206", source: file:///home/seluser/ppt/player/dashjs/index.html (128)
[230:230:0130/105130.509921:INFO:CONSOLE(128)] "currentLatencynow: 166.206", source: file:///home/seluser/ppt/player/dashjs/index.html (128)
[230:230:0130/105131.509798:INFO:CONSOLE(128)] "currentLatencynow: 167.206", source: file:///home/seluser/ppt/player/dashjs/index.html (128)
[230:230:0130/105132.509801:INFO:CONSOLE(128)] "currentLatencynow: 168.206", source: file:///home/seluser/ppt/player/dashjs/index.html (128)
[230:230:0130/105133.509958:INFO:CONSOLE(128)] "currentLatencynow: 169.206", source: file:///home/seluser/ppt/player/dashjs/index.html (128)
[230:230:0130/105134.509915:INFO:CONSOLE(128)] "currentLatencynow: 170.206", source: file:///home/seluser/ppt/player/dashjs/index.html (128)
[230:230:0130/105135.509983:INFO:CONSOLE(128)] "currentLatencynow: 171.206", source: file:///home/seluser/ppt/player/dashjs/index.html (128)
[230:230:0130/105136.509874:INFO:CONSOLE(128)] "currentLatencynow: 172.206", source: file:///home/seluser/ppt/player/dashjs/index.html (128)
[230:230:0130/105137.509854:INFO:CONSOLE(128)] "currentLatencynow: 173.206", source: file:///home/seluser/ppt/player/dashjs/index.html (128)
[230:230:0130/105137.716684:WARNING:pref_notifier_impl.cc(40)] Pref observer for media_router.cast_allow_all_ips found at shutdown.
