[231:295:0130/103351.663042:ERROR:bus.cc(392)] Failed to connect to the bus: Failed to connect to socket /var/run/dbus/system_bus_socket: No such file or directory
[231:258:0130/103351.665176:ERROR:bus.cc(392)] Failed to connect to the bus: Address does not contain a colon
[231:258:0130/103351.665796:ERROR:bus.cc(392)] Failed to connect to the bus: Address does not contain a colon
[231:258:0130/103351.677942:ERROR:bus.cc(392)] Failed to connect to the bus: Address does not contain a colon
[231:258:0130/103351.678016:ERROR:bus.cc(392)] Failed to connect to the bus: Address does not contain a colon
[301:301:0130/103351.679673:ERROR:gpu_init.cc(453)] Passthrough is not supported, GL is swiftshader, ANGLE is 
[231:258:0130/103351.703857:ERROR:bus.cc(392)] Failed to connect to the bus: Address does not contain a colon
[231:258:0130/103351.703902:ERROR:bus.cc(392)] Failed to connect to the bus: Address does not contain a colon
[231:390:0130/103351.811651:ERROR:bus.cc(392)] Failed to connect to the bus: Failed to connect to socket /var/run/dbus/system_bus_socket: No such file or directory
[231:390:0130/103351.811714:ERROR:bus.cc(392)] Failed to connect to the bus: Failed to connect to socket /var/run/dbus/system_bus_socket: No such file or directory
[231:390:0130/103351.811763:ERROR:bus.cc(392)] Failed to connect to the bus: Failed to connect to socket /var/run/dbus/system_bus_socket: No such file or directory
[231:390:0130/103351.811777:WARNING:property.cc(144)] DaemonVersion: GetAndBlock: failed.
[231:390:0130/103351.811806:ERROR:bus.cc(392)] Failed to connect to the bus: Failed to connect to socket /var/run/dbus/system_bus_socket: No such file or directory
[231:390:0130/103351.811852:ERROR:bus.cc(392)] Failed to connect to the bus: Failed to connect to socket /var/run/dbus/system_bus_socket: No such file or directory
[231:231:0130/103353.089114:INFO:CONSOLE(128)] "currentLatencynow: NaN", source: file:///home/seluser/ppt/player/dashjs/index.html (128)
[231:327:0130/103353.889328:ERROR:chrome_browser_main_extra_parts_metrics.cc(228)] crbug.com/1216328: Checking Bluetooth availability started. Please report if there is no report that this ends.
[231:327:0130/103353.889370:ERROR:chrome_browser_main_extra_parts_metrics.cc(231)] crbug.com/1216328: Checking Bluetooth availability ended.
[231:327:0130/103353.889378:ERROR:chrome_browser_main_extra_parts_metrics.cc(234)] crbug.com/1216328: Checking default browser status started. Please report if there is no report that this ends.
[231:327:0130/103354.075131:ERROR:chrome_browser_main_extra_parts_metrics.cc(238)] crbug.com/1216328: Checking default browser status ended.
[231:231:0130/103354.088805:INFO:CONSOLE(128)] "currentLatencynow: NaN", source: file:///home/seluser/ppt/player/dashjs/index.html (128)
[231:231:0130/103355.088858:INFO:CONSOLE(128)] "currentLatencynow: NaN", source: file:///home/seluser/ppt/player/dashjs/index.html (128)
[231:231:0130/103356.088903:INFO:CONSOLE(128)] "currentLatencynow: 0", source: file:///home/seluser/ppt/player/dashjs/index.html (128)
[231:231:0130/103357.088740:INFO:CONSOLE(128)] "currentLatencynow: 0", source: file:///home/seluser/ppt/player/dashjs/index.html (128)
[231:231:0130/103358.088763:INFO:CONSOLE(128)] "currentLatencynow: 0", source: file:///home/seluser/ppt/player/dashjs/index.html (128)
[231:231:0130/103359.088808:INFO:CONSOLE(128)] "currentLatencynow: 0", source: file:///home/seluser/ppt/player/dashjs/index.html (128)
[231:231:0130/103400.088788:INFO:CONSOLE(128)] "currentLatencynow: 0", source: file:///home/seluser/ppt/player/dashjs/index.html (128)
[231:231:0130/103401.089008:INFO:CONSOLE(128)] "currentLatencynow: 0", source: file:///home/seluser/ppt/player/dashjs/index.html (128)
[634:634:0130/103402.066264:WARNING:audio_manager_linux.cc(69)] Falling back to ALSA for audio output. PulseAudio is not available or could not be initialized.
[634:634:0130/103402.074244:ERROR:alsa_util.cc(204)] PcmOpen: default,No such file or directory
[634:634:0130/103402.078489:ERROR:alsa_util.cc(204)] PcmOpen: plug:default,No such file or directory
[231:231:0130/103402.091599:INFO:CONSOLE(128)] "currentLatencynow: 10.056", source: file:///home/seluser/ppt/player/dashjs/index.html (128)
[231:231:0130/103403.088840:INFO:CONSOLE(128)] "currentLatencynow: 11.056", source: file:///home/seluser/ppt/player/dashjs/index.html (128)
[231:231:0130/103404.088944:INFO:CONSOLE(128)] "currentLatencynow: 12.056", source: file:///home/seluser/ppt/player/dashjs/index.html (128)
[231:231:0130/103405.088879:INFO:CONSOLE(128)] "currentLatencynow: 13.056", source: file:///home/seluser/ppt/player/dashjs/index.html (128)
[231:231:0130/103406.088881:INFO:CONSOLE(128)] "currentLatencynow: 14.056", source: file:///home/seluser/ppt/player/dashjs/index.html (128)
[231:231:0130/103407.088823:INFO:CONSOLE(128)] "currentLatencynow: 15.056", source: file:///home/seluser/ppt/player/dashjs/index.html (128)
[231:231:0130/103408.088871:INFO:CONSOLE(128)] "currentLatencynow: 16.056", source: file:///home/seluser/ppt/player/dashjs/index.html (128)
[231:231:0130/103409.088886:INFO:CONSOLE(128)] "currentLatencynow: 17.056", source: file:///home/seluser/ppt/player/dashjs/index.html (128)
[231:258:0130/103409.993104:ERROR:bus.cc(392)] Failed to connect to the bus: Address does not contain a colon
[231:258:0130/103409.993174:ERROR:bus.cc(392)] Failed to connect to the bus: Address does not contain a colon
[231:258:0130/103409.993189:ERROR:bus.cc(392)] Failed to connect to the bus: Address does not contain a colon
[231:258:0130/103409.993206:ERROR:bus.cc(392)] Failed to connect to the bus: Address does not contain a colon
[231:258:0130/103409.993217:ERROR:bus.cc(392)] Failed to connect to the bus: Address does not contain a colon
[231:258:0130/103409.993233:ERROR:bus.cc(392)] Failed to connect to the bus: Address does not contain a colon
[231:258:0130/103409.993244:ERROR:bus.cc(392)] Failed to connect to the bus: Address does not contain a colon
[231:258:0130/103409.993261:ERROR:bus.cc(392)] Failed to connect to the bus: Address does not contain a colon
[231:258:0130/103409.993271:ERROR:bus.cc(392)] Failed to connect to the bus: Address does not contain a colon
[231:258:0130/103409.993282:ERROR:bus.cc(392)] Failed to connect to the bus: Address does not contain a colon
[231:258:0130/103409.993293:ERROR:bus.cc(392)] Failed to connect to the bus: Address does not contain a colon
[231:258:0130/103409.993309:ERROR:bus.cc(392)] Failed to connect to the bus: Address does not contain a colon
[231:258:0130/103409.993322:ERROR:bus.cc(392)] Failed to connect to the bus: Address does not contain a colon
[231:258:0130/103409.993338:ERROR:bus.cc(392)] Failed to connect to the bus: Address does not contain a colon
[231:258:0130/103409.998990:ERROR:bus.cc(392)] Failed to connect to the bus: Address does not contain a colon
[231:258:0130/103409.999032:ERROR:bus.cc(392)] Failed to connect to the bus: Address does not contain a colon
[231:258:0130/103409.999052:ERROR:bus.cc(392)] Failed to connect to the bus: Address does not contain a colon
[231:258:0130/103410.031747:ERROR:bus.cc(392)] Failed to connect to the bus: Address does not contain a colon
[231:258:0130/103410.032932:ERROR:bus.cc(392)] Failed to connect to the bus: Address does not contain a colon
[231:231:0130/103410.088939:INFO:CONSOLE(128)] "currentLatencynow: 18.026", source: file:///home/seluser/ppt/player/dashjs/index.html (128)
[231:231:0130/103411.088832:INFO:CONSOLE(128)] "currentLatencynow: 18.076", source: file:///home/seluser/ppt/player/dashjs/index.html (128)
[231:231:0130/103412.088769:INFO:CONSOLE(128)] "currentLatencynow: 19.076", source: file:///home/seluser/ppt/player/dashjs/index.html (128)
[231:231:0130/103413.088794:INFO:CONSOLE(128)] "currentLatencynow: 20.076", source: file:///home/seluser/ppt/player/dashjs/index.html (128)
[231:231:0130/103414.088812:INFO:CONSOLE(128)] "currentLatencynow: 21.076", source: file:///home/seluser/ppt/player/dashjs/index.html (128)
[231:258:0130/103414.373239:ERROR:bus.cc(392)] Failed to connect to the bus: Address does not contain a colon
[231:258:0130/103414.373308:ERROR:bus.cc(392)] Failed to connect to the bus: Address does not contain a colon
[231:231:0130/103415.089079:INFO:CONSOLE(128)] "currentLatencynow: 21.314", source: file:///home/seluser/ppt/player/dashjs/index.html (128)
[231:231:0130/103416.090746:INFO:CONSOLE(128)] "currentLatencynow: 21.314", source: file:///home/seluser/ppt/player/dashjs/index.html (128)
[231:231:0130/103417.089471:INFO:CONSOLE(128)] "currentLatencynow: 22.028", source: file:///home/seluser/ppt/player/dashjs/index.html (128)
[231:231:0130/103418.088896:INFO:CONSOLE(128)] "currentLatencynow: 23.028", source: file:///home/seluser/ppt/player/dashjs/index.html (128)
[231:231:0130/103419.088772:INFO:CONSOLE(128)] "currentLatencynow: 24.028", source: file:///home/seluser/ppt/player/dashjs/index.html (128)
[231:231:0130/103420.088820:INFO:CONSOLE(128)] "currentLatencynow: 25.028", source: file:///home/seluser/ppt/player/dashjs/index.html (128)
[231:231:0130/103421.088799:INFO:CONSOLE(128)] "currentLatencynow: 26.028", source: file:///home/seluser/ppt/player/dashjs/index.html (128)
[231:231:0130/103422.088893:INFO:CONSOLE(128)] "currentLatencynow: 27.028", source: file:///home/seluser/ppt/player/dashjs/index.html (128)
[231:231:0130/103423.088876:INFO:CONSOLE(128)] "currentLatencynow: 28.028", source: file:///home/seluser/ppt/player/dashjs/index.html (128)
[231:231:0130/103424.088810:INFO:CONSOLE(128)] "currentLatencynow: 29.028", source: file:///home/seluser/ppt/player/dashjs/index.html (128)
[231:231:0130/103425.088750:INFO:CONSOLE(128)] "currentLatencynow: 30.028", source: file:///home/seluser/ppt/player/dashjs/index.html (128)
[231:231:0130/103426.088805:INFO:CONSOLE(128)] "currentLatencynow: 30.681", source: file:///home/seluser/ppt/player/dashjs/index.html (128)
[231:231:0130/103427.088888:INFO:CONSOLE(128)] "currentLatencynow: 31.681", source: file:///home/seluser/ppt/player/dashjs/index.html (128)
[231:231:0130/103428.088858:INFO:CONSOLE(128)] "currentLatencynow: 32.681", source: file:///home/seluser/ppt/player/dashjs/index.html (128)
[231:231:0130/103429.088836:INFO:CONSOLE(128)] "currentLatencynow: 33.681", source: file:///home/seluser/ppt/player/dashjs/index.html (128)
[231:231:0130/103430.088856:INFO:CONSOLE(128)] "currentLatencynow: 34.681", source: file:///home/seluser/ppt/player/dashjs/index.html (128)
[231:231:0130/103431.088806:INFO:CONSOLE(128)] "currentLatencynow: 35.681", source: file:///home/seluser/ppt/player/dashjs/index.html (128)
[231:231:0130/103432.088889:INFO:CONSOLE(128)] "currentLatencynow: 36.681", source: file:///home/seluser/ppt/player/dashjs/index.html (128)
[231:231:0130/103433.088869:INFO:CONSOLE(128)] "currentLatencynow: 37.681", source: file:///home/seluser/ppt/player/dashjs/index.html (128)
[231:231:0130/103434.089006:INFO:CONSOLE(128)] "currentLatencynow: 38.681", source: file:///home/seluser/ppt/player/dashjs/index.html (128)
[231:231:0130/103435.088911:INFO:CONSOLE(128)] "currentLatencynow: 39.681", source: file:///home/seluser/ppt/player/dashjs/index.html (128)
[231:231:0130/103436.088871:INFO:CONSOLE(128)] "currentLatencynow: 40.681", source: file:///home/seluser/ppt/player/dashjs/index.html (128)
[231:231:0130/103437.088826:INFO:CONSOLE(128)] "currentLatencynow: 41.681", source: file:///home/seluser/ppt/player/dashjs/index.html (128)
[231:231:0130/103438.088827:INFO:CONSOLE(128)] "currentLatencynow: 42.681", source: file:///home/seluser/ppt/player/dashjs/index.html (128)
[231:231:0130/103439.088842:INFO:CONSOLE(128)] "currentLatencynow: 43.681", source: file:///home/seluser/ppt/player/dashjs/index.html (128)
[231:231:0130/103440.088877:INFO:CONSOLE(128)] "currentLatencynow: 44.681", source: file:///home/seluser/ppt/player/dashjs/index.html (128)
[231:231:0130/103441.088843:INFO:CONSOLE(128)] "currentLatencynow: 45.681", source: file:///home/seluser/ppt/player/dashjs/index.html (128)
[231:231:0130/103442.088949:INFO:CONSOLE(128)] "currentLatencynow: 46.681", source: file:///home/seluser/ppt/player/dashjs/index.html (128)
[231:231:0130/103443.089009:INFO:CONSOLE(128)] "currentLatencynow: 47.681", source: file:///home/seluser/ppt/player/dashjs/index.html (128)
[231:231:0130/103444.089072:INFO:CONSOLE(128)] "currentLatencynow: 48.681", source: file:///home/seluser/ppt/player/dashjs/index.html (128)
[231:231:0130/103445.088757:INFO:CONSOLE(128)] "currentLatencynow: 49.681", source: file:///home/seluser/ppt/player/dashjs/index.html (128)
[231:231:0130/103446.088771:INFO:CONSOLE(128)] "currentLatencynow: 50.681", source: file:///home/seluser/ppt/player/dashjs/index.html (128)
[231:231:0130/103447.088972:INFO:CONSOLE(128)] "currentLatencynow: 51.681", source: file:///home/seluser/ppt/player/dashjs/index.html (128)
[231:231:0130/103448.189085:INFO:CONSOLE(128)] "currentLatencynow: 52.681", source: file:///home/seluser/ppt/player/dashjs/index.html (128)
[231:231:0130/103449.088757:INFO:CONSOLE(128)] "currentLatencynow: 53.681", source: file:///home/seluser/ppt/player/dashjs/index.html (128)
[231:231:0130/103450.130225:INFO:CONSOLE(128)] "currentLatencynow: 54.681", source: file:///home/seluser/ppt/player/dashjs/index.html (128)
[231:231:0130/103451.088811:INFO:CONSOLE(128)] "currentLatencynow: 55.681", source: file:///home/seluser/ppt/player/dashjs/index.html (128)
[231:231:0130/103452.088799:INFO:CONSOLE(128)] "currentLatencynow: 56.681", source: file:///home/seluser/ppt/player/dashjs/index.html (128)
[231:231:0130/103453.094893:INFO:CONSOLE(128)] "currentLatencynow: 57.681", source: file:///home/seluser/ppt/player/dashjs/index.html (128)
[231:322:0130/103453.918952:ERROR:database.cc(1761)] History SQLite error: code 13 errno 0: database or disk is full sql: INSERT OR REPLACE INTO meta (key,value) VALUES (?,?)
[231:231:0130/103454.088886:INFO:CONSOLE(128)] "currentLatencynow: 58.681", source: file:///home/seluser/ppt/player/dashjs/index.html (128)
[231:231:0130/103455.088670:INFO:CONSOLE(128)] "currentLatencynow: 59.681", source: file:///home/seluser/ppt/player/dashjs/index.html (128)
[231:231:0130/103456.088732:INFO:CONSOLE(128)] "currentLatencynow: 60.681", source: file:///home/seluser/ppt/player/dashjs/index.html (128)
[302:332:0130/103456.720839:ERROR:simple_index_file.cc(310)] Failed to write the temporary index file
[231:231:0130/103457.088788:INFO:CONSOLE(128)] "currentLatencynow: 61.681", source: file:///home/seluser/ppt/player/dashjs/index.html (128)
[231:231:0130/103458.088726:INFO:CONSOLE(128)] "currentLatencynow: 62.681", source: file:///home/seluser/ppt/player/dashjs/index.html (128)
[231:231:0130/103459.306168:INFO:CONSOLE(128)] "currentLatencynow: 63.681", source: file:///home/seluser/ppt/player/dashjs/index.html (128)
[231:231:0130/103500.722979:INFO:CONSOLE(128)] "currentLatencynow: 64.681", source: file:///home/seluser/ppt/player/dashjs/index.html (128)
[231:231:0130/103501.152936:INFO:CONSOLE(128)] "currentLatencynow: 65.681", source: file:///home/seluser/ppt/player/dashjs/index.html (128)
[231:231:0130/103502.111539:INFO:CONSOLE(128)] "currentLatencynow: 66.681", source: file:///home/seluser/ppt/player/dashjs/index.html (128)
[231:231:0130/103503.194034:INFO:CONSOLE(128)] "currentLatencynow: 67.681", source: file:///home/seluser/ppt/player/dashjs/index.html (128)
[231:231:0130/103504.088877:INFO:CONSOLE(128)] "currentLatencynow: 68.681", source: file:///home/seluser/ppt/player/dashjs/index.html (128)
[231:231:0130/103505.088879:INFO:CONSOLE(128)] "currentLatencynow: 69.681", source: file:///home/seluser/ppt/player/dashjs/index.html (128)
[231:231:0130/103506.088787:INFO:CONSOLE(128)] "currentLatencynow: 70.681", source: file:///home/seluser/ppt/player/dashjs/index.html (128)
[231:231:0130/103507.088758:INFO:CONSOLE(128)] "currentLatencynow: 71.681", source: file:///home/seluser/ppt/player/dashjs/index.html (128)
[231:231:0130/103508.088921:INFO:CONSOLE(128)] "currentLatencynow: 72.681", source: file:///home/seluser/ppt/player/dashjs/index.html (128)
[231:231:0130/103509.106626:INFO:CONSOLE(128)] "currentLatencynow: 73.681", source: file:///home/seluser/ppt/player/dashjs/index.html (128)
[231:231:0130/103510.089310:INFO:CONSOLE(128)] "currentLatencynow: 74.681", source: file:///home/seluser/ppt/player/dashjs/index.html (128)
[231:231:0130/103511.088912:INFO:CONSOLE(128)] "currentLatencynow: 75.681", source: file:///home/seluser/ppt/player/dashjs/index.html (128)
[231:231:0130/103512.089098:INFO:CONSOLE(128)] "currentLatencynow: 76.681", source: file:///home/seluser/ppt/player/dashjs/index.html (128)
[231:231:0130/103513.088760:INFO:CONSOLE(128)] "currentLatencynow: 77.681", source: file:///home/seluser/ppt/player/dashjs/index.html (128)
[231:231:0130/103514.088895:INFO:CONSOLE(128)] "currentLatencynow: 78.681", source: file:///home/seluser/ppt/player/dashjs/index.html (128)
[231:231:0130/103515.088710:INFO:CONSOLE(128)] "currentLatencynow: 79.681", source: file:///home/seluser/ppt/player/dashjs/index.html (128)
[231:231:0130/103516.088770:INFO:CONSOLE(128)] "currentLatencynow: 80.681", source: file:///home/seluser/ppt/player/dashjs/index.html (128)
[231:231:0130/103517.093680:INFO:CONSOLE(128)] "currentLatencynow: 81.681", source: file:///home/seluser/ppt/player/dashjs/index.html (128)
[231:231:0130/103518.344269:INFO:CONSOLE(128)] "currentLatencynow: 82.681", source: file:///home/seluser/ppt/player/dashjs/index.html (128)
[231:231:0130/103519.088815:INFO:CONSOLE(128)] "currentLatencynow: 83.681", source: file:///home/seluser/ppt/player/dashjs/index.html (128)
[231:231:0130/103520.088727:INFO:CONSOLE(128)] "currentLatencynow: 84.681", source: file:///home/seluser/ppt/player/dashjs/index.html (128)
[231:231:0130/103521.088894:INFO:CONSOLE(128)] "currentLatencynow: 85.681", source: file:///home/seluser/ppt/player/dashjs/index.html (128)
[231:231:0130/103522.608354:INFO:CONSOLE(128)] "currentLatencynow: 86.681", source: file:///home/seluser/ppt/player/dashjs/index.html (128)
[231:231:0130/103523.088820:INFO:CONSOLE(128)] "currentLatencynow: 87.681", source: file:///home/seluser/ppt/player/dashjs/index.html (128)
[231:231:0130/103525.028767:INFO:CONSOLE(128)] "currentLatencynow: 88.682", source: file:///home/seluser/ppt/player/dashjs/index.html (128)
[231:231:0130/103525.107633:INFO:CONSOLE(128)] "currentLatencynow: 89.681", source: file:///home/seluser/ppt/player/dashjs/index.html (128)
[231:231:0130/103526.231078:INFO:CONSOLE(128)] "currentLatencynow: 90.681", source: file:///home/seluser/ppt/player/dashjs/index.html (128)
[231:231:0130/103527.088904:INFO:CONSOLE(128)] "currentLatencynow: 91.681", source: file:///home/seluser/ppt/player/dashjs/index.html (128)
[231:231:0130/103528.554559:INFO:CONSOLE(128)] "currentLatencynow: 92.681", source: file:///home/seluser/ppt/player/dashjs/index.html (128)
[231:231:0130/103529.088885:INFO:CONSOLE(128)] "currentLatencynow: 93.681", source: file:///home/seluser/ppt/player/dashjs/index.html (128)
[231:231:0130/103530.579688:INFO:CONSOLE(128)] "currentLatencynow: 94.681", source: file:///home/seluser/ppt/player/dashjs/index.html (128)
[231:231:0130/103531.088757:INFO:CONSOLE(128)] "currentLatencynow: 95.681", source: file:///home/seluser/ppt/player/dashjs/index.html (128)
[231:231:0130/103532.088809:INFO:CONSOLE(128)] "currentLatencynow: 96.681", source: file:///home/seluser/ppt/player/dashjs/index.html (128)
[231:231:0130/103533.088888:INFO:CONSOLE(128)] "currentLatencynow: 97.681", source: file:///home/seluser/ppt/player/dashjs/index.html (128)
[231:231:0130/103534.088832:INFO:CONSOLE(128)] "currentLatencynow: 98.681", source: file:///home/seluser/ppt/player/dashjs/index.html (128)
[231:231:0130/103535.444452:INFO:CONSOLE(128)] "currentLatencynow: 99.681", source: file:///home/seluser/ppt/player/dashjs/index.html (128)
[231:231:0130/103536.088837:INFO:CONSOLE(128)] "currentLatencynow: 100.681", source: file:///home/seluser/ppt/player/dashjs/index.html (128)
[231:231:0130/103537.088854:INFO:CONSOLE(128)] "currentLatencynow: 101.681", source: file:///home/seluser/ppt/player/dashjs/index.html (128)
[231:231:0130/103538.088915:INFO:CONSOLE(128)] "currentLatencynow: 102.681", source: file:///home/seluser/ppt/player/dashjs/index.html (128)
[231:231:0130/103539.088997:INFO:CONSOLE(128)] "currentLatencynow: 103.681", source: file:///home/seluser/ppt/player/dashjs/index.html (128)
[231:231:0130/103540.088903:INFO:CONSOLE(128)] "currentLatencynow: 104.681[231:231:0130/103544.714707:INFO:CONSOLE(128)] "currentLatencynow: 105.681", source: file:///home/seluser/ppt/player/dashjs/index.html (128)
[231:231:0130/103544.714941:INFO:CONSOLE(128)] "currentLatencynow: 106.681", source: file:///home/seluser/ppt/player/dashjs/index.html (128)
[231:231:0130/103544.714988:INFO:CONSOLE(128)] "currentLatencynow: 107.681", source: file:///home/seluser/ppt/player/dashjs/index.html (128)
[231:231:0130/103544.715042:INFO:CONSOLE(128)] "currentLatencynow: 108.681", source: file:///home/seluser/ppt/player/dashjs/index.html (128)
[231:231:0130/103545.088974:INFO:CONSOLE(128)] "currentLatencynow: 109.681", source: file:///home/seluser/ppt/player/dashjs/index.html (128)
[231:231:0130/103546.088861:INFO:CONSOLE(128)] "currentLatencynow: 110.681", source: file:///home/seluser/ppt/player/dashjs/index.html (128)
[231:231:0130/103547.088821:INFO:CONSOLE(128)] "currentLatencynow: 111.681", source: file:///home/seluser/ppt/player/dashjs/index.html (128)
[231:231:0130/103548.291382:INFO:CONSOLE(128)] "currentLatencynow: 112.681", source: file:///home/seluser/ppt/player/dashjs/index.html (128)
[231:231:0130/103549.975563:INFO:CONSOLE(128)] "currentLatencynow: 113.681", source: file:///home/seluser/ppt/player/dashjs/index.html (128)
[231:231:0130/103550.088794:INFO:CONSOLE(128)] "currentLatencynow: 114.681", source: file:///home/seluser/ppt/player/dashjs/index.html (128)
[231:231:0130/103551.089760:INFO:CONSOLE(128)] "currentLatencynow: 115.681", source: file:///home/seluser/ppt/player/dashjs/index.html (128)
[231:231:0130/103552.099399:INFO:CONSOLE(114)] "Begin Player stistics 
", source: file:///home/seluser/ppt/player/dashjs/index.html (114)
[231:231:0130/103552.099589:INFO:CONSOLE(115)] "["stall",[["8.39","18.07",9.68]],[["19.03","19.28",0.25]],[["24.45","24.70",0.25]],[["availibleBW",[null],[null],[null],[null],[null],[null],[null],[null],[null],[null],[null],[null],[null],[null],[null],[null],[null],[983],[983],[983],[983],[983],[983],[983],[983],[983],[983],[983],[983],[983],[983],[983],[983],[983],[983],[983],[983],[983],[983],[983],[983],[983],[983],[983],[983],[983],[983],[983],[983],[983],[983],[983],[983],[983],[983],[983],[983],[983],[983],[983],[983],[983],[983],[983],[983],[983],[983],[983],[983],[983],[983],[983],[983],[983],[983],[983],[983],[983],[983],[983],[983],[983],[983],[983],[983],[983],[983],[983],[983],[983],[983],[983],[983],[983],[983],[983],[983],[983],[983],[983],[983],[983],[983],[983],[983],[983],[983],[983],[983],[983],[983],[983],[983],[983],[983],[983],[983],[983],[983]]],[["currentBuffer",[0],[0],[0],[0],[0],[0],[0],[0],[0],[0],[0],[0],[0],[0],[0],[0],[0],[1.06],[0.098],[0.098],[0.098],[0.098],[0],[0],[0],[0],[0],[0],[0],[0],[0],[0],[0],[0],[0],[0],[0],[0],[0],[0],[0],[0],[0],[0],[0],[0],[0],[0],[0],[0],[0],[0],[0],[0],[0],[0],[0],[0],[0],[0],[0],[0],[0],[0],[0],[0],[0],[0],[0],[0],[0],[0],[0],[0],[0],[0],[0],[0],[0],[0],[0],[0],[0],[0],[0],[0],[0],[0],[0],[0],[0],[0],[0],[0],[0],[0],[0],[0],[0],[0],[0],[0],[0],[0],[0],[0],[0],[0],[0],[0],[0],[0],[0],[0],[0],[0],[0],[0],[0]]],[["currentLatency",[null],[null],[null],[0],[0],[0],[0],[0],[0],[10.056],[11.056],[12.056],[13.056],[14.056],[15.056],[16.056],[17.056],[18.026],[18.076],[19.076],[20.076],[21.076],[21.314],[21.314],[22.028],[23.028],[24.028],[25.028],[26.028],[27.028],[28.028],[29.028],[30.028],[30.681],[31.681],[32.681],[33.681],[34.681],[35.681],[36.681],[37.681],[38.681],[39.681],[40.681],[41.681],[42.681],[43.681],[44.681],[45.681],[46.681],[47.681],[48.681],[49.681],[50.681],[51.681],[52.681],[53.681],[54.681],[55.681],[56.681],[57.681],[58.681],[59.681],[60.681],[61.681],[62.681],[63.681],[64.681],[65.681],[66.681],[67.681],[68.681],[69.681],[70.681],[71.681],[72.681],[73.681],[74.681],[75.681],[76.681],[77.681],[78.681],[79.681],[80.681],[81.681],[82.681],[83.681],[84.681],[85.681],[86.681],[87.681],[88.682],[89.681],[90.681],[91.681],[92.681],[93.681],[94.681],[95.681],[96.681],[97.681],[98.681],[99.681],[100.681],[101.681],[102.681],[103.681],[104.681],[105.681],[106.681],[107.681],[108.681],[109.681],[110.681],[111.681],[112.681],[113.681],[114.681],[115.681]]]]", source: file:///home/seluser/ppt/player/dashjs/index.html (115)
[231:231:0130/103554.381926:INFO:CONSOLE(116)] "
", source: file:///home/seluser/ppt/player/dashjs/index.html (116)
[231:231:0130/103554.382141:INFO:CONSOLE(117)] "Finish Player stistics 
", source: file:///home/seluser/ppt/player/dashjs/index.html (117)
[231:231:0130/103554.382251:INFO:CONSOLE(128)] "currentLatencynow: 116.683", source: file:///home/seluser/ppt/player/dashjs/index.html (128)
[231:231:0130/103554.382518:INFO:CONSOLE(128)] "currentLatencynow: 117.681", source: file:///home/seluser/ppt/player/dashjs/index.html (128)
[231:231:0130/103554.382724:INFO:CONSOLE(128)] "currentLatencynow: 118.681", source: file:///home/seluser/ppt/player/dashjs/index.html (128)
[231:231:0130/103555.088910:INFO:CONSOLE(128)] "currentLatencynow: 119.681", source: file:///home/seluser/ppt/player/dashjs/index.html (128)
[231:231:0130/103556.088680:INFO:CONSOLE(128)] "currentLatencynow: 120.681", source: file:///home/seluser/ppt/player/dashjs/index.html (128)
[231:231:0130/103557.421990:INFO:CONSOLE(128)] "currentLatencynow: 121.681", source: file:///home/seluser/ppt/player/dashjs/index.html (128)
[231:231:0130/103558.088853:INFO:CONSOLE(128)] "currentLatencynow: 122.681", source: file:///home/seluser/ppt/player/dashjs/index.html (128)
[231:231:0130/103559.088896:INFO:CONSOLE(128)] "currentLatencynow: 123.681", source: file:///home/seluser/ppt/player/dashjs/index.html (128)
[231:231:0130/103600.088923:INFO:CONSOLE(128)] "currentLatencynow: 124.681", source: file:///home/seluser/ppt/player/dashjs/index.html (128)
[231:231:0130/103601.088717:INFO:CONSOLE(128)] "currentLatencynow: 125.681", source: file:///home/seluser/ppt/player/dashjs/index.html (128)
[231:231:0130/103602.088993:INFO:CONSOLE(128)] "currentLatencynow: 126.681", source: file:///home/seluser/ppt/player/dashjs/index.html (128)
[231:231:0130/103603.370103:INFO:CONSOLE(128)] "currentLatencynow: 127.681", source: file:///home/seluser/ppt/player/dashjs/index.html (128)
[231:231:0130/103604.645550:INFO:CONSOLE(128)] "currentLatencynow: 128.681", source: file:///home/seluser/ppt/player/dashjs/index.html (128)
[231:231:0130/103605.088793:INFO:CONSOLE(128)] "currentLatencynow: 129.681", source: file:///home/seluser/ppt/player/dashjs/index.html (128)
[231:231:0130/103606.088746:INFO:CONSOLE(128)] "currentLatencynow: 130.681", source: file:///home/seluser/ppt/player/dashjs/index.html (128)
[231:231:0130/103607.088947:INFO:CONSOLE(128)] "currentLatencynow: 131.681", source: file:///home/seluser/ppt/player/dashjs/index.html (128)
[231:231:0130/103608.099045:INFO:CONSOLE(128)] "currentLatencynow: 132.681", source: file:///home/seluser/ppt/player/dashjs/index.html (128)
[231:231:0130/103609.088772:INFO:CONSOLE(128)] "currentLatencynow: 133.681", source: file:///home/seluser/ppt/player/dashjs/index.html (128)
[231:231:0130/103610.088725:INFO:CONSOLE(128)] "currentLatencynow: 134.681", source: file:///home/seluser/ppt/player/dashjs/index.html (128)
[231:231:0130/103611.088807:INFO:CONSOLE(128)] "currentLatencynow: 135.681", source: file:///home/seluser/ppt/player/dashjs/index.html (128)
[231:231:0130/103612.145760:INFO:CONSOLE(128)] "currentLatencynow: 136.681", source: file:///home/seluser/ppt/player/dashjs/index.html (128)
[231:231:0130/103613.088840:INFO:CONSOLE(128)] "currentLatencynow: 137.681", source: file:///home/seluser/ppt/player/dashjs/index.html (128)
[231:231:0130/103614.088844:INFO:CONSOLE(128)] "currentLatencynow: 138.681", source: file:///home/seluser/ppt/player/dashjs/index.html (128)
[231:231:0130/103615.088985:INFO:CONSOLE(128)] "currentLatencynow: 139.681", source: file:///home/seluser/ppt/player/dashjs/index.html (128)
[231:231:0130/103616.453366:INFO:CONSOLE(128)] "currentLatencynow: 140.681", source: file:///home/seluser/ppt/player/dashjs/index.html (128)
[231:231:0130/103617.088994:INFO:CONSOLE(128)] "currentLatencynow: 141.681", source: file:///home/seluser/ppt/player/dashjs/index.html (128)
[231:231:0130/103618.184402:INFO:CONSOLE(128)] "currentLatencynow: 142.681", source: file:///home/seluser/ppt/player/dashjs/index.html (128)
[231:231:0130/103619.088933:INFO:CONSOLE(128)] "currentLatencynow: 143.681", source: file:///home/seluser/ppt/player/dashjs/index.html (128)
[231:231:0130/103620.176279:INFO:CONSOLE(128)] "currentLatencynow: 144.681", source: file:///home/seluser/ppt/player/dashjs/index.html (128)
[231:231:0130/103621.088897:INFO:CONSOLE(128)] "currentLatencynow: 145.681", source: file:///home/seluser/ppt/player/dashjs/index.html (128)
[231:231:0130/103622.248222:INFO:CONSOLE(128)] "currentLatencynow: 146.681", source: file:///home/seluser/ppt/player/dashjs/index.html (128)
[231:231:0130/103623.237471:INFO:CONSOLE(128)] "currentLatencynow: 147.681", source: file:///home/seluser/ppt/player/dashjs/index.html (128)
[231:231:0130/103624.091090:INFO:CONSOLE(128)] "currentLatencynow: 148.681", source: file:///home/seluser/ppt/player/dashjs/index.html (128)
[231:231:0130/103625.088856:INFO:CONSOLE(128)] "currentLatencynow: 149.681", source: file:///home/seluser/ppt/player/dashjs/index.html (128)
[231:231:0130/103626.454384:INFO:CONSOLE(128)] "currentLatencynow: 150.681", source: file:///home/seluser/ppt/player/dashjs/index.html (128)
[231:231:0130/103627.088763:INFO:CONSOLE(128)] "currentLatencynow: 151.681", source: file:///home/seluser/ppt/player/dashjs/index.html (128)
[231:231:0130/103628.088984:INFO:CONSOLE(128)] "currentLatencynow: 152.681", source: file:///home/seluser/ppt/player/dashjs/index.html (128)
[231:231:0130/103629.088754:INFO:CONSOLE(128)] "currentLatencynow: 153.681", source: file:///home/seluser/ppt/player/dashjs/index.html (128)
[231:231:0130/103630.088945:INFO:CONSOLE(128)] "currentLatencynow: 154.681", source: file:///home/seluser/ppt/player/dashjs/index.html (128)
[231:231:0130/103631.088894:INFO:CONSOLE(128)] "currentLatencynow: 155.681", source: file:///home/seluser/ppt/player/dashjs/index.html (128)
[231:231:0130/103632.125216:INFO:CONSOLE(128)] "currentLatencynow: 156.681", source: file:///home/seluser/ppt/player/dashjs/index.html (128)
[231:231:0130/103633.088937:INFO:CONSOLE(128)] "currentLatencynow: 157.681", source: file:///home/seluser/ppt/player/dashjs/index.html (128)
[231:231:0130/103634.088909:INFO:CONSOLE(128)] "currentLatencynow: 158.681", source: file:///home/seluser/ppt/player/dashjs/index.html (128)
[231:231:0130/103635.088986:INFO:CONSOLE(128)] "currentLatencynow: 159.681", source: file:///home/seluser/ppt/player/dashjs/index.html (128)
[231:231:0130/103636.088954:INFO:CONSOLE(128)] "currentLatencynow: 160.681", source: file:///home/seluser/ppt/player/dashjs/index.html (128)
[231:231:0130/103637.658687:INFO:CONSOLE(128)] "currentLatencynow: 161.681", source: file:///home/seluser/ppt/player/dashjs/index.html (128)
[231:231:0130/103638.088806:INFO:CONSOLE(128)] "currentLatencynow: 162.681", source: file:///home/seluser/ppt/player/dashjs/index.html (128)
[231:231:0130/103639.088932:INFO:CONSOLE(128)] "currentLatencynow: 163.681", source: file:///home/seluser/ppt/player/dashjs/index.html (128)
[231:231:0130/103640.088935:INFO:CONSOLE(128)] "currentLatencynow: 164.681", source: file:///home/seluser/ppt/player/dashjs/index.html (128)
[231:231:0130/103641.089644:INFO:CONSOLE(128)] "currentLatencynow: 165.682", source: file:///home/seluser/ppt/player/dashjs/index.html (128)
[231:231:0130/103642.088767:INFO:CONSOLE(128)] "currentLatencynow: 166.681", source: file:///home/seluser/ppt/player/dashjs/index.html (128)
[231:231:0130/103643.183995:INFO:CONSOLE(128)] "currentLatencynow: 167.681", source: file:///home/seluser/ppt/player/dashjs/index.html (128)
[231:231:0130/103644.088745:INFO:CONSOLE(128)] "currentLatencynow: 168.681", source: file:///home/seluser/ppt/player/dashjs/index.html (128)
[231:231:0130/103645.088955:INFO:CONSOLE(128)] "currentLatencynow: 169.681", source: file:///home/seluser/ppt/player/dashjs/index.html (128)
[231:231:0130/103646.088689:INFO:CONSOLE(128)] "currentLatencynow: 170.681", source: file:///home/seluser/ppt/player/dashjs/index.html (128)
[231:231:0130/103647.088844:INFO:CONSOLE(128)] "currentLatencynow: 171.681", source: file:///home/seluser/ppt/player/dashjs/index.html (128)
[231:231:0130/103648.088804:INFO:CONSOLE(128)] "currentLatencynow: 172.681", source: file:///home/seluser/ppt/player/dashjs/index.html (128)
[231:231:0130/103649.088749:INFO:CONSOLE(128)] "currentLatencynow: 173.681", source: file:///home/seluser/ppt/player/dashjs/index.html (128)
[231:231:0130/103650.088750:INFO:CONSOLE(128)] "currentLatencynow: 174.681", source: file:///home/seluser/ppt/player/dashjs/index.html (128)
[231:231:0130/103651.088709:INFO:CONSOLE(128)] "currentLatencynow: 175.681", source: file:///home/seluser/ppt/player/dashjs/index.html (128)
[231:231:0130/103652.088683:INFO:CONSOLE(128)] "currentLatencynow: 176.681", source: file:///home/seluser/ppt/player/dashjs/index.html (128)
[231:322:0130/103652.224377:ERROR:database.cc(1761)] History SQLite error: code 1 errno 0: cannot commit - no transaction is active sql: COMMIT
[231:231:0130/103652.240421:WARNING:pref_notifier_impl.cc(40)] Pref observer for media_router.cast_allow_all_ips found at shutdown.
