[229:293:0130/104833.191770:ERROR:bus.cc(392)] Failed to connect to the bus: Failed to connect to socket /var/run/dbus/system_bus_socket: No such file or directory
[229:256:0130/104833.193752:ERROR:bus.cc(392)] Failed to connect to the bus: Address does not contain a colon
[229:256:0130/104833.193839:ERROR:bus.cc(392)] Failed to connect to the bus: Address does not contain a colon
[229:256:0130/104833.206701:ERROR:bus.cc(392)] Failed to connect to the bus: Address does not contain a colon
[229:256:0130/104833.206778:ERROR:bus.cc(392)] Failed to connect to the bus: Address does not contain a colon
[300:300:0130/104833.208222:ERROR:gpu_init.cc(453)] Passthrough is not supported, GL is swiftshader, ANGLE is 
[229:256:0130/104833.233381:ERROR:bus.cc(392)] Failed to connect to the bus: Address does not contain a colon
[229:256:0130/104833.233431:ERROR:bus.cc(392)] Failed to connect to the bus: Address does not contain a colon
[229:389:0130/104833.313609:ERROR:bus.cc(392)] Failed to connect to the bus: Failed to connect to socket /var/run/dbus/system_bus_socket: No such file or directory
[229:389:0130/104833.313676:ERROR:bus.cc(392)] Failed to connect to the bus: Failed to connect to socket /var/run/dbus/system_bus_socket: No such file or directory
[229:389:0130/104833.313732:ERROR:bus.cc(392)] Failed to connect to the bus: Failed to connect to socket /var/run/dbus/system_bus_socket: No such file or directory
[229:389:0130/104833.313746:WARNING:property.cc(144)] DaemonVersion: GetAndBlock: failed.
[229:389:0130/104833.313785:ERROR:bus.cc(392)] Failed to connect to the bus: Failed to connect to socket /var/run/dbus/system_bus_socket: No such file or directory
[229:389:0130/104833.313860:ERROR:bus.cc(392)] Failed to connect to the bus: Failed to connect to socket /var/run/dbus/system_bus_socket: No such file or directory
[229:229:0130/104834.592839:INFO:CONSOLE(128)] "currentLatencynow: 0", source: file:///home/seluser/ppt/player/dashjs/index.html (128)
[429:429:0130/104834.710524:WARNING:audio_manager_linux.cc(69)] Falling back to ALSA for audio output. PulseAudio is not available or could not be initialized.
[429:429:0130/104834.716939:ERROR:alsa_util.cc(204)] PcmOpen: default,No such file or directory
[429:429:0130/104834.717058:ERROR:alsa_util.cc(204)] PcmOpen: plug:default,No such file or directory
[229:250:0130/104835.407069:ERROR:chrome_browser_main_extra_parts_metrics.cc(228)] crbug.com/1216328: Checking Bluetooth availability started. Please report if there is no report that this ends.
[229:250:0130/104835.410166:ERROR:chrome_browser_main_extra_parts_metrics.cc(231)] crbug.com/1216328: Checking Bluetooth availability ended.
[229:250:0130/104835.410187:ERROR:chrome_browser_main_extra_parts_metrics.cc(234)] crbug.com/1216328: Checking default browser status started. Please report if there is no report that this ends.
[229:250:0130/104835.576910:ERROR:chrome_browser_main_extra_parts_metrics.cc(238)] crbug.com/1216328: Checking default browser status ended.
[229:229:0130/104835.592730:INFO:CONSOLE(128)] "currentLatencynow: 5.678", source: file:///home/seluser/ppt/player/dashjs/index.html (128)
[229:229:0130/104836.592618:INFO:CONSOLE(128)] "currentLatencynow: 6.678", source: file:///home/seluser/ppt/player/dashjs/index.html (128)
[229:229:0130/104837.592718:INFO:CONSOLE(128)] "currentLatencynow: 7.678", source: file:///home/seluser/ppt/player/dashjs/index.html (128)
[229:256:0130/104838.170996:ERROR:bus.cc(392)] Failed to connect to the bus: Address does not contain a colon
[229:256:0130/104838.172084:ERROR:bus.cc(392)] Failed to connect to the bus: Address does not contain a colon
[229:256:0130/104838.172110:ERROR:bus.cc(392)] Failed to connect to the bus: Address does not contain a colon
[229:256:0130/104838.172128:ERROR:bus.cc(392)] Failed to connect to the bus: Address does not contain a colon
[229:256:0130/104838.172142:ERROR:bus.cc(392)] Failed to connect to the bus: Address does not contain a colon
[229:256:0130/104838.172158:ERROR:bus.cc(392)] Failed to connect to the bus: Address does not contain a colon
[229:256:0130/104838.172176:ERROR:bus.cc(392)] Failed to connect to the bus: Address does not contain a colon
[229:256:0130/104838.174413:ERROR:bus.cc(392)] Failed to connect to the bus: Address does not contain a colon
[229:256:0130/104838.174446:ERROR:bus.cc(392)] Failed to connect to the bus: Address does not contain a colon
[229:256:0130/104838.174463:ERROR:bus.cc(392)] Failed to connect to the bus: Address does not contain a colon
[229:256:0130/104838.174478:ERROR:bus.cc(392)] Failed to connect to the bus: Address does not contain a colon
[229:256:0130/104838.174498:ERROR:bus.cc(392)] Failed to connect to the bus: Address does not contain a colon
[229:256:0130/104838.174512:ERROR:bus.cc(392)] Failed to connect to the bus: Address does not contain a colon
[229:256:0130/104838.174524:ERROR:bus.cc(392)] Failed to connect to the bus: Address does not contain a colon
[229:256:0130/104838.175530:ERROR:bus.cc(392)] Failed to connect to the bus: Address does not contain a colon
[229:256:0130/104838.175560:ERROR:bus.cc(392)] Failed to connect to the bus: Address does not contain a colon
[229:256:0130/104838.175579:ERROR:bus.cc(392)] Failed to connect to the bus: Address does not contain a colon
[229:256:0130/104838.256809:ERROR:bus.cc(392)] Failed to connect to the bus: Address does not contain a colon
[229:256:0130/104838.256851:ERROR:bus.cc(392)] Failed to connect to the bus: Address does not contain a colon
[229:229:0130/104838.592785:INFO:CONSOLE(128)] "currentLatencynow: 8.288", source: file:///home/seluser/ppt/player/dashjs/index.html (128)
[229:229:0130/104839.592611:INFO:CONSOLE(128)] "currentLatencynow: 8.188", source: file:///home/seluser/ppt/player/dashjs/index.html (128)
[229:229:0130/104840.592688:INFO:CONSOLE(128)] "currentLatencynow: 8.647", source: file:///home/seluser/ppt/player/dashjs/index.html (128)
[229:229:0130/104841.592656:INFO:CONSOLE(128)] "currentLatencynow: 9.647", source: file:///home/seluser/ppt/player/dashjs/index.html (128)
[229:229:0130/104842.592582:INFO:CONSOLE(128)] "currentLatencynow: 10.647", source: file:///home/seluser/ppt/player/dashjs/index.html (128)
[229:229:0130/104843.592612:INFO:CONSOLE(128)] "currentLatencynow: 11.647", source: file:///home/seluser/ppt/player/dashjs/index.html (128)
[229:229:0130/104844.592720:INFO:CONSOLE(128)] "currentLatencynow: 12.647", source: file:///home/seluser/ppt/player/dashjs/index.html (128)
[229:229:0130/104845.592778:INFO:CONSOLE(128)] "currentLatencynow: 13.647", source: file:///home/seluser/ppt/player/dashjs/index.html (128)
[229:229:0130/104846.592682:INFO:CONSOLE(128)] "currentLatencynow: 14.647", source: file:///home/seluser/ppt/player/dashjs/index.html (128)
[229:229:0130/104847.592829:INFO:CONSOLE(128)] "currentLatencynow: 15.647", source: file:///home/seluser/ppt/player/dashjs/index.html (128)
[229:229:0130/104848.592698:INFO:CONSOLE(128)] "currentLatencynow: 16.647", source: file:///home/seluser/ppt/player/dashjs/index.html (128)
[229:229:0130/104849.592771:INFO:CONSOLE(128)] "currentLatencynow: 17.647", source: file:///home/seluser/ppt/player/dashjs/index.html (128)
[229:229:0130/104850.592686:INFO:CONSOLE(128)] "currentLatencynow: 18.647", source: file:///home/seluser/ppt/player/dashjs/index.html (128)
[229:256:0130/104851.495953:ERROR:bus.cc(392)] Failed to connect to the bus: Address does not contain a colon
[229:256:0130/104851.496009:ERROR:bus.cc(392)] Failed to connect to the bus: Address does not contain a colon
[229:229:0130/104851.592584:INFO:CONSOLE(128)] "currentLatencynow: 19.442", source: file:///home/seluser/ppt/player/dashjs/index.html (128)
[229:229:0130/104852.592748:INFO:CONSOLE(128)] "currentLatencynow: 19.35", source: file:///home/seluser/ppt/player/dashjs/index.html (128)
[229:229:0130/104853.592636:INFO:CONSOLE(128)] "currentLatencynow: 19.619", source: file:///home/seluser/ppt/player/dashjs/index.html (128)
[229:229:0130/104854.592694:INFO:CONSOLE(128)] "currentLatencynow: 20.619", source: file:///home/seluser/ppt/player/dashjs/index.html (128)
[229:229:0130/104855.592567:INFO:CONSOLE(128)] "currentLatencynow: 21.619", source: file:///home/seluser/ppt/player/dashjs/index.html (128)
[229:229:0130/104856.592596:INFO:CONSOLE(128)] "currentLatencynow: 22.619", source: file:///home/seluser/ppt/player/dashjs/index.html (128)
[229:229:0130/104857.592677:INFO:CONSOLE(128)] "currentLatencynow: 23.619", source: file:///home/seluser/ppt/player/dashjs/index.html (128)
[229:256:0130/104857.838141:ERROR:bus.cc(392)] Failed to connect to the bus: Address does not contain a colon
[229:256:0130/104857.838200:ERROR:bus.cc(392)] Failed to connect to the bus: Address does not contain a colon
[229:229:0130/104858.592560:INFO:CONSOLE(128)] "currentLatencynow: 23.725", source: file:///home/seluser/ppt/player/dashjs/index.html (128)
[229:229:0130/104859.592604:INFO:CONSOLE(128)] "currentLatencynow: 23.626", source: file:///home/seluser/ppt/player/dashjs/index.html (128)
[229:229:0130/104900.592551:INFO:CONSOLE(128)] "currentLatencynow: 24.616", source: file:///home/seluser/ppt/player/dashjs/index.html (128)
[229:229:0130/104901.592720:INFO:CONSOLE(128)] "currentLatencynow: 25.616", source: file:///home/seluser/ppt/player/dashjs/index.html (128)
[229:256:0130/104902.377915:ERROR:bus.cc(392)] Failed to connect to the bus: Address does not contain a colon
[229:256:0130/104902.377993:ERROR:bus.cc(392)] Failed to connect to the bus: Address does not contain a colon
[229:229:0130/104902.592643:INFO:CONSOLE(128)] "currentLatencynow: 26.299", source: file:///home/seluser/ppt/player/dashjs/index.html (128)
[229:229:0130/104903.592791:INFO:CONSOLE(128)] "currentLatencynow: 26.199", source: file:///home/seluser/ppt/player/dashjs/index.html (128)
[229:229:0130/104904.592698:INFO:CONSOLE(128)] "currentLatencynow: 26.592", source: file:///home/seluser/ppt/player/dashjs/index.html (128)
[229:229:0130/104905.592871:INFO:CONSOLE(128)] "currentLatencynow: 27.592", source: file:///home/seluser/ppt/player/dashjs/index.html (128)
[229:229:0130/104906.592623:INFO:CONSOLE(128)] "currentLatencynow: 28.592", source: file:///home/seluser/ppt/player/dashjs/index.html (128)
[229:229:0130/104907.592630:INFO:CONSOLE(128)] "currentLatencynow: 29.592", source: file:///home/seluser/ppt/player/dashjs/index.html (128)
[229:229:0130/104908.592890:INFO:CONSOLE(128)] "currentLatencynow: 30.592", source: file:///home/seluser/ppt/player/dashjs/index.html (128)
[229:229:0130/104909.592762:INFO:CONSOLE(128)] "currentLatencynow: 31.592", source: file:///home/seluser/ppt/player/dashjs/index.html (128)
[229:229:0130/104910.592936:INFO:CONSOLE(128)] "currentLatencynow: 32.592", source: file:///home/seluser/ppt/player/dashjs/index.html (128)
[229:256:0130/104911.458539:ERROR:bus.cc(392)] Failed to connect to the bus: Address does not contain a colon
[229:256:0130/104911.458604:ERROR:bus.cc(392)] Failed to connect to the bus: Address does not contain a colon
[229:229:0130/104911.592653:INFO:CONSOLE(128)] "currentLatencynow: 33.396", source: file:///home/seluser/ppt/player/dashjs/index.html (128)
[229:229:0130/104912.592702:INFO:CONSOLE(128)] "currentLatencynow: 33.308", source: file:///home/seluser/ppt/player/dashjs/index.html (128)
[229:229:0130/104913.592703:INFO:CONSOLE(128)] "currentLatencynow: 33.208", source: file:///home/seluser/ppt/player/dashjs/index.html (128)
[229:229:0130/104914.592662:INFO:CONSOLE(128)] "currentLatencynow: 33.108", source: file:///home/seluser/ppt/player/dashjs/index.html (128)
[229:229:0130/104915.592747:INFO:CONSOLE(128)] "currentLatencynow: 30.637", source: file:///home/seluser/ppt/player/dashjs/index.html (128)
[229:229:0130/104916.592758:INFO:CONSOLE(128)] "currentLatencynow: 31.637", source: file:///home/seluser/ppt/player/dashjs/index.html (128)
[229:229:0130/104917.592662:INFO:CONSOLE(128)] "currentLatencynow: 32.637", source: file:///home/seluser/ppt/player/dashjs/index.html (128)
[229:229:0130/104918.592714:INFO:CONSOLE(128)] "currentLatencynow: 33.637", source: file:///home/seluser/ppt/player/dashjs/index.html (128)
[229:229:0130/104919.592719:INFO:CONSOLE(128)] "currentLatencynow: 34.637", source: file:///home/seluser/ppt/player/dashjs/index.html (128)
[229:229:0130/104920.592728:INFO:CONSOLE(128)] "currentLatencynow: 35.637", source: file:///home/seluser/ppt/player/dashjs/index.html (128)
[229:229:0130/104921.592687:INFO:CONSOLE(128)] "currentLatencynow: 36.637", source: file:///home/seluser/ppt/player/dashjs/index.html (128)
[229:229:0130/104922.593019:INFO:CONSOLE(128)] "currentLatencynow: 37.637", source: file:///home/seluser/ppt/player/dashjs/index.html (128)
[229:229:0130/104923.592827:INFO:CONSOLE(128)] "currentLatencynow: 38.637", source: file:///home/seluser/ppt/player/dashjs/index.html (128)
[229:229:0130/104924.592798:INFO:CONSOLE(128)] "currentLatencynow: 39.637", source: file:///home/seluser/ppt/player/dashjs/index.html (128)
[229:229:0130/104925.592832:INFO:CONSOLE(128)] "currentLatencynow: 40.637", source: file:///home/seluser/ppt/player/dashjs/index.html (128)
[229:229:0130/104926.592821:INFO:CONSOLE(128)] "currentLatencynow: 41.637", source: file:///home/seluser/ppt/player/dashjs/index.html (128)
[229:229:0130/104927.592840:INFO:CONSOLE(128)] "currentLatencynow: 42.637", source: file:///home/seluser/ppt/player/dashjs/index.html (128)
[229:229:0130/104928.592832:INFO:CONSOLE(128)] "currentLatencynow: 43.637", source: file:///home/seluser/ppt/player/dashjs/index.html (128)
[229:229:0130/104929.592858:INFO:CONSOLE(128)] "currentLatencynow: 44.637", source: file:///home/seluser/ppt/player/dashjs/index.html (128)
[229:229:0130/104930.592850:INFO:CONSOLE(128)] "currentLatencynow: 45.637", source: file:///home/seluser/ppt/player/dashjs/index.html (128)
[229:229:0130/104931.592986:INFO:CONSOLE(128)] "currentLatencynow: 46.637", source: file:///home/seluser/ppt/player/dashjs/index.html (128)
[229:229:0130/104932.592947:INFO:CONSOLE(128)] "currentLatencynow: 47.637", source: file:///home/seluser/ppt/player/dashjs/index.html (128)
[229:229:0130/104933.592701:INFO:CONSOLE(128)] "currentLatencynow: 48.637", source: file:///home/seluser/ppt/player/dashjs/index.html (128)
[229:229:0130/104934.592964:INFO:CONSOLE(128)] "currentLatencynow: 49.637", source: file:///home/seluser/ppt/player/dashjs/index.html (128)
[229:229:0130/104935.593272:INFO:CONSOLE(128)] "currentLatencynow: 50.637", source: file:///home/seluser/ppt/player/dashjs/index.html (128)
[229:229:0130/104936.592916:INFO:CONSOLE(128)] "currentLatencynow: 51.637", source: file:///home/seluser/ppt/player/dashjs/index.html (128)
[229:229:0130/104937.592984:INFO:CONSOLE(128)] "currentLatencynow: 52.637", source: file:///home/seluser/ppt/player/dashjs/index.html (128)
[229:229:0130/104938.592913:INFO:CONSOLE(128)] "currentLatencynow: 53.637", source: file:///home/seluser/ppt/player/dashjs/index.html (128)
[229:229:0130/104939.592957:INFO:CONSOLE(128)] "currentLatencynow: 54.637", source: file:///home/seluser/ppt/player/dashjs/index.html (128)
[229:229:0130/104940.592915:INFO:CONSOLE(128)] "currentLatencynow: 55.637", source: file:///home/seluser/ppt/player/dashjs/index.html (128)
[229:229:0130/104941.592869:INFO:CONSOLE(128)] "currentLatencynow: 56.637", source: file:///home/seluser/ppt/player/dashjs/index.html (128)
[229:229:0130/104942.592900:INFO:CONSOLE(128)] "currentLatencynow: 57.637", source: file:///home/seluser/ppt/player/dashjs/index.html (128)
[229:229:0130/104943.592864:INFO:CONSOLE(128)] "currentLatencynow: 58.637", source: file:///home/seluser/ppt/player/dashjs/index.html (128)
[229:229:0130/104944.592864:INFO:CONSOLE(128)] "currentLatencynow: 59.637", source: file:///home/seluser/ppt/player/dashjs/index.html (128)
[229:229:0130/104945.592816:INFO:CONSOLE(128)] "currentLatencynow: 60.637", source: file:///home/seluser/ppt/player/dashjs/index.html (128)
[229:229:0130/104946.592841:INFO:CONSOLE(128)] "currentLatencynow: 61.637", source: file:///home/seluser/ppt/player/dashjs/index.html (128)
[229:229:0130/104947.592842:INFO:CONSOLE(128)] "currentLatencynow: 62.637", source: file:///home/seluser/ppt/player/dashjs/index.html (128)
[229:229:0130/104948.592810:INFO:CONSOLE(128)] "currentLatencynow: 63.637", source: file:///home/seluser/ppt/player/dashjs/index.html (128)
[229:229:0130/104949.593028:INFO:CONSOLE(128)] "currentLatencynow: 64.637", source: file:///home/seluser/ppt/player/dashjs/index.html (128)
[229:229:0130/104950.592842:INFO:CONSOLE(128)] "currentLatencynow: 65.637", source: file:///home/seluser/ppt/player/dashjs/index.html (128)
[229:229:0130/104951.592855:INFO:CONSOLE(128)] "currentLatencynow: 66.637", source: file:///home/seluser/ppt/player/dashjs/index.html (128)
[229:229:0130/104952.592861:INFO:CONSOLE(128)] "currentLatencynow: 67.637", source: file:///home/seluser/ppt/player/dashjs/index.html (128)
[229:229:0130/104953.592857:INFO:CONSOLE(128)] "currentLatencynow: 68.637", source: file:///home/seluser/ppt/player/dashjs/index.html (128)
[229:229:0130/104954.592713:INFO:CONSOLE(128)] "currentLatencynow: 69.637", source: file:///home/seluser/ppt/player/dashjs/index.html (128)
[229:229:0130/104955.592840:INFO:CONSOLE(128)] "currentLatencynow: 70.637", source: file:///home/seluser/ppt/player/dashjs/index.html (128)
[229:229:0130/104956.592819:INFO:CONSOLE(128)] "currentLatencynow: 71.637", source: file:///home/seluser/ppt/player/dashjs/index.html (128)
[229:229:0130/104957.592812:INFO:CONSOLE(128)] "currentLatencynow: 72.637", source: file:///home/seluser/ppt/player/dashjs/index.html (128)
[229:229:0130/104958.592819:INFO:CONSOLE(128)] "currentLatencynow: 73.637", source: file:///home/seluser/ppt/player/dashjs/index.html (128)
[229:229:0130/104959.592817:INFO:CONSOLE(128)] "currentLatencynow: 74.637", source: file:///home/seluser/ppt/player/dashjs/index.html (128)
[229:229:0130/105000.592831:INFO:CONSOLE(128)] "currentLatencynow: 75.637", source: file:///home/seluser/ppt/player/dashjs/index.html (128)
[229:229:0130/105001.592831:INFO:CONSOLE(128)] "currentLatencynow: 76.637", source: file:///home/seluser/ppt/player/dashjs/index.html (128)
[229:229:0130/105002.592744:INFO:CONSOLE(128)] "currentLatencynow: 77.637", source: file:///home/seluser/ppt/player/dashjs/index.html (128)
[229:229:0130/105003.592831:INFO:CONSOLE(128)] "currentLatencynow: 78.637", source: file:///home/seluser/ppt/player/dashjs/index.html (128)
[229:229:0130/105004.592824:INFO:CONSOLE(128)] "currentLatencynow: 79.637", source: file:///home/seluser/ppt/player/dashjs/index.html (128)
[229:229:0130/105005.592838:INFO:CONSOLE(128)] "currentLatencynow: 80.637", source: file:///home/seluser/ppt/player/dashjs/index.html (128)
[229:229:0130/105006.592813:INFO:CONSOLE(128)] "currentLatencynow: 81.637", source: file:///home/seluser/ppt/player/dashjs/index.html (128)
[229:229:0130/105007.592850:INFO:CONSOLE(128)] "currentLatencynow: 82.637", source: file:///home/seluser/ppt/player/dashjs/index.html (128)
[229:229:0130/105008.592763:INFO:CONSOLE(128)] "currentLatencynow: 83.637", source: file:///home/seluser/ppt/player/dashjs/index.html (128)
[229:229:0130/105009.592778:INFO:CONSOLE(128)] "currentLatencynow: 84.637", source: file:///home/seluser/ppt/player/dashjs/index.html (128)
[229:229:0130/105010.592824:INFO:CONSOLE(128)] "currentLatencynow: 85.637", source: file:///home/seluser/ppt/player/dashjs/index.html (128)
[229:229:0130/105011.592752:INFO:CONSOLE(128)] "currentLatencynow: 86.637", source: file:///home/seluser/ppt/player/dashjs/index.html (128)
[229:229:0130/105012.592720:INFO:CONSOLE(128)] "currentLatencynow: 87.637", source: file:///home/seluser/ppt/player/dashjs/index.html (128)
[229:229:0130/105013.592880:INFO:CONSOLE(128)] "currentLatencynow: 88.637", source: file:///home/seluser/ppt/player/dashjs/index.html (128)
[229:229:0130/105014.592825:INFO:CONSOLE(128)] "currentLatencynow: 89.637", source: file:///home/seluser/ppt/player/dashjs/index.html (128)
[229:229:0130/105015.592816:INFO:CONSOLE(128)] "currentLatencynow: 90.637", source: file:///home/seluser/ppt/player/dashjs/index.html (128)
[229:229:0130/105016.592835:INFO:CONSOLE(128)] "currentLatencynow: 91.637", source: file:///home/seluser/ppt/player/dashjs/index.html (128)
[229:229:0130/105017.592836:INFO:CONSOLE(128)] "currentLatencynow: 92.637", source: file:///home/seluser/ppt/player/dashjs/index.html (128)
[229:229:0130/105018.592794:INFO:CONSOLE(128)] "currentLatencynow: 93.637", source: file:///home/seluser/ppt/player/dashjs/index.html (128)
[229:229:0130/105019.592811:INFO:CONSOLE(128)] "currentLatencynow: 94.637", source: file:///home/seluser/ppt/player/dashjs/index.html (128)
[229:229:0130/105020.592830:INFO:CONSOLE(128)] "currentLatencynow: 95.637", source: file:///home/seluser/ppt/player/dashjs/index.html (128)
[229:229:0130/105021.592714:INFO:CONSOLE(128)] "currentLatencynow: 96.637", source: file:///home/seluser/ppt/player/dashjs/index.html (128)
[229:229:0130/105022.592744:INFO:CONSOLE(128)] "currentLatencynow: 97.637", source: file:///home/seluser/ppt/player/dashjs/index.html (128)
[229:229:0130/105023.592848:INFO:CONSOLE(128)] "currentLatencynow: 98.637", source: file:///home/seluser/ppt/player/dashjs/index.html (128)
[229:229:0130/105024.592785:INFO:CONSOLE(128)] "currentLatencynow: 99.637", source: file:///home/seluser/ppt/player/dashjs/index.html (128)
[229:229:0130/105025.592851:INFO:CONSOLE(128)] "currentLatencynow: 100.637", source: file:///home/seluser/ppt/player/dashjs/index.html (128)
[229:229:0130/105026.592865:INFO:CONSOLE(128)] "currentLatencynow: 101.637", source: file:///home/seluser/ppt/player/dashjs/index.html (128)
[229:229:0130/105027.592843:INFO:CONSOLE(128)] "currentLatencynow: 102.637", source: file:///home/seluser/ppt/player/dashjs/index.html (128)
[229:229:0130/105028.592924:INFO:CONSOLE(128)] "currentLatencynow: 103.637", source: file:///home/seluser/ppt/player/dashjs/index.html (128)
[229:229:0130/105029.592863:INFO:CONSOLE(128)] "currentLatencynow: 104.637", source: file:///home/seluser/ppt/player/dashjs/index.html (128)
[229:229:0130/105030.592790:INFO:CONSOLE(128)] "currentLatencynow: 105.637", source: file:///home/seluser/ppt/player/dashjs/index.html (128)
[229:229:0130/105031.592887:INFO:CONSOLE(128)] "currentLatencynow: 106.637", source: file:///home/seluser/ppt/player/dashjs/index.html (128)
[229:229:0130/105032.592824:INFO:CONSOLE(128)] "currentLatencynow: 107.637", source: file:///home/seluser/ppt/player/dashjs/index.html (128)
[229:229:0130/105033.592863:INFO:CONSOLE(114)] "Begin Player stistics 
", source: file:///home/seluser/ppt/player/dashjs/index.html (114)
[229:229:0130/105033.593168:INFO:CONSOLE(115)] "["stall",[["1.23","4.74",3.5100000000000002]],[["6.67","6.92",0.25]],[["19.84","20.09",0.25]],[["26.17","26.42",0.25]],[["30.72","30.97",0.25]],[["availibleBW",[null],[null],[7099],[7099],[7099],[7099],[7099],[7099],[7099],[6817],[6817],[6817],[6817],[6817],[6817],[6817],[6817],[6743],[6743],[6743],[6541],[6541],[6541],[6256],[6256],[6256],[6256],[6256],[6256],[5957],[5957],[5957],[5957],[5640],[5640],[5640],[5640],[5640],[5494],[5494],[5494],[5494],[5494],[5494],[5494],[5494],[5494],[5494],[5494],[5494],[5494],[5494],[5494],[5494],[5494],[5494],[5494],[5494],[5494],[5494],[5494],[5494],[5494],[5494],[5494],[5494],[5494],[5494],[5494],[5494],[5494],[5494],[5494],[5494],[5494],[5494],[5494],[5494],[5494],[5494],[5494],[5494],[5494],[5494],[5494],[5494],[5494],[5494],[5494],[5494],[5494],[5494],[5494],[5494],[5494],[5494],[5494],[5494],[5494],[5494],[5494],[5494],[5494],[5494],[5494],[5494],[5494],[5494],[5494],[5494],[5494],[5494],[5494],[5494],[5494],[5494],[5494],[5494],[5494]]],[["currentBuffer",[0],[0],[0.072],[0.072],[0],[0],[0],[0],[0],[0.043],[0.043],[0.043],[0.043],[0.043],[0.043],[0.043],[0.043],[2.045],[1.02],[0.017],[2.019],[2.019],[2.019],[4.021],[3.213],[2.113],[2.018],[2.018],[1.918],[2.869],[1.996],[1.996],[1.996],[3.998],[3.998],[3.998],[3.998],[3.998],[4.935],[3.835],[2.735],[2.184],[2.184],[2.184],[2.184],[2.184],[2.184],[2.184],[2.184],[2.184],[2.184],[2.184],[2.184],[2.184],[2.184],[2.184],[2.184],[2.184],[2.184],[2.184],[2.184],[2.184],[2.184],[2.184],[2.184],[2.184],[2.184],[2.184],[2.184],[2.184],[2.184],[2.184],[2.184],[2.184],[2.184],[2.184],[2.184],[2.184],[2.184],[2.184],[2.184],[2.184],[2.184],[2.184],[2.184],[2.184],[2.184],[2.184],[2.184],[2.184],[2.184],[2.184],[2.184],[2.184],[2.184],[2.184],[2.184],[2.184],[2.184],[2.184],[2.184],[2.184],[2.184],[2.184],[2.184],[2.184],[2.184],[2.184],[2.184],[2.184],[2.184],[2.184],[2.184],[2.184],[2.184],[2.184],[2.184],[2.184],[2.184]]],[["currentLatency",[0],[5.678],[6.678],[7.678],[8.288],[8.188],[8.647],[9.647],[10.647],[11.647],[12.647],[13.647],[14.647],[15.647],[16.647],[17.647],[18.647],[19.442],[19.35],[19.619],[20.619],[21.619],[22.619],[23.619],[23.725],[23.626],[24.616],[25.616],[26.299],[26.199],[26.592],[27.592],[28.592],[29.592],[30.592],[31.592],[32.592],[33.396],[33.308],[33.208],[33.108],[30.637],[31.637],[32.637],[33.637],[34.637],[35.637],[36.637],[37.637],[38.637],[39.637],[40.637],[41.637],[42.637],[43.637],[44.637],[45.637],[46.637],[47.637],[48.637],[49.637],[50.637],[51.637],[52.637],[53.637],[54.637],[55.637],[56.637],[57.637],[58.637],[59.637],[60.637],[61.637],[62.637],[63.637],[64.637],[65.637],[66.637],[67.637],[68.637],[69.637],[70.637],[71.637],[72.637],[73.637],[74.637],[75.637],[76.637],[77.637],[78.637],[79.637],[80.637],[81.637],[82.637],[83.637],[84.637],[85.637],[86.637],[87.637],[88.637],[89.637],[90.637],[91.637],[92.637],[93.637],[94.637],[95.637],[96.637],[97.637],[98.637],[99.637],[100.637],[101.637],[102.637],[103.637],[104.637],[105.637],[106.637],[107.637]]]]", source: file:///home/seluser/ppt/player/dashjs/index.html (115)
[229:229:0130/105033.593390:INFO:CONSOLE(116)] "
", source: file:///home/seluser/ppt/player/dashjs/index.html (116)
[229:229:0130/105033.593426:INFO:CONSOLE(117)] "Finish Player stistics 
", source: file:///home/seluser/ppt/player/dashjs/index.html (117)
[229:229:0130/105033.593534:INFO:CONSOLE(128)] "currentLatencynow: 108.638", source: file:///home/seluser/ppt/player/dashjs/index.html (128)
[229:229:0130/105034.593978:INFO:CONSOLE(128)] "currentLatencynow: 109.637", source: file:///home/seluser/ppt/player/dashjs/index.html (128)
[229:229:0130/105035.593318:INFO:CONSOLE(128)] "currentLatencynow: 110.637", source: file:///home/seluser/ppt/player/dashjs/index.html (128)
[229:229:0130/105036.592768:INFO:CONSOLE(128)] "currentLatencynow: 111.637", source: file:///home/seluser/ppt/player/dashjs/index.html (128)
[229:229:0130/105037.592779:INFO:CONSOLE(128)] "currentLatencynow: 112.637", source: file:///home/seluser/ppt/player/dashjs/index.html (128)
[229:229:0130/105038.592754:INFO:CONSOLE(128)] "currentLatencynow: 113.637", source: file:///home/seluser/ppt/player/dashjs/index.html (128)
[229:229:0130/105039.592809:INFO:CONSOLE(128)] "currentLatencynow: 114.637", source: file:///home/seluser/ppt/player/dashjs/index.html (128)
[229:229:0130/105040.592884:INFO:CONSOLE(128)] "currentLatencynow: 115.637", source: file:///home/seluser/ppt/player/dashjs/index.html (128)
[229:229:0130/105041.592836:INFO:CONSOLE(128)] "currentLatencynow: 116.637", source: file:///home/seluser/ppt/player/dashjs/index.html (128)
[229:229:0130/105042.592783:INFO:CONSOLE(128)] "currentLatencynow: 117.637", source: file:///home/seluser/ppt/player/dashjs/index.html (128)
[229:229:0130/105043.592732:INFO:CONSOLE(128)] "currentLatencynow: 118.637", source: file:///home/seluser/ppt/player/dashjs/index.html (128)
[229:229:0130/105044.592787:INFO:CONSOLE(128)] "currentLatencynow: 119.637", source: file:///home/seluser/ppt/player/dashjs/index.html (128)
[229:229:0130/105045.592773:INFO:CONSOLE(128)] "currentLatencynow: 120.637", source: file:///home/seluser/ppt/player/dashjs/index.html (128)
[229:229:0130/105046.592802:INFO:CONSOLE(128)] "currentLatencynow: 121.637", source: file:///home/seluser/ppt/player/dashjs/index.html (128)
[229:229:0130/105047.592807:INFO:CONSOLE(128)] "currentLatencynow: 122.637", source: file:///home/seluser/ppt/player/dashjs/index.html (128)
[229:229:0130/105048.592761:INFO:CONSOLE(128)] "currentLatencynow: 123.637", source: file:///home/seluser/ppt/player/dashjs/index.html (128)
[229:229:0130/105049.592788:INFO:CONSOLE(128)] "currentLatencynow: 124.637", source: file:///home/seluser/ppt/player/dashjs/index.html (128)
[229:229:0130/105050.592778:INFO:CONSOLE(128)] "currentLatencynow: 125.637", source: file:///home/seluser/ppt/player/dashjs/index.html (128)
[229:229:0130/105051.592760:INFO:CONSOLE(128)] "currentLatencynow: 126.637", source: file:///home/seluser/ppt/player/dashjs/index.html (128)
[229:229:0130/105052.592754:INFO:CONSOLE(128)] "currentLatencynow: 127.637", source: file:///home/seluser/ppt/player/dashjs/index.html (128)
[229:229:0130/105053.592779:INFO:CONSOLE(128)] "currentLatencynow: 128.637", source: file:///home/seluser/ppt/player/dashjs/index.html (128)
[229:229:0130/105054.592715:INFO:CONSOLE(128)] "currentLatencynow: 129.637", source: file:///home/seluser/ppt/player/dashjs/index.html (128)
[229:229:0130/105055.592807:INFO:CONSOLE(128)] "currentLatencynow: 130.637", source: file:///home/seluser/ppt/player/dashjs/index.html (128)
[229:229:0130/105056.592782:INFO:CONSOLE(128)] "currentLatencynow: 131.637", source: file:///home/seluser/ppt/player/dashjs/index.html (128)
[229:229:0130/105057.592672:INFO:CONSOLE(128)] "currentLatencynow: 132.637", source: file:///home/seluser/ppt/player/dashjs/index.html (128)
[229:229:0130/105058.592808:INFO:CONSOLE(128)] "currentLatencynow: 133.637", source: file:///home/seluser/ppt/player/dashjs/index.html (128)
[229:229:0130/105059.592780:INFO:CONSOLE(128)] "currentLatencynow: 134.637", source: file:///home/seluser/ppt/player/dashjs/index.html (128)
[229:229:0130/105100.592793:INFO:CONSOLE(128)] "currentLatencynow: 135.637", source: file:///home/seluser/ppt/player/dashjs/index.html (128)
[229:229:0130/105101.592814:INFO:CONSOLE(128)] "currentLatencynow: 136.637", source: file:///home/seluser/ppt/player/dashjs/index.html (128)
[229:229:0130/105102.592785:INFO:CONSOLE(128)] "currentLatencynow: 137.637", source: file:///home/seluser/ppt/player/dashjs/index.html (128)
[229:229:0130/105103.592769:INFO:CONSOLE(128)] "currentLatencynow: 138.637", source: file:///home/seluser/ppt/player/dashjs/index.html (128)
[229:229:0130/105104.592778:INFO:CONSOLE(128)] "currentLatencynow: 139.637", source: file:///home/seluser/ppt/player/dashjs/index.html (128)
[229:229:0130/105105.592796:INFO:CONSOLE(128)] "currentLatencynow: 140.637", source: file:///home/seluser/ppt/player/dashjs/index.html (128)
[229:229:0130/105106.592774:INFO:CONSOLE(128)] "currentLatencynow: 141.637", source: file:///home/seluser/ppt/player/dashjs/index.html (128)
[229:229:0130/105107.592763:INFO:CONSOLE(128)] "currentLatencynow: 142.637", source: file:///home/seluser/ppt/player/dashjs/index.html (128)
[229:229:0130/105108.592807:INFO:CONSOLE(128)] "currentLatencynow: 143.637", source: file:///home/seluser/ppt/player/dashjs/index.html (128)
[229:229:0130/105109.592747:INFO:CONSOLE(128)] "currentLatencynow: 144.637", source: file:///home/seluser/ppt/player/dashjs/index.html (128)
[229:229:0130/105110.592793:INFO:CONSOLE(128)] "currentLatencynow: 145.637", source: file:///home/seluser/ppt/player/dashjs/index.html (128)
[229:229:0130/105111.592780:INFO:CONSOLE(128)] "currentLatencynow: 146.637", source: file:///home/seluser/ppt/player/dashjs/index.html (128)
[229:229:0130/105112.592766:INFO:CONSOLE(128)] "currentLatencynow: 147.637", source: file:///home/seluser/ppt/player/dashjs/index.html (128)
[229:229:0130/105113.592797:INFO:CONSOLE(128)] "currentLatencynow: 148.637", source: file:///home/seluser/ppt/player/dashjs/index.html (128)
[229:229:0130/105114.592787:INFO:CONSOLE(128)] "currentLatencynow: 149.637", source: file:///home/seluser/ppt/player/dashjs/index.html (128)
[229:229:0130/105115.592769:INFO:CONSOLE(128)] "currentLatencynow: 150.637", source: file:///home/seluser/ppt/player/dashjs/index.html (128)
[229:229:0130/105116.592836:INFO:CONSOLE(128)] "currentLatencynow: 151.637", source: file:///home/seluser/ppt/player/dashjs/index.html (128)
[229:229:0130/105117.592720:INFO:CONSOLE(128)] "currentLatencynow: 152.637", source: file:///home/seluser/ppt/player/dashjs/index.html (128)
[229:229:0130/105118.592735:INFO:CONSOLE(128)] "currentLatencynow: 153.637", source: file:///home/seluser/ppt/player/dashjs/index.html (128)
[229:229:0130/105119.592804:INFO:CONSOLE(128)] "currentLatencynow: 154.637", source: file:///home/seluser/ppt/player/dashjs/index.html (128)
[229:229:0130/105120.592783:INFO:CONSOLE(128)] "currentLatencynow: 155.637", source: file:///home/seluser/ppt/player/dashjs/index.html (128)
[229:229:0130/105121.592649:INFO:CONSOLE(128)] "currentLatencynow: 156.637", source: file:///home/seluser/ppt/player/dashjs/index.html (128)
[229:229:0130/105122.592775:INFO:CONSOLE(128)] "currentLatencynow: 157.637", source: file:///home/seluser/ppt/player/dashjs/index.html (128)
[229:229:0130/105123.592804:INFO:CONSOLE(128)] "currentLatencynow: 158.637", source: file:///home/seluser/ppt/player/dashjs/index.html (128)
[229:229:0130/105124.592756:INFO:CONSOLE(128)] "currentLatencynow: 159.637", source: file:///home/seluser/ppt/player/dashjs/index.html (128)
[229:229:0130/105125.592788:INFO:CONSOLE(128)] "currentLatencynow: 160.637", source: file:///home/seluser/ppt/player/dashjs/index.html (128)
[229:229:0130/105126.592779:INFO:CONSOLE(128)] "currentLatencynow: 161.637", source: file:///home/seluser/ppt/player/dashjs/index.html (128)
[229:229:0130/105127.592768:INFO:CONSOLE(128)] "currentLatencynow: 162.637", source: file:///home/seluser/ppt/player/dashjs/index.html (128)
[229:229:0130/105128.592805:INFO:CONSOLE(128)] "currentLatencynow: 163.637", source: file:///home/seluser/ppt/player/dashjs/index.html (128)
[229:229:0130/105129.592803:INFO:CONSOLE(128)] "currentLatencynow: 164.637", source: file:///home/seluser/ppt/player/dashjs/index.html (128)
[229:229:0130/105130.592707:INFO:CONSOLE(128)] "currentLatencynow: 165.637", source: file:///home/seluser/ppt/player/dashjs/index.html (128)
[229:229:0130/105131.592681:INFO:CONSOLE(128)] "currentLatencynow: 166.637", source: file:///home/seluser/ppt/player/dashjs/index.html (128)
[229:229:0130/105132.592880:INFO:CONSOLE(128)] "currentLatencynow: 167.637", source: file:///home/seluser/ppt/player/dashjs/index.html (128)
[229:229:0130/105133.592891:INFO:CONSOLE(128)] "currentLatencynow: 168.637", source: file:///home/seluser/ppt/player/dashjs/index.html (128)
[229:229:0130/105133.786754:WARNING:pref_notifier_impl.cc(40)] Pref observer for media_router.cast_allow_all_ips found at shutdown.
