[229:293:0130/095623.927221:ERROR:bus.cc(392)] Failed to connect to the bus: Failed to connect to socket /var/run/dbus/system_bus_socket: No such file or directory
[229:256:0130/095623.929299:ERROR:bus.cc(392)] Failed to connect to the bus: Address does not contain a colon
[229:256:0130/095623.929443:ERROR:bus.cc(392)] Failed to connect to the bus: Address does not contain a colon
[229:256:0130/095623.941445:ERROR:bus.cc(392)] Failed to connect to the bus: Address does not contain a colon
[229:256:0130/095623.943006:ERROR:bus.cc(392)] Failed to connect to the bus: Address does not contain a colon
[299:299:0130/095623.945748:ERROR:gpu_init.cc(453)] Passthrough is not supported, GL is swiftshader, ANGLE is 
[229:256:0130/095623.969423:ERROR:bus.cc(392)] Failed to connect to the bus: Address does not contain a colon
[229:256:0130/095623.969471:ERROR:bus.cc(392)] Failed to connect to the bus: Address does not contain a colon
[229:390:0130/095624.080602:ERROR:bus.cc(392)] Failed to connect to the bus: Failed to connect to socket /var/run/dbus/system_bus_socket: No such file or directory
[229:390:0130/095624.080688:ERROR:bus.cc(392)] Failed to connect to the bus: Failed to connect to socket /var/run/dbus/system_bus_socket: No such file or directory
[229:390:0130/095624.080740:ERROR:bus.cc(392)] Failed to connect to the bus: Failed to connect to socket /var/run/dbus/system_bus_socket: No such file or directory
[229:390:0130/095624.080753:WARNING:property.cc(144)] DaemonVersion: GetAndBlock: failed.
[229:390:0130/095624.080781:ERROR:bus.cc(392)] Failed to connect to the bus: Failed to connect to socket /var/run/dbus/system_bus_socket: No such file or directory
[229:390:0130/095624.080813:ERROR:bus.cc(392)] Failed to connect to the bus: Failed to connect to socket /var/run/dbus/system_bus_socket: No such file or directory
[229:229:0130/095625.358855:INFO:CONSOLE(128)] "currentLatencynow: NaN", source: file:///home/seluser/ppt/player/dashjs/index.html (128)
[229:251:0130/095626.161115:ERROR:chrome_browser_main_extra_parts_metrics.cc(228)] crbug.com/1216328: Checking Bluetooth availability started. Please report if there is no report that this ends.
[229:251:0130/095626.161165:ERROR:chrome_browser_main_extra_parts_metrics.cc(231)] crbug.com/1216328: Checking Bluetooth availability ended.
[229:251:0130/095626.161182:ERROR:chrome_browser_main_extra_parts_metrics.cc(234)] crbug.com/1216328: Checking default browser status started. Please report if there is no report that this ends.
[229:251:0130/095626.323628:ERROR:chrome_browser_main_extra_parts_metrics.cc(238)] crbug.com/1216328: Checking default browser status ended.
[229:229:0130/095626.358852:INFO:CONSOLE(128)] "currentLatencynow: 0", source: file:///home/seluser/ppt/player/dashjs/index.html (128)
[229:229:0130/095627.358793:INFO:CONSOLE(128)] "currentLatencynow: 0", source: file:///home/seluser/ppt/player/dashjs/index.html (128)
[629:629:0130/095628.209229:WARNING:audio_manager_linux.cc(69)] Falling back to ALSA for audio output. PulseAudio is not available or could not be initialized.
[629:629:0130/095628.214536:ERROR:alsa_util.cc(204)] PcmOpen: default,No such file or directory
[629:629:0130/095628.214649:ERROR:alsa_util.cc(204)] PcmOpen: plug:default,No such file or directory
[229:229:0130/095628.358849:INFO:CONSOLE(128)] "currentLatencynow: 6.966", source: file:///home/seluser/ppt/player/dashjs/index.html (128)
[229:229:0130/095629.358783:INFO:CONSOLE(128)] "currentLatencynow: 7.966", source: file:///home/seluser/ppt/player/dashjs/index.html (128)
[229:229:0130/095630.358888:INFO:CONSOLE(128)] "currentLatencynow: 8.966", source: file:///home/seluser/ppt/player/dashjs/index.html (128)
[229:229:0130/095631.358839:INFO:CONSOLE(128)] "currentLatencynow: 9.966", source: file:///home/seluser/ppt/player/dashjs/index.html (128)
[229:256:0130/095632.207919:ERROR:bus.cc(392)] Failed to connect to the bus: Address does not contain a colon
[229:256:0130/095632.207980:ERROR:bus.cc(392)] Failed to connect to the bus: Address does not contain a colon
[229:256:0130/095632.208001:ERROR:bus.cc(392)] Failed to connect to the bus: Address does not contain a colon
[229:256:0130/095632.208031:ERROR:bus.cc(392)] Failed to connect to the bus: Address does not contain a colon
[229:256:0130/095632.208045:ERROR:bus.cc(392)] Failed to connect to the bus: Address does not contain a colon
[229:256:0130/095632.208063:ERROR:bus.cc(392)] Failed to connect to the bus: Address does not contain a colon
[229:256:0130/095632.208079:ERROR:bus.cc(392)] Failed to connect to the bus: Address does not contain a colon
[229:256:0130/095632.208093:ERROR:bus.cc(392)] Failed to connect to the bus: Address does not contain a colon
[229:256:0130/095632.208103:ERROR:bus.cc(392)] Failed to connect to the bus: Address does not contain a colon
[229:256:0130/095632.208112:ERROR:bus.cc(392)] Failed to connect to the bus: Address does not contain a colon
[229:256:0130/095632.208125:ERROR:bus.cc(392)] Failed to connect to the bus: Address does not contain a colon
[229:256:0130/095632.208139:ERROR:bus.cc(392)] Failed to connect to the bus: Address does not contain a colon
[229:256:0130/095632.208148:ERROR:bus.cc(392)] Failed to connect to the bus: Address does not contain a colon
[229:256:0130/095632.208160:ERROR:bus.cc(392)] Failed to connect to the bus: Address does not contain a colon
[229:256:0130/095632.212600:ERROR:bus.cc(392)] Failed to connect to the bus: Address does not contain a colon
[229:256:0130/095632.212633:ERROR:bus.cc(392)] Failed to connect to the bus: Address does not contain a colon
[229:256:0130/095632.212655:ERROR:bus.cc(392)] Failed to connect to the bus: Address does not contain a colon
[229:256:0130/095632.288356:ERROR:bus.cc(392)] Failed to connect to the bus: Address does not contain a colon
[229:256:0130/095632.288389:ERROR:bus.cc(392)] Failed to connect to the bus: Address does not contain a colon
[229:229:0130/095632.358683:INFO:CONSOLE(128)] "currentLatencynow: 10.898", source: file:///home/seluser/ppt/player/dashjs/index.html (128)
[229:229:0130/095633.358676:INFO:CONSOLE(128)] "currentLatencynow: 10.81", source: file:///home/seluser/ppt/player/dashjs/index.html (128)
[229:229:0130/095634.358756:INFO:CONSOLE(128)] "currentLatencynow: 11.539", source: file:///home/seluser/ppt/player/dashjs/index.html (128)
[229:229:0130/095635.358756:INFO:CONSOLE(128)] "currentLatencynow: 11.659", source: file:///home/seluser/ppt/player/dashjs/index.html (128)
[229:229:0130/095636.358699:INFO:CONSOLE(128)] "currentLatencynow: 11.659", source: file:///home/seluser/ppt/player/dashjs/index.html (128)
[229:229:0130/095637.358740:INFO:CONSOLE(128)] "currentLatencynow: 12.524", source: file:///home/seluser/ppt/player/dashjs/index.html (128)
[229:229:0130/095638.358871:INFO:CONSOLE(128)] "currentLatencynow: 13.524", source: file:///home/seluser/ppt/player/dashjs/index.html (128)
[229:229:0130/095639.358730:INFO:CONSOLE(128)] "currentLatencynow: 14.524", source: file:///home/seluser/ppt/player/dashjs/index.html (128)
[229:229:0130/095640.358838:INFO:CONSOLE(128)] "currentLatencynow: 15.524", source: file:///home/seluser/ppt/player/dashjs/index.html (128)
[229:229:0130/095641.358817:INFO:CONSOLE(128)] "currentLatencynow: 16.524", source: file:///home/seluser/ppt/player/dashjs/index.html (128)
[229:229:0130/095642.358723:INFO:CONSOLE(128)] "currentLatencynow: 17.524", source: file:///home/seluser/ppt/player/dashjs/index.html (128)
[229:256:0130/095642.569342:ERROR:bus.cc(392)] Failed to connect to the bus: Address does not contain a colon
[229:256:0130/095642.569425:ERROR:bus.cc(392)] Failed to connect to the bus: Address does not contain a colon
[229:229:0130/095643.358930:INFO:CONSOLE(128)] "currentLatencynow: 17.624", source: file:///home/seluser/ppt/player/dashjs/index.html (128)
[229:229:0130/095644.358892:INFO:CONSOLE(128)] "currentLatencynow: 17.528", source: file:///home/seluser/ppt/player/dashjs/index.html (128)
[229:229:0130/095645.358756:INFO:CONSOLE(128)] "currentLatencynow: 18.5", source: file:///home/seluser/ppt/player/dashjs/index.html (128)
[229:229:0130/095646.358768:INFO:CONSOLE(128)] "currentLatencynow: 19.5", source: file:///home/seluser/ppt/player/dashjs/index.html (128)
[229:229:0130/095647.358644:INFO:CONSOLE(128)] "currentLatencynow: 20.5", source: file:///home/seluser/ppt/player/dashjs/index.html (128)
[229:256:0130/095647.443001:ERROR:bus.cc(392)] Failed to connect to the bus: Address does not contain a colon
[229:256:0130/095647.443075:ERROR:bus.cc(392)] Failed to connect to the bus: Address does not contain a colon
[229:229:0130/095648.358955:INFO:CONSOLE(128)] "currentLatencynow: 20.451", source: file:///home/seluser/ppt/player/dashjs/index.html (128)
[229:229:0130/095649.358988:INFO:CONSOLE(128)] "currentLatencynow: 20.496", source: file:///home/seluser/ppt/player/dashjs/index.html (128)
[229:229:0130/095650.358708:INFO:CONSOLE(128)] "currentLatencynow: 21.496", source: file:///home/seluser/ppt/player/dashjs/index.html (128)
[229:229:0130/095651.358702:INFO:CONSOLE(128)] "currentLatencynow: 22.496", source: file:///home/seluser/ppt/player/dashjs/index.html (128)
[229:229:0130/095652.358779:INFO:CONSOLE(128)] "currentLatencynow: 23.496", source: file:///home/seluser/ppt/player/dashjs/index.html (128)
[229:256:0130/095653.318251:ERROR:bus.cc(392)] Failed to connect to the bus: Address does not contain a colon
[229:256:0130/095653.318313:ERROR:bus.cc(392)] Failed to connect to the bus: Address does not contain a colon
[229:229:0130/095653.358686:INFO:CONSOLE(128)] "currentLatencynow: 24.398", source: file:///home/seluser/ppt/player/dashjs/index.html (128)
[229:229:0130/095654.358743:INFO:CONSOLE(128)] "currentLatencynow: 24.309", source: file:///home/seluser/ppt/player/dashjs/index.html (128)
[229:229:0130/095655.358787:INFO:CONSOLE(128)] "currentLatencynow: 24.209", source: file:///home/seluser/ppt/player/dashjs/index.html (128)
[229:229:0130/095656.358743:INFO:CONSOLE(128)] "currentLatencynow: 24.109", source: file:///home/seluser/ppt/player/dashjs/index.html (128)
[229:229:0130/095657.358731:INFO:CONSOLE(128)] "currentLatencynow: 24.472", source: file:///home/seluser/ppt/player/dashjs/index.html (128)
[229:229:0130/095658.358822:INFO:CONSOLE(128)] "currentLatencynow: 25.472", source: file:///home/seluser/ppt/player/dashjs/index.html (128)
[229:229:0130/095659.358708:INFO:CONSOLE(128)] "currentLatencynow: 26.472", source: file:///home/seluser/ppt/player/dashjs/index.html (128)
[229:229:0130/095700.358711:INFO:CONSOLE(128)] "currentLatencynow: 27.472", source: file:///home/seluser/ppt/player/dashjs/index.html (128)
[229:229:0130/095701.358877:INFO:CONSOLE(128)] "currentLatencynow: 28.472", source: file:///home/seluser/ppt/player/dashjs/index.html (128)
[229:256:0130/095702.264478:ERROR:bus.cc(392)] Failed to connect to the bus: Address does not contain a colon
[229:256:0130/095702.264544:ERROR:bus.cc(392)] Failed to connect to the bus: Address does not contain a colon
[229:229:0130/095702.358649:INFO:CONSOLE(128)] "currentLatencynow: 29.296", source: file:///home/seluser/ppt/player/dashjs/index.html (128)
[229:229:0130/095703.358748:INFO:CONSOLE(128)] "currentLatencynow: 29.196", source: file:///home/seluser/ppt/player/dashjs/index.html (128)
[229:229:0130/095704.358834:INFO:CONSOLE(128)] "currentLatencynow: 29.096", source: file:///home/seluser/ppt/player/dashjs/index.html (128)
[229:229:0130/095705.358819:INFO:CONSOLE(128)] "currentLatencynow: 28.996", source: file:///home/seluser/ppt/player/dashjs/index.html (128)
[229:229:0130/095706.358790:INFO:CONSOLE(128)] "currentLatencynow: 29.442", source: file:///home/seluser/ppt/player/dashjs/index.html (128)
[229:229:0130/095707.358692:INFO:CONSOLE(128)] "currentLatencynow: 30.086", source: file:///home/seluser/ppt/player/dashjs/index.html (128)
[229:229:0130/095708.358705:INFO:CONSOLE(128)] "currentLatencynow: 30.086", source: file:///home/seluser/ppt/player/dashjs/index.html (128)
[229:229:0130/095709.358678:INFO:CONSOLE(128)] "currentLatencynow: 30.289", source: file:///home/seluser/ppt/player/dashjs/index.html (128)
[229:229:0130/095710.358845:INFO:CONSOLE(128)] "currentLatencynow: 31.289", source: file:///home/seluser/ppt/player/dashjs/index.html (128)
[229:229:0130/095711.358811:INFO:CONSOLE(128)] "currentLatencynow: 32.289", source: file:///home/seluser/ppt/player/dashjs/index.html (128)
[229:229:0130/095712.358813:INFO:CONSOLE(128)] "currentLatencynow: 33.289", source: file:///home/seluser/ppt/player/dashjs/index.html (128)
[229:229:0130/095713.358791:INFO:CONSOLE(128)] "currentLatencynow: 34.289", source: file:///home/seluser/ppt/player/dashjs/index.html (128)
[229:229:0130/095714.358807:INFO:CONSOLE(128)] "currentLatencynow: 35.289", source: file:///home/seluser/ppt/player/dashjs/index.html (128)
[229:229:0130/095715.358796:INFO:CONSOLE(128)] "currentLatencynow: 36.289", source: file:///home/seluser/ppt/player/dashjs/index.html (128)
[229:229:0130/095716.358825:INFO:CONSOLE(128)] "currentLatencynow: 37.289", source: file:///home/seluser/ppt/player/dashjs/index.html (128)
[229:229:0130/095717.358819:INFO:CONSOLE(128)] "currentLatencynow: 38.289", source: file:///home/seluser/ppt/player/dashjs/index.html (128)
[229:229:0130/095718.358701:INFO:CONSOLE(128)] "currentLatencynow: 39.289", source: file:///home/seluser/ppt/player/dashjs/index.html (128)
[229:229:0130/095719.358799:INFO:CONSOLE(128)] "currentLatencynow: 40.289", source: file:///home/seluser/ppt/player/dashjs/index.html (128)
[229:229:0130/095720.358770:INFO:CONSOLE(128)] "currentLatencynow: 41.289", source: file:///home/seluser/ppt/player/dashjs/index.html (128)
[229:229:0130/095721.358749:INFO:CONSOLE(128)] "currentLatencynow: 42.289", source: file:///home/seluser/ppt/player/dashjs/index.html (128)
[229:229:0130/095722.358754:INFO:CONSOLE(128)] "currentLatencynow: 43.289", source: file:///home/seluser/ppt/player/dashjs/index.html (128)
[229:229:0130/095723.358879:INFO:CONSOLE(128)] "currentLatencynow: 44.289", source: file:///home/seluser/ppt/player/dashjs/index.html (128)
[229:229:0130/095724.358712:INFO:CONSOLE(128)] "currentLatencynow: 45.289", source: file:///home/seluser/ppt/player/dashjs/index.html (128)
[229:229:0130/095725.358654:INFO:CONSOLE(128)] "currentLatencynow: 46.289", source: file:///home/seluser/ppt/player/dashjs/index.html (128)
[229:229:0130/095726.358803:INFO:CONSOLE(128)] "currentLatencynow: 47.289", source: file:///home/seluser/ppt/player/dashjs/index.html (128)
[229:229:0130/095727.358850:INFO:CONSOLE(128)] "currentLatencynow: 48.289", source: file:///home/seluser/ppt/player/dashjs/index.html (128)
[229:229:0130/095728.359061:INFO:CONSOLE(128)] "currentLatencynow: 49.289", source: file:///home/seluser/ppt/player/dashjs/index.html (128)
[229:229:0130/095729.358962:INFO:CONSOLE(128)] "currentLatencynow: 50.289", source: file:///home/seluser/ppt/player/dashjs/index.html (128)
[229:229:0130/095730.358829:INFO:CONSOLE(128)] "currentLatencynow: 51.289", source: file:///home/seluser/ppt/player/dashjs/index.html (128)
[229:229:0130/095731.359030:INFO:CONSOLE(128)] "currentLatencynow: 52.289", source: file:///home/seluser/ppt/player/dashjs/index.html (128)
[229:229:0130/095732.358781:INFO:CONSOLE(128)] "currentLatencynow: 53.289", source: file:///home/seluser/ppt/player/dashjs/index.html (128)
[229:229:0130/095733.358771:INFO:CONSOLE(128)] "currentLatencynow: 54.289", source: file:///home/seluser/ppt/player/dashjs/index.html (128)
[229:229:0130/095734.358859:INFO:CONSOLE(128)] "currentLatencynow: 55.289", source: file:///home/seluser/ppt/player/dashjs/index.html (128)
[229:229:0130/095735.358827:INFO:CONSOLE(128)] "currentLatencynow: 56.289", source: file:///home/seluser/ppt/player/dashjs/index.html (128)
[229:229:0130/095736.358822:INFO:CONSOLE(128)] "currentLatencynow: 57.289", source: file:///home/seluser/ppt/player/dashjs/index.html (128)
[229:229:0130/095737.358855:INFO:CONSOLE(128)] "currentLatencynow: 58.289", source: file:///home/seluser/ppt/player/dashjs/index.html (128)
[229:229:0130/095738.358815:INFO:CONSOLE(128)] "currentLatencynow: 59.289", source: file:///home/seluser/ppt/player/dashjs/index.html (128)
[229:229:0130/095739.358782:INFO:CONSOLE(128)] "currentLatencynow: 60.289", source: file:///home/seluser/ppt/player/dashjs/index.html (128)
[229:229:0130/095740.358850:INFO:CONSOLE(128)] "currentLatencynow: 61.289", source: file:///home/seluser/ppt/player/dashjs/index.html (128)
[229:229:0130/095741.358921:INFO:CONSOLE(128)] "currentLatencynow: 62.289", source: file:///home/seluser/ppt/player/dashjs/index.html (128)
[229:229:0130/095742.358764:INFO:CONSOLE(128)] "currentLatencynow: 63.289", source: file:///home/seluser/ppt/player/dashjs/index.html (128)
[229:229:0130/095743.358863:INFO:CONSOLE(128)] "currentLatencynow: 64.289", source: file:///home/seluser/ppt/player/dashjs/index.html (128)
[229:229:0130/095744.358819:INFO:CONSOLE(128)] "currentLatencynow: 65.289", source: file:///home/seluser/ppt/player/dashjs/index.html (128)
[229:229:0130/095745.358869:INFO:CONSOLE(128)] "currentLatencynow: 66.289", source: file:///home/seluser/ppt/player/dashjs/index.html (128)
[229:229:0130/095746.358694:INFO:CONSOLE(128)] "currentLatencynow: 67.289", source: file:///home/seluser/ppt/player/dashjs/index.html (128)
[229:229:0130/095747.358882:INFO:CONSOLE(128)] "currentLatencynow: 68.289", source: file:///home/seluser/ppt/player/dashjs/index.html (128)
[229:229:0130/095748.358830:INFO:CONSOLE(128)] "currentLatencynow: 69.289", source: file:///home/seluser/ppt/player/dashjs/index.html (128)
[229:229:0130/095749.358850:INFO:CONSOLE(128)] "currentLatencynow: 70.289", source: file:///home/seluser/ppt/player/dashjs/index.html (128)
[229:229:0130/095750.358833:INFO:CONSOLE(128)] "currentLatencynow: 71.289", source: file:///home/seluser/ppt/player/dashjs/index.html (128)
[229:229:0130/095751.358850:INFO:CONSOLE(128)] "currentLatencynow: 72.289", source: file:///home/seluser/ppt/player/dashjs/index.html (128)
[229:229:0130/095752.358827:INFO:CONSOLE(128)] "currentLatencynow: 73.289", source: file:///home/seluser/ppt/player/dashjs/index.html (128)
[229:229:0130/095753.358863:INFO:CONSOLE(128)] "currentLatencynow: 74.289", source: file:///home/seluser/ppt/player/dashjs/index.html (128)
[229:229:0130/095754.358836:INFO:CONSOLE(128)] "currentLatencynow: 75.289", source: file:///home/seluser/ppt/player/dashjs/index.html (128)
[229:229:0130/095755.358850:INFO:CONSOLE(128)] "currentLatencynow: 76.289", source: file:///home/seluser/ppt/player/dashjs/index.html (128)
[229:229:0130/095756.358808:INFO:CONSOLE(128)] "currentLatencynow: 77.289", source: file:///home/seluser/ppt/player/dashjs/index.html (128)
[229:229:0130/095757.358823:INFO:CONSOLE(128)] "currentLatencynow: 78.289", source: file:///home/seluser/ppt/player/dashjs/index.html (128)
[229:229:0130/095758.358829:INFO:CONSOLE(128)] "currentLatencynow: 79.289", source: file:///home/seluser/ppt/player/dashjs/index.html (128)
[229:229:0130/095759.358850:INFO:CONSOLE(128)] "currentLatencynow: 80.289", source: file:///home/seluser/ppt/player/dashjs/index.html (128)
[229:229:0130/095800.358816:INFO:CONSOLE(128)] "currentLatencynow: 81.289", source: file:///home/seluser/ppt/player/dashjs/index.html (128)
[229:229:0130/095801.358854:INFO:CONSOLE(128)] "currentLatencynow: 82.289", source: file:///home/seluser/ppt/player/dashjs/index.html (128)
[229:229:0130/095802.358700:INFO:CONSOLE(128)] "currentLatencynow: 83.289", source: file:///home/seluser/ppt/player/dashjs/index.html (128)
[229:229:0130/095803.358815:INFO:CONSOLE(128)] "currentLatencynow: 84.289", source: file:///home/seluser/ppt/player/dashjs/index.html (128)
[229:229:0130/095804.358783:INFO:CONSOLE(128)] "currentLatencynow: 85.289", source: file:///home/seluser/ppt/player/dashjs/index.html (128)
[229:229:0130/095805.358871:INFO:CONSOLE(128)] "currentLatencynow: 86.289", source: file:///home/seluser/ppt/player/dashjs/index.html (128)
[229:229:0130/095806.358665:INFO:CONSOLE(128)] "currentLatencynow: 87.289", source: file:///home/seluser/ppt/player/dashjs/index.html (128)
[229:229:0130/095807.358862:INFO:CONSOLE(128)] "currentLatencynow: 88.289", source: file:///home/seluser/ppt/player/dashjs/index.html (128)
[229:229:0130/095808.358883:INFO:CONSOLE(128)] "currentLatencynow: 89.289", source: file:///home/seluser/ppt/player/dashjs/index.html (128)
[229:229:0130/095809.358816:INFO:CONSOLE(128)] "currentLatencynow: 90.289", source: file:///home/seluser/ppt/player/dashjs/index.html (128)
[229:229:0130/095810.358865:INFO:CONSOLE(128)] "currentLatencynow: 91.289", source: file:///home/seluser/ppt/player/dashjs/index.html (128)
[229:229:0130/095811.358832:INFO:CONSOLE(128)] "currentLatencynow: 92.289", source: file:///home/seluser/ppt/player/dashjs/index.html (128)
[229:229:0130/095812.358817:INFO:CONSOLE(128)] "currentLatencynow: 93.289", source: file:///home/seluser/ppt/player/dashjs/index.html (128)
[229:229:0130/095813.358848:INFO:CONSOLE(128)] "currentLatencynow: 94.289", source: file:///home/seluser/ppt/player/dashjs/index.html (128)
[229:229:0130/095814.358845:INFO:CONSOLE(128)] "currentLatencynow: 95.289", source: file:///home/seluser/ppt/player/dashjs/index.html (128)
[229:229:0130/095815.358836:INFO:CONSOLE(128)] "currentLatencynow: 96.289", source: file:///home/seluser/ppt/player/dashjs/index.html (128)
[229:229:0130/095816.358816:INFO:CONSOLE(128)] "currentLatencynow: 97.289", source: file:///home/seluser/ppt/player/dashjs/index.html (128)
[229:229:0130/095817.358744:INFO:CONSOLE(128)] "currentLatencynow: 98.289", source: file:///home/seluser/ppt/player/dashjs/index.html (128)
[229:229:0130/095818.358831:INFO:CONSOLE(128)] "currentLatencynow: 99.289", source: file:///home/seluser/ppt/player/dashjs/index.html (128)
[229:229:0130/095819.358874:INFO:CONSOLE(128)] "currentLatencynow: 100.289", source: file:///home/seluser/ppt/player/dashjs/index.html (128)
[229:229:0130/095820.358744:INFO:CONSOLE(128)] "currentLatencynow: 101.289", source: file:///home/seluser/ppt/player/dashjs/index.html (128)
[229:229:0130/095821.358821:INFO:CONSOLE(128)] "currentLatencynow: 102.289", source: file:///home/seluser/ppt/player/dashjs/index.html (128)
[229:229:0130/095822.358837:INFO:CONSOLE(128)] "currentLatencynow: 103.289", source: file:///home/seluser/ppt/player/dashjs/index.html (128)
[229:229:0130/095823.358875:INFO:CONSOLE(128)] "currentLatencynow: 104.289", source: file:///home/seluser/ppt/player/dashjs/index.html (128)
[229:229:0130/095824.358846:INFO:CONSOLE(114)] "Begin Player stistics 
", source: file:///home/seluser/ppt/player/dashjs/index.html (114)
[229:229:0130/095824.359176:INFO:CONSOLE(115)] "["stall",[["3.29","8.02",4.7299999999999995]],[["9.43","9.68",0.25]],[["12.31","12.56",0.25]],[["20.20","20.45",0.25]],[["25.05","25.30",0.25]],[["32.77","33.02",0.25]],[["41.69","41.94",0.25]],[["43.00","43.00",0]],[["availibleBW",[null],[null],[null],[null],[null],[null],[null],[3765],[3765],[3765],[3765],[3765],[3765],[3765],[3763],[3763],[3763],[3763],[3771],[3771],[3771],[3770],[3770],[3770],[3771],[3771],[3771],[3775],[3775],[3775],[3775],[3771],[3771],[3771],[3771],[3773],[3773],[3773],[3776],[3776],[3776],[3776],[3776],[3776],[3776],[3776],[3776],[3776],[3776],[3776],[3776],[3776],[3776],[3776],[3776],[3776],[3776],[3776],[3776],[3776],[3776],[3776],[3776],[3776],[3776],[3776],[3776],[3776],[3776],[3776],[3776],[3776],[3776],[3776],[3776],[3776],[3776],[3776],[3776],[3776],[3776],[3776],[3776],[3776],[3776],[3776],[3776],[3776],[3776],[3776],[3776],[3776],[3776],[3776],[3776],[3776],[3776],[3776],[3776],[3776],[3776],[3776],[3776],[3776],[3776],[3776],[3776],[3776],[3776],[3776],[3776],[3776],[3776],[3776],[3776],[3776],[3776],[3776],[3776]]],[["currentBuffer",[0],[0],[0],[0],[0],[0],[0],[1.468],[0.479],[0.041],[0],[0],[0],[0],[0.029],[0.029],[0.029],[0.029],[1.257],[0.157],[0.006],[2.008],[2.008],[1.204],[2.006],[2.006],[2.006],[4.008],[4.008],[2.964],[1.864],[2.766],[1.986],[1.986],[1.986],[3.988],[3.988],[3.912],[4.886],[3.786],[2.686],[1.961],[1.707],[0.784],[0.065],[0.065],[0.065],[0.065],[0.065],[0.065],[0.065],[0.065],[0.065],[0.065],[0.065],[0.065],[0.065],[0.065],[0.065],[0.065],[0.065],[0.065],[0.065],[0.065],[0.065],[0.065],[0.065],[0.065],[0.065],[0.065],[0.065],[0.065],[0.065],[0.065],[0.065],[0.065],[0.065],[0.065],[0.065],[0.065],[0.065],[0.065],[0.065],[0.065],[0.065],[0.065],[0.065],[0.065],[0.065],[0.065],[0.065],[0.065],[0.065],[0.065],[0.065],[0.065],[0.065],[0.065],[0.065],[0.065],[0.065],[0.065],[0.065],[0.065],[0.065],[0.065],[0.065],[0.065],[0.065],[0.065],[0.065],[0.065],[0.065],[0.065],[0.065],[0.065],[0.065],[0.065],[0.065]]],[["currentLatency",[null],[0],[0],[6.966],[7.966],[8.966],[9.966],[10.898],[10.81],[11.539],[11.659],[11.659],[12.524],[13.524],[14.524],[15.524],[16.524],[17.524],[17.624],[17.528],[18.5],[19.5],[20.5],[20.451],[20.496],[21.496],[22.496],[23.496],[24.398],[24.309],[24.209],[24.109],[24.472],[25.472],[26.472],[27.472],[28.472],[29.296],[29.196],[29.096],[28.996],[29.442],[30.086],[30.086],[30.289],[31.289],[32.289],[33.289],[34.289],[35.289],[36.289],[37.289],[38.289],[39.289],[40.289],[41.289],[42.289],[43.289],[44.289],[45.289],[46.289],[47.289],[48.289],[49.289],[50.289],[51.289],[52.289],[53.289],[54.289],[55.289],[56.289],[57.289],[58.289],[59.289],[60.289],[61.289],[62.289],[63.289],[64.289],[65.289],[66.289],[67.289],[68.289],[69.289],[70.289],[71.289],[72.289],[73.289],[74.289],[75.289],[76.289],[77.289],[78.289],[79.289],[80.289],[81.289],[82.289],[83.289],[84.289],[85.289],[86.289],[87.289],[88.289],[89.289],[90.289],[91.289],[92.289],[93.289],[94.289],[95.289],[96.289],[97.289],[98.289],[99.289],[100.289],[101.289],[102.289],[103.289],[104.289]]]]", source: file:///home/seluser/ppt/player/dashjs/index.html (115)
[229:229:0130/095824.359315:INFO:CONSOLE(116)] "
", source: file:///home/seluser/ppt/player/dashjs/index.html (116)
[229:229:0130/095824.359409:INFO:CONSOLE(117)] "Finish Player stistics 
", source: file:///home/seluser/ppt/player/dashjs/index.html (117)
[229:229:0130/095824.359556:INFO:CONSOLE(128)] "currentLatencynow: 105.29", source: file:///home/seluser/ppt/player/dashjs/index.html (128)
[229:229:0130/095825.359381:INFO:CONSOLE(128)] "currentLatencynow: 106.289", source: file:///home/seluser/ppt/player/dashjs/index.html (128)
[229:229:0130/095826.359317:INFO:CONSOLE(128)] "currentLatencynow: 107.289", source: file:///home/seluser/ppt/player/dashjs/index.html (128)
[229:229:0130/095827.358825:INFO:CONSOLE(128)] "currentLatencynow: 108.289", source: file:///home/seluser/ppt/player/dashjs/index.html (128)
[229:229:0130/095828.358856:INFO:CONSOLE(128)] "currentLatencynow: 109.289", source: file:///home/seluser/ppt/player/dashjs/index.html (128)
[229:229:0130/095829.358893:INFO:CONSOLE(128)] "currentLatencynow: 110.289", source: file:///home/seluser/ppt/player/dashjs/index.html (128)
[229:229:0130/095830.358805:INFO:CONSOLE(128)] "currentLatencynow: 111.289", source: file:///home/seluser/ppt/player/dashjs/index.html (128)
[229:229:0130/095831.358857:INFO:CONSOLE(128)] "currentLatencynow: 112.289", source: file:///home/seluser/ppt/player/dashjs/index.html (128)
[229:229:0130/095832.358844:INFO:CONSOLE(128)] "currentLatencynow: 113.289", source: file:///home/seluser/ppt/player/dashjs/index.html (128)
[229:229:0130/095833.358822:INFO:CONSOLE(128)] "currentLatencynow: 114.289", source: file:///home/seluser/ppt/player/dashjs/index.html (128)
[229:229:0130/095834.358821:INFO:CONSOLE(128)] "currentLatencynow: 115.289", source: file:///home/seluser/ppt/player/dashjs/index.html (128)
[229:229:0130/095835.358846:INFO:CONSOLE(128)] "currentLatencynow: 116.289", source: file:///home/seluser/ppt/player/dashjs/index.html (128)
[229:229:0130/095836.358818:INFO:CONSOLE(128)] "currentLatencynow: 117.289", source: file:///home/seluser/ppt/player/dashjs/index.html (128)
[229:229:0130/095837.358829:INFO:CONSOLE(128)] "currentLatencynow: 118.289", source: file:///home/seluser/ppt/player/dashjs/index.html (128)
[229:229:0130/095838.358874:INFO:CONSOLE(128)] "currentLatencynow: 119.289", source: file:///home/seluser/ppt/player/dashjs/index.html (128)
[229:229:0130/095839.358827:INFO:CONSOLE(128)] "currentLatencynow: 120.289", source: file:///home/seluser/ppt/player/dashjs/index.html (128)
[229:229:0130/095840.358878:INFO:CONSOLE(128)] "currentLatencynow: 121.289", source: file:///home/seluser/ppt/player/dashjs/index.html (128)
[229:229:0130/095841.358814:INFO:CONSOLE(128)] "currentLatencynow: 122.289", source: file:///home/seluser/ppt/player/dashjs/index.html (128)
[229:229:0130/095842.358812:INFO:CONSOLE(128)] "currentLatencynow: 123.289", source: file:///home/seluser/ppt/player/dashjs/index.html (128)
[229:229:0130/095843.358767:INFO:CONSOLE(128)] "currentLatencynow: 124.289", source: file:///home/seluser/ppt/player/dashjs/index.html (128)
[229:229:0130/095844.358816:INFO:CONSOLE(128)] "currentLatencynow: 125.289", source: file:///home/seluser/ppt/player/dashjs/index.html (128)
[229:229:0130/095845.358780:INFO:CONSOLE(128)] "currentLatencynow: 126.289", source: file:///home/seluser/ppt/player/dashjs/index.html (128)
[229:229:0130/095846.358929:INFO:CONSOLE(128)] "currentLatencynow: 127.289", source: file:///home/seluser/ppt/player/dashjs/index.html (128)
[229:229:0130/095847.358875:INFO:CONSOLE(128)] "currentLatencynow: 128.289", source: file:///home/seluser/ppt/player/dashjs/index.html (128)
[229:229:0130/095848.358859:INFO:CONSOLE(128)] "currentLatencynow: 129.289", source: file:///home/seluser/ppt/player/dashjs/index.html (128)
[229:229:0130/095849.358840:INFO:CONSOLE(128)] "currentLatencynow: 130.289", source: file:///home/seluser/ppt/player/dashjs/index.html (128)
[229:229:0130/095850.358831:INFO:CONSOLE(128)] "currentLatencynow: 131.289", source: file:///home/seluser/ppt/player/dashjs/index.html (128)
[229:229:0130/095851.358805:INFO:CONSOLE(128)] "currentLatencynow: 132.289", source: file:///home/seluser/ppt/player/dashjs/index.html (128)
[229:229:0130/095852.358817:INFO:CONSOLE(128)] "currentLatencynow: 133.289", source: file:///home/seluser/ppt/player/dashjs/index.html (128)
[229:229:0130/095853.358899:INFO:CONSOLE(128)] "currentLatencynow: 134.289", source: file:///home/seluser/ppt/player/dashjs/index.html (128)
[229:229:0130/095854.358883:INFO:CONSOLE(128)] "currentLatencynow: 135.289", source: file:///home/seluser/ppt/player/dashjs/index.html (128)
[229:229:0130/095855.358737:INFO:CONSOLE(128)] "currentLatencynow: 136.289", source: file:///home/seluser/ppt/player/dashjs/index.html (128)
[229:229:0130/095856.358853:INFO:CONSOLE(128)] "currentLatencynow: 137.289", source: file:///home/seluser/ppt/player/dashjs/index.html (128)
[229:229:0130/095857.358855:INFO:CONSOLE(128)] "currentLatencynow: 138.289", source: file:///home/seluser/ppt/player/dashjs/index.html (128)
[229:229:0130/095858.358825:INFO:CONSOLE(128)] "currentLatencynow: 139.289", source: file:///home/seluser/ppt/player/dashjs/index.html (128)
[229:229:0130/095859.358830:INFO:CONSOLE(128)] "currentLatencynow: 140.289", source: file:///home/seluser/ppt/player/dashjs/index.html (128)
[229:229:0130/095900.358814:INFO:CONSOLE(128)] "currentLatencynow: 141.289", source: file:///home/seluser/ppt/player/dashjs/index.html (128)
[229:229:0130/095901.358905:INFO:CONSOLE(128)] "currentLatencynow: 142.289", source: file:///home/seluser/ppt/player/dashjs/index.html (128)
[229:229:0130/095902.358839:INFO:CONSOLE(128)] "currentLatencynow: 143.289", source: file:///home/seluser/ppt/player/dashjs/index.html (128)
[229:229:0130/095903.358819:INFO:CONSOLE(128)] "currentLatencynow: 144.289", source: file:///home/seluser/ppt/player/dashjs/index.html (128)
[229:229:0130/095904.358910:INFO:CONSOLE(128)] "currentLatencynow: 145.289", source: file:///home/seluser/ppt/player/dashjs/index.html (128)
[229:229:0130/095905.358834:INFO:CONSOLE(128)] "currentLatencynow: 146.289", source: file:///home/seluser/ppt/player/dashjs/index.html (128)
[229:229:0130/095906.358808:INFO:CONSOLE(128)] "currentLatencynow: 147.289", source: file:///home/seluser/ppt/player/dashjs/index.html (128)
[229:229:0130/095907.358867:INFO:CONSOLE(128)] "currentLatencynow: 148.289", source: file:///home/seluser/ppt/player/dashjs/index.html (128)
[229:229:0130/095908.358910:INFO:CONSOLE(128)] "currentLatencynow: 149.289", source: file:///home/seluser/ppt/player/dashjs/index.html (128)
[229:229:0130/095909.358667:INFO:CONSOLE(128)] "currentLatencynow: 150.289", source: file:///home/seluser/ppt/player/dashjs/index.html (128)
[229:229:0130/095910.358856:INFO:CONSOLE(128)] "currentLatencynow: 151.289", source: file:///home/seluser/ppt/player/dashjs/index.html (128)
[229:229:0130/095911.358854:INFO:CONSOLE(128)] "currentLatencynow: 152.289", source: file:///home/seluser/ppt/player/dashjs/index.html (128)
[229:229:0130/095912.358806:INFO:CONSOLE(128)] "currentLatencynow: 153.289", source: file:///home/seluser/ppt/player/dashjs/index.html (128)
[229:229:0130/095913.358778:INFO:CONSOLE(128)] "currentLatencynow: 154.289", source: file:///home/seluser/ppt/player/dashjs/index.html (128)
[229:229:0130/095914.358845:INFO:CONSOLE(128)] "currentLatencynow: 155.289", source: file:///home/seluser/ppt/player/dashjs/index.html (128)
[229:229:0130/095915.358821:INFO:CONSOLE(128)] "currentLatencynow: 156.289", source: file:///home/seluser/ppt/player/dashjs/index.html (128)
[229:229:0130/095916.358841:INFO:CONSOLE(128)] "currentLatencynow: 157.289", source: file:///home/seluser/ppt/player/dashjs/index.html (128)
[229:229:0130/095917.358866:INFO:CONSOLE(128)] "currentLatencynow: 158.289", source: file:///home/seluser/ppt/player/dashjs/index.html (128)
[229:229:0130/095918.358814:INFO:CONSOLE(128)] "currentLatencynow: 159.289", source: file:///home/seluser/ppt/player/dashjs/index.html (128)
[229:229:0130/095919.358819:INFO:CONSOLE(128)] "currentLatencynow: 160.289", source: file:///home/seluser/ppt/player/dashjs/index.html (128)
[229:229:0130/095920.358875:INFO:CONSOLE(128)] "currentLatencynow: 161.289", source: file:///home/seluser/ppt/player/dashjs/index.html (128)
[229:229:0130/095921.358901:INFO:CONSOLE(128)] "currentLatencynow: 162.289", source: file:///home/seluser/ppt/player/dashjs/index.html (128)
[229:229:0130/095922.358841:INFO:CONSOLE(128)] "currentLatencynow: 163.289", source: file:///home/seluser/ppt/player/dashjs/index.html (128)
[229:229:0130/095923.358861:INFO:CONSOLE(128)] "currentLatencynow: 164.289", source: file:///home/seluser/ppt/player/dashjs/index.html (128)
[229:229:0130/095924.358886:INFO:CONSOLE(128)] "currentLatencynow: 165.289", source: file:///home/seluser/ppt/player/dashjs/index.html (128)
[229:229:0130/095924.586079:WARNING:pref_notifier_impl.cc(40)] Pref observer for media_router.cast_allow_all_ips found at shutdown.
