[228:292:0130/095622.382294:ERROR:bus.cc(392)] Failed to connect to the bus: Failed to connect to socket /var/run/dbus/system_bus_socket: No such file or directory
[228:255:0130/095622.385220:ERROR:bus.cc(392)] Failed to connect to the bus: Address does not contain a colon
[228:255:0130/095622.385418:ERROR:bus.cc(392)] Failed to connect to the bus: Address does not contain a colon
[228:255:0130/095622.396872:ERROR:bus.cc(392)] Failed to connect to the bus: Address does not contain a colon
[228:255:0130/095622.396938:ERROR:bus.cc(392)] Failed to connect to the bus: Address does not contain a colon
[300:300:0130/095622.399947:ERROR:gpu_init.cc(453)] Passthrough is not supported, GL is swiftshader, ANGLE is 
[228:255:0130/095622.421394:ERROR:bus.cc(392)] Failed to connect to the bus: Address does not contain a colon
[228:255:0130/095622.421444:ERROR:bus.cc(392)] Failed to connect to the bus: Address does not contain a colon
[228:390:0130/095622.594099:ERROR:bus.cc(392)] Failed to connect to the bus: Failed to connect to socket /var/run/dbus/system_bus_socket: No such file or directory
[228:390:0130/095622.594225:ERROR:bus.cc(392)] Failed to connect to the bus: Failed to connect to socket /var/run/dbus/system_bus_socket: No such file or directory
[228:390:0130/095622.594330:ERROR:bus.cc(392)] Failed to connect to the bus: Failed to connect to socket /var/run/dbus/system_bus_socket: No such file or directory
[228:390:0130/095622.594364:WARNING:property.cc(144)] DaemonVersion: GetAndBlock: failed.
[228:390:0130/095622.594425:ERROR:bus.cc(392)] Failed to connect to the bus: Failed to connect to socket /var/run/dbus/system_bus_socket: No such file or directory
[228:390:0130/095622.594488:ERROR:bus.cc(392)] Failed to connect to the bus: Failed to connect to socket /var/run/dbus/system_bus_socket: No such file or directory
[433:433:0130/095623.599339:WARNING:audio_manager_linux.cc(69)] Falling back to ALSA for audio output. PulseAudio is not available or could not be initialized.
[433:433:0130/095623.604193:ERROR:alsa_util.cc(204)] PcmOpen: default,No such file or directory
[433:433:0130/095623.604295:ERROR:alsa_util.cc(204)] PcmOpen: plug:default,No such file or directory
[228:228:0130/095623.881092:INFO:CONSOLE(128)] "currentLatencynow: 4.877", source: file:///home/seluser/ppt/player/dashjs/index.html (128)
[228:294:0130/095624.682943:ERROR:chrome_browser_main_extra_parts_metrics.cc(228)] crbug.com/1216328: Checking Bluetooth availability started. Please report if there is no report that this ends.
[228:294:0130/095624.683893:ERROR:chrome_browser_main_extra_parts_metrics.cc(231)] crbug.com/1216328: Checking Bluetooth availability ended.
[228:294:0130/095624.683917:ERROR:chrome_browser_main_extra_parts_metrics.cc(234)] crbug.com/1216328: Checking default browser status started. Please report if there is no report that this ends.
[228:294:0130/095624.864217:ERROR:chrome_browser_main_extra_parts_metrics.cc(238)] crbug.com/1216328: Checking default browser status ended.
[228:255:0130/095624.875904:ERROR:bus.cc(392)] Failed to connect to the bus: Address does not contain a colon
[228:255:0130/095624.875980:ERROR:bus.cc(392)] Failed to connect to the bus: Address does not contain a colon
[228:255:0130/095624.876001:ERROR:bus.cc(392)] Failed to connect to the bus: Address does not contain a colon
[228:255:0130/095624.876016:ERROR:bus.cc(392)] Failed to connect to the bus: Address does not contain a colon
[228:255:0130/095624.876032:ERROR:bus.cc(392)] Failed to connect to the bus: Address does not contain a colon
[228:255:0130/095624.876044:ERROR:bus.cc(392)] Failed to connect to the bus: Address does not contain a colon
[228:255:0130/095624.876059:ERROR:bus.cc(392)] Failed to connect to the bus: Address does not contain a colon
[228:255:0130/095624.876075:ERROR:bus.cc(392)] Failed to connect to the bus: Address does not contain a colon
[228:255:0130/095624.876086:ERROR:bus.cc(392)] Failed to connect to the bus: Address does not contain a colon
[228:255:0130/095624.876102:ERROR:bus.cc(392)] Failed to connect to the bus: Address does not contain a colon
[228:255:0130/095624.877922:ERROR:bus.cc(392)] Failed to connect to the bus: Address does not contain a colon
[228:255:0130/095624.877948:ERROR:bus.cc(392)] Failed to connect to the bus: Address does not contain a colon
[228:255:0130/095624.877964:ERROR:bus.cc(392)] Failed to connect to the bus: Address does not contain a colon
[228:255:0130/095624.877978:ERROR:bus.cc(392)] Failed to connect to the bus: Address does not contain a colon
[228:255:0130/095624.878034:ERROR:bus.cc(392)] Failed to connect to the bus: Address does not contain a colon
[228:255:0130/095624.878054:ERROR:bus.cc(392)] Failed to connect to the bus: Address does not contain a colon
[228:255:0130/095624.878071:ERROR:bus.cc(392)] Failed to connect to the bus: Address does not contain a colon
[228:228:0130/095624.880823:INFO:CONSOLE(128)] "currentLatencynow: 5.877", source: file:///home/seluser/ppt/player/dashjs/index.html (128)
[228:255:0130/095624.942157:ERROR:bus.cc(392)] Failed to connect to the bus: Address does not contain a colon
[228:255:0130/095624.942209:ERROR:bus.cc(392)] Failed to connect to the bus: Address does not contain a colon
[228:228:0130/095625.880909:INFO:CONSOLE(128)] "currentLatencynow: 5.854", source: file:///home/seluser/ppt/player/dashjs/index.html (128)
[228:228:0130/095626.880793:INFO:CONSOLE(128)] "currentLatencynow: 6.064", source: file:///home/seluser/ppt/player/dashjs/index.html (128)
[228:228:0130/095627.880994:INFO:CONSOLE(128)] "currentLatencynow: 6.156", source: file:///home/seluser/ppt/player/dashjs/index.html (128)
[228:228:0130/095628.880897:INFO:CONSOLE(128)] "currentLatencynow: 6.156", source: file:///home/seluser/ppt/player/dashjs/index.html (128)
[228:228:0130/095629.880972:INFO:CONSOLE(128)] "currentLatencynow: 7.054", source: file:///home/seluser/ppt/player/dashjs/index.html (128)
[228:228:0130/095630.880971:INFO:CONSOLE(128)] "currentLatencynow: 8.054", source: file:///home/seluser/ppt/player/dashjs/index.html (128)
[228:228:0130/095631.880793:INFO:CONSOLE(128)] "currentLatencynow: 9.054", source: file:///home/seluser/ppt/player/dashjs/index.html (128)
[228:228:0130/095632.880870:INFO:CONSOLE(128)] "currentLatencynow: 10.054", source: file:///home/seluser/ppt/player/dashjs/index.html (128)
[228:228:0130/095633.880887:INFO:CONSOLE(128)] "currentLatencynow: 11.054", source: file:///home/seluser/ppt/player/dashjs/index.html (128)
[228:228:0130/095634.880876:INFO:CONSOLE(128)] "currentLatencynow: 12.054", source: file:///home/seluser/ppt/player/dashjs/index.html (128)
[228:228:0130/095635.880934:INFO:CONSOLE(128)] "currentLatencynow: 13.054", source: file:///home/seluser/ppt/player/dashjs/index.html (128)
[228:228:0130/095636.881059:INFO:CONSOLE(128)] "currentLatencynow: 14.054", source: file:///home/seluser/ppt/player/dashjs/index.html (128)
[228:228:0130/095637.880955:INFO:CONSOLE(128)] "currentLatencynow: 15.054", source: file:///home/seluser/ppt/player/dashjs/index.html (128)
[228:228:0130/095638.880856:INFO:CONSOLE(128)] "currentLatencynow: 16.054", source: file:///home/seluser/ppt/player/dashjs/index.html (128)
[228:228:0130/095639.881044:INFO:CONSOLE(128)] "currentLatencynow: 17.054", source: file:///home/seluser/ppt/player/dashjs/index.html (128)
[228:228:0130/095640.880958:INFO:CONSOLE(128)] "currentLatencynow: 18.054", source: file:///home/seluser/ppt/player/dashjs/index.html (128)
[228:228:0130/095641.880972:INFO:CONSOLE(128)] "currentLatencynow: 19.054", source: file:///home/seluser/ppt/player/dashjs/index.html (128)
[228:255:0130/095642.313853:ERROR:bus.cc(392)] Failed to connect to the bus: Address does not contain a colon
[228:255:0130/095642.313931:ERROR:bus.cc(392)] Failed to connect to the bus: Address does not contain a colon
[228:228:0130/095642.880994:INFO:CONSOLE(128)] "currentLatencynow: 19.344", source: file:///home/seluser/ppt/player/dashjs/index.html (128)
[228:228:0130/095643.880962:INFO:CONSOLE(128)] "currentLatencynow: 19.244", source: file:///home/seluser/ppt/player/dashjs/index.html (128)
[228:228:0130/095644.880872:INFO:CONSOLE(128)] "currentLatencynow: 20.047", source: file:///home/seluser/ppt/player/dashjs/index.html (128)
[228:228:0130/095645.880940:INFO:CONSOLE(128)] "currentLatencynow: 21.047", source: file:///home/seluser/ppt/player/dashjs/index.html (128)
[228:255:0130/095646.320119:ERROR:bus.cc(392)] Failed to connect to the bus: Address does not contain a colon
[228:255:0130/095646.320188:ERROR:bus.cc(392)] Failed to connect to the bus: Address does not contain a colon
[228:228:0130/095646.880953:INFO:CONSOLE(128)] "currentLatencynow: 21.354", source: file:///home/seluser/ppt/player/dashjs/index.html (128)
[228:228:0130/095647.880822:INFO:CONSOLE(128)] "currentLatencynow: 21.254", source: file:///home/seluser/ppt/player/dashjs/index.html (128)
[228:228:0130/095648.880938:INFO:CONSOLE(128)] "currentLatencynow: 22.021", source: file:///home/seluser/ppt/player/dashjs/index.html (128)
[228:228:0130/095649.880836:INFO:CONSOLE(128)] "currentLatencynow: 23.021", source: file:///home/seluser/ppt/player/dashjs/index.html (128)
[228:228:0130/095650.880876:INFO:CONSOLE(128)] "currentLatencynow: 24.021", source: file:///home/seluser/ppt/player/dashjs/index.html (128)
[228:228:0130/095651.880838:INFO:CONSOLE(128)] "currentLatencynow: 25.021", source: file:///home/seluser/ppt/player/dashjs/index.html (128)
[228:255:0130/095651.927897:ERROR:bus.cc(392)] Failed to connect to the bus: Address does not contain a colon
[228:255:0130/095651.927951:ERROR:bus.cc(392)] Failed to connect to the bus: Address does not contain a colon
[228:228:0130/095652.880873:INFO:CONSOLE(128)] "currentLatencynow: 24.932", source: file:///home/seluser/ppt/player/dashjs/index.html (128)
[228:228:0130/095653.880918:INFO:CONSOLE(128)] "currentLatencynow: 24.832", source: file:///home/seluser/ppt/player/dashjs/index.html (128)
[228:228:0130/095654.880886:INFO:CONSOLE(128)] "currentLatencynow: 24.732", source: file:///home/seluser/ppt/player/dashjs/index.html (128)
[228:228:0130/095655.880894:INFO:CONSOLE(128)] "currentLatencynow: 24.999", source: file:///home/seluser/ppt/player/dashjs/index.html (128)
[228:228:0130/095656.880877:INFO:CONSOLE(128)] "currentLatencynow: 25.999", source: file:///home/seluser/ppt/player/dashjs/index.html (128)
[228:228:0130/095657.880862:INFO:CONSOLE(128)] "currentLatencynow: 26.999", source: file:///home/seluser/ppt/player/dashjs/index.html (128)
[228:255:0130/095658.404520:ERROR:bus.cc(392)] Failed to connect to the bus: Address does not contain a colon
[228:255:0130/095658.404589:ERROR:bus.cc(392)] Failed to connect to the bus: Address does not contain a colon
[228:228:0130/095658.880874:INFO:CONSOLE(128)] "currentLatencynow: 27.482", source: file:///home/seluser/ppt/player/dashjs/index.html (128)
[228:228:0130/095659.880777:INFO:CONSOLE(128)] "currentLatencynow: 27.482", source: file:///home/seluser/ppt/player/dashjs/index.html (128)
[228:228:0130/095700.880906:INFO:CONSOLE(128)] "currentLatencynow: 27.406", source: file:///home/seluser/ppt/player/dashjs/index.html (128)
[228:228:0130/095701.880894:INFO:CONSOLE(128)] "currentLatencynow: 27.306", source: file:///home/seluser/ppt/player/dashjs/index.html (128)
[228:228:0130/095702.880902:INFO:CONSOLE(128)] "currentLatencynow: 27.968", source: file:///home/seluser/ppt/player/dashjs/index.html (128)
[228:228:0130/095703.880948:INFO:CONSOLE(128)] "currentLatencynow: 28.968", source: file:///home/seluser/ppt/player/dashjs/index.html (128)
[228:228:0130/095704.880867:INFO:CONSOLE(128)] "currentLatencynow: 29.968", source: file:///home/seluser/ppt/player/dashjs/index.html (128)
[228:255:0130/095705.348182:ERROR:bus.cc(392)] Failed to connect to the bus: Address does not contain a colon
[228:255:0130/095705.348250:ERROR:bus.cc(392)] Failed to connect to the bus: Address does not contain a colon
[228:228:0130/095705.880945:INFO:CONSOLE(128)] "currentLatencynow: 30.084", source: file:///home/seluser/ppt/player/dashjs/index.html (128)
[228:228:0130/095706.880888:INFO:CONSOLE(128)] "currentLatencynow: 30.084", source: file:///home/seluser/ppt/player/dashjs/index.html (128)
[228:228:0130/095707.880939:INFO:CONSOLE(128)] "currentLatencynow: 30.735", source: file:///home/seluser/ppt/player/dashjs/index.html (128)
[228:228:0130/095708.880947:INFO:CONSOLE(128)] "currentLatencynow: 31.735", source: file:///home/seluser/ppt/player/dashjs/index.html (128)
[228:228:0130/095709.880924:INFO:CONSOLE(128)] "currentLatencynow: 32.735", source: file:///home/seluser/ppt/player/dashjs/index.html (128)
[228:228:0130/095710.880957:INFO:CONSOLE(128)] "currentLatencynow: 33.735", source: file:///home/seluser/ppt/player/dashjs/index.html (128)
[228:228:0130/095711.881019:INFO:CONSOLE(128)] "currentLatencynow: 34.735", source: file:///home/seluser/ppt/player/dashjs/index.html (128)
[228:228:0130/095712.880964:INFO:CONSOLE(128)] "currentLatencynow: 35.735", source: file:///home/seluser/ppt/player/dashjs/index.html (128)
[228:228:0130/095713.881011:INFO:CONSOLE(128)] "currentLatencynow: 36.735", source: file:///home/seluser/ppt/player/dashjs/index.html (128)
[228:228:0130/095714.881055:INFO:CONSOLE(128)] "currentLatencynow: 37.735", source: file:///home/seluser/ppt/player/dashjs/index.html (128)
[228:228:0130/095715.881024:INFO:CONSOLE(128)] "currentLatencynow: 38.735", source: file:///home/seluser/ppt/player/dashjs/index.html (128)
[228:228:0130/095716.881084:INFO:CONSOLE(128)] "currentLatencynow: 39.735", source: file:///home/seluser/ppt/player/dashjs/index.html (128)
[228:228:0130/095717.881005:INFO:CONSOLE(128)] "currentLatencynow: 40.735", source: file:///home/seluser/ppt/player/dashjs/index.html (128)
[228:228:0130/095718.881027:INFO:CONSOLE(128)] "currentLatencynow: 41.735", source: file:///home/seluser/ppt/player/dashjs/index.html (128)
[228:228:0130/095719.881048:INFO:CONSOLE(128)] "currentLatencynow: 42.735", source: file:///home/seluser/ppt/player/dashjs/index.html (128)
[228:228:0130/095720.881009:INFO:CONSOLE(128)] "currentLatencynow: 43.735", source: file:///home/seluser/ppt/player/dashjs/index.html (128)
[228:228:0130/095721.881107:INFO:CONSOLE(128)] "currentLatencynow: 44.735", source: file:///home/seluser/ppt/player/dashjs/index.html (128)
[228:228:0130/095722.880976:INFO:CONSOLE(128)] "currentLatencynow: 45.735", source: file:///home/seluser/ppt/player/dashjs/index.html (128)
[228:228:0130/095723.881027:INFO:CONSOLE(128)] "currentLatencynow: 46.735", source: file:///home/seluser/ppt/player/dashjs/index.html (128)
[228:228:0130/095724.880888:INFO:CONSOLE(128)] "currentLatencynow: 47.735", source: file:///home/seluser/ppt/player/dashjs/index.html (128)
[228:228:0130/095725.881162:INFO:CONSOLE(128)] "currentLatencynow: 48.735", source: file:///home/seluser/ppt/player/dashjs/index.html (128)
[228:228:0130/095726.881108:INFO:CONSOLE(128)] "currentLatencynow: 49.735", source: file:///home/seluser/ppt/player/dashjs/index.html (128)
[228:228:0130/095727.881308:INFO:CONSOLE(128)] "currentLatencynow: 50.735", source: file:///home/seluser/ppt/player/dashjs/index.html (128)
[228:228:0130/095728.881105:INFO:CONSOLE(128)] "currentLatencynow: 51.735", source: file:///home/seluser/ppt/player/dashjs/index.html (128)
[228:228:0130/095729.881130:INFO:CONSOLE(128)] "currentLatencynow: 52.735", source: file:///home/seluser/ppt/player/dashjs/index.html (128)
[228:228:0130/095730.881106:INFO:CONSOLE(128)] "currentLatencynow: 53.735", source: file:///home/seluser/ppt/player/dashjs/index.html (128)
[228:228:0130/095731.881125:INFO:CONSOLE(128)] "currentLatencynow: 54.735", source: file:///home/seluser/ppt/player/dashjs/index.html (128)
[228:228:0130/095732.881099:INFO:CONSOLE(128)] "currentLatencynow: 55.735", source: file:///home/seluser/ppt/player/dashjs/index.html (128)
[228:228:0130/095733.881075:INFO:CONSOLE(128)] "currentLatencynow: 56.735", source: file:///home/seluser/ppt/player/dashjs/index.html (128)
[228:228:0130/095734.881021:INFO:CONSOLE(128)] "currentLatencynow: 57.735", source: file:///home/seluser/ppt/player/dashjs/index.html (128)
[228:228:0130/095735.881031:INFO:CONSOLE(128)] "currentLatencynow: 58.735", source: file:///home/seluser/ppt/player/dashjs/index.html (128)
[228:228:0130/095736.881070:INFO:CONSOLE(128)] "currentLatencynow: 59.735", source: file:///home/seluser/ppt/player/dashjs/index.html (128)
[228:228:0130/095737.881027:INFO:CONSOLE(128)] "currentLatencynow: 60.735", source: file:///home/seluser/ppt/player/dashjs/index.html (128)
[228:228:0130/095738.881548:INFO:CONSOLE(128)] "currentLatencynow: 61.736", source: file:///home/seluser/ppt/player/dashjs/index.html (128)
[228:228:0130/095739.881051:INFO:CONSOLE(128)] "currentLatencynow: 62.735", source: file:///home/seluser/ppt/player/dashjs/index.html (128)
[228:228:0130/095740.881066:INFO:CONSOLE(128)] "currentLatencynow: 63.735", source: file:///home/seluser/ppt/player/dashjs/index.html (128)
[228:228:0130/095741.881081:INFO:CONSOLE(128)] "currentLatencynow: 64.735", source: file:///home/seluser/ppt/player/dashjs/index.html (128)
[228:228:0130/095742.881022:INFO:CONSOLE(128)] "currentLatencynow: 65.735", source: file:///home/seluser/ppt/player/dashjs/index.html (128)
[228:228:0130/095743.881040:INFO:CONSOLE(128)] "currentLatencynow: 66.735", source: file:///home/seluser/ppt/player/dashjs/index.html (128)
[228:228:0130/095744.880992:INFO:CONSOLE(128)] "currentLatencynow: 67.735", source: file:///home/seluser/ppt/player/dashjs/index.html (128)
[228:228:0130/095745.881080:INFO:CONSOLE(128)] "currentLatencynow: 68.735", source: file:///home/seluser/ppt/player/dashjs/index.html (128)
[228:228:0130/095746.881023:INFO:CONSOLE(128)] "currentLatencynow: 69.735", source: file:///home/seluser/ppt/player/dashjs/index.html (128)
[228:228:0130/095747.881071:INFO:CONSOLE(128)] "currentLatencynow: 70.735", source: file:///home/seluser/ppt/player/dashjs/index.html (128)
[228:228:0130/095748.881040:INFO:CONSOLE(128)] "currentLatencynow: 71.735", source: file:///home/seluser/ppt/player/dashjs/index.html (128)
[228:228:0130/095749.881027:INFO:CONSOLE(128)] "currentLatencynow: 72.735", source: file:///home/seluser/ppt/player/dashjs/index.html (128)
[228:228:0130/095750.881025:INFO:CONSOLE(128)] "currentLatencynow: 73.735", source: file:///home/seluser/ppt/player/dashjs/index.html (128)
[228:228:0130/095751.881088:INFO:CONSOLE(128)] "currentLatencynow: 74.735", source: file:///home/seluser/ppt/player/dashjs/index.html (128)
[228:228:0130/095752.880977:INFO:CONSOLE(128)] "currentLatencynow: 75.735", source: file:///home/seluser/ppt/player/dashjs/index.html (128)
[228:228:0130/095753.881032:INFO:CONSOLE(128)] "currentLatencynow: 76.735", source: file:///home/seluser/ppt/player/dashjs/index.html (128)
[228:228:0130/095754.880991:INFO:CONSOLE(128)] "currentLatencynow: 77.735", source: file:///home/seluser/ppt/player/dashjs/index.html (128)
[228:228:0130/095755.881022:INFO:CONSOLE(128)] "currentLatencynow: 78.735", source: file:///home/seluser/ppt/player/dashjs/index.html (128)
[228:228:0130/095756.881034:INFO:CONSOLE(128)] "currentLatencynow: 79.735", source: file:///home/seluser/ppt/player/dashjs/index.html (128)
[228:228:0130/095757.881045:INFO:CONSOLE(128)] "currentLatencynow: 80.735", source: file:///home/seluser/ppt/player/dashjs/index.html (128)
[228:228:0130/095758.881105:INFO:CONSOLE(128)] "currentLatencynow: 81.735", source: file:///home/seluser/ppt/player/dashjs/index.html (128)
[228:228:0130/095759.881049:INFO:CONSOLE(128)] "currentLatencynow: 82.735", source: file:///home/seluser/ppt/player/dashjs/index.html (128)
[228:228:0130/095800.881017:INFO:CONSOLE(128)] "currentLatencynow: 83.735", source: file:///home/seluser/ppt/player/dashjs/index.html (128)
[228:228:0130/095801.881033:INFO:CONSOLE(128)] "currentLatencynow: 84.735", source: file:///home/seluser/ppt/player/dashjs/index.html (128)
[228:228:0130/095802.881045:INFO:CONSOLE(128)] "currentLatencynow: 85.735", source: file:///home/seluser/ppt/player/dashjs/index.html (128)
[228:228:0130/095803.881057:INFO:CONSOLE(128)] "currentLatencynow: 86.735", source: file:///home/seluser/ppt/player/dashjs/index.html (128)
[228:228:0130/095804.881022:INFO:CONSOLE(128)] "currentLatencynow: 87.735", source: file:///home/seluser/ppt/player/dashjs/index.html (128)
[228:228:0130/095805.881040:INFO:CONSOLE(128)] "currentLatencynow: 88.735", source: file:///home/seluser/ppt/player/dashjs/index.html (128)
[228:228:0130/095806.881023:INFO:CONSOLE(128)] "currentLatencynow: 89.735", source: file:///home/seluser/ppt/player/dashjs/index.html (128)
[228:228:0130/095807.880965:INFO:CONSOLE(128)] "currentLatencynow: 90.735", source: file:///home/seluser/ppt/player/dashjs/index.html (128)
[228:228:0130/095808.881035:INFO:CONSOLE(128)] "currentLatencynow: 91.735", source: file:///home/seluser/ppt/player/dashjs/index.html (128)
[228:228:0130/095809.881035:INFO:CONSOLE(128)] "currentLatencynow: 92.735", source: file:///home/seluser/ppt/player/dashjs/index.html (128)
[228:228:0130/095810.881016:INFO:CONSOLE(128)] "currentLatencynow: 93.735", source: file:///home/seluser/ppt/player/dashjs/index.html (128)
[228:228:0130/095811.881050:INFO:CONSOLE(128)] "currentLatencynow: 94.735", source: file:///home/seluser/ppt/player/dashjs/index.html (128)
[228:228:0130/095812.881041:INFO:CONSOLE(128)] "currentLatencynow: 95.735", source: file:///home/seluser/ppt/player/dashjs/index.html (128)
[228:228:0130/095813.880970:INFO:CONSOLE(128)] "currentLatencynow: 96.735", source: file:///home/seluser/ppt/player/dashjs/index.html (128)
[228:228:0130/095814.880982:INFO:CONSOLE(128)] "currentLatencynow: 97.735", source: file:///home/seluser/ppt/player/dashjs/index.html (128)
[228:228:0130/095815.881988:INFO:CONSOLE(128)] "currentLatencynow: 98.736", source: file:///home/seluser/ppt/player/dashjs/index.html (128)
[228:228:0130/095816.880959:INFO:CONSOLE(128)] "currentLatencynow: 99.735", source: file:///home/seluser/ppt/player/dashjs/index.html (128)
[228:228:0130/095817.881047:INFO:CONSOLE(128)] "currentLatencynow: 100.735", source: file:///home/seluser/ppt/player/dashjs/index.html (128)
[228:228:0130/095818.880958:INFO:CONSOLE(128)] "currentLatencynow: 101.735", source: file:///home/seluser/ppt/player/dashjs/index.html (128)
[228:228:0130/095819.880966:INFO:CONSOLE(128)] "currentLatencynow: 102.735", source: file:///home/seluser/ppt/player/dashjs/index.html (128)
[228:228:0130/095820.880938:INFO:CONSOLE(128)] "currentLatencynow: 103.735", source: file:///home/seluser/ppt/player/dashjs/index.html (128)
[228:228:0130/095821.881766:INFO:CONSOLE(128)] "currentLatencynow: 104.735", source: file:///home/seluser/ppt/player/dashjs/index.html (128)
[228:228:0130/095822.881063:INFO:CONSOLE(114)] "Begin Player stistics 
", source: file:///home/seluser/ppt/player/dashjs/index.html (114)
[228:228:0130/095822.881384:INFO:CONSOLE(115)] "["stall",[["0.84","2.16",1.3200000000000003]],[["3.90","4.15",0.25000000000000044]],[["6.27","6.52",0.25]],[["21.35","21.60",0.25]],[["25.38","25.63",0.25]],[["32.85","33.10",0.25]],[["39.48","39.73",0.25]],[["42.54","42.54",0]],[["availibleBW",[null],[3741],[3741],[3741],[3741],[3741],[3741],[3741],[3755],[3755],[3755],[3755],[3755],[3755],[3755],[3755],[3758],[3758],[3758],[3759],[3759],[3759],[3766],[3766],[3766],[3766],[3766],[3766],[3760],[3760],[3760],[3760],[3760],[3760],[3760],[3760],[3761],[3761],[3761],[3761],[3763],[3763],[3763],[3763],[3763],[3763],[3763],[3763],[3763],[3763],[3763],[3763],[3763],[3763],[3763],[3763],[3763],[3763],[3763],[3763],[3763],[3763],[3763],[3763],[3763],[3763],[3763],[3763],[3763],[3763],[3763],[3763],[3763],[3763],[3763],[3763],[3763],[3763],[3763],[3763],[3763],[3763],[3763],[3763],[3763],[3763],[3763],[3763],[3763],[3763],[3763],[3763],[3763],[3763],[3763],[3763],[3763],[3763],[3763],[3763],[3763],[3763],[3763],[3763],[3763],[3763],[3763],[3763],[3763],[3763],[3763],[3763],[3763],[3763],[3763],[3763],[3763],[3763],[3763]]],[["currentBuffer",[0],[1.855],[0.839],[0.042],[0],[0],[0],[0],[0],[0],[0],[0],[0],[0],[0],[0],[0.034],[0.034],[0.034],[1.489],[0.389],[0.029],[2.031],[1.415],[0.315],[2.007],[2.007],[2.007],[4.009],[2.962],[1.862],[0.762],[1.989],[1.989],[1.989],[1.543],[2.517],[1.477],[0.376],[0],[1.962],[1.962],[1.202],[0.202],[0.05],[0.05],[0.05],[0.05],[0.05],[0.05],[0.05],[0.05],[0.05],[0.05],[0.05],[0.05],[0.05],[0.05],[0.05],[0.05],[0.05],[0.05],[0.05],[0.05],[0.05],[0.05],[0.05],[0.05],[0.05],[0.05],[0.05],[0.05],[0.05],[0.05],[0.05],[0.05],[0.05],[0.05],[0.05],[0.05],[0.05],[0.05],[0.05],[0.05],[0.05],[0.05],[0.05],[0.05],[0.05],[0.05],[0.05],[0.05],[0.05],[0.05],[0.05],[0.05],[0.05],[0.05],[0.05],[0.05],[0.05],[0.05],[0.05],[0.05],[0.05],[0.05],[0.05],[0.05],[0.05],[0.05],[0.05],[0.05],[0.05],[0.05],[0.05],[0.05],[0.05],[0.05],[0.05]]],[["currentLatency",[4.877],[5.877],[5.854],[6.064],[6.156],[6.156],[7.054],[8.054],[9.054],[10.054],[11.054],[12.054],[13.054],[14.054],[15.054],[16.054],[17.054],[18.054],[19.054],[19.344],[19.244],[20.047],[21.047],[21.354],[21.254],[22.021],[23.021],[24.021],[25.021],[24.932],[24.832],[24.732],[24.999],[25.999],[26.999],[27.482],[27.482],[27.406],[27.306],[27.968],[28.968],[29.968],[30.084],[30.084],[30.735],[31.735],[32.735],[33.735],[34.735],[35.735],[36.735],[37.735],[38.735],[39.735],[40.735],[41.735],[42.735],[43.735],[44.735],[45.735],[46.735],[47.735],[48.735],[49.735],[50.735],[51.735],[52.735],[53.735],[54.735],[55.735],[56.735],[57.735],[58.735],[59.735],[60.735],[61.736],[62.735],[63.735],[64.735],[65.735],[66.735],[67.735],[68.735],[69.735],[70.735],[71.735],[72.735],[73.735],[74.735],[75.735],[76.735],[77.735],[78.735],[79.735],[80.735],[81.735],[82.735],[83.735],[84.735],[85.735],[86.735],[87.735],[88.735],[89.735],[90.735],[91.735],[92.735],[93.735],[94.735],[95.735],[96.735],[97.735],[98.736],[99.735],[100.735],[101.735],[102.735],[103.735],[104.735]]]]", source: file:///home/seluser/ppt/player/dashjs/index.html (115)
[228:228:0130/095822.881572:INFO:CONSOLE(116)] "
", source: file:///home/seluser/ppt/player/dashjs/index.html (116)
[228:228:0130/095822.881603:INFO:CONSOLE(117)] "Finish Player stistics 
", source: file:///home/seluser/ppt/player/dashjs/index.html (117)
[228:228:0130/095822.881634:INFO:CONSOLE(128)] "currentLatencynow: 105.736", source: file:///home/seluser/ppt/player/dashjs/index.html (128)
[228:228:0130/095823.880986:INFO:CONSOLE(128)] "currentLatencynow: 106.735", source: file:///home/seluser/ppt/player/dashjs/index.html (128)
[228:228:0130/095824.881211:INFO:CONSOLE(128)] "currentLatencynow: 107.735", source: file:///home/seluser/ppt/player/dashjs/index.html (128)
[228:228:0130/095825.881015:INFO:CONSOLE(128)] "currentLatencynow: 108.735", source: file:///home/seluser/ppt/player/dashjs/index.html (128)
[228:228:0130/095826.881064:INFO:CONSOLE(128)] "currentLatencynow: 109.735", source: file:///home/seluser/ppt/player/dashjs/index.html (128)
[228:228:0130/095827.881025:INFO:CONSOLE(128)] "currentLatencynow: 110.735", source: file:///home/seluser/ppt/player/dashjs/index.html (128)
[228:228:0130/095828.880938:INFO:CONSOLE(128)] "currentLatencynow: 111.735", source: file:///home/seluser/ppt/player/dashjs/index.html (128)
[228:228:0130/095829.881064:INFO:CONSOLE(128)] "currentLatencynow: 112.735", source: file:///home/seluser/ppt/player/dashjs/index.html (128)
[228:228:0130/095830.880941:INFO:CONSOLE(128)] "currentLatencynow: 113.735", source: file:///home/seluser/ppt/player/dashjs/index.html (128)
[228:228:0130/095831.880923:INFO:CONSOLE(128)] "currentLatencynow: 114.735", source: file:///home/seluser/ppt/player/dashjs/index.html (128)
[228:228:0130/095832.881126:INFO:CONSOLE(128)] "currentLatencynow: 115.735", source: file:///home/seluser/ppt/player/dashjs/index.html (128)
[228:228:0130/095833.881017:INFO:CONSOLE(128)] "currentLatencynow: 116.735", source: file:///home/seluser/ppt/player/dashjs/index.html (128)
[228:228:0130/095834.880994:INFO:CONSOLE(128)] "currentLatencynow: 117.735", source: file:///home/seluser/ppt/player/dashjs/index.html (128)
[228:228:0130/095835.881039:INFO:CONSOLE(128)] "currentLatencynow: 118.735", source: file:///home/seluser/ppt/player/dashjs/index.html (128)
[228:228:0130/095836.881029:INFO:CONSOLE(128)] "currentLatencynow: 119.735", source: file:///home/seluser/ppt/player/dashjs/index.html (128)
[228:228:0130/095837.880972:INFO:CONSOLE(128)] "currentLatencynow: 120.735", source: file:///home/seluser/ppt/player/dashjs/index.html (128)
[228:228:0130/095838.880997:INFO:CONSOLE(128)] "currentLatencynow: 121.735", source: file:///home/seluser/ppt/player/dashjs/index.html (128)
[228:228:0130/095839.880987:INFO:CONSOLE(128)] "currentLatencynow: 122.735", source: file:///home/seluser/ppt/player/dashjs/index.html (128)
[228:228:0130/095840.880926:INFO:CONSOLE(128)] "currentLatencynow: 123.735", source: file:///home/seluser/ppt/player/dashjs/index.html (128)
[228:228:0130/095841.880984:INFO:CONSOLE(128)] "currentLatencynow: 124.735", source: file:///home/seluser/ppt/player/dashjs/index.html (128)
[228:228:0130/095842.881037:INFO:CONSOLE(128)] "currentLatencynow: 125.735", source: file:///home/seluser/ppt/player/dashjs/index.html (128)
[228:228:0130/095843.880987:INFO:CONSOLE(128)] "currentLatencynow: 126.735", source: file:///home/seluser/ppt/player/dashjs/index.html (128)
[228:228:0130/095844.881038:INFO:CONSOLE(128)] "currentLatencynow: 127.735", source: file:///home/seluser/ppt/player/dashjs/index.html (128)
[228:228:0130/095845.881016:INFO:CONSOLE(128)] "currentLatencynow: 128.735", source: file:///home/seluser/ppt/player/dashjs/index.html (128)
[228:228:0130/095846.881023:INFO:CONSOLE(128)] "currentLatencynow: 129.735", source: file:///home/seluser/ppt/player/dashjs/index.html (128)
[228:228:0130/095847.880949:INFO:CONSOLE(128)] "currentLatencynow: 130.735", source: file:///home/seluser/ppt/player/dashjs/index.html (128)
[228:228:0130/095848.881022:INFO:CONSOLE(128)] "currentLatencynow: 131.735", source: file:///home/seluser/ppt/player/dashjs/index.html (128)
[228:228:0130/095849.880983:INFO:CONSOLE(128)] "currentLatencynow: 132.735", source: file:///home/seluser/ppt/player/dashjs/index.html (128)
[228:228:0130/095850.880999:INFO:CONSOLE(128)] "currentLatencynow: 133.735", source: file:///home/seluser/ppt/player/dashjs/index.html (128)
[228:228:0130/095851.881002:INFO:CONSOLE(128)] "currentLatencynow: 134.735", source: file:///home/seluser/ppt/player/dashjs/index.html (128)
[228:228:0130/095852.880975:INFO:CONSOLE(128)] "currentLatencynow: 135.735", source: file:///home/seluser/ppt/player/dashjs/index.html (128)
[228:228:0130/095853.880997:INFO:CONSOLE(128)] "currentLatencynow: 136.735", source: file:///home/seluser/ppt/player/dashjs/index.html (128)
[228:228:0130/095854.881004:INFO:CONSOLE(128)] "currentLatencynow: 137.735", source: file:///home/seluser/ppt/player/dashjs/index.html (128)
[228:228:0130/095855.880997:INFO:CONSOLE(128)] "currentLatencynow: 138.735", source: file:///home/seluser/ppt/player/dashjs/index.html (128)
[228:228:0130/095856.881003:INFO:CONSOLE(128)] "currentLatencynow: 139.735", source: file:///home/seluser/ppt/player/dashjs/index.html (128)
[228:228:0130/095857.881003:INFO:CONSOLE(128)] "currentLatencynow: 140.735", source: file:///home/seluser/ppt/player/dashjs/index.html (128)
[228:228:0130/095858.880995:INFO:CONSOLE(128)] "currentLatencynow: 141.735", source: file:///home/seluser/ppt/player/dashjs/index.html (128)
[228:228:0130/095859.881004:INFO:CONSOLE(128)] "currentLatencynow: 142.735", source: file:///home/seluser/ppt/player/dashjs/index.html (128)
[228:228:0130/095900.880984:INFO:CONSOLE(128)] "currentLatencynow: 143.735", source: file:///home/seluser/ppt/player/dashjs/index.html (128)
[228:228:0130/095901.880970:INFO:CONSOLE(128)] "currentLatencynow: 144.735", source: file:///home/seluser/ppt/player/dashjs/index.html (128)
[228:228:0130/095902.880960:INFO:CONSOLE(128)] "currentLatencynow: 145.735", source: file:///home/seluser/ppt/player/dashjs/index.html (128)
[228:228:0130/095903.880996:INFO:CONSOLE(128)] "currentLatencynow: 146.735", source: file:///home/seluser/ppt/player/dashjs/index.html (128)
[228:228:0130/095904.880964:INFO:CONSOLE(128)] "currentLatencynow: 147.735", source: file:///home/seluser/ppt/player/dashjs/index.html (128)
[228:228:0130/095905.881063:INFO:CONSOLE(128)] "currentLatencynow: 148.735", source: file:///home/seluser/ppt/player/dashjs/index.html (128)
[228:228:0130/095906.881067:INFO:CONSOLE(128)] "currentLatencynow: 149.735", source: file:///home/seluser/ppt/player/dashjs/index.html (128)
[228:228:0130/095907.880984:INFO:CONSOLE(128)] "currentLatencynow: 150.735", source: file:///home/seluser/ppt/player/dashjs/index.html (128)
[228:228:0130/095908.881053:INFO:CONSOLE(128)] "currentLatencynow: 151.735", source: file:///home/seluser/ppt/player/dashjs/index.html (128)
[228:228:0130/095909.881037:INFO:CONSOLE(128)] "currentLatencynow: 152.735", source: file:///home/seluser/ppt/player/dashjs/index.html (128)
[228:228:0130/095910.881002:INFO:CONSOLE(128)] "currentLatencynow: 153.735", source: file:///home/seluser/ppt/player/dashjs/index.html (128)
[228:228:0130/095911.881016:INFO:CONSOLE(128)] "currentLatencynow: 154.735", source: file:///home/seluser/ppt/player/dashjs/index.html (128)
[228:228:0130/095912.881013:INFO:CONSOLE(128)] "currentLatencynow: 155.735", source: file:///home/seluser/ppt/player/dashjs/index.html (128)
[228:228:0130/095913.880945:INFO:CONSOLE(128)] "currentLatencynow: 156.735", source: file:///home/seluser/ppt/player/dashjs/index.html (128)
[228:228:0130/095914.881032:INFO:CONSOLE(128)] "currentLatencynow: 157.735", source: file:///home/seluser/ppt/player/dashjs/index.html (128)
[228:228:0130/095915.881021:INFO:CONSOLE(128)] "currentLatencynow: 158.735", source: file:///home/seluser/ppt/player/dashjs/index.html (128)
[228:228:0130/095916.880990:INFO:CONSOLE(128)] "currentLatencynow: 159.735", source: file:///home/seluser/ppt/player/dashjs/index.html (128)
[228:228:0130/095917.881031:INFO:CONSOLE(128)] "currentLatencynow: 160.735", source: file:///home/seluser/ppt/player/dashjs/index.html (128)
[228:228:0130/095918.881031:INFO:CONSOLE(128)] "currentLatencynow: 161.735", source: file:///home/seluser/ppt/player/dashjs/index.html (128)
[228:228:0130/095919.880945:INFO:CONSOLE(128)] "currentLatencynow: 162.735", source: file:///home/seluser/ppt/player/dashjs/index.html (128)
[228:228:0130/095920.881032:INFO:CONSOLE(128)] "currentLatencynow: 163.735", source: file:///home/seluser/ppt/player/dashjs/index.html (128)
[228:228:0130/095921.881019:INFO:CONSOLE(128)] "currentLatencynow: 164.735", source: file:///home/seluser/ppt/player/dashjs/index.html (128)
[228:228:0130/095922.880961:INFO:CONSOLE(128)] "currentLatencynow: 165.735", source: file:///home/seluser/ppt/player/dashjs/index.html (128)
[228:228:0130/095922.998162:WARNING:pref_notifier_impl.cc(40)] Pref observer for media_router.cast_allow_all_ips found at shutdown.
