[230:294:0130/095625.408006:ERROR:bus.cc(392)] Failed to connect to the bus: Failed to connect to socket /var/run/dbus/system_bus_socket: No such file or directory
[230:257:0130/095625.410064:ERROR:bus.cc(392)] Failed to connect to the bus: Address does not contain a colon
[230:257:0130/095625.411971:ERROR:bus.cc(392)] Failed to connect to the bus: Address does not contain a colon
[230:257:0130/095625.421552:ERROR:bus.cc(392)] Failed to connect to the bus: Address does not contain a colon
[230:257:0130/095625.421606:ERROR:bus.cc(392)] Failed to connect to the bus: Address does not contain a colon
[300:300:0130/095625.424952:ERROR:gpu_init.cc(453)] Passthrough is not supported, GL is swiftshader, ANGLE is 
[230:257:0130/095625.451907:ERROR:bus.cc(392)] Failed to connect to the bus: Address does not contain a colon
[230:257:0130/095625.451955:ERROR:bus.cc(392)] Failed to connect to the bus: Address does not contain a colon
[230:393:0130/095625.502704:ERROR:bus.cc(392)] Failed to connect to the bus: Failed to connect to socket /var/run/dbus/system_bus_socket: No such file or directory
[230:393:0130/095625.502777:ERROR:bus.cc(392)] Failed to connect to the bus: Failed to connect to socket /var/run/dbus/system_bus_socket: No such file or directory
[230:393:0130/095625.502837:ERROR:bus.cc(392)] Failed to connect to the bus: Failed to connect to socket /var/run/dbus/system_bus_socket: No such file or directory
[230:393:0130/095625.502852:WARNING:property.cc(144)] DaemonVersion: GetAndBlock: failed.
[230:393:0130/095625.502882:ERROR:bus.cc(392)] Failed to connect to the bus: Failed to connect to socket /var/run/dbus/system_bus_socket: No such file or directory
[230:393:0130/095625.502917:ERROR:bus.cc(392)] Failed to connect to the bus: Failed to connect to socket /var/run/dbus/system_bus_socket: No such file or directory
[230:230:0130/095626.800801:INFO:CONSOLE(128)] "currentLatencynow: NaN", source: file:///home/seluser/ppt/player/dashjs/index.html (128)
[230:328:0130/095627.609317:ERROR:chrome_browser_main_extra_parts_metrics.cc(228)] crbug.com/1216328: Checking Bluetooth availability started. Please report if there is no report that this ends.
[230:328:0130/095627.609384:ERROR:chrome_browser_main_extra_parts_metrics.cc(231)] crbug.com/1216328: Checking Bluetooth availability ended.
[230:328:0130/095627.609403:ERROR:chrome_browser_main_extra_parts_metrics.cc(234)] crbug.com/1216328: Checking default browser status started. Please report if there is no report that this ends.
[230:328:0130/095627.774786:ERROR:chrome_browser_main_extra_parts_metrics.cc(238)] crbug.com/1216328: Checking default browser status ended.
[230:230:0130/095627.800390:INFO:CONSOLE(128)] "currentLatencynow: NaN", source: file:///home/seluser/ppt/player/dashjs/index.html (128)
[230:230:0130/095628.800616:INFO:CONSOLE(128)] "currentLatencynow: 0", source: file:///home/seluser/ppt/player/dashjs/index.html (128)
[230:230:0130/095629.800581:INFO:CONSOLE(128)] "currentLatencynow: 0", source: file:///home/seluser/ppt/player/dashjs/index.html (128)
[230:230:0130/095630.800479:INFO:CONSOLE(128)] "currentLatencynow: 0", source: file:///home/seluser/ppt/player/dashjs/index.html (128)
[230:230:0130/095631.800467:INFO:CONSOLE(128)] "currentLatencynow: 0", source: file:///home/seluser/ppt/player/dashjs/index.html (128)
[230:230:0130/095632.800779:INFO:CONSOLE(128)] "currentLatencynow: 0", source: file:///home/seluser/ppt/player/dashjs/index.html (128)
[627:627:0130/095633.180268:WARNING:audio_manager_linux.cc(69)] Falling back to ALSA for audio output. PulseAudio is not available or could not be initialized.
[627:627:0130/095633.184937:ERROR:alsa_util.cc(204)] PcmOpen: default,No such file or directory
[627:627:0130/095633.185036:ERROR:alsa_util.cc(204)] PcmOpen: plug:default,No such file or directory
[230:230:0130/095633.800445:INFO:CONSOLE(128)] "currentLatencynow: 9.594", source: file:///home/seluser/ppt/player/dashjs/index.html (128)
[230:230:0130/095634.800438:INFO:CONSOLE(128)] "currentLatencynow: 10.594", source: file:///home/seluser/ppt/player/dashjs/index.html (128)
[230:230:0130/095635.800443:INFO:CONSOLE(128)] "currentLatencynow: 11.594", source: file:///home/seluser/ppt/player/dashjs/index.html (128)
[230:230:0130/095636.800364:INFO:CONSOLE(128)] "currentLatencynow: 12.594", source: file:///home/seluser/ppt/player/dashjs/index.html (128)
[230:230:0130/095637.800404:INFO:CONSOLE(128)] "currentLatencynow: 13.594", source: file:///home/seluser/ppt/player/dashjs/index.html (128)
[230:257:0130/095637.845459:ERROR:bus.cc(392)] Failed to connect to the bus: Address does not contain a colon
[230:257:0130/095637.845534:ERROR:bus.cc(392)] Failed to connect to the bus: Address does not contain a colon
[230:257:0130/095637.845546:ERROR:bus.cc(392)] Failed to connect to the bus: Address does not contain a colon
[230:257:0130/095637.845562:ERROR:bus.cc(392)] Failed to connect to the bus: Address does not contain a colon
[230:257:0130/095637.845575:ERROR:bus.cc(392)] Failed to connect to the bus: Address does not contain a colon
[230:257:0130/095637.845589:ERROR:bus.cc(392)] Failed to connect to the bus: Address does not contain a colon
[230:257:0130/095637.845600:ERROR:bus.cc(392)] Failed to connect to the bus: Address does not contain a colon
[230:257:0130/095637.845613:ERROR:bus.cc(392)] Failed to connect to the bus: Address does not contain a colon
[230:257:0130/095637.845624:ERROR:bus.cc(392)] Failed to connect to the bus: Address does not contain a colon
[230:257:0130/095637.845637:ERROR:bus.cc(392)] Failed to connect to the bus: Address does not contain a colon
[230:257:0130/095637.845647:ERROR:bus.cc(392)] Failed to connect to the bus: Address does not contain a colon
[230:257:0130/095637.845659:ERROR:bus.cc(392)] Failed to connect to the bus: Address does not contain a colon
[230:257:0130/095637.845669:ERROR:bus.cc(392)] Failed to connect to the bus: Address does not contain a colon
[230:257:0130/095637.845681:ERROR:bus.cc(392)] Failed to connect to the bus: Address does not contain a colon
[230:257:0130/095637.849343:ERROR:bus.cc(392)] Failed to connect to the bus: Address does not contain a colon
[230:257:0130/095637.849375:ERROR:bus.cc(392)] Failed to connect to the bus: Address does not contain a colon
[230:257:0130/095637.849388:ERROR:bus.cc(392)] Failed to connect to the bus: Address does not contain a colon
[230:257:0130/095637.925704:ERROR:bus.cc(392)] Failed to connect to the bus: Address does not contain a colon
[230:257:0130/095637.925742:ERROR:bus.cc(392)] Failed to connect to the bus: Address does not contain a colon
[230:230:0130/095638.800435:INFO:CONSOLE(128)] "currentLatencynow: 13.965", source: file:///home/seluser/ppt/player/dashjs/index.html (128)
[230:230:0130/095639.800762:INFO:CONSOLE(128)] "currentLatencynow: 14.965", source: file:///home/seluser/ppt/player/dashjs/index.html (128)
[230:230:0130/095640.800987:INFO:CONSOLE(128)] "currentLatencynow: 15.366", source: file:///home/seluser/ppt/player/dashjs/index.html (128)
[230:230:0130/095641.800310:INFO:CONSOLE(128)] "currentLatencynow: 15.366", source: file:///home/seluser/ppt/player/dashjs/index.html (128)
[230:230:0130/095642.800649:INFO:CONSOLE(128)] "currentLatencynow: 15.956", source: file:///home/seluser/ppt/player/dashjs/index.html (128)
[230:230:0130/095643.800442:INFO:CONSOLE(128)] "currentLatencynow: 16.956", source: file:///home/seluser/ppt/player/dashjs/index.html (128)
[230:230:0130/095644.800378:INFO:CONSOLE(128)] "currentLatencynow: 17.956", source: file:///home/seluser/ppt/player/dashjs/index.html (128)
[230:230:0130/095645.800442:INFO:CONSOLE(128)] "currentLatencynow: 18.956", source: file:///home/seluser/ppt/player/dashjs/index.html (128)
[230:230:0130/095646.800368:INFO:CONSOLE(128)] "currentLatencynow: 19.956", source: file:///home/seluser/ppt/player/dashjs/index.html (128)
[230:257:0130/095647.472448:ERROR:bus.cc(392)] Failed to connect to the bus: Address does not contain a colon
[230:257:0130/095647.472532:ERROR:bus.cc(392)] Failed to connect to the bus: Address does not contain a colon
[230:230:0130/095647.800352:INFO:CONSOLE(128)] "currentLatencynow: 20.524", source: file:///home/seluser/ppt/player/dashjs/index.html (128)
[230:230:0130/095648.800435:INFO:CONSOLE(128)] "currentLatencynow: 20.424", source: file:///home/seluser/ppt/player/dashjs/index.html (128)
[230:230:0130/095649.800320:INFO:CONSOLE(128)] "currentLatencynow: 21", source: file:///home/seluser/ppt/player/dashjs/index.html (128)
[230:230:0130/095650.800707:INFO:CONSOLE(128)] "currentLatencynow: 22", source: file:///home/seluser/ppt/player/dashjs/index.html (128)
[230:230:0130/095651.800363:INFO:CONSOLE(128)] "currentLatencynow: 23", source: file:///home/seluser/ppt/player/dashjs/index.html (128)
[230:230:0130/095652.800366:INFO:CONSOLE(128)] "currentLatencynow: 24", source: file:///home/seluser/ppt/player/dashjs/index.html (128)
[230:257:0130/095653.080217:ERROR:bus.cc(392)] Failed to connect to the bus: Address does not contain a colon
[230:257:0130/095653.080285:ERROR:bus.cc(392)] Failed to connect to the bus: Address does not contain a colon
[230:230:0130/095653.800393:INFO:CONSOLE(128)] "currentLatencynow: 24.17", source: file:///home/seluser/ppt/player/dashjs/index.html (128)
[230:230:0130/095654.800347:INFO:CONSOLE(128)] "currentLatencynow: 24.075", source: file:///home/seluser/ppt/player/dashjs/index.html (128)
[230:230:0130/095655.800363:INFO:CONSOLE(128)] "currentLatencynow: 24.929", source: file:///home/seluser/ppt/player/dashjs/index.html (128)
[230:230:0130/095656.800333:INFO:CONSOLE(128)] "currentLatencynow: 25.929", source: file:///home/seluser/ppt/player/dashjs/index.html (128)
[230:230:0130/095657.800355:INFO:CONSOLE(128)] "currentLatencynow: 26.929", source: file:///home/seluser/ppt/player/dashjs/index.html (128)
[230:230:0130/095658.800344:INFO:CONSOLE(128)] "currentLatencynow: 27.929", source: file:///home/seluser/ppt/player/dashjs/index.html (128)
[230:230:0130/095659.800309:INFO:CONSOLE(128)] "currentLatencynow: 28.929", source: file:///home/seluser/ppt/player/dashjs/index.html (128)
[230:230:0130/095700.800432:INFO:CONSOLE(128)] "currentLatencynow: 29.929", source: file:///home/seluser/ppt/player/dashjs/index.html (128)
[230:230:0130/095701.800341:INFO:CONSOLE(128)] "currentLatencynow: 30.929", source: file:///home/seluser/ppt/player/dashjs/index.html (128)
[230:230:0130/095702.800382:INFO:CONSOLE(128)] "currentLatencynow: 31.929", source: file:///home/seluser/ppt/player/dashjs/index.html (128)
[230:257:0130/095703.028835:ERROR:bus.cc(392)] Failed to connect to the bus: Address does not contain a colon
[230:257:0130/095703.028900:ERROR:bus.cc(392)] Failed to connect to the bus: Address does not contain a colon
[230:230:0130/095703.800370:INFO:CONSOLE(128)] "currentLatencynow: 32.062", source: file:///home/seluser/ppt/player/dashjs/index.html (128)
[230:230:0130/095704.800300:INFO:CONSOLE(128)] "currentLatencynow: 31.962", source: file:///home/seluser/ppt/player/dashjs/index.html (128)
[230:230:0130/095705.800426:INFO:CONSOLE(128)] "currentLatencynow: 31.862", source: file:///home/seluser/ppt/player/dashjs/index.html (128)
[230:230:0130/095706.800377:INFO:CONSOLE(128)] "currentLatencynow: 30.309", source: file:///home/seluser/ppt/player/dashjs/index.html (128)
[230:230:0130/095707.800428:INFO:CONSOLE(128)] "currentLatencynow: 31.309", source: file:///home/seluser/ppt/player/dashjs/index.html (128)
[230:230:0130/095708.800420:INFO:CONSOLE(128)] "currentLatencynow: 32.309", source: file:///home/seluser/ppt/player/dashjs/index.html (128)
[230:230:0130/095709.800460:INFO:CONSOLE(128)] "currentLatencynow: 33.309", source: file:///home/seluser/ppt/player/dashjs/index.html (128)
[230:230:0130/095710.800362:INFO:CONSOLE(128)] "currentLatencynow: 34.309", source: file:///home/seluser/ppt/player/dashjs/index.html (128)
[230:230:0130/095711.800610:INFO:CONSOLE(128)] "currentLatencynow: 35.309", source: file:///home/seluser/ppt/player/dashjs/index.html (128)
[230:230:0130/095712.800636:INFO:CONSOLE(128)] "currentLatencynow: 36.309", source: file:///home/seluser/ppt/player/dashjs/index.html (128)
[230:230:0130/095713.800587:INFO:CONSOLE(128)] "currentLatencynow: 37.309", source: file:///home/seluser/ppt/player/dashjs/index.html (128)
[230:230:0130/095714.800568:INFO:CONSOLE(128)] "currentLatencynow: 38.309", source: file:///home/seluser/ppt/player/dashjs/index.html (128)
[230:230:0130/095715.800617:INFO:CONSOLE(128)] "currentLatencynow: 39.309", source: file:///home/seluser/ppt/player/dashjs/index.html (128)
[230:230:0130/095716.800587:INFO:CONSOLE(128)] "currentLatencynow: 40.309", source: file:///home/seluser/ppt/player/dashjs/index.html (128)
[230:230:0130/095717.800556:INFO:CONSOLE(128)] "currentLatencynow: 41.309", source: file:///home/seluser/ppt/player/dashjs/index.html (128)
[230:230:0130/095718.800545:INFO:CONSOLE(128)] "currentLatencynow: 42.309", source: file:///home/seluser/ppt/player/dashjs/index.html (128)
[230:230:0130/095719.800536:INFO:CONSOLE(128)] "currentLatencynow: 43.309", source: file:///home/seluser/ppt/player/dashjs/index.html (128)
[230:230:0130/095720.800513:INFO:CONSOLE(128)] "currentLatencynow: 44.309", source: file:///home/seluser/ppt/player/dashjs/index.html (128)
[230:230:0130/095721.800472:INFO:CONSOLE(128)] "currentLatencynow: 45.309", source: file:///home/seluser/ppt/player/dashjs/index.html (128)
[230:230:0130/095722.800589:INFO:CONSOLE(128)] "currentLatencynow: 46.309", source: file:///home/seluser/ppt/player/dashjs/index.html (128)
[230:230:0130/095723.800455:INFO:CONSOLE(128)] "currentLatencynow: 47.309", source: file:///home/seluser/ppt/player/dashjs/index.html (128)
[230:230:0130/095724.800521:INFO:CONSOLE(128)] "currentLatencynow: 48.309", source: file:///home/seluser/ppt/player/dashjs/index.html (128)
[230:230:0130/095725.800466:INFO:CONSOLE(128)] "currentLatencynow: 49.309", source: file:///home/seluser/ppt/player/dashjs/index.html (128)
[230:230:0130/095726.800528:INFO:CONSOLE(128)] "currentLatencynow: 50.309", source: file:///home/seluser/ppt/player/dashjs/index.html (128)
[230:230:0130/095727.800407:INFO:CONSOLE(128)] "currentLatencynow: 51.309", source: file:///home/seluser/ppt/player/dashjs/index.html (128)
[230:230:0130/095728.800467:INFO:CONSOLE(128)] "currentLatencynow: 52.309", source: file:///home/seluser/ppt/player/dashjs/index.html (128)
[230:230:0130/095729.800565:INFO:CONSOLE(128)] "currentLatencynow: 53.309", source: file:///home/seluser/ppt/player/dashjs/index.html (128)
[230:230:0130/095730.800597:INFO:CONSOLE(128)] "currentLatencynow: 54.309", source: file:///home/seluser/ppt/player/dashjs/index.html (128)
[230:230:0130/095731.800582:INFO:CONSOLE(128)] "currentLatencynow: 55.309", source: file:///home/seluser/ppt/player/dashjs/index.html (128)
[230:230:0130/095732.800561:INFO:CONSOLE(128)] "currentLatencynow: 56.309", source: file:///home/seluser/ppt/player/dashjs/index.html (128)
[230:230:0130/095733.800504:INFO:CONSOLE(128)] "currentLatencynow: 57.309", source: file:///home/seluser/ppt/player/dashjs/index.html (128)
[230:230:0130/095734.800492:INFO:CONSOLE(128)] "currentLatencynow: 58.309", source: file:///home/seluser/ppt/player/dashjs/index.html (128)
[230:230:0130/095735.800484:INFO:CONSOLE(128)] "currentLatencynow: 59.309", source: file:///home/seluser/ppt/player/dashjs/index.html (128)
[230:230:0130/095736.800455:INFO:CONSOLE(128)] "currentLatencynow: 60.309", source: file:///home/seluser/ppt/player/dashjs/index.html (128)
[230:230:0130/095737.800475:INFO:CONSOLE(128)] "currentLatencynow: 61.309", source: file:///home/seluser/ppt/player/dashjs/index.html (128)
[230:230:0130/095738.800519:INFO:CONSOLE(128)] "currentLatencynow: 62.309", source: file:///home/seluser/ppt/player/dashjs/index.html (128)
[230:230:0130/095739.800488:INFO:CONSOLE(128)] "currentLatencynow: 63.309", source: file:///home/seluser/ppt/player/dashjs/index.html (128)
[230:230:0130/095740.800494:INFO:CONSOLE(128)] "currentLatencynow: 64.309", source: file:///home/seluser/ppt/player/dashjs/index.html (128)
[230:230:0130/095741.800605:INFO:CONSOLE(128)] "currentLatencynow: 65.309", source: file:///home/seluser/ppt/player/dashjs/index.html (128)
[230:230:0130/095742.800530:INFO:CONSOLE(128)] "currentLatencynow: 66.309", source: file:///home/seluser/ppt/player/dashjs/index.html (128)
[230:230:0130/095743.800470:INFO:CONSOLE(128)] "currentLatencynow: 67.309", source: file:///home/seluser/ppt/player/dashjs/index.html (128)
[230:230:0130/095744.800564:INFO:CONSOLE(128)] "currentLatencynow: 68.309", source: file:///home/seluser/ppt/player/dashjs/index.html (128)
[230:230:0130/095745.800481:INFO:CONSOLE(128)] "currentLatencynow: 69.309", source: file:///home/seluser/ppt/player/dashjs/index.html (128)
[230:230:0130/095746.800491:INFO:CONSOLE(128)] "currentLatencynow: 70.309", source: file:///home/seluser/ppt/player/dashjs/index.html (128)
[230:230:0130/095747.800541:INFO:CONSOLE(128)] "currentLatencynow: 71.309", source: file:///home/seluser/ppt/player/dashjs/index.html (128)
[230:230:0130/095748.800596:INFO:CONSOLE(128)] "currentLatencynow: 72.309", source: file:///home/seluser/ppt/player/dashjs/index.html (128)
[230:230:0130/095749.800555:INFO:CONSOLE(128)] "currentLatencynow: 73.309", source: file:///home/seluser/ppt/player/dashjs/index.html (128)
[230:230:0130/095750.800537:INFO:CONSOLE(128)] "currentLatencynow: 74.309", source: file:///home/seluser/ppt/player/dashjs/index.html (128)
[230:230:0130/095751.800534:INFO:CONSOLE(128)] "currentLatencynow: 75.309", source: file:///home/seluser/ppt/player/dashjs/index.html (128)
[230:230:0130/095752.800535:INFO:CONSOLE(128)] "currentLatencynow: 76.309", source: file:///home/seluser/ppt/player/dashjs/index.html (128)
[230:230:0130/095753.800526:INFO:CONSOLE(128)] "currentLatencynow: 77.309", source: file:///home/seluser/ppt/player/dashjs/index.html (128)
[230:230:0130/095754.800460:INFO:CONSOLE(128)] "currentLatencynow: 78.309", source: file:///home/seluser/ppt/player/dashjs/index.html (128)
[230:230:0130/095755.800562:INFO:CONSOLE(128)] "currentLatencynow: 79.309", source: file:///home/seluser/ppt/player/dashjs/index.html (128)
[230:230:0130/095756.800512:INFO:CONSOLE(128)] "currentLatencynow: 80.309", source: file:///home/seluser/ppt/player/dashjs/index.html (128)
[230:230:0130/095757.800502:INFO:CONSOLE(128)] "currentLatencynow: 81.309", source: file:///home/seluser/ppt/player/dashjs/index.html (128)
[230:230:0130/095758.800484:INFO:CONSOLE(128)] "currentLatencynow: 82.309", source: file:///home/seluser/ppt/player/dashjs/index.html (128)
[230:230:0130/095759.800562:INFO:CONSOLE(128)] "currentLatencynow: 83.309", source: file:///home/seluser/ppt/player/dashjs/index.html (128)
[230:230:0130/095800.800512:INFO:CONSOLE(128)] "currentLatencynow: 84.309", source: file:///home/seluser/ppt/player/dashjs/index.html (128)
[230:230:0130/095801.800478:INFO:CONSOLE(128)] "currentLatencynow: 85.309", source: file:///home/seluser/ppt/player/dashjs/index.html (128)
[230:230:0130/095802.800563:INFO:CONSOLE(128)] "currentLatencynow: 86.309", source: file:///home/seluser/ppt/player/dashjs/index.html (128)
[230:230:0130/095803.800497:INFO:CONSOLE(128)] "currentLatencynow: 87.309", source: file:///home/seluser/ppt/player/dashjs/index.html (128)
[230:230:0130/095804.800619:INFO:CONSOLE(128)] "currentLatencynow: 88.309", source: file:///home/seluser/ppt/player/dashjs/index.html (128)
[230:230:0130/095805.801872:INFO:CONSOLE(128)] "currentLatencynow: 89.31", source: file:///home/seluser/ppt/player/dashjs/index.html (128)
[230:230:0130/095806.800562:INFO:CONSOLE(128)] "currentLatencynow: 90.309", source: file:///home/seluser/ppt/player/dashjs/index.html (128)
[230:230:0130/095807.800526:INFO:CONSOLE(128)] "currentLatencynow: 91.309", source: file:///home/seluser/ppt/player/dashjs/index.html (128)
[230:230:0130/095808.800565:INFO:CONSOLE(128)] "currentLatencynow: 92.309", source: file:///home/seluser/ppt/player/dashjs/index.html (128)
[230:230:0130/095809.800537:INFO:CONSOLE(128)] "currentLatencynow: 93.309", source: file:///home/seluser/ppt/player/dashjs/index.html (128)
[230:230:0130/095810.800453:INFO:CONSOLE(128)] "currentLatencynow: 94.309", source: file:///home/seluser/ppt/player/dashjs/index.html (128)
[230:230:0130/095811.800421:INFO:CONSOLE(128)] "currentLatencynow: 95.309", source: file:///home/seluser/ppt/player/dashjs/index.html (128)
[230:230:0130/095812.800513:INFO:CONSOLE(128)] "currentLatencynow: 96.309", source: file:///home/seluser/ppt/player/dashjs/index.html (128)
[230:230:0130/095813.800529:INFO:CONSOLE(128)] "currentLatencynow: 97.309", source: file:///home/seluser/ppt/player/dashjs/index.html (128)
[230:230:0130/095814.800482:INFO:CONSOLE(128)] "currentLatencynow: 98.309", source: file:///home/seluser/ppt/player/dashjs/index.html (128)
[230:230:0130/095815.800511:INFO:CONSOLE(128)] "currentLatencynow: 99.309", source: file:///home/seluser/ppt/player/dashjs/index.html (128)
[230:230:0130/095816.800530:INFO:CONSOLE(128)] "currentLatencynow: 100.309", source: file:///home/seluser/ppt/player/dashjs/index.html (128)
[230:230:0130/095817.800596:INFO:CONSOLE(128)] "currentLatencynow: 101.309", source: file:///home/seluser/ppt/player/dashjs/index.html (128)
[230:230:0130/095818.800521:INFO:CONSOLE(128)] "currentLatencynow: 102.309", source: file:///home/seluser/ppt/player/dashjs/index.html (128)
[230:230:0130/095819.800517:INFO:CONSOLE(128)] "currentLatencynow: 103.309", source: file:///home/seluser/ppt/player/dashjs/index.html (128)
[230:230:0130/095820.800533:INFO:CONSOLE(128)] "currentLatencynow: 104.309", source: file:///home/seluser/ppt/player/dashjs/index.html (128)
[230:230:0130/095821.800556:INFO:CONSOLE(128)] "currentLatencynow: 105.309", source: file:///home/seluser/ppt/player/dashjs/index.html (128)
[230:230:0130/095822.800516:INFO:CONSOLE(128)] "currentLatencynow: 106.309", source: file:///home/seluser/ppt/player/dashjs/index.html (128)
[230:230:0130/095823.800537:INFO:CONSOLE(128)] "currentLatencynow: 107.309", source: file:///home/seluser/ppt/player/dashjs/index.html (128)
[230:230:0130/095824.800550:INFO:CONSOLE(128)] "currentLatencynow: 108.309", source: file:///home/seluser/ppt/player/dashjs/index.html (128)
[230:230:0130/095825.800612:INFO:CONSOLE(114)] "Begin Player stistics 
", source: file:///home/seluser/ppt/player/dashjs/index.html (114)
[230:230:0130/095825.800863:INFO:CONSOLE(115)] "["stall",[["6.39","12.23",5.840000000000001]],[["12.91","13.15",0.2400000000000002]],[["16.60","16.85",0.25]],[["23.57","23.82",0.25]],[["29.33","29.58",0.25]],[["availibleBW",[null],[null],[null],[null],[null],[null],[null],[null],[null],[null],[null],[null],[3756],[3756],[3756],[3756],[3756],[3763],[3763],[3763],[3763],[3758],[3758],[3758],[3748],[3748],[3748],[3748],[3753],[3753],[3753],[3753],[3753],[3755],[3755],[3755],[3755],[3755],[3755],[3709],[3709],[3709],[3709],[3709],[3709],[3709],[3709],[3709],[3709],[3709],[3709],[3709],[3709],[3709],[3709],[3709],[3709],[3709],[3709],[3709],[3709],[3709],[3709],[3709],[3709],[3709],[3709],[3709],[3709],[3709],[3709],[3709],[3709],[3709],[3709],[3709],[3709],[3709],[3709],[3709],[3709],[3709],[3709],[3709],[3709],[3709],[3709],[3709],[3709],[3709],[3709],[3709],[3709],[3709],[3709],[3709],[3709],[3709],[3709],[3709],[3709],[3709],[3709],[3709],[3709],[3709],[3709],[3709],[3709],[3709],[3709],[3709],[3709],[3709],[3709],[3709],[3709],[3709],[3709]]],[["currentBuffer",[0],[0],[0],[0],[0],[0],[0],[0],[0],[0],[0],[0],[0.027],[0.027],[0],[0],[0],[0.02],[0.02],[0.02],[0.02],[1.689],[0.589],[0.066],[2.068],[2.068],[2.068],[1.363],[2.265],[1.999],[1.999],[1.999],[1.999],[4.001],[4.001],[4.001],[4.001],[3.248],[2.148],[3.05],[2.225],[2.225],[2.225],[2.225],[2.225],[2.225],[2.225],[2.225],[2.225],[2.225],[2.225],[2.225],[2.225],[2.225],[2.225],[2.225],[2.225],[2.225],[2.225],[2.225],[2.225],[2.225],[2.225],[2.225],[2.225],[2.225],[2.225],[2.225],[2.225],[2.225],[2.225],[2.225],[2.225],[2.225],[2.225],[2.225],[2.225],[2.225],[2.225],[2.225],[2.225],[2.225],[2.225],[2.225],[2.225],[2.225],[2.225],[2.225],[2.225],[2.225],[2.225],[2.225],[2.225],[2.225],[2.225],[2.225],[2.225],[2.225],[2.225],[2.225],[2.225],[2.225],[2.225],[2.225],[2.225],[2.225],[2.225],[2.225],[2.225],[2.225],[2.225],[2.225],[2.225],[2.225],[2.225],[2.225],[2.225],[2.225],[2.225]]],[["currentLatency",[null],[null],[0],[0],[0],[0],[0],[9.594],[10.594],[11.594],[12.594],[13.594],[13.965],[14.965],[15.366],[15.366],[15.956],[16.956],[17.956],[18.956],[19.956],[20.524],[20.424],[21],[22],[23],[24],[24.17],[24.075],[24.929],[25.929],[26.929],[27.929],[28.929],[29.929],[30.929],[31.929],[32.062],[31.962],[31.862],[30.309],[31.309],[32.309],[33.309],[34.309],[35.309],[36.309],[37.309],[38.309],[39.309],[40.309],[41.309],[42.309],[43.309],[44.309],[45.309],[46.309],[47.309],[48.309],[49.309],[50.309],[51.309],[52.309],[53.309],[54.309],[55.309],[56.309],[57.309],[58.309],[59.309],[60.309],[61.309],[62.309],[63.309],[64.309],[65.309],[66.309],[67.309],[68.309],[69.309],[70.309],[71.309],[72.309],[73.309],[74.309],[75.309],[76.309],[77.309],[78.309],[79.309],[80.309],[81.309],[82.309],[83.309],[84.309],[85.309],[86.309],[87.309],[88.309],[89.31],[90.309],[91.309],[92.309],[93.309],[94.309],[95.309],[96.309],[97.309],[98.309],[99.309],[100.309],[101.309],[102.309],[103.309],[104.309],[105.309],[106.309],[107.309],[108.309]]]]", source: file:///home/seluser/ppt/player/dashjs/index.html (115)
[230:230:0130/095825.801111:INFO:CONSOLE(116)] "
", source: file:///home/seluser/ppt/player/dashjs/index.html (116)
[230:230:0130/095825.801181:INFO:CONSOLE(117)] "Finish Player stistics 
", source: file:///home/seluser/ppt/player/dashjs/index.html (117)
[230:230:0130/095825.801242:INFO:CONSOLE(128)] "currentLatencynow: 109.309", source: file:///home/seluser/ppt/player/dashjs/index.html (128)
[230:230:0130/095826.800382:INFO:CONSOLE(128)] "currentLatencynow: 110.309", source: file:///home/seluser/ppt/player/dashjs/index.html (128)
[230:230:0130/095827.800652:INFO:CONSOLE(128)] "currentLatencynow: 111.309", source: file:///home/seluser/ppt/player/dashjs/index.html (128)
[230:230:0130/095828.800584:INFO:CONSOLE(128)] "currentLatencynow: 112.309", source: file:///home/seluser/ppt/player/dashjs/index.html (128)
[230:230:0130/095829.800531:INFO:CONSOLE(128)] "currentLatencynow: 113.309", source: file:///home/seluser/ppt/player/dashjs/index.html (128)
[230:230:0130/095830.800457:INFO:CONSOLE(128)] "currentLatencynow: 114.309", source: file:///home/seluser/ppt/player/dashjs/index.html (128)
[230:230:0130/095831.800537:INFO:CONSOLE(128)] "currentLatencynow: 115.309", source: file:///home/seluser/ppt/player/dashjs/index.html (128)
[230:230:0130/095832.800656:INFO:CONSOLE(128)] "currentLatencynow: 116.309", source: file:///home/seluser/ppt/player/dashjs/index.html (128)
[230:230:0130/095833.800495:INFO:CONSOLE(128)] "currentLatencynow: 117.309", source: file:///home/seluser/ppt/player/dashjs/index.html (128)
[230:230:0130/095834.802125:INFO:CONSOLE(128)] "currentLatencynow: 118.31", source: file:///home/seluser/ppt/player/dashjs/index.html (128)
[230:230:0130/095835.801218:INFO:CONSOLE(128)] "currentLatencynow: 119.309", source: file:///home/seluser/ppt/player/dashjs/index.html (128)
[230:230:0130/095836.800426:INFO:CONSOLE(128)] "currentLatencynow: 120.309", source: file:///home/seluser/ppt/player/dashjs/index.html (128)
[230:230:0130/095837.800460:INFO:CONSOLE(128)] "currentLatencynow: 121.309", source: file:///home/seluser/ppt/player/dashjs/index.html (128)
[230:230:0130/095838.800448:INFO:CONSOLE(128)] "currentLatencynow: 122.309", source: file:///home/seluser/ppt/player/dashjs/index.html (128)
[230:230:0130/095839.800466:INFO:CONSOLE(128)] "currentLatencynow: 123.309", source: file:///home/seluser/ppt/player/dashjs/index.html (128)
[230:230:0130/095840.800392:INFO:CONSOLE(128)] "currentLatencynow: 124.309", source: file:///home/seluser/ppt/player/dashjs/index.html (128)
[230:230:0130/095841.800481:INFO:CONSOLE(128)] "currentLatencynow: 125.309", source: file:///home/seluser/ppt/player/dashjs/index.html (128)
[230:230:0130/095842.800446:INFO:CONSOLE(128)] "currentLatencynow: 126.309", source: file:///home/seluser/ppt/player/dashjs/index.html (128)
[230:230:0130/095843.800530:INFO:CONSOLE(128)] "currentLatencynow: 127.309", source: file:///home/seluser/ppt/player/dashjs/index.html (128)
[230:230:0130/095844.800490:INFO:CONSOLE(128)] "currentLatencynow: 128.309", source: file:///home/seluser/ppt/player/dashjs/index.html (128)
[230:230:0130/095845.800554:INFO:CONSOLE(128)] "currentLatencynow: 129.309", source: file:///home/seluser/ppt/player/dashjs/index.html (128)
[230:230:0130/095846.800517:INFO:CONSOLE(128)] "currentLatencynow: 130.309", source: file:///home/seluser/ppt/player/dashjs/index.html (128)
[230:230:0130/095847.800372:INFO:CONSOLE(128)] "currentLatencynow: 131.309", source: file:///home/seluser/ppt/player/dashjs/index.html (128)
[230:230:0130/095848.800492:INFO:CONSOLE(128)] "currentLatencynow: 132.309", source: file:///home/seluser/ppt/player/dashjs/index.html (128)
[230:230:0130/095849.800514:INFO:CONSOLE(128)] "currentLatencynow: 133.309", source: file:///home/seluser/ppt/player/dashjs/index.html (128)
[230:230:0130/095850.800723:INFO:CONSOLE(128)] "currentLatencynow: 134.309", source: file:///home/seluser/ppt/player/dashjs/index.html (128)
[230:230:0130/095851.800507:INFO:CONSOLE(128)] "currentLatencynow: 135.309", source: file:///home/seluser/ppt/player/dashjs/index.html (128)
[230:230:0130/095852.800492:INFO:CONSOLE(128)] "currentLatencynow: 136.309", source: file:///home/seluser/ppt/player/dashjs/index.html (128)
[230:230:0130/095853.800504:INFO:CONSOLE(128)] "currentLatencynow: 137.309", source: file:///home/seluser/ppt/player/dashjs/index.html (128)
[230:230:0130/095854.800508:INFO:CONSOLE(128)] "currentLatencynow: 138.309", source: file:///home/seluser/ppt/player/dashjs/index.html (128)
[230:230:0130/095855.800447:INFO:CONSOLE(128)] "currentLatencynow: 139.309", source: file:///home/seluser/ppt/player/dashjs/index.html (128)
[230:230:0130/095856.800496:INFO:CONSOLE(128)] "currentLatencynow: 140.309", source: file:///home/seluser/ppt/player/dashjs/index.html (128)
[230:230:0130/095857.800505:INFO:CONSOLE(128)] "currentLatencynow: 141.309", source: file:///home/seluser/ppt/player/dashjs/index.html (128)
[230:230:0130/095858.800512:INFO:CONSOLE(128)] "currentLatencynow: 142.309", source: file:///home/seluser/ppt/player/dashjs/index.html (128)
[230:230:0130/095859.800511:INFO:CONSOLE(128)] "currentLatencynow: 143.309", source: file:///home/seluser/ppt/player/dashjs/index.html (128)
[230:230:0130/095900.800511:INFO:CONSOLE(128)] "currentLatencynow: 144.309", source: file:///home/seluser/ppt/player/dashjs/index.html (128)
[230:230:0130/095901.800486:INFO:CONSOLE(128)] "currentLatencynow: 145.309", source: file:///home/seluser/ppt/player/dashjs/index.html (128)
[230:230:0130/095902.800479:INFO:CONSOLE(128)] "currentLatencynow: 146.309", source: file:///home/seluser/ppt/player/dashjs/index.html (128)
[230:230:0130/095903.800418:INFO:CONSOLE(128)] "currentLatencynow: 147.309", source: file:///home/seluser/ppt/player/dashjs/index.html (128)
[230:230:0130/095904.800494:INFO:CONSOLE(128)] "currentLatencynow: 148.309", source: file:///home/seluser/ppt/player/dashjs/index.html (128)
[230:230:0130/095905.800444:INFO:CONSOLE(128)] "currentLatencynow: 149.309", source: file:///home/seluser/ppt/player/dashjs/index.html (128)
[230:230:0130/095906.800420:INFO:CONSOLE(128)] "currentLatencynow: 150.309", source: file:///home/seluser/ppt/player/dashjs/index.html (128)
[230:230:0130/095907.800495:INFO:CONSOLE(128)] "currentLatencynow: 151.309", source: file:///home/seluser/ppt/player/dashjs/index.html (128)
[230:230:0130/095908.800487:INFO:CONSOLE(128)] "currentLatencynow: 152.309", source: file:///home/seluser/ppt/player/dashjs/index.html (128)
[230:230:0130/095909.800452:INFO:CONSOLE(128)] "currentLatencynow: 153.309", source: file:///home/seluser/ppt/player/dashjs/index.html (128)
[230:230:0130/095910.800511:INFO:CONSOLE(128)] "currentLatencynow: 154.309", source: file:///home/seluser/ppt/player/dashjs/index.html (128)
[230:230:0130/095911.800515:INFO:CONSOLE(128)] "currentLatencynow: 155.309", source: file:///home/seluser/ppt/player/dashjs/index.html (128)
[230:230:0130/095912.800525:INFO:CONSOLE(128)] "currentLatencynow: 156.309", source: file:///home/seluser/ppt/player/dashjs/index.html (128)
[230:230:0130/095913.800543:INFO:CONSOLE(128)] "currentLatencynow: 157.309", source: file:///home/seluser/ppt/player/dashjs/index.html (128)
[230:230:0130/095914.800497:INFO:CONSOLE(128)] "currentLatencynow: 158.309", source: file:///home/seluser/ppt/player/dashjs/index.html (128)
[230:230:0130/095915.800516:INFO:CONSOLE(128)] "currentLatencynow: 159.309", source: file:///home/seluser/ppt/player/dashjs/index.html (128)
[230:230:0130/095916.800469:INFO:CONSOLE(128)] "currentLatencynow: 160.309", source: file:///home/seluser/ppt/player/dashjs/index.html (128)
[230:230:0130/095917.800427:INFO:CONSOLE(128)] "currentLatencynow: 161.309", source: file:///home/seluser/ppt/player/dashjs/index.html (128)
[230:230:0130/095918.800546:INFO:CONSOLE(128)] "currentLatencynow: 162.309", source: file:///home/seluser/ppt/player/dashjs/index.html (128)
[230:230:0130/095919.800471:INFO:CONSOLE(128)] "currentLatencynow: 163.309", source: file:///home/seluser/ppt/player/dashjs/index.html (128)
[230:230:0130/095920.800518:INFO:CONSOLE(128)] "currentLatencynow: 164.309", source: file:///home/seluser/ppt/player/dashjs/index.html (128)
[230:230:0130/095921.800459:INFO:CONSOLE(128)] "currentLatencynow: 165.309", source: file:///home/seluser/ppt/player/dashjs/index.html (128)
[230:230:0130/095922.800499:INFO:CONSOLE(128)] "currentLatencynow: 166.309", source: file:///home/seluser/ppt/player/dashjs/index.html (128)
[230:230:0130/095923.800653:INFO:CONSOLE(128)] "currentLatencynow: 167.309", source: file:///home/seluser/ppt/player/dashjs/index.html (128)
[230:230:0130/095924.800564:INFO:CONSOLE(128)] "currentLatencynow: 168.309", source: file:///home/seluser/ppt/player/dashjs/index.html (128)
[230:230:0130/095925.800653:INFO:CONSOLE(128)] "currentLatencynow: 169.309", source: file:///home/seluser/ppt/player/dashjs/index.html (128)
[230:230:0130/095925.998377:WARNING:pref_notifier_impl.cc(40)] Pref observer for media_router.cast_allow_all_ips found at shutdown.
