[155:218:0108/153702.695516:ERROR:bus.cc(392)] Failed to connect to the bus: Failed to connect to socket /var/run/dbus/system_bus_socket: No such file or directory
[155:181:0108/153702.698598:ERROR:bus.cc(392)] Failed to connect to the bus: Address does not contain a colon
[155:181:0108/153702.698670:ERROR:bus.cc(392)] Failed to connect to the bus: Address does not contain a colon
[225:225:0108/153702.761843:ERROR:gpu_init.cc(453)] Passthrough is not supported, GL is swiftshader, ANGLE is 
[155:181:0108/153702.790604:ERROR:bus.cc(392)] Failed to connect to the bus: Address does not contain a colon
[155:181:0108/153702.790694:ERROR:bus.cc(392)] Failed to connect to the bus: Address does not contain a colon
[155:181:0108/153703.062122:ERROR:bus.cc(392)] Failed to connect to the bus: Address does not contain a colon
[155:181:0108/153703.062203:ERROR:bus.cc(392)] Failed to connect to the bus: Address does not contain a colon
[155:298:0108/153703.339782:ERROR:bus.cc(392)] Failed to connect to the bus: Failed to connect to socket /var/run/dbus/system_bus_socket: No such file or directory
[155:298:0108/153703.339840:ERROR:bus.cc(392)] Failed to connect to the bus: Failed to connect to socket /var/run/dbus/system_bus_socket: No such file or directory
[155:298:0108/153703.339898:ERROR:bus.cc(392)] Failed to connect to the bus: Failed to connect to socket /var/run/dbus/system_bus_socket: No such file or directory
[155:298:0108/153703.339918:WARNING:property.cc(144)] DaemonVersion: GetAndBlock: failed.
[155:298:0108/153703.339944:ERROR:bus.cc(392)] Failed to connect to the bus: Failed to connect to socket /var/run/dbus/system_bus_socket: No such file or directory
[155:298:0108/153703.339975:ERROR:bus.cc(392)] Failed to connect to the bus: Failed to connect to socket /var/run/dbus/system_bus_socket: No such file or directory
[155:155:0108/153708.160290:INFO:CONSOLE(128)] "currentLatencynow: NaN", source: file:///home/seluser/ppt/player/dashjs/index.html (128)
[155:155:0108/153709.158490:INFO:CONSOLE(128)] "currentLatencynow: NaN", source: file:///home/seluser/ppt/player/dashjs/index.html (128)
[155:155:0108/153710.157846:INFO:CONSOLE(128)] "currentLatencynow: NaN", source: file:///home/seluser/ppt/player/dashjs/index.html (128)
[155:175:0108/153710.910249:ERROR:chrome_browser_main_extra_parts_metrics.cc(228)] crbug.com/1216328: Checking Bluetooth availability started. Please report if there is no report that this ends.
[155:175:0108/153710.910753:ERROR:chrome_browser_main_extra_parts_metrics.cc(231)] crbug.com/1216328: Checking Bluetooth availability ended.
[155:175:0108/153710.910779:ERROR:chrome_browser_main_extra_parts_metrics.cc(234)] crbug.com/1216328: Checking default browser status started. Please report if there is no report that this ends.
[155:155:0108/153711.387860:INFO:CONSOLE(128)] "currentLatencynow: NaN", source: file:///home/seluser/ppt/player/dashjs/index.html (128)
[155:155:0108/153712.167707:INFO:CONSOLE(128)] "currentLatencynow: NaN", source: file:///home/seluser/ppt/player/dashjs/index.html (128)
[155:155:0108/153713.165849:INFO:CONSOLE(128)] "currentLatencynow: 0", source: file:///home/seluser/ppt/player/dashjs/index.html (128)
[155:155:0108/153714.159250:INFO:CONSOLE(128)] "currentLatencynow: 0", source: file:///home/seluser/ppt/player/dashjs/index.html (128)
[155:155:0108/153715.182253:INFO:CONSOLE(128)] "currentLatencynow: 0", source: file:///home/seluser/ppt/player/dashjs/index.html (128)
[155:155:0108/153716.162506:INFO:CONSOLE(128)] "currentLatencynow: 0", source: file:///home/seluser/ppt/player/dashjs/index.html (128)
[155:175:0108/153716.714282:ERROR:chrome_browser_main_extra_parts_metrics.cc(238)] crbug.com/1216328: Checking default browser status ended.
[155:155:0108/153717.158020:INFO:CONSOLE(128)] "currentLatencynow: 0", source: file:///home/seluser/ppt/player/dashjs/index.html (128)
[155:155:0108/153718.157940:INFO:CONSOLE(128)] "currentLatencynow: 0", source: file:///home/seluser/ppt/player/dashjs/index.html (128)
[155:155:0108/153719.157916:INFO:CONSOLE(128)] "currentLatencynow: 0", source: file:///home/seluser/ppt/player/dashjs/index.html (128)
[155:155:0108/153720.266350:INFO:CONSOLE(128)] "currentLatencynow: 0", source: file:///home/seluser/ppt/player/dashjs/index.html (128)
[155:155:0108/153721.167105:INFO:CONSOLE(128)] "currentLatencynow: 0", source: file:///home/seluser/ppt/player/dashjs/index.html (128)
[155:155:0108/153722.164106:INFO:CONSOLE(128)] "currentLatencynow: 0", source: file:///home/seluser/ppt/player/dashjs/index.html (128)
[155:155:0108/153723.157870:INFO:CONSOLE(128)] "currentLatencynow: 0", source: file:///home/seluser/ppt/player/dashjs/index.html (128)
[155:155:0108/153724.158532:INFO:CONSOLE(128)] "currentLatencynow: 0", source: file:///home/seluser/ppt/player/dashjs/index.html (128)
[155:155:0108/153725.158583:INFO:CONSOLE(128)] "currentLatencynow: 17.85", source: file:///home/seluser/ppt/player/dashjs/index.html (128)
[558:558:0108/153725.727073:WARNING:audio_manager_linux.cc(69)] Falling back to ALSA for audio output. PulseAudio is not available or could not be initialized.
[558:558:0108/153725.803878:ERROR:alsa_util.cc(204)] PcmOpen: default,No such file or directory
[558:558:0108/153725.805191:ERROR:alsa_util.cc(204)] PcmOpen: plug:default,No such file or directory
[155:155:0108/153726.157819:INFO:CONSOLE(128)] "currentLatencynow: 18.849", source: file:///home/seluser/ppt/player/dashjs/index.html (128)
[155:155:0108/153727.157947:INFO:CONSOLE(128)] "currentLatencynow: 19.849", source: file:///home/seluser/ppt/player/dashjs/index.html (128)
[155:155:0108/153728.331069:INFO:CONSOLE(128)] "currentLatencynow: 20.849", source: file:///home/seluser/ppt/player/dashjs/index.html (128)
[155:155:0108/153729.158221:INFO:CONSOLE(128)] "currentLatencynow: 21.849", source: file:///home/seluser/ppt/player/dashjs/index.html (128)
[155:155:0108/153730.168489:INFO:CONSOLE(128)] "currentLatencynow: 22.859", source: file:///home/seluser/ppt/player/dashjs/index.html (128)
[155:155:0108/153731.158151:INFO:CONSOLE(128)] "currentLatencynow: 23.849", source: file:///home/seluser/ppt/player/dashjs/index.html (128)
[155:155:0108/153732.158249:INFO:CONSOLE(128)] "currentLatencynow: 24.849", source: file:///home/seluser/ppt/player/dashjs/index.html (128)
[155:155:0108/153733.175188:INFO:CONSOLE(128)] "currentLatencynow: 25.866", source: file:///home/seluser/ppt/player/dashjs/index.html (128)
[155:155:0108/153734.175276:INFO:CONSOLE(128)] "currentLatencynow: 26.866", source: file:///home/seluser/ppt/player/dashjs/index.html (128)
[155:155:0108/153735.175079:INFO:CONSOLE(128)] "currentLatencynow: 27.866", source: file:///home/seluser/ppt/player/dashjs/index.html (128)
[155:155:0108/153736.175177:INFO:CONSOLE(128)] "currentLatencynow: 28.866", source: file:///home/seluser/ppt/player/dashjs/index.html (128)
[155:155:0108/153737.175013:INFO:CONSOLE(128)] "currentLatencynow: 29.866", source: file:///home/seluser/ppt/player/dashjs/index.html (128)
[155:155:0108/153738.175940:INFO:CONSOLE(128)] "currentLatencynow: 30.867", source: file:///home/seluser/ppt/player/dashjs/index.html (128)
[155:181:0108/153738.668848:ERROR:bus.cc(392)] Failed to connect to the bus: Address does not contain a colon
[155:181:0108/153738.669211:ERROR:bus.cc(392)] Failed to connect to the bus: Address does not contain a colon
[155:181:0108/153738.669228:ERROR:bus.cc(392)] Failed to connect to the bus: Address does not contain a colon
[155:181:0108/153738.669248:ERROR:bus.cc(392)] Failed to connect to the bus: Address does not contain a colon
[155:181:0108/153738.669265:ERROR:bus.cc(392)] Failed to connect to the bus: Address does not contain a colon
[155:181:0108/153738.669271:ERROR:bus.cc(392)] Failed to connect to the bus: Address does not contain a colon
[155:181:0108/153738.669276:ERROR:bus.cc(392)] Failed to connect to the bus: Address does not contain a colon
[155:181:0108/153738.669282:ERROR:bus.cc(392)] Failed to connect to the bus: Address does not contain a colon
[155:181:0108/153738.669288:ERROR:bus.cc(392)] Failed to connect to the bus: Address does not contain a colon
[155:181:0108/153738.669294:ERROR:bus.cc(392)] Failed to connect to the bus: Address does not contain a colon
[155:181:0108/153738.669306:ERROR:bus.cc(392)] Failed to connect to the bus: Address does not contain a colon
[155:181:0108/153738.669328:ERROR:bus.cc(392)] Failed to connect to the bus: Address does not contain a colon
[155:181:0108/153738.669341:ERROR:bus.cc(392)] Failed to connect to the bus: Address does not contain a colon
[155:181:0108/153738.669351:ERROR:bus.cc(392)] Failed to connect to the bus: Address does not contain a colon
[155:181:0108/153738.669362:ERROR:bus.cc(392)] Failed to connect to the bus: Address does not contain a colon
[155:181:0108/153738.669369:ERROR:bus.cc(392)] Failed to connect to the bus: Address does not contain a colon
[155:181:0108/153738.669377:ERROR:bus.cc(392)] Failed to connect to the bus: Address does not contain a colon
[155:181:0108/153738.693187:ERROR:bus.cc(392)] Failed to connect to the bus: Address does not contain a colon
[155:181:0108/153738.693246:ERROR:bus.cc(392)] Failed to connect to the bus: Address does not contain a colon
[155:155:0108/153739.175338:INFO:CONSOLE(128)] "currentLatencynow: 31.313", source: file:///home/seluser/ppt/player/dashjs/index.html (128)
[155:155:0108/153740.175175:INFO:CONSOLE(128)] "currentLatencynow: 31.213", source: file:///home/seluser/ppt/player/dashjs/index.html (128)
[155:155:0108/153741.175195:INFO:CONSOLE(128)] "currentLatencynow: 31.468", source: file:///home/seluser/ppt/player/dashjs/index.html (128)
[155:155:0108/153742.175250:INFO:CONSOLE(128)] "currentLatencynow: 32.468", source: file:///home/seluser/ppt/player/dashjs/index.html (128)
[155:155:0108/153743.184282:INFO:CONSOLE(128)] "currentLatencynow: 33.468", source: file:///home/seluser/ppt/player/dashjs/index.html (128)
[155:155:0108/153832.799939:INFO:CONSOLE(128)] "currentLatencynow: 53.077", source: file:///home/seluser/ppt/player/dashjs/index.html (128)
[155:155:0108/153833.461453:INFO:CONSOLE(128)] "currentLatencynow: 66.189", source: file:///home/seluser/ppt/player/dashjs/index.html (128)
[155:155:0108/153833.473178:INFO:CONSOLE(128)] "currentLatencynow: 72.763", source: file:///home/seluser/ppt/player/dashjs/index.html (128)
[155:155:0108/153833.473642:INFO:CONSOLE(128)] "currentLatencynow: 73.591", source: file:///home/seluser/ppt/player/dashjs/index.html (128)
[155:155:0108/153833.477400:INFO:CONSOLE(128)] "currentLatencynow: 74.49", source: file:///home/seluser/ppt/player/dashjs/index.html (128)
[155:155:0108/153843.988654:INFO:CONSOLE(128)] "currentLatencynow: 79.778", source: file:///home/seluser/ppt/player/dashjs/index.html (128)
[155:155:0108/153847.508978:INFO:CONSOLE(128)] "currentLatencynow: 84.263", source: file:///home/seluser/ppt/player/dashjs/index.html (128)
[155:155:0108/153847.590207:INFO:CONSOLE(128)] "currentLatencynow: 84.782", source: file:///home/seluser/ppt/player/dashjs/index.html (128)
[155:155:0108/153847.591320:INFO:CONSOLE(128)] "currentLatencynow: 85.662", source: file:///home/seluser/ppt/player/dashjs/index.html (128)
[155:155:0108/153847.591455:INFO:CONSOLE(128)] "currentLatencynow: 86.599", source: file:///home/seluser/ppt/player/dashjs/index.html (128)
[155:155:0108/153848.338497:INFO:CONSOLE(128)] "currentLatencynow: 87.469", source: file:///home/seluser/ppt/player/dashjs/index.html (128)
[155:155:0108/153848.738232:INFO:CONSOLE(128)] "currentLatencynow: 89.603", source: file:///home/seluser/ppt/player/dashjs/index.html (128)
[155:155:0108/153851.570109:INFO:CONSOLE(128)] "currentLatencynow: 93.394", source: file:///home/seluser/ppt/player/dashjs/index.html (128)
[155:155:0108/153851.575554:INFO:CONSOLE(128)] "currentLatencynow: 95.24", source: file:///home/seluser/ppt/player/dashjs/index.html (128)
[155:155:0108/153851.576045:INFO:CONSOLE(128)] "currentLatencynow: 95.471", source: file:///home/seluser/ppt/player/dashjs/index.html (128)
[155:155:0108/153851.781408:INFO:CONSOLE(128)] "currentLatencynow: 96.472", source: file:///home/seluser/ppt/player/dashjs/index.html (128)
[155:155:0108/153852.349817:INFO:CONSOLE(128)] "currentLatencynow: 97.703", source: file:///home/seluser/ppt/player/dashjs/index.html (128)
[155:155:0108/153852.367987:INFO:CONSOLE(128)] "currentLatencynow: 98.665", source: file:///home/seluser/ppt/player/dashjs/index.html (128)
[155:155:0108/153852.474394:INFO:CONSOLE(128)] "currentLatencynow: 99.799", source: file:///home/seluser/ppt/player/dashjs/index.html (128)
[155:155:0108/153853.070384:INFO:CONSOLE(128)] "currentLatencynow: 100.475", source: file:///home/seluser/ppt/player/dashjs/index.html (128)
[155:155:0108/153853.072948:INFO:CONSOLE(128)] "currentLatencynow: 101.475", source: file:///home/seluser/ppt/player/dashjs/index.html (128)
[155:155:0108/153853.073539:INFO:CONSOLE(128)] "currentLatencynow: 102.469", source: file:///home/seluser/ppt/player/dashjs/index.html (128)
[155:155:0108/153853.341820:INFO:CONSOLE(128)] "currentLatencynow: 103.469", source: file:///home/seluser/ppt/player/dashjs/index.html (128)
[155:155:0108/153854.242735:INFO:CONSOLE(128)] "currentLatencynow: 104.534", source: file:///home/seluser/ppt/player/dashjs/index.html (128)
[155:155:0108/153855.193335:INFO:CONSOLE(128)] "currentLatencynow: 105.487", source: file:///home/seluser/ppt/player/dashjs/index.html (128)
[155:155:0108/153856.194269:INFO:CONSOLE(128)] "currentLatencynow: 106.478", source: file:///home/seluser/ppt/player/dashjs/index.html (128)
[155:155:0108/153916.914961:INFO:CONSOLE(128)] "currentLatencynow: 122.972", source: file:///home/seluser/ppt/player/dashjs/index.html (128)
[155:155:0108/153919.299824:INFO:CONSOLE(114)] "Begin Player stistics 
", source: file:///home/seluser/ppt/player/dashjs/index.html (114)
[155:155:0108/153919.661497:INFO:CONSOLE(115)] "["stall",[["15.33","33.68",18.35]],[["availibleBW",[null],[null],[null],[null],[null],[null],[null],[null],[null],[null],[null],[null],[null],[null],[null],[null],[null],[null],[null],[null],[null],[null],[null],[null],[null],[null],[null],[null],[null],[null],[null],[4690],[4690],[4690],[4690],[4690],[4690],[4690],[4690],[4690],[4690],[4690],[4690],[4690],[4690],[4690],[4690],[4690],[4690],[4690],[4690],[4690],[4690],[4690],[4690],[4690],[4690],[4690],[4690],[4690],[4690],[4690],[4690]]],[["currentBuffer",[0],[0],[0],[0],[0],[0],[0],[0],[0],[0],[0],[0],[0],[0],[0],[0],[0],[0],[0],[0],[0],[0],[0],[0],[0],[0],[0],[0],[0],[0],[0],[1.422],[0.324],[0.094],[0.094],[0.094],[0.094],[0.094],[0.094],[0.094],[0.094],[0.094],[0.094],[0.094],[0.094],[0.094],[0.094],[0.094],[0.094],[0.094],[0.094],[0.094],[0.094],[0.094],[0.094],[0.094],[0.094],[0.094],[0.094],[0.094],[0.094],[0.094],[0.094]]],[["currentLatency",[null],[null],[null],[null],[null],[0],[0],[0],[0],[0],[0],[0],[0],[0],[0],[0],[0],[17.85],[18.849],[19.849],[20.849],[21.849],[22.859],[23.849],[24.849],[25.866],[26.866],[27.866],[28.866],[29.866],[30.867],[31.313],[31.213],[31.468],[32.468],[33.468],[53.077],[66.189],[72.763],[73.591],[74.49],[79.778],[84.263],[84.782],[85.662],[86.599],[87.469],[89.603],[93.394],[95.24],[95.471],[96.472],[97.703],[98.665],[99.799],[100.475],[101.475],[102.469],[103.469],[104.534],[105.487],[106.478],[122.972]]]]", source: file:///home/seluser/ppt/player/dashjs/index.html (115)
[155:155:0108/153920.606052:INFO:CONSOLE(116)] "
", source: file:///home/seluser/ppt/player/dashjs/index.html (116)
[155:155:0108/153922.781974:INFO:CONSOLE(117)] "Finish Player stistics 
", source: file:///home/seluser/ppt/player/dashjs/index.html (117)
[155:155:0108/153923.800103:INFO:CONSOLE(128)] "currentLatencynow: 129.571", source: file:///home/seluser/ppt/player/dashjs/index.html (128)
[155:155:0108/153927.553657:INFO:CONSOLE(128)] "currentLatencynow: 137.675", source: file:///home/seluser/ppt/player/dashjs/index.html (128)
[155:155:0108/153928.319171:INFO:CONSOLE(128)] "currentLatencynow: 138.606", source: file:///home/seluser/ppt/player/dashjs/index.html (128)
[155:155:0108/153928.867374:WARNING:pref_notifier_impl.cc(40)] Pref observer for media_router.cast_allow_all_ips found at shutdown.
