[156:220:1129/135341.987309:ERROR:bus.cc(392)] Failed to connect to the bus: Failed to connect to socket /var/run/dbus/system_bus_socket: No such file or directory
[156:183:1129/135342.005446:ERROR:bus.cc(392)] Failed to connect to the bus: Address does not contain a colon
[156:183:1129/135342.005671:ERROR:bus.cc(392)] Failed to connect to the bus: Address does not contain a colon
[156:183:1129/135342.030860:ERROR:bus.cc(392)] Failed to connect to the bus: Address does not contain a colon
[156:183:1129/135342.030979:ERROR:bus.cc(392)] Failed to connect to the bus: Address does not contain a colon
[226:226:1129/135342.036151:ERROR:gpu_init.cc(453)] Passthrough is not supported, GL is swiftshader, ANGLE is 
[226:226:1129/135342.043273:ERROR:sandbox_linux.cc(374)] InitializeSandbox() called with multiple threads in process gpu-process.
[156:183:1129/135342.093847:ERROR:bus.cc(392)] Failed to connect to the bus: Address does not contain a colon
[156:183:1129/135342.094271:ERROR:bus.cc(392)] Failed to connect to the bus: Address does not contain a colon
[156:309:1129/135342.371976:ERROR:bus.cc(392)] Failed to connect to the bus: Failed to connect to socket /var/run/dbus/system_bus_socket: No such file or directory
[156:309:1129/135342.372094:ERROR:bus.cc(392)] Failed to connect to the bus: Failed to connect to socket /var/run/dbus/system_bus_socket: No such file or directory
[156:309:1129/135342.372171:ERROR:bus.cc(392)] Failed to connect to the bus: Failed to connect to socket /var/run/dbus/system_bus_socket: No such file or directory
[156:309:1129/135342.372193:WARNING:property.cc(144)] DaemonVersion: GetAndBlock: failed.
[156:309:1129/135342.372222:ERROR:bus.cc(392)] Failed to connect to the bus: Failed to connect to socket /var/run/dbus/system_bus_socket: No such file or directory
[156:309:1129/135342.372255:ERROR:bus.cc(392)] Failed to connect to the bus: Failed to connect to socket /var/run/dbus/system_bus_socket: No such file or directory
[156:156:1129/135345.063511:INFO:CONSOLE(128)] "currentLatencynow: NaN", source: file:///home/seluser/ppt/player/dashjs/index.html (128)
[156:156:1129/135346.061585:INFO:CONSOLE(128)] "currentLatencynow: 0", source: file:///home/seluser/ppt/player/dashjs/index.html (128)
[156:182:1129/135346.697839:ERROR:chrome_browser_main_extra_parts_metrics.cc(228)] crbug.com/1216328: Checking Bluetooth availability started. Please report if there is no report that this ends.
[156:182:1129/135346.697930:ERROR:chrome_browser_main_extra_parts_metrics.cc(231)] crbug.com/1216328: Checking Bluetooth availability ended.
[156:182:1129/135346.697945:ERROR:chrome_browser_main_extra_parts_metrics.cc(234)] crbug.com/1216328: Checking default browser status started. Please report if there is no report that this ends.
[373:373:1129/135346.743851:WARNING:audio_manager_linux.cc(69)] Falling back to ALSA for audio output. PulseAudio is not available or could not be initialized.
[373:373:1129/135346.761200:ERROR:alsa_util.cc(204)] PcmOpen: default,No such file or directory
[373:373:1129/135346.761489:ERROR:alsa_util.cc(204)] PcmOpen: plug:default,No such file or directory
[156:156:1129/135347.073000:INFO:CONSOLE(128)] "currentLatencynow: 6.227", source: file:///home/seluser/ppt/player/dashjs/index.html (128)
[156:182:1129/135347.251986:ERROR:chrome_browser_main_extra_parts_metrics.cc(238)] crbug.com/1216328: Checking default browser status ended.
[156:156:1129/135348.061611:INFO:CONSOLE(128)] "currentLatencynow: 7.227", source: file:///home/seluser/ppt/player/dashjs/index.html (128)
[156:156:1129/135349.063023:INFO:CONSOLE(128)] "currentLatencynow: 8.229", source: file:///home/seluser/ppt/player/dashjs/index.html (128)
[156:183:1129/135349.307749:ERROR:bus.cc(392)] Failed to connect to the bus: Address does not contain a colon
[156:183:1129/135349.307811:ERROR:bus.cc(392)] Failed to connect to the bus: Address does not contain a colon
[156:183:1129/135349.307831:ERROR:bus.cc(392)] Failed to connect to the bus: Address does not contain a colon
[156:183:1129/135349.307844:ERROR:bus.cc(392)] Failed to connect to the bus: Address does not contain a colon
[156:183:1129/135349.307892:ERROR:bus.cc(392)] Failed to connect to the bus: Address does not contain a colon
[156:183:1129/135349.307947:ERROR:bus.cc(392)] Failed to connect to the bus: Address does not contain a colon
[156:183:1129/135349.307962:ERROR:bus.cc(392)] Failed to connect to the bus: Address does not contain a colon
[156:183:1129/135349.308058:ERROR:bus.cc(392)] Failed to connect to the bus: Address does not contain a colon
[156:183:1129/135349.308079:ERROR:bus.cc(392)] Failed to connect to the bus: Address does not contain a colon
[156:183:1129/135349.308096:ERROR:bus.cc(392)] Failed to connect to the bus: Address does not contain a colon
[156:183:1129/135349.308108:ERROR:bus.cc(392)] Failed to connect to the bus: Address does not contain a colon
[156:183:1129/135349.308120:ERROR:bus.cc(392)] Failed to connect to the bus: Address does not contain a colon
[156:183:1129/135349.308130:ERROR:bus.cc(392)] Failed to connect to the bus: Address does not contain a colon
[156:183:1129/135349.308138:ERROR:bus.cc(392)] Failed to connect to the bus: Address does not contain a colon
[156:183:1129/135349.313940:ERROR:bus.cc(392)] Failed to connect to the bus: Address does not contain a colon
[156:183:1129/135349.314544:ERROR:bus.cc(392)] Failed to connect to the bus: Address does not contain a colon
[156:183:1129/135349.314582:ERROR:bus.cc(392)] Failed to connect to the bus: Address does not contain a colon
[156:183:1129/135349.341236:ERROR:bus.cc(392)] Failed to connect to the bus: Address does not contain a colon
[156:183:1129/135349.341314:ERROR:bus.cc(392)] Failed to connect to the bus: Address does not contain a colon
[156:156:1129/135350.065561:INFO:CONSOLE(128)] "currentLatencynow: 8.476", source: file:///home/seluser/ppt/player/dashjs/index.html (128)
[156:156:1129/135351.064767:INFO:CONSOLE(128)] "currentLatencynow: 8.396", source: file:///home/seluser/ppt/player/dashjs/index.html (128)
[156:156:1129/135352.065676:INFO:CONSOLE(128)] "currentLatencynow: 8.396", source: file:///home/seluser/ppt/player/dashjs/index.html (128)
[156:156:1129/135353.063100:INFO:CONSOLE(128)] "currentLatencynow: 8.397", source: file:///home/seluser/ppt/player/dashjs/index.html (128)
[156:156:1129/135354.063809:INFO:CONSOLE(128)] "currentLatencynow: 8.617", source: file:///home/seluser/ppt/player/dashjs/index.html (128)
[156:156:1129/135355.063618:INFO:CONSOLE(128)] "currentLatencynow: 9.506", source: file:///home/seluser/ppt/player/dashjs/index.html (128)
[156:156:1129/135356.062818:INFO:CONSOLE(128)] "currentLatencynow: 9.506", source: file:///home/seluser/ppt/player/dashjs/index.html (128)
[156:156:1129/135357.064368:INFO:CONSOLE(128)] "currentLatencynow: 9.507", source: file:///home/seluser/ppt/player/dashjs/index.html (128)
[156:156:1129/135358.063569:INFO:CONSOLE(128)] "currentLatencynow: 9.505", source: file:///home/seluser/ppt/player/dashjs/index.html (128)
[156:156:1129/135359.065562:INFO:CONSOLE(128)] "currentLatencynow: 9.506", source: file:///home/seluser/ppt/player/dashjs/index.html (128)
[156:156:1129/135400.063595:INFO:CONSOLE(128)] "currentLatencynow: 9.506", source: file:///home/seluser/ppt/player/dashjs/index.html (128)
[156:156:1129/135401.063995:INFO:CONSOLE(128)] "currentLatencynow: 9.505", source: file:///home/seluser/ppt/player/dashjs/index.html (128)
[156:156:1129/135402.062974:INFO:CONSOLE(128)] "currentLatencynow: 9.506", source: file:///home/seluser/ppt/player/dashjs/index.html (128)
[156:156:1129/135403.062894:INFO:CONSOLE(128)] "currentLatencynow: 9.408", source: file:///home/seluser/ppt/player/dashjs/index.html (128)
[156:156:1129/135404.068888:INFO:CONSOLE(128)] "currentLatencynow: 9.32", source: file:///home/seluser/ppt/player/dashjs/index.html (128)
[156:156:1129/135405.063008:INFO:CONSOLE(128)] "currentLatencynow: 9.22", source: file:///home/seluser/ppt/player/dashjs/index.html (128)
[156:156:1129/135406.063002:INFO:CONSOLE(128)] "currentLatencynow: 9.276", source: file:///home/seluser/ppt/player/dashjs/index.html (128)
[156:156:1129/135407.065313:INFO:CONSOLE(128)] "currentLatencynow: 9.277", source: file:///home/seluser/ppt/player/dashjs/index.html (128)
[156:156:1129/135408.062866:INFO:CONSOLE(128)] "currentLatencynow: 9.496", source: file:///home/seluser/ppt/player/dashjs/index.html (128)
[156:156:1129/135409.064046:INFO:CONSOLE(128)] "currentLatencynow: 9.575", source: file:///home/seluser/ppt/player/dashjs/index.html (128)
[156:156:1129/135410.066292:INFO:CONSOLE(128)] "currentLatencynow: 9.579", source: file:///home/seluser/ppt/player/dashjs/index.html (128)
[156:156:1129/135411.064727:INFO:CONSOLE(128)] "currentLatencynow: 9.479", source: file:///home/seluser/ppt/player/dashjs/index.html (128)
[156:156:1129/135412.065611:INFO:CONSOLE(128)] "currentLatencynow: 9.548", source: file:///home/seluser/ppt/player/dashjs/index.html (128)
[156:156:1129/135413.063068:INFO:CONSOLE(128)] "currentLatencynow: 9.956", source: file:///home/seluser/ppt/player/dashjs/index.html (128)
[156:156:1129/135414.063588:INFO:CONSOLE(128)] "currentLatencynow: 9.956", source: file:///home/seluser/ppt/player/dashjs/index.html (128)
[156:156:1129/135415.067899:INFO:CONSOLE(128)] "currentLatencynow: 9.874", source: file:///home/seluser/ppt/player/dashjs/index.html (128)
[156:156:1129/135416.063005:INFO:CONSOLE(128)] "currentLatencynow: 9.774", source: file:///home/seluser/ppt/player/dashjs/index.html (128)
[156:156:1129/135417.063004:INFO:CONSOLE(128)] "currentLatencynow: 9.681", source: file:///home/seluser/ppt/player/dashjs/index.html (128)
[156:156:1129/135418.065181:INFO:CONSOLE(128)] "currentLatencynow: 9.574", source: file:///home/seluser/ppt/player/dashjs/index.html (128)
[156:156:1129/135419.064095:INFO:CONSOLE(128)] "currentLatencynow: 9.475", source: file:///home/seluser/ppt/player/dashjs/index.html (128)
[156:156:1129/135420.062699:INFO:CONSOLE(128)] "currentLatencynow: 9.375", source: file:///home/seluser/ppt/player/dashjs/index.html (128)
[156:156:1129/135421.062796:INFO:CONSOLE(128)] "currentLatencynow: 9.274", source: file:///home/seluser/ppt/player/dashjs/index.html (128)
[156:156:1129/135422.065275:INFO:CONSOLE(128)] "currentLatencynow: 9.202", source: file:///home/seluser/ppt/player/dashjs/index.html (128)
[156:156:1129/135423.064278:INFO:CONSOLE(128)] "currentLatencynow: 9.099", source: file:///home/seluser/ppt/player/dashjs/index.html (128)
[156:156:1129/135424.062818:INFO:CONSOLE(128)] "currentLatencynow: 9.484", source: file:///home/seluser/ppt/player/dashjs/index.html (128)
[156:156:1129/135425.063133:INFO:CONSOLE(128)] "currentLatencynow: 10.484", source: file:///home/seluser/ppt/player/dashjs/index.html (128)
[156:156:1129/135426.064576:INFO:CONSOLE(128)] "currentLatencynow: 10.726", source: file:///home/seluser/ppt/player/dashjs/index.html (128)
[156:156:1129/135427.066315:INFO:CONSOLE(128)] "currentLatencynow: 10.64", source: file:///home/seluser/ppt/player/dashjs/index.html (128)
[156:156:1129/135428.063914:INFO:CONSOLE(128)] "currentLatencynow: 10.542", source: file:///home/seluser/ppt/player/dashjs/index.html (128)
[156:156:1129/135429.065937:INFO:CONSOLE(128)] "currentLatencynow: 10.442", source: file:///home/seluser/ppt/player/dashjs/index.html (128)
[156:156:1129/135430.066524:INFO:CONSOLE(128)] "currentLatencynow: 10.341", source: file:///home/seluser/ppt/player/dashjs/index.html (128)
[156:156:1129/135431.066205:INFO:CONSOLE(128)] "currentLatencynow: 10.241", source: file:///home/seluser/ppt/player/dashjs/index.html (128)
[156:156:1129/135432.063314:INFO:CONSOLE(128)] "currentLatencynow: 10.144", source: file:///home/seluser/ppt/player/dashjs/index.html (128)
[156:156:1129/135433.063385:INFO:CONSOLE(128)] "currentLatencynow: 10.041", source: file:///home/seluser/ppt/player/dashjs/index.html (128)
[156:156:1129/135434.062885:INFO:CONSOLE(128)] "currentLatencynow: 9.941", source: file:///home/seluser/ppt/player/dashjs/index.html (128)
[156:156:1129/135435.062736:INFO:CONSOLE(128)] "currentLatencynow: 9.861", source: file:///home/seluser/ppt/player/dashjs/index.html (128)
[156:156:1129/135436.063946:INFO:CONSOLE(128)] "currentLatencynow: 9.76", source: file:///home/seluser/ppt/player/dashjs/index.html (128)
[156:156:1129/135437.062795:INFO:CONSOLE(128)] "currentLatencynow: 9.66", source: file:///home/seluser/ppt/player/dashjs/index.html (128)
[156:156:1129/135438.063763:INFO:CONSOLE(128)] "currentLatencynow: 9.569", source: file:///home/seluser/ppt/player/dashjs/index.html (128)
[156:156:1129/135439.062782:INFO:CONSOLE(128)] "currentLatencynow: 9.475", source: file:///home/seluser/ppt/player/dashjs/index.html (128)
[156:156:1129/135440.065506:INFO:CONSOLE(128)] "currentLatencynow: 9.386", source: file:///home/seluser/ppt/player/dashjs/index.html (128)
[156:156:1129/135441.062902:INFO:CONSOLE(128)] "currentLatencynow: 9.286", source: file:///home/seluser/ppt/player/dashjs/index.html (128)
[156:156:1129/135442.063705:INFO:CONSOLE(128)] "currentLatencynow: 9.37", source: file:///home/seluser/ppt/player/dashjs/index.html (128)
[156:156:1129/135443.062721:INFO:CONSOLE(128)] "currentLatencynow: 10.37", source: file:///home/seluser/ppt/player/dashjs/index.html (128)
[156:156:1129/135444.064315:INFO:CONSOLE(128)] "currentLatencynow: 11.37", source: file:///home/seluser/ppt/player/dashjs/index.html (128)
[156:156:1129/135445.063174:INFO:CONSOLE(128)] "currentLatencynow: 12.37", source: file:///home/seluser/ppt/player/dashjs/index.html (128)
[156:183:1129/135445.953064:ERROR:bus.cc(392)] Failed to connect to the bus: Address does not contain a colon
[156:183:1129/135445.953143:ERROR:bus.cc(392)] Failed to connect to the bus: Address does not contain a colon
[156:156:1129/135446.062675:INFO:CONSOLE(128)] "currentLatencynow: 13.167", source: file:///home/seluser/ppt/player/dashjs/index.html (128)
[156:156:1129/135447.062673:INFO:CONSOLE(128)] "currentLatencynow: 13.067", source: file:///home/seluser/ppt/player/dashjs/index.html (128)
[156:156:1129/135448.062815:INFO:CONSOLE(128)] "currentLatencynow: 12.967", source: file:///home/seluser/ppt/player/dashjs/index.html (128)
[156:156:1129/135449.063027:INFO:CONSOLE(128)] "currentLatencynow: 12.867", source: file:///home/seluser/ppt/player/dashjs/index.html (128)
[156:156:1129/135450.064591:INFO:CONSOLE(128)] "currentLatencynow: 12.767", source: file:///home/seluser/ppt/player/dashjs/index.html (128)
[156:156:1129/135451.063078:INFO:CONSOLE(128)] "currentLatencynow: 12.667", source: file:///home/seluser/ppt/player/dashjs/index.html (128)
[156:156:1129/135452.062984:INFO:CONSOLE(128)] "currentLatencynow: 12.567", source: file:///home/seluser/ppt/player/dashjs/index.html (128)
[156:156:1129/135453.063495:INFO:CONSOLE(128)] "currentLatencynow: 12.468", source: file:///home/seluser/ppt/player/dashjs/index.html (128)
[156:156:1129/135454.064596:INFO:CONSOLE(128)] "currentLatencynow: 12.368", source: file:///home/seluser/ppt/player/dashjs/index.html (128)
[156:156:1129/135455.063663:INFO:CONSOLE(128)] "currentLatencynow: 12.267", source: file:///home/seluser/ppt/player/dashjs/index.html (128)
[156:156:1129/135456.062736:INFO:CONSOLE(128)] "currentLatencynow: 12.168", source: file:///home/seluser/ppt/player/dashjs/index.html (128)
[156:156:1129/135457.062643:INFO:CONSOLE(128)] "currentLatencynow: 12.069", source: file:///home/seluser/ppt/player/dashjs/index.html (128)
[156:156:1129/135458.062907:INFO:CONSOLE(128)] "currentLatencynow: 11.967", source: file:///home/seluser/ppt/player/dashjs/index.html (128)
[156:156:1129/135459.062965:INFO:CONSOLE(128)] "currentLatencynow: 11.87", source: file:///home/seluser/ppt/player/dashjs/index.html (128)
[156:156:1129/135500.065486:INFO:CONSOLE(128)] "currentLatencynow: 11.767", source: file:///home/seluser/ppt/player/dashjs/index.html (128)
[156:156:1129/135501.063676:INFO:CONSOLE(128)] "currentLatencynow: 11.667", source: file:///home/seluser/ppt/player/dashjs/index.html (128)
[156:156:1129/135502.064974:INFO:CONSOLE(128)] "currentLatencynow: 11.566", source: file:///home/seluser/ppt/player/dashjs/index.html (128)
[156:156:1129/135503.062674:INFO:CONSOLE(128)] "currentLatencynow: 11.467", source: file:///home/seluser/ppt/player/dashjs/index.html (128)
[156:156:1129/135504.062856:INFO:CONSOLE(128)] "currentLatencynow: 11.4", source: file:///home/seluser/ppt/player/dashjs/index.html (128)
[156:156:1129/135505.062613:INFO:CONSOLE(128)] "currentLatencynow: 11.4", source: file:///home/seluser/ppt/player/dashjs/index.html (128)
[156:156:1129/135506.063589:INFO:CONSOLE(128)] "currentLatencynow: 11.4", source: file:///home/seluser/ppt/player/dashjs/index.html (128)
[156:156:1129/135507.062899:INFO:CONSOLE(128)] "currentLatencynow: 11.537", source: file:///home/seluser/ppt/player/dashjs/index.html (128)
[156:156:1129/135508.062631:INFO:CONSOLE(128)] "currentLatencynow: 12.537", source: file:///home/seluser/ppt/player/dashjs/index.html (128)
[156:156:1129/135509.063037:INFO:CONSOLE(128)] "currentLatencynow: 13.537", source: file:///home/seluser/ppt/player/dashjs/index.html (128)
[156:183:1129/135509.428222:ERROR:bus.cc(392)] Failed to connect to the bus: Address does not contain a colon
[156:183:1129/135509.428282:ERROR:bus.cc(392)] Failed to connect to the bus: Address does not contain a colon
[156:156:1129/135510.062897:INFO:CONSOLE(128)] "currentLatencynow: 13.811", source: file:///home/seluser/ppt/player/dashjs/index.html (128)
[156:156:1129/135511.063366:INFO:CONSOLE(128)] "currentLatencynow: 13.81", source: file:///home/seluser/ppt/player/dashjs/index.html (128)
[156:156:1129/135512.062593:INFO:CONSOLE(128)] "currentLatencynow: 13.811", source: file:///home/seluser/ppt/player/dashjs/index.html (128)
[156:156:1129/135513.066252:INFO:CONSOLE(128)] "currentLatencynow: 13.811", source: file:///home/seluser/ppt/player/dashjs/index.html (128)
[156:156:1129/135514.063917:INFO:CONSOLE(128)] "currentLatencynow: 13.81", source: file:///home/seluser/ppt/player/dashjs/index.html (128)
[156:156:1129/135515.063367:INFO:CONSOLE(128)] "currentLatencynow: 13.722", source: file:///home/seluser/ppt/player/dashjs/index.html (128)
[156:156:1129/135516.062556:INFO:CONSOLE(128)] "currentLatencynow: 13.621", source: file:///home/seluser/ppt/player/dashjs/index.html (128)
[156:156:1129/135517.062602:INFO:CONSOLE(128)] "currentLatencynow: 13.522", source: file:///home/seluser/ppt/player/dashjs/index.html (128)
[156:156:1129/135518.065059:INFO:CONSOLE(128)] "currentLatencynow: 13.421", source: file:///home/seluser/ppt/player/dashjs/index.html (128)
[156:156:1129/135519.068502:INFO:CONSOLE(128)] "currentLatencynow: 13.32", source: file:///home/seluser/ppt/player/dashjs/index.html (128)
[156:156:1129/135520.062836:INFO:CONSOLE(128)] "currentLatencynow: 13.221", source: file:///home/seluser/ppt/player/dashjs/index.html (128)
[156:156:1129/135521.072378:INFO:CONSOLE(128)] "currentLatencynow: 13.12", source: file:///home/seluser/ppt/player/dashjs/index.html (128)
[156:156:1129/135522.064199:INFO:CONSOLE(128)] "currentLatencynow: 13.075", source: file:///home/seluser/ppt/player/dashjs/index.html (128)
[156:156:1129/135523.062151:INFO:CONSOLE(128)] "currentLatencynow: 13.076", source: file:///home/seluser/ppt/player/dashjs/index.html (128)
[156:156:1129/135524.062575:INFO:CONSOLE(128)] "currentLatencynow: 13.076", source: file:///home/seluser/ppt/player/dashjs/index.html (128)
[156:156:1129/135525.062248:INFO:CONSOLE(128)] "currentLatencynow: 13.53", source: file:///home/seluser/ppt/player/dashjs/index.html (128)
[156:156:1129/135526.064880:INFO:CONSOLE(128)] "currentLatencynow: 14.53", source: file:///home/seluser/ppt/player/dashjs/index.html (128)
[156:156:1129/135527.062225:INFO:CONSOLE(128)] "currentLatencynow: 15.53", source: file:///home/seluser/ppt/player/dashjs/index.html (128)
[156:183:1129/135527.611890:ERROR:bus.cc(392)] Failed to connect to the bus: Address does not contain a colon
[156:183:1129/135527.611965:ERROR:bus.cc(392)] Failed to connect to the bus: Address does not contain a colon
[156:156:1129/135528.062329:INFO:CONSOLE(128)] "currentLatencynow: 15.998", source: file:///home/seluser/ppt/player/dashjs/index.html (128)
[156:156:1129/135529.063728:INFO:CONSOLE(128)] "currentLatencynow: 16.001", source: file:///home/seluser/ppt/player/dashjs/index.html (128)
[156:156:1129/135530.062163:INFO:CONSOLE(128)] "currentLatencynow: 16", source: file:///home/seluser/ppt/player/dashjs/index.html (128)
[156:156:1129/135531.061482:INFO:CONSOLE(128)] "currentLatencynow: 16", source: file:///home/seluser/ppt/player/dashjs/index.html (128)
[156:156:1129/135532.062768:INFO:CONSOLE(128)] "currentLatencynow: 16.516", source: file:///home/seluser/ppt/player/dashjs/index.html (128)
[156:156:1129/135533.061795:INFO:CONSOLE(128)] "currentLatencynow: 17.516", source: file:///home/seluser/ppt/player/dashjs/index.html (128)
[156:183:1129/135533.870933:ERROR:bus.cc(392)] Failed to connect to the bus: Address does not contain a colon
[156:183:1129/135533.871028:ERROR:bus.cc(392)] Failed to connect to the bus: Address does not contain a colon
[156:156:1129/135534.061763:INFO:CONSOLE(128)] "currentLatencynow: 18.238", source: file:///home/seluser/ppt/player/dashjs/index.html (128)
[156:156:1129/135535.062353:INFO:CONSOLE(128)] "currentLatencynow: 18.238", source: file:///home/seluser/ppt/player/dashjs/index.html (128)
[156:156:1129/135536.062086:INFO:CONSOLE(128)] "currentLatencynow: 18.239", source: file:///home/seluser/ppt/player/dashjs/index.html (128)
[156:156:1129/135537.061736:INFO:CONSOLE(128)] "currentLatencynow: 18.219", source: file:///home/seluser/ppt/player/dashjs/index.html (128)
[156:156:1129/135538.061603:INFO:CONSOLE(128)] "currentLatencynow: 18.119", source: file:///home/seluser/ppt/player/dashjs/index.html (128)
[156:156:1129/135539.061559:INFO:CONSOLE(128)] "currentLatencynow: 18.02", source: file:///home/seluser/ppt/player/dashjs/index.html (128)
[156:156:1129/135540.062200:INFO:CONSOLE(128)] "currentLatencynow: 17.919", source: file:///home/seluser/ppt/player/dashjs/index.html (128)
[156:156:1129/135541.063106:INFO:CONSOLE(128)] "currentLatencynow: 17.819", source: file:///home/seluser/ppt/player/dashjs/index.html (128)
[156:156:1129/135542.061681:INFO:CONSOLE(128)] "currentLatencynow: 17.719", source: file:///home/seluser/ppt/player/dashjs/index.html (128)
[156:156:1129/135543.062029:INFO:CONSOLE(128)] "currentLatencynow: 17.619", source: file:///home/seluser/ppt/player/dashjs/index.html (128)
[156:156:1129/135544.062442:INFO:CONSOLE(114)] "Begin Player stistics 
", source: file:///home/seluser/ppt/player/dashjs/index.html (114)
[156:156:1129/135544.062976:INFO:CONSOLE(115)] "["stall",[["3.19","5.98",2.7900000000000005]],[["10.52","10.77",0.25]],[["22.34","22.59",0.25]],[["24.45","24.70",0.25]],[["28.59","28.84",0.25]],[["40.31","40.56",0.25]],[["58.59","58.84",0.25]],[["83.60","83.85",0.25]],[["101.28","101.53",0.25]],[["108.22","108.47",0.25]],[["availibleBW",[null],[null],[null],[null],[null],[3792],[3792],[3842],[3842],[3853],[3848],[3848],[3845],[3845],[4137],[4434],[4434],[4325],[4325],[4487],[4487],[4889],[4889],[4577],[4577],[4055],[4055],[3995],[3995],[3231],[3231],[3331],[3331],[3130],[3130],[2862],[2862],[2692],[2692],[2396],[2396],[2612],[2612],[2612],[2587],[2709],[2709],[2586],[2586],[2483],[2483],[2595],[2595],[2570],[2570],[2954],[2954],[3208],[3208],[3208],[3825],[3825],[3979],[3979],[3783],[3783],[3783],[3518],[3518],[3307],[3307],[3646],[3646],[3341],[3341],[3332],[3483],[3483],[3483],[3483],[3572],[3572],[3572],[3542],[3542],[3509],[3509],[4422],[3740],[3740],[3839],[3880],[4181],[4181],[4054],[4054],[4054],[4118],[4118],[4118],[4133],[4321],[4321],[4334],[4334],[4334],[4586],[4586],[4586],[4680],[4680],[4516],[4612],[4612],[4667],[4645],[4645],[4360],[3931]]],[["currentBuffer",[0],[0],[0],[0],[0],[0.895],[0],[0],[0],[0],[0.953],[0.141],[1.142],[0.143],[1.147],[1.958],[1.143],[2.003],[1.072],[1.989],[0.888],[1.85],[0.85],[1.99],[1.039],[2.031],[0.949],[1.98],[1.53],[2.538],[1.471],[2.293],[1.272],[2.177],[1.075],[1.976],[0.875],[1.773],[0.703],[1.931],[1.931],[3.299],[2.284],[1.185],[2.087],[2.874],[1.888],[2.692],[1.69],[2.592],[1.511],[2.354],[1.313],[2.051],[1.13],[2.032],[0.942],[1.835],[1.835],[1.835],[3.837],[3.748],[4.701],[3.604],[4.497],[3.402],[2.218],[3.065],[2.105],[2.93],[1.91],[2.81],[1.708],[2.524],[1.51],[2.412],[3.23],[2.214],[1.115],[0.034],[0],[0],[0],[0],[0],[0.432],[0],[0.371],[1.439],[0.436],[1.365],[2.263],[3.166],[2.069],[2.971],[1.871],[0.772],[0],[0],[0],[0],[0],[0],[0.707],[0],[0],[0],[0],[0],[0.764],[0],[0.766],[1.75],[0.652],[1.554],[2.454],[1.353],[2.257],[3.158]]],[["currentLatency",[null],[0],[6.227],[7.227],[8.229],[8.476],[8.396],[8.396],[8.397],[8.617],[9.506],[9.506],[9.507],[9.505],[9.506],[9.506],[9.505],[9.506],[9.408],[9.32],[9.22],[9.276],[9.277],[9.496],[9.575],[9.579],[9.479],[9.548],[9.956],[9.956],[9.874],[9.774],[9.681],[9.574],[9.475],[9.375],[9.274],[9.202],[9.099],[9.484],[10.484],[10.726],[10.64],[10.542],[10.442],[10.341],[10.241],[10.144],[10.041],[9.941],[9.861],[9.76],[9.66],[9.569],[9.475],[9.386],[9.286],[9.37],[10.37],[11.37],[12.37],[13.167],[13.067],[12.967],[12.867],[12.767],[12.667],[12.567],[12.468],[12.368],[12.267],[12.168],[12.069],[11.967],[11.87],[11.767],[11.667],[11.566],[11.467],[11.4],[11.4],[11.4],[11.537],[12.537],[13.537],[13.811],[13.81],[13.811],[13.811],[13.81],[13.722],[13.621],[13.522],[13.421],[13.32],[13.221],[13.12],[13.075],[13.076],[13.076],[13.53],[14.53],[15.53],[15.998],[16.001],[16],[16],[16.516],[17.516],[18.238],[18.238],[18.239],[18.219],[18.119],[18.02],[17.919],[17.819],[17.719],[17.619]]]]", source: file:///home/seluser/ppt/player/dashjs/index.html (115)
[156:156:1129/135544.063096:INFO:CONSOLE(116)] "
", source: file:///home/seluser/ppt/player/dashjs/index.html (116)
[156:156:1129/135544.063130:INFO:CONSOLE(117)] "Finish Player stistics 
", source: file:///home/seluser/ppt/player/dashjs/index.html (117)
[156:156:1129/135544.063150:INFO:CONSOLE(128)] "currentLatencynow: 17.519", source: file:///home/seluser/ppt/player/dashjs/index.html (128)
[156:156:1129/135545.063738:INFO:CONSOLE(128)] "currentLatencynow: 17.418", source: file:///home/seluser/ppt/player/dashjs/index.html (128)
[156:156:1129/135546.062294:INFO:CONSOLE(128)] "currentLatencynow: 17.321", source: file:///home/seluser/ppt/player/dashjs/index.html (128)
[156:156:1129/135547.061670:INFO:CONSOLE(128)] "currentLatencynow: 17.219", source: file:///home/seluser/ppt/player/dashjs/index.html (128)
[156:156:1129/135548.061684:INFO:CONSOLE(128)] "currentLatencynow: 17.163", source: file:///home/seluser/ppt/player/dashjs/index.html (128)
[156:156:1129/135549.061154:INFO:CONSOLE(128)] "currentLatencynow: 17.165", source: file:///home/seluser/ppt/player/dashjs/index.html (128)
[156:156:1129/135550.061881:INFO:CONSOLE(128)] "currentLatencynow: 17.163", source: file:///home/seluser/ppt/player/dashjs/index.html (128)
[156:156:1129/135551.061164:INFO:CONSOLE(128)] "currentLatencynow: 17.502", source: file:///home/seluser/ppt/player/dashjs/index.html (128)
[156:156:1129/135552.061153:INFO:CONSOLE(128)] "currentLatencynow: 18.502", source: file:///home/seluser/ppt/player/dashjs/index.html (128)
[156:156:1129/135553.061223:INFO:CONSOLE(128)] "currentLatencynow: 19.502", source: file:///home/seluser/ppt/player/dashjs/index.html (128)
[156:156:1129/135554.062109:INFO:CONSOLE(128)] "currentLatencynow: 20.502", source: file:///home/seluser/ppt/player/dashjs/index.html (128)
[156:183:1129/135554.447437:ERROR:bus.cc(392)] Failed to connect to the bus: Address does not contain a colon
[156:183:1129/135554.447522:ERROR:bus.cc(392)] Failed to connect to the bus: Address does not contain a colon
[156:156:1129/135555.062210:INFO:CONSOLE(128)] "currentLatencynow: 20.878", source: file:///home/seluser/ppt/player/dashjs/index.html (128)
[156:156:1129/135556.061060:INFO:CONSOLE(128)] "currentLatencynow: 20.874", source: file:///home/seluser/ppt/player/dashjs/index.html (128)
[156:156:1129/135557.061057:INFO:CONSOLE(128)] "currentLatencynow: 20.873", source: file:///home/seluser/ppt/player/dashjs/index.html (128)
[156:156:1129/135558.061211:INFO:CONSOLE(128)] "currentLatencynow: 20.773", source: file:///home/seluser/ppt/player/dashjs/index.html (128)
[156:156:1129/135559.061152:INFO:CONSOLE(128)] "currentLatencynow: 20.673", source: file:///home/seluser/ppt/player/dashjs/index.html (128)
[156:156:1129/135600.060993:INFO:CONSOLE(128)] "currentLatencynow: 20.576", source: file:///home/seluser/ppt/player/dashjs/index.html (128)
[156:156:1129/135601.061022:INFO:CONSOLE(128)] "currentLatencynow: 20.475", source: file:///home/seluser/ppt/player/dashjs/index.html (128)
[156:156:1129/135602.062526:INFO:CONSOLE(128)] "currentLatencynow: 21.223", source: file:///home/seluser/ppt/player/dashjs/index.html (128)
[156:156:1129/135603.061146:INFO:CONSOLE(128)] "currentLatencynow: 22.222", source: file:///home/seluser/ppt/player/dashjs/index.html (128)
[156:156:1129/135604.061098:INFO:CONSOLE(128)] "currentLatencynow: 23.222", source: file:///home/seluser/ppt/player/dashjs/index.html (128)
[156:156:1129/135605.061020:INFO:CONSOLE(128)] "currentLatencynow: 24.222", source: file:///home/seluser/ppt/player/dashjs/index.html (128)
[156:156:1129/135606.061391:INFO:CONSOLE(128)] "currentLatencynow: 25.222", source: file:///home/seluser/ppt/player/dashjs/index.html (128)
[156:156:1129/135607.061247:INFO:CONSOLE(128)] "currentLatencynow: 26.222", source: file:///home/seluser/ppt/player/dashjs/index.html (128)
[156:156:1129/135608.061576:INFO:CONSOLE(128)] "currentLatencynow: 27.222", source: file:///home/seluser/ppt/player/dashjs/index.html (128)
[156:156:1129/135609.061248:INFO:CONSOLE(128)] "currentLatencynow: 28.222", source: file:///home/seluser/ppt/player/dashjs/index.html (128)
[156:156:1129/135610.062091:INFO:CONSOLE(128)] "currentLatencynow: 29.223", source: file:///home/seluser/ppt/player/dashjs/index.html (128)
[156:156:1129/135611.061033:INFO:CONSOLE(128)] "currentLatencynow: 30.222", source: file:///home/seluser/ppt/player/dashjs/index.html (128)
[156:156:1129/135612.062281:INFO:CONSOLE(128)] "currentLatencynow: 30.944", source: file:///home/seluser/ppt/player/dashjs/index.html (128)
[156:156:1129/135613.060950:INFO:CONSOLE(128)] "currentLatencynow: 31.942", source: file:///home/seluser/ppt/player/dashjs/index.html (128)
[156:156:1129/135614.061165:INFO:CONSOLE(128)] "currentLatencynow: 32.942", source: file:///home/seluser/ppt/player/dashjs/index.html (128)
[156:156:1129/135615.060978:INFO:CONSOLE(128)] "currentLatencynow: 33.942", source: file:///home/seluser/ppt/player/dashjs/index.html (128)
[156:156:1129/135616.061079:INFO:CONSOLE(128)] "currentLatencynow: 34.942", source: file:///home/seluser/ppt/player/dashjs/index.html (128)
[156:156:1129/135617.060896:INFO:CONSOLE(128)] "currentLatencynow: 35.942", source: file:///home/seluser/ppt/player/dashjs/index.html (128)
[156:156:1129/135618.061091:INFO:CONSOLE(128)] "currentLatencynow: 36.942", source: file:///home/seluser/ppt/player/dashjs/index.html (128)
[156:156:1129/135619.060800:INFO:CONSOLE(128)] "currentLatencynow: 37.942", source: file:///home/seluser/ppt/player/dashjs/index.html (128)
[156:156:1129/135620.060553:INFO:CONSOLE(128)] "currentLatencynow: 38.942", source: file:///home/seluser/ppt/player/dashjs/index.html (128)
[156:156:1129/135621.060540:INFO:CONSOLE(128)] "currentLatencynow: 39.942", source: file:///home/seluser/ppt/player/dashjs/index.html (128)
[156:156:1129/135622.060876:INFO:CONSOLE(128)] "currentLatencynow: 40.942", source: file:///home/seluser/ppt/player/dashjs/index.html (128)
[156:156:1129/135623.060568:INFO:CONSOLE(128)] "currentLatencynow: 41.942", source: file:///home/seluser/ppt/player/dashjs/index.html (128)
[156:156:1129/135624.060646:INFO:CONSOLE(128)] "currentLatencynow: 42.942", source: file:///home/seluser/ppt/player/dashjs/index.html (128)
[156:156:1129/135625.060698:INFO:CONSOLE(128)] "currentLatencynow: 43.942", source: file:///home/seluser/ppt/player/dashjs/index.html (128)
[156:156:1129/135626.060789:INFO:CONSOLE(128)] "currentLatencynow: 44.942", source: file:///home/seluser/ppt/player/dashjs/index.html (128)
[156:156:1129/135627.060506:INFO:CONSOLE(128)] "currentLatencynow: 45.942", source: file:///home/seluser/ppt/player/dashjs/index.html (128)
[156:156:1129/135628.060595:INFO:CONSOLE(128)] "currentLatencynow: 46.942", source: file:///home/seluser/ppt/player/dashjs/index.html (128)
[156:156:1129/135629.060512:INFO:CONSOLE(128)] "currentLatencynow: 47.942", source: file:///home/seluser/ppt/player/dashjs/index.html (128)
[156:156:1129/135630.060648:INFO:CONSOLE(128)] "currentLatencynow: 48.942", source: file:///home/seluser/ppt/player/dashjs/index.html (128)
[156:156:1129/135631.060565:INFO:CONSOLE(128)] "currentLatencynow: 49.942", source: file:///home/seluser/ppt/player/dashjs/index.html (128)
[156:156:1129/135632.060527:INFO:CONSOLE(128)] "currentLatencynow: 50.942", source: file:///home/seluser/ppt/player/dashjs/index.html (128)
[156:156:1129/135633.060517:INFO:CONSOLE(128)] "currentLatencynow: 51.942", source: file:///home/seluser/ppt/player/dashjs/index.html (128)
[156:156:1129/135634.060662:INFO:CONSOLE(128)] "currentLatencynow: 52.942", source: file:///home/seluser/ppt/player/dashjs/index.html (128)
[156:156:1129/135635.060633:INFO:CONSOLE(128)] "currentLatencynow: 53.942", source: file:///home/seluser/ppt/player/dashjs/index.html (128)
[156:156:1129/135636.060478:INFO:CONSOLE(128)] "currentLatencynow: 54.942", source: file:///home/seluser/ppt/player/dashjs/index.html (128)
[156:156:1129/135637.060600:INFO:CONSOLE(128)] "currentLatencynow: 55.942", source: file:///home/seluser/ppt/player/dashjs/index.html (128)
[156:156:1129/135638.060496:INFO:CONSOLE(128)] "currentLatencynow: 56.942", source: file:///home/seluser/ppt/player/dashjs/index.html (128)
[156:156:1129/135639.060592:INFO:CONSOLE(128)] "currentLatencynow: 57.942", source: file:///home/seluser/ppt/player/dashjs/index.html (128)
[156:156:1129/135640.060904:INFO:CONSOLE(128)] "currentLatencynow: 58.942", source: file:///home/seluser/ppt/player/dashjs/index.html (128)
[156:156:1129/135641.060517:INFO:CONSOLE(128)] "currentLatencynow: 59.942", source: file:///home/seluser/ppt/player/dashjs/index.html (128)
[156:156:1129/135642.060695:INFO:CONSOLE(128)] "currentLatencynow: 60.942", source: file:///home/seluser/ppt/player/dashjs/index.html (128)
[156:156:1129/135643.060854:INFO:CONSOLE(128)] "currentLatencynow: 61.942", source: file:///home/seluser/ppt/player/dashjs/index.html (128)
[156:156:1129/135644.060589:INFO:CONSOLE(128)] "currentLatencynow: 62.942", source: file:///home/seluser/ppt/player/dashjs/index.html (128)
[156:156:1129/135644.443864:WARNING:pref_notifier_impl.cc(40)] Pref observer for media_router.cast_allow_all_ips found at shutdown.
