[156:219:1129/135338.410459:ERROR:bus.cc(392)] Failed to connect to the bus: Failed to connect to socket /var/run/dbus/system_bus_socket: No such file or directory
[156:182:1129/135338.418372:ERROR:bus.cc(392)] Failed to connect to the bus: Address does not contain a colon
[156:182:1129/135338.418423:ERROR:bus.cc(392)] Failed to connect to the bus: Address does not contain a colon
[156:182:1129/135338.453269:ERROR:bus.cc(392)] Failed to connect to the bus: Address does not contain a colon
[225:225:1129/135338.453253:ERROR:gpu_init.cc(453)] Passthrough is not supported, GL is swiftshader, ANGLE is 
[156:182:1129/135338.453552:ERROR:bus.cc(392)] Failed to connect to the bus: Address does not contain a colon
[156:182:1129/135338.513244:ERROR:bus.cc(392)] Failed to connect to the bus: Address does not contain a colon
[156:182:1129/135338.513432:ERROR:bus.cc(392)] Failed to connect to the bus: Address does not contain a colon
[156:316:1129/135338.732038:ERROR:bus.cc(392)] Failed to connect to the bus: Failed to connect to socket /var/run/dbus/system_bus_socket: No such file or directory
[156:316:1129/135338.732981:ERROR:bus.cc(392)] Failed to connect to the bus: Failed to connect to socket /var/run/dbus/system_bus_socket: No such file or directory
[156:316:1129/135338.733070:ERROR:bus.cc(392)] Failed to connect to the bus: Failed to connect to socket /var/run/dbus/system_bus_socket: No such file or directory
[156:316:1129/135338.733098:WARNING:property.cc(144)] DaemonVersion: GetAndBlock: failed.
[156:316:1129/135338.733143:ERROR:bus.cc(392)] Failed to connect to the bus: Failed to connect to socket /var/run/dbus/system_bus_socket: No such file or directory
[156:316:1129/135338.733202:ERROR:bus.cc(392)] Failed to connect to the bus: Failed to connect to socket /var/run/dbus/system_bus_socket: No such file or directory
[156:156:1129/135340.911685:INFO:CONSOLE(128)] "currentLatencynow: 0", source: file:///home/seluser/ppt/player/dashjs/index.html (128)
[359:359:1129/135341.803736:WARNING:audio_manager_linux.cc(69)] Falling back to ALSA for audio output. PulseAudio is not available or could not be initialized.
[359:359:1129/135341.835995:ERROR:alsa_util.cc(204)] PcmOpen: default,No such file or directory
[359:359:1129/135341.836283:ERROR:alsa_util.cc(204)] PcmOpen: plug:default,No such file or directory
[156:156:1129/135341.914489:INFO:CONSOLE(128)] "currentLatencynow: 5.93", source: file:///home/seluser/ppt/player/dashjs/index.html (128)
[156:247:1129/135342.782087:ERROR:chrome_browser_main_extra_parts_metrics.cc(228)] crbug.com/1216328: Checking Bluetooth availability started. Please report if there is no report that this ends.
[156:247:1129/135342.782207:ERROR:chrome_browser_main_extra_parts_metrics.cc(231)] crbug.com/1216328: Checking Bluetooth availability ended.
[156:247:1129/135342.782237:ERROR:chrome_browser_main_extra_parts_metrics.cc(234)] crbug.com/1216328: Checking default browser status started. Please report if there is no report that this ends.
[156:156:1129/135342.947151:INFO:CONSOLE(128)] "currentLatencynow: 6.928", source: file:///home/seluser/ppt/player/dashjs/index.html (128)
[156:182:1129/135342.970383:ERROR:bus.cc(392)] Failed to connect to the bus: Address does not contain a colon
[156:182:1129/135342.970535:ERROR:bus.cc(392)] Failed to connect to the bus: Address does not contain a colon
[156:182:1129/135342.970569:ERROR:bus.cc(392)] Failed to connect to the bus: Address does not contain a colon
[156:182:1129/135342.970612:ERROR:bus.cc(392)] Failed to connect to the bus: Address does not contain a colon
[156:182:1129/135342.970629:ERROR:bus.cc(392)] Failed to connect to the bus: Address does not contain a colon
[156:182:1129/135342.970639:ERROR:bus.cc(392)] Failed to connect to the bus: Address does not contain a colon
[156:182:1129/135342.970647:ERROR:bus.cc(392)] Failed to connect to the bus: Address does not contain a colon
[156:182:1129/135342.970655:ERROR:bus.cc(392)] Failed to connect to the bus: Address does not contain a colon
[156:182:1129/135342.970663:ERROR:bus.cc(392)] Failed to connect to the bus: Address does not contain a colon
[156:182:1129/135342.970685:ERROR:bus.cc(392)] Failed to connect to the bus: Address does not contain a colon
[156:182:1129/135342.970693:ERROR:bus.cc(392)] Failed to connect to the bus: Address does not contain a colon
[156:182:1129/135342.970701:ERROR:bus.cc(392)] Failed to connect to the bus: Address does not contain a colon
[156:182:1129/135342.970709:ERROR:bus.cc(392)] Failed to connect to the bus: Address does not contain a colon
[156:182:1129/135342.970716:ERROR:bus.cc(392)] Failed to connect to the bus: Address does not contain a colon
[156:182:1129/135342.970727:ERROR:bus.cc(392)] Failed to connect to the bus: Address does not contain a colon
[156:182:1129/135342.970735:ERROR:bus.cc(392)] Failed to connect to the bus: Address does not contain a colon
[156:182:1129/135342.970743:ERROR:bus.cc(392)] Failed to connect to the bus: Address does not contain a colon
[156:182:1129/135342.998197:ERROR:bus.cc(392)] Failed to connect to the bus: Address does not contain a colon
[156:182:1129/135342.998300:ERROR:bus.cc(392)] Failed to connect to the bus: Address does not contain a colon
[156:247:1129/135343.099410:ERROR:chrome_browser_main_extra_parts_metrics.cc(238)] crbug.com/1216328: Checking default browser status ended.
[156:156:1129/135343.912017:INFO:CONSOLE(128)] "currentLatencynow: 7.252", source: file:///home/seluser/ppt/player/dashjs/index.html (128)
[156:156:1129/135344.910558:INFO:CONSOLE(128)] "currentLatencynow: 7.255", source: file:///home/seluser/ppt/player/dashjs/index.html (128)
[156:156:1129/135345.909416:INFO:CONSOLE(128)] "currentLatencynow: 7.254", source: file:///home/seluser/ppt/player/dashjs/index.html (128)
[156:156:1129/135346.909740:INFO:CONSOLE(128)] "currentLatencynow: 7.47", source: file:///home/seluser/ppt/player/dashjs/index.html (128)
[156:156:1129/135347.910593:INFO:CONSOLE(128)] "currentLatencynow: 8.47", source: file:///home/seluser/ppt/player/dashjs/index.html (128)
[156:156:1129/135348.912641:INFO:CONSOLE(128)] "currentLatencynow: 9.472", source: file:///home/seluser/ppt/player/dashjs/index.html (128)
[156:182:1129/135349.797455:ERROR:bus.cc(392)] Failed to connect to the bus: Address does not contain a colon
[156:182:1129/135349.797528:ERROR:bus.cc(392)] Failed to connect to the bus: Address does not contain a colon
[156:156:1129/135349.912163:INFO:CONSOLE(128)] "currentLatencynow: 10.283", source: file:///home/seluser/ppt/player/dashjs/index.html (128)
[156:156:1129/135350.912831:INFO:CONSOLE(128)] "currentLatencynow: 10.284", source: file:///home/seluser/ppt/player/dashjs/index.html (128)
[156:156:1129/135351.911817:INFO:CONSOLE(128)] "currentLatencynow: 10.284", source: file:///home/seluser/ppt/player/dashjs/index.html (128)
[156:156:1129/135352.911509:INFO:CONSOLE(128)] "currentLatencynow: 10.287", source: file:///home/seluser/ppt/player/dashjs/index.html (128)
[156:156:1129/135353.915846:INFO:CONSOLE(128)] "currentLatencynow: 10.488", source: file:///home/seluser/ppt/player/dashjs/index.html (128)
[156:156:1129/135354.912106:INFO:CONSOLE(128)] "currentLatencynow: 11.484", source: file:///home/seluser/ppt/player/dashjs/index.html (128)
[156:156:1129/135355.912258:INFO:CONSOLE(128)] "currentLatencynow: 12.484", source: file:///home/seluser/ppt/player/dashjs/index.html (128)
[156:182:1129/135356.039054:ERROR:bus.cc(392)] Failed to connect to the bus: Address does not contain a colon
[156:182:1129/135356.039171:ERROR:bus.cc(392)] Failed to connect to the bus: Address does not contain a colon
[156:156:1129/135356.914239:INFO:CONSOLE(128)] "currentLatencynow: 12.566", source: file:///home/seluser/ppt/player/dashjs/index.html (128)
[156:156:1129/135357.915365:INFO:CONSOLE(128)] "currentLatencynow: 12.566", source: file:///home/seluser/ppt/player/dashjs/index.html (128)
[156:156:1129/135358.915256:INFO:CONSOLE(128)] "currentLatencynow: 12.567", source: file:///home/seluser/ppt/player/dashjs/index.html (128)
[156:156:1129/135359.911874:INFO:CONSOLE(128)] "currentLatencynow: 12.716", source: file:///home/seluser/ppt/player/dashjs/index.html (128)
[156:156:1129/135400.911575:INFO:CONSOLE(128)] "currentLatencynow: 12.719", source: file:///home/seluser/ppt/player/dashjs/index.html (128)
[156:156:1129/135401.912460:INFO:CONSOLE(128)] "currentLatencynow: 13.124", source: file:///home/seluser/ppt/player/dashjs/index.html (128)
[156:156:1129/135402.911615:INFO:CONSOLE(128)] "currentLatencynow: 13.026", source: file:///home/seluser/ppt/player/dashjs/index.html (128)
[156:156:1129/135403.911560:INFO:CONSOLE(128)] "currentLatencynow: 12.924", source: file:///home/seluser/ppt/player/dashjs/index.html (128)
[156:156:1129/135404.912099:INFO:CONSOLE(128)] "currentLatencynow: 12.823", source: file:///home/seluser/ppt/player/dashjs/index.html (128)
[156:156:1129/135405.911565:INFO:CONSOLE(128)] "currentLatencynow: 12.724", source: file:///home/seluser/ppt/player/dashjs/index.html (128)
[156:156:1129/135406.911415:INFO:CONSOLE(128)] "currentLatencynow: 12.624", source: file:///home/seluser/ppt/player/dashjs/index.html (128)
[156:156:1129/135407.911595:INFO:CONSOLE(128)] "currentLatencynow: 12.524", source: file:///home/seluser/ppt/player/dashjs/index.html (128)
[156:156:1129/135408.911772:INFO:CONSOLE(128)] "currentLatencynow: 12.43", source: file:///home/seluser/ppt/player/dashjs/index.html (128)
[156:156:1129/135409.911779:INFO:CONSOLE(128)] "currentLatencynow: 12.326", source: file:///home/seluser/ppt/player/dashjs/index.html (128)
[156:156:1129/135410.920685:INFO:CONSOLE(128)] "currentLatencynow: 12.223", source: file:///home/seluser/ppt/player/dashjs/index.html (128)
[156:156:1129/135411.911558:INFO:CONSOLE(128)] "currentLatencynow: 12.124", source: file:///home/seluser/ppt/player/dashjs/index.html (128)
[156:156:1129/135412.911735:INFO:CONSOLE(128)] "currentLatencynow: 12.024", source: file:///home/seluser/ppt/player/dashjs/index.html (128)
[156:156:1129/135413.913624:INFO:CONSOLE(128)] "currentLatencynow: 11.924", source: file:///home/seluser/ppt/player/dashjs/index.html (128)
[156:156:1129/135414.911465:INFO:CONSOLE(128)] "currentLatencynow: 11.893", source: file:///home/seluser/ppt/player/dashjs/index.html (128)
[156:156:1129/135415.912246:INFO:CONSOLE(128)] "currentLatencynow: 11.892", source: file:///home/seluser/ppt/player/dashjs/index.html (128)
[156:156:1129/135416.911452:INFO:CONSOLE(128)] "currentLatencynow: 11.894", source: file:///home/seluser/ppt/player/dashjs/index.html (128)
[156:156:1129/135417.914256:INFO:CONSOLE(128)] "currentLatencynow: 12.444", source: file:///home/seluser/ppt/player/dashjs/index.html (128)
[156:156:1129/135418.914182:INFO:CONSOLE(128)] "currentLatencynow: 13.443", source: file:///home/seluser/ppt/player/dashjs/index.html (128)
[156:156:1129/135419.911597:INFO:CONSOLE(128)] "currentLatencynow: 14.443", source: file:///home/seluser/ppt/player/dashjs/index.html (128)
[156:182:1129/135420.049630:ERROR:bus.cc(392)] Failed to connect to the bus: Address does not contain a colon
[156:182:1129/135420.049689:ERROR:bus.cc(392)] Failed to connect to the bus: Address does not contain a colon
[156:156:1129/135420.911371:INFO:CONSOLE(128)] "currentLatencynow: 14.536", source: file:///home/seluser/ppt/player/dashjs/index.html (128)
[156:156:1129/135421.929976:INFO:CONSOLE(128)] "currentLatencynow: 14.44", source: file:///home/seluser/ppt/player/dashjs/index.html (128)
[156:156:1129/135422.912613:INFO:CONSOLE(128)] "currentLatencynow: 14.34", source: file:///home/seluser/ppt/player/dashjs/index.html (128)
[156:156:1129/135423.911263:INFO:CONSOLE(128)] "currentLatencynow: 14.24", source: file:///home/seluser/ppt/player/dashjs/index.html (128)
[156:156:1129/135424.916685:INFO:CONSOLE(128)] "currentLatencynow: 14.141", source: file:///home/seluser/ppt/player/dashjs/index.html (128)
[156:156:1129/135425.911339:INFO:CONSOLE(128)] "currentLatencynow: 14.04", source: file:///home/seluser/ppt/player/dashjs/index.html (128)
[156:156:1129/135426.917591:INFO:CONSOLE(128)] "currentLatencynow: 13.94", source: file:///home/seluser/ppt/player/dashjs/index.html (128)
[156:156:1129/135427.918316:INFO:CONSOLE(128)] "currentLatencynow: 13.84", source: file:///home/seluser/ppt/player/dashjs/index.html (128)
[156:156:1129/135428.912209:INFO:CONSOLE(128)] "currentLatencynow: 13.741", source: file:///home/seluser/ppt/player/dashjs/index.html (128)
[156:156:1129/135429.911427:INFO:CONSOLE(128)] "currentLatencynow: 13.641", source: file:///home/seluser/ppt/player/dashjs/index.html (128)
[156:156:1129/135430.912606:INFO:CONSOLE(128)] "currentLatencynow: 13.641", source: file:///home/seluser/ppt/player/dashjs/index.html (128)
[156:156:1129/135431.912716:INFO:CONSOLE(128)] "currentLatencynow: 13.638", source: file:///home/seluser/ppt/player/dashjs/index.html (128)
[156:156:1129/135432.911257:INFO:CONSOLE(128)] "currentLatencynow: 13.639", source: file:///home/seluser/ppt/player/dashjs/index.html (128)
[156:156:1129/135433.911381:INFO:CONSOLE(128)] "currentLatencynow: 14.438", source: file:///home/seluser/ppt/player/dashjs/index.html (128)
[156:156:1129/135434.916303:INFO:CONSOLE(128)] "currentLatencynow: 15.444", source: file:///home/seluser/ppt/player/dashjs/index.html (128)
[156:156:1129/135435.911428:INFO:CONSOLE(128)] "currentLatencynow: 16.439", source: file:///home/seluser/ppt/player/dashjs/index.html (128)
[156:182:1129/135436.500264:ERROR:bus.cc(392)] Failed to connect to the bus: Address does not contain a colon
[156:182:1129/135436.500318:ERROR:bus.cc(392)] Failed to connect to the bus: Address does not contain a colon
[156:156:1129/135436.911295:INFO:CONSOLE(128)] "currentLatencynow: 16.988", source: file:///home/seluser/ppt/player/dashjs/index.html (128)
[156:156:1129/135437.912259:INFO:CONSOLE(128)] "currentLatencynow: 16.989", source: file:///home/seluser/ppt/player/dashjs/index.html (128)
[156:156:1129/135438.911593:INFO:CONSOLE(128)] "currentLatencynow: 16.989", source: file:///home/seluser/ppt/player/dashjs/index.html (128)
[156:156:1129/135439.921926:INFO:CONSOLE(128)] "currentLatencynow: 16.988", source: file:///home/seluser/ppt/player/dashjs/index.html (128)
[156:156:1129/135440.911349:INFO:CONSOLE(128)] "currentLatencynow: 17.44", source: file:///home/seluser/ppt/player/dashjs/index.html (128)
[156:156:1129/135441.911672:INFO:CONSOLE(128)] "currentLatencynow: 18.44", source: file:///home/seluser/ppt/player/dashjs/index.html (128)
[156:156:1129/135442.914559:INFO:CONSOLE(128)] "currentLatencynow: 19.441", source: file:///home/seluser/ppt/player/dashjs/index.html (128)
[156:182:1129/135443.051823:ERROR:bus.cc(392)] Failed to connect to the bus: Address does not contain a colon
[156:182:1129/135443.051901:ERROR:bus.cc(392)] Failed to connect to the bus: Address does not contain a colon
[156:156:1129/135443.912566:INFO:CONSOLE(128)] "currentLatencynow: 19.549", source: file:///home/seluser/ppt/player/dashjs/index.html (128)
[156:156:1129/135444.911787:INFO:CONSOLE(128)] "currentLatencynow: 19.549", source: file:///home/seluser/ppt/player/dashjs/index.html (128)
[156:156:1129/135445.911470:INFO:CONSOLE(128)] "currentLatencynow: 19.549", source: file:///home/seluser/ppt/player/dashjs/index.html (128)
[156:156:1129/135446.912252:INFO:CONSOLE(128)] "currentLatencynow: 19.549", source: file:///home/seluser/ppt/player/dashjs/index.html (128)
[156:156:1129/135447.911220:INFO:CONSOLE(128)] "currentLatencynow: 19.548", source: file:///home/seluser/ppt/player/dashjs/index.html (128)
[156:156:1129/135448.918532:INFO:CONSOLE(128)] "currentLatencynow: 19.548", source: file:///home/seluser/ppt/player/dashjs/index.html (128)
[156:156:1129/135449.911549:INFO:CONSOLE(128)] "currentLatencynow: 19.549", source: file:///home/seluser/ppt/player/dashjs/index.html (128)
[156:156:1129/135450.911623:INFO:CONSOLE(128)] "currentLatencynow: 19.548", source: file:///home/seluser/ppt/player/dashjs/index.html (128)
[156:156:1129/135451.911776:INFO:CONSOLE(128)] "currentLatencynow: 19.549", source: file:///home/seluser/ppt/player/dashjs/index.html (128)
[156:156:1129/135452.912948:INFO:CONSOLE(128)] "currentLatencynow: 19.461", source: file:///home/seluser/ppt/player/dashjs/index.html (128)
[156:156:1129/135453.915501:INFO:CONSOLE(128)] "currentLatencynow: 19.404", source: file:///home/seluser/ppt/player/dashjs/index.html (128)
[156:156:1129/135454.911735:INFO:CONSOLE(128)] "currentLatencynow: 20.4", source: file:///home/seluser/ppt/player/dashjs/index.html (128)
[156:156:1129/135455.912383:INFO:CONSOLE(128)] "currentLatencynow: 21.4", source: file:///home/seluser/ppt/player/dashjs/index.html (128)
[156:182:1129/135456.188958:ERROR:bus.cc(392)] Failed to connect to the bus: Address does not contain a colon
[156:182:1129/135456.189020:ERROR:bus.cc(392)] Failed to connect to the bus: Address does not contain a colon
[156:156:1129/135456.911194:INFO:CONSOLE(128)] "currentLatencynow: 21.507", source: file:///home/seluser/ppt/player/dashjs/index.html (128)
[156:156:1129/135457.911173:INFO:CONSOLE(128)] "currentLatencynow: 21.407", source: file:///home/seluser/ppt/player/dashjs/index.html (128)
[156:156:1129/135458.921234:INFO:CONSOLE(128)] "currentLatencynow: 21.306", source: file:///home/seluser/ppt/player/dashjs/index.html (128)
[156:156:1129/135459.915015:INFO:CONSOLE(128)] "currentLatencynow: 21.21", source: file:///home/seluser/ppt/player/dashjs/index.html (128)
[156:156:1129/135500.911457:INFO:CONSOLE(128)] "currentLatencynow: 21.107", source: file:///home/seluser/ppt/player/dashjs/index.html (128)
[156:156:1129/135501.913281:INFO:CONSOLE(128)] "currentLatencynow: 21.056", source: file:///home/seluser/ppt/player/dashjs/index.html (128)
[156:156:1129/135502.913060:INFO:CONSOLE(128)] "currentLatencynow: 21.054", source: file:///home/seluser/ppt/player/dashjs/index.html (128)
[156:156:1129/135503.911168:INFO:CONSOLE(128)] "currentLatencynow: 21.054", source: file:///home/seluser/ppt/player/dashjs/index.html (128)
[156:156:1129/135504.911452:INFO:CONSOLE(128)] "currentLatencynow: 21.406", source: file:///home/seluser/ppt/player/dashjs/index.html (128)
[156:156:1129/135505.912660:INFO:CONSOLE(128)] "currentLatencynow: 22.407", source: file:///home/seluser/ppt/player/dashjs/index.html (128)
[156:156:1129/135506.911449:INFO:CONSOLE(128)] "currentLatencynow: 22.483", source: file:///home/seluser/ppt/player/dashjs/index.html (128)
[156:156:1129/135507.912226:INFO:CONSOLE(128)] "currentLatencynow: 22.481", source: file:///home/seluser/ppt/player/dashjs/index.html (128)
[156:156:1129/135508.911389:INFO:CONSOLE(128)] "currentLatencynow: 22.482", source: file:///home/seluser/ppt/player/dashjs/index.html (128)
[156:156:1129/135509.914667:INFO:CONSOLE(128)] "currentLatencynow: 22.389", source: file:///home/seluser/ppt/player/dashjs/index.html (128)
[156:156:1129/135510.914439:INFO:CONSOLE(128)] "currentLatencynow: 22.318", source: file:///home/seluser/ppt/player/dashjs/index.html (128)
[156:156:1129/135511.911293:INFO:CONSOLE(128)] "currentLatencynow: 22.238", source: file:///home/seluser/ppt/player/dashjs/index.html (128)
[156:156:1129/135512.911415:INFO:CONSOLE(128)] "currentLatencynow: 22.136", source: file:///home/seluser/ppt/player/dashjs/index.html (128)
[156:156:1129/135513.917847:INFO:CONSOLE(128)] "currentLatencynow: 22.036", source: file:///home/seluser/ppt/player/dashjs/index.html (128)
[156:156:1129/135514.911329:INFO:CONSOLE(128)] "currentLatencynow: 21.937", source: file:///home/seluser/ppt/player/dashjs/index.html (128)
[156:156:1129/135515.911125:INFO:CONSOLE(128)] "currentLatencynow: 21.836", source: file:///home/seluser/ppt/player/dashjs/index.html (128)
[156:156:1129/135516.911804:INFO:CONSOLE(128)] "currentLatencynow: 21.736", source: file:///home/seluser/ppt/player/dashjs/index.html (128)
[156:156:1129/135517.911248:INFO:CONSOLE(128)] "currentLatencynow: 21.637", source: file:///home/seluser/ppt/player/dashjs/index.html (128)
[156:156:1129/135518.910973:INFO:CONSOLE(128)] "currentLatencynow: 21.613", source: file:///home/seluser/ppt/player/dashjs/index.html (128)
[156:156:1129/135519.910611:INFO:CONSOLE(128)] "currentLatencynow: 21.613", source: file:///home/seluser/ppt/player/dashjs/index.html (128)
[156:156:1129/135520.915864:INFO:CONSOLE(128)] "currentLatencynow: 22.295", source: file:///home/seluser/ppt/player/dashjs/index.html (128)
[156:156:1129/135521.913093:INFO:CONSOLE(128)] "currentLatencynow: 23.292", source: file:///home/seluser/ppt/player/dashjs/index.html (128)
[156:156:1129/135522.912496:INFO:CONSOLE(128)] "currentLatencynow: 24.289", source: file:///home/seluser/ppt/player/dashjs/index.html (128)
[156:182:1129/135523.780390:ERROR:bus.cc(392)] Failed to connect to the bus: Address does not contain a colon
[156:182:1129/135523.780460:ERROR:bus.cc(392)] Failed to connect to the bus: Address does not contain a colon
[156:156:1129/135523.910646:INFO:CONSOLE(128)] "currentLatencynow: 25.117", source: file:///home/seluser/ppt/player/dashjs/index.html (128)
[156:156:1129/135524.911917:INFO:CONSOLE(128)] "currentLatencynow: 25.116", source: file:///home/seluser/ppt/player/dashjs/index.html (128)
[156:156:1129/135525.919203:INFO:CONSOLE(128)] "currentLatencynow: 25.117", source: file:///home/seluser/ppt/player/dashjs/index.html (128)
[156:156:1129/135526.910165:INFO:CONSOLE(128)] "currentLatencynow: 25.117", source: file:///home/seluser/ppt/player/dashjs/index.html (128)
[156:156:1129/135527.911023:INFO:CONSOLE(128)] "currentLatencynow: 25.285", source: file:///home/seluser/ppt/player/dashjs/index.html (128)
[156:156:1129/135528.910462:INFO:CONSOLE(128)] "currentLatencynow: 26.285", source: file:///home/seluser/ppt/player/dashjs/index.html (128)
[156:156:1129/135529.910688:INFO:CONSOLE(128)] "currentLatencynow: 27.286", source: file:///home/seluser/ppt/player/dashjs/index.html (128)
[156:156:1129/135530.911754:INFO:CONSOLE(128)] "currentLatencynow: 28.285", source: file:///home/seluser/ppt/player/dashjs/index.html (128)
[156:182:1129/135531.296145:ERROR:bus.cc(392)] Failed to connect to the bus: Address does not contain a colon
[156:182:1129/135531.296238:ERROR:bus.cc(392)] Failed to connect to the bus: Address does not contain a colon
[156:156:1129/135531.911199:INFO:CONSOLE(128)] "currentLatencynow: 28.595", source: file:///home/seluser/ppt/player/dashjs/index.html (128)
[156:156:1129/135532.911882:INFO:CONSOLE(128)] "currentLatencynow: 28.594", source: file:///home/seluser/ppt/player/dashjs/index.html (128)
[156:156:1129/135533.910684:INFO:CONSOLE(128)] "currentLatencynow: 28.511", source: file:///home/seluser/ppt/player/dashjs/index.html (128)
[156:156:1129/135534.910813:INFO:CONSOLE(128)] "currentLatencynow: 28.411", source: file:///home/seluser/ppt/player/dashjs/index.html (128)
[156:156:1129/135535.913151:INFO:CONSOLE(128)] "currentLatencynow: 28.31", source: file:///home/seluser/ppt/player/dashjs/index.html (128)
[156:156:1129/135536.911810:INFO:CONSOLE(128)] "currentLatencynow: 28.211", source: file:///home/seluser/ppt/player/dashjs/index.html (128)
[156:156:1129/135537.911259:INFO:CONSOLE(128)] "currentLatencynow: 28.112", source: file:///home/seluser/ppt/player/dashjs/index.html (128)
[156:156:1129/135538.911910:INFO:CONSOLE(128)] "currentLatencynow: 28.012", source: file:///home/seluser/ppt/player/dashjs/index.html (128)
[156:156:1129/135539.910533:INFO:CONSOLE(114)] "Begin Player stistics 
", source: file:///home/seluser/ppt/player/dashjs/index.html (114)
[156:156:1129/135539.910961:INFO:CONSOLE(115)] "["stall",[["2.53","3.78",1.25]],[["4.27","4.52",0.25]],[["7.52","7.77",0.25]],[["14.53","14.78",0.25]],[["19.82","20.07",0.25]],[["21.97","22.22",0.25]],[["38.18","38.43",0.25]],[["53.93","54.18",0.25]],[["61.28","61.53",0.25]],[["74.71","74.96",0.25]],[["85.38","85.63",0.25]],[["101.06","101.31",0.25]],[["108.57","108.82",0.25]],[["availibleBW",[null],[null],[3364],[3364],[3364],[3364],[3587],[3587],[3587],[3581],[3581],[3581],[3581],[3643],[3643],[3643],[3989],[4203],[4289],[4289],[4616],[4390],[4390],[4390],[4121],[3990],[3990],[4234],[4234],[3948],[3958],[3958],[3958],[3958],[3886],[3886],[3886],[3602],[3432],[3432],[3294],[3161],[3161],[2983],[3014],[3014],[2933],[2933],[2933],[2933],[2786],[2786],[2786],[2816],[2816],[2823],[3135],[3135],[3135],[3188],[3188],[3188],[3188],[3271],[3271],[3094],[3094],[3006],[2874],[2874],[2896],[2896],[2984],[2984],[2793],[2793],[3123],[3281],[3281],[3281],[3391],[3391],[3439],[3439],[4239],[4239],[5115],[4933],[5249],[5249],[5426],[5630],[5630],[5767],[5291],[5291],[5291],[5147],[5147],[4851],[4851],[4851],[5061],[4976],[4976],[4976],[4976],[4773],[4773],[4482],[4482],[4131],[4151],[4151],[4049],[4049],[4077],[4069],[4069]]],[["currentBuffer",[0],[0],[0.475],[0],[0],[0],[0],[0],[0],[0.926],[0.05],[0],[0],[0],[0],[0],[0.315],[1.322],[2.327],[1.439],[2.441],[3.694],[2.598],[1.496],[2.397],[3.299],[2.199],[3.101],[2.008],[2.906],[3.806],[2.705],[1.606],[0.505],[0],[0],[0],[0],[0],[0],[2.164],[3.076],[1.975],[2.881],[3.738],[2.681],[3.581],[2.448],[1.381],[0.284],[0],[0],[0],[0],[0],[0],[0.628],[0],[0],[0],[0],[0],[0],[0.344],[0],[0.347],[0],[0.348],[1.209],[0.35],[1.316],[0.292],[1.286],[0.003],[2.005],[2.005],[3.143],[4.043],[2.946],[1.845],[0.745],[0],[0],[0],[0],[0],[0.2],[1.202],[2.112],[1.122],[2.042],[2.971],[1.873],[2.761],[3.609],[2.577],[1.475],[0.374],[0],[0],[0],[0],[0],[1.838],[0.925],[0],[0],[0],[0],[0],[0],[1.395],[2.331],[1.33],[2.151],[0.993],[2.034],[2.939],[1.836]]],[["currentLatency",[0],[5.93],[6.928],[7.252],[7.255],[7.254],[7.47],[8.47],[9.472],[10.283],[10.284],[10.284],[10.287],[10.488],[11.484],[12.484],[12.566],[12.566],[12.567],[12.716],[12.719],[13.124],[13.026],[12.924],[12.823],[12.724],[12.624],[12.524],[12.43],[12.326],[12.223],[12.124],[12.024],[11.924],[11.893],[11.892],[11.894],[12.444],[13.443],[14.443],[14.536],[14.44],[14.34],[14.24],[14.141],[14.04],[13.94],[13.84],[13.741],[13.641],[13.641],[13.638],[13.639],[14.438],[15.444],[16.439],[16.988],[16.989],[16.989],[16.988],[17.44],[18.44],[19.441],[19.549],[19.549],[19.549],[19.549],[19.548],[19.548],[19.549],[19.548],[19.549],[19.461],[19.404],[20.4],[21.4],[21.507],[21.407],[21.306],[21.21],[21.107],[21.056],[21.054],[21.054],[21.406],[22.407],[22.483],[22.481],[22.482],[22.389],[22.318],[22.238],[22.136],[22.036],[21.937],[21.836],[21.736],[21.637],[21.613],[21.613],[22.295],[23.292],[24.289],[25.117],[25.116],[25.117],[25.117],[25.285],[26.285],[27.286],[28.285],[28.595],[28.594],[28.511],[28.411],[28.31],[28.211],[28.112],[28.012]]]]", source: file:///home/seluser/ppt/player/dashjs/index.html (115)
[156:156:1129/135539.911771:INFO:CONSOLE(116)] "
", source: file:///home/seluser/ppt/player/dashjs/index.html (116)
[156:156:1129/135539.911887:INFO:CONSOLE(117)] "Finish Player stistics 
", source: file:///home/seluser/ppt/player/dashjs/index.html (117)
[156:156:1129/135539.911973:INFO:CONSOLE(128)] "currentLatencynow: 27.91", source: file:///home/seluser/ppt/player/dashjs/index.html (128)
[156:156:1129/135540.910149:INFO:CONSOLE(128)] "currentLatencynow: 27.811", source: file:///home/seluser/ppt/player/dashjs/index.html (128)
[156:156:1129/135541.910215:INFO:CONSOLE(128)] "currentLatencynow: 27.71", source: file:///home/seluser/ppt/player/dashjs/index.html (128)
[156:156:1129/135542.910303:INFO:CONSOLE(128)] "currentLatencynow: 27.612", source: file:///home/seluser/ppt/player/dashjs/index.html (128)
[156:156:1129/135543.910296:INFO:CONSOLE(128)] "currentLatencynow: 27.512", source: file:///home/seluser/ppt/player/dashjs/index.html (128)
[156:156:1129/135544.912697:INFO:CONSOLE(128)] "currentLatencynow: 27.494", source: file:///home/seluser/ppt/player/dashjs/index.html (128)
[156:156:1129/135545.910890:INFO:CONSOLE(128)] "currentLatencynow: 27.494", source: file:///home/seluser/ppt/player/dashjs/index.html (128)
[156:156:1129/135546.916185:INFO:CONSOLE(128)] "currentLatencynow: 27.494", source: file:///home/seluser/ppt/player/dashjs/index.html (128)
[156:156:1129/135547.910229:INFO:CONSOLE(128)] "currentLatencynow: 28.365", source: file:///home/seluser/ppt/player/dashjs/index.html (128)
[156:156:1129/135548.910562:INFO:CONSOLE(128)] "currentLatencynow: 29.365", source: file:///home/seluser/ppt/player/dashjs/index.html (128)
[156:156:1129/135549.910106:INFO:CONSOLE(128)] "currentLatencynow: 30.365", source: file:///home/seluser/ppt/player/dashjs/index.html (128)
[156:182:1129/135550.227861:ERROR:bus.cc(392)] Failed to connect to the bus: Address does not contain a colon
[156:182:1129/135550.227912:ERROR:bus.cc(392)] Failed to connect to the bus: Address does not contain a colon
[156:156:1129/135550.909805:INFO:CONSOLE(128)] "currentLatencynow: 30.629", source: file:///home/seluser/ppt/player/dashjs/index.html (128)
[156:156:1129/135551.909649:INFO:CONSOLE(128)] "currentLatencynow: 30.629", source: file:///home/seluser/ppt/player/dashjs/index.html (128)
[156:156:1129/135552.915795:INFO:CONSOLE(128)] "currentLatencynow: 30.63", source: file:///home/seluser/ppt/player/dashjs/index.html (128)
[156:156:1129/135553.910561:INFO:CONSOLE(128)] "currentLatencynow: 30.629", source: file:///home/seluser/ppt/player/dashjs/index.html (128)
[156:156:1129/135554.909745:INFO:CONSOLE(128)] "currentLatencynow: 30.629", source: file:///home/seluser/ppt/player/dashjs/index.html (128)
[156:156:1129/135555.910178:INFO:CONSOLE(128)] "currentLatencynow: 30.629", source: file:///home/seluser/ppt/player/dashjs/index.html (128)
[156:156:1129/135556.909807:INFO:CONSOLE(128)] "currentLatencynow: 30.629", source: file:///home/seluser/ppt/player/dashjs/index.html (128)
[156:156:1129/135557.911252:INFO:CONSOLE(128)] "currentLatencynow: 30.552", source: file:///home/seluser/ppt/player/dashjs/index.html (128)
[156:156:1129/135558.909641:INFO:CONSOLE(128)] "currentLatencynow: 30.45", source: file:///home/seluser/ppt/player/dashjs/index.html (128)
[156:156:1129/135559.909876:INFO:CONSOLE(128)] "currentLatencynow: 30.35", source: file:///home/seluser/ppt/player/dashjs/index.html (128)
[156:156:1129/135600.909757:INFO:CONSOLE(128)] "currentLatencynow: 30.254", source: file:///home/seluser/ppt/player/dashjs/index.html (128)
[156:156:1129/135601.910086:INFO:CONSOLE(128)] "currentLatencynow: 30.254", source: file:///home/seluser/ppt/player/dashjs/index.html (128)
[156:156:1129/135602.909717:INFO:CONSOLE(128)] "currentLatencynow: 30.254", source: file:///home/seluser/ppt/player/dashjs/index.html (128)
[156:156:1129/135603.909633:INFO:CONSOLE(128)] "currentLatencynow: 30.254", source: file:///home/seluser/ppt/player/dashjs/index.html (128)
[156:156:1129/135604.909587:INFO:CONSOLE(128)] "currentLatencynow: 30.254", source: file:///home/seluser/ppt/player/dashjs/index.html (128)
[156:156:1129/135605.909593:INFO:CONSOLE(128)] "currentLatencynow: 30.254", source: file:///home/seluser/ppt/player/dashjs/index.html (128)
[156:156:1129/135606.910050:INFO:CONSOLE(128)] "currentLatencynow: 30.254", source: file:///home/seluser/ppt/player/dashjs/index.html (128)
[156:156:1129/135607.909609:INFO:CONSOLE(128)] "currentLatencynow: 30.254", source: file:///home/seluser/ppt/player/dashjs/index.html (128)
[156:156:1129/135608.916678:INFO:CONSOLE(128)] "currentLatencynow: 30.253", source: file:///home/seluser/ppt/player/dashjs/index.html (128)
[156:156:1129/135609.909476:INFO:CONSOLE(128)] "currentLatencynow: 30.254", source: file:///home/seluser/ppt/player/dashjs/index.html (128)
[156:156:1129/135610.909579:INFO:CONSOLE(128)] "currentLatencynow: 30.248", source: file:///home/seluser/ppt/player/dashjs/index.html (128)
[156:156:1129/135611.909678:INFO:CONSOLE(128)] "currentLatencynow: 30.148", source: file:///home/seluser/ppt/player/dashjs/index.html (128)
[156:156:1129/135612.909580:INFO:CONSOLE(128)] "currentLatencynow: 30.048", source: file:///home/seluser/ppt/player/dashjs/index.html (128)
[156:156:1129/135613.909623:INFO:CONSOLE(128)] "currentLatencynow: 29.948", source: file:///home/seluser/ppt/player/dashjs/index.html (128)
[156:156:1129/135614.909553:INFO:CONSOLE(128)] "currentLatencynow: 29.902", source: file:///home/seluser/ppt/player/dashjs/index.html (128)
[156:156:1129/135615.909524:INFO:CONSOLE(128)] "currentLatencynow: 29.902", source: file:///home/seluser/ppt/player/dashjs/index.html (128)
[156:156:1129/135616.909698:INFO:CONSOLE(128)] "currentLatencynow: 29.902", source: file:///home/seluser/ppt/player/dashjs/index.html (128)
[156:156:1129/135617.909712:INFO:CONSOLE(128)] "currentLatencynow: 29.902", source: file:///home/seluser/ppt/player/dashjs/index.html (128)
[156:156:1129/135618.909109:INFO:CONSOLE(128)] "currentLatencynow: 29.901", source: file:///home/seluser/ppt/player/dashjs/index.html (128)
[156:156:1129/135619.909122:INFO:CONSOLE(128)] "currentLatencynow: 29.901", source: file:///home/seluser/ppt/player/dashjs/index.html (128)
[156:156:1129/135620.909070:INFO:CONSOLE(128)] "currentLatencynow: 29.901", source: file:///home/seluser/ppt/player/dashjs/index.html (128)
[156:156:1129/135621.909398:INFO:CONSOLE(128)] "currentLatencynow: 29.901", source: file:///home/seluser/ppt/player/dashjs/index.html (128)
[156:156:1129/135622.909118:INFO:CONSOLE(128)] "currentLatencynow: 29.901", source: file:///home/seluser/ppt/player/dashjs/index.html (128)
[156:156:1129/135623.909426:INFO:CONSOLE(128)] "currentLatencynow: 29.901", source: file:///home/seluser/ppt/player/dashjs/index.html (128)
[156:156:1129/135624.909465:INFO:CONSOLE(128)] "currentLatencynow: 29.835", source: file:///home/seluser/ppt/player/dashjs/index.html (128)
[156:156:1129/135625.909130:INFO:CONSOLE(128)] "currentLatencynow: 29.735", source: file:///home/seluser/ppt/player/dashjs/index.html (128)
[156:156:1129/135626.909138:INFO:CONSOLE(128)] "currentLatencynow: 29.715", source: file:///home/seluser/ppt/player/dashjs/index.html (128)
[156:156:1129/135627.909087:INFO:CONSOLE(128)] "currentLatencynow: 29.715", source: file:///home/seluser/ppt/player/dashjs/index.html (128)
[156:156:1129/135628.909137:INFO:CONSOLE(128)] "currentLatencynow: 29.715", source: file:///home/seluser/ppt/player/dashjs/index.html (128)
[156:156:1129/135629.909118:INFO:CONSOLE(128)] "currentLatencynow: 29.715", source: file:///home/seluser/ppt/player/dashjs/index.html (128)
[156:156:1129/135630.909049:INFO:CONSOLE(128)] "currentLatencynow: 29.715", source: file:///home/seluser/ppt/player/dashjs/index.html (128)
[156:156:1129/135631.909472:INFO:CONSOLE(128)] "currentLatencynow: 29.715", source: file:///home/seluser/ppt/player/dashjs/index.html (128)
[156:156:1129/135632.909163:INFO:CONSOLE(128)] "currentLatencynow: 29.715", source: file:///home/seluser/ppt/player/dashjs/index.html (128)
[156:156:1129/135633.909589:INFO:CONSOLE(128)] "currentLatencynow: 29.715", source: file:///home/seluser/ppt/player/dashjs/index.html (128)
[156:156:1129/135634.909543:INFO:CONSOLE(128)] "currentLatencynow: 29.715", source: file:///home/seluser/ppt/player/dashjs/index.html (128)
[156:156:1129/135635.909144:INFO:CONSOLE(128)] "currentLatencynow: 29.715", source: file:///home/seluser/ppt/player/dashjs/index.html (128)
[156:156:1129/135636.908932:INFO:CONSOLE(128)] "currentLatencynow: 29.715", source: file:///home/seluser/ppt/player/dashjs/index.html (128)
[156:156:1129/135637.909056:INFO:CONSOLE(128)] "currentLatencynow: 29.715", source: file:///home/seluser/ppt/player/dashjs/index.html (128)
[156:156:1129/135638.909186:INFO:CONSOLE(128)] "currentLatencynow: 29.715", source: file:///home/seluser/ppt/player/dashjs/index.html (128)
[156:156:1129/135639.909028:INFO:CONSOLE(128)] "currentLatencynow: 29.715", source: file:///home/seluser/ppt/player/dashjs/index.html (128)
[156:156:1129/135640.102510:WARNING:pref_notifier_impl.cc(40)] Pref observer for media_router.cast_allow_all_ips found at shutdown.
