[155:219:1128/165857.400946:ERROR:bus.cc(392)] Failed to connect to the bus: Failed to connect to socket /var/run/dbus/system_bus_socket: No such file or directory
[155:182:1128/165857.403293:ERROR:bus.cc(392)] Failed to connect to the bus: Address does not contain a colon
[155:182:1128/165857.403331:ERROR:bus.cc(392)] Failed to connect to the bus: Address does not contain a colon
[155:182:1128/165857.447755:ERROR:bus.cc(392)] Failed to connect to the bus: Address does not contain a colon
[155:182:1128/165857.447855:ERROR:bus.cc(392)] Failed to connect to the bus: Address does not contain a colon
[226:226:1128/165857.447624:ERROR:gpu_init.cc(453)] Passthrough is not supported, GL is swiftshader, ANGLE is 
[155:182:1128/165857.512312:ERROR:bus.cc(392)] Failed to connect to the bus: Address does not contain a colon
[155:182:1128/165857.512351:ERROR:bus.cc(392)] Failed to connect to the bus: Address does not contain a colon
[155:316:1128/165857.588928:ERROR:bus.cc(392)] Failed to connect to the bus: Failed to connect to socket /var/run/dbus/system_bus_socket: No such file or directory
[155:316:1128/165857.588999:ERROR:bus.cc(392)] Failed to connect to the bus: Failed to connect to socket /var/run/dbus/system_bus_socket: No such file or directory
[155:316:1128/165857.589054:ERROR:bus.cc(392)] Failed to connect to the bus: Failed to connect to socket /var/run/dbus/system_bus_socket: No such file or directory
[155:316:1128/165857.589074:WARNING:property.cc(144)] DaemonVersion: GetAndBlock: failed.
[155:316:1128/165857.589105:ERROR:bus.cc(392)] Failed to connect to the bus: Failed to connect to socket /var/run/dbus/system_bus_socket: No such file or directory
[155:316:1128/165857.589141:ERROR:bus.cc(392)] Failed to connect to the bus: Failed to connect to socket /var/run/dbus/system_bus_socket: No such file or directory
[155:155:1128/165900.322007:INFO:CONSOLE(128)] "currentLatencynow: 0", source: file:///home/seluser/ppt/player/dashjs/index.html (128)
[155:175:1128/165900.623465:ERROR:chrome_browser_main_extra_parts_metrics.cc(228)] crbug.com/1216328: Checking Bluetooth availability started. Please report if there is no report that this ends.
[155:175:1128/165900.623521:ERROR:chrome_browser_main_extra_parts_metrics.cc(231)] crbug.com/1216328: Checking Bluetooth availability ended.
[155:175:1128/165900.623546:ERROR:chrome_browser_main_extra_parts_metrics.cc(234)] crbug.com/1216328: Checking default browser status started. Please report if there is no report that this ends.
[155:175:1128/165900.726745:ERROR:chrome_browser_main_extra_parts_metrics.cc(238)] crbug.com/1216328: Checking default browser status ended.
[155:155:1128/165901.321832:INFO:CONSOLE(128)] "currentLatencynow: 0", source: file:///home/seluser/ppt/player/dashjs/index.html (128)
[543:543:1128/165901.548804:WARNING:audio_manager_linux.cc(69)] Falling back to ALSA for audio output. PulseAudio is not available or could not be initialized.
[543:543:1128/165901.553458:ERROR:alsa_util.cc(204)] PcmOpen: default,No such file or directory
[543:543:1128/165901.553575:ERROR:alsa_util.cc(204)] PcmOpen: plug:default,No such file or directory
[155:155:1128/165902.321260:INFO:CONSOLE(128)] "currentLatencynow: 7.187", source: file:///home/seluser/ppt/player/dashjs/index.html (128)
[155:182:1128/165902.921969:ERROR:bus.cc(392)] Failed to connect to the bus: Address does not contain a colon
[155:182:1128/165902.922012:ERROR:bus.cc(392)] Failed to connect to the bus: Address does not contain a colon
[155:182:1128/165902.922034:ERROR:bus.cc(392)] Failed to connect to the bus: Address does not contain a colon
[155:182:1128/165902.922051:ERROR:bus.cc(392)] Failed to connect to the bus: Address does not contain a colon
[155:182:1128/165902.922068:ERROR:bus.cc(392)] Failed to connect to the bus: Address does not contain a colon
[155:182:1128/165902.922081:ERROR:bus.cc(392)] Failed to connect to the bus: Address does not contain a colon
[155:182:1128/165902.922092:ERROR:bus.cc(392)] Failed to connect to the bus: Address does not contain a colon
[155:182:1128/165902.922101:ERROR:bus.cc(392)] Failed to connect to the bus: Address does not contain a colon
[155:182:1128/165902.922124:ERROR:bus.cc(392)] Failed to connect to the bus: Address does not contain a colon
[155:182:1128/165902.922141:ERROR:bus.cc(392)] Failed to connect to the bus: Address does not contain a colon
[155:182:1128/165902.922156:ERROR:bus.cc(392)] Failed to connect to the bus: Address does not contain a colon
[155:182:1128/165902.922170:ERROR:bus.cc(392)] Failed to connect to the bus: Address does not contain a colon
[155:182:1128/165902.922183:ERROR:bus.cc(392)] Failed to connect to the bus: Address does not contain a colon
[155:182:1128/165902.922197:ERROR:bus.cc(392)] Failed to connect to the bus: Address does not contain a colon
[155:182:1128/165902.924935:ERROR:bus.cc(392)] Failed to connect to the bus: Address does not contain a colon
[155:182:1128/165902.925016:ERROR:bus.cc(392)] Failed to connect to the bus: Address does not contain a colon
[155:182:1128/165902.925044:ERROR:bus.cc(392)] Failed to connect to the bus: Address does not contain a colon
[155:182:1128/165903.023383:ERROR:bus.cc(392)] Failed to connect to the bus: Address does not contain a colon
[155:182:1128/165903.023432:ERROR:bus.cc(392)] Failed to connect to the bus: Address does not contain a colon
[155:155:1128/165903.321316:INFO:CONSOLE(128)] "currentLatencynow: 7.84", source: file:///home/seluser/ppt/player/dashjs/index.html (128)
[155:155:1128/165904.321101:INFO:CONSOLE(128)] "currentLatencynow: 7.773", source: file:///home/seluser/ppt/player/dashjs/index.html (128)
[155:155:1128/165905.321158:INFO:CONSOLE(128)] "currentLatencynow: 7.773", source: file:///home/seluser/ppt/player/dashjs/index.html (128)
[155:155:1128/165906.321178:INFO:CONSOLE(128)] "currentLatencynow: 7.773", source: file:///home/seluser/ppt/player/dashjs/index.html (128)
[155:155:1128/165907.321129:INFO:CONSOLE(128)] "currentLatencynow: 7.773", source: file:///home/seluser/ppt/player/dashjs/index.html (128)
[155:155:1128/165908.321171:INFO:CONSOLE(128)] "currentLatencynow: 7.773", source: file:///home/seluser/ppt/player/dashjs/index.html (128)
[155:155:1128/165909.321142:INFO:CONSOLE(128)] "currentLatencynow: 7.773", source: file:///home/seluser/ppt/player/dashjs/index.html (128)
[155:155:1128/165910.321137:INFO:CONSOLE(128)] "currentLatencynow: 7.773", source: file:///home/seluser/ppt/player/dashjs/index.html (128)
[155:155:1128/165911.321111:INFO:CONSOLE(128)] "currentLatencynow: 7.773", source: file:///home/seluser/ppt/player/dashjs/index.html (128)
[155:155:1128/165912.321128:INFO:CONSOLE(128)] "currentLatencynow: 7.763", source: file:///home/seluser/ppt/player/dashjs/index.html (128)
[155:155:1128/165913.321131:INFO:CONSOLE(128)] "currentLatencynow: 7.663", source: file:///home/seluser/ppt/player/dashjs/index.html (128)
[155:155:1128/165914.321208:INFO:CONSOLE(128)] "currentLatencynow: 7.563", source: file:///home/seluser/ppt/player/dashjs/index.html (128)
[155:155:1128/165915.321128:INFO:CONSOLE(128)] "currentLatencynow: 7.463", source: file:///home/seluser/ppt/player/dashjs/index.html (128)
[155:155:1128/165916.321206:INFO:CONSOLE(128)] "currentLatencynow: 7.363", source: file:///home/seluser/ppt/player/dashjs/index.html (128)
[155:155:1128/165917.321117:INFO:CONSOLE(128)] "currentLatencynow: 7.263", source: file:///home/seluser/ppt/player/dashjs/index.html (128)
[155:155:1128/165918.321156:INFO:CONSOLE(128)] "currentLatencynow: 7.163", source: file:///home/seluser/ppt/player/dashjs/index.html (128)
[155:155:1128/165919.321248:INFO:CONSOLE(128)] "currentLatencynow: 7.063", source: file:///home/seluser/ppt/player/dashjs/index.html (128)
[155:155:1128/165920.321330:INFO:CONSOLE(128)] "currentLatencynow: 6.963", source: file:///home/seluser/ppt/player/dashjs/index.html (128)
[155:155:1128/165921.321186:INFO:CONSOLE(128)] "currentLatencynow: 6.863", source: file:///home/seluser/ppt/player/dashjs/index.html (128)
[155:155:1128/165922.321140:INFO:CONSOLE(128)] "currentLatencynow: 6.763", source: file:///home/seluser/ppt/player/dashjs/index.html (128)
[155:155:1128/165923.321115:INFO:CONSOLE(128)] "currentLatencynow: 6.663", source: file:///home/seluser/ppt/player/dashjs/index.html (128)
[155:155:1128/165924.321204:INFO:CONSOLE(128)] "currentLatencynow: 6.563", source: file:///home/seluser/ppt/player/dashjs/index.html (128)
[155:155:1128/165925.321190:INFO:CONSOLE(128)] "currentLatencynow: 6.463", source: file:///home/seluser/ppt/player/dashjs/index.html (128)
[155:155:1128/165926.321189:INFO:CONSOLE(128)] "currentLatencynow: 6.363", source: file:///home/seluser/ppt/player/dashjs/index.html (128)
[155:155:1128/165927.321179:INFO:CONSOLE(128)] "currentLatencynow: 6.346", source: file:///home/seluser/ppt/player/dashjs/index.html (128)
[155:155:1128/165928.321153:INFO:CONSOLE(128)] "currentLatencynow: 6.346", source: file:///home/seluser/ppt/player/dashjs/index.html (128)
[155:155:1128/165929.321187:INFO:CONSOLE(128)] "currentLatencynow: 6.346", source: file:///home/seluser/ppt/player/dashjs/index.html (128)
[155:155:1128/165930.321266:INFO:CONSOLE(128)] "currentLatencynow: 6.346", source: file:///home/seluser/ppt/player/dashjs/index.html (128)
[155:155:1128/165931.321171:INFO:CONSOLE(128)] "currentLatencynow: 6.346", source: file:///home/seluser/ppt/player/dashjs/index.html (128)
[155:155:1128/165932.320774:INFO:CONSOLE(128)] "currentLatencynow: 6.333", source: file:///home/seluser/ppt/player/dashjs/index.html (128)
[155:155:1128/165933.320841:INFO:CONSOLE(128)] "currentLatencynow: 6.233", source: file:///home/seluser/ppt/player/dashjs/index.html (128)
[155:155:1128/165934.320883:INFO:CONSOLE(128)] "currentLatencynow: 6.133", source: file:///home/seluser/ppt/player/dashjs/index.html (128)
[155:155:1128/165935.320863:INFO:CONSOLE(128)] "currentLatencynow: 6.033", source: file:///home/seluser/ppt/player/dashjs/index.html (128)
[155:155:1128/165936.320850:INFO:CONSOLE(128)] "currentLatencynow: 5.933", source: file:///home/seluser/ppt/player/dashjs/index.html (128)
[155:155:1128/165937.320828:INFO:CONSOLE(128)] "currentLatencynow: 5.833", source: file:///home/seluser/ppt/player/dashjs/index.html (128)
[155:155:1128/165938.320800:INFO:CONSOLE(128)] "currentLatencynow: 5.733", source: file:///home/seluser/ppt/player/dashjs/index.html (128)
[155:155:1128/165939.320852:INFO:CONSOLE(128)] "currentLatencynow: 5.633", source: file:///home/seluser/ppt/player/dashjs/index.html (128)
[155:155:1128/165940.320922:INFO:CONSOLE(128)] "currentLatencynow: 5.565", source: file:///home/seluser/ppt/player/dashjs/index.html (128)
[155:155:1128/165941.320806:INFO:CONSOLE(128)] "currentLatencynow: 5.565", source: file:///home/seluser/ppt/player/dashjs/index.html (128)
[155:155:1128/165942.320837:INFO:CONSOLE(128)] "currentLatencynow: 5.565", source: file:///home/seluser/ppt/player/dashjs/index.html (128)
[155:155:1128/165943.320835:INFO:CONSOLE(128)] "currentLatencynow: 5.565", source: file:///home/seluser/ppt/player/dashjs/index.html (128)
[155:155:1128/165944.320935:INFO:CONSOLE(128)] "currentLatencynow: 5.565", source: file:///home/seluser/ppt/player/dashjs/index.html (128)
[155:155:1128/165945.320894:INFO:CONSOLE(128)] "currentLatencynow: 5.565", source: file:///home/seluser/ppt/player/dashjs/index.html (128)
[155:155:1128/165946.320893:INFO:CONSOLE(128)] "currentLatencynow: 5.565", source: file:///home/seluser/ppt/player/dashjs/index.html (128)
[155:155:1128/165947.320860:INFO:CONSOLE(128)] "currentLatencynow: 5.565", source: file:///home/seluser/ppt/player/dashjs/index.html (128)
[155:155:1128/165948.320774:INFO:CONSOLE(128)] "currentLatencynow: 5.565", source: file:///home/seluser/ppt/player/dashjs/index.html (128)
[155:155:1128/165949.320842:INFO:CONSOLE(128)] "currentLatencynow: 5.565", source: file:///home/seluser/ppt/player/dashjs/index.html (128)
[155:155:1128/165950.320837:INFO:CONSOLE(128)] "currentLatencynow: 5.533", source: file:///home/seluser/ppt/player/dashjs/index.html (128)
[155:155:1128/165951.321028:INFO:CONSOLE(128)] "currentLatencynow: 5.433", source: file:///home/seluser/ppt/player/dashjs/index.html (128)
[155:155:1128/165952.320871:INFO:CONSOLE(128)] "currentLatencynow: 5.333", source: file:///home/seluser/ppt/player/dashjs/index.html (128)
[155:155:1128/165953.320796:INFO:CONSOLE(128)] "currentLatencynow: 5.234", source: file:///home/seluser/ppt/player/dashjs/index.html (128)
[155:155:1128/165954.320772:INFO:CONSOLE(128)] "currentLatencynow: 5.134", source: file:///home/seluser/ppt/player/dashjs/index.html (128)
[155:155:1128/165955.320820:INFO:CONSOLE(128)] "currentLatencynow: 5.034", source: file:///home/seluser/ppt/player/dashjs/index.html (128)
[155:155:1128/165956.320787:INFO:CONSOLE(128)] "currentLatencynow: 4.934", source: file:///home/seluser/ppt/player/dashjs/index.html (128)
[155:155:1128/165957.320889:INFO:CONSOLE(128)] "currentLatencynow: 4.834", source: file:///home/seluser/ppt/player/dashjs/index.html (128)
[155:155:1128/165958.320792:INFO:CONSOLE(128)] "currentLatencynow: 4.734", source: file:///home/seluser/ppt/player/dashjs/index.html (128)
[155:155:1128/165959.320793:INFO:CONSOLE(128)] "currentLatencynow: 4.634", source: file:///home/seluser/ppt/player/dashjs/index.html (128)
[155:155:1128/170000.320931:INFO:CONSOLE(128)] "currentLatencynow: 4.534", source: file:///home/seluser/ppt/player/dashjs/index.html (128)
[155:155:1128/170001.320863:INFO:CONSOLE(128)] "currentLatencynow: 4.434", source: file:///home/seluser/ppt/player/dashjs/index.html (128)
[155:155:1128/170002.320462:INFO:CONSOLE(128)] "currentLatencynow: 4.352", source: file:///home/seluser/ppt/player/dashjs/index.html (128)
[155:155:1128/170003.320514:INFO:CONSOLE(128)] "currentLatencynow: 4.319", source: file:///home/seluser/ppt/player/dashjs/index.html (128)
[155:155:1128/170004.320562:INFO:CONSOLE(128)] "currentLatencynow: 4.319", source: file:///home/seluser/ppt/player/dashjs/index.html (128)
[155:155:1128/170005.320544:INFO:CONSOLE(128)] "currentLatencynow: 4.319", source: file:///home/seluser/ppt/player/dashjs/index.html (128)
[155:155:1128/170006.320483:INFO:CONSOLE(128)] "currentLatencynow: 4.319", source: file:///home/seluser/ppt/player/dashjs/index.html (128)
[155:155:1128/170007.320487:INFO:CONSOLE(128)] "currentLatencynow: 4.319", source: file:///home/seluser/ppt/player/dashjs/index.html (128)
[155:155:1128/170008.320439:INFO:CONSOLE(128)] "currentLatencynow: 4.319", source: file:///home/seluser/ppt/player/dashjs/index.html (128)
[155:155:1128/170009.320452:INFO:CONSOLE(128)] "currentLatencynow: 4.27", source: file:///home/seluser/ppt/player/dashjs/index.html (128)
[155:155:1128/170010.320575:INFO:CONSOLE(128)] "currentLatencynow: 4.204", source: file:///home/seluser/ppt/player/dashjs/index.html (128)
[155:155:1128/170011.320431:INFO:CONSOLE(128)] "currentLatencynow: 4.154", source: file:///home/seluser/ppt/player/dashjs/index.html (128)
[155:155:1128/170012.320431:INFO:CONSOLE(128)] "currentLatencynow: 4.109", source: file:///home/seluser/ppt/player/dashjs/index.html (128)
[155:155:1128/170013.320431:INFO:CONSOLE(128)] "currentLatencynow: 4.08", source: file:///home/seluser/ppt/player/dashjs/index.html (128)
[155:155:1128/170014.320422:INFO:CONSOLE(128)] "currentLatencynow: 4.055", source: file:///home/seluser/ppt/player/dashjs/index.html (128)
[155:155:1128/170015.320500:INFO:CONSOLE(128)] "currentLatencynow: 4.029", source: file:///home/seluser/ppt/player/dashjs/index.html (128)
[155:155:1128/170016.320411:INFO:CONSOLE(128)] "currentLatencynow: 4.018", source: file:///home/seluser/ppt/player/dashjs/index.html (128)
[155:155:1128/170017.320504:INFO:CONSOLE(128)] "currentLatencynow: 4.018", source: file:///home/seluser/ppt/player/dashjs/index.html (128)
[155:155:1128/170018.320476:INFO:CONSOLE(128)] "currentLatencynow: 4.018", source: file:///home/seluser/ppt/player/dashjs/index.html (128)
[155:155:1128/170019.320443:INFO:CONSOLE(128)] "currentLatencynow: 4.018", source: file:///home/seluser/ppt/player/dashjs/index.html (128)
[155:155:1128/170020.320439:INFO:CONSOLE(128)] "currentLatencynow: 4.018", source: file:///home/seluser/ppt/player/dashjs/index.html (128)
[155:155:1128/170021.320468:INFO:CONSOLE(128)] "currentLatencynow: 4.018", source: file:///home/seluser/ppt/player/dashjs/index.html (128)
[155:155:1128/170022.320505:INFO:CONSOLE(128)] "currentLatencynow: 4.018", source: file:///home/seluser/ppt/player/dashjs/index.html (128)
[155:155:1128/170023.320463:INFO:CONSOLE(128)] "currentLatencynow: 4.018", source: file:///home/seluser/ppt/player/dashjs/index.html (128)
[155:155:1128/170024.320489:INFO:CONSOLE(128)] "currentLatencynow: 4.018", source: file:///home/seluser/ppt/player/dashjs/index.html (128)
[155:155:1128/170025.320479:INFO:CONSOLE(128)] "currentLatencynow: 4.018", source: file:///home/seluser/ppt/player/dashjs/index.html (128)
[155:155:1128/170026.320517:INFO:CONSOLE(128)] "currentLatencynow: 4.21", source: file:///home/seluser/ppt/player/dashjs/index.html (128)
[155:155:1128/170027.320500:INFO:CONSOLE(128)] "currentLatencynow: 4.21", source: file:///home/seluser/ppt/player/dashjs/index.html (128)
[155:155:1128/170028.320480:INFO:CONSOLE(128)] "currentLatencynow: 4.204", source: file:///home/seluser/ppt/player/dashjs/index.html (128)
[155:155:1128/170029.320526:INFO:CONSOLE(128)] "currentLatencynow: 4.156", source: file:///home/seluser/ppt/player/dashjs/index.html (128)
[155:155:1128/170030.320526:INFO:CONSOLE(128)] "currentLatencynow: 4.109", source: file:///home/seluser/ppt/player/dashjs/index.html (128)
[155:155:1128/170031.320477:INFO:CONSOLE(128)] "currentLatencynow: 4.081", source: file:///home/seluser/ppt/player/dashjs/index.html (128)
[155:155:1128/170032.320111:INFO:CONSOLE(128)] "currentLatencynow: 4.052", source: file:///home/seluser/ppt/player/dashjs/index.html (128)
[155:155:1128/170033.320136:INFO:CONSOLE(128)] "currentLatencynow: 4.026", source: file:///home/seluser/ppt/player/dashjs/index.html (128)
[155:155:1128/170034.320166:INFO:CONSOLE(128)] "currentLatencynow: 4.019", source: file:///home/seluser/ppt/player/dashjs/index.html (128)
[155:155:1128/170035.320104:INFO:CONSOLE(128)] "currentLatencynow: 4.018", source: file:///home/seluser/ppt/player/dashjs/index.html (128)
[155:155:1128/170036.320134:INFO:CONSOLE(128)] "currentLatencynow: 4.018", source: file:///home/seluser/ppt/player/dashjs/index.html (128)
[155:155:1128/170037.320115:INFO:CONSOLE(128)] "currentLatencynow: 4.018", source: file:///home/seluser/ppt/player/dashjs/index.html (128)
[155:155:1128/170038.320136:INFO:CONSOLE(128)] "currentLatencynow: 4.018", source: file:///home/seluser/ppt/player/dashjs/index.html (128)
[155:155:1128/170039.320159:INFO:CONSOLE(128)] "currentLatencynow: 4.018", source: file:///home/seluser/ppt/player/dashjs/index.html (128)
[155:155:1128/170040.320132:INFO:CONSOLE(128)] "currentLatencynow: 4.018", source: file:///home/seluser/ppt/player/dashjs/index.html (128)
[155:155:1128/170041.320130:INFO:CONSOLE(128)] "currentLatencynow: 4.018", source: file:///home/seluser/ppt/player/dashjs/index.html (128)
[155:155:1128/170042.320129:INFO:CONSOLE(128)] "currentLatencynow: 4.018", source: file:///home/seluser/ppt/player/dashjs/index.html (128)
[155:155:1128/170043.320130:INFO:CONSOLE(128)] "currentLatencynow: 4.018", source: file:///home/seluser/ppt/player/dashjs/index.html (128)
[155:155:1128/170044.320102:INFO:CONSOLE(128)] "currentLatencynow: 4.018", source: file:///home/seluser/ppt/player/dashjs/index.html (128)
[155:155:1128/170045.320128:INFO:CONSOLE(128)] "currentLatencynow: 4.018", source: file:///home/seluser/ppt/player/dashjs/index.html (128)
[155:155:1128/170046.320101:INFO:CONSOLE(128)] "currentLatencynow: 4.018", source: file:///home/seluser/ppt/player/dashjs/index.html (128)
[155:155:1128/170047.320086:INFO:CONSOLE(128)] "currentLatencynow: 4.018", source: file:///home/seluser/ppt/player/dashjs/index.html (128)
[155:155:1128/170048.320143:INFO:CONSOLE(128)] "currentLatencynow: 4.018", source: file:///home/seluser/ppt/player/dashjs/index.html (128)
[155:155:1128/170049.320121:INFO:CONSOLE(128)] "currentLatencynow: 4.018", source: file:///home/seluser/ppt/player/dashjs/index.html (128)
[155:155:1128/170050.320217:INFO:CONSOLE(128)] "currentLatencynow: 4.018", source: file:///home/seluser/ppt/player/dashjs/index.html (128)
[155:155:1128/170051.320143:INFO:CONSOLE(128)] "currentLatencynow: 4.018", source: file:///home/seluser/ppt/player/dashjs/index.html (128)
[155:155:1128/170052.320142:INFO:CONSOLE(128)] "currentLatencynow: 4.018", source: file:///home/seluser/ppt/player/dashjs/index.html (128)
[155:155:1128/170053.320192:INFO:CONSOLE(128)] "currentLatencynow: 4.018", source: file:///home/seluser/ppt/player/dashjs/index.html (128)
[155:155:1128/170054.320232:INFO:CONSOLE(128)] "currentLatencynow: 4.017", source: file:///home/seluser/ppt/player/dashjs/index.html (128)
[155:155:1128/170055.320149:INFO:CONSOLE(128)] "currentLatencynow: 4.824", source: file:///home/seluser/ppt/player/dashjs/index.html (128)
[155:155:1128/170056.320190:INFO:CONSOLE(128)] "currentLatencynow: 5.825", source: file:///home/seluser/ppt/player/dashjs/index.html (128)
[155:155:1128/170057.320079:INFO:CONSOLE(128)] "currentLatencynow: 6.824", source: file:///home/seluser/ppt/player/dashjs/index.html (128)
[155:155:1128/170058.320233:INFO:CONSOLE(128)] "currentLatencynow: 7.824", source: file:///home/seluser/ppt/player/dashjs/index.html (128)
[155:155:1128/170059.320226:INFO:CONSOLE(114)] "Begin Player stistics 
", source: file:///home/seluser/ppt/player/dashjs/index.html (114)
[155:155:1128/170059.320420:INFO:CONSOLE(115)] "["stall",[["3.72","5.12",1.4]],[["87.63","87.88",0.25]],[["116.72","116.97",0.25]],[["availibleBW",[null],[null],[null],[2930],[2930],[3466],[3466],[3693],[3693],[3745],[3745],[3981],[3948],[3948],[4242],[4556],[4917],[4917],[5321],[5077],[5077],[4833],[4618],[4716],[4716],[4716],[4653],[4804],[4804],[4474],[4135],[3978],[3457],[3457],[3255],[3255],[3025],[2997],[2997],[2949],[2949],[2743],[2743],[2642],[2642],[2885],[2885],[2776],[2776],[2822],[2625],[2631],[2611],[2611],[2220],[2220],[2591],[3527],[3527],[3527],[3468],[3468],[3796],[3796],[3696],[3696],[3476],[3366],[3366],[3342],[3462],[3462],[3206],[3206],[3564],[3545],[3545],[3469],[3469],[3805],[4666],[4666],[4666],[5949],[5949],[5925],[5602],[5041],[4717],[4717],[5074],[5074],[5333],[5333],[5575],[5575],[6454],[6454],[6115],[6115],[6164],[5922],[5689],[5689],[5743],[5743],[5743],[5110],[4343],[4343],[4425],[4449],[4449],[4449],[4449],[4449],[4449],[4449],[4449]]],[["currentBuffer",[0],[0],[0],[1.022],[0],[0.943],[0],[0.862],[0],[0.947],[0],[0.949],[1.949],[0.856],[1.667],[2.66],[3.562],[2.462],[3.364],[4.266],[3.166],[4.068],[4.824],[3.796],[2.77],[1.67],[0.57],[0],[0],[0],[0.49],[1.543],[2.545],[1.447],[2.349],[1.249],[2.151],[3.053],[1.953],[0.853],[0],[0.74],[0],[0.642],[0],[0.777],[0],[0.779],[0],[0.698],[1.766],[2.668],[3.57],[2.47],[3.372],[2.237],[3.174],[3.931],[2.977],[1.876],[2.779],[1.679],[0.558],[0],[0.55],[0],[0.552],[1.554],[0.555],[1.517],[2.366],[1.401],[2.357],[1.325],[2.302],[1.277],[0.262],[1.181],[0.264],[1.266],[2.172],[1.268],[0.268],[0],[0],[0],[0.455],[1.457],[2.458],[1.411],[2.365],[1.26],[2.31],[1.282],[2.276],[1.273],[2.275],[1.252],[2.204],[1.277],[0.277],[1.279],[2.281],[1.281],[2.283],[1.283],[0.283],[1.285],[2.167],[1.287],[2.289],[3.268],[2.218],[1.291],[0.291],[0],[0],[0],[0]]],[["currentLatency",[0],[0],[7.187],[7.84],[7.773],[7.773],[7.773],[7.773],[7.773],[7.773],[7.773],[7.773],[7.763],[7.663],[7.563],[7.463],[7.363],[7.263],[7.163],[7.063],[6.963],[6.863],[6.763],[6.663],[6.563],[6.463],[6.363],[6.346],[6.346],[6.346],[6.346],[6.346],[6.333],[6.233],[6.133],[6.033],[5.933],[5.833],[5.733],[5.633],[5.565],[5.565],[5.565],[5.565],[5.565],[5.565],[5.565],[5.565],[5.565],[5.565],[5.533],[5.433],[5.333],[5.234],[5.134],[5.034],[4.934],[4.834],[4.734],[4.634],[4.534],[4.434],[4.352],[4.319],[4.319],[4.319],[4.319],[4.319],[4.319],[4.27],[4.204],[4.154],[4.109],[4.08],[4.055],[4.029],[4.018],[4.018],[4.018],[4.018],[4.018],[4.018],[4.018],[4.018],[4.018],[4.018],[4.21],[4.21],[4.204],[4.156],[4.109],[4.081],[4.052],[4.026],[4.019],[4.018],[4.018],[4.018],[4.018],[4.018],[4.018],[4.018],[4.018],[4.018],[4.018],[4.018],[4.018],[4.018],[4.018],[4.018],[4.018],[4.018],[4.018],[4.018],[4.017],[4.824],[5.825],[6.824],[7.824]]]]", source: file:///home/seluser/ppt/player/dashjs/index.html (115)
[155:155:1128/170059.320516:INFO:CONSOLE(116)] "
", source: file:///home/seluser/ppt/player/dashjs/index.html (116)
[155:155:1128/170059.320580:INFO:CONSOLE(117)] "Finish Player stistics 
", source: file:///home/seluser/ppt/player/dashjs/index.html (117)
[155:155:1128/170059.320616:INFO:CONSOLE(128)] "currentLatencynow: 8.825", source: file:///home/seluser/ppt/player/dashjs/index.html (128)
[155:155:1128/170100.320141:INFO:CONSOLE(128)] "currentLatencynow: 9.824", source: file:///home/seluser/ppt/player/dashjs/index.html (128)
[155:155:1128/170101.320136:INFO:CONSOLE(128)] "currentLatencynow: 10.824", source: file:///home/seluser/ppt/player/dashjs/index.html (128)
[155:155:1128/170102.319453:INFO:CONSOLE(128)] "currentLatencynow: 11.824", source: file:///home/seluser/ppt/player/dashjs/index.html (128)
[155:155:1128/170103.319698:INFO:CONSOLE(128)] "currentLatencynow: 12.824", source: file:///home/seluser/ppt/player/dashjs/index.html (128)
[155:155:1128/170104.319475:INFO:CONSOLE(128)] "currentLatencynow: 13.824", source: file:///home/seluser/ppt/player/dashjs/index.html (128)
[155:155:1128/170105.319460:INFO:CONSOLE(128)] "currentLatencynow: 14.824", source: file:///home/seluser/ppt/player/dashjs/index.html (128)
[155:155:1128/170106.319616:INFO:CONSOLE(128)] "currentLatencynow: 15.824", source: file:///home/seluser/ppt/player/dashjs/index.html (128)
[155:155:1128/170107.319608:INFO:CONSOLE(128)] "currentLatencynow: 16.824", source: file:///home/seluser/ppt/player/dashjs/index.html (128)
[155:155:1128/170108.319545:INFO:CONSOLE(128)] "currentLatencynow: 17.824", source: file:///home/seluser/ppt/player/dashjs/index.html (128)
[155:155:1128/170109.319399:INFO:CONSOLE(128)] "currentLatencynow: 18.824", source: file:///home/seluser/ppt/player/dashjs/index.html (128)
[155:155:1128/170110.319467:INFO:CONSOLE(128)] "currentLatencynow: 19.824", source: file:///home/seluser/ppt/player/dashjs/index.html (128)
[155:155:1128/170111.319523:INFO:CONSOLE(128)] "currentLatencynow: 20.824", source: file:///home/seluser/ppt/player/dashjs/index.html (128)
[155:155:1128/170112.319507:INFO:CONSOLE(128)] "currentLatencynow: 21.824", source: file:///home/seluser/ppt/player/dashjs/index.html (128)
[155:155:1128/170113.319638:INFO:CONSOLE(128)] "currentLatencynow: 22.824", source: file:///home/seluser/ppt/player/dashjs/index.html (128)
[155:155:1128/170114.319472:INFO:CONSOLE(128)] "currentLatencynow: 23.824", source: file:///home/seluser/ppt/player/dashjs/index.html (128)
[155:155:1128/170115.319544:INFO:CONSOLE(128)] "currentLatencynow: 24.824", source: file:///home/seluser/ppt/player/dashjs/index.html (128)
[155:155:1128/170116.319456:INFO:CONSOLE(128)] "currentLatencynow: 25.824", source: file:///home/seluser/ppt/player/dashjs/index.html (128)
[155:155:1128/170117.319520:INFO:CONSOLE(128)] "currentLatencynow: 26.824", source: file:///home/seluser/ppt/player/dashjs/index.html (128)
[155:155:1128/170118.319458:INFO:CONSOLE(128)] "currentLatencynow: 27.824", source: file:///home/seluser/ppt/player/dashjs/index.html (128)
[155:155:1128/170119.319505:INFO:CONSOLE(128)] "currentLatencynow: 28.824", source: file:///home/seluser/ppt/player/dashjs/index.html (128)
[155:155:1128/170120.319516:INFO:CONSOLE(128)] "currentLatencynow: 29.824", source: file:///home/seluser/ppt/player/dashjs/index.html (128)
[155:155:1128/170121.319522:INFO:CONSOLE(128)] "currentLatencynow: 30.824", source: file:///home/seluser/ppt/player/dashjs/index.html (128)
[155:155:1128/170122.319550:INFO:CONSOLE(128)] "currentLatencynow: 31.522", source: file:///home/seluser/ppt/player/dashjs/index.html (128)
[155:182:1128/170123.015966:ERROR:bus.cc(392)] Failed to connect to the bus: Address does not contain a colon
[155:182:1128/170123.016037:ERROR:bus.cc(392)] Failed to connect to the bus: Address does not contain a colon
[155:155:1128/170123.319526:INFO:CONSOLE(128)] "currentLatencynow: 31.201", source: file:///home/seluser/ppt/player/dashjs/index.html (128)
[155:155:1128/170124.319475:INFO:CONSOLE(128)] "currentLatencynow: 31.201", source: file:///home/seluser/ppt/player/dashjs/index.html (128)
[155:155:1128/170125.319502:INFO:CONSOLE(128)] "currentLatencynow: 31.201", source: file:///home/seluser/ppt/player/dashjs/index.html (128)
[155:155:1128/170126.319542:INFO:CONSOLE(128)] "currentLatencynow: 31.622", source: file:///home/seluser/ppt/player/dashjs/index.html (128)
[155:155:1128/170127.319550:INFO:CONSOLE(128)] "currentLatencynow: 32.622", source: file:///home/seluser/ppt/player/dashjs/index.html (128)
