[156:219:1128/165857.809441:ERROR:bus.cc(392)] Failed to connect to the bus: Failed to connect to socket /var/run/dbus/system_bus_socket: No such file or directory
[156:182:1128/165857.813342:ERROR:bus.cc(392)] Failed to connect to the bus: Address does not contain a colon
[156:182:1128/165857.813409:ERROR:bus.cc(392)] Failed to connect to the bus: Address does not contain a colon
[226:226:1128/165857.835987:ERROR:gpu_init.cc(453)] Passthrough is not supported, GL is swiftshader, ANGLE is 
[156:182:1128/165857.838054:ERROR:bus.cc(392)] Failed to connect to the bus: Address does not contain a colon
[156:182:1128/165857.838289:ERROR:bus.cc(392)] Failed to connect to the bus: Address does not contain a colon
[156:182:1128/165857.880832:ERROR:bus.cc(392)] Failed to connect to the bus: Address does not contain a colon
[156:182:1128/165857.880901:ERROR:bus.cc(392)] Failed to connect to the bus: Address does not contain a colon
[156:314:1128/165858.055299:ERROR:bus.cc(392)] Failed to connect to the bus: Failed to connect to socket /var/run/dbus/system_bus_socket: No such file or directory
[156:314:1128/165858.055374:ERROR:bus.cc(392)] Failed to connect to the bus: Failed to connect to socket /var/run/dbus/system_bus_socket: No such file or directory
[156:314:1128/165858.055443:ERROR:bus.cc(392)] Failed to connect to the bus: Failed to connect to socket /var/run/dbus/system_bus_socket: No such file or directory
[156:314:1128/165858.055476:WARNING:property.cc(144)] DaemonVersion: GetAndBlock: failed.
[156:314:1128/165858.055509:ERROR:bus.cc(392)] Failed to connect to the bus: Failed to connect to socket /var/run/dbus/system_bus_socket: No such file or directory
[156:314:1128/165858.055566:ERROR:bus.cc(392)] Failed to connect to the bus: Failed to connect to socket /var/run/dbus/system_bus_socket: No such file or directory
[156:156:1128/165900.237876:INFO:CONSOLE(128)] "currentLatencynow: 0", source: file:///home/seluser/ppt/player/dashjs/index.html (128)
[359:359:1128/165900.899935:WARNING:audio_manager_linux.cc(69)] Falling back to ALSA for audio output. PulseAudio is not available or could not be initialized.
[359:359:1128/165900.906809:ERROR:alsa_util.cc(204)] PcmOpen: default,No such file or directory
[359:359:1128/165900.906971:ERROR:alsa_util.cc(204)] PcmOpen: plug:default,No such file or directory
[156:251:1128/165900.954675:ERROR:chrome_browser_main_extra_parts_metrics.cc(228)] crbug.com/1216328: Checking Bluetooth availability started. Please report if there is no report that this ends.
[156:251:1128/165900.954709:ERROR:chrome_browser_main_extra_parts_metrics.cc(231)] crbug.com/1216328: Checking Bluetooth availability ended.
[156:251:1128/165900.954716:ERROR:chrome_browser_main_extra_parts_metrics.cc(234)] crbug.com/1216328: Checking default browser status started. Please report if there is no report that this ends.
[156:251:1128/165901.082196:ERROR:chrome_browser_main_extra_parts_metrics.cc(238)] crbug.com/1216328: Checking default browser status ended.
[156:156:1128/165901.232153:INFO:CONSOLE(128)] "currentLatencynow: 6.493", source: file:///home/seluser/ppt/player/dashjs/index.html (128)
[156:156:1128/165902.231538:INFO:CONSOLE(128)] "currentLatencynow: 7.493", source: file:///home/seluser/ppt/player/dashjs/index.html (128)
[156:182:1128/165902.873710:ERROR:bus.cc(392)] Failed to connect to the bus: Address does not contain a colon
[156:182:1128/165902.873832:ERROR:bus.cc(392)] Failed to connect to the bus: Address does not contain a colon
[156:182:1128/165902.873858:ERROR:bus.cc(392)] Failed to connect to the bus: Address does not contain a colon
[156:182:1128/165902.873880:ERROR:bus.cc(392)] Failed to connect to the bus: Address does not contain a colon
[156:182:1128/165902.873901:ERROR:bus.cc(392)] Failed to connect to the bus: Address does not contain a colon
[156:182:1128/165902.873921:ERROR:bus.cc(392)] Failed to connect to the bus: Address does not contain a colon
[156:182:1128/165902.873942:ERROR:bus.cc(392)] Failed to connect to the bus: Address does not contain a colon
[156:182:1128/165902.873954:ERROR:bus.cc(392)] Failed to connect to the bus: Address does not contain a colon
[156:182:1128/165902.873973:ERROR:bus.cc(392)] Failed to connect to the bus: Address does not contain a colon
[156:182:1128/165902.873980:ERROR:bus.cc(392)] Failed to connect to the bus: Address does not contain a colon
[156:182:1128/165902.873987:ERROR:bus.cc(392)] Failed to connect to the bus: Address does not contain a colon
[156:182:1128/165902.873994:ERROR:bus.cc(392)] Failed to connect to the bus: Address does not contain a colon
[156:182:1128/165902.874001:ERROR:bus.cc(392)] Failed to connect to the bus: Address does not contain a colon
[156:182:1128/165902.874008:ERROR:bus.cc(392)] Failed to connect to the bus: Address does not contain a colon
[156:182:1128/165902.884284:ERROR:bus.cc(392)] Failed to connect to the bus: Address does not contain a colon
[156:182:1128/165902.884350:ERROR:bus.cc(392)] Failed to connect to the bus: Address does not contain a colon
[156:182:1128/165902.884362:ERROR:bus.cc(392)] Failed to connect to the bus: Address does not contain a colon
[156:182:1128/165902.919097:ERROR:bus.cc(392)] Failed to connect to the bus: Address does not contain a colon
[156:182:1128/165902.919139:ERROR:bus.cc(392)] Failed to connect to the bus: Address does not contain a colon
[156:156:1128/165903.231760:INFO:CONSOLE(128)] "currentLatencynow: 8.19", source: file:///home/seluser/ppt/player/dashjs/index.html (128)
[156:156:1128/165904.231521:INFO:CONSOLE(128)] "currentLatencynow: 8.09", source: file:///home/seluser/ppt/player/dashjs/index.html (128)
[156:156:1128/165905.231573:INFO:CONSOLE(128)] "currentLatencynow: 8.074", source: file:///home/seluser/ppt/player/dashjs/index.html (128)
[156:156:1128/165906.231525:INFO:CONSOLE(128)] "currentLatencynow: 8.074", source: file:///home/seluser/ppt/player/dashjs/index.html (128)
[156:156:1128/165907.231489:INFO:CONSOLE(128)] "currentLatencynow: 8.074", source: file:///home/seluser/ppt/player/dashjs/index.html (128)
[156:156:1128/165908.231521:INFO:CONSOLE(128)] "currentLatencynow: 8.074", source: file:///home/seluser/ppt/player/dashjs/index.html (128)
[156:156:1128/165909.231559:INFO:CONSOLE(128)] "currentLatencynow: 8.074", source: file:///home/seluser/ppt/player/dashjs/index.html (128)
[156:156:1128/165910.231580:INFO:CONSOLE(128)] "currentLatencynow: 8.074", source: file:///home/seluser/ppt/player/dashjs/index.html (128)
[156:156:1128/165911.231554:INFO:CONSOLE(128)] "currentLatencynow: 8.074", source: file:///home/seluser/ppt/player/dashjs/index.html (128)
[156:156:1128/165912.231557:INFO:CONSOLE(128)] "currentLatencynow: 8.074", source: file:///home/seluser/ppt/player/dashjs/index.html (128)
[156:156:1128/165913.231538:INFO:CONSOLE(128)] "currentLatencynow: 8.074", source: file:///home/seluser/ppt/player/dashjs/index.html (128)
[156:156:1128/165914.231476:INFO:CONSOLE(128)] "currentLatencynow: 8.073", source: file:///home/seluser/ppt/player/dashjs/index.html (128)
[156:156:1128/165915.231507:INFO:CONSOLE(128)] "currentLatencynow: 7.98", source: file:///home/seluser/ppt/player/dashjs/index.html (128)
[156:156:1128/165916.231566:INFO:CONSOLE(128)] "currentLatencynow: 7.88", source: file:///home/seluser/ppt/player/dashjs/index.html (128)
[156:156:1128/165917.231522:INFO:CONSOLE(128)] "currentLatencynow: 7.78", source: file:///home/seluser/ppt/player/dashjs/index.html (128)
[156:156:1128/165918.231579:INFO:CONSOLE(128)] "currentLatencynow: 7.699", source: file:///home/seluser/ppt/player/dashjs/index.html (128)
[156:156:1128/165919.231619:INFO:CONSOLE(128)] "currentLatencynow: 7.599", source: file:///home/seluser/ppt/player/dashjs/index.html (128)
[156:156:1128/165920.231619:INFO:CONSOLE(128)] "currentLatencynow: 7.499", source: file:///home/seluser/ppt/player/dashjs/index.html (128)
[156:156:1128/165921.231516:INFO:CONSOLE(128)] "currentLatencynow: 7.399", source: file:///home/seluser/ppt/player/dashjs/index.html (128)
[156:156:1128/165922.231548:INFO:CONSOLE(128)] "currentLatencynow: 7.299", source: file:///home/seluser/ppt/player/dashjs/index.html (128)
[156:156:1128/165923.231510:INFO:CONSOLE(128)] "currentLatencynow: 7.199", source: file:///home/seluser/ppt/player/dashjs/index.html (128)
[156:156:1128/165924.231634:INFO:CONSOLE(128)] "currentLatencynow: 7.099", source: file:///home/seluser/ppt/player/dashjs/index.html (128)
[156:156:1128/165925.231524:INFO:CONSOLE(128)] "currentLatencynow: 6.999", source: file:///home/seluser/ppt/player/dashjs/index.html (128)
[156:156:1128/165926.231502:INFO:CONSOLE(128)] "currentLatencynow: 6.899", source: file:///home/seluser/ppt/player/dashjs/index.html (128)
[156:156:1128/165927.231527:INFO:CONSOLE(128)] "currentLatencynow: 6.799", source: file:///home/seluser/ppt/player/dashjs/index.html (128)
[156:156:1128/165928.231657:INFO:CONSOLE(128)] "currentLatencynow: 6.699", source: file:///home/seluser/ppt/player/dashjs/index.html (128)
[156:156:1128/165929.231610:INFO:CONSOLE(128)] "currentLatencynow: 6.599", source: file:///home/seluser/ppt/player/dashjs/index.html (128)
[156:156:1128/165930.231590:INFO:CONSOLE(128)] "currentLatencynow: 6.499", source: file:///home/seluser/ppt/player/dashjs/index.html (128)
[156:156:1128/165931.231698:INFO:CONSOLE(128)] "currentLatencynow: 6.399", source: file:///home/seluser/ppt/player/dashjs/index.html (128)
[156:156:1128/165932.231341:INFO:CONSOLE(128)] "currentLatencynow: 6.298", source: file:///home/seluser/ppt/player/dashjs/index.html (128)
[156:156:1128/165933.231338:INFO:CONSOLE(128)] "currentLatencynow: 6.224", source: file:///home/seluser/ppt/player/dashjs/index.html (128)
[156:156:1128/165934.231376:INFO:CONSOLE(128)] "currentLatencynow: 6.124", source: file:///home/seluser/ppt/player/dashjs/index.html (128)
[156:156:1128/165935.231389:INFO:CONSOLE(128)] "currentLatencynow: 6.103", source: file:///home/seluser/ppt/player/dashjs/index.html (128)
[156:156:1128/165936.231387:INFO:CONSOLE(128)] "currentLatencynow: 6.103", source: file:///home/seluser/ppt/player/dashjs/index.html (128)
[156:156:1128/165937.231482:INFO:CONSOLE(128)] "currentLatencynow: 6.103", source: file:///home/seluser/ppt/player/dashjs/index.html (128)
[156:156:1128/165938.231375:INFO:CONSOLE(128)] "currentLatencynow: 6.074", source: file:///home/seluser/ppt/player/dashjs/index.html (128)
[156:156:1128/165939.231376:INFO:CONSOLE(128)] "currentLatencynow: 5.974", source: file:///home/seluser/ppt/player/dashjs/index.html (128)
[156:156:1128/165940.231488:INFO:CONSOLE(128)] "currentLatencynow: 5.874", source: file:///home/seluser/ppt/player/dashjs/index.html (128)
[156:156:1128/165941.231385:INFO:CONSOLE(128)] "currentLatencynow: 5.774", source: file:///home/seluser/ppt/player/dashjs/index.html (128)
[156:156:1128/165942.231353:INFO:CONSOLE(128)] "currentLatencynow: 5.674", source: file:///home/seluser/ppt/player/dashjs/index.html (128)
[156:156:1128/165943.231486:INFO:CONSOLE(128)] "currentLatencynow: 5.574", source: file:///home/seluser/ppt/player/dashjs/index.html (128)
[156:156:1128/165944.231397:INFO:CONSOLE(128)] "currentLatencynow: 5.474", source: file:///home/seluser/ppt/player/dashjs/index.html (128)
[156:156:1128/165945.231448:INFO:CONSOLE(128)] "currentLatencynow: 5.374", source: file:///home/seluser/ppt/player/dashjs/index.html (128)
[156:156:1128/165946.231411:INFO:CONSOLE(128)] "currentLatencynow: 5.274", source: file:///home/seluser/ppt/player/dashjs/index.html (128)
[156:156:1128/165947.231378:INFO:CONSOLE(128)] "currentLatencynow: 5.174", source: file:///home/seluser/ppt/player/dashjs/index.html (128)
[156:156:1128/165948.231334:INFO:CONSOLE(128)] "currentLatencynow: 5.074", source: file:///home/seluser/ppt/player/dashjs/index.html (128)
[156:156:1128/165949.231413:INFO:CONSOLE(128)] "currentLatencynow: 4.974", source: file:///home/seluser/ppt/player/dashjs/index.html (128)
[156:156:1128/165950.231315:INFO:CONSOLE(128)] "currentLatencynow: 4.874", source: file:///home/seluser/ppt/player/dashjs/index.html (128)
[156:156:1128/165951.231442:INFO:CONSOLE(128)] "currentLatencynow: 4.774", source: file:///home/seluser/ppt/player/dashjs/index.html (128)
[156:156:1128/165952.231438:INFO:CONSOLE(128)] "currentLatencynow: 4.674", source: file:///home/seluser/ppt/player/dashjs/index.html (128)
[156:156:1128/165953.231431:INFO:CONSOLE(128)] "currentLatencynow: 4.574", source: file:///home/seluser/ppt/player/dashjs/index.html (128)
[156:156:1128/165954.231366:INFO:CONSOLE(128)] "currentLatencynow: 4.474", source: file:///home/seluser/ppt/player/dashjs/index.html (128)
[156:156:1128/165955.231406:INFO:CONSOLE(128)] "currentLatencynow: 4.385", source: file:///home/seluser/ppt/player/dashjs/index.html (128)
[156:156:1128/165956.231234:INFO:CONSOLE(128)] "currentLatencynow: 4.306", source: file:///home/seluser/ppt/player/dashjs/index.html (128)
[156:156:1128/165957.231292:INFO:CONSOLE(128)] "currentLatencynow: 4.237", source: file:///home/seluser/ppt/player/dashjs/index.html (128)
[156:156:1128/165958.231388:INFO:CONSOLE(128)] "currentLatencynow: 4.178", source: file:///home/seluser/ppt/player/dashjs/index.html (128)
[156:156:1128/165959.231335:INFO:CONSOLE(128)] "currentLatencynow: 4.13", source: file:///home/seluser/ppt/player/dashjs/index.html (128)
[156:156:1128/170000.231409:INFO:CONSOLE(128)] "currentLatencynow: 4.094", source: file:///home/seluser/ppt/player/dashjs/index.html (128)
[156:156:1128/170001.232214:INFO:CONSOLE(128)] "currentLatencynow: 4.058", source: file:///home/seluser/ppt/player/dashjs/index.html (128)
[156:156:1128/170002.230894:INFO:CONSOLE(128)] "currentLatencynow: 4.042", source: file:///home/seluser/ppt/player/dashjs/index.html (128)
[156:156:1128/170003.230953:INFO:CONSOLE(128)] "currentLatencynow: 4.041", source: file:///home/seluser/ppt/player/dashjs/index.html (128)
[156:156:1128/170004.230956:INFO:CONSOLE(128)] "currentLatencynow: 4.041", source: file:///home/seluser/ppt/player/dashjs/index.html (128)
[156:156:1128/170005.230857:INFO:CONSOLE(128)] "currentLatencynow: 4.041", source: file:///home/seluser/ppt/player/dashjs/index.html (128)
[156:156:1128/170006.231093:INFO:CONSOLE(128)] "currentLatencynow: 4.041", source: file:///home/seluser/ppt/player/dashjs/index.html (128)
[156:156:1128/170007.231004:INFO:CONSOLE(128)] "currentLatencynow: 4.041", source: file:///home/seluser/ppt/player/dashjs/index.html (128)
[156:156:1128/170008.231127:INFO:CONSOLE(128)] "currentLatencynow: 4.041", source: file:///home/seluser/ppt/player/dashjs/index.html (128)
[156:156:1128/170009.230990:INFO:CONSOLE(128)] "currentLatencynow: 4.041", source: file:///home/seluser/ppt/player/dashjs/index.html (128)
[156:156:1128/170010.231393:INFO:CONSOLE(128)] "currentLatencynow: 4.041", source: file:///home/seluser/ppt/player/dashjs/index.html (128)
[156:156:1128/170011.230965:INFO:CONSOLE(128)] "currentLatencynow: 4.041", source: file:///home/seluser/ppt/player/dashjs/index.html (128)
[156:156:1128/170012.230969:INFO:CONSOLE(128)] "currentLatencynow: 4.041", source: file:///home/seluser/ppt/player/dashjs/index.html (128)
[156:156:1128/170013.230892:INFO:CONSOLE(128)] "currentLatencynow: 4.041", source: file:///home/seluser/ppt/player/dashjs/index.html (128)
[156:156:1128/170014.231090:INFO:CONSOLE(128)] "currentLatencynow: 4.063", source: file:///home/seluser/ppt/player/dashjs/index.html (128)
[156:156:1128/170015.231040:INFO:CONSOLE(128)] "currentLatencynow: 4.063", source: file:///home/seluser/ppt/player/dashjs/index.html (128)
[156:156:1128/170016.231025:INFO:CONSOLE(128)] "currentLatencynow: 4.063", source: file:///home/seluser/ppt/player/dashjs/index.html (128)
[156:156:1128/170017.231026:INFO:CONSOLE(128)] "currentLatencynow: 4.063", source: file:///home/seluser/ppt/player/dashjs/index.html (128)
[156:156:1128/170018.231026:INFO:CONSOLE(128)] "currentLatencynow: 4.063", source: file:///home/seluser/ppt/player/dashjs/index.html (128)
[156:156:1128/170019.230958:INFO:CONSOLE(128)] "currentLatencynow: 4.063", source: file:///home/seluser/ppt/player/dashjs/index.html (128)
[156:156:1128/170020.230915:INFO:CONSOLE(128)] "currentLatencynow: 4.063", source: file:///home/seluser/ppt/player/dashjs/index.html (128)
[156:156:1128/170021.230929:INFO:CONSOLE(128)] "currentLatencynow: 4.063", source: file:///home/seluser/ppt/player/dashjs/index.html (128)
[156:156:1128/170022.230968:INFO:CONSOLE(128)] "currentLatencynow: 4.063", source: file:///home/seluser/ppt/player/dashjs/index.html (128)
[156:156:1128/170023.230969:INFO:CONSOLE(128)] "currentLatencynow: 4.063", source: file:///home/seluser/ppt/player/dashjs/index.html (128)
[156:156:1128/170024.230816:INFO:CONSOLE(128)] "currentLatencynow: 4.063", source: file:///home/seluser/ppt/player/dashjs/index.html (128)
[156:156:1128/170025.230925:INFO:CONSOLE(128)] "currentLatencynow: 4.063", source: file:///home/seluser/ppt/player/dashjs/index.html (128)
[156:156:1128/170026.230926:INFO:CONSOLE(128)] "currentLatencynow: 4.212", source: file:///home/seluser/ppt/player/dashjs/index.html (128)
[156:156:1128/170027.231059:INFO:CONSOLE(128)] "currentLatencynow: 4.212", source: file:///home/seluser/ppt/player/dashjs/index.html (128)
[156:156:1128/170028.230913:INFO:CONSOLE(128)] "currentLatencynow: 4.202", source: file:///home/seluser/ppt/player/dashjs/index.html (128)
[156:156:1128/170029.231000:INFO:CONSOLE(128)] "currentLatencynow: 4.154", source: file:///home/seluser/ppt/player/dashjs/index.html (128)
[156:156:1128/170030.231017:INFO:CONSOLE(128)] "currentLatencynow: 4.105", source: file:///home/seluser/ppt/player/dashjs/index.html (128)
[156:156:1128/170031.231042:INFO:CONSOLE(128)] "currentLatencynow: 4.078", source: file:///home/seluser/ppt/player/dashjs/index.html (128)
[156:156:1128/170032.230663:INFO:CONSOLE(128)] "currentLatencynow: 4.052", source: file:///home/seluser/ppt/player/dashjs/index.html (128)
[156:156:1128/170033.230573:INFO:CONSOLE(128)] "currentLatencynow: 4.026", source: file:///home/seluser/ppt/player/dashjs/index.html (128)
[156:156:1128/170034.230630:INFO:CONSOLE(128)] "currentLatencynow: 4.018", source: file:///home/seluser/ppt/player/dashjs/index.html (128)
[156:156:1128/170035.230534:INFO:CONSOLE(128)] "currentLatencynow: 4.018", source: file:///home/seluser/ppt/player/dashjs/index.html (128)
[156:156:1128/170036.230695:INFO:CONSOLE(128)] "currentLatencynow: 4.018", source: file:///home/seluser/ppt/player/dashjs/index.html (128)
[156:156:1128/170037.230563:INFO:CONSOLE(128)] "currentLatencynow: 4.018", source: file:///home/seluser/ppt/player/dashjs/index.html (128)
[156:156:1128/170038.230811:INFO:CONSOLE(128)] "currentLatencynow: 4.018", source: file:///home/seluser/ppt/player/dashjs/index.html (128)
[156:156:1128/170039.230627:INFO:CONSOLE(128)] "currentLatencynow: 4.018", source: file:///home/seluser/ppt/player/dashjs/index.html (128)
[156:156:1128/170040.230553:INFO:CONSOLE(128)] "currentLatencynow: 4.018", source: file:///home/seluser/ppt/player/dashjs/index.html (128)
[156:156:1128/170041.230749:INFO:CONSOLE(128)] "currentLatencynow: 4.018", source: file:///home/seluser/ppt/player/dashjs/index.html (128)
[156:156:1128/170042.230523:INFO:CONSOLE(128)] "currentLatencynow: 4.018", source: file:///home/seluser/ppt/player/dashjs/index.html (128)
[156:156:1128/170043.230537:INFO:CONSOLE(128)] "currentLatencynow: 4.018", source: file:///home/seluser/ppt/player/dashjs/index.html (128)
[156:156:1128/170044.230547:INFO:CONSOLE(128)] "currentLatencynow: 4.018", source: file:///home/seluser/ppt/player/dashjs/index.html (128)
[156:156:1128/170045.230537:INFO:CONSOLE(128)] "currentLatencynow: 4.018", source: file:///home/seluser/ppt/player/dashjs/index.html (128)
[156:156:1128/170046.230560:INFO:CONSOLE(128)] "currentLatencynow: 4.018", source: file:///home/seluser/ppt/player/dashjs/index.html (128)
[156:156:1128/170047.230505:INFO:CONSOLE(128)] "currentLatencynow: 4.018", source: file:///home/seluser/ppt/player/dashjs/index.html (128)
[156:156:1128/170048.230524:INFO:CONSOLE(128)] "currentLatencynow: 4.018", source: file:///home/seluser/ppt/player/dashjs/index.html (128)
[156:156:1128/170049.230636:INFO:CONSOLE(128)] "currentLatencynow: 4.018", source: file:///home/seluser/ppt/player/dashjs/index.html (128)
[156:156:1128/170050.230537:INFO:CONSOLE(128)] "currentLatencynow: 4.018", source: file:///home/seluser/ppt/player/dashjs/index.html (128)
[156:156:1128/170051.230604:INFO:CONSOLE(128)] "currentLatencynow: 4.018", source: file:///home/seluser/ppt/player/dashjs/index.html (128)
[156:156:1128/170052.230575:INFO:CONSOLE(128)] "currentLatencynow: 4.018", source: file:///home/seluser/ppt/player/dashjs/index.html (128)
[156:156:1128/170053.230537:INFO:CONSOLE(128)] "currentLatencynow: 4.726", source: file:///home/seluser/ppt/player/dashjs/index.html (128)
[156:156:1128/170054.230548:INFO:CONSOLE(128)] "currentLatencynow: 5.726", source: file:///home/seluser/ppt/player/dashjs/index.html (128)
[156:156:1128/170055.230524:INFO:CONSOLE(128)] "currentLatencynow: 6.726", source: file:///home/seluser/ppt/player/dashjs/index.html (128)
[156:156:1128/170056.230593:INFO:CONSOLE(128)] "currentLatencynow: 7.726", source: file:///home/seluser/ppt/player/dashjs/index.html (128)
[156:156:1128/170057.230562:INFO:CONSOLE(128)] "currentLatencynow: 8.726", source: file:///home/seluser/ppt/player/dashjs/index.html (128)
[156:156:1128/170058.230549:INFO:CONSOLE(128)] "currentLatencynow: 9.726", source: file:///home/seluser/ppt/player/dashjs/index.html (128)
[156:156:1128/170059.230582:INFO:CONSOLE(114)] "Begin Player stistics 
", source: file:///home/seluser/ppt/player/dashjs/index.html (114)
[156:156:1128/170059.230748:INFO:CONSOLE(115)] "["stall",[["2.57","4.66",2.0900000000000003]],[["87.25","87.50",0.25]],[["114.31","114.56",0.25]],[["availibleBW",[null],[null],[null],[2923],[2923],[2933],[3266],[3488],[3488],[3569],[3569],[3966],[3966],[4131],[4448],[4448],[4835],[4835],[4975],[4975],[4937],[4937],[4768],[4768],[4440],[4399],[4399],[4386],[4386],[4084],[4084],[3967],[3967],[3718],[3718],[3262],[3262],[2438],[2521],[2521],[2387],[2387],[2632],[2609],[2609],[2614],[2614],[2479],[2479],[2427],[2530],[2530],[2710],[2710],[2560],[2560],[2841],[3801],[3801],[3801],[4060],[4060],[5028],[5028],[4621],[4621],[4137],[3617],[3617],[3541],[3303],[3303],[3003],[3003],[3464],[3537],[3537],[3462],[3462],[3797],[3797],[4656],[4656],[5948],[5948],[5922],[5594],[5034],[4705],[4705],[4622],[4622],[4996],[4996],[4762],[4762],[5000],[5000],[4970],[4970],[5130],[5117],[5214],[5214],[5244],[5244],[5244],[5244],[4757],[4321],[4412],[4412],[4412],[4316],[4316],[4316],[4316],[4316],[4316]]],[["currentBuffer",[0],[0],[0],[1.413],[0.313],[0],[0.249],[1.201],[0.291],[1.293],[0.293],[1.295],[0.295],[1.297],[2.209],[1.215],[2.117],[1.017],[1.934],[0.838],[1.74],[0.64],[1.542],[0.442],[1.344],[2.246],[1.146],[2.048],[0.948],[1.85],[0.75],[1.652],[0.552],[1.48],[0.38],[1.26],[0.349],[1.352],[2.335],[1.235],[2.137],[0.994],[1.939],[2.841],[1.741],[2.643],[1.543],[2.446],[1.302],[2.247],[3.149],[2.05],[2.951],[1.852],[2.754],[1.62],[2.585],[3.437],[2.457],[1.407],[2.372],[1.336],[0.278],[0],[0.319],[0],[0.321],[1.323],[0.323],[1.325],[2.237],[1.327],[2.323],[1.329],[2.352],[1.253],[0.352],[1.264],[0.354],[1.356],[0.356],[1.358],[0.358],[0],[0],[0],[0.421],[1.423],[2.416],[1.368],[2.321],[1.294],[2.27],[1.244],[2.237],[1.237],[2.239],[1.239],[2.241],[1.241],[0.241],[1.243],[2.245],[1.245],[2.247],[1.247],[0.247],[0],[0.249],[1.251],[2.253],[1.253],[0.253],[0],[0],[0],[0],[0],[0]]],[["currentLatency",[0],[6.493],[7.493],[8.19],[8.09],[8.074],[8.074],[8.074],[8.074],[8.074],[8.074],[8.074],[8.074],[8.074],[8.073],[7.98],[7.88],[7.78],[7.699],[7.599],[7.499],[7.399],[7.299],[7.199],[7.099],[6.999],[6.899],[6.799],[6.699],[6.599],[6.499],[6.399],[6.298],[6.224],[6.124],[6.103],[6.103],[6.103],[6.074],[5.974],[5.874],[5.774],[5.674],[5.574],[5.474],[5.374],[5.274],[5.174],[5.074],[4.974],[4.874],[4.774],[4.674],[4.574],[4.474],[4.385],[4.306],[4.237],[4.178],[4.13],[4.094],[4.058],[4.042],[4.041],[4.041],[4.041],[4.041],[4.041],[4.041],[4.041],[4.041],[4.041],[4.041],[4.041],[4.063],[4.063],[4.063],[4.063],[4.063],[4.063],[4.063],[4.063],[4.063],[4.063],[4.063],[4.063],[4.212],[4.212],[4.202],[4.154],[4.105],[4.078],[4.052],[4.026],[4.018],[4.018],[4.018],[4.018],[4.018],[4.018],[4.018],[4.018],[4.018],[4.018],[4.018],[4.018],[4.018],[4.018],[4.018],[4.018],[4.018],[4.018],[4.018],[4.726],[5.726],[6.726],[7.726],[8.726],[9.726]]]]", source: file:///home/seluser/ppt/player/dashjs/index.html (115)
[156:156:1128/170059.230815:INFO:CONSOLE(116)] "
", source: file:///home/seluser/ppt/player/dashjs/index.html (116)
[156:156:1128/170059.230849:INFO:CONSOLE(117)] "Finish Player stistics 
", source: file:///home/seluser/ppt/player/dashjs/index.html (117)
[156:156:1128/170059.230970:INFO:CONSOLE(128)] "currentLatencynow: 10.726", source: file:///home/seluser/ppt/player/dashjs/index.html (128)
[156:156:1128/170100.230834:INFO:CONSOLE(128)] "currentLatencynow: 11.726", source: file:///home/seluser/ppt/player/dashjs/index.html (128)
[156:156:1128/170101.230574:INFO:CONSOLE(128)] "currentLatencynow: 12.726", source: file:///home/seluser/ppt/player/dashjs/index.html (128)
[156:156:1128/170102.229966:INFO:CONSOLE(128)] "currentLatencynow: 13.725", source: file:///home/seluser/ppt/player/dashjs/index.html (128)
[156:156:1128/170103.229939:INFO:CONSOLE(128)] "currentLatencynow: 14.725", source: file:///home/seluser/ppt/player/dashjs/index.html (128)
[156:156:1128/170104.229961:INFO:CONSOLE(128)] "currentLatencynow: 15.725", source: file:///home/seluser/ppt/player/dashjs/index.html (128)
[156:156:1128/170105.229915:INFO:CONSOLE(128)] "currentLatencynow: 16.725", source: file:///home/seluser/ppt/player/dashjs/index.html (128)
[156:156:1128/170106.230045:INFO:CONSOLE(128)] "currentLatencynow: 17.725", source: file:///home/seluser/ppt/player/dashjs/index.html (128)
[156:156:1128/170107.229995:INFO:CONSOLE(128)] "currentLatencynow: 18.725", source: file:///home/seluser/ppt/player/dashjs/index.html (128)
[156:156:1128/170108.229971:INFO:CONSOLE(128)] "currentLatencynow: 19.725", source: file:///home/seluser/ppt/player/dashjs/index.html (128)
[156:156:1128/170109.229955:INFO:CONSOLE(128)] "currentLatencynow: 20.725", source: file:///home/seluser/ppt/player/dashjs/index.html (128)
[156:156:1128/170110.229966:INFO:CONSOLE(128)] "currentLatencynow: 21.725", source: file:///home/seluser/ppt/player/dashjs/index.html (128)
[156:156:1128/170111.229939:INFO:CONSOLE(128)] "currentLatencynow: 22.725", source: file:///home/seluser/ppt/player/dashjs/index.html (128)
[156:156:1128/170112.229983:INFO:CONSOLE(128)] "currentLatencynow: 23.725", source: file:///home/seluser/ppt/player/dashjs/index.html (128)
[156:156:1128/170113.229938:INFO:CONSOLE(128)] "currentLatencynow: 24.725", source: file:///home/seluser/ppt/player/dashjs/index.html (128)
[156:156:1128/170114.229960:INFO:CONSOLE(128)] "currentLatencynow: 25.725", source: file:///home/seluser/ppt/player/dashjs/index.html (128)
[156:156:1128/170115.229963:INFO:CONSOLE(128)] "currentLatencynow: 26.725", source: file:///home/seluser/ppt/player/dashjs/index.html (128)
[156:156:1128/170116.229935:INFO:CONSOLE(128)] "currentLatencynow: 27.725", source: file:///home/seluser/ppt/player/dashjs/index.html (128)
[156:156:1128/170117.229913:INFO:CONSOLE(128)] "currentLatencynow: 28.725", source: file:///home/seluser/ppt/player/dashjs/index.html (128)
[156:156:1128/170118.229928:INFO:CONSOLE(128)] "currentLatencynow: 29.725", source: file:///home/seluser/ppt/player/dashjs/index.html (128)
[156:156:1128/170119.229906:INFO:CONSOLE(128)] "currentLatencynow: 30.725", source: file:///home/seluser/ppt/player/dashjs/index.html (128)
[156:156:1128/170120.229942:INFO:CONSOLE(128)] "currentLatencynow: 31.47", source: file:///home/seluser/ppt/player/dashjs/index.html (128)
[156:156:1128/170121.229915:INFO:CONSOLE(128)] "currentLatencynow: 32.47", source: file:///home/seluser/ppt/player/dashjs/index.html (128)
[156:156:1128/170122.230013:INFO:CONSOLE(128)] "currentLatencynow: 33.47", source: file:///home/seluser/ppt/player/dashjs/index.html (128)
[156:156:1128/170123.229965:INFO:CONSOLE(128)] "currentLatencynow: 34.47", source: file:///home/seluser/ppt/player/dashjs/index.html (128)
[156:156:1128/170124.229960:INFO:CONSOLE(128)] "currentLatencynow: 35.47", source: file:///home/seluser/ppt/player/dashjs/index.html (128)
[156:156:1128/170125.229955:INFO:CONSOLE(128)] "currentLatencynow: 36.47", source: file:///home/seluser/ppt/player/dashjs/index.html (128)
[156:156:1128/170126.229955:INFO:CONSOLE(128)] "currentLatencynow: 37.47", source: file:///home/seluser/ppt/player/dashjs/index.html (128)
[156:156:1128/170127.229922:INFO:CONSOLE(128)] "currentLatencynow: 38.47", source: file:///home/seluser/ppt/player/dashjs/index.html (128)
