[155:218:1129/144351.424370:ERROR:bus.cc(392)] Failed to connect to the bus: Failed to connect to socket /var/run/dbus/system_bus_socket: No such file or directory
[155:181:1129/144351.428857:ERROR:bus.cc(392)] Failed to connect to the bus: Address does not contain a colon
[155:181:1129/144351.428939:ERROR:bus.cc(392)] Failed to connect to the bus: Address does not contain a colon
[155:181:1129/144351.442220:ERROR:bus.cc(392)] Failed to connect to the bus: Address does not contain a colon
[155:181:1129/144351.442307:ERROR:bus.cc(392)] Failed to connect to the bus: Address does not contain a colon
[226:226:1129/144351.452113:ERROR:gpu_init.cc(453)] Passthrough is not supported, GL is swiftshader, ANGLE is 
[155:181:1129/144351.470241:ERROR:bus.cc(392)] Failed to connect to the bus: Address does not contain a colon
[155:181:1129/144351.470284:ERROR:bus.cc(392)] Failed to connect to the bus: Address does not contain a colon
[155:317:1129/144351.688188:ERROR:bus.cc(392)] Failed to connect to the bus: Failed to connect to socket /var/run/dbus/system_bus_socket: No such file or directory
[155:317:1129/144351.688251:ERROR:bus.cc(392)] Failed to connect to the bus: Failed to connect to socket /var/run/dbus/system_bus_socket: No such file or directory
[155:317:1129/144351.688305:ERROR:bus.cc(392)] Failed to connect to the bus: Failed to connect to socket /var/run/dbus/system_bus_socket: No such file or directory
[155:317:1129/144351.688325:WARNING:property.cc(144)] DaemonVersion: GetAndBlock: failed.
[155:317:1129/144351.688362:ERROR:bus.cc(392)] Failed to connect to the bus: Failed to connect to socket /var/run/dbus/system_bus_socket: No such file or directory
[155:317:1129/144351.688401:ERROR:bus.cc(392)] Failed to connect to the bus: Failed to connect to socket /var/run/dbus/system_bus_socket: No such file or directory
[155:155:1129/144353.332214:INFO:CONSOLE(128)] "currentLatencynow: NaN", source: file:///home/seluser/ppt/player/dashjs/index.html (128)
[155:155:1129/144354.332624:INFO:CONSOLE(128)] "currentLatencynow: 0", source: file:///home/seluser/ppt/player/dashjs/index.html (128)
[155:250:1129/144354.654423:ERROR:chrome_browser_main_extra_parts_metrics.cc(228)] crbug.com/1216328: Checking Bluetooth availability started. Please report if there is no report that this ends.
[155:250:1129/144354.655094:ERROR:chrome_browser_main_extra_parts_metrics.cc(231)] crbug.com/1216328: Checking Bluetooth availability ended.
[155:250:1129/144354.655201:ERROR:chrome_browser_main_extra_parts_metrics.cc(234)] crbug.com/1216328: Checking default browser status started. Please report if there is no report that this ends.
[364:364:1129/144354.818456:WARNING:audio_manager_linux.cc(69)] Falling back to ALSA for audio output. PulseAudio is not available or could not be initialized.
[364:364:1129/144354.949760:ERROR:alsa_util.cc(204)] PcmOpen: default,No such file or directory
[364:364:1129/144354.949881:ERROR:alsa_util.cc(204)] PcmOpen: plug:default,No such file or directory
[155:250:1129/144355.168939:ERROR:chrome_browser_main_extra_parts_metrics.cc(238)] crbug.com/1216328: Checking default browser status ended.
[155:155:1129/144355.332359:INFO:CONSOLE(128)] "currentLatencynow: 6.51", source: file:///home/seluser/ppt/player/dashjs/index.html (128)
[155:155:1129/144356.331589:INFO:CONSOLE(128)] "currentLatencynow: 7.51", source: file:///home/seluser/ppt/player/dashjs/index.html (128)
[155:181:1129/144356.805055:ERROR:bus.cc(392)] Failed to connect to the bus: Address does not contain a colon
[155:181:1129/144356.805135:ERROR:bus.cc(392)] Failed to connect to the bus: Address does not contain a colon
[155:181:1129/144356.805166:ERROR:bus.cc(392)] Failed to connect to the bus: Address does not contain a colon
[155:181:1129/144356.805175:ERROR:bus.cc(392)] Failed to connect to the bus: Address does not contain a colon
[155:181:1129/144356.805214:ERROR:bus.cc(392)] Failed to connect to the bus: Address does not contain a colon
[155:181:1129/144356.805242:ERROR:bus.cc(392)] Failed to connect to the bus: Address does not contain a colon
[155:181:1129/144356.805271:ERROR:bus.cc(392)] Failed to connect to the bus: Address does not contain a colon
[155:181:1129/144356.805318:ERROR:bus.cc(392)] Failed to connect to the bus: Address does not contain a colon
[155:181:1129/144356.805350:ERROR:bus.cc(392)] Failed to connect to the bus: Address does not contain a colon
[155:181:1129/144356.805379:ERROR:bus.cc(392)] Failed to connect to the bus: Address does not contain a colon
[155:181:1129/144356.805412:ERROR:bus.cc(392)] Failed to connect to the bus: Address does not contain a colon
[155:181:1129/144356.805448:ERROR:bus.cc(392)] Failed to connect to the bus: Address does not contain a colon
[155:181:1129/144356.805481:ERROR:bus.cc(392)] Failed to connect to the bus: Address does not contain a colon
[155:181:1129/144356.805510:ERROR:bus.cc(392)] Failed to connect to the bus: Address does not contain a colon
[155:181:1129/144356.829425:ERROR:bus.cc(392)] Failed to connect to the bus: Address does not contain a colon
[155:181:1129/144356.829525:ERROR:bus.cc(392)] Failed to connect to the bus: Address does not contain a colon
[155:181:1129/144356.829552:ERROR:bus.cc(392)] Failed to connect to the bus: Address does not contain a colon
[155:181:1129/144356.863487:ERROR:bus.cc(392)] Failed to connect to the bus: Address does not contain a colon
[155:181:1129/144356.863743:ERROR:bus.cc(392)] Failed to connect to the bus: Address does not contain a colon
[155:155:1129/144357.331986:INFO:CONSOLE(128)] "currentLatencynow: 8.01", source: file:///home/seluser/ppt/player/dashjs/index.html (128)
[155:155:1129/144358.338124:INFO:CONSOLE(128)] "currentLatencynow: 8.868", source: file:///home/seluser/ppt/player/dashjs/index.html (128)
[155:155:1129/144359.333389:INFO:CONSOLE(128)] "currentLatencynow: 9.505", source: file:///home/seluser/ppt/player/dashjs/index.html (128)
[155:155:1129/144400.338722:INFO:CONSOLE(128)] "currentLatencynow: 9.504", source: file:///home/seluser/ppt/player/dashjs/index.html (128)
[155:155:1129/144401.331853:INFO:CONSOLE(128)] "currentLatencynow: 9.841", source: file:///home/seluser/ppt/player/dashjs/index.html (128)
[155:155:1129/144402.356043:INFO:CONSOLE(128)] "currentLatencynow: 10.841", source: file:///home/seluser/ppt/player/dashjs/index.html (128)
[155:155:1129/144403.338228:INFO:CONSOLE(128)] "currentLatencynow: 11.841", source: file:///home/seluser/ppt/player/dashjs/index.html (128)
[155:181:1129/144404.324071:ERROR:bus.cc(392)] Failed to connect to the bus: Address does not contain a colon
[155:181:1129/144404.324125:ERROR:bus.cc(392)] Failed to connect to the bus: Address does not contain a colon
[155:155:1129/144404.331661:INFO:CONSOLE(128)] "currentLatencynow: 12.769", source: file:///home/seluser/ppt/player/dashjs/index.html (128)
[155:155:1129/144405.331593:INFO:CONSOLE(128)] "currentLatencynow: 12.79", source: file:///home/seluser/ppt/player/dashjs/index.html (128)
[155:155:1129/144406.333250:INFO:CONSOLE(128)] "currentLatencynow: 12.838", source: file:///home/seluser/ppt/player/dashjs/index.html (128)
[155:155:1129/144407.331404:INFO:CONSOLE(128)] "currentLatencynow: 13.838", source: file:///home/seluser/ppt/player/dashjs/index.html (128)
[155:155:1129/144408.333648:INFO:CONSOLE(128)] "currentLatencynow: 14.84", source: file:///home/seluser/ppt/player/dashjs/index.html (128)
[155:155:1129/144409.332714:INFO:CONSOLE(128)] "currentLatencynow: 15.838", source: file:///home/seluser/ppt/player/dashjs/index.html (128)
[155:181:1129/144409.612341:ERROR:bus.cc(392)] Failed to connect to the bus: Address does not contain a colon
[155:181:1129/144409.612384:ERROR:bus.cc(392)] Failed to connect to the bus: Address does not contain a colon
[155:155:1129/144410.331341:INFO:CONSOLE(128)] "currentLatencynow: 16.054", source: file:///home/seluser/ppt/player/dashjs/index.html (128)
[155:155:1129/144411.331449:INFO:CONSOLE(128)] "currentLatencynow: 16.054", source: file:///home/seluser/ppt/player/dashjs/index.html (128)
[155:155:1129/144412.331683:INFO:CONSOLE(128)] "currentLatencynow: 15.983", source: file:///home/seluser/ppt/player/dashjs/index.html (128)
[155:155:1129/144413.335634:INFO:CONSOLE(128)] "currentLatencynow: 15.883", source: file:///home/seluser/ppt/player/dashjs/index.html (128)
[155:155:1129/144414.331760:INFO:CONSOLE(128)] "currentLatencynow: 16.845", source: file:///home/seluser/ppt/player/dashjs/index.html (128)
[155:155:1129/144415.334120:INFO:CONSOLE(128)] "currentLatencynow: 17.847", source: file:///home/seluser/ppt/player/dashjs/index.html (128)
[155:181:1129/144415.965816:ERROR:bus.cc(392)] Failed to connect to the bus: Address does not contain a colon
[155:181:1129/144415.965859:ERROR:bus.cc(392)] Failed to connect to the bus: Address does not contain a colon
[155:155:1129/144416.331769:INFO:CONSOLE(128)] "currentLatencynow: 18.404", source: file:///home/seluser/ppt/player/dashjs/index.html (128)
[155:155:1129/144417.332131:INFO:CONSOLE(128)] "currentLatencynow: 18.305", source: file:///home/seluser/ppt/player/dashjs/index.html (128)
[155:155:1129/144418.331732:INFO:CONSOLE(128)] "currentLatencynow: 18.206", source: file:///home/seluser/ppt/player/dashjs/index.html (128)
[155:155:1129/144419.335211:INFO:CONSOLE(128)] "currentLatencynow: 18.105", source: file:///home/seluser/ppt/player/dashjs/index.html (128)
[155:155:1129/144420.332557:INFO:CONSOLE(128)] "currentLatencynow: 18.006", source: file:///home/seluser/ppt/player/dashjs/index.html (128)
[155:155:1129/144421.332644:INFO:CONSOLE(128)] "currentLatencynow: 17.904", source: file:///home/seluser/ppt/player/dashjs/index.html (128)
[155:155:1129/144422.331585:INFO:CONSOLE(128)] "currentLatencynow: 17.805", source: file:///home/seluser/ppt/player/dashjs/index.html (128)
[155:155:1129/144423.334288:INFO:CONSOLE(128)] "currentLatencynow: 17.703", source: file:///home/seluser/ppt/player/dashjs/index.html (128)
[155:155:1129/144424.334288:INFO:CONSOLE(128)] "currentLatencynow: 17.603", source: file:///home/seluser/ppt/player/dashjs/index.html (128)
[155:155:1129/144425.332512:INFO:CONSOLE(128)] "currentLatencynow: 17.505", source: file:///home/seluser/ppt/player/dashjs/index.html (128)
[155:155:1129/144426.335506:INFO:CONSOLE(128)] "currentLatencynow: 17.405", source: file:///home/seluser/ppt/player/dashjs/index.html (128)
[155:155:1129/144427.331822:INFO:CONSOLE(128)] "currentLatencynow: 17.305", source: file:///home/seluser/ppt/player/dashjs/index.html (128)
[155:155:1129/144428.341179:INFO:CONSOLE(128)] "currentLatencynow: 17.203", source: file:///home/seluser/ppt/player/dashjs/index.html (128)
[155:155:1129/144429.338495:INFO:CONSOLE(128)] "currentLatencynow: 17.17", source: file:///home/seluser/ppt/player/dashjs/index.html (128)
[155:155:1129/144430.335875:INFO:CONSOLE(128)] "currentLatencynow: 17.169", source: file:///home/seluser/ppt/player/dashjs/index.html (128)
[155:155:1129/144431.332853:INFO:CONSOLE(128)] "currentLatencynow: 17.169", source: file:///home/seluser/ppt/player/dashjs/index.html (128)
[155:155:1129/144432.335960:INFO:CONSOLE(128)] "currentLatencynow: 17.169", source: file:///home/seluser/ppt/player/dashjs/index.html (128)
[155:155:1129/144433.334233:INFO:CONSOLE(128)] "currentLatencynow: 17.787", source: file:///home/seluser/ppt/player/dashjs/index.html (128)
[155:155:1129/144434.335420:INFO:CONSOLE(128)] "currentLatencynow: 18.79", source: file:///home/seluser/ppt/player/dashjs/index.html (128)
[155:155:1129/144435.333066:INFO:CONSOLE(128)] "currentLatencynow: 19.786", source: file:///home/seluser/ppt/player/dashjs/index.html (128)
[155:181:1129/144435.980322:ERROR:bus.cc(392)] Failed to connect to the bus: Address does not contain a colon
[155:181:1129/144435.980414:ERROR:bus.cc(392)] Failed to connect to the bus: Address does not contain a colon
[155:155:1129/144436.336284:INFO:CONSOLE(128)] "currentLatencynow: 20.315", source: file:///home/seluser/ppt/player/dashjs/index.html (128)
[155:155:1129/144437.335708:INFO:CONSOLE(128)] "currentLatencynow: 20.215", source: file:///home/seluser/ppt/player/dashjs/index.html (128)
[155:155:1129/144438.333187:INFO:CONSOLE(128)] "currentLatencynow: 20.117", source: file:///home/seluser/ppt/player/dashjs/index.html (128)
[155:155:1129/144439.331621:INFO:CONSOLE(128)] "currentLatencynow: 20.017", source: file:///home/seluser/ppt/player/dashjs/index.html (128)
[155:155:1129/144440.331484:INFO:CONSOLE(128)] "currentLatencynow: 19.916", source: file:///home/seluser/ppt/player/dashjs/index.html (128)
[155:155:1129/144441.331613:INFO:CONSOLE(128)] "currentLatencynow: 19.82", source: file:///home/seluser/ppt/player/dashjs/index.html (128)
[155:155:1129/144442.331608:INFO:CONSOLE(128)] "currentLatencynow: 19.821", source: file:///home/seluser/ppt/player/dashjs/index.html (128)
[155:155:1129/144443.329898:INFO:CONSOLE(128)] "currentLatencynow: 19.818", source: file:///home/seluser/ppt/player/dashjs/index.html (128)
[155:155:1129/144444.329112:INFO:CONSOLE(128)] "currentLatencynow: 20.766", source: file:///home/seluser/ppt/player/dashjs/index.html (128)
[155:155:1129/144445.328961:INFO:CONSOLE(128)] "currentLatencynow: 21.766", source: file:///home/seluser/ppt/player/dashjs/index.html (128)
[155:155:1129/144446.332445:INFO:CONSOLE(128)] "currentLatencynow: 22.769", source: file:///home/seluser/ppt/player/dashjs/index.html (128)
[155:181:1129/144446.624709:ERROR:bus.cc(392)] Failed to connect to the bus: Address does not contain a colon
[155:181:1129/144446.624866:ERROR:bus.cc(392)] Failed to connect to the bus: Address does not contain a colon
[155:155:1129/144447.330433:INFO:CONSOLE(128)] "currentLatencynow: 22.945", source: file:///home/seluser/ppt/player/dashjs/index.html (128)
[155:155:1129/144448.329689:INFO:CONSOLE(128)] "currentLatencynow: 22.845", source: file:///home/seluser/ppt/player/dashjs/index.html (128)
[155:155:1129/144449.329069:INFO:CONSOLE(128)] "currentLatencynow: 22.747", source: file:///home/seluser/ppt/player/dashjs/index.html (128)
[155:155:1129/144450.332108:INFO:CONSOLE(128)] "currentLatencynow: 22.645", source: file:///home/seluser/ppt/player/dashjs/index.html (128)
[155:155:1129/144451.332702:INFO:CONSOLE(128)] "currentLatencynow: 22.545", source: file:///home/seluser/ppt/player/dashjs/index.html (128)
[155:155:1129/144452.330364:INFO:CONSOLE(128)] "currentLatencynow: 22.445", source: file:///home/seluser/ppt/player/dashjs/index.html (128)
[155:155:1129/144453.330820:INFO:CONSOLE(128)] "currentLatencynow: 22.345", source: file:///home/seluser/ppt/player/dashjs/index.html (128)
[155:155:1129/144454.330713:INFO:CONSOLE(128)] "currentLatencynow: 22.31", source: file:///home/seluser/ppt/player/dashjs/index.html (128)
[155:155:1129/144455.329109:INFO:CONSOLE(128)] "currentLatencynow: 22.308", source: file:///home/seluser/ppt/player/dashjs/index.html (128)
[155:155:1129/144456.329421:INFO:CONSOLE(128)] "currentLatencynow: 22.735", source: file:///home/seluser/ppt/player/dashjs/index.html (128)
[155:155:1129/144457.329421:INFO:CONSOLE(128)] "currentLatencynow: 23.735", source: file:///home/seluser/ppt/player/dashjs/index.html (128)
[155:155:1129/144458.330765:INFO:CONSOLE(128)] "currentLatencynow: 24.737", source: file:///home/seluser/ppt/player/dashjs/index.html (128)
[155:155:1129/144459.330951:INFO:CONSOLE(128)] "currentLatencynow: 25.737", source: file:///home/seluser/ppt/player/dashjs/index.html (128)
[155:181:1129/144459.956444:ERROR:bus.cc(392)] Failed to connect to the bus: Address does not contain a colon
[155:181:1129/144459.956557:ERROR:bus.cc(392)] Failed to connect to the bus: Address does not contain a colon
[155:155:1129/144500.332031:INFO:CONSOLE(128)] "currentLatencynow: 26.304", source: file:///home/seluser/ppt/player/dashjs/index.html (128)
[155:155:1129/144501.329107:INFO:CONSOLE(128)] "currentLatencynow: 26.204", source: file:///home/seluser/ppt/player/dashjs/index.html (128)
[155:155:1129/144502.330182:INFO:CONSOLE(128)] "currentLatencynow: 26.104", source: file:///home/seluser/ppt/player/dashjs/index.html (128)
[155:155:1129/144503.329065:INFO:CONSOLE(128)] "currentLatencynow: 26.004", source: file:///home/seluser/ppt/player/dashjs/index.html (128)
[155:155:1129/144504.333252:INFO:CONSOLE(128)] "currentLatencynow: 25.903", source: file:///home/seluser/ppt/player/dashjs/index.html (128)
[155:155:1129/144505.329582:INFO:CONSOLE(128)] "currentLatencynow: 25.805", source: file:///home/seluser/ppt/player/dashjs/index.html (128)
[155:155:1129/144506.330359:INFO:CONSOLE(128)] "currentLatencynow: 25.704", source: file:///home/seluser/ppt/player/dashjs/index.html (128)
[155:155:1129/144507.329156:INFO:CONSOLE(128)] "currentLatencynow: 25.604", source: file:///home/seluser/ppt/player/dashjs/index.html (128)
[155:155:1129/144508.329050:INFO:CONSOLE(128)] "currentLatencynow: 25.504", source: file:///home/seluser/ppt/player/dashjs/index.html (128)
[155:155:1129/144509.331056:INFO:CONSOLE(128)] "currentLatencynow: 25.439", source: file:///home/seluser/ppt/player/dashjs/index.html (128)
[155:155:1129/144510.331264:INFO:CONSOLE(128)] "currentLatencynow: 25.439", source: file:///home/seluser/ppt/player/dashjs/index.html (128)
[155:155:1129/144511.330159:INFO:CONSOLE(128)] "currentLatencynow: 25.72", source: file:///home/seluser/ppt/player/dashjs/index.html (128)
[155:155:1129/144512.331224:INFO:CONSOLE(128)] "currentLatencynow: 26.719", source: file:///home/seluser/ppt/player/dashjs/index.html (128)
[155:155:1129/144513.332636:INFO:CONSOLE(128)] "currentLatencynow: 27.723", source: file:///home/seluser/ppt/player/dashjs/index.html (128)
[155:181:1129/144513.683210:ERROR:bus.cc(392)] Failed to connect to the bus: Address does not contain a colon
[155:181:1129/144513.683277:ERROR:bus.cc(392)] Failed to connect to the bus: Address does not contain a colon
[155:155:1129/144514.331288:INFO:CONSOLE(128)] "currentLatencynow: 28.018", source: file:///home/seluser/ppt/player/dashjs/index.html (128)
[155:155:1129/144515.331088:INFO:CONSOLE(128)] "currentLatencynow: 27.916", source: file:///home/seluser/ppt/player/dashjs/index.html (128)
[155:155:1129/144516.333461:INFO:CONSOLE(128)] "currentLatencynow: 27.816", source: file:///home/seluser/ppt/player/dashjs/index.html (128)
[155:155:1129/144517.335173:INFO:CONSOLE(128)] "currentLatencynow: 27.735", source: file:///home/seluser/ppt/player/dashjs/index.html (128)
[155:155:1129/144518.333738:INFO:CONSOLE(128)] "currentLatencynow: 27.642", source: file:///home/seluser/ppt/player/dashjs/index.html (128)
[155:155:1129/144519.332363:INFO:CONSOLE(128)] "currentLatencynow: 27.65", source: file:///home/seluser/ppt/player/dashjs/index.html (128)
[155:155:1129/144520.330980:INFO:CONSOLE(128)] "currentLatencynow: 28.65", source: file:///home/seluser/ppt/player/dashjs/index.html (128)
[155:155:1129/144521.331713:INFO:CONSOLE(128)] "currentLatencynow: 29.553", source: file:///home/seluser/ppt/player/dashjs/index.html (128)
[155:155:1129/144522.331080:INFO:CONSOLE(128)] "currentLatencynow: 29.479", source: file:///home/seluser/ppt/player/dashjs/index.html (128)
[155:155:1129/144523.331696:INFO:CONSOLE(128)] "currentLatencynow: 29.377", source: file:///home/seluser/ppt/player/dashjs/index.html (128)
[155:155:1129/144524.330899:INFO:CONSOLE(128)] "currentLatencynow: 29.277", source: file:///home/seluser/ppt/player/dashjs/index.html (128)
[155:155:1129/144525.330818:INFO:CONSOLE(128)] "currentLatencynow: 29.177", source: file:///home/seluser/ppt/player/dashjs/index.html (128)
[155:155:1129/144526.331195:INFO:CONSOLE(128)] "currentLatencynow: 29.077", source: file:///home/seluser/ppt/player/dashjs/index.html (128)
[155:155:1129/144527.336005:INFO:CONSOLE(128)] "currentLatencynow: 28.976", source: file:///home/seluser/ppt/player/dashjs/index.html (128)
[155:155:1129/144528.330992:INFO:CONSOLE(128)] "currentLatencynow: 28.877", source: file:///home/seluser/ppt/player/dashjs/index.html (128)
[155:155:1129/144529.331405:INFO:CONSOLE(128)] "currentLatencynow: 28.781", source: file:///home/seluser/ppt/player/dashjs/index.html (128)
[155:155:1129/144530.332521:INFO:CONSOLE(128)] "currentLatencynow: 28.678", source: file:///home/seluser/ppt/player/dashjs/index.html (128)
[155:155:1129/144531.330910:INFO:CONSOLE(128)] "currentLatencynow: 28.577", source: file:///home/seluser/ppt/player/dashjs/index.html (128)
[155:155:1129/144532.331481:INFO:CONSOLE(128)] "currentLatencynow: 28.477", source: file:///home/seluser/ppt/player/dashjs/index.html (128)
[155:155:1129/144533.331040:INFO:CONSOLE(128)] "currentLatencynow: 28.376", source: file:///home/seluser/ppt/player/dashjs/index.html (128)
[155:155:1129/144534.331074:INFO:CONSOLE(128)] "currentLatencynow: 28.276", source: file:///home/seluser/ppt/player/dashjs/index.html (128)
[155:155:1129/144535.331547:INFO:CONSOLE(128)] "currentLatencynow: 28.177", source: file:///home/seluser/ppt/player/dashjs/index.html (128)
[155:155:1129/144536.333387:INFO:CONSOLE(128)] "currentLatencynow: 28.077", source: file:///home/seluser/ppt/player/dashjs/index.html (128)
[155:155:1129/144537.331040:INFO:CONSOLE(128)] "currentLatencynow: 27.978", source: file:///home/seluser/ppt/player/dashjs/index.html (128)
[155:155:1129/144538.330984:INFO:CONSOLE(128)] "currentLatencynow: 27.972", source: file:///home/seluser/ppt/player/dashjs/index.html (128)
[155:155:1129/144539.330889:INFO:CONSOLE(128)] "currentLatencynow: 27.972", source: file:///home/seluser/ppt/player/dashjs/index.html (128)
[155:155:1129/144540.330913:INFO:CONSOLE(128)] "currentLatencynow: 27.972", source: file:///home/seluser/ppt/player/dashjs/index.html (128)
[155:155:1129/144541.330782:INFO:CONSOLE(128)] "currentLatencynow: 28.591", source: file:///home/seluser/ppt/player/dashjs/index.html (128)
[155:155:1129/144542.330934:INFO:CONSOLE(128)] "currentLatencynow: 28.591", source: file:///home/seluser/ppt/player/dashjs/index.html (128)
[155:155:1129/144543.332616:INFO:CONSOLE(128)] "currentLatencynow: 28.591", source: file:///home/seluser/ppt/player/dashjs/index.html (128)
[155:155:1129/144544.330716:INFO:CONSOLE(128)] "currentLatencynow: 28.591", source: file:///home/seluser/ppt/player/dashjs/index.html (128)
[155:155:1129/144545.331058:INFO:CONSOLE(128)] "currentLatencynow: 28.591", source: file:///home/seluser/ppt/player/dashjs/index.html (128)
[155:155:1129/144546.331037:INFO:CONSOLE(128)] "currentLatencynow: 28.591", source: file:///home/seluser/ppt/player/dashjs/index.html (128)
[155:155:1129/144547.330913:INFO:CONSOLE(128)] "currentLatencynow: 28.591", source: file:///home/seluser/ppt/player/dashjs/index.html (128)
[155:155:1129/144548.330649:INFO:CONSOLE(128)] "currentLatencynow: 28.545", source: file:///home/seluser/ppt/player/dashjs/index.html (128)
[155:155:1129/144549.331118:INFO:CONSOLE(128)] "currentLatencynow: 28.445", source: file:///home/seluser/ppt/player/dashjs/index.html (128)
[155:155:1129/144550.330706:INFO:CONSOLE(128)] "currentLatencynow: 28.345", source: file:///home/seluser/ppt/player/dashjs/index.html (128)
[155:155:1129/144551.331230:INFO:CONSOLE(128)] "currentLatencynow: 28.244", source: file:///home/seluser/ppt/player/dashjs/index.html (128)
[155:155:1129/144552.330504:INFO:CONSOLE(114)] "Begin Player stistics 
", source: file:///home/seluser/ppt/player/dashjs/index.html (114)
[155:155:1129/144552.330736:INFO:CONSOLE(115)] "["stall",[["2.66","4.89",2.2299999999999995]],[["5.55","5.80",0.25]],[["9.08","9.33",0.25]],[["14.36","14.61",0.25]],[["21.44","21.69",0.25]],[["40.79","41.04",0.25]],[["51.46","51.71",0.25]],[["63.98","64.23",0.2500000000000071]],[["79.13","79.37",0.2400000000000091]],[["87.32","87.57",0.25]],[["108.62","108.87",0.25]],[["availibleBW",[null],[null],[null],[null],[2917],[2917],[2917],[3179],[3179],[3179],[3179],[3107],[3107],[3107],[3433],[3433],[3433],[3821],[3821],[3852],[3852],[3852],[4051],[4051],[4326],[4326],[4239],[4239],[4239],[4590],[4590],[4340],[4340],[4242],[4242],[4242],[4019],[4019],[3551],[3551],[3551],[2965],[2965],[3019],[3019],[2914],[2914],[2914],[2914],[2764],[2764],[2764],[2602],[2602],[2541],[2541],[2582],[2582],[2582],[2744],[2744],[2774],[2774],[2774],[2967],[2967],[2968],[2968],[2968],[2927],[2927],[2927],[2744],[2744],[2868],[2868],[2868],[2752],[2891],[2891],[2891],[2893],[2893],[2981],[2981],[3046],[3046],[3046],[3172],[3172],[3249],[3249],[3399],[3399],[3399],[3931],[3931],[4984],[5197],[5197],[4835],[4835],[5053],[5053],[5290],[5290],[5290],[5295],[5506],[5506],[5014],[5014],[4934],[4934],[4921],[4772],[4772],[4439],[4059]]],[["currentBuffer",[0],[0],[0],[0],[0.225],[0.047],[0],[0.798],[0.028],[0.028],[0.028],[1.97],[1.059],[0.028],[2.03],[2.03],[2.03],[3.296],[2.295],[3.23],[2.128],[2.04],[4.042],[3.83],[4.737],[3.641],[4.391],[3.444],[2.341],[3.243],[2.145],[3.042],[1.94],[2.697],[1.748],[0.647],[1.593],[0.594],[1.559],[0.595],[0],[1.999],[1.999],[3.659],[2.558],[3.46],[2.354],[1.26],[0.161],[1.154],[0.154],[0],[1.99],[1.99],[3.391],[2.283],[3.19],[2.085],[0.99],[1.893],[0.795],[1.566],[0.737],[0],[1.97],[1.97],[3.972],[3.674],[2.636],[3.37],[2.437],[1.337],[2.239],[1.139],[1.984],[0.83],[0],[0.86],[1.966],[1.966],[1.966],[3.296],[2.196],[3.097],[2.016],[2.925],[1.9],[1.9],[3.902],[2.826],[3.727],[2.627],[3.529],[2.428],[1.33],[2.232],[1.131],[2.034],[2.906],[1.834],[2.737],[1.637],[2.539],[1.439],[0.272],[0],[0],[0],[0.895],[0],[0.897],[0],[0.899],[0],[0.901],[1.861],[0.761],[1.663],[2.556]]],[["currentLatency",[null],[0],[6.51],[7.51],[8.01],[8.868],[9.505],[9.504],[9.841],[10.841],[11.841],[12.769],[12.79],[12.838],[13.838],[14.84],[15.838],[16.054],[16.054],[15.983],[15.883],[16.845],[17.847],[18.404],[18.305],[18.206],[18.105],[18.006],[17.904],[17.805],[17.703],[17.603],[17.505],[17.405],[17.305],[17.203],[17.17],[17.169],[17.169],[17.169],[17.787],[18.79],[19.786],[20.315],[20.215],[20.117],[20.017],[19.916],[19.82],[19.821],[19.818],[20.766],[21.766],[22.769],[22.945],[22.845],[22.747],[22.645],[22.545],[22.445],[22.345],[22.31],[22.308],[22.735],[23.735],[24.737],[25.737],[26.304],[26.204],[26.104],[26.004],[25.903],[25.805],[25.704],[25.604],[25.504],[25.439],[25.439],[25.72],[26.719],[27.723],[28.018],[27.916],[27.816],[27.735],[27.642],[27.65],[28.65],[29.553],[29.479],[29.377],[29.277],[29.177],[29.077],[28.976],[28.877],[28.781],[28.678],[28.577],[28.477],[28.376],[28.276],[28.177],[28.077],[27.978],[27.972],[27.972],[27.972],[28.591],[28.591],[28.591],[28.591],[28.591],[28.591],[28.591],[28.545],[28.445],[28.345],[28.244]]]]", source: file:///home/seluser/ppt/player/dashjs/index.html (115)
[155:155:1129/144552.330824:INFO:CONSOLE(116)] "
", source: file:///home/seluser/ppt/player/dashjs/index.html (116)
[155:155:1129/144552.330851:INFO:CONSOLE(117)] "Finish Player stistics 
", source: file:///home/seluser/ppt/player/dashjs/index.html (117)
[155:155:1129/144552.330866:INFO:CONSOLE(128)] "currentLatencynow: 28.144", source: file:///home/seluser/ppt/player/dashjs/index.html (128)
[155:155:1129/144553.330670:INFO:CONSOLE(128)] "currentLatencynow: 28.045", source: file:///home/seluser/ppt/player/dashjs/index.html (128)
[155:155:1129/144554.330479:INFO:CONSOLE(128)] "currentLatencynow: 28.015", source: file:///home/seluser/ppt/player/dashjs/index.html (128)
[155:155:1129/144555.330423:INFO:CONSOLE(128)] "currentLatencynow: 28.015", source: file:///home/seluser/ppt/player/dashjs/index.html (128)
[155:155:1129/144556.330737:INFO:CONSOLE(128)] "currentLatencynow: 28.015", source: file:///home/seluser/ppt/player/dashjs/index.html (128)
[155:155:1129/144557.330701:INFO:CONSOLE(128)] "currentLatencynow: 28.015", source: file:///home/seluser/ppt/player/dashjs/index.html (128)
[155:155:1129/144558.330489:INFO:CONSOLE(128)] "currentLatencynow: 28.015", source: file:///home/seluser/ppt/player/dashjs/index.html (128)
[155:155:1129/144559.330593:INFO:CONSOLE(128)] "currentLatencynow: 28.015", source: file:///home/seluser/ppt/player/dashjs/index.html (128)
[155:155:1129/144600.330709:INFO:CONSOLE(128)] "currentLatencynow: 28.015", source: file:///home/seluser/ppt/player/dashjs/index.html (128)
[155:155:1129/144601.330595:INFO:CONSOLE(128)] "currentLatencynow: 28.015", source: file:///home/seluser/ppt/player/dashjs/index.html (128)
[155:155:1129/144602.330563:INFO:CONSOLE(128)] "currentLatencynow: 28.015", source: file:///home/seluser/ppt/player/dashjs/index.html (128)
[155:155:1129/144603.330504:INFO:CONSOLE(128)] "currentLatencynow: 27.969", source: file:///home/seluser/ppt/player/dashjs/index.html (128)
[155:155:1129/144604.331001:INFO:CONSOLE(128)] "currentLatencynow: 27.868", source: file:///home/seluser/ppt/player/dashjs/index.html (128)
[155:155:1129/144605.330687:INFO:CONSOLE(128)] "currentLatencynow: 27.769", source: file:///home/seluser/ppt/player/dashjs/index.html (128)
[155:155:1129/144606.330728:INFO:CONSOLE(128)] "currentLatencynow: 27.669", source: file:///home/seluser/ppt/player/dashjs/index.html (128)
[155:155:1129/144607.330664:INFO:CONSOLE(128)] "currentLatencynow: 27.569", source: file:///home/seluser/ppt/player/dashjs/index.html (128)
[155:155:1129/144608.330599:INFO:CONSOLE(128)] "currentLatencynow: 27.469", source: file:///home/seluser/ppt/player/dashjs/index.html (128)
[155:155:1129/144609.330509:INFO:CONSOLE(128)] "currentLatencynow: 27.369", source: file:///home/seluser/ppt/player/dashjs/index.html (128)
[155:155:1129/144610.330481:INFO:CONSOLE(128)] "currentLatencynow: 27.269", source: file:///home/seluser/ppt/player/dashjs/index.html (128)
[155:155:1129/144611.330553:INFO:CONSOLE(128)] "currentLatencynow: 27.215", source: file:///home/seluser/ppt/player/dashjs/index.html (128)
[155:155:1129/144612.330487:INFO:CONSOLE(128)] "currentLatencynow: 27.215", source: file:///home/seluser/ppt/player/dashjs/index.html (128)
[155:155:1129/144613.332584:INFO:CONSOLE(128)] "currentLatencynow: 27.214", source: file:///home/seluser/ppt/player/dashjs/index.html (128)
[155:155:1129/144614.330178:INFO:CONSOLE(128)] "currentLatencynow: 27.718", source: file:///home/seluser/ppt/player/dashjs/index.html (128)
[155:155:1129/144615.330466:INFO:CONSOLE(128)] "currentLatencynow: 27.875", source: file:///home/seluser/ppt/player/dashjs/index.html (128)
[155:155:1129/144616.330155:INFO:CONSOLE(128)] "currentLatencynow: 27.875", source: file:///home/seluser/ppt/player/dashjs/index.html (128)
[155:155:1129/144617.330450:INFO:CONSOLE(128)] "currentLatencynow: 27.875", source: file:///home/seluser/ppt/player/dashjs/index.html (128)
[155:155:1129/144618.330248:INFO:CONSOLE(128)] "currentLatencynow: 27.875", source: file:///home/seluser/ppt/player/dashjs/index.html (128)
[155:155:1129/144619.330275:INFO:CONSOLE(128)] "currentLatencynow: 27.876", source: file:///home/seluser/ppt/player/dashjs/index.html (128)
[155:155:1129/144620.330210:INFO:CONSOLE(128)] "currentLatencynow: 27.875", source: file:///home/seluser/ppt/player/dashjs/index.html (128)
[155:155:1129/144621.330164:INFO:CONSOLE(128)] "currentLatencynow: 27.875", source: file:///home/seluser/ppt/player/dashjs/index.html (128)
[155:155:1129/144622.330084:INFO:CONSOLE(128)] "currentLatencynow: 27.875", source: file:///home/seluser/ppt/player/dashjs/index.html (128)
[155:155:1129/144623.330136:INFO:CONSOLE(128)] "currentLatencynow: 27.875", source: file:///home/seluser/ppt/player/dashjs/index.html (128)
[155:155:1129/144624.330364:INFO:CONSOLE(128)] "currentLatencynow: 27.876", source: file:///home/seluser/ppt/player/dashjs/index.html (128)
[155:155:1129/144625.330236:INFO:CONSOLE(128)] "currentLatencynow: 27.833", source: file:///home/seluser/ppt/player/dashjs/index.html (128)
[155:155:1129/144626.330248:INFO:CONSOLE(128)] "currentLatencynow: 27.733", source: file:///home/seluser/ppt/player/dashjs/index.html (128)
[155:155:1129/144627.330259:INFO:CONSOLE(128)] "currentLatencynow: 27.633", source: file:///home/seluser/ppt/player/dashjs/index.html (128)
[155:155:1129/144628.330195:INFO:CONSOLE(128)] "currentLatencynow: 27.533", source: file:///home/seluser/ppt/player/dashjs/index.html (128)
[155:155:1129/144629.330202:INFO:CONSOLE(128)] "currentLatencynow: 27.433", source: file:///home/seluser/ppt/player/dashjs/index.html (128)
[155:155:1129/144630.330179:INFO:CONSOLE(128)] "currentLatencynow: 27.333", source: file:///home/seluser/ppt/player/dashjs/index.html (128)
[155:155:1129/144631.330243:INFO:CONSOLE(128)] "currentLatencynow: 27.234", source: file:///home/seluser/ppt/player/dashjs/index.html (128)
[155:155:1129/144632.330095:INFO:CONSOLE(128)] "currentLatencynow: 27.133", source: file:///home/seluser/ppt/player/dashjs/index.html (128)
[155:155:1129/144633.330165:INFO:CONSOLE(128)] "currentLatencynow: 27.035", source: file:///home/seluser/ppt/player/dashjs/index.html (128)
[155:155:1129/144634.330116:INFO:CONSOLE(128)] "currentLatencynow: 26.933", source: file:///home/seluser/ppt/player/dashjs/index.html (128)
[155:155:1129/144635.330175:INFO:CONSOLE(128)] "currentLatencynow: 26.833", source: file:///home/seluser/ppt/player/dashjs/index.html (128)
[155:155:1129/144636.330159:INFO:CONSOLE(128)] "currentLatencynow: 26.734", source: file:///home/seluser/ppt/player/dashjs/index.html (128)
[155:155:1129/144637.330145:INFO:CONSOLE(128)] "currentLatencynow: 26.725", source: file:///home/seluser/ppt/player/dashjs/index.html (128)
[155:155:1129/144638.330269:INFO:CONSOLE(128)] "currentLatencynow: 26.725", source: file:///home/seluser/ppt/player/dashjs/index.html (128)
[155:155:1129/144639.330133:INFO:CONSOLE(128)] "currentLatencynow: 26.725", source: file:///home/seluser/ppt/player/dashjs/index.html (128)
[155:155:1129/144640.330273:INFO:CONSOLE(128)] "currentLatencynow: 26.725", source: file:///home/seluser/ppt/player/dashjs/index.html (128)
[155:155:1129/144641.330152:INFO:CONSOLE(128)] "currentLatencynow: 26.725", source: file:///home/seluser/ppt/player/dashjs/index.html (128)
[155:155:1129/144642.330318:INFO:CONSOLE(128)] "currentLatencynow: 26.96", source: file:///home/seluser/ppt/player/dashjs/index.html (128)
[155:155:1129/144643.329751:INFO:CONSOLE(128)] "currentLatencynow: 26.96", source: file:///home/seluser/ppt/player/dashjs/index.html (128)
[155:155:1129/144644.329823:INFO:CONSOLE(128)] "currentLatencynow: 26.96", source: file:///home/seluser/ppt/player/dashjs/index.html (128)
[155:155:1129/144645.329859:INFO:CONSOLE(128)] "currentLatencynow: 26.87", source: file:///home/seluser/ppt/player/dashjs/index.html (128)
[155:155:1129/144646.329703:INFO:CONSOLE(128)] "currentLatencynow: 26.769", source: file:///home/seluser/ppt/player/dashjs/index.html (128)
[155:155:1129/144647.329757:INFO:CONSOLE(128)] "currentLatencynow: 26.67", source: file:///home/seluser/ppt/player/dashjs/index.html (128)
[155:155:1129/144648.329652:INFO:CONSOLE(128)] "currentLatencynow: 26.569", source: file:///home/seluser/ppt/player/dashjs/index.html (128)
[155:155:1129/144649.329873:INFO:CONSOLE(128)] "currentLatencynow: 26.47", source: file:///home/seluser/ppt/player/dashjs/index.html (128)
[155:155:1129/144650.330026:INFO:CONSOLE(128)] "currentLatencynow: 26.369", source: file:///home/seluser/ppt/player/dashjs/index.html (128)
[155:155:1129/144651.329784:INFO:CONSOLE(128)] "currentLatencynow: 26.269", source: file:///home/seluser/ppt/player/dashjs/index.html (128)
[155:155:1129/144652.329753:INFO:CONSOLE(128)] "currentLatencynow: 26.169", source: file:///home/seluser/ppt/player/dashjs/index.html (128)
[155:155:1129/144652.636586:WARNING:pref_notifier_impl.cc(40)] Pref observer for media_router.cast_allow_all_ips found at shutdown.
