[154:217:0108/153650.485140:ERROR:bus.cc(392)] Failed to connect to the bus: Failed to connect to socket /var/run/dbus/system_bus_socket: No such file or directory
[154:180:0108/153650.487246:ERROR:bus.cc(392)] Failed to connect to the bus: Address does not contain a colon
[154:180:0108/153650.487281:ERROR:bus.cc(392)] Failed to connect to the bus: Address does not contain a colon
[154:180:0108/153650.516883:ERROR:bus.cc(392)] Failed to connect to the bus: Address does not contain a colon
[154:180:0108/153650.516972:ERROR:bus.cc(392)] Failed to connect to the bus: Address does not contain a colon
[236:236:0108/153650.560311:ERROR:gpu_init.cc(453)] Passthrough is not supported, GL is swiftshader, ANGLE is 
[154:180:0108/153650.575231:ERROR:bus.cc(392)] Failed to connect to the bus: Address does not contain a colon
[154:180:0108/153650.575299:ERROR:bus.cc(392)] Failed to connect to the bus: Address does not contain a colon
[154:313:0108/153650.794185:ERROR:bus.cc(392)] Failed to connect to the bus: Failed to connect to socket /var/run/dbus/system_bus_socket: No such file or directory
[154:313:0108/153650.794606:ERROR:bus.cc(392)] Failed to connect to the bus: Failed to connect to socket /var/run/dbus/system_bus_socket: No such file or directory
[154:313:0108/153650.794662:ERROR:bus.cc(392)] Failed to connect to the bus: Failed to connect to socket /var/run/dbus/system_bus_socket: No such file or directory
[154:313:0108/153650.794671:WARNING:property.cc(144)] DaemonVersion: GetAndBlock: failed.
[154:313:0108/153650.794706:ERROR:bus.cc(392)] Failed to connect to the bus: Failed to connect to socket /var/run/dbus/system_bus_socket: No such file or directory
[154:313:0108/153650.794726:ERROR:bus.cc(392)] Failed to connect to the bus: Failed to connect to socket /var/run/dbus/system_bus_socket: No such file or directory
[154:154:0108/153653.533469:INFO:CONSOLE(128)] "currentLatencynow: NaN", source: file:///home/seluser/ppt/player/dashjs/index.html (128)
[154:231:0108/153654.395975:ERROR:chrome_browser_main_extra_parts_metrics.cc(228)] crbug.com/1216328: Checking Bluetooth availability started. Please report if there is no report that this ends.
[154:231:0108/153654.398165:ERROR:chrome_browser_main_extra_parts_metrics.cc(231)] crbug.com/1216328: Checking Bluetooth availability ended.
[154:231:0108/153654.398203:ERROR:chrome_browser_main_extra_parts_metrics.cc(234)] crbug.com/1216328: Checking default browser status started. Please report if there is no report that this ends.
[154:154:0108/153654.532048:INFO:CONSOLE(128)] "currentLatencynow: 0", source: file:///home/seluser/ppt/player/dashjs/index.html (128)
[154:154:0108/153655.531384:INFO:CONSOLE(128)] "currentLatencynow: 0", source: file:///home/seluser/ppt/player/dashjs/index.html (128)
[154:231:0108/153655.773479:ERROR:chrome_browser_main_extra_parts_metrics.cc(238)] crbug.com/1216328: Checking default browser status ended.
[556:556:0108/153656.064192:WARNING:audio_manager_linux.cc(69)] Falling back to ALSA for audio output. PulseAudio is not available or could not be initialized.
[556:556:0108/153656.078469:ERROR:alsa_util.cc(204)] PcmOpen: default,No such file or directory
[556:556:0108/153656.078693:ERROR:alsa_util.cc(204)] PcmOpen: plug:default,No such file or directory
[154:154:0108/153656.530936:INFO:CONSOLE(128)] "currentLatencynow: 7.545", source: file:///home/seluser/ppt/player/dashjs/index.html (128)
[154:154:0108/153657.530925:INFO:CONSOLE(128)] "currentLatencynow: 8.545", source: file:///home/seluser/ppt/player/dashjs/index.html (128)
[154:154:0108/153658.535480:INFO:CONSOLE(128)] "currentLatencynow: 9.55", source: file:///home/seluser/ppt/player/dashjs/index.html (128)
[154:154:0108/153659.530978:INFO:CONSOLE(128)] "currentLatencynow: 10.545", source: file:///home/seluser/ppt/player/dashjs/index.html (128)
[154:154:0108/153700.531490:INFO:CONSOLE(128)] "currentLatencynow: 11.546", source: file:///home/seluser/ppt/player/dashjs/index.html (128)
[154:154:0108/153701.531210:INFO:CONSOLE(128)] "currentLatencynow: 12.545", source: file:///home/seluser/ppt/player/dashjs/index.html (128)
[154:154:0108/153702.547036:INFO:CONSOLE(128)] "currentLatencynow: 13.557", source: file:///home/seluser/ppt/player/dashjs/index.html (128)
[154:180:0108/153703.159228:ERROR:bus.cc(392)] Failed to connect to the bus: Address does not contain a colon
[154:180:0108/153703.159817:ERROR:bus.cc(392)] Failed to connect to the bus: Address does not contain a colon
[154:180:0108/153703.159863:ERROR:bus.cc(392)] Failed to connect to the bus: Address does not contain a colon
[154:180:0108/153703.159888:ERROR:bus.cc(392)] Failed to connect to the bus: Address does not contain a colon
[154:180:0108/153703.159910:ERROR:bus.cc(392)] Failed to connect to the bus: Address does not contain a colon
[154:180:0108/153703.159932:ERROR:bus.cc(392)] Failed to connect to the bus: Address does not contain a colon
[154:180:0108/153703.159955:ERROR:bus.cc(392)] Failed to connect to the bus: Address does not contain a colon
[154:180:0108/153703.159977:ERROR:bus.cc(392)] Failed to connect to the bus: Address does not contain a colon
[154:180:0108/153703.160014:ERROR:bus.cc(392)] Failed to connect to the bus: Address does not contain a colon
[154:180:0108/153703.160038:ERROR:bus.cc(392)] Failed to connect to the bus: Address does not contain a colon
[154:180:0108/153703.160063:ERROR:bus.cc(392)] Failed to connect to the bus: Address does not contain a colon
[154:180:0108/153703.160086:ERROR:bus.cc(392)] Failed to connect to the bus: Address does not contain a colon
[154:180:0108/153703.160108:ERROR:bus.cc(392)] Failed to connect to the bus: Address does not contain a colon
[154:180:0108/153703.160142:ERROR:bus.cc(392)] Failed to connect to the bus: Address does not contain a colon
[154:180:0108/153703.176501:ERROR:bus.cc(392)] Failed to connect to the bus: Address does not contain a colon
[154:180:0108/153703.176554:ERROR:bus.cc(392)] Failed to connect to the bus: Address does not contain a colon
[154:180:0108/153703.176567:ERROR:bus.cc(392)] Failed to connect to the bus: Address does not contain a colon
[154:180:0108/153703.383180:ERROR:bus.cc(392)] Failed to connect to the bus: Address does not contain a colon
[154:180:0108/153703.383229:ERROR:bus.cc(392)] Failed to connect to the bus: Address does not contain a colon
[154:154:0108/153703.542447:INFO:CONSOLE(128)] "currentLatencynow: 14.233", source: file:///home/seluser/ppt/player/dashjs/index.html (128)
[154:154:0108/153704.542807:INFO:CONSOLE(128)] "currentLatencynow: 14.233", source: file:///home/seluser/ppt/player/dashjs/index.html (128)
[154:154:0108/153705.542747:INFO:CONSOLE(128)] "currentLatencynow: 14.509", source: file:///home/seluser/ppt/player/dashjs/index.html (128)
[154:154:0108/153706.542678:INFO:CONSOLE(128)] "currentLatencynow: 15.509", source: file:///home/seluser/ppt/player/dashjs/index.html (128)
[154:154:0108/153707.542474:INFO:CONSOLE(128)] "currentLatencynow: 16.508", source: file:///home/seluser/ppt/player/dashjs/index.html (128)
[154:154:0108/153708.546901:INFO:CONSOLE(128)] "currentLatencynow: 17.508", source: file:///home/seluser/ppt/player/dashjs/index.html (128)
[154:154:0108/153709.549775:INFO:CONSOLE(128)] "currentLatencynow: 18.508", source: file:///home/seluser/ppt/player/dashjs/index.html (128)
[154:154:0108/153710.542402:INFO:CONSOLE(128)] "currentLatencynow: 19.508", source: file:///home/seluser/ppt/player/dashjs/index.html (128)
[154:154:0108/153711.548239:INFO:CONSOLE(128)] "currentLatencynow: 20.509", source: file:///home/seluser/ppt/player/dashjs/index.html (128)
[154:180:0108/153712.150837:ERROR:bus.cc(392)] Failed to connect to the bus: Address does not contain a colon
[154:180:0108/153712.150894:ERROR:bus.cc(392)] Failed to connect to the bus: Address does not contain a colon
[154:154:0108/153712.652847:INFO:CONSOLE(128)] "currentLatencynow: 21.069", source: file:///home/seluser/ppt/player/dashjs/index.html (128)
[154:154:0108/153713.676269:INFO:CONSOLE(128)] "currentLatencynow: 21.09", source: file:///home/seluser/ppt/player/dashjs/index.html (128)
[154:154:0108/153714.542276:INFO:CONSOLE(128)] "currentLatencynow: 21.512", source: file:///home/seluser/ppt/player/dashjs/index.html (128)
[154:154:0108/153715.542500:INFO:CONSOLE(128)] "currentLatencynow: 22.512", source: file:///home/seluser/ppt/player/dashjs/index.html (128)
[154:154:0108/153716.542178:INFO:CONSOLE(128)] "currentLatencynow: 23.512", source: file:///home/seluser/ppt/player/dashjs/index.html (128)
[154:154:0108/153717.542301:INFO:CONSOLE(128)] "currentLatencynow: 24.512", source: file:///home/seluser/ppt/player/dashjs/index.html (128)
[154:154:0108/153718.542790:INFO:CONSOLE(128)] "currentLatencynow: 25.512", source: file:///home/seluser/ppt/player/dashjs/index.html (128)
[154:154:0108/153719.542399:INFO:CONSOLE(128)] "currentLatencynow: 26.512", source: file:///home/seluser/ppt/player/dashjs/index.html (128)
[154:180:0108/153720.136759:ERROR:bus.cc(392)] Failed to connect to the bus: Address does not contain a colon
[154:180:0108/153720.136839:ERROR:bus.cc(392)] Failed to connect to the bus: Address does not contain a colon
[154:154:0108/153720.542460:INFO:CONSOLE(128)] "currentLatencynow: 27.033", source: file:///home/seluser/ppt/player/dashjs/index.html (128)
[154:154:0108/153721.542574:INFO:CONSOLE(128)] "currentLatencynow: 26.934", source: file:///home/seluser/ppt/player/dashjs/index.html (128)
[154:154:0108/153722.542248:INFO:CONSOLE(128)] "currentLatencynow: 27.509", source: file:///home/seluser/ppt/player/dashjs/index.html (128)
[154:154:0108/153723.542249:INFO:CONSOLE(128)] "currentLatencynow: 28.509", source: file:///home/seluser/ppt/player/dashjs/index.html (128)
[154:154:0108/153724.542655:INFO:CONSOLE(128)] "currentLatencynow: 29.51", source: file:///home/seluser/ppt/player/dashjs/index.html (128)
[154:154:0108/153725.547801:INFO:CONSOLE(128)] "currentLatencynow: 30.515", source: file:///home/seluser/ppt/player/dashjs/index.html (128)
[154:154:0108/153726.545884:INFO:CONSOLE(128)] "currentLatencynow: 31.21", source: file:///home/seluser/ppt/player/dashjs/index.html (128)
[154:154:0108/153727.744775:INFO:CONSOLE(128)] "currentLatencynow: 32.214", source: file:///home/seluser/ppt/player/dashjs/index.html (128)
[154:154:0108/153728.542362:INFO:CONSOLE(128)] "currentLatencynow: 33.206", source: file:///home/seluser/ppt/player/dashjs/index.html (128)
[154:154:0108/153729.542605:INFO:CONSOLE(128)] "currentLatencynow: 34.208", source: file:///home/seluser/ppt/player/dashjs/index.html (128)
[154:154:0108/153730.542539:INFO:CONSOLE(128)] "currentLatencynow: 35.206", source: file:///home/seluser/ppt/player/dashjs/index.html (128)
[154:154:0108/153731.575328:INFO:CONSOLE(128)] "currentLatencynow: 36.239", source: file:///home/seluser/ppt/player/dashjs/index.html (128)
[154:154:0108/153732.542446:INFO:CONSOLE(128)] "currentLatencynow: 37.208", source: file:///home/seluser/ppt/player/dashjs/index.html (128)
[154:154:0108/153733.559800:INFO:CONSOLE(128)] "currentLatencynow: 38.224", source: file:///home/seluser/ppt/player/dashjs/index.html (128)
[154:154:0108/153734.559650:INFO:CONSOLE(128)] "currentLatencynow: 39.224", source: file:///home/seluser/ppt/player/dashjs/index.html (128)
[154:154:0108/153735.559529:INFO:CONSOLE(128)] "currentLatencynow: 40.224", source: file:///home/seluser/ppt/player/dashjs/index.html (128)
[154:154:0108/153736.559608:INFO:CONSOLE(128)] "currentLatencynow: 41.224", source: file:///home/seluser/ppt/player/dashjs/index.html (128)
[154:154:0108/153737.559775:INFO:CONSOLE(128)] "currentLatencynow: 42.224", source: file:///home/seluser/ppt/player/dashjs/index.html (128)
[154:154:0108/153738.561398:INFO:CONSOLE(128)] "currentLatencynow: 43.224", source: file:///home/seluser/ppt/player/dashjs/index.html (128)
[154:154:0108/153739.559780:INFO:CONSOLE(128)] "currentLatencynow: 44.224", source: file:///home/seluser/ppt/player/dashjs/index.html (128)
[154:154:0108/153740.559570:INFO:CONSOLE(128)] "currentLatencynow: 45.224", source: file:///home/seluser/ppt/player/dashjs/index.html (128)
[154:154:0108/153741.559555:INFO:CONSOLE(128)] "currentLatencynow: 46.224", source: file:///home/seluser/ppt/player/dashjs/index.html (128)
[154:154:0108/153742.559822:INFO:CONSOLE(128)] "currentLatencynow: 47.224", source: file:///home/seluser/ppt/player/dashjs/index.html (128)
[154:154:0108/153807.379120:INFO:CONSOLE(128)] "currentLatencynow: 59.554", source: file:///home/seluser/ppt/player/dashjs/index.html (128)
[154:154:0108/153827.537615:INFO:CONSOLE(128)] "currentLatencynow: 82.934", source: file:///home/seluser/ppt/player/dashjs/index.html (128)
[154:154:0108/153830.951180:INFO:CONSOLE(128)] "currentLatencynow: 89.296", source: file:///home/seluser/ppt/player/dashjs/index.html (128)
[154:154:0108/153837.498770:INFO:CONSOLE(128)] "currentLatencynow: 93.606", source: file:///home/seluser/ppt/player/dashjs/index.html (128)
[154:154:0108/153845.839431:INFO:CONSOLE(128)] "currentLatencynow: 98.073", source: file:///home/seluser/ppt/player/dashjs/index.html (128)
[154:154:0108/153846.219227:INFO:CONSOLE(128)] "currentLatencynow: 98.376", source: file:///home/seluser/ppt/player/dashjs/index.html (128)
[154:154:0108/153846.603053:INFO:CONSOLE(128)] "currentLatencynow: 99.227", source: file:///home/seluser/ppt/player/dashjs/index.html (128)
[154:154:0108/153846.757103:INFO:CONSOLE(128)] "currentLatencynow: 101.07", source: file:///home/seluser/ppt/player/dashjs/index.html (128)
[154:154:0108/153846.799572:INFO:CONSOLE(128)] "currentLatencynow: 102.222", source: file:///home/seluser/ppt/player/dashjs/index.html (128)
[154:154:0108/153847.543280:INFO:CONSOLE(128)] "currentLatencynow: 102.395", source: file:///home/seluser/ppt/player/dashjs/index.html (128)
[154:154:0108/153848.359557:INFO:CONSOLE(128)] "currentLatencynow: 105.709", source: file:///home/seluser/ppt/player/dashjs/index.html (128)
[154:154:0108/153848.611910:INFO:CONSOLE(128)] "currentLatencynow: 107.022", source: file:///home/seluser/ppt/player/dashjs/index.html (128)
[154:154:0108/153849.694471:INFO:CONSOLE(128)] "currentLatencynow: 107.767", source: file:///home/seluser/ppt/player/dashjs/index.html (128)
[154:154:0108/153849.709603:INFO:CONSOLE(128)] "currentLatencynow: 108.297", source: file:///home/seluser/ppt/player/dashjs/index.html (128)
[154:154:0108/153849.709747:INFO:CONSOLE(128)] "currentLatencynow: 109.237", source: file:///home/seluser/ppt/player/dashjs/index.html (128)
[154:154:0108/153849.709809:INFO:CONSOLE(128)] "currentLatencynow: 110.319", source: file:///home/seluser/ppt/player/dashjs/index.html (128)
[154:154:0108/153849.710140:INFO:CONSOLE(128)] "currentLatencynow: 111.26", source: file:///home/seluser/ppt/player/dashjs/index.html (128)
[154:154:0108/153850.064336:INFO:CONSOLE(128)] "currentLatencynow: 112.368", source: file:///home/seluser/ppt/player/dashjs/index.html (128)
[154:154:0108/153850.076393:INFO:CONSOLE(128)] "currentLatencynow: 113.248", source: file:///home/seluser/ppt/player/dashjs/index.html (128)
[154:154:0108/153850.079409:INFO:CONSOLE(128)] "currentLatencynow: 114.225", source: file:///home/seluser/ppt/player/dashjs/index.html (128)
[154:154:0108/153851.566839:INFO:CONSOLE(128)] "currentLatencynow: 115.316", source: file:///home/seluser/ppt/player/dashjs/index.html (128)
[154:154:0108/153851.649816:INFO:CONSOLE(128)] "currentLatencynow: 116.245", source: file:///home/seluser/ppt/player/dashjs/index.html (128)
[154:154:0108/153852.699705:INFO:CONSOLE(128)] "currentLatencynow: 117.27", source: file:///home/seluser/ppt/player/dashjs/index.html (128)
[154:154:0108/153852.701555:INFO:CONSOLE(114)] "Begin Player stistics 
", source: file:///home/seluser/ppt/player/dashjs/index.html (114)
[154:154:0108/153852.989443:INFO:CONSOLE(115)] "["stall",[["4.09","11.59",7.5]],[["13.70","13.95",0.25]],[["22.55","22.89",0.33999999999999986]],[["30.36","30.61",0.25]],[["availibleBW",[null],[null],[null],[null],[null],[2771],[2771],[2771],[2771],[2771],[2771],[2771],[2771],[2771],[2771],[2982],[2982],[2982],[2982],[3373],[3373],[3373],[3813],[3813],[3813],[3813],[3813],[3813],[3813],[3114],[3114],[3114],[3114],[3114],[3114],[3114],[3114],[3114],[3114],[3114],[3114],[3114],[3114],[3114],[3114],[3114],[3114],[3114],[3114],[3114],[3114],[3114],[3114],[3114],[3114],[3114],[3114],[3114],[3114],[3114],[3114],[3114],[3114],[3114],[3114],[3114],[3114],[3114],[3114],[3114],[3114],[3114],[3114]]],[["currentBuffer",[0],[0],[0],[0],[0],[0.102],[0.102],[0.102],[0.102],[0.102],[0],[0],[0],[0],[0],[0.056],[0.056],[0.056],[0.056],[1.637],[0.665],[0.062],[2.064],[2.064],[2.064],[2.064],[2.064],[1.726],[0.663],[2.063],[2.063],[2.063],[2.063],[2.063],[2.063],[2.063],[2.063],[2.063],[2.063],[2.063],[2.063],[2.063],[2.063],[2.063],[2.063],[2.063],[2.063],[2.063],[2.063],[2.063],[2.063],[2.063],[2.063],[2.063],[2.063],[2.063],[2.063],[2.063],[2.063],[2.063],[2.063],[2.063],[2.063],[2.063],[2.063],[2.063],[2.063],[2.063],[2.063],[2.063],[2.063],[2.063],[2.063]]],[["currentLatency",[null],[0],[0],[7.545],[8.545],[9.55],[10.545],[11.546],[12.545],[13.557],[14.233],[14.233],[14.509],[15.509],[16.508],[17.508],[18.508],[19.508],[20.509],[21.069],[21.09],[21.512],[22.512],[23.512],[24.512],[25.512],[26.512],[27.033],[26.934],[27.509],[28.509],[29.51],[30.515],[31.21],[32.214],[33.206],[34.208],[35.206],[36.239],[37.208],[38.224],[39.224],[40.224],[41.224],[42.224],[43.224],[44.224],[45.224],[46.224],[47.224],[59.554],[82.934],[89.296],[93.606],[98.073],[98.376],[99.227],[101.07],[102.222],[102.395],[105.709],[107.022],[107.767],[108.297],[109.237],[110.319],[111.26],[112.368],[113.248],[114.225],[115.316],[116.245],[117.27]]]]", source: file:///home/seluser/ppt/player/dashjs/index.html (115)
[154:154:0108/153852.990181:INFO:CONSOLE(116)] "
", source: file:///home/seluser/ppt/player/dashjs/index.html (116)
[154:154:0108/153852.990223:INFO:CONSOLE(117)] "Finish Player stistics 
", source: file:///home/seluser/ppt/player/dashjs/index.html (117)
[154:154:0108/153853.561983:INFO:CONSOLE(128)] "currentLatencynow: 118.227", source: file:///home/seluser/ppt/player/dashjs/index.html (128)
[154:154:0108/153854.559601:INFO:CONSOLE(128)] "currentLatencynow: 119.225", source: file:///home/seluser/ppt/player/dashjs/index.html (128)
[154:154:0108/153855.559483:INFO:CONSOLE(128)] "currentLatencynow: 120.225", source: file:///home/seluser/ppt/player/dashjs/index.html (128)
[154:154:0108/153858.869381:INFO:CONSOLE(128)] "currentLatencynow: 121.266", source: file:///home/seluser/ppt/player/dashjs/index.html (128)
[154:154:0108/153917.517387:INFO:CONSOLE(128)] "currentLatencynow: 138.494", source: file:///home/seluser/ppt/player/dashjs/index.html (128)
[154:154:0108/153926.046047:INFO:CONSOLE(128)] "currentLatencynow: 147.429", source: file:///home/seluser/ppt/player/dashjs/index.html (128)
[154:154:0108/153927.313053:INFO:CONSOLE(128)] "currentLatencynow: 150.386", source: file:///home/seluser/ppt/player/dashjs/index.html (128)
[154:154:0108/153928.091548:WARNING:pref_notifier_impl.cc(40)] Pref observer for media_router.cast_allow_all_ips found at shutdown.
