[155:219:0108/153932.908658:ERROR:bus.cc(392)] Failed to connect to the bus: Failed to connect to socket /var/run/dbus/system_bus_socket: No such file or directory
[155:182:0108/153932.919187:ERROR:bus.cc(392)] Failed to connect to the bus: Address does not contain a colon
[155:182:0108/153932.919255:ERROR:bus.cc(392)] Failed to connect to the bus: Address does not contain a colon
[226:226:0108/153932.948853:ERROR:gpu_init.cc(453)] Passthrough is not supported, GL is swiftshader, ANGLE is 
[155:182:0108/153932.992970:ERROR:bus.cc(392)] Failed to connect to the bus: Address does not contain a colon
[155:182:0108/153932.993017:ERROR:bus.cc(392)] Failed to connect to the bus: Address does not contain a colon
[155:182:0108/153933.097995:ERROR:bus.cc(392)] Failed to connect to the bus: Address does not contain a colon
[155:182:0108/153933.099339:ERROR:bus.cc(392)] Failed to connect to the bus: Address does not contain a colon
[155:315:0108/153933.470643:ERROR:bus.cc(392)] Failed to connect to the bus: Failed to connect to socket /var/run/dbus/system_bus_socket: No such file or directory
[155:315:0108/153933.470757:ERROR:bus.cc(392)] Failed to connect to the bus: Failed to connect to socket /var/run/dbus/system_bus_socket: No such file or directory
[155:315:0108/153933.470890:ERROR:bus.cc(392)] Failed to connect to the bus: Failed to connect to socket /var/run/dbus/system_bus_socket: No such file or directory
[155:315:0108/153933.470927:WARNING:property.cc(144)] DaemonVersion: GetAndBlock: failed.
[155:315:0108/153933.470987:ERROR:bus.cc(392)] Failed to connect to the bus: Failed to connect to socket /var/run/dbus/system_bus_socket: No such file or directory
[155:315:0108/153933.471057:ERROR:bus.cc(392)] Failed to connect to the bus: Failed to connect to socket /var/run/dbus/system_bus_socket: No such file or directory
[155:155:0108/153935.499959:INFO:CONSOLE(128)] "currentLatencynow: NaN", source: file:///home/seluser/ppt/player/dashjs/index.html (128)
[359:359:0108/153936.171135:WARNING:audio_manager_linux.cc(69)] Falling back to ALSA for audio output. PulseAudio is not available or could not be initialized.
[359:359:0108/153936.185356:ERROR:alsa_util.cc(204)] PcmOpen: default,No such file or directory
[359:359:0108/153936.185555:ERROR:alsa_util.cc(204)] PcmOpen: plug:default,No such file or directory
[155:155:0108/153936.492712:INFO:CONSOLE(128)] "currentLatencynow: 4.408", source: file:///home/seluser/ppt/player/dashjs/index.html (128)
[155:253:0108/153936.636300:ERROR:chrome_browser_main_extra_parts_metrics.cc(228)] crbug.com/1216328: Checking Bluetooth availability started. Please report if there is no report that this ends.
[155:253:0108/153936.636372:ERROR:chrome_browser_main_extra_parts_metrics.cc(231)] crbug.com/1216328: Checking Bluetooth availability ended.
[155:253:0108/153936.636398:ERROR:chrome_browser_main_extra_parts_metrics.cc(234)] crbug.com/1216328: Checking default browser status started. Please report if there is no report that this ends.
[155:253:0108/153936.792944:ERROR:chrome_browser_main_extra_parts_metrics.cc(238)] crbug.com/1216328: Checking default browser status ended.
[155:155:0108/153937.492661:INFO:CONSOLE(128)] "currentLatencynow: 5.408", source: file:///home/seluser/ppt/player/dashjs/index.html (128)
[155:182:0108/153937.513330:ERROR:bus.cc(392)] Failed to connect to the bus: Address does not contain a colon
[155:182:0108/153937.515786:ERROR:bus.cc(392)] Failed to connect to the bus: Address does not contain a colon
[155:182:0108/153937.515809:ERROR:bus.cc(392)] Failed to connect to the bus: Address does not contain a colon
[155:182:0108/153937.515817:ERROR:bus.cc(392)] Failed to connect to the bus: Address does not contain a colon
[155:182:0108/153937.515879:ERROR:bus.cc(392)] Failed to connect to the bus: Address does not contain a colon
[155:182:0108/153937.515911:ERROR:bus.cc(392)] Failed to connect to the bus: Address does not contain a colon
[155:182:0108/153937.515921:ERROR:bus.cc(392)] Failed to connect to the bus: Address does not contain a colon
[155:182:0108/153937.515983:ERROR:bus.cc(392)] Failed to connect to the bus: Address does not contain a colon
[155:182:0108/153937.516012:ERROR:bus.cc(392)] Failed to connect to the bus: Address does not contain a colon
[155:182:0108/153937.516023:ERROR:bus.cc(392)] Failed to connect to the bus: Address does not contain a colon
[155:182:0108/153937.516032:ERROR:bus.cc(392)] Failed to connect to the bus: Address does not contain a colon
[155:182:0108/153937.516045:ERROR:bus.cc(392)] Failed to connect to the bus: Address does not contain a colon
[155:182:0108/153937.516150:ERROR:bus.cc(392)] Failed to connect to the bus: Address does not contain a colon
[155:182:0108/153937.516163:ERROR:bus.cc(392)] Failed to connect to the bus: Address does not contain a colon
[155:182:0108/153937.524312:ERROR:bus.cc(392)] Failed to connect to the bus: Address does not contain a colon
[155:182:0108/153937.524374:ERROR:bus.cc(392)] Failed to connect to the bus: Address does not contain a colon
[155:182:0108/153937.524385:ERROR:bus.cc(392)] Failed to connect to the bus: Address does not contain a colon
[155:182:0108/153937.592636:ERROR:bus.cc(392)] Failed to connect to the bus: Address does not contain a colon
[155:182:0108/153937.592720:ERROR:bus.cc(392)] Failed to connect to the bus: Address does not contain a colon
[155:155:0108/153938.492488:INFO:CONSOLE(128)] "currentLatencynow: 5.422", source: file:///home/seluser/ppt/player/dashjs/index.html (128)
[155:155:0108/153939.492681:INFO:CONSOLE(128)] "currentLatencynow: 5.343", source: file:///home/seluser/ppt/player/dashjs/index.html (128)
[155:155:0108/153940.492470:INFO:CONSOLE(128)] "currentLatencynow: 5.343", source: file:///home/seluser/ppt/player/dashjs/index.html (128)
[155:155:0108/153941.492736:INFO:CONSOLE(128)] "currentLatencynow: 5.343", source: file:///home/seluser/ppt/player/dashjs/index.html (128)
[155:155:0108/153942.492485:INFO:CONSOLE(128)] "currentLatencynow: 5.343", source: file:///home/seluser/ppt/player/dashjs/index.html (128)
[155:155:0108/153943.492468:INFO:CONSOLE(128)] "currentLatencynow: 5.343", source: file:///home/seluser/ppt/player/dashjs/index.html (128)
[155:155:0108/153944.492472:INFO:CONSOLE(128)] "currentLatencynow: 5.343", source: file:///home/seluser/ppt/player/dashjs/index.html (128)
[155:155:0108/153945.495047:INFO:CONSOLE(128)] "currentLatencynow: 5.343", source: file:///home/seluser/ppt/player/dashjs/index.html (128)
[155:155:0108/153946.492724:INFO:CONSOLE(128)] "currentLatencynow: 5.343", source: file:///home/seluser/ppt/player/dashjs/index.html (128)
[155:155:0108/153947.492735:INFO:CONSOLE(128)] "currentLatencynow: 5.343", source: file:///home/seluser/ppt/player/dashjs/index.html (128)
[155:155:0108/153948.493099:INFO:CONSOLE(128)] "currentLatencynow: 5.342", source: file:///home/seluser/ppt/player/dashjs/index.html (128)
[155:155:0108/153949.492829:INFO:CONSOLE(128)] "currentLatencynow: 5.303", source: file:///home/seluser/ppt/player/dashjs/index.html (128)
[155:155:0108/153950.492506:INFO:CONSOLE(128)] "currentLatencynow: 5.203", source: file:///home/seluser/ppt/player/dashjs/index.html (128)
[155:155:0108/153951.492564:INFO:CONSOLE(128)] "currentLatencynow: 5.516", source: file:///home/seluser/ppt/player/dashjs/index.html (128)
[155:155:0108/153952.492735:INFO:CONSOLE(128)] "currentLatencynow: 6.121", source: file:///home/seluser/ppt/player/dashjs/index.html (128)
[155:155:0108/153953.492620:INFO:CONSOLE(128)] "currentLatencynow: 6.021", source: file:///home/seluser/ppt/player/dashjs/index.html (128)
[155:155:0108/153954.492521:INFO:CONSOLE(128)] "currentLatencynow: 5.921", source: file:///home/seluser/ppt/player/dashjs/index.html (128)
[155:155:0108/153955.492701:INFO:CONSOLE(128)] "currentLatencynow: 5.82", source: file:///home/seluser/ppt/player/dashjs/index.html (128)
[155:155:0108/153956.494425:INFO:CONSOLE(128)] "currentLatencynow: 5.72", source: file:///home/seluser/ppt/player/dashjs/index.html (128)
[155:155:0108/153957.693258:INFO:CONSOLE(128)] "currentLatencynow: 5.821", source: file:///home/seluser/ppt/player/dashjs/index.html (128)
[155:155:0108/153958.693222:INFO:CONSOLE(128)] "currentLatencynow: 5.721", source: file:///home/seluser/ppt/player/dashjs/index.html (128)
[155:155:0108/153959.693150:INFO:CONSOLE(128)] "currentLatencynow: 5.621", source: file:///home/seluser/ppt/player/dashjs/index.html (128)
[155:155:0108/154000.693338:INFO:CONSOLE(128)] "currentLatencynow: 5.521", source: file:///home/seluser/ppt/player/dashjs/index.html (128)
[155:155:0108/154001.693381:INFO:CONSOLE(128)] "currentLatencynow: 5.421", source: file:///home/seluser/ppt/player/dashjs/index.html (128)
[155:155:0108/154002.693234:INFO:CONSOLE(128)] "currentLatencynow: 5.321", source: file:///home/seluser/ppt/player/dashjs/index.html (128)
[155:155:0108/154003.693197:INFO:CONSOLE(128)] "currentLatencynow: 5.221", source: file:///home/seluser/ppt/player/dashjs/index.html (128)
[155:155:0108/154004.693269:INFO:CONSOLE(128)] "currentLatencynow: 5.121", source: file:///home/seluser/ppt/player/dashjs/index.html (128)
[155:155:0108/154005.693357:INFO:CONSOLE(128)] "currentLatencynow: 5.02", source: file:///home/seluser/ppt/player/dashjs/index.html (128)
[155:155:0108/154006.693326:INFO:CONSOLE(128)] "currentLatencynow: 4.921", source: file:///home/seluser/ppt/player/dashjs/index.html (128)
[155:155:0108/154007.693141:INFO:CONSOLE(128)] "currentLatencynow: 4.821", source: file:///home/seluser/ppt/player/dashjs/index.html (128)
[155:155:0108/154008.693145:INFO:CONSOLE(128)] "currentLatencynow: 4.721", source: file:///home/seluser/ppt/player/dashjs/index.html (128)
[155:155:0108/154009.693116:INFO:CONSOLE(128)] "currentLatencynow: 4.621", source: file:///home/seluser/ppt/player/dashjs/index.html (128)
[155:155:0108/154010.693153:INFO:CONSOLE(128)] "currentLatencynow: 4.521", source: file:///home/seluser/ppt/player/dashjs/index.html (128)
[155:155:0108/154011.693168:INFO:CONSOLE(128)] "currentLatencynow: 4.421", source: file:///home/seluser/ppt/player/dashjs/index.html (128)
[155:155:0108/154012.693334:INFO:CONSOLE(128)] "currentLatencynow: 4.342", source: file:///home/seluser/ppt/player/dashjs/index.html (128)
[155:155:0108/154013.693433:INFO:CONSOLE(128)] "currentLatencynow: 4.263", source: file:///home/seluser/ppt/player/dashjs/index.html (128)
[155:155:0108/154014.693253:INFO:CONSOLE(128)] "currentLatencynow: 4.204", source: file:///home/seluser/ppt/player/dashjs/index.html (128)
[155:155:0108/154015.693367:INFO:CONSOLE(128)] "currentLatencynow: 4.146", source: file:///home/seluser/ppt/player/dashjs/index.html (128)
[155:155:0108/154016.693189:INFO:CONSOLE(128)] "currentLatencynow: 4.11", source: file:///home/seluser/ppt/player/dashjs/index.html (128)
[155:155:0108/154017.693122:INFO:CONSOLE(128)] "currentLatencynow: 4.073", source: file:///home/seluser/ppt/player/dashjs/index.html (128)
[155:155:0108/154018.698464:INFO:CONSOLE(128)] "currentLatencynow: 4.049", source: file:///home/seluser/ppt/player/dashjs/index.html (128)
[155:155:0108/154019.693154:INFO:CONSOLE(128)] "currentLatencynow: 4.034", source: file:///home/seluser/ppt/player/dashjs/index.html (128)
[155:155:0108/154020.693220:INFO:CONSOLE(128)] "currentLatencynow: 4.019", source: file:///home/seluser/ppt/player/dashjs/index.html (128)
[155:155:0108/154021.693219:INFO:CONSOLE(128)] "currentLatencynow: 4.016", source: file:///home/seluser/ppt/player/dashjs/index.html (128)
[155:155:0108/154022.693216:INFO:CONSOLE(128)] "currentLatencynow: 4.016", source: file:///home/seluser/ppt/player/dashjs/index.html (128)
[155:155:0108/154023.693157:INFO:CONSOLE(128)] "currentLatencynow: 4.016", source: file:///home/seluser/ppt/player/dashjs/index.html (128)
[155:155:0108/154024.693142:INFO:CONSOLE(128)] "currentLatencynow: 4.016", source: file:///home/seluser/ppt/player/dashjs/index.html (128)
[155:155:0108/154025.693092:INFO:CONSOLE(128)] "currentLatencynow: 4.016", source: file:///home/seluser/ppt/player/dashjs/index.html (128)
[155:155:0108/154026.693069:INFO:CONSOLE(128)] "currentLatencynow: 4.016", source: file:///home/seluser/ppt/player/dashjs/index.html (128)
[155:155:0108/154027.778428:INFO:CONSOLE(128)] "currentLatencynow: 4.101", source: file:///home/seluser/ppt/player/dashjs/index.html (128)
[155:155:0108/154028.778234:INFO:CONSOLE(128)] "currentLatencynow: 4.076", source: file:///home/seluser/ppt/player/dashjs/index.html (128)
[155:155:0108/154029.778353:INFO:CONSOLE(128)] "currentLatencynow: 4.051", source: file:///home/seluser/ppt/player/dashjs/index.html (128)
[155:155:0108/154030.778422:INFO:CONSOLE(128)] "currentLatencynow: 4.026", source: file:///home/seluser/ppt/player/dashjs/index.html (128)
[155:155:0108/154031.778520:INFO:CONSOLE(128)] "currentLatencynow: 4.015", source: file:///home/seluser/ppt/player/dashjs/index.html (128)
[155:155:0108/154032.778286:INFO:CONSOLE(128)] "currentLatencynow: 4.015", source: file:///home/seluser/ppt/player/dashjs/index.html (128)
[155:155:0108/154033.778394:INFO:CONSOLE(128)] "currentLatencynow: 4.015", source: file:///home/seluser/ppt/player/dashjs/index.html (128)
[155:155:0108/154034.778280:INFO:CONSOLE(128)] "currentLatencynow: 4.698", source: file:///home/seluser/ppt/player/dashjs/index.html (128)
[155:155:0108/154035.778368:INFO:CONSOLE(128)] "currentLatencynow: 5.698", source: file:///home/seluser/ppt/player/dashjs/index.html (128)
[155:155:0108/154036.778372:INFO:CONSOLE(128)] "currentLatencynow: 6.698", source: file:///home/seluser/ppt/player/dashjs/index.html (128)
[155:155:0108/154037.778399:INFO:CONSOLE(128)] "currentLatencynow: 7.698", source: file:///home/seluser/ppt/player/dashjs/index.html (128)
[155:155:0108/154038.778296:INFO:CONSOLE(128)] "currentLatencynow: 8.698", source: file:///home/seluser/ppt/player/dashjs/index.html (128)
[155:155:0108/154039.778596:INFO:CONSOLE(128)] "currentLatencynow: 9.698", source: file:///home/seluser/ppt/player/dashjs/index.html (128)
[155:155:0108/154040.778339:INFO:CONSOLE(128)] "currentLatencynow: 10.698", source: file:///home/seluser/ppt/player/dashjs/index.html (128)
[155:155:0108/154041.778504:INFO:CONSOLE(128)] "currentLatencynow: 11.698", source: file:///home/seluser/ppt/player/dashjs/index.html (128)
[155:155:0108/154042.778265:INFO:CONSOLE(128)] "currentLatencynow: 12.698", source: file:///home/seluser/ppt/player/dashjs/index.html (128)
[155:155:0108/154043.778371:INFO:CONSOLE(128)] "currentLatencynow: 13.698", source: file:///home/seluser/ppt/player/dashjs/index.html (128)
[155:155:0108/154044.778237:INFO:CONSOLE(128)] "currentLatencynow: 14.698", source: file:///home/seluser/ppt/player/dashjs/index.html (128)
[155:155:0108/154045.778260:INFO:CONSOLE(128)] "currentLatencynow: 15.698", source: file:///home/seluser/ppt/player/dashjs/index.html (128)
[155:155:0108/154046.778696:INFO:CONSOLE(128)] "currentLatencynow: 16.698", source: file:///home/seluser/ppt/player/dashjs/index.html (128)
[155:155:0108/154047.778353:INFO:CONSOLE(128)] "currentLatencynow: 17.698", source: file:///home/seluser/ppt/player/dashjs/index.html (128)
[155:155:0108/154048.778652:INFO:CONSOLE(128)] "currentLatencynow: 18.698", source: file:///home/seluser/ppt/player/dashjs/index.html (128)
[155:155:0108/154049.778438:INFO:CONSOLE(128)] "currentLatencynow: 19.698", source: file:///home/seluser/ppt/player/dashjs/index.html (128)
[155:155:0108/154050.778354:INFO:CONSOLE(128)] "currentLatencynow: 20.698", source: file:///home/seluser/ppt/player/dashjs/index.html (128)
[155:155:0108/154051.778379:INFO:CONSOLE(128)] "currentLatencynow: 21.698", source: file:///home/seluser/ppt/player/dashjs/index.html (128)
[155:155:0108/154052.778439:INFO:CONSOLE(128)] "currentLatencynow: 22.698", source: file:///home/seluser/ppt/player/dashjs/index.html (128)
[155:155:0108/154053.778472:INFO:CONSOLE(128)] "currentLatencynow: 23.698", source: file:///home/seluser/ppt/player/dashjs/index.html (128)
[155:155:0108/154054.778346:INFO:CONSOLE(128)] "currentLatencynow: 24.698", source: file:///home/seluser/ppt/player/dashjs/index.html (128)
[155:155:0108/154055.778391:INFO:CONSOLE(128)] "currentLatencynow: 25.698", source: file:///home/seluser/ppt/player/dashjs/index.html (128)
[155:155:0108/154056.778317:INFO:CONSOLE(128)] "currentLatencynow: 26.698", source: file:///home/seluser/ppt/player/dashjs/index.html (128)
[155:155:0108/154057.693261:INFO:CONSOLE(128)] "currentLatencynow: 27.613", source: file:///home/seluser/ppt/player/dashjs/index.html (128)
[155:155:0108/154058.693323:INFO:CONSOLE(128)] "currentLatencynow: 28.613", source: file:///home/seluser/ppt/player/dashjs/index.html (128)
[155:155:0108/154059.693466:INFO:CONSOLE(128)] "currentLatencynow: 29.613", source: file:///home/seluser/ppt/player/dashjs/index.html (128)
[155:182:0108/154100.689065:ERROR:bus.cc(392)] Failed to connect to the bus: Address does not contain a colon
[155:182:0108/154100.689120:ERROR:bus.cc(392)] Failed to connect to the bus: Address does not contain a colon
[155:155:0108/154100.693230:INFO:CONSOLE(128)] "currentLatencynow: 29.457", source: file:///home/seluser/ppt/player/dashjs/index.html (128)
[155:155:0108/154101.693317:INFO:CONSOLE(128)] "currentLatencynow: 29.465", source: file:///home/seluser/ppt/player/dashjs/index.html (128)
[155:155:0108/154102.693250:INFO:CONSOLE(128)] "currentLatencynow: 30.465", source: file:///home/seluser/ppt/player/dashjs/index.html (128)
[155:155:0108/154103.693317:INFO:CONSOLE(128)] "currentLatencynow: 31.464", source: file:///home/seluser/ppt/player/dashjs/index.html (128)
[155:155:0108/154104.693268:INFO:CONSOLE(128)] "currentLatencynow: 32.465", source: file:///home/seluser/ppt/player/dashjs/index.html (128)
[155:155:0108/154105.693273:INFO:CONSOLE(128)] "currentLatencynow: 33.465", source: file:///home/seluser/ppt/player/dashjs/index.html (128)
[155:155:0108/154106.693268:INFO:CONSOLE(128)] "currentLatencynow: 34.465", source: file:///home/seluser/ppt/player/dashjs/index.html (128)
[155:155:0108/154107.693378:INFO:CONSOLE(128)] "currentLatencynow: 35.465", source: file:///home/seluser/ppt/player/dashjs/index.html (128)
[155:155:0108/154108.693328:INFO:CONSOLE(128)] "currentLatencynow: 36.465", source: file:///home/seluser/ppt/player/dashjs/index.html (128)
[155:155:0108/154109.693393:INFO:CONSOLE(128)] "currentLatencynow: 37.465", source: file:///home/seluser/ppt/player/dashjs/index.html (128)
[155:155:0108/154110.693342:INFO:CONSOLE(128)] "currentLatencynow: 38.465", source: file:///home/seluser/ppt/player/dashjs/index.html (128)
[155:155:0108/154111.693270:INFO:CONSOLE(128)] "currentLatencynow: 39.465", source: file:///home/seluser/ppt/player/dashjs/index.html (128)
[155:155:0108/154112.693397:INFO:CONSOLE(128)] "currentLatencynow: 40.465", source: file:///home/seluser/ppt/player/dashjs/index.html (128)
[155:155:0108/154113.693343:INFO:CONSOLE(128)] "currentLatencynow: 41.465", source: file:///home/seluser/ppt/player/dashjs/index.html (128)
[155:155:0108/154114.693522:INFO:CONSOLE(128)] "currentLatencynow: 42.465", source: file:///home/seluser/ppt/player/dashjs/index.html (128)
[155:155:0108/154115.693479:INFO:CONSOLE(128)] "currentLatencynow: 43.465", source: file:///home/seluser/ppt/player/dashjs/index.html (128)
[155:155:0108/154116.693356:INFO:CONSOLE(128)] "currentLatencynow: 44.465", source: file:///home/seluser/ppt/player/dashjs/index.html (128)
[155:155:0108/154117.693292:INFO:CONSOLE(128)] "currentLatencynow: 45.465", source: file:///home/seluser/ppt/player/dashjs/index.html (128)
[155:155:0108/154118.693387:INFO:CONSOLE(128)] "currentLatencynow: 46.465", source: file:///home/seluser/ppt/player/dashjs/index.html (128)
[155:155:0108/154119.693281:INFO:CONSOLE(128)] "currentLatencynow: 47.465", source: file:///home/seluser/ppt/player/dashjs/index.html (128)
[155:155:0108/154120.693250:INFO:CONSOLE(128)] "currentLatencynow: 48.465", source: file:///home/seluser/ppt/player/dashjs/index.html (128)
[155:155:0108/154121.693268:INFO:CONSOLE(128)] "currentLatencynow: 49.465", source: file:///home/seluser/ppt/player/dashjs/index.html (128)
[155:155:0108/154122.693283:INFO:CONSOLE(128)] "currentLatencynow: 50.465", source: file:///home/seluser/ppt/player/dashjs/index.html (128)
[155:155:0108/154123.693279:INFO:CONSOLE(128)] "currentLatencynow: 51.465", source: file:///home/seluser/ppt/player/dashjs/index.html (128)
[155:155:0108/154124.693275:INFO:CONSOLE(128)] "currentLatencynow: 52.465", source: file:///home/seluser/ppt/player/dashjs/index.html (128)
[155:155:0108/154125.693283:INFO:CONSOLE(128)] "currentLatencynow: 53.465", source: file:///home/seluser/ppt/player/dashjs/index.html (128)
[155:155:0108/154126.693524:INFO:CONSOLE(128)] "currentLatencynow: 54.465", source: file:///home/seluser/ppt/player/dashjs/index.html (128)
[155:155:0108/154127.683757:INFO:CONSOLE(128)] "currentLatencynow: 55.455", source: file:///home/seluser/ppt/player/dashjs/index.html (128)
[155:155:0108/154128.683621:INFO:CONSOLE(128)] "currentLatencynow: 56.455", source: file:///home/seluser/ppt/player/dashjs/index.html (128)
[155:155:0108/154129.683702:INFO:CONSOLE(128)] "currentLatencynow: 57.455", source: file:///home/seluser/ppt/player/dashjs/index.html (128)
[155:155:0108/154130.683664:INFO:CONSOLE(128)] "currentLatencynow: 58.455", source: file:///home/seluser/ppt/player/dashjs/index.html (128)
[155:155:0108/154131.683698:INFO:CONSOLE(128)] "currentLatencynow: 59.455", source: file:///home/seluser/ppt/player/dashjs/index.html (128)
[155:155:0108/154132.683652:INFO:CONSOLE(128)] "currentLatencynow: 60.455", source: file:///home/seluser/ppt/player/dashjs/index.html (128)
[155:155:0108/154133.683695:INFO:CONSOLE(128)] "currentLatencynow: 61.455", source: file:///home/seluser/ppt/player/dashjs/index.html (128)
[155:155:0108/154134.683727:INFO:CONSOLE(114)] "Begin Player stistics 
", source: file:///home/seluser/ppt/player/dashjs/index.html (114)
[155:155:0108/154134.683980:INFO:CONSOLE(115)] "["stall",[["2.19","3.64",1.4500000000000002]],[["17.25","17.50",0.25]],[["59.94","60.19",0.25]],[["85.80","86.55",0.75]],[["86.60","86.60",0]],[["availibleBW",[null],[null],[null],[3217],[3672],[3672],[3778],[3873],[3873],[4045],[4045],[4045],[3990],[3961],[4259],[4712],[4712],[5144],[5144],[5095],[5095],[5270],[5270],[4842],[4842],[4733],[4733],[4678],[4678],[4335],[4299],[4133],[4133],[3839],[3839],[3578],[3578],[3488],[3085],[3085],[2967],[3031],[3031],[2940],[2940],[2876],[2876],[2875],[2875],[2875],[2596],[1830],[2106],[2186],[2186],[2217],[2217],[2543],[2543],[2609],[2609],[2930],[2930],[2936],[2936],[2832],[2832],[2837],[2837],[2859],[2859],[2859],[2859],[2859],[2859],[2859],[2859],[2859],[2859],[2859],[2859],[2859],[2859],[2859],[2859],[2859],[2859],[2859],[2859],[2859],[2859],[2859],[2859],[2859],[2859],[2859],[2859],[2859],[2859],[2859],[2859],[2859],[2859],[2859],[2859],[2859],[2859],[2859],[2859],[2859],[2859],[2859],[2859],[2859],[2859],[2859],[2859],[2859],[2859]]],[["currentBuffer",[0],[0],[0],[1.1],[0],[0],[0.078],[0.983],[0.08],[0.893],[0.082],[0],[0.084],[0.866],[2.071],[4.743],[4.035],[5.771],[4.662],[5.577],[4.354],[5.38],[4.28],[5.181],[4.081],[2.968],[1.881],[2.66],[1.683],[2.585],[3.487],[4.389],[3.289],[4.123],[3.091],[3.993],[2.894],[3.814],[2.671],[1.673],[2.551],[3.464],[2.544],[3.518],[2.504],[3.491],[2.486],[3.427],[2.488],[1.488],[2.49],[1.49],[2.492],[3.471],[2.445],[3.424],[2.409],[3.411],[2.411],[3.975],[3.975],[5.977],[5.977],[7.979],[7.979],[9.981],[9.981],[11.983],[11.983],[13.985],[13.985],[13.985],[13.985],[13.985],[13.985],[13.985],[13.985],[13.985],[13.985],[13.985],[13.985],[13.985],[13.985],[13.985],[13.985],[12.836],[11.837],[11.837],[11.837],[11.837],[11.837],[11.837],[11.837],[11.837],[11.837],[11.837],[11.837],[11.837],[11.837],[11.837],[11.837],[11.837],[11.837],[11.837],[11.837],[11.837],[11.837],[11.837],[11.837],[11.837],[11.837],[11.837],[11.837],[11.837],[11.837],[11.837],[11.837],[11.837],[11.837]]],[["currentLatency",[null],[4.408],[5.408],[5.422],[5.343],[5.343],[5.343],[5.343],[5.343],[5.343],[5.343],[5.343],[5.343],[5.342],[5.303],[5.203],[5.516],[6.121],[6.021],[5.921],[5.82],[5.72],[5.821],[5.721],[5.621],[5.521],[5.421],[5.321],[5.221],[5.121],[5.02],[4.921],[4.821],[4.721],[4.621],[4.521],[4.421],[4.342],[4.263],[4.204],[4.146],[4.11],[4.073],[4.049],[4.034],[4.019],[4.016],[4.016],[4.016],[4.016],[4.016],[4.016],[4.101],[4.076],[4.051],[4.026],[4.015],[4.015],[4.015],[4.698],[5.698],[6.698],[7.698],[8.698],[9.698],[10.698],[11.698],[12.698],[13.698],[14.698],[15.698],[16.698],[17.698],[18.698],[19.698],[20.698],[21.698],[22.698],[23.698],[24.698],[25.698],[26.698],[27.613],[28.613],[29.613],[29.457],[29.465],[30.465],[31.464],[32.465],[33.465],[34.465],[35.465],[36.465],[37.465],[38.465],[39.465],[40.465],[41.465],[42.465],[43.465],[44.465],[45.465],[46.465],[47.465],[48.465],[49.465],[50.465],[51.465],[52.465],[53.465],[54.465],[55.455],[56.455],[57.455],[58.455],[59.455],[60.455],[61.455]]]]", source: file:///home/seluser/ppt/player/dashjs/index.html (115)
[155:155:0108/154134.684095:INFO:CONSOLE(116)] "
", source: file:///home/seluser/ppt/player/dashjs/index.html (116)
[155:155:0108/154134.684157:INFO:CONSOLE(117)] "Finish Player stistics 
", source: file:///home/seluser/ppt/player/dashjs/index.html (117)
[155:155:0108/154134.684196:INFO:CONSOLE(128)] "currentLatencynow: 62.455", source: file:///home/seluser/ppt/player/dashjs/index.html (128)
[155:155:0108/154135.683951:INFO:CONSOLE(128)] "currentLatencynow: 63.455", source: file:///home/seluser/ppt/player/dashjs/index.html (128)
[155:155:0108/154136.683706:INFO:CONSOLE(128)] "currentLatencynow: 64.455", source: file:///home/seluser/ppt/player/dashjs/index.html (128)
[155:155:0108/154137.683679:INFO:CONSOLE(128)] "currentLatencynow: 65.455", source: file:///home/seluser/ppt/player/dashjs/index.html (128)
[155:155:0108/154138.683740:INFO:CONSOLE(128)] "currentLatencynow: 66.455", source: file:///home/seluser/ppt/player/dashjs/index.html (128)
[155:155:0108/154139.683730:INFO:CONSOLE(128)] "currentLatencynow: 67.455", source: file:///home/seluser/ppt/player/dashjs/index.html (128)
[155:155:0108/154140.683765:INFO:CONSOLE(128)] "currentLatencynow: 68.455", source: file:///home/seluser/ppt/player/dashjs/index.html (128)
[155:155:0108/154141.683729:INFO:CONSOLE(128)] "currentLatencynow: 69.455", source: file:///home/seluser/ppt/player/dashjs/index.html (128)
[155:155:0108/154142.683722:INFO:CONSOLE(128)] "currentLatencynow: 70.455", source: file:///home/seluser/ppt/player/dashjs/index.html (128)
[155:155:0108/154143.683639:INFO:CONSOLE(128)] "currentLatencynow: 71.455", source: file:///home/seluser/ppt/player/dashjs/index.html (128)
[155:155:0108/154144.683669:INFO:CONSOLE(128)] "currentLatencynow: 72.455", source: file:///home/seluser/ppt/player/dashjs/index.html (128)
[155:155:0108/154145.683755:INFO:CONSOLE(128)] "currentLatencynow: 73.455", source: file:///home/seluser/ppt/player/dashjs/index.html (128)
[155:155:0108/154146.683712:INFO:CONSOLE(128)] "currentLatencynow: 74.455", source: file:///home/seluser/ppt/player/dashjs/index.html (128)
[155:155:0108/154147.683722:INFO:CONSOLE(128)] "currentLatencynow: 75.455", source: file:///home/seluser/ppt/player/dashjs/index.html (128)
[155:155:0108/154148.683720:INFO:CONSOLE(128)] "currentLatencynow: 76.455", source: file:///home/seluser/ppt/player/dashjs/index.html (128)
[155:155:0108/154149.683786:INFO:CONSOLE(128)] "currentLatencynow: 77.455", source: file:///home/seluser/ppt/player/dashjs/index.html (128)
[155:155:0108/154150.683623:INFO:CONSOLE(128)] "currentLatencynow: 78.455", source: file:///home/seluser/ppt/player/dashjs/index.html (128)
[155:155:0108/154151.683709:INFO:CONSOLE(128)] "currentLatencynow: 79.455", source: file:///home/seluser/ppt/player/dashjs/index.html (128)
[155:155:0108/154152.683724:INFO:CONSOLE(128)] "currentLatencynow: 80.455", source: file:///home/seluser/ppt/player/dashjs/index.html (128)
[155:155:0108/154153.683866:INFO:CONSOLE(128)] "currentLatencynow: 81.455", source: file:///home/seluser/ppt/player/dashjs/index.html (128)
[155:155:0108/154154.683799:INFO:CONSOLE(128)] "currentLatencynow: 82.455", source: file:///home/seluser/ppt/player/dashjs/index.html (128)
[155:155:0108/154154.954055:WARNING:pref_notifier_impl.cc(40)] Pref observer for media_router.cast_allow_all_ips found at shutdown.
