[155:219:0108/161903.062518:ERROR:bus.cc(392)] Failed to connect to the bus: Failed to connect to socket /var/run/dbus/system_bus_socket: No such file or directory
[155:182:0108/161903.065041:ERROR:bus.cc(392)] Failed to connect to the bus: Address does not contain a colon
[155:182:0108/161903.065084:ERROR:bus.cc(392)] Failed to connect to the bus: Address does not contain a colon
[155:182:0108/161903.083137:ERROR:bus.cc(392)] Failed to connect to the bus: Address does not contain a colon
[155:182:0108/161903.083174:ERROR:bus.cc(392)] Failed to connect to the bus: Address does not contain a colon
[226:226:0108/161903.085813:ERROR:gpu_init.cc(453)] Passthrough is not supported, GL is swiftshader, ANGLE is 
[155:182:0108/161903.123660:ERROR:bus.cc(392)] Failed to connect to the bus: Address does not contain a colon
[155:182:0108/161903.123708:ERROR:bus.cc(392)] Failed to connect to the bus: Address does not contain a colon
[155:311:0108/161903.337994:ERROR:bus.cc(392)] Failed to connect to the bus: Failed to connect to socket /var/run/dbus/system_bus_socket: No such file or directory
[155:311:0108/161903.338084:ERROR:bus.cc(392)] Failed to connect to the bus: Failed to connect to socket /var/run/dbus/system_bus_socket: No such file or directory
[155:311:0108/161903.338156:ERROR:bus.cc(392)] Failed to connect to the bus: Failed to connect to socket /var/run/dbus/system_bus_socket: No such file or directory
[155:311:0108/161903.338175:WARNING:property.cc(144)] DaemonVersion: GetAndBlock: failed.
[155:311:0108/161903.338239:ERROR:bus.cc(392)] Failed to connect to the bus: Failed to connect to socket /var/run/dbus/system_bus_socket: No such file or directory
[155:311:0108/161903.338283:ERROR:bus.cc(392)] Failed to connect to the bus: Failed to connect to socket /var/run/dbus/system_bus_socket: No such file or directory
[155:155:0108/161905.031899:INFO:CONSOLE(128)] "currentLatencynow: 0", source: file:///home/seluser/ppt/player/dashjs/index.html (128)
[349:349:0108/161905.247979:WARNING:audio_manager_linux.cc(69)] Falling back to ALSA for audio output. PulseAudio is not available or could not be initialized.
[349:349:0108/161905.263893:ERROR:alsa_util.cc(204)] PcmOpen: default,No such file or directory
[349:349:0108/161905.263992:ERROR:alsa_util.cc(204)] PcmOpen: plug:default,No such file or directory
[155:155:0108/161906.032115:INFO:CONSOLE(128)] "currentLatencynow: 7.163", source: file:///home/seluser/ppt/player/dashjs/index.html (128)
[155:243:0108/161906.246966:ERROR:chrome_browser_main_extra_parts_metrics.cc(228)] crbug.com/1216328: Checking Bluetooth availability started. Please report if there is no report that this ends.
[155:243:0108/161906.247016:ERROR:chrome_browser_main_extra_parts_metrics.cc(231)] crbug.com/1216328: Checking Bluetooth availability ended.
[155:243:0108/161906.247032:ERROR:chrome_browser_main_extra_parts_metrics.cc(234)] crbug.com/1216328: Checking default browser status started. Please report if there is no report that this ends.
[155:182:0108/161906.419813:ERROR:bus.cc(392)] Failed to connect to the bus: Address does not contain a colon
[155:182:0108/161906.420103:ERROR:bus.cc(392)] Failed to connect to the bus: Address does not contain a colon
[155:182:0108/161906.420141:ERROR:bus.cc(392)] Failed to connect to the bus: Address does not contain a colon
[155:182:0108/161906.420229:ERROR:bus.cc(392)] Failed to connect to the bus: Address does not contain a colon
[155:182:0108/161906.420254:ERROR:bus.cc(392)] Failed to connect to the bus: Address does not contain a colon
[155:182:0108/161906.420274:ERROR:bus.cc(392)] Failed to connect to the bus: Address does not contain a colon
[155:182:0108/161906.420316:ERROR:bus.cc(392)] Failed to connect to the bus: Address does not contain a colon
[155:182:0108/161906.420428:ERROR:bus.cc(392)] Failed to connect to the bus: Address does not contain a colon
[155:182:0108/161906.420456:ERROR:bus.cc(392)] Failed to connect to the bus: Address does not contain a colon
[155:182:0108/161906.420474:ERROR:bus.cc(392)] Failed to connect to the bus: Address does not contain a colon
[155:182:0108/161906.420508:ERROR:bus.cc(392)] Failed to connect to the bus: Address does not contain a colon
[155:182:0108/161906.420535:ERROR:bus.cc(392)] Failed to connect to the bus: Address does not contain a colon
[155:182:0108/161906.420554:ERROR:bus.cc(392)] Failed to connect to the bus: Address does not contain a colon
[155:182:0108/161906.420571:ERROR:bus.cc(392)] Failed to connect to the bus: Address does not contain a colon
[155:182:0108/161906.452867:ERROR:bus.cc(392)] Failed to connect to the bus: Address does not contain a colon
[155:182:0108/161906.452899:ERROR:bus.cc(392)] Failed to connect to the bus: Address does not contain a colon
[155:182:0108/161906.452911:ERROR:bus.cc(392)] Failed to connect to the bus: Address does not contain a colon
[155:182:0108/161906.453253:ERROR:bus.cc(392)] Failed to connect to the bus: Address does not contain a colon
[155:182:0108/161906.453276:ERROR:bus.cc(392)] Failed to connect to the bus: Address does not contain a colon
[155:243:0108/161906.463182:ERROR:chrome_browser_main_extra_parts_metrics.cc(238)] crbug.com/1216328: Checking default browser status ended.
[155:155:0108/161907.031747:INFO:CONSOLE(128)] "currentLatencynow: 7.881", source: file:///home/seluser/ppt/player/dashjs/index.html (128)
[155:155:0108/161908.031958:INFO:CONSOLE(128)] "currentLatencynow: 8.303", source: file:///home/seluser/ppt/player/dashjs/index.html (128)
[155:155:0108/161909.031724:INFO:CONSOLE(128)] "currentLatencynow: 8.303", source: file:///home/seluser/ppt/player/dashjs/index.html (128)
[155:155:0108/161910.031701:INFO:CONSOLE(128)] "currentLatencynow: 8.303", source: file:///home/seluser/ppt/player/dashjs/index.html (128)
[155:155:0108/161911.031689:INFO:CONSOLE(128)] "currentLatencynow: 8.856", source: file:///home/seluser/ppt/player/dashjs/index.html (128)
[155:155:0108/161912.034052:INFO:CONSOLE(128)] "currentLatencynow: 9.856", source: file:///home/seluser/ppt/player/dashjs/index.html (128)
[155:155:0108/161913.031656:INFO:CONSOLE(128)] "currentLatencynow: 10.351", source: file:///home/seluser/ppt/player/dashjs/index.html (128)
[155:155:0108/161914.031684:INFO:CONSOLE(128)] "currentLatencynow: 10.351", source: file:///home/seluser/ppt/player/dashjs/index.html (128)
[155:155:0108/161915.031679:INFO:CONSOLE(128)] "currentLatencynow: 10.351", source: file:///home/seluser/ppt/player/dashjs/index.html (128)
[155:155:0108/161916.033747:INFO:CONSOLE(128)] "currentLatencynow: 10.351", source: file:///home/seluser/ppt/player/dashjs/index.html (128)
[155:155:0108/161917.031830:INFO:CONSOLE(128)] "currentLatencynow: 10.877", source: file:///home/seluser/ppt/player/dashjs/index.html (128)
[155:155:0108/161918.031797:INFO:CONSOLE(128)] "currentLatencynow: 11.877", source: file:///home/seluser/ppt/player/dashjs/index.html (128)
[155:155:0108/161919.031636:INFO:CONSOLE(128)] "currentLatencynow: 12.079", source: file:///home/seluser/ppt/player/dashjs/index.html (128)
[155:155:0108/161920.031663:INFO:CONSOLE(128)] "currentLatencynow: 12.079", source: file:///home/seluser/ppt/player/dashjs/index.html (128)
[155:155:0108/161921.031228:INFO:CONSOLE(128)] "currentLatencynow: 12.079", source: file:///home/seluser/ppt/player/dashjs/index.html (128)
[155:155:0108/161922.031244:INFO:CONSOLE(128)] "currentLatencynow: 12.079", source: file:///home/seluser/ppt/player/dashjs/index.html (128)
[155:155:0108/161923.031197:INFO:CONSOLE(128)] "currentLatencynow: 12.079", source: file:///home/seluser/ppt/player/dashjs/index.html (128)
[155:155:0108/161924.031230:INFO:CONSOLE(128)] "currentLatencynow: 12.078", source: file:///home/seluser/ppt/player/dashjs/index.html (128)
[155:155:0108/161925.031728:INFO:CONSOLE(128)] "currentLatencynow: 12.079", source: file:///home/seluser/ppt/player/dashjs/index.html (128)
[155:155:0108/161926.031322:INFO:CONSOLE(128)] "currentLatencynow: 12.855", source: file:///home/seluser/ppt/player/dashjs/index.html (128)
[155:155:0108/161927.031230:INFO:CONSOLE(128)] "currentLatencynow: 13.855", source: file:///home/seluser/ppt/player/dashjs/index.html (128)
[155:182:0108/161927.612080:ERROR:bus.cc(392)] Failed to connect to the bus: Address does not contain a colon
[155:182:0108/161927.612135:ERROR:bus.cc(392)] Failed to connect to the bus: Address does not contain a colon
[155:155:0108/161928.031182:INFO:CONSOLE(128)] "currentLatencynow: 14.339", source: file:///home/seluser/ppt/player/dashjs/index.html (128)
[155:155:0108/161929.031242:INFO:CONSOLE(128)] "currentLatencynow: 14.24", source: file:///home/seluser/ppt/player/dashjs/index.html (128)
[155:155:0108/161930.031202:INFO:CONSOLE(128)] "currentLatencynow: 14.21", source: file:///home/seluser/ppt/player/dashjs/index.html (128)
[155:155:0108/161931.031209:INFO:CONSOLE(128)] "currentLatencynow: 14.21", source: file:///home/seluser/ppt/player/dashjs/index.html (128)
[155:155:0108/161932.031219:INFO:CONSOLE(128)] "currentLatencynow: 14.21", source: file:///home/seluser/ppt/player/dashjs/index.html (128)
[155:155:0108/161933.031361:INFO:CONSOLE(128)] "currentLatencynow: 14.837", source: file:///home/seluser/ppt/player/dashjs/index.html (128)
[155:155:0108/161934.032744:INFO:CONSOLE(128)] "currentLatencynow: 15.838", source: file:///home/seluser/ppt/player/dashjs/index.html (128)
[155:155:0108/161935.031405:INFO:CONSOLE(128)] "currentLatencynow: 16.749", source: file:///home/seluser/ppt/player/dashjs/index.html (128)
[155:182:0108/161935.105029:ERROR:bus.cc(392)] Failed to connect to the bus: Address does not contain a colon
[155:182:0108/161935.105110:ERROR:bus.cc(392)] Failed to connect to the bus: Address does not contain a colon
[155:155:0108/161936.037250:INFO:CONSOLE(128)] "currentLatencynow: 16.812", source: file:///home/seluser/ppt/player/dashjs/index.html (128)
[155:155:0108/161937.031251:INFO:CONSOLE(128)] "currentLatencynow: 16.812", source: file:///home/seluser/ppt/player/dashjs/index.html (128)
[155:155:0108/161938.031178:INFO:CONSOLE(128)] "currentLatencynow: 16.813", source: file:///home/seluser/ppt/player/dashjs/index.html (128)
[155:155:0108/161939.031184:INFO:CONSOLE(128)] "currentLatencynow: 16.838", source: file:///home/seluser/ppt/player/dashjs/index.html (128)
[155:155:0108/161940.031225:INFO:CONSOLE(128)] "currentLatencynow: 16.838", source: file:///home/seluser/ppt/player/dashjs/index.html (128)
[155:155:0108/161941.031324:INFO:CONSOLE(128)] "currentLatencynow: 17.83", source: file:///home/seluser/ppt/player/dashjs/index.html (128)
[155:155:0108/161942.031196:INFO:CONSOLE(128)] "currentLatencynow: 18.376", source: file:///home/seluser/ppt/player/dashjs/index.html (128)
[155:155:0108/161943.034566:INFO:CONSOLE(128)] "currentLatencynow: 18.273", source: file:///home/seluser/ppt/player/dashjs/index.html (128)
[155:155:0108/161944.031800:INFO:CONSOLE(128)] "currentLatencynow: 18.173", source: file:///home/seluser/ppt/player/dashjs/index.html (128)
[155:155:0108/161945.031346:INFO:CONSOLE(128)] "currentLatencynow: 18.073", source: file:///home/seluser/ppt/player/dashjs/index.html (128)
[155:155:0108/161946.031186:INFO:CONSOLE(128)] "currentLatencynow: 17.973", source: file:///home/seluser/ppt/player/dashjs/index.html (128)
[155:155:0108/161947.031201:INFO:CONSOLE(128)] "currentLatencynow: 17.872", source: file:///home/seluser/ppt/player/dashjs/index.html (128)
[155:155:0108/161948.031248:INFO:CONSOLE(128)] "currentLatencynow: 17.773", source: file:///home/seluser/ppt/player/dashjs/index.html (128)
[155:155:0108/161949.031294:INFO:CONSOLE(128)] "currentLatencynow: 17.689", source: file:///home/seluser/ppt/player/dashjs/index.html (128)
[155:155:0108/161950.031213:INFO:CONSOLE(128)] "currentLatencynow: 17.689", source: file:///home/seluser/ppt/player/dashjs/index.html (128)
[155:155:0108/161951.029296:INFO:CONSOLE(128)] "currentLatencynow: 17.799", source: file:///home/seluser/ppt/player/dashjs/index.html (128)
[155:155:0108/161952.030719:INFO:CONSOLE(128)] "currentLatencynow: 18.8", source: file:///home/seluser/ppt/player/dashjs/index.html (128)
[155:155:0108/161953.029245:INFO:CONSOLE(128)] "currentLatencynow: 19.799", source: file:///home/seluser/ppt/player/dashjs/index.html (128)
[155:155:0108/161954.029496:INFO:CONSOLE(128)] "currentLatencynow: 20.799", source: file:///home/seluser/ppt/player/dashjs/index.html (128)
[155:155:0108/161955.029519:INFO:CONSOLE(128)] "currentLatencynow: 21.799", source: file:///home/seluser/ppt/player/dashjs/index.html (128)
[155:182:0108/161955.099312:ERROR:bus.cc(392)] Failed to connect to the bus: Address does not contain a colon
[155:182:0108/161955.099353:ERROR:bus.cc(392)] Failed to connect to the bus: Address does not contain a colon
[155:155:0108/161956.029293:INFO:CONSOLE(128)] "currentLatencynow: 21.756", source: file:///home/seluser/ppt/player/dashjs/index.html (128)
[155:155:0108/161957.029830:INFO:CONSOLE(128)] "currentLatencynow: 21.685", source: file:///home/seluser/ppt/player/dashjs/index.html (128)
[155:155:0108/161958.029317:INFO:CONSOLE(128)] "currentLatencynow: 21.685", source: file:///home/seluser/ppt/player/dashjs/index.html (128)
[155:155:0108/161959.029320:INFO:CONSOLE(128)] "currentLatencynow: 21.797", source: file:///home/seluser/ppt/player/dashjs/index.html (128)
[155:155:0108/162000.029327:INFO:CONSOLE(128)] "currentLatencynow: 22.797", source: file:///home/seluser/ppt/player/dashjs/index.html (128)
[155:155:0108/162001.029407:INFO:CONSOLE(128)] "currentLatencynow: 23.797", source: file:///home/seluser/ppt/player/dashjs/index.html (128)
[155:182:0108/162001.658717:ERROR:bus.cc(392)] Failed to connect to the bus: Address does not contain a colon
[155:182:0108/162001.658752:ERROR:bus.cc(392)] Failed to connect to the bus: Address does not contain a colon
[155:155:0108/162002.030501:INFO:CONSOLE(128)] "currentLatencynow: 24.349", source: file:///home/seluser/ppt/player/dashjs/index.html (128)
[155:155:0108/162003.029432:INFO:CONSOLE(128)] "currentLatencynow: 24.249", source: file:///home/seluser/ppt/player/dashjs/index.html (128)
[155:155:0108/162004.030054:INFO:CONSOLE(128)] "currentLatencynow: 24.149", source: file:///home/seluser/ppt/player/dashjs/index.html (128)
[155:155:0108/162005.029485:INFO:CONSOLE(128)] "currentLatencynow: 24.049", source: file:///home/seluser/ppt/player/dashjs/index.html (128)
[155:155:0108/162006.029348:INFO:CONSOLE(128)] "currentLatencynow: 23.949", source: file:///home/seluser/ppt/player/dashjs/index.html (128)
[155:155:0108/162007.030083:INFO:CONSOLE(128)] "currentLatencynow: 23.85", source: file:///home/seluser/ppt/player/dashjs/index.html (128)
[155:155:0108/162008.030218:INFO:CONSOLE(128)] "currentLatencynow: 23.749", source: file:///home/seluser/ppt/player/dashjs/index.html (128)
[155:155:0108/162009.029586:INFO:CONSOLE(128)] "currentLatencynow: 23.649", source: file:///home/seluser/ppt/player/dashjs/index.html (128)
[155:155:0108/162010.032625:INFO:CONSOLE(128)] "currentLatencynow: 23.548", source: file:///home/seluser/ppt/player/dashjs/index.html (128)
[155:155:0108/162011.029442:INFO:CONSOLE(128)] "currentLatencynow: 23.45", source: file:///home/seluser/ppt/player/dashjs/index.html (128)
[155:155:0108/162012.029331:INFO:CONSOLE(128)] "currentLatencynow: 23.349", source: file:///home/seluser/ppt/player/dashjs/index.html (128)
[155:155:0108/162013.029425:INFO:CONSOLE(128)] "currentLatencynow: 23.249", source: file:///home/seluser/ppt/player/dashjs/index.html (128)
[155:155:0108/162014.029388:INFO:CONSOLE(128)] "currentLatencynow: 23.149", source: file:///home/seluser/ppt/player/dashjs/index.html (128)
[155:155:0108/162015.029416:INFO:CONSOLE(128)] "currentLatencynow: 23.129", source: file:///home/seluser/ppt/player/dashjs/index.html (128)
[155:155:0108/162016.029441:INFO:CONSOLE(128)] "currentLatencynow: 23.128", source: file:///home/seluser/ppt/player/dashjs/index.html (128)
[155:155:0108/162017.032012:INFO:CONSOLE(128)] "currentLatencynow: 23.128", source: file:///home/seluser/ppt/player/dashjs/index.html (128)
[155:155:0108/162018.029421:INFO:CONSOLE(128)] "currentLatencynow: 23.128", source: file:///home/seluser/ppt/player/dashjs/index.html (128)
[155:155:0108/162019.029298:INFO:CONSOLE(128)] "currentLatencynow: 23.128", source: file:///home/seluser/ppt/player/dashjs/index.html (128)
[155:155:0108/162020.029763:INFO:CONSOLE(128)] "currentLatencynow: 23.128", source: file:///home/seluser/ppt/player/dashjs/index.html (128)
[155:155:0108/162021.030661:INFO:CONSOLE(128)] "currentLatencynow: 23.13", source: file:///home/seluser/ppt/player/dashjs/index.html (128)
[155:155:0108/162022.030702:INFO:CONSOLE(128)] "currentLatencynow: 23.13", source: file:///home/seluser/ppt/player/dashjs/index.html (128)
[155:155:0108/162023.031027:INFO:CONSOLE(128)] "currentLatencynow: 23.129", source: file:///home/seluser/ppt/player/dashjs/index.html (128)
[155:155:0108/162024.030718:INFO:CONSOLE(128)] "currentLatencynow: 23.129", source: file:///home/seluser/ppt/player/dashjs/index.html (128)
[155:155:0108/162025.030693:INFO:CONSOLE(128)] "currentLatencynow: 23.076", source: file:///home/seluser/ppt/player/dashjs/index.html (128)
[155:155:0108/162026.030679:INFO:CONSOLE(128)] "currentLatencynow: 22.976", source: file:///home/seluser/ppt/player/dashjs/index.html (128)
[155:155:0108/162027.030708:INFO:CONSOLE(128)] "currentLatencynow: 22.876", source: file:///home/seluser/ppt/player/dashjs/index.html (128)
[155:155:0108/162028.030958:INFO:CONSOLE(128)] "currentLatencynow: 22.776", source: file:///home/seluser/ppt/player/dashjs/index.html (128)
[155:155:0108/162029.030702:INFO:CONSOLE(128)] "currentLatencynow: 22.679", source: file:///home/seluser/ppt/player/dashjs/index.html (128)
[155:155:0108/162030.030794:INFO:CONSOLE(128)] "currentLatencynow: 22.576", source: file:///home/seluser/ppt/player/dashjs/index.html (128)
[155:155:0108/162031.032106:INFO:CONSOLE(128)] "currentLatencynow: 22.476", source: file:///home/seluser/ppt/player/dashjs/index.html (128)
[155:155:0108/162032.030752:INFO:CONSOLE(128)] "currentLatencynow: 22.376", source: file:///home/seluser/ppt/player/dashjs/index.html (128)
[155:155:0108/162033.031317:INFO:CONSOLE(128)] "currentLatencynow: 22.299", source: file:///home/seluser/ppt/player/dashjs/index.html (128)
[155:155:0108/162034.031055:INFO:CONSOLE(128)] "currentLatencynow: 22.199", source: file:///home/seluser/ppt/player/dashjs/index.html (128)
[155:155:0108/162035.030744:INFO:CONSOLE(128)] "currentLatencynow: 22.1", source: file:///home/seluser/ppt/player/dashjs/index.html (128)
[155:155:0108/162036.030715:INFO:CONSOLE(128)] "currentLatencynow: 21.999", source: file:///home/seluser/ppt/player/dashjs/index.html (128)
[155:155:0108/162037.031100:INFO:CONSOLE(128)] "currentLatencynow: 21.899", source: file:///home/seluser/ppt/player/dashjs/index.html (128)
[155:155:0108/162038.030689:INFO:CONSOLE(128)] "currentLatencynow: 21.799", source: file:///home/seluser/ppt/player/dashjs/index.html (128)
[155:155:0108/162039.030812:INFO:CONSOLE(128)] "currentLatencynow: 21.699", source: file:///home/seluser/ppt/player/dashjs/index.html (128)
[155:155:0108/162040.031253:INFO:CONSOLE(128)] "currentLatencynow: 21.599", source: file:///home/seluser/ppt/player/dashjs/index.html (128)
[155:155:0108/162041.030701:INFO:CONSOLE(128)] "currentLatencynow: 21.499", source: file:///home/seluser/ppt/player/dashjs/index.html (128)
[155:155:0108/162042.030755:INFO:CONSOLE(128)] "currentLatencynow: 21.399", source: file:///home/seluser/ppt/player/dashjs/index.html (128)
[155:155:0108/162043.030638:INFO:CONSOLE(128)] "currentLatencynow: 21.299", source: file:///home/seluser/ppt/player/dashjs/index.html (128)
[155:155:0108/162044.033156:INFO:CONSOLE(128)] "currentLatencynow: 21.199", source: file:///home/seluser/ppt/player/dashjs/index.html (128)
[155:155:0108/162045.030876:INFO:CONSOLE(128)] "currentLatencynow: 21.099", source: file:///home/seluser/ppt/player/dashjs/index.html (128)
[155:155:0108/162046.031068:INFO:CONSOLE(128)] "currentLatencynow: 21", source: file:///home/seluser/ppt/player/dashjs/index.html (128)
[155:155:0108/162047.030711:INFO:CONSOLE(128)] "currentLatencynow: 20.899", source: file:///home/seluser/ppt/player/dashjs/index.html (128)
[155:155:0108/162048.030699:INFO:CONSOLE(128)] "currentLatencynow: 20.799", source: file:///home/seluser/ppt/player/dashjs/index.html (128)
[155:155:0108/162049.032511:INFO:CONSOLE(128)] "currentLatencynow: 20.7", source: file:///home/seluser/ppt/player/dashjs/index.html (128)
[155:155:0108/162050.030748:INFO:CONSOLE(128)] "currentLatencynow: 20.599", source: file:///home/seluser/ppt/player/dashjs/index.html (128)
[155:155:0108/162051.031542:INFO:CONSOLE(128)] "currentLatencynow: 20.5", source: file:///home/seluser/ppt/player/dashjs/index.html (128)
[155:155:0108/162052.032914:INFO:CONSOLE(128)] "currentLatencynow: 20.4", source: file:///home/seluser/ppt/player/dashjs/index.html (128)
[155:155:0108/162053.031821:INFO:CONSOLE(128)] "currentLatencynow: 20.3", source: file:///home/seluser/ppt/player/dashjs/index.html (128)
[155:155:0108/162054.031565:INFO:CONSOLE(128)] "currentLatencynow: 20.2", source: file:///home/seluser/ppt/player/dashjs/index.html (128)
[155:155:0108/162055.031482:INFO:CONSOLE(128)] "currentLatencynow: 20.1", source: file:///home/seluser/ppt/player/dashjs/index.html (128)
[155:155:0108/162056.031427:INFO:CONSOLE(128)] "currentLatencynow: 20", source: file:///home/seluser/ppt/player/dashjs/index.html (128)
[155:155:0108/162057.031438:INFO:CONSOLE(128)] "currentLatencynow: 19.9", source: file:///home/seluser/ppt/player/dashjs/index.html (128)
[155:155:0108/162058.031516:INFO:CONSOLE(128)] "currentLatencynow: 20.683", source: file:///home/seluser/ppt/player/dashjs/index.html (128)
[155:155:0108/162059.031426:INFO:CONSOLE(128)] "currentLatencynow: 21.683", source: file:///home/seluser/ppt/player/dashjs/index.html (128)
[155:155:0108/162100.031437:INFO:CONSOLE(128)] "currentLatencynow: 22.683", source: file:///home/seluser/ppt/player/dashjs/index.html (128)
[155:182:0108/162100.709364:ERROR:bus.cc(392)] Failed to connect to the bus: Address does not contain a colon
[155:182:0108/162100.709423:ERROR:bus.cc(392)] Failed to connect to the bus: Address does not contain a colon
[155:155:0108/162101.031521:INFO:CONSOLE(128)] "currentLatencynow: 23.269", source: file:///home/seluser/ppt/player/dashjs/index.html (128)
[155:155:0108/162102.031416:INFO:CONSOLE(128)] "currentLatencynow: 23.169", source: file:///home/seluser/ppt/player/dashjs/index.html (128)
[155:155:0108/162103.031425:INFO:CONSOLE(128)] "currentLatencynow: 23.069", source: file:///home/seluser/ppt/player/dashjs/index.html (128)
[155:155:0108/162104.031547:INFO:CONSOLE(114)] "Begin Player stistics 
", source: file:///home/seluser/ppt/player/dashjs/index.html (114)
[155:155:0108/162104.031772:INFO:CONSOLE(115)] "["stall",[["1.52","2.77",1.25]],[["3.11","3.36",0.25]],[["6.85","7.10",0.25]],[["12.88","13.12",0.23999999999999844]],[["21.62","21.88",0.259999999999998]],[["28.77","29.03",0.26000000000000156]],[["34.36","34.61",0.25]],[["36.41","36.66",0.25]],[["47.29","47.54",0.25]],[["55.29","55.54",0.25]],[["113.61","113.86",0.25]],[["availibleBW",[null],[null],[6322],[6322],[6322],[6611],[6611],[6611],[6776],[6776],[6776],[6708],[6708],[6708],[6758],[6758],[6647],[6647],[6647],[6324],[6324],[6324],[5995],[5785],[5785],[5785],[5619],[5619],[5619],[5507],[5504],[5504],[5386],[5386],[5221],[5168],[5168],[5183],[5210],[5102],[5102],[5102],[4984],[4984],[4838],[4838],[4838],[4660],[4660],[4449],[4449],[4449],[4289],[4140],[4140],[3995],[3995],[4055],[4055],[3933],[3933],[3794],[3794],[3629],[3629],[3406],[3406],[3364],[3364],[3194],[3194],[3056],[2924],[2924],[2787],[2787],[2777],[2777],[2778],[2778],[2655],[2497],[2497],[2340],[2340],[2182],[2193],[2193],[2159],[2159],[2175],[2175],[2057],[1937],[1937],[1809],[1809],[1577],[1582],[1582],[1463],[1463],[1346],[1346],[1225],[1225],[990],[990],[988],[988],[987],[987],[864],[864],[864],[741],[741],[741],[618]]],[["currentBuffer",[0],[0],[0.046],[0],[0],[0],[0],[0],[0.573],[0],[0],[0],[0],[0],[0.277],[0],[0.279],[0],[0],[0],[0],[0],[0.034],[1.546],[0.451],[0],[0],[0],[0],[0],[1.022],[0.124],[1.122],[0.04],[1.066],[2.069],[2.021],[3.827],[4.734],[5.435],[4.536],[3.436],[2.117],[1.236],[0.06],[0],[0],[0],[0],[2.002],[2.002],[1.082],[0],[0.906],[0.002],[2.004],[2.004],[3.681],[2.581],[3.482],[2.383],[3.284],[2.185],[3.087],[1.987],[2.889],[1.789],[2.688],[1.591],[0.471],[0],[0.459],[1.462],[0.464],[1.465],[0.465],[1.45],[0.467],[1.469],[0.467],[1.431],[2.331],[1.229],[2.112],[1.033],[1.935],[2.788],[1.734],[2.662],[1.562],[2.462],[1.365],[2.268],[3.165],[2.067],[2.968],[1.871],[2.772],[3.567],[2.574],[3.468],[2.376],[3.278],[2.178],[3.059],[1.98],[2.881],[1.781],[2.683],[1.585],[2.487],[1.385],[2.213],[1.948],[1.948],[3.95],[3.576],[2.476],[3.378]]],[["currentLatency",[0],[7.163],[7.881],[8.303],[8.303],[8.303],[8.856],[9.856],[10.351],[10.351],[10.351],[10.351],[10.877],[11.877],[12.079],[12.079],[12.079],[12.079],[12.079],[12.078],[12.079],[12.855],[13.855],[14.339],[14.24],[14.21],[14.21],[14.21],[14.837],[15.838],[16.749],[16.812],[16.812],[16.813],[16.838],[16.838],[17.83],[18.376],[18.273],[18.173],[18.073],[17.973],[17.872],[17.773],[17.689],[17.689],[17.799],[18.8],[19.799],[20.799],[21.799],[21.756],[21.685],[21.685],[21.797],[22.797],[23.797],[24.349],[24.249],[24.149],[24.049],[23.949],[23.85],[23.749],[23.649],[23.548],[23.45],[23.349],[23.249],[23.149],[23.129],[23.128],[23.128],[23.128],[23.128],[23.128],[23.13],[23.13],[23.129],[23.129],[23.076],[22.976],[22.876],[22.776],[22.679],[22.576],[22.476],[22.376],[22.299],[22.199],[22.1],[21.999],[21.899],[21.799],[21.699],[21.599],[21.499],[21.399],[21.299],[21.199],[21.099],[21],[20.899],[20.799],[20.7],[20.599],[20.5],[20.4],[20.3],[20.2],[20.1],[20],[19.9],[20.683],[21.683],[22.683],[23.269],[23.169],[23.069]]]]", source: file:///home/seluser/ppt/player/dashjs/index.html (115)
[155:155:0108/162104.032148:INFO:CONSOLE(116)] "
", source: file:///home/seluser/ppt/player/dashjs/index.html (116)
[155:155:0108/162104.032231:INFO:CONSOLE(117)] "Finish Player stistics 
", source: file:///home/seluser/ppt/player/dashjs/index.html (117)
[155:155:0108/162104.032268:INFO:CONSOLE(128)] "currentLatencynow: 22.968", source: file:///home/seluser/ppt/player/dashjs/index.html (128)
[155:155:0108/162105.031457:INFO:CONSOLE(128)] "currentLatencynow: 22.869", source: file:///home/seluser/ppt/player/dashjs/index.html (128)
[155:155:0108/162106.031511:INFO:CONSOLE(128)] "currentLatencynow: 22.769", source: file:///home/seluser/ppt/player/dashjs/index.html (128)
[155:155:0108/162107.031525:INFO:CONSOLE(128)] "currentLatencynow: 22.669", source: file:///home/seluser/ppt/player/dashjs/index.html (128)
[155:155:0108/162108.031438:INFO:CONSOLE(128)] "currentLatencynow: 22.569", source: file:///home/seluser/ppt/player/dashjs/index.html (128)
[155:155:0108/162109.031371:INFO:CONSOLE(128)] "currentLatencynow: 22.469", source: file:///home/seluser/ppt/player/dashjs/index.html (128)
[155:155:0108/162110.031372:INFO:CONSOLE(128)] "currentLatencynow: 22.414", source: file:///home/seluser/ppt/player/dashjs/index.html (128)
[155:155:0108/162111.031429:INFO:CONSOLE(128)] "currentLatencynow: 22.414", source: file:///home/seluser/ppt/player/dashjs/index.html (128)
[155:155:0108/162112.031507:INFO:CONSOLE(128)] "currentLatencynow: 22.414", source: file:///home/seluser/ppt/player/dashjs/index.html (128)
[155:155:0108/162113.031690:INFO:CONSOLE(128)] "currentLatencynow: 22.745", source: file:///home/seluser/ppt/player/dashjs/index.html (128)
[155:155:0108/162114.031395:INFO:CONSOLE(128)] "currentLatencynow: 23.745", source: file:///home/seluser/ppt/player/dashjs/index.html (128)
[155:155:0108/162115.031687:INFO:CONSOLE(128)] "currentLatencynow: 24.462", source: file:///home/seluser/ppt/player/dashjs/index.html (128)
[155:155:0108/162116.031706:INFO:CONSOLE(128)] "currentLatencynow: 24.462", source: file:///home/seluser/ppt/player/dashjs/index.html (128)
[155:155:0108/162117.031411:INFO:CONSOLE(128)] "currentLatencynow: 24.462", source: file:///home/seluser/ppt/player/dashjs/index.html (128)
[155:155:0108/162118.031409:INFO:CONSOLE(128)] "currentLatencynow: 24.462", source: file:///home/seluser/ppt/player/dashjs/index.html (128)
[155:155:0108/162119.031360:INFO:CONSOLE(128)] "currentLatencynow: 24.741", source: file:///home/seluser/ppt/player/dashjs/index.html (128)
[155:155:0108/162120.031399:INFO:CONSOLE(128)] "currentLatencynow: 25.741", source: file:///home/seluser/ppt/player/dashjs/index.html (128)
[155:155:0108/162121.031895:INFO:CONSOLE(128)] "currentLatencynow: 26.553", source: file:///home/seluser/ppt/player/dashjs/index.html (128)
[155:155:0108/162122.032321:INFO:CONSOLE(128)] "currentLatencynow: 26.553", source: file:///home/seluser/ppt/player/dashjs/index.html (128)
[155:155:0108/162123.031850:INFO:CONSOLE(128)] "currentLatencynow: 26.553", source: file:///home/seluser/ppt/player/dashjs/index.html (128)
[155:155:0108/162124.032461:INFO:CONSOLE(128)] "currentLatencynow: 26.554", source: file:///home/seluser/ppt/player/dashjs/index.html (128)
[155:155:0108/162124.396105:WARNING:pref_notifier_impl.cc(40)] Pref observer for media_router.cast_allow_all_ips found at shutdown.
