[155:217:0108/162820.226628:ERROR:bus.cc(392)] Failed to connect to the bus: Failed to connect to socket /var/run/dbus/system_bus_socket: No such file or directory
[155:180:0108/162820.228572:ERROR:bus.cc(392)] Failed to connect to the bus: Address does not contain a colon
[155:180:0108/162820.229761:ERROR:bus.cc(392)] Failed to connect to the bus: Address does not contain a colon
[226:226:0108/162820.246332:ERROR:gpu_init.cc(453)] Passthrough is not supported, GL is swiftshader, ANGLE is 
[155:180:0108/162820.268835:ERROR:bus.cc(392)] Failed to connect to the bus: Address does not contain a colon
[155:180:0108/162820.268894:ERROR:bus.cc(392)] Failed to connect to the bus: Address does not contain a colon
[155:180:0108/162820.346803:ERROR:bus.cc(392)] Failed to connect to the bus: Address does not contain a colon
[155:180:0108/162820.346835:ERROR:bus.cc(392)] Failed to connect to the bus: Address does not contain a colon
[155:317:0108/162820.546458:ERROR:bus.cc(392)] Failed to connect to the bus: Failed to connect to socket /var/run/dbus/system_bus_socket: No such file or directory
[155:317:0108/162820.546699:ERROR:bus.cc(392)] Failed to connect to the bus: Failed to connect to socket /var/run/dbus/system_bus_socket: No such file or directory
[155:317:0108/162820.546751:ERROR:bus.cc(392)] Failed to connect to the bus: Failed to connect to socket /var/run/dbus/system_bus_socket: No such file or directory
[155:317:0108/162820.546762:WARNING:property.cc(144)] DaemonVersion: GetAndBlock: failed.
[155:317:0108/162820.546808:ERROR:bus.cc(392)] Failed to connect to the bus: Failed to connect to socket /var/run/dbus/system_bus_socket: No such file or directory
[155:317:0108/162820.546831:ERROR:bus.cc(392)] Failed to connect to the bus: Failed to connect to socket /var/run/dbus/system_bus_socket: No such file or directory
[155:155:0108/162822.555779:INFO:CONSOLE(128)] "currentLatencynow: NaN", source: file:///home/seluser/ppt/player/dashjs/index.html (128)
[155:155:0108/162823.555513:INFO:CONSOLE(128)] "currentLatencynow: 0", source: file:///home/seluser/ppt/player/dashjs/index.html (128)
[155:220:0108/162823.743049:ERROR:chrome_browser_main_extra_parts_metrics.cc(228)] crbug.com/1216328: Checking Bluetooth availability started. Please report if there is no report that this ends.
[155:220:0108/162823.743124:ERROR:chrome_browser_main_extra_parts_metrics.cc(231)] crbug.com/1216328: Checking Bluetooth availability ended.
[155:220:0108/162823.743139:ERROR:chrome_browser_main_extra_parts_metrics.cc(234)] crbug.com/1216328: Checking default browser status started. Please report if there is no report that this ends.
[155:220:0108/162823.908593:ERROR:chrome_browser_main_extra_parts_metrics.cc(238)] crbug.com/1216328: Checking default browser status ended.
[155:155:0108/162824.555644:INFO:CONSOLE(128)] "currentLatencynow: 0", source: file:///home/seluser/ppt/player/dashjs/index.html (128)
[560:560:0108/162825.547897:WARNING:audio_manager_linux.cc(69)] Falling back to ALSA for audio output. PulseAudio is not available or could not be initialized.
[560:560:0108/162825.556585:ERROR:alsa_util.cc(204)] PcmOpen: default,No such file or directory
[560:560:0108/162825.556659:ERROR:alsa_util.cc(204)] PcmOpen: plug:default,No such file or directory
[155:155:0108/162825.558730:INFO:CONSOLE(128)] "currentLatencynow: 8.496", source: file:///home/seluser/ppt/player/dashjs/index.html (128)
[155:155:0108/162826.555357:INFO:CONSOLE(128)] "currentLatencynow: 9.495", source: file:///home/seluser/ppt/player/dashjs/index.html (128)
[155:155:0108/162827.555498:INFO:CONSOLE(128)] "currentLatencynow: 10.495", source: file:///home/seluser/ppt/player/dashjs/index.html (128)
[155:155:0108/162828.555463:INFO:CONSOLE(128)] "currentLatencynow: 11.495", source: file:///home/seluser/ppt/player/dashjs/index.html (128)
[155:155:0108/162829.555392:INFO:CONSOLE(128)] "currentLatencynow: 12.495", source: file:///home/seluser/ppt/player/dashjs/index.html (128)
[155:155:0108/162830.555410:INFO:CONSOLE(128)] "currentLatencynow: 13.495", source: file:///home/seluser/ppt/player/dashjs/index.html (128)
[155:180:0108/162830.806232:ERROR:bus.cc(392)] Failed to connect to the bus: Address does not contain a colon
[155:180:0108/162830.806279:ERROR:bus.cc(392)] Failed to connect to the bus: Address does not contain a colon
[155:180:0108/162830.806301:ERROR:bus.cc(392)] Failed to connect to the bus: Address does not contain a colon
[155:180:0108/162830.806309:ERROR:bus.cc(392)] Failed to connect to the bus: Address does not contain a colon
[155:180:0108/162830.806315:ERROR:bus.cc(392)] Failed to connect to the bus: Address does not contain a colon
[155:180:0108/162830.806321:ERROR:bus.cc(392)] Failed to connect to the bus: Address does not contain a colon
[155:180:0108/162830.806328:ERROR:bus.cc(392)] Failed to connect to the bus: Address does not contain a colon
[155:180:0108/162830.806334:ERROR:bus.cc(392)] Failed to connect to the bus: Address does not contain a colon
[155:180:0108/162830.806341:ERROR:bus.cc(392)] Failed to connect to the bus: Address does not contain a colon
[155:180:0108/162830.806347:ERROR:bus.cc(392)] Failed to connect to the bus: Address does not contain a colon
[155:180:0108/162830.806353:ERROR:bus.cc(392)] Failed to connect to the bus: Address does not contain a colon
[155:180:0108/162830.806360:ERROR:bus.cc(392)] Failed to connect to the bus: Address does not contain a colon
[155:180:0108/162830.806366:ERROR:bus.cc(392)] Failed to connect to the bus: Address does not contain a colon
[155:180:0108/162830.806373:ERROR:bus.cc(392)] Failed to connect to the bus: Address does not contain a colon
[155:180:0108/162830.808839:ERROR:bus.cc(392)] Failed to connect to the bus: Address does not contain a colon
[155:180:0108/162830.808861:ERROR:bus.cc(392)] Failed to connect to the bus: Address does not contain a colon
[155:180:0108/162830.808870:ERROR:bus.cc(392)] Failed to connect to the bus: Address does not contain a colon
[155:180:0108/162830.845599:ERROR:bus.cc(392)] Failed to connect to the bus: Address does not contain a colon
[155:180:0108/162830.845638:ERROR:bus.cc(392)] Failed to connect to the bus: Address does not contain a colon
[155:155:0108/162831.555890:INFO:CONSOLE(128)] "currentLatencynow: 13.748", source: file:///home/seluser/ppt/player/dashjs/index.html (128)
[155:155:0108/162832.555397:INFO:CONSOLE(128)] "currentLatencynow: 13.692", source: file:///home/seluser/ppt/player/dashjs/index.html (128)
[155:155:0108/162833.555559:INFO:CONSOLE(128)] "currentLatencynow: 13.693", source: file:///home/seluser/ppt/player/dashjs/index.html (128)
[155:155:0108/162834.555349:INFO:CONSOLE(128)] "currentLatencynow: 14.069", source: file:///home/seluser/ppt/player/dashjs/index.html (128)
[155:155:0108/162835.556129:INFO:CONSOLE(128)] "currentLatencynow: 15.069", source: file:///home/seluser/ppt/player/dashjs/index.html (128)
[155:155:0108/162836.555296:INFO:CONSOLE(128)] "currentLatencynow: 16.068", source: file:///home/seluser/ppt/player/dashjs/index.html (128)
[155:155:0108/162837.555189:INFO:CONSOLE(128)] "currentLatencynow: 17.068", source: file:///home/seluser/ppt/player/dashjs/index.html (128)
[155:155:0108/162838.555143:INFO:CONSOLE(128)] "currentLatencynow: 18.068", source: file:///home/seluser/ppt/player/dashjs/index.html (128)
[155:155:0108/162839.555113:INFO:CONSOLE(128)] "currentLatencynow: 19.068", source: file:///home/seluser/ppt/player/dashjs/index.html (128)
[155:155:0108/162840.554988:INFO:CONSOLE(128)] "currentLatencynow: 20.068", source: file:///home/seluser/ppt/player/dashjs/index.html (128)
[155:155:0108/162841.555624:INFO:CONSOLE(128)] "currentLatencynow: 21.069", source: file:///home/seluser/ppt/player/dashjs/index.html (128)
[155:180:0108/162841.813292:ERROR:bus.cc(392)] Failed to connect to the bus: Address does not contain a colon
[155:180:0108/162841.813332:ERROR:bus.cc(392)] Failed to connect to the bus: Address does not contain a colon
[155:155:0108/162842.555002:INFO:CONSOLE(128)] "currentLatencynow: 21.257", source: file:///home/seluser/ppt/player/dashjs/index.html (128)
[155:155:0108/162843.555140:INFO:CONSOLE(128)] "currentLatencynow: 21.257", source: file:///home/seluser/ppt/player/dashjs/index.html (128)
[155:155:0108/162844.554984:INFO:CONSOLE(128)] "currentLatencynow: 21.896", source: file:///home/seluser/ppt/player/dashjs/index.html (128)
[155:155:0108/162845.555231:INFO:CONSOLE(128)] "currentLatencynow: 21.8", source: file:///home/seluser/ppt/player/dashjs/index.html (128)
[155:155:0108/162846.554985:INFO:CONSOLE(128)] "currentLatencynow: 22.071", source: file:///home/seluser/ppt/player/dashjs/index.html (128)
[155:155:0108/162847.554976:INFO:CONSOLE(128)] "currentLatencynow: 22.234", source: file:///home/seluser/ppt/player/dashjs/index.html (128)
[155:155:0108/162848.555078:INFO:CONSOLE(128)] "currentLatencynow: 22.135", source: file:///home/seluser/ppt/player/dashjs/index.html (128)
[155:155:0108/162849.555046:INFO:CONSOLE(128)] "currentLatencynow: 23.046", source: file:///home/seluser/ppt/player/dashjs/index.html (128)
[155:155:0108/162850.556189:INFO:CONSOLE(128)] "currentLatencynow: 24.046", source: file:///home/seluser/ppt/player/dashjs/index.html (128)
[155:155:0108/162851.554965:INFO:CONSOLE(128)] "currentLatencynow: 25.046", source: file:///home/seluser/ppt/player/dashjs/index.html (128)
[155:155:0108/162852.555112:INFO:CONSOLE(128)] "currentLatencynow: 26.046", source: file:///home/seluser/ppt/player/dashjs/index.html (128)
[155:180:0108/162853.530254:ERROR:bus.cc(392)] Failed to connect to the bus: Address does not contain a colon
[155:180:0108/162853.530291:ERROR:bus.cc(392)] Failed to connect to the bus: Address does not contain a colon
[155:155:0108/162853.554996:INFO:CONSOLE(128)] "currentLatencynow: 26.937", source: file:///home/seluser/ppt/player/dashjs/index.html (128)
[155:155:0108/162854.555037:INFO:CONSOLE(128)] "currentLatencynow: 26.853", source: file:///home/seluser/ppt/player/dashjs/index.html (128)
[155:155:0108/162855.555110:INFO:CONSOLE(128)] "currentLatencynow: 26.752", source: file:///home/seluser/ppt/player/dashjs/index.html (128)
[155:155:0108/162856.557900:INFO:CONSOLE(128)] "currentLatencynow: 26.652", source: file:///home/seluser/ppt/player/dashjs/index.html (128)
[155:155:0108/162857.554993:INFO:CONSOLE(128)] "currentLatencynow: 26.552", source: file:///home/seluser/ppt/player/dashjs/index.html (128)
[155:155:0108/162858.555034:INFO:CONSOLE(128)] "currentLatencynow: 26.452", source: file:///home/seluser/ppt/player/dashjs/index.html (128)
[155:155:0108/162859.555024:INFO:CONSOLE(128)] "currentLatencynow: 26.998", source: file:///home/seluser/ppt/player/dashjs/index.html (128)
[155:155:0108/162900.555928:INFO:CONSOLE(128)] "currentLatencynow: 27.999", source: file:///home/seluser/ppt/player/dashjs/index.html (128)
[155:155:0108/162901.555347:INFO:CONSOLE(128)] "currentLatencynow: 28.999", source: file:///home/seluser/ppt/player/dashjs/index.html (128)
[155:155:0108/162902.555129:INFO:CONSOLE(128)] "currentLatencynow: 29.998", source: file:///home/seluser/ppt/player/dashjs/index.html (128)
[155:180:0108/162902.968091:ERROR:bus.cc(392)] Failed to connect to the bus: Address does not contain a colon
[155:180:0108/162902.968131:ERROR:bus.cc(392)] Failed to connect to the bus: Address does not contain a colon
[155:155:0108/162903.555049:INFO:CONSOLE(128)] "currentLatencynow: 30.275", source: file:///home/seluser/ppt/player/dashjs/index.html (128)
[155:155:0108/162904.556441:INFO:CONSOLE(128)] "currentLatencynow: 30.185", source: file:///home/seluser/ppt/player/dashjs/index.html (128)
[155:155:0108/162905.555064:INFO:CONSOLE(128)] "currentLatencynow: 30.075", source: file:///home/seluser/ppt/player/dashjs/index.html (128)
[155:155:0108/162906.554508:INFO:CONSOLE(128)] "currentLatencynow: 29.975", source: file:///home/seluser/ppt/player/dashjs/index.html (128)
[155:155:0108/162907.554520:INFO:CONSOLE(128)] "currentLatencynow: 29.875", source: file:///home/seluser/ppt/player/dashjs/index.html (128)
[155:155:0108/162908.554690:INFO:CONSOLE(128)] "currentLatencynow: 29.775", source: file:///home/seluser/ppt/player/dashjs/index.html (128)
[155:155:0108/162909.555415:INFO:CONSOLE(128)] "currentLatencynow: 29.676", source: file:///home/seluser/ppt/player/dashjs/index.html (128)
[155:155:0108/162910.556418:INFO:CONSOLE(128)] "currentLatencynow: 29.575", source: file:///home/seluser/ppt/player/dashjs/index.html (128)
[155:155:0108/162911.554610:INFO:CONSOLE(128)] "currentLatencynow: 29.475", source: file:///home/seluser/ppt/player/dashjs/index.html (128)
[155:155:0108/162912.554614:INFO:CONSOLE(128)] "currentLatencynow: 29.375", source: file:///home/seluser/ppt/player/dashjs/index.html (128)
[155:155:0108/162913.554611:INFO:CONSOLE(128)] "currentLatencynow: 29.276", source: file:///home/seluser/ppt/player/dashjs/index.html (128)
[155:155:0108/162914.554729:INFO:CONSOLE(128)] "currentLatencynow: 29.176", source: file:///home/seluser/ppt/player/dashjs/index.html (128)
[155:155:0108/162915.554497:INFO:CONSOLE(128)] "currentLatencynow: 29.075", source: file:///home/seluser/ppt/player/dashjs/index.html (128)
[155:155:0108/162916.554640:INFO:CONSOLE(128)] "currentLatencynow: 28.975", source: file:///home/seluser/ppt/player/dashjs/index.html (128)
[155:155:0108/162917.555533:INFO:CONSOLE(128)] "currentLatencynow: 28.876", source: file:///home/seluser/ppt/player/dashjs/index.html (128)
[155:155:0108/162918.555162:INFO:CONSOLE(128)] "currentLatencynow: 28.777", source: file:///home/seluser/ppt/player/dashjs/index.html (128)
[155:155:0108/162919.554715:INFO:CONSOLE(128)] "currentLatencynow: 28.675", source: file:///home/seluser/ppt/player/dashjs/index.html (128)
[155:155:0108/162920.554584:INFO:CONSOLE(128)] "currentLatencynow: 28.575", source: file:///home/seluser/ppt/player/dashjs/index.html (128)
[155:155:0108/162921.554636:INFO:CONSOLE(128)] "currentLatencynow: 28.475", source: file:///home/seluser/ppt/player/dashjs/index.html (128)
[155:155:0108/162922.554810:INFO:CONSOLE(128)] "currentLatencynow: 28.375", source: file:///home/seluser/ppt/player/dashjs/index.html (128)
[155:155:0108/162923.554503:INFO:CONSOLE(128)] "currentLatencynow: 28.354", source: file:///home/seluser/ppt/player/dashjs/index.html (128)
[155:155:0108/162924.554696:INFO:CONSOLE(128)] "currentLatencynow: 28.351", source: file:///home/seluser/ppt/player/dashjs/index.html (128)
[155:155:0108/162925.554672:INFO:CONSOLE(128)] "currentLatencynow: 28.351", source: file:///home/seluser/ppt/player/dashjs/index.html (128)
[155:155:0108/162926.554551:INFO:CONSOLE(128)] "currentLatencynow: 29.025", source: file:///home/seluser/ppt/player/dashjs/index.html (128)
[155:155:0108/162927.554560:INFO:CONSOLE(128)] "currentLatencynow: 30.025", source: file:///home/seluser/ppt/player/dashjs/index.html (128)
[155:155:0108/162928.554632:INFO:CONSOLE(128)] "currentLatencynow: 31.025", source: file:///home/seluser/ppt/player/dashjs/index.html (128)
[155:180:0108/162929.202403:ERROR:bus.cc(392)] Failed to connect to the bus: Address does not contain a colon
[155:180:0108/162929.202471:ERROR:bus.cc(392)] Failed to connect to the bus: Address does not contain a colon
[155:155:0108/162929.554541:INFO:CONSOLE(128)] "currentLatencynow: 31.594", source: file:///home/seluser/ppt/player/dashjs/index.html (128)
[155:155:0108/162930.554527:INFO:CONSOLE(128)] "currentLatencynow: 31.535", source: file:///home/seluser/ppt/player/dashjs/index.html (128)
[155:155:0108/162931.554552:INFO:CONSOLE(128)] "currentLatencynow: 31.435", source: file:///home/seluser/ppt/player/dashjs/index.html (128)
[155:155:0108/162932.554615:INFO:CONSOLE(128)] "currentLatencynow: 31.395", source: file:///home/seluser/ppt/player/dashjs/index.html (128)
[155:155:0108/162933.554535:INFO:CONSOLE(128)] "currentLatencynow: 31.366", source: file:///home/seluser/ppt/player/dashjs/index.html (128)
[155:155:0108/162934.554495:INFO:CONSOLE(128)] "currentLatencynow: 31.265", source: file:///home/seluser/ppt/player/dashjs/index.html (128)
[155:155:0108/162935.554524:INFO:CONSOLE(128)] "currentLatencynow: 31.165", source: file:///home/seluser/ppt/player/dashjs/index.html (128)
[155:155:0108/162936.554279:INFO:CONSOLE(128)] "currentLatencynow: 31.064", source: file:///home/seluser/ppt/player/dashjs/index.html (128)
[155:155:0108/162937.554250:INFO:CONSOLE(128)] "currentLatencynow: 30.965", source: file:///home/seluser/ppt/player/dashjs/index.html (128)
[155:155:0108/162938.554557:INFO:CONSOLE(128)] "currentLatencynow: 30.865", source: file:///home/seluser/ppt/player/dashjs/index.html (128)
[155:155:0108/162939.554209:INFO:CONSOLE(128)] "currentLatencynow: 30.764", source: file:///home/seluser/ppt/player/dashjs/index.html (128)
[155:155:0108/162940.554269:INFO:CONSOLE(128)] "currentLatencynow: 30.664", source: file:///home/seluser/ppt/player/dashjs/index.html (128)
[155:155:0108/162941.554246:INFO:CONSOLE(128)] "currentLatencynow: 30.572", source: file:///home/seluser/ppt/player/dashjs/index.html (128)
[155:155:0108/162942.554290:INFO:CONSOLE(128)] "currentLatencynow: 30.473", source: file:///home/seluser/ppt/player/dashjs/index.html (128)
[155:155:0108/162943.554236:INFO:CONSOLE(128)] "currentLatencynow: 30.372", source: file:///home/seluser/ppt/player/dashjs/index.html (128)
[155:155:0108/162944.554178:INFO:CONSOLE(128)] "currentLatencynow: 30.272", source: file:///home/seluser/ppt/player/dashjs/index.html (128)
[155:155:0108/162945.554232:INFO:CONSOLE(128)] "currentLatencynow: 30.173", source: file:///home/seluser/ppt/player/dashjs/index.html (128)
[155:155:0108/162946.554239:INFO:CONSOLE(128)] "currentLatencynow: 30.072", source: file:///home/seluser/ppt/player/dashjs/index.html (128)
[155:155:0108/162947.554331:INFO:CONSOLE(128)] "currentLatencynow: 29.973", source: file:///home/seluser/ppt/player/dashjs/index.html (128)
[155:155:0108/162948.554226:INFO:CONSOLE(128)] "currentLatencynow: 29.872", source: file:///home/seluser/ppt/player/dashjs/index.html (128)
[155:155:0108/162949.554268:INFO:CONSOLE(128)] "currentLatencynow: 29.772", source: file:///home/seluser/ppt/player/dashjs/index.html (128)
[155:155:0108/162950.555108:INFO:CONSOLE(128)] "currentLatencynow: 29.672", source: file:///home/seluser/ppt/player/dashjs/index.html (128)
[155:155:0108/162951.554238:INFO:CONSOLE(128)] "currentLatencynow: 29.572", source: file:///home/seluser/ppt/player/dashjs/index.html (128)
[155:155:0108/162952.554178:INFO:CONSOLE(128)] "currentLatencynow: 29.472", source: file:///home/seluser/ppt/player/dashjs/index.html (128)
[155:155:0108/162953.554200:INFO:CONSOLE(128)] "currentLatencynow: 29.372", source: file:///home/seluser/ppt/player/dashjs/index.html (128)
[155:155:0108/162954.554154:INFO:CONSOLE(128)] "currentLatencynow: 29.272", source: file:///home/seluser/ppt/player/dashjs/index.html (128)
[155:155:0108/162955.554190:INFO:CONSOLE(128)] "currentLatencynow: 29.172", source: file:///home/seluser/ppt/player/dashjs/index.html (128)
[155:155:0108/162956.554292:INFO:CONSOLE(128)] "currentLatencynow: 29.073", source: file:///home/seluser/ppt/player/dashjs/index.html (128)
[155:155:0108/162957.554221:INFO:CONSOLE(128)] "currentLatencynow: 28.972", source: file:///home/seluser/ppt/player/dashjs/index.html (128)
[155:155:0108/162958.554237:INFO:CONSOLE(128)] "currentLatencynow: 28.872", source: file:///home/seluser/ppt/player/dashjs/index.html (128)
[155:155:0108/162959.554173:INFO:CONSOLE(128)] "currentLatencynow: 28.772", source: file:///home/seluser/ppt/player/dashjs/index.html (128)
[155:155:0108/163000.554160:INFO:CONSOLE(128)] "currentLatencynow: 28.672", source: file:///home/seluser/ppt/player/dashjs/index.html (128)
[155:155:0108/163001.554163:INFO:CONSOLE(128)] "currentLatencynow: 28.572", source: file:///home/seluser/ppt/player/dashjs/index.html (128)
[155:155:0108/163002.554220:INFO:CONSOLE(128)] "currentLatencynow: 28.472", source: file:///home/seluser/ppt/player/dashjs/index.html (128)
[155:155:0108/163003.554222:INFO:CONSOLE(128)] "currentLatencynow: 28.372", source: file:///home/seluser/ppt/player/dashjs/index.html (128)
[155:155:0108/163004.554195:INFO:CONSOLE(128)] "currentLatencynow: 28.272", source: file:///home/seluser/ppt/player/dashjs/index.html (128)
[155:155:0108/163005.554274:INFO:CONSOLE(128)] "currentLatencynow: 28.173", source: file:///home/seluser/ppt/player/dashjs/index.html (128)
[155:155:0108/163006.553496:INFO:CONSOLE(128)] "currentLatencynow: 28.073", source: file:///home/seluser/ppt/player/dashjs/index.html (128)
[155:155:0108/163007.553502:INFO:CONSOLE(128)] "currentLatencynow: 28.068", source: file:///home/seluser/ppt/player/dashjs/index.html (128)
[155:155:0108/163008.553513:INFO:CONSOLE(128)] "currentLatencynow: 28.068", source: file:///home/seluser/ppt/player/dashjs/index.html (128)
[155:155:0108/163009.553458:INFO:CONSOLE(128)] "currentLatencynow: 28.068", source: file:///home/seluser/ppt/player/dashjs/index.html (128)
[155:155:0108/163010.553499:INFO:CONSOLE(128)] "currentLatencynow: 28.977", source: file:///home/seluser/ppt/player/dashjs/index.html (128)
[155:155:0108/163011.553491:INFO:CONSOLE(128)] "currentLatencynow: 29.977", source: file:///home/seluser/ppt/player/dashjs/index.html (128)
[155:155:0108/163012.553519:INFO:CONSOLE(128)] "currentLatencynow: 29.988", source: file:///home/seluser/ppt/player/dashjs/index.html (128)
[155:155:0108/163013.553515:INFO:CONSOLE(128)] "currentLatencynow: 29.988", source: file:///home/seluser/ppt/player/dashjs/index.html (128)
[155:155:0108/163014.553503:INFO:CONSOLE(128)] "currentLatencynow: 29.988", source: file:///home/seluser/ppt/player/dashjs/index.html (128)
[155:155:0108/163015.553539:INFO:CONSOLE(128)] "currentLatencynow: 30.864", source: file:///home/seluser/ppt/player/dashjs/index.html (128)
[155:155:0108/163016.553556:INFO:CONSOLE(128)] "currentLatencynow: 31.864", source: file:///home/seluser/ppt/player/dashjs/index.html (128)
[155:155:0108/163017.553536:INFO:CONSOLE(128)] "currentLatencynow: 31.827", source: file:///home/seluser/ppt/player/dashjs/index.html (128)
[155:155:0108/163018.553533:INFO:CONSOLE(128)] "currentLatencynow: 32.012", source: file:///home/seluser/ppt/player/dashjs/index.html (128)
[155:155:0108/163019.553514:INFO:CONSOLE(128)] "currentLatencynow: 32.712", source: file:///home/seluser/ppt/player/dashjs/index.html (128)
[155:155:0108/163020.553538:INFO:CONSOLE(128)] "currentLatencynow: 33.712", source: file:///home/seluser/ppt/player/dashjs/index.html (128)
[155:155:0108/163021.553475:INFO:CONSOLE(114)] "Begin Player stistics 
", source: file:///home/seluser/ppt/player/dashjs/index.html (114)
[155:155:0108/163021.553660:INFO:CONSOLE(115)] "["stall",[["3.47","9.77",6.299999999999999]],[["13.15","13.40",0.25]],[["22.73","22.98",0.25]],[["25.20","25.45",0.25]],[["27.61","27.86",0.25]],[["37.94","38.19",0.25]],[["64.85","65.10",0.25]],[["108.62","108.87",0.25]],[["113.65","113.90",0.25]],[["115.67","115.67",0]],[["availibleBW",[null],[null],[null],[null],[null],[null],[null],[null],[null],[6982],[6982],[6982],[6982],[6982],[6982],[6982],[6891],[6891],[6891],[6891],[6508],[6508],[5814],[5814],[5784],[5784],[5784],[5776],[5776],[5556],[5556],[5556],[5556],[5580],[5580],[5580],[5580],[5218],[5218],[5218],[5020],[5020],[4713],[4713],[4580],[4580],[4696],[4696],[4572],[4572],[4381],[4381],[4049],[4049],[3849],[3747],[3544],[3544],[3544],[3627],[3687],[3687],[3687],[3687],[3687],[3687],[3691],[3739],[3592],[3440],[3450],[3295],[3140],[2993],[2837],[2837],[2834],[2834],[2811],[2811],[2808],[2656],[2656],[2526],[2526],[2370],[2370],[2220],[2220],[2220],[2221],[2223],[2099],[2099],[1976],[1852],[1605],[1605],[1605],[1605],[1605],[1605],[1605],[1605],[1482],[1482],[1358],[1358],[1193],[1193],[935],[935],[935],[822],[822],[822],[822],[822],[822]]],[["currentBuffer",[0],[0],[0],[0],[0],[0],[0],[0],[0],[0.715],[0],[0],[0],[0],[0],[0],[0.036],[0.036],[0.036],[0.036],[1.353],[0.354],[1.898],[0.825],[2.045],[1.288],[0.188],[2.022],[2.022],[4.024],[4.024],[4.024],[3.008],[3.826],[2.811],[1.71],[0.61],[1.98],[1.98],[1.98],[3.982],[3.353],[4.256],[3.156],[4.058],[2.958],[3.861],[2.758],[3.662],[2.562],[3.467],[2.365],[3.229],[2.166],[3.068],[3.97],[4.871],[3.716],[2.672],[1.572],[0.472],[0],[0],[0],[0],[0],[0],[0.773],[1.73],[0.632],[1.491],[2.567],[3.34],[4.371],[5.275],[4.173],[2.91],[1.973],[0.873],[1.783],[2.685],[3.587],[2.359],[3.389],[2.289],[3.19],[2.091],[2.993],[3.895],[2.795],[1.695],[2.597],[3.348],[2.399],[3.301],[4.203],[5.107],[5.967],[6.73],[5.809],[4.709],[3.609],[2.381],[1.409],[0.168],[0],[0],[0],[0],[0],[0.198],[1.2],[0.098],[1.919],[1.919],[0.986],[0.067],[0],[0]]],[["currentLatency",[null],[0],[0],[8.496],[9.495],[10.495],[11.495],[12.495],[13.495],[13.748],[13.692],[13.693],[14.069],[15.069],[16.068],[17.068],[18.068],[19.068],[20.068],[21.069],[21.257],[21.257],[21.896],[21.8],[22.071],[22.234],[22.135],[23.046],[24.046],[25.046],[26.046],[26.937],[26.853],[26.752],[26.652],[26.552],[26.452],[26.998],[27.999],[28.999],[29.998],[30.275],[30.185],[30.075],[29.975],[29.875],[29.775],[29.676],[29.575],[29.475],[29.375],[29.276],[29.176],[29.075],[28.975],[28.876],[28.777],[28.675],[28.575],[28.475],[28.375],[28.354],[28.351],[28.351],[29.025],[30.025],[31.025],[31.594],[31.535],[31.435],[31.395],[31.366],[31.265],[31.165],[31.064],[30.965],[30.865],[30.764],[30.664],[30.572],[30.473],[30.372],[30.272],[30.173],[30.072],[29.973],[29.872],[29.772],[29.672],[29.572],[29.472],[29.372],[29.272],[29.172],[29.073],[28.972],[28.872],[28.772],[28.672],[28.572],[28.472],[28.372],[28.272],[28.173],[28.073],[28.068],[28.068],[28.068],[28.977],[29.977],[29.988],[29.988],[29.988],[30.864],[31.864],[31.827],[32.012],[32.712],[33.712]]]]", source: file:///home/seluser/ppt/player/dashjs/index.html (115)
[155:155:0108/163021.553768:INFO:CONSOLE(116)] "
", source: file:///home/seluser/ppt/player/dashjs/index.html (116)
[155:155:0108/163021.553804:INFO:CONSOLE(117)] "Finish Player stistics 
", source: file:///home/seluser/ppt/player/dashjs/index.html (117)
[155:155:0108/163021.553843:INFO:CONSOLE(128)] "currentLatencynow: 34.712", source: file:///home/seluser/ppt/player/dashjs/index.html (128)
[155:155:0108/163022.553510:INFO:CONSOLE(128)] "currentLatencynow: 35.712", source: file:///home/seluser/ppt/player/dashjs/index.html (128)
[155:155:0108/163023.553535:INFO:CONSOLE(128)] "currentLatencynow: 36.712", source: file:///home/seluser/ppt/player/dashjs/index.html (128)
[155:155:0108/163024.553541:INFO:CONSOLE(128)] "currentLatencynow: 37.712", source: file:///home/seluser/ppt/player/dashjs/index.html (128)
[155:155:0108/163025.553612:INFO:CONSOLE(128)] "currentLatencynow: 38.712", source: file:///home/seluser/ppt/player/dashjs/index.html (128)
[155:155:0108/163026.553591:INFO:CONSOLE(128)] "currentLatencynow: 39.712", source: file:///home/seluser/ppt/player/dashjs/index.html (128)
[155:155:0108/163027.553563:INFO:CONSOLE(128)] "currentLatencynow: 40.712", source: file:///home/seluser/ppt/player/dashjs/index.html (128)
[155:155:0108/163028.636032:INFO:CONSOLE(128)] "currentLatencynow: 41.712", source: file:///home/seluser/ppt/player/dashjs/index.html (128)
[155:155:0108/163029.553516:INFO:CONSOLE(128)] "currentLatencynow: 42.712", source: file:///home/seluser/ppt/player/dashjs/index.html (128)
[155:155:0108/163030.553536:INFO:CONSOLE(128)] "currentLatencynow: 43.712", source: file:///home/seluser/ppt/player/dashjs/index.html (128)
[155:155:0108/163031.553595:INFO:CONSOLE(128)] "currentLatencynow: 44.712", source: file:///home/seluser/ppt/player/dashjs/index.html (128)
[155:155:0108/163032.553530:INFO:CONSOLE(128)] "currentLatencynow: 45.712", source: file:///home/seluser/ppt/player/dashjs/index.html (128)
[155:155:0108/163033.553544:INFO:CONSOLE(128)] "currentLatencynow: 46.712", source: file:///home/seluser/ppt/player/dashjs/index.html (128)
[155:155:0108/163034.553539:INFO:CONSOLE(128)] "currentLatencynow: 47.712", source: file:///home/seluser/ppt/player/dashjs/index.html (128)
[155:155:0108/163035.553518:INFO:CONSOLE(128)] "currentLatencynow: 48.712", source: file:///home/seluser/ppt/player/dashjs/index.html (128)
[155:155:0108/163036.553174:INFO:CONSOLE(128)] "currentLatencynow: 49.711", source: file:///home/seluser/ppt/player/dashjs/index.html (128)
[155:155:0108/163037.553174:INFO:CONSOLE(128)] "currentLatencynow: 50.711", source: file:///home/seluser/ppt/player/dashjs/index.html (128)
[155:155:0108/163038.553243:INFO:CONSOLE(128)] "currentLatencynow: 51.711", source: file:///home/seluser/ppt/player/dashjs/index.html (128)
[155:155:0108/163039.553196:INFO:CONSOLE(128)] "currentLatencynow: 52.711", source: file:///home/seluser/ppt/player/dashjs/index.html (128)
[155:155:0108/163040.553292:INFO:CONSOLE(128)] "currentLatencynow: 53.711", source: file:///home/seluser/ppt/player/dashjs/index.html (128)
[155:155:0108/163041.553448:INFO:CONSOLE(128)] "currentLatencynow: 54.711", source: file:///home/seluser/ppt/player/dashjs/index.html (128)
[155:155:0108/163041.784176:WARNING:pref_notifier_impl.cc(40)] Pref observer for media_router.cast_allow_all_ips found at shutdown.
