[155:217:0108/162819.267302:ERROR:bus.cc(392)] Failed to connect to the bus: Failed to connect to socket /var/run/dbus/system_bus_socket: No such file or directory
[155:180:0108/162819.270375:ERROR:bus.cc(392)] Failed to connect to the bus: Address does not contain a colon
[155:180:0108/162819.270425:ERROR:bus.cc(392)] Failed to connect to the bus: Address does not contain a colon
[155:180:0108/162819.300529:ERROR:bus.cc(392)] Failed to connect to the bus: Address does not contain a colon
[155:180:0108/162819.300599:ERROR:bus.cc(392)] Failed to connect to the bus: Address does not contain a colon
[228:228:0108/162819.345913:ERROR:gpu_init.cc(453)] Passthrough is not supported, GL is swiftshader, ANGLE is 
[155:180:0108/162819.388663:ERROR:bus.cc(392)] Failed to connect to the bus: Address does not contain a colon
[155:180:0108/162819.388733:ERROR:bus.cc(392)] Failed to connect to the bus: Address does not contain a colon
[155:318:0108/162819.879182:ERROR:bus.cc(392)] Failed to connect to the bus: Failed to connect to socket /var/run/dbus/system_bus_socket: No such file or directory
[155:318:0108/162819.879266:ERROR:bus.cc(392)] Failed to connect to the bus: Failed to connect to socket /var/run/dbus/system_bus_socket: No such file or directory
[155:318:0108/162819.879321:ERROR:bus.cc(392)] Failed to connect to the bus: Failed to connect to socket /var/run/dbus/system_bus_socket: No such file or directory
[155:318:0108/162819.879336:WARNING:property.cc(144)] DaemonVersion: GetAndBlock: failed.
[155:318:0108/162819.879358:ERROR:bus.cc(392)] Failed to connect to the bus: Failed to connect to socket /var/run/dbus/system_bus_socket: No such file or directory
[155:318:0108/162819.879386:ERROR:bus.cc(392)] Failed to connect to the bus: Failed to connect to socket /var/run/dbus/system_bus_socket: No such file or directory
[155:155:0108/162821.824966:INFO:CONSOLE(128)] "currentLatencynow: NaN", source: file:///home/seluser/ppt/player/dashjs/index.html (128)
[155:155:0108/162822.824546:INFO:CONSOLE(128)] "currentLatencynow: NaN", source: file:///home/seluser/ppt/player/dashjs/index.html (128)
[155:175:0108/162823.056189:ERROR:chrome_browser_main_extra_parts_metrics.cc(228)] crbug.com/1216328: Checking Bluetooth availability started. Please report if there is no report that this ends.
[155:175:0108/162823.056220:ERROR:chrome_browser_main_extra_parts_metrics.cc(231)] crbug.com/1216328: Checking Bluetooth availability ended.
[155:175:0108/162823.056232:ERROR:chrome_browser_main_extra_parts_metrics.cc(234)] crbug.com/1216328: Checking default browser status started. Please report if there is no report that this ends.
[155:175:0108/162823.231709:ERROR:chrome_browser_main_extra_parts_metrics.cc(238)] crbug.com/1216328: Checking default browser status ended.
[155:155:0108/162823.824627:INFO:CONSOLE(128)] "currentLatencynow: NaN", source: file:///home/seluser/ppt/player/dashjs/index.html (128)
[155:155:0108/162824.824568:INFO:CONSOLE(128)] "currentLatencynow: 0", source: file:///home/seluser/ppt/player/dashjs/index.html (128)
[155:155:0108/162825.824494:INFO:CONSOLE(128)] "currentLatencynow: 0", source: file:///home/seluser/ppt/player/dashjs/index.html (128)
[155:155:0108/162826.824448:INFO:CONSOLE(128)] "currentLatencynow: 0", source: file:///home/seluser/ppt/player/dashjs/index.html (128)
[155:155:0108/162827.824662:INFO:CONSOLE(128)] "currentLatencynow: 0", source: file:///home/seluser/ppt/player/dashjs/index.html (128)
[549:549:0108/162827.953239:WARNING:audio_manager_linux.cc(69)] Falling back to ALSA for audio output. PulseAudio is not available or could not be initialized.
[549:549:0108/162827.965135:ERROR:alsa_util.cc(204)] PcmOpen: default,No such file or directory
[549:549:0108/162827.968268:ERROR:alsa_util.cc(204)] PcmOpen: plug:default,No such file or directory
[155:155:0108/162828.826825:INFO:CONSOLE(128)] "currentLatencynow: 10.028", source: file:///home/seluser/ppt/player/dashjs/index.html (128)
[155:155:0108/162829.824441:INFO:CONSOLE(128)] "currentLatencynow: 11.026", source: file:///home/seluser/ppt/player/dashjs/index.html (128)
[155:180:0108/162830.719328:ERROR:bus.cc(392)] Failed to connect to the bus: Address does not contain a colon
[155:180:0108/162830.719380:ERROR:bus.cc(392)] Failed to connect to the bus: Address does not contain a colon
[155:180:0108/162830.719389:ERROR:bus.cc(392)] Failed to connect to the bus: Address does not contain a colon
[155:180:0108/162830.719396:ERROR:bus.cc(392)] Failed to connect to the bus: Address does not contain a colon
[155:180:0108/162830.719404:ERROR:bus.cc(392)] Failed to connect to the bus: Address does not contain a colon
[155:180:0108/162830.719411:ERROR:bus.cc(392)] Failed to connect to the bus: Address does not contain a colon
[155:180:0108/162830.719419:ERROR:bus.cc(392)] Failed to connect to the bus: Address does not contain a colon
[155:180:0108/162830.719427:ERROR:bus.cc(392)] Failed to connect to the bus: Address does not contain a colon
[155:180:0108/162830.719433:ERROR:bus.cc(392)] Failed to connect to the bus: Address does not contain a colon
[155:180:0108/162830.719441:ERROR:bus.cc(392)] Failed to connect to the bus: Address does not contain a colon
[155:180:0108/162830.719448:ERROR:bus.cc(392)] Failed to connect to the bus: Address does not contain a colon
[155:180:0108/162830.719455:ERROR:bus.cc(392)] Failed to connect to the bus: Address does not contain a colon
[155:180:0108/162830.719463:ERROR:bus.cc(392)] Failed to connect to the bus: Address does not contain a colon
[155:180:0108/162830.719470:ERROR:bus.cc(392)] Failed to connect to the bus: Address does not contain a colon
[155:180:0108/162830.724313:ERROR:bus.cc(392)] Failed to connect to the bus: Address does not contain a colon
[155:180:0108/162830.724345:ERROR:bus.cc(392)] Failed to connect to the bus: Address does not contain a colon
[155:180:0108/162830.724355:ERROR:bus.cc(392)] Failed to connect to the bus: Address does not contain a colon
[155:180:0108/162830.787666:ERROR:bus.cc(392)] Failed to connect to the bus: Address does not contain a colon
[155:180:0108/162830.787720:ERROR:bus.cc(392)] Failed to connect to the bus: Address does not contain a colon
[155:155:0108/162830.824430:INFO:CONSOLE(128)] "currentLatencynow: 11.994", source: file:///home/seluser/ppt/player/dashjs/index.html (128)
[155:155:0108/162831.827450:INFO:CONSOLE(128)] "currentLatencynow: 11.906", source: file:///home/seluser/ppt/player/dashjs/index.html (128)
[155:155:0108/162832.824763:INFO:CONSOLE(128)] "currentLatencynow: 12.355", source: file:///home/seluser/ppt/player/dashjs/index.html (128)
[155:155:0108/162833.824454:INFO:CONSOLE(128)] "currentLatencynow: 13.355", source: file:///home/seluser/ppt/player/dashjs/index.html (128)
[155:155:0108/162834.824542:INFO:CONSOLE(128)] "currentLatencynow: 13.466", source: file:///home/seluser/ppt/player/dashjs/index.html (128)
[155:155:0108/162835.824477:INFO:CONSOLE(128)] "currentLatencynow: 13.466", source: file:///home/seluser/ppt/player/dashjs/index.html (128)
[155:155:0108/162836.825413:INFO:CONSOLE(128)] "currentLatencynow: 14.335", source: file:///home/seluser/ppt/player/dashjs/index.html (128)
[155:155:0108/162837.824121:INFO:CONSOLE(128)] "currentLatencynow: 15.333", source: file:///home/seluser/ppt/player/dashjs/index.html (128)
[155:155:0108/162838.824127:INFO:CONSOLE(128)] "currentLatencynow: 16.333", source: file:///home/seluser/ppt/player/dashjs/index.html (128)
[155:155:0108/162839.824105:INFO:CONSOLE(128)] "currentLatencynow: 17.333", source: file:///home/seluser/ppt/player/dashjs/index.html (128)
[155:155:0108/162840.824086:INFO:CONSOLE(128)] "currentLatencynow: 18.333", source: file:///home/seluser/ppt/player/dashjs/index.html (128)
[155:180:0108/162841.075995:ERROR:bus.cc(392)] Failed to connect to the bus: Address does not contain a colon
[155:180:0108/162841.076036:ERROR:bus.cc(392)] Failed to connect to the bus: Address does not contain a colon
[155:155:0108/162841.824107:INFO:CONSOLE(128)] "currentLatencynow: 18.511", source: file:///home/seluser/ppt/player/dashjs/index.html (128)
[155:155:0108/162842.824732:INFO:CONSOLE(128)] "currentLatencynow: 18.415", source: file:///home/seluser/ppt/player/dashjs/index.html (128)
[155:155:0108/162843.824213:INFO:CONSOLE(128)] "currentLatencynow: 18.738", source: file:///home/seluser/ppt/player/dashjs/index.html (128)
[155:155:0108/162844.824458:INFO:CONSOLE(128)] "currentLatencynow: 18.738", source: file:///home/seluser/ppt/player/dashjs/index.html (128)
[155:155:0108/162845.824755:INFO:CONSOLE(128)] "currentLatencynow: 19.327", source: file:///home/seluser/ppt/player/dashjs/index.html (128)
[155:155:0108/162846.824663:INFO:CONSOLE(128)] "currentLatencynow: 20.328", source: file:///home/seluser/ppt/player/dashjs/index.html (128)
[155:155:0108/162847.824492:INFO:CONSOLE(128)] "currentLatencynow: 21.327", source: file:///home/seluser/ppt/player/dashjs/index.html (128)
[155:155:0108/162848.824151:INFO:CONSOLE(128)] "currentLatencynow: 22.327", source: file:///home/seluser/ppt/player/dashjs/index.html (128)
[155:155:0108/162849.824206:INFO:CONSOLE(128)] "currentLatencynow: 23.327", source: file:///home/seluser/ppt/player/dashjs/index.html (128)
[155:155:0108/162850.824299:INFO:CONSOLE(128)] "currentLatencynow: 24.327", source: file:///home/seluser/ppt/player/dashjs/index.html (128)
[155:155:0108/162851.824123:INFO:CONSOLE(128)] "currentLatencynow: 25.327", source: file:///home/seluser/ppt/player/dashjs/index.html (128)
[155:180:0108/162852.441343:ERROR:bus.cc(392)] Failed to connect to the bus: Address does not contain a colon
[155:180:0108/162852.441389:ERROR:bus.cc(392)] Failed to connect to the bus: Address does not contain a colon
[155:155:0108/162852.824079:INFO:CONSOLE(128)] "currentLatencynow: 25.836", source: file:///home/seluser/ppt/player/dashjs/index.html (128)
[155:155:0108/162853.824137:INFO:CONSOLE(128)] "currentLatencynow: 25.736", source: file:///home/seluser/ppt/player/dashjs/index.html (128)
[155:155:0108/162854.824172:INFO:CONSOLE(128)] "currentLatencynow: 25.636", source: file:///home/seluser/ppt/player/dashjs/index.html (128)
[155:155:0108/162855.824072:INFO:CONSOLE(128)] "currentLatencynow: 25.539", source: file:///home/seluser/ppt/player/dashjs/index.html (128)
[155:155:0108/162856.825947:INFO:CONSOLE(128)] "currentLatencynow: 25.437", source: file:///home/seluser/ppt/player/dashjs/index.html (128)
[155:155:0108/162857.824123:INFO:CONSOLE(128)] "currentLatencynow: 25.336", source: file:///home/seluser/ppt/player/dashjs/index.html (128)
[155:155:0108/162858.824312:INFO:CONSOLE(128)] "currentLatencynow: 26.296", source: file:///home/seluser/ppt/player/dashjs/index.html (128)
[155:155:0108/162859.824090:INFO:CONSOLE(128)] "currentLatencynow: 27.296", source: file:///home/seluser/ppt/player/dashjs/index.html (128)
[155:155:0108/162900.824155:INFO:CONSOLE(128)] "currentLatencynow: 28.296", source: file:///home/seluser/ppt/player/dashjs/index.html (128)
[155:155:0108/162901.824162:INFO:CONSOLE(128)] "currentLatencynow: 29.296", source: file:///home/seluser/ppt/player/dashjs/index.html (128)
[155:180:0108/162902.408636:ERROR:bus.cc(392)] Failed to connect to the bus: Address does not contain a colon
[155:180:0108/162902.408679:ERROR:bus.cc(392)] Failed to connect to the bus: Address does not contain a colon
[155:155:0108/162902.824072:INFO:CONSOLE(128)] "currentLatencynow: 29.768", source: file:///home/seluser/ppt/player/dashjs/index.html (128)
[155:155:0108/162903.827124:INFO:CONSOLE(128)] "currentLatencynow: 29.67", source: file:///home/seluser/ppt/player/dashjs/index.html (128)
[155:155:0108/162904.824056:INFO:CONSOLE(128)] "currentLatencynow: 29.568", source: file:///home/seluser/ppt/player/dashjs/index.html (128)
[155:155:0108/162905.824156:INFO:CONSOLE(128)] "currentLatencynow: 29.468", source: file:///home/seluser/ppt/player/dashjs/index.html (128)
[155:155:0108/162906.823606:INFO:CONSOLE(128)] "currentLatencynow: 29.368", source: file:///home/seluser/ppt/player/dashjs/index.html (128)
[155:155:0108/162907.823563:INFO:CONSOLE(128)] "currentLatencynow: 29.268", source: file:///home/seluser/ppt/player/dashjs/index.html (128)
[155:155:0108/162908.823602:INFO:CONSOLE(128)] "currentLatencynow: 29.168", source: file:///home/seluser/ppt/player/dashjs/index.html (128)
[155:155:0108/162909.824037:INFO:CONSOLE(128)] "currentLatencynow: 29.067", source: file:///home/seluser/ppt/player/dashjs/index.html (128)
[155:155:0108/162910.823672:INFO:CONSOLE(128)] "currentLatencynow: 28.968", source: file:///home/seluser/ppt/player/dashjs/index.html (128)
[155:155:0108/162911.823698:INFO:CONSOLE(128)] "currentLatencynow: 28.868", source: file:///home/seluser/ppt/player/dashjs/index.html (128)
[155:155:0108/162912.823798:INFO:CONSOLE(128)] "currentLatencynow: 28.768", source: file:///home/seluser/ppt/player/dashjs/index.html (128)
[155:155:0108/162913.824084:INFO:CONSOLE(128)] "currentLatencynow: 28.668", source: file:///home/seluser/ppt/player/dashjs/index.html (128)
[155:155:0108/162914.824198:INFO:CONSOLE(128)] "currentLatencynow: 28.568", source: file:///home/seluser/ppt/player/dashjs/index.html (128)
[155:155:0108/162915.824078:INFO:CONSOLE(128)] "currentLatencynow: 28.468", source: file:///home/seluser/ppt/player/dashjs/index.html (128)
[155:155:0108/162916.823861:INFO:CONSOLE(128)] "currentLatencynow: 28.368", source: file:///home/seluser/ppt/player/dashjs/index.html (128)
[155:155:0108/162917.823985:INFO:CONSOLE(128)] "currentLatencynow: 28.268", source: file:///home/seluser/ppt/player/dashjs/index.html (128)
[155:155:0108/162918.823903:INFO:CONSOLE(128)] "currentLatencynow: 28.167", source: file:///home/seluser/ppt/player/dashjs/index.html (128)
[155:155:0108/162919.823775:INFO:CONSOLE(128)] "currentLatencynow: 28.068", source: file:///home/seluser/ppt/player/dashjs/index.html (128)
[155:155:0108/162920.823689:INFO:CONSOLE(128)] "currentLatencynow: 27.968", source: file:///home/seluser/ppt/player/dashjs/index.html (128)
[155:155:0108/162921.823664:INFO:CONSOLE(128)] "currentLatencynow: 27.869", source: file:///home/seluser/ppt/player/dashjs/index.html (128)
[155:155:0108/162922.823868:INFO:CONSOLE(128)] "currentLatencynow: 27.832", source: file:///home/seluser/ppt/player/dashjs/index.html (128)
[155:155:0108/162923.823536:INFO:CONSOLE(128)] "currentLatencynow: 27.832", source: file:///home/seluser/ppt/player/dashjs/index.html (128)
[155:155:0108/162924.823765:INFO:CONSOLE(128)] "currentLatencynow: 27.832", source: file:///home/seluser/ppt/player/dashjs/index.html (128)
[155:155:0108/162925.823671:INFO:CONSOLE(128)] "currentLatencynow: 27.832", source: file:///home/seluser/ppt/player/dashjs/index.html (128)
[155:155:0108/162926.827309:INFO:CONSOLE(128)] "currentLatencynow: 27.792", source: file:///home/seluser/ppt/player/dashjs/index.html (128)
[155:155:0108/162927.825096:INFO:CONSOLE(128)] "currentLatencynow: 27.692", source: file:///home/seluser/ppt/player/dashjs/index.html (128)
[155:155:0108/162928.823650:INFO:CONSOLE(128)] "currentLatencynow: 27.592", source: file:///home/seluser/ppt/player/dashjs/index.html (128)
[155:155:0108/162929.823715:INFO:CONSOLE(128)] "currentLatencynow: 27.492", source: file:///home/seluser/ppt/player/dashjs/index.html (128)
[155:155:0108/162930.824161:INFO:CONSOLE(128)] "currentLatencynow: 27.392", source: file:///home/seluser/ppt/player/dashjs/index.html (128)
[155:155:0108/162931.823652:INFO:CONSOLE(128)] "currentLatencynow: 27.292", source: file:///home/seluser/ppt/player/dashjs/index.html (128)
[155:155:0108/162932.823628:INFO:CONSOLE(128)] "currentLatencynow: 27.192", source: file:///home/seluser/ppt/player/dashjs/index.html (128)
[155:155:0108/162933.823671:INFO:CONSOLE(128)] "currentLatencynow: 27.092", source: file:///home/seluser/ppt/player/dashjs/index.html (128)
[155:155:0108/162934.823623:INFO:CONSOLE(128)] "currentLatencynow: 26.992", source: file:///home/seluser/ppt/player/dashjs/index.html (128)
[155:155:0108/162935.823628:INFO:CONSOLE(128)] "currentLatencynow: 26.892", source: file:///home/seluser/ppt/player/dashjs/index.html (128)
[155:155:0108/162936.823382:INFO:CONSOLE(128)] "currentLatencynow: 26.792", source: file:///home/seluser/ppt/player/dashjs/index.html (128)
[155:155:0108/162937.823340:INFO:CONSOLE(128)] "currentLatencynow: 26.756", source: file:///home/seluser/ppt/player/dashjs/index.html (128)
[155:155:0108/162938.823303:INFO:CONSOLE(128)] "currentLatencynow: 26.756", source: file:///home/seluser/ppt/player/dashjs/index.html (128)
[155:155:0108/162939.823302:INFO:CONSOLE(128)] "currentLatencynow: 26.756", source: file:///home/seluser/ppt/player/dashjs/index.html (128)
[155:155:0108/162940.823366:INFO:CONSOLE(128)] "currentLatencynow: 26.756", source: file:///home/seluser/ppt/player/dashjs/index.html (128)
[155:155:0108/162941.823492:INFO:CONSOLE(128)] "currentLatencynow: 26.668", source: file:///home/seluser/ppt/player/dashjs/index.html (128)
[155:155:0108/162942.823302:INFO:CONSOLE(128)] "currentLatencynow: 26.568", source: file:///home/seluser/ppt/player/dashjs/index.html (128)
[155:155:0108/162943.823298:INFO:CONSOLE(128)] "currentLatencynow: 26.468", source: file:///home/seluser/ppt/player/dashjs/index.html (128)
[155:155:0108/162944.823324:INFO:CONSOLE(128)] "currentLatencynow: 26.368", source: file:///home/seluser/ppt/player/dashjs/index.html (128)
[155:155:0108/162945.823344:INFO:CONSOLE(128)] "currentLatencynow: 26.268", source: file:///home/seluser/ppt/player/dashjs/index.html (128)
[155:155:0108/162946.823318:INFO:CONSOLE(128)] "currentLatencynow: 26.168", source: file:///home/seluser/ppt/player/dashjs/index.html (128)
[155:155:0108/162947.823293:INFO:CONSOLE(128)] "currentLatencynow: 26.068", source: file:///home/seluser/ppt/player/dashjs/index.html (128)
[155:155:0108/162948.823452:INFO:CONSOLE(128)] "currentLatencynow: 25.968", source: file:///home/seluser/ppt/player/dashjs/index.html (128)
[155:155:0108/162949.823333:INFO:CONSOLE(128)] "currentLatencynow: 25.868", source: file:///home/seluser/ppt/player/dashjs/index.html (128)
[155:155:0108/162950.823315:INFO:CONSOLE(128)] "currentLatencynow: 25.768", source: file:///home/seluser/ppt/player/dashjs/index.html (128)
[155:155:0108/162951.823457:INFO:CONSOLE(128)] "currentLatencynow: 25.668", source: file:///home/seluser/ppt/player/dashjs/index.html (128)
[155:155:0108/162952.823311:INFO:CONSOLE(128)] "currentLatencynow: 25.568", source: file:///home/seluser/ppt/player/dashjs/index.html (128)
[155:155:0108/162953.823283:INFO:CONSOLE(128)] "currentLatencynow: 25.468", source: file:///home/seluser/ppt/player/dashjs/index.html (128)
[155:155:0108/162954.823366:INFO:CONSOLE(128)] "currentLatencynow: 25.368", source: file:///home/seluser/ppt/player/dashjs/index.html (128)
[155:155:0108/162955.823341:INFO:CONSOLE(128)] "currentLatencynow: 25.268", source: file:///home/seluser/ppt/player/dashjs/index.html (128)
[155:155:0108/162956.823309:INFO:CONSOLE(128)] "currentLatencynow: 25.168", source: file:///home/seluser/ppt/player/dashjs/index.html (128)
[155:155:0108/162957.823339:INFO:CONSOLE(128)] "currentLatencynow: 25.068", source: file:///home/seluser/ppt/player/dashjs/index.html (128)
[155:155:0108/162958.823348:INFO:CONSOLE(128)] "currentLatencynow: 24.968", source: file:///home/seluser/ppt/player/dashjs/index.html (128)
[155:155:0108/162959.823369:INFO:CONSOLE(128)] "currentLatencynow: 24.868", source: file:///home/seluser/ppt/player/dashjs/index.html (128)
[155:155:0108/163000.823354:INFO:CONSOLE(128)] "currentLatencynow: 24.768", source: file:///home/seluser/ppt/player/dashjs/index.html (128)
[155:155:0108/163001.823333:INFO:CONSOLE(128)] "currentLatencynow: 24.668", source: file:///home/seluser/ppt/player/dashjs/index.html (128)
[155:155:0108/163002.823370:INFO:CONSOLE(128)] "currentLatencynow: 24.568", source: file:///home/seluser/ppt/player/dashjs/index.html (128)
[155:155:0108/163003.823332:INFO:CONSOLE(128)] "currentLatencynow: 24.468", source: file:///home/seluser/ppt/player/dashjs/index.html (128)
[155:155:0108/163004.823347:INFO:CONSOLE(128)] "currentLatencynow: 24.368", source: file:///home/seluser/ppt/player/dashjs/index.html (128)
[155:155:0108/163005.823394:INFO:CONSOLE(128)] "currentLatencynow: 24.268", source: file:///home/seluser/ppt/player/dashjs/index.html (128)
[155:155:0108/163006.822632:INFO:CONSOLE(128)] "currentLatencynow: 24.167", source: file:///home/seluser/ppt/player/dashjs/index.html (128)
[155:155:0108/163007.822653:INFO:CONSOLE(128)] "currentLatencynow: 24.067", source: file:///home/seluser/ppt/player/dashjs/index.html (128)
[155:155:0108/163008.822594:INFO:CONSOLE(128)] "currentLatencynow: 23.967", source: file:///home/seluser/ppt/player/dashjs/index.html (128)
[155:155:0108/163009.822611:INFO:CONSOLE(128)] "currentLatencynow: 23.867", source: file:///home/seluser/ppt/player/dashjs/index.html (128)
[155:155:0108/163010.822716:INFO:CONSOLE(128)] "currentLatencynow: 23.767", source: file:///home/seluser/ppt/player/dashjs/index.html (128)
[155:155:0108/163011.822661:INFO:CONSOLE(128)] "currentLatencynow: 23.667", source: file:///home/seluser/ppt/player/dashjs/index.html (128)
[155:155:0108/163012.822645:INFO:CONSOLE(128)] "currentLatencynow: 23.567", source: file:///home/seluser/ppt/player/dashjs/index.html (128)
[155:155:0108/163013.822635:INFO:CONSOLE(128)] "currentLatencynow: 23.467", source: file:///home/seluser/ppt/player/dashjs/index.html (128)
[155:155:0108/163014.822666:INFO:CONSOLE(128)] "currentLatencynow: 23.367", source: file:///home/seluser/ppt/player/dashjs/index.html (128)
[155:155:0108/163015.822669:INFO:CONSOLE(128)] "currentLatencynow: 23.267", source: file:///home/seluser/ppt/player/dashjs/index.html (128)
[155:155:0108/163016.822685:INFO:CONSOLE(128)] "currentLatencynow: 23.255", source: file:///home/seluser/ppt/player/dashjs/index.html (128)
[155:155:0108/163017.822683:INFO:CONSOLE(128)] "currentLatencynow: 23.255", source: file:///home/seluser/ppt/player/dashjs/index.html (128)
[155:155:0108/163018.822647:INFO:CONSOLE(128)] "currentLatencynow: 24.172", source: file:///home/seluser/ppt/player/dashjs/index.html (128)
[155:155:0108/163019.822696:INFO:CONSOLE(128)] "currentLatencynow: 25.172", source: file:///home/seluser/ppt/player/dashjs/index.html (128)
[155:155:0108/163020.822576:INFO:CONSOLE(114)] "Begin Player stistics 
", source: file:///home/seluser/ppt/player/dashjs/index.html (114)
[155:155:0108/163020.822735:INFO:CONSOLE(115)] "["stall",[["6.55","10.37",3.8199999999999994]],[["11.99","12.24",0.25]],[["15.61","15.86",0.25]],[["22.55","22.80",0.25]],[["24.89","25.14",0.25]],[["37.52","37.77",0.25]],[["117.56","117.81",0.25]],[["availibleBW",[null],[null],[null],[null],[null],[null],[null],[null],[null],[6621],[6621],[6621],[6621],[6621],[6463],[6463],[6463],[6476],[6476],[6476],[6423],[6423],[6423],[6113],[6113],[6113],[6113],[5995],[5995],[5995],[5796],[5796],[5391],[5391],[5391],[5215],[5215],[5215],[5058],[5058],[5058],[4803],[4803],[4794],[4794],[4794],[4774],[4774],[4615],[4615],[4523],[4523],[4301],[4301],[4301],[4160],[4014],[3907],[3907],[3907],[3983],[3985],[3985],[3854],[3743],[3440],[3432],[3432],[3409],[3407],[3407],[3416],[3416],[3271],[3142],[3142],[2994],[2994],[2830],[2829],[2829],[2829],[2829],[2524],[2524],[2371],[2371],[2219],[2219],[2222],[2212],[2212],[2090],[2090],[1966],[1966],[1843],[1843],[1603],[1603],[1603],[1604],[1604],[1480],[1480],[1357],[1234],[1234],[1234],[1115],[1097],[910],[910],[910],[837],[837],[837],[749],[749]]],[["currentBuffer",[0],[0],[0],[0],[0],[0],[0],[0],[0],[1.715],[0.714],[0.044],[0.044],[0],[0],[0],[0],[0.025],[0.025],[0.025],[1.334],[0.234],[0],[0.618],[0.023],[0.023],[0.023],[2.025],[2.025],[2.025],[4.027],[3.633],[4.535],[3.435],[2.334],[1.236],[2.137],[2],[4.002],[4.002],[4.002],[5.706],[4.606],[5.508],[4.408],[3.308],[4.208],[3.11],[4.01],[2.912],[3.783],[2.714],[3.616],[2.516],[1.416],[2.318],[3.218],[4.122],[2.98],[1.922],[0.824],[0],[0],[0],[0.769],[3.631],[4.526],[3.555],[4.392],[5.19],[4.259],[5.163],[4.063],[2.963],[1.713],[0.763],[0],[0],[1.529],[2.564],[1.645],[2.534],[1.446],[4.158],[3.25],[4.152],[3.052],[3.954],[2.857],[3.689],[4.536],[3.558],[4.359],[3.36],[4.182],[3.162],[3.915],[2.964],[1.687],[0.764],[1.666],[2.568],[1.468],[2.37],[1.27],[2.172],[3.074],[1.974],[0.874],[1.776],[2.611],[3.458],[2.48],[1.38],[2.282],[1.249],[0.249],[1.959],[1.959]]],[["currentLatency",[null],[null],[null],[0],[0],[0],[0],[10.028],[11.026],[11.994],[11.906],[12.355],[13.355],[13.466],[13.466],[14.335],[15.333],[16.333],[17.333],[18.333],[18.511],[18.415],[18.738],[18.738],[19.327],[20.328],[21.327],[22.327],[23.327],[24.327],[25.327],[25.836],[25.736],[25.636],[25.539],[25.437],[25.336],[26.296],[27.296],[28.296],[29.296],[29.768],[29.67],[29.568],[29.468],[29.368],[29.268],[29.168],[29.067],[28.968],[28.868],[28.768],[28.668],[28.568],[28.468],[28.368],[28.268],[28.167],[28.068],[27.968],[27.869],[27.832],[27.832],[27.832],[27.832],[27.792],[27.692],[27.592],[27.492],[27.392],[27.292],[27.192],[27.092],[26.992],[26.892],[26.792],[26.756],[26.756],[26.756],[26.756],[26.668],[26.568],[26.468],[26.368],[26.268],[26.168],[26.068],[25.968],[25.868],[25.768],[25.668],[25.568],[25.468],[25.368],[25.268],[25.168],[25.068],[24.968],[24.868],[24.768],[24.668],[24.568],[24.468],[24.368],[24.268],[24.167],[24.067],[23.967],[23.867],[23.767],[23.667],[23.567],[23.467],[23.367],[23.267],[23.255],[23.255],[24.172],[25.172]]]]", source: file:///home/seluser/ppt/player/dashjs/index.html (115)
[155:155:0108/163020.822813:INFO:CONSOLE(116)] "
", source: file:///home/seluser/ppt/player/dashjs/index.html (116)
[155:155:0108/163020.822860:INFO:CONSOLE(117)] "Finish Player stistics 
", source: file:///home/seluser/ppt/player/dashjs/index.html (117)
[155:155:0108/163020.822954:INFO:CONSOLE(128)] "currentLatencynow: 26.172", source: file:///home/seluser/ppt/player/dashjs/index.html (128)
[155:155:0108/163021.822599:INFO:CONSOLE(128)] "currentLatencynow: 27.095", source: file:///home/seluser/ppt/player/dashjs/index.html (128)
[155:180:0108/163021.874439:ERROR:bus.cc(392)] Failed to connect to the bus: Address does not contain a colon
[155:180:0108/163021.874485:ERROR:bus.cc(392)] Failed to connect to the bus: Address does not contain a colon
[155:155:0108/163022.822640:INFO:CONSOLE(128)] "currentLatencynow: 27.074", source: file:///home/seluser/ppt/player/dashjs/index.html (128)
[155:155:0108/163023.822606:INFO:CONSOLE(128)] "currentLatencynow: 26.974", source: file:///home/seluser/ppt/player/dashjs/index.html (128)
[155:155:0108/163024.822651:INFO:CONSOLE(128)] "currentLatencynow: 26.874", source: file:///home/seluser/ppt/player/dashjs/index.html (128)
[155:155:0108/163025.822655:INFO:CONSOLE(128)] "currentLatencynow: 26.774", source: file:///home/seluser/ppt/player/dashjs/index.html (128)
[155:155:0108/163026.822605:INFO:CONSOLE(128)] "currentLatencynow: 26.674", source: file:///home/seluser/ppt/player/dashjs/index.html (128)
[155:155:0108/163027.822628:INFO:CONSOLE(128)] "currentLatencynow: 26.574", source: file:///home/seluser/ppt/player/dashjs/index.html (128)
[155:155:0108/163028.822665:INFO:CONSOLE(128)] "currentLatencynow: 26.474", source: file:///home/seluser/ppt/player/dashjs/index.html (128)
[155:155:0108/163029.822652:INFO:CONSOLE(128)] "currentLatencynow: 26.374", source: file:///home/seluser/ppt/player/dashjs/index.html (128)
[155:155:0108/163030.822671:INFO:CONSOLE(128)] "currentLatencynow: 26.284", source: file:///home/seluser/ppt/player/dashjs/index.html (128)
[155:155:0108/163031.822629:INFO:CONSOLE(128)] "currentLatencynow: 26.283", source: file:///home/seluser/ppt/player/dashjs/index.html (128)
[155:155:0108/163032.822631:INFO:CONSOLE(128)] "currentLatencynow: 26.283", source: file:///home/seluser/ppt/player/dashjs/index.html (128)
[155:155:0108/163033.822644:INFO:CONSOLE(128)] "currentLatencynow: 26.283", source: file:///home/seluser/ppt/player/dashjs/index.html (128)
[155:155:0108/163034.822668:INFO:CONSOLE(128)] "currentLatencynow: 26.283", source: file:///home/seluser/ppt/player/dashjs/index.html (128)
[155:155:0108/163035.822632:INFO:CONSOLE(128)] "currentLatencynow: 26.186", source: file:///home/seluser/ppt/player/dashjs/index.html (128)
[155:155:0108/163036.822446:INFO:CONSOLE(128)] "currentLatencynow: 26.096", source: file:///home/seluser/ppt/player/dashjs/index.html (128)
[155:155:0108/163037.822328:INFO:CONSOLE(128)] "currentLatencynow: 26.096", source: file:///home/seluser/ppt/player/dashjs/index.html (128)
[155:155:0108/163038.822290:INFO:CONSOLE(128)] "currentLatencynow: 26.096", source: file:///home/seluser/ppt/player/dashjs/index.html (128)
[155:155:0108/163039.822314:INFO:CONSOLE(128)] "currentLatencynow: 26.096", source: file:///home/seluser/ppt/player/dashjs/index.html (128)
[155:155:0108/163040.822313:INFO:CONSOLE(128)] "currentLatencynow: 26.093", source: file:///home/seluser/ppt/player/dashjs/index.html (128)
[155:155:0108/163041.046628:WARNING:pref_notifier_impl.cc(40)] Pref observer for media_router.cast_allow_all_ips found at shutdown.
