[154:216:0108/162812.517274:ERROR:bus.cc(392)] Failed to connect to the bus: Failed to connect to socket /var/run/dbus/system_bus_socket: No such file or directory
[154:179:0108/162812.536586:ERROR:bus.cc(392)] Failed to connect to the bus: Address does not contain a colon
[154:179:0108/162812.536800:ERROR:bus.cc(392)] Failed to connect to the bus: Address does not contain a colon
[225:225:0108/162812.535666:ERROR:gpu_init.cc(453)] Passthrough is not supported, GL is swiftshader, ANGLE is 
[154:179:0108/162812.544901:ERROR:bus.cc(392)] Failed to connect to the bus: Address does not contain a colon
[154:179:0108/162812.544965:ERROR:bus.cc(392)] Failed to connect to the bus: Address does not contain a colon
[154:179:0108/162812.593396:ERROR:bus.cc(392)] Failed to connect to the bus: Address does not contain a colon
[154:179:0108/162812.593443:ERROR:bus.cc(392)] Failed to connect to the bus: Address does not contain a colon
[154:314:0108/162812.793492:ERROR:bus.cc(392)] Failed to connect to the bus: Failed to connect to socket /var/run/dbus/system_bus_socket: No such file or directory
[154:314:0108/162812.793544:ERROR:bus.cc(392)] Failed to connect to the bus: Failed to connect to socket /var/run/dbus/system_bus_socket: No such file or directory
[154:314:0108/162812.793585:ERROR:bus.cc(392)] Failed to connect to the bus: Failed to connect to socket /var/run/dbus/system_bus_socket: No such file or directory
[154:314:0108/162812.793594:WARNING:property.cc(144)] DaemonVersion: GetAndBlock: failed.
[154:314:0108/162812.793661:ERROR:bus.cc(392)] Failed to connect to the bus: Failed to connect to socket /var/run/dbus/system_bus_socket: No such file or directory
[154:314:0108/162812.793693:ERROR:bus.cc(392)] Failed to connect to the bus: Failed to connect to socket /var/run/dbus/system_bus_socket: No such file or directory
[154:154:0108/162815.043282:INFO:CONSOLE(128)] "currentLatencynow: NaN", source: file:///home/seluser/ppt/player/dashjs/index.html (128)
[154:154:0108/162816.043567:INFO:CONSOLE(128)] "currentLatencynow: 0", source: file:///home/seluser/ppt/player/dashjs/index.html (128)
[154:175:0108/162816.825425:ERROR:chrome_browser_main_extra_parts_metrics.cc(228)] crbug.com/1216328: Checking Bluetooth availability started. Please report if there is no report that this ends.
[154:175:0108/162816.825454:ERROR:chrome_browser_main_extra_parts_metrics.cc(231)] crbug.com/1216328: Checking Bluetooth availability ended.
[154:175:0108/162816.825465:ERROR:chrome_browser_main_extra_parts_metrics.cc(234)] crbug.com/1216328: Checking default browser status started. Please report if there is no report that this ends.
[360:360:0108/162816.987969:WARNING:audio_manager_linux.cc(69)] Falling back to ALSA for audio output. PulseAudio is not available or could not be initialized.
[360:360:0108/162817.067771:ERROR:alsa_util.cc(204)] PcmOpen: default,No such file or directory
[360:360:0108/162817.068012:ERROR:alsa_util.cc(204)] PcmOpen: plug:default,No such file or directory
[154:154:0108/162817.071286:INFO:CONSOLE(128)] "currentLatencynow: 7.36", source: file:///home/seluser/ppt/player/dashjs/index.html (128)
[154:175:0108/162817.206250:ERROR:chrome_browser_main_extra_parts_metrics.cc(238)] crbug.com/1216328: Checking default browser status ended.
[154:154:0108/162818.042577:INFO:CONSOLE(128)] "currentLatencynow: 8.359", source: file:///home/seluser/ppt/player/dashjs/index.html (128)
[154:179:0108/162818.693802:ERROR:bus.cc(392)] Failed to connect to the bus: Address does not contain a colon
[154:179:0108/162818.693862:ERROR:bus.cc(392)] Failed to connect to the bus: Address does not contain a colon
[154:179:0108/162818.693896:ERROR:bus.cc(392)] Failed to connect to the bus: Address does not contain a colon
[154:179:0108/162818.693925:ERROR:bus.cc(392)] Failed to connect to the bus: Address does not contain a colon
[154:179:0108/162818.693937:ERROR:bus.cc(392)] Failed to connect to the bus: Address does not contain a colon
[154:179:0108/162818.693969:ERROR:bus.cc(392)] Failed to connect to the bus: Address does not contain a colon
[154:179:0108/162818.694002:ERROR:bus.cc(392)] Failed to connect to the bus: Address does not contain a colon
[154:179:0108/162818.694051:ERROR:bus.cc(392)] Failed to connect to the bus: Address does not contain a colon
[154:179:0108/162818.694085:ERROR:bus.cc(392)] Failed to connect to the bus: Address does not contain a colon
[154:179:0108/162818.694115:ERROR:bus.cc(392)] Failed to connect to the bus: Address does not contain a colon
[154:179:0108/162818.694146:ERROR:bus.cc(392)] Failed to connect to the bus: Address does not contain a colon
[154:179:0108/162818.694183:ERROR:bus.cc(392)] Failed to connect to the bus: Address does not contain a colon
[154:179:0108/162818.694215:ERROR:bus.cc(392)] Failed to connect to the bus: Address does not contain a colon
[154:179:0108/162818.694246:ERROR:bus.cc(392)] Failed to connect to the bus: Address does not contain a colon
[154:179:0108/162818.730091:ERROR:bus.cc(392)] Failed to connect to the bus: Address does not contain a colon
[154:179:0108/162818.730136:ERROR:bus.cc(392)] Failed to connect to the bus: Address does not contain a colon
[154:179:0108/162818.730148:ERROR:bus.cc(392)] Failed to connect to the bus: Address does not contain a colon
[154:179:0108/162818.757604:ERROR:bus.cc(392)] Failed to connect to the bus: Address does not contain a colon
[154:179:0108/162818.757649:ERROR:bus.cc(392)] Failed to connect to the bus: Address does not contain a colon
[154:154:0108/162819.055132:INFO:CONSOLE(128)] "currentLatencynow: 9.055", source: file:///home/seluser/ppt/player/dashjs/index.html (128)
[154:154:0108/162820.042274:INFO:CONSOLE(128)] "currentLatencynow: 9.609", source: file:///home/seluser/ppt/player/dashjs/index.html (128)
[154:154:0108/162821.043807:INFO:CONSOLE(128)] "currentLatencynow: 9.872", source: file:///home/seluser/ppt/player/dashjs/index.html (128)
[154:154:0108/162822.048671:INFO:CONSOLE(128)] "currentLatencynow: 9.872", source: file:///home/seluser/ppt/player/dashjs/index.html (128)
[154:154:0108/162823.042203:INFO:CONSOLE(128)] "currentLatencynow: 10.571", source: file:///home/seluser/ppt/player/dashjs/index.html (128)
[154:154:0108/162824.042186:INFO:CONSOLE(128)] "currentLatencynow: 11.571", source: file:///home/seluser/ppt/player/dashjs/index.html (128)
[154:154:0108/162825.042093:INFO:CONSOLE(128)] "currentLatencynow: 12.571", source: file:///home/seluser/ppt/player/dashjs/index.html (128)
[154:154:0108/162826.044484:INFO:CONSOLE(128)] "currentLatencynow: 13.573", source: file:///home/seluser/ppt/player/dashjs/index.html (128)
[154:154:0108/162827.042152:INFO:CONSOLE(128)] "currentLatencynow: 14.571", source: file:///home/seluser/ppt/player/dashjs/index.html (128)
[154:154:0108/162828.042115:INFO:CONSOLE(128)] "currentLatencynow: 15.571", source: file:///home/seluser/ppt/player/dashjs/index.html (128)
[154:179:0108/162828.196366:ERROR:bus.cc(392)] Failed to connect to the bus: Address does not contain a colon
[154:179:0108/162828.196408:ERROR:bus.cc(392)] Failed to connect to the bus: Address does not contain a colon
[154:154:0108/162829.042097:INFO:CONSOLE(128)] "currentLatencynow: 15.693", source: file:///home/seluser/ppt/player/dashjs/index.html (128)
[154:154:0108/162830.042155:INFO:CONSOLE(128)] "currentLatencynow: 15.693", source: file:///home/seluser/ppt/player/dashjs/index.html (128)
[154:154:0108/162831.042085:INFO:CONSOLE(128)] "currentLatencynow: 16.563", source: file:///home/seluser/ppt/player/dashjs/index.html (128)
[154:154:0108/162832.042232:INFO:CONSOLE(128)] "currentLatencynow: 17.5", source: file:///home/seluser/ppt/player/dashjs/index.html (128)
[154:154:0108/162833.042637:INFO:CONSOLE(128)] "currentLatencynow: 17.491", source: file:///home/seluser/ppt/player/dashjs/index.html (128)
[154:154:0108/162834.042201:INFO:CONSOLE(128)] "currentLatencynow: 17.555", source: file:///home/seluser/ppt/player/dashjs/index.html (128)
[154:154:0108/162835.042146:INFO:CONSOLE(128)] "currentLatencynow: 18.555", source: file:///home/seluser/ppt/player/dashjs/index.html (128)
[154:154:0108/162836.041757:INFO:CONSOLE(128)] "currentLatencynow: 19.555", source: file:///home/seluser/ppt/player/dashjs/index.html (128)
[154:154:0108/162837.041763:INFO:CONSOLE(128)] "currentLatencynow: 20.555", source: file:///home/seluser/ppt/player/dashjs/index.html (128)
[154:154:0108/162838.041771:INFO:CONSOLE(128)] "currentLatencynow: 21.555", source: file:///home/seluser/ppt/player/dashjs/index.html (128)
[154:179:0108/162838.161858:ERROR:bus.cc(392)] Failed to connect to the bus: Address does not contain a colon
[154:179:0108/162838.161895:ERROR:bus.cc(392)] Failed to connect to the bus: Address does not contain a colon
[154:154:0108/162839.041785:INFO:CONSOLE(128)] "currentLatencynow: 21.506", source: file:///home/seluser/ppt/player/dashjs/index.html (128)
[154:154:0108/162840.041892:INFO:CONSOLE(128)] "currentLatencynow: 21.403", source: file:///home/seluser/ppt/player/dashjs/index.html (128)
[154:154:0108/162841.041883:INFO:CONSOLE(128)] "currentLatencynow: 21.303", source: file:///home/seluser/ppt/player/dashjs/index.html (128)
[154:154:0108/162842.041818:INFO:CONSOLE(128)] "currentLatencynow: 21.203", source: file:///home/seluser/ppt/player/dashjs/index.html (128)
[154:154:0108/162843.041781:INFO:CONSOLE(128)] "currentLatencynow: 21.103", source: file:///home/seluser/ppt/player/dashjs/index.html (128)
[154:154:0108/162844.041725:INFO:CONSOLE(128)] "currentLatencynow: 21.028", source: file:///home/seluser/ppt/player/dashjs/index.html (128)
[154:154:0108/162845.042051:INFO:CONSOLE(128)] "currentLatencynow: 20.929", source: file:///home/seluser/ppt/player/dashjs/index.html (128)
[154:154:0108/162846.041853:INFO:CONSOLE(128)] "currentLatencynow: 21.504", source: file:///home/seluser/ppt/player/dashjs/index.html (128)
[154:154:0108/162847.041888:INFO:CONSOLE(128)] "currentLatencynow: 22.504", source: file:///home/seluser/ppt/player/dashjs/index.html (128)
[154:154:0108/162848.042347:INFO:CONSOLE(128)] "currentLatencynow: 23.505", source: file:///home/seluser/ppt/player/dashjs/index.html (128)
[154:154:0108/162849.041746:INFO:CONSOLE(128)] "currentLatencynow: 24.504", source: file:///home/seluser/ppt/player/dashjs/index.html (128)
[154:154:0108/162850.041932:INFO:CONSOLE(128)] "currentLatencynow: 25.504", source: file:///home/seluser/ppt/player/dashjs/index.html (128)
[154:154:0108/162851.042039:INFO:CONSOLE(128)] "currentLatencynow: 26.504", source: file:///home/seluser/ppt/player/dashjs/index.html (128)
[154:154:0108/162852.042182:INFO:CONSOLE(128)] "currentLatencynow: 27.504", source: file:///home/seluser/ppt/player/dashjs/index.html (128)
[154:154:0108/162853.041841:INFO:CONSOLE(128)] "currentLatencynow: 28.504", source: file:///home/seluser/ppt/player/dashjs/index.html (128)
[154:179:0108/162854.014018:ERROR:bus.cc(392)] Failed to connect to the bus: Address does not contain a colon
[154:179:0108/162854.014072:ERROR:bus.cc(392)] Failed to connect to the bus: Address does not contain a colon
[154:154:0108/162854.041736:INFO:CONSOLE(128)] "currentLatencynow: 29.412", source: file:///home/seluser/ppt/player/dashjs/index.html (128)
[154:154:0108/162855.042014:INFO:CONSOLE(128)] "currentLatencynow: 29.335", source: file:///home/seluser/ppt/player/dashjs/index.html (128)
[154:154:0108/162856.041753:INFO:CONSOLE(128)] "currentLatencynow: 29.235", source: file:///home/seluser/ppt/player/dashjs/index.html (128)
[154:154:0108/162857.041746:INFO:CONSOLE(128)] "currentLatencynow: 29.135", source: file:///home/seluser/ppt/player/dashjs/index.html (128)
[154:154:0108/162858.041966:INFO:CONSOLE(128)] "currentLatencynow: 29.035", source: file:///home/seluser/ppt/player/dashjs/index.html (128)
[154:154:0108/162859.041743:INFO:CONSOLE(128)] "currentLatencynow: 28.935", source: file:///home/seluser/ppt/player/dashjs/index.html (128)
[154:154:0108/162900.041906:INFO:CONSOLE(128)] "currentLatencynow: 29.47", source: file:///home/seluser/ppt/player/dashjs/index.html (128)
[154:154:0108/162901.041760:INFO:CONSOLE(128)] "currentLatencynow: 30.47", source: file:///home/seluser/ppt/player/dashjs/index.html (128)
[154:154:0108/162902.041779:INFO:CONSOLE(128)] "currentLatencynow: 31.47", source: file:///home/seluser/ppt/player/dashjs/index.html (128)
[154:179:0108/162902.644145:ERROR:bus.cc(392)] Failed to connect to the bus: Address does not contain a colon
[154:179:0108/162902.644187:ERROR:bus.cc(392)] Failed to connect to the bus: Address does not contain a colon
[154:154:0108/162903.041723:INFO:CONSOLE(128)] "currentLatencynow: 31.97", source: file:///home/seluser/ppt/player/dashjs/index.html (128)
[154:154:0108/162904.041905:INFO:CONSOLE(128)] "currentLatencynow: 31.87", source: file:///home/seluser/ppt/player/dashjs/index.html (128)
[154:154:0108/162905.041791:INFO:CONSOLE(128)] "currentLatencynow: 31.77", source: file:///home/seluser/ppt/player/dashjs/index.html (128)
[154:154:0108/162906.041294:INFO:CONSOLE(128)] "currentLatencynow: 31.672", source: file:///home/seluser/ppt/player/dashjs/index.html (128)
[154:154:0108/162907.041361:INFO:CONSOLE(128)] "currentLatencynow: 31.57", source: file:///home/seluser/ppt/player/dashjs/index.html (128)
[154:154:0108/162908.041312:INFO:CONSOLE(128)] "currentLatencynow: 31.47", source: file:///home/seluser/ppt/player/dashjs/index.html (128)
[154:154:0108/162909.041289:INFO:CONSOLE(128)] "currentLatencynow: 31.37", source: file:///home/seluser/ppt/player/dashjs/index.html (128)
[154:154:0108/162910.041295:INFO:CONSOLE(128)] "currentLatencynow: 31.27", source: file:///home/seluser/ppt/player/dashjs/index.html (128)
[154:154:0108/162911.041912:INFO:CONSOLE(128)] "currentLatencynow: 31.17", source: file:///home/seluser/ppt/player/dashjs/index.html (128)
[154:154:0108/162912.041537:INFO:CONSOLE(128)] "currentLatencynow: 31.07", source: file:///home/seluser/ppt/player/dashjs/index.html (128)
[154:154:0108/162913.041434:INFO:CONSOLE(128)] "currentLatencynow: 30.97", source: file:///home/seluser/ppt/player/dashjs/index.html (128)
[154:154:0108/162914.041858:INFO:CONSOLE(128)] "currentLatencynow: 30.87", source: file:///home/seluser/ppt/player/dashjs/index.html (128)
[154:154:0108/162915.041393:INFO:CONSOLE(128)] "currentLatencynow: 30.77", source: file:///home/seluser/ppt/player/dashjs/index.html (128)
[154:154:0108/162916.042583:INFO:CONSOLE(128)] "currentLatencynow: 30.67", source: file:///home/seluser/ppt/player/dashjs/index.html (128)
[154:154:0108/162917.041379:INFO:CONSOLE(128)] "currentLatencynow: 30.57", source: file:///home/seluser/ppt/player/dashjs/index.html (128)
[154:154:0108/162918.041419:INFO:CONSOLE(128)] "currentLatencynow: 30.47", source: file:///home/seluser/ppt/player/dashjs/index.html (128)
[154:154:0108/162919.042412:INFO:CONSOLE(128)] "currentLatencynow: 30.402", source: file:///home/seluser/ppt/player/dashjs/index.html (128)
[154:154:0108/162920.042096:INFO:CONSOLE(128)] "currentLatencynow: 30.401", source: file:///home/seluser/ppt/player/dashjs/index.html (128)
[154:154:0108/162921.041464:INFO:CONSOLE(128)] "currentLatencynow: 30.402", source: file:///home/seluser/ppt/player/dashjs/index.html (128)
[154:154:0108/162922.041317:INFO:CONSOLE(128)] "currentLatencynow: 30.512", source: file:///home/seluser/ppt/player/dashjs/index.html (128)
[154:154:0108/162923.041540:INFO:CONSOLE(128)] "currentLatencynow: 31.512", source: file:///home/seluser/ppt/player/dashjs/index.html (128)
[154:154:0108/162924.041284:INFO:CONSOLE(128)] "currentLatencynow: 32.258", source: file:///home/seluser/ppt/player/dashjs/index.html (128)
[154:154:0108/162925.041384:INFO:CONSOLE(128)] "currentLatencynow: 33.258", source: file:///home/seluser/ppt/player/dashjs/index.html (128)
[154:154:0108/162926.041347:INFO:CONSOLE(128)] "currentLatencynow: 34.258", source: file:///home/seluser/ppt/player/dashjs/index.html (128)
[154:154:0108/162927.041681:INFO:CONSOLE(128)] "currentLatencynow: 35.258", source: file:///home/seluser/ppt/player/dashjs/index.html (128)
[154:154:0108/162928.041869:INFO:CONSOLE(128)] "currentLatencynow: 36.258", source: file:///home/seluser/ppt/player/dashjs/index.html (128)
[154:154:0108/162929.041608:INFO:CONSOLE(128)] "currentLatencynow: 37.258", source: file:///home/seluser/ppt/player/dashjs/index.html (128)
[154:154:0108/162930.041487:INFO:CONSOLE(128)] "currentLatencynow: 38.258", source: file:///home/seluser/ppt/player/dashjs/index.html (128)
[154:154:0108/162931.041309:INFO:CONSOLE(128)] "currentLatencynow: 39.258", source: file:///home/seluser/ppt/player/dashjs/index.html (128)
[154:154:0108/162932.041277:INFO:CONSOLE(128)] "currentLatencynow: 40.258", source: file:///home/seluser/ppt/player/dashjs/index.html (128)
[154:154:0108/162933.041284:INFO:CONSOLE(128)] "currentLatencynow: 41.258", source: file:///home/seluser/ppt/player/dashjs/index.html (128)
[154:154:0108/162934.041292:INFO:CONSOLE(128)] "currentLatencynow: 42.258", source: file:///home/seluser/ppt/player/dashjs/index.html (128)
[154:154:0108/162935.041260:INFO:CONSOLE(128)] "currentLatencynow: 43.258", source: file:///home/seluser/ppt/player/dashjs/index.html (128)
[154:154:0108/162936.040961:INFO:CONSOLE(128)] "currentLatencynow: 44.257", source: file:///home/seluser/ppt/player/dashjs/index.html (128)
[154:154:0108/162937.040975:INFO:CONSOLE(128)] "currentLatencynow: 45.257", source: file:///home/seluser/ppt/player/dashjs/index.html (128)
[154:154:0108/162938.041023:INFO:CONSOLE(128)] "currentLatencynow: 46.257", source: file:///home/seluser/ppt/player/dashjs/index.html (128)
[154:154:0108/162939.040988:INFO:CONSOLE(128)] "currentLatencynow: 47.257", source: file:///home/seluser/ppt/player/dashjs/index.html (128)
[154:154:0108/162940.041203:INFO:CONSOLE(128)] "currentLatencynow: 48.257", source: file:///home/seluser/ppt/player/dashjs/index.html (128)
[154:154:0108/162941.040922:INFO:CONSOLE(128)] "currentLatencynow: 49.257", source: file:///home/seluser/ppt/player/dashjs/index.html (128)
[154:154:0108/162942.040966:INFO:CONSOLE(128)] "currentLatencynow: 50.257", source: file:///home/seluser/ppt/player/dashjs/index.html (128)
[154:154:0108/162943.040951:INFO:CONSOLE(128)] "currentLatencynow: 51.257", source: file:///home/seluser/ppt/player/dashjs/index.html (128)
[154:154:0108/162944.040910:INFO:CONSOLE(128)] "currentLatencynow: 52.257", source: file:///home/seluser/ppt/player/dashjs/index.html (128)
[154:154:0108/162945.041067:INFO:CONSOLE(128)] "currentLatencynow: 53.257", source: file:///home/seluser/ppt/player/dashjs/index.html (128)
[154:154:0108/162946.041028:INFO:CONSOLE(128)] "currentLatencynow: 54.257", source: file:///home/seluser/ppt/player/dashjs/index.html (128)
[154:154:0108/162947.041066:INFO:CONSOLE(128)] "currentLatencynow: 55.257", source: file:///home/seluser/ppt/player/dashjs/index.html (128)
[154:154:0108/162948.041011:INFO:CONSOLE(128)] "currentLatencynow: 56.257", source: file:///home/seluser/ppt/player/dashjs/index.html (128)
[154:154:0108/162949.045575:INFO:CONSOLE(128)] "currentLatencynow: 57.259", source: file:///home/seluser/ppt/player/dashjs/index.html (128)
[154:154:0108/162950.041064:INFO:CONSOLE(128)] "currentLatencynow: 58.257", source: file:///home/seluser/ppt/player/dashjs/index.html (128)
[154:154:0108/162951.040980:INFO:CONSOLE(128)] "currentLatencynow: 59.257", source: file:///home/seluser/ppt/player/dashjs/index.html (128)
[154:154:0108/162952.041046:INFO:CONSOLE(128)] "currentLatencynow: 60.257", source: file:///home/seluser/ppt/player/dashjs/index.html (128)
[154:154:0108/162953.041033:INFO:CONSOLE(128)] "currentLatencynow: 61.257", source: file:///home/seluser/ppt/player/dashjs/index.html (128)
[154:154:0108/162954.040991:INFO:CONSOLE(128)] "currentLatencynow: 62.257", source: file:///home/seluser/ppt/player/dashjs/index.html (128)
[154:154:0108/162955.041146:INFO:CONSOLE(128)] "currentLatencynow: 63.257", source: file:///home/seluser/ppt/player/dashjs/index.html (128)
[154:154:0108/162956.041015:INFO:CONSOLE(128)] "currentLatencynow: 64.257", source: file:///home/seluser/ppt/player/dashjs/index.html (128)
[154:154:0108/162957.040989:INFO:CONSOLE(128)] "currentLatencynow: 65.257", source: file:///home/seluser/ppt/player/dashjs/index.html (128)
[154:154:0108/162958.040981:INFO:CONSOLE(128)] "currentLatencynow: 66.257", source: file:///home/seluser/ppt/player/dashjs/index.html (128)
[154:154:0108/162959.041061:INFO:CONSOLE(128)] "currentLatencynow: 67.257", source: file:///home/seluser/ppt/player/dashjs/index.html (128)
[154:154:0108/163000.041018:INFO:CONSOLE(128)] "currentLatencynow: 68.257", source: file:///home/seluser/ppt/player/dashjs/index.html (128)
[154:154:0108/163001.040984:INFO:CONSOLE(128)] "currentLatencynow: 69.257", source: file:///home/seluser/ppt/player/dashjs/index.html (128)
[154:154:0108/163002.040974:INFO:CONSOLE(128)] "currentLatencynow: 70.257", source: file:///home/seluser/ppt/player/dashjs/index.html (128)
[154:154:0108/163003.040926:INFO:CONSOLE(128)] "currentLatencynow: 71.257", source: file:///home/seluser/ppt/player/dashjs/index.html (128)
[154:154:0108/163004.040953:INFO:CONSOLE(128)] "currentLatencynow: 72.257", source: file:///home/seluser/ppt/player/dashjs/index.html (128)
[154:154:0108/163005.040992:INFO:CONSOLE(128)] "currentLatencynow: 73.257", source: file:///home/seluser/ppt/player/dashjs/index.html (128)
[154:154:0108/163006.040316:INFO:CONSOLE(128)] "currentLatencynow: 74.257", source: file:///home/seluser/ppt/player/dashjs/index.html (128)
[154:154:0108/163007.040279:INFO:CONSOLE(128)] "currentLatencynow: 75.257", source: file:///home/seluser/ppt/player/dashjs/index.html (128)
[154:154:0108/163008.040236:INFO:CONSOLE(128)] "currentLatencynow: 76.257", source: file:///home/seluser/ppt/player/dashjs/index.html (128)
[154:154:0108/163009.124638:INFO:CONSOLE(128)] "currentLatencynow: 77.257", source: file:///home/seluser/ppt/player/dashjs/index.html (128)
[154:154:0108/163010.040284:INFO:CONSOLE(128)] "currentLatencynow: 78.257", source: file:///home/seluser/ppt/player/dashjs/index.html (128)
[154:154:0108/163011.040237:INFO:CONSOLE(128)] "currentLatencynow: 79.257", source: file:///home/seluser/ppt/player/dashjs/index.html (128)
[154:154:0108/163012.040290:INFO:CONSOLE(128)] "currentLatencynow: 80.257", source: file:///home/seluser/ppt/player/dashjs/index.html (128)
[154:154:0108/163013.040291:INFO:CONSOLE(128)] "currentLatencynow: 81.257", source: file:///home/seluser/ppt/player/dashjs/index.html (128)
[154:154:0108/163014.040240:INFO:CONSOLE(114)] "Begin Player stistics 
", source: file:///home/seluser/ppt/player/dashjs/index.html (114)
[154:154:0108/163014.040448:INFO:CONSOLE(115)] "["stall",[["3.16","5.32",2.16]],[["6.05","6.30",0.25]],[["8.95","9.20",0.25]],[["16.78","17.03",0.25]],[["20.52","20.77",0.25]],[["32.06","32.31",0.25]],[["46.10","46.35",0.25]],[["68.54","68.79",0.25]],[["availibleBW",[null],[null],[null],[null],[6712],[6712],[6712],[6712],[6712],[6712],[6712],[5852],[5852],[5852],[5814],[5814],[5814],[5924],[5924],[5924],[5701],[5701],[5701],[5801],[5801],[5802],[5802],[5802],[5802],[5448],[5448],[5448],[5448],[5448],[5448],[5208],[5208],[5208],[5101],[5101],[5101],[5101],[4805],[4805],[4514],[4514],[4514],[4514],[4547],[4547],[4548],[4548],[4395],[4395],[4307],[4307],[4044],[4044],[3807],[3807],[3833],[3836],[3836],[3780],[3780],[3780],[3670],[3670],[3517],[3517],[3517],[3517],[3517],[3517],[3517],[3517],[3517],[3517],[3517],[3517],[3517],[3517],[3517],[3517],[3517],[3517],[3517],[3517],[3517],[3517],[3517],[3517],[3517],[3517],[3517],[3517],[3517],[3517],[3517],[3517],[3517],[3517],[3517],[3517],[3517],[3517],[3517],[3517],[3517],[3517],[3517],[3517],[3517],[3517],[3517],[3517],[3517],[3517],[3517]]],[["currentBuffer",[0],[0],[0],[0],[0.586],[0.075],[0],[0],[0],[0],[0],[0.039],[0.039],[0.039],[1.362],[0.362],[0.033],[2.035],[1.094],[0.027],[2.029],[2.029],[2.029],[4.031],[3.128],[3.956],[2.93],[1.83],[0.73],[1.658],[0.558],[0],[0],[0],[0],[1.986],[1.986],[1.986],[3.988],[3.917],[2.924],[1.824],[2.726],[1.626],[2.528],[1.958],[1.958],[1.958],[3.522],[2.422],[3.325],[2.224],[3.125],[2.027],[2.887],[1.829],[2.731],[1.631],[2.533],[1.438],[2.335],[3.237],[2.137],[1.036],[0],[0],[0],[0],[0],[0],[0],[0],[0],[0],[0],[0],[0],[0],[0],[0],[0],[0],[0],[0],[0],[0],[0],[0],[0],[0],[0],[0],[0],[0],[0],[0],[0],[0],[0],[0],[0],[0],[0],[0],[0],[0],[0],[0],[0],[0],[0],[0],[0],[0],[0],[0],[0],[0],[0]]],[["currentLatency",[null],[0],[7.36],[8.359],[9.055],[9.609],[9.872],[9.872],[10.571],[11.571],[12.571],[13.573],[14.571],[15.571],[15.693],[15.693],[16.563],[17.5],[17.491],[17.555],[18.555],[19.555],[20.555],[21.555],[21.506],[21.403],[21.303],[21.203],[21.103],[21.028],[20.929],[21.504],[22.504],[23.505],[24.504],[25.504],[26.504],[27.504],[28.504],[29.412],[29.335],[29.235],[29.135],[29.035],[28.935],[29.47],[30.47],[31.47],[31.97],[31.87],[31.77],[31.672],[31.57],[31.47],[31.37],[31.27],[31.17],[31.07],[30.97],[30.87],[30.77],[30.67],[30.57],[30.47],[30.402],[30.401],[30.402],[30.512],[31.512],[32.258],[33.258],[34.258],[35.258],[36.258],[37.258],[38.258],[39.258],[40.258],[41.258],[42.258],[43.258],[44.257],[45.257],[46.257],[47.257],[48.257],[49.257],[50.257],[51.257],[52.257],[53.257],[54.257],[55.257],[56.257],[57.259],[58.257],[59.257],[60.257],[61.257],[62.257],[63.257],[64.257],[65.257],[66.257],[67.257],[68.257],[69.257],[70.257],[71.257],[72.257],[73.257],[74.257],[75.257],[76.257],[77.257],[78.257],[79.257],[80.257],[81.257]]]]", source: file:///home/seluser/ppt/player/dashjs/index.html (115)
[154:154:0108/163014.040561:INFO:CONSOLE(116)] "
", source: file:///home/seluser/ppt/player/dashjs/index.html (116)
[154:154:0108/163014.040619:INFO:CONSOLE(117)] "Finish Player stistics 
", source: file:///home/seluser/ppt/player/dashjs/index.html (117)
[154:154:0108/163014.040655:INFO:CONSOLE(128)] "currentLatencynow: 82.257", source: file:///home/seluser/ppt/player/dashjs/index.html (128)
[154:154:0108/163015.040351:INFO:CONSOLE(128)] "currentLatencynow: 83.257", source: file:///home/seluser/ppt/player/dashjs/index.html (128)
[154:154:0108/163016.040286:INFO:CONSOLE(128)] "currentLatencynow: 84.257", source: file:///home/seluser/ppt/player/dashjs/index.html (128)
[154:154:0108/163017.040243:INFO:CONSOLE(128)] "currentLatencynow: 85.257", source: file:///home/seluser/ppt/player/dashjs/index.html (128)
[154:154:0108/163018.040254:INFO:CONSOLE(128)] "currentLatencynow: 86.257", source: file:///home/seluser/ppt/player/dashjs/index.html (128)
[154:154:0108/163019.040265:INFO:CONSOLE(128)] "currentLatencynow: 87.257", source: file:///home/seluser/ppt/player/dashjs/index.html (128)
[154:154:0108/163020.040230:INFO:CONSOLE(128)] "currentLatencynow: 88.257", source: file:///home/seluser/ppt/player/dashjs/index.html (128)
[154:154:0108/163021.040259:INFO:CONSOLE(128)] "currentLatencynow: 89.257", source: file:///home/seluser/ppt/player/dashjs/index.html (128)
[154:154:0108/163022.041077:INFO:CONSOLE(128)] "currentLatencynow: 90.257", source: file:///home/seluser/ppt/player/dashjs/index.html (128)
[154:154:0108/163023.040511:INFO:CONSOLE(128)] "currentLatencynow: 91.257", source: file:///home/seluser/ppt/player/dashjs/index.html (128)
[154:154:0108/163024.040322:INFO:CONSOLE(128)] "currentLatencynow: 92.257", source: file:///home/seluser/ppt/player/dashjs/index.html (128)
[154:154:0108/163025.040594:INFO:CONSOLE(128)] "currentLatencynow: 93.257", source: file:///home/seluser/ppt/player/dashjs/index.html (128)
[154:154:0108/163026.040297:INFO:CONSOLE(128)] "currentLatencynow: 94.257", source: file:///home/seluser/ppt/player/dashjs/index.html (128)
[154:154:0108/163027.040278:INFO:CONSOLE(128)] "currentLatencynow: 95.257", source: file:///home/seluser/ppt/player/dashjs/index.html (128)
[154:154:0108/163028.040298:INFO:CONSOLE(128)] "currentLatencynow: 96.257", source: file:///home/seluser/ppt/player/dashjs/index.html (128)
[154:154:0108/163029.040377:INFO:CONSOLE(128)] "currentLatencynow: 97.257", source: file:///home/seluser/ppt/player/dashjs/index.html (128)
[154:154:0108/163030.040254:INFO:CONSOLE(128)] "currentLatencynow: 98.257", source: file:///home/seluser/ppt/player/dashjs/index.html (128)
[154:154:0108/163031.040282:INFO:CONSOLE(128)] "currentLatencynow: 99.257", source: file:///home/seluser/ppt/player/dashjs/index.html (128)
[154:154:0108/163032.040296:INFO:CONSOLE(128)] "currentLatencynow: 100.257", source: file:///home/seluser/ppt/player/dashjs/index.html (128)
[154:154:0108/163033.040268:INFO:CONSOLE(128)] "currentLatencynow: 101.257", source: file:///home/seluser/ppt/player/dashjs/index.html (128)
[154:154:0108/163034.040265:INFO:CONSOLE(128)] "currentLatencynow: 102.257", source: file:///home/seluser/ppt/player/dashjs/index.html (128)
[154:154:0108/163034.434005:WARNING:pref_notifier_impl.cc(40)] Pref observer for media_router.cast_allow_all_ips found at shutdown.
