[229:293:0130/103346.159729:ERROR:bus.cc(392)] Failed to connect to the bus: Failed to connect to socket /var/run/dbus/system_bus_socket: No such file or directory
[229:256:0130/103346.161711:ERROR:bus.cc(392)] Failed to connect to the bus: Address does not contain a colon
[229:256:0130/103346.161902:ERROR:bus.cc(392)] Failed to connect to the bus: Address does not contain a colon
[229:256:0130/103346.177574:ERROR:bus.cc(392)] Failed to connect to the bus: Address does not contain a colon
[229:256:0130/103346.177649:ERROR:bus.cc(392)] Failed to connect to the bus: Address does not contain a colon
[299:299:0130/103346.181715:ERROR:gpu_init.cc(453)] Passthrough is not supported, GL is swiftshader, ANGLE is 
[229:256:0130/103346.201439:ERROR:bus.cc(392)] Failed to connect to the bus: Address does not contain a colon
[229:256:0130/103346.201493:ERROR:bus.cc(392)] Failed to connect to the bus: Address does not contain a colon
[229:391:0130/103346.272628:ERROR:bus.cc(392)] Failed to connect to the bus: Failed to connect to socket /var/run/dbus/system_bus_socket: No such file or directory
[229:391:0130/103346.272701:ERROR:bus.cc(392)] Failed to connect to the bus: Failed to connect to socket /var/run/dbus/system_bus_socket: No such file or directory
[229:391:0130/103346.272766:ERROR:bus.cc(392)] Failed to connect to the bus: Failed to connect to socket /var/run/dbus/system_bus_socket: No such file or directory
[229:391:0130/103346.272784:WARNING:property.cc(144)] DaemonVersion: GetAndBlock: failed.
[229:391:0130/103346.272819:ERROR:bus.cc(392)] Failed to connect to the bus: Failed to connect to socket /var/run/dbus/system_bus_socket: No such file or directory
[229:391:0130/103346.272855:ERROR:bus.cc(392)] Failed to connect to the bus: Failed to connect to socket /var/run/dbus/system_bus_socket: No such file or directory
[229:229:0130/103347.534268:INFO:CONSOLE(128)] "currentLatencynow: NaN", source: file:///home/seluser/ppt/player/dashjs/index.html (128)
[229:250:0130/103348.484458:ERROR:chrome_browser_main_extra_parts_metrics.cc(228)] crbug.com/1216328: Checking Bluetooth availability started. Please report if there is no report that this ends.
[229:250:0130/103348.484496:ERROR:chrome_browser_main_extra_parts_metrics.cc(231)] crbug.com/1216328: Checking Bluetooth availability ended.
[229:250:0130/103348.484507:ERROR:chrome_browser_main_extra_parts_metrics.cc(234)] crbug.com/1216328: Checking default browser status started. Please report if there is no report that this ends.
[229:229:0130/103348.539013:INFO:CONSOLE(128)] "currentLatencynow: 0", source: file:///home/seluser/ppt/player/dashjs/index.html (128)
[229:250:0130/103348.665866:ERROR:chrome_browser_main_extra_parts_metrics.cc(238)] crbug.com/1216328: Checking default browser status ended.
[229:229:0130/103349.534102:INFO:CONSOLE(128)] "currentLatencynow: 0", source: file:///home/seluser/ppt/player/dashjs/index.html (128)
[607:607:0130/103350.092675:WARNING:audio_manager_linux.cc(69)] Falling back to ALSA for audio output. PulseAudio is not available or could not be initialized.
[607:607:0130/103350.097873:ERROR:alsa_util.cc(204)] PcmOpen: default,No such file or directory
[607:607:0130/103350.098007:ERROR:alsa_util.cc(204)] PcmOpen: plug:default,No such file or directory
[229:229:0130/103350.534217:INFO:CONSOLE(128)] "currentLatencynow: 6.899", source: file:///home/seluser/ppt/player/dashjs/index.html (128)
[229:229:0130/103351.534012:INFO:CONSOLE(128)] "currentLatencynow: 7.899", source: file:///home/seluser/ppt/player/dashjs/index.html (128)
[229:229:0130/103352.534089:INFO:CONSOLE(128)] "currentLatencynow: 8.899", source: file:///home/seluser/ppt/player/dashjs/index.html (128)
[229:229:0130/103353.534064:INFO:CONSOLE(128)] "currentLatencynow: 9.899", source: file:///home/seluser/ppt/player/dashjs/index.html (128)
[229:229:0130/103354.534167:INFO:CONSOLE(128)] "currentLatencynow: 10.899", source: file:///home/seluser/ppt/player/dashjs/index.html (128)
[229:256:0130/103355.227291:ERROR:bus.cc(392)] Failed to connect to the bus: Address does not contain a colon
[229:256:0130/103355.227375:ERROR:bus.cc(392)] Failed to connect to the bus: Address does not contain a colon
[229:256:0130/103355.227408:ERROR:bus.cc(392)] Failed to connect to the bus: Address does not contain a colon
[229:256:0130/103355.227426:ERROR:bus.cc(392)] Failed to connect to the bus: Address does not contain a colon
[229:256:0130/103355.227439:ERROR:bus.cc(392)] Failed to connect to the bus: Address does not contain a colon
[229:256:0130/103355.227457:ERROR:bus.cc(392)] Failed to connect to the bus: Address does not contain a colon
[229:256:0130/103355.227472:ERROR:bus.cc(392)] Failed to connect to the bus: Address does not contain a colon
[229:256:0130/103355.227491:ERROR:bus.cc(392)] Failed to connect to the bus: Address does not contain a colon
[229:256:0130/103355.227508:ERROR:bus.cc(392)] Failed to connect to the bus: Address does not contain a colon
[229:256:0130/103355.227524:ERROR:bus.cc(392)] Failed to connect to the bus: Address does not contain a colon
[229:256:0130/103355.227537:ERROR:bus.cc(392)] Failed to connect to the bus: Address does not contain a colon
[229:256:0130/103355.227552:ERROR:bus.cc(392)] Failed to connect to the bus: Address does not contain a colon
[229:256:0130/103355.227565:ERROR:bus.cc(392)] Failed to connect to the bus: Address does not contain a colon
[229:256:0130/103355.227580:ERROR:bus.cc(392)] Failed to connect to the bus: Address does not contain a colon
[229:256:0130/103355.236637:ERROR:bus.cc(392)] Failed to connect to the bus: Address does not contain a colon
[229:256:0130/103355.236680:ERROR:bus.cc(392)] Failed to connect to the bus: Address does not contain a colon
[229:256:0130/103355.236698:ERROR:bus.cc(392)] Failed to connect to the bus: Address does not contain a colon
[229:256:0130/103355.307879:ERROR:bus.cc(392)] Failed to connect to the bus: Address does not contain a colon
[229:256:0130/103355.308545:ERROR:bus.cc(392)] Failed to connect to the bus: Address does not contain a colon
[229:229:0130/103355.534213:INFO:CONSOLE(128)] "currentLatencynow: 11.657", source: file:///home/seluser/ppt/player/dashjs/index.html (128)
[229:229:0130/103356.534218:INFO:CONSOLE(128)] "currentLatencynow: 11.559", source: file:///home/seluser/ppt/player/dashjs/index.html (128)
[229:229:0130/103357.534049:INFO:CONSOLE(128)] "currentLatencynow: 12.484", source: file:///home/seluser/ppt/player/dashjs/index.html (128)
[229:229:0130/103358.533936:INFO:CONSOLE(128)] "currentLatencynow: 13.484", source: file:///home/seluser/ppt/player/dashjs/index.html (128)
[229:256:0130/103358.847056:ERROR:bus.cc(392)] Failed to connect to the bus: Address does not contain a colon
[229:256:0130/103358.847150:ERROR:bus.cc(392)] Failed to connect to the bus: Address does not contain a colon
[229:229:0130/103359.534016:INFO:CONSOLE(128)] "currentLatencynow: 13.74", source: file:///home/seluser/ppt/player/dashjs/index.html (128)
[229:229:0130/103400.534074:INFO:CONSOLE(128)] "currentLatencynow: 13.739", source: file:///home/seluser/ppt/player/dashjs/index.html (128)
[229:229:0130/103401.533902:INFO:CONSOLE(128)] "currentLatencynow: 14.464", source: file:///home/seluser/ppt/player/dashjs/index.html (128)
[229:229:0130/103402.534099:INFO:CONSOLE(128)] "currentLatencynow: 15.464", source: file:///home/seluser/ppt/player/dashjs/index.html (128)
[229:229:0130/103403.534286:INFO:CONSOLE(128)] "currentLatencynow: 16.464", source: file:///home/seluser/ppt/player/dashjs/index.html (128)
[229:229:0130/103404.534160:INFO:CONSOLE(128)] "currentLatencynow: 17.464", source: file:///home/seluser/ppt/player/dashjs/index.html (128)
[229:229:0130/103405.534142:INFO:CONSOLE(128)] "currentLatencynow: 18.464", source: file:///home/seluser/ppt/player/dashjs/index.html (128)
[229:229:0130/103406.534251:INFO:CONSOLE(128)] "currentLatencynow: 19.464", source: file:///home/seluser/ppt/player/dashjs/index.html (128)
[229:229:0130/103407.534080:INFO:CONSOLE(128)] "currentLatencynow: 20.464", source: file:///home/seluser/ppt/player/dashjs/index.html (128)
[229:229:0130/103408.534064:INFO:CONSOLE(128)] "currentLatencynow: 21.464", source: file:///home/seluser/ppt/player/dashjs/index.html (128)
[229:229:0130/103409.534155:INFO:CONSOLE(128)] "currentLatencynow: 22.464", source: file:///home/seluser/ppt/player/dashjs/index.html (128)
[229:229:0130/103410.533997:INFO:CONSOLE(128)] "currentLatencynow: 23.464", source: file:///home/seluser/ppt/player/dashjs/index.html (128)
[229:229:0130/103411.534154:INFO:CONSOLE(128)] "currentLatencynow: 24.464", source: file:///home/seluser/ppt/player/dashjs/index.html (128)
[229:229:0130/103412.534080:INFO:CONSOLE(128)] "currentLatencynow: 25.464", source: file:///home/seluser/ppt/player/dashjs/index.html (128)
[229:229:0130/103413.534040:INFO:CONSOLE(128)] "currentLatencynow: 26.464", source: file:///home/seluser/ppt/player/dashjs/index.html (128)
[229:229:0130/103414.534087:INFO:CONSOLE(128)] "currentLatencynow: 27.464", source: file:///home/seluser/ppt/player/dashjs/index.html (128)
[229:256:0130/103415.411470:ERROR:bus.cc(392)] Failed to connect to the bus: Address does not contain a colon
[229:256:0130/103415.412716:ERROR:bus.cc(392)] Failed to connect to the bus: Address does not contain a colon
[229:229:0130/103415.534094:INFO:CONSOLE(128)] "currentLatencynow: 28.254", source: file:///home/seluser/ppt/player/dashjs/index.html (128)
[229:229:0130/103416.533969:INFO:CONSOLE(128)] "currentLatencynow: 28.165", source: file:///home/seluser/ppt/player/dashjs/index.html (128)
[229:229:0130/103417.534070:INFO:CONSOLE(128)] "currentLatencynow: 28.458", source: file:///home/seluser/ppt/player/dashjs/index.html (128)
[229:229:0130/103418.534098:INFO:CONSOLE(128)] "currentLatencynow: 29.458", source: file:///home/seluser/ppt/player/dashjs/index.html (128)
[229:229:0130/103419.533936:INFO:CONSOLE(128)] "currentLatencynow: 30.162", source: file:///home/seluser/ppt/player/dashjs/index.html (128)
[229:229:0130/103420.533904:INFO:CONSOLE(128)] "currentLatencynow: 31.162", source: file:///home/seluser/ppt/player/dashjs/index.html (128)
[229:229:0130/103421.534058:INFO:CONSOLE(128)] "currentLatencynow: 32.162", source: file:///home/seluser/ppt/player/dashjs/index.html (128)
[229:229:0130/103422.534008:INFO:CONSOLE(128)] "currentLatencynow: 33.162", source: file:///home/seluser/ppt/player/dashjs/index.html (128)
[229:229:0130/103423.534067:INFO:CONSOLE(128)] "currentLatencynow: 34.162", source: file:///home/seluser/ppt/player/dashjs/index.html (128)
[229:229:0130/103424.534067:INFO:CONSOLE(128)] "currentLatencynow: 35.162", source: file:///home/seluser/ppt/player/dashjs/index.html (128)
[229:229:0130/103425.534014:INFO:CONSOLE(128)] "currentLatencynow: 36.162", source: file:///home/seluser/ppt/player/dashjs/index.html (128)
[229:229:0130/103426.534063:INFO:CONSOLE(128)] "currentLatencynow: 37.162", source: file:///home/seluser/ppt/player/dashjs/index.html (128)
[229:229:0130/103427.533999:INFO:CONSOLE(128)] "currentLatencynow: 38.162", source: file:///home/seluser/ppt/player/dashjs/index.html (128)
[229:229:0130/103428.534012:INFO:CONSOLE(128)] "currentLatencynow: 39.162", source: file:///home/seluser/ppt/player/dashjs/index.html (128)
[229:229:0130/103429.534009:INFO:CONSOLE(128)] "currentLatencynow: 40.162", source: file:///home/seluser/ppt/player/dashjs/index.html (128)
[229:229:0130/103430.534019:INFO:CONSOLE(128)] "currentLatencynow: 41.162", source: file:///home/seluser/ppt/player/dashjs/index.html (128)
[229:229:0130/103431.534021:INFO:CONSOLE(128)] "currentLatencynow: 42.162", source: file:///home/seluser/ppt/player/dashjs/index.html (128)
[229:229:0130/103432.534035:INFO:CONSOLE(128)] "currentLatencynow: 43.162", source: file:///home/seluser/ppt/player/dashjs/index.html (128)
[229:229:0130/103433.534042:INFO:CONSOLE(128)] "currentLatencynow: 44.162", source: file:///home/seluser/ppt/player/dashjs/index.html (128)
[229:229:0130/103434.534044:INFO:CONSOLE(128)] "currentLatencynow: 45.162", source: file:///home/seluser/ppt/player/dashjs/index.html (128)
[229:229:0130/103435.534147:INFO:CONSOLE(128)] "currentLatencynow: 46.162", source: file:///home/seluser/ppt/player/dashjs/index.html (128)
[229:229:0130/103436.534077:INFO:CONSOLE(128)] "currentLatencynow: 47.162", source: file:///home/seluser/ppt/player/dashjs/index.html (128)
[229:229:0130/103437.534012:INFO:CONSOLE(128)] "currentLatencynow: 48.162", source: file:///home/seluser/ppt/player/dashjs/index.html (128)
[229:229:0130/103438.534059:INFO:CONSOLE(128)] "currentLatencynow: 49.162", source: file:///home/seluser/ppt/player/dashjs/index.html (128)
[229:229:0130/103439.534174:INFO:CONSOLE(128)] "currentLatencynow: 50.162", source: file:///home/seluser/ppt/player/dashjs/index.html (128)
[229:229:0130/103440.534056:INFO:CONSOLE(128)] "currentLatencynow: 51.162", source: file:///home/seluser/ppt/player/dashjs/index.html (128)
[229:229:0130/103441.534028:INFO:CONSOLE(128)] "currentLatencynow: 52.162", source: file:///home/seluser/ppt/player/dashjs/index.html (128)
[229:229:0130/103442.533988:INFO:CONSOLE(128)] "currentLatencynow: 53.162", source: file:///home/seluser/ppt/player/dashjs/index.html (128)
[229:229:0130/103443.718864:INFO:CONSOLE(128)] "currentLatencynow: 54.162", source: file:///home/seluser/ppt/player/dashjs/index.html (128)
[229:229:0130/103444.533986:INFO:CONSOLE(128)] "currentLatencynow: 55.162", source: file:///home/seluser/ppt/player/dashjs/index.html (128)
[229:229:0130/103445.533985:INFO:CONSOLE(128)] "currentLatencynow: 56.162", source: file:///home/seluser/ppt/player/dashjs/index.html (128)
[229:229:0130/103446.533967:INFO:CONSOLE(128)] "currentLatencynow: 57.162", source: file:///home/seluser/ppt/player/dashjs/index.html (128)
[229:249:0130/103446.893455:ERROR:database.cc(1761)] History SQLite error: code 13 errno 0: database or disk is full sql: INSERT OR REPLACE INTO meta (key,value) VALUES (?,?)
[229:229:0130/103447.534034:INFO:CONSOLE(128)] "currentLatencynow: 58.162", source: file:///home/seluser/ppt/player/dashjs/index.html (128)
[229:229:0130/103448.534063:INFO:CONSOLE(128)] "currentLatencynow: 59.162", source: file:///home/seluser/ppt/player/dashjs/index.html (128)
[229:229:0130/103449.534044:INFO:CONSOLE(128)] "currentLatencynow: 60.162", source: file:///home/seluser/ppt/player/dashjs/index.html (128)
[229:229:0130/103450.533977:INFO:CONSOLE(128)] "currentLatencynow: 61.162", source: file:///home/seluser/ppt/player/dashjs/index.html (128)
[229:229:0130/103451.534005:INFO:CONSOLE(128)] "currentLatencynow: 62.162", source: file:///home/seluser/ppt/player/dashjs/index.html (128)
[229:229:0130/103452.577945:INFO:CONSOLE(128)] "currentLatencynow: 63.162", source: file:///home/seluser/ppt/player/dashjs/index.html (128)
[229:229:0130/103453.534114:INFO:CONSOLE(128)] "currentLatencynow: 64.162", source: file:///home/seluser/ppt/player/dashjs/index.html (128)
[229:229:0130/103454.560455:INFO:CONSOLE(128)] "currentLatencynow: 65.162", source: file:///home/seluser/ppt/player/dashjs/index.html (128)
[300:333:0130/103454.702598:ERROR:simple_index_file.cc(310)] Failed to write the temporary index file
[229:229:0130/103455.852617:INFO:CONSOLE(128)] "currentLatencynow: 66.162", source: file:///home/seluser/ppt/player/dashjs/index.html (128)
[229:229:0130/103456.534089:INFO:CONSOLE(128)] "currentLatencynow: 67.162", source: file:///home/seluser/ppt/player/dashjs/index.html (128)
[229:229:0130/103457.534114:INFO:CONSOLE(128)] "currentLatencynow: 68.162", source: file:///home/seluser/ppt/player/dashjs/index.html (128)
[229:229:0130/103458.534690:INFO:CONSOLE(128)] "currentLatencynow: 69.163", source: file:///home/seluser/ppt/player/dashjs/index.html (128)
[229:229:0130/103459.533952:INFO:CONSOLE(128)] "currentLatencynow: 70.162", source: file:///home/seluser/ppt/player/dashjs/index.html (128)
[229:229:0130/103500.534066:INFO:CONSOLE(128)] "currentLatencynow: 71.162", source: file:///home/seluser/ppt/player/dashjs/index.html (128)
[229:229:0130/103501.534214:INFO:CONSOLE(128)] "currentLatencynow: 72.162", source: file:///home/seluser/ppt/player/dashjs/index.html (128)
[229:229:0130/103502.534174:INFO:CONSOLE(128)] "currentLatencynow: 73.162", source: file:///home/seluser/ppt/player/dashjs/index.html (128)
[229:229:0130/103503.533995:INFO:CONSOLE(128)] "currentLatencynow: 74.162", source: file:///home/seluser/ppt/player/dashjs/index.html (128)
[229:229:0130/103507.283856:INFO:CONSOLE(128)] "currentLatencynow: 75.162", source: file:///home/seluser/ppt/player/dashjs/index.html (128)
[229:229:0130/103507.285887:INFO:CONSOLE(128)] "currentLatencynow: 76.162", source: file:///home/seluser/ppt/player/dashjs/index.html (128)
[229:229:0130/103507.285979:INFO:CONSOLE(128)] "currentLatencynow: 77.162", source: file:///home/seluser/ppt/player/dashjs/index.html (128)
[229:229:0130/103507.534203:INFO:CONSOLE(128)] "currentLatencynow: 78.162", source: file:///home/seluser/ppt/player/dashjs/index.html (128)
[229:229:0130/103508.533989:INFO:CONSOLE(128)] "currentLatencynow: 79.162", source: file:///home/seluser/ppt/player/dashjs/index.html (128)
[229:229:0130/103509.534096:INFO:CONSOLE(128)] "currentLatencynow: 80.162", source: file:///home/seluser/ppt/player/dashjs/index.html (128)
[229:229:0130/103510.763192:INFO:CONSOLE(128)] "currentLatencynow: 81.162", source: file:///home/seluser/ppt/player/dashjs/index.html (128)
[229:229:0130/103511.562841:INFO:CONSOLE(128)] "currentLatencynow: 82.162", source: file:///home/seluser/ppt/player/dashjs/index.html (128)
[229:229:0130/103512.534144:INFO:CONSOLE(128)] "currentLatencynow: 83.162", source: file:///home/seluser/ppt/player/dashjs/index.html (128)
[229:229:0130/103513.534067:INFO:CONSOLE(128)] "currentLatencynow: 84.162", source: file:///home/seluser/ppt/player/dashjs/index.html (128)
[229:229:0130/103514.534170:INFO:CONSOLE(128)] "currentLatencynow: 85.162", source: file:///home/seluser/ppt/player/dashjs/index.html (128)
[229:229:0130/103515.534144:INFO:CONSOLE(128)] "currentLatencynow: 86.162", source: file:///home/seluser/ppt/player/dashjs/index.html (128)
[229:229:0130/103516.534158:INFO:CONSOLE(128)] "currentLatencynow: 87.162", source: file:///home/seluser/ppt/player/dashjs/index.html (128)
[229:229:0130/103517.534140:INFO:CONSOLE(128)] "currentLatencynow: 88.162", source: file:///home/seluser/ppt/player/dashjs/index.html (128)
[229:229:0130/103518.534267:INFO:CONSOLE(128)] "currentLatencynow: 89.162", source: file:///home/seluser/ppt/player/dashjs/index.html (128)
[229:229:0130/103519.620598:INFO:CONSOLE(128)] "currentLatencynow: 90.162", source: file:///home/seluser/ppt/player/dashjs/index.html (128)
[229:229:0130/103520.841057:INFO:CONSOLE(128)] "currentLatencynow: 91.162", source: file:///home/seluser/ppt/player/dashjs/index.html (128)
[229:229:0130/103522.335461:INFO:CONSOLE(128)] "currentLatencynow: 92.162", source: file:///home/seluser/ppt/player/dashjs/index.html (128)
[229:229:0130/103522.534180:INFO:CONSOLE(128)] "currentLatencynow: 93.162", source: file:///home/seluser/ppt/player/dashjs/index.html (128)
[229:229:0130/103523.534237:INFO:CONSOLE(128)] "currentLatencynow: 94.162", source: file:///home/seluser/ppt/player/dashjs/index.html (128)
[229:229:0130/103524.570141:INFO:CONSOLE(128)] "currentLatencynow: 95.162", source: file:///home/seluser/ppt/player/dashjs/index.html (128)
[229:229:0130/103525.534046:INFO:CONSOLE(128)] "currentLatencynow: 96.162", source: file:///home/seluser/ppt/player/dashjs/index.html (128)
[229:229:0130/103526.534169:INFO:CONSOLE(128)] "currentLatencynow: 97.162", source: file:///home/seluser/ppt/player/dashjs/index.html (128)
[229:229:0130/103528.072510:INFO:CONSOLE(128)] "currentLatencynow: 98.162", source: file:///home/seluser/ppt/player/dashjs/index.html (128)
[229:229:0130/103528.534072:INFO:CONSOLE(128)] "currentLatencynow: 99.162", source: file:///home/seluser/ppt/player/dashjs/index.html (128)
[229:229:0130/103529.534027:INFO:CONSOLE(128)] "currentLatencynow: 100.162", source: file:///home/seluser/ppt/player/dashjs/index.html (128)
[229:229:0130/103530.534273:INFO:CONSOLE(128)] "currentLatencynow: 101.162", source: file:///home/seluser/ppt/player/dashjs/index.html (128)
[229:229:0130/103531.534155:INFO:CONSOLE(128)] "currentLatencynow: 102.162", source: file:///home/seluser/ppt/player/dashjs/index.html (128)
[229:229:0130/103532.534023:INFO:CONSOLE(128)] "currentLatencynow: 103.162", source: file:///home/seluser/ppt/player/dashjs/index.html (128)
[229:229:0130/103533.534015:INFO:CONSOLE(128)] "currentLatencynow: 104.162", source: file:///home/seluser/ppt/player/dashjs/index.html (128)
[229:229:0130/103534.533951:INFO:CONSOLE(128)] "currentLatencynow: 105.162", source: file:///home/seluser/ppt/player/dashjs/index.html (128)
[229:229:0130/103535.533962:INFO:CONSOLE(128)] "currentLatencynow: 106.162", source: file:///home/seluser/ppt/player/dashjs/index.html (128)
[229:229:0130/103536.852515:INFO:CONSOLE(128)] "currentLatencynow: 107.162", source: file:///home/seluser/ppt/player/dashjs/index.html (128)
[229:229:0130/103537.534390:INFO:CONSOLE(128)] "currentLatencynow: 108.162", source: file:///home/seluser/ppt/player/dashjs/index.html (128)
[229:229:0130/103538.534187:INFO:CONSOLE(128)] "currentLatencynow: 109.162", source: file:///home/seluser/ppt/player/dashjs/index.html (128)
[229:229:0130/103539.534177:INFO:CONSOLE(128)] "currentLatencynow: 110.162", source: file:///home/seluser/ppt/player/dashjs/index.html (128)
[229:229:0130/103540.534054:INFO:CONSOLE(128)] "currentLatencynow: 111.162", source: file:///home/seluser/ppt/player/dashjs/index.html (128)
[229:229:0130/103541.534204:INFO:CONSOLE(128)] "currentLatencynow: 112.162", source: file:///home/seluser/ppt/player/dashjs/index.html (128)
[229:229:0130/103542.534092:INFO:CONSOLE(128)] "currentLatencynow: 113.162", source: file:///home/seluser/ppt/player/dashjs/index.html (128)
[229:229:0130/103543.534166:INFO:CONSOLE(128)] "currentLatencynow: 114.162", source: file:///home/seluser/ppt/player/dashjs/index.html (128)
[229:229:0130/103544.687424:INFO:CONSOLE(128)] "currentLatencynow: 115.162", source: file:///home/seluser/ppt/player/dashjs/index.html (128)
[229:229:0130/103545.534186:INFO:CONSOLE(128)] "currentLatencynow: 116.162", source: file:///home/seluser/ppt/player/dashjs/index.html (128)
[229:229:0130/103546.611267:INFO:CONSOLE(114)] "Begin Player stistics 
", source: file:///home/seluser/ppt/player/dashjs/index.html (114)
[229:229:0130/103546.611440:INFO:CONSOLE(115)] "["stall",[["2.90","8.85",5.949999999999999]],[["10.23","10.48",0.25]],[["14.43","14.68",0.25]],[["30.80","31.05",0.25]],[["availibleBW",[null],[null],[null],[null],[null],[null],[null],[null],[409],[409],[409],[409],[409],[409],[409],[409],[409],[409],[678],[678],[678],[678],[678],[678],[678],[678],[678],[678],[959],[959],[959],[959],[959],[959],[959],[959],[959],[959],[959],[959],[959],[959],[959],[959],[959],[959],[959],[959],[959],[959],[959],[959],[959],[959],[959],[959],[959],[959],[959],[959],[959],[959],[959],[959],[959],[959],[959],[959],[959],[959],[959],[959],[959],[959],[959],[959],[959],[959],[959],[959],[959],[959],[959],[959],[959],[959],[959],[959],[959],[959],[959],[959],[959],[959],[959],[959],[959],[959],[959],[959],[959],[959],[959],[959],[959],[959],[959],[959],[959],[959],[959],[959],[959],[959],[959],[959],[959],[959],[959]]],[["currentBuffer",[0],[0],[0],[0],[0],[0],[0],[0],[1.288],[0.188],[0.052],[0.052],[0],[0],[0],[0],[0],[0],[0.034],[0.034],[0.034],[0.034],[0.034],[0.034],[0.034],[0.034],[0.034],[0.034],[2.036],[0.981],[0.03],[0.03],[0.03],[0.03],[0.03],[0.03],[0.03],[0.03],[0.03],[0.03],[0.03],[0.03],[0.03],[0.03],[0.03],[0.03],[0.03],[0.03],[0.03],[0.03],[0.03],[0.03],[0.03],[0.03],[0.03],[0.03],[0.03],[0.03],[0.03],[0.03],[0.03],[0.03],[0.03],[0.03],[0.03],[0.03],[0.03],[0.03],[0.03],[0.03],[0.03],[0.03],[0.03],[0.03],[0.03],[0.03],[0.03],[0.03],[0.03],[0.03],[0.03],[0.03],[0.03],[0.03],[0.03],[0.03],[0.03],[0.03],[0.03],[0.03],[0.03],[0.03],[0.03],[0.03],[0.03],[0.03],[0.03],[0.03],[0.03],[0.03],[0.03],[0.03],[0.03],[0.03],[0.03],[0.03],[0.03],[0.03],[0.03],[0.03],[0.03],[0.03],[0.03],[0.03],[0.03],[0.03],[0.03],[0.03],[0.03]]],[["currentLatency",[null],[0],[0],[6.899],[7.899],[8.899],[9.899],[10.899],[11.657],[11.559],[12.484],[13.484],[13.74],[13.739],[14.464],[15.464],[16.464],[17.464],[18.464],[19.464],[20.464],[21.464],[22.464],[23.464],[24.464],[25.464],[26.464],[27.464],[28.254],[28.165],[28.458],[29.458],[30.162],[31.162],[32.162],[33.162],[34.162],[35.162],[36.162],[37.162],[38.162],[39.162],[40.162],[41.162],[42.162],[43.162],[44.162],[45.162],[46.162],[47.162],[48.162],[49.162],[50.162],[51.162],[52.162],[53.162],[54.162],[55.162],[56.162],[57.162],[58.162],[59.162],[60.162],[61.162],[62.162],[63.162],[64.162],[65.162],[66.162],[67.162],[68.162],[69.163],[70.162],[71.162],[72.162],[73.162],[74.162],[75.162],[76.162],[77.162],[78.162],[79.162],[80.162],[81.162],[82.162],[83.162],[84.162],[85.162],[86.162],[87.162],[88.162],[89.162],[90.162],[91.162],[92.162],[93.162],[94.162],[95.162],[96.162],[97.162],[98.162],[99.162],[100.162],[101.162],[102.162],[103.162],[104.162],[105.162],[106.162],[107.162],[108.162],[109.162],[110.162],[111.162],[112.162],[113.162],[114.162],[115.162],[116.162]]]]", source: file:///home/seluser/ppt/player/dashjs/index.html (115)
[229:229:0130/103547.595267:INFO:CONSOLE(116)] "
", source: file:///home/seluser/ppt/player/dashjs/index.html (116)
[229:229:0130/103547.595464:INFO:CONSOLE(117)] "Finish Player stistics 
", source: file:///home/seluser/ppt/player/dashjs/index.html (117)
[229:229:0130/103547.595576:INFO:CONSOLE(128)] "currentLatencynow: 117.166", source: file:///home/seluser/ppt/player/dashjs/index.html (128)
[229:229:0130/103547.595833:INFO:CONSOLE(128)] "currentLatencynow: 118.162", source: file:///home/seluser/ppt/player/dashjs/index.html (128)
[229:229:0130/103548.564761:INFO:CONSOLE(128)] "currentLatencynow: 119.162", source: file:///home/seluser/ppt/player/dashjs/index.html (128)
[229:229:0130/103549.534224:INFO:CONSOLE(128)] "currentLatencynow: 120.162", source: file:///home/seluser/ppt/player/dashjs/index.html (128)
[229:229:0130/103550.534019:INFO:CONSOLE(128)] "currentLatencynow: 121.162", source: file:///home/seluser/ppt/player/dashjs/index.html (128)
[229:229:0130/103551.534162:INFO:CONSOLE(128)] "currentLatencynow: 122.162", source: file:///home/seluser/ppt/player/dashjs/index.html (128)
[229:229:0130/103552.534067:INFO:CONSOLE(128)] "currentLatencynow: 123.162", source: file:///home/seluser/ppt/player/dashjs/index.html (128)
[229:229:0130/103553.534151:INFO:CONSOLE(128)] "currentLatencynow: 124.162", source: file:///home/seluser/ppt/player/dashjs/index.html (128)
[229:229:0130/103554.910749:INFO:CONSOLE(128)] "currentLatencynow: 125.162", source: file:///home/seluser/ppt/player/dashjs/index.html (128)
[229:229:0130/103555.652672:INFO:CONSOLE(128)] "currentLatencynow: 126.162", source: file:///home/seluser/ppt/player/dashjs/index.html (128)
[229:229:0130/103556.534165:INFO:CONSOLE(128)] "currentLatencynow: 127.162", source: file:///home/seluser/ppt/player/dashjs/index.html (128)
[229:229:0130/103557.534147:INFO:CONSOLE(128)] "currentLatencynow: 128.162", source: file:///home/seluser/ppt/player/dashjs/index.html (128)
[229:229:0130/103558.534181:INFO:CONSOLE(128)] "currentLatencynow: 129.162", source: file:///home/seluser/ppt/player/dashjs/index.html (128)
[229:229:0130/103559.534256:INFO:CONSOLE(128)] "currentLatencynow: 130.162", source: file:///home/seluser/ppt/player/dashjs/index.html (128)
[229:229:0130/103601.263945:INFO:CONSOLE(128)] "currentLatencynow: 131.162", source: file:///home/seluser/ppt/player/dashjs/index.html (128)
[229:229:0130/103601.534285:INFO:CONSOLE(128)] "currentLatencynow: 132.162", source: file:///home/seluser/ppt/player/dashjs/index.html (128)
[229:229:0130/103602.534327:INFO:CONSOLE(128)] "currentLatencynow: 133.162", source: file:///home/seluser/ppt/player/dashjs/index.html (128)
[229:229:0130/103603.534094:INFO:CONSOLE(128)] "currentLatencynow: 134.162", source: file:///home/seluser/ppt/player/dashjs/index.html (128)
[229:229:0130/103604.534164:INFO:CONSOLE(128)] "currentLatencynow: 135.162", source: file:///home/seluser/ppt/player/dashjs/index.html (128)
[229:229:0130/103605.699527:INFO:CONSOLE(128)] "currentLatencynow: 136.162", source: file:///home/seluser/ppt/player/dashjs/index.html (128)
[229:229:0130/103606.534229:INFO:CONSOLE(128)] "currentLatencynow: 137.162", source: file:///home/seluser/ppt/player/dashjs/index.html (128)
[229:229:0130/103607.533946:INFO:CONSOLE(128)] "currentLatencynow: 138.162", source: file:///home/seluser/ppt/player/dashjs/index.html (128)
[229:229:0130/103608.533980:INFO:CONSOLE(128)] "currentLatencynow: 139.162", source: file:///home/seluser/ppt/player/dashjs/index.html (128)
[229:229:0130/103609.533991:INFO:CONSOLE(128)] "currentLatencynow: 140.162", source: file:///home/seluser/ppt/player/dashjs/index.html (128)
[229:229:0130/103610.533969:INFO:CONSOLE(128)] "currentLatencynow: 141.162", source: file:///home/seluser/ppt/player/dashjs/index.html (128)
[229:229:0130/103611.533967:INFO:CONSOLE(128)] "currentLatencynow: 142.162", source: file:///home/seluser/ppt/player/dashjs/index.html (128)
[229:229:0130/103612.534105:INFO:CONSOLE(128)] "currentLatencynow: 143.162", source: file:///home/seluser/ppt/player/dashjs/index.html (128)
[229:229:0130/103613.534034:INFO:CONSOLE(128)] "currentLatencynow: 144.162", source: file:///home/seluser/ppt/player/dashjs/index.html (128)
[229:229:0130/103614.534323:INFO:CONSOLE(128)] "currentLatencynow: 145.162", source: file:///home/seluser/ppt/player/dashjs/index.html (128)
[229:229:0130/103615.534274:INFO:CONSOLE(128)] "currentLatencynow: 146.162", source: file:///home/seluser/ppt/player/dashjs/index.html (128)
[229:229:0130/103616.534219:INFO:CONSOLE(128)] "currentLatencynow: 147.162", source: file:///home/seluser/ppt/player/dashjs/index.html (128)
[229:229:0130/103617.534238:INFO:CONSOLE(128)] "currentLatencynow: 148.162", source: file:///home/seluser/ppt/player/dashjs/index.html (128)
[229:229:0130/103618.534197:INFO:CONSOLE(128)] "currentLatencynow: 149.162", source: file:///home/seluser/ppt/player/dashjs/index.html (128)
[229:229:0130/103620.081871:INFO:CONSOLE(128)] "currentLatencynow: 150.163", source: file:///home/seluser/ppt/player/dashjs/index.html (128)
[229:229:0130/103620.533979:INFO:CONSOLE(128)] "currentLatencynow: 151.162", source: file:///home/seluser/ppt/player/dashjs/index.html (128)
[229:229:0130/103621.534056:INFO:CONSOLE(128)] "currentLatencynow: 152.162", source: file:///home/seluser/ppt/player/dashjs/index.html (128)
[229:229:0130/103622.534052:INFO:CONSOLE(128)] "currentLatencynow: 153.162", source: file:///home/seluser/ppt/player/dashjs/index.html (128)
[229:229:0130/103623.534005:INFO:CONSOLE(128)] "currentLatencynow: 154.162", source: file:///home/seluser/ppt/player/dashjs/index.html (128)
[229:229:0130/103624.534105:INFO:CONSOLE(128)] "currentLatencynow: 155.162", source: file:///home/seluser/ppt/player/dashjs/index.html (128)
[229:229:0130/103625.777777:INFO:CONSOLE(128)] "currentLatencynow: 156.162", source: file:///home/seluser/ppt/player/dashjs/index.html (128)
[229:229:0130/103626.925364:INFO:CONSOLE(128)] "currentLatencynow: 157.162", source: file:///home/seluser/ppt/player/dashjs/index.html (128)
[229:229:0130/103627.534215:INFO:CONSOLE(128)] "currentLatencynow: 158.162", source: file:///home/seluser/ppt/player/dashjs/index.html (128)
[229:229:0130/103628.534214:INFO:CONSOLE(128)] "currentLatencynow: 159.162", source: file:///home/seluser/ppt/player/dashjs/index.html (128)
[229:229:0130/103629.534083:INFO:CONSOLE(128)] "currentLatencynow: 160.162", source: file:///home/seluser/ppt/player/dashjs/index.html (128)
[229:229:0130/103630.534688:INFO:CONSOLE(128)] "currentLatencynow: 161.162", source: file:///home/seluser/ppt/player/dashjs/index.html (128)
[229:229:0130/103631.534055:INFO:CONSOLE(128)] "currentLatencynow: 162.162", source: file:///home/seluser/ppt/player/dashjs/index.html (128)
[229:229:0130/103632.534110:INFO:CONSOLE(128)] "currentLatencynow: 163.162", source: file:///home/seluser/ppt/player/dashjs/index.html (128)
[229:229:0130/103633.534137:INFO:CONSOLE(128)] "currentLatencynow: 164.162", source: file:///home/seluser/ppt/player/dashjs/index.html (128)
[229:229:0130/103634.534236:INFO:CONSOLE(128)] "currentLatencynow: 165.162", source: file:///home/seluser/ppt/player/dashjs/index.html (128)
[229:229:0130/103636.191489:INFO:CONSOLE(128)] "currentLatencynow: 166.162", source: file:///home/seluser/ppt/player/dashjs/index.html (128)
[229:229:0130/103636.534272:INFO:CONSOLE(128)] "currentLatencynow: 167.162", source: file:///home/seluser/ppt/player/dashjs/index.html (128)
[229:229:0130/103637.534213:INFO:CONSOLE(128)] "currentLatencynow: 168.162", source: file:///home/seluser/ppt/player/dashjs/index.html (128)
[229:229:0130/103638.534163:INFO:CONSOLE(128)] "currentLatencynow: 169.162", source: file:///home/seluser/ppt/player/dashjs/index.html (128)
[229:229:0130/103639.534147:INFO:CONSOLE(128)] "currentLatencynow: 170.162", source: file:///home/seluser/ppt/player/dashjs/index.html (128)
[229:229:0130/103640.540242:INFO:CONSOLE(128)] "currentLatencynow: 171.162", source: file:///home/seluser/ppt/player/dashjs/index.html (128)
[229:229:0130/103641.534190:INFO:CONSOLE(128)] "currentLatencynow: 172.162", source: file:///home/seluser/ppt/player/dashjs/index.html (128)
[229:229:0130/103643.056203:INFO:CONSOLE(128)] "currentLatencynow: 173.162", source: file:///home/seluser/ppt/player/dashjs/index.html (128)
[229:229:0130/103643.534132:INFO:CONSOLE(128)] "currentLatencynow: 174.162", source: file:///home/seluser/ppt/player/dashjs/index.html (128)
[229:229:0130/103644.534004:INFO:CONSOLE(128)] "currentLatencynow: 175.162", source: file:///home/seluser/ppt/player/dashjs/index.html (128)
[229:229:0130/103645.534025:INFO:CONSOLE(128)] "currentLatencynow: 176.162", source: file:///home/seluser/ppt/player/dashjs/index.html (128)
[229:229:0130/103646.533983:INFO:CONSOLE(128)] "currentLatencynow: 177.162", source: file:///home/seluser/ppt/player/dashjs/index.html (128)
[229:250:0130/103650.551791:ERROR:database.cc(1761)] History SQLite error: code 1 errno 0: cannot commit - no transaction is active sql: COMMIT
[229:229:0130/103650.553783:WARNING:pref_notifier_impl.cc(40)] Pref observer for media_router.cast_allow_all_ips found at shutdown.
