[229:293:0130/102102.685873:ERROR:bus.cc(392)] Failed to connect to the bus: Failed to connect to socket /var/run/dbus/system_bus_socket: No such file or directory
[229:256:0130/102102.687835:ERROR:bus.cc(392)] Failed to connect to the bus: Address does not contain a colon
[229:256:0130/102102.687928:ERROR:bus.cc(392)] Failed to connect to the bus: Address does not contain a colon
[229:256:0130/102102.698646:ERROR:bus.cc(392)] Failed to connect to the bus: Address does not contain a colon
[229:256:0130/102102.698749:ERROR:bus.cc(392)] Failed to connect to the bus: Address does not contain a colon
[300:300:0130/102102.701397:ERROR:gpu_init.cc(453)] Passthrough is not supported, GL is swiftshader, ANGLE is 
[229:256:0130/102102.724226:ERROR:bus.cc(392)] Failed to connect to the bus: Address does not contain a colon
[229:256:0130/102102.724277:ERROR:bus.cc(392)] Failed to connect to the bus: Address does not contain a colon
[229:393:0130/102102.841582:ERROR:bus.cc(392)] Failed to connect to the bus: Failed to connect to socket /var/run/dbus/system_bus_socket: No such file or directory
[229:393:0130/102102.841649:ERROR:bus.cc(392)] Failed to connect to the bus: Failed to connect to socket /var/run/dbus/system_bus_socket: No such file or directory
[229:393:0130/102102.841697:ERROR:bus.cc(392)] Failed to connect to the bus: Failed to connect to socket /var/run/dbus/system_bus_socket: No such file or directory
[229:393:0130/102102.841709:WARNING:property.cc(144)] DaemonVersion: GetAndBlock: failed.
[229:393:0130/102102.841736:ERROR:bus.cc(392)] Failed to connect to the bus: Failed to connect to socket /var/run/dbus/system_bus_socket: No such file or directory
[229:393:0130/102102.841767:ERROR:bus.cc(392)] Failed to connect to the bus: Failed to connect to socket /var/run/dbus/system_bus_socket: No such file or directory
[229:229:0130/102104.123498:INFO:CONSOLE(128)] "currentLatencynow: 0", source: file:///home/seluser/ppt/player/dashjs/index.html (128)
[229:308:0130/102104.927429:ERROR:chrome_browser_main_extra_parts_metrics.cc(228)] crbug.com/1216328: Checking Bluetooth availability started. Please report if there is no report that this ends.
[229:308:0130/102104.927477:ERROR:chrome_browser_main_extra_parts_metrics.cc(231)] crbug.com/1216328: Checking Bluetooth availability ended.
[229:308:0130/102104.927488:ERROR:chrome_browser_main_extra_parts_metrics.cc(234)] crbug.com/1216328: Checking default browser status started. Please report if there is no report that this ends.
[229:308:0130/102105.092142:ERROR:chrome_browser_main_extra_parts_metrics.cc(238)] crbug.com/1216328: Checking default browser status ended.
[229:229:0130/102105.123441:INFO:CONSOLE(128)] "currentLatencynow: 0", source: file:///home/seluser/ppt/player/dashjs/index.html (128)
[229:229:0130/102106.123517:INFO:CONSOLE(128)] "currentLatencynow: 0", source: file:///home/seluser/ppt/player/dashjs/index.html (128)
[229:229:0130/102107.123428:INFO:CONSOLE(128)] "currentLatencynow: 0", source: file:///home/seluser/ppt/player/dashjs/index.html (128)
[229:229:0130/102108.123427:INFO:CONSOLE(128)] "currentLatencynow: 0", source: file:///home/seluser/ppt/player/dashjs/index.html (128)
[229:229:0130/102109.123435:INFO:CONSOLE(128)] "currentLatencynow: 0", source: file:///home/seluser/ppt/player/dashjs/index.html (128)
[229:229:0130/102110.123434:INFO:CONSOLE(128)] "currentLatencynow: 0", source: file:///home/seluser/ppt/player/dashjs/index.html (128)
[229:229:0130/102111.123539:INFO:CONSOLE(128)] "currentLatencynow: 0", source: file:///home/seluser/ppt/player/dashjs/index.html (128)
[652:652:0130/102111.347182:WARNING:audio_manager_linux.cc(69)] Falling back to ALSA for audio output. PulseAudio is not available or could not be initialized.
[652:652:0130/102111.352143:ERROR:alsa_util.cc(204)] PcmOpen: default,No such file or directory
[652:652:0130/102111.352253:ERROR:alsa_util.cc(204)] PcmOpen: plug:default,No such file or directory
[229:229:0130/102112.123602:INFO:CONSOLE(128)] "currentLatencynow: 13.79", source: file:///home/seluser/ppt/player/dashjs/index.html (128)
[229:229:0130/102113.123681:INFO:CONSOLE(128)] "currentLatencynow: 14.79", source: file:///home/seluser/ppt/player/dashjs/index.html (128)
[229:229:0130/102114.123480:INFO:CONSOLE(128)] "currentLatencynow: 15.79", source: file:///home/seluser/ppt/player/dashjs/index.html (128)
[229:229:0130/102115.123595:INFO:CONSOLE(128)] "currentLatencynow: 16.791", source: file:///home/seluser/ppt/player/dashjs/index.html (128)
[229:229:0130/102116.123598:INFO:CONSOLE(128)] "currentLatencynow: 17.791", source: file:///home/seluser/ppt/player/dashjs/index.html (128)
[229:229:0130/102117.123934:INFO:CONSOLE(128)] "currentLatencynow: 18.791", source: file:///home/seluser/ppt/player/dashjs/index.html (128)
[229:229:0130/102118.123443:INFO:CONSOLE(128)] "currentLatencynow: 19.791", source: file:///home/seluser/ppt/player/dashjs/index.html (128)
[229:229:0130/102119.123468:INFO:CONSOLE(128)] "currentLatencynow: 20.791", source: file:///home/seluser/ppt/player/dashjs/index.html (128)
[229:229:0130/102120.123474:INFO:CONSOLE(128)] "currentLatencynow: 21.791", source: file:///home/seluser/ppt/player/dashjs/index.html (128)
[229:229:0130/102121.123534:INFO:CONSOLE(128)] "currentLatencynow: 22.791", source: file:///home/seluser/ppt/player/dashjs/index.html (128)
[229:229:0130/102122.123456:INFO:CONSOLE(128)] "currentLatencynow: 23.791", source: file:///home/seluser/ppt/player/dashjs/index.html (128)
[229:229:0130/102123.123614:INFO:CONSOLE(128)] "currentLatencynow: 24.791", source: file:///home/seluser/ppt/player/dashjs/index.html (128)
[229:229:0130/102124.123544:INFO:CONSOLE(128)] "currentLatencynow: 25.791", source: file:///home/seluser/ppt/player/dashjs/index.html (128)
[229:229:0130/102125.123679:INFO:CONSOLE(128)] "currentLatencynow: 26.791", source: file:///home/seluser/ppt/player/dashjs/index.html (128)
[229:229:0130/102126.123477:INFO:CONSOLE(128)] "currentLatencynow: 27.791", source: file:///home/seluser/ppt/player/dashjs/index.html (128)
[229:229:0130/102127.123555:INFO:CONSOLE(128)] "currentLatencynow: 28.791", source: file:///home/seluser/ppt/player/dashjs/index.html (128)
[229:229:0130/102128.123585:INFO:CONSOLE(128)] "currentLatencynow: 29.791", source: file:///home/seluser/ppt/player/dashjs/index.html (128)
[229:229:0130/102129.123467:INFO:CONSOLE(128)] "currentLatencynow: 30.791", source: file:///home/seluser/ppt/player/dashjs/index.html (128)
[229:229:0130/102130.123502:INFO:CONSOLE(128)] "currentLatencynow: 31.791", source: file:///home/seluser/ppt/player/dashjs/index.html (128)
[229:229:0130/102131.123517:INFO:CONSOLE(128)] "currentLatencynow: 32.791", source: file:///home/seluser/ppt/player/dashjs/index.html (128)
[229:229:0130/102132.123541:INFO:CONSOLE(128)] "currentLatencynow: 33.791", source: file:///home/seluser/ppt/player/dashjs/index.html (128)
[229:229:0130/102133.123587:INFO:CONSOLE(128)] "currentLatencynow: 34.791", source: file:///home/seluser/ppt/player/dashjs/index.html (128)
[229:229:0130/102134.123540:INFO:CONSOLE(128)] "currentLatencynow: 35.791", source: file:///home/seluser/ppt/player/dashjs/index.html (128)
[229:229:0130/102135.123415:INFO:CONSOLE(128)] "currentLatencynow: 36.791", source: file:///home/seluser/ppt/player/dashjs/index.html (128)
[229:229:0130/102136.123433:INFO:CONSOLE(128)] "currentLatencynow: 37.791", source: file:///home/seluser/ppt/player/dashjs/index.html (128)
[229:229:0130/102137.123440:INFO:CONSOLE(128)] "currentLatencynow: 38.791", source: file:///home/seluser/ppt/player/dashjs/index.html (128)
[229:229:0130/102138.123433:INFO:CONSOLE(128)] "currentLatencynow: 39.791", source: file:///home/seluser/ppt/player/dashjs/index.html (128)
[229:229:0130/102139.123471:INFO:CONSOLE(128)] "currentLatencynow: 40.791", source: file:///home/seluser/ppt/player/dashjs/index.html (128)
[229:229:0130/102140.123459:INFO:CONSOLE(128)] "currentLatencynow: 41.791", source: file:///home/seluser/ppt/player/dashjs/index.html (128)
[229:229:0130/102141.123434:INFO:CONSOLE(128)] "currentLatencynow: 42.791", source: file:///home/seluser/ppt/player/dashjs/index.html (128)
[229:229:0130/102142.123445:INFO:CONSOLE(128)] "currentLatencynow: 43.791", source: file:///home/seluser/ppt/player/dashjs/index.html (128)
[229:229:0130/102143.123424:INFO:CONSOLE(128)] "currentLatencynow: 44.791", source: file:///home/seluser/ppt/player/dashjs/index.html (128)
[229:229:0130/102144.123552:INFO:CONSOLE(128)] "currentLatencynow: 45.791", source: file:///home/seluser/ppt/player/dashjs/index.html (128)
[229:229:0130/102145.123496:INFO:CONSOLE(128)] "currentLatencynow: 46.791", source: file:///home/seluser/ppt/player/dashjs/index.html (128)
[229:229:0130/102146.123536:INFO:CONSOLE(128)] "currentLatencynow: 47.791", source: file:///home/seluser/ppt/player/dashjs/index.html (128)
[229:229:0130/102147.123700:INFO:CONSOLE(128)] "currentLatencynow: 48.791", source: file:///home/seluser/ppt/player/dashjs/index.html (128)
[229:229:0130/102148.123548:INFO:CONSOLE(128)] "currentLatencynow: 49.791", source: file:///home/seluser/ppt/player/dashjs/index.html (128)
[229:229:0130/102149.123526:INFO:CONSOLE(128)] "currentLatencynow: 50.791", source: file:///home/seluser/ppt/player/dashjs/index.html (128)
[229:229:0130/102150.123498:INFO:CONSOLE(128)] "currentLatencynow: 51.791", source: file:///home/seluser/ppt/player/dashjs/index.html (128)
[229:229:0130/102151.123483:INFO:CONSOLE(128)] "currentLatencynow: 52.791", source: file:///home/seluser/ppt/player/dashjs/index.html (128)
[229:229:0130/102152.123758:INFO:CONSOLE(128)] "currentLatencynow: 53.791", source: file:///home/seluser/ppt/player/dashjs/index.html (128)
[229:229:0130/102153.123534:INFO:CONSOLE(128)] "currentLatencynow: 54.791", source: file:///home/seluser/ppt/player/dashjs/index.html (128)
[229:229:0130/102154.123679:INFO:CONSOLE(128)] "currentLatencynow: 55.791", source: file:///home/seluser/ppt/player/dashjs/index.html (128)
[229:229:0130/102155.123736:INFO:CONSOLE(128)] "currentLatencynow: 56.791", source: file:///home/seluser/ppt/player/dashjs/index.html (128)
[229:229:0130/102156.123597:INFO:CONSOLE(128)] "currentLatencynow: 57.791", source: file:///home/seluser/ppt/player/dashjs/index.html (128)
[229:229:0130/102157.123608:INFO:CONSOLE(128)] "currentLatencynow: 58.791", source: file:///home/seluser/ppt/player/dashjs/index.html (128)
[229:229:0130/102158.123646:INFO:CONSOLE(128)] "currentLatencynow: 59.791", source: file:///home/seluser/ppt/player/dashjs/index.html (128)
[229:229:0130/102159.123587:INFO:CONSOLE(128)] "currentLatencynow: 60.791", source: file:///home/seluser/ppt/player/dashjs/index.html (128)
[229:229:0130/102200.123544:INFO:CONSOLE(128)] "currentLatencynow: 61.791", source: file:///home/seluser/ppt/player/dashjs/index.html (128)
[229:229:0130/102201.123522:INFO:CONSOLE(128)] "currentLatencynow: 62.791", source: file:///home/seluser/ppt/player/dashjs/index.html (128)
[229:229:0130/102202.123672:INFO:CONSOLE(128)] "currentLatencynow: 63.791", source: file:///home/seluser/ppt/player/dashjs/index.html (128)
[229:229:0130/102203.123478:INFO:CONSOLE(128)] "currentLatencynow: 64.79", source: file:///home/seluser/ppt/player/dashjs/index.html (128)
[229:229:0130/102204.123522:INFO:CONSOLE(128)] "currentLatencynow: 65.79", source: file:///home/seluser/ppt/player/dashjs/index.html (128)
[229:229:0130/102205.123877:INFO:CONSOLE(128)] "currentLatencynow: 66.79", source: file:///home/seluser/ppt/player/dashjs/index.html (128)
[229:229:0130/102206.123498:INFO:CONSOLE(128)] "currentLatencynow: 67.79", source: file:///home/seluser/ppt/player/dashjs/index.html (128)
[229:229:0130/102207.123614:INFO:CONSOLE(128)] "currentLatencynow: 68.79", source: file:///home/seluser/ppt/player/dashjs/index.html (128)
[229:229:0130/102208.123719:INFO:CONSOLE(128)] "currentLatencynow: 69.79", source: file:///home/seluser/ppt/player/dashjs/index.html (128)
[229:229:0130/102209.123727:INFO:CONSOLE(128)] "currentLatencynow: 70.79", source: file:///home/seluser/ppt/player/dashjs/index.html (128)
[229:229:0130/102210.123883:INFO:CONSOLE(128)] "currentLatencynow: 71.79", source: file:///home/seluser/ppt/player/dashjs/index.html (128)
[229:229:0130/102211.123794:INFO:CONSOLE(128)] "currentLatencynow: 72.79", source: file:///home/seluser/ppt/player/dashjs/index.html (128)
[229:229:0130/102212.123648:INFO:CONSOLE(128)] "currentLatencynow: 73.79", source: file:///home/seluser/ppt/player/dashjs/index.html (128)
[229:229:0130/102213.123679:INFO:CONSOLE(128)] "currentLatencynow: 74.79", source: file:///home/seluser/ppt/player/dashjs/index.html (128)
[229:229:0130/102214.123694:INFO:CONSOLE(128)] "currentLatencynow: 75.79", source: file:///home/seluser/ppt/player/dashjs/index.html (128)
[229:229:0130/102215.123603:INFO:CONSOLE(128)] "currentLatencynow: 76.79", source: file:///home/seluser/ppt/player/dashjs/index.html (128)
[229:229:0130/102216.123583:INFO:CONSOLE(128)] "currentLatencynow: 77.79", source: file:///home/seluser/ppt/player/dashjs/index.html (128)
[229:229:0130/102217.123608:INFO:CONSOLE(128)] "currentLatencynow: 78.79", source: file:///home/seluser/ppt/player/dashjs/index.html (128)
[229:229:0130/102218.123565:INFO:CONSOLE(128)] "currentLatencynow: 79.79", source: file:///home/seluser/ppt/player/dashjs/index.html (128)
[229:229:0130/102219.123630:INFO:CONSOLE(128)] "currentLatencynow: 80.79", source: file:///home/seluser/ppt/player/dashjs/index.html (128)
[229:229:0130/102220.123573:INFO:CONSOLE(128)] "currentLatencynow: 81.79", source: file:///home/seluser/ppt/player/dashjs/index.html (128)
[229:229:0130/102221.123671:INFO:CONSOLE(128)] "currentLatencynow: 82.79", source: file:///home/seluser/ppt/player/dashjs/index.html (128)
[229:229:0130/102222.123633:INFO:CONSOLE(128)] "currentLatencynow: 83.79", source: file:///home/seluser/ppt/player/dashjs/index.html (128)
[229:229:0130/102223.123712:INFO:CONSOLE(128)] "currentLatencynow: 84.79", source: file:///home/seluser/ppt/player/dashjs/index.html (128)
[229:229:0130/102224.123598:INFO:CONSOLE(128)] "currentLatencynow: 85.79", source: file:///home/seluser/ppt/player/dashjs/index.html (128)
[229:229:0130/102225.123604:INFO:CONSOLE(128)] "currentLatencynow: 86.79", source: file:///home/seluser/ppt/player/dashjs/index.html (128)
[229:229:0130/102226.123586:INFO:CONSOLE(128)] "currentLatencynow: 87.79", source: file:///home/seluser/ppt/player/dashjs/index.html (128)
[229:229:0130/102227.123553:INFO:CONSOLE(128)] "currentLatencynow: 88.79", source: file:///home/seluser/ppt/player/dashjs/index.html (128)
[229:229:0130/102228.123596:INFO:CONSOLE(128)] "currentLatencynow: 89.79", source: file:///home/seluser/ppt/player/dashjs/index.html (128)
[229:229:0130/102229.123557:INFO:CONSOLE(128)] "currentLatencynow: 90.79", source: file:///home/seluser/ppt/player/dashjs/index.html (128)
[229:229:0130/102230.123608:INFO:CONSOLE(128)] "currentLatencynow: 91.79", source: file:///home/seluser/ppt/player/dashjs/index.html (128)
[229:229:0130/102231.123524:INFO:CONSOLE(128)] "currentLatencynow: 92.79", source: file:///home/seluser/ppt/player/dashjs/index.html (128)
[229:229:0130/102232.123544:INFO:CONSOLE(128)] "currentLatencynow: 93.79", source: file:///home/seluser/ppt/player/dashjs/index.html (128)
[229:229:0130/102233.123620:INFO:CONSOLE(128)] "currentLatencynow: 94.79", source: file:///home/seluser/ppt/player/dashjs/index.html (128)
[229:229:0130/102234.123632:INFO:CONSOLE(128)] "currentLatencynow: 95.79", source: file:///home/seluser/ppt/player/dashjs/index.html (128)
[229:229:0130/102235.123544:INFO:CONSOLE(128)] "currentLatencynow: 96.79", source: file:///home/seluser/ppt/player/dashjs/index.html (128)
[229:229:0130/102236.123594:INFO:CONSOLE(128)] "currentLatencynow: 97.79", source: file:///home/seluser/ppt/player/dashjs/index.html (128)
[229:229:0130/102237.123571:INFO:CONSOLE(128)] "currentLatencynow: 98.79", source: file:///home/seluser/ppt/player/dashjs/index.html (128)
[229:229:0130/102238.123596:INFO:CONSOLE(128)] "currentLatencynow: 99.79", source: file:///home/seluser/ppt/player/dashjs/index.html (128)
[229:229:0130/102239.123643:INFO:CONSOLE(128)] "currentLatencynow: 100.79", source: file:///home/seluser/ppt/player/dashjs/index.html (128)
[229:229:0130/102240.123550:INFO:CONSOLE(128)] "currentLatencynow: 101.79", source: file:///home/seluser/ppt/player/dashjs/index.html (128)
[229:229:0130/102241.123641:INFO:CONSOLE(128)] "currentLatencynow: 102.79", source: file:///home/seluser/ppt/player/dashjs/index.html (128)
[229:229:0130/102242.123629:INFO:CONSOLE(128)] "currentLatencynow: 103.79", source: file:///home/seluser/ppt/player/dashjs/index.html (128)
[229:229:0130/102243.123665:INFO:CONSOLE(128)] "currentLatencynow: 104.79", source: file:///home/seluser/ppt/player/dashjs/index.html (128)
[229:229:0130/102244.123578:INFO:CONSOLE(128)] "currentLatencynow: 105.79", source: file:///home/seluser/ppt/player/dashjs/index.html (128)
[229:229:0130/102245.123655:INFO:CONSOLE(128)] "currentLatencynow: 106.79", source: file:///home/seluser/ppt/player/dashjs/index.html (128)
[229:229:0130/102246.123648:INFO:CONSOLE(128)] "currentLatencynow: 107.79", source: file:///home/seluser/ppt/player/dashjs/index.html (128)
[229:229:0130/102247.123589:INFO:CONSOLE(128)] "currentLatencynow: 108.79", source: file:///home/seluser/ppt/player/dashjs/index.html (128)
[229:229:0130/102248.123676:INFO:CONSOLE(128)] "currentLatencynow: 109.79", source: file:///home/seluser/ppt/player/dashjs/index.html (128)
[229:229:0130/102249.123651:INFO:CONSOLE(128)] "currentLatencynow: 110.79", source: file:///home/seluser/ppt/player/dashjs/index.html (128)
[229:229:0130/102250.123720:INFO:CONSOLE(128)] "currentLatencynow: 111.79", source: file:///home/seluser/ppt/player/dashjs/index.html (128)
[229:229:0130/102251.123674:INFO:CONSOLE(128)] "currentLatencynow: 112.79", source: file:///home/seluser/ppt/player/dashjs/index.html (128)
[229:229:0130/102252.123855:INFO:CONSOLE(128)] "currentLatencynow: 113.79", source: file:///home/seluser/ppt/player/dashjs/index.html (128)
[229:229:0130/102253.123619:INFO:CONSOLE(128)] "currentLatencynow: 114.79", source: file:///home/seluser/ppt/player/dashjs/index.html (128)
[229:229:0130/102254.123840:INFO:CONSOLE(128)] "currentLatencynow: 115.79", source: file:///home/seluser/ppt/player/dashjs/index.html (128)
[229:229:0130/102255.123790:INFO:CONSOLE(128)] "currentLatencynow: 116.79", source: file:///home/seluser/ppt/player/dashjs/index.html (128)
[229:229:0130/102256.123671:INFO:CONSOLE(128)] "currentLatencynow: 117.79", source: file:///home/seluser/ppt/player/dashjs/index.html (128)
[229:229:0130/102257.123689:INFO:CONSOLE(128)] "currentLatencynow: 118.79", source: file:///home/seluser/ppt/player/dashjs/index.html (128)
[229:229:0130/102258.123909:INFO:CONSOLE(128)] "currentLatencynow: 119.79", source: file:///home/seluser/ppt/player/dashjs/index.html (128)
[229:229:0130/102259.123818:INFO:CONSOLE(128)] "currentLatencynow: 120.79", source: file:///home/seluser/ppt/player/dashjs/index.html (128)
[229:229:0130/102300.123926:INFO:CONSOLE(128)] "currentLatencynow: 121.79", source: file:///home/seluser/ppt/player/dashjs/index.html (128)
[229:229:0130/102301.123880:INFO:CONSOLE(128)] "currentLatencynow: 122.79", source: file:///home/seluser/ppt/player/dashjs/index.html (128)
[229:229:0130/102302.123648:INFO:CONSOLE(128)] "currentLatencynow: 123.79", source: file:///home/seluser/ppt/player/dashjs/index.html (128)
[229:229:0130/102303.123765:INFO:CONSOLE(114)] "Begin Player stistics 
", source: file:///home/seluser/ppt/player/dashjs/index.html (114)
[229:229:0130/102303.123990:INFO:CONSOLE(115)] "["stall",[["availibleBW",[null],[null],[null],[null],[null],[null],[null],[null],[372],[372],[372],[372],[372],[372],[372],[372],[372],[372],[372],[372],[372],[372],[372],[372],[372],[372],[372],[372],[372],[372],[372],[372],[372],[372],[372],[372],[372],[372],[372],[372],[372],[372],[372],[372],[372],[372],[372],[372],[372],[372],[372],[372],[372],[372],[372],[372],[372],[372],[372],[372],[372],[372],[372],[372],[372],[372],[372],[372],[372],[372],[372],[372],[372],[372],[372],[372],[372],[372],[372],[372],[372],[372],[372],[372],[372],[372],[372],[372],[372],[372],[372],[372],[372],[372],[372],[372],[372],[372],[372],[372],[372],[372],[372],[372],[372],[372],[372],[372],[372],[372],[372],[372],[372],[372],[372],[372],[372],[372],[372]]],[["currentBuffer",[0],[0],[0],[0],[0],[0],[0],[0],[2.002],[2.002],[2.002],[2.002],[2.002],[2.002],[2.002],[2.002],[2.002],[2.002],[2.002],[2.002],[2.002],[2.002],[2.002],[2.002],[2.002],[2.002],[2.002],[2.002],[2.002],[2.002],[2.002],[2.002],[2.002],[2.002],[2.002],[2.002],[2.002],[2.002],[2.002],[2.002],[2.002],[2.002],[2.002],[2.002],[2.002],[2.002],[2.002],[2.002],[2.002],[2.002],[2.002],[2.002],[2.002],[2.002],[2.002],[2.002],[2.002],[2.002],[2.002],[2.002],[2.002],[2.002],[2.002],[2.002],[2.002],[2.002],[2.002],[2.002],[2.002],[2.002],[2.002],[2.002],[2.002],[2.002],[2.002],[2.002],[2.002],[2.002],[2.002],[2.002],[2.002],[2.002],[2.002],[2.002],[2.002],[2.002],[2.002],[2.002],[2.002],[2.002],[2.002],[2.002],[2.002],[2.002],[2.002],[2.002],[2.002],[2.002],[2.002],[2.002],[2.002],[2.002],[2.002],[2.002],[2.002],[2.002],[2.002],[2.002],[2.002],[2.002],[2.002],[2.002],[2.002],[2.002],[2.002],[2.002],[2.002],[2.002],[2.002]]],[["currentLatency",[0],[0],[0],[0],[0],[0],[0],[0],[13.79],[14.79],[15.79],[16.791],[17.791],[18.791],[19.791],[20.791],[21.791],[22.791],[23.791],[24.791],[25.791],[26.791],[27.791],[28.791],[29.791],[30.791],[31.791],[32.791],[33.791],[34.791],[35.791],[36.791],[37.791],[38.791],[39.791],[40.791],[41.791],[42.791],[43.791],[44.791],[45.791],[46.791],[47.791],[48.791],[49.791],[50.791],[51.791],[52.791],[53.791],[54.791],[55.791],[56.791],[57.791],[58.791],[59.791],[60.791],[61.791],[62.791],[63.791],[64.79],[65.79],[66.79],[67.79],[68.79],[69.79],[70.79],[71.79],[72.79],[73.79],[74.79],[75.79],[76.79],[77.79],[78.79],[79.79],[80.79],[81.79],[82.79],[83.79],[84.79],[85.79],[86.79],[87.79],[88.79],[89.79],[90.79],[91.79],[92.79],[93.79],[94.79],[95.79],[96.79],[97.79],[98.79],[99.79],[100.79],[101.79],[102.79],[103.79],[104.79],[105.79],[106.79],[107.79],[108.79],[109.79],[110.79],[111.79],[112.79],[113.79],[114.79],[115.79],[116.79],[117.79],[118.79],[119.79],[120.79],[121.79],[122.79],[123.79]]]]", source: file:///home/seluser/ppt/player/dashjs/index.html (115)
[229:229:0130/102303.124217:INFO:CONSOLE(116)] "
", source: file:///home/seluser/ppt/player/dashjs/index.html (116)
[229:229:0130/102303.124247:INFO:CONSOLE(117)] "Finish Player stistics 
", source: file:///home/seluser/ppt/player/dashjs/index.html (117)
[229:229:0130/102303.124279:INFO:CONSOLE(128)] "currentLatencynow: 124.79", source: file:///home/seluser/ppt/player/dashjs/index.html (128)
[229:229:0130/102304.124021:INFO:CONSOLE(128)] "currentLatencynow: 125.79", source: file:///home/seluser/ppt/player/dashjs/index.html (128)
[229:229:0130/102305.123739:INFO:CONSOLE(128)] "currentLatencynow: 126.79", source: file:///home/seluser/ppt/player/dashjs/index.html (128)
[229:229:0130/102306.123583:INFO:CONSOLE(128)] "currentLatencynow: 127.79", source: file:///home/seluser/ppt/player/dashjs/index.html (128)
[229:229:0130/102307.123572:INFO:CONSOLE(128)] "currentLatencynow: 128.791", source: file:///home/seluser/ppt/player/dashjs/index.html (128)
[229:229:0130/102308.123565:INFO:CONSOLE(128)] "currentLatencynow: 129.791", source: file:///home/seluser/ppt/player/dashjs/index.html (128)
[229:229:0130/102309.123614:INFO:CONSOLE(128)] "currentLatencynow: 130.791", source: file:///home/seluser/ppt/player/dashjs/index.html (128)
[229:229:0130/102310.123621:INFO:CONSOLE(128)] "currentLatencynow: 131.791", source: file:///home/seluser/ppt/player/dashjs/index.html (128)
[229:229:0130/102311.123586:INFO:CONSOLE(128)] "currentLatencynow: 132.791", source: file:///home/seluser/ppt/player/dashjs/index.html (128)
[229:229:0130/102312.123609:INFO:CONSOLE(128)] "currentLatencynow: 133.791", source: file:///home/seluser/ppt/player/dashjs/index.html (128)
[229:229:0130/102313.123566:INFO:CONSOLE(128)] "currentLatencynow: 134.791", source: file:///home/seluser/ppt/player/dashjs/index.html (128)
[229:229:0130/102314.123555:INFO:CONSOLE(128)] "currentLatencynow: 135.791", source: file:///home/seluser/ppt/player/dashjs/index.html (128)
[229:229:0130/102315.123606:INFO:CONSOLE(128)] "currentLatencynow: 136.791", source: file:///home/seluser/ppt/player/dashjs/index.html (128)
[229:229:0130/102316.123660:INFO:CONSOLE(128)] "currentLatencynow: 137.791", source: file:///home/seluser/ppt/player/dashjs/index.html (128)
[229:229:0130/102317.123703:INFO:CONSOLE(128)] "currentLatencynow: 138.791", source: file:///home/seluser/ppt/player/dashjs/index.html (128)
[229:229:0130/102318.123727:INFO:CONSOLE(128)] "currentLatencynow: 139.791", source: file:///home/seluser/ppt/player/dashjs/index.html (128)
[229:229:0130/102319.123761:INFO:CONSOLE(128)] "currentLatencynow: 140.791", source: file:///home/seluser/ppt/player/dashjs/index.html (128)
[229:229:0130/102320.123672:INFO:CONSOLE(128)] "currentLatencynow: 141.791", source: file:///home/seluser/ppt/player/dashjs/index.html (128)
[229:229:0130/102321.123614:INFO:CONSOLE(128)] "currentLatencynow: 142.791", source: file:///home/seluser/ppt/player/dashjs/index.html (128)
[229:229:0130/102322.123632:INFO:CONSOLE(128)] "currentLatencynow: 143.791", source: file:///home/seluser/ppt/player/dashjs/index.html (128)
[229:229:0130/102323.124440:INFO:CONSOLE(128)] "currentLatencynow: 144.791", source: file:///home/seluser/ppt/player/dashjs/index.html (128)
[229:229:0130/102324.123691:INFO:CONSOLE(128)] "currentLatencynow: 145.791", source: file:///home/seluser/ppt/player/dashjs/index.html (128)
[229:229:0130/102325.123614:INFO:CONSOLE(128)] "currentLatencynow: 146.791", source: file:///home/seluser/ppt/player/dashjs/index.html (128)
[229:229:0130/102326.123655:INFO:CONSOLE(128)] "currentLatencynow: 147.791", source: file:///home/seluser/ppt/player/dashjs/index.html (128)
[229:229:0130/102327.123603:INFO:CONSOLE(128)] "currentLatencynow: 148.791", source: file:///home/seluser/ppt/player/dashjs/index.html (128)
[229:229:0130/102328.123850:INFO:CONSOLE(128)] "currentLatencynow: 149.791", source: file:///home/seluser/ppt/player/dashjs/index.html (128)
[229:229:0130/102329.123635:INFO:CONSOLE(128)] "currentLatencynow: 150.791", source: file:///home/seluser/ppt/player/dashjs/index.html (128)
[229:229:0130/102330.123610:INFO:CONSOLE(128)] "currentLatencynow: 151.791", source: file:///home/seluser/ppt/player/dashjs/index.html (128)
[229:229:0130/102331.123610:INFO:CONSOLE(128)] "currentLatencynow: 152.791", source: file:///home/seluser/ppt/player/dashjs/index.html (128)
[229:229:0130/102332.123667:INFO:CONSOLE(128)] "currentLatencynow: 153.791", source: file:///home/seluser/ppt/player/dashjs/index.html (128)
[229:229:0130/102333.123539:INFO:CONSOLE(128)] "currentLatencynow: 154.791", source: file:///home/seluser/ppt/player/dashjs/index.html (128)
[229:229:0130/102334.123490:INFO:CONSOLE(128)] "currentLatencynow: 155.791", source: file:///home/seluser/ppt/player/dashjs/index.html (128)
[229:229:0130/102335.123493:INFO:CONSOLE(128)] "currentLatencynow: 156.791", source: file:///home/seluser/ppt/player/dashjs/index.html (128)
[229:229:0130/102336.123506:INFO:CONSOLE(128)] "currentLatencynow: 157.791", source: file:///home/seluser/ppt/player/dashjs/index.html (128)
[229:229:0130/102337.123564:INFO:CONSOLE(128)] "currentLatencynow: 158.791", source: file:///home/seluser/ppt/player/dashjs/index.html (128)
[229:229:0130/102338.123600:INFO:CONSOLE(128)] "currentLatencynow: 159.791", source: file:///home/seluser/ppt/player/dashjs/index.html (128)
[229:229:0130/102339.123583:INFO:CONSOLE(128)] "currentLatencynow: 160.791", source: file:///home/seluser/ppt/player/dashjs/index.html (128)
[229:229:0130/102340.123427:INFO:CONSOLE(128)] "currentLatencynow: 161.791", source: file:///home/seluser/ppt/player/dashjs/index.html (128)
[229:229:0130/102341.123545:INFO:CONSOLE(128)] "currentLatencynow: 162.791", source: file:///home/seluser/ppt/player/dashjs/index.html (128)
[229:229:0130/102342.123479:INFO:CONSOLE(128)] "currentLatencynow: 163.791", source: file:///home/seluser/ppt/player/dashjs/index.html (128)
[229:229:0130/102343.123558:INFO:CONSOLE(128)] "currentLatencynow: 164.791", source: file:///home/seluser/ppt/player/dashjs/index.html (128)
[229:229:0130/102344.123483:INFO:CONSOLE(128)] "currentLatencynow: 165.791", source: file:///home/seluser/ppt/player/dashjs/index.html (128)
[229:229:0130/102345.123490:INFO:CONSOLE(128)] "currentLatencynow: 166.791", source: file:///home/seluser/ppt/player/dashjs/index.html (128)
[229:229:0130/102346.123561:INFO:CONSOLE(128)] "currentLatencynow: 167.791", source: file:///home/seluser/ppt/player/dashjs/index.html (128)
[229:229:0130/102347.123552:INFO:CONSOLE(128)] "currentLatencynow: 168.791", source: file:///home/seluser/ppt/player/dashjs/index.html (128)
[229:229:0130/102348.123577:INFO:CONSOLE(128)] "currentLatencynow: 169.791", source: file:///home/seluser/ppt/player/dashjs/index.html (128)
[229:229:0130/102349.123461:INFO:CONSOLE(128)] "currentLatencynow: 170.791", source: file:///home/seluser/ppt/player/dashjs/index.html (128)
[229:229:0130/102350.123611:INFO:CONSOLE(128)] "currentLatencynow: 171.791", source: file:///home/seluser/ppt/player/dashjs/index.html (128)
[229:229:0130/102351.123665:INFO:CONSOLE(128)] "currentLatencynow: 172.791", source: file:///home/seluser/ppt/player/dashjs/index.html (128)
[229:229:0130/102352.123582:INFO:CONSOLE(128)] "currentLatencynow: 173.791", source: file:///home/seluser/ppt/player/dashjs/index.html (128)
[229:229:0130/102353.123497:INFO:CONSOLE(128)] "currentLatencynow: 174.791", source: file:///home/seluser/ppt/player/dashjs/index.html (128)
[229:229:0130/102354.123551:INFO:CONSOLE(128)] "currentLatencynow: 175.791", source: file:///home/seluser/ppt/player/dashjs/index.html (128)
[229:229:0130/102355.123590:INFO:CONSOLE(128)] "currentLatencynow: 176.791", source: file:///home/seluser/ppt/player/dashjs/index.html (128)
[229:229:0130/102356.123606:INFO:CONSOLE(128)] "currentLatencynow: 177.791", source: file:///home/seluser/ppt/player/dashjs/index.html (128)
[229:229:0130/102357.123588:INFO:CONSOLE(128)] "currentLatencynow: 178.791", source: file:///home/seluser/ppt/player/dashjs/index.html (128)
[229:229:0130/102358.123557:INFO:CONSOLE(128)] "currentLatencynow: 179.791", source: file:///home/seluser/ppt/player/dashjs/index.html (128)
[229:229:0130/102359.123577:INFO:CONSOLE(128)] "currentLatencynow: 180.791", source: file:///home/seluser/ppt/player/dashjs/index.html (128)
[229:229:0130/102400.123578:INFO:CONSOLE(128)] "currentLatencynow: 181.791", source: file:///home/seluser/ppt/player/dashjs/index.html (128)
[229:229:0130/102401.123600:INFO:CONSOLE(128)] "currentLatencynow: 182.791", source: file:///home/seluser/ppt/player/dashjs/index.html (128)
[229:229:0130/102402.123501:INFO:CONSOLE(128)] "currentLatencynow: 183.791", source: file:///home/seluser/ppt/player/dashjs/index.html (128)
[229:229:0130/102403.123605:INFO:CONSOLE(128)] "currentLatencynow: 184.791", source: file:///home/seluser/ppt/player/dashjs/index.html (128)
[229:229:0130/102403.319721:WARNING:pref_notifier_impl.cc(40)] Pref observer for media_router.cast_allow_all_ips found at shutdown.
