[230:294:0130/102102.837436:ERROR:bus.cc(392)] Failed to connect to the bus: Failed to connect to socket /var/run/dbus/system_bus_socket: No such file or directory
[230:257:0130/102102.840601:ERROR:bus.cc(392)] Failed to connect to the bus: Address does not contain a colon
[230:257:0130/102102.840662:ERROR:bus.cc(392)] Failed to connect to the bus: Address does not contain a colon
[230:257:0130/102102.853109:ERROR:bus.cc(392)] Failed to connect to the bus: Address does not contain a colon
[230:257:0130/102102.853232:ERROR:bus.cc(392)] Failed to connect to the bus: Address does not contain a colon
[301:301:0130/102102.854920:ERROR:gpu_init.cc(453)] Passthrough is not supported, GL is swiftshader, ANGLE is 
[230:257:0130/102102.878350:ERROR:bus.cc(392)] Failed to connect to the bus: Address does not contain a colon
[230:257:0130/102102.878403:ERROR:bus.cc(392)] Failed to connect to the bus: Address does not contain a colon
[230:391:0130/102102.980469:ERROR:bus.cc(392)] Failed to connect to the bus: Failed to connect to socket /var/run/dbus/system_bus_socket: No such file or directory
[230:391:0130/102102.980546:ERROR:bus.cc(392)] Failed to connect to the bus: Failed to connect to socket /var/run/dbus/system_bus_socket: No such file or directory
[230:391:0130/102102.980604:ERROR:bus.cc(392)] Failed to connect to the bus: Failed to connect to socket /var/run/dbus/system_bus_socket: No such file or directory
[230:391:0130/102102.980618:WARNING:property.cc(144)] DaemonVersion: GetAndBlock: failed.
[230:391:0130/102102.980658:ERROR:bus.cc(392)] Failed to connect to the bus: Failed to connect to socket /var/run/dbus/system_bus_socket: No such file or directory
[230:391:0130/102102.980702:ERROR:bus.cc(392)] Failed to connect to the bus: Failed to connect to socket /var/run/dbus/system_bus_socket: No such file or directory
[230:230:0130/102104.248775:INFO:CONSOLE(128)] "currentLatencynow: NaN", source: file:///home/seluser/ppt/player/dashjs/index.html (128)
[230:316:0130/102105.205560:ERROR:chrome_browser_main_extra_parts_metrics.cc(228)] crbug.com/1216328: Checking Bluetooth availability started. Please report if there is no report that this ends.
[230:316:0130/102105.205614:ERROR:chrome_browser_main_extra_parts_metrics.cc(231)] crbug.com/1216328: Checking Bluetooth availability ended.
[230:316:0130/102105.205632:ERROR:chrome_browser_main_extra_parts_metrics.cc(234)] crbug.com/1216328: Checking default browser status started. Please report if there is no report that this ends.
[230:230:0130/102105.251384:INFO:CONSOLE(128)] "currentLatencynow: 0", source: file:///home/seluser/ppt/player/dashjs/index.html (128)
[230:316:0130/102105.383476:ERROR:chrome_browser_main_extra_parts_metrics.cc(238)] crbug.com/1216328: Checking default browser status ended.
[230:230:0130/102106.248228:INFO:CONSOLE(128)] "currentLatencynow: 0", source: file:///home/seluser/ppt/player/dashjs/index.html (128)
[230:230:0130/102107.248440:INFO:CONSOLE(128)] "currentLatencynow: 0", source: file:///home/seluser/ppt/player/dashjs/index.html (128)
[639:639:0130/102107.858276:WARNING:audio_manager_linux.cc(69)] Falling back to ALSA for audio output. PulseAudio is not available or could not be initialized.
[639:639:0130/102107.863049:ERROR:alsa_util.cc(204)] PcmOpen: default,No such file or directory
[639:639:0130/102107.863147:ERROR:alsa_util.cc(204)] PcmOpen: plug:default,No such file or directory
[230:230:0130/102108.248300:INFO:CONSOLE(128)] "currentLatencynow: 7.577", source: file:///home/seluser/ppt/player/dashjs/index.html (128)
[230:230:0130/102109.248227:INFO:CONSOLE(128)] "currentLatencynow: 8.577", source: file:///home/seluser/ppt/player/dashjs/index.html (128)
[230:230:0130/102110.248216:INFO:CONSOLE(128)] "currentLatencynow: 9.577", source: file:///home/seluser/ppt/player/dashjs/index.html (128)
[230:230:0130/102111.248320:INFO:CONSOLE(128)] "currentLatencynow: 10.578", source: file:///home/seluser/ppt/player/dashjs/index.html (128)
[230:230:0130/102112.248502:INFO:CONSOLE(128)] "currentLatencynow: 11.578", source: file:///home/seluser/ppt/player/dashjs/index.html (128)
[230:230:0130/102113.248633:INFO:CONSOLE(128)] "currentLatencynow: 12.577", source: file:///home/seluser/ppt/player/dashjs/index.html (128)
[230:257:0130/102113.539033:ERROR:bus.cc(392)] Failed to connect to the bus: Address does not contain a colon
[230:257:0130/102113.539128:ERROR:bus.cc(392)] Failed to connect to the bus: Address does not contain a colon
[230:257:0130/102113.539150:ERROR:bus.cc(392)] Failed to connect to the bus: Address does not contain a colon
[230:257:0130/102113.539162:ERROR:bus.cc(392)] Failed to connect to the bus: Address does not contain a colon
[230:257:0130/102113.539184:ERROR:bus.cc(392)] Failed to connect to the bus: Address does not contain a colon
[230:257:0130/102113.539201:ERROR:bus.cc(392)] Failed to connect to the bus: Address does not contain a colon
[230:257:0130/102113.539222:ERROR:bus.cc(392)] Failed to connect to the bus: Address does not contain a colon
[230:257:0130/102113.539236:ERROR:bus.cc(392)] Failed to connect to the bus: Address does not contain a colon
[230:257:0130/102113.539246:ERROR:bus.cc(392)] Failed to connect to the bus: Address does not contain a colon
[230:257:0130/102113.539264:ERROR:bus.cc(392)] Failed to connect to the bus: Address does not contain a colon
[230:257:0130/102113.539285:ERROR:bus.cc(392)] Failed to connect to the bus: Address does not contain a colon
[230:257:0130/102113.539298:ERROR:bus.cc(392)] Failed to connect to the bus: Address does not contain a colon
[230:257:0130/102113.539315:ERROR:bus.cc(392)] Failed to connect to the bus: Address does not contain a colon
[230:257:0130/102113.539329:ERROR:bus.cc(392)] Failed to connect to the bus: Address does not contain a colon
[230:257:0130/102113.542989:ERROR:bus.cc(392)] Failed to connect to the bus: Address does not contain a colon
[230:257:0130/102113.543031:ERROR:bus.cc(392)] Failed to connect to the bus: Address does not contain a colon
[230:257:0130/102113.543052:ERROR:bus.cc(392)] Failed to connect to the bus: Address does not contain a colon
[230:257:0130/102113.605366:ERROR:bus.cc(392)] Failed to connect to the bus: Address does not contain a colon
[230:257:0130/102113.605408:ERROR:bus.cc(392)] Failed to connect to the bus: Address does not contain a colon
[230:230:0130/102114.248238:INFO:CONSOLE(128)] "currentLatencynow: 12.891", source: file:///home/seluser/ppt/player/dashjs/index.html (128)
[230:230:0130/102115.248168:INFO:CONSOLE(128)] "currentLatencynow: 12.934", source: file:///home/seluser/ppt/player/dashjs/index.html (128)
[230:230:0130/102116.248239:INFO:CONSOLE(128)] "currentLatencynow: 13.741", source: file:///home/seluser/ppt/player/dashjs/index.html (128)
[230:230:0130/102117.248206:INFO:CONSOLE(128)] "currentLatencynow: 13.741", source: file:///home/seluser/ppt/player/dashjs/index.html (128)
[230:230:0130/102118.248129:INFO:CONSOLE(128)] "currentLatencynow: 13.927", source: file:///home/seluser/ppt/player/dashjs/index.html (128)
[230:230:0130/102119.248154:INFO:CONSOLE(128)] "currentLatencynow: 14.927", source: file:///home/seluser/ppt/player/dashjs/index.html (128)
[230:230:0130/102120.248256:INFO:CONSOLE(128)] "currentLatencynow: 15.927", source: file:///home/seluser/ppt/player/dashjs/index.html (128)
[230:230:0130/102121.248118:INFO:CONSOLE(128)] "currentLatencynow: 16.927", source: file:///home/seluser/ppt/player/dashjs/index.html (128)
[230:230:0130/102122.248326:INFO:CONSOLE(128)] "currentLatencynow: 17.927", source: file:///home/seluser/ppt/player/dashjs/index.html (128)
[230:230:0130/102123.248327:INFO:CONSOLE(128)] "currentLatencynow: 18.927", source: file:///home/seluser/ppt/player/dashjs/index.html (128)
[230:230:0130/102124.248125:INFO:CONSOLE(128)] "currentLatencynow: 19.927", source: file:///home/seluser/ppt/player/dashjs/index.html (128)
[230:230:0130/102125.248343:INFO:CONSOLE(128)] "currentLatencynow: 20.927", source: file:///home/seluser/ppt/player/dashjs/index.html (128)
[230:230:0130/102126.248227:INFO:CONSOLE(128)] "currentLatencynow: 21.927", source: file:///home/seluser/ppt/player/dashjs/index.html (128)
[230:230:0130/102127.248214:INFO:CONSOLE(128)] "currentLatencynow: 22.927", source: file:///home/seluser/ppt/player/dashjs/index.html (128)
[230:230:0130/102128.248270:INFO:CONSOLE(128)] "currentLatencynow: 23.927", source: file:///home/seluser/ppt/player/dashjs/index.html (128)
[230:257:0130/102129.200770:ERROR:bus.cc(392)] Failed to connect to the bus: Address does not contain a colon
[230:257:0130/102129.200862:ERROR:bus.cc(392)] Failed to connect to the bus: Address does not contain a colon
[230:230:0130/102129.248215:INFO:CONSOLE(128)] "currentLatencynow: 24.791", source: file:///home/seluser/ppt/player/dashjs/index.html (128)
[230:230:0130/102130.248197:INFO:CONSOLE(128)] "currentLatencynow: 24.693", source: file:///home/seluser/ppt/player/dashjs/index.html (128)
[230:230:0130/102131.248287:INFO:CONSOLE(128)] "currentLatencynow: 24.909", source: file:///home/seluser/ppt/player/dashjs/index.html (128)
[230:230:0130/102132.248141:INFO:CONSOLE(128)] "currentLatencynow: 25.909", source: file:///home/seluser/ppt/player/dashjs/index.html (128)
[230:230:0130/102133.248169:INFO:CONSOLE(128)] "currentLatencynow: 26.909", source: file:///home/seluser/ppt/player/dashjs/index.html (128)
[230:257:0130/102134.073474:ERROR:bus.cc(392)] Failed to connect to the bus: Address does not contain a colon
[230:257:0130/102134.073534:ERROR:bus.cc(392)] Failed to connect to the bus: Address does not contain a colon
[230:230:0130/102134.248120:INFO:CONSOLE(128)] "currentLatencynow: 27.668", source: file:///home/seluser/ppt/player/dashjs/index.html (128)
[230:230:0130/102135.248306:INFO:CONSOLE(128)] "currentLatencynow: 27.568", source: file:///home/seluser/ppt/player/dashjs/index.html (128)
[230:230:0130/102136.248172:INFO:CONSOLE(128)] "currentLatencynow: 27.886", source: file:///home/seluser/ppt/player/dashjs/index.html (128)
[230:230:0130/102137.248244:INFO:CONSOLE(128)] "currentLatencynow: 28.886", source: file:///home/seluser/ppt/player/dashjs/index.html (128)
[230:230:0130/102138.248392:INFO:CONSOLE(128)] "currentLatencynow: 29.887", source: file:///home/seluser/ppt/player/dashjs/index.html (128)
[230:257:0130/102138.746195:ERROR:bus.cc(392)] Failed to connect to the bus: Address does not contain a colon
[230:257:0130/102138.746266:ERROR:bus.cc(392)] Failed to connect to the bus: Address does not contain a colon
[230:230:0130/102139.248170:INFO:CONSOLE(128)] "currentLatencynow: 30.077", source: file:///home/seluser/ppt/player/dashjs/index.html (128)
[230:230:0130/102140.248288:INFO:CONSOLE(128)] "currentLatencynow: 30.077", source: file:///home/seluser/ppt/player/dashjs/index.html (128)
[230:230:0130/102141.248199:INFO:CONSOLE(128)] "currentLatencynow: 30.67", source: file:///home/seluser/ppt/player/dashjs/index.html (128)
[230:230:0130/102142.248230:INFO:CONSOLE(128)] "currentLatencynow: 31.67", source: file:///home/seluser/ppt/player/dashjs/index.html (128)
[230:230:0130/102143.248297:INFO:CONSOLE(128)] "currentLatencynow: 32.67", source: file:///home/seluser/ppt/player/dashjs/index.html (128)
[230:230:0130/102144.248261:INFO:CONSOLE(128)] "currentLatencynow: 33.67", source: file:///home/seluser/ppt/player/dashjs/index.html (128)
[230:230:0130/102145.248237:INFO:CONSOLE(128)] "currentLatencynow: 34.67", source: file:///home/seluser/ppt/player/dashjs/index.html (128)
[230:230:0130/102146.248343:INFO:CONSOLE(128)] "currentLatencynow: 35.67", source: file:///home/seluser/ppt/player/dashjs/index.html (128)
[230:230:0130/102147.248328:INFO:CONSOLE(128)] "currentLatencynow: 36.67", source: file:///home/seluser/ppt/player/dashjs/index.html (128)
[230:230:0130/102148.248371:INFO:CONSOLE(128)] "currentLatencynow: 37.67", source: file:///home/seluser/ppt/player/dashjs/index.html (128)
[230:230:0130/102149.248287:INFO:CONSOLE(128)] "currentLatencynow: 38.67", source: file:///home/seluser/ppt/player/dashjs/index.html (128)
[230:230:0130/102150.248349:INFO:CONSOLE(128)] "currentLatencynow: 39.67", source: file:///home/seluser/ppt/player/dashjs/index.html (128)
[230:230:0130/102151.248508:INFO:CONSOLE(128)] "currentLatencynow: 40.67", source: file:///home/seluser/ppt/player/dashjs/index.html (128)
[230:230:0130/102152.248360:INFO:CONSOLE(128)] "currentLatencynow: 41.67", source: file:///home/seluser/ppt/player/dashjs/index.html (128)
[230:230:0130/102153.248401:INFO:CONSOLE(128)] "currentLatencynow: 42.67", source: file:///home/seluser/ppt/player/dashjs/index.html (128)
[230:230:0130/102154.248400:INFO:CONSOLE(128)] "currentLatencynow: 43.67", source: file:///home/seluser/ppt/player/dashjs/index.html (128)
[230:230:0130/102155.248491:INFO:CONSOLE(128)] "currentLatencynow: 44.67", source: file:///home/seluser/ppt/player/dashjs/index.html (128)
[230:230:0130/102156.248421:INFO:CONSOLE(128)] "currentLatencynow: 45.67", source: file:///home/seluser/ppt/player/dashjs/index.html (128)
[230:230:0130/102157.248344:INFO:CONSOLE(128)] "currentLatencynow: 46.67", source: file:///home/seluser/ppt/player/dashjs/index.html (128)
[230:230:0130/102158.248377:INFO:CONSOLE(128)] "currentLatencynow: 47.67", source: file:///home/seluser/ppt/player/dashjs/index.html (128)
[230:230:0130/102159.248388:INFO:CONSOLE(128)] "currentLatencynow: 48.67", source: file:///home/seluser/ppt/player/dashjs/index.html (128)
[230:230:0130/102200.248394:INFO:CONSOLE(128)] "currentLatencynow: 49.67", source: file:///home/seluser/ppt/player/dashjs/index.html (128)
[230:230:0130/102201.248373:INFO:CONSOLE(128)] "currentLatencynow: 50.67", source: file:///home/seluser/ppt/player/dashjs/index.html (128)
[230:230:0130/102202.248457:INFO:CONSOLE(128)] "currentLatencynow: 51.67", source: file:///home/seluser/ppt/player/dashjs/index.html (128)
[230:230:0130/102203.248174:INFO:CONSOLE(128)] "currentLatencynow: 52.67", source: file:///home/seluser/ppt/player/dashjs/index.html (128)
[230:230:0130/102204.248342:INFO:CONSOLE(128)] "currentLatencynow: 53.67", source: file:///home/seluser/ppt/player/dashjs/index.html (128)
[230:230:0130/102205.248421:INFO:CONSOLE(128)] "currentLatencynow: 54.67", source: file:///home/seluser/ppt/player/dashjs/index.html (128)
[230:230:0130/102206.248256:INFO:CONSOLE(128)] "currentLatencynow: 55.67", source: file:///home/seluser/ppt/player/dashjs/index.html (128)
[230:230:0130/102207.248248:INFO:CONSOLE(128)] "currentLatencynow: 56.67", source: file:///home/seluser/ppt/player/dashjs/index.html (128)
[230:230:0130/102208.248362:INFO:CONSOLE(128)] "currentLatencynow: 57.67", source: file:///home/seluser/ppt/player/dashjs/index.html (128)
[230:230:0130/102209.248510:INFO:CONSOLE(128)] "currentLatencynow: 58.67", source: file:///home/seluser/ppt/player/dashjs/index.html (128)
[230:230:0130/102210.248670:INFO:CONSOLE(128)] "currentLatencynow: 59.671", source: file:///home/seluser/ppt/player/dashjs/index.html (128)
[230:230:0130/102211.248354:INFO:CONSOLE(128)] "currentLatencynow: 60.67", source: file:///home/seluser/ppt/player/dashjs/index.html (128)
[230:230:0130/102212.248442:INFO:CONSOLE(128)] "currentLatencynow: 61.67", source: file:///home/seluser/ppt/player/dashjs/index.html (128)
[230:230:0130/102213.248446:INFO:CONSOLE(128)] "currentLatencynow: 62.67", source: file:///home/seluser/ppt/player/dashjs/index.html (128)
[230:230:0130/102214.248290:INFO:CONSOLE(128)] "currentLatencynow: 63.67", source: file:///home/seluser/ppt/player/dashjs/index.html (128)
[230:230:0130/102215.248400:INFO:CONSOLE(128)] "currentLatencynow: 64.67", source: file:///home/seluser/ppt/player/dashjs/index.html (128)
[230:230:0130/102216.248416:INFO:CONSOLE(128)] "currentLatencynow: 65.67", source: file:///home/seluser/ppt/player/dashjs/index.html (128)
[230:230:0130/102217.248427:INFO:CONSOLE(128)] "currentLatencynow: 66.67", source: file:///home/seluser/ppt/player/dashjs/index.html (128)
[230:230:0130/102218.248488:INFO:CONSOLE(128)] "currentLatencynow: 67.67", source: file:///home/seluser/ppt/player/dashjs/index.html (128)
[230:230:0130/102219.248461:INFO:CONSOLE(128)] "currentLatencynow: 68.67", source: file:///home/seluser/ppt/player/dashjs/index.html (128)
[230:230:0130/102220.248408:INFO:CONSOLE(128)] "currentLatencynow: 69.67", source: file:///home/seluser/ppt/player/dashjs/index.html (128)
[230:230:0130/102221.248323:INFO:CONSOLE(128)] "currentLatencynow: 70.67", source: file:///home/seluser/ppt/player/dashjs/index.html (128)
[230:230:0130/102222.248384:INFO:CONSOLE(128)] "currentLatencynow: 71.67", source: file:///home/seluser/ppt/player/dashjs/index.html (128)
[230:230:0130/102223.248433:INFO:CONSOLE(128)] "currentLatencynow: 72.67", source: file:///home/seluser/ppt/player/dashjs/index.html (128)
[230:230:0130/102224.248348:INFO:CONSOLE(128)] "currentLatencynow: 73.67", source: file:///home/seluser/ppt/player/dashjs/index.html (128)
[230:230:0130/102225.248403:INFO:CONSOLE(128)] "currentLatencynow: 74.67", source: file:///home/seluser/ppt/player/dashjs/index.html (128)
[230:230:0130/102226.248472:INFO:CONSOLE(128)] "currentLatencynow: 75.67", source: file:///home/seluser/ppt/player/dashjs/index.html (128)
[230:230:0130/102227.248366:INFO:CONSOLE(128)] "currentLatencynow: 76.67", source: file:///home/seluser/ppt/player/dashjs/index.html (128)
[230:230:0130/102228.248302:INFO:CONSOLE(128)] "currentLatencynow: 77.67", source: file:///home/seluser/ppt/player/dashjs/index.html (128)
[230:230:0130/102229.248323:INFO:CONSOLE(128)] "currentLatencynow: 78.67", source: file:///home/seluser/ppt/player/dashjs/index.html (128)
[230:230:0130/102230.248299:INFO:CONSOLE(128)] "currentLatencynow: 79.67", source: file:///home/seluser/ppt/player/dashjs/index.html (128)
[230:230:0130/102231.248319:INFO:CONSOLE(128)] "currentLatencynow: 80.67", source: file:///home/seluser/ppt/player/dashjs/index.html (128)
[230:230:0130/102232.248298:INFO:CONSOLE(128)] "currentLatencynow: 81.67", source: file:///home/seluser/ppt/player/dashjs/index.html (128)
[230:230:0130/102233.248271:INFO:CONSOLE(128)] "currentLatencynow: 82.67", source: file:///home/seluser/ppt/player/dashjs/index.html (128)
[230:230:0130/102234.248334:INFO:CONSOLE(128)] "currentLatencynow: 83.67", source: file:///home/seluser/ppt/player/dashjs/index.html (128)
[230:230:0130/102235.248330:INFO:CONSOLE(128)] "currentLatencynow: 84.67", source: file:///home/seluser/ppt/player/dashjs/index.html (128)
[230:230:0130/102236.248289:INFO:CONSOLE(128)] "currentLatencynow: 85.67", source: file:///home/seluser/ppt/player/dashjs/index.html (128)
[230:230:0130/102237.248301:INFO:CONSOLE(128)] "currentLatencynow: 86.67", source: file:///home/seluser/ppt/player/dashjs/index.html (128)
[230:230:0130/102238.248327:INFO:CONSOLE(128)] "currentLatencynow: 87.67", source: file:///home/seluser/ppt/player/dashjs/index.html (128)
[230:230:0130/102239.248334:INFO:CONSOLE(128)] "currentLatencynow: 88.67", source: file:///home/seluser/ppt/player/dashjs/index.html (128)
[230:230:0130/102240.248443:INFO:CONSOLE(128)] "currentLatencynow: 89.67", source: file:///home/seluser/ppt/player/dashjs/index.html (128)
[230:230:0130/102241.248340:INFO:CONSOLE(128)] "currentLatencynow: 90.67", source: file:///home/seluser/ppt/player/dashjs/index.html (128)
[230:230:0130/102242.248280:INFO:CONSOLE(128)] "currentLatencynow: 91.67", source: file:///home/seluser/ppt/player/dashjs/index.html (128)
[230:230:0130/102243.248332:INFO:CONSOLE(128)] "currentLatencynow: 92.67", source: file:///home/seluser/ppt/player/dashjs/index.html (128)
[230:230:0130/102244.248324:INFO:CONSOLE(128)] "currentLatencynow: 93.67", source: file:///home/seluser/ppt/player/dashjs/index.html (128)
[230:230:0130/102245.248290:INFO:CONSOLE(128)] "currentLatencynow: 94.67", source: file:///home/seluser/ppt/player/dashjs/index.html (128)
[230:230:0130/102246.248294:INFO:CONSOLE(128)] "currentLatencynow: 95.67", source: file:///home/seluser/ppt/player/dashjs/index.html (128)
[230:230:0130/102247.248577:INFO:CONSOLE(128)] "currentLatencynow: 96.67", source: file:///home/seluser/ppt/player/dashjs/index.html (128)
[230:230:0130/102248.248420:INFO:CONSOLE(128)] "currentLatencynow: 97.67", source: file:///home/seluser/ppt/player/dashjs/index.html (128)
[230:230:0130/102249.248337:INFO:CONSOLE(128)] "currentLatencynow: 98.67", source: file:///home/seluser/ppt/player/dashjs/index.html (128)
[230:230:0130/102250.248324:INFO:CONSOLE(128)] "currentLatencynow: 99.67", source: file:///home/seluser/ppt/player/dashjs/index.html (128)
[230:230:0130/102251.248299:INFO:CONSOLE(128)] "currentLatencynow: 100.67", source: file:///home/seluser/ppt/player/dashjs/index.html (128)
[230:230:0130/102252.248486:INFO:CONSOLE(128)] "currentLatencynow: 101.67", source: file:///home/seluser/ppt/player/dashjs/index.html (128)
[230:230:0130/102253.248472:INFO:CONSOLE(128)] "currentLatencynow: 102.67", source: file:///home/seluser/ppt/player/dashjs/index.html (128)
[230:230:0130/102254.248260:INFO:CONSOLE(128)] "currentLatencynow: 103.67", source: file:///home/seluser/ppt/player/dashjs/index.html (128)
[230:230:0130/102255.248328:INFO:CONSOLE(128)] "currentLatencynow: 104.67", source: file:///home/seluser/ppt/player/dashjs/index.html (128)
[230:230:0130/102256.248397:INFO:CONSOLE(128)] "currentLatencynow: 105.67", source: file:///home/seluser/ppt/player/dashjs/index.html (128)
[230:230:0130/102257.248403:INFO:CONSOLE(128)] "currentLatencynow: 106.67", source: file:///home/seluser/ppt/player/dashjs/index.html (128)
[230:230:0130/102258.248354:INFO:CONSOLE(128)] "currentLatencynow: 107.67", source: file:///home/seluser/ppt/player/dashjs/index.html (128)
[230:230:0130/102259.248409:INFO:CONSOLE(128)] "currentLatencynow: 108.67", source: file:///home/seluser/ppt/player/dashjs/index.html (128)
[230:230:0130/102300.248474:INFO:CONSOLE(128)] "currentLatencynow: 109.67", source: file:///home/seluser/ppt/player/dashjs/index.html (128)
[230:230:0130/102301.248302:INFO:CONSOLE(128)] "currentLatencynow: 110.67", source: file:///home/seluser/ppt/player/dashjs/index.html (128)
[230:230:0130/102302.248310:INFO:CONSOLE(128)] "currentLatencynow: 111.67", source: file:///home/seluser/ppt/player/dashjs/index.html (128)
[230:230:0130/102303.248452:INFO:CONSOLE(114)] "Begin Player stistics 
", source: file:///home/seluser/ppt/player/dashjs/index.html (114)
[230:230:0130/102303.248645:INFO:CONSOLE(115)] "["stall",[["3.39","10.45",7.059999999999999]],[["12.03","12.28",0.25]],[["14.97","15.22",0.25]],[["27.88","28.13",0.25]],[["32.78","33.03",0.25]],[["35.60","35.60",0]],[["availibleBW",[null],[null],[null],[null],[null],[null],[null],[null],[null],[null],[708],[708],[708],[708],[708],[708],[708],[848],[848],[848],[1101],[1101],[1101],[1101],[1101],[1226],[1226],[1226],[1226],[1226],[1425],[1425],[1425],[1425],[1425],[1556],[1556],[1556],[1556],[1556],[1556],[1556],[1556],[1556],[1556],[1556],[1556],[1556],[1556],[1556],[1556],[1556],[1556],[1556],[1556],[1556],[1556],[1556],[1556],[1556],[1556],[1556],[1556],[1556],[1556],[1556],[1556],[1556],[1556],[1556],[1556],[1556],[1556],[1556],[1556],[1556],[1556],[1556],[1556],[1556],[1556],[1556],[1556],[1556],[1556],[1556],[1556],[1556],[1556],[1556],[1556],[1556],[1556],[1556],[1556],[1556],[1556],[1556],[1556],[1556],[1556],[1556],[1556],[1556],[1556],[1556],[1556],[1556],[1556],[1556],[1556],[1556],[1556],[1556],[1556],[1556],[1556],[1556],[1556]]],[["currentBuffer",[0],[0],[0],[0],[0],[0],[0],[0],[0],[0],[1.213],[0.026],[0],[0],[0],[0],[0],[0],[0],[0],[0.021],[0.021],[0.021],[0.021],[0.021],[1.954],[0.994],[0.005],[0.005],[0.005],[1.797],[0.697],[0],[0],[0],[1.237],[0.236],[0.069],[0.069],[0.069],[0.069],[0.069],[0.069],[0.069],[0.069],[0.069],[0.069],[0.069],[0.069],[0.069],[0.069],[0.069],[0.069],[0.069],[0.069],[0.069],[0.069],[0.069],[0.069],[0.069],[0.069],[0.069],[0.069],[0.069],[0.069],[0.069],[0.069],[0.069],[0.069],[0.069],[0.069],[0.069],[0.069],[0.069],[0.069],[0.069],[0.069],[0.069],[0.069],[0.069],[0.069],[0.069],[0.069],[0.069],[0.069],[0.069],[0.069],[0.069],[0.069],[0.069],[0.069],[0.069],[0.069],[0.069],[0.069],[0.069],[0.069],[0.069],[0.069],[0.069],[0.069],[0.069],[0.069],[0.069],[0.069],[0.069],[0.069],[0.069],[0.069],[0.069],[0.069],[0.069],[0.069],[0.069],[0.069],[0.069],[0.069],[0.069],[0.069]]],[["currentLatency",[null],[0],[0],[0],[7.577],[8.577],[9.577],[10.578],[11.578],[12.577],[12.891],[12.934],[13.741],[13.741],[13.927],[14.927],[15.927],[16.927],[17.927],[18.927],[19.927],[20.927],[21.927],[22.927],[23.927],[24.791],[24.693],[24.909],[25.909],[26.909],[27.668],[27.568],[27.886],[28.886],[29.887],[30.077],[30.077],[30.67],[31.67],[32.67],[33.67],[34.67],[35.67],[36.67],[37.67],[38.67],[39.67],[40.67],[41.67],[42.67],[43.67],[44.67],[45.67],[46.67],[47.67],[48.67],[49.67],[50.67],[51.67],[52.67],[53.67],[54.67],[55.67],[56.67],[57.67],[58.67],[59.671],[60.67],[61.67],[62.67],[63.67],[64.67],[65.67],[66.67],[67.67],[68.67],[69.67],[70.67],[71.67],[72.67],[73.67],[74.67],[75.67],[76.67],[77.67],[78.67],[79.67],[80.67],[81.67],[82.67],[83.67],[84.67],[85.67],[86.67],[87.67],[88.67],[89.67],[90.67],[91.67],[92.67],[93.67],[94.67],[95.67],[96.67],[97.67],[98.67],[99.67],[100.67],[101.67],[102.67],[103.67],[104.67],[105.67],[106.67],[107.67],[108.67],[109.67],[110.67],[111.67]]]]", source: file:///home/seluser/ppt/player/dashjs/index.html (115)
[230:230:0130/102303.248784:INFO:CONSOLE(116)] "
", source: file:///home/seluser/ppt/player/dashjs/index.html (116)
[230:230:0130/102303.248822:INFO:CONSOLE(117)] "Finish Player stistics 
", source: file:///home/seluser/ppt/player/dashjs/index.html (117)
[230:230:0130/102303.248854:INFO:CONSOLE(128)] "currentLatencynow: 112.671", source: file:///home/seluser/ppt/player/dashjs/index.html (128)
[230:230:0130/102304.248301:INFO:CONSOLE(128)] "currentLatencynow: 113.67", source: file:///home/seluser/ppt/player/dashjs/index.html (128)
[230:230:0130/102305.248422:INFO:CONSOLE(128)] "currentLatencynow: 114.67", source: file:///home/seluser/ppt/player/dashjs/index.html (128)
[230:230:0130/102306.248292:INFO:CONSOLE(128)] "currentLatencynow: 115.67", source: file:///home/seluser/ppt/player/dashjs/index.html (128)
[230:230:0130/102307.248349:INFO:CONSOLE(128)] "currentLatencynow: 116.67", source: file:///home/seluser/ppt/player/dashjs/index.html (128)
[230:230:0130/102308.248309:INFO:CONSOLE(128)] "currentLatencynow: 117.67", source: file:///home/seluser/ppt/player/dashjs/index.html (128)
[230:230:0130/102309.248306:INFO:CONSOLE(128)] "currentLatencynow: 118.67", source: file:///home/seluser/ppt/player/dashjs/index.html (128)
[230:230:0130/102310.248319:INFO:CONSOLE(128)] "currentLatencynow: 119.67", source: file:///home/seluser/ppt/player/dashjs/index.html (128)
[230:230:0130/102311.248302:INFO:CONSOLE(128)] "currentLatencynow: 120.67", source: file:///home/seluser/ppt/player/dashjs/index.html (128)
[230:230:0130/102312.248280:INFO:CONSOLE(128)] "currentLatencynow: 121.67", source: file:///home/seluser/ppt/player/dashjs/index.html (128)
[230:230:0130/102313.248302:INFO:CONSOLE(128)] "currentLatencynow: 122.67", source: file:///home/seluser/ppt/player/dashjs/index.html (128)
[230:230:0130/102314.248311:INFO:CONSOLE(128)] "currentLatencynow: 123.67", source: file:///home/seluser/ppt/player/dashjs/index.html (128)
[230:230:0130/102315.248273:INFO:CONSOLE(128)] "currentLatencynow: 124.67", source: file:///home/seluser/ppt/player/dashjs/index.html (128)
[230:230:0130/102316.248307:INFO:CONSOLE(128)] "currentLatencynow: 125.67", source: file:///home/seluser/ppt/player/dashjs/index.html (128)
[230:230:0130/102317.250393:INFO:CONSOLE(128)] "currentLatencynow: 126.672", source: file:///home/seluser/ppt/player/dashjs/index.html (128)
[230:230:0130/102318.248328:INFO:CONSOLE(128)] "currentLatencynow: 127.67", source: file:///home/seluser/ppt/player/dashjs/index.html (128)
[230:230:0130/102319.248321:INFO:CONSOLE(128)] "currentLatencynow: 128.67", source: file:///home/seluser/ppt/player/dashjs/index.html (128)
[230:230:0130/102320.248299:INFO:CONSOLE(128)] "currentLatencynow: 129.67", source: file:///home/seluser/ppt/player/dashjs/index.html (128)
[230:230:0130/102321.248414:INFO:CONSOLE(128)] "currentLatencynow: 130.67", source: file:///home/seluser/ppt/player/dashjs/index.html (128)
[230:230:0130/102322.248416:INFO:CONSOLE(128)] "currentLatencynow: 131.67", source: file:///home/seluser/ppt/player/dashjs/index.html (128)
[230:230:0130/102323.248287:INFO:CONSOLE(128)] "currentLatencynow: 132.67", source: file:///home/seluser/ppt/player/dashjs/index.html (128)
[230:230:0130/102324.248450:INFO:CONSOLE(128)] "currentLatencynow: 133.67", source: file:///home/seluser/ppt/player/dashjs/index.html (128)
[230:230:0130/102325.248336:INFO:CONSOLE(128)] "currentLatencynow: 134.67", source: file:///home/seluser/ppt/player/dashjs/index.html (128)
[230:230:0130/102326.248445:INFO:CONSOLE(128)] "currentLatencynow: 135.67", source: file:///home/seluser/ppt/player/dashjs/index.html (128)
[230:230:0130/102327.248265:INFO:CONSOLE(128)] "currentLatencynow: 136.67", source: file:///home/seluser/ppt/player/dashjs/index.html (128)
[230:230:0130/102328.248453:INFO:CONSOLE(128)] "currentLatencynow: 137.67", source: file:///home/seluser/ppt/player/dashjs/index.html (128)
[230:230:0130/102329.248314:INFO:CONSOLE(128)] "currentLatencynow: 138.67", source: file:///home/seluser/ppt/player/dashjs/index.html (128)
[230:230:0130/102330.248274:INFO:CONSOLE(128)] "currentLatencynow: 139.67", source: file:///home/seluser/ppt/player/dashjs/index.html (128)
[230:230:0130/102331.248383:INFO:CONSOLE(128)] "currentLatencynow: 140.67", source: file:///home/seluser/ppt/player/dashjs/index.html (128)
[230:230:0130/102332.248501:INFO:CONSOLE(128)] "currentLatencynow: 141.67", source: file:///home/seluser/ppt/player/dashjs/index.html (128)
[230:230:0130/102333.248369:INFO:CONSOLE(128)] "currentLatencynow: 142.67", source: file:///home/seluser/ppt/player/dashjs/index.html (128)
[230:230:0130/102334.248401:INFO:CONSOLE(128)] "currentLatencynow: 143.67", source: file:///home/seluser/ppt/player/dashjs/index.html (128)
[230:230:0130/102335.248374:INFO:CONSOLE(128)] "currentLatencynow: 144.67", source: file:///home/seluser/ppt/player/dashjs/index.html (128)
[230:230:0130/102336.248365:INFO:CONSOLE(128)] "currentLatencynow: 145.67", source: file:///home/seluser/ppt/player/dashjs/index.html (128)
[230:230:0130/102337.248388:INFO:CONSOLE(128)] "currentLatencynow: 146.67", source: file:///home/seluser/ppt/player/dashjs/index.html (128)
[230:230:0130/102338.248411:INFO:CONSOLE(128)] "currentLatencynow: 147.67", source: file:///home/seluser/ppt/player/dashjs/index.html (128)
[230:230:0130/102339.248382:INFO:CONSOLE(128)] "currentLatencynow: 148.67", source: file:///home/seluser/ppt/player/dashjs/index.html (128)
[230:230:0130/102340.248404:INFO:CONSOLE(128)] "currentLatencynow: 149.67", source: file:///home/seluser/ppt/player/dashjs/index.html (128)
[230:230:0130/102341.248421:INFO:CONSOLE(128)] "currentLatencynow: 150.67", source: file:///home/seluser/ppt/player/dashjs/index.html (128)
[230:230:0130/102342.248432:INFO:CONSOLE(128)] "currentLatencynow: 151.67", source: file:///home/seluser/ppt/player/dashjs/index.html (128)
[230:230:0130/102343.248510:INFO:CONSOLE(128)] "currentLatencynow: 152.67", source: file:///home/seluser/ppt/player/dashjs/index.html (128)
[230:230:0130/102344.248469:INFO:CONSOLE(128)] "currentLatencynow: 153.67", source: file:///home/seluser/ppt/player/dashjs/index.html (128)
[230:230:0130/102345.248273:INFO:CONSOLE(128)] "currentLatencynow: 154.67", source: file:///home/seluser/ppt/player/dashjs/index.html (128)
[230:230:0130/102346.248463:INFO:CONSOLE(128)] "currentLatencynow: 155.67", source: file:///home/seluser/ppt/player/dashjs/index.html (128)
[230:230:0130/102347.248515:INFO:CONSOLE(128)] "currentLatencynow: 156.67", source: file:///home/seluser/ppt/player/dashjs/index.html (128)
[230:230:0130/102348.248473:INFO:CONSOLE(128)] "currentLatencynow: 157.67", source: file:///home/seluser/ppt/player/dashjs/index.html (128)
[230:230:0130/102349.248275:INFO:CONSOLE(128)] "currentLatencynow: 158.67", source: file:///home/seluser/ppt/player/dashjs/index.html (128)
[230:230:0130/102350.248277:INFO:CONSOLE(128)] "currentLatencynow: 159.67", source: file:///home/seluser/ppt/player/dashjs/index.html (128)
[230:230:0130/102351.248286:INFO:CONSOLE(128)] "currentLatencynow: 160.67", source: file:///home/seluser/ppt/player/dashjs/index.html (128)
[230:230:0130/102352.248445:INFO:CONSOLE(128)] "currentLatencynow: 161.67", source: file:///home/seluser/ppt/player/dashjs/index.html (128)
[230:230:0130/102353.248438:INFO:CONSOLE(128)] "currentLatencynow: 162.67", source: file:///home/seluser/ppt/player/dashjs/index.html (128)
[230:230:0130/102354.248278:INFO:CONSOLE(128)] "currentLatencynow: 163.67", source: file:///home/seluser/ppt/player/dashjs/index.html (128)
[230:230:0130/102355.248409:INFO:CONSOLE(128)] "currentLatencynow: 164.67", source: file:///home/seluser/ppt/player/dashjs/index.html (128)
[230:230:0130/102356.248429:INFO:CONSOLE(128)] "currentLatencynow: 165.67", source: file:///home/seluser/ppt/player/dashjs/index.html (128)
[230:230:0130/102357.248452:INFO:CONSOLE(128)] "currentLatencynow: 166.67", source: file:///home/seluser/ppt/player/dashjs/index.html (128)
[230:230:0130/102358.248421:INFO:CONSOLE(128)] "currentLatencynow: 167.67", source: file:///home/seluser/ppt/player/dashjs/index.html (128)
[230:230:0130/102359.248529:INFO:CONSOLE(128)] "currentLatencynow: 168.67", source: file:///home/seluser/ppt/player/dashjs/index.html (128)
[230:230:0130/102400.248431:INFO:CONSOLE(128)] "currentLatencynow: 169.67", source: file:///home/seluser/ppt/player/dashjs/index.html (128)
[230:230:0130/102401.248459:INFO:CONSOLE(128)] "currentLatencynow: 170.67", source: file:///home/seluser/ppt/player/dashjs/index.html (128)
[230:230:0130/102402.248421:INFO:CONSOLE(128)] "currentLatencynow: 171.67", source: file:///home/seluser/ppt/player/dashjs/index.html (128)
[230:230:0130/102403.248246:INFO:CONSOLE(128)] "currentLatencynow: 172.67", source: file:///home/seluser/ppt/player/dashjs/index.html (128)
[230:230:0130/102403.414296:WARNING:pref_notifier_impl.cc(40)] Pref observer for media_router.cast_allow_all_ips found at shutdown.
