[230:293:0130/102105.160762:ERROR:bus.cc(392)] Failed to connect to the bus: Failed to connect to socket /var/run/dbus/system_bus_socket: No such file or directory
[230:256:0130/102105.162820:ERROR:bus.cc(392)] Failed to connect to the bus: Address does not contain a colon
[230:256:0130/102105.162970:ERROR:bus.cc(392)] Failed to connect to the bus: Address does not contain a colon
[230:256:0130/102105.174344:ERROR:bus.cc(392)] Failed to connect to the bus: Address does not contain a colon
[230:256:0130/102105.174389:ERROR:bus.cc(392)] Failed to connect to the bus: Address does not contain a colon
[300:300:0130/102105.178579:ERROR:gpu_init.cc(453)] Passthrough is not supported, GL is swiftshader, ANGLE is 
[230:256:0130/102105.198736:ERROR:bus.cc(392)] Failed to connect to the bus: Address does not contain a colon
[230:256:0130/102105.198779:ERROR:bus.cc(392)] Failed to connect to the bus: Address does not contain a colon
[230:389:0130/102105.308690:ERROR:bus.cc(392)] Failed to connect to the bus: Failed to connect to socket /var/run/dbus/system_bus_socket: No such file or directory
[230:389:0130/102105.308760:ERROR:bus.cc(392)] Failed to connect to the bus: Failed to connect to socket /var/run/dbus/system_bus_socket: No such file or directory
[230:389:0130/102105.308813:ERROR:bus.cc(392)] Failed to connect to the bus: Failed to connect to socket /var/run/dbus/system_bus_socket: No such file or directory
[230:389:0130/102105.308827:WARNING:property.cc(144)] DaemonVersion: GetAndBlock: failed.
[230:389:0130/102105.308864:ERROR:bus.cc(392)] Failed to connect to the bus: Failed to connect to socket /var/run/dbus/system_bus_socket: No such file or directory
[230:389:0130/102105.308898:ERROR:bus.cc(392)] Failed to connect to the bus: Failed to connect to socket /var/run/dbus/system_bus_socket: No such file or directory
[230:230:0130/102106.590924:INFO:CONSOLE(128)] "currentLatencynow: NaN", source: file:///home/seluser/ppt/player/dashjs/index.html (128)
[230:320:0130/102107.385326:ERROR:chrome_browser_main_extra_parts_metrics.cc(228)] crbug.com/1216328: Checking Bluetooth availability started. Please report if there is no report that this ends.
[230:320:0130/102107.385369:ERROR:chrome_browser_main_extra_parts_metrics.cc(231)] crbug.com/1216328: Checking Bluetooth availability ended.
[230:320:0130/102107.385387:ERROR:chrome_browser_main_extra_parts_metrics.cc(234)] crbug.com/1216328: Checking default browser status started. Please report if there is no report that this ends.
[230:320:0130/102107.529901:ERROR:chrome_browser_main_extra_parts_metrics.cc(238)] crbug.com/1216328: Checking default browser status ended.
[230:230:0130/102107.590560:INFO:CONSOLE(128)] "currentLatencynow: NaN", source: file:///home/seluser/ppt/player/dashjs/index.html (128)
[230:230:0130/102108.590531:INFO:CONSOLE(128)] "currentLatencynow: NaN", source: file:///home/seluser/ppt/player/dashjs/index.html (128)
[230:230:0130/102109.590662:INFO:CONSOLE(128)] "currentLatencynow: 0", source: file:///home/seluser/ppt/player/dashjs/index.html (128)
[230:230:0130/102110.590672:INFO:CONSOLE(128)] "currentLatencynow: 0", source: file:///home/seluser/ppt/player/dashjs/index.html (128)
[230:230:0130/102111.590587:INFO:CONSOLE(128)] "currentLatencynow: 0", source: file:///home/seluser/ppt/player/dashjs/index.html (128)
[230:230:0130/102112.590685:INFO:CONSOLE(128)] "currentLatencynow: 0", source: file:///home/seluser/ppt/player/dashjs/index.html (128)
[634:634:0130/102113.166766:WARNING:audio_manager_linux.cc(69)] Falling back to ALSA for audio output. PulseAudio is not available or could not be initialized.
[634:634:0130/102113.171649:ERROR:alsa_util.cc(204)] PcmOpen: default,No such file or directory
[634:634:0130/102113.171751:ERROR:alsa_util.cc(204)] PcmOpen: plug:default,No such file or directory
[230:230:0130/102113.590666:INFO:CONSOLE(128)] "currentLatencynow: 8.773", source: file:///home/seluser/ppt/player/dashjs/index.html (128)
[230:230:0130/102114.590631:INFO:CONSOLE(128)] "currentLatencynow: 9.773", source: file:///home/seluser/ppt/player/dashjs/index.html (128)
[230:230:0130/102115.590593:INFO:CONSOLE(128)] "currentLatencynow: 10.773", source: file:///home/seluser/ppt/player/dashjs/index.html (128)
[230:230:0130/102116.590581:INFO:CONSOLE(128)] "currentLatencynow: 11.773", source: file:///home/seluser/ppt/player/dashjs/index.html (128)
[230:256:0130/102117.309679:ERROR:bus.cc(392)] Failed to connect to the bus: Address does not contain a colon
[230:256:0130/102117.309732:ERROR:bus.cc(392)] Failed to connect to the bus: Address does not contain a colon
[230:256:0130/102117.309746:ERROR:bus.cc(392)] Failed to connect to the bus: Address does not contain a colon
[230:256:0130/102117.309756:ERROR:bus.cc(392)] Failed to connect to the bus: Address does not contain a colon
[230:256:0130/102117.309767:ERROR:bus.cc(392)] Failed to connect to the bus: Address does not contain a colon
[230:256:0130/102117.309775:ERROR:bus.cc(392)] Failed to connect to the bus: Address does not contain a colon
[230:256:0130/102117.309786:ERROR:bus.cc(392)] Failed to connect to the bus: Address does not contain a colon
[230:256:0130/102117.309796:ERROR:bus.cc(392)] Failed to connect to the bus: Address does not contain a colon
[230:256:0130/102117.309806:ERROR:bus.cc(392)] Failed to connect to the bus: Address does not contain a colon
[230:256:0130/102117.309855:ERROR:bus.cc(392)] Failed to connect to the bus: Address does not contain a colon
[230:256:0130/102117.309878:ERROR:bus.cc(392)] Failed to connect to the bus: Address does not contain a colon
[230:256:0130/102117.309893:ERROR:bus.cc(392)] Failed to connect to the bus: Address does not contain a colon
[230:256:0130/102117.309901:ERROR:bus.cc(392)] Failed to connect to the bus: Address does not contain a colon
[230:256:0130/102117.309911:ERROR:bus.cc(392)] Failed to connect to the bus: Address does not contain a colon
[230:256:0130/102117.310555:ERROR:bus.cc(392)] Failed to connect to the bus: Address does not contain a colon
[230:256:0130/102117.310578:ERROR:bus.cc(392)] Failed to connect to the bus: Address does not contain a colon
[230:256:0130/102117.310592:ERROR:bus.cc(392)] Failed to connect to the bus: Address does not contain a colon
[230:256:0130/102117.377861:ERROR:bus.cc(392)] Failed to connect to the bus: Address does not contain a colon
[230:256:0130/102117.377901:ERROR:bus.cc(392)] Failed to connect to the bus: Address does not contain a colon
[230:230:0130/102117.590475:INFO:CONSOLE(128)] "currentLatencynow: 12.558", source: file:///home/seluser/ppt/player/dashjs/index.html (128)
[230:230:0130/102118.590496:INFO:CONSOLE(128)] "currentLatencynow: 12.464", source: file:///home/seluser/ppt/player/dashjs/index.html (128)
[230:230:0130/102119.590432:INFO:CONSOLE(128)] "currentLatencynow: 12.801", source: file:///home/seluser/ppt/player/dashjs/index.html (128)
[230:230:0130/102120.590527:INFO:CONSOLE(128)] "currentLatencynow: 12.801", source: file:///home/seluser/ppt/player/dashjs/index.html (128)
[230:230:0130/102121.590606:INFO:CONSOLE(128)] "currentLatencynow: 13.283", source: file:///home/seluser/ppt/player/dashjs/index.html (128)
[230:230:0130/102122.590557:INFO:CONSOLE(128)] "currentLatencynow: 14.283", source: file:///home/seluser/ppt/player/dashjs/index.html (128)
[230:230:0130/102123.590604:INFO:CONSOLE(128)] "currentLatencynow: 15.283", source: file:///home/seluser/ppt/player/dashjs/index.html (128)
[230:230:0130/102124.590528:INFO:CONSOLE(128)] "currentLatencynow: 16.283", source: file:///home/seluser/ppt/player/dashjs/index.html (128)
[230:230:0130/102125.590584:INFO:CONSOLE(128)] "currentLatencynow: 17.283", source: file:///home/seluser/ppt/player/dashjs/index.html (128)
[230:230:0130/102126.590620:INFO:CONSOLE(128)] "currentLatencynow: 18.283", source: file:///home/seluser/ppt/player/dashjs/index.html (128)
[230:230:0130/102127.590594:INFO:CONSOLE(128)] "currentLatencynow: 19.283", source: file:///home/seluser/ppt/player/dashjs/index.html (128)
[230:230:0130/102128.590571:INFO:CONSOLE(128)] "currentLatencynow: 20.283", source: file:///home/seluser/ppt/player/dashjs/index.html (128)
[230:230:0130/102129.590612:INFO:CONSOLE(128)] "currentLatencynow: 21.283", source: file:///home/seluser/ppt/player/dashjs/index.html (128)
[230:230:0130/102130.590586:INFO:CONSOLE(128)] "currentLatencynow: 22.283", source: file:///home/seluser/ppt/player/dashjs/index.html (128)
[230:230:0130/102131.590696:INFO:CONSOLE(128)] "currentLatencynow: 23.283", source: file:///home/seluser/ppt/player/dashjs/index.html (128)
[230:230:0130/102132.590632:INFO:CONSOLE(128)] "currentLatencynow: 24.283", source: file:///home/seluser/ppt/player/dashjs/index.html (128)
[230:256:0130/102133.127463:ERROR:bus.cc(392)] Failed to connect to the bus: Address does not contain a colon
[230:256:0130/102133.127514:ERROR:bus.cc(392)] Failed to connect to the bus: Address does not contain a colon
[230:230:0130/102133.590573:INFO:CONSOLE(128)] "currentLatencynow: 24.692", source: file:///home/seluser/ppt/player/dashjs/index.html (128)
[230:230:0130/102134.590682:INFO:CONSOLE(128)] "currentLatencynow: 24.591", source: file:///home/seluser/ppt/player/dashjs/index.html (128)
[230:230:0130/102135.590760:INFO:CONSOLE(128)] "currentLatencynow: 25.303", source: file:///home/seluser/ppt/player/dashjs/index.html (128)
[230:230:0130/102136.590669:INFO:CONSOLE(128)] "currentLatencynow: 25.837", source: file:///home/seluser/ppt/player/dashjs/index.html (128)
[230:230:0130/102137.590752:INFO:CONSOLE(128)] "currentLatencynow: 25.837", source: file:///home/seluser/ppt/player/dashjs/index.html (128)
[230:230:0130/102138.590643:INFO:CONSOLE(128)] "currentLatencynow: 26.268", source: file:///home/seluser/ppt/player/dashjs/index.html (128)
[230:230:0130/102139.590533:INFO:CONSOLE(128)] "currentLatencynow: 27.268", source: file:///home/seluser/ppt/player/dashjs/index.html (128)
[230:230:0130/102140.590571:INFO:CONSOLE(128)] "currentLatencynow: 28.268", source: file:///home/seluser/ppt/player/dashjs/index.html (128)
[230:230:0130/102141.590525:INFO:CONSOLE(128)] "currentLatencynow: 29.268", source: file:///home/seluser/ppt/player/dashjs/index.html (128)
[230:230:0130/102142.590620:INFO:CONSOLE(128)] "currentLatencynow: 30.268", source: file:///home/seluser/ppt/player/dashjs/index.html (128)
[230:230:0130/102143.590692:INFO:CONSOLE(128)] "currentLatencynow: 31.268", source: file:///home/seluser/ppt/player/dashjs/index.html (128)
[230:230:0130/102144.590733:INFO:CONSOLE(128)] "currentLatencynow: 32.268", source: file:///home/seluser/ppt/player/dashjs/index.html (128)
[230:230:0130/102145.590651:INFO:CONSOLE(128)] "currentLatencynow: 33.268", source: file:///home/seluser/ppt/player/dashjs/index.html (128)
[230:256:0130/102146.544233:ERROR:bus.cc(392)] Failed to connect to the bus: Address does not contain a colon
[230:256:0130/102146.544313:ERROR:bus.cc(392)] Failed to connect to the bus: Address does not contain a colon
[230:230:0130/102146.590668:INFO:CONSOLE(128)] "currentLatencynow: 34.166", source: file:///home/seluser/ppt/player/dashjs/index.html (128)
[230:230:0130/102147.590590:INFO:CONSOLE(128)] "currentLatencynow: 34.091", source: file:///home/seluser/ppt/player/dashjs/index.html (128)
[230:230:0130/102148.590820:INFO:CONSOLE(128)] "currentLatencynow: 33.991", source: file:///home/seluser/ppt/player/dashjs/index.html (128)
[230:230:0130/102149.590695:INFO:CONSOLE(128)] "currentLatencynow: 33.891", source: file:///home/seluser/ppt/player/dashjs/index.html (128)
[230:230:0130/102150.590555:INFO:CONSOLE(128)] "currentLatencynow: 30.464", source: file:///home/seluser/ppt/player/dashjs/index.html (128)
[230:230:0130/102151.590794:INFO:CONSOLE(128)] "currentLatencynow: 31.464", source: file:///home/seluser/ppt/player/dashjs/index.html (128)
[230:230:0130/102152.590743:INFO:CONSOLE(128)] "currentLatencynow: 32.464", source: file:///home/seluser/ppt/player/dashjs/index.html (128)
[230:230:0130/102153.590598:INFO:CONSOLE(128)] "currentLatencynow: 33.464", source: file:///home/seluser/ppt/player/dashjs/index.html (128)
[230:230:0130/102154.590905:INFO:CONSOLE(128)] "currentLatencynow: 34.464", source: file:///home/seluser/ppt/player/dashjs/index.html (128)
[230:230:0130/102155.590854:INFO:CONSOLE(128)] "currentLatencynow: 35.464", source: file:///home/seluser/ppt/player/dashjs/index.html (128)
[230:230:0130/102156.590812:INFO:CONSOLE(128)] "currentLatencynow: 36.464", source: file:///home/seluser/ppt/player/dashjs/index.html (128)
[230:230:0130/102157.590719:INFO:CONSOLE(128)] "currentLatencynow: 37.464", source: file:///home/seluser/ppt/player/dashjs/index.html (128)
[230:230:0130/102158.590793:INFO:CONSOLE(128)] "currentLatencynow: 38.464", source: file:///home/seluser/ppt/player/dashjs/index.html (128)
[230:230:0130/102159.590791:INFO:CONSOLE(128)] "currentLatencynow: 39.464", source: file:///home/seluser/ppt/player/dashjs/index.html (128)
[230:230:0130/102200.590781:INFO:CONSOLE(128)] "currentLatencynow: 40.464", source: file:///home/seluser/ppt/player/dashjs/index.html (128)
[230:230:0130/102201.590845:INFO:CONSOLE(128)] "currentLatencynow: 41.464", source: file:///home/seluser/ppt/player/dashjs/index.html (128)
[230:230:0130/102202.590845:INFO:CONSOLE(128)] "currentLatencynow: 42.464", source: file:///home/seluser/ppt/player/dashjs/index.html (128)
[230:230:0130/102203.590628:INFO:CONSOLE(128)] "currentLatencynow: 43.464", source: file:///home/seluser/ppt/player/dashjs/index.html (128)
[230:230:0130/102204.590873:INFO:CONSOLE(128)] "currentLatencynow: 44.464", source: file:///home/seluser/ppt/player/dashjs/index.html (128)
[230:230:0130/102205.590701:INFO:CONSOLE(128)] "currentLatencynow: 45.464", source: file:///home/seluser/ppt/player/dashjs/index.html (128)
[230:230:0130/102206.590862:INFO:CONSOLE(128)] "currentLatencynow: 46.464", source: file:///home/seluser/ppt/player/dashjs/index.html (128)
[230:230:0130/102207.590688:INFO:CONSOLE(128)] "currentLatencynow: 47.464", source: file:///home/seluser/ppt/player/dashjs/index.html (128)
[230:230:0130/102208.590761:INFO:CONSOLE(128)] "currentLatencynow: 48.464", source: file:///home/seluser/ppt/player/dashjs/index.html (128)
[230:230:0130/102209.590930:INFO:CONSOLE(128)] "currentLatencynow: 49.464", source: file:///home/seluser/ppt/player/dashjs/index.html (128)
[230:230:0130/102210.590911:INFO:CONSOLE(128)] "currentLatencynow: 50.464", source: file:///home/seluser/ppt/player/dashjs/index.html (128)
[230:230:0130/102211.590888:INFO:CONSOLE(128)] "currentLatencynow: 51.464", source: file:///home/seluser/ppt/player/dashjs/index.html (128)
[230:230:0130/102212.590869:INFO:CONSOLE(128)] "currentLatencynow: 52.464", source: file:///home/seluser/ppt/player/dashjs/index.html (128)
[230:230:0130/102213.590843:INFO:CONSOLE(128)] "currentLatencynow: 53.464", source: file:///home/seluser/ppt/player/dashjs/index.html (128)
[230:230:0130/102214.590822:INFO:CONSOLE(128)] "currentLatencynow: 54.464", source: file:///home/seluser/ppt/player/dashjs/index.html (128)
[230:230:0130/102215.590859:INFO:CONSOLE(128)] "currentLatencynow: 55.464", source: file:///home/seluser/ppt/player/dashjs/index.html (128)
[230:230:0130/102216.590938:INFO:CONSOLE(128)] "currentLatencynow: 56.464", source: file:///home/seluser/ppt/player/dashjs/index.html (128)
[230:230:0130/102217.590854:INFO:CONSOLE(128)] "currentLatencynow: 57.464", source: file:///home/seluser/ppt/player/dashjs/index.html (128)
[230:230:0130/102218.590758:INFO:CONSOLE(128)] "currentLatencynow: 58.464", source: file:///home/seluser/ppt/player/dashjs/index.html (128)
[230:230:0130/102219.590884:INFO:CONSOLE(128)] "currentLatencynow: 59.464", source: file:///home/seluser/ppt/player/dashjs/index.html (128)
[230:230:0130/102220.590717:INFO:CONSOLE(128)] "currentLatencynow: 60.464", source: file:///home/seluser/ppt/player/dashjs/index.html (128)
[230:230:0130/102221.590862:INFO:CONSOLE(128)] "currentLatencynow: 61.464", source: file:///home/seluser/ppt/player/dashjs/index.html (128)
[230:230:0130/102222.590855:INFO:CONSOLE(128)] "currentLatencynow: 62.464", source: file:///home/seluser/ppt/player/dashjs/index.html (128)
[230:230:0130/102223.590869:INFO:CONSOLE(128)] "currentLatencynow: 63.464", source: file:///home/seluser/ppt/player/dashjs/index.html (128)
[230:230:0130/102224.590893:INFO:CONSOLE(128)] "currentLatencynow: 64.464", source: file:///home/seluser/ppt/player/dashjs/index.html (128)
[230:230:0130/102225.590862:INFO:CONSOLE(128)] "currentLatencynow: 65.464", source: file:///home/seluser/ppt/player/dashjs/index.html (128)
[230:230:0130/102226.590764:INFO:CONSOLE(128)] "currentLatencynow: 66.464", source: file:///home/seluser/ppt/player/dashjs/index.html (128)
[230:230:0130/102227.590828:INFO:CONSOLE(128)] "currentLatencynow: 67.464", source: file:///home/seluser/ppt/player/dashjs/index.html (128)
[230:230:0130/102228.590861:INFO:CONSOLE(128)] "currentLatencynow: 68.464", source: file:///home/seluser/ppt/player/dashjs/index.html (128)
[230:230:0130/102229.590818:INFO:CONSOLE(128)] "currentLatencynow: 69.464", source: file:///home/seluser/ppt/player/dashjs/index.html (128)
[230:230:0130/102230.590862:INFO:CONSOLE(128)] "currentLatencynow: 70.464", source: file:///home/seluser/ppt/player/dashjs/index.html (128)
[230:230:0130/102231.590939:INFO:CONSOLE(128)] "currentLatencynow: 71.464", source: file:///home/seluser/ppt/player/dashjs/index.html (128)
[230:230:0130/102232.590727:INFO:CONSOLE(128)] "currentLatencynow: 72.464", source: file:///home/seluser/ppt/player/dashjs/index.html (128)
[230:230:0130/102233.590784:INFO:CONSOLE(128)] "currentLatencynow: 73.464", source: file:///home/seluser/ppt/player/dashjs/index.html (128)
[230:230:0130/102234.590841:INFO:CONSOLE(128)] "currentLatencynow: 74.464", source: file:///home/seluser/ppt/player/dashjs/index.html (128)
[230:230:0130/102235.590614:INFO:CONSOLE(128)] "currentLatencynow: 75.464", source: file:///home/seluser/ppt/player/dashjs/index.html (128)
[230:230:0130/102236.590857:INFO:CONSOLE(128)] "currentLatencynow: 76.464", source: file:///home/seluser/ppt/player/dashjs/index.html (128)
[230:230:0130/102237.590914:INFO:CONSOLE(128)] "currentLatencynow: 77.464", source: file:///home/seluser/ppt/player/dashjs/index.html (128)
[230:230:0130/102238.590715:INFO:CONSOLE(128)] "currentLatencynow: 78.464", source: file:///home/seluser/ppt/player/dashjs/index.html (128)
[230:230:0130/102239.590897:INFO:CONSOLE(128)] "currentLatencynow: 79.464", source: file:///home/seluser/ppt/player/dashjs/index.html (128)
[230:230:0130/102240.590877:INFO:CONSOLE(128)] "currentLatencynow: 80.464", source: file:///home/seluser/ppt/player/dashjs/index.html (128)
[230:230:0130/102241.590767:INFO:CONSOLE(128)] "currentLatencynow: 81.464", source: file:///home/seluser/ppt/player/dashjs/index.html (128)
[230:230:0130/102242.591151:INFO:CONSOLE(128)] "currentLatencynow: 82.464", source: file:///home/seluser/ppt/player/dashjs/index.html (128)
[230:230:0130/102243.590805:INFO:CONSOLE(128)] "currentLatencynow: 83.464", source: file:///home/seluser/ppt/player/dashjs/index.html (128)
[230:230:0130/102244.590936:INFO:CONSOLE(128)] "currentLatencynow: 84.464", source: file:///home/seluser/ppt/player/dashjs/index.html (128)
[230:230:0130/102245.590947:INFO:CONSOLE(128)] "currentLatencynow: 85.464", source: file:///home/seluser/ppt/player/dashjs/index.html (128)
[230:230:0130/102246.590892:INFO:CONSOLE(128)] "currentLatencynow: 86.464", source: file:///home/seluser/ppt/player/dashjs/index.html (128)
[230:230:0130/102247.590870:INFO:CONSOLE(128)] "currentLatencynow: 87.464", source: file:///home/seluser/ppt/player/dashjs/index.html (128)
[230:230:0130/102248.590896:INFO:CONSOLE(128)] "currentLatencynow: 88.464", source: file:///home/seluser/ppt/player/dashjs/index.html (128)
[230:230:0130/102249.590851:INFO:CONSOLE(128)] "currentLatencynow: 89.464", source: file:///home/seluser/ppt/player/dashjs/index.html (128)
[230:230:0130/102250.590847:INFO:CONSOLE(128)] "currentLatencynow: 90.464", source: file:///home/seluser/ppt/player/dashjs/index.html (128)
[230:230:0130/102251.590941:INFO:CONSOLE(128)] "currentLatencynow: 91.464", source: file:///home/seluser/ppt/player/dashjs/index.html (128)
[230:230:0130/102252.590848:INFO:CONSOLE(128)] "currentLatencynow: 92.464", source: file:///home/seluser/ppt/player/dashjs/index.html (128)
[230:230:0130/102253.590959:INFO:CONSOLE(128)] "currentLatencynow: 93.464", source: file:///home/seluser/ppt/player/dashjs/index.html (128)
[230:230:0130/102254.590951:INFO:CONSOLE(128)] "currentLatencynow: 94.464", source: file:///home/seluser/ppt/player/dashjs/index.html (128)
[230:230:0130/102255.590754:INFO:CONSOLE(128)] "currentLatencynow: 95.464", source: file:///home/seluser/ppt/player/dashjs/index.html (128)
[230:230:0130/102256.590718:INFO:CONSOLE(128)] "currentLatencynow: 96.464", source: file:///home/seluser/ppt/player/dashjs/index.html (128)
[230:230:0130/102257.590812:INFO:CONSOLE(128)] "currentLatencynow: 97.464", source: file:///home/seluser/ppt/player/dashjs/index.html (128)
[230:230:0130/102258.590904:INFO:CONSOLE(128)] "currentLatencynow: 98.464", source: file:///home/seluser/ppt/player/dashjs/index.html (128)
[230:230:0130/102259.590647:INFO:CONSOLE(128)] "currentLatencynow: 99.464", source: file:///home/seluser/ppt/player/dashjs/index.html (128)
[230:230:0130/102300.590851:INFO:CONSOLE(128)] "currentLatencynow: 100.464", source: file:///home/seluser/ppt/player/dashjs/index.html (128)
[230:230:0130/102301.590848:INFO:CONSOLE(128)] "currentLatencynow: 101.464", source: file:///home/seluser/ppt/player/dashjs/index.html (128)
[230:230:0130/102302.590709:INFO:CONSOLE(128)] "currentLatencynow: 102.464", source: file:///home/seluser/ppt/player/dashjs/index.html (128)
[230:230:0130/102303.590758:INFO:CONSOLE(128)] "currentLatencynow: 103.464", source: file:///home/seluser/ppt/player/dashjs/index.html (128)
[230:230:0130/102304.590859:INFO:CONSOLE(128)] "currentLatencynow: 104.464", source: file:///home/seluser/ppt/player/dashjs/index.html (128)
[230:230:0130/102305.590900:INFO:CONSOLE(114)] "Begin Player stistics 
", source: file:///home/seluser/ppt/player/dashjs/index.html (114)
[230:230:0130/102305.591273:INFO:CONSOLE(115)] "["stall",[["6.51","11.89",5.380000000000001]],[["13.32","13.57",0.25]],[["15.69","15.94",0.25]],[["29.43","29.68",0.25]],[["32.74","32.99",0.25]],[["availibleBW",[null],[null],[null],[null],[null],[null],[null],[null],[null],[null],[null],[989],[989],[989],[989],[989],[989],[989],[989],[989],[1296],[1296],[1296],[1296],[1398],[1398],[1398],[1450],[1450],[1450],[1450],[1604],[1604],[1604],[1849],[1849],[1849],[1849],[1849],[2096],[2096],[2096],[2096],[2096],[2096],[2096],[2096],[2096],[2096],[2096],[2096],[2096],[2096],[2096],[2096],[2096],[2096],[2096],[2096],[2096],[2096],[2096],[2096],[2096],[2096],[2096],[2096],[2096],[2096],[2096],[2096],[2096],[2096],[2096],[2096],[2096],[2096],[2096],[2096],[2096],[2096],[2096],[2096],[2096],[2096],[2096],[2096],[2096],[2096],[2096],[2096],[2096],[2096],[2096],[2096],[2096],[2096],[2096],[2096],[2096],[2096],[2096],[2096],[2096],[2096],[2096],[2096],[2096],[2096],[2096],[2096],[2096],[2096],[2096],[2096],[2096],[2096],[2096],[2096]]],[["currentBuffer",[0],[0],[0],[0],[0],[0],[0],[0],[0],[0],[0],[1.319],[0.248],[0],[0],[0],[0],[0],[0],[0],[0],[0],[0],[0],[0.036],[0.036],[0.036],[1.702],[0.601],[0.058],[0],[0.832],[0.025],[0.025],[2.027],[2.027],[2.027],[2.027],[2.027],[4.029],[4.029],[3.051],[1.952],[0.852],[0.062],[0.062],[0.062],[0.062],[0.062],[0.062],[0.062],[0.062],[0.062],[0.062],[0.062],[0.062],[0.062],[0.062],[0.062],[0.062],[0.062],[0.062],[0.062],[0.062],[0.062],[0.062],[0.062],[0.062],[0.062],[0.062],[0.062],[0.062],[0.062],[0.062],[0.062],[0.062],[0.062],[0.062],[0.062],[0.062],[0.062],[0.062],[0.062],[0.062],[0.062],[0.062],[0.062],[0.062],[0.062],[0.062],[0.062],[0.062],[0.062],[0.062],[0.062],[0.062],[0.062],[0.062],[0.062],[0.062],[0.062],[0.062],[0.062],[0.062],[0.062],[0.062],[0.062],[0.062],[0.062],[0.062],[0.062],[0.062],[0.062],[0.062],[0.062],[0.062],[0.062],[0.062],[0.062]]],[["currentLatency",[null],[null],[null],[0],[0],[0],[0],[8.773],[9.773],[10.773],[11.773],[12.558],[12.464],[12.801],[12.801],[13.283],[14.283],[15.283],[16.283],[17.283],[18.283],[19.283],[20.283],[21.283],[22.283],[23.283],[24.283],[24.692],[24.591],[25.303],[25.837],[25.837],[26.268],[27.268],[28.268],[29.268],[30.268],[31.268],[32.268],[33.268],[34.166],[34.091],[33.991],[33.891],[30.464],[31.464],[32.464],[33.464],[34.464],[35.464],[36.464],[37.464],[38.464],[39.464],[40.464],[41.464],[42.464],[43.464],[44.464],[45.464],[46.464],[47.464],[48.464],[49.464],[50.464],[51.464],[52.464],[53.464],[54.464],[55.464],[56.464],[57.464],[58.464],[59.464],[60.464],[61.464],[62.464],[63.464],[64.464],[65.464],[66.464],[67.464],[68.464],[69.464],[70.464],[71.464],[72.464],[73.464],[74.464],[75.464],[76.464],[77.464],[78.464],[79.464],[80.464],[81.464],[82.464],[83.464],[84.464],[85.464],[86.464],[87.464],[88.464],[89.464],[90.464],[91.464],[92.464],[93.464],[94.464],[95.464],[96.464],[97.464],[98.464],[99.464],[100.464],[101.464],[102.464],[103.464],[104.464]]]]", source: file:///home/seluser/ppt/player/dashjs/index.html (115)
[230:230:0130/102305.591413:INFO:CONSOLE(116)] "
", source: file:///home/seluser/ppt/player/dashjs/index.html (116)
[230:230:0130/102305.591466:INFO:CONSOLE(117)] "Finish Player stistics 
", source: file:///home/seluser/ppt/player/dashjs/index.html (117)
[230:230:0130/102305.591544:INFO:CONSOLE(128)] "currentLatencynow: 105.465", source: file:///home/seluser/ppt/player/dashjs/index.html (128)
[230:230:0130/102306.590856:INFO:CONSOLE(128)] "currentLatencynow: 106.464", source: file:///home/seluser/ppt/player/dashjs/index.html (128)
[230:230:0130/102307.590881:INFO:CONSOLE(128)] "currentLatencynow: 107.464", source: file:///home/seluser/ppt/player/dashjs/index.html (128)
[230:230:0130/102308.590891:INFO:CONSOLE(128)] "currentLatencynow: 108.464", source: file:///home/seluser/ppt/player/dashjs/index.html (128)
[230:230:0130/102309.591051:INFO:CONSOLE(128)] "currentLatencynow: 109.464", source: file:///home/seluser/ppt/player/dashjs/index.html (128)
[230:230:0130/102310.590793:INFO:CONSOLE(128)] "currentLatencynow: 110.464", source: file:///home/seluser/ppt/player/dashjs/index.html (128)
[230:230:0130/102311.590762:INFO:CONSOLE(128)] "currentLatencynow: 111.464", source: file:///home/seluser/ppt/player/dashjs/index.html (128)
[230:230:0130/102312.590691:INFO:CONSOLE(128)] "currentLatencynow: 112.464", source: file:///home/seluser/ppt/player/dashjs/index.html (128)
[230:230:0130/102313.590860:INFO:CONSOLE(128)] "currentLatencynow: 113.464", source: file:///home/seluser/ppt/player/dashjs/index.html (128)
[230:230:0130/102314.590776:INFO:CONSOLE(128)] "currentLatencynow: 114.464", source: file:///home/seluser/ppt/player/dashjs/index.html (128)
[230:230:0130/102315.590755:INFO:CONSOLE(128)] "currentLatencynow: 115.464", source: file:///home/seluser/ppt/player/dashjs/index.html (128)
[230:230:0130/102316.590802:INFO:CONSOLE(128)] "currentLatencynow: 116.464", source: file:///home/seluser/ppt/player/dashjs/index.html (128)
[230:230:0130/102317.590828:INFO:CONSOLE(128)] "currentLatencynow: 117.464", source: file:///home/seluser/ppt/player/dashjs/index.html (128)
[230:230:0130/102318.590768:INFO:CONSOLE(128)] "currentLatencynow: 118.464", source: file:///home/seluser/ppt/player/dashjs/index.html (128)
[230:230:0130/102319.590741:INFO:CONSOLE(128)] "currentLatencynow: 119.464", source: file:///home/seluser/ppt/player/dashjs/index.html (128)
[230:230:0130/102320.590693:INFO:CONSOLE(128)] "currentLatencynow: 120.464", source: file:///home/seluser/ppt/player/dashjs/index.html (128)
[230:230:0130/102321.590781:INFO:CONSOLE(128)] "currentLatencynow: 121.464", source: file:///home/seluser/ppt/player/dashjs/index.html (128)
[230:230:0130/102322.590703:INFO:CONSOLE(128)] "currentLatencynow: 122.464", source: file:///home/seluser/ppt/player/dashjs/index.html (128)
[230:230:0130/102323.590818:INFO:CONSOLE(128)] "currentLatencynow: 123.464", source: file:///home/seluser/ppt/player/dashjs/index.html (128)
[230:230:0130/102324.590870:INFO:CONSOLE(128)] "currentLatencynow: 124.464", source: file:///home/seluser/ppt/player/dashjs/index.html (128)
[230:230:0130/102325.590848:INFO:CONSOLE(128)] "currentLatencynow: 125.464", source: file:///home/seluser/ppt/player/dashjs/index.html (128)
[230:230:0130/102326.590745:INFO:CONSOLE(128)] "currentLatencynow: 126.464", source: file:///home/seluser/ppt/player/dashjs/index.html (128)
[230:230:0130/102327.590825:INFO:CONSOLE(128)] "currentLatencynow: 127.464", source: file:///home/seluser/ppt/player/dashjs/index.html (128)
[230:230:0130/102328.590815:INFO:CONSOLE(128)] "currentLatencynow: 128.464", source: file:///home/seluser/ppt/player/dashjs/index.html (128)
[230:230:0130/102329.590814:INFO:CONSOLE(128)] "currentLatencynow: 129.464", source: file:///home/seluser/ppt/player/dashjs/index.html (128)
[230:230:0130/102330.590857:INFO:CONSOLE(128)] "currentLatencynow: 130.464", source: file:///home/seluser/ppt/player/dashjs/index.html (128)
[230:230:0130/102331.590693:INFO:CONSOLE(128)] "currentLatencynow: 131.464", source: file:///home/seluser/ppt/player/dashjs/index.html (128)
[230:230:0130/102332.591606:INFO:CONSOLE(128)] "currentLatencynow: 132.464", source: file:///home/seluser/ppt/player/dashjs/index.html (128)
[230:230:0130/102333.590754:INFO:CONSOLE(128)] "currentLatencynow: 133.464", source: file:///home/seluser/ppt/player/dashjs/index.html (128)
[230:230:0130/102334.590801:INFO:CONSOLE(128)] "currentLatencynow: 134.464", source: file:///home/seluser/ppt/player/dashjs/index.html (128)
[230:230:0130/102335.590741:INFO:CONSOLE(128)] "currentLatencynow: 135.464", source: file:///home/seluser/ppt/player/dashjs/index.html (128)
[230:230:0130/102336.590649:INFO:CONSOLE(128)] "currentLatencynow: 136.464", source: file:///home/seluser/ppt/player/dashjs/index.html (128)
[230:230:0130/102337.590647:INFO:CONSOLE(128)] "currentLatencynow: 137.464", source: file:///home/seluser/ppt/player/dashjs/index.html (128)
[230:230:0130/102338.590621:INFO:CONSOLE(128)] "currentLatencynow: 138.464", source: file:///home/seluser/ppt/player/dashjs/index.html (128)
[230:230:0130/102339.590656:INFO:CONSOLE(128)] "currentLatencynow: 139.464", source: file:///home/seluser/ppt/player/dashjs/index.html (128)
[230:230:0130/102340.590646:INFO:CONSOLE(128)] "currentLatencynow: 140.464", source: file:///home/seluser/ppt/player/dashjs/index.html (128)
[230:230:0130/102341.590691:INFO:CONSOLE(128)] "currentLatencynow: 141.464", source: file:///home/seluser/ppt/player/dashjs/index.html (128)
[230:230:0130/102342.590741:INFO:CONSOLE(128)] "currentLatencynow: 142.464", source: file:///home/seluser/ppt/player/dashjs/index.html (128)
[230:230:0130/102343.590707:INFO:CONSOLE(128)] "currentLatencynow: 143.464", source: file:///home/seluser/ppt/player/dashjs/index.html (128)
[230:230:0130/102344.590653:INFO:CONSOLE(128)] "currentLatencynow: 144.464", source: file:///home/seluser/ppt/player/dashjs/index.html (128)
[230:230:0130/102345.590690:INFO:CONSOLE(128)] "currentLatencynow: 145.464", source: file:///home/seluser/ppt/player/dashjs/index.html (128)
[230:230:0130/102346.590730:INFO:CONSOLE(128)] "currentLatencynow: 146.464", source: file:///home/seluser/ppt/player/dashjs/index.html (128)
[230:230:0130/102347.590683:INFO:CONSOLE(128)] "currentLatencynow: 147.464", source: file:///home/seluser/ppt/player/dashjs/index.html (128)
[230:230:0130/102348.590729:INFO:CONSOLE(128)] "currentLatencynow: 148.464", source: file:///home/seluser/ppt/player/dashjs/index.html (128)
[230:230:0130/102349.590750:INFO:CONSOLE(128)] "currentLatencynow: 149.464", source: file:///home/seluser/ppt/player/dashjs/index.html (128)
[230:230:0130/102350.590632:INFO:CONSOLE(128)] "currentLatencynow: 150.464", source: file:///home/seluser/ppt/player/dashjs/index.html (128)
[230:230:0130/102351.590733:INFO:CONSOLE(128)] "currentLatencynow: 151.464", source: file:///home/seluser/ppt/player/dashjs/index.html (128)
[230:230:0130/102352.590712:INFO:CONSOLE(128)] "currentLatencynow: 152.464", source: file:///home/seluser/ppt/player/dashjs/index.html (128)
[230:230:0130/102353.590725:INFO:CONSOLE(128)] "currentLatencynow: 153.464", source: file:///home/seluser/ppt/player/dashjs/index.html (128)
[230:230:0130/102354.590715:INFO:CONSOLE(128)] "currentLatencynow: 154.464", source: file:///home/seluser/ppt/player/dashjs/index.html (128)
[230:230:0130/102355.590743:INFO:CONSOLE(128)] "currentLatencynow: 155.464", source: file:///home/seluser/ppt/player/dashjs/index.html (128)
[230:230:0130/102356.590734:INFO:CONSOLE(128)] "currentLatencynow: 156.464", source: file:///home/seluser/ppt/player/dashjs/index.html (128)
[230:230:0130/102357.590772:INFO:CONSOLE(128)] "currentLatencynow: 157.464", source: file:///home/seluser/ppt/player/dashjs/index.html (128)
[230:230:0130/102358.590790:INFO:CONSOLE(128)] "currentLatencynow: 158.464", source: file:///home/seluser/ppt/player/dashjs/index.html (128)
[230:230:0130/102359.590797:INFO:CONSOLE(128)] "currentLatencynow: 159.464", source: file:///home/seluser/ppt/player/dashjs/index.html (128)
[230:230:0130/102400.590777:INFO:CONSOLE(128)] "currentLatencynow: 160.464", source: file:///home/seluser/ppt/player/dashjs/index.html (128)
[230:230:0130/102401.590738:INFO:CONSOLE(128)] "currentLatencynow: 161.464", source: file:///home/seluser/ppt/player/dashjs/index.html (128)
[230:230:0130/102402.590718:INFO:CONSOLE(128)] "currentLatencynow: 162.464", source: file:///home/seluser/ppt/player/dashjs/index.html (128)
[230:230:0130/102403.590938:INFO:CONSOLE(128)] "currentLatencynow: 163.464", source: file:///home/seluser/ppt/player/dashjs/index.html (128)
[230:230:0130/102404.590882:INFO:CONSOLE(128)] "currentLatencynow: 164.464", source: file:///home/seluser/ppt/player/dashjs/index.html (128)
[230:230:0130/102405.590696:INFO:CONSOLE(128)] "currentLatencynow: 165.464", source: file:///home/seluser/ppt/player/dashjs/index.html (128)
[230:230:0130/102405.795463:WARNING:pref_notifier_impl.cc(40)] Pref observer for media_router.cast_allow_all_ips found at shutdown.
