[229:292:0130/100810.716962:ERROR:bus.cc(392)] Failed to connect to the bus: Failed to connect to socket /var/run/dbus/system_bus_socket: No such file or directory
[229:255:0130/100810.719182:ERROR:bus.cc(392)] Failed to connect to the bus: Address does not contain a colon
[229:255:0130/100810.719867:ERROR:bus.cc(392)] Failed to connect to the bus: Address does not contain a colon
[229:255:0130/100810.733400:ERROR:bus.cc(392)] Failed to connect to the bus: Address does not contain a colon
[229:255:0130/100810.733463:ERROR:bus.cc(392)] Failed to connect to the bus: Address does not contain a colon
[300:300:0130/100810.739663:ERROR:gpu_init.cc(453)] Passthrough is not supported, GL is swiftshader, ANGLE is 
[229:255:0130/100810.768047:ERROR:bus.cc(392)] Failed to connect to the bus: Address does not contain a colon
[229:255:0130/100810.769590:ERROR:bus.cc(392)] Failed to connect to the bus: Address does not contain a colon
[229:394:0130/100810.832072:ERROR:bus.cc(392)] Failed to connect to the bus: Failed to connect to socket /var/run/dbus/system_bus_socket: No such file or directory
[229:394:0130/100810.832173:ERROR:bus.cc(392)] Failed to connect to the bus: Failed to connect to socket /var/run/dbus/system_bus_socket: No such file or directory
[229:394:0130/100810.832248:ERROR:bus.cc(392)] Failed to connect to the bus: Failed to connect to socket /var/run/dbus/system_bus_socket: No such file or directory
[229:394:0130/100810.832279:WARNING:property.cc(144)] DaemonVersion: GetAndBlock: failed.
[229:394:0130/100810.832332:ERROR:bus.cc(392)] Failed to connect to the bus: Failed to connect to socket /var/run/dbus/system_bus_socket: No such file or directory
[229:394:0130/100810.832384:ERROR:bus.cc(392)] Failed to connect to the bus: Failed to connect to socket /var/run/dbus/system_bus_socket: No such file or directory
[229:229:0130/100812.174615:INFO:CONSOLE(128)] "currentLatencynow: NaN", source: file:///home/seluser/ppt/player/dashjs/index.html (128)
[229:251:0130/100812.973787:ERROR:chrome_browser_main_extra_parts_metrics.cc(228)] crbug.com/1216328: Checking Bluetooth availability started. Please report if there is no report that this ends.
[229:251:0130/100812.973936:ERROR:chrome_browser_main_extra_parts_metrics.cc(231)] crbug.com/1216328: Checking Bluetooth availability ended.
[229:251:0130/100812.973970:ERROR:chrome_browser_main_extra_parts_metrics.cc(234)] crbug.com/1216328: Checking default browser status started. Please report if there is no report that this ends.
[229:229:0130/100813.174569:INFO:CONSOLE(128)] "currentLatencynow: NaN", source: file:///home/seluser/ppt/player/dashjs/index.html (128)
[229:251:0130/100813.189786:ERROR:chrome_browser_main_extra_parts_metrics.cc(238)] crbug.com/1216328: Checking default browser status ended.
[229:229:0130/100814.174382:INFO:CONSOLE(128)] "currentLatencynow: NaN", source: file:///home/seluser/ppt/player/dashjs/index.html (128)
[229:229:0130/100815.174351:INFO:CONSOLE(128)] "currentLatencynow: NaN", source: file:///home/seluser/ppt/player/dashjs/index.html (128)
[229:229:0130/100816.174335:INFO:CONSOLE(128)] "currentLatencynow: NaN", source: file:///home/seluser/ppt/player/dashjs/index.html (128)
[229:229:0130/100817.174219:INFO:CONSOLE(128)] "currentLatencynow: NaN", source: file:///home/seluser/ppt/player/dashjs/index.html (128)
[229:229:0130/100818.174479:INFO:CONSOLE(128)] "currentLatencynow: 0", source: file:///home/seluser/ppt/player/dashjs/index.html (128)
[229:229:0130/100819.174337:INFO:CONSOLE(128)] "currentLatencynow: 0", source: file:///home/seluser/ppt/player/dashjs/index.html (128)
[229:229:0130/100820.174241:INFO:CONSOLE(128)] "currentLatencynow: 0", source: file:///home/seluser/ppt/player/dashjs/index.html (128)
[229:229:0130/100821.174546:INFO:CONSOLE(128)] "currentLatencynow: 0", source: file:///home/seluser/ppt/player/dashjs/index.html (128)
[229:229:0130/100822.174339:INFO:CONSOLE(128)] "currentLatencynow: 0", source: file:///home/seluser/ppt/player/dashjs/index.html (128)
[229:229:0130/100823.174419:INFO:CONSOLE(128)] "currentLatencynow: 0", source: file:///home/seluser/ppt/player/dashjs/index.html (128)
[229:229:0130/100824.174354:INFO:CONSOLE(128)] "currentLatencynow: 0", source: file:///home/seluser/ppt/player/dashjs/index.html (128)
[229:229:0130/100825.174361:INFO:CONSOLE(128)] "currentLatencynow: 0", source: file:///home/seluser/ppt/player/dashjs/index.html (128)
[639:639:0130/100825.546277:WARNING:audio_manager_linux.cc(69)] Falling back to ALSA for audio output. PulseAudio is not available or could not be initialized.
[639:639:0130/100825.567885:ERROR:alsa_util.cc(204)] PcmOpen: default,No such file or directory
[639:639:0130/100825.570991:ERROR:alsa_util.cc(204)] PcmOpen: plug:default,No such file or directory
[229:229:0130/100826.174362:INFO:CONSOLE(128)] "currentLatencynow: 12.769", source: file:///home/seluser/ppt/player/dashjs/index.html (128)
[229:229:0130/100827.174823:INFO:CONSOLE(128)] "currentLatencynow: 13.77", source: file:///home/seluser/ppt/player/dashjs/index.html (128)
[229:229:0130/100828.174313:INFO:CONSOLE(128)] "currentLatencynow: 14.769", source: file:///home/seluser/ppt/player/dashjs/index.html (128)
[229:229:0130/100829.174335:INFO:CONSOLE(128)] "currentLatencynow: 15.769", source: file:///home/seluser/ppt/player/dashjs/index.html (128)
[229:229:0130/100830.174375:INFO:CONSOLE(128)] "currentLatencynow: 16.769", source: file:///home/seluser/ppt/player/dashjs/index.html (128)
[229:229:0130/100831.174414:INFO:CONSOLE(128)] "currentLatencynow: 17.769", source: file:///home/seluser/ppt/player/dashjs/index.html (128)
[229:229:0130/100832.174304:INFO:CONSOLE(128)] "currentLatencynow: 18.769", source: file:///home/seluser/ppt/player/dashjs/index.html (128)
[229:229:0130/100833.174361:INFO:CONSOLE(128)] "currentLatencynow: 19.769", source: file:///home/seluser/ppt/player/dashjs/index.html (128)
[229:229:0130/100834.174319:INFO:CONSOLE(128)] "currentLatencynow: 20.769", source: file:///home/seluser/ppt/player/dashjs/index.html (128)
[229:229:0130/100835.174336:INFO:CONSOLE(128)] "currentLatencynow: 21.769", source: file:///home/seluser/ppt/player/dashjs/index.html (128)
[229:229:0130/100836.174615:INFO:CONSOLE(128)] "currentLatencynow: 22.769", source: file:///home/seluser/ppt/player/dashjs/index.html (128)
[229:229:0130/100837.174247:INFO:CONSOLE(128)] "currentLatencynow: 23.769", source: file:///home/seluser/ppt/player/dashjs/index.html (128)
[229:229:0130/100838.174285:INFO:CONSOLE(128)] "currentLatencynow: 24.769", source: file:///home/seluser/ppt/player/dashjs/index.html (128)
[229:229:0130/100839.174307:INFO:CONSOLE(128)] "currentLatencynow: 25.769", source: file:///home/seluser/ppt/player/dashjs/index.html (128)
[229:229:0130/100840.174276:INFO:CONSOLE(128)] "currentLatencynow: 26.769", source: file:///home/seluser/ppt/player/dashjs/index.html (128)
[229:229:0130/100841.174382:INFO:CONSOLE(128)] "currentLatencynow: 27.769", source: file:///home/seluser/ppt/player/dashjs/index.html (128)
[229:229:0130/100842.174348:INFO:CONSOLE(128)] "currentLatencynow: 28.769", source: file:///home/seluser/ppt/player/dashjs/index.html (128)
[229:229:0130/100843.174387:INFO:CONSOLE(128)] "currentLatencynow: 29.769", source: file:///home/seluser/ppt/player/dashjs/index.html (128)
[229:229:0130/100844.174306:INFO:CONSOLE(128)] "currentLatencynow: 30.769", source: file:///home/seluser/ppt/player/dashjs/index.html (128)
[229:229:0130/100845.174424:INFO:CONSOLE(128)] "currentLatencynow: 31.769", source: file:///home/seluser/ppt/player/dashjs/index.html (128)
[229:229:0130/100846.174365:INFO:CONSOLE(128)] "currentLatencynow: 32.769", source: file:///home/seluser/ppt/player/dashjs/index.html (128)
[229:229:0130/100847.174563:INFO:CONSOLE(128)] "currentLatencynow: 33.77", source: file:///home/seluser/ppt/player/dashjs/index.html (128)
[229:229:0130/100848.174417:INFO:CONSOLE(128)] "currentLatencynow: 34.769", source: file:///home/seluser/ppt/player/dashjs/index.html (128)
[229:229:0130/100849.174355:INFO:CONSOLE(128)] "currentLatencynow: 35.769", source: file:///home/seluser/ppt/player/dashjs/index.html (128)
[229:229:0130/100850.174249:INFO:CONSOLE(128)] "currentLatencynow: 36.769", source: file:///home/seluser/ppt/player/dashjs/index.html (128)
[229:229:0130/100851.174219:INFO:CONSOLE(128)] "currentLatencynow: 37.769", source: file:///home/seluser/ppt/player/dashjs/index.html (128)
[229:229:0130/100852.174558:INFO:CONSOLE(128)] "currentLatencynow: 38.77", source: file:///home/seluser/ppt/player/dashjs/index.html (128)
[229:229:0130/100853.174220:INFO:CONSOLE(128)] "currentLatencynow: 39.769", source: file:///home/seluser/ppt/player/dashjs/index.html (128)
[229:229:0130/100854.174230:INFO:CONSOLE(128)] "currentLatencynow: 40.769", source: file:///home/seluser/ppt/player/dashjs/index.html (128)
[229:255:0130/100855.106573:ERROR:bus.cc(392)] Failed to connect to the bus: Address does not contain a colon
[229:255:0130/100855.106670:ERROR:bus.cc(392)] Failed to connect to the bus: Address does not contain a colon
[229:255:0130/100855.106691:ERROR:bus.cc(392)] Failed to connect to the bus: Address does not contain a colon
[229:255:0130/100855.106708:ERROR:bus.cc(392)] Failed to connect to the bus: Address does not contain a colon
[229:255:0130/100855.106720:ERROR:bus.cc(392)] Failed to connect to the bus: Address does not contain a colon
[229:255:0130/100855.106738:ERROR:bus.cc(392)] Failed to connect to the bus: Address does not contain a colon
[229:255:0130/100855.106766:ERROR:bus.cc(392)] Failed to connect to the bus: Address does not contain a colon
[229:255:0130/100855.106785:ERROR:bus.cc(392)] Failed to connect to the bus: Address does not contain a colon
[229:255:0130/100855.106796:ERROR:bus.cc(392)] Failed to connect to the bus: Address does not contain a colon
[229:255:0130/100855.106814:ERROR:bus.cc(392)] Failed to connect to the bus: Address does not contain a colon
[229:255:0130/100855.106825:ERROR:bus.cc(392)] Failed to connect to the bus: Address does not contain a colon
[229:255:0130/100855.106843:ERROR:bus.cc(392)] Failed to connect to the bus: Address does not contain a colon
[229:255:0130/100855.106856:ERROR:bus.cc(392)] Failed to connect to the bus: Address does not contain a colon
[229:255:0130/100855.106873:ERROR:bus.cc(392)] Failed to connect to the bus: Address does not contain a colon
[229:255:0130/100855.112407:ERROR:bus.cc(392)] Failed to connect to the bus: Address does not contain a colon
[229:255:0130/100855.112454:ERROR:bus.cc(392)] Failed to connect to the bus: Address does not contain a colon
[229:255:0130/100855.112476:ERROR:bus.cc(392)] Failed to connect to the bus: Address does not contain a colon
[229:255:0130/100855.172403:ERROR:bus.cc(392)] Failed to connect to the bus: Address does not contain a colon
[229:255:0130/100855.172466:ERROR:bus.cc(392)] Failed to connect to the bus: Address does not contain a colon
[229:229:0130/100855.174266:INFO:CONSOLE(128)] "currentLatencynow: 41.743", source: file:///home/seluser/ppt/player/dashjs/index.html (128)
[229:229:0130/100856.174207:INFO:CONSOLE(128)] "currentLatencynow: 41.655", source: file:///home/seluser/ppt/player/dashjs/index.html (128)
[229:229:0130/100857.174312:INFO:CONSOLE(128)] "currentLatencynow: 30.077", source: file:///home/seluser/ppt/player/dashjs/index.html (128)
[229:229:0130/100858.174339:INFO:CONSOLE(128)] "currentLatencynow: 31.077", source: file:///home/seluser/ppt/player/dashjs/index.html (128)
[229:229:0130/100859.174259:INFO:CONSOLE(128)] "currentLatencynow: 32.077", source: file:///home/seluser/ppt/player/dashjs/index.html (128)
[229:229:0130/100900.174376:INFO:CONSOLE(128)] "currentLatencynow: 33.077", source: file:///home/seluser/ppt/player/dashjs/index.html (128)
[229:229:0130/100901.174289:INFO:CONSOLE(128)] "currentLatencynow: 34.077", source: file:///home/seluser/ppt/player/dashjs/index.html (128)
[229:229:0130/100902.174224:INFO:CONSOLE(128)] "currentLatencynow: 35.077", source: file:///home/seluser/ppt/player/dashjs/index.html (128)
[229:229:0130/100903.174265:INFO:CONSOLE(128)] "currentLatencynow: 36.077", source: file:///home/seluser/ppt/player/dashjs/index.html (128)
[229:229:0130/100904.174209:INFO:CONSOLE(128)] "currentLatencynow: 37.077", source: file:///home/seluser/ppt/player/dashjs/index.html (128)
[229:229:0130/100905.174215:INFO:CONSOLE(128)] "currentLatencynow: 38.077", source: file:///home/seluser/ppt/player/dashjs/index.html (128)
[229:229:0130/100906.174169:INFO:CONSOLE(128)] "currentLatencynow: 39.077", source: file:///home/seluser/ppt/player/dashjs/index.html (128)
[229:229:0130/100907.174303:INFO:CONSOLE(128)] "currentLatencynow: 40.077", source: file:///home/seluser/ppt/player/dashjs/index.html (128)
[229:229:0130/100908.174264:INFO:CONSOLE(128)] "currentLatencynow: 41.077", source: file:///home/seluser/ppt/player/dashjs/index.html (128)
[229:229:0130/100909.174295:INFO:CONSOLE(128)] "currentLatencynow: 42.077", source: file:///home/seluser/ppt/player/dashjs/index.html (128)
[229:229:0130/100910.174338:INFO:CONSOLE(128)] "currentLatencynow: 43.077", source: file:///home/seluser/ppt/player/dashjs/index.html (128)
[229:320:0130/100910.802244:ERROR:database.cc(1761)] History SQLite error: code 13 errno 0: database or disk is full sql: INSERT OR REPLACE INTO meta (key,value) VALUES (?,?)
[229:229:0130/100911.174307:INFO:CONSOLE(128)] "currentLatencynow: 44.077", source: file:///home/seluser/ppt/player/dashjs/index.html (128)
[229:229:0130/100912.174347:INFO:CONSOLE(128)] "currentLatencynow: 45.077", source: file:///home/seluser/ppt/player/dashjs/index.html (128)
[229:229:0130/100913.174479:INFO:CONSOLE(128)] "currentLatencynow: 46.077", source: file:///home/seluser/ppt/player/dashjs/index.html (128)
[229:229:0130/100914.174239:INFO:CONSOLE(128)] "currentLatencynow: 47.077", source: file:///home/seluser/ppt/player/dashjs/index.html (128)
[229:229:0130/100915.174342:INFO:CONSOLE(128)] "currentLatencynow: 48.077", source: file:///home/seluser/ppt/player/dashjs/index.html (128)
[229:229:0130/100916.174352:INFO:CONSOLE(128)] "currentLatencynow: 49.077", source: file:///home/seluser/ppt/player/dashjs/index.html (128)
[229:229:0130/100917.174392:INFO:CONSOLE(128)] "currentLatencynow: 50.077", source: file:///home/seluser/ppt/player/dashjs/index.html (128)
[229:229:0130/100918.174467:INFO:CONSOLE(128)] "currentLatencynow: 51.078", source: file:///home/seluser/ppt/player/dashjs/index.html (128)
[229:229:0130/100919.174460:INFO:CONSOLE(128)] "currentLatencynow: 52.077", source: file:///home/seluser/ppt/player/dashjs/index.html (128)
[229:229:0130/100920.174457:INFO:CONSOLE(128)] "currentLatencynow: 53.077", source: file:///home/seluser/ppt/player/dashjs/index.html (128)
[229:229:0130/100921.174223:INFO:CONSOLE(128)] "currentLatencynow: 54.077", source: file:///home/seluser/ppt/player/dashjs/index.html (128)
[229:229:0130/100922.174420:INFO:CONSOLE(128)] "currentLatencynow: 55.077", source: file:///home/seluser/ppt/player/dashjs/index.html (128)
[229:229:0130/100923.174237:INFO:CONSOLE(128)] "currentLatencynow: 56.077", source: file:///home/seluser/ppt/player/dashjs/index.html (128)
[229:229:0130/100924.174239:INFO:CONSOLE(128)] "currentLatencynow: 57.077", source: file:///home/seluser/ppt/player/dashjs/index.html (128)
[229:229:0130/100925.174445:INFO:CONSOLE(128)] "currentLatencynow: 58.077", source: file:///home/seluser/ppt/player/dashjs/index.html (128)
[229:229:0130/100926.174221:INFO:CONSOLE(128)] "currentLatencynow: 59.077", source: file:///home/seluser/ppt/player/dashjs/index.html (128)
[301:338:0130/100926.692700:ERROR:simple_index_file.cc(310)] Failed to write the temporary index file
[229:229:0130/100927.174153:INFO:CONSOLE(128)] "currentLatencynow: 60.077", source: file:///home/seluser/ppt/player/dashjs/index.html (128)
[229:229:0130/100928.174184:INFO:CONSOLE(128)] "currentLatencynow: 61.077", source: file:///home/seluser/ppt/player/dashjs/index.html (128)
[229:229:0130/100929.174155:INFO:CONSOLE(128)] "currentLatencynow: 62.077", source: file:///home/seluser/ppt/player/dashjs/index.html (128)
[229:229:0130/100930.174331:INFO:CONSOLE(128)] "currentLatencynow: 63.077", source: file:///home/seluser/ppt/player/dashjs/index.html (128)
[229:229:0130/100931.174306:INFO:CONSOLE(128)] "currentLatencynow: 64.077", source: file:///home/seluser/ppt/player/dashjs/index.html (128)
[229[229:229:0130/101059.174303:INFO:CONSOLE(128)] "currentLatencynow: 152.077", source: file:///home/seluser/ppt/player/dashjs/index.html (128)
[229:229:0130/101100.174322:INFO:CONSOLE(128)] "currentLatencynow: 153.077", source: file:///home/seluser/ppt/player/dashjs/index.html (128)
[229:229:0130/101101.174447:INFO:CONSOLE(128)] "currentLatencynow: 154.078", source: file:///home/seluser/ppt/player/dashjs/index.html (128)
[229:229:0130/101102.174147:INFO:CONSOLE(128)] "currentLatencynow: 155.077", source: file:///home/seluser/ppt/player/dashjs/index.html (128)
[229:229:0130/101103.174387:INFO:CONSOLE(128)] "currentLatencynow: 156.077", source: file:///home/seluser/ppt/player/dashjs/index.html (128)
[229:229:0130/101104.174208:INFO:CONSOLE(128)] "currentLatencynow: 157.077", source: file:///home/seluser/ppt/player/dashjs/index.html (128)
[229:229:0130/101105.174373:INFO:CONSOLE(128)] "currentLatencynow: 158.077", source: file:///home/seluser/ppt/player/dashjs/index.html (128)
[229:229:0130/101106.174366:INFO:CONSOLE(128)] "currentLatencynow: 159.077", source: file:///home/seluser/ppt/player/dashjs/index.html (128)
[229:229:0130/101107.174304:INFO:CONSOLE(128)] "currentLatencynow: 160.077", source: file:///home/seluser/ppt/player/dashjs/index.html (128)
[229:229:0130/101108.174261:INFO:CONSOLE(128)] "currentLatencynow: 161.077", source: file:///home/seluser/ppt/player/dashjs/index.html (128)
[229:229:0130/101109.174357:INFO:CONSOLE(128)] "currentLatencynow: 162.077", source: file:///home/seluser/ppt/player/dashjs/index.html (128)
[229:229:0130/101110.174240:INFO:CONSOLE(128)] "currentLatencynow: 163.077", source: file:///home/seluser/ppt/player/dashjs/index.html (128)
[229:229:0130/101111.174313:INFO:CONSOLE(128)] "currentLatencynow: 164.077", source: file:///home/seluser/ppt/player/dashjs/index.html (128)
[229:663:0130/101111.300533:ERROR:database.cc(1761)] History SQLite error: code 1 errno 0: cannot commit - no transaction is active sql: COMMIT
[229:229:0130/101111.323560:WARNING:pref_notifier_impl.cc(40)] Pref observer for media_router.cast_allow_all_ips found at shutdown.
