[23:194:1218/151743.485377:ERROR:bus.cc(392)] Failed to connect to the bus: Failed to connect to socket /var/run/dbus/system_bus_socket: No such file or directory
[23:135:1218/151743.487778:ERROR:bus.cc(392)] Failed to connect to the bus: Address does not contain a colon
[23:135:1218/151743.487828:ERROR:bus.cc(392)] Failed to connect to the bus: Address does not contain a colon
[23:135:1218/151743.497619:ERROR:bus.cc(392)] Failed to connect to the bus: Address does not contain a colon
[23:135:1218/151743.497671:ERROR:bus.cc(392)] Failed to connect to the bus: Address does not contain a colon
[201:201:1218/151743.504914:ERROR:gpu_init.cc(453)] Passthrough is not supported, GL is swiftshader, ANGLE is 
[23:135:1218/151743.511111:ERROR:bus.cc(392)] Failed to connect to the bus: Address does not contain a colon
[23:135:1218/151743.511165:ERROR:bus.cc(392)] Failed to connect to the bus: Address does not contain a colon
[23:289:1218/151743.643376:ERROR:bus.cc(392)] Failed to connect to the bus: Failed to connect to socket /var/run/dbus/system_bus_socket: No such file or directory
[23:289:1218/151743.643439:ERROR:bus.cc(392)] Failed to connect to the bus: Failed to connect to socket /var/run/dbus/system_bus_socket: No such file or directory
[23:289:1218/151743.643487:ERROR:bus.cc(392)] Failed to connect to the bus: Failed to connect to socket /var/run/dbus/system_bus_socket: No such file or directory
[23:289:1218/151743.643509:WARNING:property.cc(144)] DaemonVersion: GetAndBlock: failed.
[23:289:1218/151743.643534:ERROR:bus.cc(392)] Failed to connect to the bus: Failed to connect to socket /var/run/dbus/system_bus_socket: No such file or directory
[23:289:1218/151743.643548:ERROR:bus.cc(392)] Failed to connect to the bus: Failed to connect to socket /var/run/dbus/system_bus_socket: No such file or directory
[344:344:1218/151744.863999:WARNING:audio_manager_linux.cc(69)] Falling back to ALSA for audio output. PulseAudio is not available or could not be initialized.
[344:344:1218/151744.867159:ERROR:alsa_util.cc(204)] PcmOpen: default,No such file or directory
[344:344:1218/151744.867233:ERROR:alsa_util.cc(204)] PcmOpen: plug:default,No such file or directory
[23:23:1218/151745.101645:INFO:CONSOLE(128)] "currentLatencynow: 8.168", source: file:///home/seluser/ppt/player/dashjs/index.html (128)
[23:23:1218/151746.101473:INFO:CONSOLE(128)] "currentLatencynow: 9.168", source: file:///home/seluser/ppt/player/dashjs/index.html (128)
[23:196:1218/151746.210328:ERROR:chrome_browser_main_extra_parts_metrics.cc(228)] crbug.com/1216328: Checking Bluetooth availability started. Please report if there is no report that this ends.
[23:196:1218/151746.210370:ERROR:chrome_browser_main_extra_parts_metrics.cc(231)] crbug.com/1216328: Checking Bluetooth availability ended.
[23:196:1218/151746.210387:ERROR:chrome_browser_main_extra_parts_metrics.cc(234)] crbug.com/1216328: Checking default browser status started. Please report if there is no report that this ends.
[23:196:1218/151746.284232:ERROR:chrome_browser_main_extra_parts_metrics.cc(238)] crbug.com/1216328: Checking default browser status ended.
[23:23:1218/151747.101483:INFO:CONSOLE(128)] "currentLatencynow: 10.168", source: file:///home/seluser/ppt/player/dashjs/index.html (128)
[23:135:1218/151747.353031:ERROR:bus.cc(392)] Failed to connect to the bus: Address does not contain a colon
[23:135:1218/151747.353079:ERROR:bus.cc(392)] Failed to connect to the bus: Address does not contain a colon
[23:135:1218/151747.353086:ERROR:bus.cc(392)] Failed to connect to the bus: Address does not contain a colon
[23:135:1218/151747.353103:ERROR:bus.cc(392)] Failed to connect to the bus: Address does not contain a colon
[23:135:1218/151747.353118:ERROR:bus.cc(392)] Failed to connect to the bus: Address does not contain a colon
[23:135:1218/151747.353132:ERROR:bus.cc(392)] Failed to connect to the bus: Address does not contain a colon
[23:135:1218/151747.353148:ERROR:bus.cc(392)] Failed to connect to the bus: Address does not contain a colon
[23:135:1218/151747.353163:ERROR:bus.cc(392)] Failed to connect to the bus: Address does not contain a colon
[23:135:1218/151747.353185:ERROR:bus.cc(392)] Failed to connect to the bus: Address does not contain a colon
[23:135:1218/151747.353203:ERROR:bus.cc(392)] Failed to connect to the bus: Address does not contain a colon
[23:135:1218/151747.353209:ERROR:bus.cc(392)] Failed to connect to the bus: Address does not contain a colon
[23:135:1218/151747.353223:ERROR:bus.cc(392)] Failed to connect to the bus: Address does not contain a colon
[23:135:1218/151747.353238:ERROR:bus.cc(392)] Failed to connect to the bus: Address does not contain a colon
[23:135:1218/151747.353244:ERROR:bus.cc(392)] Failed to connect to the bus: Address does not contain a colon
[23:135:1218/151747.354571:ERROR:bus.cc(392)] Failed to connect to the bus: Address does not contain a colon
[23:135:1218/151747.354599:ERROR:bus.cc(392)] Failed to connect to the bus: Address does not contain a colon
[23:135:1218/151747.354617:ERROR:bus.cc(392)] Failed to connect to the bus: Address does not contain a colon
[23:135:1218/151747.405183:ERROR:bus.cc(392)] Failed to connect to the bus: Address does not contain a colon
[23:135:1218/151747.405237:ERROR:bus.cc(392)] Failed to connect to the bus: Address does not contain a colon
[23:23:1218/151748.101501:INFO:CONSOLE(128)] "currentLatencynow: 10.427", source: file:///home/seluser/ppt/player/dashjs/index.html (128)
[23:23:1218/151749.101465:INFO:CONSOLE(128)] "currentLatencynow: 10.327", source: file:///home/seluser/ppt/player/dashjs/index.html (128)
[23:23:1218/151750.101546:INFO:CONSOLE(128)] "currentLatencynow: 10.32", source: file:///home/seluser/ppt/player/dashjs/index.html (128)
[23:23:1218/151751.101466:INFO:CONSOLE(128)] "currentLatencynow: 10.32", source: file:///home/seluser/ppt/player/dashjs/index.html (128)
[23:23:1218/151752.101522:INFO:CONSOLE(128)] "currentLatencynow: 10.32", source: file:///home/seluser/ppt/player/dashjs/index.html (128)
[23:23:1218/151753.101558:INFO:CONSOLE(128)] "currentLatencynow: 10.277", source: file:///home/seluser/ppt/player/dashjs/index.html (128)
[23:23:1218/151754.101449:INFO:CONSOLE(128)] "currentLatencynow: 10.177", source: file:///home/seluser/ppt/player/dashjs/index.html (128)
[23:23:1218/151755.101449:INFO:CONSOLE(128)] "currentLatencynow: 10.077", source: file:///home/seluser/ppt/player/dashjs/index.html (128)
[23:23:1218/151756.101451:INFO:CONSOLE(128)] "currentLatencynow: 9.977", source: file:///home/seluser/ppt/player/dashjs/index.html (128)
[23:23:1218/151757.101450:INFO:CONSOLE(128)] "currentLatencynow: 9.877", source: file:///home/seluser/ppt/player/dashjs/index.html (128)
[23:23:1218/151758.101501:INFO:CONSOLE(128)] "currentLatencynow: 9.777", source: file:///home/seluser/ppt/player/dashjs/index.html (128)
[23:23:1218/151759.101400:INFO:CONSOLE(128)] "currentLatencynow: 9.677", source: file:///home/seluser/ppt/player/dashjs/index.html (128)
[23:23:1218/151800.101349:INFO:CONSOLE(128)] "currentLatencynow: 9.577", source: file:///home/seluser/ppt/player/dashjs/index.html (128)
[23:23:1218/151801.101389:INFO:CONSOLE(128)] "currentLatencynow: 9.477", source: file:///home/seluser/ppt/player/dashjs/index.html (128)
[23:23:1218/151802.101300:INFO:CONSOLE(128)] "currentLatencynow: 9.377", source: file:///home/seluser/ppt/player/dashjs/index.html (128)
[23:23:1218/151803.101267:INFO:CONSOLE(128)] "currentLatencynow: 9.371", source: file:///home/seluser/ppt/player/dashjs/index.html (128)
[23:23:1218/151804.101464:INFO:CONSOLE(128)] "currentLatencynow: 9.371", source: file:///home/seluser/ppt/player/dashjs/index.html (128)
[23:23:1218/151805.101427:INFO:CONSOLE(128)] "currentLatencynow: 9.371", source: file:///home/seluser/ppt/player/dashjs/index.html (128)
[23:23:1218/151806.101332:INFO:CONSOLE(128)] "currentLatencynow: 9.353", source: file:///home/seluser/ppt/player/dashjs/index.html (128)
[23:23:1218/151807.101376:INFO:CONSOLE(128)] "currentLatencynow: 9.253", source: file:///home/seluser/ppt/player/dashjs/index.html (128)
[23:23:1218/151808.101391:INFO:CONSOLE(128)] "currentLatencynow: 9.196", source: file:///home/seluser/ppt/player/dashjs/index.html (128)
[23:23:1218/151809.101360:INFO:CONSOLE(128)] "currentLatencynow: 9.196", source: file:///home/seluser/ppt/player/dashjs/index.html (128)
[23:23:1218/151810.101379:INFO:CONSOLE(128)] "currentLatencynow: 9.196", source: file:///home/seluser/ppt/player/dashjs/index.html (128)
[23:23:1218/151811.101408:INFO:CONSOLE(128)] "currentLatencynow: 9.196", source: file:///home/seluser/ppt/player/dashjs/index.html (128)
[23:23:1218/151812.101357:INFO:CONSOLE(128)] "currentLatencynow: 9.196", source: file:///home/seluser/ppt/player/dashjs/index.html (128)
[23:23:1218/151813.101455:INFO:CONSOLE(128)] "currentLatencynow: 9.196", source: file:///home/seluser/ppt/player/dashjs/index.html (128)
[23:23:1218/151814.101417:INFO:CONSOLE(128)] "currentLatencynow: 9.196", source: file:///home/seluser/ppt/player/dashjs/index.html (128)
[23:23:1218/151815.101438:INFO:CONSOLE(128)] "currentLatencynow: 9.196", source: file:///home/seluser/ppt/player/dashjs/index.html (128)
[23:23:1218/151816.101433:INFO:CONSOLE(128)] "currentLatencynow: 9.196", source: file:///home/seluser/ppt/player/dashjs/index.html (128)
[23:23:1218/151817.101453:INFO:CONSOLE(128)] "currentLatencynow: 9.196", source: file:///home/seluser/ppt/player/dashjs/index.html (128)
[23:23:1218/151818.101433:INFO:CONSOLE(128)] "currentLatencynow: 9.196", source: file:///home/seluser/ppt/player/dashjs/index.html (128)
[23:23:1218/151819.101474:INFO:CONSOLE(128)] "currentLatencynow: 9.196", source: file:///home/seluser/ppt/player/dashjs/index.html (128)
[23:23:1218/151820.101424:INFO:CONSOLE(128)] "currentLatencynow: 9.196", source: file:///home/seluser/ppt/player/dashjs/index.html (128)
[23:23:1218/151821.101426:INFO:CONSOLE(128)] "currentLatencynow: 9.196", source: file:///home/seluser/ppt/player/dashjs/index.html (128)
[23:23:1218/151822.101467:INFO:CONSOLE(128)] "currentLatencynow: 9.196", source: file:///home/seluser/ppt/player/dashjs/index.html (128)
[23:23:1218/151823.101457:INFO:CONSOLE(128)] "currentLatencynow: 9.103", source: file:///home/seluser/ppt/player/dashjs/index.html (128)
[23:23:1218/151824.101388:INFO:CONSOLE(128)] "currentLatencynow: 9.021", source: file:///home/seluser/ppt/player/dashjs/index.html (128)
[23:23:1218/151825.101452:INFO:CONSOLE(128)] "currentLatencynow: 9.021", source: file:///home/seluser/ppt/player/dashjs/index.html (128)
[23:23:1218/151826.101391:INFO:CONSOLE(128)] "currentLatencynow: 9.021", source: file:///home/seluser/ppt/player/dashjs/index.html (128)
[23:23:1218/151827.101344:INFO:CONSOLE(128)] "currentLatencynow: 9.021", source: file:///home/seluser/ppt/player/dashjs/index.html (128)
[23:23:1218/151828.101532:INFO:CONSOLE(128)] "currentLatencynow: 9.021", source: file:///home/seluser/ppt/player/dashjs/index.html (128)
[23:23:1218/151829.101365:INFO:CONSOLE(128)] "currentLatencynow: 9.021", source: file:///home/seluser/ppt/player/dashjs/index.html (128)
[23:23:1218/151830.101067:INFO:CONSOLE(128)] "currentLatencynow: 9.02", source: file:///home/seluser/ppt/player/dashjs/index.html (128)
[23:23:1218/151831.101207:INFO:CONSOLE(128)] "currentLatencynow: 9.02", source: file:///home/seluser/ppt/player/dashjs/index.html (128)
[23:23:1218/151832.101111:INFO:CONSOLE(128)] "currentLatencynow: 9.02", source: file:///home/seluser/ppt/player/dashjs/index.html (128)
[23:23:1218/151833.101078:INFO:CONSOLE(128)] "currentLatencynow: 9.02", source: file:///home/seluser/ppt/player/dashjs/index.html (128)
[23:23:1218/151834.101102:INFO:CONSOLE(128)] "currentLatencynow: 8.977", source: file:///home/seluser/ppt/player/dashjs/index.html (128)
[23:23:1218/151835.101153:INFO:CONSOLE(128)] "currentLatencynow: 8.877", source: file:///home/seluser/ppt/player/dashjs/index.html (128)
[23:23:1218/151836.101172:INFO:CONSOLE(128)] "currentLatencynow: 8.777", source: file:///home/seluser/ppt/player/dashjs/index.html (128)
[23:23:1218/151837.101290:INFO:CONSOLE(128)] "currentLatencynow: 8.677", source: file:///home/seluser/ppt/player/dashjs/index.html (128)
[23:23:1218/151838.101249:INFO:CONSOLE(128)] "currentLatencynow: 8.577", source: file:///home/seluser/ppt/player/dashjs/index.html (128)
[23:23:1218/151839.101130:INFO:CONSOLE(128)] "currentLatencynow: 8.477", source: file:///home/seluser/ppt/player/dashjs/index.html (128)
[23:23:1218/151840.101285:INFO:CONSOLE(128)] "currentLatencynow: 8.377", source: file:///home/seluser/ppt/player/dashjs/index.html (128)
[23:23:1218/151841.101250:INFO:CONSOLE(128)] "currentLatencynow: 8.277", source: file:///home/seluser/ppt/player/dashjs/index.html (128)
[23:23:1218/151842.101068:INFO:CONSOLE(128)] "currentLatencynow: 8.177", source: file:///home/seluser/ppt/player/dashjs/index.html (128)
[23:23:1218/151843.101123:INFO:CONSOLE(128)] "currentLatencynow: 8.077", source: file:///home/seluser/ppt/player/dashjs/index.html (128)
[23:23:1218/151844.100995:INFO:CONSOLE(128)] "currentLatencynow: 7.977", source: file:///home/seluser/ppt/player/dashjs/index.html (128)
[23:23:1218/151845.101138:INFO:CONSOLE(128)] "currentLatencynow: 7.877", source: file:///home/seluser/ppt/player/dashjs/index.html (128)
[23:23:1218/151846.101033:INFO:CONSOLE(128)] "currentLatencynow: 7.777", source: file:///home/seluser/ppt/player/dashjs/index.html (128)
[23:23:1218/151847.101183:INFO:CONSOLE(128)] "currentLatencynow: 7.72", source: file:///home/seluser/ppt/player/dashjs/index.html (128)
[23:23:1218/151848.101128:INFO:CONSOLE(128)] "currentLatencynow: 7.72", source: file:///home/seluser/ppt/player/dashjs/index.html (128)
[23:23:1218/151849.101129:INFO:CONSOLE(128)] "currentLatencynow: 7.72", source: file:///home/seluser/ppt/player/dashjs/index.html (128)
[23:23:1218/151850.101141:INFO:CONSOLE(128)] "currentLatencynow: 7.72", source: file:///home/seluser/ppt/player/dashjs/index.html (128)
[23:23:1218/151851.101377:INFO:CONSOLE(128)] "currentLatencynow: 7.627", source: file:///home/seluser/ppt/player/dashjs/index.html (128)
[23:23:1218/151852.101100:INFO:CONSOLE(128)] "currentLatencynow: 7.527", source: file:///home/seluser/ppt/player/dashjs/index.html (128)
[23:23:1218/151853.101141:INFO:CONSOLE(128)] "currentLatencynow: 7.427", source: file:///home/seluser/ppt/player/dashjs/index.html (128)
[23:23:1218/151854.101143:INFO:CONSOLE(128)] "currentLatencynow: 7.327", source: file:///home/seluser/ppt/player/dashjs/index.html (128)
[23:23:1218/151855.101245:INFO:CONSOLE(128)] "currentLatencynow: 7.227", source: file:///home/seluser/ppt/player/dashjs/index.html (128)
[23:23:1218/151856.101147:INFO:CONSOLE(128)] "currentLatencynow: 7.127", source: file:///home/seluser/ppt/player/dashjs/index.html (128)
[23:23:1218/151857.101082:INFO:CONSOLE(128)] "currentLatencynow: 7.027", source: file:///home/seluser/ppt/player/dashjs/index.html (128)
[23:23:1218/151858.101122:INFO:CONSOLE(128)] "currentLatencynow: 6.927", source: file:///home/seluser/ppt/player/dashjs/index.html (128)
[23:23:1218/151859.101025:INFO:CONSOLE(128)] "currentLatencynow: 6.827", source: file:///home/seluser/ppt/player/dashjs/index.html (128)
[23:23:1218/151900.100927:INFO:CONSOLE(128)] "currentLatencynow: 6.727", source: file:///home/seluser/ppt/player/dashjs/index.html (128)
[23:23:1218/151901.100916:INFO:CONSOLE(128)] "currentLatencynow: 6.627", source: file:///home/seluser/ppt/player/dashjs/index.html (128)
[23:23:1218/151902.100705:INFO:CONSOLE(128)] "currentLatencynow: 6.527", source: file:///home/seluser/ppt/player/dashjs/index.html (128)
[23:23:1218/151903.101008:INFO:CONSOLE(128)] "currentLatencynow: 6.427", source: file:///home/seluser/ppt/player/dashjs/index.html (128)
[23:23:1218/151904.101000:INFO:CONSOLE(128)] "currentLatencynow: 6.327", source: file:///home/seluser/ppt/player/dashjs/index.html (128)
[23:23:1218/151905.100716:INFO:CONSOLE(128)] "currentLatencynow: 6.227", source: file:///home/seluser/ppt/player/dashjs/index.html (128)
[23:23:1218/151906.100938:INFO:CONSOLE(128)] "currentLatencynow: 6.127", source: file:///home/seluser/ppt/player/dashjs/index.html (128)
[23:23:1218/151907.100998:INFO:CONSOLE(128)] "currentLatencynow: 6.027", source: file:///home/seluser/ppt/player/dashjs/index.html (128)
[23:23:1218/151908.100878:INFO:CONSOLE(128)] "currentLatencynow: 5.927", source: file:///home/seluser/ppt/player/dashjs/index.html (128)
[23:23:1218/151909.100727:INFO:CONSOLE(128)] "currentLatencynow: 5.827", source: file:///home/seluser/ppt/player/dashjs/index.html (128)
[23:23:1218/151910.100943:INFO:CONSOLE(128)] "currentLatencynow: 5.727", source: file:///home/seluser/ppt/player/dashjs/index.html (128)
[23:23:1218/151911.100894:INFO:CONSOLE(128)] "currentLatencynow: 5.627", source: file:///home/seluser/ppt/player/dashjs/index.html (128)
[23:23:1218/151912.100915:INFO:CONSOLE(128)] "currentLatencynow: 5.527", source: file:///home/seluser/ppt/player/dashjs/index.html (128)
[23:23:1218/151913.100864:INFO:CONSOLE(128)] "currentLatencynow: 5.495", source: file:///home/seluser/ppt/player/dashjs/index.html (128)
[23:23:1218/151914.100803:INFO:CONSOLE(128)] "currentLatencynow: 5.495", source: file:///home/seluser/ppt/player/dashjs/index.html (128)
[23:23:1218/151915.100949:INFO:CONSOLE(128)] "currentLatencynow: 5.495", source: file:///home/seluser/ppt/player/dashjs/index.html (128)
[23:23:1218/151916.100927:INFO:CONSOLE(128)] "currentLatencynow: 5.495", source: file:///home/seluser/ppt/player/dashjs/index.html (128)
[23:23:1218/151917.101027:INFO:CONSOLE(128)] "currentLatencynow: 5.495", source: file:///home/seluser/ppt/player/dashjs/index.html (128)
[23:23:1218/151918.100921:INFO:CONSOLE(128)] "currentLatencynow: 5.495", source: file:///home/seluser/ppt/player/dashjs/index.html (128)
[23:23:1218/151919.100701:INFO:CONSOLE(128)] "currentLatencynow: 5.495", source: file:///home/seluser/ppt/player/dashjs/index.html (128)
[23:23:1218/151920.100689:INFO:CONSOLE(128)] "currentLatencynow: 5.438", source: file:///home/seluser/ppt/player/dashjs/index.html (128)
[23:23:1218/151921.100860:INFO:CONSOLE(128)] "currentLatencynow: 5.338", source: file:///home/seluser/ppt/player/dashjs/index.html (128)
[23:23:1218/151922.100899:INFO:CONSOLE(128)] "currentLatencynow: 5.238", source: file:///home/seluser/ppt/player/dashjs/index.html (128)
[23:23:1218/151923.100842:INFO:CONSOLE(128)] "currentLatencynow: 5.138", source: file:///home/seluser/ppt/player/dashjs/index.html (128)
[23:23:1218/151924.100913:INFO:CONSOLE(128)] "currentLatencynow: 5.038", source: file:///home/seluser/ppt/player/dashjs/index.html (128)
[23:23:1218/151925.100954:INFO:CONSOLE(128)] "currentLatencynow: 4.938", source: file:///home/seluser/ppt/player/dashjs/index.html (128)
[23:23:1218/151926.100890:INFO:CONSOLE(128)] "currentLatencynow: 4.838", source: file:///home/seluser/ppt/player/dashjs/index.html (128)
[23:23:1218/151927.100779:INFO:CONSOLE(128)] "currentLatencynow: 4.739", source: file:///home/seluser/ppt/player/dashjs/index.html (128)
[23:23:1218/151928.100826:INFO:CONSOLE(128)] "currentLatencynow: 4.688", source: file:///home/seluser/ppt/player/dashjs/index.html (128)
[23:23:1218/151929.100700:INFO:CONSOLE(128)] "currentLatencynow: 4.688", source: file:///home/seluser/ppt/player/dashjs/index.html (128)
[23:23:1218/151930.100364:INFO:CONSOLE(128)] "currentLatencynow: 4.688", source: file:///home/seluser/ppt/player/dashjs/index.html (128)
[23:23:1218/151931.100317:INFO:CONSOLE(128)] "currentLatencynow: 4.688", source: file:///home/seluser/ppt/player/dashjs/index.html (128)
[23:23:1218/151932.100409:INFO:CONSOLE(128)] "currentLatencynow: 4.688", source: file:///home/seluser/ppt/player/dashjs/index.html (128)
[23:23:1218/151933.100386:INFO:CONSOLE(128)] "currentLatencynow: 4.688", source: file:///home/seluser/ppt/player/dashjs/index.html (128)
[23:23:1218/151934.100354:INFO:CONSOLE(128)] "currentLatencynow: 4.688", source: file:///home/seluser/ppt/player/dashjs/index.html (128)
[23:23:1218/151935.100335:INFO:CONSOLE(128)] "currentLatencynow: 4.688", source: file:///home/seluser/ppt/player/dashjs/index.html (128)
[23:23:1218/151936.100261:INFO:CONSOLE(128)] "currentLatencynow: 4.688", source: file:///home/seluser/ppt/player/dashjs/index.html (128)
[23:23:1218/151937.100216:INFO:CONSOLE(128)] "currentLatencynow: 4.688", source: file:///home/seluser/ppt/player/dashjs/index.html (128)
[23:23:1218/151938.100177:INFO:CONSOLE(128)] "currentLatencynow: 4.688", source: file:///home/seluser/ppt/player/dashjs/index.html (128)
[23:23:1218/151939.100426:INFO:CONSOLE(128)] "currentLatencynow: 4.688", source: file:///home/seluser/ppt/player/dashjs/index.html (128)
[23:23:1218/151940.100260:INFO:CONSOLE(128)] "currentLatencynow: 4.688", source: file:///home/seluser/ppt/player/dashjs/index.html (128)
[23:23:1218/151941.100215:INFO:CONSOLE(128)] "currentLatencynow: 4.688", source: file:///home/seluser/ppt/player/dashjs/index.html (128)
[23:23:1218/151942.100347:INFO:CONSOLE(128)] "currentLatencynow: 4.688", source: file:///home/seluser/ppt/player/dashjs/index.html (128)
[23:23:1218/151943.100317:INFO:CONSOLE(128)] "currentLatencynow: 4.688", source: file:///home/seluser/ppt/player/dashjs/index.html (128)
[23:23:1218/151944.100246:INFO:CONSOLE(114)] "Begin Player stistics 
", source: file:///home/seluser/ppt/player/dashjs/index.html (114)
[23:23:1218/151944.100401:INFO:CONSOLE(115)] "["stall",[["1.08","3.59",2.51]],[["availibleBW",[null],[null],[998],[998],[999],[999],[1329],[1497],[1797],[1995],[2595],[2995],[2994],[2994],[2997],[3198],[3198],[3396],[3794],[3794],[4493],[4738],[4738],[4987],[4987],[5237],[5237],[5483],[5483],[5737],[5987],[5987],[5988],[5988],[5741],[5741],[5490],[5238],[5238],[5238],[4738],[4487],[4487],[4237],[4237],[3988],[3988],[3590],[3391],[2993],[2993],[2794],[2594],[2395],[2395],[2395],[2162],[1597],[1597],[1397],[1397],[998],[998],[998],[1198],[1398],[1398],[1598],[1998],[2196],[2395],[2594],[2594],[2992],[3193],[3193],[3394],[3591],[3591],[3990],[4237],[4237],[4483],[4483],[4737],[4737],[5235],[5235],[5485],[5485],[5735],[5735],[5979],[5729],[5482],[5236],[4989],[4989],[4989],[4989],[4738],[4738],[4738],[4488],[4241],[4241],[3992],[3992],[3594],[3339],[3339],[3116],[3116],[3116],[2540],[2540],[2283],[2283],[1951]]],[["currentBuffer",[0],[0],[0.023],[0],[0.424],[0],[0.427],[1.429],[2.414],[3.109],[3.956],[5.12],[5.987],[4.88],[3.822],[2.57],[1.622],[0.522],[1.262],[0.492],[1.456],[2.406],[1.403],[0.321],[0],[0.323],[0],[0.287],[0],[0.327],[1.141],[0.329],[1.331],[0.331],[1.295],[0.333],[1.197],[2.117],[1.008],[0.17],[1.164],[0],[0],[0.166],[0],[0.168],[0],[0.17],[1.134],[2.06],[0.905],[1.959],[2.599],[3.761],[2.663],[1.563],[2.368],[3.215],[2.267],[2.907],[2.069],[0.854],[0],[0.801],[1.753],[2.697],[1.825],[2.727],[3.629],[4.489],[5.271],[4.175],[3.233],[2.133],[2.875],[1.935],[2.795],[3.642],[2.487],[3.541],[4.181],[3.343],[4.245],[3.145],[3.95],[2.947],[1.847],[0.747],[0],[0],[0],[0],[0],[0.508],[1.46],[2.667],[3.357],[4.376],[3.372],[2.272],[2.967],[1.812],[0.974],[0],[0.862],[0],[0.902],[0],[0.904],[1.8],[0.906],[1.728],[0.908],[0],[0.722],[0],[0.912],[0],[0.815]]],[["currentLatency",[8.168],[9.168],[10.168],[10.427],[10.327],[10.32],[10.32],[10.32],[10.277],[10.177],[10.077],[9.977],[9.877],[9.777],[9.677],[9.577],[9.477],[9.377],[9.371],[9.371],[9.371],[9.353],[9.253],[9.196],[9.196],[9.196],[9.196],[9.196],[9.196],[9.196],[9.196],[9.196],[9.196],[9.196],[9.196],[9.196],[9.196],[9.196],[9.103],[9.021],[9.021],[9.021],[9.021],[9.021],[9.021],[9.02],[9.02],[9.02],[9.02],[8.977],[8.877],[8.777],[8.677],[8.577],[8.477],[8.377],[8.277],[8.177],[8.077],[7.977],[7.877],[7.777],[7.72],[7.72],[7.72],[7.72],[7.627],[7.527],[7.427],[7.327],[7.227],[7.127],[7.027],[6.927],[6.827],[6.727],[6.627],[6.527],[6.427],[6.327],[6.227],[6.127],[6.027],[5.927],[5.827],[5.727],[5.627],[5.527],[5.495],[5.495],[5.495],[5.495],[5.495],[5.495],[5.495],[5.438],[5.338],[5.238],[5.138],[5.038],[4.938],[4.838],[4.739],[4.688],[4.688],[4.688],[4.688],[4.688],[4.688],[4.688],[4.688],[4.688],[4.688],[4.688],[4.688],[4.688],[4.688],[4.688],[4.688]]]]", source: file:///home/seluser/ppt/player/dashjs/index.html (115)
[23:23:1218/151944.100526:INFO:CONSOLE(116)] "
", source: file:///home/seluser/ppt/player/dashjs/index.html (116)
[23:23:1218/151944.100608:INFO:CONSOLE(117)] "Finish Player stistics 
", source: file:///home/seluser/ppt/player/dashjs/index.html (117)
[23:23:1218/151944.100688:INFO:CONSOLE(128)] "currentLatencynow: 4.687", source: file:///home/seluser/ppt/player/dashjs/index.html (128)
[23:23:1218/151945.100389:INFO:CONSOLE(128)] "currentLatencynow: 4.688", source: file:///home/seluser/ppt/player/dashjs/index.html (128)
[23:23:1218/151946.100241:INFO:CONSOLE(128)] "currentLatencynow: 4.648", source: file:///home/seluser/ppt/player/dashjs/index.html (128)
[23:23:1218/151947.100364:INFO:CONSOLE(128)] "currentLatencynow: 4.554", source: file:///home/seluser/ppt/player/dashjs/index.html (128)
[23:23:1218/151948.100492:INFO:CONSOLE(128)] "currentLatencynow: 4.461", source: file:///home/seluser/ppt/player/dashjs/index.html (128)
[23:23:1218/151949.100457:INFO:CONSOLE(128)] "currentLatencynow: 4.367", source: file:///home/seluser/ppt/player/dashjs/index.html (128)
[23:23:1218/151950.100489:INFO:CONSOLE(128)] "currentLatencynow: 4.293", source: file:///home/seluser/ppt/player/dashjs/index.html (128)
[23:23:1218/151951.100428:INFO:CONSOLE(128)] "currentLatencynow: 4.222", source: file:///home/seluser/ppt/player/dashjs/index.html (128)
[23:23:1218/151952.100270:INFO:CONSOLE(128)] "currentLatencynow: 4.17", source: file:///home/seluser/ppt/player/dashjs/index.html (128)
[23:23:1218/151953.100464:INFO:CONSOLE(128)] "currentLatencynow: 4.121", source: file:///home/seluser/ppt/player/dashjs/index.html (128)
[23:23:1218/151954.100330:INFO:CONSOLE(128)] "currentLatencynow: 4.09", source: file:///home/seluser/ppt/player/dashjs/index.html (128)
[23:23:1218/151955.100337:INFO:CONSOLE(128)] "currentLatencynow: 4.059", source: file:///home/seluser/ppt/player/dashjs/index.html (128)
[23:23:1218/151956.100214:INFO:CONSOLE(128)] "currentLatencynow: 4.055", source: file:///home/seluser/ppt/player/dashjs/index.html (128)
[23:23:1218/151957.100064:INFO:CONSOLE(128)] "currentLatencynow: 4.055", source: file:///home/seluser/ppt/player/dashjs/index.html (128)
[23:23:1218/151958.100396:INFO:CONSOLE(128)] "currentLatencynow: 4.056", source: file:///home/seluser/ppt/player/dashjs/index.html (128)
[23:23:1218/151959.100410:INFO:CONSOLE(128)] "currentLatencynow: 4.056", source: file:///home/seluser/ppt/player/dashjs/index.html (128)
[23:23:1218/152000.100633:INFO:CONSOLE(128)] "currentLatencynow: 4.056", source: file:///home/seluser/ppt/player/dashjs/index.html (128)
[23:23:1218/152001.100548:INFO:CONSOLE(128)] "currentLatencynow: 4.056", source: file:///home/seluser/ppt/player/dashjs/index.html (128)
[23:23:1218/152002.100528:INFO:CONSOLE(128)] "currentLatencynow: 4.056", source: file:///home/seluser/ppt/player/dashjs/index.html (128)
