[155:219:0108/155101.337652:ERROR:bus.cc(392)] Failed to connect to the bus: Failed to connect to socket /var/run/dbus/system_bus_socket: No such file or directory
[155:182:0108/155101.340739:ERROR:bus.cc(392)] Failed to connect to the bus: Address does not contain a colon
[155:182:0108/155101.340783:ERROR:bus.cc(392)] Failed to connect to the bus: Address does not contain a colon
[155:182:0108/155101.361995:ERROR:bus.cc(392)] Failed to connect to the bus: Address does not contain a colon
[155:182:0108/155101.362080:ERROR:bus.cc(392)] Failed to connect to the bus: Address does not contain a colon
[224:224:0108/155101.373475:ERROR:gpu_init.cc(453)] Passthrough is not supported, GL is swiftshader, ANGLE is 
[155:182:0108/155101.402994:ERROR:bus.cc(392)] Failed to connect to the bus: Address does not contain a colon
[155:182:0108/155101.403025:ERROR:bus.cc(392)] Failed to connect to the bus: Address does not contain a colon
[155:315:0108/155101.668821:ERROR:bus.cc(392)] Failed to connect to the bus: Failed to connect to socket /var/run/dbus/system_bus_socket: No such file or directory
[155:315:0108/155101.668890:ERROR:bus.cc(392)] Failed to connect to the bus: Failed to connect to socket /var/run/dbus/system_bus_socket: No such file or directory
[155:315:0108/155101.668942:ERROR:bus.cc(392)] Failed to connect to the bus: Failed to connect to socket /var/run/dbus/system_bus_socket: No such file or directory
[155:315:0108/155101.668959:WARNING:property.cc(144)] DaemonVersion: GetAndBlock: failed.
[155:315:0108/155101.668986:ERROR:bus.cc(392)] Failed to connect to the bus: Failed to connect to socket /var/run/dbus/system_bus_socket: No such file or directory
[155:315:0108/155101.669019:ERROR:bus.cc(392)] Failed to connect to the bus: Failed to connect to socket /var/run/dbus/system_bus_socket: No such file or directory
[155:155:0108/155103.201977:INFO:CONSOLE(128)] "currentLatencynow: 0", source: file:///home/seluser/ppt/player/dashjs/index.html (128)
[357:357:0108/155103.282606:WARNING:audio_manager_linux.cc(69)] Falling back to ALSA for audio output. PulseAudio is not available or could not be initialized.
[357:357:0108/155103.285779:ERROR:alsa_util.cc(204)] PcmOpen: default,No such file or directory
[357:357:0108/155103.285875:ERROR:alsa_util.cc(204)] PcmOpen: plug:default,No such file or directory
[155:155:0108/155104.201901:INFO:CONSOLE(128)] "currentLatencynow: 7.161", source: file:///home/seluser/ppt/player/dashjs/index.html (128)
[155:243:0108/155104.484686:ERROR:chrome_browser_main_extra_parts_metrics.cc(228)] crbug.com/1216328: Checking Bluetooth availability started. Please report if there is no report that this ends.
[155:243:0108/155104.484726:ERROR:chrome_browser_main_extra_parts_metrics.cc(231)] crbug.com/1216328: Checking Bluetooth availability ended.
[155:243:0108/155104.484742:ERROR:chrome_browser_main_extra_parts_metrics.cc(234)] crbug.com/1216328: Checking default browser status started. Please report if there is no report that this ends.
[155:243:0108/155104.565022:ERROR:chrome_browser_main_extra_parts_metrics.cc(238)] crbug.com/1216328: Checking default browser status ended.
[155:155:0108/155105.201870:INFO:CONSOLE(128)] "currentLatencynow: 8.161", source: file:///home/seluser/ppt/player/dashjs/index.html (128)
[155:182:0108/155105.337391:ERROR:bus.cc(392)] Failed to connect to the bus: Address does not contain a colon
[155:182:0108/155105.337432:ERROR:bus.cc(392)] Failed to connect to the bus: Address does not contain a colon
[155:182:0108/155105.337451:ERROR:bus.cc(392)] Failed to connect to the bus: Address does not contain a colon
[155:182:0108/155105.337469:ERROR:bus.cc(392)] Failed to connect to the bus: Address does not contain a colon
[155:182:0108/155105.337489:ERROR:bus.cc(392)] Failed to connect to the bus: Address does not contain a colon
[155:182:0108/155105.337506:ERROR:bus.cc(392)] Failed to connect to the bus: Address does not contain a colon
[155:182:0108/155105.337524:ERROR:bus.cc(392)] Failed to connect to the bus: Address does not contain a colon
[155:182:0108/155105.337541:ERROR:bus.cc(392)] Failed to connect to the bus: Address does not contain a colon
[155:182:0108/155105.337564:ERROR:bus.cc(392)] Failed to connect to the bus: Address does not contain a colon
[155:182:0108/155105.337571:ERROR:bus.cc(392)] Failed to connect to the bus: Address does not contain a colon
[155:182:0108/155105.337587:ERROR:bus.cc(392)] Failed to connect to the bus: Address does not contain a colon
[155:182:0108/155105.337592:ERROR:bus.cc(392)] Failed to connect to the bus: Address does not contain a colon
[155:182:0108/155105.337606:ERROR:bus.cc(392)] Failed to connect to the bus: Address does not contain a colon
[155:182:0108/155105.337612:ERROR:bus.cc(392)] Failed to connect to the bus: Address does not contain a colon
[155:182:0108/155105.342891:ERROR:bus.cc(392)] Failed to connect to the bus: Address does not contain a colon
[155:182:0108/155105.342930:ERROR:bus.cc(392)] Failed to connect to the bus: Address does not contain a colon
[155:182:0108/155105.342940:ERROR:bus.cc(392)] Failed to connect to the bus: Address does not contain a colon
[155:182:0108/155105.424337:ERROR:bus.cc(392)] Failed to connect to the bus: Address does not contain a colon
[155:182:0108/155105.424377:ERROR:bus.cc(392)] Failed to connect to the bus: Address does not contain a colon
[155:155:0108/155106.201873:INFO:CONSOLE(128)] "currentLatencynow: 8.349", source: file:///home/seluser/ppt/player/dashjs/index.html (128)
[155:155:0108/155107.201839:INFO:CONSOLE(128)] "currentLatencynow: 8.349", source: file:///home/seluser/ppt/player/dashjs/index.html (128)
[155:155:0108/155108.201862:INFO:CONSOLE(128)] "currentLatencynow: 8.349", source: file:///home/seluser/ppt/player/dashjs/index.html (128)
[155:155:0108/155109.201902:INFO:CONSOLE(128)] "currentLatencynow: 8.349", source: file:///home/seluser/ppt/player/dashjs/index.html (128)
[155:155:0108/155110.201888:INFO:CONSOLE(128)] "currentLatencynow: 8.349", source: file:///home/seluser/ppt/player/dashjs/index.html (128)
[155:155:0108/155111.201783:INFO:CONSOLE(128)] "currentLatencynow: 8.35", source: file:///home/seluser/ppt/player/dashjs/index.html (128)
[155:155:0108/155112.201866:INFO:CONSOLE(128)] "currentLatencynow: 8.318", source: file:///home/seluser/ppt/player/dashjs/index.html (128)
[155:155:0108/155113.201879:INFO:CONSOLE(128)] "currentLatencynow: 8.218", source: file:///home/seluser/ppt/player/dashjs/index.html (128)
[155:155:0108/155114.201858:INFO:CONSOLE(128)] "currentLatencynow: 8.118", source: file:///home/seluser/ppt/player/dashjs/index.html (128)
[155:155:0108/155115.201874:INFO:CONSOLE(128)] "currentLatencynow: 8.018", source: file:///home/seluser/ppt/player/dashjs/index.html (128)
[155:155:0108/155116.201924:INFO:CONSOLE(128)] "currentLatencynow: 7.918", source: file:///home/seluser/ppt/player/dashjs/index.html (128)
[155:155:0108/155117.201812:INFO:CONSOLE(128)] "currentLatencynow: 7.818", source: file:///home/seluser/ppt/player/dashjs/index.html (128)
[155:155:0108/155118.201916:INFO:CONSOLE(128)] "currentLatencynow: 7.718", source: file:///home/seluser/ppt/player/dashjs/index.html (128)
[155:155:0108/155119.201491:INFO:CONSOLE(128)] "currentLatencynow: 7.618", source: file:///home/seluser/ppt/player/dashjs/index.html (128)
[155:155:0108/155120.201440:INFO:CONSOLE(128)] "currentLatencynow: 7.518", source: file:///home/seluser/ppt/player/dashjs/index.html (128)
[155:155:0108/155121.201474:INFO:CONSOLE(128)] "currentLatencynow: 7.418", source: file:///home/seluser/ppt/player/dashjs/index.html (128)
[155:155:0108/155122.201497:INFO:CONSOLE(128)] "currentLatencynow: 7.318", source: file:///home/seluser/ppt/player/dashjs/index.html (128)
[155:155:0108/155123.201461:INFO:CONSOLE(128)] "currentLatencynow: 7.218", source: file:///home/seluser/ppt/player/dashjs/index.html (128)
[155:155:0108/155124.201482:INFO:CONSOLE(128)] "currentLatencynow: 7.118", source: file:///home/seluser/ppt/player/dashjs/index.html (128)
[155:155:0108/155125.201536:INFO:CONSOLE(128)] "currentLatencynow: 7.072", source: file:///home/seluser/ppt/player/dashjs/index.html (128)
[155:155:0108/155126.201513:INFO:CONSOLE(128)] "currentLatencynow: 7.072", source: file:///home/seluser/ppt/player/dashjs/index.html (128)
[155:155:0108/155127.201522:INFO:CONSOLE(128)] "currentLatencynow: 7.072", source: file:///home/seluser/ppt/player/dashjs/index.html (128)
[155:155:0108/155128.201457:INFO:CONSOLE(128)] "currentLatencynow: 7.072", source: file:///home/seluser/ppt/player/dashjs/index.html (128)
[155:155:0108/155129.201465:INFO:CONSOLE(128)] "currentLatencynow: 7.017", source: file:///home/seluser/ppt/player/dashjs/index.html (128)
[155:155:0108/155130.201492:INFO:CONSOLE(128)] "currentLatencynow: 6.917", source: file:///home/seluser/ppt/player/dashjs/index.html (128)
[155:155:0108/155131.201669:INFO:CONSOLE(128)] "currentLatencynow: 6.817", source: file:///home/seluser/ppt/player/dashjs/index.html (128)
[155:155:0108/155132.201518:INFO:CONSOLE(128)] "currentLatencynow: 6.717", source: file:///home/seluser/ppt/player/dashjs/index.html (128)
[155:155:0108/155133.201472:INFO:CONSOLE(128)] "currentLatencynow: 6.617", source: file:///home/seluser/ppt/player/dashjs/index.html (128)
[155:155:0108/155134.201507:INFO:CONSOLE(128)] "currentLatencynow: 6.517", source: file:///home/seluser/ppt/player/dashjs/index.html (128)
[155:155:0108/155135.201570:INFO:CONSOLE(128)] "currentLatencynow: 6.417", source: file:///home/seluser/ppt/player/dashjs/index.html (128)
[155:155:0108/155136.201502:INFO:CONSOLE(128)] "currentLatencynow: 6.317", source: file:///home/seluser/ppt/player/dashjs/index.html (128)
[155:155:0108/155137.201461:INFO:CONSOLE(128)] "currentLatencynow: 6.217", source: file:///home/seluser/ppt/player/dashjs/index.html (128)
[155:155:0108/155138.201494:INFO:CONSOLE(128)] "currentLatencynow: 6.171", source: file:///home/seluser/ppt/player/dashjs/index.html (128)
[155:155:0108/155139.201460:INFO:CONSOLE(128)] "currentLatencynow: 6.171", source: file:///home/seluser/ppt/player/dashjs/index.html (128)
[155:155:0108/155140.201557:INFO:CONSOLE(128)] "currentLatencynow: 6.171", source: file:///home/seluser/ppt/player/dashjs/index.html (128)
[155:155:0108/155141.201475:INFO:CONSOLE(128)] "currentLatencynow: 6.171", source: file:///home/seluser/ppt/player/dashjs/index.html (128)
[155:155:0108/155142.201500:INFO:CONSOLE(128)] "currentLatencynow: 6.171", source: file:///home/seluser/ppt/player/dashjs/index.html (128)
[155:155:0108/155143.201472:INFO:CONSOLE(128)] "currentLatencynow: 6.171", source: file:///home/seluser/ppt/player/dashjs/index.html (128)
[155:155:0108/155144.201449:INFO:CONSOLE(128)] "currentLatencynow: 6.171", source: file:///home/seluser/ppt/player/dashjs/index.html (128)
[155:155:0108/155145.201515:INFO:CONSOLE(128)] "currentLatencynow: 6.171", source: file:///home/seluser/ppt/player/dashjs/index.html (128)
[155:155:0108/155146.201469:INFO:CONSOLE(128)] "currentLatencynow: 6.171", source: file:///home/seluser/ppt/player/dashjs/index.html (128)
[155:155:0108/155147.201441:INFO:CONSOLE(128)] "currentLatencynow: 6.171", source: file:///home/seluser/ppt/player/dashjs/index.html (128)
[155:155:0108/155148.201467:INFO:CONSOLE(128)] "currentLatencynow: 6.171", source: file:///home/seluser/ppt/player/dashjs/index.html (128)
[155:155:0108/155149.200980:INFO:CONSOLE(128)] "currentLatencynow: 6.171", source: file:///home/seluser/ppt/player/dashjs/index.html (128)
[155:155:0108/155150.200960:INFO:CONSOLE(128)] "currentLatencynow: 6.142", source: file:///home/seluser/ppt/player/dashjs/index.html (128)
[155:155:0108/155151.200953:INFO:CONSOLE(128)] "currentLatencynow: 6.042", source: file:///home/seluser/ppt/player/dashjs/index.html (128)
[155:155:0108/155152.200987:INFO:CONSOLE(128)] "currentLatencynow: 5.942", source: file:///home/seluser/ppt/player/dashjs/index.html (128)
[155:155:0108/155153.200938:INFO:CONSOLE(128)] "currentLatencynow: 5.842", source: file:///home/seluser/ppt/player/dashjs/index.html (128)
[155:155:0108/155154.200954:INFO:CONSOLE(128)] "currentLatencynow: 5.742", source: file:///home/seluser/ppt/player/dashjs/index.html (128)
[155:155:0108/155155.200955:INFO:CONSOLE(128)] "currentLatencynow: 5.642", source: file:///home/seluser/ppt/player/dashjs/index.html (128)
[155:155:0108/155156.200973:INFO:CONSOLE(128)] "currentLatencynow: 5.542", source: file:///home/seluser/ppt/player/dashjs/index.html (128)
[155:155:0108/155157.201232:INFO:CONSOLE(128)] "currentLatencynow: 5.443", source: file:///home/seluser/ppt/player/dashjs/index.html (128)
[155:155:0108/155158.200948:INFO:CONSOLE(128)] "currentLatencynow: 5.342", source: file:///home/seluser/ppt/player/dashjs/index.html (128)
[155:155:0108/155159.200914:INFO:CONSOLE(128)] "currentLatencynow: 5.242", source: file:///home/seluser/ppt/player/dashjs/index.html (128)
[155:155:0108/155200.200947:INFO:CONSOLE(128)] "currentLatencynow: 5.142", source: file:///home/seluser/ppt/player/dashjs/index.html (128)
[155:155:0108/155201.201051:INFO:CONSOLE(128)] "currentLatencynow: 5.042", source: file:///home/seluser/ppt/player/dashjs/index.html (128)
[155:155:0108/155202.200970:INFO:CONSOLE(128)] "currentLatencynow: 4.942", source: file:///home/seluser/ppt/player/dashjs/index.html (128)
[155:155:0108/155203.200970:INFO:CONSOLE(128)] "currentLatencynow: 4.922", source: file:///home/seluser/ppt/player/dashjs/index.html (128)
[155:155:0108/155204.200939:INFO:CONSOLE(128)] "currentLatencynow: 4.922", source: file:///home/seluser/ppt/player/dashjs/index.html (128)
[155:155:0108/155205.200946:INFO:CONSOLE(128)] "currentLatencynow: 4.922", source: file:///home/seluser/ppt/player/dashjs/index.html (128)
[155:155:0108/155206.200952:INFO:CONSOLE(128)] "currentLatencynow: 4.918", source: file:///home/seluser/ppt/player/dashjs/index.html (128)
[155:155:0108/155207.200971:INFO:CONSOLE(128)] "currentLatencynow: 4.82", source: file:///home/seluser/ppt/player/dashjs/index.html (128)
[155:155:0108/155208.200991:INFO:CONSOLE(128)] "currentLatencynow: 4.722", source: file:///home/seluser/ppt/player/dashjs/index.html (128)
[155:155:0108/155209.200973:INFO:CONSOLE(128)] "currentLatencynow: 4.624", source: file:///home/seluser/ppt/player/dashjs/index.html (128)
[155:155:0108/155210.200995:INFO:CONSOLE(128)] "currentLatencynow: 4.526", source: file:///home/seluser/ppt/player/dashjs/index.html (128)
[155:155:0108/155211.200933:INFO:CONSOLE(128)] "currentLatencynow: 4.428", source: file:///home/seluser/ppt/player/dashjs/index.html (128)
[155:155:0108/155212.201145:INFO:CONSOLE(128)] "currentLatencynow: 4.346", source: file:///home/seluser/ppt/player/dashjs/index.html (128)
[155:155:0108/155213.201006:INFO:CONSOLE(128)] "currentLatencynow: 4.268", source: file:///home/seluser/ppt/player/dashjs/index.html (128)
[155:155:0108/155214.200927:INFO:CONSOLE(128)] "currentLatencynow: 4.207", source: file:///home/seluser/ppt/player/dashjs/index.html (128)
[155:155:0108/155215.201404:INFO:CONSOLE(128)] "currentLatencynow: 4.151", source: file:///home/seluser/ppt/player/dashjs/index.html (128)
[155:155:0108/155216.200991:INFO:CONSOLE(128)] "currentLatencynow: 4.132", source: file:///home/seluser/ppt/player/dashjs/index.html (128)
[155:155:0108/155217.200934:INFO:CONSOLE(128)] "currentLatencynow: 4.132", source: file:///home/seluser/ppt/player/dashjs/index.html (128)
[155:155:0108/155218.201044:INFO:CONSOLE(128)] "currentLatencynow: 4.132", source: file:///home/seluser/ppt/player/dashjs/index.html (128)
[155:155:0108/155219.200624:INFO:CONSOLE(128)] "currentLatencynow: 4.132", source: file:///home/seluser/ppt/player/dashjs/index.html (128)
[155:155:0108/155220.200653:INFO:CONSOLE(128)] "currentLatencynow: 4.119", source: file:///home/seluser/ppt/player/dashjs/index.html (128)
[155:155:0108/155221.200645:INFO:CONSOLE(128)] "currentLatencynow: 4.087", source: file:///home/seluser/ppt/player/dashjs/index.html (128)
[155:155:0108/155222.200607:INFO:CONSOLE(128)] "currentLatencynow: 4.055", source: file:///home/seluser/ppt/player/dashjs/index.html (128)
[155:155:0108/155223.200607:INFO:CONSOLE(128)] "currentLatencynow: 4.036", source: file:///home/seluser/ppt/player/dashjs/index.html (128)
[155:155:0108/155224.200669:INFO:CONSOLE(128)] "currentLatencynow: 4.025", source: file:///home/seluser/ppt/player/dashjs/index.html (128)
[155:155:0108/155225.200667:INFO:CONSOLE(128)] "currentLatencynow: 4.017", source: file:///home/seluser/ppt/player/dashjs/index.html (128)
[155:155:0108/155226.200755:INFO:CONSOLE(128)] "currentLatencynow: 4.017", source: file:///home/seluser/ppt/player/dashjs/index.html (128)
[155:155:0108/155227.200640:INFO:CONSOLE(128)] "currentLatencynow: 4.017", source: file:///home/seluser/ppt/player/dashjs/index.html (128)
[155:155:0108/155228.200681:INFO:CONSOLE(128)] "currentLatencynow: 4.017", source: file:///home/seluser/ppt/player/dashjs/index.html (128)
[155:155:0108/155229.200617:INFO:CONSOLE(128)] "currentLatencynow: 4.017", source: file:///home/seluser/ppt/player/dashjs/index.html (128)
[155:155:0108/155230.200561:INFO:CONSOLE(128)] "currentLatencynow: 4.017", source: file:///home/seluser/ppt/player/dashjs/index.html (128)
[155:155:0108/155231.200589:INFO:CONSOLE(128)] "currentLatencynow: 4.017", source: file:///home/seluser/ppt/player/dashjs/index.html (128)
[155:155:0108/155232.200618:INFO:CONSOLE(128)] "currentLatencynow: 4.017", source: file:///home/seluser/ppt/player/dashjs/index.html (128)
[155:155:0108/155233.200687:INFO:CONSOLE(128)] "currentLatencynow: 4.017", source: file:///home/seluser/ppt/player/dashjs/index.html (128)
[155:155:0108/155234.200688:INFO:CONSOLE(128)] "currentLatencynow: 4.017", source: file:///home/seluser/ppt/player/dashjs/index.html (128)
[155:155:0108/155235.200618:INFO:CONSOLE(128)] "currentLatencynow: 4.017", source: file:///home/seluser/ppt/player/dashjs/index.html (128)
[155:155:0108/155236.200687:INFO:CONSOLE(128)] "currentLatencynow: 4.017", source: file:///home/seluser/ppt/player/dashjs/index.html (128)
[155:155:0108/155237.200712:INFO:CONSOLE(128)] "currentLatencynow: 4.017", source: file:///home/seluser/ppt/player/dashjs/index.html (128)
[155:155:0108/155238.200640:INFO:CONSOLE(128)] "currentLatencynow: 4.017", source: file:///home/seluser/ppt/player/dashjs/index.html (128)
[155:155:0108/155239.200669:INFO:CONSOLE(128)] "currentLatencynow: 4.017", source: file:///home/seluser/ppt/player/dashjs/index.html (128)
[155:155:0108/155240.200705:INFO:CONSOLE(128)] "currentLatencynow: 4.017", source: file:///home/seluser/ppt/player/dashjs/index.html (128)
[155:155:0108/155241.200650:INFO:CONSOLE(128)] "currentLatencynow: 4.017", source: file:///home/seluser/ppt/player/dashjs/index.html (128)
[155:155:0108/155242.200702:INFO:CONSOLE(128)] "currentLatencynow: 4.017", source: file:///home/seluser/ppt/player/dashjs/index.html (128)
[155:155:0108/155243.200682:INFO:CONSOLE(128)] "currentLatencynow: 4.017", source: file:///home/seluser/ppt/player/dashjs/index.html (128)
[155:155:0108/155244.200759:INFO:CONSOLE(128)] "currentLatencynow: 4.017", source: file:///home/seluser/ppt/player/dashjs/index.html (128)
[155:155:0108/155245.200807:INFO:CONSOLE(128)] "currentLatencynow: 4.017", source: file:///home/seluser/ppt/player/dashjs/index.html (128)
[155:155:0108/155246.200658:INFO:CONSOLE(128)] "currentLatencynow: 4.017", source: file:///home/seluser/ppt/player/dashjs/index.html (128)
[155:155:0108/155247.200660:INFO:CONSOLE(128)] "currentLatencynow: 4.017", source: file:///home/seluser/ppt/player/dashjs/index.html (128)
[155:155:0108/155248.200744:INFO:CONSOLE(128)] "currentLatencynow: 4.017", source: file:///home/seluser/ppt/player/dashjs/index.html (128)
[155:155:0108/155249.200456:INFO:CONSOLE(128)] "currentLatencynow: 4.017", source: file:///home/seluser/ppt/player/dashjs/index.html (128)
[155:155:0108/155250.200401:INFO:CONSOLE(128)] "currentLatencynow: 4.017", source: file:///home/seluser/ppt/player/dashjs/index.html (128)
[155:155:0108/155251.200422:INFO:CONSOLE(128)] "currentLatencynow: 4.017", source: file:///home/seluser/ppt/player/dashjs/index.html (128)
[155:155:0108/155252.200396:INFO:CONSOLE(128)] "currentLatencynow: 4.017", source: file:///home/seluser/ppt/player/dashjs/index.html (128)
[155:155:0108/155253.200334:INFO:CONSOLE(128)] "currentLatencynow: 4.017", source: file:///home/seluser/ppt/player/dashjs/index.html (128)
[155:155:0108/155254.200413:INFO:CONSOLE(128)] "currentLatencynow: 4.017", source: file:///home/seluser/ppt/player/dashjs/index.html (128)
[155:155:0108/155255.200395:INFO:CONSOLE(128)] "currentLatencynow: 4.017", source: file:///home/seluser/ppt/player/dashjs/index.html (128)
[155:155:0108/155256.200399:INFO:CONSOLE(128)] "currentLatencynow: 4.017", source: file:///home/seluser/ppt/player/dashjs/index.html (128)
[155:155:0108/155257.200369:INFO:CONSOLE(128)] "currentLatencynow: 4.017", source: file:///home/seluser/ppt/player/dashjs/index.html (128)
[155:155:0108/155258.200358:INFO:CONSOLE(128)] "currentLatencynow: 4.017", source: file:///home/seluser/ppt/player/dashjs/index.html (128)
[155:155:0108/155259.200345:INFO:CONSOLE(128)] "currentLatencynow: 4.017", source: file:///home/seluser/ppt/player/dashjs/index.html (128)
[155:155:0108/155300.200349:INFO:CONSOLE(128)] "currentLatencynow: 4.017", source: file:///home/seluser/ppt/player/dashjs/index.html (128)
[155:155:0108/155301.200357:INFO:CONSOLE(128)] "currentLatencynow: 4.017", source: file:///home/seluser/ppt/player/dashjs/index.html (128)
[155:155:0108/155302.200460:INFO:CONSOLE(114)] "Begin Player stistics 
", source: file:///home/seluser/ppt/player/dashjs/index.html (114)
[155:155:0108/155302.200738:INFO:CONSOLE(115)] "["stall",[["1.38","3.47",2.0900000000000003]],[["availibleBW",[null],[null],[null],[999],[1000],[1000],[1331],[1497],[1597],[1997],[1997],[2196],[2391],[2592],[2989],[2989],[3194],[3194],[3390],[3794],[3794],[4486],[4728],[4968],[4968],[4968],[5225],[5225],[5473],[5736],[5983],[5983],[5974],[5976],[5976],[5976],[5976],[5727],[5473],[5473],[4974],[4974],[4475],[4475],[4475],[4178],[3781],[3393],[2996],[2996],[2796],[2597],[2397],[2397],[1968],[1968],[1968],[1774],[1774],[1574],[1375],[999],[998],[998],[1198],[1198],[1397],[1397],[1595],[1595],[1827],[2391],[2590],[2590],[2990],[3012],[3211],[3412],[3612],[3612],[4248],[4248],[4495],[4495],[4993],[4993],[5489],[5733],[5733],[5982],[5977],[5977],[5973],[5973],[5979],[5979],[5728],[5480],[5238],[5238],[4736],[4736],[4485],[4485],[4237],[4237],[3988],[3589],[3392],[3392],[3159],[3159],[2595],[2595],[2408],[2206],[1921],[1921],[1409]]],[["currentBuffer",[0],[0],[0],[0],[0.829],[0],[0.831],[0],[0.735],[1.815],[2.717],[3.619],[4.521],[5.423],[6.227],[5.225],[6.127],[5.027],[3.927],[2.827],[1.727],[0.627],[0],[0.494],[0],[0.573],[1.531],[0.432],[1.333],[2.235],[3.052],[2.037],[2.94],[1.76],[0.626],[0],[0],[0],[0.687],[0],[0.689],[0],[0.691],[0],[0],[0],[0.695],[1.68],[2.582],[1.482],[2.384],[3.286],[4.188],[3.088],[3.938],[2.89],[1.79],[2.649],[1.592],[0.492],[1.463],[0.463],[1.465],[2.467],[3.347],[2.194],[3.183],[2.085],[2.989],[1.905],[2.829],[1.737],[0.587],[0],[0.687],[0],[0.689],[1.681],[2.6],[1.619],[2.6],[1.589],[2.581],[1.582],[0.582],[0],[0.584],[1.525],[0.586],[1.587],[2.512],[1.59],[2.564],[1.514],[2.594],[1.593],[2.596],[1.595],[2.598],[1.57],[2.6],[1.6],[2.602],[1.601],[2.603],[1.603],[2.578],[1.605],[2.607],[1.608],[2.609],[1.61],[2.612],[1.612],[2.536],[1.576],[2.56],[1.615],[2.618]]],[["currentLatency",[0],[7.161],[8.161],[8.349],[8.349],[8.349],[8.349],[8.349],[8.35],[8.318],[8.218],[8.118],[8.018],[7.918],[7.818],[7.718],[7.618],[7.518],[7.418],[7.318],[7.218],[7.118],[7.072],[7.072],[7.072],[7.072],[7.017],[6.917],[6.817],[6.717],[6.617],[6.517],[6.417],[6.317],[6.217],[6.171],[6.171],[6.171],[6.171],[6.171],[6.171],[6.171],[6.171],[6.171],[6.171],[6.171],[6.171],[6.142],[6.042],[5.942],[5.842],[5.742],[5.642],[5.542],[5.443],[5.342],[5.242],[5.142],[5.042],[4.942],[4.922],[4.922],[4.922],[4.918],[4.82],[4.722],[4.624],[4.526],[4.428],[4.346],[4.268],[4.207],[4.151],[4.132],[4.132],[4.132],[4.132],[4.119],[4.087],[4.055],[4.036],[4.025],[4.017],[4.017],[4.017],[4.017],[4.017],[4.017],[4.017],[4.017],[4.017],[4.017],[4.017],[4.017],[4.017],[4.017],[4.017],[4.017],[4.017],[4.017],[4.017],[4.017],[4.017],[4.017],[4.017],[4.017],[4.017],[4.017],[4.017],[4.017],[4.017],[4.017],[4.017],[4.017],[4.017],[4.017],[4.017],[4.017],[4.017]]]]", source: file:///home/seluser/ppt/player/dashjs/index.html (115)
[155:155:0108/155302.200813:INFO:CONSOLE(116)] "
", source: file:///home/seluser/ppt/player/dashjs/index.html (116)
[155:155:0108/155302.200883:INFO:CONSOLE(117)] "Finish Player stistics 
", source: file:///home/seluser/ppt/player/dashjs/index.html (117)
[155:155:0108/155302.200913:INFO:CONSOLE(128)] "currentLatencynow: 4.017", source: file:///home/seluser/ppt/player/dashjs/index.html (128)
[155:155:0108/155303.200425:INFO:CONSOLE(128)] "currentLatencynow: 4.017", source: file:///home/seluser/ppt/player/dashjs/index.html (128)
[155:155:0108/155304.200403:INFO:CONSOLE(128)] "currentLatencynow: 4.017", source: file:///home/seluser/ppt/player/dashjs/index.html (128)
[155:155:0108/155305.200342:INFO:CONSOLE(128)] "currentLatencynow: 4.017", source: file:///home/seluser/ppt/player/dashjs/index.html (128)
[155:155:0108/155306.200484:INFO:CONSOLE(128)] "currentLatencynow: 4.017", source: file:///home/seluser/ppt/player/dashjs/index.html (128)
[155:155:0108/155307.200438:INFO:CONSOLE(128)] "currentLatencynow: 4.017", source: file:///home/seluser/ppt/player/dashjs/index.html (128)
[155:155:0108/155308.200411:INFO:CONSOLE(128)] "currentLatencynow: 4.017", source: file:///home/seluser/ppt/player/dashjs/index.html (128)
[155:155:0108/155309.200338:INFO:CONSOLE(128)] "currentLatencynow: 4.017", source: file:///home/seluser/ppt/player/dashjs/index.html (128)
[155:155:0108/155310.200390:INFO:CONSOLE(128)] "currentLatencynow: 4.017", source: file:///home/seluser/ppt/player/dashjs/index.html (128)
[155:155:0108/155311.200342:INFO:CONSOLE(128)] "currentLatencynow: 4.017", source: file:///home/seluser/ppt/player/dashjs/index.html (128)
[155:155:0108/155312.200401:INFO:CONSOLE(128)] "currentLatencynow: 4.017", source: file:///home/seluser/ppt/player/dashjs/index.html (128)
[155:155:0108/155313.200390:INFO:CONSOLE(128)] "currentLatencynow: 4.017", source: file:///home/seluser/ppt/player/dashjs/index.html (128)
[155:155:0108/155314.200348:INFO:CONSOLE(128)] "currentLatencynow: 4.017", source: file:///home/seluser/ppt/player/dashjs/index.html (128)
[155:155:0108/155315.200400:INFO:CONSOLE(128)] "currentLatencynow: 4.017", source: file:///home/seluser/ppt/player/dashjs/index.html (128)
[155:155:0108/155316.200407:INFO:CONSOLE(128)] "currentLatencynow: 4.017", source: file:///home/seluser/ppt/player/dashjs/index.html (128)
[155:155:0108/155317.200346:INFO:CONSOLE(128)] "currentLatencynow: 4.017", source: file:///home/seluser/ppt/player/dashjs/index.html (128)
[155:155:0108/155318.200393:INFO:CONSOLE(128)] "currentLatencynow: 4.332", source: file:///home/seluser/ppt/player/dashjs/index.html (128)
[155:155:0108/155319.200201:INFO:CONSOLE(128)] "currentLatencynow: 4.342", source: file:///home/seluser/ppt/player/dashjs/index.html (128)
[155:155:0108/155320.200150:INFO:CONSOLE(128)] "currentLatencynow: 4.342", source: file:///home/seluser/ppt/player/dashjs/index.html (128)
[155:155:0108/155321.200234:INFO:CONSOLE(128)] "currentLatencynow: 4.342", source: file:///home/seluser/ppt/player/dashjs/index.html (128)
