[155:219:0108/155753.880572:ERROR:bus.cc(392)] Failed to connect to the bus: Failed to connect to socket /var/run/dbus/system_bus_socket: No such file or directory
[155:182:0108/155753.883654:ERROR:bus.cc(392)] Failed to connect to the bus: Address does not contain a colon
[155:182:0108/155753.883711:ERROR:bus.cc(392)] Failed to connect to the bus: Address does not contain a colon
[155:182:0108/155753.890476:ERROR:bus.cc(392)] Failed to connect to the bus: Address does not contain a colon
[155:182:0108/155753.890524:ERROR:bus.cc(392)] Failed to connect to the bus: Address does not contain a colon
[228:228:0108/155753.914339:ERROR:gpu_init.cc(453)] Passthrough is not supported, GL is swiftshader, ANGLE is 
[155:182:0108/155753.938045:ERROR:bus.cc(392)] Failed to connect to the bus: Address does not contain a colon
[155:182:0108/155753.938082:ERROR:bus.cc(392)] Failed to connect to the bus: Address does not contain a colon
[155:312:0108/155754.037688:ERROR:bus.cc(392)] Failed to connect to the bus: Failed to connect to socket /var/run/dbus/system_bus_socket: No such file or directory
[155:312:0108/155754.037755:ERROR:bus.cc(392)] Failed to connect to the bus: Failed to connect to socket /var/run/dbus/system_bus_socket: No such file or directory
[155:312:0108/155754.037841:ERROR:bus.cc(392)] Failed to connect to the bus: Failed to connect to socket /var/run/dbus/system_bus_socket: No such file or directory
[155:312:0108/155754.037907:WARNING:property.cc(144)] DaemonVersion: GetAndBlock: failed.
[155:312:0108/155754.037969:ERROR:bus.cc(392)] Failed to connect to the bus: Failed to connect to socket /var/run/dbus/system_bus_socket: No such file or directory
[155:312:0108/155754.038088:ERROR:bus.cc(392)] Failed to connect to the bus: Failed to connect to socket /var/run/dbus/system_bus_socket: No such file or directory
[348:348:0108/155755.460233:WARNING:audio_manager_linux.cc(69)] Falling back to ALSA for audio output. PulseAudio is not available or could not be initialized.
[348:348:0108/155755.466379:ERROR:alsa_util.cc(204)] PcmOpen: default,No such file or directory
[348:348:0108/155755.467745:ERROR:alsa_util.cc(204)] PcmOpen: plug:default,No such file or directory
[155:155:0108/155755.583205:INFO:CONSOLE(128)] "currentLatencynow: 6.283", source: file:///home/seluser/ppt/player/dashjs/index.html (128)
[155:155:0108/155756.582758:INFO:CONSOLE(128)] "currentLatencynow: 7.283", source: file:///home/seluser/ppt/player/dashjs/index.html (128)
[155:245:0108/155757.056728:ERROR:chrome_browser_main_extra_parts_metrics.cc(228)] crbug.com/1216328: Checking Bluetooth availability started. Please report if there is no report that this ends.
[155:245:0108/155757.056852:ERROR:chrome_browser_main_extra_parts_metrics.cc(231)] crbug.com/1216328: Checking Bluetooth availability ended.
[155:245:0108/155757.056876:ERROR:chrome_browser_main_extra_parts_metrics.cc(234)] crbug.com/1216328: Checking default browser status started. Please report if there is no report that this ends.
[155:245:0108/155757.268788:ERROR:chrome_browser_main_extra_parts_metrics.cc(238)] crbug.com/1216328: Checking default browser status ended.
[155:155:0108/155757.582860:INFO:CONSOLE(128)] "currentLatencynow: 8.283", source: file:///home/seluser/ppt/player/dashjs/index.html (128)
[155:155:0108/155758.583488:INFO:CONSOLE(128)] "currentLatencynow: 9.284", source: file:///home/seluser/ppt/player/dashjs/index.html (128)
[155:182:0108/155759.226398:ERROR:bus.cc(392)] Failed to connect to the bus: Address does not contain a colon
[155:182:0108/155759.226461:ERROR:bus.cc(392)] Failed to connect to the bus: Address does not contain a colon
[155:182:0108/155759.226471:ERROR:bus.cc(392)] Failed to connect to the bus: Address does not contain a colon
[155:182:0108/155759.226477:ERROR:bus.cc(392)] Failed to connect to the bus: Address does not contain a colon
[155:182:0108/155759.226487:ERROR:bus.cc(392)] Failed to connect to the bus: Address does not contain a colon
[155:182:0108/155759.226496:ERROR:bus.cc(392)] Failed to connect to the bus: Address does not contain a colon
[155:182:0108/155759.226519:ERROR:bus.cc(392)] Failed to connect to the bus: Address does not contain a colon
[155:182:0108/155759.226531:ERROR:bus.cc(392)] Failed to connect to the bus: Address does not contain a colon
[155:182:0108/155759.226551:ERROR:bus.cc(392)] Failed to connect to the bus: Address does not contain a colon
[155:182:0108/155759.226557:ERROR:bus.cc(392)] Failed to connect to the bus: Address does not contain a colon
[155:182:0108/155759.226564:ERROR:bus.cc(392)] Failed to connect to the bus: Address does not contain a colon
[155:182:0108/155759.226572:ERROR:bus.cc(392)] Failed to connect to the bus: Address does not contain a colon
[155:182:0108/155759.226590:ERROR:bus.cc(392)] Failed to connect to the bus: Address does not contain a colon
[155:182:0108/155759.226596:ERROR:bus.cc(392)] Failed to connect to the bus: Address does not contain a colon
[155:182:0108/155759.231996:ERROR:bus.cc(392)] Failed to connect to the bus: Address does not contain a colon
[155:182:0108/155759.232023:ERROR:bus.cc(392)] Failed to connect to the bus: Address does not contain a colon
[155:182:0108/155759.232033:ERROR:bus.cc(392)] Failed to connect to the bus: Address does not contain a colon
[155:182:0108/155759.291458:ERROR:bus.cc(392)] Failed to connect to the bus: Address does not contain a colon
[155:182:0108/155759.291491:ERROR:bus.cc(392)] Failed to connect to the bus: Address does not contain a colon
[155:155:0108/155759.582838:INFO:CONSOLE(128)] "currentLatencynow: 9.963", source: file:///home/seluser/ppt/player/dashjs/index.html (128)
[155:155:0108/155800.584222:INFO:CONSOLE(128)] "currentLatencynow: 9.94", source: file:///home/seluser/ppt/player/dashjs/index.html (128)
[155:155:0108/155801.583056:INFO:CONSOLE(128)] "currentLatencynow: 9.939", source: file:///home/seluser/ppt/player/dashjs/index.html (128)
[155:155:0108/155802.589550:INFO:CONSOLE(128)] "currentLatencynow: 10.68", source: file:///home/seluser/ppt/player/dashjs/index.html (128)
[155:155:0108/155803.582629:INFO:CONSOLE(128)] "currentLatencynow: 11.563", source: file:///home/seluser/ppt/player/dashjs/index.html (128)
[155:155:0108/155804.584159:INFO:CONSOLE(128)] "currentLatencynow: 11.472", source: file:///home/seluser/ppt/player/dashjs/index.html (128)
[155:155:0108/155805.582743:INFO:CONSOLE(128)] "currentLatencynow: 11.377", source: file:///home/seluser/ppt/player/dashjs/index.html (128)
[155:155:0108/155806.583228:INFO:CONSOLE(128)] "currentLatencynow: 11.276", source: file:///home/seluser/ppt/player/dashjs/index.html (128)
[155:155:0108/155807.582787:INFO:CONSOLE(128)] "currentLatencynow: 11.177", source: file:///home/seluser/ppt/player/dashjs/index.html (128)
[155:155:0108/155808.583537:INFO:CONSOLE(128)] "currentLatencynow: 11.077", source: file:///home/seluser/ppt/player/dashjs/index.html (128)
[155:155:0108/155809.582740:INFO:CONSOLE(128)] "currentLatencynow: 10.977", source: file:///home/seluser/ppt/player/dashjs/index.html (128)
[155:155:0108/155810.583337:INFO:CONSOLE(128)] "currentLatencynow: 10.876", source: file:///home/seluser/ppt/player/dashjs/index.html (128)
[155:155:0108/155811.582870:INFO:CONSOLE(128)] "currentLatencynow: 10.777", source: file:///home/seluser/ppt/player/dashjs/index.html (128)
[155:155:0108/155812.582997:INFO:CONSOLE(128)] "currentLatencynow: 10.677", source: file:///home/seluser/ppt/player/dashjs/index.html (128)
[155:155:0108/155813.582989:INFO:CONSOLE(128)] "currentLatencynow: 10.577", source: file:///home/seluser/ppt/player/dashjs/index.html (128)
[155:155:0108/155814.584567:INFO:CONSOLE(128)] "currentLatencynow: 10.477", source: file:///home/seluser/ppt/player/dashjs/index.html (128)
[155:155:0108/155815.584339:INFO:CONSOLE(128)] "currentLatencynow: 10.376", source: file:///home/seluser/ppt/player/dashjs/index.html (128)
[155:155:0108/155816.583212:INFO:CONSOLE(128)] "currentLatencynow: 10.276", source: file:///home/seluser/ppt/player/dashjs/index.html (128)
[155:155:0108/155817.582772:INFO:CONSOLE(128)] "currentLatencynow: 10.176", source: file:///home/seluser/ppt/player/dashjs/index.html (128)
[155:155:0108/155818.583226:INFO:CONSOLE(128)] "currentLatencynow: 10.077", source: file:///home/seluser/ppt/player/dashjs/index.html (128)
[155:155:0108/155819.583116:INFO:CONSOLE(128)] "currentLatencynow: 9.977", source: file:///home/seluser/ppt/player/dashjs/index.html (128)
[155:155:0108/155820.583069:INFO:CONSOLE(128)] "currentLatencynow: 9.944", source: file:///home/seluser/ppt/player/dashjs/index.html (128)
[155:155:0108/155821.583124:INFO:CONSOLE(128)] "currentLatencynow: 9.943", source: file:///home/seluser/ppt/player/dashjs/index.html (128)
[155:155:0108/155822.583156:INFO:CONSOLE(128)] "currentLatencynow: 9.943", source: file:///home/seluser/ppt/player/dashjs/index.html (128)
[155:155:0108/155823.583055:INFO:CONSOLE(128)] "currentLatencynow: 10.615", source: file:///home/seluser/ppt/player/dashjs/index.html (128)
[155:155:0108/155824.586273:INFO:CONSOLE(128)] "currentLatencynow: 11.074", source: file:///home/seluser/ppt/player/dashjs/index.html (128)
[155:155:0108/155825.583626:INFO:CONSOLE(128)] "currentLatencynow: 11.074", source: file:///home/seluser/ppt/player/dashjs/index.html (128)
[155:155:0108/155826.583789:INFO:CONSOLE(128)] "currentLatencynow: 11.074", source: file:///home/seluser/ppt/player/dashjs/index.html (128)
[155:155:0108/155827.583386:INFO:CONSOLE(128)] "currentLatencynow: 11.013", source: file:///home/seluser/ppt/player/dashjs/index.html (128)
[155:155:0108/155828.583255:INFO:CONSOLE(128)] "currentLatencynow: 10.913", source: file:///home/seluser/ppt/player/dashjs/index.html (128)
[155:155:0108/155829.583039:INFO:CONSOLE(128)] "currentLatencynow: 10.839", source: file:///home/seluser/ppt/player/dashjs/index.html (128)
[155:155:0108/155830.583267:INFO:CONSOLE(128)] "currentLatencynow: 10.74", source: file:///home/seluser/ppt/player/dashjs/index.html (128)
[155:155:0108/155834.426329:INFO:CONSOLE(128)] "currentLatencynow: 11.551", source: file:///home/seluser/ppt/player/dashjs/index.html (128)
[155:155:0108/155834.426400:INFO:CONSOLE(128)] "currentLatencynow: 12.551", source: file:///home/seluser/ppt/player/dashjs/index.html (128)
[155:155:0108/155834.426443:INFO:CONSOLE(128)] "currentLatencynow: 13.551", source: file:///home/seluser/ppt/player/dashjs/index.html (128)
[155:155:0108/155834.583134:INFO:CONSOLE(128)] "currentLatencynow: 14.551", source: file:///home/seluser/ppt/player/dashjs/index.html (128)
[155:155:0108/155835.585276:INFO:CONSOLE(128)] "currentLatencynow: 14.652", source: file:///home/seluser/ppt/player/dashjs/index.html (128)
[155:155:0108/155836.583074:INFO:CONSOLE(128)] "currentLatencynow: 14.625", source: file:///home/seluser/ppt/player/dashjs/index.html (128)
[155:155:0108/155837.583122:INFO:CONSOLE(128)] "currentLatencynow: 14.525", source: file:///home/seluser/ppt/player/dashjs/index.html (128)
[155:155:0108/155838.583075:INFO:CONSOLE(128)] "currentLatencynow: 14.425", source: file:///home/seluser/ppt/player/dashjs/index.html (128)
[155:155:0108/155839.582993:INFO:CONSOLE(128)] "currentLatencynow: 14.325", source: file:///home/seluser/ppt/player/dashjs/index.html (128)
[155:155:0108/155840.583061:INFO:CONSOLE(128)] "currentLatencynow: 14.225", source: file:///home/seluser/ppt/player/dashjs/index.html (128)
[155:155:0108/155841.583054:INFO:CONSOLE(128)] "currentLatencynow: 14.125", source: file:///home/seluser/ppt/player/dashjs/index.html (128)
[155:155:0108/155842.583273:INFO:CONSOLE(128)] "currentLatencynow: 14.026", source: file:///home/seluser/ppt/player/dashjs/index.html (128)
[155:155:0108/155843.583239:INFO:CONSOLE(128)] "currentLatencynow: 13.925", source: file:///home/seluser/ppt/player/dashjs/index.html (128)
[155:155:0108/155844.583083:INFO:CONSOLE(128)] "currentLatencynow: 13.901", source: file:///home/seluser/ppt/player/dashjs/index.html (128)
[155:155:0108/155845.583019:INFO:CONSOLE(128)] "currentLatencynow: 13.9", source: file:///home/seluser/ppt/player/dashjs/index.html (128)
[155:155:0108/155846.583076:INFO:CONSOLE(128)] "currentLatencynow: 13.9", source: file:///home/seluser/ppt/player/dashjs/index.html (128)
[155:155:0108/155847.583226:INFO:CONSOLE(128)] "currentLatencynow: 14.602", source: file:///home/seluser/ppt/player/dashjs/index.html (128)
[155:155:0108/155848.583208:INFO:CONSOLE(128)] "currentLatencynow: 15.603", source: file:///home/seluser/ppt/player/dashjs/index.html (128)
[155:155:0108/155849.583402:INFO:CONSOLE(128)] "currentLatencynow: 16.603", source: file:///home/seluser/ppt/player/dashjs/index.html (128)
[155:182:0108/155850.537706:ERROR:bus.cc(392)] Failed to connect to the bus: Address does not contain a colon
[155:182:0108/155850.537761:ERROR:bus.cc(392)] Failed to connect to the bus: Address does not contain a colon
[155:155:0108/155850.583280:INFO:CONSOLE(128)] "currentLatencynow: 17.485", source: file:///home/seluser/ppt/player/dashjs/index.html (128)
[155:155:0108/155851.583238:INFO:CONSOLE(128)] "currentLatencynow: 17.486", source: file:///home/seluser/ppt/player/dashjs/index.html (128)
[155:155:0108/155852.583291:INFO:CONSOLE(128)] "currentLatencynow: 17.485", source: file:///home/seluser/ppt/player/dashjs/index.html (128)
[155:155:0108/155853.583393:INFO:CONSOLE(128)] "currentLatencynow: 17.486", source: file:///home/seluser/ppt/player/dashjs/index.html (128)
[155:155:0108/155854.583382:INFO:CONSOLE(128)] "currentLatencynow: 17.485", source: file:///home/seluser/ppt/player/dashjs/index.html (128)
[155:155:0108/155855.583604:INFO:CONSOLE(128)] "currentLatencynow: 17.502", source: file:///home/seluser/ppt/player/dashjs/index.html (128)
[155:155:0108/155856.583605:INFO:CONSOLE(128)] "currentLatencynow: 17.871", source: file:///home/seluser/ppt/player/dashjs/index.html (128)
[155:155:0108/155857.583254:INFO:CONSOLE(128)] "currentLatencynow: 17.871", source: file:///home/seluser/ppt/player/dashjs/index.html (128)
[155:155:0108/155858.585763:INFO:CONSOLE(128)] "currentLatencynow: 17.784", source: file:///home/seluser/ppt/player/dashjs/index.html (128)
[155:155:0108/155859.583382:INFO:CONSOLE(128)] "currentLatencynow: 17.685", source: file:///home/seluser/ppt/player/dashjs/index.html (128)
[155:155:0108/155900.583104:INFO:CONSOLE(128)] "currentLatencynow: 17.583", source: file:///home/seluser/ppt/player/dashjs/index.html (128)
[155:155:0108/155901.584089:INFO:CONSOLE(128)] "currentLatencynow: 17.486", source: file:///home/seluser/ppt/player/dashjs/index.html (128)
[155:155:0108/155902.585498:INFO:CONSOLE(128)] "currentLatencynow: 17.384", source: file:///home/seluser/ppt/player/dashjs/index.html (128)
[155:155:0108/155903.583392:INFO:CONSOLE(128)] "currentLatencynow: 17.284", source: file:///home/seluser/ppt/player/dashjs/index.html (128)
[155:155:0108/155904.583332:INFO:CONSOLE(128)] "currentLatencynow: 17.184", source: file:///home/seluser/ppt/player/dashjs/index.html (128)
[155:155:0108/155905.583256:INFO:CONSOLE(128)] "currentLatencynow: 17.084", source: file:///home/seluser/ppt/player/dashjs/index.html (128)
[155:155:0108/155906.583228:INFO:CONSOLE(128)] "currentLatencynow: 16.984", source: file:///home/seluser/ppt/player/dashjs/index.html (128)
[155:155:0108/155907.585967:INFO:CONSOLE(128)] "currentLatencynow: 16.954", source: file:///home/seluser/ppt/player/dashjs/index.html (128)
[155:155:0108/155908.583258:INFO:CONSOLE(128)] "currentLatencynow: 16.953", source: file:///home/seluser/ppt/player/dashjs/index.html (128)
[155:155:0108/155909.583204:INFO:CONSOLE(128)] "currentLatencynow: 16.952", source: file:///home/seluser/ppt/player/dashjs/index.html (128)
[155:155:0108/155910.583227:INFO:CONSOLE(128)] "currentLatencynow: 17.575", source: file:///home/seluser/ppt/player/dashjs/index.html (128)
[155:155:0108/155911.583193:INFO:CONSOLE(128)] "currentLatencynow: 18.575", source: file:///home/seluser/ppt/player/dashjs/index.html (128)
[155:182:0108/155912.133395:ERROR:bus.cc(392)] Failed to connect to the bus: Address does not contain a colon
[155:182:0108/155912.133435:ERROR:bus.cc(392)] Failed to connect to the bus: Address does not contain a colon
[155:155:0108/155912.583337:INFO:CONSOLE(128)] "currentLatencynow: 19.044", source: file:///home/seluser/ppt/player/dashjs/index.html (128)
[155:155:0108/155913.584026:INFO:CONSOLE(128)] "currentLatencynow: 19.043", source: file:///home/seluser/ppt/player/dashjs/index.html (128)
[155:155:0108/155914.583209:INFO:CONSOLE(128)] "currentLatencynow: 19.044", source: file:///home/seluser/ppt/player/dashjs/index.html (128)
[155:155:0108/155915.583226:INFO:CONSOLE(128)] "currentLatencynow: 19.476", source: file:///home/seluser/ppt/player/dashjs/index.html (128)
[155:155:0108/155916.583835:INFO:CONSOLE(128)] "currentLatencynow: 20.23", source: file:///home/seluser/ppt/player/dashjs/index.html (128)
[155:155:0108/155917.583260:INFO:CONSOLE(128)] "currentLatencynow: 20.131", source: file:///home/seluser/ppt/player/dashjs/index.html (128)
[155:155:0108/155918.582897:INFO:CONSOLE(128)] "currentLatencynow: 20.03", source: file:///home/seluser/ppt/player/dashjs/index.html (128)
[155:155:0108/155919.582944:INFO:CONSOLE(128)] "currentLatencynow: 19.93", source: file:///home/seluser/ppt/player/dashjs/index.html (128)
[155:155:0108/155920.582968:INFO:CONSOLE(128)] "currentLatencynow: 19.83", source: file:///home/seluser/ppt/player/dashjs/index.html (128)
[155:155:0108/155921.585404:INFO:CONSOLE(128)] "currentLatencynow: 19.729", source: file:///home/seluser/ppt/player/dashjs/index.html (128)
[155:155:0108/155922.584012:INFO:CONSOLE(128)] "currentLatencynow: 19.63", source: file:///home/seluser/ppt/player/dashjs/index.html (128)
[155:155:0108/155923.582992:INFO:CONSOLE(128)] "currentLatencynow: 19.53", source: file:///home/seluser/ppt/player/dashjs/index.html (128)
[155:155:0108/155924.584294:INFO:CONSOLE(128)] "currentLatencynow: 19.43", source: file:///home/seluser/ppt/player/dashjs/index.html (128)
[155:155:0108/155925.582932:INFO:CONSOLE(128)] "currentLatencynow: 19.366", source: file:///home/seluser/ppt/player/dashjs/index.html (128)
[155:155:0108/155926.584053:INFO:CONSOLE(128)] "currentLatencynow: 19.366", source: file:///home/seluser/ppt/player/dashjs/index.html (128)
[155:155:0108/155927.584235:INFO:CONSOLE(128)] "currentLatencynow: 19.447", source: file:///home/seluser/ppt/player/dashjs/index.html (128)
[155:155:0108/155928.584343:INFO:CONSOLE(128)] "currentLatencynow: 20.446", source: file:///home/seluser/ppt/player/dashjs/index.html (128)
[155:155:0108/155929.584205:INFO:CONSOLE(128)] "currentLatencynow: 21.446", source: file:///home/seluser/ppt/player/dashjs/index.html (128)
[155:182:0108/155930.566342:ERROR:bus.cc(392)] Failed to connect to the bus: Address does not contain a colon
[155:182:0108/155930.566375:ERROR:bus.cc(392)] Failed to connect to the bus: Address does not contain a colon
[155:155:0108/155930.582942:INFO:CONSOLE(128)] "currentLatencynow: 22.353", source: file:///home/seluser/ppt/player/dashjs/index.html (128)
[155:155:0108/155931.584273:INFO:CONSOLE(128)] "currentLatencynow: 22.375", source: file:///home/seluser/ppt/player/dashjs/index.html (128)
[155:155:0108/155932.584711:INFO:CONSOLE(128)] "currentLatencynow: 22.375", source: file:///home/seluser/ppt/player/dashjs/index.html (128)
[155:155:0108/155933.582882:INFO:CONSOLE(128)] "currentLatencynow: 22.374", source: file:///home/seluser/ppt/player/dashjs/index.html (128)
[155:155:0108/155934.583283:INFO:CONSOLE(128)] "currentLatencynow: 22.374", source: file:///home/seluser/ppt/player/dashjs/index.html (128)
[155:155:0108/155935.582983:INFO:CONSOLE(128)] "currentLatencynow: 22.566", source: file:///home/seluser/ppt/player/dashjs/index.html (128)
[155:155:0108/155936.586623:INFO:CONSOLE(128)] "currentLatencynow: 23.57", source: file:///home/seluser/ppt/player/dashjs/index.html (128)
[155:155:0108/155937.582971:INFO:CONSOLE(128)] "currentLatencynow: 24.566", source: file:///home/seluser/ppt/player/dashjs/index.html (128)
[155:182:0108/155937.862650:ERROR:bus.cc(392)] Failed to connect to the bus: Address does not contain a colon
[155:182:0108/155937.862697:ERROR:bus.cc(392)] Failed to connect to the bus: Address does not contain a colon
[155:155:0108/155938.583868:INFO:CONSOLE(128)] "currentLatencynow: 24.806", source: file:///home/seluser/ppt/player/dashjs/index.html (128)
[155:155:0108/155939.583055:INFO:CONSOLE(128)] "currentLatencynow: 24.806", source: file:///home/seluser/ppt/player/dashjs/index.html (128)
[155:155:0108/155940.582938:INFO:CONSOLE(128)] "currentLatencynow: 24.806", source: file:///home/seluser/ppt/player/dashjs/index.html (128)
[155:155:0108/155941.583117:INFO:CONSOLE(128)] "currentLatencynow: 24.806", source: file:///home/seluser/ppt/player/dashjs/index.html (128)
[155:155:0108/155942.583668:INFO:CONSOLE(128)] "currentLatencynow: 24.807", source: file:///home/seluser/ppt/player/dashjs/index.html (128)
[155:155:0108/155943.582900:INFO:CONSOLE(128)] "currentLatencynow: 24.719", source: file:///home/seluser/ppt/player/dashjs/index.html (128)
[155:155:0108/155944.582955:INFO:CONSOLE(128)] "currentLatencynow: 24.619", source: file:///home/seluser/ppt/player/dashjs/index.html (128)
[155:155:0108/155945.582919:INFO:CONSOLE(128)] "currentLatencynow: 24.519", source: file:///home/seluser/ppt/player/dashjs/index.html (128)
[155:155:0108/155946.583225:INFO:CONSOLE(128)] "currentLatencynow: 24.419", source: file:///home/seluser/ppt/player/dashjs/index.html (128)
[155:155:0108/155947.583116:INFO:CONSOLE(128)] "currentLatencynow: 24.32", source: file:///home/seluser/ppt/player/dashjs/index.html (128)
[155:155:0108/155948.583975:INFO:CONSOLE(128)] "currentLatencynow: 24.219", source: file:///home/seluser/ppt/player/dashjs/index.html (128)
[155:155:0108/155949.582780:INFO:CONSOLE(128)] "currentLatencynow: 24.119", source: file:///home/seluser/ppt/player/dashjs/index.html (128)
[155:155:0108/155950.583230:INFO:CONSOLE(128)] "currentLatencynow: 24.081", source: file:///home/seluser/ppt/player/dashjs/index.html (128)
[155:155:0108/155951.582760:INFO:CONSOLE(128)] "currentLatencynow: 24.081", source: file:///home/seluser/ppt/player/dashjs/index.html (128)
[155:155:0108/155952.582791:INFO:CONSOLE(128)] "currentLatencynow: 24.083", source: file:///home/seluser/ppt/player/dashjs/index.html (128)
[155:155:0108/155953.582828:INFO:CONSOLE(128)] "currentLatencynow: 24.54", source: file:///home/seluser/ppt/player/dashjs/index.html (128)
[155:155:0108/155954.583042:INFO:CONSOLE(114)] "Begin Player stistics 
", source: file:///home/seluser/ppt/player/dashjs/index.html (114)
[155:155:0108/155954.583250:INFO:CONSOLE(115)] "["stall",[["1.17","4.98",3.8100000000000005]],[["7.61","7.86",0.25]],[["28.67","28.92",0.25]],[["36.51","36.76",0.25]],[["52.64","52.89",0.25]],[["61.32","61.57",0.25]],[["75.72","75.97",0.25]],[["80.91","81.16",0.25]],[["93.26","93.51",0.25]],[["101.15","101.40",0.25]],[["118.88","119.13",0.25]],[["availibleBW",[null],[null],[null],[null],[956],[956],[956],[1451],[1628],[1628],[1968],[2169],[2169],[2571],[2571],[2790],[2790],[3368],[3368],[3551],[3551],[4194],[4477],[4477],[4477],[4477],[4925],[4925],[5443],[5645],[5645],[5881],[5918],[5918],[5666],[5666],[5666],[5666],[5666],[5666],[5217],[4715],[4206],[4206],[3962],[3962],[3560],[3560],[3560],[3560],[3560],[3298],[3298],[3298],[2968],[2686],[2686],[1987],[1987],[1394],[1394],[998],[996],[996],[995],[1185],[1185],[1374],[1374],[1550],[1550],[1550],[1789],[1789],[1789],[2092],[2092],[2774],[3095],[3095],[4151],[4413],[4684],[4684],[5072],[5072],[5310],[5310],[5310],[5545],[5545],[5626],[5626],[5626],[5673],[5384],[5384],[5384],[5384],[5158],[5158],[4861],[4861],[4576],[4251],[4251],[4042],[3518],[3518],[3382],[3151],[3151],[2589],[2589],[2589],[2589],[2322],[2322],[1989]]],[["currentBuffer",[0],[0],[0],[0],[0.395],[0],[0],[0.061],[2.063],[1.119],[2.025],[2.715],[1.827],[2.688],[1.634],[2.486],[1.43],[2.333],[1.024],[2.136],[1.036],[1.941],[2.795],[1.738],[0.639],[0],[0],[0],[0],[0.655],[0],[0.656],[1.616],[0.516],[1.444],[0.34],[0],[0],[0],[0],[1.144],[2.128],[3.03],[1.93],[2.832],[1.732],[2.597],[1.534],[0.434],[0],[0],[0],[0],[0],[0],[1.031],[0.114],[1.116],[0.116],[1.12],[0],[1.322],[2.324],[1.239],[2.141],[3.043],[1.945],[2.845],[1.745],[2.648],[1.547],[0.447],[0],[0],[0],[0],[0],[0.614],[1.616],[0.617],[1.929],[3.732],[4.788],[3.688],[4.592],[3.49],[4.348],[3.292],[2.192],[1.092],[0],[0],[0],[0],[0],[1.818],[0.92],[0],[0],[0],[0],[0],[0],[0.467],[1.469],[0.469],[1.471],[2.374],[1.405],[2.308],[3.186],[2.108],[3.01],[1.909],[0.811],[0],[0],[0],[0]]],[["currentLatency",[6.283],[7.283],[8.283],[9.284],[9.963],[9.94],[9.939],[10.68],[11.563],[11.472],[11.377],[11.276],[11.177],[11.077],[10.977],[10.876],[10.777],[10.677],[10.577],[10.477],[10.376],[10.276],[10.176],[10.077],[9.977],[9.944],[9.943],[9.943],[10.615],[11.074],[11.074],[11.074],[11.013],[10.913],[10.839],[10.74],[11.551],[12.551],[13.551],[14.551],[14.652],[14.625],[14.525],[14.425],[14.325],[14.225],[14.125],[14.026],[13.925],[13.901],[13.9],[13.9],[14.602],[15.603],[16.603],[17.485],[17.486],[17.485],[17.486],[17.485],[17.502],[17.871],[17.871],[17.784],[17.685],[17.583],[17.486],[17.384],[17.284],[17.184],[17.084],[16.984],[16.954],[16.953],[16.952],[17.575],[18.575],[19.044],[19.043],[19.044],[19.476],[20.23],[20.131],[20.03],[19.93],[19.83],[19.729],[19.63],[19.53],[19.43],[19.366],[19.366],[19.447],[20.446],[21.446],[22.353],[22.375],[22.375],[22.374],[22.374],[22.566],[23.57],[24.566],[24.806],[24.806],[24.806],[24.806],[24.807],[24.719],[24.619],[24.519],[24.419],[24.32],[24.219],[24.119],[24.081],[24.081],[24.083],[24.54]]]]", source: file:///home/seluser/ppt/player/dashjs/index.html (115)
[155:155:0108/155954.583546:INFO:CONSOLE(116)] "
", source: file:///home/seluser/ppt/player/dashjs/index.html (116)
[155:155:0108/155954.583591:INFO:CONSOLE(117)] "Finish Player stistics 
", source: file:///home/seluser/ppt/player/dashjs/index.html (117)
[155:155:0108/155954.583615:INFO:CONSOLE(128)] "currentLatencynow: 25.541", source: file:///home/seluser/ppt/player/dashjs/index.html (128)
[155:182:0108/155955.318066:ERROR:bus.cc(392)] Failed to connect to the bus: Address does not contain a colon
[155:182:0108/155955.318120:ERROR:bus.cc(392)] Failed to connect to the bus: Address does not contain a colon
[155:155:0108/155955.582891:INFO:CONSOLE(128)] "currentLatencynow: 26.193", source: file:///home/seluser/ppt/player/dashjs/index.html (128)
[155:155:0108/155956.583016:INFO:CONSOLE(128)] "currentLatencynow: 26.193", source: file:///home/seluser/ppt/player/dashjs/index.html (128)
[155:155:0108/155957.582842:INFO:CONSOLE(128)] "currentLatencynow: 26.193", source: file:///home/seluser/ppt/player/dashjs/index.html (128)
[155:155:0108/155958.582797:INFO:CONSOLE(128)] "currentLatencynow: 26.193", source: file:///home/seluser/ppt/player/dashjs/index.html (128)
[155:155:0108/155959.582887:INFO:CONSOLE(128)] "currentLatencynow: 26.193", source: file:///home/seluser/ppt/player/dashjs/index.html (128)
[155:155:0108/160000.583759:INFO:CONSOLE(128)] "currentLatencynow: 26.172", source: file:///home/seluser/ppt/player/dashjs/index.html (128)
[155:155:0108/160001.583489:INFO:CONSOLE(128)] "currentLatencynow: 26.072", source: file:///home/seluser/ppt/player/dashjs/index.html (128)
[155:155:0108/160002.582964:INFO:CONSOLE(128)] "currentLatencynow: 25.974", source: file:///home/seluser/ppt/player/dashjs/index.html (128)
[155:155:0108/160003.582806:INFO:CONSOLE(128)] "currentLatencynow: 25.872", source: file:///home/seluser/ppt/player/dashjs/index.html (128)
[155:155:0108/160004.582761:INFO:CONSOLE(128)] "currentLatencynow: 25.773", source: file:///home/seluser/ppt/player/dashjs/index.html (128)
[155:155:0108/160005.582782:INFO:CONSOLE(128)] "currentLatencynow: 25.672", source: file:///home/seluser/ppt/player/dashjs/index.html (128)
[155:155:0108/160006.582806:INFO:CONSOLE(128)] "currentLatencynow: 25.572", source: file:///home/seluser/ppt/player/dashjs/index.html (128)
[155:155:0108/160007.582766:INFO:CONSOLE(128)] "currentLatencynow: 25.493", source: file:///home/seluser/ppt/player/dashjs/index.html (128)
[155:155:0108/160008.582945:INFO:CONSOLE(128)] "currentLatencynow: 25.493", source: file:///home/seluser/ppt/player/dashjs/index.html (128)
[155:155:0108/160009.582772:INFO:CONSOLE(128)] "currentLatencynow: 25.493", source: file:///home/seluser/ppt/player/dashjs/index.html (128)
[155:155:0108/160010.584832:INFO:CONSOLE(128)] "currentLatencynow: 25.52", source: file:///home/seluser/ppt/player/dashjs/index.html (128)
[155:155:0108/160011.582829:INFO:CONSOLE(128)] "currentLatencynow: 26.52", source: file:///home/seluser/ppt/player/dashjs/index.html (128)
[155:155:0108/160012.582813:INFO:CONSOLE(128)] "currentLatencynow: 27.52", source: file:///home/seluser/ppt/player/dashjs/index.html (128)
[155:182:0108/160012.796668:ERROR:bus.cc(392)] Failed to connect to the bus: Address does not contain a colon
[155:182:0108/160012.796770:ERROR:bus.cc(392)] Failed to connect to the bus: Address does not contain a colon
[155:155:0108/160013.582850:INFO:CONSOLE(128)] "currentLatencynow: 27.669", source: file:///home/seluser/ppt/player/dashjs/index.html (128)
[155:155:0108/160014.582779:INFO:CONSOLE(128)] "currentLatencynow: 27.669", source: file:///home/seluser/ppt/player/dashjs/index.html (128)
[155:155:0108/160014.760509:WARNING:pref_notifier_impl.cc(40)] Pref observer for media_router.cast_allow_all_ips found at shutdown.
