[155:218:0108/154458.106855:ERROR:bus.cc(392)] Failed to connect to the bus: Failed to connect to socket /var/run/dbus/system_bus_socket: No such file or directory
[155:181:0108/154458.124933:ERROR:bus.cc(392)] Failed to connect to the bus: Address does not contain a colon
[155:181:0108/154458.124966:ERROR:bus.cc(392)] Failed to connect to the bus: Address does not contain a colon
[155:181:0108/154458.172887:ERROR:bus.cc(392)] Failed to connect to the bus: Address does not contain a colon
[155:181:0108/154458.172944:ERROR:bus.cc(392)] Failed to connect to the bus: Address does not contain a colon
[225:225:0108/154458.239325:ERROR:gpu_init.cc(453)] Passthrough is not supported, GL is swiftshader, ANGLE is 
[155:181:0108/154458.326443:ERROR:bus.cc(392)] Failed to connect to the bus: Address does not contain a colon
[155:181:0108/154458.326484:ERROR:bus.cc(392)] Failed to connect to the bus: Address does not contain a colon
[155:315:0108/154458.533502:ERROR:bus.cc(392)] Failed to connect to the bus: Failed to connect to socket /var/run/dbus/system_bus_socket: No such file or directory
[155:315:0108/154458.533619:ERROR:bus.cc(392)] Failed to connect to the bus: Failed to connect to socket /var/run/dbus/system_bus_socket: No such file or directory
[155:315:0108/154458.533758:ERROR:bus.cc(392)] Failed to connect to the bus: Failed to connect to socket /var/run/dbus/system_bus_socket: No such file or directory
[155:315:0108/154458.533778:WARNING:property.cc(144)] DaemonVersion: GetAndBlock: failed.
[155:315:0108/154458.533832:ERROR:bus.cc(392)] Failed to connect to the bus: Failed to connect to socket /var/run/dbus/system_bus_socket: No such file or directory
[155:315:0108/154458.533864:ERROR:bus.cc(392)] Failed to connect to the bus: Failed to connect to socket /var/run/dbus/system_bus_socket: No such file or directory
[155:155:0108/154500.482115:INFO:CONSOLE(128)] "currentLatencynow: NaN", source: file:///home/seluser/ppt/player/dashjs/index.html (128)
[155:155:0108/154501.508298:INFO:CONSOLE(128)] "currentLatencynow: NaN", source: file:///home/seluser/ppt/player/dashjs/index.html (128)
[155:256:0108/154501.728777:ERROR:chrome_browser_main_extra_parts_metrics.cc(228)] crbug.com/1216328: Checking Bluetooth availability started. Please report if there is no report that this ends.
[155:256:0108/154501.728863:ERROR:chrome_browser_main_extra_parts_metrics.cc(231)] crbug.com/1216328: Checking Bluetooth availability ended.
[155:256:0108/154501.728872:ERROR:chrome_browser_main_extra_parts_metrics.cc(234)] crbug.com/1216328: Checking default browser status started. Please report if there is no report that this ends.
[155:256:0108/154501.879997:ERROR:chrome_browser_main_extra_parts_metrics.cc(238)] crbug.com/1216328: Checking default browser status ended.
[155:155:0108/154502.481343:INFO:CONSOLE(128)] "currentLatencynow: 0", source: file:///home/seluser/ppt/player/dashjs/index.html (128)
[155:155:0108/154503.481189:INFO:CONSOLE(128)] "currentLatencynow: 0", source: file:///home/seluser/ppt/player/dashjs/index.html (128)
[155:155:0108/154504.482298:INFO:CONSOLE(128)] "currentLatencynow: 0", source: file:///home/seluser/ppt/player/dashjs/index.html (128)
[551:551:0108/154505.151058:WARNING:audio_manager_linux.cc(69)] Falling back to ALSA for audio output. PulseAudio is not available or could not be initialized.
[551:551:0108/154505.158697:ERROR:alsa_util.cc(204)] PcmOpen: default,No such file or directory
[551:551:0108/154505.159085:ERROR:alsa_util.cc(204)] PcmOpen: plug:default,No such file or directory
[155:155:0108/154505.482578:INFO:CONSOLE(128)] "currentLatencynow: 9.57", source: file:///home/seluser/ppt/player/dashjs/index.html (128)
[155:155:0108/154506.484121:INFO:CONSOLE(128)] "currentLatencynow: 10.57", source: file:///home/seluser/ppt/player/dashjs/index.html (128)
[155:155:0108/154507.487213:INFO:CONSOLE(128)] "currentLatencynow: 11.576", source: file:///home/seluser/ppt/player/dashjs/index.html (128)
[155:155:0108/154508.481620:INFO:CONSOLE(128)] "currentLatencynow: 12.571", source: file:///home/seluser/ppt/player/dashjs/index.html (128)
[155:155:0108/154509.482947:INFO:CONSOLE(128)] "currentLatencynow: 13.572", source: file:///home/seluser/ppt/player/dashjs/index.html (128)
[155:155:0108/154510.481601:INFO:CONSOLE(128)] "currentLatencynow: 14.571", source: file:///home/seluser/ppt/player/dashjs/index.html (128)
[155:155:0108/154511.481354:INFO:CONSOLE(128)] "currentLatencynow: 15.571", source: file:///home/seluser/ppt/player/dashjs/index.html (128)
[155:181:0108/154511.945158:ERROR:bus.cc(392)] Failed to connect to the bus: Address does not contain a colon
[155:181:0108/154511.945225:ERROR:bus.cc(392)] Failed to connect to the bus: Address does not contain a colon
[155:181:0108/154511.945236:ERROR:bus.cc(392)] Failed to connect to the bus: Address does not contain a colon
[155:181:0108/154511.945243:ERROR:bus.cc(392)] Failed to connect to the bus: Address does not contain a colon
[155:181:0108/154511.945250:ERROR:bus.cc(392)] Failed to connect to the bus: Address does not contain a colon
[155:181:0108/154511.945256:ERROR:bus.cc(392)] Failed to connect to the bus: Address does not contain a colon
[155:181:0108/154511.945263:ERROR:bus.cc(392)] Failed to connect to the bus: Address does not contain a colon
[155:181:0108/154511.945269:ERROR:bus.cc(392)] Failed to connect to the bus: Address does not contain a colon
[155:181:0108/154511.945276:ERROR:bus.cc(392)] Failed to connect to the bus: Address does not contain a colon
[155:181:0108/154511.945283:ERROR:bus.cc(392)] Failed to connect to the bus: Address does not contain a colon
[155:181:0108/154511.945289:ERROR:bus.cc(392)] Failed to connect to the bus: Address does not contain a colon
[155:181:0108/154511.945315:ERROR:bus.cc(392)] Failed to connect to the bus: Address does not contain a colon
[155:181:0108/154511.945336:ERROR:bus.cc(392)] Failed to connect to the bus: Address does not contain a colon
[155:181:0108/154511.945356:ERROR:bus.cc(392)] Failed to connect to the bus: Address does not contain a colon
[155:181:0108/154511.948686:ERROR:bus.cc(392)] Failed to connect to the bus: Address does not contain a colon
[155:181:0108/154511.948743:ERROR:bus.cc(392)] Failed to connect to the bus: Address does not contain a colon
[155:181:0108/154511.948757:ERROR:bus.cc(392)] Failed to connect to the bus: Address does not contain a colon
[155:181:0108/154511.991315:ERROR:bus.cc(392)] Failed to connect to the bus: Address does not contain a colon
[155:181:0108/154511.991426:ERROR:bus.cc(392)] Failed to connect to the bus: Address does not contain a colon
[155:155:0108/154512.489854:INFO:CONSOLE(128)] "currentLatencynow: 16.069", source: file:///home/seluser/ppt/player/dashjs/index.html (128)
[155:155:0108/154513.481768:INFO:CONSOLE(128)] "currentLatencynow: 16.311", source: file:///home/seluser/ppt/player/dashjs/index.html (128)
[155:155:0108/154514.482072:INFO:CONSOLE(128)] "currentLatencynow: 16.665", source: file:///home/seluser/ppt/player/dashjs/index.html (128)
[155:155:0108/154515.482977:INFO:CONSOLE(128)] "currentLatencynow: 16.664", source: file:///home/seluser/ppt/player/dashjs/index.html (128)
[155:155:0108/154516.481447:INFO:CONSOLE(128)] "currentLatencynow: 17.313", source: file:///home/seluser/ppt/player/dashjs/index.html (128)
[155:155:0108/154517.481563:INFO:CONSOLE(128)] "currentLatencynow: 18.314", source: file:///home/seluser/ppt/player/dashjs/index.html (128)
[155:155:0108/154518.482769:INFO:CONSOLE(128)] "currentLatencynow: 19.315", source: file:///home/seluser/ppt/player/dashjs/index.html (128)
[155:155:0108/154519.481118:INFO:CONSOLE(128)] "currentLatencynow: 20.313", source: file:///home/seluser/ppt/player/dashjs/index.html (128)
[155:155:0108/154520.481881:INFO:CONSOLE(128)] "currentLatencynow: 21.314", source: file:///home/seluser/ppt/player/dashjs/index.html (128)
[155:155:0108/154521.481205:INFO:CONSOLE(128)] "currentLatencynow: 22.313", source: file:///home/seluser/ppt/player/dashjs/index.html (128)
[155:155:0108/154522.481000:INFO:CONSOLE(128)] "currentLatencynow: 23.313", source: file:///home/seluser/ppt/player/dashjs/index.html (128)
[155:181:0108/154523.126784:ERROR:bus.cc(392)] Failed to connect to the bus: Address does not contain a colon
[155:181:0108/154523.126837:ERROR:bus.cc(392)] Failed to connect to the bus: Address does not contain a colon
[155:155:0108/154523.481795:INFO:CONSOLE(128)] "currentLatencynow: 23.939", source: file:///home/seluser/ppt/player/dashjs/index.html (128)
[155:155:0108/154524.483507:INFO:CONSOLE(128)] "currentLatencynow: 23.939", source: file:///home/seluser/ppt/player/dashjs/index.html (128)
[155:155:0108/154525.480788:INFO:CONSOLE(128)] "currentLatencynow: 24.309", source: file:///home/seluser/ppt/player/dashjs/index.html (128)
[155:155:0108/154526.483271:INFO:CONSOLE(128)] "currentLatencynow: 25.309", source: file:///home/seluser/ppt/player/dashjs/index.html (128)
[155:155:0108/154527.480894:INFO:CONSOLE(128)] "currentLatencynow: 26.309", source: file:///home/seluser/ppt/player/dashjs/index.html (128)
[155:155:0108/154528.482989:INFO:CONSOLE(128)] "currentLatencynow: 27.311", source: file:///home/seluser/ppt/player/dashjs/index.html (128)
[155:155:0108/154529.480744:INFO:CONSOLE(128)] "currentLatencynow: 28.309", source: file:///home/seluser/ppt/player/dashjs/index.html (128)
[155:181:0108/154530.306102:ERROR:bus.cc(392)] Failed to connect to the bus: Address does not contain a colon
[155:181:0108/154530.306143:ERROR:bus.cc(392)] Failed to connect to the bus: Address does not contain a colon
[155:155:0108/154530.483476:INFO:CONSOLE(128)] "currentLatencynow: 29.08", source: file:///home/seluser/ppt/player/dashjs/index.html (128)
[155:155:0108/154531.481786:INFO:CONSOLE(128)] "currentLatencynow: 29.08", source: file:///home/seluser/ppt/player/dashjs/index.html (128)
[155:155:0108/154532.481232:INFO:CONSOLE(128)] "currentLatencynow: 29.304", source: file:///home/seluser/ppt/player/dashjs/index.html (128)
[155:155:0108/154533.483795:INFO:CONSOLE(128)] "currentLatencynow: 30.307", source: file:///home/seluser/ppt/player/dashjs/index.html (128)
[155:155:0108/154534.485570:INFO:CONSOLE(128)] "currentLatencynow: 31.309", source: file:///home/seluser/ppt/player/dashjs/index.html (128)
[155:155:0108/154535.481080:INFO:CONSOLE(128)] "currentLatencynow: 32.304", source: file:///home/seluser/ppt/player/dashjs/index.html (128)
[155:181:0108/154535.734642:ERROR:bus.cc(392)] Failed to connect to the bus: Address does not contain a colon
[155:181:0108/154535.734707:ERROR:bus.cc(392)] Failed to connect to the bus: Address does not contain a colon
[155:155:0108/154536.482673:INFO:CONSOLE(128)] "currentLatencynow: 32.472", source: file:///home/seluser/ppt/player/dashjs/index.html (128)
[155:155:0108/154537.485862:INFO:CONSOLE(128)] "currentLatencynow: 32.377", source: file:///home/seluser/ppt/player/dashjs/index.html (128)
[155:155:0108/154538.481767:INFO:CONSOLE(128)] "currentLatencynow: 32.272", source: file:///home/seluser/ppt/player/dashjs/index.html (128)
[155:155:0108/154539.481425:INFO:CONSOLE(128)] "currentLatencynow: 32.171", source: file:///home/seluser/ppt/player/dashjs/index.html (128)
[155:155:0108/154540.480775:INFO:CONSOLE(128)] "currentLatencynow: 32.074", source: file:///home/seluser/ppt/player/dashjs/index.html (128)
[155:155:0108/154541.480912:INFO:CONSOLE(128)] "currentLatencynow: 32.046", source: file:///home/seluser/ppt/player/dashjs/index.html (128)
[155:155:0108/154542.482428:INFO:CONSOLE(128)] "currentLatencynow: 33.048", source: file:///home/seluser/ppt/player/dashjs/index.html (128)
[155:155:0108/154543.480957:INFO:CONSOLE(128)] "currentLatencynow: 34.046", source: file:///home/seluser/ppt/player/dashjs/index.html (128)
[155:155:0108/154544.480965:INFO:CONSOLE(128)] "currentLatencynow: 35.046", source: file:///home/seluser/ppt/player/dashjs/index.html (128)
[155:155:0108/154545.480694:INFO:CONSOLE(128)] "currentLatencynow: 36.046", source: file:///home/seluser/ppt/player/dashjs/index.html (128)
[155:155:0108/154546.481547:INFO:CONSOLE(128)] "currentLatencynow: 37.047", source: file:///home/seluser/ppt/player/dashjs/index.html (128)
[155:155:0108/154547.480650:INFO:CONSOLE(128)] "currentLatencynow: 38.046", source: file:///home/seluser/ppt/player/dashjs/index.html (128)
[155:155:0108/154548.480790:INFO:CONSOLE(128)] "currentLatencynow: 39.046", source: file:///home/seluser/ppt/player/dashjs/index.html (128)
[155:155:0108/154549.480972:INFO:CONSOLE(128)] "currentLatencynow: 40.046", source: file:///home/seluser/ppt/player/dashjs/index.html (128)
[155:155:0108/154550.480933:INFO:CONSOLE(128)] "currentLatencynow: 41.046", source: file:///home/seluser/ppt/player/dashjs/index.html (128)
[155:155:0108/154551.480887:INFO:CONSOLE(128)] "currentLatencynow: 42.046", source: file:///home/seluser/ppt/player/dashjs/index.html (128)
[155:155:0108/154552.480816:INFO:CONSOLE(128)] "currentLatencynow: 43.046", source: file:///home/seluser/ppt/player/dashjs/index.html (128)
[155:155:0108/154553.480798:INFO:CONSOLE(128)] "currentLatencynow: 44.046", source: file:///home/seluser/ppt/player/dashjs/index.html (128)
[155:155:0108/154554.480821:INFO:CONSOLE(128)] "currentLatencynow: 45.046", source: file:///home/seluser/ppt/player/dashjs/index.html (128)
[155:155:0108/154555.480921:INFO:CONSOLE(128)] "currentLatencynow: 46.046", source: file:///home/seluser/ppt/player/dashjs/index.html (128)
[155:155:0108/154556.481035:INFO:CONSOLE(128)] "currentLatencynow: 47.046", source: file:///home/seluser/ppt/player/dashjs/index.html (128)
[155:155:0108/154557.481303:INFO:CONSOLE(128)] "currentLatencynow: 48.046", source: file:///home/seluser/ppt/player/dashjs/index.html (128)
[155:155:0108/154558.480986:INFO:CONSOLE(128)] "currentLatencynow: 49.046", source: file:///home/seluser/ppt/player/dashjs/index.html (128)
[155:155:0108/154559.480798:INFO:CONSOLE(128)] "currentLatencynow: 50.046", source: file:///home/seluser/ppt/player/dashjs/index.html (128)
[155:155:0108/154600.480750:INFO:CONSOLE(128)] "currentLatencynow: 51.046", source: file:///home/seluser/ppt/player/dashjs/index.html (128)
[155:155:0108/154601.480731:INFO:CONSOLE(128)] "currentLatencynow: 52.046", source: file:///home/seluser/ppt/player/dashjs/index.html (128)
[155:155:0108/154602.480834:INFO:CONSOLE(128)] "currentLatencynow: 53.046", source: file:///home/seluser/ppt/player/dashjs/index.html (128)
[155:155:0108/154603.480762:INFO:CONSOLE(128)] "currentLatencynow: 54.046", source: file:///home/seluser/ppt/player/dashjs/index.html (128)
[155:155:0108/154604.480936:INFO:CONSOLE(128)] "currentLatencynow: 55.046", source: file:///home/seluser/ppt/player/dashjs/index.html (128)
[155:155:0108/154605.481136:INFO:CONSOLE(128)] "currentLatencynow: 56.046", source: file:///home/seluser/ppt/player/dashjs/index.html (128)
[155:155:0108/154606.480745:INFO:CONSOLE(128)] "currentLatencynow: 57.046", source: file:///home/seluser/ppt/player/dashjs/index.html (128)
[155:155:0108/154607.480693:INFO:CONSOLE(128)] "currentLatencynow: 58.046", source: file:///home/seluser/ppt/player/dashjs/index.html (128)
[155:155:0108/154608.480815:INFO:CONSOLE(128)] "currentLatencynow: 59.046", source: file:///home/seluser/ppt/player/dashjs/index.html (128)
[155:155:0108/154609.480761:INFO:CONSOLE(128)] "currentLatencynow: 60.046", source: file:///home/seluser/ppt/player/dashjs/index.html (128)
[155:155:0108/154610.480719:INFO:CONSOLE(128)] "currentLatencynow: 61.046", source: file:///home/seluser/ppt/player/dashjs/index.html (128)
[155:155:0108/154611.480693:INFO:CONSOLE(128)] "currentLatencynow: 62.046", source: file:///home/seluser/ppt/player/dashjs/index.html (128)
[155:155:0108/154612.480819:INFO:CONSOLE(128)] "currentLatencynow: 63.046", source: file:///home/seluser/ppt/player/dashjs/index.html (128)
[155:155:0108/154613.480759:INFO:CONSOLE(128)] "currentLatencynow: 64.046", source: file:///home/seluser/ppt/player/dashjs/index.html (128)
[155:155:0108/154614.480743:INFO:CONSOLE(128)] "currentLatencynow: 65.046", source: file:///home/seluser/ppt/player/dashjs/index.html (128)
[155:155:0108/154615.480723:INFO:CONSOLE(128)] "currentLatencynow: 66.046", source: file:///home/seluser/ppt/player/dashjs/index.html (128)
[155:155:0108/154616.480785:INFO:CONSOLE(128)] "currentLatencynow: 67.046", source: file:///home/seluser/ppt/player/dashjs/index.html (128)
[155:155:0108/154617.480768:INFO:CONSOLE(128)] "currentLatencynow: 68.046", source: file:///home/seluser/ppt/player/dashjs/index.html (128)
[155:155:0108/154618.479698:INFO:CONSOLE(128)] "currentLatencynow: 69.045", source: file:///home/seluser/ppt/player/dashjs/index.html (128)
[155:155:0108/154619.479726:INFO:CONSOLE(128)] "currentLatencynow: 70.045", source: file:///home/seluser/ppt/player/dashjs/index.html (128)
[155:155:0108/154620.479736:INFO:CONSOLE(128)] "currentLatencynow: 71.045", source: file:///home/seluser/ppt/player/dashjs/index.html (128)
[155:155:0108/154621.479711:INFO:CONSOLE(128)] "currentLatencynow: 72.045", source: file:///home/seluser/ppt/player/dashjs/index.html (128)
[155:155:0108/154622.479709:INFO:CONSOLE(128)] "currentLatencynow: 73.045", source: file:///home/seluser/ppt/player/dashjs/index.html (128)
[155:155:0108/154623.479691:INFO:CONSOLE(128)] "currentLatencynow: 74.045", source: file:///home/seluser/ppt/player/dashjs/index.html (128)
[155:155:0108/154624.479768:INFO:CONSOLE(128)] "currentLatencynow: 75.045", source: file:///home/seluser/ppt/player/dashjs/index.html (128)
[155:155:0108/154625.479756:INFO:CONSOLE(128)] "currentLatencynow: 76.045", source: file:///home/seluser/ppt/player/dashjs/index.html (128)
[155:155:0108/154626.479767:INFO:CONSOLE(128)] "currentLatencynow: 77.045", source: file:///home/seluser/ppt/player/dashjs/index.html (128)
[155:155:0108/154627.479834:INFO:CONSOLE(128)] "currentLatencynow: 78.045", source: file:///home/seluser/ppt/player/dashjs/index.html (128)
[155:155:0108/154628.479726:INFO:CONSOLE(128)] "currentLatencynow: 79.045", source: file:///home/seluser/ppt/player/dashjs/index.html (128)
[155:155:0108/154629.479750:INFO:CONSOLE(128)] "currentLatencynow: 80.045", source: file:///home/seluser/ppt/player/dashjs/index.html (128)
[155:155:0108/154630.479752:INFO:CONSOLE(128)] "currentLatencynow: 81.045", source: file:///home/seluser/ppt/player/dashjs/index.html (128)
[155:155:0108/154631.479756:INFO:CONSOLE(128)] "currentLatencynow: 82.045", source: file:///home/seluser/ppt/player/dashjs/index.html (128)
[155:155:0108/154632.479725:INFO:CONSOLE(128)] "currentLatencynow: 83.045", source: file:///home/seluser/ppt/player/dashjs/index.html (128)
[155:155:0108/154633.479724:INFO:CONSOLE(128)] "currentLatencynow: 84.045", source: file:///home/seluser/ppt/player/dashjs/index.html (128)
[155:155:0108/154634.479781:INFO:CONSOLE(128)] "currentLatencynow: 85.045", source: file:///home/seluser/ppt/player/dashjs/index.html (128)
[155:155:0108/154635.479746:INFO:CONSOLE(128)] "currentLatencynow: 86.045", source: file:///home/seluser/ppt/player/dashjs/index.html (128)
[155:155:0108/154636.479806:INFO:CONSOLE(128)] "currentLatencynow: 87.045", source: file:///home/seluser/ppt/player/dashjs/index.html (128)
[155:155:0108/154637.479727:INFO:CONSOLE(128)] "currentLatencynow: 88.045", source: file:///home/seluser/ppt/player/dashjs/index.html (128)
[155:155:0108/154638.479726:INFO:CONSOLE(128)] "currentLatencynow: 89.045", source: file:///home/seluser/ppt/player/dashjs/index.html (128)
[155:155:0108/154639.479742:INFO:CONSOLE(128)] "currentLatencynow: 90.045", source: file:///home/seluser/ppt/player/dashjs/index.html (128)
[155:155:0108/154640.479735:INFO:CONSOLE(128)] "currentLatencynow: 91.045", source: file:///home/seluser/ppt/player/dashjs/index.html (128)
[155:155:0108/154641.479719:INFO:CONSOLE(128)] "currentLatencynow: 92.045", source: file:///home/seluser/ppt/player/dashjs/index.html (128)
[155:155:0108/154642.479790:INFO:CONSOLE(128)] "currentLatencynow: 93.045", source: file:///home/seluser/ppt/player/dashjs/index.html (128)
[155:155:0108/154643.479833:INFO:CONSOLE(128)] "currentLatencynow: 94.045", source: file:///home/seluser/ppt/player/dashjs/index.html (128)
[155:155:0108/154644.479802:INFO:CONSOLE(128)] "currentLatencynow: 95.045", source: file:///home/seluser/ppt/player/dashjs/index.html (128)
[155:155:0108/154645.479736:INFO:CONSOLE(128)] "currentLatencynow: 96.045", source: file:///home/seluser/ppt/player/dashjs/index.html (128)
[155:155:0108/154646.479739:INFO:CONSOLE(128)] "currentLatencynow: 97.045", source: file:///home/seluser/ppt/player/dashjs/index.html (128)
[155:155:0108/154647.479746:INFO:CONSOLE(128)] "currentLatencynow: 98.045", source: file:///home/seluser/ppt/player/dashjs/index.html (128)
[155:155:0108/154648.480138:INFO:CONSOLE(128)] "currentLatencynow: 99.045", source: file:///home/seluser/ppt/player/dashjs/index.html (128)
[155:155:0108/154649.480064:INFO:CONSOLE(128)] "currentLatencynow: 100.045", source: file:///home/seluser/ppt/player/dashjs/index.html (128)
[155:155:0108/154650.480079:INFO:CONSOLE(128)] "currentLatencynow: 101.045", source: file:///home/seluser/ppt/player/dashjs/index.html (128)
[155:155:0108/154651.480129:INFO:CONSOLE(128)] "currentLatencynow: 102.045", source: file:///home/seluser/ppt/player/dashjs/index.html (128)
[155:155:0108/154652.480096:INFO:CONSOLE(128)] "currentLatencynow: 103.045", source: file:///home/seluser/ppt/player/dashjs/index.html (128)
[155:155:0108/154653.480057:INFO:CONSOLE(128)] "currentLatencynow: 104.045", source: file:///home/seluser/ppt/player/dashjs/index.html (128)
[155:155:0108/154654.480010:INFO:CONSOLE(128)] "currentLatencynow: 105.045", source: file:///home/seluser/ppt/player/dashjs/index.html (128)
[155:155:0108/154655.480142:INFO:CONSOLE(128)] "currentLatencynow: 106.045", source: file:///home/seluser/ppt/player/dashjs/index.html (128)
[155:155:0108/154656.480086:INFO:CONSOLE(128)] "currentLatencynow: 107.045", source: file:///home/seluser/ppt/player/dashjs/index.html (128)
[155:155:0108/154657.480023:INFO:CONSOLE(128)] "currentLatencynow: 108.045", source: file:///home/seluser/ppt/player/dashjs/index.html (128)
[155:155:0108/154658.480053:INFO:CONSOLE(128)] "currentLatencynow: 109.045", source: file:///home/seluser/ppt/player/dashjs/index.html (128)
[155:155:0108/154659.480057:INFO:CONSOLE(114)] "Begin Player stistics 
", source: file:///home/seluser/ppt/player/dashjs/index.html (114)
[155:155:0108/154659.480157:INFO:CONSOLE(115)] "["stall",[["4.41","12.86",8.45]],[["14.10","14.35",0.25]],[["16.75","17.00",0.25]],[["26.03","26.28",0.25]],[["33.17","33.42",0.25]],[["availibleBW",[null],[null],[null],[null],[null],[null],[null],[null],[null],[null],[null],[null],[2839],[2839],[2839],[2839],[2839],[2839],[2839],[3569],[3569],[3569],[3569],[3599],[3599],[3599],[3599],[4092],[4092],[4092],[4092],[4360],[4360],[4629],[4629],[4629],[4786],[4786],[4786],[5068],[5068],[5068],[5068],[5068],[5068],[5068],[5068],[5068],[5068],[5068],[5068],[5068],[5068],[5068],[5068],[5068],[5068],[5068],[5068],[5068],[5068],[5068],[5068],[5068],[5068],[5068],[5068],[5068],[5068],[5068],[5068],[5068],[5068],[5068],[5068],[5068],[5068],[5068],[5068],[5068],[5068],[5068],[5068],[5068],[5068],[5068],[5068],[5068],[5068],[5068],[5068],[5068],[5068],[5068],[5068],[5068],[5068],[5068],[5068],[5068],[5068],[5068],[5068],[5068],[5068],[5068],[5068],[5068],[5068],[5068],[5068],[5068],[5068],[5068],[5068],[5068],[5068],[5068],[5068]]],[["currentBuffer",[0],[0],[0],[0],[0],[0],[0],[0],[0],[0],[0],[0],[0.837],[0.039],[0],[0],[0],[0],[0],[0.043],[0.043],[0.043],[0.043],[1.819],[0.818],[0.04],[0.04],[2.042],[2.042],[2.042],[1.933],[2.931],[2.039],[4.041],[4.041],[4.041],[5.463],[4.357],[3.257],[4.159],[3.059],[2.234],[2.234],[2.234],[2.234],[2.234],[2.234],[2.234],[2.234],[2.234],[2.234],[2.234],[2.234],[2.234],[2.234],[2.234],[2.234],[2.234],[2.234],[2.234],[2.234],[2.234],[2.234],[2.234],[2.234],[2.234],[2.234],[2.234],[2.234],[2.234],[2.234],[2.234],[2.234],[2.234],[2.234],[2.234],[2.234],[2.234],[2.234],[2.234],[2.234],[2.234],[2.234],[2.234],[2.234],[2.234],[2.234],[2.234],[2.234],[2.234],[2.234],[2.234],[2.234],[2.234],[2.234],[2.234],[2.234],[2.234],[2.234],[2.234],[2.234],[2.234],[2.234],[2.234],[2.234],[2.234],[2.234],[2.234],[2.234],[2.234],[2.234],[2.234],[2.234],[2.234],[2.234],[2.234],[2.234],[2.234],[2.234]]],[["currentLatency",[null],[null],[0],[0],[0],[9.57],[10.57],[11.576],[12.571],[13.572],[14.571],[15.571],[16.069],[16.311],[16.665],[16.664],[17.313],[18.314],[19.315],[20.313],[21.314],[22.313],[23.313],[23.939],[23.939],[24.309],[25.309],[26.309],[27.311],[28.309],[29.08],[29.08],[29.304],[30.307],[31.309],[32.304],[32.472],[32.377],[32.272],[32.171],[32.074],[32.046],[33.048],[34.046],[35.046],[36.046],[37.047],[38.046],[39.046],[40.046],[41.046],[42.046],[43.046],[44.046],[45.046],[46.046],[47.046],[48.046],[49.046],[50.046],[51.046],[52.046],[53.046],[54.046],[55.046],[56.046],[57.046],[58.046],[59.046],[60.046],[61.046],[62.046],[63.046],[64.046],[65.046],[66.046],[67.046],[68.046],[69.045],[70.045],[71.045],[72.045],[73.045],[74.045],[75.045],[76.045],[77.045],[78.045],[79.045],[80.045],[81.045],[82.045],[83.045],[84.045],[85.045],[86.045],[87.045],[88.045],[89.045],[90.045],[91.045],[92.045],[93.045],[94.045],[95.045],[96.045],[97.045],[98.045],[99.045],[100.045],[101.045],[102.045],[103.045],[104.045],[105.045],[106.045],[107.045],[108.045],[109.045]]]]", source: file:///home/seluser/ppt/player/dashjs/index.html (115)
[155:155:0108/154659.480225:INFO:CONSOLE(116)] "
", source: file:///home/seluser/ppt/player/dashjs/index.html (116)
[155:155:0108/154659.480261:INFO:CONSOLE(117)] "Finish Player stistics 
", source: file:///home/seluser/ppt/player/dashjs/index.html (117)
[155:155:0108/154659.480361:INFO:CONSOLE(128)] "currentLatencynow: 110.046", source: file:///home/seluser/ppt/player/dashjs/index.html (128)
[155:155:0108/154700.480117:INFO:CONSOLE(128)] "currentLatencynow: 111.045", source: file:///home/seluser/ppt/player/dashjs/index.html (128)
[155:155:0108/154701.480089:INFO:CONSOLE(128)] "currentLatencynow: 112.045", source: file:///home/seluser/ppt/player/dashjs/index.html (128)
[155:155:0108/154702.480077:INFO:CONSOLE(128)] "currentLatencynow: 113.045", source: file:///home/seluser/ppt/player/dashjs/index.html (128)
[155:155:0108/154703.480119:INFO:CONSOLE(128)] "currentLatencynow: 114.045", source: file:///home/seluser/ppt/player/dashjs/index.html (128)
[155:155:0108/154704.480061:INFO:CONSOLE(128)] "currentLatencynow: 115.045", source: file:///home/seluser/ppt/player/dashjs/index.html (128)
[155:155:0108/154705.480052:INFO:CONSOLE(128)] "currentLatencynow: 116.045", source: file:///home/seluser/ppt/player/dashjs/index.html (128)
[155:155:0108/154706.480086:INFO:CONSOLE(128)] "currentLatencynow: 117.045", source: file:///home/seluser/ppt/player/dashjs/index.html (128)
[155:155:0108/154707.480076:INFO:CONSOLE(128)] "currentLatencynow: 118.045", source: file:///home/seluser/ppt/player/dashjs/index.html (128)
[155:155:0108/154708.480088:INFO:CONSOLE(128)] "currentLatencynow: 119.045", source: file:///home/seluser/ppt/player/dashjs/index.html (128)
[155:155:0108/154709.480060:INFO:CONSOLE(128)] "currentLatencynow: 120.045", source: file:///home/seluser/ppt/player/dashjs/index.html (128)
[155:155:0108/154710.480110:INFO:CONSOLE(128)] "currentLatencynow: 121.045", source: file:///home/seluser/ppt/player/dashjs/index.html (128)
[155:155:0108/154711.480093:INFO:CONSOLE(128)] "currentLatencynow: 122.045", source: file:///home/seluser/ppt/player/dashjs/index.html (128)
[155:155:0108/154712.480044:INFO:CONSOLE(128)] "currentLatencynow: 123.045", source: file:///home/seluser/ppt/player/dashjs/index.html (128)
[155:155:0108/154713.480034:INFO:CONSOLE(128)] "currentLatencynow: 124.045", source: file:///home/seluser/ppt/player/dashjs/index.html (128)
[155:155:0108/154714.480083:INFO:CONSOLE(128)] "currentLatencynow: 125.045", source: file:///home/seluser/ppt/player/dashjs/index.html (128)
[155:155:0108/154715.480126:INFO:CONSOLE(128)] "currentLatencynow: 126.045", source: file:///home/seluser/ppt/player/dashjs/index.html (128)
[155:155:0108/154716.480054:INFO:CONSOLE(128)] "currentLatencynow: 127.045", source: file:///home/seluser/ppt/player/dashjs/index.html (128)
[155:155:0108/154717.480077:INFO:CONSOLE(128)] "currentLatencynow: 128.045", source: file:///home/seluser/ppt/player/dashjs/index.html (128)
[155:155:0108/154718.479994:INFO:CONSOLE(128)] "currentLatencynow: 129.045", source: file:///home/seluser/ppt/player/dashjs/index.html (128)
[155:155:0108/154719.480074:INFO:CONSOLE(128)] "currentLatencynow: 130.045", source: file:///home/seluser/ppt/player/dashjs/index.html (128)
[155:155:0108/154719.770165:WARNING:pref_notifier_impl.cc(40)] Pref observer for media_router.cast_allow_all_ips found at shutdown.
