[155:219:0108/154453.413703:ERROR:bus.cc(392)] Failed to connect to the bus: Failed to connect to socket /var/run/dbus/system_bus_socket: No such file or directory
[155:182:0108/154453.418493:ERROR:bus.cc(392)] Failed to connect to the bus: Address does not contain a colon
[155:182:0108/154453.418537:ERROR:bus.cc(392)] Failed to connect to the bus: Address does not contain a colon
[155:182:0108/154453.512938:ERROR:bus.cc(392)] Failed to connect to the bus: Address does not contain a colon
[155:182:0108/154453.513439:ERROR:bus.cc(392)] Failed to connect to the bus: Address does not contain a colon
[225:225:0108/154453.555241:ERROR:gpu_init.cc(453)] Passthrough is not supported, GL is swiftshader, ANGLE is 
[155:182:0108/154453.608612:ERROR:bus.cc(392)] Failed to connect to the bus: Address does not contain a colon
[155:182:0108/154453.608664:ERROR:bus.cc(392)] Failed to connect to the bus: Address does not contain a colon
[155:311:0108/154453.812846:ERROR:bus.cc(392)] Failed to connect to the bus: Failed to connect to socket /var/run/dbus/system_bus_socket: No such file or directory
[155:311:0108/154453.812907:ERROR:bus.cc(392)] Failed to connect to the bus: Failed to connect to socket /var/run/dbus/system_bus_socket: No such file or directory
[155:311:0108/154453.812941:ERROR:bus.cc(392)] Failed to connect to the bus: Failed to connect to socket /var/run/dbus/system_bus_socket: No such file or directory
[155:311:0108/154453.812948:WARNING:property.cc(144)] DaemonVersion: GetAndBlock: failed.
[155:311:0108/154453.812971:ERROR:bus.cc(392)] Failed to connect to the bus: Failed to connect to socket /var/run/dbus/system_bus_socket: No such file or directory
[155:311:0108/154453.812990:ERROR:bus.cc(392)] Failed to connect to the bus: Failed to connect to socket /var/run/dbus/system_bus_socket: No such file or directory
[155:155:0108/154455.816489:INFO:CONSOLE(128)] "currentLatencynow: NaN", source: file:///home/seluser/ppt/player/dashjs/index.html (128)
[155:155:0108/154456.823864:INFO:CONSOLE(128)] "currentLatencynow: 0", source: file:///home/seluser/ppt/player/dashjs/index.html (128)
[155:249:0108/154457.797684:ERROR:chrome_browser_main_extra_parts_metrics.cc(228)] crbug.com/1216328: Checking Bluetooth availability started. Please report if there is no report that this ends.
[155:249:0108/154457.797726:ERROR:chrome_browser_main_extra_parts_metrics.cc(231)] crbug.com/1216328: Checking Bluetooth availability ended.
[155:249:0108/154457.797737:ERROR:chrome_browser_main_extra_parts_metrics.cc(234)] crbug.com/1216328: Checking default browser status started. Please report if there is no report that this ends.
[155:155:0108/154457.818407:INFO:CONSOLE(128)] "currentLatencynow: 0", source: file:///home/seluser/ppt/player/dashjs/index.html (128)
[155:249:0108/154458.176660:ERROR:chrome_browser_main_extra_parts_metrics.cc(238)] crbug.com/1216328: Checking default browser status ended.
[155:155:0108/154458.819073:INFO:CONSOLE(128)] "currentLatencynow: 0", source: file:///home/seluser/ppt/player/dashjs/index.html (128)
[155:155:0108/154459.817460:INFO:CONSOLE(128)] "currentLatencynow: 0", source: file:///home/seluser/ppt/player/dashjs/index.html (128)
[155:155:0108/154500.818915:INFO:CONSOLE(128)] "currentLatencynow: 0", source: file:///home/seluser/ppt/player/dashjs/index.html (128)
[155:155:0108/154501.816050:INFO:CONSOLE(128)] "currentLatencynow: 0", source: file:///home/seluser/ppt/player/dashjs/index.html (128)
[155:155:0108/154502.816852:INFO:CONSOLE(128)] "currentLatencynow: 0", source: file:///home/seluser/ppt/player/dashjs/index.html (128)
[155:155:0108/154503.815852:INFO:CONSOLE(128)] "currentLatencynow: 0", source: file:///home/seluser/ppt/player/dashjs/index.html (128)
[560:560:0108/154504.390331:WARNING:audio_manager_linux.cc(69)] Falling back to ALSA for audio output. PulseAudio is not available or could not be initialized.
[560:560:0108/154504.395411:ERROR:alsa_util.cc(204)] PcmOpen: default,No such file or directory
[560:560:0108/154504.395554:ERROR:alsa_util.cc(204)] PcmOpen: plug:default,No such file or directory
[155:155:0108/154504.815973:INFO:CONSOLE(128)] "currentLatencynow: 15.614", source: file:///home/seluser/ppt/player/dashjs/index.html (128)
[155:155:0108/154505.816197:INFO:CONSOLE(128)] "currentLatencynow: 16.614", source: file:///home/seluser/ppt/player/dashjs/index.html (128)
[155:155:0108/154506.818407:INFO:CONSOLE(128)] "currentLatencynow: 17.616", source: file:///home/seluser/ppt/player/dashjs/index.html (128)
[155:155:0108/154507.816227:INFO:CONSOLE(128)] "currentLatencynow: 18.614", source: file:///home/seluser/ppt/player/dashjs/index.html (128)
[155:155:0108/154508.817193:INFO:CONSOLE(128)] "currentLatencynow: 19.614", source: file:///home/seluser/ppt/player/dashjs/index.html (128)
[155:155:0108/154509.815923:INFO:CONSOLE(128)] "currentLatencynow: 20.614", source: file:///home/seluser/ppt/player/dashjs/index.html (128)
[155:155:0108/154510.816857:INFO:CONSOLE(128)] "currentLatencynow: 21.616", source: file:///home/seluser/ppt/player/dashjs/index.html (128)
[155:155:0108/154511.816407:INFO:CONSOLE(128)] "currentLatencynow: 22.614", source: file:///home/seluser/ppt/player/dashjs/index.html (128)
[155:155:0108/154512.817252:INFO:CONSOLE(128)] "currentLatencynow: 23.616", source: file:///home/seluser/ppt/player/dashjs/index.html (128)
[155:155:0108/154513.815864:INFO:CONSOLE(128)] "currentLatencynow: 24.614", source: file:///home/seluser/ppt/player/dashjs/index.html (128)
[155:155:0108/154514.816022:INFO:CONSOLE(128)] "currentLatencynow: 25.614", source: file:///home/seluser/ppt/player/dashjs/index.html (128)
[155:155:0108/154515.816203:INFO:CONSOLE(128)] "currentLatencynow: 26.614", source: file:///home/seluser/ppt/player/dashjs/index.html (128)
[155:155:0108/154516.816138:INFO:CONSOLE(128)] "currentLatencynow: 27.614", source: file:///home/seluser/ppt/player/dashjs/index.html (128)
[155:155:0108/154517.818116:INFO:CONSOLE(128)] "currentLatencynow: 28.616", source: file:///home/seluser/ppt/player/dashjs/index.html (128)
[155:155:0108/154518.815682:INFO:CONSOLE(128)] "currentLatencynow: 29.614", source: file:///home/seluser/ppt/player/dashjs/index.html (128)
[155:155:0108/154519.815916:INFO:CONSOLE(128)] "currentLatencynow: 30.614", source: file:///home/seluser/ppt/player/dashjs/index.html (128)
[155:155:0108/154520.815746:INFO:CONSOLE(128)] "currentLatencynow: 31.614", source: file:///home/seluser/ppt/player/dashjs/index.html (128)
[155:155:0108/154521.815680:INFO:CONSOLE(128)] "currentLatencynow: 32.614", source: file:///home/seluser/ppt/player/dashjs/index.html (128)
[155:155:0108/154522.815490:INFO:CONSOLE(128)] "currentLatencynow: 33.614", source: file:///home/seluser/ppt/player/dashjs/index.html (128)
[155:155:0108/154523.815584:INFO:CONSOLE(128)] "currentLatencynow: 34.614", source: file:///home/seluser/ppt/player/dashjs/index.html (128)
[155:155:0108/154524.815984:INFO:CONSOLE(128)] "currentLatencynow: 35.614", source: file:///home/seluser/ppt/player/dashjs/index.html (128)
[155:155:0108/154525.815719:INFO:CONSOLE(128)] "currentLatencynow: 36.614", source: file:///home/seluser/ppt/player/dashjs/index.html (128)
[155:155:0108/154526.815583:INFO:CONSOLE(128)] "currentLatencynow: 37.614", source: file:///home/seluser/ppt/player/dashjs/index.html (128)
[155:155:0108/154527.817057:INFO:CONSOLE(128)] "currentLatencynow: 38.614", source: file:///home/seluser/ppt/player/dashjs/index.html (128)
[155:155:0108/154528.815446:INFO:CONSOLE(128)] "currentLatencynow: 39.614", source: file:///home/seluser/ppt/player/dashjs/index.html (128)
[155:155:0108/154529.815698:INFO:CONSOLE(128)] "currentLatencynow: 40.614", source: file:///home/seluser/ppt/player/dashjs/index.html (128)
[155:155:0108/154530.816076:INFO:CONSOLE(128)] "currentLatencynow: 41.614", source: file:///home/seluser/ppt/player/dashjs/index.html (128)
[155:155:0108/154531.816049:INFO:CONSOLE(128)] "currentLatencynow: 42.614", source: file:///home/seluser/ppt/player/dashjs/index.html (128)
[155:155:0108/154532.816049:INFO:CONSOLE(128)] "currentLatencynow: 43.614", source: file:///home/seluser/ppt/player/dashjs/index.html (128)
[155:155:0108/154533.815578:INFO:CONSOLE(128)] "currentLatencynow: 44.614", source: file:///home/seluser/ppt/player/dashjs/index.html (128)
[155:155:0108/154534.815500:INFO:CONSOLE(128)] "currentLatencynow: 45.614", source: file:///home/seluser/ppt/player/dashjs/index.html (128)
[155:155:0108/154535.816734:INFO:CONSOLE(128)] "currentLatencynow: 46.614", source: file:///home/seluser/ppt/player/dashjs/index.html (128)
[155:155:0108/154536.815575:INFO:CONSOLE(128)] "currentLatencynow: 47.614", source: file:///home/seluser/ppt/player/dashjs/index.html (128)
[155:155:0108/154537.815611:INFO:CONSOLE(128)] "currentLatencynow: 48.614", source: file:///home/seluser/ppt/player/dashjs/index.html (128)
[155:155:0108/154538.815381:INFO:CONSOLE(128)] "currentLatencynow: 49.614", source: file:///home/seluser/ppt/player/dashjs/index.html (128)
[155:155:0108/154539.815844:INFO:CONSOLE(128)] "currentLatencynow: 50.614", source: file:///home/seluser/ppt/player/dashjs/index.html (128)
[155:155:0108/154540.815478:INFO:CONSOLE(128)] "currentLatencynow: 51.614", source: file:///home/seluser/ppt/player/dashjs/index.html (128)
[155:155:0108/154541.815488:INFO:CONSOLE(128)] "currentLatencynow: 52.614", source: file:///home/seluser/ppt/player/dashjs/index.html (128)
[155:155:0108/154542.815466:INFO:CONSOLE(128)] "currentLatencynow: 53.614", source: file:///home/seluser/ppt/player/dashjs/index.html (128)
[155:155:0108/154543.815546:INFO:CONSOLE(128)] "currentLatencynow: 54.614", source: file:///home/seluser/ppt/player/dashjs/index.html (128)
[155:155:0108/154544.815434:INFO:CONSOLE(128)] "currentLatencynow: 55.614", source: file:///home/seluser/ppt/player/dashjs/index.html (128)
[155:155:0108/154545.815405:INFO:CONSOLE(128)] "currentLatencynow: 56.614", source: file:///home/seluser/ppt/player/dashjs/index.html (128)
[155:155:0108/154546.815353:INFO:CONSOLE(128)] "currentLatencynow: 57.614", source: file:///home/seluser/ppt/player/dashjs/index.html (128)
[155:155:0108/154547.815474:INFO:CONSOLE(128)] "currentLatencynow: 58.614", source: file:///home/seluser/ppt/player/dashjs/index.html (128)
[155:155:0108/154548.815544:INFO:CONSOLE(128)] "currentLatencynow: 59.614", source: file:///home/seluser/ppt/player/dashjs/index.html (128)
[155:155:0108/154549.816365:INFO:CONSOLE(128)] "currentLatencynow: 60.615", source: file:///home/seluser/ppt/player/dashjs/index.html (128)
[155:155:0108/154550.815633:INFO:CONSOLE(128)] "currentLatencynow: 61.614", source: file:///home/seluser/ppt/player/dashjs/index.html (128)
[155:155:0108/154551.815948:INFO:CONSOLE(128)] "currentLatencynow: 62.614", source: file:///home/seluser/ppt/player/dashjs/index.html (128)
[155:155:0108/154552.815556:INFO:CONSOLE(128)] "currentLatencynow: 63.614", source: file:///home/seluser/ppt/player/dashjs/index.html (128)
[155:155:0108/154553.815615:INFO:CONSOLE(128)] "currentLatencynow: 64.615", source: file:///home/seluser/ppt/player/dashjs/index.html (128)
[155:155:0108/154554.815641:INFO:CONSOLE(128)] "currentLatencynow: 65.615", source: file:///home/seluser/ppt/player/dashjs/index.html (128)
[155:155:0108/154555.815652:INFO:CONSOLE(128)] "currentLatencynow: 66.615", source: file:///home/seluser/ppt/player/dashjs/index.html (128)
[155:155:0108/154556.815542:INFO:CONSOLE(128)] "currentLatencynow: 67.615", source: file:///home/seluser/ppt/player/dashjs/index.html (128)
[155:155:0108/154557.815586:INFO:CONSOLE(128)] "currentLatencynow: 68.615", source: file:///home/seluser/ppt/player/dashjs/index.html (128)
[155:155:0108/154558.815535:INFO:CONSOLE(128)] "currentLatencynow: 69.615", source: file:///home/seluser/ppt/player/dashjs/index.html (128)
[155:155:0108/154559.815534:INFO:CONSOLE(128)] "currentLatencynow: 70.615", source: file:///home/seluser/ppt/player/dashjs/index.html (128)
[155:155:0108/154600.815709:INFO:CONSOLE(128)] "currentLatencynow: 71.615", source: file:///home/seluser/ppt/player/dashjs/index.html (128)
[155:155:0108/154601.815492:INFO:CONSOLE(128)] "currentLatencynow: 72.615", source: file:///home/seluser/ppt/player/dashjs/index.html (128)
[155:155:0108/154602.815469:INFO:CONSOLE(128)] "currentLatencynow: 73.615", source: file:///home/seluser/ppt/player/dashjs/index.html (128)
[155:155:0108/154603.815472:INFO:CONSOLE(128)] "currentLatencynow: 74.615", source: file:///home/seluser/ppt/player/dashjs/index.html (128)
[155:155:0108/154604.815542:INFO:CONSOLE(128)] "currentLatencynow: 75.615", source: file:///home/seluser/ppt/player/dashjs/index.html (128)
[155:155:0108/154605.815486:INFO:CONSOLE(128)] "currentLatencynow: 76.615", source: file:///home/seluser/ppt/player/dashjs/index.html (128)
[155:155:0108/154606.815570:INFO:CONSOLE(128)] "currentLatencynow: 77.615", source: file:///home/seluser/ppt/player/dashjs/index.html (128)
[155:155:0108/154607.815651:INFO:CONSOLE(128)] "currentLatencynow: 78.615", source: file:///home/seluser/ppt/player/dashjs/index.html (128)
[155:155:0108/154608.815460:INFO:CONSOLE(128)] "currentLatencynow: 79.615", source: file:///home/seluser/ppt/player/dashjs/index.html (128)
[155:155:0108/154609.815476:INFO:CONSOLE(128)] "currentLatencynow: 80.615", source: file:///home/seluser/ppt/player/dashjs/index.html (128)
[155:155:0108/154610.815481:INFO:CONSOLE(128)] "currentLatencynow: 81.615", source: file:///home/seluser/ppt/player/dashjs/index.html (128)
[155:155:0108/154611.815552:INFO:CONSOLE(128)] "currentLatencynow: 82.615", source: file:///home/seluser/ppt/player/dashjs/index.html (128)
[155:155:0108/154612.815455:INFO:CONSOLE(128)] "currentLatencynow: 83.615", source: file:///home/seluser/ppt/player/dashjs/index.html (128)
[155:155:0108/154613.815442:INFO:CONSOLE(128)] "currentLatencynow: 84.615", source: file:///home/seluser/ppt/player/dashjs/index.html (128)
[155:155:0108/154614.815448:INFO:CONSOLE(128)] "currentLatencynow: 85.615", source: file:///home/seluser/ppt/player/dashjs/index.html (128)
[155:155:0108/154615.815496:INFO:CONSOLE(128)] "currentLatencynow: 86.615", source: file:///home/seluser/ppt/player/dashjs/index.html (128)
[155:155:0108/154616.815486:INFO:CONSOLE(128)] "currentLatencynow: 87.615", source: file:///home/seluser/ppt/player/dashjs/index.html (128)
[155:155:0108/154617.815461:INFO:CONSOLE(128)] "currentLatencynow: 88.615", source: file:///home/seluser/ppt/player/dashjs/index.html (128)
[155:155:0108/154618.814474:INFO:CONSOLE(128)] "currentLatencynow: 89.614", source: file:///home/seluser/ppt/player/dashjs/index.html (128)
[155:155:0108/154619.814518:INFO:CONSOLE(128)] "currentLatencynow: 90.614", source: file:///home/seluser/ppt/player/dashjs/index.html (128)
[155:155:0108/154620.814501:INFO:CONSOLE(128)] "currentLatencynow: 91.614", source: file:///home/seluser/ppt/player/dashjs/index.html (128)
[155:155:0108/154621.814474:INFO:CONSOLE(128)] "currentLatencynow: 92.614", source: file:///home/seluser/ppt/player/dashjs/index.html (128)
[155:155:0108/154622.814537:INFO:CONSOLE(128)] "currentLatencynow: 93.614", source: file:///home/seluser/ppt/player/dashjs/index.html (128)
[155:155:0108/154623.814543:INFO:CONSOLE(128)] "currentLatencynow: 94.614", source: file:///home/seluser/ppt/player/dashjs/index.html (128)
[155:155:0108/154624.814478:INFO:CONSOLE(128)] "currentLatencynow: 95.614", source: file:///home/seluser/ppt/player/dashjs/index.html (128)
[155:155:0108/154625.814512:INFO:CONSOLE(128)] "currentLatencynow: 96.614", source: file:///home/seluser/ppt/player/dashjs/index.html (128)
[155:155:0108/154626.814518:INFO:CONSOLE(128)] "currentLatencynow: 97.614", source: file:///home/seluser/ppt/player/dashjs/index.html (128)
[155:155:0108/154627.814538:INFO:CONSOLE(128)] "currentLatencynow: 98.614", source: file:///home/seluser/ppt/player/dashjs/index.html (128)
[155:155:0108/154628.814488:INFO:CONSOLE(128)] "currentLatencynow: 99.614", source: file:///home/seluser/ppt/player/dashjs/index.html (128)
[155:155:0108/154629.814446:INFO:CONSOLE(128)] "currentLatencynow: 100.614", source: file:///home/seluser/ppt/player/dashjs/index.html (128)
[155:155:0108/154630.814454:INFO:CONSOLE(128)] "currentLatencynow: 101.614", source: file:///home/seluser/ppt/player/dashjs/index.html (128)
[155:155:0108/154631.814513:INFO:CONSOLE(128)] "currentLatencynow: 102.614", source: file:///home/seluser/ppt/player/dashjs/index.html (128)
[155:155:0108/154632.814475:INFO:CONSOLE(128)] "currentLatencynow: 103.614", source: file:///home/seluser/ppt/player/dashjs/index.html (128)
[155:155:0108/154633.814480:INFO:CONSOLE(128)] "currentLatencynow: 104.614", source: file:///home/seluser/ppt/player/dashjs/index.html (128)
[155:155:0108/154634.814578:INFO:CONSOLE(128)] "currentLatencynow: 105.614", source: file:///home/seluser/ppt/player/dashjs/index.html (128)
[155:155:0108/154635.814566:INFO:CONSOLE(128)] "currentLatencynow: 106.614", source: file:///home/seluser/ppt/player/dashjs/index.html (128)
[155:155:0108/154636.814537:INFO:CONSOLE(128)] "currentLatencynow: 107.614", source: file:///home/seluser/ppt/player/dashjs/index.html (128)
[155:155:0108/154637.814529:INFO:CONSOLE(128)] "currentLatencynow: 108.614", source: file:///home/seluser/ppt/player/dashjs/index.html (128)
[155:155:0108/154638.814486:INFO:CONSOLE(128)] "currentLatencynow: 109.614", source: file:///home/seluser/ppt/player/dashjs/index.html (128)
[155:155:0108/154639.814470:INFO:CONSOLE(128)] "currentLatencynow: 110.614", source: file:///home/seluser/ppt/player/dashjs/index.html (128)
[155:155:0108/154640.814499:INFO:CONSOLE(128)] "currentLatencynow: 111.614", source: file:///home/seluser/ppt/player/dashjs/index.html (128)
[155:155:0108/154641.814497:INFO:CONSOLE(128)] "currentLatencynow: 112.614", source: file:///home/seluser/ppt/player/dashjs/index.html (128)
[155:155:0108/154642.814458:INFO:CONSOLE(128)] "currentLatencynow: 113.614", source: file:///home/seluser/ppt/player/dashjs/index.html (128)
[155:155:0108/154643.814486:INFO:CONSOLE(128)] "currentLatencynow: 114.614", source: file:///home/seluser/ppt/player/dashjs/index.html (128)
[155:155:0108/154644.814520:INFO:CONSOLE(128)] "currentLatencynow: 115.614", source: file:///home/seluser/ppt/player/dashjs/index.html (128)
[155:155:0108/154645.814514:INFO:CONSOLE(128)] "currentLatencynow: 116.614", source: file:///home/seluser/ppt/player/dashjs/index.html (128)
[155:155:0108/154646.814619:INFO:CONSOLE(128)] "currentLatencynow: 117.614", source: file:///home/seluser/ppt/player/dashjs/index.html (128)
[155:155:0108/154647.814517:INFO:CONSOLE(128)] "currentLatencynow: 118.614", source: file:///home/seluser/ppt/player/dashjs/index.html (128)
[155:155:0108/154648.814861:INFO:CONSOLE(128)] "currentLatencynow: 119.614", source: file:///home/seluser/ppt/player/dashjs/index.html (128)
[155:155:0108/154649.814838:INFO:CONSOLE(128)] "currentLatencynow: 120.614", source: file:///home/seluser/ppt/player/dashjs/index.html (128)
[155:155:0108/154650.814863:INFO:CONSOLE(128)] "currentLatencynow: 121.614", source: file:///home/seluser/ppt/player/dashjs/index.html (128)
[155:155:0108/154651.814976:INFO:CONSOLE(128)] "currentLatencynow: 122.614", source: file:///home/seluser/ppt/player/dashjs/index.html (128)
[155:155:0108/154652.814854:INFO:CONSOLE(128)] "currentLatencynow: 123.614", source: file:///home/seluser/ppt/player/dashjs/index.html (128)
[155:155:0108/154653.814870:INFO:CONSOLE(128)] "currentLatencynow: 124.614", source: file:///home/seluser/ppt/player/dashjs/index.html (128)
[155:155:0108/154654.814866:INFO:CONSOLE(114)] "Begin Player stistics 
", source: file:///home/seluser/ppt/player/dashjs/index.html (114)
[155:155:0108/154654.815056:INFO:CONSOLE(115)] "["stall",[["availibleBW",[null],[null],[null],[null],[null],[null],[null],[1991],[1991],[1991],[1991],[1991],[1991],[1991],[1991],[1991],[1991],[1991],[1991],[1991],[1991],[1991],[1991],[1991],[1991],[1991],[1991],[1991],[1991],[1991],[1991],[1991],[1991],[1991],[1991],[1991],[1991],[1991],[1991],[1991],[1991],[1991],[1991],[1991],[1991],[1991],[1991],[1991],[1991],[1991],[1991],[1991],[1991],[1991],[1991],[1991],[1991],[1991],[1991],[1991],[1991],[1991],[1991],[1991],[1991],[1991],[1991],[1991],[1991],[1991],[1991],[1991],[1991],[1991],[1991],[1991],[1991],[1991],[1991],[1991],[1991],[1991],[1991],[1991],[1991],[1991],[1991],[1991],[1991],[1991],[1991],[1991],[1991],[1991],[1991],[1991],[1991],[1991],[1991],[1991],[1991],[1991],[1991],[1991],[1991],[1991],[1991],[1991],[1991],[1991],[1991],[1991],[1991],[1991],[1991],[1991],[1991],[1991],[1991]]],[["currentBuffer",[0],[0],[0],[0],[0],[0],[0],[0],[0],[2.002],[2.002],[2.002],[2.002],[2.002],[2.002],[2.002],[2.002],[2.002],[2.002],[2.002],[2.002],[2.002],[2.002],[2.002],[2.002],[2.002],[2.002],[2.002],[2.002],[2.002],[2.002],[2.002],[2.002],[2.002],[2.002],[2.002],[2.002],[2.002],[2.002],[2.002],[2.002],[2.002],[2.002],[2.002],[2.002],[2.002],[2.002],[2.002],[2.002],[2.002],[2.002],[2.002],[2.002],[2.002],[2.002],[2.002],[2.002],[2.002],[2.002],[2.002],[2.002],[2.002],[2.002],[2.002],[2.002],[2.002],[2.002],[2.002],[2.002],[2.002],[2.002],[2.002],[2.002],[2.002],[2.002],[2.002],[2.002],[2.002],[2.002],[2.002],[2.002],[2.002],[2.002],[2.002],[2.002],[2.002],[2.002],[2.002],[2.002],[2.002],[2.002],[2.002],[2.002],[2.002],[2.002],[2.002],[2.002],[2.002],[2.002],[2.002],[2.002],[2.002],[2.002],[2.002],[2.002],[2.002],[2.002],[2.002],[2.002],[2.002],[2.002],[2.002],[2.002],[2.002],[2.002],[2.002],[2.002],[2.002],[2.002]]],[["currentLatency",[null],[0],[0],[0],[0],[0],[0],[0],[0],[15.614],[16.614],[17.616],[18.614],[19.614],[20.614],[21.616],[22.614],[23.616],[24.614],[25.614],[26.614],[27.614],[28.616],[29.614],[30.614],[31.614],[32.614],[33.614],[34.614],[35.614],[36.614],[37.614],[38.614],[39.614],[40.614],[41.614],[42.614],[43.614],[44.614],[45.614],[46.614],[47.614],[48.614],[49.614],[50.614],[51.614],[52.614],[53.614],[54.614],[55.614],[56.614],[57.614],[58.614],[59.614],[60.615],[61.614],[62.614],[63.614],[64.615],[65.615],[66.615],[67.615],[68.615],[69.615],[70.615],[71.615],[72.615],[73.615],[74.615],[75.615],[76.615],[77.615],[78.615],[79.615],[80.615],[81.615],[82.615],[83.615],[84.615],[85.615],[86.615],[87.615],[88.615],[89.614],[90.614],[91.614],[92.614],[93.614],[94.614],[95.614],[96.614],[97.614],[98.614],[99.614],[100.614],[101.614],[102.614],[103.614],[104.614],[105.614],[106.614],[107.614],[108.614],[109.614],[110.614],[111.614],[112.614],[113.614],[114.614],[115.614],[116.614],[117.614],[118.614],[119.614],[120.614],[121.614],[122.614],[123.614],[124.614]]]]", source: file:///home/seluser/ppt/player/dashjs/index.html (115)
[155:155:0108/154654.815247:INFO:CONSOLE(116)] "
", source: file:///home/seluser/ppt/player/dashjs/index.html (116)
[155:155:0108/154654.815289:INFO:CONSOLE(117)] "Finish Player stistics 
", source: file:///home/seluser/ppt/player/dashjs/index.html (117)
[155:155:0108/154654.815418:INFO:CONSOLE(128)] "currentLatencynow: 125.615", source: file:///home/seluser/ppt/player/dashjs/index.html (128)
[155:155:0108/154655.814832:INFO:CONSOLE(128)] "currentLatencynow: 126.614", source: file:///home/seluser/ppt/player/dashjs/index.html (128)
[155:155:0108/154656.814901:INFO:CONSOLE(128)] "currentLatencynow: 127.614", source: file:///home/seluser/ppt/player/dashjs/index.html (128)
[155:155:0108/154657.814838:INFO:CONSOLE(128)] "currentLatencynow: 128.613", source: file:///home/seluser/ppt/player/dashjs/index.html (128)
[155:155:0108/154658.814884:INFO:CONSOLE(128)] "currentLatencynow: 129.613", source: file:///home/seluser/ppt/player/dashjs/index.html (128)
[155:155:0108/154659.814825:INFO:CONSOLE(128)] "currentLatencynow: 130.613", source: file:///home/seluser/ppt/player/dashjs/index.html (128)
[155:155:0108/154700.814837:INFO:CONSOLE(128)] "currentLatencynow: 131.613", source: file:///home/seluser/ppt/player/dashjs/index.html (128)
[155:155:0108/154701.814822:INFO:CONSOLE(128)] "currentLatencynow: 132.613", source: file:///home/seluser/ppt/player/dashjs/index.html (128)
[155:155:0108/154702.814836:INFO:CONSOLE(128)] "currentLatencynow: 133.613", source: file:///home/seluser/ppt/player/dashjs/index.html (128)
[155:155:0108/154703.814833:INFO:CONSOLE(128)] "currentLatencynow: 134.613", source: file:///home/seluser/ppt/player/dashjs/index.html (128)
[155:155:0108/154704.814847:INFO:CONSOLE(128)] "currentLatencynow: 135.613", source: file:///home/seluser/ppt/player/dashjs/index.html (128)
[155:155:0108/154705.814870:INFO:CONSOLE(128)] "currentLatencynow: 136.613", source: file:///home/seluser/ppt/player/dashjs/index.html (128)
[155:155:0108/154706.814823:INFO:CONSOLE(128)] "currentLatencynow: 137.613", source: file:///home/seluser/ppt/player/dashjs/index.html (128)
[155:155:0108/154707.814820:INFO:CONSOLE(128)] "currentLatencynow: 138.613", source: file:///home/seluser/ppt/player/dashjs/index.html (128)
[155:155:0108/154708.814817:INFO:CONSOLE(128)] "currentLatencynow: 139.613", source: file:///home/seluser/ppt/player/dashjs/index.html (128)
[155:155:0108/154709.814830:INFO:CONSOLE(128)] "currentLatencynow: 140.613", source: file:///home/seluser/ppt/player/dashjs/index.html (128)
[155:155:0108/154710.814807:INFO:CONSOLE(128)] "currentLatencynow: 141.613", source: file:///home/seluser/ppt/player/dashjs/index.html (128)
[155:155:0108/154711.814855:INFO:CONSOLE(128)] "currentLatencynow: 142.613", source: file:///home/seluser/ppt/player/dashjs/index.html (128)
[155:155:0108/154712.814887:INFO:CONSOLE(128)] "currentLatencynow: 143.613", source: file:///home/seluser/ppt/player/dashjs/index.html (128)
[155:155:0108/154713.814869:INFO:CONSOLE(128)] "currentLatencynow: 144.613", source: file:///home/seluser/ppt/player/dashjs/index.html (128)
[155:155:0108/154714.814838:INFO:CONSOLE(128)] "currentLatencynow: 145.613", source: file:///home/seluser/ppt/player/dashjs/index.html (128)
[155:155:0108/154715.355618:WARNING:pref_notifier_impl.cc(40)] Pref observer for media_router.cast_allow_all_ips found at shutdown.
