[156:220:0108/155758.550275:ERROR:bus.cc(392)] Failed to connect to the bus: Failed to connect to socket /var/run/dbus/system_bus_socket: No such file or directory
[156:183:0108/155758.552605:ERROR:bus.cc(392)] Failed to connect to the bus: Address does not contain a colon
[156:183:0108/155758.552652:ERROR:bus.cc(392)] Failed to connect to the bus: Address does not contain a colon
[224:224:0108/155758.574888:ERROR:gpu_init.cc(453)] Passthrough is not supported, GL is swiftshader, ANGLE is 
[156:183:0108/155758.584978:ERROR:bus.cc(392)] Failed to connect to the bus: Address does not contain a colon
[156:183:0108/155758.585123:ERROR:bus.cc(392)] Failed to connect to the bus: Address does not contain a colon
[156:183:0108/155758.653652:ERROR:bus.cc(392)] Failed to connect to the bus: Address does not contain a colon
[156:183:0108/155758.653686:ERROR:bus.cc(392)] Failed to connect to the bus: Address does not contain a colon
[156:317:0108/155758.760294:ERROR:bus.cc(392)] Failed to connect to the bus: Failed to connect to socket /var/run/dbus/system_bus_socket: No such file or directory
[156:317:0108/155758.763418:ERROR:bus.cc(392)] Failed to connect to the bus: Failed to connect to socket /var/run/dbus/system_bus_socket: No such file or directory
[156:317:0108/155758.763496:ERROR:bus.cc(392)] Failed to connect to the bus: Failed to connect to socket /var/run/dbus/system_bus_socket: No such file or directory
[156:317:0108/155758.763516:WARNING:property.cc(144)] DaemonVersion: GetAndBlock: failed.
[156:317:0108/155758.763543:ERROR:bus.cc(392)] Failed to connect to the bus: Failed to connect to socket /var/run/dbus/system_bus_socket: No such file or directory
[156:317:0108/155758.763573:ERROR:bus.cc(392)] Failed to connect to the bus: Failed to connect to socket /var/run/dbus/system_bus_socket: No such file or directory
[156:156:0108/155800.589526:INFO:CONSOLE(128)] "currentLatencynow: NaN", source: file:///home/seluser/ppt/player/dashjs/index.html (128)
[156:156:0108/155801.589040:INFO:CONSOLE(128)] "currentLatencynow: 0", source: file:///home/seluser/ppt/player/dashjs/index.html (128)
[156:257:0108/155801.789428:ERROR:chrome_browser_main_extra_parts_metrics.cc(228)] crbug.com/1216328: Checking Bluetooth availability started. Please report if there is no report that this ends.
[156:257:0108/155801.789454:ERROR:chrome_browser_main_extra_parts_metrics.cc(231)] crbug.com/1216328: Checking Bluetooth availability ended.
[156:257:0108/155801.789462:ERROR:chrome_browser_main_extra_parts_metrics.cc(234)] crbug.com/1216328: Checking default browser status started. Please report if there is no report that this ends.
[156:257:0108/155801.985106:ERROR:chrome_browser_main_extra_parts_metrics.cc(238)] crbug.com/1216328: Checking default browser status ended.
[540:540:0108/155802.323442:WARNING:audio_manager_linux.cc(69)] Falling back to ALSA for audio output. PulseAudio is not available or could not be initialized.
[540:540:0108/155802.330471:ERROR:alsa_util.cc(204)] PcmOpen: default,No such file or directory
[540:540:0108/155802.330552:ERROR:alsa_util.cc(204)] PcmOpen: plug:default,No such file or directory
[156:156:0108/155802.590788:INFO:CONSOLE(128)] "currentLatencynow: 7.257", source: file:///home/seluser/ppt/player/dashjs/index.html (128)
[156:156:0108/155803.588954:INFO:CONSOLE(128)] "currentLatencynow: 8.256", source: file:///home/seluser/ppt/player/dashjs/index.html (128)
[156:156:0108/155804.589097:INFO:CONSOLE(128)] "currentLatencynow: 9.256", source: file:///home/seluser/ppt/player/dashjs/index.html (128)
[156:183:0108/155805.146073:ERROR:bus.cc(392)] Failed to connect to the bus: Address does not contain a colon
[156:183:0108/155805.146130:ERROR:bus.cc(392)] Failed to connect to the bus: Address does not contain a colon
[156:183:0108/155805.146167:ERROR:bus.cc(392)] Failed to connect to the bus: Address does not contain a colon
[156:183:0108/155805.146798:ERROR:bus.cc(392)] Failed to connect to the bus: Address does not contain a colon
[156:183:0108/155805.146848:ERROR:bus.cc(392)] Failed to connect to the bus: Address does not contain a colon
[156:183:0108/155805.146892:ERROR:bus.cc(392)] Failed to connect to the bus: Address does not contain a colon
[156:183:0108/155805.146920:ERROR:bus.cc(392)] Failed to connect to the bus: Address does not contain a colon
[156:183:0108/155805.146944:ERROR:bus.cc(392)] Failed to connect to the bus: Address does not contain a colon
[156:183:0108/155805.146969:ERROR:bus.cc(392)] Failed to connect to the bus: Address does not contain a colon
[156:183:0108/155805.146996:ERROR:bus.cc(392)] Failed to connect to the bus: Address does not contain a colon
[156:183:0108/155805.147021:ERROR:bus.cc(392)] Failed to connect to the bus: Address does not contain a colon
[156:183:0108/155805.147045:ERROR:bus.cc(392)] Failed to connect to the bus: Address does not contain a colon
[156:183:0108/155805.147070:ERROR:bus.cc(392)] Failed to connect to the bus: Address does not contain a colon
[156:183:0108/155805.147093:ERROR:bus.cc(392)] Failed to connect to the bus: Address does not contain a colon
[156:183:0108/155805.147118:ERROR:bus.cc(392)] Failed to connect to the bus: Address does not contain a colon
[156:183:0108/155805.147126:ERROR:bus.cc(392)] Failed to connect to the bus: Address does not contain a colon
[156:183:0108/155805.147137:ERROR:bus.cc(392)] Failed to connect to the bus: Address does not contain a colon
[156:183:0108/155805.216469:ERROR:bus.cc(392)] Failed to connect to the bus: Address does not contain a colon
[156:183:0108/155805.216509:ERROR:bus.cc(392)] Failed to connect to the bus: Address does not contain a colon
[156:156:0108/155805.588969:INFO:CONSOLE(128)] "currentLatencynow: 9.827", source: file:///home/seluser/ppt/player/dashjs/index.html (128)
[156:156:0108/155806.588964:INFO:CONSOLE(128)] "currentLatencynow: 9.822", source: file:///home/seluser/ppt/player/dashjs/index.html (128)
[156:156:0108/155807.592125:INFO:CONSOLE(128)] "currentLatencynow: 9.82", source: file:///home/seluser/ppt/player/dashjs/index.html (128)
[156:156:0108/155808.589263:INFO:CONSOLE(128)] "currentLatencynow: 9.88", source: file:///home/seluser/ppt/player/dashjs/index.html (128)
[156:156:0108/155809.588948:INFO:CONSOLE(128)] "currentLatencynow: 9.878", source: file:///home/seluser/ppt/player/dashjs/index.html (128)
[156:156:0108/155810.588953:INFO:CONSOLE(128)] "currentLatencynow: 9.879", source: file:///home/seluser/ppt/player/dashjs/index.html (128)
[156:156:0108/155811.590602:INFO:CONSOLE(128)] "currentLatencynow: 9.878", source: file:///home/seluser/ppt/player/dashjs/index.html (128)
[156:156:0108/155812.589265:INFO:CONSOLE(128)] "currentLatencynow: 9.943", source: file:///home/seluser/ppt/player/dashjs/index.html (128)
[156:156:0108/155813.589056:INFO:CONSOLE(128)] "currentLatencynow: 9.942", source: file:///home/seluser/ppt/player/dashjs/index.html (128)
[156:156:0108/155814.589234:INFO:CONSOLE(128)] "currentLatencynow: 9.977", source: file:///home/seluser/ppt/player/dashjs/index.html (128)
[156:156:0108/155815.589185:INFO:CONSOLE(128)] "currentLatencynow: 9.876", source: file:///home/seluser/ppt/player/dashjs/index.html (128)
[156:156:0108/155816.589209:INFO:CONSOLE(128)] "currentLatencynow: 10.629", source: file:///home/seluser/ppt/player/dashjs/index.html (128)
[156:156:0108/155817.588914:INFO:CONSOLE(128)] "currentLatencynow: 11.629", source: file:///home/seluser/ppt/player/dashjs/index.html (128)
[156:156:0108/155818.589409:INFO:CONSOLE(128)] "currentLatencynow: 11.691", source: file:///home/seluser/ppt/player/dashjs/index.html (128)
[156:156:0108/155819.589314:INFO:CONSOLE(128)] "currentLatencynow: 11.591", source: file:///home/seluser/ppt/player/dashjs/index.html (128)
[156:156:0108/155820.589229:INFO:CONSOLE(128)] "currentLatencynow: 11.491", source: file:///home/seluser/ppt/player/dashjs/index.html (128)
[156:156:0108/155821.589320:INFO:CONSOLE(128)] "currentLatencynow: 11.391", source: file:///home/seluser/ppt/player/dashjs/index.html (128)
[156:156:0108/155822.589311:INFO:CONSOLE(128)] "currentLatencynow: 11.291", source: file:///home/seluser/ppt/player/dashjs/index.html (128)
[156:156:0108/155823.589202:INFO:CONSOLE(128)] "currentLatencynow: 11.191", source: file:///home/seluser/ppt/player/dashjs/index.html (128)
[156:156:0108/155824.590219:INFO:CONSOLE(128)] "currentLatencynow: 11.09", source: file:///home/seluser/ppt/player/dashjs/index.html (128)
[156:156:0108/155825.589341:INFO:CONSOLE(128)] "currentLatencynow: 10.991", source: file:///home/seluser/ppt/player/dashjs/index.html (128)
[156:156:0108/155826.589261:INFO:CONSOLE(128)] "currentLatencynow: 10.891", source: file:///home/seluser/ppt/player/dashjs/index.html (128)
[156:156:0108/155827.589222:INFO:CONSOLE(128)] "currentLatencynow: 10.791", source: file:///home/seluser/ppt/player/dashjs/index.html (128)
[156:156:0108/155828.589270:INFO:CONSOLE(128)] "currentLatencynow: 10.691", source: file:///home/seluser/ppt/player/dashjs/index.html (128)
[156:156:0108/155829.589257:INFO:CONSOLE(128)] "currentLatencynow: 10.591", source: file:///home/seluser/ppt/player/dashjs/index.html (128)
[156:156:0108/155830.589297:INFO:CONSOLE(128)] "currentLatencynow: 10.599", source: file:///home/seluser/ppt/player/dashjs/index.html (128)
[156:156:0108/155834.426484:INFO:CONSOLE(128)] "currentLatencynow: 11.599", source: file:///home/seluser/ppt/player/dashjs/index.html (128)
[156:156:0108/155834.426559:INFO:CONSOLE(128)] "currentLatencynow: 12.599", source: file:///home/seluser/ppt/player/dashjs/index.html (128)
[156:156:0108/155834.426613:INFO:CONSOLE(128)] "currentLatencynow: 13.599", source: file:///home/seluser/ppt/player/dashjs/index.html (128)
[156:156:0108/155834.589324:INFO:CONSOLE(128)] "currentLatencynow: 14.599", source: file:///home/seluser/ppt/player/dashjs/index.html (128)
[156:156:0108/155835.589241:INFO:CONSOLE(128)] "currentLatencynow: 15.599", source: file:///home/seluser/ppt/player/dashjs/index.html (128)
[156:156:0108/155836.589195:INFO:CONSOLE(128)] "currentLatencynow: 15.726", source: file:///home/seluser/ppt/player/dashjs/index.html (128)
[156:156:0108/155837.589187:INFO:CONSOLE(128)] "currentLatencynow: 15.626", source: file:///home/seluser/ppt/player/dashjs/index.html (128)
[156:156:0108/155838.589366:INFO:CONSOLE(128)] "currentLatencynow: 15.526", source: file:///home/seluser/ppt/player/dashjs/index.html (128)
[156:156:0108/155839.589260:INFO:CONSOLE(128)] "currentLatencynow: 15.426", source: file:///home/seluser/ppt/player/dashjs/index.html (128)
[156:156:0108/155840.589271:INFO:CONSOLE(128)] "currentLatencynow: 15.325", source: file:///home/seluser/ppt/player/dashjs/index.html (128)
[156:156:0108/155841.589241:INFO:CONSOLE(128)] "currentLatencynow: 15.224", source: file:///home/seluser/ppt/player/dashjs/index.html (128)
[156:156:0108/155842.589566:INFO:CONSOLE(128)] "currentLatencynow: 15.125", source: file:///home/seluser/ppt/player/dashjs/index.html (128)
[156:156:0108/155843.589279:INFO:CONSOLE(128)] "currentLatencynow: 15.026", source: file:///home/seluser/ppt/player/dashjs/index.html (128)
[156:156:0108/155844.589780:INFO:CONSOLE(128)] "currentLatencynow: 14.925", source: file:///home/seluser/ppt/player/dashjs/index.html (128)
[156:156:0108/155845.589238:INFO:CONSOLE(128)] "currentLatencynow: 14.825", source: file:///home/seluser/ppt/player/dashjs/index.html (128)
[156:156:0108/155846.589237:INFO:CONSOLE(128)] "currentLatencynow: 14.728", source: file:///home/seluser/ppt/player/dashjs/index.html (128)
[156:156:0108/155847.589220:INFO:CONSOLE(128)] "currentLatencynow: 14.728", source: file:///home/seluser/ppt/player/dashjs/index.html (128)
[156:156:0108/155848.589400:INFO:CONSOLE(128)] "currentLatencynow: 14.728", source: file:///home/seluser/ppt/player/dashjs/index.html (128)
[156:156:0108/155849.589507:INFO:CONSOLE(128)] "currentLatencynow: 14.728", source: file:///home/seluser/ppt/player/dashjs/index.html (128)
[156:156:0108/155850.589424:INFO:CONSOLE(128)] "currentLatencynow: 15.608", source: file:///home/seluser/ppt/player/dashjs/index.html (128)
[156:156:0108/155851.589503:INFO:CONSOLE(128)] "currentLatencynow: 15.987", source: file:///home/seluser/ppt/player/dashjs/index.html (128)
[156:156:0108/155852.589836:INFO:CONSOLE(128)] "currentLatencynow: 15.95", source: file:///home/seluser/ppt/player/dashjs/index.html (128)
[156:156:0108/155853.589502:INFO:CONSOLE(128)] "currentLatencynow: 15.851", source: file:///home/seluser/ppt/player/dashjs/index.html (128)
[156:156:0108/155854.589389:INFO:CONSOLE(128)] "currentLatencynow: 15.749", source: file:///home/seluser/ppt/player/dashjs/index.html (128)
[156:156:0108/155855.589392:INFO:CONSOLE(128)] "currentLatencynow: 15.654", source: file:///home/seluser/ppt/player/dashjs/index.html (128)
[156:156:0108/155856.589533:INFO:CONSOLE(128)] "currentLatencynow: 16.547", source: file:///home/seluser/ppt/player/dashjs/index.html (128)
[156:156:0108/155857.589893:INFO:CONSOLE(128)] "currentLatencynow: 17.3", source: file:///home/seluser/ppt/player/dashjs/index.html (128)
[156:156:0108/155858.589478:INFO:CONSOLE(128)] "currentLatencynow: 17.204", source: file:///home/seluser/ppt/player/dashjs/index.html (128)
[156:156:0108/155859.590296:INFO:CONSOLE(128)] "currentLatencynow: 17.099", source: file:///home/seluser/ppt/player/dashjs/index.html (128)
[156:156:0108/155900.589398:INFO:CONSOLE(128)] "currentLatencynow: 17", source: file:///home/seluser/ppt/player/dashjs/index.html (128)
[156:156:0108/155901.589610:INFO:CONSOLE(128)] "currentLatencynow: 16.899", source: file:///home/seluser/ppt/player/dashjs/index.html (128)
[156:156:0108/155902.589485:INFO:CONSOLE(128)] "currentLatencynow: 16.8", source: file:///home/seluser/ppt/player/dashjs/index.html (128)
[156:156:0108/155903.589417:INFO:CONSOLE(128)] "currentLatencynow: 16.7", source: file:///home/seluser/ppt/player/dashjs/index.html (128)
[156:156:0108/155904.589901:INFO:CONSOLE(128)] "currentLatencynow: 16.6", source: file:///home/seluser/ppt/player/dashjs/index.html (128)
[156:156:0108/155905.589749:INFO:CONSOLE(128)] "currentLatencynow: 16.5", source: file:///home/seluser/ppt/player/dashjs/index.html (128)
[156:156:0108/155906.591607:INFO:CONSOLE(128)] "currentLatencynow: 16.4", source: file:///home/seluser/ppt/player/dashjs/index.html (128)
[156:156:0108/155907.590351:INFO:CONSOLE(128)] "currentLatencynow: 16.3", source: file:///home/seluser/ppt/player/dashjs/index.html (128)
[156:156:0108/155908.589818:INFO:CONSOLE(128)] "currentLatencynow: 16.202", source: file:///home/seluser/ppt/player/dashjs/index.html (128)
[156:156:0108/155909.589547:INFO:CONSOLE(128)] "currentLatencynow: 16.1", source: file:///home/seluser/ppt/player/dashjs/index.html (128)
[156:156:0108/155910.590265:INFO:CONSOLE(128)] "currentLatencynow: 16", source: file:///home/seluser/ppt/player/dashjs/index.html (128)
[156:156:0108/155911.589653:INFO:CONSOLE(128)] "currentLatencynow: 15.9", source: file:///home/seluser/ppt/player/dashjs/index.html (128)
[156:156:0108/155912.589346:INFO:CONSOLE(128)] "currentLatencynow: 15.8", source: file:///home/seluser/ppt/player/dashjs/index.html (128)
[156:156:0108/155913.589688:INFO:CONSOLE(128)] "currentLatencynow: 15.7", source: file:///home/seluser/ppt/player/dashjs/index.html (128)
[156:156:0108/155914.589488:INFO:CONSOLE(128)] "currentLatencynow: 15.6", source: file:///home/seluser/ppt/player/dashjs/index.html (128)
[156:156:0108/155915.589518:INFO:CONSOLE(128)] "currentLatencynow: 15.5", source: file:///home/seluser/ppt/player/dashjs/index.html (128)
[156:156:0108/155916.590203:INFO:CONSOLE(128)] "currentLatencynow: 15.399", source: file:///home/seluser/ppt/player/dashjs/index.html (128)
[156:156:0108/155917.594269:INFO:CONSOLE(128)] "currentLatencynow: 15.333", source: file:///home/seluser/ppt/player/dashjs/index.html (128)
[156:156:0108/155918.589567:INFO:CONSOLE(128)] "currentLatencynow: 15.332", source: file:///home/seluser/ppt/player/dashjs/index.html (128)
[156:156:0108/155919.590735:INFO:CONSOLE(128)] "currentLatencynow: 15.332", source: file:///home/seluser/ppt/player/dashjs/index.html (128)
[156:156:0108/155920.590214:INFO:CONSOLE(128)] "currentLatencynow: 15.578", source: file:///home/seluser/ppt/player/dashjs/index.html (128)
[156:156:0108/155921.589692:INFO:CONSOLE(128)] "currentLatencynow: 16.578", source: file:///home/seluser/ppt/player/dashjs/index.html (128)
[156:156:0108/155922.589841:INFO:CONSOLE(128)] "currentLatencynow: 17.578", source: file:///home/seluser/ppt/player/dashjs/index.html (128)
[156:183:0108/155922.954563:ERROR:bus.cc(392)] Failed to connect to the bus: Address does not contain a colon
[156:183:0108/155922.954600:ERROR:bus.cc(392)] Failed to connect to the bus: Address does not contain a colon
[156:156:0108/155923.589997:INFO:CONSOLE(128)] "currentLatencynow: 17.891", source: file:///home/seluser/ppt/player/dashjs/index.html (128)
[156:156:0108/155924.589109:INFO:CONSOLE(128)] "currentLatencynow: 17.891", source: file:///home/seluser/ppt/player/dashjs/index.html (128)
[156:156:0108/155925.589137:INFO:CONSOLE(128)] "currentLatencynow: 17.891", source: file:///home/seluser/ppt/player/dashjs/index.html (128)
[156:156:0108/155926.592250:INFO:CONSOLE(128)] "currentLatencynow: 17.892", source: file:///home/seluser/ppt/player/dashjs/index.html (128)
[156:156:0108/155927.593261:INFO:CONSOLE(128)] "currentLatencynow: 17.891", source: file:///home/seluser/ppt/player/dashjs/index.html (128)
[156:156:0108/155928.590336:INFO:CONSOLE(128)] "currentLatencynow: 17.823", source: file:///home/seluser/ppt/player/dashjs/index.html (128)
[156:156:0108/155929.589083:INFO:CONSOLE(128)] "currentLatencynow: 17.723", source: file:///home/seluser/ppt/player/dashjs/index.html (128)
[156:156:0108/155930.589278:INFO:CONSOLE(128)] "currentLatencynow: 17.623", source: file:///home/seluser/ppt/player/dashjs/index.html (128)
[156:156:0108/155931.589119:INFO:CONSOLE(128)] "currentLatencynow: 17.523", source: file:///home/seluser/ppt/player/dashjs/index.html (128)
[156:156:0108/155932.589729:INFO:CONSOLE(128)] "currentLatencynow: 17.424", source: file:///home/seluser/ppt/player/dashjs/index.html (128)
[156:156:0108/155933.589343:INFO:CONSOLE(128)] "currentLatencynow: 17.342", source: file:///home/seluser/ppt/player/dashjs/index.html (128)
[156:156:0108/155934.589135:INFO:CONSOLE(128)] "currentLatencynow: 17.341", source: file:///home/seluser/ppt/player/dashjs/index.html (128)
[156:156:0108/155935.589980:INFO:CONSOLE(128)] "currentLatencynow: 17.341", source: file:///home/seluser/ppt/player/dashjs/index.html (128)
[156:156:0108/155936.589115:INFO:CONSOLE(128)] "currentLatencynow: 17.572", source: file:///home/seluser/ppt/player/dashjs/index.html (128)
[156:156:0108/155937.589048:INFO:CONSOLE(128)] "currentLatencynow: 18.572", source: file:///home/seluser/ppt/player/dashjs/index.html (128)
[156:156:0108/155938.589071:INFO:CONSOLE(128)] "currentLatencynow: 18.685", source: file:///home/seluser/ppt/player/dashjs/index.html (128)
[156:156:0108/155939.590845:INFO:CONSOLE(128)] "currentLatencynow: 18.685", source: file:///home/seluser/ppt/player/dashjs/index.html (128)
[156:156:0108/155940.589118:INFO:CONSOLE(128)] "currentLatencynow: 18.685", source: file:///home/seluser/ppt/player/dashjs/index.html (128)
[156:156:0108/155941.589218:INFO:CONSOLE(128)] "currentLatencynow: 18.685", source: file:///home/seluser/ppt/player/dashjs/index.html (128)
[156:156:0108/155942.589165:INFO:CONSOLE(128)] "currentLatencynow: 19.581", source: file:///home/seluser/ppt/player/dashjs/index.html (128)
[156:156:0108/155943.589259:INFO:CONSOLE(128)] "currentLatencynow: 20.581", source: file:///home/seluser/ppt/player/dashjs/index.html (128)
[156:156:0108/155944.589040:INFO:CONSOLE(128)] "currentLatencynow: 20.583", source: file:///home/seluser/ppt/player/dashjs/index.html (128)
[156:156:0108/155945.590013:INFO:CONSOLE(128)] "currentLatencynow: 20.585", source: file:///home/seluser/ppt/player/dashjs/index.html (128)
[156:156:0108/155946.589066:INFO:CONSOLE(128)] "currentLatencynow: 20.605", source: file:///home/seluser/ppt/player/dashjs/index.html (128)
[156:156:0108/155947.589444:INFO:CONSOLE(128)] "currentLatencynow: 20.523", source: file:///home/seluser/ppt/player/dashjs/index.html (128)
[156:156:0108/155948.588929:INFO:CONSOLE(128)] "currentLatencynow: 20.423", source: file:///home/seluser/ppt/player/dashjs/index.html (128)
[156:156:0108/155949.589031:INFO:CONSOLE(128)] "currentLatencynow: 20.323", source: file:///home/seluser/ppt/player/dashjs/index.html (128)
[156:156:0108/155950.589015:INFO:CONSOLE(128)] "currentLatencynow: 20.223", source: file:///home/seluser/ppt/player/dashjs/index.html (128)
[156:156:0108/155951.589015:INFO:CONSOLE(128)] "currentLatencynow: 20.123", source: file:///home/seluser/ppt/player/dashjs/index.html (128)
[156:156:0108/155952.590434:INFO:CONSOLE(128)] "currentLatencynow: 20.024", source: file:///home/seluser/ppt/player/dashjs/index.html (128)
[156:156:0108/155953.589340:INFO:CONSOLE(128)] "currentLatencynow: 19.923", source: file:///home/seluser/ppt/player/dashjs/index.html (128)
[156:156:0108/155954.589054:INFO:CONSOLE(128)] "currentLatencynow: 19.823", source: file:///home/seluser/ppt/player/dashjs/index.html (128)
[156:156:0108/155955.589104:INFO:CONSOLE(128)] "currentLatencynow: 19.723", source: file:///home/seluser/ppt/player/dashjs/index.html (128)
[156:156:0108/155956.589048:INFO:CONSOLE(128)] "currentLatencynow: 19.623", source: file:///home/seluser/ppt/player/dashjs/index.html (128)
[156:156:0108/155957.589077:INFO:CONSOLE(128)] "currentLatencynow: 19.522", source: file:///home/seluser/ppt/player/dashjs/index.html (128)
[156:156:0108/155958.588958:INFO:CONSOLE(128)] "currentLatencynow: 19.423", source: file:///home/seluser/ppt/player/dashjs/index.html (128)
[156:156:0108/155959.589128:INFO:CONSOLE(114)] "Begin Player stistics 
", source: file:///home/seluser/ppt/player/dashjs/index.html (114)
[156:156:0108/155959.589823:INFO:CONSOLE(115)] "["stall",[["2.98","5.95",2.97]],[["8.57","8.82",0.25]],[["12.62","12.87",0.25]],[["14.69","14.94",0.25]],[["16.63","16.88",0.25]],[["31.31","31.56",0.25]],[["50.52","50.77",0.25]],[["56.50","56.75",0.25]],[["81.15","81.40",0.25]],[["97.16","97.41",0.25]],[["102.50","102.75",0.25]],[["availibleBW",[null],[null],[null],[null],[null],[998],[998],[998],[1493],[1984],[2235],[2235],[2382],[2382],[3177],[3177],[3426],[3654],[3654],[3873],[3873],[4173],[4173],[4173],[4624],[5117],[5117],[5117],[5587],[5587],[5587],[5721],[5721],[5721],[5721],[5524],[5283],[5283],[5057],[5057],[4665],[4417],[4417],[4417],[4417],[4132],[4132],[4132],[3751],[3459],[3459],[2986],[2393],[1991],[1991],[1787],[1787],[1586],[1586],[1388],[988],[988],[995],[995],[996],[996],[1180],[1180],[1378],[1648],[1648],[1986],[1986],[2587],[2587],[2587],[2587],[2822],[2822],[3397],[3397],[3662],[3662],[4224],[4620],[4620],[4997],[4997],[5418],[6010],[6010],[5756],[5756],[5756],[5786],[5786],[5527],[5527],[5295],[5295],[5295],[4994],[4994],[4492],[4492],[4183],[3773],[3773],[3379],[3379],[3149],[2566],[2566],[2368],[2368],[1957],[1957],[1957],[1765]]],[["currentBuffer",[0],[0],[0],[0],[0],[0.419],[0],[0],[0],[0.337],[1.339],[0.339],[1.352],[0.352],[1.592],[0.488],[2.016],[4.018],[3.096],[3.999],[2.898],[3.801],[2.701],[1.601],[2.502],[3.404],[2.304],[1.205],[2.106],[1.007],[0],[2],[2],[2],[2],[4.002],[5.227],[4.127],[5.029],[3.929],[4.836],[5.732],[4.633],[3.533],[2.433],[1.333],[0.191],[0],[0],[0],[0],[0.53],[1.474],[2.321],[1.31],[2.21],[1.967],[3.876],[2.778],[3.682],[4.479],[3.483],[4.385],[3.289],[4.187],[3.086],[3.94],[2.889],[3.789],[4.693],[3.592],[4.495],[3.395],[4.297],[3.094],[2.097],[0.996],[0],[0],[0],[0],[0],[0],[0.582],[1.587],[0.585],[1.586],[0.587],[1.546],[2.303],[1.347],[2.249],[1.094],[0.049],[0],[0],[0],[0],[0.375],[0],[0],[0],[0],[1.044],[0.193],[1.197],[2.126],[1.15],[2.001],[0.952],[1.855],[2.756],[1.656],[2.558],[1.458],[4.265],[3.155],[2.162],[1.004]]],[["currentLatency",[null],[0],[7.257],[8.256],[9.256],[9.827],[9.822],[9.82],[9.88],[9.878],[9.879],[9.878],[9.943],[9.942],[9.977],[9.876],[10.629],[11.629],[11.691],[11.591],[11.491],[11.391],[11.291],[11.191],[11.09],[10.991],[10.891],[10.791],[10.691],[10.591],[10.599],[11.599],[12.599],[13.599],[14.599],[15.599],[15.726],[15.626],[15.526],[15.426],[15.325],[15.224],[15.125],[15.026],[14.925],[14.825],[14.728],[14.728],[14.728],[14.728],[15.608],[15.987],[15.95],[15.851],[15.749],[15.654],[16.547],[17.3],[17.204],[17.099],[17],[16.899],[16.8],[16.7],[16.6],[16.5],[16.4],[16.3],[16.202],[16.1],[16],[15.9],[15.8],[15.7],[15.6],[15.5],[15.399],[15.333],[15.332],[15.332],[15.578],[16.578],[17.578],[17.891],[17.891],[17.891],[17.892],[17.891],[17.823],[17.723],[17.623],[17.523],[17.424],[17.342],[17.341],[17.341],[17.572],[18.572],[18.685],[18.685],[18.685],[18.685],[19.581],[20.581],[20.583],[20.585],[20.605],[20.523],[20.423],[20.323],[20.223],[20.123],[20.024],[19.923],[19.823],[19.723],[19.623],[19.522],[19.423]]]]", source: file:///home/seluser/ppt/player/dashjs/index.html (115)
[156:156:0108/155959.590224:INFO:CONSOLE(116)] "
", source: file:///home/seluser/ppt/player/dashjs/index.html (116)
[156:156:0108/155959.590549:INFO:CONSOLE(117)] "Finish Player stistics 
", source: file:///home/seluser/ppt/player/dashjs/index.html (117)
[156:156:0108/155959.590576:INFO:CONSOLE(128)] "currentLatencynow: 19.355", source: file:///home/seluser/ppt/player/dashjs/index.html (128)
[156:156:0108/160000.589009:INFO:CONSOLE(128)] "currentLatencynow: 19.355", source: file:///home/seluser/ppt/player/dashjs/index.html (128)
[156:156:0108/160001.589095:INFO:CONSOLE(128)] "currentLatencynow: 19.413", source: file:///home/seluser/ppt/player/dashjs/index.html (128)
[156:156:0108/160002.588962:INFO:CONSOLE(128)] "currentLatencynow: 20.413", source: file:///home/seluser/ppt/player/dashjs/index.html (128)
[156:156:0108/160003.592325:INFO:CONSOLE(128)] "currentLatencynow: 21.413", source: file:///home/seluser/ppt/player/dashjs/index.html (128)
[156:156:0108/160004.592071:INFO:CONSOLE(128)] "currentLatencynow: 22.414", source: file:///home/seluser/ppt/player/dashjs/index.html (128)
[156:156:0108/160005.589162:INFO:CONSOLE(128)] "currentLatencynow: 23.413", source: file:///home/seluser/ppt/player/dashjs/index.html (128)
[156:156:0108/160006.589541:INFO:CONSOLE(128)] "currentLatencynow: 24.414", source: file:///home/seluser/ppt/player/dashjs/index.html (128)
[156:183:0108/160006.682943:ERROR:bus.cc(392)] Failed to connect to the bus: Address does not contain a colon
[156:183:0108/160006.682994:ERROR:bus.cc(392)] Failed to connect to the bus: Address does not contain a colon
[156:156:0108/160007.589007:INFO:CONSOLE(128)] "currentLatencynow: 24.466", source: file:///home/seluser/ppt/player/dashjs/index.html (128)
[156:156:0108/160008.592053:INFO:CONSOLE(128)] "currentLatencynow: 24.417", source: file:///home/seluser/ppt/player/dashjs/index.html (128)
[156:156:0108/160009.591447:INFO:CONSOLE(128)] "currentLatencynow: 24.328", source: file:///home/seluser/ppt/player/dashjs/index.html (128)
[156:156:0108/160010.589422:INFO:CONSOLE(128)] "currentLatencynow: 24.217", source: file:///home/seluser/ppt/player/dashjs/index.html (128)
[156:156:0108/160011.588956:INFO:CONSOLE(128)] "currentLatencynow: 24.118", source: file:///home/seluser/ppt/player/dashjs/index.html (128)
[156:156:0108/160012.591207:INFO:CONSOLE(128)] "currentLatencynow: 24.017", source: file:///home/seluser/ppt/player/dashjs/index.html (128)
[156:156:0108/160013.589172:INFO:CONSOLE(128)] "currentLatencynow: 23.917", source: file:///home/seluser/ppt/player/dashjs/index.html (128)
[156:156:0108/160014.590809:INFO:CONSOLE(128)] "currentLatencynow: 23.817", source: file:///home/seluser/ppt/player/dashjs/index.html (128)
[156:156:0108/160015.590679:INFO:CONSOLE(128)] "currentLatencynow: 23.717", source: file:///home/seluser/ppt/player/dashjs/index.html (128)
[156:156:0108/160016.589105:INFO:CONSOLE(128)] "currentLatencynow: 23.617", source: file:///home/seluser/ppt/player/dashjs/index.html (128)
[156:156:0108/160017.589086:INFO:CONSOLE(128)] "currentLatencynow: 23.517", source: file:///home/seluser/ppt/player/dashjs/index.html (128)
[156:156:0108/160018.588765:INFO:CONSOLE(128)] "currentLatencynow: 23.417", source: file:///home/seluser/ppt/player/dashjs/index.html (128)
[156:156:0108/160019.589320:INFO:CONSOLE(128)] "currentLatencynow: 23.34", source: file:///home/seluser/ppt/player/dashjs/index.html (128)
