[155:219:0108/155100.545449:ERROR:bus.cc(392)] Failed to connect to the bus: Failed to connect to socket /var/run/dbus/system_bus_socket: No such file or directory
[155:182:0108/155100.547142:ERROR:bus.cc(392)] Failed to connect to the bus: Address does not contain a colon
[155:182:0108/155100.547168:ERROR:bus.cc(392)] Failed to connect to the bus: Address does not contain a colon
[155:182:0108/155100.561407:ERROR:bus.cc(392)] Failed to connect to the bus: Address does not contain a colon
[155:182:0108/155100.561454:ERROR:bus.cc(392)] Failed to connect to the bus: Address does not contain a colon
[225:225:0108/155100.562791:ERROR:gpu_init.cc(453)] Passthrough is not supported, GL is swiftshader, ANGLE is 
[155:182:0108/155100.591768:ERROR:bus.cc(392)] Failed to connect to the bus: Address does not contain a colon
[155:182:0108/155100.591826:ERROR:bus.cc(392)] Failed to connect to the bus: Address does not contain a colon
[155:312:0108/155100.687840:ERROR:bus.cc(392)] Failed to connect to the bus: Failed to connect to socket /var/run/dbus/system_bus_socket: No such file or directory
[155:312:0108/155100.687918:ERROR:bus.cc(392)] Failed to connect to the bus: Failed to connect to socket /var/run/dbus/system_bus_socket: No such file or directory
[155:312:0108/155100.687972:ERROR:bus.cc(392)] Failed to connect to the bus: Failed to connect to socket /var/run/dbus/system_bus_socket: No such file or directory
[155:312:0108/155100.687996:WARNING:property.cc(144)] DaemonVersion: GetAndBlock: failed.
[155:312:0108/155100.688032:ERROR:bus.cc(392)] Failed to connect to the bus: Failed to connect to socket /var/run/dbus/system_bus_socket: No such file or directory
[155:312:0108/155100.688067:ERROR:bus.cc(392)] Failed to connect to the bus: Failed to connect to socket /var/run/dbus/system_bus_socket: No such file or directory
[358:358:0108/155102.155760:WARNING:audio_manager_linux.cc(69)] Falling back to ALSA for audio output. PulseAudio is not available or could not be initialized.
[358:358:0108/155102.160695:ERROR:alsa_util.cc(204)] PcmOpen: default,No such file or directory
[358:358:0108/155102.160796:ERROR:alsa_util.cc(204)] PcmOpen: plug:default,No such file or directory
[155:155:0108/155102.252098:INFO:CONSOLE(128)] "currentLatencynow: 6.309", source: file:///home/seluser/ppt/player/dashjs/index.html (128)
[155:155:0108/155103.251898:INFO:CONSOLE(128)] "currentLatencynow: 7.309", source: file:///home/seluser/ppt/player/dashjs/index.html (128)
[155:242:0108/155103.654024:ERROR:chrome_browser_main_extra_parts_metrics.cc(228)] crbug.com/1216328: Checking Bluetooth availability started. Please report if there is no report that this ends.
[155:242:0108/155103.654063:ERROR:chrome_browser_main_extra_parts_metrics.cc(231)] crbug.com/1216328: Checking Bluetooth availability ended.
[155:242:0108/155103.654076:ERROR:chrome_browser_main_extra_parts_metrics.cc(234)] crbug.com/1216328: Checking default browser status started. Please report if there is no report that this ends.
[155:242:0108/155103.730692:ERROR:chrome_browser_main_extra_parts_metrics.cc(238)] crbug.com/1216328: Checking default browser status ended.
[155:155:0108/155104.251768:INFO:CONSOLE(128)] "currentLatencynow: 8.309", source: file:///home/seluser/ppt/player/dashjs/index.html (128)
[155:182:0108/155104.724937:ERROR:bus.cc(392)] Failed to connect to the bus: Address does not contain a colon
[155:182:0108/155104.724999:ERROR:bus.cc(392)] Failed to connect to the bus: Address does not contain a colon
[155:182:0108/155104.725027:ERROR:bus.cc(392)] Failed to connect to the bus: Address does not contain a colon
[155:182:0108/155104.725056:ERROR:bus.cc(392)] Failed to connect to the bus: Address does not contain a colon
[155:182:0108/155104.725065:ERROR:bus.cc(392)] Failed to connect to the bus: Address does not contain a colon
[155:182:0108/155104.725074:ERROR:bus.cc(392)] Failed to connect to the bus: Address does not contain a colon
[155:182:0108/155104.725083:ERROR:bus.cc(392)] Failed to connect to the bus: Address does not contain a colon
[155:182:0108/155104.725112:ERROR:bus.cc(392)] Failed to connect to the bus: Address does not contain a colon
[155:182:0108/155104.725148:ERROR:bus.cc(392)] Failed to connect to the bus: Address does not contain a colon
[155:182:0108/155104.725178:ERROR:bus.cc(392)] Failed to connect to the bus: Address does not contain a colon
[155:182:0108/155104.725203:ERROR:bus.cc(392)] Failed to connect to the bus: Address does not contain a colon
[155:182:0108/155104.725212:ERROR:bus.cc(392)] Failed to connect to the bus: Address does not contain a colon
[155:182:0108/155104.725221:ERROR:bus.cc(392)] Failed to connect to the bus: Address does not contain a colon
[155:182:0108/155104.725250:ERROR:bus.cc(392)] Failed to connect to the bus: Address does not contain a colon
[155:182:0108/155104.730020:ERROR:bus.cc(392)] Failed to connect to the bus: Address does not contain a colon
[155:182:0108/155104.730059:ERROR:bus.cc(392)] Failed to connect to the bus: Address does not contain a colon
[155:182:0108/155104.730080:ERROR:bus.cc(392)] Failed to connect to the bus: Address does not contain a colon
[155:182:0108/155104.765479:ERROR:bus.cc(392)] Failed to connect to the bus: Address does not contain a colon
[155:182:0108/155104.765559:ERROR:bus.cc(392)] Failed to connect to the bus: Address does not contain a colon
[155:155:0108/155105.251736:INFO:CONSOLE(128)] "currentLatencynow: 8.799", source: file:///home/seluser/ppt/player/dashjs/index.html (128)
[155:155:0108/155106.251737:INFO:CONSOLE(128)] "currentLatencynow: 8.7", source: file:///home/seluser/ppt/player/dashjs/index.html (128)
[155:155:0108/155107.251709:INFO:CONSOLE(128)] "currentLatencynow: 8.694", source: file:///home/seluser/ppt/player/dashjs/index.html (128)
[155:155:0108/155108.251747:INFO:CONSOLE(128)] "currentLatencynow: 8.694", source: file:///home/seluser/ppt/player/dashjs/index.html (128)
[155:155:0108/155109.251839:INFO:CONSOLE(128)] "currentLatencynow: 8.694", source: file:///home/seluser/ppt/player/dashjs/index.html (128)
[155:155:0108/155110.251795:INFO:CONSOLE(128)] "currentLatencynow: 8.694", source: file:///home/seluser/ppt/player/dashjs/index.html (128)
[155:155:0108/155111.251672:INFO:CONSOLE(128)] "currentLatencynow: 8.694", source: file:///home/seluser/ppt/player/dashjs/index.html (128)
[155:155:0108/155112.251688:INFO:CONSOLE(128)] "currentLatencynow: 8.649", source: file:///home/seluser/ppt/player/dashjs/index.html (128)
[155:155:0108/155113.251707:INFO:CONSOLE(128)] "currentLatencynow: 8.549", source: file:///home/seluser/ppt/player/dashjs/index.html (128)
[155:155:0108/155114.251712:INFO:CONSOLE(128)] "currentLatencynow: 8.449", source: file:///home/seluser/ppt/player/dashjs/index.html (128)
[155:155:0108/155115.251764:INFO:CONSOLE(128)] "currentLatencynow: 8.349", source: file:///home/seluser/ppt/player/dashjs/index.html (128)
[155:155:0108/155116.251755:INFO:CONSOLE(128)] "currentLatencynow: 8.249", source: file:///home/seluser/ppt/player/dashjs/index.html (128)
[155:155:0108/155117.251762:INFO:CONSOLE(128)] "currentLatencynow: 8.149", source: file:///home/seluser/ppt/player/dashjs/index.html (128)
[155:155:0108/155118.251794:INFO:CONSOLE(128)] "currentLatencynow: 8.049", source: file:///home/seluser/ppt/player/dashjs/index.html (128)
[155:155:0108/155119.251344:INFO:CONSOLE(128)] "currentLatencynow: 7.949", source: file:///home/seluser/ppt/player/dashjs/index.html (128)
[155:155:0108/155120.251384:INFO:CONSOLE(128)] "currentLatencynow: 7.849", source: file:///home/seluser/ppt/player/dashjs/index.html (128)
[155:155:0108/155121.251334:INFO:CONSOLE(128)] "currentLatencynow: 7.749", source: file:///home/seluser/ppt/player/dashjs/index.html (128)
[155:155:0108/155122.251363:INFO:CONSOLE(128)] "currentLatencynow: 7.649", source: file:///home/seluser/ppt/player/dashjs/index.html (128)
[155:155:0108/155123.251376:INFO:CONSOLE(128)] "currentLatencynow: 7.549", source: file:///home/seluser/ppt/player/dashjs/index.html (128)
[155:155:0108/155124.251374:INFO:CONSOLE(128)] "currentLatencynow: 7.449", source: file:///home/seluser/ppt/player/dashjs/index.html (128)
[155:155:0108/155125.251365:INFO:CONSOLE(128)] "currentLatencynow: 7.395", source: file:///home/seluser/ppt/player/dashjs/index.html (128)
[155:155:0108/155126.251351:INFO:CONSOLE(128)] "currentLatencynow: 7.395", source: file:///home/seluser/ppt/player/dashjs/index.html (128)
[155:155:0108/155127.251383:INFO:CONSOLE(128)] "currentLatencynow: 7.395", source: file:///home/seluser/ppt/player/dashjs/index.html (128)
[155:155:0108/155128.251314:INFO:CONSOLE(128)] "currentLatencynow: 7.395", source: file:///home/seluser/ppt/player/dashjs/index.html (128)
[155:155:0108/155129.251356:INFO:CONSOLE(128)] "currentLatencynow: 7.335", source: file:///home/seluser/ppt/player/dashjs/index.html (128)
[155:155:0108/155130.251382:INFO:CONSOLE(128)] "currentLatencynow: 7.235", source: file:///home/seluser/ppt/player/dashjs/index.html (128)
[155:155:0108/155131.251359:INFO:CONSOLE(128)] "currentLatencynow: 7.135", source: file:///home/seluser/ppt/player/dashjs/index.html (128)
[155:155:0108/155132.251415:INFO:CONSOLE(128)] "currentLatencynow: 7.035", source: file:///home/seluser/ppt/player/dashjs/index.html (128)
[155:155:0108/155133.251460:INFO:CONSOLE(128)] "currentLatencynow: 6.935", source: file:///home/seluser/ppt/player/dashjs/index.html (128)
[155:155:0108/155134.251380:INFO:CONSOLE(128)] "currentLatencynow: 6.835", source: file:///home/seluser/ppt/player/dashjs/index.html (128)
[155:155:0108/155135.252262:INFO:CONSOLE(128)] "currentLatencynow: 6.734", source: file:///home/seluser/ppt/player/dashjs/index.html (128)
[155:155:0108/155136.251427:INFO:CONSOLE(128)] "currentLatencynow: 6.635", source: file:///home/seluser/ppt/player/dashjs/index.html (128)
[155:155:0108/155137.251351:INFO:CONSOLE(128)] "currentLatencynow: 6.535", source: file:///home/seluser/ppt/player/dashjs/index.html (128)
[155:155:0108/155138.251384:INFO:CONSOLE(128)] "currentLatencynow: 6.456", source: file:///home/seluser/ppt/player/dashjs/index.html (128)
[155:155:0108/155139.251369:INFO:CONSOLE(128)] "currentLatencynow: 6.456", source: file:///home/seluser/ppt/player/dashjs/index.html (128)
[155:155:0108/155140.251367:INFO:CONSOLE(128)] "currentLatencynow: 6.456", source: file:///home/seluser/ppt/player/dashjs/index.html (128)
[155:155:0108/155141.251430:INFO:CONSOLE(128)] "currentLatencynow: 6.456", source: file:///home/seluser/ppt/player/dashjs/index.html (128)
[155:155:0108/155142.251338:INFO:CONSOLE(128)] "currentLatencynow: 6.456", source: file:///home/seluser/ppt/player/dashjs/index.html (128)
[155:155:0108/155143.251312:INFO:CONSOLE(128)] "currentLatencynow: 6.456", source: file:///home/seluser/ppt/player/dashjs/index.html (128)
[155:155:0108/155144.251327:INFO:CONSOLE(128)] "currentLatencynow: 6.456", source: file:///home/seluser/ppt/player/dashjs/index.html (128)
[155:155:0108/155145.251383:INFO:CONSOLE(128)] "currentLatencynow: 6.456", source: file:///home/seluser/ppt/player/dashjs/index.html (128)
[155:155:0108/155146.251327:INFO:CONSOLE(128)] "currentLatencynow: 6.456", source: file:///home/seluser/ppt/player/dashjs/index.html (128)
[155:155:0108/155147.251357:INFO:CONSOLE(128)] "currentLatencynow: 6.456", source: file:///home/seluser/ppt/player/dashjs/index.html (128)
[155:155:0108/155148.251328:INFO:CONSOLE(128)] "currentLatencynow: 6.456", source: file:///home/seluser/ppt/player/dashjs/index.html (128)
[155:155:0108/155149.250838:INFO:CONSOLE(128)] "currentLatencynow: 6.455", source: file:///home/seluser/ppt/player/dashjs/index.html (128)
[155:155:0108/155150.250793:INFO:CONSOLE(128)] "currentLatencynow: 6.455", source: file:///home/seluser/ppt/player/dashjs/index.html (128)
[155:155:0108/155151.250769:INFO:CONSOLE(128)] "currentLatencynow: 6.455", source: file:///home/seluser/ppt/player/dashjs/index.html (128)
[155:155:0108/155152.250819:INFO:CONSOLE(128)] "currentLatencynow: 6.455", source: file:///home/seluser/ppt/player/dashjs/index.html (128)
[155:155:0108/155153.250849:INFO:CONSOLE(128)] "currentLatencynow: 6.455", source: file:///home/seluser/ppt/player/dashjs/index.html (128)
[155:155:0108/155154.250871:INFO:CONSOLE(128)] "currentLatencynow: 6.434", source: file:///home/seluser/ppt/player/dashjs/index.html (128)
[155:155:0108/155155.250875:INFO:CONSOLE(128)] "currentLatencynow: 6.334", source: file:///home/seluser/ppt/player/dashjs/index.html (128)
[155:155:0108/155156.250819:INFO:CONSOLE(128)] "currentLatencynow: 6.234", source: file:///home/seluser/ppt/player/dashjs/index.html (128)
[155:155:0108/155157.250876:INFO:CONSOLE(128)] "currentLatencynow: 6.134", source: file:///home/seluser/ppt/player/dashjs/index.html (128)
[155:155:0108/155158.250792:INFO:CONSOLE(128)] "currentLatencynow: 6.109", source: file:///home/seluser/ppt/player/dashjs/index.html (128)
[155:155:0108/155159.250832:INFO:CONSOLE(128)] "currentLatencynow: 6.109", source: file:///home/seluser/ppt/player/dashjs/index.html (128)
[155:155:0108/155200.250853:INFO:CONSOLE(128)] "currentLatencynow: 6.536", source: file:///home/seluser/ppt/player/dashjs/index.html (128)
[155:155:0108/155201.250826:INFO:CONSOLE(128)] "currentLatencynow: 6.536", source: file:///home/seluser/ppt/player/dashjs/index.html (128)
[155:155:0108/155202.250845:INFO:CONSOLE(128)] "currentLatencynow: 6.536", source: file:///home/seluser/ppt/player/dashjs/index.html (128)
[155:155:0108/155203.250844:INFO:CONSOLE(128)] "currentLatencynow: 6.536", source: file:///home/seluser/ppt/player/dashjs/index.html (128)
[155:155:0108/155204.250829:INFO:CONSOLE(128)] "currentLatencynow: 6.536", source: file:///home/seluser/ppt/player/dashjs/index.html (128)
[155:155:0108/155205.250978:INFO:CONSOLE(128)] "currentLatencynow: 6.536", source: file:///home/seluser/ppt/player/dashjs/index.html (128)
[155:155:0108/155206.251295:INFO:CONSOLE(128)] "currentLatencynow: 6.536", source: file:///home/seluser/ppt/player/dashjs/index.html (128)
[155:155:0108/155207.250765:INFO:CONSOLE(128)] "currentLatencynow: 6.536", source: file:///home/seluser/ppt/player/dashjs/index.html (128)
[155:155:0108/155208.250824:INFO:CONSOLE(128)] "currentLatencynow: 6.517", source: file:///home/seluser/ppt/player/dashjs/index.html (128)
[155:155:0108/155209.250864:INFO:CONSOLE(128)] "currentLatencynow: 6.417", source: file:///home/seluser/ppt/player/dashjs/index.html (128)
[155:155:0108/155210.250792:INFO:CONSOLE(128)] "currentLatencynow: 6.317", source: file:///home/seluser/ppt/player/dashjs/index.html (128)
[155:155:0108/155211.250809:INFO:CONSOLE(128)] "currentLatencynow: 6.217", source: file:///home/seluser/ppt/player/dashjs/index.html (128)
[155:155:0108/155212.250949:INFO:CONSOLE(128)] "currentLatencynow: 6.117", source: file:///home/seluser/ppt/player/dashjs/index.html (128)
[155:155:0108/155213.250800:INFO:CONSOLE(128)] "currentLatencynow: 6.017", source: file:///home/seluser/ppt/player/dashjs/index.html (128)
[155:155:0108/155214.250867:INFO:CONSOLE(128)] "currentLatencynow: 5.917", source: file:///home/seluser/ppt/player/dashjs/index.html (128)
[155:155:0108/155215.250857:INFO:CONSOLE(128)] "currentLatencynow: 5.817", source: file:///home/seluser/ppt/player/dashjs/index.html (128)
[155:155:0108/155216.250848:INFO:CONSOLE(128)] "currentLatencynow: 5.717", source: file:///home/seluser/ppt/player/dashjs/index.html (128)
[155:155:0108/155217.250846:INFO:CONSOLE(128)] "currentLatencynow: 5.617", source: file:///home/seluser/ppt/player/dashjs/index.html (128)
[155:155:0108/155218.250868:INFO:CONSOLE(128)] "currentLatencynow: 5.517", source: file:///home/seluser/ppt/player/dashjs/index.html (128)
[155:155:0108/155219.250549:INFO:CONSOLE(128)] "currentLatencynow: 5.417", source: file:///home/seluser/ppt/player/dashjs/index.html (128)
[155:155:0108/155220.250528:INFO:CONSOLE(128)] "currentLatencynow: 5.317", source: file:///home/seluser/ppt/player/dashjs/index.html (128)
[155:155:0108/155221.250492:INFO:CONSOLE(128)] "currentLatencynow: 5.26", source: file:///home/seluser/ppt/player/dashjs/index.html (128)
[155:155:0108/155222.250539:INFO:CONSOLE(128)] "currentLatencynow: 5.26", source: file:///home/seluser/ppt/player/dashjs/index.html (128)
[155:155:0108/155223.250514:INFO:CONSOLE(128)] "currentLatencynow: 5.26", source: file:///home/seluser/ppt/player/dashjs/index.html (128)
[155:155:0108/155224.250583:INFO:CONSOLE(128)] "currentLatencynow: 5.26", source: file:///home/seluser/ppt/player/dashjs/index.html (128)
[155:155:0108/155225.250512:INFO:CONSOLE(128)] "currentLatencynow: 5.26", source: file:///home/seluser/ppt/player/dashjs/index.html (128)
[155:155:0108/155226.250557:INFO:CONSOLE(128)] "currentLatencynow: 5.26", source: file:///home/seluser/ppt/player/dashjs/index.html (128)
[155:155:0108/155227.250529:INFO:CONSOLE(128)] "currentLatencynow: 5.242", source: file:///home/seluser/ppt/player/dashjs/index.html (128)
[155:155:0108/155228.250502:INFO:CONSOLE(128)] "currentLatencynow: 5.142", source: file:///home/seluser/ppt/player/dashjs/index.html (128)
[155:155:0108/155229.250522:INFO:CONSOLE(128)] "currentLatencynow: 5.043", source: file:///home/seluser/ppt/player/dashjs/index.html (128)
[155:155:0108/155230.250529:INFO:CONSOLE(128)] "currentLatencynow: 4.943", source: file:///home/seluser/ppt/player/dashjs/index.html (128)
[155:155:0108/155231.250460:INFO:CONSOLE(128)] "currentLatencynow: 4.843", source: file:///home/seluser/ppt/player/dashjs/index.html (128)
[155:155:0108/155232.250559:INFO:CONSOLE(128)] "currentLatencynow: 4.744", source: file:///home/seluser/ppt/player/dashjs/index.html (128)
[155:155:0108/155233.250491:INFO:CONSOLE(128)] "currentLatencynow: 4.644", source: file:///home/seluser/ppt/player/dashjs/index.html (128)
[155:155:0108/155234.250507:INFO:CONSOLE(128)] "currentLatencynow: 4.544", source: file:///home/seluser/ppt/player/dashjs/index.html (128)
[155:155:0108/155235.250555:INFO:CONSOLE(128)] "currentLatencynow: 4.445", source: file:///home/seluser/ppt/player/dashjs/index.html (128)
[155:155:0108/155236.250555:INFO:CONSOLE(128)] "currentLatencynow: 4.36", source: file:///home/seluser/ppt/player/dashjs/index.html (128)
[155:155:0108/155237.250527:INFO:CONSOLE(128)] "currentLatencynow: 4.282", source: file:///home/seluser/ppt/player/dashjs/index.html (128)
[155:155:0108/155238.250495:INFO:CONSOLE(128)] "currentLatencynow: 4.217", source: file:///home/seluser/ppt/player/dashjs/index.html (128)
[155:155:0108/155239.250514:INFO:CONSOLE(128)] "currentLatencynow: 4.16", source: file:///home/seluser/ppt/player/dashjs/index.html (128)
[155:155:0108/155240.250534:INFO:CONSOLE(128)] "currentLatencynow: 4.12", source: file:///home/seluser/ppt/player/dashjs/index.html (128)
[155:155:0108/155241.250525:INFO:CONSOLE(128)] "currentLatencynow: 4.083", source: file:///home/seluser/ppt/player/dashjs/index.html (128)
[155:155:0108/155242.250515:INFO:CONSOLE(128)] "currentLatencynow: 4.055", source: file:///home/seluser/ppt/player/dashjs/index.html (128)
[155:155:0108/155243.250513:INFO:CONSOLE(128)] "currentLatencynow: 4.039", source: file:///home/seluser/ppt/player/dashjs/index.html (128)
[155:155:0108/155244.250532:INFO:CONSOLE(128)] "currentLatencynow: 4.023", source: file:///home/seluser/ppt/player/dashjs/index.html (128)
[155:155:0108/155245.250515:INFO:CONSOLE(128)] "currentLatencynow: 4.018", source: file:///home/seluser/ppt/player/dashjs/index.html (128)
[155:155:0108/155246.250490:INFO:CONSOLE(128)] "currentLatencynow: 4.018", source: file:///home/seluser/ppt/player/dashjs/index.html (128)
[155:155:0108/155247.250493:INFO:CONSOLE(128)] "currentLatencynow: 4.018", source: file:///home/seluser/ppt/player/dashjs/index.html (128)
[155:155:0108/155248.250558:INFO:CONSOLE(128)] "currentLatencynow: 4.018", source: file:///home/seluser/ppt/player/dashjs/index.html (128)
[155:155:0108/155249.250245:INFO:CONSOLE(128)] "currentLatencynow: 4.018", source: file:///home/seluser/ppt/player/dashjs/index.html (128)
[155:155:0108/155250.250255:INFO:CONSOLE(128)] "currentLatencynow: 4.018", source: file:///home/seluser/ppt/player/dashjs/index.html (128)
[155:155:0108/155251.250301:INFO:CONSOLE(128)] "currentLatencynow: 4.018", source: file:///home/seluser/ppt/player/dashjs/index.html (128)
[155:155:0108/155252.250163:INFO:CONSOLE(128)] "currentLatencynow: 4.018", source: file:///home/seluser/ppt/player/dashjs/index.html (128)
[155:155:0108/155253.250251:INFO:CONSOLE(128)] "currentLatencynow: 4.018", source: file:///home/seluser/ppt/player/dashjs/index.html (128)
[155:155:0108/155254.250264:INFO:CONSOLE(128)] "currentLatencynow: 4.018", source: file:///home/seluser/ppt/player/dashjs/index.html (128)
[155:155:0108/155255.250378:INFO:CONSOLE(128)] "currentLatencynow: 4.018", source: file:///home/seluser/ppt/player/dashjs/index.html (128)
[155:155:0108/155256.250350:INFO:CONSOLE(128)] "currentLatencynow: 4.018", source: file:///home/seluser/ppt/player/dashjs/index.html (128)
[155:155:0108/155257.250235:INFO:CONSOLE(128)] "currentLatencynow: 4.018", source: file:///home/seluser/ppt/player/dashjs/index.html (128)
[155:155:0108/155258.250261:INFO:CONSOLE(128)] "currentLatencynow: 4.018", source: file:///home/seluser/ppt/player/dashjs/index.html (128)
[155:155:0108/155259.250226:INFO:CONSOLE(128)] "currentLatencynow: 4.018", source: file:///home/seluser/ppt/player/dashjs/index.html (128)
[155:155:0108/155300.250255:INFO:CONSOLE(128)] "currentLatencynow: 4.018", source: file:///home/seluser/ppt/player/dashjs/index.html (128)
[155:155:0108/155301.250248:INFO:CONSOLE(114)] "Begin Player stistics 
", source: file:///home/seluser/ppt/player/dashjs/index.html (114)
[155:155:0108/155301.250498:INFO:CONSOLE(115)] "["stall",[["1.17","3.80",2.63]],[["56.79","57.04",0.25]],[["58.81","59.06",0.25]],[["availibleBW",[null],[null],[null],[999],[999],[999],[1329],[1496],[1595],[1994],[2396],[2396],[2593],[2985],[3182],[3373],[3373],[3569],[3569],[3971],[4223],[4479],[4479],[4733],[4970],[5223],[5223],[5471],[5471],[5718],[5981],[5978],[5978],[5978],[5730],[5479],[5479],[5479],[5232],[5232],[4987],[4738],[4738],[4490],[4490],[4490],[4191],[4191],[3792],[3493],[3493],[2994],[2396],[2396],[1979],[1979],[1823],[1823],[1624],[1624],[1424],[1424],[1049],[999],[999],[999],[1198],[1397],[1995],[1995],[1995],[2188],[2188],[2384],[2585],[2820],[3386],[3386],[3591],[3591],[3591],[4495],[4742],[4988],[4988],[5233],[5233],[5477],[5725],[5725],[5976],[5979],[5979],[5979],[5979],[5729],[5729],[5480],[5179],[4679],[4679],[4431],[4431],[4187],[4187],[3948],[3948],[3591],[3392],[2989],[2989],[2789],[2789],[2590],[2590],[2590],[2325],[1993],[1396]]],[["currentBuffer",[0],[0],[0],[1.128],[0.028],[0],[0.023],[1.023],[0.025],[1.005],[3.989],[2.889],[3.791],[4.693],[5.595],[6.497],[5.397],[6.299],[5.199],[4.099],[2.999],[1.89],[0.799],[0],[0.743],[1.745],[0.745],[1.691],[0.591],[1.493],[2.395],[3.297],[2.197],[3.08],[1.999],[0.899],[0],[0],[0],[0],[0],[0.823],[0],[0.825],[0],[0],[0],[0],[0],[0.822],[0],[0.833],[1.817],[0.717],[1.619],[0.519],[1.503],[0.503],[1.904],[0.905],[1.907],[0.907],[0],[0.909],[0],[0.911],[1.895],[0.795],[3.698],[4.601],[3.501],[4.403],[3.303],[4.205],[3.105],[2.004],[2.907],[1.807],[0.707],[0],[0],[0],[0.653],[1.655],[0.655],[1.639],[0.541],[1.443],[2.345],[1.246],[2.148],[3.05],[1.951],[2.853],[1.768],[2.692],[1.627],[2.572],[1.532],[2.497],[1.468],[2.454],[1.438],[2.435],[1.435],[2.437],[1.437],[2.439],[1.439],[2.441],[1.44],[2.443],[1.443],[2.445],[1.445],[0.445],[1.447],[0.447],[1.449]]],[["currentLatency",[6.309],[7.309],[8.309],[8.799],[8.7],[8.694],[8.694],[8.694],[8.694],[8.694],[8.649],[8.549],[8.449],[8.349],[8.249],[8.149],[8.049],[7.949],[7.849],[7.749],[7.649],[7.549],[7.449],[7.395],[7.395],[7.395],[7.395],[7.335],[7.235],[7.135],[7.035],[6.935],[6.835],[6.734],[6.635],[6.535],[6.456],[6.456],[6.456],[6.456],[6.456],[6.456],[6.456],[6.456],[6.456],[6.456],[6.456],[6.455],[6.455],[6.455],[6.455],[6.455],[6.434],[6.334],[6.234],[6.134],[6.109],[6.109],[6.536],[6.536],[6.536],[6.536],[6.536],[6.536],[6.536],[6.536],[6.517],[6.417],[6.317],[6.217],[6.117],[6.017],[5.917],[5.817],[5.717],[5.617],[5.517],[5.417],[5.317],[5.26],[5.26],[5.26],[5.26],[5.26],[5.26],[5.242],[5.142],[5.043],[4.943],[4.843],[4.744],[4.644],[4.544],[4.445],[4.36],[4.282],[4.217],[4.16],[4.12],[4.083],[4.055],[4.039],[4.023],[4.018],[4.018],[4.018],[4.018],[4.018],[4.018],[4.018],[4.018],[4.018],[4.018],[4.018],[4.018],[4.018],[4.018],[4.018],[4.018]]]]", source: file:///home/seluser/ppt/player/dashjs/index.html (115)
[155:155:0108/155301.250627:INFO:CONSOLE(116)] "
", source: file:///home/seluser/ppt/player/dashjs/index.html (116)
[155:155:0108/155301.250708:INFO:CONSOLE(117)] "Finish Player stistics 
", source: file:///home/seluser/ppt/player/dashjs/index.html (117)
[155:155:0108/155301.250732:INFO:CONSOLE(128)] "currentLatencynow: 4.017", source: file:///home/seluser/ppt/player/dashjs/index.html (128)
[155:155:0108/155302.250230:INFO:CONSOLE(128)] "currentLatencynow: 4.018", source: file:///home/seluser/ppt/player/dashjs/index.html (128)
[155:155:0108/155303.250257:INFO:CONSOLE(128)] "currentLatencynow: 4.018", source: file:///home/seluser/ppt/player/dashjs/index.html (128)
[155:155:0108/155304.250240:INFO:CONSOLE(128)] "currentLatencynow: 4.018", source: file:///home/seluser/ppt/player/dashjs/index.html (128)
[155:155:0108/155305.250222:INFO:CONSOLE(128)] "currentLatencynow: 4.018", source: file:///home/seluser/ppt/player/dashjs/index.html (128)
[155:155:0108/155306.250226:INFO:CONSOLE(128)] "currentLatencynow: 4.018", source: file:///home/seluser/ppt/player/dashjs/index.html (128)
[155:155:0108/155307.250242:INFO:CONSOLE(128)] "currentLatencynow: 4.018", source: file:///home/seluser/ppt/player/dashjs/index.html (128)
[155:155:0108/155308.250236:INFO:CONSOLE(128)] "currentLatencynow: 4.018", source: file:///home/seluser/ppt/player/dashjs/index.html (128)
[155:155:0108/155309.250251:INFO:CONSOLE(128)] "currentLatencynow: 4.018", source: file:///home/seluser/ppt/player/dashjs/index.html (128)
[155:155:0108/155310.250137:INFO:CONSOLE(128)] "currentLatencynow: 4.017", source: file:///home/seluser/ppt/player/dashjs/index.html (128)
[155:155:0108/155311.250184:INFO:CONSOLE(128)] "currentLatencynow: 4.018", source: file:///home/seluser/ppt/player/dashjs/index.html (128)
[155:155:0108/155312.250246:INFO:CONSOLE(128)] "currentLatencynow: 4.018", source: file:///home/seluser/ppt/player/dashjs/index.html (128)
[155:155:0108/155313.250274:INFO:CONSOLE(128)] "currentLatencynow: 4.018", source: file:///home/seluser/ppt/player/dashjs/index.html (128)
[155:155:0108/155314.250205:INFO:CONSOLE(128)] "currentLatencynow: 4.018", source: file:///home/seluser/ppt/player/dashjs/index.html (128)
[155:155:0108/155315.250294:INFO:CONSOLE(128)] "currentLatencynow: 4.018", source: file:///home/seluser/ppt/player/dashjs/index.html (128)
[155:155:0108/155316.250245:INFO:CONSOLE(128)] "currentLatencynow: 4.018", source: file:///home/seluser/ppt/player/dashjs/index.html (128)
[155:155:0108/155317.250260:INFO:CONSOLE(128)] "currentLatencynow: 4.018", source: file:///home/seluser/ppt/player/dashjs/index.html (128)
[155:155:0108/155318.250249:INFO:CONSOLE(128)] "currentLatencynow: 4.513", source: file:///home/seluser/ppt/player/dashjs/index.html (128)
[155:155:0108/155319.249998:INFO:CONSOLE(128)] "currentLatencynow: 5.512", source: file:///home/seluser/ppt/player/dashjs/index.html (128)
[155:155:0108/155320.250022:INFO:CONSOLE(128)] "currentLatencynow: 5.576", source: file:///home/seluser/ppt/player/dashjs/index.html (128)
