[155:218:0108/155101.162442:ERROR:bus.cc(392)] Failed to connect to the bus: Failed to connect to socket /var/run/dbus/system_bus_socket: No such file or directory
[155:181:0108/155101.165037:ERROR:bus.cc(392)] Failed to connect to the bus: Address does not contain a colon
[155:181:0108/155101.165443:ERROR:bus.cc(392)] Failed to connect to the bus: Address does not contain a colon
[223:223:0108/155101.184742:ERROR:gpu_init.cc(453)] Passthrough is not supported, GL is swiftshader, ANGLE is 
[155:181:0108/155101.185955:ERROR:bus.cc(392)] Failed to connect to the bus: Address does not contain a colon
[155:181:0108/155101.185988:ERROR:bus.cc(392)] Failed to connect to the bus: Address does not contain a colon
[155:181:0108/155101.221079:ERROR:bus.cc(392)] Failed to connect to the bus: Address does not contain a colon
[155:181:0108/155101.221110:ERROR:bus.cc(392)] Failed to connect to the bus: Address does not contain a colon
[155:317:0108/155101.315623:ERROR:bus.cc(392)] Failed to connect to the bus: Failed to connect to socket /var/run/dbus/system_bus_socket: No such file or directory
[155:317:0108/155101.315691:ERROR:bus.cc(392)] Failed to connect to the bus: Failed to connect to socket /var/run/dbus/system_bus_socket: No such file or directory
[155:317:0108/155101.315741:ERROR:bus.cc(392)] Failed to connect to the bus: Failed to connect to socket /var/run/dbus/system_bus_socket: No such file or directory
[155:317:0108/155101.315755:WARNING:property.cc(144)] DaemonVersion: GetAndBlock: failed.
[155:317:0108/155101.315778:ERROR:bus.cc(392)] Failed to connect to the bus: Failed to connect to socket /var/run/dbus/system_bus_socket: No such file or directory
[155:317:0108/155101.315804:ERROR:bus.cc(392)] Failed to connect to the bus: Failed to connect to socket /var/run/dbus/system_bus_socket: No such file or directory
[362:362:0108/155102.824436:WARNING:audio_manager_linux.cc(69)] Falling back to ALSA for audio output. PulseAudio is not available or could not be initialized.
[362:362:0108/155102.827732:ERROR:alsa_util.cc(204)] PcmOpen: default,No such file or directory
[362:362:0108/155102.827866:ERROR:alsa_util.cc(204)] PcmOpen: plug:default,No such file or directory
[155:155:0108/155102.882416:INFO:CONSOLE(128)] "currentLatencynow: 6.027", source: file:///home/seluser/ppt/player/dashjs/index.html (128)
[155:155:0108/155103.882169:INFO:CONSOLE(128)] "currentLatencynow: 7.026", source: file:///home/seluser/ppt/player/dashjs/index.html (128)
[155:249:0108/155104.302946:ERROR:chrome_browser_main_extra_parts_metrics.cc(228)] crbug.com/1216328: Checking Bluetooth availability started. Please report if there is no report that this ends.
[155:249:0108/155104.302997:ERROR:chrome_browser_main_extra_parts_metrics.cc(231)] crbug.com/1216328: Checking Bluetooth availability ended.
[155:249:0108/155104.303017:ERROR:chrome_browser_main_extra_parts_metrics.cc(234)] crbug.com/1216328: Checking default browser status started. Please report if there is no report that this ends.
[155:249:0108/155104.404445:ERROR:chrome_browser_main_extra_parts_metrics.cc(238)] crbug.com/1216328: Checking default browser status ended.
[155:155:0108/155104.882326:INFO:CONSOLE(128)] "currentLatencynow: 8.026", source: file:///home/seluser/ppt/player/dashjs/index.html (128)
[155:181:0108/155105.055217:ERROR:bus.cc(392)] Failed to connect to the bus: Address does not contain a colon
[155:181:0108/155105.055266:ERROR:bus.cc(392)] Failed to connect to the bus: Address does not contain a colon
[155:181:0108/155105.055285:ERROR:bus.cc(392)] Failed to connect to the bus: Address does not contain a colon
[155:181:0108/155105.055301:ERROR:bus.cc(392)] Failed to connect to the bus: Address does not contain a colon
[155:181:0108/155105.055316:ERROR:bus.cc(392)] Failed to connect to the bus: Address does not contain a colon
[155:181:0108/155105.055331:ERROR:bus.cc(392)] Failed to connect to the bus: Address does not contain a colon
[155:181:0108/155105.055348:ERROR:bus.cc(392)] Failed to connect to the bus: Address does not contain a colon
[155:181:0108/155105.055353:ERROR:bus.cc(392)] Failed to connect to the bus: Address does not contain a colon
[155:181:0108/155105.055375:ERROR:bus.cc(392)] Failed to connect to the bus: Address does not contain a colon
[155:181:0108/155105.055391:ERROR:bus.cc(392)] Failed to connect to the bus: Address does not contain a colon
[155:181:0108/155105.055397:ERROR:bus.cc(392)] Failed to connect to the bus: Address does not contain a colon
[155:181:0108/155105.055411:ERROR:bus.cc(392)] Failed to connect to the bus: Address does not contain a colon
[155:181:0108/155105.055416:ERROR:bus.cc(392)] Failed to connect to the bus: Address does not contain a colon
[155:181:0108/155105.055429:ERROR:bus.cc(392)] Failed to connect to the bus: Address does not contain a colon
[155:181:0108/155105.059289:ERROR:bus.cc(392)] Failed to connect to the bus: Address does not contain a colon
[155:181:0108/155105.059332:ERROR:bus.cc(392)] Failed to connect to the bus: Address does not contain a colon
[155:181:0108/155105.059352:ERROR:bus.cc(392)] Failed to connect to the bus: Address does not contain a colon
[155:181:0108/155105.098837:ERROR:bus.cc(392)] Failed to connect to the bus: Address does not contain a colon
[155:181:0108/155105.098908:ERROR:bus.cc(392)] Failed to connect to the bus: Address does not contain a colon
[155:155:0108/155105.882211:INFO:CONSOLE(128)] "currentLatencynow: 8.228", source: file:///home/seluser/ppt/player/dashjs/index.html (128)
[155:155:0108/155106.882146:INFO:CONSOLE(128)] "currentLatencynow: 8.228", source: file:///home/seluser/ppt/player/dashjs/index.html (128)
[155:155:0108/155107.882327:INFO:CONSOLE(128)] "currentLatencynow: 8.228", source: file:///home/seluser/ppt/player/dashjs/index.html (128)
[155:155:0108/155108.882556:INFO:CONSOLE(128)] "currentLatencynow: 8.23", source: file:///home/seluser/ppt/player/dashjs/index.html (128)
[155:155:0108/155109.882321:INFO:CONSOLE(128)] "currentLatencynow: 8.202", source: file:///home/seluser/ppt/player/dashjs/index.html (128)
[155:155:0108/155110.882341:INFO:CONSOLE(128)] "currentLatencynow: 8.101", source: file:///home/seluser/ppt/player/dashjs/index.html (128)
[155:155:0108/155111.882433:INFO:CONSOLE(128)] "currentLatencynow: 8.047", source: file:///home/seluser/ppt/player/dashjs/index.html (128)
[155:155:0108/155112.882593:INFO:CONSOLE(128)] "currentLatencynow: 8.047", source: file:///home/seluser/ppt/player/dashjs/index.html (128)
[155:155:0108/155113.882346:INFO:CONSOLE(128)] "currentLatencynow: 7.946", source: file:///home/seluser/ppt/player/dashjs/index.html (128)
[155:155:0108/155114.882604:INFO:CONSOLE(128)] "currentLatencynow: 7.846", source: file:///home/seluser/ppt/player/dashjs/index.html (128)
[155:155:0108/155115.882454:INFO:CONSOLE(128)] "currentLatencynow: 7.747", source: file:///home/seluser/ppt/player/dashjs/index.html (128)
[155:155:0108/155116.882185:INFO:CONSOLE(128)] "currentLatencynow: 7.646", source: file:///home/seluser/ppt/player/dashjs/index.html (128)
[155:155:0108/155117.882251:INFO:CONSOLE(128)] "currentLatencynow: 7.547", source: file:///home/seluser/ppt/player/dashjs/index.html (128)
[155:155:0108/155118.881855:INFO:CONSOLE(128)] "currentLatencynow: 7.446", source: file:///home/seluser/ppt/player/dashjs/index.html (128)
[155:155:0108/155119.881924:INFO:CONSOLE(128)] "currentLatencynow: 7.346", source: file:///home/seluser/ppt/player/dashjs/index.html (128)
[155:155:0108/155120.881769:INFO:CONSOLE(128)] "currentLatencynow: 7.246", source: file:///home/seluser/ppt/player/dashjs/index.html (128)
[155:155:0108/155121.881762:INFO:CONSOLE(128)] "currentLatencynow: 7.146", source: file:///home/seluser/ppt/player/dashjs/index.html (128)
[155:155:0108/155122.882015:INFO:CONSOLE(128)] "currentLatencynow: 7.046", source: file:///home/seluser/ppt/player/dashjs/index.html (128)
[155:155:0108/155123.882021:INFO:CONSOLE(128)] "currentLatencynow: 6.946", source: file:///home/seluser/ppt/player/dashjs/index.html (128)
[155:155:0108/155124.881765:INFO:CONSOLE(128)] "currentLatencynow: 6.896", source: file:///home/seluser/ppt/player/dashjs/index.html (128)
[155:155:0108/155125.881931:INFO:CONSOLE(128)] "currentLatencynow: 6.896", source: file:///home/seluser/ppt/player/dashjs/index.html (128)
[155:155:0108/155126.881792:INFO:CONSOLE(128)] "currentLatencynow: 6.896", source: file:///home/seluser/ppt/player/dashjs/index.html (128)
[155:155:0108/155127.881808:INFO:CONSOLE(128)] "currentLatencynow: 6.896", source: file:///home/seluser/ppt/player/dashjs/index.html (128)
[155:155:0108/155128.881758:INFO:CONSOLE(128)] "currentLatencynow: 6.896", source: file:///home/seluser/ppt/player/dashjs/index.html (128)
[155:155:0108/155129.881962:INFO:CONSOLE(128)] "currentLatencynow: 6.896", source: file:///home/seluser/ppt/player/dashjs/index.html (128)
[155:155:0108/155130.881831:INFO:CONSOLE(128)] "currentLatencynow: 6.896", source: file:///home/seluser/ppt/player/dashjs/index.html (128)
[155:155:0108/155131.881891:INFO:CONSOLE(128)] "currentLatencynow: 6.896", source: file:///home/seluser/ppt/player/dashjs/index.html (128)
[155:155:0108/155132.881897:INFO:CONSOLE(128)] "currentLatencynow: 6.844", source: file:///home/seluser/ppt/player/dashjs/index.html (128)
[155:155:0108/155133.881999:INFO:CONSOLE(128)] "currentLatencynow: 6.744", source: file:///home/seluser/ppt/player/dashjs/index.html (128)
[155:155:0108/155134.881784:INFO:CONSOLE(128)] "currentLatencynow: 6.644", source: file:///home/seluser/ppt/player/dashjs/index.html (128)
[155:155:0108/155135.881919:INFO:CONSOLE(128)] "currentLatencynow: 6.544", source: file:///home/seluser/ppt/player/dashjs/index.html (128)
[155:155:0108/155136.881818:INFO:CONSOLE(128)] "currentLatencynow: 6.444", source: file:///home/seluser/ppt/player/dashjs/index.html (128)
[155:155:0108/155137.881759:INFO:CONSOLE(128)] "currentLatencynow: 6.344", source: file:///home/seluser/ppt/player/dashjs/index.html (128)
[155:155:0108/155138.882022:INFO:CONSOLE(128)] "currentLatencynow: 6.243", source: file:///home/seluser/ppt/player/dashjs/index.html (128)
[155:155:0108/155139.881898:INFO:CONSOLE(128)] "currentLatencynow: 6.144", source: file:///home/seluser/ppt/player/dashjs/index.html (128)
[155:155:0108/155140.881824:INFO:CONSOLE(128)] "currentLatencynow: 6.044", source: file:///home/seluser/ppt/player/dashjs/index.html (128)
[155:155:0108/155141.881858:INFO:CONSOLE(128)] "currentLatencynow: 5.944", source: file:///home/seluser/ppt/player/dashjs/index.html (128)
[155:155:0108/155142.881790:INFO:CONSOLE(128)] "currentLatencynow: 5.844", source: file:///home/seluser/ppt/player/dashjs/index.html (128)
[155:155:0108/155143.881859:INFO:CONSOLE(128)] "currentLatencynow: 5.744", source: file:///home/seluser/ppt/player/dashjs/index.html (128)
[155:155:0108/155144.881782:INFO:CONSOLE(128)] "currentLatencynow: 5.644", source: file:///home/seluser/ppt/player/dashjs/index.html (128)
[155:155:0108/155145.881982:INFO:CONSOLE(128)] "currentLatencynow: 5.544", source: file:///home/seluser/ppt/player/dashjs/index.html (128)
[155:155:0108/155146.881827:INFO:CONSOLE(128)] "currentLatencynow: 5.444", source: file:///home/seluser/ppt/player/dashjs/index.html (128)
[155:155:0108/155147.881832:INFO:CONSOLE(128)] "currentLatencynow: 5.344", source: file:///home/seluser/ppt/player/dashjs/index.html (128)
[155:155:0108/155148.881339:INFO:CONSOLE(128)] "currentLatencynow: 5.244", source: file:///home/seluser/ppt/player/dashjs/index.html (128)
[155:155:0108/155149.881396:INFO:CONSOLE(128)] "currentLatencynow: 5.144", source: file:///home/seluser/ppt/player/dashjs/index.html (128)
[155:155:0108/155150.881271:INFO:CONSOLE(128)] "currentLatencynow: 5.044", source: file:///home/seluser/ppt/player/dashjs/index.html (128)
[155:155:0108/155151.881349:INFO:CONSOLE(128)] "currentLatencynow: 4.944", source: file:///home/seluser/ppt/player/dashjs/index.html (128)
[155:155:0108/155152.881289:INFO:CONSOLE(128)] "currentLatencynow: 4.844", source: file:///home/seluser/ppt/player/dashjs/index.html (128)
[155:155:0108/155153.881261:INFO:CONSOLE(128)] "currentLatencynow: 4.744", source: file:///home/seluser/ppt/player/dashjs/index.html (128)
[155:155:0108/155154.881286:INFO:CONSOLE(128)] "currentLatencynow: 4.644", source: file:///home/seluser/ppt/player/dashjs/index.html (128)
[155:155:0108/155155.881330:INFO:CONSOLE(128)] "currentLatencynow: 4.544", source: file:///home/seluser/ppt/player/dashjs/index.html (128)
[155:155:0108/155156.881224:INFO:CONSOLE(128)] "currentLatencynow: 4.444", source: file:///home/seluser/ppt/player/dashjs/index.html (128)
[155:155:0108/155157.881325:INFO:CONSOLE(128)] "currentLatencynow: 4.36", source: file:///home/seluser/ppt/player/dashjs/index.html (128)
[155:155:0108/155158.881240:INFO:CONSOLE(128)] "currentLatencynow: 4.281", source: file:///home/seluser/ppt/player/dashjs/index.html (128)
[155:155:0108/155159.881376:INFO:CONSOLE(128)] "currentLatencynow: 4.218", source: file:///home/seluser/ppt/player/dashjs/index.html (128)
[155:155:0108/155200.881319:INFO:CONSOLE(128)] "currentLatencynow: 4.159", source: file:///home/seluser/ppt/player/dashjs/index.html (128)
[155:155:0108/155201.881486:INFO:CONSOLE(128)] "currentLatencynow: 4.118", source: file:///home/seluser/ppt/player/dashjs/index.html (128)
[155:155:0108/155202.881432:INFO:CONSOLE(128)] "currentLatencynow: 4.082", source: file:///home/seluser/ppt/player/dashjs/index.html (128)
[155:155:0108/155203.881316:INFO:CONSOLE(128)] "currentLatencynow: 4.052", source: file:///home/seluser/ppt/player/dashjs/index.html (128)
[155:155:0108/155204.881232:INFO:CONSOLE(128)] "currentLatencynow: 4.038", source: file:///home/seluser/ppt/player/dashjs/index.html (128)
[155:155:0108/155205.881272:INFO:CONSOLE(128)] "currentLatencynow: 4.024", source: file:///home/seluser/ppt/player/dashjs/index.html (128)
[155:155:0108/155206.881276:INFO:CONSOLE(128)] "currentLatencynow: 4.02", source: file:///home/seluser/ppt/player/dashjs/index.html (128)
[155:155:0108/155207.881364:INFO:CONSOLE(128)] "currentLatencynow: 4.02", source: file:///home/seluser/ppt/player/dashjs/index.html (128)
[155:155:0108/155208.881286:INFO:CONSOLE(128)] "currentLatencynow: 4.02", source: file:///home/seluser/ppt/player/dashjs/index.html (128)
[155:155:0108/155209.881359:INFO:CONSOLE(128)] "currentLatencynow: 4.02", source: file:///home/seluser/ppt/player/dashjs/index.html (128)
[155:155:0108/155210.881260:INFO:CONSOLE(128)] "currentLatencynow: 4.02", source: file:///home/seluser/ppt/player/dashjs/index.html (128)
[155:155:0108/155211.881325:INFO:CONSOLE(128)] "currentLatencynow: 4.02", source: file:///home/seluser/ppt/player/dashjs/index.html (128)
[155:155:0108/155212.881178:INFO:CONSOLE(128)] "currentLatencynow: 4.02", source: file:///home/seluser/ppt/player/dashjs/index.html (128)
[155:155:0108/155213.881335:INFO:CONSOLE(128)] "currentLatencynow: 4.02", source: file:///home/seluser/ppt/player/dashjs/index.html (128)
[155:155:0108/155214.881214:INFO:CONSOLE(128)] "currentLatencynow: 4.02", source: file:///home/seluser/ppt/player/dashjs/index.html (128)
[155:155:0108/155215.881342:INFO:CONSOLE(128)] "currentLatencynow: 4.02", source: file:///home/seluser/ppt/player/dashjs/index.html (128)
[155:155:0108/155216.881335:INFO:CONSOLE(128)] "currentLatencynow: 4.02", source: file:///home/seluser/ppt/player/dashjs/index.html (128)
[155:155:0108/155217.881330:INFO:CONSOLE(128)] "currentLatencynow: 4.02", source: file:///home/seluser/ppt/player/dashjs/index.html (128)
[155:155:0108/155218.880962:INFO:CONSOLE(128)] "currentLatencynow: 4.019", source: file:///home/seluser/ppt/player/dashjs/index.html (128)
[155:155:0108/155219.881093:INFO:CONSOLE(128)] "currentLatencynow: 4.019", source: file:///home/seluser/ppt/player/dashjs/index.html (128)
[155:155:0108/155220.880988:INFO:CONSOLE(128)] "currentLatencynow: 4.019", source: file:///home/seluser/ppt/player/dashjs/index.html (128)
[155:155:0108/155221.881027:INFO:CONSOLE(128)] "currentLatencynow: 4.019", source: file:///home/seluser/ppt/player/dashjs/index.html (128)
[155:155:0108/155222.881005:INFO:CONSOLE(128)] "currentLatencynow: 4.019", source: file:///home/seluser/ppt/player/dashjs/index.html (128)
[155:155:0108/155223.881014:INFO:CONSOLE(128)] "currentLatencynow: 4.019", source: file:///home/seluser/ppt/player/dashjs/index.html (128)
[155:155:0108/155224.880979:INFO:CONSOLE(128)] "currentLatencynow: 4.019", source: file:///home/seluser/ppt/player/dashjs/index.html (128)
[155:155:0108/155225.880944:INFO:CONSOLE(128)] "currentLatencynow: 4.019", source: file:///home/seluser/ppt/player/dashjs/index.html (128)
[155:155:0108/155226.881039:INFO:CONSOLE(128)] "currentLatencynow: 4.019", source: file:///home/seluser/ppt/player/dashjs/index.html (128)
[155:155:0108/155227.881008:INFO:CONSOLE(128)] "currentLatencynow: 4.019", source: file:///home/seluser/ppt/player/dashjs/index.html (128)
[155:155:0108/155228.880971:INFO:CONSOLE(128)] "currentLatencynow: 4.019", source: file:///home/seluser/ppt/player/dashjs/index.html (128)
[155:155:0108/155229.881001:INFO:CONSOLE(128)] "currentLatencynow: 4.019", source: file:///home/seluser/ppt/player/dashjs/index.html (128)
[155:155:0108/155230.881028:INFO:CONSOLE(128)] "currentLatencynow: 4.019", source: file:///home/seluser/ppt/player/dashjs/index.html (128)
[155:155:0108/155231.881030:INFO:CONSOLE(128)] "currentLatencynow: 4.019", source: file:///home/seluser/ppt/player/dashjs/index.html (128)
[155:155:0108/155232.880952:INFO:CONSOLE(128)] "currentLatencynow: 4.019", source: file:///home/seluser/ppt/player/dashjs/index.html (128)
[155:155:0108/155233.881012:INFO:CONSOLE(128)] "currentLatencynow: 4.019", source: file:///home/seluser/ppt/player/dashjs/index.html (128)
[155:155:0108/155234.880976:INFO:CONSOLE(128)] "currentLatencynow: 4.019", source: file:///home/seluser/ppt/player/dashjs/index.html (128)
[155:155:0108/155235.881077:INFO:CONSOLE(128)] "currentLatencynow: 4.019", source: file:///home/seluser/ppt/player/dashjs/index.html (128)
[155:155:0108/155236.880973:INFO:CONSOLE(128)] "currentLatencynow: 4.019", source: file:///home/seluser/ppt/player/dashjs/index.html (128)
[155:155:0108/155237.881016:INFO:CONSOLE(128)] "currentLatencynow: 4.019", source: file:///home/seluser/ppt/player/dashjs/index.html (128)
[155:155:0108/155238.880962:INFO:CONSOLE(128)] "currentLatencynow: 4.019", source: file:///home/seluser/ppt/player/dashjs/index.html (128)
[155:155:0108/155239.881004:INFO:CONSOLE(128)] "currentLatencynow: 4.019", source: file:///home/seluser/ppt/player/dashjs/index.html (128)
[155:155:0108/155240.880961:INFO:CONSOLE(128)] "currentLatencynow: 4.019", source: file:///home/seluser/ppt/player/dashjs/index.html (128)
[155:155:0108/155241.880992:INFO:CONSOLE(128)] "currentLatencynow: 4.019", source: file:///home/seluser/ppt/player/dashjs/index.html (128)
[155:155:0108/155242.880953:INFO:CONSOLE(128)] "currentLatencynow: 4.019", source: file:///home/seluser/ppt/player/dashjs/index.html (128)
[155:155:0108/155243.880972:INFO:CONSOLE(128)] "currentLatencynow: 4.019", source: file:///home/seluser/ppt/player/dashjs/index.html (128)
[155:155:0108/155244.880943:INFO:CONSOLE(128)] "currentLatencynow: 4.019", source: file:///home/seluser/ppt/player/dashjs/index.html (128)
[155:155:0108/155245.881025:INFO:CONSOLE(128)] "currentLatencynow: 4.019", source: file:///home/seluser/ppt/player/dashjs/index.html (128)
[155:155:0108/155246.880934:INFO:CONSOLE(128)] "currentLatencynow: 4.019", source: file:///home/seluser/ppt/player/dashjs/index.html (128)
[155:155:0108/155247.881000:INFO:CONSOLE(128)] "currentLatencynow: 4.019", source: file:///home/seluser/ppt/player/dashjs/index.html (128)
[155:155:0108/155248.880766:INFO:CONSOLE(128)] "currentLatencynow: 4.019", source: file:///home/seluser/ppt/player/dashjs/index.html (128)
[155:155:0108/155249.880755:INFO:CONSOLE(128)] "currentLatencynow: 4.019", source: file:///home/seluser/ppt/player/dashjs/index.html (128)
[155:155:0108/155250.880729:INFO:CONSOLE(128)] "currentLatencynow: 4.019", source: file:///home/seluser/ppt/player/dashjs/index.html (128)
[155:155:0108/155251.880748:INFO:CONSOLE(128)] "currentLatencynow: 4.019", source: file:///home/seluser/ppt/player/dashjs/index.html (128)
[155:155:0108/155252.880670:INFO:CONSOLE(128)] "currentLatencynow: 4.019", source: file:///home/seluser/ppt/player/dashjs/index.html (128)
[155:155:0108/155253.880723:INFO:CONSOLE(128)] "currentLatencynow: 4.019", source: file:///home/seluser/ppt/player/dashjs/index.html (128)
[155:155:0108/155254.880718:INFO:CONSOLE(128)] "currentLatencynow: 4.019", source: file:///home/seluser/ppt/player/dashjs/index.html (128)
[155:155:0108/155255.880792:INFO:CONSOLE(128)] "currentLatencynow: 4.019", source: file:///home/seluser/ppt/player/dashjs/index.html (128)
[155:155:0108/155256.880715:INFO:CONSOLE(128)] "currentLatencynow: 4.019", source: file:///home/seluser/ppt/player/dashjs/index.html (128)
[155:155:0108/155257.880678:INFO:CONSOLE(128)] "currentLatencynow: 4.019", source: file:///home/seluser/ppt/player/dashjs/index.html (128)
[155:155:0108/155258.880732:INFO:CONSOLE(128)] "currentLatencynow: 4.019", source: file:///home/seluser/ppt/player/dashjs/index.html (128)
[155:155:0108/155259.880766:INFO:CONSOLE(128)] "currentLatencynow: 4.019", source: file:///home/seluser/ppt/player/dashjs/index.html (128)
[155:155:0108/155300.880750:INFO:CONSOLE(128)] "currentLatencynow: 4.019", source: file:///home/seluser/ppt/player/dashjs/index.html (128)
[155:155:0108/155301.880769:INFO:CONSOLE(114)] "Begin Player stistics 
", source: file:///home/seluser/ppt/player/dashjs/index.html (114)
[155:155:0108/155301.880951:INFO:CONSOLE(115)] "["stall",[["1.26","3.52",2.26]],[["availibleBW",[null],[null],[null],[998],[999],[999],[1330],[1498],[1498],[1598],[2397],[2596],[2993],[3193],[3193],[3392],[3597],[3597],[3998],[3998],[4241],[4490],[4490],[4733],[4733],[5231],[5231],[5481],[5481],[5727],[5975],[5975],[5973],[5973],[5978],[5725],[5477],[5477],[4987],[4987],[4486],[4486],[4243],[4243],[3992],[3992],[3592],[3592],[3592],[3326],[2994],[2394],[1998],[1998],[1998],[1798],[1798],[1598],[1598],[1398],[998],[998],[998],[998],[1197],[1197],[1395],[1395],[1657],[1657],[1988],[2586],[2983],[3185],[3185],[3389],[3589],[3589],[3987],[3987],[4235],[4235],[4235],[4734],[4985],[4985],[5224],[5224],[5464],[5464],[5708],[5958],[5970],[5970],[5970],[5730],[5488],[5239],[5239],[4741],[4741],[4493],[4493],[4241],[4241],[3992],[3992],[3391],[3391],[3158],[3158],[2593],[2593],[2393],[1955],[1764],[1764],[1564],[1564]]],[["currentBuffer",[0],[0],[0],[0],[0.984],[0],[0.986],[1.968],[0.868],[0],[2.81],[3.72],[4.622],[5.464],[4.424],[5.326],[6.228],[5.128],[4.028],[2.928],[1.791],[0.728],[0],[0.672],[0],[0.675],[0],[0.677],[0],[0.679],[1.635],[2.537],[3.439],[2.339],[3.204],[4.143],[5.046],[3.945],[4.847],[3.747],[4.649],[3.549],[4.452],[3.351],[4.254],[3.153],[4.055],[2.955],[1.855],[2.757],[1.657],[2.559],[3.401],[2.361],[1.261],[2.142],[1.099],[2.036],[0.978],[1.937],[0.901],[1.871],[0.857],[1.845],[2.842],[1.842],[2.844],[1.844],[2.847],[1.847],[2.848],[1.849],[2.851],[1.835],[0.851],[1.853],[0.819],[0],[0.854],[0],[0.857],[0],[0],[1.827],[2.863],[1.863],[2.865],[1.864],[2.866],[1.866],[2.835],[1.869],[2.87],[1.87],[0.87],[0],[0.873],[1.874],[0.875],[1.877],[0.877],[1.879],[0.878],[1.88],[0.88],[1.882],[0.883],[1.884],[0.885],[1.886],[0.887],[1.888],[0.888],[1.891],[0.891],[1.892],[0.892],[1.895],[0.895]]],[["currentLatency",[6.027],[7.026],[8.026],[8.228],[8.228],[8.228],[8.23],[8.202],[8.101],[8.047],[8.047],[7.946],[7.846],[7.747],[7.646],[7.547],[7.446],[7.346],[7.246],[7.146],[7.046],[6.946],[6.896],[6.896],[6.896],[6.896],[6.896],[6.896],[6.896],[6.896],[6.844],[6.744],[6.644],[6.544],[6.444],[6.344],[6.243],[6.144],[6.044],[5.944],[5.844],[5.744],[5.644],[5.544],[5.444],[5.344],[5.244],[5.144],[5.044],[4.944],[4.844],[4.744],[4.644],[4.544],[4.444],[4.36],[4.281],[4.218],[4.159],[4.118],[4.082],[4.052],[4.038],[4.024],[4.02],[4.02],[4.02],[4.02],[4.02],[4.02],[4.02],[4.02],[4.02],[4.02],[4.02],[4.02],[4.019],[4.019],[4.019],[4.019],[4.019],[4.019],[4.019],[4.019],[4.019],[4.019],[4.019],[4.019],[4.019],[4.019],[4.019],[4.019],[4.019],[4.019],[4.019],[4.019],[4.019],[4.019],[4.019],[4.019],[4.019],[4.019],[4.019],[4.019],[4.019],[4.019],[4.019],[4.019],[4.019],[4.019],[4.019],[4.019],[4.019],[4.019],[4.019],[4.019],[4.019],[4.019],[4.019]]]]", source: file:///home/seluser/ppt/player/dashjs/index.html (115)
[155:155:0108/155301.881018:INFO:CONSOLE(116)] "
", source: file:///home/seluser/ppt/player/dashjs/index.html (116)
[155:155:0108/155301.881084:INFO:CONSOLE(117)] "Finish Player stistics 
", source: file:///home/seluser/ppt/player/dashjs/index.html (117)
[155:155:0108/155301.881124:INFO:CONSOLE(128)] "currentLatencynow: 4.019", source: file:///home/seluser/ppt/player/dashjs/index.html (128)
[155:155:0108/155302.880677:INFO:CONSOLE(128)] "currentLatencynow: 4.019", source: file:///home/seluser/ppt/player/dashjs/index.html (128)
[155:155:0108/155303.880752:INFO:CONSOLE(128)] "currentLatencynow: 4.019", source: file:///home/seluser/ppt/player/dashjs/index.html (128)
[155:155:0108/155304.880689:INFO:CONSOLE(128)] "currentLatencynow: 4.019", source: file:///home/seluser/ppt/player/dashjs/index.html (128)
[155:155:0108/155305.880866:INFO:CONSOLE(128)] "currentLatencynow: 4.019", source: file:///home/seluser/ppt/player/dashjs/index.html (128)
[155:155:0108/155306.880927:INFO:CONSOLE(128)] "currentLatencynow: 4.019", source: file:///home/seluser/ppt/player/dashjs/index.html (128)
[155:155:0108/155307.884434:INFO:CONSOLE(128)] "currentLatencynow: 4.019", source: file:///home/seluser/ppt/player/dashjs/index.html (128)
[155:155:0108/155308.880690:INFO:CONSOLE(128)] "currentLatencynow: 4.019", source: file:///home/seluser/ppt/player/dashjs/index.html (128)
[155:155:0108/155309.880711:INFO:CONSOLE(128)] "currentLatencynow: 4.019", source: file:///home/seluser/ppt/player/dashjs/index.html (128)
[155:155:0108/155310.880698:INFO:CONSOLE(128)] "currentLatencynow: 4.019", source: file:///home/seluser/ppt/player/dashjs/index.html (128)
[155:155:0108/155311.880821:INFO:CONSOLE(128)] "currentLatencynow: 4.019", source: file:///home/seluser/ppt/player/dashjs/index.html (128)
[155:155:0108/155312.880716:INFO:CONSOLE(128)] "currentLatencynow: 4.019", source: file:///home/seluser/ppt/player/dashjs/index.html (128)
[155:155:0108/155313.880712:INFO:CONSOLE(128)] "currentLatencynow: 4.019", source: file:///home/seluser/ppt/player/dashjs/index.html (128)
[155:155:0108/155314.880691:INFO:CONSOLE(128)] "currentLatencynow: 4.019", source: file:///home/seluser/ppt/player/dashjs/index.html (128)
[155:155:0108/155315.880694:INFO:CONSOLE(128)] "currentLatencynow: 4.019", source: file:///home/seluser/ppt/player/dashjs/index.html (128)
[155:155:0108/155316.880807:INFO:CONSOLE(128)] "currentLatencynow: 4.019", source: file:///home/seluser/ppt/player/dashjs/index.html (128)
[155:155:0108/155317.880700:INFO:CONSOLE(128)] "currentLatencynow: 4.182", source: file:///home/seluser/ppt/player/dashjs/index.html (128)
[155:155:0108/155318.880495:INFO:CONSOLE(128)] "currentLatencynow: 5.182", source: file:///home/seluser/ppt/player/dashjs/index.html (128)
[155:155:0108/155319.880457:INFO:CONSOLE(128)] "currentLatencynow: 6.182", source: file:///home/seluser/ppt/player/dashjs/index.html (128)
[155:181:0108/155320.225410:ERROR:bus.cc(392)] Failed to connect to the bus: Address does not contain a colon
[155:181:0108/155320.225485:ERROR:bus.cc(392)] Failed to connect to the bus: Address does not contain a colon
[155:155:0108/155320.880503:INFO:CONSOLE(128)] "currentLatencynow: 6.473", source: file:///home/seluser/ppt/player/dashjs/index.html (128)
