[230:294:0130/112109.512016:ERROR:bus.cc(392)] Failed to connect to the bus: Failed to connect to socket /var/run/dbus/system_bus_socket: No such file or directory
[230:257:0130/112109.514320:ERROR:bus.cc(392)] Failed to connect to the bus: Address does not contain a colon
[230:257:0130/112109.514495:ERROR:bus.cc(392)] Failed to connect to the bus: Address does not contain a colon
[230:257:0130/112109.527162:ERROR:bus.cc(392)] Failed to connect to the bus: Address does not contain a colon
[230:257:0130/112109.527239:ERROR:bus.cc(392)] Failed to connect to the bus: Address does not contain a colon
[301:301:0130/112109.530450:ERROR:gpu_init.cc(453)] Passthrough is not supported, GL is swiftshader, ANGLE is 
[301:301:0130/112109.534020:ERROR:sandbox_linux.cc(374)] InitializeSandbox() called with multiple threads in process gpu-process.
[230:257:0130/112109.559547:ERROR:bus.cc(392)] Failed to connect to the bus: Address does not contain a colon
[230:257:0130/112109.559599:ERROR:bus.cc(392)] Failed to connect to the bus: Address does not contain a colon
[230:391:0130/112109.636116:ERROR:bus.cc(392)] Failed to connect to the bus: Failed to connect to socket /var/run/dbus/system_bus_socket: No such file or directory
[230:391:0130/112109.640249:ERROR:bus.cc(392)] Failed to connect to the bus: Failed to connect to socket /var/run/dbus/system_bus_socket: No such file or directory
[230:391:0130/112109.640323:ERROR:bus.cc(392)] Failed to connect to the bus: Failed to connect to socket /var/run/dbus/system_bus_socket: No such file or directory
[230:391:0130/112109.640347:WARNING:property.cc(144)] DaemonVersion: GetAndBlock: failed.
[230:391:0130/112109.640391:ERROR:bus.cc(392)] Failed to connect to the bus: Failed to connect to socket /var/run/dbus/system_bus_socket: No such file or directory
[230:391:0130/112109.640434:ERROR:bus.cc(392)] Failed to connect to the bus: Failed to connect to socket /var/run/dbus/system_bus_socket: No such file or directory
[230:230:0130/112110.927705:INFO:CONSOLE(128)] "currentLatencynow: NaN", source: file:///home/seluser/ppt/player/dashjs/index.html (128)
[230:252:0130/112111.723073:ERROR:chrome_browser_main_extra_parts_metrics.cc(228)] crbug.com/1216328: Checking Bluetooth availability started. Please report if there is no report that this ends.
[230:252:0130/112111.723125:ERROR:chrome_browser_main_extra_parts_metrics.cc(231)] crbug.com/1216328: Checking Bluetooth availability ended.
[230:252:0130/112111.723138:ERROR:chrome_browser_main_extra_parts_metrics.cc(234)] crbug.com/1216328: Checking default browser status started. Please report if there is no report that this ends.
[230:252:0130/112111.884678:ERROR:chrome_browser_main_extra_parts_metrics.cc(238)] crbug.com/1216328: Checking default browser status ended.
[230:230:0130/112111.927281:INFO:CONSOLE(128)] "currentLatencynow: NaN", source: file:///home/seluser/ppt/player/dashjs/index.html (128)
[230:230:0130/112112.927405:INFO:CONSOLE(128)] "currentLatencynow: 0", source: file:///home/seluser/ppt/player/dashjs/index.html (128)
[230:230:0130/112113.927415:INFO:CONSOLE(128)] "currentLatencynow: 0", source: file:///home/seluser/ppt/player/dashjs/index.html (128)
[230:230:0130/112114.927412:INFO:CONSOLE(128)] "currentLatencynow: 0", source: file:///home/seluser/ppt/player/dashjs/index.html (128)
[230:230:0130/112115.927621:INFO:CONSOLE(128)] "currentLatencynow: 0", source: file:///home/seluser/ppt/player/dashjs/index.html (128)
[640:640:0130/112116.892934:WARNING:audio_manager_linux.cc(69)] Falling back to ALSA for audio output. PulseAudio is not available or could not be initialized.
[640:640:0130/112116.900174:ERROR:alsa_util.cc(204)] PcmOpen: default,No such file or directory
[640:640:0130/112116.900442:ERROR:alsa_util.cc(204)] PcmOpen: plug:default,No such file or directory
[230:230:0130/112116.927509:INFO:CONSOLE(128)] "currentLatencynow: 8.876", source: file:///home/seluser/ppt/player/dashjs/index.html (128)
[230:230:0130/112117.927494:INFO:CONSOLE(128)] "currentLatencynow: 9.876", source: file:///home/seluser/ppt/player/dashjs/index.html (128)
[230:230:0130/112118.927434:INFO:CONSOLE(128)] "currentLatencynow: 10.876", source: file:///home/seluser/ppt/player/dashjs/index.html (128)
[230:230:0130/112119.927577:INFO:CONSOLE(128)] "currentLatencynow: 11.876", source: file:///home/seluser/ppt/player/dashjs/index.html (128)
[230:230:0130/112120.927361:INFO:CONSOLE(128)] "currentLatencynow: 12.876", source: file:///home/seluser/ppt/player/dashjs/index.html (128)
[230:230:0130/112121.927327:INFO:CONSOLE(128)] "currentLatencynow: 13.876", source: file:///home/seluser/ppt/player/dashjs/index.html (128)
[230:257:0130/112122.541568:ERROR:bus.cc(392)] Failed to connect to the bus: Address does not contain a colon
[230:257:0130/112122.541662:ERROR:bus.cc(392)] Failed to connect to the bus: Address does not contain a colon
[230:257:0130/112122.541685:ERROR:bus.cc(392)] Failed to connect to the bus: Address does not contain a colon
[230:257:0130/112122.541705:ERROR:bus.cc(392)] Failed to connect to the bus: Address does not contain a colon
[230:257:0130/112122.541718:ERROR:bus.cc(392)] Failed to connect to the bus: Address does not contain a colon
[230:257:0130/112122.541738:ERROR:bus.cc(392)] Failed to connect to the bus: Address does not contain a colon
[230:257:0130/112122.541757:ERROR:bus.cc(392)] Failed to connect to the bus: Address does not contain a colon
[230:257:0130/112122.541774:ERROR:bus.cc(392)] Failed to connect to the bus: Address does not contain a colon
[230:257:0130/112122.541798:ERROR:bus.cc(392)] Failed to connect to the bus: Address does not contain a colon
[230:257:0130/112122.541837:ERROR:bus.cc(392)] Failed to connect to the bus: Address does not contain a colon
[230:257:0130/112122.541862:ERROR:bus.cc(392)] Failed to connect to the bus: Address does not contain a colon
[230:257:0130/112122.541876:ERROR:bus.cc(392)] Failed to connect to the bus: Address does not contain a colon
[230:257:0130/112122.541891:ERROR:bus.cc(392)] Failed to connect to the bus: Address does not contain a colon
[230:257:0130/112122.541903:ERROR:bus.cc(392)] Failed to connect to the bus: Address does not contain a colon
[230:257:0130/112122.550896:ERROR:bus.cc(392)] Failed to connect to the bus: Address does not contain a colon
[230:257:0130/112122.550946:ERROR:bus.cc(392)] Failed to connect to the bus: Address does not contain a colon
[230:257:0130/112122.550962:ERROR:bus.cc(392)] Failed to connect to the bus: Address does not contain a colon
[230:257:0130/112122.580644:ERROR:bus.cc(392)] Failed to connect to the bus: Address does not contain a colon
[230:257:0130/112122.580687:ERROR:bus.cc(392)] Failed to connect to the bus: Address does not contain a colon
[230:230:0130/112122.927298:INFO:CONSOLE(128)] "currentLatencynow: 14.541", source: file:///home/seluser/ppt/player/dashjs/index.html (128)
[230:230:0130/112123.927657:INFO:CONSOLE(128)] "currentLatencynow: 14.441", source: file:///home/seluser/ppt/player/dashjs/index.html (128)
[230:230:0130/112124.927360:INFO:CONSOLE(128)] "currentLatencynow: 15.072", source: file:///home/seluser/ppt/player/dashjs/index.html (128)
[230:230:0130/112125.927361:INFO:CONSOLE(128)] "currentLatencynow: 16.072", source: file:///home/seluser/ppt/player/dashjs/index.html (128)
[230:257:0130/112126.787327:ERROR:bus.cc(392)] Failed to connect to the bus: Address does not contain a colon
[230:257:0130/112126.787396:ERROR:bus.cc(392)] Failed to connect to the bus: Address does not contain a colon
[230:230:0130/112126.927309:INFO:CONSOLE(128)] "currentLatencynow: 16.87", source: file:///home/seluser/ppt/player/dashjs/index.html (128)
[230:230:0130/112127.927318:INFO:CONSOLE(128)] "currentLatencynow: 16.869", source: file:///home/seluser/ppt/player/dashjs/index.html (128)
[230:230:0130/112128.927246:INFO:CONSOLE(128)] "currentLatencynow: 17.032", source: file:///home/seluser/ppt/player/dashjs/index.html (128)
[230:230:0130/112129.927327:INFO:CONSOLE(128)] "currentLatencynow: 18.033", source: file:///home/seluser/ppt/player/dashjs/index.html (128)
[230:230:0130/112130.927524:INFO:CONSOLE(128)] "currentLatencynow: 19.032", source: file:///home/seluser/ppt/player/dashjs/index.html (128)
[230:230:0130/112131.927295:INFO:CONSOLE(128)] "currentLatencynow: 20.032", source: file:///home/seluser/ppt/player/dashjs/index.html (128)
[230:230:0130/112132.927327:INFO:CONSOLE(128)] "currentLatencynow: 21.032", source: file:///home/seluser/ppt/player/dashjs/index.html (128)
[230:230:0130/112133.927384:INFO:CONSOLE(128)] "currentLatencynow: 22.032", source: file:///home/seluser/ppt/player/dashjs/index.html (128)
[230:230:0130/112134.927296:INFO:CONSOLE(128)] "currentLatencynow: 23.032", source: file:///home/seluser/ppt/player/dashjs/index.html (128)
[230:230:0130/112135.927360:INFO:CONSOLE(128)] "currentLatencynow: 24.033", source: file:///home/seluser/ppt/player/dashjs/index.html (128)
[230:230:0130/112136.927376:INFO:CONSOLE(128)] "currentLatencynow: 25.032", source: file:///home/seluser/ppt/player/dashjs/index.html (128)
[230:230:0130/112137.927502:INFO:CONSOLE(128)] "currentLatencynow: 26.033", source: file:///home/seluser/ppt/player/dashjs/index.html (128)
[230:230:0130/112138.927349:INFO:CONSOLE(128)] "currentLatencynow: 27.033", source: file:///home/seluser/ppt/player/dashjs/index.html (128)
[230:230:0130/112139.927328:INFO:CONSOLE(128)] "currentLatencynow: 28.032", source: file:///home/seluser/ppt/player/dashjs/index.html (128)
[230:230:0130/112140.927348:INFO:CONSOLE(128)] "currentLatencynow: 29.032", source: file:///home/seluser/ppt/player/dashjs/index.html (128)
[230:230:0130/112141.927412:INFO:CONSOLE(128)] "currentLatencynow: 30.033", source: file:///home/seluser/ppt/player/dashjs/index.html (128)
[230:230:0130/112142.927351:INFO:CONSOLE(128)] "currentLatencynow: 30.771", source: file:///home/seluser/ppt/player/dashjs/index.html (128)
[230:230:0130/112143.927259:INFO:CONSOLE(128)] "currentLatencynow: 31.771", source: file:///home/seluser/ppt/player/dashjs/index.html (128)
[230:230:0130/112144.927351:INFO:CONSOLE(128)] "currentLatencynow: 32.771", source: file:///home/seluser/ppt/player/dashjs/index.html (128)
[230:230:0130/112145.927313:INFO:CONSOLE(128)] "currentLatencynow: 33.771", source: file:///home/seluser/ppt/player/dashjs/index.html (128)
[230:230:0130/112146.927449:INFO:CONSOLE(128)] "currentLatencynow: 34.772", source: file:///home/seluser/ppt/player/dashjs/index.html (128)
[230:230:0130/112147.927381:INFO:CONSOLE(128)] "currentLatencynow: 35.771", source: file:///home/seluser/ppt/player/dashjs/index.html (128)
[230:230:0130/112148.927253:INFO:CONSOLE(128)] "currentLatencynow: 36.771", source: file:///home/seluser/ppt/player/dashjs/index.html (128)
[230:230:0130/112149.927201:INFO:CONSOLE(128)] "currentLatencynow: 37.771", source: file:///home/seluser/ppt/player/dashjs/index.html (128)
[230:230:0130/112150.927301:INFO:CONSOLE(128)] "currentLatencynow: 38.771", source: file:///home/seluser/ppt/player/dashjs/index.html (128)
[230:230:0130/112151.927293:INFO:CONSOLE(128)] "currentLatencynow: 39.771", source: file:///home/seluser/ppt/player/dashjs/index.html (128)
[230:230:0130/112152.927291:INFO:CONSOLE(128)] "currentLatencynow: 40.771", source: file:///home/seluser/ppt/player/dashjs/index.html (128)
[230:230:0130/112153.927266:INFO:CONSOLE(128)] "currentLatencynow: 41.771", source: file:///home/seluser/ppt/player/dashjs/index.html (128)
[230:230:0130/112154.927290:INFO:CONSOLE(128)] "currentLatencynow: 42.771", source: file:///home/seluser/ppt/player/dashjs/index.html (128)
[230:230:0130/112155.927217:INFO:CONSOLE(128)] "currentLatencynow: 43.771", source: file:///home/seluser/ppt/player/dashjs/index.html (128)
[230:230:0130/112156.927230:INFO:CONSOLE(128)] "currentLatencynow: 44.771", source: file:///home/seluser/ppt/player/dashjs/index.html (128)
[230:230:0130/112157.927329:INFO:CONSOLE(128)] "currentLatencynow: 45.771", source: file:///home/seluser/ppt/player/dashjs/index.html (128)
[230:230:0130/112158.927511:INFO:CONSOLE(128)] "currentLatencynow: 46.772", source: file:///home/seluser/ppt/player/dashjs/index.html (128)
[230:230:0130/112159.927319:INFO:CONSOLE(128)] "currentLatencynow: 47.771", source: file:///home/seluser/ppt/player/dashjs/index.html (128)
[230:230:0130/112200.927410:INFO:CONSOLE(128)] "currentLatencynow: 48.771", source: file:///home/seluser/ppt/player/dashjs/index.html (128)
[230:230:0130/112201.927509:INFO:CONSOLE(128)] "currentLatencynow: 49.771", source: file:///home/seluser/ppt/player/dashjs/index.html (128)
[230:230:0130/112202.927454:INFO:CONSOLE(128)] "currentLatencynow: 50.771", source: file:///home/seluser/ppt/player/dashjs/index.html (128)
[230:230:0130/112203.927498:INFO:CONSOLE(128)] "currentLatencynow: 51.771", source: file:///home/seluser/ppt/player/dashjs/index.html (128)
[230:230:0130/112204.927535:INFO:CONSOLE(128)] "currentLatencynow: 52.771", source: file:///home/seluser/ppt/player/dashjs/index.html (128)
[230:230:0130/112205.927585:INFO:CONSOLE(128)] "currentLatencynow: 53.772", source: file:///home/seluser/ppt/player/dashjs/index.html (128)
[230:230:0130/112206.927394:INFO:CONSOLE(128)] "currentLatencynow: 54.771", source: file:///home/seluser/ppt/player/dashjs/index.html (128)
[230:230:0130/112207.927470:INFO:CONSOLE(128)] "currentLatencynow: 55.772", source: file:///home/seluser/ppt/player/dashjs/index.html (128)
[230:230:0130/112208.927554:INFO:CONSOLE(128)] "currentLatencynow: 56.772", source: file:///home/seluser/ppt/player/dashjs/index.html (128)
[230:230:0130/112209.927390:INFO:CONSOLE(128)] "currentLatencynow: 57.771", source: file:///home/seluser/ppt/player/dashjs/index.html (128)
[230:230:0130/112210.927580:INFO:CONSOLE(128)] "currentLatencynow: 58.772", source: file:///home/seluser/ppt/player/dashjs/index.html (128)
[230:230:0130/112211.927654:INFO:CONSOLE(128)] "currentLatencynow: 59.772", source: file:///home/seluser/ppt/player/dashjs/index.html (128)
[230:230:0130/112212.927502:INFO:CONSOLE(128)] "currentLatencynow: 60.771", source: file:///home/seluser/ppt/player/dashjs/index.html (128)
[230:230:0130/112213.927708:INFO:CONSOLE(128)] "currentLatencynow: 61.772", source: file:///home/seluser/ppt/player/dashjs/index.html (128)
[230:230:0130/112214.927521:INFO:CONSOLE(128)] "currentLatencynow: 62.772", source: file:///home/seluser/ppt/player/dashjs/index.html (128)
[230:230:0130/112215.927642:INFO:CONSOLE(128)] "currentLatencynow: 63.771", source: file:///home/seluser/ppt/player/dashjs/index.html (128)
[230:230:0130/112216.927516:INFO:CONSOLE(128)] "currentLatencynow: 64.772", source: file:///home/seluser/ppt/player/dashjs/index.html (128)
[230:230:0130/112217.927425:INFO:CONSOLE(128)] "currentLatencynow: 65.772", source: file:///home/seluser/ppt/player/dashjs/index.html (128)
[230:230:0130/112218.927369:INFO:CONSOLE(128)] "currentLatencynow: 66.771", source: file:///home/seluser/ppt/player/dashjs/index.html (128)
[230:230:0130/112219.927305:INFO:CONSOLE(128)] "currentLatencynow: 67.772", source: file:///home/seluser/ppt/player/dashjs/index.html (128)
[230:230:0130/112220.927298:INFO:CONSOLE(128)] "currentLatencynow: 68.771", source: file:///home/seluser/ppt/player/dashjs/index.html (128)
[230:230:0130/112221.927381:INFO:CONSOLE(128)] "currentLatencynow: 69.771", source: file:///home/seluser/ppt/player/dashjs/index.html (128)
[230:230:0130/112222.927498:INFO:CONSOLE(128)] "currentLatencynow: 70.772", source: file:///home/seluser/ppt/player/dashjs/index.html (128)
[230:230:0130/112223.927449:INFO:CONSOLE(128)] "currentLatencynow: 71.772", source: file:///home/seluser/ppt/player/dashjs/index.html (128)
[230:230:0130/112224.927359:INFO:CONSOLE(128)] "currentLatencynow: 72.771", source: file:///home/seluser/ppt/player/dashjs/index.html (128)
[230:230:0130/112225.927405:INFO:CONSOLE(128)] "currentLatencynow: 73.772", source: file:///home/seluser/ppt/player/dashjs/index.html (128)
[230:230:0130/112226.927365:INFO:CONSOLE(128)] "currentLatencynow: 74.771", source: file:///home/seluser/ppt/player/dashjs/index.html (128)
[230:230:0130/112227.927512:INFO:CONSOLE(128)] "currentLatencynow: 75.772", source: file:///home/seluser/ppt/player/dashjs/index.html (128)
[230:230:0130/112228.927403:INFO:CONSOLE(128)] "currentLatencynow: 76.772", source: file:///home/seluser/ppt/player/dashjs/index.html (128)
[230:230:0130/112229.927491:INFO:CONSOL[230:230:0130/112406.927384:INFO:CONSOLE(128)] "currentLatencynow: 174.771", source: file:///home/seluser/ppt/player/dashjs/index.html (128)
[230:230:0130/112407.927349:INFO:CONSOLE(128)] "currentLatencynow: 175.771", source: file:///home/seluser/ppt/player/dashjs/index.html (128)
[230:230:0130/112408.927298:INFO:CONSOLE(128)] "currentLatencynow: 176.771", source: file:///home/seluser/ppt/player/dashjs/index.html (128)
[230:230:0130/112409.927233:INFO:CONSOLE(128)] "currentLatencynow: 177.771", source: file:///home/seluser/ppt/player/dashjs/index.html (128)
[230:230:0130/112410.082965:WARNING:pref_notifier_impl.cc(40)] Pref observer for media_router.cast_allow_all_ips found at shutdown.
