[229:293:0130/112106.524773:ERROR:bus.cc(392)] Failed to connect to the bus: Failed to connect to socket /var/run/dbus/system_bus_socket: No such file or directory
[229:256:0130/112106.526793:ERROR:bus.cc(392)] Failed to connect to the bus: Address does not contain a colon
[229:256:0130/112106.526870:ERROR:bus.cc(392)] Failed to connect to the bus: Address does not contain a colon
[229:256:0130/112106.539001:ERROR:bus.cc(392)] Failed to connect to the bus: Address does not contain a colon
[229:256:0130/112106.539086:ERROR:bus.cc(392)] Failed to connect to the bus: Address does not contain a colon
[300:300:0130/112106.542643:ERROR:gpu_init.cc(453)] Passthrough is not supported, GL is swiftshader, ANGLE is 
[229:256:0130/112106.564748:ERROR:bus.cc(392)] Failed to connect to the bus: Address does not contain a colon
[229:256:0130/112106.564797:ERROR:bus.cc(392)] Failed to connect to the bus: Address does not contain a colon
[229:396:0130/112106.690540:ERROR:bus.cc(392)] Failed to connect to the bus: Failed to connect to socket /var/run/dbus/system_bus_socket: No such file or directory
[229:396:0130/112106.690809:ERROR:bus.cc(392)] Failed to connect to the bus: Failed to connect to socket /var/run/dbus/system_bus_socket: No such file or directory
[229:396:0130/112106.690877:ERROR:bus.cc(392)] Failed to connect to the bus: Failed to connect to socket /var/run/dbus/system_bus_socket: No such file or directory
[229:396:0130/112106.690894:WARNING:property.cc(144)] DaemonVersion: GetAndBlock: failed.
[229:396:0130/112106.690930:ERROR:bus.cc(392)] Failed to connect to the bus: Failed to connect to socket /var/run/dbus/system_bus_socket: No such file or directory
[229:396:0130/112106.690970:ERROR:bus.cc(392)] Failed to connect to the bus: Failed to connect to socket /var/run/dbus/system_bus_socket: No such file or directory
[434:434:0130/112107.822287:WARNING:audio_manager_linux.cc(69)] Falling back to ALSA for audio output. PulseAudio is not available or could not be initialized.
[434:434:0130/112107.827340:ERROR:alsa_util.cc(204)] PcmOpen: default,No such file or directory
[434:434:0130/112107.828971:ERROR:alsa_util.cc(204)] PcmOpen: plug:default,No such file or directory
[229:229:0130/112108.047246:INFO:CONSOLE(128)] "currentLatencynow: 4.775", source: file:///home/seluser/ppt/player/dashjs/index.html (128)
[229:331:0130/112108.801055:ERROR:chrome_browser_main_extra_parts_metrics.cc(228)] crbug.com/1216328: Checking Bluetooth availability started. Please report if there is no report that this ends.
[229:331:0130/112108.801099:ERROR:chrome_browser_main_extra_parts_metrics.cc(231)] crbug.com/1216328: Checking Bluetooth availability ended.
[229:331:0130/112108.801108:ERROR:chrome_browser_main_extra_parts_metrics.cc(234)] crbug.com/1216328: Checking default browser status started. Please report if there is no report that this ends.
[229:331:0130/112108.977484:ERROR:chrome_browser_main_extra_parts_metrics.cc(238)] crbug.com/1216328: Checking default browser status ended.
[229:229:0130/112109.047234:INFO:CONSOLE(128)] "currentLatencynow: 5.775", source: file:///home/seluser/ppt/player/dashjs/index.html (128)
[229:256:0130/112109.867060:ERROR:bus.cc(392)] Failed to connect to the bus: Address does not contain a colon
[229:256:0130/112109.867139:ERROR:bus.cc(392)] Failed to connect to the bus: Address does not contain a colon
[229:256:0130/112109.867155:ERROR:bus.cc(392)] Failed to connect to the bus: Address does not contain a colon
[229:256:0130/112109.867167:ERROR:bus.cc(392)] Failed to connect to the bus: Address does not contain a colon
[229:256:0130/112109.867176:ERROR:bus.cc(392)] Failed to connect to the bus: Address does not contain a colon
[229:256:0130/112109.867188:ERROR:bus.cc(392)] Failed to connect to the bus: Address does not contain a colon
[229:256:0130/112109.867199:ERROR:bus.cc(392)] Failed to connect to the bus: Address does not contain a colon
[229:256:0130/112109.867211:ERROR:bus.cc(392)] Failed to connect to the bus: Address does not contain a colon
[229:256:0130/112109.867221:ERROR:bus.cc(392)] Failed to connect to the bus: Address does not contain a colon
[229:256:0130/112109.867774:ERROR:bus.cc(392)] Failed to connect to the bus: Address does not contain a colon
[229:256:0130/112109.867789:ERROR:bus.cc(392)] Failed to connect to the bus: Address does not contain a colon
[229:256:0130/112109.867800:ERROR:bus.cc(392)] Failed to connect to the bus: Address does not contain a colon
[229:256:0130/112109.867812:ERROR:bus.cc(392)] Failed to connect to the bus: Address does not contain a colon
[229:256:0130/112109.867821:ERROR:bus.cc(392)] Failed to connect to the bus: Address does not contain a colon
[229:256:0130/112109.870770:ERROR:bus.cc(392)] Failed to connect to the bus: Address does not contain a colon
[229:256:0130/112109.870801:ERROR:bus.cc(392)] Failed to connect to the bus: Address does not contain a colon
[229:256:0130/112109.870816:ERROR:bus.cc(392)] Failed to connect to the bus: Address does not contain a colon
[229:256:0130/112109.899909:ERROR:bus.cc(392)] Failed to connect to the bus: Address does not contain a colon
[229:256:0130/112109.911937:ERROR:bus.cc(392)] Failed to connect to the bus: Address does not contain a colon
[229:229:0130/112110.047203:INFO:CONSOLE(128)] "currentLatencynow: 6.66", source: file:///home/seluser/ppt/player/dashjs/index.html (128)
[229:229:0130/112111.047261:INFO:CONSOLE(128)] "currentLatencynow: 7.171", source: file:///home/seluser/ppt/player/dashjs/index.html (128)
[229:229:0130/112112.047266:INFO:CONSOLE(128)] "currentLatencynow: 7.929", source: file:///home/seluser/ppt/player/dashjs/index.html (128)
[229:229:0130/112113.047168:INFO:CONSOLE(128)] "currentLatencynow: 7.929", source: file:///home/seluser/ppt/player/dashjs/index.html (128)
[229:229:0130/112114.047237:INFO:CONSOLE(128)] "currentLatencynow: 8.151", source: file:///home/seluser/ppt/player/dashjs/index.html (128)
[229:229:0130/112115.047356:INFO:CONSOLE(128)] "currentLatencynow: 9.151", source: file:///home/seluser/ppt/player/dashjs/index.html (128)
[229:229:0130/112116.047169:INFO:CONSOLE(128)] "currentLatencynow: 10.151", source: file:///home/seluser/ppt/player/dashjs/index.html (128)
[229:229:0130/112117.047302:INFO:CONSOLE(128)] "currentLatencynow: 11.151", source: file:///home/seluser/ppt/player/dashjs/index.html (128)
[229:229:0130/112118.047399:INFO:CONSOLE(128)] "currentLatencynow: 12.151", source: file:///home/seluser/ppt/player/dashjs/index.html (128)
[229:229:0130/112119.047245:INFO:CONSOLE(128)] "currentLatencynow: 13.151", source: file:///home/seluser/ppt/player/dashjs/index.html (128)
[229:229:0130/112120.047260:INFO:CONSOLE(128)] "currentLatencynow: 14.151", source: file:///home/seluser/ppt/player/dashjs/index.html (128)
[229:256:0130/112120.852752:ERROR:bus.cc(392)] Failed to connect to the bus: Address does not contain a colon
[229:256:0130/112120.852830:ERROR:bus.cc(392)] Failed to connect to the bus: Address does not contain a colon
[229:229:0130/112121.047259:INFO:CONSOLE(128)] "currentLatencynow: 14.926", source: file:///home/seluser/ppt/player/dashjs/index.html (128)
[229:229:0130/112122.047076:INFO:CONSOLE(128)] "currentLatencynow: 14.926", source: file:///home/seluser/ppt/player/dashjs/index.html (128)
[229:229:0130/112123.047213:INFO:CONSOLE(128)] "currentLatencynow: 15.146", source: file:///home/seluser/ppt/player/dashjs/index.html (128)
[229:229:0130/112124.047297:INFO:CONSOLE(128)] "currentLatencynow: 16.146", source: file:///home/seluser/ppt/player/dashjs/index.html (128)
[229:229:0130/112125.047171:INFO:CONSOLE(128)] "currentLatencynow: 17.146", source: file:///home/seluser/ppt/player/dashjs/index.html (128)
[229:229:0130/112126.047212:INFO:CONSOLE(128)] "currentLatencynow: 18.146", source: file:///home/seluser/ppt/player/dashjs/index.html (128)
[229:229:0130/112127.047201:INFO:CONSOLE(128)] "currentLatencynow: 19.146", source: file:///home/seluser/ppt/player/dashjs/index.html (128)
[229:256:0130/112127.662021:ERROR:bus.cc(392)] Failed to connect to the bus: Address does not contain a colon
[229:256:0130/112127.662087:ERROR:bus.cc(392)] Failed to connect to the bus: Address does not contain a colon
[229:229:0130/112128.047280:INFO:CONSOLE(128)] "currentLatencynow: 19.691", source: file:///home/seluser/ppt/player/dashjs/index.html (128)
[229:229:0130/112129.047069:INFO:CONSOLE(128)] "currentLatencynow: 19.591", source: file:///home/seluser/ppt/player/dashjs/index.html (128)
[229:229:0130/112130.047158:INFO:CONSOLE(128)] "currentLatencynow: 20.14", source: file:///home/seluser/ppt/player/dashjs/index.html (128)
[229:229:0130/112131.047250:INFO:CONSOLE(128)] "currentLatencynow: 21.14", source: file:///home/seluser/ppt/player/dashjs/index.html (128)
[229:229:0130/112132.047231:INFO:CONSOLE(128)] "currentLatencynow: 22.14", source: file:///home/seluser/ppt/player/dashjs/index.html (128)
[229:229:0130/112133.047239:INFO:CONSOLE(128)] "currentLatencynow: 23.14", source: file:///home/seluser/ppt/player/dashjs/index.html (128)
[229:229:0130/112134.047108:INFO:CONSOLE(128)] "currentLatencynow: 24.14", source: file:///home/seluser/ppt/player/dashjs/index.html (128)
[229:229:0130/112135.047308:INFO:CONSOLE(128)] "currentLatencynow: 25.14", source: file:///home/seluser/ppt/player/dashjs/index.html (128)
[229:229:0130/112136.047271:INFO:CONSOLE(128)] "currentLatencynow: 26.14", source: file:///home/seluser/ppt/player/dashjs/index.html (128)
[229:229:0130/112137.047234:INFO:CONSOLE(128)] "currentLatencynow: 27.14", source: file:///home/seluser/ppt/player/dashjs/index.html (128)
[229:229:0130/112138.047169:INFO:CONSOLE(128)] "currentLatencynow: 28.14", source: file:///home/seluser/ppt/player/dashjs/index.html (128)
[229:229:0130/112139.047228:INFO:CONSOLE(128)] "currentLatencynow: 29.14", source: file:///home/seluser/ppt/player/dashjs/index.html (128)
[229:229:0130/112140.047033:INFO:CONSOLE(128)] "currentLatencynow: 30.14", source: file:///home/seluser/ppt/player/dashjs/index.html (128)
[229:256:0130/112140.159203:ERROR:bus.cc(392)] Failed to connect to the bus: Address does not contain a colon
[229:256:0130/112140.159271:ERROR:bus.cc(392)] Failed to connect to the bus: Address does not contain a colon
[229:229:0130/112141.047118:INFO:CONSOLE(128)] "currentLatencynow: 30.069", source: file:///home/seluser/ppt/player/dashjs/index.html (128)
[229:229:0130/112142.047161:INFO:CONSOLE(128)] "currentLatencynow: 29.969", source: file:///home/seluser/ppt/player/dashjs/index.html (128)
[229:229:0130/112143.047079:INFO:CONSOLE(128)] "currentLatencynow: 29.869", source: file:///home/seluser/ppt/player/dashjs/index.html (128)
[229:229:0130/112144.047112:INFO:CONSOLE(128)] "currentLatencynow: 30.153", source: file:///home/seluser/ppt/player/dashjs/index.html (128)
[229:229:0130/112145.047099:INFO:CONSOLE(128)] "currentLatencynow: 30.849", source: file:///home/seluser/ppt/player/dashjs/index.html (128)
[229:229:0130/112146.047099:INFO:CONSOLE(128)] "currentLatencynow: 31.849", source: file:///home/seluser/ppt/player/dashjs/index.html (128)
[229:229:0130/112147.047129:INFO:CONSOLE(128)] "currentLatencynow: 32.849", source: file:///home/seluser/ppt/player/dashjs/index.html (128)
[229:229:0130/112148.047176:INFO:CONSOLE(128)] "currentLatencynow: 33.849", source: file:///home/seluser/ppt/player/dashjs/index.html (128)
[229:229:0130/112149.047148:INFO:CONSOLE(128)] "currentLatencynow: 34.849", source: file:///home/seluser/ppt/player/dashjs/index.html (128)
[229:229:0130/112150.047193:INFO:CONSOLE(128)] "currentLatencynow: 35.849", source: file:///home/seluser/ppt/player/dashjs/index.html (128)
[229:229:0130/112151.047111:INFO:CONSOLE(128)] "currentLatencynow: 36.849", source: file:///home/seluser/ppt/player/dashjs/index.html (128)
[229:229:0130/112152.047103:INFO:CONSOLE(128)] "currentLatencynow: 37.849", source: file:///home/seluser/ppt/player/dashjs/index.html (128)
[229:229:0130/112153.047164:INFO:CONSOLE(128)] "currentLatencynow: 38.849", source: file:///home/seluser/ppt/player/dashjs/index.html (128)
[229:229:0130/112154.047220:INFO:CONSOLE(128)] "currentLatencynow: 39.849", source: file:///home/seluser/ppt/player/dashjs/index.html (128)
[229:229:0130/112155.047129:INFO:CONSOLE(128)] "currentLatencynow: 40.849", source: file:///home/seluser/ppt/player/dashjs/index.html (128)
[229:229:0130/112156.047173:INFO:CONSOLE(128)] "currentLatencynow: 41.849", source: file:///home/seluser/ppt/player/dashjs/index.html (128)
[229:229:0130/112157.047212:INFO:CONSOLE(128)] "currentLatencynow: 42.849", source: file:///home/seluser/ppt/player/dashjs/index.html (128)
[229:229:0130/112158.047157:INFO:CONSOLE(128)] "currentLatencynow: 43.849", source: file:///home/seluser/ppt/player/dashjs/index.html (128)
[229:229:0130/112159.047230:INFO:CONSOLE(128)] "currentLatencynow: 44.849", source: file:///home/seluser/ppt/player/dashjs/index.html (128)
[229:229:0130/112200.047226:INFO:CONSOLE(128)] "currentLatencynow: 45.849", source: file:///home/seluser/ppt/player/dashjs/index.html (128)
[229:229:0130/112201.047210:INFO:CONSOLE(128)] "currentLatencynow: 46.849", source: file:///home/seluser/ppt/player/dashjs/index.html (128)
[229:229:0130/112202.047156:INFO:CONSOLE(128)] "currentLatencynow: 47.849", source: file:///home/seluser/ppt/player/dashjs/index.html (128)
[229:229:0130/112203.047227:INFO:CONSOLE(128)] "currentLatencynow: 48.849", source: file:///home/seluser/ppt/player/dashjs/index.html (128)
[229:229:0130/112204.047304:INFO:CONSOLE(128)] "currentLatencynow: 49.849", source: file:///home/seluser/ppt/player/dashjs/index.html (128)
[229:229:0130/112205.047171:INFO:CONSOLE(128)] "currentLatencynow: 50.849", source: file:///home/seluser/ppt/player/dashjs/index.html (128)
[229:229:0130/112206.047249:INFO:CONSOLE(128)] "currentLatencynow: 51.849", source: file:///home/seluser/ppt/player/dashjs/index.html (128)
[229:229:0130/112207.047180:INFO:CONSOLE(128)] "currentLatencynow: 52.849", source: file:///home/seluser/ppt/player/dashjs/index.html (128)
[229:229:0130/112208.047366:INFO:CONSOLE(128)] "currentLatencynow: 53.849", source: file:///home/seluser/ppt/player/dashjs/index.html (128)
[229:229:0130/112209.047285:INFO:CONSOLE(128)] "currentLatencynow: 54.849", source: file:///home/seluser/ppt/player/dashjs/index.html (128)
[229:229:0130/112210.047135:INFO:CONSOLE(128)] "currentLatencynow: 55.849", source: file:///home/seluser/ppt/player/dashjs/index.html (128)
[229:229:0130/112211.047243:INFO:CONSOLE(128)] "currentLatencynow: 56.849", source: file:///home/seluser/ppt/player/dashjs/index.html (128)
[229:229:0130/112212.047184:INFO:CONSOLE(128)] "currentLatencynow: 57.849", source: file:///home/seluser/ppt/player/dashjs/index.html (128)
[229:229:0130/112213.047049:INFO:CONSOLE(128)] "currentLatencynow: 58.849", source: file:///home/seluser/ppt/player/dashjs/index.html (128)
[229:229:0130/112214.047123:INFO:CONSOLE(128)] "currentLatencynow: 59.849", source: file:///home/seluser/ppt/player/dashjs/index.html (128)
[229:229:0130/112215.047335:INFO:CONSOLE(128)] "currentLatencynow: 60.849", source: file:///home/seluser/ppt/player/dashjs/index.html (128)
[229:229:0130/112216.047056:INFO:CONSOLE(128)] "currentLatencynow: 61.849", source: file:///home/seluser/ppt/player/dashjs/index.html (128)
[229:229:0130/112217.047320:INFO:CONSOLE(128)] "currentLatencynow: 62.849", source: file:///home/seluser/ppt/player/dashjs/index.html (128)
[229:229:0130/112218.047102:INFO:CONSOLE(128)] "currentLatencynow: 63.849", source: file:///home/seluser/ppt/player/dashjs/index.html (128)
[229:229:0130/112219.047217:INFO:CONSOLE(128)] "currentLatencynow: 64.849", source: file:///home/seluser/ppt/player/dashjs/index.html (128)
[229:229:0130/112220.047274:INFO:CONSOLE(128)] "currentLatencynow: 65.849", source: file:///home/seluser/ppt/player/dashjs/index.html (128)
[229:229:0130/112221.047235:INFO:CONSOLE(128)] "currentLatencynow: 66.849", source: file:///home/seluser/ppt/player/dashjs/index.html (128)
[229:229:0130/112222.047308:INFO:CONSOLE(128)] "currentLatencynow: 67.849", source: file:///home/seluser/ppt/player/dashjs/index.html (128)
[229:229:0130/112223.047261:INFO:CONSOLE(128)] "currentLatencynow: 68.849", source: file:///home/seluser/ppt/player/dashjs/index.html (128)
[229:229:0130/112224.047209:INFO:CONSOLE(128)] "currentLatencynow: 69.849", source: file:///home/seluser/ppt/player/dashjs/index.html (128)
[229:229:0130/112225.047270:INFO:CONSOLE(128)] "currentLatencynow: 70.849", source: file:///home/seluser/ppt/player/dashjs/index.html (128)
[229:229:0130/112226.047241:INFO:CONSOLE(128)] "currentLatencynow: 71.849", source: file:///home/seluser/ppt/player/dashjs/index.html (128)
[229:229:0130/112227.047165:INFO:CONSOLE(128)] "currentLatencynow: 72.849", source: file:///home/seluser/ppt/player/dashjs/index.html (128)
[229:229:0130/112228.047261:INFO:CONSOLE(128)] "currentLatencynow: 73.849", source: file:///home/seluser/ppt/player/dashjs/index.html (128)
[229:229:0130/112229.047277:INFO:CONSOLE(128)] "currentLatencynow: 74.849", source: file:///home/seluser/ppt/player/dashjs/index.html (128)
[229:229:0130/112230.047238:INFO:CONSOLE(128)] "currentLatencynow: 75.849", source: file:///home/seluser/ppt/player/dashjs/index.html (128)
[229:229:0130/112231.047203:INFO:CONSOLE(128)] "currentLatencynow: 76.849", source: file:///home/seluser/ppt/player/dashjs/index.html (128)
[229:229:0130/112232.047176:INFO:CONSOLE(128)] "currentLatencynow: 77.849", source: file:///home/seluser/ppt/player/dashjs/index.html (128)
[229:229:0130/112233.047364:INFO:CONSOLE(128)] "currentLatencynow: 78.849", source: file:///home/seluser/ppt/player/dashjs/index.html (128)
[229:229:0130/112234.047267:INFO:CONSOLE(128)] "currentLatencynow: 79.849", source: file:///home/seluser/ppt/player/dashjs/index.html (128)
[229:229:0130/112235.047320:INFO:CONSOLE(128)] "currentLatencynow: 80.849", source: file:///home/seluser/ppt/player/dashjs/index.html (128)
[229:229:0130/112236.047377:INFO:CONSOLE(128)] "currentLatencynow: 81.849", source: file:///home/seluser/ppt/player/dashjs/index.html (128)
[229:229:0130/112237.047226:INFO:CONSOLE(128)] "currentLatencynow: 82.849", source: file:///home/seluser/ppt/player/dashjs/index.html (128)
[229:229:0130/112238.047396:INFO:CONSOLE(128)] "currentLatencynow: 83.849", source: file:///home/seluser/ppt/player/dashjs/index.html (128)
[229:229:0130/112239.047431:INFO:CONSOLE(128)] "currentLatencynow: 84.849", source: file:///home/seluser/ppt/player/dashjs/index.html (128)
[229:229:0130/112240.047371:INFO:CONSOLE(128)] "currentLatencynow: 85.849", source: file:///home/seluser/ppt/player/dashjs/index.html (128)
[229:229:0130/112241.047316:INFO:CONSOLE(128)] "currentLatencynow: 86.849", source: file:///home/seluser/ppt/player/dashjs/index.html (128)
[229:229:0130/112242.047257:INFO:CONSOLE(128)] "currentLatencynow: 87.849", source: file:///home/seluser/ppt/player/dashjs/index.html (128)
[229:229:0130/112243.047200:INFO:CONSOLE(128)] "currentLatencynow: 88.849", source: file:///home/seluser/ppt/player/dashjs/index.html (128)
[229:229:0130/112244.047327:INFO:CONSOLE(128)] "currentLatencynow: 89.849", source: file:///home/seluser/ppt/player/dashjs/index.html (128)
[229:229:0130/112245.047253:INFO:CONSOLE(128)] "currentLatencynow: 90.849", source: file:///home/seluser/ppt/player/dashjs/index.html (128)
[229:229:0130/112246.047369:INFO:CONSOLE(128)] "currentLatencynow: 91.849", source: file:///home/seluser/ppt/player/dashjs/index.html (128)
[229:229:0130/112247.047236:INFO:CONSOLE(128)] "currentLatencynow: 92.849", source: file:///home/seluser/ppt/player/dashjs/index.html (128)
[229:229:0130/112248.047328:INFO:CONSOLE(128)] "currentLatencynow: 93.849", source: file:///home/seluser/ppt/player/dashjs/index.html (128)
[229:229:0130/112249.047317:INFO:CONSOLE(128)] "currentLatencynow: 94.849", source: file:///home/seluser/ppt/player/dashjs/index.html (128)
[229:229:0130/112250.047311:INFO:CONSOLE(128)] "currentLatencynow: 95.849", source: file:///home/seluser/ppt/player/dashjs/index.html (128)
[229:229:0130/112251.047191:INFO:CONSOLE(128)] "currentLatencynow: 96.849", source: file:///home/seluser/ppt/player/dashjs/index.html (128)
[229:229:0130/112252.047268:INFO:CONSOLE(128)] "currentLatencynow: 97.849", source: file:///home/seluser/ppt/player/dashjs/index.html (128)
[229:229:0130/112253.047449:INFO:CONSOLE(128)] "currentLatencynow: 98.849", source: file:///home/seluser/ppt/player/dashjs/index.html (128)
[229:229:0130/112254.047281:INFO:CON[229:229:0130/112407.047307:INFO:CONSOLE(128)] "currentLatencynow: 172.849", source: file:///home/seluser/ppt/player/dashjs/index.html (128)
[229:229:0130/112407.139951:WARNING:pref_notifier_impl.cc(40)] Pref observer for media_router.cast_allow_all_ips found at shutdown.
