[230:293:0130/112110.973685:ERROR:bus.cc(392)] Failed to connect to the bus: Failed to connect to socket /var/run/dbus/system_bus_socket: No such file or directory
[230:256:0130/112110.976556:ERROR:bus.cc(392)] Failed to connect to the bus: Address does not contain a colon
[230:256:0130/112110.976632:ERROR:bus.cc(392)] Failed to connect to the bus: Address does not contain a colon
[230:256:0130/112110.994522:ERROR:bus.cc(392)] Failed to connect to the bus: Address does not contain a colon
[230:256:0130/112110.994565:ERROR:bus.cc(392)] Failed to connect to the bus: Address does not contain a colon
[300:300:0130/112110.996780:ERROR:gpu_init.cc(453)] Passthrough is not supported, GL is swiftshader, ANGLE is 
[230:256:0130/112111.019417:ERROR:bus.cc(392)] Failed to connect to the bus: Address does not contain a colon
[230:256:0130/112111.019465:ERROR:bus.cc(392)] Failed to connect to the bus: Address does not contain a colon
[230:394:0130/112111.131962:ERROR:bus.cc(392)] Failed to connect to the bus: Failed to connect to socket /var/run/dbus/system_bus_socket: No such file or directory
[230:394:0130/112111.132038:ERROR:bus.cc(392)] Failed to connect to the bus: Failed to connect to socket /var/run/dbus/system_bus_socket: No such file or directory
[230:394:0130/112111.132099:ERROR:bus.cc(392)] Failed to connect to the bus: Failed to connect to socket /var/run/dbus/system_bus_socket: No such file or directory
[230:394:0130/112111.132117:WARNING:property.cc(144)] DaemonVersion: GetAndBlock: failed.
[230:394:0130/112111.132162:ERROR:bus.cc(392)] Failed to connect to the bus: Failed to connect to socket /var/run/dbus/system_bus_socket: No such file or directory
[230:394:0130/112111.132220:ERROR:bus.cc(392)] Failed to connect to the bus: Failed to connect to socket /var/run/dbus/system_bus_socket: No such file or directory
[301:335:0130/112111.295810:WARNING:spdy_session.cc(3518)] Received HEADERS for invalid stream 1
[230:230:0130/112112.422410:INFO:CONSOLE(128)] "currentLatencynow: NaN", source: file:///home/seluser/ppt/player/dashjs/index.html (128)
[230:295:0130/112113.229185:ERROR:chrome_browser_main_extra_parts_metrics.cc(228)] crbug.com/1216328: Checking Bluetooth availability started. Please report if there is no report that this ends.
[230:295:0130/112113.229236:ERROR:chrome_browser_main_extra_parts_metrics.cc(231)] crbug.com/1216328: Checking Bluetooth availability ended.
[230:295:0130/112113.229249:ERROR:chrome_browser_main_extra_parts_metrics.cc(234)] crbug.com/1216328: Checking default browser status started. Please report if there is no report that this ends.
[230:295:0130/112113.407750:ERROR:chrome_browser_main_extra_parts_metrics.cc(238)] crbug.com/1216328: Checking default browser status ended.
[230:230:0130/112113.421952:INFO:CONSOLE(128)] "currentLatencynow: NaN", source: file:///home/seluser/ppt/player/dashjs/index.html (128)
[230:230:0130/112114.421763:INFO:CONSOLE(128)] "currentLatencynow: NaN", source: file:///home/seluser/ppt/player/dashjs/index.html (128)
[230:230:0130/112115.422031:INFO:CONSOLE(128)] "currentLatencynow: 0", source: file:///home/seluser/ppt/player/dashjs/index.html (128)
[230:230:0130/112116.421909:INFO:CONSOLE(128)] "currentLatencynow: 0", source: file:///home/seluser/ppt/player/dashjs/index.html (128)
[230:230:0130/112117.421901:INFO:CONSOLE(128)] "currentLatencynow: 0", source: file:///home/seluser/ppt/player/dashjs/index.html (128)
[230:230:0130/112118.421884:INFO:CONSOLE(128)] "currentLatencynow: 0", source: file:///home/seluser/ppt/player/dashjs/index.html (128)
[230:230:0130/112119.421985:INFO:CONSOLE(128)] "currentLatencynow: 0", source: file:///home/seluser/ppt/player/dashjs/index.html (128)
[658:658:0130/112119.864421:WARNING:audio_manager_linux.cc(69)] Falling back to ALSA for audio output. PulseAudio is not available or could not be initialized.
[658:658:0130/112119.871294:ERROR:alsa_util.cc(204)] PcmOpen: default,No such file or directory
[658:658:0130/112119.871450:ERROR:alsa_util.cc(204)] PcmOpen: plug:default,No such file or directory
[230:230:0130/112120.422146:INFO:CONSOLE(128)] "currentLatencynow: 9.937", source: file:///home/seluser/ppt/player/dashjs/index.html (128)
[230:230:0130/112121.421945:INFO:CONSOLE(128)] "currentLatencynow: 10.937", source: file:///home/seluser/ppt/player/dashjs/index.html (128)
[230:230:0130/112122.422093:INFO:CONSOLE(128)] "currentLatencynow: 11.937", source: file:///home/seluser/ppt/player/dashjs/index.html (128)
[230:230:0130/112123.421928:INFO:CONSOLE(128)] "currentLatencynow: 12.937", source: file:///home/seluser/ppt/player/dashjs/index.html (128)
[230:230:0130/112124.421766:INFO:CONSOLE(128)] "currentLatencynow: 13.937", source: file:///home/seluser/ppt/player/dashjs/index.html (128)
[230:230:0130/112125.421982:INFO:CONSOLE(128)] "currentLatencynow: 14.937", source: file:///home/seluser/ppt/player/dashjs/index.html (128)
[230:256:0130/112126.302371:ERROR:bus.cc(392)] Failed to connect to the bus: Address does not contain a colon
[230:256:0130/112126.302446:ERROR:bus.cc(392)] Failed to connect to the bus: Address does not contain a colon
[230:256:0130/112126.302458:ERROR:bus.cc(392)] Failed to connect to the bus: Address does not contain a colon
[230:256:0130/112126.302468:ERROR:bus.cc(392)] Failed to connect to the bus: Address does not contain a colon
[230:256:0130/112126.302480:ERROR:bus.cc(392)] Failed to connect to the bus: Address does not contain a colon
[230:256:0130/112126.302490:ERROR:bus.cc(392)] Failed to connect to the bus: Address does not contain a colon
[230:256:0130/112126.302502:ERROR:bus.cc(392)] Failed to connect to the bus: Address does not contain a colon
[230:256:0130/112126.302516:ERROR:bus.cc(392)] Failed to connect to the bus: Address does not contain a colon
[230:256:0130/112126.302534:ERROR:bus.cc(392)] Failed to connect to the bus: Address does not contain a colon
[230:256:0130/112126.302550:ERROR:bus.cc(392)] Failed to connect to the bus: Address does not contain a colon
[230:256:0130/112126.302560:ERROR:bus.cc(392)] Failed to connect to the bus: Address does not contain a colon
[230:256:0130/112126.302570:ERROR:bus.cc(392)] Failed to connect to the bus: Address does not contain a colon
[230:256:0130/112126.302580:ERROR:bus.cc(392)] Failed to connect to the bus: Address does not contain a colon
[230:256:0130/112126.302591:ERROR:bus.cc(392)] Failed to connect to the bus: Address does not contain a colon
[230:256:0130/112126.302631:ERROR:bus.cc(392)] Failed to connect to the bus: Address does not contain a colon
[230:256:0130/112126.302649:ERROR:bus.cc(392)] Failed to connect to the bus: Address does not contain a colon
[230:256:0130/112126.302662:ERROR:bus.cc(392)] Failed to connect to the bus: Address does not contain a colon
[230:256:0130/112126.352306:ERROR:bus.cc(392)] Failed to connect to the bus: Address does not contain a colon
[230:256:0130/112126.352351:ERROR:bus.cc(392)] Failed to connect to the bus: Address does not contain a colon
[230:230:0130/112126.421850:INFO:CONSOLE(128)] "currentLatencynow: 15.893", source: file:///home/seluser/ppt/player/dashjs/index.html (128)
[230:230:0130/112127.421895:INFO:CONSOLE(128)] "currentLatencynow: 15.802", source: file:///home/seluser/ppt/player/dashjs/index.html (128)
[230:230:0130/112128.421876:INFO:CONSOLE(128)] "currentLatencynow: 16.522", source: file:///home/seluser/ppt/player/dashjs/index.html (128)
[230:230:0130/112129.421878:INFO:CONSOLE(128)] "currentLatencynow: 17.522", source: file:///home/seluser/ppt/player/dashjs/index.html (128)
[230:230:0130/112130.421966:INFO:CONSOLE(128)] "currentLatencynow: 18.522", source: file:///home/seluser/ppt/player/dashjs/index.html (128)
[230:230:0130/112131.421931:INFO:CONSOLE(128)] "currentLatencynow: 19.454", source: file:///home/seluser/ppt/player/dashjs/index.html (128)
[230:256:0130/112131.492201:ERROR:bus.cc(392)] Failed to connect to the bus: Address does not contain a colon
[230:256:0130/112131.492276:ERROR:bus.cc(392)] Failed to connect to the bus: Address does not contain a colon
[230:230:0130/112132.421854:INFO:CONSOLE(128)] "currentLatencynow: 19.533", source: file:///home/seluser/ppt/player/dashjs/index.html (128)
[230:230:0130/112133.421982:INFO:CONSOLE(128)] "currentLatencynow: 19.533", source: file:///home/seluser/ppt/player/dashjs/index.html (128)
[230:230:0130/112134.422103:INFO:CONSOLE(128)] "currentLatencynow: 20.513", source: file:///home/seluser/ppt/player/dashjs/index.html (128)
[230:230:0130/112135.421947:INFO:CONSOLE(128)] "currentLatencynow: 21.513", source: file:///home/seluser/ppt/player/dashjs/index.html (128)
[230:230:0130/112136.421988:INFO:CONSOLE(128)] "currentLatencynow: 22.513", source: file:///home/seluser/ppt/player/dashjs/index.html (128)
[230:230:0130/112137.422006:INFO:CONSOLE(128)] "currentLatencynow: 23.513", source: file:///home/seluser/ppt/player/dashjs/index.html (128)
[230:230:0130/112138.421903:INFO:CONSOLE(128)] "currentLatencynow: 24.513", source: file:///home/seluser/ppt/player/dashjs/index.html (128)
[230:230:0130/112139.421869:INFO:CONSOLE(128)] "currentLatencynow: 25.513", source: file:///home/seluser/ppt/player/dashjs/index.html (128)
[230:230:0130/112140.421905:INFO:CONSOLE(128)] "currentLatencynow: 26.513", source: file:///home/seluser/ppt/player/dashjs/index.html (128)
[230:230:0130/112141.421916:INFO:CONSOLE(128)] "currentLatencynow: 27.513", source: file:///home/seluser/ppt/player/dashjs/index.html (128)
[230:230:0130/112142.421877:INFO:CONSOLE(128)] "currentLatencynow: 28.513", source: file:///home/seluser/ppt/player/dashjs/index.html (128)
[230:230:0130/112143.421780:INFO:CONSOLE(128)] "currentLatencynow: 29.513", source: file:///home/seluser/ppt/player/dashjs/index.html (128)
[230:230:0130/112144.421809:INFO:CONSOLE(128)] "currentLatencynow: 30.164", source: file:///home/seluser/ppt/player/dashjs/index.html (128)
[230:230:0130/112145.421880:INFO:CONSOLE(128)] "currentLatencynow: 31.164", source: file:///home/seluser/ppt/player/dashjs/index.html (128)
[230:230:0130/112146.421800:INFO:CONSOLE(128)] "currentLatencynow: 32.164", source: file:///home/seluser/ppt/player/dashjs/index.html (128)
[230:230:0130/112147.421850:INFO:CONSOLE(128)] "currentLatencynow: 33.164", source: file:///home/seluser/ppt/player/dashjs/index.html (128)
[230:230:0130/112148.421859:INFO:CONSOLE(128)] "currentLatencynow: 34.164", source: file:///home/seluser/ppt/player/dashjs/index.html (128)
[230:230:0130/112149.421806:INFO:CONSOLE(128)] "currentLatencynow: 35.164", source: file:///home/seluser/ppt/player/dashjs/index.html (128)
[230:230:0130/112150.421805:INFO:CONSOLE(128)] "currentLatencynow: 36.164", source: file:///home/seluser/ppt/player/dashjs/index.html (128)
[230:230:0130/112151.421783:INFO:CONSOLE(128)] "currentLatencynow: 37.164", source: file:///home/seluser/ppt/player/dashjs/index.html (128)
[230:230:0130/112152.421783:INFO:CONSOLE(128)] "currentLatencynow: 38.164", source: file:///home/seluser/ppt/player/dashjs/index.html (128)
[230:230:0130/112153.421762:INFO:CONSOLE(128)] "currentLatencynow: 39.164", source: file:///home/seluser/ppt/player/dashjs/index.html (128)
[230:230:0130/112154.421780:INFO:CONSOLE(128)] "currentLatencynow: 40.164", source: file:///home/seluser/ppt/player/dashjs/index.html (128)
[230:230:0130/112155.421998:INFO:CONSOLE(128)] "currentLatencynow: 41.164", source: file:///home/seluser/ppt/player/dashjs/index.html (128)
[230:230:0130/112156.421891:INFO:CONSOLE(128)] "currentLatencynow: 42.164", source: file:///home/seluser/ppt/player/dashjs/index.html (128)
[230:230:0130/112157.421926:INFO:CONSOLE(128)] "currentLatencynow: 43.164", source: file:///home/seluser/ppt/player/dashjs/index.html (128)
[230:230:0130/112158.421783:INFO:CONSOLE(128)] "currentLatencynow: 44.164", source: file:///home/seluser/ppt/player/dashjs/index.html (128)
[230:230:0130/112159.421912:INFO:CONSOLE(128)] "currentLatencynow: 45.164", source: file:///home/seluser/ppt/player/dashjs/index.html (128)
[230:230:0130/112200.421896:INFO:CONSOLE(128)] "currentLatencynow: 46.164", source: file:///home/seluser/ppt/player/dashjs/index.html (128)
[230:230:0130/112201.421879:INFO:CONSOLE(128)] "currentLatencynow: 47.164", source: file:///home/seluser/ppt/player/dashjs/index.html (128)
[230:230:0130/112202.421743:INFO:CONSOLE(128)] "currentLatencynow: 48.164", source: file:///home/seluser/ppt/player/dashjs/index.html (128)
[230:230:0130/112203.421984:INFO:CONSOLE(128)] "currentLatencynow: 49.164", source: file:///home/seluser/ppt/player/dashjs/index.html (128)
[230:230:0130/112204.421789:INFO:CONSOLE(128)] "currentLatencynow: 50.164", source: file:///home/seluser/ppt/player/dashjs/index.html (128)
[230:230:0130/112205.421798:INFO:CONSOLE(128)] "currentLatencynow: 51.164", source: file:///home/seluser/ppt/player/dashjs/index.html (128)
[230:230:0130/112206.421935:INFO:CONSOLE(128)] "currentLatencynow: 52.164", source: file:///home/seluser/ppt/player/dashjs/index.html (128)
[230:230:0130/112207.421811:INFO:CONSOLE(128)] "currentLatencynow: 53.164", source: file:///home/seluser/ppt/player/dashjs/index.html (128)
[230:230:0130/112208.421946:INFO:CONSOLE(128)] "currentLatencynow: 54.164", source: file:///home/seluser/ppt/player/dashjs/index.html (128)
[230:230:0130/112209.421944:INFO:CONSOLE(128)] "currentLatencynow: 55.164", source: file:///home/seluser/ppt/player/dashjs/index.html (128)
[230:230:0130/112210.421812:INFO:CONSOLE(128)] "currentLatencynow: 56.164", source: file:///home/seluser/ppt/player/dashjs/index.html (128)
[230:230:0130/112211.421886:INFO:CONSOLE(128)] "currentLatencynow: 57.164", source: file:///home/seluser/ppt/player/dashjs/index.html (128)
[230:230:0130/112212.421896:INFO:CONSOLE(128)] "currentLatencynow: 58.164", source: file:///home/seluser/ppt/player/dashjs/index.html (128)
[230:230:0130/112213.422121:INFO:CONSOLE(128)] "currentLatencynow: 59.164", source: file:///home/seluser/ppt/player/dashjs/index.html (128)
[230:230:0130/112214.422039:INFO:CONSOLE(128)] "currentLatencynow: 60.164", source: file:///home/seluser/ppt/player/dashjs/index.html (128)
[230:230:0130/112215.421979:INFO:CONSOLE(128)] "currentLatencynow: 61.164", source: file:///home/seluser/ppt/player/dashjs/index.html (128)
[230:230:0130/112216.421973:INFO:CONSOLE(128)] "currentLatencynow: 62.164", source: file:///home/seluser/ppt/player/dashjs/index.html (128)
[230:230:0130/112217.422040:INFO:CONSOLE(128)] "currentLatencynow: 63.164", source: file:///home/seluser/ppt/player/dashjs/index.html (128)
[230:230:0130/112218.422032:INFO:CONSOLE(128)] "currentLatencynow: 64.164", source: file:///home/seluser/ppt/player/dashjs/index.html (128)
[230:230:0130/112219.421881:INFO:CONSOLE(128)] "currentLatencynow: 65.164", source: file:///home/seluser/ppt/player/dashjs/index.html (128)
[230:230:0130/112220.421938:INFO:CONSOLE(128)] "currentLatencynow: 66.164", source: file:///home/seluser/ppt/player/dashjs/index.html (128)
[230:230:0130/112221.421966:INFO:CONSOLE(128)] "currentLatencynow: 67.164", source: file:///home/seluser/ppt/player/dashjs/index.html (128)
[230:230:0130/112222.422011:INFO:CONSOLE(128)] "currentLatencynow: 68.164", source: file:///home/seluser/ppt/player/dashjs/index.html (128)
[230:230:0130/112223.421993:INFO:CONSOLE(128)] "currentLatencynow: 69.164", source: file:///home/seluser/ppt/player/dashjs/index.html (128)
[230:230:0130/112224.422015:INFO:CONSOLE(128)] "currentLatencynow: 70.164", source: file:///home/seluser/ppt/player/dashjs/index.html (128)
[230:230:0130/112225.422006:INFO:CONSOLE(128)] "currentLatencynow: 71.164", source: file:///home/seluser/ppt/player/dashjs/index.html (128)
[230:230:0130/112226.421960:INFO:CONSOLE(128)] "currentLatencynow: 72.164", source: file:///home/seluser/ppt/player/dashjs/index.html (128)
[230:230:0130/112227.422015:INFO:CONSOLE(128)] "currentLatencynow: 73.164", source: file:///home/seluser/ppt/player/dashjs/index.html (128)
[230:230:0130/112228.422029:INFO:CONSOLE(128)] "currentLatencynow: 74.164", source: file:///home/seluser/ppt/player/dashjs/index.html (128)
[230:230:0130/112229.421975:INFO:CONSOLE(128)] "currentLatencynow: 75.164", source: file:///home/seluser/ppt/player/dashjs/index.html (128)
[230:230:0130/112230.422197:INFO:CONSOLE(128)] "currentLatencynow: 76.164", source: file:///home/seluser/ppt/player/dashjs/index.html (128)
[230:230:0130/112231.422000:INFO:CONSOLE(128)] "currentLatencynow: 77.164", so[230:230:0130/112407.422213:INFO:CONSOLE(128)] "currentLatencynow: 173.164", source: file:///home/seluser/ppt/player/dashjs/index.html (128)
[230:230:0130/112408.421969:INFO:CONSOLE(128)] "currentLatencynow: 174.164", source: file:///home/seluser/ppt/player/dashjs/index.html (128)
[230:230:0130/112409.422054:INFO:CONSOLE(128)] "currentLatencynow: 175.164", source: file:///home/seluser/ppt/player/dashjs/index.html (128)
[230:230:0130/112410.422002:INFO:CONSOLE(128)] "currentLatencynow: 176.164", source: file:///home/seluser/ppt/player/dashjs/index.html (128)
[230:230:0130/112411.421930:INFO:CONSOLE(128)] "currentLatencynow: 177.164", source: file:///home/seluser/ppt/player/dashjs/index.html (128)
[230:230:0130/112411.565619:WARNING:pref_notifier_impl.cc(40)] Pref observer for media_router.cast_allow_all_ips found at shutdown.
