[230:294:0130/112107.128027:ERROR:bus.cc(392)] Failed to connect to the bus: Failed to connect to socket /var/run/dbus/system_bus_socket: No such file or directory
[230:257:0130/112107.129994:ERROR:bus.cc(392)] Failed to connect to the bus: Address does not contain a colon
[230:257:0130/112107.130106:ERROR:bus.cc(392)] Failed to connect to the bus: Address does not contain a colon
[230:257:0130/112107.140853:ERROR:bus.cc(392)] Failed to connect to the bus: Address does not contain a colon
[230:257:0130/112107.140939:ERROR:bus.cc(392)] Failed to connect to the bus: Address does not contain a colon
[300:300:0130/112107.144120:ERROR:gpu_init.cc(453)] Passthrough is not supported, GL is swiftshader, ANGLE is 
[230:257:0130/112107.163894:ERROR:bus.cc(392)] Failed to connect to the bus: Address does not contain a colon
[230:257:0130/112107.163935:ERROR:bus.cc(392)] Failed to connect to the bus: Address does not contain a colon
[230:391:0130/112107.221107:ERROR:bus.cc(392)] Failed to connect to the bus: Failed to connect to socket /var/run/dbus/system_bus_socket: No such file or directory
[230:391:0130/112107.221180:ERROR:bus.cc(392)] Failed to connect to the bus: Failed to connect to socket /var/run/dbus/system_bus_socket: No such file or directory
[230:391:0130/112107.221242:ERROR:bus.cc(392)] Failed to connect to the bus: Failed to connect to socket /var/run/dbus/system_bus_socket: No such file or directory
[230:391:0130/112107.221259:WARNING:property.cc(144)] DaemonVersion: GetAndBlock: failed.
[230:391:0130/112107.221294:ERROR:bus.cc(392)] Failed to connect to the bus: Failed to connect to socket /var/run/dbus/system_bus_socket: No such file or directory
[230:391:0130/112107.221335:ERROR:bus.cc(392)] Failed to connect to the bus: Failed to connect to socket /var/run/dbus/system_bus_socket: No such file or directory
[230:230:0130/112108.494982:INFO:CONSOLE(128)] "currentLatencynow: 0", source: file:///home/seluser/ppt/player/dashjs/index.html (128)
[435:435:0130/112108.972493:WARNING:audio_manager_linux.cc(69)] Falling back to ALSA for audio output. PulseAudio is not available or could not be initialized.
[435:435:0130/112108.977529:ERROR:alsa_util.cc(204)] PcmOpen: default,No such file or directory
[435:435:0130/112108.977638:ERROR:alsa_util.cc(204)] PcmOpen: plug:default,No such file or directory
[230:250:0130/112109.329412:ERROR:chrome_browser_main_extra_parts_metrics.cc(228)] crbug.com/1216328: Checking Bluetooth availability started. Please report if there is no report that this ends.
[230:250:0130/112109.331043:ERROR:chrome_browser_main_extra_parts_metrics.cc(231)] crbug.com/1216328: Checking Bluetooth availability ended.
[230:250:0130/112109.331067:ERROR:chrome_browser_main_extra_parts_metrics.cc(234)] crbug.com/1216328: Checking default browser status started. Please report if there is no report that this ends.
[230:230:0130/112109.495023:INFO:CONSOLE(128)] "currentLatencynow: 5.336", source: file:///home/seluser/ppt/player/dashjs/index.html (128)
[230:250:0130/112109.500225:ERROR:chrome_browser_main_extra_parts_metrics.cc(238)] crbug.com/1216328: Checking default browser status ended.
[230:230:0130/112110.494825:INFO:CONSOLE(128)] "currentLatencynow: 6.336", source: file:///home/seluser/ppt/player/dashjs/index.html (128)
[230:230:0130/112111.494847:INFO:CONSOLE(128)] "currentLatencynow: 7.336", source: file:///home/seluser/ppt/player/dashjs/index.html (128)
[230:257:0130/112111.739027:ERROR:bus.cc(392)] Failed to connect to the bus: Address does not contain a colon
[230:257:0130/112111.739108:ERROR:bus.cc(392)] Failed to connect to the bus: Address does not contain a colon
[230:257:0130/112111.739135:ERROR:bus.cc(392)] Failed to connect to the bus: Address does not contain a colon
[230:257:0130/112111.739158:ERROR:bus.cc(392)] Failed to connect to the bus: Address does not contain a colon
[230:257:0130/112111.739180:ERROR:bus.cc(392)] Failed to connect to the bus: Address does not contain a colon
[230:257:0130/112111.739201:ERROR:bus.cc(392)] Failed to connect to the bus: Address does not contain a colon
[230:257:0130/112111.739225:ERROR:bus.cc(392)] Failed to connect to the bus: Address does not contain a colon
[230:257:0130/112111.740213:ERROR:bus.cc(392)] Failed to connect to the bus: Address does not contain a colon
[230:257:0130/112111.740237:ERROR:bus.cc(392)] Failed to connect to the bus: Address does not contain a colon
[230:257:0130/112111.740256:ERROR:bus.cc(392)] Failed to connect to the bus: Address does not contain a colon
[230:257:0130/112111.740273:ERROR:bus.cc(392)] Failed to connect to the bus: Address does not contain a colon
[230:257:0130/112111.740291:ERROR:bus.cc(392)] Failed to connect to the bus: Address does not contain a colon
[230:257:0130/112111.740304:ERROR:bus.cc(392)] Failed to connect to the bus: Address does not contain a colon
[230:257:0130/112111.740315:ERROR:bus.cc(392)] Failed to connect to the bus: Address does not contain a colon
[230:257:0130/112111.742487:ERROR:bus.cc(392)] Failed to connect to the bus: Address does not contain a colon
[230:257:0130/112111.742538:ERROR:bus.cc(392)] Failed to connect to the bus: Address does not contain a colon
[230:257:0130/112111.742559:ERROR:bus.cc(392)] Failed to connect to the bus: Address does not contain a colon
[230:257:0130/112111.783555:ERROR:bus.cc(392)] Failed to connect to the bus: Address does not contain a colon
[230:257:0130/112111.783599:ERROR:bus.cc(392)] Failed to connect to the bus: Address does not contain a colon
[230:230:0130/112112.494979:INFO:CONSOLE(128)] "currentLatencynow: 7.589", source: file:///home/seluser/ppt/player/dashjs/index.html (128)
[230:230:0130/112113.494927:INFO:CONSOLE(128)] "currentLatencynow: 7.608", source: file:///home/seluser/ppt/player/dashjs/index.html (128)
[230:230:0130/112114.494963:INFO:CONSOLE(128)] "currentLatencynow: 8.608", source: file:///home/seluser/ppt/player/dashjs/index.html (128)
[230:230:0130/112115.495069:INFO:CONSOLE(128)] "currentLatencynow: 9.608", source: file:///home/seluser/ppt/player/dashjs/index.html (128)
[230:230:0130/112116.495520:INFO:CONSOLE(128)] "currentLatencynow: 10.527", source: file:///home/seluser/ppt/player/dashjs/index.html (128)
[230:257:0130/112116.524212:ERROR:bus.cc(392)] Failed to connect to the bus: Address does not contain a colon
[230:257:0130/112116.524272:ERROR:bus.cc(392)] Failed to connect to the bus: Address does not contain a colon
[230:230:0130/112117.495120:INFO:CONSOLE(128)] "currentLatencynow: 10.59", source: file:///home/seluser/ppt/player/dashjs/index.html (128)
[230:230:0130/112118.494924:INFO:CONSOLE(128)] "currentLatencynow: 10.592", source: file:///home/seluser/ppt/player/dashjs/index.html (128)
[230:230:0130/112119.494882:INFO:CONSOLE(128)] "currentLatencynow: 11.592", source: file:///home/seluser/ppt/player/dashjs/index.html (128)
[230:230:0130/112120.494990:INFO:CONSOLE(128)] "currentLatencynow: 12.592", source: file:///home/seluser/ppt/player/dashjs/index.html (128)
[230:230:0130/112121.494904:INFO:CONSOLE(128)] "currentLatencynow: 13.592", source: file:///home/seluser/ppt/player/dashjs/index.html (128)
[230:230:0130/112122.495070:INFO:CONSOLE(128)] "currentLatencynow: 14.592", source: file:///home/seluser/ppt/player/dashjs/index.html (128)
[230:230:0130/112123.494907:INFO:CONSOLE(128)] "currentLatencynow: 15.592", source: file:///home/seluser/ppt/player/dashjs/index.html (128)
[230:230:0130/112124.495138:INFO:CONSOLE(128)] "currentLatencynow: 16.592", source: file:///home/seluser/ppt/player/dashjs/index.html (128)
[230:230:0130/112125.495175:INFO:CONSOLE(128)] "currentLatencynow: 17.592", source: file:///home/seluser/ppt/player/dashjs/index.html (128)
[230:230:0130/112126.495009:INFO:CONSOLE(128)] "currentLatencynow: 18.592", source: file:///home/seluser/ppt/player/dashjs/index.html (128)
[230:230:0130/112127.494938:INFO:CONSOLE(128)] "currentLatencynow: 19.592", source: file:///home/seluser/ppt/player/dashjs/index.html (128)
[230:230:0130/112128.494939:INFO:CONSOLE(128)] "currentLatencynow: 20.592", source: file:///home/seluser/ppt/player/dashjs/index.html (128)
[230:230:0130/112129.494977:INFO:CONSOLE(128)] "currentLatencynow: 21.592", source: file:///home/seluser/ppt/player/dashjs/index.html (128)
[230:230:0130/112130.494907:INFO:CONSOLE(128)] "currentLatencynow: 22.592", source: file:///home/seluser/ppt/player/dashjs/index.html (128)
[230:230:0130/112131.495259:INFO:CONSOLE(128)] "currentLatencynow: 23.592", source: file:///home/seluser/ppt/player/dashjs/index.html (128)
[230:257:0130/112131.996334:ERROR:bus.cc(392)] Failed to connect to the bus: Address does not contain a colon
[230:257:0130/112131.996399:ERROR:bus.cc(392)] Failed to connect to the bus: Address does not contain a colon
[230:230:0130/112132.495227:INFO:CONSOLE(128)] "currentLatencynow: 24.005", source: file:///home/seluser/ppt/player/dashjs/index.html (128)
[230:230:0130/112133.495107:INFO:CONSOLE(128)] "currentLatencynow: 24.005", source: file:///home/seluser/ppt/player/dashjs/index.html (128)
[230:230:0130/112134.495090:INFO:CONSOLE(128)] "currentLatencynow: 24.586", source: file:///home/seluser/ppt/player/dashjs/index.html (128)
[230:230:0130/112135.495221:INFO:CONSOLE(128)] "currentLatencynow: 25.586", source: file:///home/seluser/ppt/player/dashjs/index.html (128)
[230:230:0130/112136.494997:INFO:CONSOLE(128)] "currentLatencynow: 26.586", source: file:///home/seluser/ppt/player/dashjs/index.html (128)
[230:230:0130/112137.495029:INFO:CONSOLE(128)] "currentLatencynow: 27.586", source: file:///home/seluser/ppt/player/dashjs/index.html (128)
[230:230:0130/112138.494873:INFO:CONSOLE(128)] "currentLatencynow: 28.586", source: file:///home/seluser/ppt/player/dashjs/index.html (128)
[230:257:0130/112139.342637:ERROR:bus.cc(392)] Failed to connect to the bus: Address does not contain a colon
[230:257:0130/112139.342717:ERROR:bus.cc(392)] Failed to connect to the bus: Address does not contain a colon
[230:230:0130/112139.494938:INFO:CONSOLE(128)] "currentLatencynow: 29.371", source: file:///home/seluser/ppt/player/dashjs/index.html (128)
[230:230:0130/112140.494928:INFO:CONSOLE(128)] "currentLatencynow: 29.271", source: file:///home/seluser/ppt/player/dashjs/index.html (128)
[230:230:0130/112141.495007:INFO:CONSOLE(128)] "currentLatencynow: 29.57", source: file:///home/seluser/ppt/player/dashjs/index.html (128)
[230:230:0130/112142.494979:INFO:CONSOLE(128)] "currentLatencynow: 30.28", source: file:///home/seluser/ppt/player/dashjs/index.html (128)
[230:230:0130/112143.494949:INFO:CONSOLE(128)] "currentLatencynow: 31.28", source: file:///home/seluser/ppt/player/dashjs/index.html (128)
[230:230:0130/112144.495119:INFO:CONSOLE(128)] "currentLatencynow: 32.28", source: file:///home/seluser/ppt/player/dashjs/index.html (128)
[230:230:0130/112145.494913:INFO:CONSOLE(128)] "currentLatencynow: 33.28", source: file:///home/seluser/ppt/player/dashjs/index.html (128)
[230:230:0130/112146.494934:INFO:CONSOLE(128)] "currentLatencynow: 34.28", source: file:///home/seluser/ppt/player/dashjs/index.html (128)
[230:230:0130/112147.495092:INFO:CONSOLE(128)] "currentLatencynow: 35.28", source: file:///home/seluser/ppt/player/dashjs/index.html (128)
[230:230:0130/112148.494920:INFO:CONSOLE(128)] "currentLatencynow: 36.28", source: file:///home/seluser/ppt/player/dashjs/index.html (128)
[230:230:0130/112149.494855:INFO:CONSOLE(128)] "currentLatencynow: 37.28", source: file:///home/seluser/ppt/player/dashjs/index.html (128)
[230:230:0130/112150.494953:INFO:CONSOLE(128)] "currentLatencynow: 38.28", source: file:///home/seluser/ppt/player/dashjs/index.html (128)
[230:230:0130/112151.494960:INFO:CONSOLE(128)] "currentLatencynow: 39.28", source: file:///home/seluser/ppt/player/dashjs/index.html (128)
[230:230:0130/112152.494874:INFO:CONSOLE(128)] "currentLatencynow: 40.28", source: file:///home/seluser/ppt/player/dashjs/index.html (128)
[230:230:0130/112153.494979:INFO:CONSOLE(128)] "currentLatencynow: 41.28", source: file:///home/seluser/ppt/player/dashjs/index.html (128)
[230:230:0130/112154.494925:INFO:CONSOLE(128)] "currentLatencynow: 42.28", source: file:///home/seluser/ppt/player/dashjs/index.html (128)
[230:230:0130/112155.494848:INFO:CONSOLE(128)] "currentLatencynow: 43.28", source: file:///home/seluser/ppt/player/dashjs/index.html (128)
[230:230:0130/112156.494942:INFO:CONSOLE(128)] "currentLatencynow: 44.28", source: file:///home/seluser/ppt/player/dashjs/index.html (128)
[230:230:0130/112157.494879:INFO:CONSOLE(128)] "currentLatencynow: 45.28", source: file:///home/seluser/ppt/player/dashjs/index.html (128)
[230:230:0130/112158.494843:INFO:CONSOLE(128)] "currentLatencynow: 46.28", source: file:///home/seluser/ppt/player/dashjs/index.html (128)
[230:230:0130/112159.494918:INFO:CONSOLE(128)] "currentLatencynow: 47.28", source: file:///home/seluser/ppt/player/dashjs/index.html (128)
[230:230:0130/112200.495032:INFO:CONSOLE(128)] "currentLatencynow: 48.28", source: file:///home/seluser/ppt/player/dashjs/index.html (128)
[230:230:0130/112201.495033:INFO:CONSOLE(128)] "currentLatencynow: 49.28", source: file:///home/seluser/ppt/player/dashjs/index.html (128)
[230:230:0130/112202.494999:INFO:CONSOLE(128)] "currentLatencynow: 50.28", source: file:///home/seluser/ppt/player/dashjs/index.html (128)
[230:230:0130/112203.495152:INFO:CONSOLE(128)] "currentLatencynow: 51.28", source: file:///home/seluser/ppt/player/dashjs/index.html (128)
[230:230:0130/112204.495015:INFO:CONSOLE(128)] "currentLatencynow: 52.28", source: file:///home/seluser/ppt/player/dashjs/index.html (128)
[230:230:0130/112205.495074:INFO:CONSOLE(128)] "currentLatencynow: 53.28", source: file:///home/seluser/ppt/player/dashjs/index.html (128)
[230:230:0130/112206.494942:INFO:CONSOLE(128)] "currentLatencynow: 54.28", source: file:///home/seluser/ppt/player/dashjs/index.html (128)
[230:230:0130/112207.494944:INFO:CONSOLE(128)] "currentLatencynow: 55.28", source: file:///home/seluser/ppt/player/dashjs/index.html (128)
[230:230:0130/112208.494960:INFO:CONSOLE(128)] "currentLatencynow: 56.28", source: file:///home/seluser/ppt/player/dashjs/index.html (128)
[230:230:0130/112209.495157:INFO:CONSOLE(128)] "currentLatencynow: 57.28", source: file:///home/seluser/ppt/player/dashjs/index.html (128)
[230:230:0130/112210.494993:INFO:CONSOLE(128)] "currentLatencynow: 58.28", source: file:///home/seluser/ppt/player/dashjs/index.html (128)
[230:230:0130/112211.494946:INFO:CONSOLE(128)] "currentLatencynow: 59.28", source: file:///home/seluser/ppt/player/dashjs/index.html (128)
[230:230:0130/112212.494887:INFO:CONSOLE(128)] "currentLatencynow: 60.28", source: file:///home/seluser/ppt/player/dashjs/index.html (128)
[230:230:0130/112213.495079:INFO:CONSOLE(128)] "currentLatencynow: 61.28", source: file:///home/seluser/ppt/player/dashjs/index.html (128)
[230:230:0130/112214.495048:INFO:CONSOLE(128)] "currentLatencynow: 62.28", source: file:///home/seluser/ppt/player/dashjs/index.html (128)
[230:230:0130/112215.495098:INFO:CONSOLE(128)] "currentLatencynow: 63.28", source: file:///home/seluser/ppt/player/dashjs/index.html (128)
[230:230:0130/112216.494999:INFO:CONSOLE(128)] "currentLatencynow: 64.28", source: file:///home/seluser/ppt/player/dashjs/index.html (128)
[230:230:0130/112217.495096:INFO:CONSOLE(128)] "currentLatencynow: 65.28", source: file:///home/seluser/ppt/player/dashjs/index.html (128)
[230:230:0130/112218.495124:INFO:CONSOLE(128)] "currentLatencynow: 66.28", source: file:///home/seluser/ppt/player/dashjs/index.html (128)
[230:230:0130/112219.495017:INFO:CONSOLE(128)] "currentLatencynow: 67.28", source: file:///home/seluser/ppt/player/dashjs/index.html (128)
[230:230:0130/112220.495089:INFO:CONSOLE(128)] "currentLatencynow: 68.28", source: file:///home/seluser/ppt/player/dashjs/index.html (128)
[230:230:0130/112221.495128:INFO:CONSOLE(128)] "currentLatencynow: 69.28", source: file:///home/seluser/ppt/player/dashjs/index.html (128)
[230:230:0130/112222.495206:INFO:CONSOLE(128)] "currentLatencynow: 70.28", source: file:///home/seluser/ppt/player/dashjs/index.html (128)
[230:230:0130/112223.495138:INFO:CONSOLE(128)] "currentLatencynow: 71.28", source: file:///home/seluser/ppt/player/dashjs/index.html (128)
[230:230:0130/112224.495098:INFO:CONSOLE(128)] "currentLatencynow: 72.28", source: file:///home/seluser/ppt/player/dashjs/index.html (128)
[230:230:0130/112225.495254:INFO:CONSOLE(128)] "currentLatencynow: 73.28", source: file:///home/seluser/ppt/player/dashjs/index.html (128)
[230:230:0130/112226.495085:INFO:CONSOLE(128)] "currentLatencynow: 74.28", source: file:///home/seluser/ppt/player/dashjs/index.html (128)
[230:230:0130/112227.495145:INFO:CONSOLE(128)] "currentLatencynow: 75.28", source: file:///home/seluser/ppt/player/dashjs/index.html (128)
[230:230:0130/112228.495057:INFO:CONSOLE(128)] "currentLatencynow: 76.28", source: file:///home/seluser/ppt/player/dashjs/index.html (128)
[230:230:0130/112229.495306:INFO:CONSOLE(128)] "currentLatencynow: 77.28", source: file:///home/seluser/ppt/player/dashjs/index.html (128)
[230:230:0130/112230.495172:INFO:CONSOLE(128)] "currentLatencynow: 78.28", source: file:///home/seluser/ppt/player/dashjs/index.html (128)
[230:230:0130/112231.495079:INFO:CONSOLE(128)] "currentLatencynow: 79.28", source: file:///home/seluser/ppt/player/dashjs/index.html (128)
[230:230:0130/112232.495064:INFO:CONSOLE(128)] "currentLatencynow: 80.28", source: file:///home/seluser/ppt/player/dashjs/index.html (128)
[230:230:0130/112233.495052:INFO:CONSOLE(128)] "currentLatencynow: 81.28", source: file:///home/seluser/ppt/player/dashjs/index.html (128)
[230:230:0130/112234.495111:INFO:CONSOLE(128)] "currentLatencynow: 82.28", source: file:///home/seluser/ppt/player/dashjs/index.html (128)
[230:230:0130/112235.495095:INFO:CONSOLE(128)] "currentLatencynow: 83.28", source: file:///home/seluser/ppt/player/dashjs/index.html (128)
[230:230:0130/112236.495036:INFO:CONSOLE(128)] "currentLatencynow: 84.28", source: file:///home/seluser/ppt/player/dashjs/index.html (128)
[230:230:0130/112237.495044:INFO:CONSOLE(128)] "currentLatencynow: 85.28", source: file:///home/seluser/ppt/player/dashjs/index.html (128)
[230:230:0130/112238.495128:INFO:CONSOLE(128)] "currentLatencynow: 86.28", source: file:///home/seluser/ppt/player/dashjs/index.html (128)
[230:230:0130/112239.495043:INFO:CONSOLE(128)] "currentLatencynow: 87.28", source: file:///home/seluser/ppt/player/dashjs/index.html (128)
[230:230:0130/112240.495127:INFO:CONSOLE(128)] "currentLatencynow: 88.28", source: file:///home/seluser/ppt/player/dashjs/index.html (128)
[230:230:0130/112241.495289:INFO:CONSOLE(128)] "currentLatencynow: 89.28", source: file:///home/seluser/ppt/player/dashjs/index.html (128)
[230:230:0130/112242.495257:INFO:CONSOLE(128)] "currentLatencynow: 90.28", source: file:///home/seluser/ppt/player/dashjs/index.html (128)
[230:230:0130/112243.495016:INFO:CONSOLE(128)] "currentLatencynow: 91.28", source: file:///home/seluser/ppt/player/dashjs/index.html (128)
[230:230:0130/112244.495222:INFO:CONSOLE(128)] "currentLatencynow: 92.28", source: file:///home/seluser/ppt/player/dashjs/index.html (128)
[230:230:0130/112245.495032:INFO:CONSOLE(128)] "currentLatencynow: 93.28", source: file:///home/seluser/ppt/player/dashjs/index.html (128)
[230:230:0130/112246.495339:INFO:CONSOLE(128)] "currentLatencynow: 94.28", source: file:///home/seluser/ppt/player/dashjs/index.html (128)
[230:230:0130/112247.495132:INFO:CONSOLE(128)] "currentLatencynow: 95.28", source: file:///home/seluser/ppt/player/dashjs/index.html (128)
[230:230:0130/112248.495176:INFO:CONSOLE(128)] "currentLatencynow: 96.28", source: file:///home/seluser/ppt/player/dashjs/index.html (128)
[230:230:0130/112249.495101:INFO:CONSOLE(128)] "currentLatencynow: 97.28", source: file:///home/seluser/ppt/player/dashjs/index.html (128)
[230:230:0130/112250.495279:INFO:CONSOLE(128)] "currentLatencynow: 98.28", source: file:///home/seluser/ppt/player/dashjs/index.html (128)
[230:230:0130/112251.495180:INFO:CONSOLE(128)] "currentLatencynow: 99.28", source: file:///home/seluser/ppt/player/dashjs/index.html (128)
[230:230:0130/112252.495093:INFO:CONSOLE(128)] "currentLatencynow: 100.28", source: file:///home/seluser/ppt/player/dashjs/index.html (128)
[230:230:0130/112253.495947:INFO:CONSOLE(128)] "currentLatencynow: 101.281", source: file:///home/seluser/ppt/player/dashjs/index.html (128)
[230:230:0130/112254.494955:INFO:CONSOLE(128)] "currentLatencynow: 102.28", source: file:///home/se[230:230:0130/112407.495033:INFO:CONSOLE(128)] "currentLatencynow: 175.28", source: file:///home/seluser/ppt/player/dashjs/index.html (128)
[230:230:0130/112407.704853:WARNING:pref_notifier_impl.cc(40)] Pref observer for media_router.cast_allow_all_ips found at shutdown.
