[229:252:0130/105924.654007:ERROR:file_path_watcher_linux.cc(326)] inotify_init() failed: Too many open files (24)
[229:292:0130/105924.864925:ERROR:bus.cc(392)] Failed to connect to the bus: Failed to connect to socket /var/run/dbus/system_bus_socket: No such file or directory
[229:255:0130/105924.867802:ERROR:bus.cc(392)] Failed to connect to the bus: Address does not contain a colon
[229:255:0130/105924.867890:ERROR:bus.cc(392)] Failed to connect to the bus: Address does not contain a colon
[229:255:0130/105924.883583:ERROR:bus.cc(392)] Failed to connect to the bus: Address does not contain a colon
[229:255:0130/105924.884324:ERROR:bus.cc(392)] Failed to connect to the bus: Address does not contain a colon
[298:298:0130/105924.887196:ERROR:gpu_init.cc(453)] Passthrough is not supported, GL is swiftshader, ANGLE is 
[229:255:0130/105924.913087:ERROR:bus.cc(392)] Failed to connect to the bus: Address does not contain a colon
[229:255:0130/105924.913375:ERROR:bus.cc(392)] Failed to connect to the bus: Address does not contain a colon
[299:333:0130/105924.919103:ERROR:file_path_watcher_linux.cc(326)] inotify_init() failed: Too many open files (24)
[229:391:0130/105925.109976:ERROR:bus.cc(392)] Failed to connect to the bus: Failed to connect to socket /var/run/dbus/system_bus_socket: No such file or directory
[229:391:0130/105925.110076:ERROR:bus.cc(392)] Failed to connect to the bus: Failed to connect to socket /var/run/dbus/system_bus_socket: No such file or directory
[229:391:0130/105925.110165:ERROR:bus.cc(392)] Failed to connect to the bus: Failed to connect to socket /var/run/dbus/system_bus_socket: No such file or directory
[229:391:0130/105925.110200:WARNING:property.cc(144)] DaemonVersion: GetAndBlock: failed.
[229:391:0130/105925.110247:ERROR:bus.cc(392)] Failed to connect to the bus: Failed to connect to socket /var/run/dbus/system_bus_socket: No such file or directory
[229:391:0130/105925.110322:ERROR:bus.cc(392)] Failed to connect to the bus: Failed to connect to socket /var/run/dbus/system_bus_socket: No such file or directory
[229:229:0130/105926.538792:INFO:CONSOLE(128)] "currentLatencynow: NaN", source: file:///home/seluser/ppt/player/dashjs/index.html (128)
[229:321:0130/105927.343547:ERROR:chrome_browser_main_extra_parts_metrics.cc(228)] crbug.com/1216328: Checking Bluetooth availability started. Please report if there is no report that this ends.
[229:321:0130/105927.343601:ERROR:chrome_browser_main_extra_parts_metrics.cc(231)] crbug.com/1216328: Checking Bluetooth availability ended.
[229:321:0130/105927.343617:ERROR:chrome_browser_main_extra_parts_metrics.cc(234)] crbug.com/1216328: Checking default browser status started. Please report if there is no report that this ends.
[229:229:0130/105927.539135:INFO:CONSOLE(128)] "currentLatencynow: NaN", source: file:///home/seluser/ppt/player/dashjs/index.html (128)
[229:321:0130/105927.583129:ERROR:chrome_browser_main_extra_parts_metrics.cc(238)] crbug.com/1216328: Checking default browser status ended.
[229:229:0130/105928.538357:INFO:CONSOLE(128)] "currentLatencynow: NaN", source: file:///home/seluser/ppt/player/dashjs/index.html (128)
[229:229:0130/105929.538355:INFO:CONSOLE(128)] "currentLatencynow: NaN", source: file:///home/seluser/ppt/player/dashjs/index.html (128)
[229:229:0130/105930.538381:INFO:CONSOLE(128)] "currentLatencynow: NaN", source: file:///home/seluser/ppt/player/dashjs/index.html (128)
[229:229:0130/105931.538355:INFO:CONSOLE(128)] "currentLatencynow: NaN", source: file:///home/seluser/ppt/player/dashjs/index.html (128)
[229:229:0130/105932.538397:INFO:CONSOLE(128)] "currentLatencynow: NaN", source: file:///home/seluser/ppt/player/dashjs/index.html (128)
[229:229:0130/105933.538527:INFO:CONSOLE(128)] "currentLatencynow: 0", source: file:///home/seluser/ppt/player/dashjs/index.html (128)
[229:229:0130/105934.538374:INFO:CONSOLE(128)] "currentLatencynow: 0", source: file:///home/seluser/ppt/player/dashjs/index.html (128)
[229:229:0130/105935.538472:INFO:CONSOLE(128)] "currentLatencynow: 0", source: file:///home/seluser/ppt/player/dashjs/index.html (128)
[229:229:0130/105936.538424:INFO:CONSOLE(128)] "currentLatencynow: 0", source: file:///home/seluser/ppt/player/dashjs/index.html (128)
[229:229:0130/105937.538440:INFO:CONSOLE(128)] "currentLatencynow: 0", source: file:///home/seluser/ppt/player/dashjs/index.html (128)
[229:229:0130/105938.538438:INFO:CONSOLE(128)] "currentLatencynow: 0", source: file:///home/seluser/ppt/player/dashjs/index.html (128)
[229:229:0130/105939.538595:INFO:CONSOLE(128)] "currentLatencynow: 0", source: file:///home/seluser/ppt/player/dashjs/index.html (128)
[229:229:0130/105940.538407:INFO:CONSOLE(128)] "currentLatencynow: 0", source: file:///home/seluser/ppt/player/dashjs/index.html (128)
[229:229:0130/105941.538415:INFO:CONSOLE(128)] "currentLatencynow: 0", source: file:///home/seluser/ppt/player/dashjs/index.html (128)
[670:670:0130/105941.780747:WARNING:audio_manager_linux.cc(69)] Falling back to ALSA for audio output. PulseAudio is not available or could not be initialized.
[670:670:0130/105941.789178:ERROR:alsa_util.cc(204)] PcmOpen: default,No such file or directory
[670:670:0130/105941.789498:ERROR:alsa_util.cc(204)] PcmOpen: plug:default,No such file or directory
[229:229:0130/105942.538818:INFO:CONSOLE(128)] "currentLatencynow: 13.735", source: file:///home/seluser/ppt/player/dashjs/index.html (128)
[229:229:0130/105943.538368:INFO:CONSOLE(128)] "currentLatencynow: 14.735", source: file:///home/seluser/ppt/player/dashjs/index.html (128)
[229:229:0130/105944.538455:INFO:CONSOLE(128)] "currentLatencynow: 15.735", source: file:///home/seluser/ppt/player/dashjs/index.html (128)
[229:229:0130/105945.538465:INFO:CONSOLE(128)] "currentLatencynow: 16.735", source: file:///home/seluser/ppt/player/dashjs/index.html (128)
[229:229:0130/105946.538355:INFO:CONSOLE(128)] "currentLatencynow: 17.735", source: file:///home/seluser/ppt/player/dashjs/index.html (128)
[229:229:0130/105947.538474:INFO:CONSOLE(128)] "currentLatencynow: 18.735", source: file:///home/seluser/ppt/player/dashjs/index.html (128)
[229:229:0130/105948.538461:INFO:CONSOLE(128)] "currentLatencynow: 19.735", source: file:///home/seluser/ppt/player/dashjs/index.html (128)
[393:666:0130/105949.430357:ERROR:disk_data_allocator.cc(175)] DISK: Cannot write to disk. written = 1601 FILE_ERROR_FAILED
[229:229:0130/105949.538425:INFO:CONSOLE(128)] "currentLatencynow: 20.735", source: file:///home/seluser/ppt/player/dashjs/index.html (128)
[229:229:0130/105950.538453:INFO:CONSOLE(128)] "currentLatencynow: 21.735", source: file:///home/seluser/ppt/player/dashjs/index.html (128)
[229:229:0130/105951.538435:INFO:CONSOLE(128)] "currentLatencynow: 22.735", source: file:///home/seluser/ppt/player/dashjs/index.html (128)
[229:229:0130/105952.538424:INFO:CONSOLE(128)] "currentLatencynow: 23.735", source: file:///home/seluser/ppt/player/dashjs/index.html (128)
[229:229:0130/105953.538426:INFO:CONSOLE(128)] "currentLatencynow: 24.735", source: file:///home/seluser/ppt/player/dashjs/index.html (128)
[229:255:0130/105954.483623:ERROR:bus.cc(392)] Failed to connect to the bus: Address does not contain a colon
[229:255:0130/105954.483709:ERROR:bus.cc(392)] Failed to connect to the bus: Address does not contain a colon
[229:255:0130/105954.483724:ERROR:bus.cc(392)] Failed to connect to the bus: Address does not contain a colon
[229:255:0130/105954.483738:ERROR:bus.cc(392)] Failed to connect to the bus: Address does not contain a colon
[229:255:0130/105954.483752:ERROR:bus.cc(392)] Failed to connect to the bus: Address does not contain a colon
[229:255:0130/105954.483763:ERROR:bus.cc(392)] Failed to connect to the bus: Address does not contain a colon
[229:255:0130/105954.483783:ERROR:bus.cc(392)] Failed to connect to the bus: Address does not contain a colon
[229:255:0130/105954.483796:ERROR:bus.cc(392)] Failed to connect to the bus: Address does not contain a colon
[229:255:0130/105954.483808:ERROR:bus.cc(392)] Failed to connect to the bus: Address does not contain a colon
[229:255:0130/105954.483821:ERROR:bus.cc(392)] Failed to connect to the bus: Address does not contain a colon
[229:255:0130/105954.483840:ERROR:bus.cc(392)] Failed to connect to the bus: Address does not contain a colon
[229:255:0130/105954.483957:ERROR:bus.cc(392)] Failed to connect to the bus: Address does not contain a colon
[229:255:0130/105954.483973:ERROR:bus.cc(392)] Failed to connect to the bus: Address does not contain a colon
[229:255:0130/105954.483983:ERROR:bus.cc(392)] Failed to connect to the bus: Address does not contain a colon
[229:255:0130/105954.488619:ERROR:bus.cc(392)] Failed to connect to the bus: Address does not contain a colon
[229:255:0130/105954.488667:ERROR:bus.cc(392)] Failed to connect to the bus: Address does not contain a colon
[229:255:0130/105954.488685:ERROR:bus.cc(392)] Failed to connect to the bus: Address does not contain a colon
[229:229:0130/105954.538328:INFO:CONSOLE(128)] "currentLatencynow: 25.721", source: file:///home/seluser/ppt/player/dashjs/index.html (128)
[229:255:0130/105954.549961:ERROR:bus.cc(392)] Failed to connect to the bus: Address does not contain a colon
[229:255:0130/105954.550021:ERROR:bus.cc(392)] Failed to connect to the bus: Address does not contain a colon
[299:335:0130/105955.373901:ERROR:database.cc(1761)] ReportingAndNEL SQLite error: code 13 errno 0: database or disk is full sql: INSERT INTO nel_policies (nik, origin_scheme, origin_host, origin_port, received_ip_address, group_name, expires_us_since_epoch, success_fraction, failure_fraction, is_include_subdomains, last_access_us_since_epoch) VALUES (?,?,?,?,?,?,?,?,?,?,?)
[299:335:0130/105955.375653:ERROR:database.cc(1761)] ReportingAndNEL SQLite error: code 13 errno 0: database or disk is full sql: INSERT INTO reporting_endpoints (nik, origin_scheme, origin_host, origin_port, group_name, url, priority, weight) VALUES (?,?,?,?,?,?,?,?)
[299:335:0130/105955.377232:ERROR:database.cc(1761)] ReportingAndNEL SQLite error: code 13 errno 0: database or disk is full sql: INSERT INTO reporting_endpoints (nik, origin_scheme, origin_host, origin_port, group_name, url, priority, weight) VALUES (?,?,?,?,?,?,?,?)
[299:335:0130/105955.380675:ERROR:database.cc(1761)] ReportingAndNEL SQLite error: code 13 errno 0: database or disk is full sql: INSERT INTO reporting_endpoint_groups (nik, origin_scheme, origin_host, origin_port, group_name, is_include_subdomains, expires_us_since_epoch, last_access_us_since_epoch) VALUES (?,?,?,?,?,?,?,?)
[299:335:0130/105955.382267:ERROR:database.cc(1761)] ReportingAndNEL SQLite error: code 13 errno 0: database or disk is full sql: INSERT INTO reporting_endpoint_groups (nik, origin_scheme, origin_host, origin_port, group_name, is_include_subdomains, expires_us_since_epoch, last_access_us_since_epoch) VALUES (?,?,?,?,?,?,?,?)
[299:335:0130/105955.382327:ERROR:database.cc(1761)] ReportingAndNEL SQLite error: code 1 errno 0: cannot commit - no transaction is active sql: COMMIT
[229:229:0130/105955.538251:INFO:CONSOLE(128)] "currentLatencynow: 25.628", source: file:///home/seluser/ppt/player/dashjs/index.html (128)
[229:229:0130/105956.538233:INFO:CONSOLE(128)] "currentLatencynow: 25.945", source: file:///home/seluser/ppt/player/dashjs/index.html (128)
[229:229:0130/105957.538500:INFO:CONSOLE(128)] "currentLatencynow: 26.945", source: file:///home/seluser/ppt/player/dashjs/index.html (128)
[229:229:0130/105958.538352:INFO:CONSOLE(128)] "currentLatencynow: 27.945", source: file:///home/seluser/ppt/player/dashjs/index.html (128)
[229:229:0130/105959.538442:INFO:CONSOLE(128)] "currentLatencynow: 28.945", source: file:///home/seluser/ppt/player/dashjs/index.html (128)
[229:229:0130/110000.538477:INFO:CONSOLE(128)] "currentLatencynow: 29.945", source: file:///home/seluser/ppt/player/dashjs/index.html (128)
[229:229:0130/110001.538309:INFO:CONSOLE(128)] "currentLatencynow: 30.669", source: file:///home/seluser/ppt/player/dashjs/index.html (128)
[229:229:0130/110002.538388:INFO:CONSOLE(128)] "currentLatencynow: 31.669", source: file:///home/seluser/ppt/player/dashjs/index.html (128)
[229:229:0130/110003.538529:INFO:CONSOLE(128)] "currentLatencynow: 32.669", source: file:///home/seluser/ppt/player/dashjs/index.html ([229:229:0130/110210.538273:INFO:CONSOLE(128)] "currentLatencynow: 159.669", source: file:///home/seluser/ppt/player/dashjs/index.html (128)
[229:229:0130/110211.538334:INFO:CONSOLE(128)] "currentLatencynow: 160.669", source: file:///home/seluser/ppt/player/dashjs/index.html (128)
[229:229:0130/110212.538428:INFO:CONSOLE(128)] "currentLatencynow: 161.669", source: file:///home/seluser/ppt/player/dashjs/index.html (128)
[229:229:0130/110213.538320:INFO:CONSOLE(128)] "currentLatencynow: 162.669", source: file:///home/seluser/ppt/player/dashjs/index.html (128)
[229:229:0130/110214.538419:INFO:CONSOLE(128)] "currentLatencynow: 163.669", source: file:///home/seluser/ppt/player/dashjs/index.html (128)
[229:229:0130/110215.538497:INFO:CONSOLE(128)] "currentLatencynow: 164.669", source: file:///home/seluser/ppt/player/dashjs/index.html (128)
[229:229:0130/110216.538430:INFO:CONSOLE(128)] "currentLatencynow: 165.669", source: file:///home/seluser/ppt/player/dashjs/index.html (128)
[229:229:0130/110217.538286:INFO:CONSOLE(128)] "currentLatencynow: 166.669", source: file:///home/seluser/ppt/player/dashjs/index.html (128)
[229:229:0130/110218.538442:INFO:CONSOLE(128)] "currentLatencynow: 167.669", source: file:///home/seluser/ppt/player/dashjs/index.html (128)
[229:229:0130/110219.538447:INFO:CONSOLE(128)] "currentLatencynow: 168.669", source: file:///home/seluser/ppt/player/dashjs/index.html (128)
[229:229:0130/110220.538417:INFO:CONSOLE(128)] "currentLatencynow: 169.669", source: file:///home/seluser/ppt/player/dashjs/index.html (128)
[229:229:0130/110221.538583:INFO:CONSOLE(128)] "currentLatencynow: 170.669", source: file:///home/seluser/ppt/player/dashjs/index.html (128)
[229:229:0130/110222.538475:INFO:CONSOLE(128)] "currentLatencynow: 171.669", source: file:///home/seluser/ppt/player/dashjs/index.html (128)
[229:229:0130/110223.538298:INFO:CONSOLE(128)] "currentLatencynow: 172.669", source: file:///home/seluser/ppt/player/dashjs/index.html (128)
[229:229:0130/110224.538438:INFO:CONSOLE(128)] "currentLatencynow: 173.669", source: file:///home/seluser/ppt/player/dashjs/index.html (128)
[229:229:0130/110225.538474:INFO:CONSOLE(128)] "currentLatencynow: 174.669", source: file:///home/seluser/ppt/player/dashjs/index.html (128)
[229:691:0130/110225.744132:ERROR:database.cc(1761)] History SQLite error: code 1 errno 0: cannot commit - no transaction is active sql: COMMIT
[229:229:0130/110225.763562:WARNING:pref_notifier_impl.cc(40)] Pref observer for media_router.cast_allow_all_ips found at shutdown.
