[104:140:1218/081140.781493:ERROR:bus.cc(392)] Failed to connect to the bus: Failed to connect to socket /var/run/dbus/system_bus_socket: No such file or directory
[104:131:1218/081140.784285:ERROR:bus.cc(392)] Failed to connect to the bus: Address does not contain a colon
[104:131:1218/081140.784319:ERROR:bus.cc(392)] Failed to connect to the bus: Address does not contain a colon
[104:131:1218/081140.799500:ERROR:bus.cc(392)] Failed to connect to the bus: Address does not contain a colon
[104:131:1218/081140.799557:ERROR:bus.cc(392)] Failed to connect to the bus: Address does not contain a colon
[147:147:1218/081140.800925:ERROR:gpu_init.cc(453)] Passthrough is not supported, GL is swiftshader, ANGLE is 
[104:131:1218/081140.843184:ERROR:bus.cc(392)] Failed to connect to the bus: Address does not contain a colon
[104:131:1218/081140.843252:ERROR:bus.cc(392)] Failed to connect to the bus: Address does not contain a colon
[104:218:1218/081141.043314:ERROR:bus.cc(392)] Failed to connect to the bus: Failed to connect to socket /var/run/dbus/system_bus_socket: No such file or directory
[104:218:1218/081141.043438:ERROR:bus.cc(392)] Failed to connect to the bus: Failed to connect to socket /var/run/dbus/system_bus_socket: No such file or directory
[104:218:1218/081141.043517:ERROR:bus.cc(392)] Failed to connect to the bus: Failed to connect to socket /var/run/dbus/system_bus_socket: No such file or directory
[104:218:1218/081141.043544:WARNING:property.cc(144)] DaemonVersion: GetAndBlock: failed.
[104:218:1218/081141.043587:ERROR:bus.cc(392)] Failed to connect to the bus: Failed to connect to socket /var/run/dbus/system_bus_socket: No such file or directory
[104:218:1218/081141.043643:ERROR:bus.cc(392)] Failed to connect to the bus: Failed to connect to socket /var/run/dbus/system_bus_socket: No such file or directory
[104:124:1218/081143.966028:ERROR:chrome_browser_main_extra_parts_metrics.cc(228)] crbug.com/1216328: Checking Bluetooth availability started. Please report if there is no report that this ends.
[104:124:1218/081143.966082:ERROR:chrome_browser_main_extra_parts_metrics.cc(231)] crbug.com/1216328: Checking Bluetooth availability ended.
[104:124:1218/081143.966094:ERROR:chrome_browser_main_extra_parts_metrics.cc(234)] crbug.com/1216328: Checking default browser status started. Please report if there is no report that this ends.
[104:124:1218/081144.125927:ERROR:chrome_browser_main_extra_parts_metrics.cc(238)] crbug.com/1216328: Checking default browser status ended.
[104:104:1218/081147.199886:INFO:CONSOLE(126)] "currentLatencynow: NaN", source: file:///home/seluser/ppt/player/bola1/index.html (126)
[441:441:1218/081147.965279:WARNING:audio_manager_linux.cc(69)] Falling back to ALSA for audio output. PulseAudio is not available or could not be initialized.
[441:441:1218/081147.970967:ERROR:alsa_util.cc(204)] PcmOpen: default,No such file or directory
[441:441:1218/081147.971168:ERROR:alsa_util.cc(204)] PcmOpen: plug:default,No such file or directory
[104:104:1218/081148.199580:INFO:CONSOLE(126)] "currentLatencynow: 4.782", source: file:///home/seluser/ppt/player/bola1/index.html (126)
[104:104:1218/081149.199571:INFO:CONSOLE(126)] "currentLatencynow: 5.782", source: file:///home/seluser/ppt/player/bola1/index.html (126)
[104:104:1218/081150.199571:INFO:CONSOLE(126)] "currentLatencynow: 6.782", source: file:///home/seluser/ppt/player/bola1/index.html (126)
[104:131:1218/081150.433816:ERROR:bus.cc(392)] Failed to connect to the bus: Address does not contain a colon
[104:131:1218/081150.433878:ERROR:bus.cc(392)] Failed to connect to the bus: Address does not contain a colon
[104:131:1218/081150.433912:ERROR:bus.cc(392)] Failed to connect to the bus: Address does not contain a colon
[104:131:1218/081150.433944:ERROR:bus.cc(392)] Failed to connect to the bus: Address does not contain a colon
[104:131:1218/081150.433974:ERROR:bus.cc(392)] Failed to connect to the bus: Address does not contain a colon
[104:131:1218/081150.434002:ERROR:bus.cc(392)] Failed to connect to the bus: Address does not contain a colon
[104:131:1218/081150.434032:ERROR:bus.cc(392)] Failed to connect to the bus: Address does not contain a colon
[104:131:1218/081150.434074:ERROR:bus.cc(392)] Failed to connect to the bus: Address does not contain a colon
[104:131:1218/081150.434106:ERROR:bus.cc(392)] Failed to connect to the bus: Address does not contain a colon
[104:131:1218/081150.434137:ERROR:bus.cc(392)] Failed to connect to the bus: Address does not contain a colon
[104:131:1218/081150.434168:ERROR:bus.cc(392)] Failed to connect to the bus: Address does not contain a colon
[104:131:1218/081150.434199:ERROR:bus.cc(392)] Failed to connect to the bus: Address does not contain a colon
[104:131:1218/081150.434229:ERROR:bus.cc(392)] Failed to connect to the bus: Address does not contain a colon
[104:131:1218/081150.434260:ERROR:bus.cc(392)] Failed to connect to the bus: Address does not contain a colon
[104:131:1218/081150.439026:ERROR:bus.cc(392)] Failed to connect to the bus: Address does not contain a colon
[104:131:1218/081150.439072:ERROR:bus.cc(392)] Failed to connect to the bus: Address does not contain a colon
[104:131:1218/081150.439094:ERROR:bus.cc(392)] Failed to connect to the bus: Address does not contain a colon
[104:131:1218/081150.508973:ERROR:bus.cc(392)] Failed to connect to the bus: Address does not contain a colon
[104:131:1218/081150.509035:ERROR:bus.cc(392)] Failed to connect to the bus: Address does not contain a colon
[104:104:1218/081151.199570:INFO:CONSOLE(126)] "currentLatencynow: 7.094", source: file:///home/seluser/ppt/player/bola1/index.html (126)
[104:104:1218/081152.199594:INFO:CONSOLE(126)] "currentLatencynow: 7.094", source: file:///home/seluser/ppt/player/bola1/index.html (126)
[104:104:1218/081153.199608:INFO:CONSOLE(126)] "currentLatencynow: 7.094", source: file:///home/seluser/ppt/player/bola1/index.html (126)
[104:104:1218/081154.199605:INFO:CONSOLE(126)] "currentLatencynow: 7.094", source: file:///home/seluser/ppt/player/bola1/index.html (126)
[104:104:1218/081155.199577:INFO:CONSOLE(126)] "currentLatencynow: 7.094", source: file:///home/seluser/ppt/player/bola1/index.html (126)
[104:104:1218/081156.199669:INFO:CONSOLE(126)] "currentLatencynow: 7.094", source: file:///home/seluser/ppt/player/bola1/index.html (126)
[104:104:1218/081157.199665:INFO:CONSOLE(126)] "currentLatencynow: 7.024", source: file:///home/seluser/ppt/player/bola1/index.html (126)
[104:104:1218/081158.199690:INFO:CONSOLE(126)] "currentLatencynow: 6.925", source: file:///home/seluser/ppt/player/bola1/index.html (126)
[104:104:1218/081159.199607:INFO:CONSOLE(126)] "currentLatencynow: 6.865", source: file:///home/seluser/ppt/player/bola1/index.html (126)
[104:104:1218/081200.199634:INFO:CONSOLE(126)] "currentLatencynow: 6.845", source: file:///home/seluser/ppt/player/bola1/index.html (126)
[104:104:1218/081201.199609:INFO:CONSOLE(126)] "currentLatencynow: 6.937", source: file:///home/seluser/ppt/player/bola1/index.html (126)
[104:104:1218/081202.199638:INFO:CONSOLE(126)] "currentLatencynow: 6.839", source: file:///home/seluser/ppt/player/bola1/index.html (126)
[104:104:1218/081203.199603:INFO:CONSOLE(126)] "currentLatencynow: 7.835", source: file:///home/seluser/ppt/player/bola1/index.html (126)
[104:104:1218/081204.199589:INFO:CONSOLE(126)] "currentLatencynow: 8.835", source: file:///home/seluser/ppt/player/bola1/index.html (126)
[104:104:1218/081205.199590:INFO:CONSOLE(126)] "currentLatencynow: 9.835", source: file:///home/seluser/ppt/player/bola1/index.html (126)
[104:131:1218/081206.063249:ERROR:bus.cc(392)] Failed to connect to the bus: Address does not contain a colon
[104:131:1218/081206.063307:ERROR:bus.cc(392)] Failed to connect to the bus: Address does not contain a colon
[104:104:1218/081206.199639:INFO:CONSOLE(126)] "currentLatencynow: 10.603", source: file:///home/seluser/ppt/player/bola1/index.html (126)
[104:104:1218/081207.199593:INFO:CONSOLE(126)] "currentLatencynow: 10.503", source: file:///home/seluser/ppt/player/bola1/index.html (126)
[104:104:1218/081208.199605:INFO:CONSOLE(126)] "currentLatencynow: 10.79", source: file:///home/seluser/ppt/player/bola1/index.html (126)
[104:104:1218/081209.199637:INFO:CONSOLE(126)] "currentLatencynow: 11.79", source: file:///home/seluser/ppt/player/bola1/index.html (126)
[104:104:1218/081210.199603:INFO:CONSOLE(126)] "currentLatencynow: 12.79", source: file:///home/seluser/ppt/player/bola1/index.html (126)
[104:104:1218/081211.199570:INFO:CONSOLE(126)] "currentLatencynow: 13.79", source: file:///home/seluser/ppt/player/bola1/index.html (126)
[104:104:1218/081212.199532:INFO:CONSOLE(126)] "currentLatencynow: 14.79", source: file:///home/seluser/ppt/player/bola1/index.html (126)
[104:104:1218/081213.199564:INFO:CONSOLE(126)] "currentLatencynow: 15.79", source: file:///home/seluser/ppt/player/bola1/index.html (126)
[104:104:1218/081214.199601:INFO:CONSOLE(126)] "currentLatencynow: 16.79", source: file:///home/seluser/ppt/player/bola1/index.html (126)
[104:104:1218/081215.199589:INFO:CONSOLE(126)] "currentLatencynow: 17.79", source: file:///home/seluser/ppt/player/bola1/index.html (126)
[104:131:1218/081215.809872:ERROR:bus.cc(392)] Failed to connect to the bus: Address does not contain a colon
[104:131:1218/081215.809929:ERROR:bus.cc(392)] Failed to connect to the bus: Address does not contain a colon
[104:104:1218/081216.199605:INFO:CONSOLE(126)] "currentLatencynow: 18.306", source: file:///home/seluser/ppt/player/bola1/index.html (126)
[104:104:1218/081217.199649:INFO:CONSOLE(126)] "currentLatencynow: 18.206", source: file:///home/seluser/ppt/player/bola1/index.html (126)
[104:104:1218/081218.199577:INFO:CONSOLE(126)] "currentLatencynow: 18.106", source: file:///home/seluser/ppt/player/bola1/index.html (126)
[104:104:1218/081219.199619:INFO:CONSOLE(126)] "currentLatencynow: 18.007", source: file:///home/seluser/ppt/player/bola1/index.html (126)
[104:104:1218/081220.199641:INFO:CONSOLE(126)] "currentLatencynow: 18.768", source: file:///home/seluser/ppt/player/bola1/index.html (126)
[104:104:1218/081221.199684:INFO:CONSOLE(126)] "currentLatencynow: 19.768", source: file:///home/seluser/ppt/player/bola1/index.html (126)
[104:104:1218/081222.199764:INFO:CONSOLE(126)] "currentLatencynow: 20.768", source: file:///home/seluser/ppt/player/bola1/index.html (126)
[104:104:1218/081223.199682:INFO:CONSOLE(126)] "currentLatencynow: 21.768", source: file:///home/seluser/ppt/player/bola1/index.html (126)
[104:131:1218/081224.154263:ERROR:bus.cc(392)] Failed to connect to the bus: Address does not contain a colon
[104:131:1218/081224.154336:ERROR:bus.cc(392)] Failed to connect to the bus: Address does not contain a colon
[104:104:1218/081224.199648:INFO:CONSOLE(126)] "currentLatencynow: 22.668", source: file:///home/seluser/ppt/player/bola1/index.html (126)
[104:104:1218/081225.199631:INFO:CONSOLE(126)] "currentLatencynow: 22.575", source: file:///home/seluser/ppt/player/bola1/index.html (126)
[104:104:1218/081226.199704:INFO:CONSOLE(126)] "currentLatencynow: 22.475", source: file:///home/seluser/ppt/player/bola1/index.html (126)
[104:104:1218/081227.200140:INFO:CONSOLE(126)] "currentLatencynow: 22.374", source: file:///home/seluser/ppt/player/bola1/index.html (126)
[104:104:1218/081228.199854:INFO:CONSOLE(126)] "currentLatencynow: 22.274", source: file:///home/seluser/ppt/player/bola1/index.html (126)
[104:104:1218/081229.199860:INFO:CONSOLE(126)] "currentLatencynow: 22.175", source: file:///home/seluser/ppt/player/bola1/index.html (126)
[104:104:1218/081230.199666:INFO:CONSOLE(126)] "currentLatencynow: 22.749", source: file:///home/seluser/ppt/player/bola1/index.html (126)
[104:104:1218/081231.199604:INFO:CONSOLE(126)] "currentLatencynow: 23.749", source: file:///home/seluser/ppt/player/bola1/index.html (126)
[104:104:1218/081232.199706:INFO:CONSOLE(126)] "currentLatencynow: 24.749", source: file:///home/seluser/ppt/player/bola1/index.html (126)
[104:104:1218/081233.199717:INFO:CONSOLE(126)] "currentLatencynow: 25.749", source: file:///home/seluser/ppt/player/bola1/index.html (126)
[104:131:1218/081233.633613:ERROR:bus.cc(392)] Failed to connect to the bus: Address does not contain a colon
[104:131:1218/081233.633671:ERROR:bus.cc(392)] Failed to connect to the bus: Address does not contain a colon
[104:104:1218/081234.199599:INFO:CONSOLE(126)] "currentLatencynow: 26.07", source: file:///home/seluser/ppt/player/bola1/index.html (126)
[104:104:1218/081235.199811:INFO:CONSOLE(126)] "currentLatencynow: 25.97", source: file:///home/seluser/ppt/player/bola1/index.html (126)
[104:104:1218/081236.199875:INFO:CONSOLE(126)] "currentLatencynow: 25.87", source: file:///home/seluser/ppt/player/bola1/index.html (126)
[104:104:1218/081237.199740:INFO:CONSOLE(126)] "currentLatencynow: 25.773", source: file:///home/seluser/ppt/player/bola1/index.html (126)
[104:104:1218/081238.199585:INFO:CONSOLE(126)] "currentLatencynow: 26.72", source: file:///home/seluser/ppt/player/bola1/index.html (126)
[104:104:1218/081239.199667:INFO:CONSOLE(126)] "currentLatencynow: 27.72", source: file:///home/seluser/ppt/player/bola1/index.html (126)
[104:104:1218/081240.199662:INFO:CONSOLE(126)] "currentLatencynow: 28.72", source: file:///home/seluser/ppt/player/bola1/index.html (126)
[104:131:1218/081240.376143:ERROR:bus.cc(392)] Failed to connect to the bus: Address does not contain a colon
[104:131:1218/081240.376207:ERROR:bus.cc(392)] Failed to connect to the bus: Address does not contain a colon
[104:104:1218/081241.199853:INFO:CONSOLE(126)] "currentLatencynow: 28.728", source: file:///home/seluser/ppt/player/bola1/index.html (126)
[104:104:1218/081242.200015:INFO:CONSOLE(126)] "currentLatencynow: 28.628", source: file:///home/seluser/ppt/player/bola1/index.html (126)
[104:104:1218/081243.199760:INFO:CONSOLE(126)] "currentLatencynow: 28.528", source: file:///home/seluser/ppt/player/bola1/index.html (126)
[104:104:1218/081244.199599:INFO:CONSOLE(126)] "currentLatencynow: 28.428", source: file:///home/seluser/ppt/player/bola1/index.html (126)
[104:104:1218/081245.199629:INFO:CONSOLE(126)] "currentLatencynow: 28.328", source: file:///home/seluser/ppt/player/bola1/index.html (126)
[104:104:1218/081246.199807:INFO:CONSOLE(126)] "currentLatencynow: 28.228", source: file:///home/seluser/ppt/player/bola1/index.html (126)
[104:104:1218/081247.199747:INFO:CONSOLE(126)] "currentLatencynow: 28.128", source: file:///home/seluser/ppt/player/bola1/index.html (126)
[104:104:1218/081248.199581:INFO:CONSOLE(126)] "currentLatencynow: 28.695", source: file:///home/seluser/ppt/player/bola1/index.html (126)
[104:104:1218/081249.199570:INFO:CONSOLE(126)] "currentLatencynow: 29.695", source: file:///home/seluser/ppt/player/bola1/index.html (126)
[104:131:1218/081249.722423:ERROR:bus.cc(392)] Failed to connect to the bus: Address does not contain a colon
[104:131:1218/081249.722487:ERROR:bus.cc(392)] Failed to connect to the bus: Address does not contain a colon
[104:104:1218/081250.199601:INFO:CONSOLE(126)] "currentLatencynow: 29.866", source: file:///home/seluser/ppt/player/bola1/index.html (126)
[104:104:1218/081251.200430:INFO:CONSOLE(126)] "currentLatencynow: 29.866", source: file:///home/seluser/ppt/player/bola1/index.html (126)
[104:104:1218/081252.199606:INFO:CONSOLE(126)] "currentLatencynow: 30.554", source: file:///home/seluser/ppt/player/bola1/index.html (126)
[104:104:1218/081253.199609:INFO:CONSOLE(126)] "currentLatencynow: 31.554", source: file:///home/seluser/ppt/player/bola1/index.html (126)
[104:104:1218/081254.199640:INFO:CONSOLE(126)] "currentLatencynow: 30.754", source: file:///home/seluser/ppt/player/bola1/index.html (126)
[104:104:1218/081255.199600:INFO:CONSOLE(126)] "currentLatencynow: 29.862", source: file:///home/seluser/ppt/player/bola1/index.html (126)
[104:104:1218/081256.199631:INFO:CONSOLE(126)] "currentLatencynow: 30.554", source: file:///home/seluser/ppt/player/bola1/index.html (126)
[104:104:1218/081257.199726:INFO:CONSOLE(126)] "currentLatencynow: 29.876", source: file:///home/seluser/ppt/player/bola1/index.html (126)
[104:104:1218/081258.199734:INFO:CONSOLE(126)] "currentLatencynow: 30.554", source: file:///home/seluser/ppt/player/bola1/index.html (126)
[104:104:1218/081259.199733:INFO:CONSOLE(126)] "currentLatencynow: 29.882", source: file:///home/seluser/ppt/player/bola1/index.html (126)
[104:104:1218/081300.199678:INFO:CONSOLE(126)] "currentLatencynow: 30.554", source: file:///home/seluser/ppt/player/bola1/index.html (126)
[104:104:1218/081301.199630:INFO:CONSOLE(126)] "currentLatencynow: 29.874", source: file:///home/seluser/ppt/player/bola1/index.html (126)
[104:104:1218/081302.199659:INFO:CONSOLE(126)] "currentLatencynow: 30.554", source: file:///home/seluser/ppt/player/bola1/index.html (126)
[104:104:1218/081303.199854:INFO:CONSOLE(126)] "currentLatencynow: 29.885", source: file:///home/seluser/ppt/player/bola1/index.html (126)
[104:104:1218/081304.199681:INFO:CONSOLE(126)] "currentLatencynow: 30.554", source: file:///home/seluser/ppt/player/bola1/index.html (126)
[104:104:1218/081305.199649:INFO:CONSOLE(126)] "currentLatencynow: 29.884", source: file:///home/seluser/ppt/player/bola1/index.html (126)
[104:104:1218/081306.199693:INFO:CONSOLE(126)] "currentLatencynow: 30.554", source: file:///home/seluser/ppt/player/bola1/index.html (126)
[104:104:1218/081307.199700:INFO:CONSOLE(126)] "currentLatencynow: 29.868", source: file:///home/seluser/ppt/player/bola1/index.html (126)
[104:104:1218/081308.199582:INFO:CONSOLE(126)] "currentLatencynow: 30.554", source: file:///home/seluser/ppt/player/bola1/index.html (126)
[104:104:1218/081309.199530:INFO:CONSOLE(126)] "currentLatencynow: 31.554", source: file:///home/seluser/ppt/player/bola1/index.html (126)
[104:131:1218/081309.352891:ERROR:bus.cc(392)] Failed to connect to the bus: Address does not contain a colon
[104:131:1218/081309.352942:ERROR:bus.cc(392)] Failed to connect to the bus: Address does not contain a colon
[104:104:1218/081310.199548:INFO:CONSOLE(126)] "currentLatencynow: 30.654", source: file:///home/seluser/ppt/player/bola1/index.html (126)
[104:104:1218/081311.199997:INFO:CONSOLE(126)] "currentLatencynow: 29.877", source: file:///home/seluser/ppt/player/bola1/index.html (126)
[104:104:1218/081312.199644:INFO:CONSOLE(126)] "currentLatencynow: 30.554", source: file:///home/seluser/ppt/player/bola1/index.html (126)
[104:104:1218/081313.199567:INFO:CONSOLE(126)] "currentLatencynow: 29.878", source: file:///home/seluser/ppt/player/bola1/index.html (126)
[104:104:1218/081314.199619:INFO:CONSOLE(126)] "currentLatencynow: 29.878", source: file:///home/seluser/ppt/player/bola1/index.html (126)
[104:104:1218/081315.199765:INFO:CONSOLE(126)] "currentLatencynow: 29.878", source: file:///home/seluser/ppt/player/bola1/index.html (126)
[104:104:1218/081316.199567:INFO:CONSOLE(126)] "currentLatencynow: 29.878", source: file:///home/seluser/ppt/player/bola1/index.html (126)
[104:104:1218/081317.199684:INFO:CONSOLE(126)] "currentLatencynow: 29.878", source: file:///home/seluser/ppt/player/bola1/index.html (126)
[104:104:1218/081318.199719:INFO:CONSOLE(126)] "currentLatencynow: 29.796", source: file:///home/seluser/ppt/player/bola1/index.html (126)
[104:104:1218/081319.199828:INFO:CONSOLE(126)] "currentLatencynow: 29.696", source: file:///home/seluser/ppt/player/bola1/index.html (126)
[104:104:1218/081320.199593:INFO:CONSOLE(126)] "currentLatencynow: 29.596", source: file:///home/seluser/ppt/player/bola1/index.html (126)
[104:104:1218/081321.199560:INFO:CONSOLE(126)] "currentLatencynow: 29.496", source: file:///home/seluser/ppt/player/bola1/index.html (126)
[104:104:1218/081322.199640:INFO:CONSOLE(126)] "currentLatencynow: 29.396", source: file:///home/seluser/ppt/player/bola1/index.html (126)
[104:104:1218/081323.199626:INFO:CONSOLE(126)] "currentLatencynow: 29.296", source: file:///home/seluser/ppt/player/bola1/index.html (126)
[104:104:1218/081324.199613:INFO:CONSOLE(126)] "currentLatencynow: 29.196", source: file:///home/seluser/ppt/player/bola1/index.html (126)
[104:104:1218/081325.199616:INFO:CONSOLE(126)] "currentLatencynow: 29.096", source: file:///home/seluser/ppt/player/bola1/index.html (126)
[104:104:1218/081326.199690:INFO:CONSOLE(126)] "currentLatencynow: 28.996", source: file:///home/seluser/ppt/player/bola1/index.html (126)
[104:104:1218/081327.199671:INFO:CONSOLE(126)] "currentLatencynow: 28.896", source: file:///home/seluser/ppt/player/bola1/index.html (126)
[104:104:1218/081328.199670:INFO:CONSOLE(126)] "currentLatencynow: 28.796", source: file:///home/seluser/ppt/player/bola1/index.html (126)
[104:104:1218/081329.199658:INFO:CONSOLE(126)] "currentLatencynow: 28.696", source: file:///home/seluser/ppt/player/bola1/index.html (126)
[104:104:1218/081330.199680:INFO:CONSOLE(126)] "currentLatencynow: 28.596", source: file:///home/seluser/ppt/player/bola1/index.html (126)
[104:104:1218/081331.199629:INFO:CONSOLE(126)] "currentLatencynow: 28.496", source: file:///home/seluser/ppt/player/bola1/index.html (126)
[104:104:1218/081332.199691:INFO:CONSOLE(126)] "currentLatencynow: 28.396", source: file:///home/seluser/ppt/player/bola1/index.html (126)
[104:104:1218/081333.199616:INFO:CONSOLE(126)] "currentLatencynow: 28.296", source: file:///home/seluser/ppt/player/bola1/index.html (126)
[104:104:1218/081334.199688:INFO:CONSOLE(126)] "currentLatencynow: 28.196", source: file:///home/seluser/ppt/player/bola1/index.html (126)
[104:104:1218/081335.199626:INFO:CONSOLE(126)] "currentLatencynow: 28.096", source: file:///home/seluser/ppt/player/bola1/index.html (126)
[104:104:1218/081336.199767:INFO:CONSOLE(126)] "currentLatencynow: 27.996", source: file:///home/seluser/ppt/player/bola1/index.html (126)
[104:104:1218/081337.199819:INFO:CONSOLE(126)] "currentLatencynow: 27.896", source: file:///home/seluser/ppt/player/bola1/index.html (126)
[104:104:1218/081338.199667:INFO:CONSOLE(126)] "currentLatencynow: 27.796", source: file:///home/seluser/ppt/player/bola1/index.html (126)
[104:104:1218/081339.199699:INFO:CONSOLE(126)] "currentLatencynow: 27.696", source: file:///home/seluser/ppt/player/bola1/index.html (126)
[104:104:1218/081340.199665:INFO:CONSOLE(126)] "currentLatencynow: 27.596", source: file:///home/seluser/ppt/player/bola1/index.html (126)
[104:104:1218/081341.202493:INFO:CONSOLE(126)] "currentLatencynow: 27.495", source: file:///home/seluser/ppt/player/bola1/index.html (126)
[104:104:1218/081342.199807:INFO:CONSOLE(126)] "currentLatencynow: 27.396", source: file:///home/seluser/ppt/player/bola1/index.html (126)
[104:104:1218/081343.199688:INFO:CONSOLE(126)] "currentLatencynow: 27.296", source: file:///home/seluser/ppt/player/bola1/index.html (126)
[104:104:1218/081344.200361:INFO:CONSOLE(126)] "currentLatencynow: 27.195", source: file:///home/seluser/ppt/player/bola1/index.html (126)
[104:104:1218/081345.199550:INFO:CONSOLE(126)] "currentLatencynow: 27.153", source: file:///home/seluser/ppt/player/bola1/index.html (126)
[104:104:1218/081346.199760:INFO:CONSOLE(126)] "currentLatencynow: 27.153", source: file:///home/seluser/ppt/player/bola1/index.html (126)
[104:104:1218/081347.199587:INFO:CONSOLE(126)] "currentLatencynow: 27.153", source: file:///home/seluser/ppt/player/bola1/index.html (126)
[104:104:1218/081348.199575:INFO:CONSOLE(126)] "currentLatencynow: 27.153", source: file:///home/seluser/ppt/player/bola1/index.html (126)
[104:104:1218/081349.199560:INFO:CONSOLE(126)] "currentLatencynow: 27.097", source: file:///home/seluser/ppt/player/bola1/index.html (126)
[104:104:1218/081350.199548:INFO:CONSOLE(126)] "currentLatencynow: 26.997", source: file:///home/seluser/ppt/player/bola1/index.html (126)
[104:104:1218/081351.199559:INFO:CONSOLE(126)] "currentLatencynow: 26.897", source: file:///home/seluser/ppt/player/bola1/index.html (126)
[104:104:1218/081352.199911:INFO:CONSOLE(126)] "currentLatencynow: 26.796", source: file:///home/seluser/ppt/player/bola1/index.html (126)
[104:104:1218/081353.199544:INFO:CONSOLE(126)] "currentLatencynow: 26.697", source: file:///home/seluser/ppt/player/bola1/index.html (126)
[104:104:1218/081354.199576:INFO:CONSOLE(126)] "currentLatencynow: 26.597", source: file:///home/seluser/ppt/player/bola1/index.html (126)
[104:104:1218/081355.199540:INFO:CONSOLE(126)] "currentLatencynow: 26.497", source: file:///home/seluser/ppt/player/bola1/index.html (126)
[104:104:1218/081356.199567:INFO:CONSOLE(126)] "currentLatencynow: 26.397", source: file:///home/seluser/ppt/player/bola1/index.html (126)
[104:104:1218/081357.199644:INFO:CONSOLE(126)] "currentLatencynow: 26.297", source: file:///home/seluser/ppt/player/bola1/index.html (126)
[104:104:1218/081358.199565:INFO:CONSOLE(126)] "currentLatencynow: 26.197", source: file:///home/seluser/ppt/player/bola1/index.html (126)
[104:104:1218/081359.199547:INFO:CONSOLE(126)] "currentLatencynow: 26.097", source: file:///home/seluser/ppt/player/bola1/index.html (126)
[104:104:1218/081400.199598:INFO:CONSOLE(126)] "currentLatencynow: 25.997", source: file:///home/seluser/ppt/player/bola1/index.html (126)
[104:104:1218/081401.199595:INFO:CONSOLE(126)] "currentLatencynow: 25.897", source: file:///home/seluser/ppt/player/bola1/index.html (126)
[104:104:1218/081402.199795:INFO:CONSOLE(126)] "currentLatencynow: 25.797", source: file:///home/seluser/ppt/player/bola1/index.html (126)
[104:104:1218/081403.199840:INFO:CONSOLE(126)] "currentLatencynow: 25.697", source: file:///home/seluser/ppt/player/bola1/index.html (126)
[104:104:1218/081404.199585:INFO:CONSOLE(126)] "currentLatencynow: 25.597", source: file:///home/seluser/ppt/player/bola1/index.html (126)
[104:104:1218/081405.199682:INFO:CONSOLE(126)] "currentLatencynow: 25.497", source: file:///home/seluser/ppt/player/bola1/index.html (126)
[104:104:1218/081406.199681:INFO:CONSOLE(126)] "currentLatencynow: 25.397", source: file:///home/seluser/ppt/player/bola1/index.html (126)
[104:104:1218/081407.199580:INFO:CONSOLE(126)] "currentLatencynow: 25.355", source: file:///home/seluser/ppt/player/bola1/index.html (126)
[104:104:1218/081408.199551:INFO:CONSOLE(126)] "currentLatencynow: 25.355", source: file:///home/seluser/ppt/player/bola1/index.html (126)
[104:104:1218/081409.199556:INFO:CONSOLE(126)] "currentLatencynow: 25.355", source: file:///home/seluser/ppt/player/bola1/index.html (126)
[104:104:1218/081410.199572:INFO:CONSOLE(126)] "currentLatencynow: 25.355", source: file:///home/seluser/ppt/player/bola1/index.html (126)
[104:104:1218/081411.200069:INFO:CONSOLE(126)] "currentLatencynow: 25.297", source: file:///home/seluser/ppt/player/bola1/index.html (126)
[104:104:1218/081412.199654:INFO:CONSOLE(126)] "currentLatencynow: 25.198", source: file:///home/seluser/ppt/player/bola1/index.html (126)
[104:104:1218/081413.199673:INFO:CONSOLE(126)] "currentLatencynow: 25.098", source: file:///home/seluser/ppt/player/bola1/index.html (126)
[104:104:1218/081414.199765:INFO:CONSOLE(126)] "currentLatencynow: 24.998", source: file:///home/seluser/ppt/player/bola1/index.html (126)
[104:104:1218/081415.199734:INFO:CONSOLE(112)] "Begin Player stistics 
", source: file:///home/seluser/ppt/player/bola1/index.html (112)
[104:104:1218/081415.200282:INFO:CONSOLE(113)] "["stall",[["6.51","9.01",2.5]],[["16.81","17.06",0.25]],[["18.71","18.96",0.25]],[["20.78","21.03",0.25]],[["26.43","26.68",0.25]],[["38.02","38.27",0.25]],[["48.17","48.42",0.25]],[["55.83","56.08",0.25]],[["66.20","66.45",0.25]],[["68.21","68.22",0.010000000000005116]],[["70.01","71.80",1.789999999999992]],[["71.81","73.50",1.6899999999999977]],[["73.52","73.52",0]],[["74.01","75.35",1.3399999999999892]],[["75.41","75.42",0.010000000000005116]],[["76.01","77.41",1.3999999999999915]],[["77.41","77.42",0.010000000000005116]],[["78.01","79.12",1.1099999999999994]],[["79.21","79.22",0.010000000000005116]],[["80.01","81.22",1.2099999999999937]],[["81.31","81.33",0.01999999999999602]],[["82.01","83.19",1.1799999999999926]],[["83.21","83.23",0.020000000000010232]],[["84.01","85.17",1.1599999999999966]],[["85.21","85.23",0.020000000000010232]],[["86.01","87.87",1.8599999999999994]],[["87.91","89.48",1.5700000000000074]],[["89.51","89.53",0.01999999999999602]],[["90.01","91.02",1.009999999999991]],[["91.11","91.13",0.01999999999999602]],[["availibleBW",[null],[null],[null],[null],[1215],[962],[875],[875],[817],[817],[672],[646],[646],[596],[596],[596],[596],[596],[512],[512],[512],[512],[512],[420],[420],[420],[420],[335],[335],[335],[335],[335],[335],[183],[183],[183],[220],[220],[220],[220],[246],[246],[246],[273],[273],[273],[333],[333],[333],[333],[319],[319],[319],[314],[627],[627],[585],[585],[585],[585],[540],[540],[540],[540],[540],[540],[553],[553],[602],[602],[641],[641],[711],[711],[832],[832],[955],[955],[1166],[1166],[1301],[1301],[1554],[1554],[1563],[1563],[1814],[1986],[2153],[2153],[2795],[3001],[3844],[3829],[4347],[5471],[6586],[6655],[6655],[6643],[6685],[6701],[6701],[6703],[6658],[6658],[6611],[6611],[6582],[6527],[6527],[6530],[6530],[6558],[6558],[6059],[6059],[5512],[5512],[4981],[3892],[3892],[3835],[3829],[3809],[3809],[3808],[3808],[3802],[3801],[3801],[3817],[3817],[3816],[3816],[3692],[3692],[3692],[3336],[3336],[2587],[1927],[1927],[1929],[1927],[1915],[1915],[1914]]],[["currentBuffer",[0],[0],[0],[0],[1.274],[0.274],[1.276],[0.276],[1.278],[0.278],[1.212],[2.114],[1.273],[2.018],[1.184],[0.084],[0.008],[0.008],[2.01],[1.916],[0.951],[0],[0],[1.968],[1.968],[1.968],[1.968],[3.97],[3.97],[3.589],[2.489],[1.389],[0.289],[1.949],[1.949],[1.949],[3.951],[3.857],[2.769],[1.669],[2.571],[1.471],[0.371],[1.937],[1.937],[1.937],[3.939],[3.376],[2.276],[1.175],[2.078],[1.912],[1.912],[3.914],[5.133],[4.04],[4.825],[3.842],[2.742],[1.642],[2.457],[1.894],[1.894],[1.122],[0.122],[0],[1.755],[0],[0.065],[0],[0.172],[0],[0.195],[0],[0.143],[0],[0.237],[0],[0.143],[0],[0.135],[0],[1.771],[0],[0.187],[0],[0.247],[0],[0.249],[0],[2.163],[3.124],[5.973],[6.994],[7.896],[10.8],[9.7],[8.591],[7.5],[6.4],[5.3],[4.2],[3.1],[2],[2.769],[1.802],[2.574],[1.604],[2.506],[3.394],[2.308],[3.201],[2.109],[3.012],[1.912],[2.706],[1.714],[0.614],[0],[0.559],[1.453],[0.561],[1.521],[2.423],[3.222],[2.225],[3.063],[2.027],[2.929],[3.831],[2.731],[3.633],[2.533],[3.435],[2.335],[3.237],[2.137],[1.037],[1.939],[0.839],[1.726],[0.659],[0],[0.786],[1.746],[2.648],[3.541],[4.388]]],[["currentLatency",[null],[4.782],[5.782],[6.782],[7.094],[7.094],[7.094],[7.094],[7.094],[7.094],[7.024],[6.925],[6.865],[6.845],[6.937],[6.839],[7.835],[8.835],[9.835],[10.603],[10.503],[10.79],[11.79],[12.79],[13.79],[14.79],[15.79],[16.79],[17.79],[18.306],[18.206],[18.106],[18.007],[18.768],[19.768],[20.768],[21.768],[22.668],[22.575],[22.475],[22.374],[22.274],[22.175],[22.749],[23.749],[24.749],[25.749],[26.07],[25.97],[25.87],[25.773],[26.72],[27.72],[28.72],[28.728],[28.628],[28.528],[28.428],[28.328],[28.228],[28.128],[28.695],[29.695],[29.866],[29.866],[30.554],[31.554],[30.754],[29.862],[30.554],[29.876],[30.554],[29.882],[30.554],[29.874],[30.554],[29.885],[30.554],[29.884],[30.554],[29.868],[30.554],[31.554],[30.654],[29.877],[30.554],[29.878],[29.878],[29.878],[29.878],[29.878],[29.796],[29.696],[29.596],[29.496],[29.396],[29.296],[29.196],[29.096],[28.996],[28.896],[28.796],[28.696],[28.596],[28.496],[28.396],[28.296],[28.196],[28.096],[27.996],[27.896],[27.796],[27.696],[27.596],[27.495],[27.396],[27.296],[27.195],[27.153],[27.153],[27.153],[27.153],[27.097],[26.997],[26.897],[26.796],[26.697],[26.597],[26.497],[26.397],[26.297],[26.197],[26.097],[25.997],[25.897],[25.797],[25.697],[25.597],[25.497],[25.397],[25.355],[25.355],[25.355],[25.355],[25.297],[25.198],[25.098],[24.998]]]]", source: file:///home/seluser/ppt/player/bola1/index.html (113)
[104:104:1218/081415.201011:INFO:CONSOLE(114)] "
", source: file:///home/seluser/ppt/player/bola1/index.html (114)
[104:104:1218/081415.201077:INFO:CONSOLE(115)] "Finish Player stistics 
", source: file:///home/seluser/ppt/player/bola1/index.html (115)
[104:104:1218/081415.201587:INFO:CONSOLE(126)] "currentLatencynow: 24.898", source: file:///home/seluser/ppt/player/bola1/index.html (126)
[104:104:1218/081416.199865:INFO:CONSOLE(126)] "currentLatencynow: 24.797", source: file:///home/seluser/ppt/player/bola1/index.html (126)
[104:104:1218/081417.199756:INFO:CONSOLE(126)] "currentLatencynow: 24.698", source: file:///home/seluser/ppt/player/bola1/index.html (126)
[104:104:1218/081417.397594:WARNING:pref_notifier_impl.cc(40)] Pref observer for media_router.cast_allow_all_ips found at shutdown.
