[103:139:1218/081140.701872:ERROR:bus.cc(392)] Failed to connect to the bus: Failed to connect to socket /var/run/dbus/system_bus_socket: No such file or directory
[103:130:1218/081140.704562:ERROR:bus.cc(392)] Failed to connect to the bus: Address does not contain a colon
[103:130:1218/081140.704605:ERROR:bus.cc(392)] Failed to connect to the bus: Address does not contain a colon
[103:130:1218/081140.718892:ERROR:bus.cc(392)] Failed to connect to the bus: Address does not contain a colon
[103:130:1218/081140.718945:ERROR:bus.cc(392)] Failed to connect to the bus: Address does not contain a colon
[143:143:1218/081140.725388:ERROR:gpu_init.cc(453)] Passthrough is not supported, GL is swiftshader, ANGLE is 
[103:130:1218/081140.766449:ERROR:bus.cc(392)] Failed to connect to the bus: Address does not contain a colon
[103:130:1218/081140.766521:ERROR:bus.cc(392)] Failed to connect to the bus: Address does not contain a colon
[103:225:1218/081140.954110:ERROR:bus.cc(392)] Failed to connect to the bus: Failed to connect to socket /var/run/dbus/system_bus_socket: No such file or directory
[103:225:1218/081140.955045:ERROR:bus.cc(392)] Failed to connect to the bus: Failed to connect to socket /var/run/dbus/system_bus_socket: No such file or directory
[103:225:1218/081140.955130:ERROR:bus.cc(392)] Failed to connect to the bus: Failed to connect to socket /var/run/dbus/system_bus_socket: No such file or directory
[103:225:1218/081140.955156:WARNING:property.cc(144)] DaemonVersion: GetAndBlock: failed.
[103:225:1218/081140.955197:ERROR:bus.cc(392)] Failed to connect to the bus: Failed to connect to socket /var/run/dbus/system_bus_socket: No such file or directory
[103:225:1218/081140.955250:ERROR:bus.cc(392)] Failed to connect to the bus: Failed to connect to socket /var/run/dbus/system_bus_socket: No such file or directory
[103:170:1218/081143.922577:ERROR:chrome_browser_main_extra_parts_metrics.cc(228)] crbug.com/1216328: Checking Bluetooth availability started. Please report if there is no report that this ends.
[103:170:1218/081143.922634:ERROR:chrome_browser_main_extra_parts_metrics.cc(231)] crbug.com/1216328: Checking Bluetooth availability ended.
[103:170:1218/081143.922656:ERROR:chrome_browser_main_extra_parts_metrics.cc(234)] crbug.com/1216328: Checking default browser status started. Please report if there is no report that this ends.
[103:170:1218/081144.079743:ERROR:chrome_browser_main_extra_parts_metrics.cc(238)] crbug.com/1216328: Checking default browser status ended.
[103:103:1218/081146.385407:INFO:CONSOLE(126)] "currentLatencynow: NaN", source: file:///home/seluser/ppt/player/bola1/index.html (126)
[103:103:1218/081147.385006:INFO:CONSOLE(126)] "currentLatencynow: NaN", source: file:///home/seluser/ppt/player/bola1/index.html (126)
[103:103:1218/081148.384946:INFO:CONSOLE(126)] "currentLatencynow: NaN", source: file:///home/seluser/ppt/player/bola1/index.html (126)
[103:103:1218/081149.384999:INFO:CONSOLE(126)] "currentLatencynow: NaN", source: file:///home/seluser/ppt/player/bola1/index.html (126)
[103:103:1218/081150.384981:INFO:CONSOLE(126)] "currentLatencynow: NaN", source: file:///home/seluser/ppt/player/bola1/index.html (126)
[103:103:1218/081151.384893:INFO:CONSOLE(126)] "currentLatencynow: NaN", source: file:///home/seluser/ppt/player/bola1/index.html (126)
[103:103:1218/081152.384953:INFO:CONSOLE(126)] "currentLatencynow: NaN", source: file:///home/seluser/ppt/player/bola1/index.html (126)
[450:450:1218/081153.375564:WARNING:audio_manager_linux.cc(69)] Falling back to ALSA for audio output. PulseAudio is not available or could not be initialized.
[450:450:1218/081153.381757:ERROR:alsa_util.cc(204)] PcmOpen: default,No such file or directory
[450:450:1218/081153.381931:ERROR:alsa_util.cc(204)] PcmOpen: plug:default,No such file or directory
[103:103:1218/081153.385207:INFO:CONSOLE(126)] "currentLatencynow: 4.709", source: file:///home/seluser/ppt/player/bola1/index.html (126)
[103:103:1218/081154.385373:INFO:CONSOLE(126)] "currentLatencynow: 5.709", source: file:///home/seluser/ppt/player/bola1/index.html (126)
[103:130:1218/081154.763188:ERROR:bus.cc(392)] Failed to connect to the bus: Address does not contain a colon
[103:130:1218/081154.763251:ERROR:bus.cc(392)] Failed to connect to the bus: Address does not contain a colon
[103:130:1218/081154.763268:ERROR:bus.cc(392)] Failed to connect to the bus: Address does not contain a colon
[103:130:1218/081154.763283:ERROR:bus.cc(392)] Failed to connect to the bus: Address does not contain a colon
[103:130:1218/081154.763298:ERROR:bus.cc(392)] Failed to connect to the bus: Address does not contain a colon
[103:130:1218/081154.763313:ERROR:bus.cc(392)] Failed to connect to the bus: Address does not contain a colon
[103:130:1218/081154.763346:ERROR:bus.cc(392)] Failed to connect to the bus: Address does not contain a colon
[103:130:1218/081154.763360:ERROR:bus.cc(392)] Failed to connect to the bus: Address does not contain a colon
[103:130:1218/081154.763373:ERROR:bus.cc(392)] Failed to connect to the bus: Address does not contain a colon
[103:130:1218/081154.763387:ERROR:bus.cc(392)] Failed to connect to the bus: Address does not contain a colon
[103:130:1218/081154.763399:ERROR:bus.cc(392)] Failed to connect to the bus: Address does not contain a colon
[103:130:1218/081154.763413:ERROR:bus.cc(392)] Failed to connect to the bus: Address does not contain a colon
[103:130:1218/081154.763425:ERROR:bus.cc(392)] Failed to connect to the bus: Address does not contain a colon
[103:130:1218/081154.763438:ERROR:bus.cc(392)] Failed to connect to the bus: Address does not contain a colon
[103:130:1218/081154.769291:ERROR:bus.cc(392)] Failed to connect to the bus: Address does not contain a colon
[103:130:1218/081154.769342:ERROR:bus.cc(392)] Failed to connect to the bus: Address does not contain a colon
[103:130:1218/081154.769384:ERROR:bus.cc(392)] Failed to connect to the bus: Address does not contain a colon
[103:130:1218/081154.851877:ERROR:bus.cc(392)] Failed to connect to the bus: Address does not contain a colon
[103:130:1218/081154.851930:ERROR:bus.cc(392)] Failed to connect to the bus: Address does not contain a colon
[103:103:1218/081155.384988:INFO:CONSOLE(126)] "currentLatencynow: 6.124", source: file:///home/seluser/ppt/player/bola1/index.html (126)
[103:103:1218/081156.385081:INFO:CONSOLE(126)] "currentLatencynow: 7.124", source: file:///home/seluser/ppt/player/bola1/index.html (126)
[103:103:1218/081157.384979:INFO:CONSOLE(126)] "currentLatencynow: 8.124", source: file:///home/seluser/ppt/player/bola1/index.html (126)
[103:103:1218/081158.385799:INFO:CONSOLE(126)] "currentLatencynow: 9.124", source: file:///home/seluser/ppt/player/bola1/index.html (126)
[103:103:1218/081159.385056:INFO:CONSOLE(126)] "currentLatencynow: 10.124", source: file:///home/seluser/ppt/player/bola1/index.html (126)
[103:103:1218/081200.384938:INFO:CONSOLE(126)] "currentLatencynow: 11.124", source: file:///home/seluser/ppt/player/bola1/index.html (126)
[103:130:1218/081200.992316:ERROR:bus.cc(392)] Failed to connect to the bus: Address does not contain a colon
[103:130:1218/081200.992380:ERROR:bus.cc(392)] Failed to connect to the bus: Address does not contain a colon
[103:103:1218/081201.385250:INFO:CONSOLE(126)] "currentLatencynow: 11.634", source: file:///home/seluser/ppt/player/bola1/index.html (126)
[103:103:1218/081202.385129:INFO:CONSOLE(126)] "currentLatencynow: 11.534", source: file:///home/seluser/ppt/player/bola1/index.html (126)
[103:103:1218/081203.385695:INFO:CONSOLE(126)] "currentLatencynow: 11.434", source: file:///home/seluser/ppt/player/bola1/index.html (126)
[103:103:1218/081204.385044:INFO:CONSOLE(126)] "currentLatencynow: 11.334", source: file:///home/seluser/ppt/player/bola1/index.html (126)
[103:103:1218/081205.386498:INFO:CONSOLE(126)] "currentLatencynow: 11.234", source: file:///home/seluser/ppt/player/bola1/index.html (126)
[103:103:1218/081206.385355:INFO:CONSOLE(126)] "currentLatencynow: 11.134", source: file:///home/seluser/ppt/player/bola1/index.html (126)
[103:103:1218/081207.385428:INFO:CONSOLE(126)] "currentLatencynow: 11.034", source: file:///home/seluser/ppt/player/bola1/index.html (126)
[103:103:1218/081208.384994:INFO:CONSOLE(126)] "currentLatencynow: 10.934", source: file:///home/seluser/ppt/player/bola1/index.html (126)
[103:103:1218/081209.385333:INFO:CONSOLE(126)] "currentLatencynow: 10.834", source: file:///home/seluser/ppt/player/bola1/index.html (126)
[103:103:1218/081210.385052:INFO:CONSOLE(126)] "currentLatencynow: 10.734", source: file:///home/seluser/ppt/player/bola1/index.html (126)
[103:103:1218/081211.384888:INFO:CONSOLE(126)] "currentLatencynow: 10.634", source: file:///home/seluser/ppt/player/bola1/index.html (126)
[103:103:1218/081212.384891:INFO:CONSOLE(126)] "currentLatencynow: 10.535", source: file:///home/seluser/ppt/player/bola1/index.html (126)
[103:103:1218/081213.386063:INFO:CONSOLE(126)] "currentLatencynow: 10.434", source: file:///home/seluser/ppt/player/bola1/index.html (126)
[103:103:1218/081214.385251:INFO:CONSOLE(126)] "currentLatencynow: 10.334", source: file:///home/seluser/ppt/player/bola1/index.html (126)
[103:103:1218/081215.385565:INFO:CONSOLE(126)] "currentLatencynow: 10.234", source: file:///home/seluser/ppt/player/bola1/index.html (126)
[103:103:1218/081216.385806:INFO:CONSOLE(126)] "currentLatencynow: 10.134", source: file:///home/seluser/ppt/player/bola1/index.html (126)
[103:103:1218/081217.386107:INFO:CONSOLE(126)] "currentLatencynow: 10.034", source: file:///home/seluser/ppt/player/bola1/index.html (126)
[103:103:1218/081218.385839:INFO:CONSOLE(126)] "currentLatencynow: 9.934", source: file:///home/seluser/ppt/player/bola1/index.html (126)
[103:103:1218/081219.384977:INFO:CONSOLE(126)] "currentLatencynow: 9.834", source: file:///home/seluser/ppt/player/bola1/index.html (126)
[103:103:1218/081220.385566:INFO:CONSOLE(126)] "currentLatencynow: 9.734", source: file:///home/seluser/ppt/player/bola1/index.html (126)
[103:103:1218/081221.386116:INFO:CONSOLE(126)] "currentLatencynow: 9.634", source: file:///home/seluser/ppt/player/bola1/index.html (126)
[103:103:1218/081222.385019:INFO:CONSOLE(126)] "currentLatencynow: 9.534", source: file:///home/seluser/ppt/player/bola1/index.html (126)
[103:103:1218/081223.387464:INFO:CONSOLE(126)] "currentLatencynow: 9.434", source: file:///home/seluser/ppt/player/bola1/index.html (126)
[103:103:1218/081224.385023:INFO:CONSOLE(126)] "currentLatencynow: 9.334", source: file:///home/seluser/ppt/player/bola1/index.html (126)
[103:103:1218/081225.387609:INFO:CONSOLE(126)] "currentLatencynow: 9.234", source: file:///home/seluser/ppt/player/bola1/index.html (126)
[103:103:1218/081226.387243:INFO:CONSOLE(126)] "currentLatencynow: 9.133", source: file:///home/seluser/ppt/player/bola1/index.html (126)
[103:103:1218/081227.387158:INFO:CONSOLE(126)] "currentLatencynow: 9.034", source: file:///home/seluser/ppt/player/bola1/index.html (126)
[103:103:1218/081228.384933:INFO:CONSOLE(126)] "currentLatencynow: 8.952", source: file:///home/seluser/ppt/player/bola1/index.html (126)
[103:103:1218/081229.385969:INFO:CONSOLE(126)] "currentLatencynow: 8.953", source: file:///home/seluser/ppt/player/bola1/index.html (126)
[103:103:1218/081230.385863:INFO:CONSOLE(126)] "currentLatencynow: 8.872", source: file:///home/seluser/ppt/player/bola1/index.html (126)
[103:103:1218/081231.384978:INFO:CONSOLE(126)] "currentLatencynow: 8.772", source: file:///home/seluser/ppt/player/bola1/index.html (126)
[103:103:1218/081232.385838:INFO:CONSOLE(126)] "currentLatencynow: 8.672", source: file:///home/seluser/ppt/player/bola1/index.html (126)
[103:103:1218/081233.386357:INFO:CONSOLE(126)] "currentLatencynow: 8.573", source: file:///home/seluser/ppt/player/bola1/index.html (126)
[103:103:1218/081234.384995:INFO:CONSOLE(126)] "currentLatencynow: 8.472", source: file:///home/seluser/ppt/player/bola1/index.html (126)
[103:103:1218/081235.384899:INFO:CONSOLE(126)] "currentLatencynow: 8.372", source: file:///home/seluser/ppt/player/bola1/index.html (126)
[103:103:1218/081236.384933:INFO:CONSOLE(126)] "currentLatencynow: 8.272", source: file:///home/seluser/ppt/player/bola1/index.html (126)
[103:103:1218/081237.384927:INFO:CONSOLE(126)] "currentLatencynow: 8.172", source: file:///home/seluser/ppt/player/bola1/index.html (126)
[103:103:1218/081238.385121:INFO:CONSOLE(126)] "currentLatencynow: 8.072", source: file:///home/seluser/ppt/player/bola1/index.html (126)
[103:103:1218/081239.386132:INFO:CONSOLE(126)] "currentLatencynow: 7.972", source: file:///home/seluser/ppt/player/bola1/index.html (126)
[103:103:1218/081240.385116:INFO:CONSOLE(126)] "currentLatencynow: 7.872", source: file:///home/seluser/ppt/player/bola1/index.html (126)
[103:103:1218/081241.385351:INFO:CONSOLE(126)] "currentLatencynow: 7.772", source: file:///home/seluser/ppt/player/bola1/index.html (126)
[103:103:1218/081242.385182:INFO:CONSOLE(126)] "currentLatencynow: 7.672", source: file:///home/seluser/ppt/player/bola1/index.html (126)
[103:103:1218/081243.384995:INFO:CONSOLE(126)] "currentLatencynow: 7.617", source: file:///home/seluser/ppt/player/bola1/index.html (126)
[103:103:1218/081244.384981:INFO:CONSOLE(126)] "currentLatencynow: 7.617", source: file:///home/seluser/ppt/player/bola1/index.html (126)
[103:103:1218/081245.384963:INFO:CONSOLE(126)] "currentLatencynow: 8.034", source: file:///home/seluser/ppt/player/bola1/index.html (126)
[103:103:1218/081246.385055:INFO:CONSOLE(126)] "currentLatencynow: 9.034", source: file:///home/seluser/ppt/player/bola1/index.html (126)
[103:103:1218/081247.385447:INFO:CONSOLE(126)] "currentLatencynow: 9.01", source: file:///home/seluser/ppt/player/bola1/index.html (126)
[103:103:1218/081248.384999:INFO:CONSOLE(126)] "currentLatencynow: 9.009", source: file:///home/seluser/ppt/player/bola1/index.html (126)
[103:103:1218/081249.384960:INFO:CONSOLE(126)] "currentLatencynow: 10.009", source: file:///home/seluser/ppt/player/bola1/index.html (126)
[103:103:1218/081250.385004:INFO:CONSOLE(126)] "currentLatencynow: 11.009", source: file:///home/seluser/ppt/player/bola1/index.html (126)
[103:103:1218/081251.385152:INFO:CONSOLE(126)] "currentLatencynow: 12.009", source: file:///home/seluser/ppt/player/bola1/index.html (126)
[103:103:1218/081252.384909:INFO:CONSOLE(126)] "currentLatencynow: 13.009", source: file:///home/seluser/ppt/player/bola1/index.html (126)
[103:130:1218/081252.858356:ERROR:bus.cc(392)] Failed to connect to the bus: Address does not contain a colon
[103:130:1218/081252.858413:ERROR:bus.cc(392)] Failed to connect to the bus: Address does not contain a colon
[103:103:1218/081253.384873:INFO:CONSOLE(126)] "currentLatencynow: 13.422", source: file:///home/seluser/ppt/player/bola1/index.html (126)
[103:103:1218/081254.384926:INFO:CONSOLE(126)] "currentLatencynow: 13.422", source: file:///home/seluser/ppt/player/bola1/index.html (126)
[103:103:1218/081255.384905:INFO:CONSOLE(126)] "currentLatencynow: 13.983", source: file:///home/seluser/ppt/player/bola1/index.html (126)
[103:103:1218/081256.385060:INFO:CONSOLE(126)] "currentLatencynow: 14.574", source: file:///home/seluser/ppt/player/bola1/index.html (126)
[103:103:1218/081257.384866:INFO:CONSOLE(126)] "currentLatencynow: 14.574", source: file:///home/seluser/ppt/player/bola1/index.html (126)
[103:103:1218/081258.385019:INFO:CONSOLE(126)] "currentLatencynow: 14.574", source: file:///home/seluser/ppt/player/bola1/index.html (126)
[103:103:1218/081259.384983:INFO:CONSOLE(126)] "currentLatencynow: 14.551", source: file:///home/seluser/ppt/player/bola1/index.html (126)
[103:103:1218/081300.384921:INFO:CONSOLE(126)] "currentLatencynow: 14.451", source: file:///home/seluser/ppt/player/bola1/index.html (126)
[103:103:1218/081301.384894:INFO:CONSOLE(126)] "currentLatencynow: 14.351", source: file:///home/seluser/ppt/player/bola1/index.html (126)
[103:103:1218/081302.384988:INFO:CONSOLE(126)] "currentLatencynow: 14.251", source: file:///home/seluser/ppt/player/bola1/index.html (126)
[103:103:1218/081303.384915:INFO:CONSOLE(126)] "currentLatencynow: 14.151", source: file:///home/seluser/ppt/player/bola1/index.html (126)
[103:103:1218/081304.384946:INFO:CONSOLE(126)] "currentLatencynow: 14.051", source: file:///home/seluser/ppt/player/bola1/index.html (126)
[103:103:1218/081305.385211:INFO:CONSOLE(126)] "currentLatencynow: 13.951", source: file:///home/seluser/ppt/player/bola1/index.html (126)
[103:103:1218/081306.385024:INFO:CONSOLE(126)] "currentLatencynow: 13.851", source: file:///home/seluser/ppt/player/bola1/index.html (126)
[103:103:1218/081307.385031:INFO:CONSOLE(126)] "currentLatencynow: 13.751", source: file:///home/seluser/ppt/player/bola1/index.html (126)
[103:103:1218/081308.385000:INFO:CONSOLE(126)] "currentLatencynow: 13.651", source: file:///home/seluser/ppt/player/bola1/index.html (126)
[103:103:1218/081309.384878:INFO:CONSOLE(126)] "currentLatencynow: 13.574", source: file:///home/seluser/ppt/player/bola1/index.html (126)
[103:103:1218/081310.384953:INFO:CONSOLE(126)] "currentLatencynow: 13.474", source: file:///home/seluser/ppt/player/bola1/index.html (126)
[103:103:1218/081311.384909:INFO:CONSOLE(126)] "currentLatencynow: 13.374", source: file:///home/seluser/ppt/player/bola1/index.html (126)
[103:103:1218/081312.384916:INFO:CONSOLE(126)] "currentLatencynow: 13.274", source: file:///home/seluser/ppt/player/bola1/index.html (126)
[103:103:1218/081313.384890:INFO:CONSOLE(126)] "currentLatencynow: 13.174", source: file:///home/seluser/ppt/player/bola1/index.html (126)
[103:103:1218/081314.385036:INFO:CONSOLE(126)] "currentLatencynow: 13.074", source: file:///home/seluser/ppt/player/bola1/index.html (126)
[103:103:1218/081315.385284:INFO:CONSOLE(126)] "currentLatencynow: 12.974", source: file:///home/seluser/ppt/player/bola1/index.html (126)
[103:103:1218/081316.384880:INFO:CONSOLE(126)] "currentLatencynow: 12.874", source: file:///home/seluser/ppt/player/bola1/index.html (126)
[103:103:1218/081317.384953:INFO:CONSOLE(126)] "currentLatencynow: 12.774", source: file:///home/seluser/ppt/player/bola1/index.html (126)
[103:103:1218/081318.385413:INFO:CONSOLE(126)] "currentLatencynow: 12.675", source: file:///home/seluser/ppt/player/bola1/index.html (126)
[103:103:1218/081319.384962:INFO:CONSOLE(126)] "currentLatencynow: 12.574", source: file:///home/seluser/ppt/player/bola1/index.html (126)
[103:103:1218/081320.385069:INFO:CONSOLE(126)] "currentLatencynow: 12.474", source: file:///home/seluser/ppt/player/bola1/index.html (126)
[103:103:1218/081321.385225:INFO:CONSOLE(126)] "currentLatencynow: 12.374", source: file:///home/seluser/ppt/player/bola1/index.html (126)
[103:103:1218/081322.385028:INFO:CONSOLE(126)] "currentLatencynow: 12.274", source: file:///home/seluser/ppt/player/bola1/index.html (126)
[103:103:1218/081323.385180:INFO:CONSOLE(126)] "currentLatencynow: 12.174", source: file:///home/seluser/ppt/player/bola1/index.html (126)
[103:103:1218/081324.385211:INFO:CONSOLE(126)] "currentLatencynow: 12.074", source: file:///home/seluser/ppt/player/bola1/index.html (126)
[103:103:1218/081325.384956:INFO:CONSOLE(126)] "currentLatencynow: 11.987", source: file:///home/seluser/ppt/player/bola1/index.html (126)
[103:103:1218/081326.385004:INFO:CONSOLE(126)] "currentLatencynow: 11.889", source: file:///home/seluser/ppt/player/bola1/index.html (126)
[103:103:1218/081327.384889:INFO:CONSOLE(126)] "currentLatencynow: 11.905", source: file:///home/seluser/ppt/player/bola1/index.html (126)
[103:103:1218/081328.384884:INFO:CONSOLE(126)] "currentLatencynow: 12.905", source: file:///home/seluser/ppt/player/bola1/index.html (126)
[103:103:1218/081329.384876:INFO:CONSOLE(126)] "currentLatencynow: 13.821", source: file:///home/seluser/ppt/player/bola1/index.html (126)
[103:130:1218/081329.447053:ERROR:bus.cc(392)] Failed to connect to the bus: Address does not contain a colon
[103:130:1218/081329.447114:ERROR:bus.cc(392)] Failed to connect to the bus: Address does not contain a colon
[103:103:1218/081330.384867:INFO:CONSOLE(126)] "currentLatencynow: 13.885", source: file:///home/seluser/ppt/player/bola1/index.html (126)
[103:103:1218/081331.384865:INFO:CONSOLE(126)] "currentLatencynow: 13.885", source: file:///home/seluser/ppt/player/bola1/index.html (126)
[103:103:1218/081332.384916:INFO:CONSOLE(126)] "currentLatencynow: 13.885", source: file:///home/seluser/ppt/player/bola1/index.html (126)
[103:103:1218/081333.384875:INFO:CONSOLE(126)] "currentLatencynow: 13.885", source: file:///home/seluser/ppt/player/bola1/index.html (126)
[103:103:1218/081334.385007:INFO:CONSOLE(126)] "currentLatencynow: 13.885", source: file:///home/seluser/ppt/player/bola1/index.html (126)
[103:103:1218/081335.384962:INFO:CONSOLE(126)] "currentLatencynow: 13.859", source: file:///home/seluser/ppt/player/bola1/index.html (126)
[103:103:1218/081336.384973:INFO:CONSOLE(126)] "currentLatencynow: 13.759", source: file:///home/seluser/ppt/player/bola1/index.html (126)
[103:103:1218/081337.385109:INFO:CONSOLE(126)] "currentLatencynow: 13.659", source: file:///home/seluser/ppt/player/bola1/index.html (126)
[103:103:1218/081338.384940:INFO:CONSOLE(126)] "currentLatencynow: 13.559", source: file:///home/seluser/ppt/player/bola1/index.html (126)
[103:103:1218/081339.385779:INFO:CONSOLE(126)] "currentLatencynow: 13.459", source: file:///home/seluser/ppt/player/bola1/index.html (126)
[103:103:1218/081340.384999:INFO:CONSOLE(126)] "currentLatencynow: 13.359", source: file:///home/seluser/ppt/player/bola1/index.html (126)
[103:103:1218/081341.384970:INFO:CONSOLE(126)] "currentLatencynow: 13.259", source: file:///home/seluser/ppt/player/bola1/index.html (126)
[103:103:1218/081342.384966:INFO:CONSOLE(126)] "currentLatencynow: 13.159", source: file:///home/seluser/ppt/player/bola1/index.html (126)
[103:103:1218/081343.384929:INFO:CONSOLE(126)] "currentLatencynow: 13.059", source: file:///home/seluser/ppt/player/bola1/index.html (126)
[103:103:1218/081344.385260:INFO:CONSOLE(126)] "currentLatencynow: 12.959", source: file:///home/seluser/ppt/player/bola1/index.html (126)
[103:103:1218/081345.385101:INFO:CONSOLE(126)] "currentLatencynow: 12.859", source: file:///home/seluser/ppt/player/bola1/index.html (126)
[103:103:1218/081346.384953:INFO:CONSOLE(126)] "currentLatencynow: 12.759", source: file:///home/seluser/ppt/player/bola1/index.html (126)
[103:103:1218/081347.384957:INFO:CONSOLE(126)] "currentLatencynow: 12.659", source: file:///home/seluser/ppt/player/bola1/index.html (126)
[103:103:1218/081348.384926:INFO:CONSOLE(126)] "currentLatencynow: 12.559", source: file:///home/seluser/ppt/player/bola1/index.html (126)
[103:103:1218/081349.384973:INFO:CONSOLE(126)] "currentLatencynow: 12.459", source: file:///home/seluser/ppt/player/bola1/index.html (126)
[103:103:1218/081350.384911:INFO:CONSOLE(126)] "currentLatencynow: 12.411", source: file:///home/seluser/ppt/player/bola1/index.html (126)
[103:103:1218/081351.384855:INFO:CONSOLE(126)] "currentLatencynow: 12.411", source: file:///home/seluser/ppt/player/bola1/index.html (126)
[103:103:1218/081352.385101:INFO:CONSOLE(126)] "currentLatencynow: 12.411", source: file:///home/seluser/ppt/player/bola1/index.html (126)
[103:103:1218/081353.384919:INFO:CONSOLE(126)] "currentLatencynow: 12.982", source: file:///home/seluser/ppt/player/bola1/index.html (126)
[103:103:1218/081354.384956:INFO:CONSOLE(126)] "currentLatencynow: 13.982", source: file:///home/seluser/ppt/player/bola1/index.html (126)
[103:103:1218/081355.385307:INFO:CONSOLE(126)] "currentLatencynow: 14.888", source: file:///home/seluser/ppt/player/bola1/index.html (126)
[103:130:1218/081355.409419:ERROR:bus.cc(392)] Failed to connect to the bus: Address does not contain a colon
[103:130:1218/081355.409478:ERROR:bus.cc(392)] Failed to connect to the bus: Address does not contain a colon
[103:103:1218/081356.384867:INFO:CONSOLE(126)] "currentLatencynow: 14.95", source: file:///home/seluser/ppt/player/bola1/index.html (126)
[103:103:1218/081357.384970:INFO:CONSOLE(126)] "currentLatencynow: 14.95", source: file:///home/seluser/ppt/player/bola1/index.html (126)
[103:103:1218/081358.384915:INFO:CONSOLE(126)] "currentLatencynow: 14.95", source: file:///home/seluser/ppt/player/bola1/index.html (126)
[103:103:1218/081359.384998:INFO:CONSOLE(126)] "currentLatencynow: 14.95", source: file:///home/seluser/ppt/player/bola1/index.html (126)
[103:103:1218/081400.384887:INFO:CONSOLE(126)] "currentLatencynow: 14.95", source: file:///home/seluser/ppt/player/bola1/index.html (126)
[103:103:1218/081401.384970:INFO:CONSOLE(126)] "currentLatencynow: 14.95", source: file:///home/seluser/ppt/player/bola1/index.html (126)
[103:103:1218/081402.384937:INFO:CONSOLE(126)] "currentLatencynow: 14.909", source: file:///home/seluser/ppt/player/bola1/index.html (126)
[103:103:1218/081403.384907:INFO:CONSOLE(126)] "currentLatencynow: 14.809", source: file:///home/seluser/ppt/player/bola1/index.html (126)
[103:103:1218/081404.384989:INFO:CONSOLE(126)] "currentLatencynow: 14.709", source: file:///home/seluser/ppt/player/bola1/index.html (126)
[103:103:1218/081405.384979:INFO:CONSOLE(126)] "currentLatencynow: 14.609", source: file:///home/seluser/ppt/player/bola1/index.html (126)
[103:103:1218/081406.384906:INFO:CONSOLE(126)] "currentLatencynow: 14.825", source: file:///home/seluser/ppt/player/bola1/index.html (126)
[103:103:1218/081407.385040:INFO:CONSOLE(126)] "currentLatencynow: 15.825", source: file:///home/seluser/ppt/player/bola1/index.html (126)
[103:103:1218/081408.384887:INFO:CONSOLE(126)] "currentLatencynow: 16.825", source: file:///home/seluser/ppt/player/bola1/index.html (126)
[103:103:1218/081409.384948:INFO:CONSOLE(126)] "currentLatencynow: 17.825", source: file:///home/seluser/ppt/player/bola1/index.html (126)
[103:103:1218/081410.384972:INFO:CONSOLE(126)] "currentLatencynow: 18.825", source: file:///home/seluser/ppt/player/bola1/index.html (126)
[103:103:1218/081411.384819:INFO:CONSOLE(126)] "currentLatencynow: 19.825", source: file:///home/seluser/ppt/player/bola1/index.html (126)
[103:103:1218/081412.384939:INFO:CONSOLE(126)] "currentLatencynow: 20.825", source: file:///home/seluser/ppt/player/bola1/index.html (126)
[103:130:1218/081412.494877:ERROR:bus.cc(392)] Failed to connect to the bus: Address does not contain a colon
[103:130:1218/081412.494932:ERROR:bus.cc(392)] Failed to connect to the bus: Address does not contain a colon
[103:103:1218/081413.384966:INFO:CONSOLE(126)] "currentLatencynow: 20.8", source: file:///home/seluser/ppt/player/bola1/index.html (126)
[103:103:1218/081414.385064:INFO:CONSOLE(112)] "Begin Player stistics 
", source: file:///home/seluser/ppt/player/bola1/index.html (112)
[103:103:1218/081414.385419:INFO:CONSOLE(113)] "["stall",[["12.00","13.42",1.42]],[["14.03","14.28",0.25]],[["63.63","63.88",0.25]],[["66.95","67.20",0.25]],[["73.48","73.73",0.25]],[["105.95","106.20",0.25]],[["131.47","131.72",0.25]],[["144.78","145.03",0.25]],[["availibleBW",[null],[null],[null],[null],[null],[null],[null],[null],[1293],[1293],[1293],[1293],[1293],[1293],[836],[836],[1544],[2527],[3813],[3813],[3779],[3782],[3782],[3798],[3807],[3807],[3839],[3839],[3838],[3838],[3834],[3830],[3830],[3826],[3936],[4454],[5021],[5021],[5569],[5569],[6584],[6584],[6602],[6618],[6662],[6652],[6652],[6638],[6605],[6595],[6588],[6577],[6577],[6602],[6604],[6604],[6604],[6604],[6604],[6604],[5070],[4444],[4444],[4444],[4444],[4444],[3984],[3248],[3248],[1808],[1196],[1197],[1307],[1445],[1842],[1769],[1769],[1902],[1902],[1902],[1741],[1741],[1626],[1664],[1367],[1500],[1914],[1910],[1911],[1917],[1921],[1921],[1923],[1911],[1909],[1909],[1909],[1720],[1720],[1522],[1522],[1328],[1328],[951],[954],[954],[962],[962],[962],[958],[926],[925],[923],[924],[949],[1252],[1252],[1123],[1123],[1123],[1123],[1041],[1041],[1041],[1041],[963],[963],[473],[473],[471],[471],[463],[463],[462],[462],[506],[581],[664],[664],[664],[664],[664],[601],[601],[601],[601],[572],[572]]],[["currentBuffer",[0],[0],[0],[0],[0],[0],[0],[0],[0.635],[0.05],[0.05],[0.05],[0.05],[0.05],[2.052],[1.581],[2.483],[7.37],[10.293],[9.193],[8.093],[6.993],[5.893],[4.793],[3.693],[2.593],[1.493],[2.396],[3.295],[2.197],[3.099],[4],[2.901],[3.803],[4.702],[5.607],[6.509],[5.409],[4.309],[3.209],[2.109],[1.008],[0],[0.928],[1.852],[2.754],[1.651],[2.554],[3.456],[4.36],[5.261],[6.163],[5.062],[3.964],[2.864],[1.764],[0.664],[0],[0],[0],[0.009],[1.17],[0],[0],[0],[0],[0],[1.443],[0.489],[0],[1.615],[0.615],[1.617],[2.602],[7.508],[8.369],[7.31],[6.189],[5.11],[4.01],[2.91],[1.81],[0.669],[1.636],[2.538],[3.44],[6.313],[7.225],[8.148],[7.007],[5.888],[4.848],[3.748],[2.648],[3.55],[2.45],[1.349],[2.232],[1.152],[2.061],[0.968],[1.92],[1.92],[1.92],[0.991],[0],[0.993],[0],[0.995],[1.961],[2.808],[3.784],[4.686],[5.588],[6.49],[7.392],[6.292],[7.12],[6.094],[4.994],[3.894],[2.794],[1.694],[0.594],[0],[0],[0],[0],[0],[1.02],[0.059],[1.061],[0.061],[1.063],[0.063],[1.065],[2.033],[2.905],[1.835],[0.735],[0],[0],[1.875],[1.875],[1.875],[1.875],[3.877],[2.87]]],[["currentLatency",[null],[null],[null],[null],[null],[null],[null],[4.709],[5.709],[6.124],[7.124],[8.124],[9.124],[10.124],[11.124],[11.634],[11.534],[11.434],[11.334],[11.234],[11.134],[11.034],[10.934],[10.834],[10.734],[10.634],[10.535],[10.434],[10.334],[10.234],[10.134],[10.034],[9.934],[9.834],[9.734],[9.634],[9.534],[9.434],[9.334],[9.234],[9.133],[9.034],[8.952],[8.953],[8.872],[8.772],[8.672],[8.573],[8.472],[8.372],[8.272],[8.172],[8.072],[7.972],[7.872],[7.772],[7.672],[7.617],[7.617],[8.034],[9.034],[9.01],[9.009],[10.009],[11.009],[12.009],[13.009],[13.422],[13.422],[13.983],[14.574],[14.574],[14.574],[14.551],[14.451],[14.351],[14.251],[14.151],[14.051],[13.951],[13.851],[13.751],[13.651],[13.574],[13.474],[13.374],[13.274],[13.174],[13.074],[12.974],[12.874],[12.774],[12.675],[12.574],[12.474],[12.374],[12.274],[12.174],[12.074],[11.987],[11.889],[11.905],[12.905],[13.821],[13.885],[13.885],[13.885],[13.885],[13.885],[13.859],[13.759],[13.659],[13.559],[13.459],[13.359],[13.259],[13.159],[13.059],[12.959],[12.859],[12.759],[12.659],[12.559],[12.459],[12.411],[12.411],[12.411],[12.982],[13.982],[14.888],[14.95],[14.95],[14.95],[14.95],[14.95],[14.95],[14.909],[14.809],[14.709],[14.609],[14.825],[15.825],[16.825],[17.825],[18.825],[19.825],[20.825],[20.8]]]]", source: file:///home/seluser/ppt/player/bola1/index.html (113)
[103:103:1218/081414.386389:INFO:CONSOLE(114)] "
", source: file:///home/seluser/ppt/player/bola1/index.html (114)
[103:103:1218/081414.386534:INFO:CONSOLE(115)] "Finish Player stistics 
", source: file:///home/seluser/ppt/player/bola1/index.html (115)
[103:103:1218/081414.387598:INFO:CONSOLE(126)] "currentLatencynow: 20.701", source: file:///home/seluser/ppt/player/bola1/index.html (126)
[103:103:1218/081415.384936:INFO:CONSOLE(126)] "currentLatencynow: 20.601", source: file:///home/seluser/ppt/player/bola1/index.html (126)
[103:103:1218/081416.384956:INFO:CONSOLE(126)] "currentLatencynow: 20.501", source: file:///home/seluser/ppt/player/bola1/index.html (126)
[103:103:1218/081416.549307:WARNING:pref_notifier_impl.cc(40)] Pref observer for media_router.cast_allow_all_ips found at shutdown.
