[104:139:1218/081140.901725:ERROR:bus.cc(392)] Failed to connect to the bus: Failed to connect to socket /var/run/dbus/system_bus_socket: No such file or directory
[104:130:1218/081140.904754:ERROR:bus.cc(392)] Failed to connect to the bus: Address does not contain a colon
[104:130:1218/081140.904804:ERROR:bus.cc(392)] Failed to connect to the bus: Address does not contain a colon
[104:130:1218/081140.920837:ERROR:bus.cc(392)] Failed to connect to the bus: Address does not contain a colon
[104:130:1218/081140.920895:ERROR:bus.cc(392)] Failed to connect to the bus: Address does not contain a colon
[147:147:1218/081140.930207:ERROR:gpu_init.cc(453)] Passthrough is not supported, GL is swiftshader, ANGLE is 
[104:130:1218/081140.967983:ERROR:bus.cc(392)] Failed to connect to the bus: Address does not contain a colon
[104:130:1218/081140.968021:ERROR:bus.cc(392)] Failed to connect to the bus: Address does not contain a colon
[104:219:1218/081141.182478:ERROR:bus.cc(392)] Failed to connect to the bus: Failed to connect to socket /var/run/dbus/system_bus_socket: No such file or directory
[104:219:1218/081141.182562:ERROR:bus.cc(392)] Failed to connect to the bus: Failed to connect to socket /var/run/dbus/system_bus_socket: No such file or directory
[104:219:1218/081141.182726:ERROR:bus.cc(392)] Failed to connect to the bus: Failed to connect to socket /var/run/dbus/system_bus_socket: No such file or directory
[104:219:1218/081141.182761:WARNING:property.cc(144)] DaemonVersion: GetAndBlock: failed.
[104:219:1218/081141.182814:ERROR:bus.cc(392)] Failed to connect to the bus: Failed to connect to socket /var/run/dbus/system_bus_socket: No such file or directory
[104:219:1218/081141.182877:ERROR:bus.cc(392)] Failed to connect to the bus: Failed to connect to socket /var/run/dbus/system_bus_socket: No such file or directory
[104:104:1218/081143.379342:INFO:CONSOLE(126)] "currentLatencynow: NaN", source: file:///home/seluser/ppt/player/bola1/index.html (126)
[104:165:1218/081144.174067:ERROR:chrome_browser_main_extra_parts_metrics.cc(228)] crbug.com/1216328: Checking Bluetooth availability started. Please report if there is no report that this ends.
[104:165:1218/081144.174116:ERROR:chrome_browser_main_extra_parts_metrics.cc(231)] crbug.com/1216328: Checking Bluetooth availability ended.
[104:165:1218/081144.174128:ERROR:chrome_browser_main_extra_parts_metrics.cc(234)] crbug.com/1216328: Checking default browser status started. Please report if there is no report that this ends.
[104:165:1218/081144.316321:ERROR:chrome_browser_main_extra_parts_metrics.cc(238)] crbug.com/1216328: Checking default browser status ended.
[104:104:1218/081144.378850:INFO:CONSOLE(126)] "currentLatencynow: NaN", source: file:///home/seluser/ppt/player/bola1/index.html (126)
[436:436:1218/081145.377797:WARNING:audio_manager_linux.cc(69)] Falling back to ALSA for audio output. PulseAudio is not available or could not be initialized.
[104:104:1218/081145.381260:INFO:CONSOLE(126)] "currentLatencynow: 4.269", source: file:///home/seluser/ppt/player/bola1/index.html (126)
[436:436:1218/081145.390990:ERROR:alsa_util.cc(204)] PcmOpen: default,No such file or directory
[436:436:1218/081145.391548:ERROR:alsa_util.cc(204)] PcmOpen: plug:default,No such file or directory
[104:130:1218/081145.928764:ERROR:bus.cc(392)] Failed to connect to the bus: Address does not contain a colon
[104:130:1218/081145.928822:ERROR:bus.cc(392)] Failed to connect to the bus: Address does not contain a colon
[104:130:1218/081145.928838:ERROR:bus.cc(392)] Failed to connect to the bus: Address does not contain a colon
[104:130:1218/081145.928852:ERROR:bus.cc(392)] Failed to connect to the bus: Address does not contain a colon
[104:130:1218/081145.928865:ERROR:bus.cc(392)] Failed to connect to the bus: Address does not contain a colon
[104:130:1218/081145.928879:ERROR:bus.cc(392)] Failed to connect to the bus: Address does not contain a colon
[104:130:1218/081145.928893:ERROR:bus.cc(392)] Failed to connect to the bus: Address does not contain a colon
[104:130:1218/081145.928906:ERROR:bus.cc(392)] Failed to connect to the bus: Address does not contain a colon
[104:130:1218/081145.928933:ERROR:bus.cc(392)] Failed to connect to the bus: Address does not contain a colon
[104:130:1218/081145.928947:ERROR:bus.cc(392)] Failed to connect to the bus: Address does not contain a colon
[104:130:1218/081145.928960:ERROR:bus.cc(392)] Failed to connect to the bus: Address does not contain a colon
[104:130:1218/081145.928973:ERROR:bus.cc(392)] Failed to connect to the bus: Address does not contain a colon
[104:130:1218/081145.928986:ERROR:bus.cc(392)] Failed to connect to the bus: Address does not contain a colon
[104:130:1218/081145.928998:ERROR:bus.cc(392)] Failed to connect to the bus: Address does not contain a colon
[104:130:1218/081145.935176:ERROR:bus.cc(392)] Failed to connect to the bus: Address does not contain a colon
[104:130:1218/081145.935230:ERROR:bus.cc(392)] Failed to connect to the bus: Address does not contain a colon
[104:130:1218/081145.935253:ERROR:bus.cc(392)] Failed to connect to the bus: Address does not contain a colon
[104:130:1218/081145.994264:ERROR:bus.cc(392)] Failed to connect to the bus: Address does not contain a colon
[104:130:1218/081145.994326:ERROR:bus.cc(392)] Failed to connect to the bus: Address does not contain a colon
[104:104:1218/081146.378919:INFO:CONSOLE(126)] "currentLatencynow: 4.845", source: file:///home/seluser/ppt/player/bola1/index.html (126)
[104:104:1218/081147.378864:INFO:CONSOLE(126)] "currentLatencynow: 4.748", source: file:///home/seluser/ppt/player/bola1/index.html (126)
[104:104:1218/081148.378793:INFO:CONSOLE(126)] "currentLatencynow: 4.651", source: file:///home/seluser/ppt/player/bola1/index.html (126)
[104:104:1218/081149.378824:INFO:CONSOLE(126)] "currentLatencynow: 4.554", source: file:///home/seluser/ppt/player/bola1/index.html (126)
[104:104:1218/081150.378801:INFO:CONSOLE(126)] "currentLatencynow: 4.519", source: file:///home/seluser/ppt/player/bola1/index.html (126)
[104:104:1218/081151.378934:INFO:CONSOLE(126)] "currentLatencynow: 4.441", source: file:///home/seluser/ppt/player/bola1/index.html (126)
[104:104:1218/081152.378836:INFO:CONSOLE(126)] "currentLatencynow: 4.355", source: file:///home/seluser/ppt/player/bola1/index.html (126)
[104:104:1218/081153.379769:INFO:CONSOLE(126)] "currentLatencynow: 4.276", source: file:///home/seluser/ppt/player/bola1/index.html (126)
[104:104:1218/081154.378900:INFO:CONSOLE(126)] "currentLatencynow: 4.212", source: file:///home/seluser/ppt/player/bola1/index.html (126)
[104:104:1218/081155.379589:INFO:CONSOLE(126)] "currentLatencynow: 4.157", source: file:///home/seluser/ppt/player/bola1/index.html (126)
[104:104:1218/081156.378665:INFO:CONSOLE(126)] "currentLatencynow: 4.115", source: file:///home/seluser/ppt/player/bola1/index.html (126)
[104:104:1218/081157.378994:INFO:CONSOLE(126)] "currentLatencynow: 4.076", source: file:///home/seluser/ppt/player/bola1/index.html (126)
[104:104:1218/081158.378871:INFO:CONSOLE(126)] "currentLatencynow: 4.056", source: file:///home/seluser/ppt/player/bola1/index.html (126)
[104:104:1218/081159.379831:INFO:CONSOLE(126)] "currentLatencynow: 4.036", source: file:///home/seluser/ppt/player/bola1/index.html (126)
[104:104:1218/081200.378760:INFO:CONSOLE(126)] "currentLatencynow: 4.018", source: file:///home/seluser/ppt/player/bola1/index.html (126)
[104:104:1218/081201.378680:INFO:CONSOLE(126)] "currentLatencynow: 4.018", source: file:///home/seluser/ppt/player/bola1/index.html (126)
[104:104:1218/081202.378853:INFO:CONSOLE(126)] "currentLatencynow: 4.019", source: file:///home/seluser/ppt/player/bola1/index.html (126)
[104:104:1218/081203.378749:INFO:CONSOLE(126)] "currentLatencynow: 4.147", source: file:///home/seluser/ppt/player/bola1/index.html (126)
[104:104:1218/081204.378826:INFO:CONSOLE(126)] "currentLatencynow: 4.243", source: file:///home/seluser/ppt/player/bola1/index.html (126)
[104:104:1218/081205.378943:INFO:CONSOLE(126)] "currentLatencynow: 4.243", source: file:///home/seluser/ppt/player/bola1/index.html (126)
[104:104:1218/081206.379024:INFO:CONSOLE(126)] "currentLatencynow: 4.243", source: file:///home/seluser/ppt/player/bola1/index.html (126)
[104:104:1218/081207.378765:INFO:CONSOLE(126)] "currentLatencynow: 4.243", source: file:///home/seluser/ppt/player/bola1/index.html (126)
[104:104:1218/081208.378749:INFO:CONSOLE(126)] "currentLatencynow: 4.243", source: file:///home/seluser/ppt/player/bola1/index.html (126)
[104:104:1218/081209.378717:INFO:CONSOLE(126)] "currentLatencynow: 4.243", source: file:///home/seluser/ppt/player/bola1/index.html (126)
[104:104:1218/081210.378713:INFO:CONSOLE(126)] "currentLatencynow: 4.243", source: file:///home/seluser/ppt/player/bola1/index.html (126)
[104:104:1218/081211.378681:INFO:CONSOLE(126)] "currentLatencynow: 4.243", source: file:///home/seluser/ppt/player/bola1/index.html (126)
[104:104:1218/081212.378726:INFO:CONSOLE(126)] "currentLatencynow: 4.193", source: file:///home/seluser/ppt/player/bola1/index.html (126)
[104:104:1218/081213.378783:INFO:CONSOLE(126)] "currentLatencynow: 4.143", source: file:///home/seluser/ppt/player/bola1/index.html (126)
[104:104:1218/081214.378861:INFO:CONSOLE(126)] "currentLatencynow: 4.115", source: file:///home/seluser/ppt/player/bola1/index.html (126)
[104:104:1218/081215.378949:INFO:CONSOLE(126)] "currentLatencynow: 4.081", source: file:///home/seluser/ppt/player/bola1/index.html (126)
[104:104:1218/081216.378874:INFO:CONSOLE(126)] "currentLatencynow: 4.048", source: file:///home/seluser/ppt/player/bola1/index.html (126)
[104:104:1218/081217.378797:INFO:CONSOLE(126)] "currentLatencynow: 4.035", source: file:///home/seluser/ppt/player/bola1/index.html (126)
[104:104:1218/081218.379070:INFO:CONSOLE(126)] "currentLatencynow: 4.022", source: file:///home/seluser/ppt/player/bola1/index.html (126)
[104:104:1218/081219.381146:INFO:CONSOLE(126)] "currentLatencynow: 4.02", source: file:///home/seluser/ppt/player/bola1/index.html (126)
[104:104:1218/081220.378782:INFO:CONSOLE(126)] "currentLatencynow: 4.02", source: file:///home/seluser/ppt/player/bola1/index.html (126)
[104:104:1218/081221.378930:INFO:CONSOLE(126)] "currentLatencynow: 4.02", source: file:///home/seluser/ppt/player/bola1/index.html (126)
[104:104:1218/081222.378810:INFO:CONSOLE(126)] "currentLatencynow: 4.02", source: file:///home/seluser/ppt/player/bola1/index.html (126)
[104:104:1218/081223.379023:INFO:CONSOLE(126)] "currentLatencynow: 4.02", source: file:///home/seluser/ppt/player/bola1/index.html (126)
[104:104:1218/081224.378735:INFO:CONSOLE(126)] "currentLatencynow: 4.02", source: file:///home/seluser/ppt/player/bola1/index.html (126)
[104:104:1218/081225.378859:INFO:CONSOLE(126)] "currentLatencynow: 4.02", source: file:///home/seluser/ppt/player/bola1/index.html (126)
[104:104:1218/081226.378794:INFO:CONSOLE(126)] "currentLatencynow: 4.02", source: file:///home/seluser/ppt/player/bola1/index.html (126)
[104:104:1218/081227.378726:INFO:CONSOLE(126)] "currentLatencynow: 4.02", source: file:///home/seluser/ppt/player/bola1/index.html (126)
[104:104:1218/081228.378774:INFO:CONSOLE(126)] "currentLatencynow: 4.02", source: file:///home/seluser/ppt/player/bola1/index.html (126)
[104:104:1218/081229.378887:INFO:CONSOLE(126)] "currentLatencynow: 4.02", source: file:///home/seluser/ppt/player/bola1/index.html (126)
[104:104:1218/081230.378815:INFO:CONSOLE(126)] "currentLatencynow: 4.02", source: file:///home/seluser/ppt/player/bola1/index.html (126)
[104:104:1218/081231.378836:INFO:CONSOLE(126)] "currentLatencynow: 4.02", source: file:///home/seluser/ppt/player/bola1/index.html (126)
[104:104:1218/081232.378904:INFO:CONSOLE(126)] "currentLatencynow: 4.02", source: file:///home/seluser/ppt/player/bola1/index.html (126)
[104:104:1218/081233.378822:INFO:CONSOLE(126)] "currentLatencynow: 4.02", source: file:///home/seluser/ppt/player/bola1/index.html (126)
[104:104:1218/081234.378826:INFO:CONSOLE(126)] "currentLatencynow: 4.02", source: file:///home/seluser/ppt/player/bola1/index.html (126)
[104:104:1218/081235.378723:INFO:CONSOLE(126)] "currentLatencynow: 4.02", source: file:///home/seluser/ppt/player/bola1/index.html (126)
[104:104:1218/081236.378768:INFO:CONSOLE(126)] "currentLatencynow: 4.02", source: file:///home/seluser/ppt/player/bola1/index.html (126)
[104:104:1218/081237.378749:INFO:CONSOLE(126)] "currentLatencynow: 4.02", source: file:///home/seluser/ppt/player/bola1/index.html (126)
[104:104:1218/081238.378889:INFO:CONSOLE(126)] "currentLatencynow: 4.02", source: file:///home/seluser/ppt/player/bola1/index.html (126)
[104:104:1218/081239.378715:INFO:CONSOLE(126)] "currentLatencynow: 4.02", source: file:///home/seluser/ppt/player/bola1/index.html (126)
[104:104:1218/081240.378853:INFO:CONSOLE(126)] "currentLatencynow: 4.02", source: file:///home/seluser/ppt/player/bola1/index.html (126)
[104:104:1218/081241.378764:INFO:CONSOLE(126)] "currentLatencynow: 4.02", source: file:///home/seluser/ppt/player/bola1/index.html (126)
[104:104:1218/081242.378991:INFO:CONSOLE(126)] "currentLatencynow: 4.02", source: file:///home/seluser/ppt/player/bola1/index.html (126)
[104:104:1218/081243.378783:INFO:CONSOLE(126)] "currentLatencynow: 4.02", source: file:///home/seluser/ppt/player/bola1/index.html (126)
[104:104:1218/081244.378931:INFO:CONSOLE(126)] "currentLatencynow: 4.02", source: file:///home/seluser/ppt/player/bola1/index.html (126)
[104:104:1218/081245.378779:INFO:CONSOLE(126)] "currentLatencynow: 4.058", source: file:///home/seluser/ppt/player/bola1/index.html (126)
[104:104:1218/081246.378818:INFO:CONSOLE(126)] "currentLatencynow: 5.058", source: file:///home/seluser/ppt/player/bola1/index.html (126)
[104:104:1218/081247.378758:INFO:CONSOLE(126)] "currentLatencynow: 6.058", source: file:///home/seluser/ppt/player/bola1/index.html (126)
[104:104:1218/081248.378778:INFO:CONSOLE(126)] "currentLatencynow: 7.058", source: file:///home/seluser/ppt/player/bola1/index.html (126)
[104:104:1218/081249.378884:INFO:CONSOLE(126)] "currentLatencynow: 8.058", source: file:///home/seluser/ppt/player/bola1/index.html (126)
[104:104:1218/081250.378758:INFO:CONSOLE(126)] "currentLatencynow: 9.058", source: file:///home/seluser/ppt/player/bola1/index.html (126)
[104:104:1218/081251.378781:INFO:CONSOLE(126)] "currentLatencynow: 10.058", source: file:///home/seluser/ppt/player/bola1/index.html (126)
[104:104:1218/081252.378892:INFO:CONSOLE(126)] "currentLatencynow: 11.058", source: file:///home/seluser/ppt/player/bola1/index.html (126)
[104:104:1218/081253.378745:INFO:CONSOLE(126)] "currentLatencynow: 12.058", source: file:///home/seluser/ppt/player/bola1/index.html (126)
[104:104:1218/081254.378821:INFO:CONSOLE(126)] "currentLatencynow: 13.058", source: file:///home/seluser/ppt/player/bola1/index.html (126)
[104:104:1218/081255.378803:INFO:CONSOLE(126)] "currentLatencynow: 14.058", source: file:///home/seluser/ppt/player/bola1/index.html (126)
[104:130:1218/081255.524647:ERROR:bus.cc(392)] Failed to connect to the bus: Address does not contain a colon
[104:130:1218/081255.524715:ERROR:bus.cc(392)] Failed to connect to the bus: Address does not contain a colon
[104:104:1218/081256.378747:INFO:CONSOLE(126)] "currentLatencynow: 14.109", source: file:///home/seluser/ppt/player/bola1/index.html (126)
[104:104:1218/081257.378730:INFO:CONSOLE(126)] "currentLatencynow: 14.109", source: file:///home/seluser/ppt/player/bola1/index.html (126)
[104:104:1218/081258.378765:INFO:CONSOLE(126)] "currentLatencynow: 14.109", source: file:///home/seluser/ppt/player/bola1/index.html (126)
[104:104:1218/081259.378826:INFO:CONSOLE(126)] "currentLatencynow: 14.109", source: file:///home/seluser/ppt/player/bola1/index.html (126)
[104:104:1218/081300.378763:INFO:CONSOLE(126)] "currentLatencynow: 14.113", source: file:///home/seluser/ppt/player/bola1/index.html (126)
[104:104:1218/081301.378670:INFO:CONSOLE(126)] "currentLatencynow: 15.113", source: file:///home/seluser/ppt/player/bola1/index.html (126)
[104:104:1218/081302.378680:INFO:CONSOLE(126)] "currentLatencynow: 16.113", source: file:///home/seluser/ppt/player/bola1/index.html (126)
[104:104:1218/081303.378772:INFO:CONSOLE(126)] "currentLatencynow: 17.113", source: file:///home/seluser/ppt/player/bola1/index.html (126)
[104:130:1218/081303.936301:ERROR:bus.cc(392)] Failed to connect to the bus: Address does not contain a colon
[104:130:1218/081303.936379:ERROR:bus.cc(392)] Failed to connect to the bus: Address does not contain a colon
[104:104:1218/081304.378815:INFO:CONSOLE(126)] "currentLatencynow: 17.629", source: file:///home/seluser/ppt/player/bola1/index.html (126)
[104:104:1218/081305.378759:INFO:CONSOLE(126)] "currentLatencynow: 17.629", source: file:///home/seluser/ppt/player/bola1/index.html (126)
[104:104:1218/081306.378672:INFO:CONSOLE(126)] "currentLatencynow: 17.629", source: file:///home/seluser/ppt/player/bola1/index.html (126)
[104:104:1218/081307.378796:INFO:CONSOLE(126)] "currentLatencynow: 18.051", source: file:///home/seluser/ppt/player/bola1/index.html (126)
[104:104:1218/081308.378738:INFO:CONSOLE(126)] "currentLatencynow: 19.051", source: file:///home/seluser/ppt/player/bola1/index.html (126)
[104:104:1218/081309.378777:INFO:CONSOLE(126)] "currentLatencynow: 20.051", source: file:///home/seluser/ppt/player/bola1/index.html (126)
[104:104:1218/081310.378809:INFO:CONSOLE(126)] "currentLatencynow: 21.051", source: file:///home/seluser/ppt/player/bola1/index.html (126)
[104:104:1218/081311.378784:INFO:CONSOLE(126)] "currentLatencynow: 22.051", source: file:///home/seluser/ppt/player/bola1/index.html (126)
[104:104:1218/081312.378768:INFO:CONSOLE(126)] "currentLatencynow: 23.051", source: file:///home/seluser/ppt/player/bola1/index.html (126)
[104:104:1218/081313.378751:INFO:CONSOLE(126)] "currentLatencynow: 24.051", source: file:///home/seluser/ppt/player/bola1/index.html (126)
[104:104:1218/081314.378759:INFO:CONSOLE(126)] "currentLatencynow: 25.051", source: file:///home/seluser/ppt/player/bola1/index.html (126)
[104:130:1218/081314.883770:ERROR:bus.cc(392)] Failed to connect to the bus: Address does not contain a colon
[104:130:1218/081314.883827:ERROR:bus.cc(392)] Failed to connect to the bus: Address does not contain a colon
[104:104:1218/081315.378797:INFO:CONSOLE(126)] "currentLatencynow: 25.48", source: file:///home/seluser/ppt/player/bola1/index.html (126)
[104:104:1218/081316.378780:INFO:CONSOLE(126)] "currentLatencynow: 25.48", source: file:///home/seluser/ppt/player/bola1/index.html (126)
[104:104:1218/081317.378727:INFO:CONSOLE(126)] "currentLatencynow: 25.48", source: file:///home/seluser/ppt/player/bola1/index.html (126)
[104:104:1218/081318.378670:INFO:CONSOLE(126)] "currentLatencynow: 25.48", source: file:///home/seluser/ppt/player/bola1/index.html (126)
[104:104:1218/081319.378763:INFO:CONSOLE(126)] "currentLatencynow: 26.04", source: file:///home/seluser/ppt/player/bola1/index.html (126)
[104:104:1218/081320.378785:INFO:CONSOLE(126)] "currentLatencynow: 27.04", source: file:///home/seluser/ppt/player/bola1/index.html (126)
[104:104:1218/081321.378756:INFO:CONSOLE(126)] "currentLatencynow: 28.04", source: file:///home/seluser/ppt/player/bola1/index.html (126)
[104:104:1218/081322.378824:INFO:CONSOLE(126)] "currentLatencynow: 29.04", source: file:///home/seluser/ppt/player/bola1/index.html (126)
[104:130:1218/081322.560840:ERROR:bus.cc(392)] Failed to connect to the bus: Address does not contain a colon
[104:130:1218/081322.560911:ERROR:bus.cc(392)] Failed to connect to the bus: Address does not contain a colon
[104:104:1218/081323.378772:INFO:CONSOLE(126)] "currentLatencynow: 29.149", source: file:///home/seluser/ppt/player/bola1/index.html (126)
[104:104:1218/081324.378784:INFO:CONSOLE(126)] "currentLatencynow: 29.127", source: file:///home/seluser/ppt/player/bola1/index.html (126)
[104:104:1218/081325.378751:INFO:CONSOLE(126)] "currentLatencynow: 29.027", source: file:///home/seluser/ppt/player/bola1/index.html (126)
[104:104:1218/081326.378672:INFO:CONSOLE(126)] "currentLatencynow: 29.045", source: file:///home/seluser/ppt/player/bola1/index.html (126)
[104:104:1218/081327.378877:INFO:CONSOLE(126)] "currentLatencynow: 30.045", source: file:///home/seluser/ppt/player/bola1/index.html (126)
[104:104:1218/081328.378678:INFO:CONSOLE(126)] "currentLatencynow: 30.115", source: file:///home/seluser/ppt/player/bola1/index.html (126)
[104:104:1218/081329.378662:INFO:CONSOLE(126)] "currentLatencynow: 30.137", source: file:///home/seluser/ppt/player/bola1/index.html (126)
[104:104:1218/081330.378741:INFO:CONSOLE(126)] "currentLatencynow: 30.816", source: file:///home/seluser/ppt/player/bola1/index.html (126)
[104:104:1218/081331.378730:INFO:CONSOLE(126)] "currentLatencynow: 31.816", source: file:///home/seluser/ppt/player/bola1/index.html (126)
[104:104:1218/081332.378751:INFO:CONSOLE(126)] "currentLatencynow: 32.816", source: file:///home/seluser/ppt/player/bola1/index.html (126)
[104:104:1218/081333.378719:INFO:CONSOLE(126)] "currentLatencynow: 30.616", source: file:///home/seluser/ppt/player/bola1/index.html (126)
[104:104:1218/081334.378759:INFO:CONSOLE(126)] "currentLatencynow: 31.616", source: file:///home/seluser/ppt/player/bola1/index.html (126)
[104:130:1218/081335.177451:ERROR:bus.cc(392)] Failed to connect to the bus: Address does not contain a colon
[104:130:1218/081335.177509:ERROR:bus.cc(392)] Failed to connect to the bus: Address does not contain a colon
[104:104:1218/081335.378942:INFO:CONSOLE(126)] "currentLatencynow: 30.216", source: file:///home/seluser/ppt/player/bola1/index.html (126)
[104:104:1218/081336.378702:INFO:CONSOLE(126)] "currentLatencynow: 31.216", source: file:///home/seluser/ppt/player/bola1/index.html (126)
[104:104:1218/081337.378740:INFO:CONSOLE(126)] "currentLatencynow: 32.216", source: file:///home/seluser/ppt/player/bola1/index.html (126)
[104:104:1218/081338.378819:INFO:CONSOLE(126)] "currentLatencynow: 33.216", source: file:///home/seluser/ppt/player/bola1/index.html (126)
[104:104:1218/081339.378678:INFO:CONSOLE(126)] "currentLatencynow: 34.216", source: file:///home/seluser/ppt/player/bola1/index.html (126)
[104:130:1218/081339.783544:ERROR:bus.cc(392)] Failed to connect to the bus: Address does not contain a colon
[104:130:1218/081339.783605:ERROR:bus.cc(392)] Failed to connect to the bus: Address does not contain a colon
[104:104:1218/081340.378835:INFO:CONSOLE(126)] "currentLatencynow: 34.544", source: file:///home/seluser/ppt/player/bola1/index.html (126)
[104:104:1218/081341.378752:INFO:CONSOLE(126)] "currentLatencynow: 34.444", source: file:///home/seluser/ppt/player/bola1/index.html (126)
[104:104:1218/081342.378723:INFO:CONSOLE(126)] "currentLatencynow: 34.344", source: file:///home/seluser/ppt/player/bola1/index.html (126)
[104:104:1218/081343.378664:INFO:CONSOLE(126)] "currentLatencynow: 34.244", source: file:///home/seluser/ppt/player/bola1/index.html (126)
[104:104:1218/081344.378737:INFO:CONSOLE(126)] "currentLatencynow: 34.144", source: file:///home/seluser/ppt/player/bola1/index.html (126)
[104:104:1218/081345.378748:INFO:CONSOLE(126)] "currentLatencynow: 34.044", source: file:///home/seluser/ppt/player/bola1/index.html (126)
[104:104:1218/081346.378906:INFO:CONSOLE(126)] "currentLatencynow: 33.944", source: file:///home/seluser/ppt/player/bola1/index.html (126)
[104:104:1218/081347.378737:INFO:CONSOLE(126)] "currentLatencynow: 33.844", source: file:///home/seluser/ppt/player/bola1/index.html (126)
[104:104:1218/081348.378718:INFO:CONSOLE(126)] "currentLatencynow: 33.744", source: file:///home/seluser/ppt/player/bola1/index.html (126)
[104:104:1218/081349.378805:INFO:CONSOLE(126)] "currentLatencynow: 33.644", source: file:///home/seluser/ppt/player/bola1/index.html (126)
[104:104:1218/081350.378746:INFO:CONSOLE(126)] "currentLatencynow: 33.544", source: file:///home/seluser/ppt/player/bola1/index.html (126)
[104:104:1218/081351.378744:INFO:CONSOLE(126)] "currentLatencynow: 33.444", source: file:///home/seluser/ppt/player/bola1/index.html (126)
[104:104:1218/081352.378703:INFO:CONSOLE(126)] "currentLatencynow: 33.344", source: file:///home/seluser/ppt/player/bola1/index.html (126)
[104:104:1218/081353.378872:INFO:CONSOLE(126)] "currentLatencynow: 33.243", source: file:///home/seluser/ppt/player/bola1/index.html (126)
[104:104:1218/081354.378783:INFO:CONSOLE(126)] "currentLatencynow: 33.144", source: file:///home/seluser/ppt/player/bola1/index.html (126)
[104:104:1218/081355.378806:INFO:CONSOLE(126)] "currentLatencynow: 33.044", source: file:///home/seluser/ppt/player/bola1/index.html (126)
[104:104:1218/081356.378968:INFO:CONSOLE(126)] "currentLatencynow: 32.943", source: file:///home/seluser/ppt/player/bola1/index.html (126)
[104:104:1218/081357.378782:INFO:CONSOLE(126)] "currentLatencynow: 32.844", source: file:///home/seluser/ppt/player/bola1/index.html (126)
[104:104:1218/081358.378878:INFO:CONSOLE(126)] "currentLatencynow: 32.744", source: file:///home/seluser/ppt/player/bola1/index.html (126)
[104:104:1218/081359.378876:INFO:CONSOLE(126)] "currentLatencynow: 32.643", source: file:///home/seluser/ppt/player/bola1/index.html (126)
[104:104:1218/081400.378734:INFO:CONSOLE(126)] "currentLatencynow: 32.544", source: file:///home/seluser/ppt/player/bola1/index.html (126)
[104:104:1218/081401.378720:INFO:CONSOLE(126)] "currentLatencynow: 32.444", source: file:///home/seluser/ppt/player/bola1/index.html (126)
[104:104:1218/081402.378830:INFO:CONSOLE(126)] "currentLatencynow: 32.343", source: file:///home/seluser/ppt/player/bola1/index.html (126)
[104:104:1218/081403.378798:INFO:CONSOLE(126)] "currentLatencynow: 32.244", source: file:///home/seluser/ppt/player/bola1/index.html (126)
[104:104:1218/081404.378978:INFO:CONSOLE(126)] "currentLatencynow: 30.916", source: file:///home/seluser/ppt/player/bola1/index.html (126)
[104:104:1218/081405.378791:INFO:CONSOLE(126)] "currentLatencynow: 31.916", source: file:///home/seluser/ppt/player/bola1/index.html (126)
[104:104:1218/081406.378828:INFO:CONSOLE(126)] "currentLatencynow: 32.916", source: file:///home/seluser/ppt/player/bola1/index.html (126)
[104:104:1218/081407.378818:INFO:CONSOLE(126)] "currentLatencynow: 33.916", source: file:///home/seluser/ppt/player/bola1/index.html (126)
[104:104:1218/081408.379255:INFO:CONSOLE(126)] "currentLatencynow: 34.917", source: file:///home/seluser/ppt/player/bola1/index.html (126)
[104:130:1218/081409.227498:ERROR:bus.cc(392)] Failed to connect to the bus: Address does not contain a colon
[104:130:1218/081409.227554:ERROR:bus.cc(392)] Failed to connect to the bus: Address does not contain a colon
[104:104:1218/081409.378726:INFO:CONSOLE(126)] "currentLatencynow: 30.13", source: file:///home/seluser/ppt/player/bola1/index.html (126)
[104:104:1218/081410.378714:INFO:CONSOLE(126)] "currentLatencynow: 30.097", source: file:///home/seluser/ppt/player/bola1/index.html (126)
[104:104:1218/081411.378886:INFO:CONSOLE(112)] "Begin Player stistics 
", source: file:///home/seluser/ppt/player/bola1/index.html (112)
[104:104:1218/081411.379220:INFO:CONSOLE(113)] "["stall",[["3.77","4.41",0.6400000000000001]],[["21.73","21.98",0.25]],[["63.82","64.07",0.2499999999999929]],[["78.85","79.10",0.25]],[["85.44","85.68",0.2400000000000091]],[["97.30","97.55",0.25]],[["104.76","105.01",0.25]],[["106.17","106.18",0.010000000000005116]],[["108.07","111.25",3.180000000000007]],[["111.27","113.61",2.3400000000000034]],[["113.67","118.17",4.5]],[["141.97","146.85",4.8799999999999955]],[["146.87","147.62",0.75]],[["147.67","147.71",0.040000000000020464]],[["148.07","148.72",0.6500000000000057]],[["148.77","148.81",0.03999999999999204]],[["availibleBW",[null],[null],[null],[3452],[3452],[4477],[4853],[5901],[5901],[5260],[4673],[4673],[4001],[4001],[4360],[4450],[4436],[6426],[6119],[6119],[5662],[5190],[4711],[3840],[3840],[3828],[3828],[3795],[3772],[3776],[3776],[3786],[3810],[3829],[3829],[3555],[3555],[3391],[3391],[3129],[2901],[2319],[2319],[2139],[2139],[1642],[1642],[1558],[1558],[1537],[1537],[1481],[1481],[1398],[1398],[1280],[1280],[1264],[1264],[1220],[1220],[1220],[1220],[1220],[1220],[1220],[1220],[1220],[1220],[1220],[1220],[1220],[1110],[1110],[1110],[1048],[1048],[963],[963],[963],[963],[902],[902],[902],[902],[845],[845],[845],[845],[845],[845],[845],[522],[522],[522],[522],[522],[273],[273],[327],[327],[338],[338],[388],[388],[388],[388],[388],[388],[488],[488],[488],[489],[489],[456],[456],[460],[460],[448],[448],[472],[472],[520],[535],[535],[608],[608],[616],[616],[609],[655],[735],[823],[1000],[1059],[1059],[1126],[1151],[2075],[2075],[2075],[2075],[2075],[2075],[2075],[1878],[2122],[2464]]],[["currentBuffer",[0],[0],[0],[0],[0],[0],[0.456],[3.471],[2.526],[3.441],[4.151],[3.297],[2.236],[3.197],[2.155],[1.134],[2.116],[1.08],[2.03],[1.096],[0.024],[1.25],[0.208],[1.219],[0.252],[1.254],[0.254],[1.163],[2.18],[1.216],[0.162],[1.136],[2.06],[3.073],[2.058],[3.048],[2.044],[3.046],[2.046],[3.047],[2.048],[3.05],[2.007],[3.052],[2.052],[3.054],[2.054],[3.056],[2.056],[3.058],[2.058],[3.059],[2.017],[3.062],[2.062],[3.064],[2.064],[3.066],[2.066],[3.068],[2.068],[1.068],[0],[0],[0],[0],[0],[0],[0],[0],[0],[0],[1.979],[1.068],[0.068],[0],[0],[0],[0],[0],[0],[0.558],[0],[0],[0],[0],[0],[0],[0],[0],[0],[0],[1.496],[0.581],[0],[0],[0],[0],[0],[1.973],[1.142],[2.128],[1.028],[1.982],[1.982],[1.23],[0.074],[0],[0],[1.755],[0],[0],[0],[0],[0.159],[0.159],[2.161],[1.693],[2.429],[1.495],[2.397],[1.297],[2.09],[2.985],[2.001],[2.903],[1.803],[2.705],[1.605],[2.506],[3.353],[4.2],[5.047],[6.115],[4.886],[3.915],[2.815],[1.715],[4.44],[3.519],[2.419],[0],[0],[0],[0],[1.889],[0.142],[1.095]]],[["currentLatency",[null],[null],[4.269],[4.845],[4.748],[4.651],[4.554],[4.519],[4.441],[4.355],[4.276],[4.212],[4.157],[4.115],[4.076],[4.056],[4.036],[4.018],[4.018],[4.019],[4.147],[4.243],[4.243],[4.243],[4.243],[4.243],[4.243],[4.243],[4.243],[4.193],[4.143],[4.115],[4.081],[4.048],[4.035],[4.022],[4.02],[4.02],[4.02],[4.02],[4.02],[4.02],[4.02],[4.02],[4.02],[4.02],[4.02],[4.02],[4.02],[4.02],[4.02],[4.02],[4.02],[4.02],[4.02],[4.02],[4.02],[4.02],[4.02],[4.02],[4.02],[4.02],[4.058],[5.058],[6.058],[7.058],[8.058],[9.058],[10.058],[11.058],[12.058],[13.058],[14.058],[14.109],[14.109],[14.109],[14.109],[14.113],[15.113],[16.113],[17.113],[17.629],[17.629],[17.629],[18.051],[19.051],[20.051],[21.051],[22.051],[23.051],[24.051],[25.051],[25.48],[25.48],[25.48],[25.48],[26.04],[27.04],[28.04],[29.04],[29.149],[29.127],[29.027],[29.045],[30.045],[30.115],[30.137],[30.816],[31.816],[32.816],[30.616],[31.616],[30.216],[31.216],[32.216],[33.216],[34.216],[34.544],[34.444],[34.344],[34.244],[34.144],[34.044],[33.944],[33.844],[33.744],[33.644],[33.544],[33.444],[33.344],[33.243],[33.144],[33.044],[32.943],[32.844],[32.744],[32.643],[32.544],[32.444],[32.343],[32.244],[30.916],[31.916],[32.916],[33.916],[34.917],[30.13],[30.097]]]]", source: file:///home/seluser/ppt/player/bola1/index.html (113)
[104:104:1218/081411.379903:INFO:CONSOLE(114)] "
", source: file:///home/seluser/ppt/player/bola1/index.html (114)
[104:104:1218/081411.379977:INFO:CONSOLE(115)] "Finish Player stistics 
", source: file:///home/seluser/ppt/player/bola1/index.html (115)
[104:104:1218/081411.380019:INFO:CONSOLE(126)] "currentLatencynow: 30.139", source: file:///home/seluser/ppt/player/bola1/index.html (126)
[104:104:1218/081412.378805:INFO:CONSOLE(126)] "currentLatencynow: 30.139", source: file:///home/seluser/ppt/player/bola1/index.html (126)
[104:104:1218/081413.378712:INFO:CONSOLE(126)] "currentLatencynow: 30.139", source: file:///home/seluser/ppt/player/bola1/index.html (126)
[104:104:1218/081413.556237:WARNING:pref_notifier_impl.cc(40)] Pref observer for media_router.cast_allow_all_ips found at shutdown.
