[230:294:0130/122223.221891:ERROR:bus.cc(392)] Failed to connect to the bus: Failed to connect to socket /var/run/dbus/system_bus_socket: No such file or directory
[230:257:0130/122223.224026:ERROR:bus.cc(392)] Failed to connect to the bus: Address does not contain a colon
[230:257:0130/122223.224443:ERROR:bus.cc(392)] Failed to connect to the bus: Address does not contain a colon
[230:257:0130/122223.238960:ERROR:bus.cc(392)] Failed to connect to the bus: Address does not contain a colon
[230:257:0130/122223.240377:ERROR:bus.cc(392)] Failed to connect to the bus: Address does not contain a colon
[300:300:0130/122223.240948:ERROR:gpu_init.cc(453)] Passthrough is not supported, GL is swiftshader, ANGLE is 
[230:257:0130/122223.272742:ERROR:bus.cc(392)] Failed to connect to the bus: Address does not contain a colon
[230:257:0130/122223.273700:ERROR:bus.cc(392)] Failed to connect to the bus: Address does not contain a colon
[230:393:0130/122223.512916:ERROR:bus.cc(392)] Failed to connect to the bus: Failed to connect to socket /var/run/dbus/system_bus_socket: No such file or directory
[230:393:0130/122223.512985:ERROR:bus.cc(392)] Failed to connect to the bus: Failed to connect to socket /var/run/dbus/system_bus_socket: No such file or directory
[230:393:0130/122223.513035:ERROR:bus.cc(392)] Failed to connect to the bus: Failed to connect to socket /var/run/dbus/system_bus_socket: No such file or directory
[230:393:0130/122223.513051:WARNING:property.cc(144)] DaemonVersion: GetAndBlock: failed.
[230:393:0130/122223.513084:ERROR:bus.cc(392)] Failed to connect to the bus: Failed to connect to socket /var/run/dbus/system_bus_socket: No such file or directory
[230:393:0130/122223.513120:ERROR:bus.cc(392)] Failed to connect to the bus: Failed to connect to socket /var/run/dbus/system_bus_socket: No such file or directory
[230:230:0130/122224.824986:INFO:CONSOLE(128)] "currentLatencynow: NaN", source: file:///home/seluser/ppt/player/dashjs/index.html (128)
[230:325:0130/122225.630441:ERROR:chrome_browser_main_extra_parts_metrics.cc(228)] crbug.com/1216328: Checking Bluetooth availability started. Please report if there is no report that this ends.
[230:325:0130/122225.630493:ERROR:chrome_browser_main_extra_parts_metrics.cc(231)] crbug.com/1216328: Checking Bluetooth availability ended.
[230:325:0130/122225.630509:ERROR:chrome_browser_main_extra_parts_metrics.cc(234)] crbug.com/1216328: Checking default browser status started. Please report if there is no report that this ends.
[230:325:0130/122225.807430:ERROR:chrome_browser_main_extra_parts_metrics.cc(238)] crbug.com/1216328: Checking default browser status ended.
[230:230:0130/122225.824835:INFO:CONSOLE(128)] "currentLatencynow: NaN", source: file:///home/seluser/ppt/player/dashjs/index.html (128)
[230:230:0130/122226.824782:INFO:CONSOLE(128)] "currentLatencynow: 0", source: file:///home/seluser/ppt/player/dashjs/index.html (128)
[230:230:0130/122227.824742:INFO:CONSOLE(128)] "currentLatencynow: 0", source: file:///home/seluser/ppt/player/dashjs/index.html (128)
[230:230:0130/122228.824700:INFO:CONSOLE(128)] "currentLatencynow: 0", source: file:///home/seluser/ppt/player/dashjs/index.html (128)
[230:230:0130/122229.824706:INFO:CONSOLE(128)] "currentLatencynow: 0", source: file:///home/seluser/ppt/player/dashjs/index.html (128)
[639:639:0130/122230.497589:WARNING:audio_manager_linux.cc(69)] Falling back to ALSA for audio output. PulseAudio is not available or could not be initialized.
[639:639:0130/122230.502524:ERROR:alsa_util.cc(204)] PcmOpen: default,No such file or directory
[639:639:0130/122230.502644:ERROR:alsa_util.cc(204)] PcmOpen: plug:default,No such file or directory
[230:230:0130/122230.824799:INFO:CONSOLE(128)] "currentLatencynow: 8.845", source: file:///home/seluser/ppt/player/dashjs/index.html (128)
[230:230:0130/122231.824710:INFO:CONSOLE(128)] "currentLatencynow: 9.845", source: file:///home/seluser/ppt/player/dashjs/index.html (128)
[230:230:0130/122232.824914:INFO:CONSOLE(128)] "currentLatencynow: 10.845", source: file:///home/seluser/ppt/player/dashjs/index.html (128)
[230:230:0130/122233.824729:INFO:CONSOLE(128)] "currentLatencynow: 11.845", source: file:///home/seluser/ppt/player/dashjs/index.html (128)
[230:230:0130/122234.824935:INFO:CONSOLE(128)] "currentLatencynow: 12.845", source: file:///home/seluser/ppt/player/dashjs/index.html (128)
[230:257:0130/122235.415419:ERROR:bus.cc(392)] Failed to connect to the bus: Address does not contain a colon
[230:257:0130/122235.415519:ERROR:bus.cc(392)] Failed to connect to the bus: Address does not contain a colon
[230:257:0130/122235.415539:ERROR:bus.cc(392)] Failed to connect to the bus: Address does not contain a colon
[230:257:0130/122235.415552:ERROR:bus.cc(392)] Failed to connect to the bus: Address does not contain a colon
[230:257:0130/122235.415565:ERROR:bus.cc(392)] Failed to connect to the bus: Address does not contain a colon
[230:257:0130/122235.415577:ERROR:bus.cc(392)] Failed to connect to the bus: Address does not contain a colon
[230:257:0130/122235.415594:ERROR:bus.cc(392)] Failed to connect to the bus: Address does not contain a colon
[230:257:0130/122235.415608:ERROR:bus.cc(392)] Failed to connect to the bus: Address does not contain a colon
[230:257:0130/122235.415618:ERROR:bus.cc(392)] Failed to connect to the bus: Address does not contain a colon
[230:257:0130/122235.415636:ERROR:bus.cc(392)] Failed to connect to the bus: Address does not contain a colon
[230:257:0130/122235.415649:ERROR:bus.cc(392)] Failed to connect to the bus: Address does not contain a colon
[230:257:0130/122235.415670:ERROR:bus.cc(392)] Failed to connect to the bus: Address does not contain a colon
[230:257:0130/122235.415685:ERROR:bus.cc(392)] Failed to connect to the bus: Address does not contain a colon
[230:257:0130/122235.415697:ERROR:bus.cc(392)] Failed to connect to the bus: Address does not contain a colon
[230:257:0130/122235.420468:ERROR:bus.cc(392)] Failed to connect to the bus: Address does not contain a colon
[230:257:0130/122235.420509:ERROR:bus.cc(392)] Failed to connect to the bus: Address does not contain a colon
[230:257:0130/122235.420527:ERROR:bus.cc(392)] Failed to connect to the bus: Address does not contain a colon
[230:257:0130/122235.510526:ERROR:bus.cc(392)] Failed to connect to the bus: Address does not contain a colon
[230:257:0130/122235.510566:ERROR:bus.cc(392)] Failed to connect to the bus: Address does not contain a colon
[230:230:0130/122235.824668:INFO:CONSOLE(128)] "currentLatencynow: 13.485", source: file:///home/seluser/ppt/player/dashjs/index.html (128)
[230:230:0130/122236.824645:INFO:CONSOLE(128)] "currentLatencynow: 13.385", source: file:///home/seluser/ppt/player/dashjs/index.html (128)
[230:230:0130/122237.824862:INFO:CONSOLE(128)] "currentLatencynow: 14.298", source: file:///home/seluser/ppt/player/dashjs/index.html (128)
[230:230:0130/122238.824664:INFO:CONSOLE(128)] "currentLatencynow: 14.875", source: file:///home/seluser/ppt/player/dashjs/index.html (128)
[230:230:0130/122239.824775:INFO:CONSOLE(128)] "currentLatencynow: 14.875", source: file:///home/seluser/ppt/player/dashjs/index.html (128)
[230:230:0130/122240.824672:INFO:CONSOLE(128)] "currentLatencynow: 15.255", source: file:///home/seluser/ppt/player/dashjs/index.html (128)
[230:230:0130/122241.824736:INFO:CONSOLE(128)] "currentLatencynow: 16.255", source: file:///home/seluser/ppt/player/dashjs/index.html (128)
[230:230:0130/122242.824695:INFO:CONSOLE(128)] "currentLatencynow: 17.255", source: file:///home/seluser/ppt/player/dashjs/index.html (128)
[230:230:0130/122243.824611:INFO:CONSOLE(128)] "currentLatencynow: 18.255", source: file:///home/seluser/ppt/player/dashjs/index.html (128)
[230:230:0130/122244.824633:INFO:CONSOLE(128)] "currentLatencynow: 19.255", source: file:///home/seluser/ppt/player/dashjs/index.html (128)
[230:230:0130/122245.824655:INFO:CONSOLE(128)] "currentLatencynow: 20.255", source: file:///home/seluser/ppt/player/dashjs/index.html (128)
[230:230:0130/122246.824663:INFO:CONSOLE(128)] "currentLatencynow: 21.255", source: file:///home/seluser/ppt/player/dashjs/index.html (128)
[230:230:0130/122247.824723:INFO:CONSOLE(128)] "currentLatencynow: 22.255", source: file:///home/seluser/ppt/player/dashjs/index.html (128)
[230:230:0130/122248.824660:INFO:CONSOLE(128)] "currentLatencynow: 23.255", source: file:///home/seluser/ppt/player/dashjs/index.html (128)
[230:230:0130/122249.824688:INFO:CONSOLE(128)] "currentLatencynow: 24.255", source: file:///home/seluser/ppt/player/dashjs/index.html (128)
[230:257:0130/122249.996598:ERROR:bus.cc(392)] Failed to connect to the bus: Address does not contain a colon
[230:257:0130/122249.996676:ERROR:bus.cc(392)] Failed to connect to the bus: Address does not contain a colon
[230:230:0130/122250.824754:INFO:CONSOLE(128)] "currentLatencynow: 24.269", source: file:///home/seluser/ppt/player/dashjs/index.html (128)
[230:230:0130/122251.824635:INFO:CONSOLE(128)] "currentLatencynow: 24.226", source: file:///home/seluser/ppt/player/dashjs/index.html (128)
[230:230:0130/122252.824740:INFO:CONSOLE(128)] "currentLatencynow: 25.226", source: file:///home/seluser/ppt/player/dashjs/index.html (128)
[230:230:0130/122253.824741:INFO:CONSOLE(128)] "currentLatencynow: 26.226", source: file:///home/seluser/ppt/player/dashjs/index.html (128)
[230:230:0130/122254.824813:INFO:CONSOLE(128)] "currentLatencynow: 27.226", source: file:///home/seluser/ppt/player/dashjs/index.html (128)
[230:257:0130/122255.671336:ERROR:bus.cc(392)] Failed to connect to the bus: Address does not contain a colon
[230:257:0130/122255.671398:ERROR:bus.cc(392)] Failed to connect to the bus: Address does not contain a colon
[230:230:0130/122255.824776:INFO:CONSOLE(128)] "currentLatencynow: 27.97", source: file:///home/seluser/ppt/player/dashjs/index.html (128)
[230:230:0130/122256.824664:INFO:CONSOLE(128)] "currentLatencynow: 27.871", source: file:///home/seluser/ppt/player/dashjs/index.html (128)
[230:230:0130/122257.824713:INFO:CONSOLE(128)] "currentLatencynow: 28.196", source: file:///home/seluser/ppt/player/dashjs/index.html (128)
[230:230:0130/122258.824805:INFO:CONSOLE(128)] "currentLatencynow: 29.196", source: file:///home/seluser/ppt/player/dashjs/index.html (128)
[230:230:0130/122259.824683:INFO:CONSOLE(128)] "currentLatencynow: 30.196", source: file:///home/seluser/ppt/player/dashjs/index.html (128)
[230:230:0130/122300.824697:INFO:CONSOLE(128)] "currentLatencynow: 30.887", source: file:///home/seluser/ppt/player/dashjs/index.html (128)
[230:230:0130/122301.824720:INFO:CONSOLE(128)] "currentLatencynow: 31.887", source: file:///home/seluser/ppt/player/dashjs/index.html (128)
[230:230:0130/122302.824737:INFO:CONSOLE(128)] "currentLatencynow: 32.887", source: file:///home/seluser/ppt/player/dashjs/index.html (128)
[230:230:0130/122303.824698:INFO:CONSOLE(128)] "currentLatencynow: 33.887", source: file:///home/seluser/ppt/player/dashjs/index.html (128)
[230:230:0130/122304.824821:INFO:CONSOLE(128)] "currentLatencynow: 34.887", source: file:///home/seluser/ppt/player/dashjs/index.html (128)
[230:230:0130/122305.824808:INFO:CONSOLE(128)] "currentLatencynow: 35.887", source: file:///home/seluser/ppt/player/dashjs/index.html (128)
[230:230:0130/122306.824897:INFO:CONSOLE(128)] "currentLatencynow: 36.887", source: file:///home/seluser/ppt/player/dashjs/index.html (128)
[230:230:0130/122307.824748:INFO:CONSOLE(128)] "currentLatencynow: 37.887", source: file:///home/seluser/ppt/player/dashjs/index.html (128)
[230:230:0130/122308.824703:INFO:CONSOLE(128)] "currentLatencynow: 38.887", source: file:///home/seluser/ppt/player/dashjs/index.html (128)
[230:230:0130/122309.824654:INFO:CONSOLE(128)] "currentLatencynow: 39.887", source: file:///home/seluser/ppt/player/dashjs/index.html (128)
[230:230:0130/122310.824746:INFO:CONSOLE(128)] "currentLatencynow: 40.887", source: file:///home/seluser/ppt/player/dashjs/index.html (128)
[230:230:0130/122311.824653:INFO:CONSOLE(128)] "currentLatencynow: 41.887", source: file:///home/seluser/ppt/player/dashjs/index.html (128)
[230:230:0130/122312.824705:INFO:CONSOLE(128)] "currentLatencynow: 42.887", source: file:///home/seluser/ppt/player/dashjs/index.html (128)
[230:230:0130/122313.824753:INFO:CONSOLE(128)] "currentLatencynow: 43.887", source: file:///home/seluser/ppt/player/dashjs/index.html (128)
[230:230:0130/122314.824770:INFO:CONSOLE(128)] "currentLatencynow: 44.887", source: file:///home/seluser/ppt/player/dashjs/index.html (128)
[230:230:0130/122315.824707:INFO:CONSOLE(128)] "currentLatencynow: 45.887", source: file:///home/seluser/ppt/player/dashjs/index.html (128)
[230:230:0130/122316.824830:INFO:CONSOLE(128)] "currentLatencynow: 46.887", source: file:///home/seluser/ppt/player/dashjs/index.html (128)
[230:230:0130/122317.824743:INFO:CONSOLE(128)] "currentLatencynow: 47.887", source: file:///home/seluser/ppt/player/dashjs/index.html (128)
[230:230:0130/122318.824803:INFO:CONSOLE(128)] "currentLatencynow: 48.887", source: file:///home/seluser/ppt/player/dashjs/index.html (128)
[230:230:0130/122319.824686:INFO:CONSOLE(128)] "currentLatencynow: 49.887", source: file:///home/seluser/ppt/player/dashjs/index.html (128)
[230:230:0130/122320.824702:INFO:CONSOLE(128)] "currentLatencynow: 50.887", source: file:///home/seluser/ppt/player/dashjs/index.html (128)
[230:230:0130/122321.824906:INFO:CONSOLE(128)] "currentLatencynow: 51.887", source: file:///home/seluser/ppt/player/dashjs/index.html (128)
[230:230:0130/122322.824862:INFO:CONSOLE(128)] "currentLatencynow: 52.887", source: file:///home/seluser/ppt/player/dashjs/index.html (128)
[230:230:0130/122323.824689:INFO:CONSOLE(128)] "currentLatencynow: 53.887", source: file:///home/seluser/ppt/player/dashjs/index.html (128)
[230:230:0130/122324.824748:INFO:CONSOLE(128)] "currentLatencynow: 54.887", source: file:///home/seluser/ppt/player/dashjs/index.html (128)
[230:230:0130/122325.824734:INFO:CONSOLE(128)] "currentLatencynow: 55.887", source: file:///home/seluser/ppt/player/dashjs/index.html (128)
[230:230:0130/122326.824806:INFO:CONSOLE(128)] "currentLatencynow: 56.887", source: file:///home/seluser/ppt/player/dashjs/index.html (128)
[230:230:0130/122327.824836:INFO:CONSOLE(128)] "currentLatencynow: 57.887", source: file:///home/seluser/ppt/player/dashjs/index.html (128)
[230:230:0130/122328.824818:INFO:CONSOLE(128)] "currentLatencynow: 58.887", source: file:///home/seluser/ppt/player/dashjs/index.html (128)
[230:230:0130/122329.824823:INFO:CONSOLE(128)] "currentLatencynow: 59.887", source: file:///home/seluser/ppt/player/dashjs/index.html (128)
[230:230:0130/122330.824731:INFO:CONSOLE(128)] "currentLatencynow: 60.887", source: file:///home/seluser/ppt/player/dashjs/index.html (128)
[230:230:0130/122331.824869:INFO:CONSOLE(128)] "currentLatencynow: 61.887", source: file:///home/seluser/ppt/player/dashjs/index.html (128)
[230:230:0130/122332.824820:INFO:CONSOLE(128)] "currentLatencynow: 62.887", source: file:///home/seluser/ppt/player/dashjs/index.html (128)
[230:230:0130/122333.824818:INFO:CONSOLE(128)] "currentLatencynow: 63.887", source: file:///home/seluser/ppt/player/dashjs/index.html (128)
[230:230:0130/122334.824974:INFO:CONSOLE(128)] "currentLatencynow: 64.887", source: file:///home/seluser/ppt/player/dashjs/index.html (128)
[230:230:0130/122335.824822:INFO:CONSOLE(128)] "currentLatencynow: 65.887", source: file:///home/seluser/ppt/player/dashjs/index.html (128)
[230:230:0130/122336.824897:INFO:CONSOLE(128)] "currentLatencynow: 66.887", source: file:///home/seluser/ppt/player/dashjs/index.html (128)
[230:230:0130/122337.824923:INFO:CONSOLE(128)] "currentLatencynow: 67.887", source: file:///home/seluser/ppt/player/dashjs/index.html (128)
[230:230:0130/122338.824707:INFO:CONSOLE(128)] "currentLatencynow: 68.887", source: file:///home/seluser/ppt/player/dashjs/index.html (128)
[230:230:0130/122339.824791:INFO:CONSOLE(128)] "currentLatencynow: 69.887", source: file:///home/seluser/ppt/player/dashjs/index.html (128)
[230:230:0130/122340.824801:INFO:CONSOLE(128)] "currentLatencynow: 70.887", source: file:///home/seluser/ppt/player/dashjs/index.html (128)
[230:230:0130/122341.824819:INFO:CONSOLE(128)] "currentLatencynow: 71.887", source: file:///home/seluser/ppt/player/dashjs/index.html (128)
[230:230:0130/122342.824761:INFO:CONSOLE(128)] "currentLatencynow: 72.887", source: file:///home/seluser/ppt/player/dashjs/index.html (128)
[230:230:0130/122343.824820:INFO:CONSOLE(128)] "currentLatencynow: 73.887", source: file:///home/seluser/ppt/player/dashjs/index.html (128)
[230:230:0130/122344.824815:INFO:CONSOLE(128)] "currentLatencynow: 74.887", source: file:///home/seluser/ppt/player/dashjs/index.html (128)
[230:230:0130/122345.824802:INFO:CONSOLE(128)] "currentLatencynow: 75.887", source: file:///home/seluser/ppt/player/dashjs/index.html (128)
[230:230:0130/122346.824893:INFO:CONSOLE(128)] "currentLatencynow: 76.887", source: file:///home/seluser/ppt/player/dashjs/index.html (128)
[230:230:0130/122347.824808:INFO:CONSOLE(128)] "currentLatencynow: 77.887", source: file:///home/seluser/ppt/player/dashjs/index.html (128)
[230:230:0130/122348.824841:INFO:CONSOLE(128)] "currentLatencynow: 78.887", source: file:///home/seluser/ppt/player/dashjs/index.html (128)
[230:230:0130/122349.824862:INFO:CONSOLE(128)] "currentLatencynow: 79.887", source: file:///home/seluser/ppt/player/dashjs/index.html (128)
[230:230:0130/122350.824797:INFO:CONSOLE(128)] "currentLatencynow: 80.887", source: file:///home/seluser/ppt/player/dashjs/index.html (128)
[230:230:0130/122351.824827:INFO:CONSOLE(128)] "currentLatencynow: 81.887", source: file:///home/seluser/ppt/player/dashjs/index.html (128)
[230:230:0130/122352.824824:INFO:CONSOLE(128)] "currentLatencynow: 82.887", source: file:///home/seluser/ppt/player/dashjs/index.html (128)
[230:230:0130/122353.824835:INFO:CONSOLE(128)] "currentLatencynow: 83.887", source: file:///home/seluser/ppt/player/dashjs/index.html (128)
[230:230:0130/122354.824803:INFO:CONSOLE(128)] "currentLatencynow: 84.887", source: file:///home/seluser/ppt/player/dashjs/index.html (128)
[230:230:0130/122355.824850:INFO:CONSOLE(128)] "currentLatencynow: 85.887", source: file:///home/seluser/ppt/player/dashjs/index.html (128)
[230:230:0130/122356.824793:INFO:CONSOLE(128)] "currentLatencynow: 86.887", source: file:///home/seluser/ppt/player/dashjs/index.html (128)
[230:230:0130/122357.824871:INFO:CONSOLE(128)] "currentLatencynow: 87.887", source: file:///home/seluser/ppt/player/dashjs/index.html (128)
[230:230:0130/122358.824843:INFO:CONSOLE(128)] "currentLatencynow: 88.887", source: file:///home/seluser/ppt/player/dashjs/index.html (128)
[230:230:0130/122359.824694:INFO:CONSOLE(128)] "currentLatencynow: 89.887", source: file:///home/seluser/ppt/player/dashjs/index.html (128)
[230:230:0130/122400.824796:INFO:CONSOLE(128)] "currentLatencynow: 90.887", source: file:///home/seluser/ppt/player/dashjs/index.html (128)
[230:230:0130/122401.824798:INFO:CONSOLE(128)] "currentLatencynow: 91.887", source: file:///home/seluser/ppt/player/dashjs/index.html (128)
[230:230:0130/122402.824805:INFO:CONSOLE(128)] "currentLatencynow: 92.887", source: file:///home/seluser/ppt/player/dashjs/index.html (128)
[230:230:0130/122403.824784:INFO:CONSOLE(128)] "currentLatencynow: 93.887", source: file:///home/seluser/ppt/player/dashjs/index.html (128)
[230:230:0130/122404.824809:INFO:CONSOLE(128)] "currentLatencynow: 94.887", source: file:///home/seluser/ppt/player/dashjs/index.html (128)
[230:230:0130/122405.824842:INFO:CONSOLE(128)] "currentLatencynow: 95.887", source: file:///home/seluser/ppt/player/dashjs/index.html (128)
[230:230:0130/122406.824814:INFO:CONSOLE(128)] "currentLatencynow: 96.887", source: file:///home/seluser/ppt/player/dashjs/index.html (128)
[230:230:0130/122407.824833:INFO:CONSOLE(128)] "currentLatencynow: 97.887", source: file:///home/seluser/ppt/player/dashjs/index.html (128)
[230:230:0130/122408.824784:INFO:CONSOLE(128)] "currentLatencynow: 98.887", source: file:///home/seluser/ppt/player/dashjs/index.html (128)
[230:230:0130/122409.824724:INFO:CONSOLE(128)] "currentLatencynow: 99.887", source: file:///home/seluser/ppt/player/dashjs/index.html (128)
[230:230:0130/122410.824784:INFO:CONSOLE(128)] "currentLatencynow: 100.887", source: file:///home/seluser/ppt/player/dashjs/index.html (128)
[230:230:0130/122411.824860:INFO:CONSOLE(128)] "currentLatencynow: 101.887", source: file:///home/seluser/ppt/player/dashjs/index.html (128)
[230:230:0130/122412.824865:INFO:CONSOLE(128)] "currentLatencynow: 102.887", source: file:///home/seluser/ppt/player/dashjs/index.html (128)
[230:230:0130/122413.824845:INFO:CONSOLE(128)] "currentLatencynow: 103.887", source: file:///home/seluser/ppt/player/dashjs/index.html (128)
[230:230:0130/122414.824819:INFO:CONSOLE(128)] "currentLatencynow: 104.887", source: file:///home/seluser/ppt/player/dashjs/index.html (128)
[230:230:0130/122415.824822:INFO:CONSOLE(128)] "currentLatencynow: 105.887", source: file:///home/seluser/ppt/player/dashjs/index.html (128)
[230:230:0130/122416.824856:INFO:CONSOLE(128)] "currentLatencynow: 106.887", source: file:///home/seluser/ppt/player/dashjs/index.html (128)
[230:230:0130/122417.824795:INFO:CONSOLE(128)] "currentLatencynow: 107.887", source: file:///home/seluser/ppt/player/dashjs/index.html (128)
[230:230:0130/122418.824826:INFO:CONSOLE(128)] "currentLatencynow: 108.887", source: file:///home/seluser/ppt/player/dashjs/index.html (128)
[230:230:0130/122419.824820:INFO:CONSOLE(128)] "currentLatencynow: 109.887", source: file:///home/seluser/ppt/player/dashjs/index.html (128)
[230:230:0130/122420.824766:INFO:CONSOLE(128)] "currentLatencynow: 110.887", source: file:///home/seluser/ppt/player/dashjs/index.html (128)
[230:230:0130/122421.824683:INFO:CONSOLE(128)] "currentLatencynow: 111.887", source: file:///home/seluser/ppt/player/dashjs/index.html (128)
[230:230:0130/122422.824808:INFO:CONSOLE(128)] "currentLatencynow: 112.887", source: file:///home/seluser/ppt/player/dashjs/index.html (128)
[230:230:0130/122423.824795:INFO:CONSOLE(114)] "Begin Player stistics 
", source: file:///home/seluser/ppt/player/dashjs/index.html (114)
[230:230:0130/122423.824926:INFO:CONSOLE(115)] "["stall",[["6.11","11.78",5.669999999999999]],[["13.27","13.52",0.25]],[["16.81","17.06",0.25]],[["28.14","28.39",0.25]],[["33.82","34.07",0.25]],[["availibleBW",[null],[null],[null],[null],[null],[null],[null],[null],[null],[null],[1608],[1608],[1608],[1608],[1608],[1608],[1608],[1608],[1608],[1917],[1917],[1917],[2018],[2018],[2018],[2018],[2071],[2071],[2071],[2071],[2071],[2474],[2474],[2474],[2474],[2474],[2474],[2474],[2474],[2474],[2474],[2474],[2474],[2474],[2474],[2474],[2474],[2474],[2474],[2474],[2474],[2474],[2474],[2474],[2474],[2474],[2474],[2474],[2474],[2474],[2474],[2474],[2474],[2474],[2474],[2474],[2474],[2474],[2474],[2474],[2474],[2474],[2474],[2474],[2474],[2474],[2474],[2474],[2474],[2474],[2474],[2474],[2474],[2474],[2474],[2474],[2474],[2474],[2474],[2474],[2474],[2474],[2474],[2474],[2474],[2474],[2474],[2474],[2474],[2474],[2474],[2474],[2474],[2474],[2474],[2474],[2474],[2474],[2474],[2474],[2474],[2474],[2474],[2474],[2474],[2474],[2474],[2474],[2474]]],[["currentBuffer",[0],[0],[0],[0],[0],[0],[0],[0],[0],[0],[1.636],[1.453],[0.353],[0.09],[0],[0],[0],[0],[0],[0],[0],[0],[0.048],[0.048],[0.048],[0.048],[1.207],[0.021],[0.021],[0.021],[0.021],[1.82],[0.724],[0],[0],[0],[0],[0],[0],[0],[0],[0],[0],[0],[0],[0],[0],[0],[0],[0],[0],[0],[0],[0],[0],[0],[0],[0],[0],[0],[0],[0],[0],[0],[0],[0],[0],[0],[0],[0],[0],[0],[0],[0],[0],[0],[0],[0],[0],[0],[0],[0],[0],[0],[0],[0],[0],[0],[0],[0],[0],[0],[0],[0],[0],[0],[0],[0],[0],[0],[0],[0],[0],[0],[0],[0],[0],[0],[0],[0],[0],[0],[0],[0],[0],[0],[0],[0],[0]]],[["currentLatency",[null],[null],[0],[0],[0],[0],[8.845],[9.845],[10.845],[11.845],[12.845],[13.485],[13.385],[14.298],[14.875],[14.875],[15.255],[16.255],[17.255],[18.255],[19.255],[20.255],[21.255],[22.255],[23.255],[24.255],[24.269],[24.226],[25.226],[26.226],[27.226],[27.97],[27.871],[28.196],[29.196],[30.196],[30.887],[31.887],[32.887],[33.887],[34.887],[35.887],[36.887],[37.887],[38.887],[39.887],[40.887],[41.887],[42.887],[43.887],[44.887],[45.887],[46.887],[47.887],[48.887],[49.887],[50.887],[51.887],[52.887],[53.887],[54.887],[55.887],[56.887],[57.887],[58.887],[59.887],[60.887],[61.887],[62.887],[63.887],[64.887],[65.887],[66.887],[67.887],[68.887],[69.887],[70.887],[71.887],[72.887],[73.887],[74.887],[75.887],[76.887],[77.887],[78.887],[79.887],[80.887],[81.887],[82.887],[83.887],[84.887],[85.887],[86.887],[87.887],[88.887],[89.887],[90.887],[91.887],[92.887],[93.887],[94.887],[95.887],[96.887],[97.887],[98.887],[99.887],[100.887],[101.887],[102.887],[103.887],[104.887],[105.887],[106.887],[107.887],[108.887],[109.887],[110.887],[111.887],[112.887]]]]", source: file:///home/seluser/ppt/player/dashjs/index.html (115)
[230:230:0130/122423.825057:INFO:CONSOLE(116)] "
", source: file:///home/seluser/ppt/player/dashjs/index.html (116)
[230:230:0130/122423.825097:INFO:CONSOLE(117)] "Finish Player stistics 
", source: file:///home/seluser/ppt/player/dashjs/index.html (117)
[230:230:0130/122423.825134:INFO:CONSOLE(128)] "currentLatencynow: 113.887", source: file:///home/seluser/ppt/player/dashjs/index.html (128)
[230:230:0130/122424.824781:INFO:CONSOLE(128)] "currentLatencynow: 114.887", source: file:///home/seluser/ppt/player/dashjs/index.html (128)
[230:230:0130/122425.824856:INFO:CONSOLE(128)] "currentLatencynow: 115.887", source: file:///home/seluser/ppt/player/dashjs/index.html (128)
[230:230:0130/122426.824699:INFO:CONSOLE(128)] "currentLatencynow: 116.887", source: file:///home/seluser/ppt/player/dashjs/index.html (128)
[230:230:0130/122427.824869:INFO:CONSOLE(128)] "currentLatencynow: 117.887", source: file:///home/seluser/ppt/player/dashjs/index.html (128)
[230:230:0130/122428.824819:INFO:CONSOLE(128)] "currentLatencynow: 118.887", source: file:///home/seluser/ppt/player/dashjs/index.html (128)
[230:230:0130/122429.824830:INFO:CONSOLE(128)] "currentLatencynow: 119.887", source: file:///home/seluser/ppt/player/dashjs/index.html (128)
[230:230:0130/122430.824816:INFO:CONSOLE(128)] "currentLatencynow: 120.887", source: file:///home/seluser/ppt/player/dashjs/index.html (128)
[230:230:0130/122431.824828:INFO:CONSOLE(128)] "currentLatencynow: 121.887", source: file:///home/seluser/ppt/player/dashjs/index.html (128)
[230:230:0130/122432.824734:INFO:CONSOLE(128)] "currentLatencynow: 122.887", source: file:///home/seluser/ppt/player/dashjs/index.html (128)
[230:230:0130/122433.824822:INFO:CONSOLE(128)] "currentLatencynow: 123.887", source: file:///home/seluser/ppt/player/dashjs/index.html (128)
[230:230:0130/122434.824768:INFO:CONSOLE(128)] "currentLatencynow: 124.887", source: file:///home/seluser/ppt/player/dashjs/index.html (128)
[230:230:0130/122435.824797:INFO:CONSOLE(128)] "currentLatencynow: 125.887", source: file:///home/seluser/ppt/player/dashjs/index.html (128)
[230:230:0130/122436.824784:INFO:CONSOLE(128)] "currentLatencynow: 126.887", source: file:///home/seluser/ppt/player/dashjs/index.html (128)
[230:230:0130/122437.824841:INFO:CONSOLE(128)] "currentLatencynow: 127.887", source: file:///home/seluser/ppt/player/dashjs/index.html (128)
[230:230:0130/122438.824750:INFO:CONSOLE(128)] "currentLatencynow: 128.887", source: file:///home/seluser/ppt/player/dashjs/index.html (128)
[230:230:0130/122439.824778:INFO:CONSOLE(128)] "currentLatencynow: 129.887", source: file:///home/seluser/ppt/player/dashjs/index.html (128)
[230:230:0130/122440.824869:INFO:CONSOLE(128)] "currentLatencynow: 130.887", source: file:///home/seluser/ppt/player/dashjs/index.html (128)
[230:230:0130/122441.825563:INFO:CONSOLE(128)] "currentLatencynow: 131.887", source: file:///home/seluser/ppt/player/dashjs/index.html (128)
[230:230:0130/122442.824797:INFO:CONSOLE(128)] "currentLatencynow: 132.887", source: file:///home/seluser/ppt/player/dashjs/index.html (128)
[230:230:0130/122443.824702:INFO:CONSOLE(128)] "currentLatencynow: 133.887", source: file:///home/seluser/ppt/player/dashjs/index.html (128)
[230:230:0130/122444.824796:INFO:CONSOLE(128)] "currentLatencynow: 134.887", source: file:///home/seluser/ppt/player/dashjs/index.html (128)
[230:230:0130/122445.824827:INFO:CONSOLE(128)] "currentLatencynow: 135.887", source: file:///home/seluser/ppt/player/dashjs/index.html (128)
[230:230:0130/122446.824847:INFO:CONSOLE(128)] "currentLatencynow: 136.887", source: file:///home/seluser/ppt/player/dashjs/index.html (128)
[230:230:0130/122447.824746:INFO:CONSOLE(128)] "currentLatencynow: 137.887", source: file:///home/seluser/ppt/player/dashjs/index.html (128)
[230:230:0130/122448.824777:INFO:CONSOLE(128)] "currentLatencynow: 138.887", source: file:///home/seluser/ppt/player/dashjs/index.html (128)
[230:230:0130/122449.824761:INFO:CONSOLE(128)] "currentLatencynow: 139.887", source: file:///home/seluser/ppt/player/dashjs/index.html (128)
[230:230:0130/122450.824756:INFO:CONSOLE(128)] "currentLatencynow: 140.887", source: file:///home/seluser/ppt/player/dashjs/index.html (128)
[230:230:0130/122451.824759:INFO:CONSOLE(128)] "currentLatencynow: 141.887", source: file:///home/seluser/ppt/player/dashjs/index.html (128)
[230:230:0130/122452.826087:INFO:CONSOLE(128)] "currentLatencynow: 142.887", source: file:///home/seluser/ppt/player/dashjs/index.html (128)
[230:230:0130/122453.824818:INFO:CONSOLE(128)] "currentLatencynow: 143.887", source: file:///home/seluser/ppt/player/dashjs/index.html (128)
[230:230:0130/122454.824792:INFO:CONSOLE(128)] "currentLatencynow: 144.887", source: file:///home/seluser/ppt/player/dashjs/index.html (128)
[230:230:0130/122455.824747:INFO:CONSOLE(128)] "currentLatencynow: 145.887", source: file:///home/seluser/ppt/player/dashjs/index.html (128)
[230:230:0130/122456.824734:INFO:CONSOLE(128)] "currentLatencynow: 146.887", source: file:///home/seluser/ppt/player/dashjs/index.html (128)
[230:230:0130/122457.824623:INFO:CONSOLE(128)] "currentLatencynow: 147.887", source: file:///home/seluser/ppt/player/dashjs/index.html (128)
[230:230:0130/122458.824741:INFO:CONSOLE(128)] "currentLatencynow: 148.887", source: file:///home/seluser/ppt/player/dashjs/index.html (128)
[230:230:0130/122459.824760:INFO:CONSOLE(128)] "currentLatencynow: 149.887", source: file:///home/seluser/ppt/player/dashjs/index.html (128)
[230:230:0130/122500.824649:INFO:CONSOLE(128)] "currentLatencynow: 150.887", source: file:///home/seluser/ppt/player/dashjs/index.html (128)
[230:230:0130/122501.824682:INFO:CONSOLE(128)] "currentLatencynow: 151.887", source: file:///home/seluser/ppt/player/dashjs/index.html (128)
[230:230:0130/122502.824737:INFO:CONSOLE(128)] "currentLatencynow: 152.887", source: file:///home/seluser/ppt/player/dashjs/index.html (128)
[230:230:0130/122503.824766:INFO:CONSOLE(128)] "currentLatencynow: 153.887", source: file:///home/seluser/ppt/player/dashjs/index.html (128)
[230:230:0130/122504.824686:INFO:CONSOLE(128)] "currentLatencynow: 154.887", source: file:///home/seluser/ppt/player/dashjs/index.html (128)
[230:230:0130/122505.824761:INFO:CONSOLE(128)] "currentLatencynow: 155.887", source: file:///home/seluser/ppt/player/dashjs/index.html (128)
[230:230:0130/122506.824762:INFO:CONSOLE(128)] "currentLatencynow: 156.887", source: file:///home/seluser/ppt/player/dashjs/index.html (128)
[230:230:0130/122507.824792:INFO:CONSOLE(128)] "currentLatencynow: 157.887", source: file:///home/seluser/ppt/player/dashjs/index.html (128)
[230:230:0130/122508.824668:INFO:CONSOLE(128)] "currentLatencynow: 158.887", source: file:///home/seluser/ppt/player/dashjs/index.html (128)
[230:230:0130/122509.824688:INFO:CONSOLE(128)] "currentLatencynow: 159.887", source: file:///home/seluser/ppt/player/dashjs/index.html (128)
[230:230:0130/122510.824776:INFO:CONSOLE(128)] "currentLatencynow: 160.887", source: file:///home/seluser/ppt/player/dashjs/index.html (128)
[230:230:0130/122511.824869:INFO:CONSOLE(128)] "currentLatencynow: 161.887", source: file:///home/seluser/ppt/player/dashjs/index.html (128)
[230:230:0130/122512.824777:INFO:CONSOLE(128)] "currentLatencynow: 162.887", source: file:///home/seluser/ppt/player/dashjs/index.html (128)
[230:230:0130/122513.824787:INFO:CONSOLE(128)] "currentLatencynow: 163.887", source: file:///home/seluser/ppt/player/dashjs/index.html (128)
[230:230:0130/122514.824753:INFO:CONSOLE(128)] "currentLatencynow: 164.887", source: file:///home/seluser/ppt/player/dashjs/index.html (128)
[230:230:0130/122515.824792:INFO:CONSOLE(128)] "currentLatencynow: 165.887", source: file:///home/seluser/ppt/player/dashjs/index.html (128)
[230:230:0130/122516.824827:INFO:CONSOLE(128)] "currentLatencynow: 166.887", source: file:///home/seluser/ppt/player/dashjs/index.html (128)
[230:230:0130/122517.824791:INFO:CONSOLE(128)] "currentLatencynow: 167.887", source: file:///home/seluser/ppt/player/dashjs/index.html (128)
[230:230:0130/122518.824717:INFO:CONSOLE(128)] "currentLatencynow: 168.887", source: file:///home/seluser/ppt/player/dashjs/index.html (128)
[230:230:0130/122519.824792:INFO:CONSOLE(128)] "currentLatencynow: 169.887", source: file:///home/seluser/ppt/player/dashjs/index.html (128)
[230:230:0130/122520.824846:INFO:CONSOLE(128)] "currentLatencynow: 170.887", source: file:///home/seluser/ppt/player/dashjs/index.html (128)
[230:230:0130/122521.824742:INFO:CONSOLE(128)] "currentLatencynow: 171.887", source: file:///home/seluser/ppt/player/dashjs/index.html (128)
[230:230:0130/122522.824774:INFO:CONSOLE(128)] "currentLatencynow: 172.887", source: file:///home/seluser/ppt/player/dashjs/index.html (128)
[230:230:0130/122523.825165:INFO:CONSOLE(128)] "currentLatencynow: 173.887", source: file:///home/seluser/ppt/player/dashjs/index.html (128)
[230:230:0130/122524.050941:WARNING:pref_notifier_impl.cc(40)] Pref observer for media_router.cast_allow_all_ips found at shutdown.
