[155:218:0108/160236.268155:ERROR:bus.cc(392)] Failed to connect to the bus: Failed to connect to socket /var/run/dbus/system_bus_socket: No such file or directory
[155:181:0108/160236.271118:ERROR:bus.cc(392)] Failed to connect to the bus: Address does not contain a colon
[155:181:0108/160236.271187:ERROR:bus.cc(392)] Failed to connect to the bus: Address does not contain a colon
[155:181:0108/160236.286463:ERROR:bus.cc(392)] Failed to connect to the bus: Address does not contain a colon
[155:181:0108/160236.286516:ERROR:bus.cc(392)] Failed to connect to the bus: Address does not contain a colon
[223:223:0108/160236.289279:ERROR:gpu_init.cc(453)] Passthrough is not supported, GL is swiftshader, ANGLE is 
[155:181:0108/160236.329509:ERROR:bus.cc(392)] Failed to connect to the bus: Address does not contain a colon
[155:181:0108/160236.329548:ERROR:bus.cc(392)] Failed to connect to the bus: Address does not contain a colon
[155:314:0108/160236.568390:ERROR:bus.cc(392)] Failed to connect to the bus: Failed to connect to socket /var/run/dbus/system_bus_socket: No such file or directory
[155:314:0108/160236.568486:ERROR:bus.cc(392)] Failed to connect to the bus: Failed to connect to socket /var/run/dbus/system_bus_socket: No such file or directory
[155:314:0108/160236.568554:ERROR:bus.cc(392)] Failed to connect to the bus: Failed to connect to socket /var/run/dbus/system_bus_socket: No such file or directory
[155:314:0108/160236.568575:WARNING:property.cc(144)] DaemonVersion: GetAndBlock: failed.
[155:314:0108/160236.568607:ERROR:bus.cc(392)] Failed to connect to the bus: Failed to connect to socket /var/run/dbus/system_bus_socket: No such file or directory
[155:314:0108/160236.568648:ERROR:bus.cc(392)] Failed to connect to the bus: Failed to connect to socket /var/run/dbus/system_bus_socket: No such file or directory
[155:155:0108/160238.322029:INFO:CONSOLE(128)] "currentLatencynow: NaN", source: file:///home/seluser/ppt/player/dashjs/index.html (128)
[155:237:0108/160239.051144:ERROR:chrome_browser_main_extra_parts_metrics.cc(228)] crbug.com/1216328: Checking Bluetooth availability started. Please report if there is no report that this ends.
[155:237:0108/160239.051201:ERROR:chrome_browser_main_extra_parts_metrics.cc(231)] crbug.com/1216328: Checking Bluetooth availability ended.
[155:237:0108/160239.051217:ERROR:chrome_browser_main_extra_parts_metrics.cc(234)] crbug.com/1216328: Checking default browser status started. Please report if there is no report that this ends.
[155:237:0108/160239.176671:ERROR:chrome_browser_main_extra_parts_metrics.cc(238)] crbug.com/1216328: Checking default browser status ended.
[155:155:0108/160239.321623:INFO:CONSOLE(128)] "currentLatencynow: 0", source: file:///home/seluser/ppt/player/dashjs/index.html (128)
[540:540:0108/160239.848120:WARNING:audio_manager_linux.cc(69)] Falling back to ALSA for audio output. PulseAudio is not available or could not be initialized.
[540:540:0108/160239.858670:ERROR:alsa_util.cc(204)] PcmOpen: default,No such file or directory
[540:540:0108/160239.858834:ERROR:alsa_util.cc(204)] PcmOpen: plug:default,No such file or directory
[155:155:0108/160240.321657:INFO:CONSOLE(128)] "currentLatencynow: 6.638", source: file:///home/seluser/ppt/player/dashjs/index.html (128)
[155:155:0108/160241.321485:INFO:CONSOLE(128)] "currentLatencynow: 7.638", source: file:///home/seluser/ppt/player/dashjs/index.html (128)
[155:155:0108/160242.321544:INFO:CONSOLE(128)] "currentLatencynow: 8.638", source: file:///home/seluser/ppt/player/dashjs/index.html (128)
[155:155:0108/160243.320764:INFO:CONSOLE(128)] "currentLatencynow: 9.637", source: file:///home/seluser/ppt/player/dashjs/index.html (128)
[155:155:0108/160244.320827:INFO:CONSOLE(128)] "currentLatencynow: 10.637", source: file:///home/seluser/ppt/player/dashjs/index.html (128)
[155:181:0108/160244.964595:ERROR:bus.cc(392)] Failed to connect to the bus: Address does not contain a colon
[155:181:0108/160244.964656:ERROR:bus.cc(392)] Failed to connect to the bus: Address does not contain a colon
[155:181:0108/160244.964675:ERROR:bus.cc(392)] Failed to connect to the bus: Address does not contain a colon
[155:181:0108/160244.964699:ERROR:bus.cc(392)] Failed to connect to the bus: Address does not contain a colon
[155:181:0108/160244.964717:ERROR:bus.cc(392)] Failed to connect to the bus: Address does not contain a colon
[155:181:0108/160244.964733:ERROR:bus.cc(392)] Failed to connect to the bus: Address does not contain a colon
[155:181:0108/160244.964749:ERROR:bus.cc(392)] Failed to connect to the bus: Address does not contain a colon
[155:181:0108/160244.964765:ERROR:bus.cc(392)] Failed to connect to the bus: Address does not contain a colon
[155:181:0108/160244.964780:ERROR:bus.cc(392)] Failed to connect to the bus: Address does not contain a colon
[155:181:0108/160244.964797:ERROR:bus.cc(392)] Failed to connect to the bus: Address does not contain a colon
[155:181:0108/160244.964803:ERROR:bus.cc(392)] Failed to connect to the bus: Address does not contain a colon
[155:181:0108/160244.964819:ERROR:bus.cc(392)] Failed to connect to the bus: Address does not contain a colon
[155:181:0108/160244.964825:ERROR:bus.cc(392)] Failed to connect to the bus: Address does not contain a colon
[155:181:0108/160244.964830:ERROR:bus.cc(392)] Failed to connect to the bus: Address does not contain a colon
[155:181:0108/160244.970089:ERROR:bus.cc(392)] Failed to connect to the bus: Address does not contain a colon
[155:181:0108/160244.970137:ERROR:bus.cc(392)] Failed to connect to the bus: Address does not contain a colon
[155:181:0108/160244.970146:ERROR:bus.cc(392)] Failed to connect to the bus: Address does not contain a colon
[155:181:0108/160245.001822:ERROR:bus.cc(392)] Failed to connect to the bus: Address does not contain a colon
[155:181:0108/160245.001889:ERROR:bus.cc(392)] Failed to connect to the bus: Address does not contain a colon
[155:155:0108/160245.320686:INFO:CONSOLE(128)] "currentLatencynow: 11.332", source: file:///home/seluser/ppt/player/dashjs/index.html (128)
[155:155:0108/160246.320607:INFO:CONSOLE(128)] "currentLatencynow: 11.545", source: file:///home/seluser/ppt/player/dashjs/index.html (128)
[155:155:0108/160247.320668:INFO:CONSOLE(128)] "currentLatencynow: 11.545", source: file:///home/seluser/ppt/player/dashjs/index.html (128)
[155:155:0108/160248.320686:INFO:CONSOLE(128)] "currentLatencynow: 11.529", source: file:///home/seluser/ppt/player/dashjs/index.html (128)
[155:155:0108/160249.320661:INFO:CONSOLE(128)] "currentLatencynow: 11.429", source: file:///home/seluser/ppt/player/dashjs/index.html (128)
[155:155:0108/160250.320577:INFO:CONSOLE(128)] "currentLatencynow: 11.329", source: file:///home/seluser/ppt/player/dashjs/index.html (128)
[155:155:0108/160251.320742:INFO:CONSOLE(128)] "currentLatencynow: 11.229", source: file:///home/seluser/ppt/player/dashjs/index.html (128)
[155:155:0108/160252.320580:INFO:CONSOLE(128)] "currentLatencynow: 11.129", source: file:///home/seluser/ppt/player/dashjs/index.html (128)
[155:155:0108/160253.321077:INFO:CONSOLE(128)] "currentLatencynow: 11.029", source: file:///home/seluser/ppt/player/dashjs/index.html (128)
[155:155:0108/160254.320735:INFO:CONSOLE(128)] "currentLatencynow: 10.929", source: file:///home/seluser/ppt/player/dashjs/index.html (128)
[155:155:0108/160255.320670:INFO:CONSOLE(128)] "currentLatencynow: 10.829", source: file:///home/seluser/ppt/player/dashjs/index.html (128)
[155:155:0108/160256.320702:INFO:CONSOLE(128)] "currentLatencynow: 10.729", source: file:///home/seluser/ppt/player/dashjs/index.html (128)
[155:155:0108/160257.320559:INFO:CONSOLE(128)] "currentLatencynow: 10.629", source: file:///home/seluser/ppt/player/dashjs/index.html (128)
[155:155:0108/160258.320679:INFO:CONSOLE(128)] "currentLatencynow: 10.529", source: file:///home/seluser/ppt/player/dashjs/index.html (128)
[155:155:0108/160259.321075:INFO:CONSOLE(128)] "currentLatencynow: 10.429", source: file:///home/seluser/ppt/player/dashjs/index.html (128)
[155:155:0108/160300.320550:INFO:CONSOLE(128)] "currentLatencynow: 10.329", source: file:///home/seluser/ppt/player/dashjs/index.html (128)
[155:155:0108/160301.320605:INFO:CONSOLE(128)] "currentLatencynow: 10.229", source: file:///home/seluser/ppt/player/dashjs/index.html (128)
[155:155:0108/160302.320590:INFO:CONSOLE(128)] "currentLatencynow: 10.129", source: file:///home/seluser/ppt/player/dashjs/index.html (128)
[155:155:0108/160303.320743:INFO:CONSOLE(128)] "currentLatencynow: 10.029", source: file:///home/seluser/ppt/player/dashjs/index.html (128)
[155:155:0108/160304.320629:INFO:CONSOLE(128)] "currentLatencynow: 9.929", source: file:///home/seluser/ppt/player/dashjs/index.html (128)
[155:155:0108/160305.320535:INFO:CONSOLE(128)] "currentLatencynow: 9.829", source: file:///home/seluser/ppt/player/dashjs/index.html (128)
[155:155:0108/160306.320621:INFO:CONSOLE(128)] "currentLatencynow: 9.729", source: file:///home/seluser/ppt/player/dashjs/index.html (128)
[155:155:0108/160307.320555:INFO:CONSOLE(128)] "currentLatencynow: 9.629", source: file:///home/seluser/ppt/player/dashjs/index.html (128)
[155:155:0108/160308.320583:INFO:CONSOLE(128)] "currentLatencynow: 9.529", source: file:///home/seluser/ppt/player/dashjs/index.html (128)
[155:155:0108/160309.320813:INFO:CONSOLE(128)] "currentLatencynow: 9.429", source: file:///home/seluser/ppt/player/dashjs/index.html (128)
[155:155:0108/160310.320597:INFO:CONSOLE(128)] "currentLatencynow: 9.329", source: file:///home/seluser/ppt/player/dashjs/index.html (128)
[155:155:0108/160311.320588:INFO:CONSOLE(128)] "currentLatencynow: 9.229", source: file:///home/seluser/ppt/player/dashjs/index.html (128)
[155:155:0108/160312.320618:INFO:CONSOLE(128)] "currentLatencynow: 9.129", source: file:///home/seluser/ppt/player/dashjs/index.html (128)
[155:155:0108/160313.321260:INFO:CONSOLE(128)] "currentLatencynow: 9.029", source: file:///home/seluser/ppt/player/dashjs/index.html (128)
[155:155:0108/160314.321150:INFO:CONSOLE(128)] "currentLatencynow: 8.996", source: file:///home/seluser/ppt/player/dashjs/index.html (128)
[155:155:0108/160315.321082:INFO:CONSOLE(128)] "currentLatencynow: 8.996", source: file:///home/seluser/ppt/player/dashjs/index.html (128)
[155:155:0108/160316.321120:INFO:CONSOLE(128)] "currentLatencynow: 8.996", source: file:///home/seluser/ppt/player/dashjs/index.html (128)
[155:155:0108/160317.321155:INFO:CONSOLE(128)] "currentLatencynow: 8.994", source: file:///home/seluser/ppt/player/dashjs/index.html (128)
[155:155:0108/160318.321130:INFO:CONSOLE(128)] "currentLatencynow: 8.9", source: file:///home/seluser/ppt/player/dashjs/index.html (128)
[155:155:0108/160319.322282:INFO:CONSOLE(128)] "currentLatencynow: 8.8", source: file:///home/seluser/ppt/player/dashjs/index.html (128)
[155:155:0108/160320.321110:INFO:CONSOLE(128)] "currentLatencynow: 8.7", source: file:///home/seluser/ppt/player/dashjs/index.html (128)
[155:155:0108/160321.321271:INFO:CONSOLE(128)] "currentLatencynow: 8.6", source: file:///home/seluser/ppt/player/dashjs/index.html (128)
[155:155:0108/160322.321194:INFO:CONSOLE(128)] "currentLatencynow: 8.5", source: file:///home/seluser/ppt/player/dashjs/index.html (128)
[155:155:0108/160323.321474:INFO:CONSOLE(128)] "currentLatencynow: 8.4", source: file:///home/seluser/ppt/player/dashjs/index.html (128)
[155:155:0108/160324.321189:INFO:CONSOLE(128)] "currentLatencynow: 8.3", source: file:///home/seluser/ppt/player/dashjs/index.html (128)
[155:155:0108/160325.321075:INFO:CONSOLE(128)] "currentLatencynow: 8.2", source: file:///home/seluser/ppt/player/dashjs/index.html (128)
[155:155:0108/160326.321219:INFO:CONSOLE(128)] "currentLatencynow: 8.1", source: file:///home/seluser/ppt/player/dashjs/index.html (128)
[155:155:0108/160327.321137:INFO:CONSOLE(128)] "currentLatencynow: 8", source: file:///home/seluser/ppt/player/dashjs/index.html (128)
[155:155:0108/160328.321438:INFO:CONSOLE(128)] "currentLatencynow: 7.9", source: file:///home/seluser/ppt/player/dashjs/index.html (128)
[155:155:0108/160329.321310:INFO:CONSOLE(128)] "currentLatencynow: 7.89", source: file:///home/seluser/ppt/player/dashjs/index.html (128)
[155:155:0108/160330.321136:INFO:CONSOLE(128)] "currentLatencynow: 7.89", source: file:///home/seluser/ppt/player/dashjs/index.html (128)
[155:155:0108/160331.321192:INFO:CONSOLE(128)] "currentLatencynow: 7.89", source: file:///home/seluser/ppt/player/dashjs/index.html (128)
[155:155:0108/160332.321147:INFO:CONSOLE(128)] "currentLatencynow: 7.89", source: file:///home/seluser/ppt/player/dashjs/index.html (128)
[155:155:0108/160333.321060:INFO:CONSOLE(128)] "currentLatencynow: 7.891", source: file:///home/seluser/ppt/player/dashjs/index.html (128)
[155:155:0108/160334.321097:INFO:CONSOLE(128)] "currentLatencynow: 7.891", source: file:///home/seluser/ppt/player/dashjs/index.html (128)
[155:155:0108/160335.321087:INFO:CONSOLE(128)] "currentLatencynow: 7.891", source: file:///home/seluser/ppt/player/dashjs/index.html (128)
[155:155:0108/160336.321104:INFO:CONSOLE(128)] "currentLatencynow: 7.89", source: file:///home/seluser/ppt/player/dashjs/index.html (128)
[155:155:0108/160337.321163:INFO:CONSOLE(128)] "currentLatencynow: 7.89", source: file:///home/seluser/ppt/player/dashjs/index.html (128)
[155:155:0108/160338.321106:INFO:CONSOLE(128)] "currentLatencynow: 7.89", source: file:///home/seluser/ppt/player/dashjs/index.html (128)
[155:155:0108/160339.321057:INFO:CONSOLE(128)] "currentLatencynow: 7.891", source: file:///home/seluser/ppt/player/dashjs/index.html (128)
[155:155:0108/160340.321043:INFO:CONSOLE(128)] "currentLatencynow: 7.89", source: file:///home/seluser/ppt/player/dashjs/index.html (128)
[155:155:0108/160341.321113:INFO:CONSOLE(128)] "currentLatencynow: 8.658", source: file:///home/seluser/ppt/player/dashjs/index.html (128)
[155:155:0108/160342.321171:INFO:CONSOLE(128)] "currentLatencynow: 9.443", source: file:///home/seluser/ppt/player/dashjs/index.html (128)
[155:155:0108/160343.320618:INFO:CONSOLE(128)] "currentLatencynow: 9.443", source: file:///home/seluser/ppt/player/dashjs/index.html (128)
[155:155:0108/160344.320652:INFO:CONSOLE(128)] "currentLatencynow: 9.443", source: file:///home/seluser/ppt/player/dashjs/index.html (128)
[155:155:0108/160345.320656:INFO:CONSOLE(128)] "currentLatencynow: 9.443", source: file:///home/seluser/ppt/player/dashjs/index.html (128)
[155:155:0108/160346.320702:INFO:CONSOLE(128)] "currentLatencynow: 9.443", source: file:///home/seluser/ppt/player/dashjs/index.html (128)
[155:155:0108/160347.320598:INFO:CONSOLE(128)] "currentLatencynow: 9.398", source: file:///home/seluser/ppt/player/dashjs/index.html (128)
[155:155:0108/160348.320698:INFO:CONSOLE(128)] "currentLatencynow: 9.298", source: file:///home/seluser/ppt/player/dashjs/index.html (128)
[155:155:0108/160349.320763:INFO:CONSOLE(128)] "currentLatencynow: 9.198", source: file:///home/seluser/ppt/player/dashjs/index.html (128)
[155:155:0108/160350.320664:INFO:CONSOLE(128)] "currentLatencynow: 9.098", source: file:///home/seluser/ppt/player/dashjs/index.html (128)
[155:155:0108/160351.320765:INFO:CONSOLE(128)] "currentLatencynow: 8.998", source: file:///home/seluser/ppt/player/dashjs/index.html (128)
[155:155:0108/160352.320644:INFO:CONSOLE(128)] "currentLatencynow: 8.898", source: file:///home/seluser/ppt/player/dashjs/index.html (128)
[155:155:0108/160353.320597:INFO:CONSOLE(128)] "currentLatencynow: 8.798", source: file:///home/seluser/ppt/player/dashjs/index.html (128)
[155:155:0108/160354.320541:INFO:CONSOLE(128)] "currentLatencynow: 8.698", source: file:///home/seluser/ppt/player/dashjs/index.html (128)
[155:155:0108/160355.320723:INFO:CONSOLE(128)] "currentLatencynow: 8.599", source: file:///home/seluser/ppt/player/dashjs/index.html (128)
[155:155:0108/160356.320659:INFO:CONSOLE(128)] "currentLatencynow: 8.498", source: file:///home/seluser/ppt/player/dashjs/index.html (128)
[155:155:0108/160357.320602:INFO:CONSOLE(128)] "currentLatencynow: 8.398", source: file:///home/seluser/ppt/player/dashjs/index.html (128)
[155:155:0108/160358.320777:INFO:CONSOLE(128)] "currentLatencynow: 8.298", source: file:///home/seluser/ppt/player/dashjs/index.html (128)
[155:155:0108/160359.320813:INFO:CONSOLE(128)] "currentLatencynow: 8.242", source: file:///home/seluser/ppt/player/dashjs/index.html (128)
[155:155:0108/160400.320768:INFO:CONSOLE(128)] "currentLatencynow: 8.242", source: file:///home/seluser/ppt/player/dashjs/index.html (128)
[155:155:0108/160401.320705:INFO:CONSOLE(128)] "currentLatencynow: 8.242", source: file:///home/seluser/ppt/player/dashjs/index.html (128)
[155:155:0108/160402.320558:INFO:CONSOLE(128)] "currentLatencynow: 8.222", source: file:///home/seluser/ppt/player/dashjs/index.html (128)
[155:155:0108/160403.320570:INFO:CONSOLE(128)] "currentLatencynow: 8.122", source: file:///home/seluser/ppt/player/dashjs/index.html (128)
[155:155:0108/160404.320592:INFO:CONSOLE(128)] "currentLatencynow: 8.022", source: file:///home/seluser/ppt/player/dashjs/index.html (128)
[155:155:0108/160405.320692:INFO:CONSOLE(128)] "currentLatencynow: 7.922", source: file:///home/seluser/ppt/player/dashjs/index.html (128)
[155:155:0108/160406.321012:INFO:CONSOLE(128)] "currentLatencynow: 7.822", source: file:///home/seluser/ppt/player/dashjs/index.html (128)
[155:155:0108/160407.320533:INFO:CONSOLE(128)] "currentLatencynow: 7.722", source: file:///home/seluser/ppt/player/dashjs/index.html (128)
[155:155:0108/160408.320672:INFO:CONSOLE(128)] "currentLatencynow: 7.622", source: file:///home/seluser/ppt/player/dashjs/index.html (128)
[155:155:0108/160409.320564:INFO:CONSOLE(128)] "currentLatencynow: 7.522", source: file:///home/seluser/ppt/player/dashjs/index.html (128)
[155:155:0108/160410.320667:INFO:CONSOLE(128)] "currentLatencynow: 7.422", source: file:///home/seluser/ppt/player/dashjs/index.html (128)
[155:155:0108/160411.320611:INFO:CONSOLE(128)] "currentLatencynow: 7.322", source: file:///home/seluser/ppt/player/dashjs/index.html (128)
[155:155:0108/160412.320623:INFO:CONSOLE(128)] "currentLatencynow: 7.222", source: file:///home/seluser/ppt/player/dashjs/index.html (128)
[155:155:0108/160413.320230:INFO:CONSOLE(128)] "currentLatencynow: 7.121", source: file:///home/seluser/ppt/player/dashjs/index.html (128)
[155:155:0108/160414.320244:INFO:CONSOLE(128)] "currentLatencynow: 7.091", source: file:///home/seluser/ppt/player/dashjs/index.html (128)
[155:155:0108/160415.320372:INFO:CONSOLE(128)] "currentLatencynow: 7.092", source: file:///home/seluser/ppt/player/dashjs/index.html (128)
[155:155:0108/160416.320181:INFO:CONSOLE(128)] "currentLatencynow: 7.091", source: file:///home/seluser/ppt/player/dashjs/index.html (128)
[155:155:0108/160417.320253:INFO:CONSOLE(128)] "currentLatencynow: 7.091", source: file:///home/seluser/ppt/player/dashjs/index.html (128)
[155:155:0108/160418.320480:INFO:CONSOLE(128)] "currentLatencynow: 7.092", source: file:///home/seluser/ppt/player/dashjs/index.html (128)
[155:155:0108/160419.320361:INFO:CONSOLE(128)] "currentLatencynow: 7.092", source: file:///home/seluser/ppt/player/dashjs/index.html (128)
[155:155:0108/160420.320259:INFO:CONSOLE(128)] "currentLatencynow: 7.091", source: file:///home/seluser/ppt/player/dashjs/index.html (128)
[155:155:0108/160421.320293:INFO:CONSOLE(128)] "currentLatencynow: 7.092", source: file:///home/seluser/ppt/player/dashjs/index.html (128)
[155:155:0108/160422.320314:INFO:CONSOLE(128)] "currentLatencynow: 7.091", source: file:///home/seluser/ppt/player/dashjs/index.html (128)
[155:155:0108/160423.320220:INFO:CONSOLE(128)] "currentLatencynow: 7.091", source: file:///home/seluser/ppt/player/dashjs/index.html (128)
[155:155:0108/160424.320401:INFO:CONSOLE(128)] "currentLatencynow: 7.092", source: file:///home/seluser/ppt/player/dashjs/index.html (128)
[155:155:0108/160425.320397:INFO:CONSOLE(128)] "currentLatencynow: 7.092", source: file:///home/seluser/ppt/player/dashjs/index.html (128)
[155:155:0108/160426.320285:INFO:CONSOLE(128)] "currentLatencynow: 7.092", source: file:///home/seluser/ppt/player/dashjs/index.html (128)
[155:155:0108/160427.320324:INFO:CONSOLE(128)] "currentLatencynow: 7.092", source: file:///home/seluser/ppt/player/dashjs/index.html (128)
[155:155:0108/160428.320183:INFO:CONSOLE(128)] "currentLatencynow: 7.091", source: file:///home/seluser/ppt/player/dashjs/index.html (128)
[155:155:0108/160429.320275:INFO:CONSOLE(128)] "currentLatencynow: 7.089", source: file:///home/seluser/ppt/player/dashjs/index.html (128)
[155:155:0108/160430.320268:INFO:CONSOLE(128)] "currentLatencynow: 6.999", source: file:///home/seluser/ppt/player/dashjs/index.html (128)
[155:155:0108/160431.320245:INFO:CONSOLE(128)] "currentLatencynow: 6.899", source: file:///home/seluser/ppt/player/dashjs/index.html (128)
[155:155:0108/160432.321170:INFO:CONSOLE(128)] "currentLatencynow: 6.799", source: file:///home/seluser/ppt/player/dashjs/index.html (128)
[155:155:0108/160433.320445:INFO:CONSOLE(128)] "currentLatencynow: 6.699", source: file:///home/seluser/ppt/player/dashjs/index.html (128)
[155:155:0108/160434.320294:INFO:CONSOLE(128)] "currentLatencynow: 6.599", source: file:///home/seluser/ppt/player/dashjs/index.html (128)
[155:155:0108/160435.320310:INFO:CONSOLE(128)] "currentLatencynow: 6.499", source: file:///home/seluser/ppt/player/dashjs/index.html (128)
[155:155:0108/160436.320293:INFO:CONSOLE(128)] "currentLatencynow: 6.398", source: file:///home/seluser/ppt/player/dashjs/index.html (128)
[155:155:0108/160437.320342:INFO:CONSOLE(114)] "Begin Player stistics 
", source: file:///home/seluser/ppt/player/dashjs/index.html (114)
[155:155:0108/160437.320539:INFO:CONSOLE(115)] "["stall",[["2.93","8.11",5.18]],[["8.98","9.23",0.25]],[["63.70","63.95",0.25]],[["availibleBW",[null],[null],[null],[null],[null],[null],[372],[372],[372],[678],[781],[781],[833],[986],[986],[988],[988],[987],[987],[987],[1110],[1234],[1234],[1357],[1604],[1604],[1604],[1604],[1603],[1728],[1852],[1852],[1852],[1975],[2223],[2223],[2221],[2220],[2377],[2523],[2678],[2678],[2832],[2829],[2835],[2835],[2835],[2835],[2835],[2990],[3145],[3145],[3301],[3301],[3455],[3455],[3453],[3453],[3452],[3452],[3605],[3605],[3605],[3761],[3916],[3916],[3916],[4069],[4217],[4365],[4519],[4501],[4652],[4652],[4635],[4639],[4639],[4659],[4661],[4661],[4839],[4991],[5149],[5302],[5301],[5301],[5306],[5306],[5304],[5309],[5464],[5464],[5604],[5604],[5757],[5906],[5907],[5907],[5918],[5918],[6086],[6219],[6219],[6372],[6372],[6372],[6525],[6512],[6512],[6532],[6690],[6847],[6847],[6988],[6988],[7139],[7139],[7128],[7128]]],[["currentBuffer",[0],[0],[0],[0],[0],[0],[0.916],[0.729],[0],[0.95],[1.893],[0.738],[1.874],[2.776],[1.676],[2.509],[1.478],[2.38],[3.048],[2.182],[3.084],[3.972],[2.886],[3.664],[4.436],[3.59],[4.491],[3.392],[4.28],[5.048],[5.974],[4.998],[3.898],[2.798],[1.697],[0.598],[0],[0.431],[1.545],[2.335],[3.279],[2.378],[3.265],[4.112],[4.959],[5.806],[4.885],[3.785],[2.685],[1.586],[0.407],[0],[0.291],[0],[0.456],[0],[0.446],[0],[0.46],[0],[0.25],[0],[0],[0],[1.799],[0.799],[0],[0],[1.803],[2.762],[3.663],[4.566],[5.468],[4.368],[5.27],[6.172],[5.071],[3.972],[2.872],[1.772],[0.671],[0],[0.616],[1.618],[2.602],[1.502],[2.404],[1.304],[2.206],[3.108],[4.008],[2.91],[3.812],[2.712],[1.612],[0.512],[1.482],[0.482],[0],[0],[0],[0.486],[0],[0.488],[0],[0],[0],[0.492],[0],[0.494],[1.496],[2.498],[1.406],[2.308],[1.208],[2.11],[1.01],[1.912],[0.812]]],[["currentLatency",[null],[0],[6.638],[7.638],[8.638],[9.637],[10.637],[11.332],[11.545],[11.545],[11.529],[11.429],[11.329],[11.229],[11.129],[11.029],[10.929],[10.829],[10.729],[10.629],[10.529],[10.429],[10.329],[10.229],[10.129],[10.029],[9.929],[9.829],[9.729],[9.629],[9.529],[9.429],[9.329],[9.229],[9.129],[9.029],[8.996],[8.996],[8.996],[8.994],[8.9],[8.8],[8.7],[8.6],[8.5],[8.4],[8.3],[8.2],[8.1],[8],[7.9],[7.89],[7.89],[7.89],[7.89],[7.891],[7.891],[7.891],[7.89],[7.89],[7.89],[7.891],[7.89],[8.658],[9.443],[9.443],[9.443],[9.443],[9.443],[9.398],[9.298],[9.198],[9.098],[8.998],[8.898],[8.798],[8.698],[8.599],[8.498],[8.398],[8.298],[8.242],[8.242],[8.242],[8.222],[8.122],[8.022],[7.922],[7.822],[7.722],[7.622],[7.522],[7.422],[7.322],[7.222],[7.121],[7.091],[7.092],[7.091],[7.091],[7.092],[7.092],[7.091],[7.092],[7.091],[7.091],[7.092],[7.092],[7.092],[7.092],[7.091],[7.089],[6.999],[6.899],[6.799],[6.699],[6.599],[6.499],[6.398]]]]", source: file:///home/seluser/ppt/player/dashjs/index.html (115)
[155:155:0108/160437.320657:INFO:CONSOLE(116)] "
", source: file:///home/seluser/ppt/player/dashjs/index.html (116)
[155:155:0108/160437.320742:INFO:CONSOLE(117)] "Finish Player stistics 
", source: file:///home/seluser/ppt/player/dashjs/index.html (117)
[155:155:0108/160437.320784:INFO:CONSOLE(128)] "currentLatencynow: 6.343", source: file:///home/seluser/ppt/player/dashjs/index.html (128)
[155:155:0108/160438.320249:INFO:CONSOLE(128)] "currentLatencynow: 6.332", source: file:///home/seluser/ppt/player/dashjs/index.html (128)
[155:155:0108/160439.320358:INFO:CONSOLE(128)] "currentLatencynow: 6.233", source: file:///home/seluser/ppt/player/dashjs/index.html (128)
[155:155:0108/160440.320250:INFO:CONSOLE(128)] "currentLatencynow: 6.132", source: file:///home/seluser/ppt/player/dashjs/index.html (128)
[155:155:0108/160441.320345:INFO:CONSOLE(128)] "currentLatencynow: 6.033", source: file:///home/seluser/ppt/player/dashjs/index.html (128)
[155:155:0108/160442.320285:INFO:CONSOLE(128)] "currentLatencynow: 5.933", source: file:///home/seluser/ppt/player/dashjs/index.html (128)
[155:155:0108/160443.319991:INFO:CONSOLE(128)] "currentLatencynow: 5.832", source: file:///home/seluser/ppt/player/dashjs/index.html (128)
[155:155:0108/160444.319950:INFO:CONSOLE(128)] "currentLatencynow: 5.732", source: file:///home/seluser/ppt/player/dashjs/index.html (128)
[155:155:0108/160445.319968:INFO:CONSOLE(128)] "currentLatencynow: 5.632", source: file:///home/seluser/ppt/player/dashjs/index.html (128)
[155:155:0108/160446.319955:INFO:CONSOLE(128)] "currentLatencynow: 5.532", source: file:///home/seluser/ppt/player/dashjs/index.html (128)
[155:155:0108/160447.319962:INFO:CONSOLE(128)] "currentLatencynow: 5.432", source: file:///home/seluser/ppt/player/dashjs/index.html (128)
[155:155:0108/160448.320018:INFO:CONSOLE(128)] "currentLatencynow: 5.332", source: file:///home/seluser/ppt/player/dashjs/index.html (128)
[155:155:0108/160449.319972:INFO:CONSOLE(128)] "currentLatencynow: 5.232", source: file:///home/seluser/ppt/player/dashjs/index.html (128)
[155:155:0108/160450.319934:INFO:CONSOLE(128)] "currentLatencynow: 5.178", source: file:///home/seluser/ppt/player/dashjs/index.html (128)
[155:155:0108/160451.320038:INFO:CONSOLE(128)] "currentLatencynow: 5.178", source: file:///home/seluser/ppt/player/dashjs/index.html (128)
[155:155:0108/160452.319992:INFO:CONSOLE(128)] "currentLatencynow: 5.5", source: file:///home/seluser/ppt/player/dashjs/index.html (128)
[155:155:0108/160453.319936:INFO:CONSOLE(128)] "currentLatencynow: 6.5", source: file:///home/seluser/ppt/player/dashjs/index.html (128)
[155:155:0108/160454.320007:INFO:CONSOLE(128)] "currentLatencynow: 7.5", source: file:///home/seluser/ppt/player/dashjs/index.html (128)
[155:155:0108/160455.320123:INFO:CONSOLE(128)] "currentLatencynow: 8.5", source: file:///home/seluser/ppt/player/dashjs/index.html (128)
[155:181:0108/160455.816623:ERROR:bus.cc(392)] Failed to connect to the bus: Address does not contain a colon
[155:181:0108/160455.816686:ERROR:bus.cc(392)] Failed to connect to the bus: Address does not contain a colon
[155:155:0108/160456.320060:INFO:CONSOLE(128)] "currentLatencynow: 8.91", source: file:///home/seluser/ppt/player/dashjs/index.html (128)
