[155:182:0108/161203.581198:ERROR:bus.cc(392)] Failed to connect to the bus: Address does not contain a colon
[155:182:0108/161203.581352:ERROR:bus.cc(392)] Failed to connect to the bus: Address does not contain a colon
[155:219:0108/161203.578729:ERROR:bus.cc(392)] Failed to connect to the bus: Failed to connect to socket /var/run/dbus/system_bus_socket: No such file or directory
[226:226:0108/161203.613039:ERROR:gpu_init.cc(453)] Passthrough is not supported, GL is swiftshader, ANGLE is 
[155:182:0108/161203.613352:ERROR:bus.cc(392)] Failed to connect to the bus: Address does not contain a colon
[155:182:0108/161203.613430:ERROR:bus.cc(392)] Failed to connect to the bus: Address does not contain a colon
[155:182:0108/161203.761881:ERROR:bus.cc(392)] Failed to connect to the bus: Address does not contain a colon
[155:182:0108/161203.769595:ERROR:bus.cc(392)] Failed to connect to the bus: Address does not contain a colon
[155:305:0108/161203.989637:ERROR:bus.cc(392)] Failed to connect to the bus: Failed to connect to socket /var/run/dbus/system_bus_socket: No such file or directory
[155:305:0108/161203.989732:ERROR:bus.cc(392)] Failed to connect to the bus: Failed to connect to socket /var/run/dbus/system_bus_socket: No such file or directory
[155:305:0108/161203.989977:ERROR:bus.cc(392)] Failed to connect to the bus: Failed to connect to socket /var/run/dbus/system_bus_socket: No such file or directory
[155:305:0108/161203.990028:WARNING:property.cc(144)] DaemonVersion: GetAndBlock: failed.
[155:305:0108/161203.990078:ERROR:bus.cc(392)] Failed to connect to the bus: Failed to connect to socket /var/run/dbus/system_bus_socket: No such file or directory
[155:305:0108/161203.990121:ERROR:bus.cc(392)] Failed to connect to the bus: Failed to connect to socket /var/run/dbus/system_bus_socket: No such file or directory
[155:155:0108/161206.961813:INFO:CONSOLE(128)] "currentLatencynow: NaN", source: file:///home/seluser/ppt/player/dashjs/index.html (128)
[155:155:0108/161207.961175:INFO:CONSOLE(128)] "currentLatencynow: NaN", source: file:///home/seluser/ppt/player/dashjs/index.html (128)
[155:155:0108/161208.982377:INFO:CONSOLE(128)] "currentLatencynow: 0", source: file:///home/seluser/ppt/player/dashjs/index.html (128)
[155:175:0108/161209.103314:ERROR:chrome_browser_main_extra_parts_metrics.cc(228)] crbug.com/1216328: Checking Bluetooth availability started. Please report if there is no report that this ends.
[155:175:0108/161209.103492:ERROR:chrome_browser_main_extra_parts_metrics.cc(231)] crbug.com/1216328: Checking Bluetooth availability ended.
[155:175:0108/161209.103516:ERROR:chrome_browser_main_extra_parts_metrics.cc(234)] crbug.com/1216328: Checking default browser status started. Please report if there is no report that this ends.
[155:155:0108/161209.960922:INFO:CONSOLE(128)] "currentLatencynow: 0", source: file:///home/seluser/ppt/player/dashjs/index.html (128)
[155:155:0108/161210.962983:INFO:CONSOLE(128)] "currentLatencynow: 7.279", source: file:///home/seluser/ppt/player/dashjs/index.html (128)
[440:440:0108/161211.799960:WARNING:audio_manager_linux.cc(69)] Falling back to ALSA for audio output. PulseAudio is not available or could not be initialized.
[440:440:0108/161211.919514:ERROR:alsa_util.cc(204)] PcmOpen: default,No such file or directory
[440:440:0108/161211.919799:ERROR:alsa_util.cc(204)] PcmOpen: plug:default,No such file or directory
[155:155:0108/161211.961476:INFO:CONSOLE(128)] "currentLatencynow: 8.277", source: file:///home/seluser/ppt/player/dashjs/index.html (128)
[155:175:0108/161212.282338:ERROR:chrome_browser_main_extra_parts_metrics.cc(238)] crbug.com/1216328: Checking default browser status ended.
[155:155:0108/161212.961108:INFO:CONSOLE(128)] "currentLatencynow: 9.277", source: file:///home/seluser/ppt/player/dashjs/index.html (128)
[155:155:0108/161213.967196:INFO:CONSOLE(128)] "currentLatencynow: 10.281", source: file:///home/seluser/ppt/player/dashjs/index.html (128)
[155:155:0108/161214.966938:INFO:CONSOLE(128)] "currentLatencynow: 11.283", source: file:///home/seluser/ppt/player/dashjs/index.html (128)
[155:155:0108/161216.091442:INFO:CONSOLE(128)] "currentLatencynow: 12.333", source: file:///home/seluser/ppt/player/dashjs/index.html (128)
[155:182:0108/161216.176089:ERROR:bus.cc(392)] Failed to connect to the bus: Address does not contain a colon
[155:182:0108/161216.176164:ERROR:bus.cc(392)] Failed to connect to the bus: Address does not contain a colon
[155:182:0108/161216.176175:ERROR:bus.cc(392)] Failed to connect to the bus: Address does not contain a colon
[155:182:0108/161216.176183:ERROR:bus.cc(392)] Failed to connect to the bus: Address does not contain a colon
[155:182:0108/161216.176191:ERROR:bus.cc(392)] Failed to connect to the bus: Address does not contain a colon
[155:182:0108/161216.176198:ERROR:bus.cc(392)] Failed to connect to the bus: Address does not contain a colon
[155:182:0108/161216.176207:ERROR:bus.cc(392)] Failed to connect to the bus: Address does not contain a colon
[155:182:0108/161216.176216:ERROR:bus.cc(392)] Failed to connect to the bus: Address does not contain a colon
[155:182:0108/161216.176224:ERROR:bus.cc(392)] Failed to connect to the bus: Address does not contain a colon
[155:182:0108/161216.176233:ERROR:bus.cc(392)] Failed to connect to the bus: Address does not contain a colon
[155:182:0108/161216.176242:ERROR:bus.cc(392)] Failed to connect to the bus: Address does not contain a colon
[155:182:0108/161216.176251:ERROR:bus.cc(392)] Failed to connect to the bus: Address does not contain a colon
[155:182:0108/161216.176265:ERROR:bus.cc(392)] Failed to connect to the bus: Address does not contain a colon
[155:182:0108/161216.176274:ERROR:bus.cc(392)] Failed to connect to the bus: Address does not contain a colon
[155:182:0108/161216.273012:ERROR:bus.cc(392)] Failed to connect to the bus: Address does not contain a colon
[155:182:0108/161216.273074:ERROR:bus.cc(392)] Failed to connect to the bus: Address does not contain a colon
[155:182:0108/161216.274401:ERROR:bus.cc(392)] Failed to connect to the bus: Address does not contain a colon
[155:182:0108/161216.274435:ERROR:bus.cc(392)] Failed to connect to the bus: Address does not contain a colon
[155:182:0108/161216.274446:ERROR:bus.cc(392)] Failed to connect to the bus: Address does not contain a colon
[155:155:0108/161216.965663:INFO:CONSOLE(128)] "currentLatencynow: 12.293", source: file:///home/seluser/ppt/player/dashjs/index.html (128)
[155:155:0108/161217.964921:INFO:CONSOLE(128)] "currentLatencynow: 12.847", source: file:///home/seluser/ppt/player/dashjs/index.html (128)
[155:155:0108/161218.965116:INFO:CONSOLE(128)] "currentLatencynow: 13.847", source: file:///home/seluser/ppt/player/dashjs/index.html (128)
[155:155:0108/161219.965026:INFO:CONSOLE(128)] "currentLatencynow: 14.847", source: file:///home/seluser/ppt/player/dashjs/index.html (128)
[155:155:0108/161220.965082:INFO:CONSOLE(128)] "currentLatencynow: 15.847", source: file:///home/seluser/ppt/player/dashjs/index.html (128)
[155:155:0108/161221.966461:INFO:CONSOLE(128)] "currentLatencynow: 16.849", source: file:///home/seluser/ppt/player/dashjs/index.html (128)
[155:182:0108/161222.317103:ERROR:bus.cc(392)] Failed to connect to the bus: Address does not contain a colon
[155:182:0108/161222.321861:ERROR:bus.cc(392)] Failed to connect to the bus: Address does not contain a colon
[155:155:0108/161222.965230:INFO:CONSOLE(128)] "currentLatencynow: 17.108", source: file:///home/seluser/ppt/player/dashjs/index.html (128)
[155:155:0108/161223.966547:INFO:CONSOLE(128)] "currentLatencynow: 17.107", source: file:///home/seluser/ppt/player/dashjs/index.html (128)
[155:155:0108/161224.965128:INFO:CONSOLE(128)] "currentLatencynow: 17.826", source: file:///home/seluser/ppt/player/dashjs/index.html (128)
[155:155:0108/161225.964901:INFO:CONSOLE(128)] "currentLatencynow: 18.826", source: file:///home/seluser/ppt/player/dashjs/index.html (128)
[155:155:0108/161226.964885:INFO:CONSOLE(128)] "currentLatencynow: 19.826", source: file:///home/seluser/ppt/player/dashjs/index.html (128)
[155:155:0108/161227.965443:INFO:CONSOLE(128)] "currentLatencynow: 20.827", source: file:///home/seluser/ppt/player/dashjs/index.html (128)
[155:155:0108/161228.965903:INFO:CONSOLE(128)] "currentLatencynow: 21.827", source: file:///home/seluser/ppt/player/dashjs/index.html (128)
[155:155:0108/161229.968138:INFO:CONSOLE(128)] "currentLatencynow: 22.827", source: file:///home/seluser/ppt/player/dashjs/index.html (128)
[155:182:0108/161230.966753:ERROR:bus.cc(392)] Failed to connect to the bus: Address does not contain a colon
[155:182:0108/161230.967133:ERROR:bus.cc(392)] Failed to connect to the bus: Address does not contain a colon
[155:155:0108/161230.973228:INFO:CONSOLE(128)] "currentLatencynow: 23.776", source: file:///home/seluser/ppt/player/dashjs/index.html (128)
[155:155:0108/161231.971669:INFO:CONSOLE(128)] "currentLatencynow: 23.694", source: file:///home/seluser/ppt/player/dashjs/index.html (128)
[155:155:0108/161232.964951:INFO:CONSOLE(128)] "currentLatencynow: 23.869", source: file:///home/seluser/ppt/player/dashjs/index.html (128)
[155:155:0108/161233.964921:INFO:CONSOLE(128)] "currentLatencynow: 24.869", source: file:///home/seluser/ppt/player/dashjs/index.html (128)
[155:155:0108/161234.964924:INFO:CONSOLE(128)] "currentLatencynow: 25.869", source: file:///home/seluser/ppt/player/dashjs/index.html (128)
[155:155:0108/161235.964982:INFO:CONSOLE(128)] "currentLatencynow: 26.869", source: file:///home/seluser/ppt/player/dashjs/index.html (128)
[155:155:0108/161236.964939:INFO:CONSOLE(128)] "currentLatencynow: 27.869", source: file:///home/seluser/ppt/player/dashjs/index.html (128)
[155:155:0108/161237.968372:INFO:CONSOLE(128)] "currentLatencynow: 28.869", source: file:///home/seluser/ppt/player/dashjs/index.html (128)
[155:155:0108/161238.964878:INFO:CONSOLE(128)] "currentLatencynow: 29.869", source: file:///home/seluser/ppt/player/dashjs/index.html (128)
[155:155:0108/161239.966216:INFO:CONSOLE(128)] "currentLatencynow: 30.869", source: file:///home/seluser/ppt/player/dashjs/index.html (128)
[155:155:0108/161240.964910:INFO:CONSOLE(128)] "currentLatencynow: 31.588", source: file:///home/seluser/ppt/player/dashjs/index.html (128)
[155:155:0108/161241.965102:INFO:CONSOLE(128)] "currentLatencynow: 32.588", source: file:///home/seluser/ppt/player/dashjs/index.html (128)
[155:155:0108/161242.969544:INFO:CONSOLE(128)] "currentLatencynow: 33.592", source: file:///home/seluser/ppt/player/dashjs/index.html (128)
[155:155:0108/161243.966368:INFO:CONSOLE(128)] "currentLatencynow: 34.587", source: file:///home/seluser/ppt/player/dashjs/index.html (128)
[155:155:0108/161245.192031:INFO:CONSOLE(128)] "currentLatencynow: 35.606", source: file:///home/seluser/ppt/player/dashjs/index.html (128)
[155:155:0108/161246.281555:INFO:CONSOLE(128)] "currentLatencynow: 36.864", source: file:///home/seluser/ppt/player/dashjs/index.html (128)
[155:155:0108/161249.229932:INFO:CONSOLE(128)] "currentLatencynow: 39.059", source: file:///home/seluser/ppt/player/dashjs/index.html (128)
[155:155:0108/161249.758690:INFO:CONSOLE(128)] "currentLatencynow: 39.637", source: file:///home/seluser/ppt/player/dashjs/index.html (128)
[155:155:0108/161250.008235:INFO:CONSOLE(128)] "currentLatencynow: 40.63", source: file:///home/seluser/ppt/player/dashjs/index.html (128)
[155:155:0108/161250.975368:INFO:CONSOLE(128)] "currentLatencynow: 41.597", source: file:///home/seluser/ppt/player/dashjs/index.html (128)
[155:155:0108/161251.964959:INFO:CONSOLE(128)] "currentLatencynow: 42.588", source: file:///home/seluser/ppt/player/dashjs/index.html (128)
[155:155:0108/161253.021202:INFO:CONSOLE(128)] "currentLatencynow: 43.588", source: file:///home/seluser/ppt/player/dashjs/index.html (128)
[155:155:0108/161253.976697:INFO:CONSOLE(128)] "currentLatencynow: 44.6", source: file:///home/seluser/ppt/player/dashjs/index.html (128)
[155:155:0108/161254.964852:INFO:CONSOLE(128)] "currentLatencynow: 45.588", source: file:///home/seluser/ppt/player/dashjs/index.html (128)
[155:155:0108/161255.963911:INFO:CONSOLE(128)] "currentLatencynow: 46.587", source: file:///home/seluser/ppt/player/dashjs/index.html (128)
[155:155:0108/161256.964197:INFO:CONSOLE(128)] "currentLatencynow: 47.587", source: file:///home/seluser/ppt/player/dashjs/index.html (128)
[155:155:0108/161258.371431:INFO:CONSOLE(128)] "currentLatencynow: 48.635", source: file:///home/seluser/ppt/player/dashjs/index.html (128)
[155:155:0108/161307.658276:INFO:CONSOLE(128)] "currentLatencynow: 56.979", source: file:///home/seluser/ppt/player/dashjs/index.html (128)
[155:155:0108/161315.907942:INFO:CONSOLE(128)] "currentLatencynow: 59.827", source: file:///home/seluser/ppt/player/dashjs/index.html (128)
[155:155:0108/161316.031310:INFO:CONSOLE(128)] "currentLatencynow: 63.762", source: file:///home/seluser/ppt/player/dashjs/index.html (128)
[155:155:0108/161316.390210:INFO:CONSOLE(128)] "currentLatencynow: 64.587", source: file:///home/seluser/ppt/player/dashjs/index.html (128)
[155:155:0108/161316.421740:INFO:CONSOLE(128)] "currentLatencynow: 65.595", source: file:///home/seluser/ppt/player/dashjs/index.html (128)
[155:155:0108/161316.567973:INFO:CONSOLE(128)] "currentLatencynow: 66.616", source: file:///home/seluser/ppt/player/dashjs/index.html (128)
[155:155:0108/161317.444451:INFO:CONSOLE(128)] "currentLatencynow: 67.744", source: file:///home/seluser/ppt/player/dashjs/index.html (128)
[155:155:0108/161318.442958:INFO:CONSOLE(128)] "currentLatencynow: 69.058", source: file:///home/seluser/ppt/player/dashjs/index.html (128)
[155:155:0108/161319.419319:INFO:CONSOLE(128)] "currentLatencynow: 69.907", source: file:///home/seluser/ppt/player/dashjs/index.html (128)
[155:155:0108/161320.717677:INFO:CONSOLE(128)] "currentLatencynow: 70.587", source: file:///home/seluser/ppt/player/dashjs/index.html (128)
[155:155:0108/161321.688677:INFO:CONSOLE(128)] "currentLatencynow: 71.599", source: file:///home/seluser/ppt/player/dashjs/index.html (128)
[155:155:0108/161321.978766:INFO:CONSOLE(128)] "currentLatencynow: 72.601", source: file:///home/seluser/ppt/player/dashjs/index.html (128)
[155:155:0108/161323.013962:INFO:CONSOLE(128)] "currentLatencynow: 73.637", source: file:///home/seluser/ppt/player/dashjs/index.html (128)
[155:155:0108/161324.102989:INFO:CONSOLE(128)] "currentLatencynow: 74.723", source: file:///home/seluser/ppt/player/dashjs/index.html (128)
[155:155:0108/161324.983862:INFO:CONSOLE(128)] "currentLatencynow: 75.594", source: file:///home/seluser/ppt/player/dashjs/index.html (128)
[155:155:0108/161326.974675:INFO:CONSOLE(128)] "currentLatencynow: 76.914", source: file:///home/seluser/ppt/player/dashjs/index.html (128)
[155:155:0108/161327.234302:INFO:CONSOLE(128)] "currentLatencynow: 77.624", source: file:///home/seluser/ppt/player/dashjs/index.html (128)
[155:155:0108/161327.984817:INFO:CONSOLE(128)] "currentLatencynow: 78.601", source: file:///home/seluser/ppt/player/dashjs/index.html (128)
[155:155:0108/161329.204119:INFO:CONSOLE(128)] "currentLatencynow: 79.642", source: file:///home/seluser/ppt/player/dashjs/index.html (128)
[155:155:0108/161329.984793:INFO:CONSOLE(128)] "currentLatencynow: 80.589", source: file:///home/seluser/ppt/player/dashjs/index.html (128)
[155:155:0108/161330.965277:INFO:CONSOLE(128)] "currentLatencynow: 81.588", source: file:///home/seluser/ppt/player/dashjs/index.html (128)
[155:155:0108/161332.161929:INFO:CONSOLE(128)] "currentLatencynow: 82.785", source: file:///home/seluser/ppt/player/dashjs/index.html (128)
[155:155:0108/161332.977539:INFO:CONSOLE(128)] "currentLatencynow: 83.587", source: file:///home/seluser/ppt/player/dashjs/index.html (128)
[155:155:0108/161333.963997:INFO:CONSOLE(128)] "currentLatencynow: 84.587", source: file:///home/seluser/ppt/player/dashjs/index.html (128)
[155:155:0108/161335.089186:INFO:CONSOLE(128)] "currentLatencynow: 85.679", source: file:///home/seluser/ppt/player/dashjs/index.html (128)
[155:155:0108/161335.987735:INFO:CONSOLE(128)] "currentLatencynow: 86.61", source: file:///home/seluser/ppt/player/dashjs/index.html (128)
[155:155:0108/161336.963802:INFO:CONSOLE(128)] "currentLatencynow: 87.587", source: file:///home/seluser/ppt/player/dashjs/index.html (128)
[155:155:0108/161337.968455:INFO:CONSOLE(128)] "currentLatencynow: 88.59", source: file:///home/seluser/ppt/player/dashjs/index.html (128)
[155:155:0108/161338.967961:INFO:CONSOLE(128)] "currentLatencynow: 89.587", source: file:///home/seluser/ppt/player/dashjs/index.html (128)
[155:155:0108/161339.976135:INFO:CONSOLE(128)] "currentLatencynow: 90.597", source: file:///home/seluser/ppt/player/dashjs/index.html (128)
[155:155:0108/161340.963895:INFO:CONSOLE(128)] "currentLatencynow: 91.587", source: file:///home/seluser/ppt/player/dashjs/index.html (128)
[155:155:0108/161341.967939:INFO:CONSOLE(128)] "currentLatencynow: 92.587", source: file:///home/seluser/ppt/player/dashjs/index.html (128)
[155:155:0108/161342.964232:INFO:CONSOLE(128)] "currentLatencynow: 93.587", source: file:///home/seluser/ppt/player/dashjs/index.html (128)
[155:155:0108/161343.963727:INFO:CONSOLE(128)] "currentLatencynow: 94.587", source: file:///home/seluser/ppt/player/dashjs/index.html (128)
[155:155:0108/161344.964167:INFO:CONSOLE(128)] "currentLatencynow: 95.587", source: file:///home/seluser/ppt/player/dashjs/index.html (128)
[155:155:0108/161345.964048:INFO:CONSOLE(128)] "currentLatencynow: 96.587", source: file:///home/seluser/ppt/player/dashjs/index.html (128)
[155:155:0108/161346.963853:INFO:CONSOLE(128)] "currentLatencynow: 97.587", source: file:///home/seluser/ppt/player/dashjs/index.html (128)
[155:155:0108/161347.963898:INFO:CONSOLE(128)] "currentLatencynow: 98.587", source: file:///home/seluser/ppt/player/dashjs/index.html (128)
[155:155:0108/161348.963919:INFO:CONSOLE(128)] "currentLatencynow: 99.587", source: file:///home/seluser/ppt/player/dashjs/index.html (128)
[155:155:0108/161349.966387:INFO:CONSOLE(128)] "currentLatencynow: 100.587", source: file:///home/seluser/ppt/player/dashjs/index.html (128)
[155:155:0108/161350.963693:INFO:CONSOLE(128)] "currentLatencynow: 101.587", source: file:///home/seluser/ppt/player/dashjs/index.html (128)
[155:155:0108/161351.975820:INFO:CONSOLE(128)] "currentLatencynow: 102.587", source: file:///home/seluser/ppt/player/dashjs/index.html (128)
[155:155:0108/161352.954992:INFO:CONSOLE(128)] "currentLatencynow: 103.578", source: file:///home/seluser/ppt/player/dashjs/index.html (128)
[155:155:0108/161353.964951:INFO:CONSOLE(128)] "currentLatencynow: 104.588", source: file:///home/seluser/ppt/player/dashjs/index.html (128)
[155:155:0108/161354.958266:INFO:CONSOLE(128)] "currentLatencynow: 105.581", source: file:///home/seluser/ppt/player/dashjs/index.html (128)
[155:155:0108/161355.954839:INFO:CONSOLE(128)] "currentLatencynow: 106.578", source: file:///home/seluser/ppt/player/dashjs/index.html (128)
[155:155:0108/161356.954960:INFO:CONSOLE(128)] "currentLatencynow: 107.578", source: file:///home/seluser/ppt/player/dashjs/index.html (128)
[155:155:0108/161357.954901:INFO:CONSOLE(128)] "currentLatencynow: 108.578", source: file:///home/seluser/ppt/player/dashjs/index.html (128)
[155:155:0108/161358.954931:INFO:CONSOLE(128)] "currentLatencynow: 109.578", source: file:///home/seluser/ppt/player/dashjs/index.html (128)
[155:155:0108/161359.956944:INFO:CONSOLE(128)] "currentLatencynow: 110.579", source: file:///home/seluser/ppt/player/dashjs/index.html (128)
[155:155:0108/161400.955145:INFO:CONSOLE(128)] "currentLatencynow: 111.578", source: file:///home/seluser/ppt/player/dashjs/index.html (128)
[155:155:0108/161401.954992:INFO:CONSOLE(128)] "currentLatencynow: 112.578", source: file:///home/seluser/ppt/player/dashjs/index.html (128)
[155:155:0108/161402.965598:INFO:CONSOLE(128)] "currentLatencynow: 113.58", source: file:///home/seluser/ppt/player/dashjs/index.html (128)
[155:155:0108/161403.956921:INFO:CONSOLE(128)] "currentLatencynow: 114.578", source: file:///home/seluser/ppt/player/dashjs/index.html (128)
[155:155:0108/161404.954893:INFO:CONSOLE(128)] "currentLatencynow: 115.578", source: file:///home/seluser/ppt/player/dashjs/index.html (128)
[155:155:0108/161405.956852:INFO:CONSOLE(114)] "Begin Player stistics 
", source: file:///home/seluser/ppt/player/dashjs/index.html (114)
[155:155:0108/161405.957433:INFO:CONSOLE(115)] "["stall",[["5.58","11.03",5.449999999999999]],[["12.37","12.61",0.2400000000000002]],[["19.23","19.48",0.25]],[["27.71","27.95",0.23999999999999844]],[["availibleBW",[null],[null],[null],[null],[null],[null],[null],[null],[null],[337],[337],[337],[337],[337],[337],[337],[337],[337],[651],[651],[651],[651],[651],[651],[847],[847],[847],[847],[847],[847],[847],[847],[847],[847],[847],[847],[847],[847],[847],[847],[847],[847],[847],[847],[847],[847],[847],[847],[847],[847],[847],[847],[847],[847],[847],[847],[847],[847],[847],[847],[847],[847],[847],[847],[847],[847],[847],[847],[847],[847],[847],[847],[847],[847],[847],[847],[847],[847],[847],[847],[847],[847],[847],[847],[847],[847],[847],[847],[847],[847],[847],[847],[847],[847],[847],[847],[847],[847],[847],[847],[847],[847],[847],[847],[847],[847]]],[["currentBuffer",[0],[0],[0],[0],[0],[0],[0],[0],[0],[1.47],[0.73],[0.036],[0.036],[0.036],[0.036],[0.036],[0],[0],[0.017],[0.017],[0.017],[0.017],[0.017],[0.017],[2.019],[1.128],[0.062],[0.062],[0.062],[0.062],[0.062],[0.062],[0.062],[0.062],[0.062],[0.062],[0.062],[0.062],[0.062],[0.062],[0.062],[0.062],[0.062],[0.062],[0.062],[0.062],[0.062],[0.062],[0.062],[0.062],[0.062],[0.062],[0.062],[0.062],[0.062],[0.062],[0.062],[0.062],[0.062],[0.062],[0.062],[0.062],[0.062],[0.062],[0.062],[0.062],[0.062],[0.062],[0.062],[0.062],[0.062],[0.062],[0.062],[0.062],[0.062],[0.062],[0.062],[0.062],[0.062],[0.062],[0.062],[0.062],[0.062],[0.062],[0.062],[0.062],[0.062],[0.062],[0.062],[0.062],[0.062],[0.062],[0.062],[0.062],[0.062],[0.062],[0.062],[0.062],[0.062],[0.062],[0.062],[0.062],[0.062],[0.062],[0.062],[0.062]]],[["currentLatency",[null],[null],[0],[0],[7.279],[8.277],[9.277],[10.281],[11.283],[12.333],[12.293],[12.847],[13.847],[14.847],[15.847],[16.849],[17.108],[17.107],[17.826],[18.826],[19.826],[20.827],[21.827],[22.827],[23.776],[23.694],[23.869],[24.869],[25.869],[26.869],[27.869],[28.869],[29.869],[30.869],[31.588],[32.588],[33.592],[34.587],[35.606],[36.864],[39.059],[39.637],[40.63],[41.597],[42.588],[43.588],[44.6],[45.588],[46.587],[47.587],[48.635],[56.979],[59.827],[63.762],[64.587],[65.595],[66.616],[67.744],[69.058],[69.907],[70.587],[71.599],[72.601],[73.637],[74.723],[75.594],[76.914],[77.624],[78.601],[79.642],[80.589],[81.588],[82.785],[83.587],[84.587],[85.679],[86.61],[87.587],[88.59],[89.587],[90.597],[91.587],[92.587],[93.587],[94.587],[95.587],[96.587],[97.587],[98.587],[99.587],[100.587],[101.587],[102.587],[103.578],[104.588],[105.581],[106.578],[107.578],[108.578],[109.578],[110.579],[111.578],[112.578],[113.58],[114.578],[115.578]]]]", source: file:///home/seluser/ppt/player/dashjs/index.html (115)
[155:155:0108/161405.957869:INFO:CONSOLE(116)] "
", source: file:///home/seluser/ppt/player/dashjs/index.html (116)
[155:155:0108/161405.957999:INFO:CONSOLE(117)] "Finish Player stistics 
", source: file:///home/seluser/ppt/player/dashjs/index.html (117)
[155:155:0108/161405.958177:INFO:CONSOLE(128)] "currentLatencynow: 116.582", source: file:///home/seluser/ppt/player/dashjs/index.html (128)
[155:155:0108/161406.960916:INFO:CONSOLE(128)] "currentLatencynow: 117.578", source: file:///home/seluser/ppt/player/dashjs/index.html (128)
[155:155:0108/161407.954957:INFO:CONSOLE(128)] "currentLatencynow: 118.578", source: file:///home/seluser/ppt/player/dashjs/index.html (128)
[155:155:0108/161408.954930:INFO:CONSOLE(128)] "currentLatencynow: 119.578", source: file:///home/seluser/ppt/player/dashjs/index.html (128)
[155:155:0108/161409.955529:INFO:CONSOLE(128)] "currentLatencynow: 120.578", source: file:///home/seluser/ppt/player/dashjs/index.html (128)
[155:155:0108/161410.954916:INFO:CONSOLE(128)] "currentLatencynow: 121.578", source: file:///home/seluser/ppt/player/dashjs/index.html (128)
[155:155:0108/161411.954814:INFO:CONSOLE(128)] "currentLatencynow: 122.578", source: file:///home/seluser/ppt/player/dashjs/index.html (128)
[155:155:0108/161412.954847:INFO:CONSOLE(128)] "currentLatencynow: 123.578", source: file:///home/seluser/ppt/player/dashjs/index.html (128)
[155:155:0108/161413.954895:INFO:CONSOLE(128)] "currentLatencynow: 124.578", source: file:///home/seluser/ppt/player/dashjs/index.html (128)
[155:155:0108/161414.954869:INFO:CONSOLE(128)] "currentLatencynow: 125.578", source: file:///home/seluser/ppt/player/dashjs/index.html (128)
[155:155:0108/161415.954880:INFO:CONSOLE(128)] "currentLatencynow: 126.578", source: file:///home/seluser/ppt/player/dashjs/index.html (128)
[155:155:0108/161416.954896:INFO:CONSOLE(128)] "currentLatencynow: 127.578", source: file:///home/seluser/ppt/player/dashjs/index.html (128)
[155:155:0108/161417.955010:INFO:CONSOLE(128)] "currentLatencynow: 128.578", source: file:///home/seluser/ppt/player/dashjs/index.html (128)
[155:155:0108/161418.955770:INFO:CONSOLE(128)] "currentLatencynow: 129.579", source: file:///home/seluser/ppt/player/dashjs/index.html (128)
[155:155:0108/161419.955453:INFO:CONSOLE(128)] "currentLatencynow: 130.578", source: file:///home/seluser/ppt/player/dashjs/index.html (128)
[155:155:0108/161420.955445:INFO:CONSOLE(128)] "currentLatencynow: 131.578", source: file:///home/seluser/ppt/player/dashjs/index.html (128)
[155:155:0108/161421.955420:INFO:CONSOLE(128)] "currentLatencynow: 132.578", source: file:///home/seluser/ppt/player/dashjs/index.html (128)
[155:155:0108/161422.973213:INFO:CONSOLE(128)] "currentLatencynow: 133.596", source: file:///home/seluser/ppt/player/dashjs/index.html (128)
[155:155:0108/161423.973235:INFO:CONSOLE(128)] "currentLatencynow: 134.596", source: file:///home/seluser/ppt/player/dashjs/index.html (128)
[155:155:0108/161424.973458:INFO:CONSOLE(128)] "currentLatencynow: 135.597", source: file:///home/seluser/ppt/player/dashjs/index.html (128)
[155:155:0108/161425.992483:INFO:CONSOLE(128)] "currentLatencynow: 136.596", source: file:///home/seluser/ppt/player/dashjs/index.html (128)
[155:155:0108/161426.708548:WARNING:pref_notifier_impl.cc(40)] Pref observer for media_router.cast_allow_all_ips found at shutdown.
