[155:219:0108/160235.474760:ERROR:bus.cc(392)] Failed to connect to the bus: Failed to connect to socket /var/run/dbus/system_bus_socket: No such file or directory
[155:182:0108/160235.476996:ERROR:bus.cc(392)] Failed to connect to the bus: Address does not contain a colon
[155:182:0108/160235.477046:ERROR:bus.cc(392)] Failed to connect to the bus: Address does not contain a colon
[155:182:0108/160235.488140:ERROR:bus.cc(392)] Failed to connect to the bus: Address does not contain a colon
[155:182:0108/160235.488327:ERROR:bus.cc(392)] Failed to connect to the bus: Address does not contain a colon
[226:226:0108/160235.492925:ERROR:gpu_init.cc(453)] Passthrough is not supported, GL is swiftshader, ANGLE is 
[155:182:0108/160235.504323:ERROR:bus.cc(392)] Failed to connect to the bus: Address does not contain a colon
[155:182:0108/160235.504379:ERROR:bus.cc(392)] Failed to connect to the bus: Address does not contain a colon
[155:314:0108/160235.580986:ERROR:bus.cc(392)] Failed to connect to the bus: Failed to connect to socket /var/run/dbus/system_bus_socket: No such file or directory
[155:314:0108/160235.581063:ERROR:bus.cc(392)] Failed to connect to the bus: Failed to connect to socket /var/run/dbus/system_bus_socket: No such file or directory
[155:314:0108/160235.581136:ERROR:bus.cc(392)] Failed to connect to the bus: Failed to connect to socket /var/run/dbus/system_bus_socket: No such file or directory
[155:314:0108/160235.581170:WARNING:property.cc(144)] DaemonVersion: GetAndBlock: failed.
[155:314:0108/160235.581214:ERROR:bus.cc(392)] Failed to connect to the bus: Failed to connect to socket /var/run/dbus/system_bus_socket: No such file or directory
[155:314:0108/160235.581267:ERROR:bus.cc(392)] Failed to connect to the bus: Failed to connect to socket /var/run/dbus/system_bus_socket: No such file or directory
[155:155:0108/160237.180450:INFO:CONSOLE(128)] "currentLatencynow: 0", source: file:///home/seluser/ppt/player/dashjs/index.html (128)
[351:351:0108/160238.056961:WARNING:audio_manager_linux.cc(69)] Falling back to ALSA for audio output. PulseAudio is not available or could not be initialized.
[351:351:0108/160238.063855:ERROR:alsa_util.cc(204)] PcmOpen: default,No such file or directory
[351:351:0108/160238.063996:ERROR:alsa_util.cc(204)] PcmOpen: plug:default,No such file or directory
[155:155:0108/160238.172656:INFO:CONSOLE(128)] "currentLatencynow: 6.175", source: file:///home/seluser/ppt/player/dashjs/index.html (128)
[155:249:0108/160238.577514:ERROR:chrome_browser_main_extra_parts_metrics.cc(228)] crbug.com/1216328: Checking Bluetooth availability started. Please report if there is no report that this ends.
[155:249:0108/160238.577590:ERROR:chrome_browser_main_extra_parts_metrics.cc(231)] crbug.com/1216328: Checking Bluetooth availability ended.
[155:249:0108/160238.577602:ERROR:chrome_browser_main_extra_parts_metrics.cc(234)] crbug.com/1216328: Checking default browser status started. Please report if there is no report that this ends.
[155:249:0108/160238.710538:ERROR:chrome_browser_main_extra_parts_metrics.cc(238)] crbug.com/1216328: Checking default browser status ended.
[155:155:0108/160239.172922:INFO:CONSOLE(128)] "currentLatencynow: 7.175", source: file:///home/seluser/ppt/player/dashjs/index.html (128)
[155:155:0108/160240.172830:INFO:CONSOLE(128)] "currentLatencynow: 8.175", source: file:///home/seluser/ppt/player/dashjs/index.html (128)
[155:155:0108/160241.172641:INFO:CONSOLE(128)] "currentLatencynow: 9.175", source: file:///home/seluser/ppt/player/dashjs/index.html (128)
[155:155:0108/160242.172629:INFO:CONSOLE(128)] "currentLatencynow: 10.175", source: file:///home/seluser/ppt/player/dashjs/index.html (128)
[155:155:0108/160243.172661:INFO:CONSOLE(128)] "currentLatencynow: 11.175", source: file:///home/seluser/ppt/player/dashjs/index.html (128)
[155:155:0108/160244.171692:INFO:CONSOLE(128)] "currentLatencynow: 12.174", source: file:///home/seluser/ppt/player/dashjs/index.html (128)
[155:182:0108/160244.615248:ERROR:bus.cc(392)] Failed to connect to the bus: Address does not contain a colon
[155:182:0108/160244.615322:ERROR:bus.cc(392)] Failed to connect to the bus: Address does not contain a colon
[155:182:0108/160244.615363:ERROR:bus.cc(392)] Failed to connect to the bus: Address does not contain a colon
[155:182:0108/160244.615391:ERROR:bus.cc(392)] Failed to connect to the bus: Address does not contain a colon
[155:182:0108/160244.615400:ERROR:bus.cc(392)] Failed to connect to the bus: Address does not contain a colon
[155:182:0108/160244.615408:ERROR:bus.cc(392)] Failed to connect to the bus: Address does not contain a colon
[155:182:0108/160244.615431:ERROR:bus.cc(392)] Failed to connect to the bus: Address does not contain a colon
[155:182:0108/160244.615439:ERROR:bus.cc(392)] Failed to connect to the bus: Address does not contain a colon
[155:182:0108/160244.615461:ERROR:bus.cc(392)] Failed to connect to the bus: Address does not contain a colon
[155:182:0108/160244.615470:ERROR:bus.cc(392)] Failed to connect to the bus: Address does not contain a colon
[155:182:0108/160244.615477:ERROR:bus.cc(392)] Failed to connect to the bus: Address does not contain a colon
[155:182:0108/160244.615502:ERROR:bus.cc(392)] Failed to connect to the bus: Address does not contain a colon
[155:182:0108/160244.615524:ERROR:bus.cc(392)] Failed to connect to the bus: Address does not contain a colon
[155:182:0108/160244.615532:ERROR:bus.cc(392)] Failed to connect to the bus: Address does not contain a colon
[155:182:0108/160244.620634:ERROR:bus.cc(392)] Failed to connect to the bus: Address does not contain a colon
[155:182:0108/160244.620700:ERROR:bus.cc(392)] Failed to connect to the bus: Address does not contain a colon
[155:182:0108/160244.620727:ERROR:bus.cc(392)] Failed to connect to the bus: Address does not contain a colon
[155:182:0108/160244.678670:ERROR:bus.cc(392)] Failed to connect to the bus: Address does not contain a colon
[155:182:0108/160244.678740:ERROR:bus.cc(392)] Failed to connect to the bus: Address does not contain a colon
[155:155:0108/160245.171674:INFO:CONSOLE(128)] "currentLatencynow: 12.672", source: file:///home/seluser/ppt/player/dashjs/index.html (128)
[155:155:0108/160246.171762:INFO:CONSOLE(128)] "currentLatencynow: 12.672", source: file:///home/seluser/ppt/player/dashjs/index.html (128)
[155:155:0108/160247.171683:INFO:CONSOLE(128)] "currentLatencynow: 12.672", source: file:///home/seluser/ppt/player/dashjs/index.html (128)
[155:155:0108/160248.171679:INFO:CONSOLE(128)] "currentLatencynow: 12.672", source: file:///home/seluser/ppt/player/dashjs/index.html (128)
[155:155:0108/160249.171911:INFO:CONSOLE(128)] "currentLatencynow: 12.649", source: file:///home/seluser/ppt/player/dashjs/index.html (128)
[155:155:0108/160250.171750:INFO:CONSOLE(128)] "currentLatencynow: 12.549", source: file:///home/seluser/ppt/player/dashjs/index.html (128)
[155:155:0108/160251.171764:INFO:CONSOLE(128)] "currentLatencynow: 12.449", source: file:///home/seluser/ppt/player/dashjs/index.html (128)
[155:155:0108/160252.171686:INFO:CONSOLE(128)] "currentLatencynow: 12.349", source: file:///home/seluser/ppt/player/dashjs/index.html (128)
[155:155:0108/160253.171774:INFO:CONSOLE(128)] "currentLatencynow: 12.249", source: file:///home/seluser/ppt/player/dashjs/index.html (128)
[155:155:0108/160254.171677:INFO:CONSOLE(128)] "currentLatencynow: 12.149", source: file:///home/seluser/ppt/player/dashjs/index.html (128)
[155:155:0108/160255.171863:INFO:CONSOLE(128)] "currentLatencynow: 12.049", source: file:///home/seluser/ppt/player/dashjs/index.html (128)
[155:155:0108/160256.171653:INFO:CONSOLE(128)] "currentLatencynow: 11.949", source: file:///home/seluser/ppt/player/dashjs/index.html (128)
[155:155:0108/160257.171708:INFO:CONSOLE(128)] "currentLatencynow: 11.849", source: file:///home/seluser/ppt/player/dashjs/index.html (128)
[155:155:0108/160258.171906:INFO:CONSOLE(128)] "currentLatencynow: 11.749", source: file:///home/seluser/ppt/player/dashjs/index.html (128)
[155:155:0108/160259.171772:INFO:CONSOLE(128)] "currentLatencynow: 11.649", source: file:///home/seluser/ppt/player/dashjs/index.html (128)
[155:155:0108/160300.171776:INFO:CONSOLE(128)] "currentLatencynow: 11.549", source: file:///home/seluser/ppt/player/dashjs/index.html (128)
[155:155:0108/160301.171713:INFO:CONSOLE(128)] "currentLatencynow: 11.449", source: file:///home/seluser/ppt/player/dashjs/index.html (128)
[155:155:0108/160302.171644:INFO:CONSOLE(128)] "currentLatencynow: 11.349", source: file:///home/seluser/ppt/player/dashjs/index.html (128)
[155:155:0108/160303.171691:INFO:CONSOLE(128)] "currentLatencynow: 11.249", source: file:///home/seluser/ppt/player/dashjs/index.html (128)
[155:155:0108/160304.171718:INFO:CONSOLE(128)] "currentLatencynow: 11.149", source: file:///home/seluser/ppt/player/dashjs/index.html (128)
[155:155:0108/160305.171727:INFO:CONSOLE(128)] "currentLatencynow: 11.049", source: file:///home/seluser/ppt/player/dashjs/index.html (128)
[155:155:0108/160306.171731:INFO:CONSOLE(128)] "currentLatencynow: 10.949", source: file:///home/seluser/ppt/player/dashjs/index.html (128)
[155:155:0108/160307.171841:INFO:CONSOLE(128)] "currentLatencynow: 10.849", source: file:///home/seluser/ppt/player/dashjs/index.html (128)
[155:155:0108/160308.171624:INFO:CONSOLE(128)] "currentLatencynow: 10.749", source: file:///home/seluser/ppt/player/dashjs/index.html (128)
[155:155:0108/160309.171713:INFO:CONSOLE(128)] "currentLatencynow: 10.649", source: file:///home/seluser/ppt/player/dashjs/index.html (128)
[155:155:0108/160310.171703:INFO:CONSOLE(128)] "currentLatencynow: 10.549", source: file:///home/seluser/ppt/player/dashjs/index.html (128)
[155:155:0108/160311.171871:INFO:CONSOLE(128)] "currentLatencynow: 10.449", source: file:///home/seluser/ppt/player/dashjs/index.html (128)
[155:155:0108/160312.171684:INFO:CONSOLE(128)] "currentLatencynow: 10.349", source: file:///home/seluser/ppt/player/dashjs/index.html (128)
[155:155:0108/160313.171689:INFO:CONSOLE(128)] "currentLatencynow: 10.249", source: file:///home/seluser/ppt/player/dashjs/index.html (128)
[155:155:0108/160314.172238:INFO:CONSOLE(128)] "currentLatencynow: 10.149", source: file:///home/seluser/ppt/player/dashjs/index.html (128)
[155:155:0108/160315.172158:INFO:CONSOLE(128)] "currentLatencynow: 10.097", source: file:///home/seluser/ppt/player/dashjs/index.html (128)
[155:155:0108/160316.172459:INFO:CONSOLE(128)] "currentLatencynow: 10.098", source: file:///home/seluser/ppt/player/dashjs/index.html (128)
[155:155:0108/160317.172233:INFO:CONSOLE(128)] "currentLatencynow: 10.097", source: file:///home/seluser/ppt/player/dashjs/index.html (128)
[155:155:0108/160318.172158:INFO:CONSOLE(128)] "currentLatencynow: 10.097", source: file:///home/seluser/ppt/player/dashjs/index.html (128)
[155:155:0108/160319.173906:INFO:CONSOLE(128)] "currentLatencynow: 10.097", source: file:///home/seluser/ppt/player/dashjs/index.html (128)
[155:155:0108/160320.172205:INFO:CONSOLE(128)] "currentLatencynow: 10.097", source: file:///home/seluser/ppt/player/dashjs/index.html (128)
[155:155:0108/160321.172309:INFO:CONSOLE(128)] "currentLatencynow: 10.097", source: file:///home/seluser/ppt/player/dashjs/index.html (128)
[155:155:0108/160322.172295:INFO:CONSOLE(128)] "currentLatencynow: 10.097", source: file:///home/seluser/ppt/player/dashjs/index.html (128)
[155:155:0108/160323.172311:INFO:CONSOLE(128)] "currentLatencynow: 10.049", source: file:///home/seluser/ppt/player/dashjs/index.html (128)
[155:155:0108/160324.172297:INFO:CONSOLE(128)] "currentLatencynow: 9.949", source: file:///home/seluser/ppt/player/dashjs/index.html (128)
[155:155:0108/160325.172160:INFO:CONSOLE(128)] "currentLatencynow: 9.849", source: file:///home/seluser/ppt/player/dashjs/index.html (128)
[155:155:0108/160326.172200:INFO:CONSOLE(128)] "currentLatencynow: 9.749", source: file:///home/seluser/ppt/player/dashjs/index.html (128)
[155:155:0108/160327.172168:INFO:CONSOLE(128)] "currentLatencynow: 9.649", source: file:///home/seluser/ppt/player/dashjs/index.html (128)
[155:155:0108/160328.172381:INFO:CONSOLE(128)] "currentLatencynow: 9.573", source: file:///home/seluser/ppt/player/dashjs/index.html (128)
[155:155:0108/160329.172274:INFO:CONSOLE(128)] "currentLatencynow: 9.572", source: file:///home/seluser/ppt/player/dashjs/index.html (128)
[155:155:0108/160330.172255:INFO:CONSOLE(128)] "currentLatencynow: 9.571", source: file:///home/seluser/ppt/player/dashjs/index.html (128)
[155:155:0108/160331.172159:INFO:CONSOLE(128)] "currentLatencynow: 9.473", source: file:///home/seluser/ppt/player/dashjs/index.html (128)
[155:155:0108/160332.172157:INFO:CONSOLE(128)] "currentLatencynow: 9.373", source: file:///home/seluser/ppt/player/dashjs/index.html (128)
[155:155:0108/160333.172170:INFO:CONSOLE(128)] "currentLatencynow: 9.273", source: file:///home/seluser/ppt/player/dashjs/index.html (128)
[155:155:0108/160334.172211:INFO:CONSOLE(128)] "currentLatencynow: 9.199", source: file:///home/seluser/ppt/player/dashjs/index.html (128)
[155:155:0108/160335.172284:INFO:CONSOLE(128)] "currentLatencynow: 9.099", source: file:///home/seluser/ppt/player/dashjs/index.html (128)
[155:155:0108/160336.172318:INFO:CONSOLE(128)] "currentLatencynow: 9.024", source: file:///home/seluser/ppt/player/dashjs/index.html (128)
[155:155:0108/160337.172172:INFO:CONSOLE(128)] "currentLatencynow: 8.924", source: file:///home/seluser/ppt/player/dashjs/index.html (128)
[155:155:0108/160338.172233:INFO:CONSOLE(128)] "currentLatencynow: 8.898", source: file:///home/seluser/ppt/player/dashjs/index.html (128)
[155:155:0108/160339.172375:INFO:CONSOLE(128)] "currentLatencynow: 8.899", source: file:///home/seluser/ppt/player/dashjs/index.html (128)
[155:155:0108/160340.172159:INFO:CONSOLE(128)] "currentLatencynow: 8.898", source: file:///home/seluser/ppt/player/dashjs/index.html (128)
[155:155:0108/160341.172294:INFO:CONSOLE(128)] "currentLatencynow: 8.898", source: file:///home/seluser/ppt/player/dashjs/index.html (128)
[155:155:0108/160342.172329:INFO:CONSOLE(128)] "currentLatencynow: 8.898", source: file:///home/seluser/ppt/player/dashjs/index.html (128)
[155:155:0108/160343.172335:INFO:CONSOLE(128)] "currentLatencynow: 9.635", source: file:///home/seluser/ppt/player/dashjs/index.html (128)
[155:155:0108/160344.171646:INFO:CONSOLE(128)] "currentLatencynow: 9.986", source: file:///home/seluser/ppt/player/dashjs/index.html (128)
[155:155:0108/160345.171720:INFO:CONSOLE(128)] "currentLatencynow: 9.986", source: file:///home/seluser/ppt/player/dashjs/index.html (128)
[155:155:0108/160346.171769:INFO:CONSOLE(128)] "currentLatencynow: 9.986", source: file:///home/seluser/ppt/player/dashjs/index.html (128)
[155:155:0108/160347.171812:INFO:CONSOLE(128)] "currentLatencynow: 9.944", source: file:///home/seluser/ppt/player/dashjs/index.html (128)
[155:155:0108/160348.171993:INFO:CONSOLE(128)] "currentLatencynow: 9.844", source: file:///home/seluser/ppt/player/dashjs/index.html (128)
[155:155:0108/160349.172366:INFO:CONSOLE(128)] "currentLatencynow: 9.744", source: file:///home/seluser/ppt/player/dashjs/index.html (128)
[155:155:0108/160350.171790:INFO:CONSOLE(128)] "currentLatencynow: 9.644", source: file:///home/seluser/ppt/player/dashjs/index.html (128)
[155:155:0108/160351.171644:INFO:CONSOLE(128)] "currentLatencynow: 9.544", source: file:///home/seluser/ppt/player/dashjs/index.html (128)
[155:155:0108/160352.171766:INFO:CONSOLE(128)] "currentLatencynow: 9.444", source: file:///home/seluser/ppt/player/dashjs/index.html (128)
[155:155:0108/160353.171745:INFO:CONSOLE(128)] "currentLatencynow: 9.344", source: file:///home/seluser/ppt/player/dashjs/index.html (128)
[155:155:0108/160354.171810:INFO:CONSOLE(128)] "currentLatencynow: 9.244", source: file:///home/seluser/ppt/player/dashjs/index.html (128)
[155:155:0108/160355.173365:INFO:CONSOLE(128)] "currentLatencynow: 9.144", source: file:///home/seluser/ppt/player/dashjs/index.html (128)
[155:155:0108/160356.171910:INFO:CONSOLE(128)] "currentLatencynow: 9.045", source: file:///home/seluser/ppt/player/dashjs/index.html (128)
[155:155:0108/160357.171823:INFO:CONSOLE(128)] "currentLatencynow: 8.944", source: file:///home/seluser/ppt/player/dashjs/index.html (128)
[155:155:0108/160358.171727:INFO:CONSOLE(128)] "currentLatencynow: 8.845", source: file:///home/seluser/ppt/player/dashjs/index.html (128)
[155:155:0108/160359.171816:INFO:CONSOLE(128)] "currentLatencynow: 8.748", source: file:///home/seluser/ppt/player/dashjs/index.html (128)
[155:155:0108/160400.171820:INFO:CONSOLE(128)] "currentLatencynow: 8.749", source: file:///home/seluser/ppt/player/dashjs/index.html (128)
[155:155:0108/160401.171757:INFO:CONSOLE(128)] "currentLatencynow: 8.748", source: file:///home/seluser/ppt/player/dashjs/index.html (128)
[155:155:0108/160402.171760:INFO:CONSOLE(128)] "currentLatencynow: 8.748", source: file:///home/seluser/ppt/player/dashjs/index.html (128)
[155:155:0108/160403.171889:INFO:CONSOLE(128)] "currentLatencynow: 8.812", source: file:///home/seluser/ppt/player/dashjs/index.html (128)
[155:155:0108/160404.171739:INFO:CONSOLE(128)] "currentLatencynow: 8.813", source: file:///home/seluser/ppt/player/dashjs/index.html (128)
[155:155:0108/160405.171860:INFO:CONSOLE(128)] "currentLatencynow: 8.813", source: file:///home/seluser/ppt/player/dashjs/index.html (128)
[155:155:0108/160406.171716:INFO:CONSOLE(128)] "currentLatencynow: 8.813", source: file:///home/seluser/ppt/player/dashjs/index.html (128)
[155:155:0108/160407.171779:INFO:CONSOLE(128)] "currentLatencynow: 8.812", source: file:///home/seluser/ppt/player/dashjs/index.html (128)
[155:155:0108/160408.171772:INFO:CONSOLE(128)] "currentLatencynow: 8.734", source: file:///home/seluser/ppt/player/dashjs/index.html (128)
[155:155:0108/160409.172504:INFO:CONSOLE(128)] "currentLatencynow: 8.636", source: file:///home/seluser/ppt/player/dashjs/index.html (128)
[155:155:0108/160410.171799:INFO:CONSOLE(128)] "currentLatencynow: 8.534", source: file:///home/seluser/ppt/player/dashjs/index.html (128)
[155:155:0108/160411.171745:INFO:CONSOLE(128)] "currentLatencynow: 8.434", source: file:///home/seluser/ppt/player/dashjs/index.html (128)
[155:155:0108/160412.171682:INFO:CONSOLE(128)] "currentLatencynow: 8.334", source: file:///home/seluser/ppt/player/dashjs/index.html (128)
[155:155:0108/160413.171739:INFO:CONSOLE(128)] "currentLatencynow: 8.234", source: file:///home/seluser/ppt/player/dashjs/index.html (128)
[155:155:0108/160414.171411:INFO:CONSOLE(128)] "currentLatencynow: 8.134", source: file:///home/seluser/ppt/player/dashjs/index.html (128)
[155:155:0108/160415.171348:INFO:CONSOLE(128)] "currentLatencynow: 8.087", source: file:///home/seluser/ppt/player/dashjs/index.html (128)
[155:155:0108/160416.171441:INFO:CONSOLE(128)] "currentLatencynow: 8.087", source: file:///home/seluser/ppt/player/dashjs/index.html (128)
[155:155:0108/160417.171493:INFO:CONSOLE(128)] "currentLatencynow: 8.009", source: file:///home/seluser/ppt/player/dashjs/index.html (128)
[155:155:0108/160418.171404:INFO:CONSOLE(128)] "currentLatencynow: 7.909", source: file:///home/seluser/ppt/player/dashjs/index.html (128)
[155:155:0108/160419.171654:INFO:CONSOLE(128)] "currentLatencynow: 7.809", source: file:///home/seluser/ppt/player/dashjs/index.html (128)
[155:155:0108/160420.171407:INFO:CONSOLE(128)] "currentLatencynow: 7.712", source: file:///home/seluser/ppt/player/dashjs/index.html (128)
[155:155:0108/160421.171338:INFO:CONSOLE(128)] "currentLatencynow: 7.712", source: file:///home/seluser/ppt/player/dashjs/index.html (128)
[155:155:0108/160422.171309:INFO:CONSOLE(128)] "currentLatencynow: 7.712", source: file:///home/seluser/ppt/player/dashjs/index.html (128)
[155:155:0108/160423.171311:INFO:CONSOLE(128)] "currentLatencynow: 7.712", source: file:///home/seluser/ppt/player/dashjs/index.html (128)
[155:155:0108/160424.171321:INFO:CONSOLE(128)] "currentLatencynow: 7.711", source: file:///home/seluser/ppt/player/dashjs/index.html (128)
[155:155:0108/160425.171528:INFO:CONSOLE(128)] "currentLatencynow: 7.711", source: file:///home/seluser/ppt/player/dashjs/index.html (128)
[155:155:0108/160426.171572:INFO:CONSOLE(128)] "currentLatencynow: 7.712", source: file:///home/seluser/ppt/player/dashjs/index.html (128)
[155:155:0108/160427.171358:INFO:CONSOLE(128)] "currentLatencynow: 7.712", source: file:///home/seluser/ppt/player/dashjs/index.html (128)
[155:155:0108/160428.171418:INFO:CONSOLE(128)] "currentLatencynow: 7.712", source: file:///home/seluser/ppt/player/dashjs/index.html (128)
[155:155:0108/160429.171465:INFO:CONSOLE(128)] "currentLatencynow: 7.712", source: file:///home/seluser/ppt/player/dashjs/index.html (128)
[155:155:0108/160430.171451:INFO:CONSOLE(128)] "currentLatencynow: 7.712", source: file:///home/seluser/ppt/player/dashjs/index.html (128)
[155:155:0108/160431.171369:INFO:CONSOLE(128)] "currentLatencynow: 7.633", source: file:///home/seluser/ppt/player/dashjs/index.html (128)
[155:155:0108/160432.172274:INFO:CONSOLE(128)] "currentLatencynow: 7.532", source: file:///home/seluser/ppt/player/dashjs/index.html (128)
[155:155:0108/160433.171379:INFO:CONSOLE(128)] "currentLatencynow: 7.433", source: file:///home/seluser/ppt/player/dashjs/index.html (128)
[155:155:0108/160434.171389:INFO:CONSOLE(128)] "currentLatencynow: 7.333", source: file:///home/seluser/ppt/player/dashjs/index.html (128)
[155:155:0108/160435.171483:INFO:CONSOLE(128)] "currentLatencynow: 7.233", source: file:///home/seluser/ppt/player/dashjs/index.html (128)
[155:155:0108/160436.171392:INFO:CONSOLE(114)] "Begin Player stistics 
", source: file:///home/seluser/ppt/player/dashjs/index.html (114)
[155:155:0108/160436.171635:INFO:CONSOLE(115)] "["stall",[["2.23","8.87",6.639999999999999]],[["66.69","66.94",0.25]],[["86.57","86.82",0.25]],[["availibleBW",[null],[null],[null],[null],[null],[null],[null],[null],[396],[396],[691],[790],[839],[987],[988],[988],[987],[987],[988],[987],[987],[1111],[1234],[1234],[1357],[1357],[1604],[1603],[1603],[1603],[1603],[1847],[1847],[1847],[1969],[2215],[2215],[2216],[2216],[2373],[2525],[2525],[2677],[2677],[2833],[2833],[2834],[2837],[2837],[2839],[2993],[2993],[3143],[3296],[3296],[3450],[3450],[3449],[3449],[3454],[3454],[3610],[3610],[3610],[3610],[3764],[3917],[4075],[4226],[4384],[4543],[4686],[4674],[4674],[4660],[4660],[4660],[4672],[4676],[4838],[4838],[4989],[5140],[5140],[5140],[5297],[5295],[5295],[5294],[5455],[5455],[5608],[5764],[5764],[5917],[5912],[5912],[5914],[5913],[5913],[6070],[6070],[6226],[6226],[6378],[6378],[6535],[6534],[6534],[6532],[6679],[6679],[6830],[6985],[7136],[7141],[7144],[7144],[7147]]],[["currentBuffer",[0],[0],[0],[0],[0],[0],[0],[0],[0.074],[0],[0.077],[1.079],[2.064],[2.966],[3.826],[2.768],[3.67],[2.57],[3.472],[4.374],[3.274],[4.176],[5.078],[3.978],[4.88],[3.78],[4.682],[5.584],[4.484],[5.386],[4.286],[7.136],[6.09],[4.99],[3.89],[2.748],[1.69],[0.59],[0],[0.534],[1.536],[0.536],[1.495],[0.538],[1.54],[0.54],[1.5],[2.375],[1.302],[2.162],[1.104],[0.021],[1.023],[2.025],[0.932],[1.834],[0.734],[1.661],[0.561],[1.489],[0.389],[1.359],[0.359],[0],[0],[0],[0],[0.438],[1.515],[0.465],[1.617],[4.466],[5.423],[4.323],[5.225],[5.997],[5.027],[5.929],[4.829],[3.536],[2.629],[1.454],[0.299],[0],[0],[0],[0.347],[0],[0.349],[1.351],[0.351],[1.189],[2.187],[1.087],[1.989],[2.891],[1.791],[0.691],[1.548],[0.636],[1.57],[0.47],[1.372],[0.272],[1.266],[0.266],[1.258],[0.268],[0],[0.27],[1.177],[0.235],[1.187],[0.274],[1.208],[2.11],[3.012],[1.912],[2.814]]],[["currentLatency",[0],[6.175],[7.175],[8.175],[9.175],[10.175],[11.175],[12.174],[12.672],[12.672],[12.672],[12.672],[12.649],[12.549],[12.449],[12.349],[12.249],[12.149],[12.049],[11.949],[11.849],[11.749],[11.649],[11.549],[11.449],[11.349],[11.249],[11.149],[11.049],[10.949],[10.849],[10.749],[10.649],[10.549],[10.449],[10.349],[10.249],[10.149],[10.097],[10.098],[10.097],[10.097],[10.097],[10.097],[10.097],[10.097],[10.049],[9.949],[9.849],[9.749],[9.649],[9.573],[9.572],[9.571],[9.473],[9.373],[9.273],[9.199],[9.099],[9.024],[8.924],[8.898],[8.899],[8.898],[8.898],[8.898],[9.635],[9.986],[9.986],[9.986],[9.944],[9.844],[9.744],[9.644],[9.544],[9.444],[9.344],[9.244],[9.144],[9.045],[8.944],[8.845],[8.748],[8.749],[8.748],[8.748],[8.812],[8.813],[8.813],[8.813],[8.812],[8.734],[8.636],[8.534],[8.434],[8.334],[8.234],[8.134],[8.087],[8.087],[8.009],[7.909],[7.809],[7.712],[7.712],[7.712],[7.712],[7.711],[7.711],[7.712],[7.712],[7.712],[7.712],[7.712],[7.633],[7.532],[7.433],[7.333],[7.233]]]]", source: file:///home/seluser/ppt/player/dashjs/index.html (115)
[155:155:0108/160436.171794:INFO:CONSOLE(116)] "
", source: file:///home/seluser/ppt/player/dashjs/index.html (116)
[155:155:0108/160436.171887:INFO:CONSOLE(117)] "Finish Player stistics 
", source: file:///home/seluser/ppt/player/dashjs/index.html (117)
[155:155:0108/160436.171923:INFO:CONSOLE(128)] "currentLatencynow: 7.133", source: file:///home/seluser/ppt/player/dashjs/index.html (128)
[155:155:0108/160437.171485:INFO:CONSOLE(128)] "currentLatencynow: 7.033", source: file:///home/seluser/ppt/player/dashjs/index.html (128)
[155:155:0108/160438.171328:INFO:CONSOLE(128)] "currentLatencynow: 6.933", source: file:///home/seluser/ppt/player/dashjs/index.html (128)
[155:155:0108/160439.171405:INFO:CONSOLE(128)] "currentLatencynow: 6.833", source: file:///home/seluser/ppt/player/dashjs/index.html (128)
[155:155:0108/160440.171501:INFO:CONSOLE(128)] "currentLatencynow: 6.733", source: file:///home/seluser/ppt/player/dashjs/index.html (128)
[155:155:0108/160441.171335:INFO:CONSOLE(128)] "currentLatencynow: 6.633", source: file:///home/seluser/ppt/player/dashjs/index.html (128)
[155:155:0108/160442.171480:INFO:CONSOLE(128)] "currentLatencynow: 6.533", source: file:///home/seluser/ppt/player/dashjs/index.html (128)
[155:155:0108/160443.171435:INFO:CONSOLE(128)] "currentLatencynow: 6.462", source: file:///home/seluser/ppt/player/dashjs/index.html (128)
[155:155:0108/160444.171160:INFO:CONSOLE(128)] "currentLatencynow: 6.461", source: file:///home/seluser/ppt/player/dashjs/index.html (128)
[155:155:0108/160445.171065:INFO:CONSOLE(128)] "currentLatencynow: 6.461", source: file:///home/seluser/ppt/player/dashjs/index.html (128)
[155:155:0108/160446.171129:INFO:CONSOLE(128)] "currentLatencynow: 6.461", source: file:///home/seluser/ppt/player/dashjs/index.html (128)
[155:155:0108/160447.171071:INFO:CONSOLE(128)] "currentLatencynow: 6.461", source: file:///home/seluser/ppt/player/dashjs/index.html (128)
[155:155:0108/160448.171120:INFO:CONSOLE(128)] "currentLatencynow: 7.394", source: file:///home/seluser/ppt/player/dashjs/index.html (128)
[155:155:0108/160449.171051:INFO:CONSOLE(128)] "currentLatencynow: 8.394", source: file:///home/seluser/ppt/player/dashjs/index.html (128)
[155:155:0108/160450.171027:INFO:CONSOLE(128)] "currentLatencynow: 9.394", source: file:///home/seluser/ppt/player/dashjs/index.html (128)
[155:155:0108/160451.171234:INFO:CONSOLE(128)] "currentLatencynow: 10.394", source: file:///home/seluser/ppt/player/dashjs/index.html (128)
[155:155:0108/160452.171100:INFO:CONSOLE(128)] "currentLatencynow: 11.394", source: file:///home/seluser/ppt/player/dashjs/index.html (128)
[155:155:0108/160453.171086:INFO:CONSOLE(128)] "currentLatencynow: 12.394", source: file:///home/seluser/ppt/player/dashjs/index.html (128)
[155:155:0108/160454.171063:INFO:CONSOLE(128)] "currentLatencynow: 13.394", source: file:///home/seluser/ppt/player/dashjs/index.html (128)
[155:155:0108/160455.171064:INFO:CONSOLE(128)] "currentLatencynow: 14.394", source: file:///home/seluser/ppt/player/dashjs/index.html (128)
[155:155:0108/160456.171061:INFO:CONSOLE(128)] "currentLatencynow: 15.394", source: file:///home/seluser/ppt/player/dashjs/index.html (128)
[155:155:0108/160456.422510:WARNING:pref_notifier_impl.cc(40)] Pref observer for media_router.cast_allow_all_ips found at shutdown.
