[155:219:0108/160752.701815:ERROR:bus.cc(392)] Failed to connect to the bus: Failed to connect to socket /var/run/dbus/system_bus_socket: No such file or directory
[155:182:0108/160752.704652:ERROR:bus.cc(392)] Failed to connect to the bus: Address does not contain a colon
[155:182:0108/160752.704718:ERROR:bus.cc(392)] Failed to connect to the bus: Address does not contain a colon
[155:182:0108/160752.726984:ERROR:bus.cc(392)] Failed to connect to the bus: Address does not contain a colon
[155:182:0108/160752.727045:ERROR:bus.cc(392)] Failed to connect to the bus: Address does not contain a colon
[226:226:0108/160752.730223:ERROR:gpu_init.cc(453)] Passthrough is not supported, GL is swiftshader, ANGLE is 
[155:182:0108/160752.753586:ERROR:bus.cc(392)] Failed to connect to the bus: Address does not contain a colon
[155:182:0108/160752.753810:ERROR:bus.cc(392)] Failed to connect to the bus: Address does not contain a colon
[155:313:0108/160752.909125:ERROR:bus.cc(392)] Failed to connect to the bus: Failed to connect to socket /var/run/dbus/system_bus_socket: No such file or directory
[155:313:0108/160752.909220:ERROR:bus.cc(392)] Failed to connect to the bus: Failed to connect to socket /var/run/dbus/system_bus_socket: No such file or directory
[155:313:0108/160752.909307:ERROR:bus.cc(392)] Failed to connect to the bus: Failed to connect to socket /var/run/dbus/system_bus_socket: No such file or directory
[155:313:0108/160752.909335:WARNING:property.cc(144)] DaemonVersion: GetAndBlock: failed.
[155:313:0108/160752.909386:ERROR:bus.cc(392)] Failed to connect to the bus: Failed to connect to socket /var/run/dbus/system_bus_socket: No such file or directory
[155:313:0108/160752.909491:ERROR:bus.cc(392)] Failed to connect to the bus: Failed to connect to socket /var/run/dbus/system_bus_socket: No such file or directory
[227:254:0108/160753.487688:WARNING:spdy_session.cc(3518)] Received HEADERS for invalid stream 1
[155:155:0108/160754.977990:INFO:CONSOLE(128)] "currentLatencynow: NaN", source: file:///home/seluser/ppt/player/dashjs/index.html (128)
[155:155:0108/160755.976839:INFO:CONSOLE(128)] "currentLatencynow: 0", source: file:///home/seluser/ppt/player/dashjs/index.html (128)
[351:351:0108/160756.145513:WARNING:audio_manager_linux.cc(69)] Falling back to ALSA for audio output. PulseAudio is not available or could not be initialized.
[155:244:0108/160756.149466:ERROR:chrome_browser_main_extra_parts_metrics.cc(228)] crbug.com/1216328: Checking Bluetooth availability started. Please report if there is no report that this ends.
[155:244:0108/160756.149600:ERROR:chrome_browser_main_extra_parts_metrics.cc(231)] crbug.com/1216328: Checking Bluetooth availability ended.
[155:244:0108/160756.149614:ERROR:chrome_browser_main_extra_parts_metrics.cc(234)] crbug.com/1216328: Checking default browser status started. Please report if there is no report that this ends.
[351:351:0108/160756.188524:ERROR:alsa_util.cc(204)] PcmOpen: default,No such file or directory
[351:351:0108/160756.188852:ERROR:alsa_util.cc(204)] PcmOpen: plug:default,No such file or directory
[155:244:0108/160756.466097:ERROR:chrome_browser_main_extra_parts_metrics.cc(238)] crbug.com/1216328: Checking default browser status ended.
[155:155:0108/160756.976758:INFO:CONSOLE(128)] "currentLatencynow: 6.989", source: file:///home/seluser/ppt/player/dashjs/index.html (128)
[155:155:0108/160757.977201:INFO:CONSOLE(128)] "currentLatencynow: 7.989", source: file:///home/seluser/ppt/player/dashjs/index.html (128)
[155:155:0108/160758.977479:INFO:CONSOLE(128)] "currentLatencynow: 8.989", source: file:///home/seluser/ppt/player/dashjs/index.html (128)
[155:155:0108/160759.979863:INFO:CONSOLE(128)] "currentLatencynow: 9.991", source: file:///home/seluser/ppt/player/dashjs/index.html (128)
[155:182:0108/160800.547780:ERROR:bus.cc(392)] Failed to connect to the bus: Address does not contain a colon
[155:182:0108/160800.547903:ERROR:bus.cc(392)] Failed to connect to the bus: Address does not contain a colon
[155:182:0108/160800.548081:ERROR:bus.cc(392)] Failed to connect to the bus: Address does not contain a colon
[155:182:0108/160800.548159:ERROR:bus.cc(392)] Failed to connect to the bus: Address does not contain a colon
[155:182:0108/160800.548182:ERROR:bus.cc(392)] Failed to connect to the bus: Address does not contain a colon
[155:182:0108/160800.548204:ERROR:bus.cc(392)] Failed to connect to the bus: Address does not contain a colon
[155:182:0108/160800.549730:ERROR:bus.cc(392)] Failed to connect to the bus: Address does not contain a colon
[155:182:0108/160800.549772:ERROR:bus.cc(392)] Failed to connect to the bus: Address does not contain a colon
[155:182:0108/160800.549800:ERROR:bus.cc(392)] Failed to connect to the bus: Address does not contain a colon
[155:182:0108/160800.549825:ERROR:bus.cc(392)] Failed to connect to the bus: Address does not contain a colon
[155:182:0108/160800.549834:ERROR:bus.cc(392)] Failed to connect to the bus: Address does not contain a colon
[155:182:0108/160800.549859:ERROR:bus.cc(392)] Failed to connect to the bus: Address does not contain a colon
[155:182:0108/160800.550053:ERROR:bus.cc(392)] Failed to connect to the bus: Address does not contain a colon
[155:182:0108/160800.550193:ERROR:bus.cc(392)] Failed to connect to the bus: Address does not contain a colon
[155:182:0108/160800.559202:ERROR:bus.cc(392)] Failed to connect to the bus: Address does not contain a colon
[155:182:0108/160800.559268:ERROR:bus.cc(392)] Failed to connect to the bus: Address does not contain a colon
[155:182:0108/160800.559282:ERROR:bus.cc(392)] Failed to connect to the bus: Address does not contain a colon
[155:182:0108/160800.636182:ERROR:bus.cc(392)] Failed to connect to the bus: Address does not contain a colon
[155:182:0108/160800.636282:ERROR:bus.cc(392)] Failed to connect to the bus: Address does not contain a colon
[155:155:0108/160800.976719:INFO:CONSOLE(128)] "currentLatencynow: 10.641", source: file:///home/seluser/ppt/player/dashjs/index.html (128)
[155:155:0108/160801.977511:INFO:CONSOLE(128)] "currentLatencynow: 10.64", source: file:///home/seluser/ppt/player/dashjs/index.html (128)
[155:155:0108/160802.976459:INFO:CONSOLE(128)] "currentLatencynow: 10.641", source: file:///home/seluser/ppt/player/dashjs/index.html (128)
[155:155:0108/160803.976597:INFO:CONSOLE(128)] "currentLatencynow: 11.258", source: file:///home/seluser/ppt/player/dashjs/index.html (128)
[155:155:0108/160804.976526:INFO:CONSOLE(128)] "currentLatencynow: 12.258", source: file:///home/seluser/ppt/player/dashjs/index.html (128)
[155:182:0108/160805.846649:ERROR:bus.cc(392)] Failed to connect to the bus: Address does not contain a colon
[155:182:0108/160805.846726:ERROR:bus.cc(392)] Failed to connect to the bus: Address does not contain a colon
[155:155:0108/160805.976615:INFO:CONSOLE(128)] "currentLatencynow: 13.027", source: file:///home/seluser/ppt/player/dashjs/index.html (128)
[155:155:0108/160806.976709:INFO:CONSOLE(128)] "currentLatencynow: 12.927", source: file:///home/seluser/ppt/player/dashjs/index.html (128)
[155:155:0108/160807.976525:INFO:CONSOLE(128)] "currentLatencynow: 12.84", source: file:///home/seluser/ppt/player/dashjs/index.html (128)
[155:155:0108/160808.977060:INFO:CONSOLE(128)] "currentLatencynow: 12.743", source: file:///home/seluser/ppt/player/dashjs/index.html (128)
[155:155:0108/160809.976612:INFO:CONSOLE(128)] "currentLatencynow: 12.64", source: file:///home/seluser/ppt/player/dashjs/index.html (128)
[155:155:0108/160810.976669:INFO:CONSOLE(128)] "currentLatencynow: 12.54", source: file:///home/seluser/ppt/player/dashjs/index.html (128)
[155:155:0108/160811.976599:INFO:CONSOLE(128)] "currentLatencynow: 12.44", source: file:///home/seluser/ppt/player/dashjs/index.html (128)
[155:155:0108/160812.976619:INFO:CONSOLE(128)] "currentLatencynow: 12.34", source: file:///home/seluser/ppt/player/dashjs/index.html (128)
[155:155:0108/160813.977050:INFO:CONSOLE(128)] "currentLatencynow: 12.24", source: file:///home/seluser/ppt/player/dashjs/index.html (128)
[155:155:0108/160814.976843:INFO:CONSOLE(128)] "currentLatencynow: 12.14", source: file:///home/seluser/ppt/player/dashjs/index.html (128)
[155:155:0108/160815.976437:INFO:CONSOLE(128)] "currentLatencynow: 12.04", source: file:///home/seluser/ppt/player/dashjs/index.html (128)
[155:155:0108/160816.977104:INFO:CONSOLE(128)] "currentLatencynow: 11.94", source: file:///home/seluser/ppt/player/dashjs/index.html (128)
[155:155:0108/160817.976645:INFO:CONSOLE(128)] "currentLatencynow: 11.84", source: file:///home/seluser/ppt/player/dashjs/index.html (128)
[155:155:0108/160818.976343:INFO:CONSOLE(128)] "currentLatencynow: 11.74", source: file:///home/seluser/ppt/player/dashjs/index.html (128)
[155:155:0108/160819.977328:INFO:CONSOLE(128)] "currentLatencynow: 11.639", source: file:///home/seluser/ppt/player/dashjs/index.html (128)
[155:155:0108/160820.977069:INFO:CONSOLE(128)] "currentLatencynow: 11.54", source: file:///home/seluser/ppt/player/dashjs/index.html (128)
[155:155:0108/160821.976711:INFO:CONSOLE(128)] "currentLatencynow: 11.44", source: file:///home/seluser/ppt/player/dashjs/index.html (128)
[155:155:0108/160822.977443:INFO:CONSOLE(128)] "currentLatencynow: 11.34", source: file:///home/seluser/ppt/player/dashjs/index.html (128)
[155:155:0108/160823.976635:INFO:CONSOLE(128)] "currentLatencynow: 11.24", source: file:///home/seluser/ppt/player/dashjs/index.html (128)
[155:155:0108/160824.976995:INFO:CONSOLE(128)] "currentLatencynow: 11.141", source: file:///home/seluser/ppt/player/dashjs/index.html (128)
[155:155:0108/160825.976469:INFO:CONSOLE(128)] "currentLatencynow: 11.042", source: file:///home/seluser/ppt/player/dashjs/index.html (128)
[155:155:0108/160826.976715:INFO:CONSOLE(128)] "currentLatencynow: 10.94", source: file:///home/seluser/ppt/player/dashjs/index.html (128)
[155:155:0108/160827.976502:INFO:CONSOLE(128)] "currentLatencynow: 10.84", source: file:///home/seluser/ppt/player/dashjs/index.html (128)
[155:155:0108/160828.976543:INFO:CONSOLE(128)] "currentLatencynow: 10.74", source: file:///home/seluser/ppt/player/dashjs/index.html (128)
[155:155:0108/160829.976424:INFO:CONSOLE(128)] "currentLatencynow: 10.64", source: file:///home/seluser/ppt/player/dashjs/index.html (128)
[155:155:0108/160830.976381:INFO:CONSOLE(128)] "currentLatencynow: 10.54", source: file:///home/seluser/ppt/player/dashjs/index.html (128)
[155:155:0108/160831.976647:INFO:CONSOLE(128)] "currentLatencynow: 10.44", source: file:///home/seluser/ppt/player/dashjs/index.html (128)
[155:155:0108/160832.976551:INFO:CONSOLE(128)] "currentLatencynow: 10.34", source: file:///home/seluser/ppt/player/dashjs/index.html (128)
[155:155:0108/160833.978253:INFO:CONSOLE(128)] "currentLatencynow: 10.24", source: file:///home/seluser/ppt/player/dashjs/index.html (128)
[155:155:0108/160834.976461:INFO:CONSOLE(128)] "currentLatencynow: 10.144", source: file:///home/seluser/ppt/player/dashjs/index.html (128)
[155:155:0108/160835.976638:INFO:CONSOLE(128)] "currentLatencynow: 10.065", source: file:///home/seluser/ppt/player/dashjs/index.html (128)
[155:155:0108/160836.976622:INFO:CONSOLE(128)] "currentLatencynow: 9.991", source: file:///home/seluser/ppt/player/dashjs/index.html (128)
[155:155:0108/160837.976335:INFO:CONSOLE(128)] "currentLatencynow: 9.891", source: file:///home/seluser/ppt/player/dashjs/index.html (128)
[155:155:0108/160838.976494:INFO:CONSOLE(128)] "currentLatencynow: 9.817", source: file:///home/seluser/ppt/player/dashjs/index.html (128)
[155:155:0108/160839.976526:INFO:CONSOLE(128)] "currentLatencynow: 9.717", source: file:///home/seluser/ppt/player/dashjs/index.html (128)
[155:155:0108/160840.976339:INFO:CONSOLE(128)] "currentLatencynow: 9.675", source: file:///home/seluser/ppt/player/dashjs/index.html (128)
[155:155:0108/160841.977244:INFO:CONSOLE(128)] "currentLatencynow: 9.671", source: file:///home/seluser/ppt/player/dashjs/index.html (128)
[155:155:0108/160842.976590:INFO:CONSOLE(128)] "currentLatencynow: 9.738", source: file:///home/seluser/ppt/player/dashjs/index.html (128)
[155:155:0108/160843.977172:INFO:CONSOLE(128)] "currentLatencynow: 9.738", source: file:///home/seluser/ppt/player/dashjs/index.html (128)
[155:155:0108/160844.977634:INFO:CONSOLE(128)] "currentLatencynow: 9.701", source: file:///home/seluser/ppt/player/dashjs/index.html (128)
[155:155:0108/160845.979981:INFO:CONSOLE(128)] "currentLatencynow: 9.6", source: file:///home/seluser/ppt/player/dashjs/index.html (128)
[155:155:0108/160846.977629:INFO:CONSOLE(128)] "currentLatencynow: 9.526", source: file:///home/seluser/ppt/player/dashjs/index.html (128)
[155:155:0108/160847.977134:INFO:CONSOLE(128)] "currentLatencynow: 9.426", source: file:///home/seluser/ppt/player/dashjs/index.html (128)
[155:155:0108/160848.977394:INFO:CONSOLE(128)] "currentLatencynow: 9.346", source: file:///home/seluser/ppt/player/dashjs/index.html (128)
[155:155:0108/160849.977059:INFO:CONSOLE(128)] "currentLatencynow: 9.239", source: file:///home/seluser/ppt/player/dashjs/index.html (128)
[155:155:0108/160850.977091:INFO:CONSOLE(128)] "currentLatencynow: 9.152", source: file:///home/seluser/ppt/player/dashjs/index.html (128)
[155:155:0108/160851.977125:INFO:CONSOLE(128)] "currentLatencynow: 9.064", source: file:///home/seluser/ppt/player/dashjs/index.html (128)
[155:155:0108/160852.977122:INFO:CONSOLE(128)] "currentLatencynow: 9.064", source: file:///home/seluser/ppt/player/dashjs/index.html (128)
[155:155:0108/160853.977025:INFO:CONSOLE(128)] "currentLatencynow: 9.064", source: file:///home/seluser/ppt/player/dashjs/index.html (128)
[155:155:0108/160854.977049:INFO:CONSOLE(128)] "currentLatencynow: 9.328", source: file:///home/seluser/ppt/player/dashjs/index.html (128)
[155:155:0108/160855.979473:INFO:CONSOLE(128)] "currentLatencynow: 9.33", source: file:///home/seluser/ppt/player/dashjs/index.html (128)
[155:155:0108/160856.977110:INFO:CONSOLE(128)] "currentLatencynow: 9.328", source: file:///home/seluser/ppt/player/dashjs/index.html (128)
[155:155:0108/160857.977063:INFO:CONSOLE(128)] "currentLatencynow: 9.329", source: file:///home/seluser/ppt/player/dashjs/index.html (128)
[155:155:0108/160858.977392:INFO:CONSOLE(128)] "currentLatencynow: 9.992", source: file:///home/seluser/ppt/player/dashjs/index.html (128)
[155:155:0108/160859.976999:INFO:CONSOLE(128)] "currentLatencynow: 10.991", source: file:///home/seluser/ppt/player/dashjs/index.html (128)
[155:155:0108/160900.977448:INFO:CONSOLE(128)] "currentLatencynow: 11.283", source: file:///home/seluser/ppt/player/dashjs/index.html (128)
[155:155:0108/160901.977511:INFO:CONSOLE(128)] "currentLatencynow: 11.182", source: file:///home/seluser/ppt/player/dashjs/index.html (128)
[155:155:0108/160902.977171:INFO:CONSOLE(128)] "currentLatencynow: 11.083", source: file:///home/seluser/ppt/player/dashjs/index.html (128)
[155:155:0108/160903.979029:INFO:CONSOLE(128)] "currentLatencynow: 10.987", source: file:///home/seluser/ppt/player/dashjs/index.html (128)
[155:155:0108/160904.977037:INFO:CONSOLE(128)] "currentLatencynow: 10.883", source: file:///home/seluser/ppt/player/dashjs/index.html (128)
[155:155:0108/160905.977549:INFO:CONSOLE(128)] "currentLatencynow: 10.783", source: file:///home/seluser/ppt/player/dashjs/index.html (128)
[155:155:0108/160906.977588:INFO:CONSOLE(128)] "currentLatencynow: 10.683", source: file:///home/seluser/ppt/player/dashjs/index.html (128)
[155:155:0108/160907.977169:INFO:CONSOLE(128)] "currentLatencynow: 10.582", source: file:///home/seluser/ppt/player/dashjs/index.html (128)
[155:155:0108/160908.977269:INFO:CONSOLE(128)] "currentLatencynow: 10.483", source: file:///home/seluser/ppt/player/dashjs/index.html (128)
[155:155:0108/160909.977652:INFO:CONSOLE(128)] "currentLatencynow: 10.409", source: file:///home/seluser/ppt/player/dashjs/index.html (128)
[155:155:0108/160910.977190:INFO:CONSOLE(128)] "currentLatencynow: 10.308", source: file:///home/seluser/ppt/player/dashjs/index.html (128)
[155:155:0108/160911.977138:INFO:CONSOLE(128)] "currentLatencynow: 10.209", source: file:///home/seluser/ppt/player/dashjs/index.html (128)
[155:155:0108/160912.977270:INFO:CONSOLE(128)] "currentLatencynow: 10.117", source: file:///home/seluser/ppt/player/dashjs/index.html (128)
[155:155:0108/160913.975992:INFO:CONSOLE(128)] "currentLatencynow: 10.033", source: file:///home/seluser/ppt/player/dashjs/index.html (128)
[155:155:0108/160914.976347:INFO:CONSOLE(128)] "currentLatencynow: 9.967", source: file:///home/seluser/ppt/player/dashjs/index.html (128)
[155:155:0108/160915.977693:INFO:CONSOLE(128)] "currentLatencynow: 10.928", source: file:///home/seluser/ppt/player/dashjs/index.html (128)
[155:155:0108/160916.977067:INFO:CONSOLE(128)] "currentLatencynow: 11.926", source: file:///home/seluser/ppt/player/dashjs/index.html (128)
[155:155:0108/160917.976005:INFO:CONSOLE(128)] "currentLatencynow: 12.926", source: file:///home/seluser/ppt/player/dashjs/index.html (128)
[155:182:0108/160918.192422:ERROR:bus.cc(392)] Failed to connect to the bus: Address does not contain a colon
[155:182:0108/160918.192482:ERROR:bus.cc(392)] Failed to connect to the bus: Address does not contain a colon
[155:155:0108/160918.976432:INFO:CONSOLE(128)] "currentLatencynow: 12.992", source: file:///home/seluser/ppt/player/dashjs/index.html (128)
[155:155:0108/160919.976702:INFO:CONSOLE(128)] "currentLatencynow: 12.893", source: file:///home/seluser/ppt/player/dashjs/index.html (128)
[155:155:0108/160920.976000:INFO:CONSOLE(128)] "currentLatencynow: 12.795", source: file:///home/seluser/ppt/player/dashjs/index.html (128)
[155:155:0108/160921.976161:INFO:CONSOLE(128)] "currentLatencynow: 12.692", source: file:///home/seluser/ppt/player/dashjs/index.html (128)
[155:155:0108/160922.975857:INFO:CONSOLE(128)] "currentLatencynow: 12.593", source: file:///home/seluser/ppt/player/dashjs/index.html (128)
[155:155:0108/160923.975830:INFO:CONSOLE(128)] "currentLatencynow: 12.494", source: file:///home/seluser/ppt/player/dashjs/index.html (128)
[155:155:0108/160924.976303:INFO:CONSOLE(128)] "currentLatencynow: 12.395", source: file:///home/seluser/ppt/player/dashjs/index.html (128)
[155:155:0108/160925.975866:INFO:CONSOLE(128)] "currentLatencynow: 12.292", source: file:///home/seluser/ppt/player/dashjs/index.html (128)
[155:155:0108/160926.975881:INFO:CONSOLE(128)] "currentLatencynow: 12.192", source: file:///home/seluser/ppt/player/dashjs/index.html (128)
[155:155:0108/160927.978137:INFO:CONSOLE(128)] "currentLatencynow: 12.093", source: file:///home/seluser/ppt/player/dashjs/index.html (128)
[155:155:0108/160928.976828:INFO:CONSOLE(128)] "currentLatencynow: 11.993", source: file:///home/seluser/ppt/player/dashjs/index.html (128)
[155:155:0108/160929.976275:INFO:CONSOLE(128)] "currentLatencynow: 11.894", source: file:///home/seluser/ppt/player/dashjs/index.html (128)
[155:155:0108/160930.977192:INFO:CONSOLE(128)] "currentLatencynow: 11.794", source: file:///home/seluser/ppt/player/dashjs/index.html (128)
[155:155:0108/160931.976008:INFO:CONSOLE(128)] "currentLatencynow: 11.692", source: file:///home/seluser/ppt/player/dashjs/index.html (128)
[155:155:0108/160932.975782:INFO:CONSOLE(128)] "currentLatencynow: 11.593", source: file:///home/seluser/ppt/player/dashjs/index.html (128)
[155:155:0108/160933.975763:INFO:CONSOLE(128)] "currentLatencynow: 11.492", source: file:///home/seluser/ppt/player/dashjs/index.html (128)
[155:155:0108/160934.976696:INFO:CONSOLE(128)] "currentLatencynow: 11.394", source: file:///home/seluser/ppt/player/dashjs/index.html (128)
[155:155:0108/160935.976045:INFO:CONSOLE(128)] "currentLatencynow: 11.294", source: file:///home/seluser/ppt/player/dashjs/index.html (128)
[155:155:0108/160936.976438:INFO:CONSOLE(128)] "currentLatencynow: 11.193", source: file:///home/seluser/ppt/player/dashjs/index.html (128)
[155:155:0108/160937.975836:INFO:CONSOLE(128)] "currentLatencynow: 11.092", source: file:///home/seluser/ppt/player/dashjs/index.html (128)
[155:155:0108/160938.975853:INFO:CONSOLE(128)] "currentLatencynow: 10.992", source: file:///home/seluser/ppt/player/dashjs/index.html (128)
[155:155:0108/160939.975855:INFO:CONSOLE(128)] "currentLatencynow: 10.892", source: file:///home/seluser/ppt/player/dashjs/index.html (128)
[155:155:0108/160940.975855:INFO:CONSOLE(128)] "currentLatencynow: 10.792", source: file:///home/seluser/ppt/player/dashjs/index.html (128)
[155:155:0108/160941.975860:INFO:CONSOLE(128)] "currentLatencynow: 10.73", source: file:///home/seluser/ppt/player/dashjs/index.html (128)
[155:155:0108/160942.976089:INFO:CONSOLE(128)] "currentLatencynow: 10.73", source: file:///home/seluser/ppt/player/dashjs/index.html (128)
[155:155:0108/160943.981259:INFO:CONSOLE(128)] "currentLatencynow: 10.73", source: file:///home/seluser/ppt/player/dashjs/index.html (128)
[155:155:0108/160944.975633:INFO:CONSOLE(128)] "currentLatencynow: 11.109", source: file:///home/seluser/ppt/player/dashjs/index.html (128)
[155:155:0108/160945.975640:INFO:CONSOLE(128)] "currentLatencynow: 12.109", source: file:///home/seluser/ppt/player/dashjs/index.html (128)
[155:155:0108/160946.975728:INFO:CONSOLE(128)] "currentLatencynow: 13.109", source: file:///home/seluser/ppt/player/dashjs/index.html (128)
[155:155:0108/160947.975526:INFO:CONSOLE(128)] "currentLatencynow: 14.109", source: file:///home/seluser/ppt/player/dashjs/index.html (128)
[155:182:0108/160948.057709:ERROR:bus.cc(392)] Failed to connect to the bus: Address does not contain a colon
[155:182:0108/160948.057784:ERROR:bus.cc(392)] Failed to connect to the bus: Address does not contain a colon
[155:155:0108/160948.975704:INFO:CONSOLE(128)] "currentLatencynow: 14.144", source: file:///home/seluser/ppt/player/dashjs/index.html (128)
[155:155:0108/160949.976022:INFO:CONSOLE(128)] "currentLatencynow: 14.144", source: file:///home/seluser/ppt/player/dashjs/index.html (128)
[155:155:0108/160950.978118:INFO:CONSOLE(128)] "currentLatencynow: 14.143", source: file:///home/seluser/ppt/player/dashjs/index.html (128)
[155:155:0108/160951.975825:INFO:CONSOLE(128)] "currentLatencynow: 14.149", source: file:///home/seluser/ppt/player/dashjs/index.html (128)
[155:155:0108/160952.975735:INFO:CONSOLE(128)] "currentLatencynow: 15.105", source: file:///home/seluser/ppt/player/dashjs/index.html (128)
[155:155:0108/160953.975741:INFO:CONSOLE(114)] "Begin Player stistics 
", source: file:///home/seluser/ppt/player/dashjs/index.html (114)
[155:155:0108/160953.976021:INFO:CONSOLE(115)] "["stall",[["2.74","7.33",4.59]],[["10.14","10.39",0.25]],[["49.31","49.56",0.25]],[["60.81","61.06",0.25]],[["65.10","65.35",0.25]],[["81.80","82.05",0.25]],[["111.38","111.63",0.25]],[["118.80","119.05",0.25]],[["availibleBW",[null],[null],[null],[null],[null],[null],[371],[371],[371],[426],[426],[413],[413],[558],[644],[644],[766],[766],[987],[1110],[1110],[1232],[1232],[1349],[1349],[1594],[1588],[1588],[1588],[1586],[1586],[1718],[1841],[1841],[1841],[1967],[2222],[2222],[2222],[2212],[2328],[2328],[2475],[2475],[2636],[2636],[2774],[2774],[2818],[2818],[2974],[2974],[3108],[3271],[3271],[3429],[3429],[3429],[3381],[3381],[3545],[3545],[3640],[3640],[3772],[3772],[3967],[3967],[3978],[3978],[3978],[4075],[4075],[4221],[4221],[4284],[4363],[4363],[4338],[4338],[4516],[4516],[4741],[4741],[4955],[4955],[5213],[5213],[5167],[5167],[5324],[5324],[5463],[5463],[5714],[5714],[5692],[5692],[5692],[5534],[5504],[5391],[5391],[5734],[5734],[5734],[5734],[6052],[6052],[6199],[6199],[6199],[6419],[6419],[6468],[6468],[6468],[6433],[6433]]],[["currentBuffer",[0],[0],[0],[0],[0],[0],[0.608],[0],[0],[0.079],[0.079],[1.971],[0.879],[1.794],[2.676],[1.596],[2.498],[1.399],[2.3],[3.202],[2.102],[2.983],[1.904],[2.806],[1.706],[2.608],[3.435],[2.41],[1.31],[2.216],[1.112],[1.901],[2.916],[1.816],[0.716],[1.618],[2.444],[1.421],[0.32],[1.221],[2.015],[0.938],[1.95],[0.877],[1.795],[0.705],[1.649],[0.65],[1.749],[0.801],[1.783],[0.482],[1.614],[2.319],[1.422],[2.267],[1.242],[0.142],[1.137],[0.138],[1.404],[0.218],[1.405],[0.405],[1.87],[1.87],[3.334],[2.242],[3.144],[2.044],[0.944],[1.682],[0.746],[1.648],[0.548],[1.476],[2.362],[1.277],[2.025],[1.105],[1.874],[1.822],[3.824],[3.824],[5.001],[4.03],[4.923],[3.825],[4.725],[3.623],[4.524],[3.215],[4.33],[3.231],[4.131],[3.03],[3.922],[2.833],[1.612],[2.635],[3.54],[4.393],[3.337],[4.23],[3.141],[1.92],[0.938],[0],[0],[0],[0],[0],[0],[0],[0.194],[0],[0],[0],[0]]],[["currentLatency",[null],[0],[6.989],[7.989],[8.989],[9.991],[10.641],[10.64],[10.641],[11.258],[12.258],[13.027],[12.927],[12.84],[12.743],[12.64],[12.54],[12.44],[12.34],[12.24],[12.14],[12.04],[11.94],[11.84],[11.74],[11.639],[11.54],[11.44],[11.34],[11.24],[11.141],[11.042],[10.94],[10.84],[10.74],[10.64],[10.54],[10.44],[10.34],[10.24],[10.144],[10.065],[9.991],[9.891],[9.817],[9.717],[9.675],[9.671],[9.738],[9.738],[9.701],[9.6],[9.526],[9.426],[9.346],[9.239],[9.152],[9.064],[9.064],[9.064],[9.328],[9.33],[9.328],[9.329],[9.992],[10.991],[11.283],[11.182],[11.083],[10.987],[10.883],[10.783],[10.683],[10.582],[10.483],[10.409],[10.308],[10.209],[10.117],[10.033],[9.967],[10.928],[11.926],[12.926],[12.992],[12.893],[12.795],[12.692],[12.593],[12.494],[12.395],[12.292],[12.192],[12.093],[11.993],[11.894],[11.794],[11.692],[11.593],[11.492],[11.394],[11.294],[11.193],[11.092],[10.992],[10.892],[10.792],[10.73],[10.73],[10.73],[11.109],[12.109],[13.109],[14.109],[14.144],[14.144],[14.143],[14.149],[15.105]]]]", source: file:///home/seluser/ppt/player/dashjs/index.html (115)
[155:155:0108/160953.976223:INFO:CONSOLE(116)] "
", source: file:///home/seluser/ppt/player/dashjs/index.html (116)
[155:155:0108/160953.976576:INFO:CONSOLE(117)] "Finish Player stistics 
", source: file:///home/seluser/ppt/player/dashjs/index.html (117)
[155:155:0108/160953.976909:INFO:CONSOLE(128)] "currentLatencynow: 16.106", source: file:///home/seluser/ppt/player/dashjs/index.html (128)
[155:155:0108/160954.975675:INFO:CONSOLE(128)] "currentLatencynow: 17.105", source: file:///home/seluser/ppt/player/dashjs/index.html (128)
[155:182:0108/160955.175006:ERROR:bus.cc(392)] Failed to connect to the bus: Address does not contain a colon
[155:182:0108/160955.175424:ERROR:bus.cc(392)] Failed to connect to the bus: Address does not contain a colon
[155:155:0108/160955.975868:INFO:CONSOLE(128)] "currentLatencynow: 17.216", source: file:///home/seluser/ppt/player/dashjs/index.html (128)
[155:155:0108/160956.976500:INFO:CONSOLE(128)] "currentLatencynow: 17.216", source: file:///home/seluser/ppt/player/dashjs/index.html (128)
[155:155:0108/160957.975583:INFO:CONSOLE(128)] "currentLatencynow: 17.216", source: file:///home/seluser/ppt/player/dashjs/index.html (128)
[155:155:0108/160958.975614:INFO:CONSOLE(128)] "currentLatencynow: 17.13", source: file:///home/seluser/ppt/player/dashjs/index.html (128)
[155:155:0108/160959.975880:INFO:CONSOLE(128)] "currentLatencynow: 17.044", source: file:///home/seluser/ppt/player/dashjs/index.html (128)
[155:155:0108/161000.976470:INFO:CONSOLE(128)] "currentLatencynow: 17.041", source: file:///home/seluser/ppt/player/dashjs/index.html (128)
[155:155:0108/161001.975731:INFO:CONSOLE(128)] "currentLatencynow: 17.002", source: file:///home/seluser/ppt/player/dashjs/index.html (128)
[155:155:0108/161002.975637:INFO:CONSOLE(128)] "currentLatencynow: 16.902", source: file:///home/seluser/ppt/player/dashjs/index.html (128)
[155:155:0108/161003.975804:INFO:CONSOLE(128)] "currentLatencynow: 16.802", source: file:///home/seluser/ppt/player/dashjs/index.html (128)
[155:155:0108/161004.975858:INFO:CONSOLE(128)] "currentLatencynow: 16.702", source: file:///home/seluser/ppt/player/dashjs/index.html (128)
[155:155:0108/161005.975825:INFO:CONSOLE(128)] "currentLatencynow: 16.602", source: file:///home/seluser/ppt/player/dashjs/index.html (128)
[155:155:0108/161006.975659:INFO:CONSOLE(128)] "currentLatencynow: 16.502", source: file:///home/seluser/ppt/player/dashjs/index.html (128)
[155:155:0108/161007.975674:INFO:CONSOLE(128)] "currentLatencynow: 16.465", source: file:///home/seluser/ppt/player/dashjs/index.html (128)
[155:155:0108/161008.975667:INFO:CONSOLE(128)] "currentLatencynow: 16.465", source: file:///home/seluser/ppt/player/dashjs/index.html (128)
[155:155:0108/161009.975828:INFO:CONSOLE(128)] "currentLatencynow: 16.465", source: file:///home/seluser/ppt/player/dashjs/index.html (128)
[155:155:0108/161010.976801:INFO:CONSOLE(128)] "currentLatencynow: 16.465", source: file:///home/seluser/ppt/player/dashjs/index.html (128)
[155:155:0108/161011.975645:INFO:CONSOLE(128)] "currentLatencynow: 16.804", source: file:///home/seluser/ppt/player/dashjs/index.html (128)
[155:155:0108/161012.975642:INFO:CONSOLE(128)] "currentLatencynow: 17.804", source: file:///home/seluser/ppt/player/dashjs/index.html (128)
[155:155:0108/161013.975406:INFO:CONSOLE(128)] "currentLatencynow: 18.804", source: file:///home/seluser/ppt/player/dashjs/index.html (128)
[155:155:0108/161014.226637:WARNING:pref_notifier_impl.cc(40)] Pref observer for media_router.cast_allow_all_ips found at shutdown.
