[230:250:0130/103412.109061:ERROR:file_path_watcher_linux.cc(326)] inotify_init() failed: Too many open files (24)
[230:293:0130/103412.301666:ERROR:bus.cc(392)] Failed to connect to the bus: Failed to connect to socket /var/run/dbus/system_bus_socket: No such file or directory
[230:256:0130/103412.304244:ERROR:bus.cc(392)] Failed to connect to the bus: Address does not contain a colon
[230:256:0130/103412.304302:ERROR:bus.cc(392)] Failed to connect to the bus: Address does not contain a colon
[299:299:0130/103412.321746:ERROR:gpu_init.cc(453)] Passthrough is not supported, GL is swiftshader, ANGLE is 
[230:256:0130/103412.325439:ERROR:bus.cc(392)] Failed to connect to the bus: Address does not contain a colon
[230:256:0130/103412.327030:ERROR:bus.cc(392)] Failed to connect to the bus: Address does not contain a colon
[301:321:0130/103412.351998:ERROR:file_path_watcher_linux.cc(326)] inotify_init() failed: Too many open files (24)
[230:256:0130/103412.376269:ERROR:bus.cc(392)] Failed to connect to the bus: Address does not contain a colon
[230:256:0130/103412.376346:ERROR:bus.cc(392)] Failed to connect to the bus: Address does not contain a colon
[230:394:0130/103412.556191:ERROR:bus.cc(392)] Failed to connect to the bus: Failed to connect to socket /var/run/dbus/system_bus_socket: No such file or directory
[230:394:0130/103412.556279:ERROR:bus.cc(392)] Failed to connect to the bus: Failed to connect to socket /var/run/dbus/system_bus_socket: No such file or directory
[230:394:0130/103412.556348:ERROR:bus.cc(392)] Failed to connect to the bus: Failed to connect to socket /var/run/dbus/system_bus_socket: No such file or directory
[230:394:0130/103412.556368:WARNING:property.cc(144)] DaemonVersion: GetAndBlock: failed.
[230:394:0130/103412.556403:ERROR:bus.cc(392)] Failed to connect to the bus: Failed to connect to socket /var/run/dbus/system_bus_socket: No such file or directory
[230:394:0130/103412.556444:ERROR:bus.cc(392)] Failed to connect to the bus: Failed to connect to socket /var/run/dbus/system_bus_socket: No such file or directory
[230:230:0130/103413.979138:INFO:CONSOLE(128)] "currentLatencynow: NaN", source: file:///home/seluser/ppt/player/dashjs/index.html (128)
[230:306:0130/103414.802475:ERROR:chrome_browser_main_extra_parts_metrics.cc(228)] crbug.com/1216328: Checking Bluetooth availability started. Please report if there is no report that this ends.
[230:306:0130/103414.802525:ERROR:chrome_browser_main_extra_parts_metrics.cc(231)] crbug.com/1216328: Checking Bluetooth availability ended.
[230:306:0130/103414.802546:ERROR:chrome_browser_main_extra_parts_metrics.cc(234)] crbug.com/1216328: Checking default browser status started. Please report if there is no report that this ends.
[230:230:0130/103414.978957:INFO:CONSOLE(128)] "currentLatencynow: NaN", source: file:///home/seluser/ppt/player/dashjs/index.html (128)
[230:306:0130/103415.028979:ERROR:chrome_browser_main_extra_parts_metrics.cc(238)] crbug.com/1216328: Checking default browser status ended.
[230:230:0130/103415.980558:INFO:CONSOLE(128)] "currentLatencynow: NaN", source: file:///home/seluser/ppt/player/dashjs/index.html (128)
[230:230:0130/103416.978595:INFO:CONSOLE(128)] "currentLatencynow: NaN", source: file:///home/seluser/ppt/player/dashjs/index.html (128)
[230:230:0130/103417.979178:INFO:CONSOLE(128)] "currentLatencynow: NaN", source: file:///home/seluser/ppt/player/dashjs/index.html (128)
[230:230:0130/103418.978642:INFO:CONSOLE(128)] "currentLatencynow: NaN", source: file:///home/seluser/ppt/player/dashjs/index.html (128)
[230:230:0130/103419.978705:INFO:CONSOLE(128)] "currentLatencynow: NaN", source: file:///home/seluser/ppt/player/dashjs/index.html (128)
[230:230:0130/103420.978634:INFO:CONSOLE(128)] "currentLatencynow: NaN", source: file:///home/seluser/ppt/player/dashjs/index.html (128)
[230:230:0130/103421.978788:INFO:CONSOLE(128)] "currentLatencynow: NaN", source: file:///home/seluser/ppt/player/dashjs/index.html (128)
[230:230:0130/103422.978686:INFO:CONSOLE(128)] "currentLatencynow: 0", source: file:///home/seluser/ppt/player/dashjs/index.html (128)
[230:230:0130/103423.978844:INFO:CONSOLE(128)] "currentLatencynow: 0", source: file:///home/seluser/ppt/player/dashjs/index.html (128)
[230:230:0130/103424.978706:INFO:CONSOLE(128)] "currentLatencynow: 0", source: file:///home/seluser/ppt/player/dashjs/index.html (128)
[230:230:0130/103425.978722:INFO:CONSOLE(128)] "currentLatencynow: 0", source: file:///home/seluser/ppt/player/dashjs/index.html (128)
[230:230:0130/103426.978837:INFO:CONSOLE(128)] "currentLatencynow: 0", source: file:///home/seluser/ppt/player/dashjs/index.html (128)
[230:230:0130/103427.978726:INFO:CONSOLE(128)] "currentLatencynow: 0", source: file:///home/seluser/ppt/player/dashjs/index.html (128)
[230:230:0130/103428.978655:INFO:CONSOLE(128)] "currentLatencynow: 0", source: file:///home/seluser/ppt/player/dashjs/index.html (128)
[230:230:0130/103429.978550:INFO:CONSOLE(128)] "currentLatencynow: 0", source: file:///home/seluser/ppt/player/dashjs/index.html (128)
[230:230:0130/103430.978471:INFO:CONSOLE(128)] "currentLatencynow: 0", source: file:///home/seluser/ppt/player/dashjs/index.html (128)
[230:230:0130/103431.978601:INFO:CONSOLE(128)] "currentLatencynow: 0", source: file:///home/seluser/ppt/player/dashjs/index.html (128)
[230:230:0130/103432.978499:INFO:CONSOLE(128)] "currentLatencynow: 0", source: file:///home/seluser/ppt/player/dashjs/index.html (128)
[230:230:0130/103433.978625:INFO:CONSOLE(128)] "currentLatencynow: 0", source: file:///home/seluser/ppt/player/dashjs/index.html (128)
[230:230:0130/103434.979195:INFO:CONSOLE(128)] "currentLatencynow: 0", source: file:///home/seluser/ppt/player/dashjs/index.html (128)
[230:230:0130/103435.978597:INFO:CONSOLE(128)] "currentLatencynow: 0", source: file:///home/seluser/ppt/player/dashjs/index.html (128)
[230:230:0130/103436.978642:INFO:CONSOLE(128)] "currentLatencynow: 0", source: file:///home/seluser/ppt/player/dashjs/index.html (128)
[230:230:0130/103437.978473:INFO:CONSOLE(128)] "currentLatencynow: 0", source: file:///home/seluser/ppt/player/dashjs/index.html (128)
[230:230:0130/103438.978613:INFO:CONSOLE(128)] "currentLatencynow: 0", source: file:///home/seluser/ppt/player/dashjs/index.html (128)
[230:230:0130/103439.978587:INFO:CONSOLE(128)] "currentLatencynow: 0", source: file:///home/seluser/ppt/player/dashjs/index.html (128)
[230:230:0130/103440.978601:INFO:CONSOLE(128)] "currentLatencynow: 0", source: file:///home/seluser/ppt/player/dashjs/index.html (128)
[230:230:0130/103442.041588:INFO:CONSOLE(128)] "currentLatencynow: 0", source: file:///home/seluser/ppt/player/dashjs/index.html (128)
[230:230:0130/103442.979247:INFO:CONSOLE(128)] "currentLatencynow: 0", source: file:///home/seluser/ppt/player/dashjs/index.html (128)
[230:230:0130/103443.978828:INFO:CONSOLE(128)] "currentLatencynow: 0", source: file:///home/seluser/ppt/player/dashjs/index.html (128)
[230:230:0130/103444.978665:INFO:CONSOLE(128)] "currentLatencynow: 0", source: file:///home/seluser/ppt/player/dashjs/index.html (128)
[230:230:0130/103446.530884:INFO:CONSOLE(128)] "currentLatencynow: 0", source: file:///home/seluser/ppt/player/dashjs/index.html (128)
[230:230:0130/103446.982781:INFO:CONSOLE(128)] "currentLatencynow: 28.338", source: file:///home/seluser/ppt/player/dashjs/index.html (128)
[230:230:0130/103447.978677:INFO:CONSOLE(128)] "currentLatencynow: 29.336", source: file:///home/seluser/ppt/player/dashjs/index.html (128)
[646:646:0130/103448.297561:WARNING:audio_manager_linux.cc(69)] Falling back to ALSA for audio output. PulseAudio is not available or could not be initialized.
[646:646:0130/103448.357521:ERROR:alsa_util.cc(204)] PcmOpen: default,No such file or directory
[646:646:0130/103448.358415:ERROR:alsa_util.cc(204)] PcmOpen: plug:default,No such file or directory
[230:230:0130/103448.978538:INFO:CONSOLE(128)] "currentLatencynow: 30.336", source: file:///home/seluser/ppt/player/dashjs/index.html (128)
[230:230:0130/103450.458754:INFO:CONSOLE(128)] "currentLatencynow: 31.336", source: file:///home/seluser/ppt/player/dashjs/index.html (128)
[230:230:0130/103450.978608:INFO:CONSOLE(128)] "current[230:230:0130/103458.044574:INFO:CONSOLE(128)] "currentLatencynow: 30.161", source: file:///home/seluser/ppt/player/dashjs/index.html (128)
[230:230:0130/103458.044773:INFO:CONSOLE(128)] "currentLatencynow: 31.161", source: file:///home/seluser/ppt/player/dashjs/index.html (128)
[230:230:0130/103458.044852:INFO:CONSOLE(128)] "currentLatencynow: 32.161", source: file:///home/seluser/ppt/player/dashjs/index.html (128)
[230:256:0130/103458.046074:ERROR:bus.cc(392)] Failed to connect to the bus: Address does not contain a colon
[230:256:0130/103458.046159:ERROR:bus.cc(392)] Failed to connect to the bus: Address does not contain a colon
[230:256:0130/103458.046201:ERROR:bus.cc(392)] Failed to connect to the bus: Address does not contain a colon
[230:256:0130/103458.046226:ERROR:bus.cc(392)] Failed to connect to the bus: Address does not contain a colon
[230:256:0130/103458.046249:ERROR:bus.cc(392)] Failed to connect to the bus: Address does not contain a colon
[230:256:0130/103458.046544:ERROR:bus.cc(392)] Failed to connect to the bus: Address does not contain a colon
[230:256:0130/103458.046585:ERROR:bus.cc(392)] Failed to connect to the bus: Address does not contain a colon
[230:256:0130/103458.046606:ERROR:bus.cc(392)] Failed to connect to the bus: Address does not contain a colon
[230:256:0130/103458.046627:ERROR:bus.cc(392)] Failed to connect to the bus: Address does not contain a colon
[230:256:0130/103458.046644:ERROR:bus.cc(392)] Failed to connect to the bus: Address does not contain a colon
[230:256:0130/103458.046660:ERROR:bus.cc(392)] Failed to connect to the bus: Address does not contain a colon
[230:256:0130/103458.046677:ERROR:bus.cc(392)] Failed to connect to the bus: Address does not contain a colon
[230:256:0130/103458.046692:ERROR:bus.cc(392)] Failed to connect to the bus: Address does not contain a colon
[230:256:0130/103458.046707:ERROR:bus.cc(392)] Failed to connect to the bus: Address does not contain a colon
[230:256:0130/103458.046725:ERROR:bus.cc(392)] Failed to connect to the bus: Address does not contain a colon
[230:256:0130/103458.046741:ERROR:bus.cc(392)] Failed to connect to the bus: Address does not contain a colon
[230:256:0130/103458.046757:ERROR:bus.cc(392)] Failed to connect to the bus: Address does not contain a colon
[230:256:0130/103458.046771:ERROR:bus.cc(392)] Failed to connect to the bus: Address does not contain a colon
[230:256:0130/103458.046786:ERROR:bus.cc(392)] Failed to connect to the bus: Address does not contain a colon
[230:230:0130/103458.978537:INFO:CONSOLE(128)] "currentLatencynow: 33.161", source: file:///home/seluser/ppt/player/dashjs/index.html (128)
[230:230:0130/103459.978647:INFO:CONSOLE(128)] "currentLatencynow: 34.161", source: file:///home/seluser/ppt/player/dashjs/index.html (128)
[230:230:0130/103501.005005:INFO:CONSOLE(128)] "currentLatencynow: 35.161", source: file:///home/seluser/ppt/player/dashjs/index.html (128)
[230:230:0130/103501.978753:INFO:CONSOLE(128)] "currentLatencynow: 36.161", source: file:///home/seluser/ppt/player/dashjs/index.html (128)
[230:230:0130/103502.978544:INFO:CONSOLE(128)] "currentLatencynow: 37.161", source: file:///home/seluser/ppt/player/dashjs/index.html (128)
[230:230:0130/103503.978697:INFO:CONSOLE(128)] "currentLatencynow: 38.161", source: file:///home/seluser/ppt/player/dashjs/index.html (128)
[230:230:0130/103505.765530:INFO:CONSOLE(128)] "currentLatencynow: 39.161", source: file:///home/seluser/ppt/player/dashjs/index.html (128)
[230:230:0130/103505.978810:INFO:CONSOLE(128)] "currentLatencynow: 40.161", source: file:///home/seluser/ppt/player/dashjs/index.html (128)
[230:230:0130/103506.978502:INFO:CONSOLE(128)] "currentLatencynow: 41.161", source: file:///home/seluser/ppt/player/dashjs/index.html (128)
[230:230:0130/103507.978604:INFO:CONSOLE(128)] "currentLatencynow: 42.161", source: file:///home/seluser/ppt/player/dashjs/index.html (128)
[230:230:0130/103508.978557:INFO:CONSOLE(128)] "currentLatencynow: 43.161", source: file:///home/seluser/ppt/player/dashjs/index.html (128)
[230:230:0130/103509.978579:INFO:CONSOLE(128)] "currentLatencynow: 44.161", source: file:///home/seluser/ppt/player/dashjs/index.html (128)
[230:230:0130/103514.283488:INFO:CONSOLE(128)] "currentLatencynow: 45.161", source: file:///home/seluser/ppt/player/dashjs/index.html (128)
[230:230:0130/103514.283572:INFO:CONSOLE(128)] "currentLatencynow: 46.161", source: file:///home/seluser/ppt/player/dashjs/index.html (128)
[230:230:0130/103514.283673:INFO:CONSOLE(128)] "currentLatencynow: 47.161", source: file:///home/seluser/ppt/player/dashjs/index.html (128)
[230:230:0130/103514.283744:INFO:CONSOLE(128)] "currentLatencynow: 48.161", source: file:///home/seluser/ppt/player/dashjs/index.html (128)
[230:230:0130/103514.978784:INFO:CONSOLE(128)] "currentLatencynow: 49.161", source: file:///home/seluser/ppt/player/dashjs/index.html (128)
[230:230:0130/103515.978612:INFO:CONSOLE(128)] "currentLatencynow: 50.161", source: file:///home/seluser/ppt/player/dashjs/index.html (128)
[230:230:0130/103516.978675:INFO:CONSOLE(128)] "currentLatencynow: 51.161", source: file:///home/seluser/ppt/player/dashjs/index.html (128)
[230:230:0130/103517.981158:INFO:CONSOLE(128)] "currentLatencynow: 52.161", source: file:///home/seluser/ppt/player/dashjs/index.html (128)
[230:230:0130/103518.978676:INFO:CONSOLE(128)] "currentLatencynow: 53.161", source: file:///home/seluser/ppt/player/dashjs/index.html (128)
[230:230:0130/103519.978547:INFO:CONSOLE(128)] "currentLatencynow: 54.161", source: file:///home/seluser/ppt/player/dashjs/index.html (128)
[301:654:0130/103520.171281:ERROR:simple_index_file.cc(310)] Failed to write the temporary index file
[230:230:0130/103520.978702:INFO:CONSOLE(128)] "currentLatencynow: 55.161", source: file:///home/seluser/ppt/player/dashjs/index.html (128)
[230:230:0130/103521.978651:INFO:CONSOLE(128)] "currentLatencynow: 56.161", source: file:///home/seluser/ppt/player/dashjs/index.html (128)
[230:230:0130/103523.701314:INFO:CONSOLE(128)] "currentLatencynow: 57.161", source: file:///home/seluser/ppt/player/dashjs/index.html (128)
[230:230:0130/103524.251062:INFO:CONSOLE(128)] "currentLatencynow: 58.161", source: file:///home/seluser/ppt/player/dashjs/index.html (128)
[230:230:0130/103524.978680:INFO:CONSOLE(128)] "currentLatencynow: 59.161", source: file:///home/seluser/ppt/player/dashjs/index.html (128)
[230:230:0130/103525.978764:INFO:CONSOLE(128)] "currentLatencynow: 60.161", source: file:///home/seluser/ppt/player/dashjs/index.html (128)
[230:230:0130/103526.978676:INFO:CONSOLE(128)] "currentLatencynow: 61.161", source: file:///home/seluser/ppt/player/dashjs/index.html (128)
[230:230:0130/103528.024214:INFO:CONSOLE(128)] "currentLatencynow: 62.161", source: file:///home/seluser/ppt/player/dashjs/index.html (128)
[230:230:0130/103528.978631:INFO:CONSOLE(128)] "currentLatencynow: 63.161", source: file:///home/seluser/ppt/player/dashjs/index.html (128)
[230:230:0130/103529.978874:INFO:CONSOLE(128)] "currentLatencynow: 64.161", source: file:///home/seluser/ppt/player/dashjs/index.html (128)
[230:230:0130/103530.978652:INFO:CONSOLE(128)] "currentLatencynow: 65.161", source: file:///home/seluser/ppt/player/dashjs/index.html (128)
[230:230:0130/103531.978749:INFO:CONSOLE(128)] "currentLatencynow: 66.161", source: file:///home/seluser/ppt/player/dashjs/index.html (128)
[230:230:0130/103532.978808:INFO:CONSOLE(128)] "currentLatencynow: 67.161", source: file:///home/seluser/ppt/player/dashjs/index.html (128)
[230:230:0130/103533.978583:INFO:CONSOLE(128)] "currentLatencynow: 68.161", source: file:///home/seluser/ppt/player/dashjs/index.html (128)
[230:230:0130/103534.978677:INFO:CONSOLE(128)] "currentLatencynow: 69.161", source: file:///home/seluser/ppt/player/dashjs/index.html (128)
[230:230:0130/103535.978772:INFO:CONSOLE(128)] "currentLatencynow: 70.161", source: file:///home/seluser/ppt/player/dashjs/index.html (128)
[230:230:0130/103536.978622:INFO:CONSOLE(128)] "currentLatencynow: 71.161", source: file:///home/seluser/ppt/player/dashjs/index.html (128)
[230:230:0130/103538.027336:INFO:CONSOLE(128)] "currentLatencynow: 72.161", source: file:///home/seluser/ppt/player/dashjs/index.html (128)
[230:230:0130/103538.978714:INFO:CONSOLE(128)] "currentLatencynow: 73.161", source: file:///home/seluser/ppt/player/dashjs/index.html (128)
[230:230:0130/103540.064875:INFO:CONSOLE(128)] "currentLatencynow: 74.161", source: file:///home/seluser/ppt/player/dashjs/index.html (128)
[230:230:0130/103540.978690:INFO:CONSOLE(128)] "currentLatencynow: 75.161", source: file:///home/seluser/ppt/player/dashjs/index.html (128)
[230:230:0130/103541.978658:INFO:CONSOLE(128)] "currentLatencynow: 76.161", source: file:///home/seluser/ppt/player/dashjs/index.html (128)
[230:230:0130/103542.978627:INFO:CONSOLE(128)] "currentLatencynow: 77.161", source: file:///home/seluser/ppt/player/dashjs/index.html (128)
[230:230:0130/103543.978589:INFO:CONSOLE(128)] "currentLatencynow: 78.161", source: file:///home/seluser/ppt/player/dashjs/index.html (128)
[230:230:0130/103544.978685:INFO:CONSOLE(128)] "currentLatencynow: 79.161", source: file:///home/seluser/ppt/player/dashjs/index.html (128)
[230:230:0130/103545.978729:INFO:CONSOLE(128)] "currentLatencynow: 80.161", source: file:///home/seluser/ppt/player/dashjs/index.html (128)
[230:230:0130/103546.978599:INFO:CONSOLE(128)] "currentLatencynow: 81.161", source: file:///home/seluser/ppt/player/dashjs/index.html (128)
[230:230:0130/103547.978590:INFO:CONSOLE(128)] "currentLatencynow: 82.161", source: file:///home/seluser/ppt/player/dashjs/index.html (128)
[230:230:0130/103549.409856:INFO:CONSOLE(128)] "currentLatencynow: 83.161", source: file:///home/seluser/ppt/player/dashjs/index.html (128)
[230:230:0130/103549.978652:INFO:CONSOLE(128)] "currentLatencynow: 84.161", source: file:///home/seluser/ppt/player/dashjs/index.html (128)
[230:230:0130/103550.978605:INFO:CONSOLE(128)] "currentLatencynow: 85.161", source: file:///home/seluser/ppt/player/dashjs/index.html (128)
[230:230:0130/103551.978557:INFO:CONSOLE(128)] "currentLatencynow: 86.161", source: file:///home/seluser/ppt/player/dashjs/index.html (128)
[230:230:0130/103552.978723:INFO:CONSOLE(128)] "currentLatencynow: 87.161", source: file:///home/seluser/ppt/player/dashjs/index.html (128)
[230:230:0130/103554.306573:INFO:CONSOLE(128)] "currentLatencynow: 88.161", source: file:///home/seluser/ppt/player/dashjs/index.html (128)
[230:230:0130/103554.978600:INFO:CONSOLE(128)] "currentLatencynow: 89.161", source: file:///home/seluser/ppt/player/dashjs/index.html (128)
[230:230:0130/103556.119872:INFO:CONSOLE(128)] "currentLatencynow: 90.161", source: file:///home/seluser/ppt/player/dashjs/index.html (128)
[230:230:0130/103556.978775:INFO:CONSOLE(128)] "currentLatencynow: 91.161", source: file:///home/seluser/ppt/player/dashjs/index.html (128)
[230:230:0130/103558.005742:INFO:CONSOLE(128)] "currentLatencynow: 92.161", source: file:///home/seluser/ppt/player/dashjs/index.html (128)
[230:230:0130/103559.458427:INFO:CONSOLE(128)] "currentLatencynow: 93.161", source: file:///home/seluser/ppt/player/dashjs/index.html (128)
[230:230:0130/103559.978729:INFO:CONSOLE(128)] "currentLatencynow: 94.161", source: file:///home/seluser/ppt/player/dashjs/index.html (128)
[230:230:0130/103600.978626:INFO:CONSOLE(128)] "currentLatencynow: 95.161", source: file:///home/seluser/ppt/player/dashjs/index.html (128)
[230:230:0130/103601.978726:INFO:CONSOLE(128)] "currentLatencynow: 96.161", source: file:///home/seluser/ppt/player/dashjs/index.html (128)
[230:230:0130/103602.978705:INFO:CONSOLE(128)] "currentLatencynow: 97.161", source: file:///home/seluser/ppt/player/dashjs/index.html (128)
[230:230:0130/103604.021300:INFO:CONSOLE(128)] "currentLatencynow: 98.161", source: file:///home/seluser/ppt/player/dashjs/index.html (128)
[230:230:0130/103604.978715:INFO:CONSOLE(128)] "currentLatencynow: 99.161", source: file:///home/seluser/ppt/player/dashjs/index.html (128)
[230:230:0130/103605.978604:INFO:CONSOLE(128)] "currentLatencynow: 100.161", source: file:///home/seluser/ppt/player/dashjs/index.html (128)
[230:230:0130/103606.978669:INFO:CONSOLE(128)] "currentLatencynow: 101.161", source: file:///home/seluser/ppt/player/dashjs/index.html (128)
[230:230:0130/103607.978590:INFO:CONSOLE(128)] "currentLatencynow: 102.161", source: file:///home/seluser/ppt/player/dashjs/index.html (128)
[230:230:0130/103608.978622:INFO:CONSOLE(128)] "currentLatencynow: 103.161", source: file:///home/seluser/ppt/player/dashjs/index.html (128)
[230:230:0130/103609.978810:INFO:CONSOLE(128)] "currentLatencynow: 104.161", source: file:///home/seluser/ppt/player/dashjs/index.html (128)
[230:230:0130/103610.978671:INFO:CONSOLE(128)] "currentLatencynow: 105.161", source: file:///home/seluser/ppt/player/dashjs/index.html (128)
[230:230:0130/103611.978766:INFO:CONSOLE(128)] "currentLatencynow: 106.161", source: file:///home/seluser/ppt/player/dashjs/index.html (128)
[230:230:0130/103612.978940:INFO:CONSOLE(114)] "Begin Player stistics 
", source: file:///home/seluser/ppt/player/dashjs/index.html (114)
[230:230:0130/103612.979217:INFO:CONSOLE(115)] "["stall",[["23.67","42.99",19.32]],[["availibleBW",[null],[null],[null],[null],[null],[null],[null],[null],[null],[null],[null],[null],[null],[null],[null],[null],[null],[null],[null],[null],[null],[null],[null],[null],[null],[null],[null],[null],[null],[null],[null],[null],[null],[null],[null],[null],[null],[null],[null],[null],[null],[null],[290],[290],[290],[290],[290],[290],[290],[290],[290],[290],[290],[290],[290],[290],[290],[290],[290],[290],[290],[290],[290],[290],[290],[290],[290],[290],[290],[290],[290],[290],[290],[290],[290],[290],[290],[290],[290],[290],[290],[290],[290],[290],[290],[290],[290],[290],[290],[290],[290],[290],[290],[290],[290],[290],[290],[290],[290],[290],[290],[290],[290],[290],[290],[290],[290],[290],[290],[290],[290],[290],[290],[290],[290],[290],[290],[290],[290]]],[["currentBuffer",[0],[0],[0],[0],[0],[0],[0],[0],[0],[0],[0],[0],[0],[0],[0],[0],[0],[0],[0],[0],[0],[0],[0],[0],[0],[0],[0],[0],[0],[0],[0],[0],[0],[0],[0],[0],[0],[0],[0],[0],[0],[0],[0],[0],[0],[0],[0],[0],[0],[0],[0],[0],[0],[0],[0],[0],[0],[0],[0],[0],[0],[0],[0],[0],[0],[0],[0],[0],[0],[0],[0],[0],[0],[0],[0],[0],[0],[0],[0],[0],[0],[0],[0],[0],[0],[0],[0],[0],[0],[0],[0],[0],[0],[0],[0],[0],[0],[0],[0],[0],[0],[0],[0],[0],[0],[0],[0],[0],[0],[0],[0],[0],[0],[0],[0],[0],[0],[0],[0]]],[["currentLatency",[null],[null],[null],[null],[null],[null],[null],[null],[null],[0],[0],[0],[0],[0],[0],[0],[0],[0],[0],[0],[0],[0],[0],[0],[0],[0],[0],[0],[0],[0],[0],[0],[0],[28.338],[29.336],[30.336],[31.336],[32.336],[33.336],[34.336],[35.336],[36.336],[30.161],[31.161],[32.161],[33.161],[34.161],[35.161],[36.161],[37.161],[38.161],[39.161],[40.161],[41.161],[42.161],[43.161],[44.161],[45.161],[46.161],[47.161],[48.161],[49.161],[50.161],[51.161],[52.161],[53.161],[54.161],[55.161],[56.161],[57.161],[58.161],[59.161],[60.161],[61.161],[62.161],[63.161],[64.161],[65.161],[66.161],[67.161],[68.161],[69.161],[70.161],[71.161],[72.161],[73.161],[74.161],[75.161],[76.161],[77.161],[78.161],[79.161],[80.161],[81.161],[82.161],[83.161],[84.161],[85.161],[86.161],[87.161],[88.161],[89.161],[90.161],[91.161],[92.161],[93.161],[94.161],[95.161],[96.161],[97.161],[98.161],[99.161],[100.161],[101.161],[102.161],[103.161],[104.161],[105.161],[106.161]]]]", source: file:///home/seluser/ppt/player/dashjs/index.html (115)
[230:230:0130/103612.979296:INFO:CONSOLE(116)] "
", source: file:///home/seluser/ppt/player/dashjs/index.html (116)
[230:230:0130/103612.979341:INFO:CONSOLE(117)] "Finish Player stistics 
", source: file:///home/seluser/ppt/player/dashjs/index.html (117)
[230:230:0130/103612.979369:INFO:CONSOLE(128)] "currentLatencynow: 107.161", source: file:///home/seluser/ppt/player/dashjs/index.html (128)
[230:230:0130/103613.979286:INFO:CONSOLE(128)] "currentLatencynow: 108.161", source: file:///home/seluser/ppt/player/dashjs/index.html (128)
[230:230:0130/103614.978860:INFO:CONSOLE(128)] "currentLatencynow: 109.161", source: file:///home/seluser/ppt/player/dashjs/index.html (128)
[230:230:0130/103615.978573:INFO:CONSOLE(128)] "currentLatencynow: 110.161", source: file:///home/seluser/ppt/player/dashjs/index.html (128)
[230:230:0130/103617.496307:INFO:CONSOLE(128)] "currentLatencynow: [230:230:0130/103619.978636:INFO:CONSOLE(128)] "currentLatencynow: 114.161", source: file:///home/seluser/ppt/player/dashjs/index.html (128)
[230:230:0130/103620.986816:INFO:CONSOLE(128)] "currentLatencynow: 115.161", source: file:///home/seluser/ppt/player/dashjs/index.html (128)
[230:230:0130/103621.978534:INFO:CONSOLE(128)] "currentLatencynow: 116.161", source: file:///home/seluser/ppt/player/dashjs/index.html (128)
[230:230:0130/103622.978553:INFO:CONSOLE(128)] "currentLatencynow: 117.161", source: file:///home/seluser/ppt/player/dashjs/index.html (128)
[230:230:0130/103623.979052:INFO:CONSOLE(128)] "currentLatencynow: 118.161", source: file:///home/seluser/ppt/player/dashjs/index.html (128)
[230:230:0130/103625.040219:INFO:CONSOLE(128)] "currentLatencynow: 119.162", source: file:///home/seluser/ppt/player/dashjs/index.html (128)
[230:230:0130/103626.181147:INFO:CONSOLE(128)] "currentLatencynow: 120.161", source: file:///home/seluser/ppt/player/dashjs/index.html (128)
[230:230:0130/103626.978731:INFO:CONSOLE(128)] "currentLatencynow: 121.161", source: file:///home/seluser/ppt/player/dashjs/index.html (128)
[230:230:0130/103628.048926:INFO:CONSOLE(128)] "currentLatencynow: 122.161", source: file:///home/seluser/ppt/player/dashjs/index.html (128)
[230:230:0130/103628.978718:INFO:CONSOLE(128)] "currentLatencynow: 123.161", source: file:///home/seluser/ppt/player/dashjs/index.html (128)
[230:230:0130/103629.978866:INFO:CONSOLE(128)] "currentLatencynow: 124.161", source: file:///home/seluser/ppt/player/dashjs/index.html (128)
[230:230:0130/103631.006150:INFO:CONSOLE(128)] "currentLatencynow: 125.161", source: file:///home/seluser/ppt/player/dashjs/index.html (128)
[230:230:0130/103631.978774:INFO:CONSOLE(128)] "currentLatencynow: 126.161", source: file:///home/seluser/ppt/player/dashjs/index.html (128)
[230:230:0130/103632.978803:INFO:CONSOLE(128)] "currentLatencynow: 127.161", source: file:///home/seluser/ppt/player/dashjs/index.html (128)
[230:230:0130/103633.986291:INFO:CONSOLE(128)] "currentLatencynow: 128.161", source: file:///home/seluser/ppt/player/dashjs/index.html (128)
[230:230:0130/103634.978712:INFO:CONSOLE(128)] "currentLatencynow: 129.161", source: file:///home/seluser/ppt/player/dashjs/index.html (128)
[230:230:0130/103635.978870:INFO:CONSOLE(128)] "currentLatencynow: 130.161", source: file:///home/seluser/ppt/player/dashjs/index.html (128)
[230:230:0130/103636.978732:INFO:CONSOLE(128)] "currentLatencynow: 131.161", source: file:///home/seluser/ppt/player/dashjs/index.html (128)
[230:230:0130/103638.016641:INFO:CONSOLE(128)] "currentLatencynow: 132.161", source: file:///home/seluser/ppt/player/dashjs/index.html (128)
[230:230:0130/103638.978779:INFO:CONSOLE(128)] "currentLatencynow: 133.161", source: file:///home/seluser/ppt/player/dashjs/index.html (128)
[230:230:0130/103639.978989:INFO:CONSOLE(128)] "currentLatencynow: 134.161", source: file:///home/seluser/ppt/player/dashjs/index.html (128)
[230:230:0130/103640.978535:INFO:CONSOLE(128)] "currentLatencynow: 135.161", source: file:///home/seluser/ppt/player/dashjs/index.html (128)
[230:230:0130/103641.978613:INFO:CONSOLE(128)] "currentLatencynow: 136.161", source: file:///home/seluser/ppt/player/dashjs/index.html (128)
[230:230:0130/103642.978577:INFO:CONSOLE(128)] "currentLatencynow: 137.161", source: file:///home/seluser/ppt/player/dashjs/index.html (128)
[230:230:0130/103644.030275:INFO:CONSOLE(128)] "currentLatencynow: 138.161", source: file:///home/seluser/ppt/player/dashjs/index.html (128)
[230:230:0130/103644.978635:INFO:CONSOLE(128)] "currentLatencynow: 139.161", source: file:///home/seluser/ppt/player/dashjs/index.html (128)
[230:230:0130/103645.978755:INFO:CONSOLE(128)] "currentLatencynow: 140.161", source: file:///home/seluser/ppt/player/dashjs/index.html (128)
[230:230:0130/103646.978859:INFO:CONSOLE(128)] "currentLatencynow: 141.161", source: file:///home/seluser/ppt/player/dashjs/index.html (128)
[230:230:0130/103647.978547:INFO:CONSOLE(128)] "currentLatencynow: 142.161", source: file:///home/seluser/ppt/player/dashjs/index.html (128)
[230:230:0130/103648.978718:INFO:CONSOLE(128)] "currentLatencynow: 143.161", source: file:///home/seluser/ppt/player/dashjs/index.html (128)
[230:230:0130/103649.978730:INFO:CONSOLE(128)] "currentLatencynow: 144.161", source: file:///home/seluser/ppt/player/dashjs/index.html (128)
[230:230:0130/103650.978781:INFO:CONSOLE(128)] "currentLatencynow: 145.161", source: file:///home/seluser/ppt/player/dashjs/index.html (128)
[230:230:0130/103651.978758:INFO:CONSOLE(128)] "currentLatencynow: 146.161", source: file:///home/seluser/ppt/player/dashjs/index.html (128)
[230:230:0130/103652.978805:INFO:CONSOLE(128)] "currentLatencynow: 147.161", source: file:///home/seluser/ppt/player/dashjs/index.html (128)
[230:230:0130/103653.978805:INFO:CONSOLE(128)] "currentLatencynow: 148.161", source: file:///home/seluser/ppt/player/dashjs/index.html (128)
[230:230:0130/103654.978648:INFO:CONSOLE(128)] "currentLatencynow: 149.161", source: file:///home/seluser/ppt/player/dashjs/index.html (128)
[230:230:0130/103655.978727:INFO:CONSOLE(128)] "currentLatencynow: 150.161", source: file:///home/seluser/ppt/player/dashjs/index.html (128)
[230:230:0130/103656.978681:INFO:CONSOLE(128)] "currentLatencynow: 151.161", source: file:///home/seluser/ppt/player/dashjs/index.html (128)
[230:230:0130/103657.978820:INFO:CONSOLE(128)] "currentLatencynow: 152.161", source: file:///home/seluser/ppt/player/dashjs/index.html (128)
[230:230:0130/103658.978995:INFO:CONSOLE(128)] "currentLatencynow: 153.161", source: file:///home/seluser/ppt/player/dashjs/index.html (128)
[230:230:0130/103659.978703:INFO:CONSOLE(128)] "currentLatencynow: 154.161", source: file:///home/seluser/ppt/player/dashjs/index.html (128)
[230:230:0130/103700.978849:INFO:CONSOLE(128)] "currentLatencynow: 155.161", source: file:///home/seluser/ppt/player/dashjs/index.html (128)
[230:230:0130/103701.978946:INFO:CONSOLE(128)] "currentLatencynow: 156.161", source: file:///home/seluser/ppt/player/dashjs/index.html (128)
[230:230:0130/103702.978876:INFO:CONSOLE(128)] "currentLatencynow: 157.161", source: file:///home/seluser/ppt/player/dashjs/index.html (128)
[230:230:0130/103703.978762:INFO:CONSOLE(128)] "currentLatencynow: 158.161", source: file:///home/seluser/ppt/player/dashjs/index.html (128)
[230:230:0130/103704.978815:INFO:CONSOLE(128)] "currentLatencynow: 159.161", source: file:///home/seluser/ppt/player/dashjs/index.html (128)
[230:230:0130/103705.978701:INFO:CONSOLE(128)] "currentLatencynow: 160.161", source: file:///home/seluser/ppt/player/dashjs/index.html (128)
[230:230:0130/103706.978810:INFO:CONSOLE(128)] "currentLatencynow: 161.161", source: file:///home/seluser/ppt/player/dashjs/index.html (128)
[230:230:0130/103707.978826:INFO:CONSOLE(128)] "currentLatencynow: 162.161", source: file:///home/seluser/ppt/player/dashjs/index.html (128)
[230:230:0130/103708.978833:INFO:CONSOLE(128)] "currentLatencynow: 163.161", source: file:///home/seluser/ppt/player/dashjs/index.html (128)
[230:230:0130/103709.978792:INFO:CONSOLE(128)] "currentLatencynow: 164.161", source: file:///home/seluser/ppt/player/dashjs/index.html (128)
[230:230:0130/103710.978702:INFO:CONSOLE(128)] "currentLatencynow: 165.161", source: file:///home/seluser/ppt/player/dashjs/index.html (128)
[230:230:0130/103711.978704:INFO:CONSOLE(128)] "currentLatencynow: 166.161", source: file:///home/seluser/ppt/player/dashjs/index.html (128)
[230:230:0130/103712.978621:INFO:CONSOLE(128)] "currentLatencynow: 167.161", source: file:///home/seluser/ppt/player/dashjs/index.html (128)
[230:230:0130/103713.137299:WARNING:pref_notifier_impl.cc(40)] Pref observer for media_router.cast_allow_all_ips found at shutdown.
