[229:293:0130/105332.031432:ERROR:bus.cc(392)] Failed to connect to the bus: Failed to connect to socket /var/run/dbus/system_bus_socket: No such file or directory
[229:256:0130/105332.033751:ERROR:bus.cc(392)] Failed to connect to the bus: Address does not contain a colon
[229:256:0130/105332.033873:ERROR:bus.cc(392)] Failed to connect to the bus: Address does not contain a colon
[229:256:0130/105332.046863:ERROR:bus.cc(392)] Failed to connect to the bus: Address does not contain a colon
[229:256:0130/105332.048129:ERROR:bus.cc(392)] Failed to connect to the bus: Address does not contain a colon
[299:299:0130/105332.049555:ERROR:gpu_init.cc(453)] Passthrough is not supported, GL is swiftshader, ANGLE is 
[229:256:0130/105332.078122:ERROR:bus.cc(392)] Failed to connect to the bus: Address does not contain a colon
[229:256:0130/105332.079466:ERROR:bus.cc(392)] Failed to connect to the bus: Address does not contain a colon
[229:394:0130/105332.162961:ERROR:bus.cc(392)] Failed to connect to the bus: Failed to connect to socket /var/run/dbus/system_bus_socket: No such file or directory
[229:394:0130/105332.164572:ERROR:bus.cc(392)] Failed to connect to the bus: Failed to connect to socket /var/run/dbus/system_bus_socket: No such file or directory
[229:394:0130/105332.164664:ERROR:bus.cc(392)] Failed to connect to the bus: Failed to connect to socket /var/run/dbus/system_bus_socket: No such file or directory
[229:394:0130/105332.164680:WARNING:property.cc(144)] DaemonVersion: GetAndBlock: failed.
[229:394:0130/105332.164718:ERROR:bus.cc(392)] Failed to connect to the bus: Failed to connect to socket /var/run/dbus/system_bus_socket: No such file or directory
[229:394:0130/105332.164763:ERROR:bus.cc(392)] Failed to connect to the bus: Failed to connect to socket /var/run/dbus/system_bus_socket: No such file or directory
[229:229:0130/105333.484068:INFO:CONSOLE(128)] "currentLatencynow: NaN", source: file:///home/seluser/ppt/player/dashjs/index.html (128)
[229:330:0130/105334.291244:ERROR:chrome_browser_main_extra_parts_metrics.cc(228)] crbug.com/1216328: Checking Bluetooth availability started. Please report if there is no report that this ends.
[229:330:0130/105334.291298:ERROR:chrome_browser_main_extra_parts_metrics.cc(231)] crbug.com/1216328: Checking Bluetooth availability ended.
[229:330:0130/105334.291313:ERROR:chrome_browser_main_extra_parts_metrics.cc(234)] crbug.com/1216328: Checking default browser status started. Please report if there is no report that this ends.
[229:229:0130/105334.483823:INFO:CONSOLE(128)] "currentLatencynow: NaN", source: file:///home/seluser/ppt/player/dashjs/index.html (128)
[229:330:0130/105334.491024:ERROR:chrome_browser_main_extra_parts_metrics.cc(238)] crbug.com/1216328: Checking default browser status ended.
[229:229:0130/105335.483768:INFO:CONSOLE(128)] "currentLatencynow: NaN", source: file:///home/seluser/ppt/player/dashjs/index.html (128)
[229:229:0130/105336.484048:INFO:CONSOLE(128)] "currentLatencynow: 0", source: file:///home/seluser/ppt/player/dashjs/index.html (128)
[229:229:0130/105337.483666:INFO:CONSOLE(128)] "currentLatencynow: 0", source: file:///home/seluser/ppt/player/dashjs/index.html (128)
[229:229:0130/105338.483861:INFO:CONSOLE(128)] "currentLatencynow: 0", source: file:///home/seluser/ppt/player/dashjs/index.html (128)
[229:229:0130/105339.483810:INFO:CONSOLE(128)] "currentLatencynow: 0", source: file:///home/seluser/ppt/player/dashjs/index.html (128)
[229:229:0130/105340.483840:INFO:CONSOLE(128)] "currentLatencynow: 0", source: file:///home/seluser/ppt/player/dashjs/index.html (128)
[229:229:0130/105341.483933:INFO:CONSOLE(128)] "currentLatencynow: 0", source: file:///home/seluser/ppt/player/dashjs/index.html (128)
[650:650:0130/105341.652006:WARNING:audio_manager_linux.cc(69)] Falling back to ALSA for audio output. PulseAudio is not available or could not be initialized.
[650:650:0130/105341.658249:ERROR:alsa_util.cc(204)] PcmOpen: default,No such file or directory
[650:650:0130/105341.658510:ERROR:alsa_util.cc(204)] PcmOpen: plug:default,No such file or directory
[229:229:0130/105342.483891:INFO:CONSOLE(128)] "currentLatencynow: 10.409", source: file:///home/seluser/ppt/player/dashjs/index.html (128)
[229:229:0130/105343.483695:INFO:CONSOLE(128)] "currentLatencynow: 11.409", source: file:///home/seluser/ppt/player/dashjs/index.html (128)
[229:229:0130/105344.483649:INFO:CONSOLE(128)] "currentLatencynow: 12.409", source: file:///home/seluser/ppt/player/dashjs/index.html (128)
[229:229:0130/105345.483700:INFO:CONSOLE(128)] "currentLatencynow: 13.409", source: file:///home/seluser/ppt/player/dashjs/index.html (128)
[229:229:0130/105346.483790:INFO:CONSOLE(128)] "currentLatencynow: 14.409", source: file:///home/seluser/ppt/player/dashjs/index.html (128)
[229:229:0130/105347.483783:INFO:CONSOLE(128)] "currentLatencynow: 15.409", source: file:///home/seluser/ppt/player/dashjs/index.html (128)
[229:229:0130/105348.483793:INFO:CONSOLE(128)] "currentLatencynow: 16.409", source: file:///home/seluser/ppt/player/dashjs/index.html (128)
[229:256:0130/105348.580573:ERROR:bus.cc(392)] Failed to connect to the bus: Address does not contain a colon
[229:256:0130/105348.580658:ERROR:bus.cc(392)] Failed to connect to the bus: Address does not contain a colon
[229:256:0130/105348.580690:ERROR:bus.cc(392)] Failed to connect to the bus: Address does not contain a colon
[229:256:0130/105348.580713:ERROR:bus.cc(392)] Failed to connect to the bus: Address does not contain a colon
[229:256:0130/105348.580735:ERROR:bus.cc(392)] Failed to connect to the bus: Address does not contain a colon
[229:256:0130/105348.580755:ERROR:bus.cc(392)] Failed to connect to the bus: Address does not contain a colon
[229:256:0130/105348.580776:ERROR:bus.cc(392)] Failed to connect to the bus: Address does not contain a colon
[229:256:0130/105348.580802:ERROR:bus.cc(392)] Failed to connect to the bus: Address does not contain a colon
[229:256:0130/105348.580820:ERROR:bus.cc(392)] Failed to connect to the bus: Address does not contain a colon
[229:256:0130/105348.580839:ERROR:bus.cc(392)] Failed to connect to the bus: Address does not contain a colon
[229:256:0130/105348.580858:ERROR:bus.cc(392)] Failed to connect to the bus: Address does not contain a colon
[229:256:0130/105348.580879:ERROR:bus.cc(392)] Failed to connect to the bus: Address does not contain a colon
[229:256:0130/105348.580897:ERROR:bus.cc(392)] Failed to connect to the bus: Address does not contain a colon
[229:256:0130/105348.580915:ERROR:bus.cc(392)] Failed to connect to the bus: Address does not contain a colon
[229:256:0130/105348.585680:ERROR:bus.cc(392)] Failed to connect to the bus: Address does not contain a colon
[229:256:0130/105348.585725:ERROR:bus.cc(392)] Failed to connect to the bus: Address does not contain a colon
[229:256:0130/105348.585747:ERROR:bus.cc(392)] Failed to connect to the bus: Address does not contain a colon
[229:256:0130/105348.670888:ERROR:bus.cc(392)] Failed to connect to the bus: Address does not contain a colon
[229:256:0130/105348.670972:ERROR:bus.cc(392)] Failed to connect to the bus: Address does not contain a colon
[229:229:0130/105349.483757:INFO:CONSOLE(128)] "currentLatencynow: 17.302", source: file:///home/seluser/ppt/player/dashjs/index.html (128)
[229:229:0130/105350.483681:INFO:CONSOLE(128)] "currentLatencynow: 18.302", source: file:///home/seluser/ppt/player/dashjs/index.html (128)
[229:229:0130/105351.483735:INFO:CONSOLE(128)] "currentLatencynow: 19.302", source: file:///home/seluser/ppt/player/dashjs/index.html (128)
[229:229:0130/105352.483780:INFO:CONSOLE(128)] "currentLatencynow: 20.302", source: file:///home/seluser/ppt/player/dashjs/index.html (128)
[229:229:0130/105353.483656:INFO:CONSOLE(128)] "currentLatencynow: 21.302", source: file:///home/seluser/ppt/player/dashjs/index.html (128)
[229:229:0130/105354.483990:INFO:CONSOLE(128)] "currentLatencynow: 22.302", source: file:///home/seluser/ppt/player/dashjs/index.html (128)
[229:229:0130/105355.483815:INFO:CONSOLE(128)] "currentLatencynow: 23.302", source: file:///home/seluser/ppt/player/dashjs/index.html (128)
[229:229:0130/105356.484135:INFO:CONSOLE(128)] "currentLatencynow: 24.302", source: file:///home/seluser/ppt/player/dashjs/index.html (128)
[229:256:0130/105357.351677:ERROR:bus.cc(392)] Failed to connect to the bus: Address does not contain a colon
[229:256:0130/105357.351752:ERROR:bus.cc(392)] Failed to connect to the bus: Address does not contain a colon
[229:229:0130/105357.483686:INFO:CONSOLE(128)] "currentLatencynow: 25.103", source: file:///home/seluser/ppt/player/dashjs/index.html (128)
[229:229:0130/105358.483699:INFO:CONSOLE(128)] "currentLatencynow: 25.003", source: file:///home/seluser/ppt/player/dashjs/index.html (128)
[229:229:0130/105359.484078:INFO:CONSOLE(128)] "currentLatencynow: 25.23", source: file:///home/seluser/ppt/player/dashjs/index.html (128)
[229:229:0130/105400.484544:INFO:CONSOLE(128)] "currentLatencynow: 26.231", source: file:///home/seluser/ppt/player/dashjs/index.html (128)
[229:229:0130/105401.483751:INFO:CONSOLE(128)] "currentLatencynow: 27.23", source: file:///home/seluser/ppt/player/dashjs/index.html (128)
[229:229:0130/105402.483804:INFO:CONSOLE(128)] "currentLatencynow: 28.23", source: file:///home/seluser/ppt/player/dashjs/index.html (128)
[229:229:0130/105403.483670:INFO:CONSOLE(128)] "currentLatencynow: 29.23", source: file:///home/seluser/ppt/player/dashjs/index.html (128)
[229:229:0130/105404.483823:INFO:CONSOLE(128)] "currentLatencynow: 30.23", source: file:///home/seluser/ppt/player/dashjs/index.html (128)
[229:229:0130/105405.483719:INFO:CONSOLE(128)] "currentLatencynow: 30.893", source: file:///home/seluser/ppt/player/dashjs/index.html (128)
[229:229:0130/105406.483899:INFO:CONSOLE(128)] "currentLatencynow: 31.893", source: file:///home/seluser/ppt/player/dashjs/index.html (128)
[229:229:0130/105407.483687:INFO:CONSOLE(128)] "currentLatencynow: 32.893", source: file:///home/seluser/ppt/player/dashjs/index.html (128)
[229:229:0130/105408.483674:INFO:CONSOLE(128)] "currentLatencynow: 33.893", source: file:///home/seluser/ppt/player/dashjs/index.html (128)
[229:229:0130/105409.483624:INFO:CONSOLE(128)] "currentLatencynow: 34.893", source: file:///home/seluser/ppt/player/dashjs/index.html (128)
[229:229:0130/105410.483648:INFO:CONSOLE(128)] "currentLatencynow: 35.893", source: file:///home/seluser/ppt/player/dashjs/index.html (128)
[229:229:0130/105411.483571:INFO:CONSOLE(128)] "currentLatencynow: 36.893", source: file:///home/seluser/ppt/player/dashjs/index.html (128)
[229:229:0130/105412.483717:INFO:CONSOLE(128)] "currentLatencynow: 37.893", source: file:///home/seluser/ppt/player/dashjs/index.html (128)
[229:229:0130/105413.483681:INFO:CONSOLE(128)] "currentLatencynow: 38.893", source: file:///home/seluser/ppt/player/dashjs/index.html (128)
[229:229:0130/105414.483617:INFO:CONSOLE(128)] "currentLatencynow: 39.893", source: file:///home/seluser/ppt/player/dashjs/index.html (128)
[229:229:0130/105415.483655:INFO:CONSOLE(128)] "currentLatencynow: 40.893", source: file:///home/seluser/ppt/player/dashjs/index.html (128)
[229:229:0130/105416.483647:INFO:CONSOLE(128)] "currentLatencynow: 41.893", source: file:///home/seluser/ppt/player/dashjs/index.html (128)
[229:229:0130/105417.483635:INFO:CONSOLE(128)] "currentLatencynow: 42.893", source: file:///home/seluser/ppt/player/dashjs/index.html (128)
[229:229:0130/105418.483613:INFO:CONSOLE(128)] "currentLatencynow: 43.893", source: file:///home/seluser/ppt/player/dashjs/index.html (128)
[229:229:0130/105419.483632:INFO:CONSOLE(128)] "currentLatencynow: 44.893", source: file:///home/seluser/ppt/player/dashjs/index.html (128)
[229:229:0130/105420.483626:INFO:CONSOLE(128)] "currentLatencynow: 45.893", source: file:///home/seluser/ppt/player/dashjs/index.html (128)
[229:229:0130/105421.483577:INFO:CONSOLE(128)] "currentLatencynow: 46.893", source: file:///home/seluser/ppt/player/dashjs/index.html (128)
[229:229:0130/105422.483546:INFO:CONSOLE(128)] "currentLatencynow: 47.893", source: file:///home/seluser/ppt/player/dashjs/index.html (128)
[229:229:0130/105423.483544:INFO:CONSOLE(128)] "currentLatencynow: 48.893", source: file:///home/seluser/ppt/player/dashjs/index.html (128)
[229:229:0130/105424.483571:INFO:CONSOLE(128)] "currentLatencynow: 49.893", source: file:///home/seluser/ppt/player/dashjs/index.html (128)
[229:229:0130/105425.483529:INFO:CONSOLE(128)] "currentLatencynow: 50.893", source: file:///home/seluser/ppt/player/dashjs/index.html (128)
[229:229:0130/105426.483688:INFO:CONSOLE(128)] "currentLatencynow: 51.893", source: file:///home/seluser/ppt/player/dashjs/index.html (128)
[229:229:0130/105427.483641:INFO:CONSOLE(128)] "currentLatencynow: 52.893", source: file:///home/seluser/ppt/player/dashjs/index.html (128)
[229:229:0130/105428.483717:INFO:CONSOLE(128)] "currentLatencynow: 53.893", source: file:///home/seluser/ppt/player/dashjs/index.html (128)
[229:229:0130/105429.483651:INFO:CONSOLE(128)] "currentLatencynow: 54.893", source: file:///home/seluser/ppt/player/dashjs/index.html (128)
[229:229:0130/105430.483734:INFO:CONSOLE(128)] "currentLatencynow: 55.893", source: file:///home/seluser/ppt/player/dashjs/index.html (128)
[229:229:0130/105431.483740:INFO:CONSOLE(128)] "currentLatencynow: 56.893", source: file:///home/seluser/ppt/player/dashjs/index.html (128)
[229:229:0130/105432.483586:INFO:CONSOLE(128)] "currentLatencynow: 57.893", source: file:///home/seluser/ppt/player/dashjs/index.html (128)
[229:229:0130/105433.483600:INFO:CONSOLE(128)] "currentLatencynow: 58.893", source: file:///home/seluser/ppt/player/dashjs/index.html (128)
[229:229:0130/105434.483845:INFO:CONSOLE(128)] "currentLatencynow: 59.893", source: file:///home/seluser/ppt/player/dashjs/index.html (128)
[229:229:0130/105435.483862:INFO:CONSOLE(128)] "currentLatencynow: 60.893", source: file:///home/seluser/ppt/player/dashjs/index.html (128)
[229:229:0130/105436.483843:INFO:CONSOLE(128)] "currentLatencynow: 61.893", source: file:///home/seluser/ppt/player/dashjs/index.html (128)
[229:229:0130/105437.483801:INFO:CONSOLE(128)] "currentLatencynow: 62.893", source: file:///home/seluser/ppt/player/dashjs/index.html (128)
[229:229:0130/105438.483716:INFO:CONSOLE(128)] "currentLatencynow: 63.893", source: file:///home/seluser/ppt/player/dashjs/index.html (128)
[229:229:0130/105439.483874:INFO:CONSOLE(128)] "currentLatencynow: 64.893", source: file:///home/seluser/ppt/player/dashjs/index.html (128)
[229:229:0130/105440.483871:INFO:CONSOLE(128)] "currentLatencynow: 65.893", source: file:///home/seluser/ppt/player/dashjs/index.html (128)
[229:229:0130/105441.483706:INFO:CONSOLE(128)] "currentLatencynow: 66.893", source: file:///home/seluser/ppt/player/dashjs/index.html (128)
[229:229:0130/105442.483805:INFO:CONSOLE(128)] "currentLatencynow: 67.893", source: file:///home/seluser/ppt/player/dashjs/index.html (128)
[229:229:0130/105443.483747:INFO:CONSOLE(128)] "currentLatencynow: 68.893", source: file:///home/seluser/ppt/player/dashjs/index.html (128)
[229:229:0130/105444.483807:INFO:CONSOLE(128)] "currentLatencynow: 69.893", source: file:///home/seluser/ppt/player/dashjs/index.html (128)
[229:229:0130/105445.483772:INFO:CONSOLE(128)] "currentLatencynow: 70.893", source: file:///home/seluser/ppt/player/dashjs/index.html (128)
[229:229:0130/105446.483737:INFO:CONSOLE(128)] "currentLatencynow: 71.893", source: file:///home/seluser/ppt/player/dashjs/index.html (128)
[229:229:0130/105447.483543:INFO:CONSOLE(128)] "currentLatencynow: 72.893", source: file:///home/seluser/ppt/player/dashjs/index.html (128)
[229:229:0130/105448.483561:INFO:CONSOLE(128)] "currentLatencynow: 73.893", source: file:///home/seluser/ppt/player/dashjs/index.html (128)
[229:229:0130/105449.483754:INFO:CONSOLE(128)] "currentLatencynow: 74.893", source: file:///home/seluser/ppt/player/dashjs/index.html (128)
[229:229:0130/105450.483743:INFO:CONSOLE(128)] "currentLatencynow: 75.893", source: file:///home/seluser/ppt/player/dashjs/index.html (128)
[229:229:0130/105451.483776:INFO:CONSOLE(128)] "currentLatencynow: 76.893", source: file:///home/seluser/ppt/player/dashjs/index.html (128)
[229:229:0130/105452.483576:INFO:CONSOLE(128)] "currentLatencynow: 77.893", source: file:///home/seluser/ppt/player/dashjs/index.html (128)
[229:229:0130/105453.483647:INFO:CONSOLE(128[229:229:0130/105626.483606:INFO:CONSOLE(128)] "currentLatencynow: 171.893", source: file:///home/seluser/ppt/player/dashjs/index.html (128)
[229:229:0130/105627.483724:INFO:CONSOLE(128)] "currentLatencynow: 172.893", source: file:///home/seluser/ppt/player/dashjs/index.html (128)
[229:229:0130/105628.483838:INFO:CONSOLE(128)] "currentLatencynow: 173.893", source: file:///home/seluser/ppt/player/dashjs/index.html (128)
[229:229:0130/105629.483739:INFO:CONSOLE(128)] "currentLatencynow: 174.893", source: file:///home/seluser/ppt/player/dashjs/index.html (128)
[229:229:0130/105630.483792:INFO:CONSOLE(128)] "currentLatencynow: 175.893", source: file:///home/seluser/ppt/player/dashjs/index.html (128)
[229:229:0130/105631.483742:INFO:CONSOLE(128)] "currentLatencynow: 176.893", source: file:///home/seluser/ppt/player/dashjs/index.html (128)
[229:229:0130/105632.483705:INFO:CONSOLE(128)] "currentLatencynow: 177.893", source: file:///home/seluser/ppt/player/dashjs/index.html (128)
[229:229:0130/105632.699981:WARNING:pref_notifier_impl.cc(40)] Pref observer for media_router.cast_allow_all_ips found at shutdown.
