[229:293:0130/105326.736402:ERROR:bus.cc(392)] Failed to connect to the bus: Failed to connect to socket /var/run/dbus/system_bus_socket: No such file or directory
[229:256:0130/105326.738441:ERROR:bus.cc(392)] Failed to connect to the bus: Address does not contain a colon
[229:256:0130/105326.738550:ERROR:bus.cc(392)] Failed to connect to the bus: Address does not contain a colon
[229:256:0130/105326.749261:ERROR:bus.cc(392)] Failed to connect to the bus: Address does not contain a colon
[229:256:0130/105326.749330:ERROR:bus.cc(392)] Failed to connect to the bus: Address does not contain a colon
[300:300:0130/105326.753193:ERROR:gpu_init.cc(453)] Passthrough is not supported, GL is swiftshader, ANGLE is 
[229:256:0130/105326.773469:ERROR:bus.cc(392)] Failed to connect to the bus: Address does not contain a colon
[229:256:0130/105326.773522:ERROR:bus.cc(392)] Failed to connect to the bus: Address does not contain a colon
[229:393:0130/105326.899620:ERROR:bus.cc(392)] Failed to connect to the bus: Failed to connect to socket /var/run/dbus/system_bus_socket: No such file or directory
[229:393:0130/105326.899708:ERROR:bus.cc(392)] Failed to connect to the bus: Failed to connect to socket /var/run/dbus/system_bus_socket: No such file or directory
[229:393:0130/105326.899801:ERROR:bus.cc(392)] Failed to connect to the bus: Failed to connect to socket /var/run/dbus/system_bus_socket: No such file or directory
[229:393:0130/105326.899820:WARNING:property.cc(144)] DaemonVersion: GetAndBlock: failed.
[229:393:0130/105326.899873:ERROR:bus.cc(392)] Failed to connect to the bus: Failed to connect to socket /var/run/dbus/system_bus_socket: No such file or directory
[229:393:0130/105326.899920:ERROR:bus.cc(392)] Failed to connect to the bus: Failed to connect to socket /var/run/dbus/system_bus_socket: No such file or directory
[229:229:0130/105328.178179:INFO:CONSOLE(128)] "currentLatencynow: NaN", source: file:///home/seluser/ppt/player/dashjs/index.html (128)
[229:250:0130/105329.127293:ERROR:chrome_browser_main_extra_parts_metrics.cc(228)] crbug.com/1216328: Checking Bluetooth availability started. Please report if there is no report that this ends.
[229:250:0130/105329.127343:ERROR:chrome_browser_main_extra_parts_metrics.cc(231)] crbug.com/1216328: Checking Bluetooth availability ended.
[229:250:0130/105329.127360:ERROR:chrome_browser_main_extra_parts_metrics.cc(234)] crbug.com/1216328: Checking default browser status started. Please report if there is no report that this ends.
[229:229:0130/105329.179068:INFO:CONSOLE(128)] "currentLatencynow: 0", source: file:///home/seluser/ppt/player/dashjs/index.html (128)
[229:250:0130/105329.303010:ERROR:chrome_browser_main_extra_parts_metrics.cc(238)] crbug.com/1216328: Checking default browser status ended.
[229:229:0130/105330.177755:INFO:CONSOLE(128)] "currentLatencynow: 0", source: file:///home/seluser/ppt/player/dashjs/index.html (128)
[229:229:0130/105331.177916:INFO:CONSOLE(128)] "currentLatencynow: 0", source: file:///home/seluser/ppt/player/dashjs/index.html (128)
[626:626:0130/105331.285657:WARNING:audio_manager_linux.cc(69)] Falling back to ALSA for audio output. PulseAudio is not available or could not be initialized.
[626:626:0130/105331.291340:ERROR:alsa_util.cc(204)] PcmOpen: default,No such file or directory
[626:626:0130/105331.291474:ERROR:alsa_util.cc(204)] PcmOpen: plug:default,No such file or directory
[229:229:0130/105332.177783:INFO:CONSOLE(128)] "currentLatencynow: 7.89", source: file:///home/seluser/ppt/player/dashjs/index.html (128)
[229:229:0130/105333.177886:INFO:CONSOLE(128)] "currentLatencynow: 8.89", source: file:///home/seluser/ppt/player/dashjs/index.html (128)
[229:229:0130/105334.177910:INFO:CONSOLE(128)] "currentLatencynow: 9.886", source: file:///home/seluser/ppt/player/dashjs/index.html (128)
[229:229:0130/105335.177895:INFO:CONSOLE(128)] "currentLatencynow: 10.886", source: file:///home/seluser/ppt/player/dashjs/index.html (128)
[229:256:0130/105335.561038:ERROR:bus.cc(392)] Failed to connect to the bus: Address does not contain a colon
[229:256:0130/105335.561136:ERROR:bus.cc(392)] Failed to connect to the bus: Address does not contain a colon
[229:256:0130/105335.561184:ERROR:bus.cc(392)] Failed to connect to the bus: Address does not contain a colon
[229:256:0130/105335.561207:ERROR:bus.cc(392)] Failed to connect to the bus: Address does not contain a colon
[229:256:0130/105335.561224:ERROR:bus.cc(392)] Failed to connect to the bus: Address does not contain a colon
[229:256:0130/105335.561240:ERROR:bus.cc(392)] Failed to connect to the bus: Address does not contain a colon
[229:256:0130/105335.561257:ERROR:bus.cc(392)] Failed to connect to the bus: Address does not contain a colon
[229:256:0130/105335.561273:ERROR:bus.cc(392)] Failed to connect to the bus: Address does not contain a colon
[229:256:0130/105335.561284:ERROR:bus.cc(392)] Failed to connect to the bus: Address does not contain a colon
[229:256:0130/105335.561301:ERROR:bus.cc(392)] Failed to connect to the bus: Address does not contain a colon
[229:256:0130/105335.561318:ERROR:bus.cc(392)] Failed to connect to the bus: Address does not contain a colon
[229:256:0130/105335.561335:ERROR:bus.cc(392)] Failed to connect to the bus: Address does not contain a colon
[229:256:0130/105335.561350:ERROR:bus.cc(392)] Failed to connect to the bus: Address does not contain a colon
[229:256:0130/105335.561370:ERROR:bus.cc(392)] Failed to connect to the bus: Address does not contain a colon
[229:256:0130/105335.565430:ERROR:bus.cc(392)] Failed to connect to the bus: Address does not contain a colon
[229:256:0130/105335.565481:ERROR:bus.cc(392)] Failed to connect to the bus: Address does not contain a colon
[229:256:0130/105335.565494:ERROR:bus.cc(392)] Failed to connect to the bus: Address does not contain a colon
[229:256:0130/105335.632639:ERROR:bus.cc(392)] Failed to connect to the bus: Address does not contain a colon
[229:256:0130/105335.632706:ERROR:bus.cc(392)] Failed to connect to the bus: Address does not contain a colon
[229:229:0130/105336.177940:INFO:CONSOLE(128)] "currentLatencynow: 11.287", source: file:///home/seluser/ppt/player/dashjs/index.html (128)
[229:229:0130/105337.177945:INFO:CONSOLE(128)] "currentLatencynow: 11.187", source: file:///home/seluser/ppt/player/dashjs/index.html (128)
[229:229:0130/105338.177954:INFO:CONSOLE(128)] "currentLatencynow: 11.927", source: file:///home/seluser/ppt/player/dashjs/index.html (128)
[229:229:0130/105339.177774:INFO:CONSOLE(128)] "currentLatencynow: 12.927", source: file:///home/seluser/ppt/player/dashjs/index.html (128)
[229:229:0130/105340.177748:INFO:CONSOLE(128)] "currentLatencynow: 13.927", source: file:///home/seluser/ppt/player/dashjs/index.html (128)
[229:229:0130/105341.177628:INFO:CONSOLE(128)] "currentLatencynow: 14.927", source: file:///home/seluser/ppt/player/dashjs/index.html (128)
[229:256:0130/105341.375675:ERROR:bus.cc(392)] Failed to connect to the bus: Address does not contain a colon
[229:256:0130/105341.375755:ERROR:bus.cc(392)] Failed to connect to the bus: Address does not contain a colon
[229:229:0130/105342.177742:INFO:CONSOLE(128)] "currentLatencynow: 15.047", source: file:///home/seluser/ppt/player/dashjs/index.html (128)
[229:229:0130/105343.177834:INFO:CONSOLE(128)] "currentLatencynow: 15.047", source: file:///home/seluser/ppt/player/dashjs/index.html (128)
[229:229:0130/105344.177777:INFO:CONSOLE(128)] "currentLatencynow: 15.92", source: file:///home/seluser/ppt/player/dashjs/index.html (128)
[229:229:0130/105345.177717:INFO:CONSOLE(128)] "currentLatencynow: 16.92", source: file:///home/seluser/ppt/player/dashjs/index.html (128)
[229:229:0130/105346.177626:INFO:CONSOLE(128)] "currentLatencynow: 17.92", source: file:///home/seluser/ppt/player/dashjs/index.html (128)
[229:229:0130/105347.177787:INFO:CONSOLE(128)] "currentLatencynow: 18.92", source: file:///home/seluser/ppt/player/dashjs/index.html (128)
[229:229:0130/105348.177808:INFO:CONSOLE(128)] "currentLatencynow: 19.92", source: file:///home/seluser/ppt/player/dashjs/index.html (128)
[229:229:0130/105349.177833:INFO:CONSOLE(128)] "currentLatencynow: 20.92", source: file:///home/seluser/ppt/player/dashjs/index.html (128)
[229:229:0130/105350.177726:INFO:CONSOLE(128)] "currentLatencynow: 21.92", source: file:///home/seluser/ppt/player/dashjs/index.html (128)
[229:229:0130/105351.178067:INFO:CONSOLE(128)] "currentLatencynow: 22.92", source: file:///home/seluser/ppt/player/dashjs/index.html (128)
[229:229:0130/105352.177860:INFO:CONSOLE(128)] "currentLatencynow: 23.92", source: file:///home/seluser/ppt/player/dashjs/index.html (128)
[229:229:0130/105353.177767:INFO:CONSOLE(128)] "currentLatencynow: 24.92", source: file:///home/seluser/ppt/player/dashjs/index.html (128)
[229:229:0130/105354.177722:INFO:CONSOLE(128)] "currentLatencynow: 25.92", source: file:///home/seluser/ppt/player/dashjs/index.html (128)
[229:229:0130/105355.178088:INFO:CONSOLE(128)] "currentLatencynow: 26.92", source: file:///home/seluser/ppt/player/dashjs/index.html (128)
[229:229:0130/105356.177773:INFO:CONSOLE(128)] "currentLatencynow: 27.92", source: file:///home/seluser/ppt/player/dashjs/index.html (128)
[229:229:0130/105357.178061:INFO:CONSOLE(128)] "currentLatencynow: 28.92", source: file:///home/seluser/ppt/player/dashjs/index.html (128)
[229:229:0130/105358.177886:INFO:CONSOLE(128)] "currentLatencynow: 29.92", source: file:///home/seluser/ppt/player/dashjs/index.html (128)
[229:229:0130/105359.177848:INFO:CONSOLE(128)] "currentLatencynow: 30.573", source: file:///home/seluser/ppt/player/dashjs/index.html (128)
[229:229:0130/105400.177797:INFO:CONSOLE(128)] "currentLatencynow: 31.573", source: file:///home/seluser/ppt/player/dashjs/index.html (128)
[229:229:0130/105401.177770:INFO:CONSOLE(128)] "currentLatencynow: 32.573", source: file:///home/seluser/ppt/player/dashjs/index.html (128)
[229:229:0130/105402.177792:INFO:CONSOLE(128)] "currentLatencynow: 33.573", source: file:///home/seluser/ppt/player/dashjs/index.html (128)
[229:229:0130/105403.177733:INFO:CONSOLE(128)] "currentLatencynow: 34.573", source: file:///home/seluser/ppt/player/dashjs/index.html (128)
[229:229:0130/105404.177805:INFO:CONSOLE(128)] "currentLatencynow: 35.573", source: file:///home/seluser/ppt/player/dashjs/index.html (128)
[229:229:0130/105405.177865:INFO:CONSOLE(128)] "currentLatencynow: 36.573", source: file:///home/seluser/ppt/player/dashjs/index.html (128)
[229:229:0130/105406.177687:INFO:CONSOLE(128)] "currentLatencynow: 37.573", source: file:///home/seluser/ppt/player/dashjs/index.html (128)
[229:229:0130/105407.177706:INFO:CONSOLE(128)] "currentLatencynow: 38.573", source: file:///home/seluser/ppt/player/dashjs/index.html (128)
[229:229:0130/105408.177728:INFO:CONSOLE(128)] "currentLatencynow: 39.573", source: file:///home/seluser/ppt/player/dashjs/index.html (128)
[229:229:0130/105409.177675:INFO:CONSOLE(128)] "currentLatencynow: 40.573", source: file:///home/seluser/ppt/player/dashjs/index.html (128)
[229:229:0130/105410.177658:INFO:CONSOLE(128)] "currentLatencynow: 41.573", source: file:///home/seluser/ppt/player/dashjs/index.html (128)
[229:229:0130/105411.177623:INFO:CONSOLE(128)] "currentLatencynow: 42.573", source: file:///home/seluser/ppt/player/dashjs/index.html (128)
[229:229:0130/105412.177659:INFO:CONSOLE(128)] "currentLatencynow: 43.573", source: file:///home/seluser/ppt/player/dashjs/index.html (128)
[229:229:0130/105413.177682:INFO:CONSOLE(128)] "currentLatencynow: 44.573", source: file:///home/seluser/ppt/player/dashjs/index.html (128)
[229:229:0130/105414.177630:INFO:CONSOLE(128)] "currentLatencynow: 45.573", source: file:///home/seluser/ppt/player/dashjs/index.html (128)
[229:229:0130/105415.177590:INFO:CONSOLE(128)] "currentLatencynow: 46.573", source: file:///home/seluser/ppt/player/dashjs/index.html (128)
[229:229:0130/105416.177668:INFO:CONSOLE(128)] "currentLatencynow: 47.573", source: file:///home/seluser/ppt/player/dashjs/index.html (128)
[229:229:0130/105417.177652:INFO:CONSOLE(128)] "currentLatencynow: 48.573", source: file:///home/seluser/ppt/player/dashjs/index.html (128)
[229:229:0130/105418.177624:INFO:CONSOLE(128)] "currentLatencynow: 49.573", source: file:///home/seluser/ppt/player/dashjs/index.html (128)
[229:229:0130/105419.177631:INFO:CONSOLE(128)] "currentLatencynow: 50.573", source: file:///home/seluser/ppt/player/dashjs/index.html (128)
[229:229:0130/105420.177620:INFO:CONSOLE(128)] "currentLatencynow: 51.573", source: file:///home/seluser/ppt/player/dashjs/index.html (128)
[229:229:0130/105421.177601:INFO:CONSOLE(128)] "currentLatencynow: 52.573", source: file:///home/seluser/ppt/player/dashjs/index.html (128)
[229:229:0130/105422.177705:INFO:CONSOLE(128)] "currentLatencynow: 53.573", source: file:///home/seluser/ppt/player/dashjs/index.html (128)
[229:229:0130/105423.177558:INFO:CONSOLE(128)] "currentLatencynow: 54.573", source: file:///home/seluser/ppt/player/dashjs/index.html (128)
[229:229:0130/105424.177695:INFO:CONSOLE(128)] "currentLatencynow: 55.573", source: file:///home/seluser/ppt/player/dashjs/index.html (128)
[229:229:0130/105425.177918:INFO:CONSOLE(128)] "currentLatencynow: 56.573", source: file:///home/seluser/ppt/player/dashjs/index.html (128)
[229:229:0130/105426.177761:INFO:CONSOLE(128)] "currentLatencynow: 57.573", source: file:///home/seluser/ppt/player/dashjs/index.html (128)
[229:229:0130/105427.177571:INFO:CONSOLE(128)] "currentLatencynow: 58.573", source: file:///home/seluser/ppt/player/dashjs/index.html (128)
[229:229:0130/105428.177906:INFO:CONSOLE(128)] "currentLatencynow: 59.573", source: file:///home/seluser/ppt/player/dashjs/index.html (128)
[229:229:0130/105429.177667:INFO:CONSOLE(128)] "currentLatencynow: 60.573", source: file:///home/seluser/ppt/player/dashjs/index.html (128)
[229:229:0130/105430.177727:INFO:CONSOLE(128)] "currentLatencynow: 61.573", source: file:///home/seluser/ppt/player/dashjs/index.html (128)
[229:229:0130/105431.177714:INFO:CONSOLE(128)] "currentLatencynow: 62.573", source: file:///home/seluser/ppt/player/dashjs/index.html (128)
[229:229:0130/105432.177698:INFO:CONSOLE(128)] "currentLatencynow: 63.573", source: file:///home/seluser/ppt/player/dashjs/index.html (128)
[229:229:0130/105433.177689:INFO:CONSOLE(128)] "currentLatencynow: 64.573", source: file:///home/seluser/ppt/player/dashjs/index.html (128)
[229:229:0130/105434.177668:INFO:CONSOLE(128)] "currentLatencynow: 65.573", source: file:///home/seluser/ppt/player/dashjs/index.html (128)
[229:229:0130/105435.177777:INFO:CONSOLE(128)] "currentLatencynow: 66.573", source: file:///home/seluser/ppt/player/dashjs/index.html (128)
[229:229:0130/105436.177681:INFO:CONSOLE(128)] "currentLatencynow: 67.573", source: file:///home/seluser/ppt/player/dashjs/index.html (128)
[229:229:0130/105437.177704:INFO:CONSOLE(128)] "currentLatencynow: 68.573", source: file:///home/seluser/ppt/player/dashjs/index.html (128)
[229:229:0130/105438.177687:INFO:CONSOLE(128)] "currentLatencynow: 69.573", source: file:///home/seluser/ppt/player/dashjs/index.html (128)
[229:229:0130/105439.177705:INFO:CONSOLE(128)] "currentLatencynow: 70.573", source: file:///home/seluser/ppt/player/dashjs/index.html (128)
[229:229:0130/105440.177662:INFO:CONSOLE(128)] "currentLatencynow: 71.573", source: file:///home/seluser/ppt/player/dashjs/index.html (128)
[229:229:0130/105441.177670:INFO:CONSOLE(128)] "currentLatencynow: 72.573", source: file:///home/seluser/ppt/player/dashjs/index.html (128)
[229:229:0130/105442.177706:INFO:CONSOLE(128)] "currentLatencynow: 73.573", source: file:///home/seluser/ppt/player/dashjs/index.html (128)
[229:229:0130/105443.177599:INFO:CONSOLE(128)] "currentLatencynow: 74.573", source: file:///home/seluser/ppt/player/dashjs/index.html (128)
[229:229:0130/105444.177622:INFO:CONSOLE(128)] "currentLatencynow: 75.573", source: file:///home/seluser/ppt/player/dashjs/index.html (128)
[229:229:0130/105445.177640:INFO:CONSOLE(128)] "currentLatencynow: 76.573", source: file:///home/seluser/ppt/player/dashjs/index.html (128)
[229:229:0130/105446.177711:INFO:CONSOLE(128)] "currentLatencynow: 77.573", source: file:///home/seluser/ppt/player/dashjs/index.html (128)
[229:229:0130/105447.177672:INFO:CONSOLE(128)] "currentLatencynow: 78.573", source: file:///home/seluser/ppt/player/dashjs/index.html (128)
[229:229:0130/105448.177629:INFO:CONSO[229:229:0130/105626.177589:INFO:CONSOLE(128)] "currentLatencynow: 177.573", source: file:///home/seluser/ppt/player/dashjs/index.html (128)
[229:229:0130/105627.177772:INFO:CONSOLE(128)] "currentLatencynow: 178.573", source: file:///home/seluser/ppt/player/dashjs/index.html (128)
[229:229:0130/105627.299976:WARNING:pref_notifier_impl.cc(40)] Pref observer for media_router.cast_allow_all_ips found at shutdown.
