[230:250:0130/105932.529250:ERROR:file_path_watcher_linux.cc(326)] inotify_init() failed: Too many open files (24)
[230:293:0130/105932.764533:ERROR:bus.cc(392)] Failed to connect to the bus: Failed to connect to socket /var/run/dbus/system_bus_socket: No such file or directory
[230:256:0130/105932.767512:ERROR:bus.cc(392)] Failed to connect to the bus: Address does not contain a colon
[230:256:0130/105932.769169:ERROR:bus.cc(392)] Failed to connect to the bus: Address does not contain a colon
[298:298:0130/105932.785928:ERROR:gpu_init.cc(453)] Passthrough is not supported, GL is swiftshader, ANGLE is 
[230:256:0130/105932.788703:ERROR:bus.cc(392)] Failed to connect to the bus: Address does not contain a colon
[230:256:0130/105932.789242:ERROR:bus.cc(392)] Failed to connect to the bus: Address does not contain a colon
[301:338:0130/105932.817810:ERROR:file_path_watcher_linux.cc(326)] inotify_init() failed: Too many open files (24)
[230:256:0130/105932.832319:ERROR:bus.cc(392)] Failed to connect to the bus: Address does not contain a colon
[230:256:0130/105932.840461:ERROR:bus.cc(392)] Failed to connect to the bus: Address does not contain a colon
[230:398:0130/105933.129421:ERROR:bus.cc(392)] Failed to connect to the bus: Failed to connect to socket /var/run/dbus/system_bus_socket: No such file or directory
[230:398:0130/105933.129510:ERROR:bus.cc(392)] Failed to connect to the bus: Failed to connect to socket /var/run/dbus/system_bus_socket: No such file or directory
[230:398:0130/105933.129579:ERROR:bus.cc(392)] Failed to connect to the bus: Failed to connect to socket /var/run/dbus/system_bus_socket: No such file or directory
[230:398:0130/105933.129600:WARNING:property.cc(144)] DaemonVersion: GetAndBlock: failed.
[230:398:0130/105933.129635:ERROR:bus.cc(392)] Failed to connect to the bus: Failed to connect to socket /var/run/dbus/system_bus_socket: No such file or directory
[230:398:0130/105933.129681:ERROR:bus.cc(392)] Failed to connect to the bus: Failed to connect to socket /var/run/dbus/system_bus_socket: No such file or directory
[230:230:0130/105934.632489:INFO:CONSOLE(128)] "currentLatencynow: NaN", source: file:///home/seluser/ppt/player/dashjs/index.html (128)
[230:230:0130/105935.632018:INFO:CONSOLE(128)] "currentLatencynow: NaN", source: file:///home/seluser/ppt/player/dashjs/index.html (128)
[230:252:0130/105935.938520:ERROR:chrome_browser_main_extra_parts_metrics.cc(228)] crbug.com/1216328: Checking Bluetooth availability started. Please report if there is no report that this ends.
[230:252:0130/105935.940737:ERROR:chrome_browser_main_extra_parts_metrics.cc(231)] crbug.com/1216328: Checking Bluetooth availability ended.
[230:252:0130/105935.940777:ERROR:chrome_browser_main_extra_parts_metrics.cc(234)] crbug.com/1216328: Checking default browser status started. Please report if there is no report that this ends.
[230:252:0130/105936.164586:ERROR:chrome_browser_main_extra_parts_metrics.cc(238)] crbug.com/1216328: Checking default browser status ended.
[230:230:0130/105936.632129:INFO:CONSOLE(128)] "currentLatencynow: NaN", source: file:///home/seluser/ppt/player/dashjs/index.html (128)
[230:230:0130/105937.632484:INFO:CONSOLE(128)] "currentLatencynow: NaN", source: file:///home/seluser/ppt/player/dashjs/index.html (128)
[230:230:0130/105938.632090:INFO:CONSOLE(128)] "currentLatencynow: NaN", source: file:///home/seluser/ppt/player/dashjs/index.html (128)
[230:230:0130/105939.632023:INFO:CONSOLE(128)] "currentLatencynow: NaN", source: file:///home/seluser/ppt/player/dashjs/index.html (128)
[230:230:0130/105940.632101:INFO:CONSOLE(128)] "currentLatencynow: 0", source: file:///home/seluser/ppt/player/dashjs/index.html (128)
[230:230:0130/105941.631995:INFO:CONSOLE(128)] "currentLatencynow: 0", source: file:///home/seluser/ppt/player/dashjs/index.html (128)
[230:230:0130/105942.632191:INFO:CONSOLE(128)] "currentLatencynow: 0", source: file:///home/seluser/ppt/player/dashjs/index.html (128)
[230:230:0130/105943.633079:INFO:CONSOLE(128)] "currentLatencynow: 0", source: file:///home/seluser/ppt/player/dashjs/index.html (128)
[230:230:0130/105944.633263:INFO:CONSOLE(128)] "currentLatencynow: 0", source: file:///home/seluser/ppt/player/dashjs/index.html (128)
[230:230:0130/105945.632159:INFO:CONSOLE(128)] "currentLatencynow: 0", source: file:///home/seluser/ppt/player/dashjs/index.html (128)
[230:230:0130/105946.632024:INFO:CONSOLE(128)] "currentLatencynow: 0", source: file:///home/seluser/ppt/player/dashjs/index.html (128)
[230:230:0130/105947.632127:INFO:CONSOLE(128)] "currentLatencynow: 0", source: file:///home/seluser/ppt/player/dashjs/index.html (128)
[230:230:0130/105948.632840:INFO:CONSOLE(128)] "currentLatencynow: 0", source: file:///home/seluser/ppt/player/dashjs/index.html (128)
[399:430:0130/105949.509716:ERROR:disk_data_allocator.cc(175)] DISK: Cannot write to disk. written = 1614 FILE_ERROR_FAILED
[230:230:0130/105949.632101:INFO:CONSOLE(128)] "currentLatencynow: 0", source: file:///home/seluser/ppt/player/dashjs/index.html (128)
[230:230:0130/105950.632329:INFO:CONSOLE(128)] "currentLatencynow: 0", source: file:///home/seluser/ppt/player/dashjs/index.html (128)
[230:230:0130/105951.631952:INFO:CONSOLE(128)] "currentLatencynow: 0", source: file:///home/seluser/ppt/player/dashjs/index.html (128)
[230:230:0130/105952.631930:INFO:CONSOLE(128)] "currentLatencynow: 0", source: file:///home/seluser/ppt/player/dashjs/index.html (128)
[230:230:0130/105953.631971:INFO:CONSOLE(128)] "currentLatencynow: 0", source: file:///home/seluser/ppt/player/dashjs/index.html (128)
[230:230:0130/105954.631986:INFO:CONSOLE(128)] "currentLatencynow: 0", source: file:///home/seluser/ppt/player/dashjs/index.html (128)
[230:230:0130/105955.631946:INFO:CONSOLE(128)] "currentLatencynow: 0", source: file:///home/seluser/ppt/player/dashjs/index.html (128)
[230:230:0130/105956.631986:INFO:CONSOLE(128)] "currentLatencynow: 0", source: file:///home/seluser/ppt/player/dashjs/index.html (128)
[230:230:0130/105957.632035:INFO:CONSOLE(128)] "currentLatencynow: 0", source: file:///home/seluser/ppt/player/dashjs/index.html (128)
[230:230:0130/105958.632126:INFO:CONSOLE(128)] "currentLatencynow: 0", source: file:///home/seluser/ppt/player/dashjs/index.html (128)
[230:230:0130/105959.632058:INFO:CONSOLE(128)] "currentLatencynow: 0", source: file:///home/seluser/ppt/player/dashjs/index.html (128)
[668:668:0130/105959.874158:WARNING:audio_manager_linux.cc(69)] Falling back to ALSA for audio output. PulseAudio is not available or could not be initialized.
[668:668:0130/105959.880158:ERROR:alsa_util.cc(204)] PcmOpen: default,No such file or directory
[668:668:0130/105959.880441:ERROR:alsa_util.cc(204)] PcmOpen: plug:default,No such file or directory
[230:230:0130/110000.632183:INFO:CONSOLE(128)] "currentLatencynow: 24.23", source: file:///home/seluser/ppt/player/dashjs/index.html (128)
[230:230:0130/110001.632065:INFO:CONSOLE(128)] "currentLatencynow: 25.23", source: file:///home/seluser/ppt/player/dashjs/index.html (128)
[230:230:0130/110002.631930:INFO:CONSOLE(128)] "currentLatencynow: 26.23", source: file:///home/seluser/ppt/player/dashjs/index.html (128)
[301:341:0130/110003.592489:ERROR:database.cc(1761)] ReportingAndNEL SQLite error: code 13 errno 0: database or disk is full sql: INSERT INTO nel_policies (nik, origin_scheme, origin_host, origin_port, received_ip_address, group_name, expires_us_since_epoch, success_fraction, failure_fraction, is_include_subdomains, last_access_us_since_epoch) VALUES (?,?,?,?,?,?,?,?,?,?,?)
[301:341:0130/110003.594231:ERROR:database.cc(1761)] ReportingAndNEL SQLite error: code 13 errno 0: database or disk is full sql: INSERT INTO reporting_endpoints (nik, origin_scheme, origin_host, origin_port, group_name, url, priority, weight) VALUES (?,?,?,?,?,?,?,?)
[301:341:0130/110003.595725:ERROR:database.cc(1761)] ReportingAndNEL SQLite error: code 13 errno 0: database or disk is full sql: INSERT INTO reporting_endpoints (nik, origin_scheme, origin_host, origin_port, group_name, url, priority, weight) VALUES (?,?,?,?,?,?,?,?)
[301:341:0130/110003.597286:ERROR:database.cc(1761)] ReportingAndNEL SQLite error: code 13 errno 0: database o[230:230:0130/110210.632206:INFO:CONSOLE(128)] "currentLatencynow: 142.385", source: file:///home/seluser/ppt/player/dashjs/index.html (128)
[230:230:0130/110211.632460:INFO:CONSOLE(128)] "currentLatencynow: 143.385", source: file:///home/seluser/ppt/player/dashjs/index.html (128)
[230:230:0130/110212.633380:INFO:CONSOLE(128)] "currentLatencynow: 144.385", source: file:///home/seluser/ppt/player/dashjs/index.html (128)
[230:230:0130/110213.632161:INFO:CONSOLE(128)] "currentLatencynow: 145.385", source: file:///home/seluser/ppt/player/dashjs/index.html (128)
[230:230:0130/110214.632176:INFO:CONSOLE(128)] "currentLatencynow: 146.385", source: file:///home/seluser/ppt/player/dashjs/index.html (128)
[230:230:0130/110215.632156:INFO:CONSOLE(128)] "currentLatencynow: 147.385", source: file:///home/seluser/ppt/player/dashjs/index.html (128)
[230:230:0130/110216.632239:INFO:CONSOLE(128)] "currentLatencynow: 148.385", source: file:///home/seluser/ppt/player/dashjs/index.html (128)
[230:230:0130/110217.632155:INFO:CONSOLE(128)] "currentLatencynow: 149.385", source: file:///home/seluser/ppt/player/dashjs/index.html (128)
[230:230:0130/110218.632242:INFO:CONSOLE(128)] "currentLatencynow: 150.385", source: file:///home/seluser/ppt/player/dashjs/index.html (128)
[230:230:0130/110219.632195:INFO:CONSOLE(128)] "currentLatencynow: 151.385", source: file:///home/seluser/ppt/player/dashjs/index.html (128)
[230:230:0130/110220.632246:INFO:CONSOLE(128)] "currentLatencynow: 152.385", source: file:///home/seluser/ppt/player/dashjs/index.html (128)
[230:230:0130/110221.632186:INFO:CONSOLE(128)] "currentLatencynow: 153.385", source: file:///home/seluser/ppt/player/dashjs/index.html (128)
[230:230:0130/110222.632220:INFO:CONSOLE(128)] "currentLatencynow: 154.385", source: file:///home/seluser/ppt/player/dashjs/index.html (128)
[230:230:0130/110223.632134:INFO:CONSOLE(128)] "currentLatencynow: 155.385", source: file:///home/seluser/ppt/player/dashjs/index.html (128)
[230:230:0130/110224.632134:INFO:CONSOLE(128)] "currentLatencynow: 156.385", source: file:///home/seluser/ppt/player/dashjs/index.html (128)
[230:230:0130/110225.632240:INFO:CONSOLE(128)] "currentLatencynow: 157.385", source: file:///home/seluser/ppt/player/dashjs/index.html (128)
[230:230:0130/110226.632108:INFO:CONSOLE(128)] "currentLatencynow: 158.385", source: file:///home/seluser/ppt/player/dashjs/index.html (128)
[230:230:0130/110227.632119:INFO:CONSOLE(128)] "currentLatencynow: 159.385", source: file:///home/seluser/ppt/player/dashjs/index.html (128)
[230:230:0130/110228.632227:INFO:CONSOLE(128)] "currentLatencynow: 160.385", source: file:///home/seluser/ppt/player/dashjs/index.html (128)
[230:230:0130/110229.632071:INFO:CONSOLE(128)] "currentLatencynow: 161.385", source: file:///home/seluser/ppt/player/dashjs/index.html (128)
[230:230:0130/110230.632016:INFO:CONSOLE(128)] "currentLatencynow: 162.385", source: file:///home/seluser/ppt/player/dashjs/index.html (128)
[230:230:0130/110231.632181:INFO:CONSOLE(128)] "currentLatencynow: 163.385", source: file:///home/seluser/ppt/player/dashjs/index.html (128)
[230:230:0130/110232.632188:INFO:CONSOLE(128)] "currentLatencynow: 164.385", source: file:///home/seluser/ppt/player/dashjs/index.html (128)
[230:230:0130/110233.632219:INFO:CONSOLE(128)] "currentLatencynow: 165.385", source: file:///home/seluser/ppt/player/dashjs/index.html (128)
[230:684:0130/110233.805382:ERROR:database.cc(1761)] History SQLite error: code 1 errno 0: cannot commit - no transaction is active sql: COMMIT
[230:230:0130/110233.819198:WARNING:pref_notifier_impl.cc(40)] Pref observer for media_router.cast_allow_all_ips found at shutdown.
