[102:138:0103/104646.901839:ERROR:bus.cc(392)] Failed to connect to the bus: Failed to connect to socket /var/run/dbus/system_bus_socket: No such file or directory
[102:129:0103/104646.904467:ERROR:bus.cc(392)] Failed to connect to the bus: Address does not contain a colon
[102:129:0103/104646.904501:ERROR:bus.cc(392)] Failed to connect to the bus: Address does not contain a colon
[102:129:0103/104646.914030:ERROR:bus.cc(392)] Failed to connect to the bus: Address does not contain a colon
[102:129:0103/104646.914069:ERROR:bus.cc(392)] Failed to connect to the bus: Address does not contain a colon
[144:144:0103/104646.960824:ERROR:gpu_init.cc(453)] Passthrough is not supported, GL is swiftshader, ANGLE is 
[102:129:0103/104646.964521:ERROR:bus.cc(392)] Failed to connect to the bus: Address does not contain a colon
[102:129:0103/104646.964626:ERROR:bus.cc(392)] Failed to connect to the bus: Address does not contain a colon
[102:214:0103/104647.120680:ERROR:bus.cc(392)] Failed to connect to the bus: Failed to connect to socket /var/run/dbus/system_bus_socket: No such file or directory
[102:214:0103/104647.120735:ERROR:bus.cc(392)] Failed to connect to the bus: Failed to connect to socket /var/run/dbus/system_bus_socket: No such file or directory
[102:214:0103/104647.120800:ERROR:bus.cc(392)] Failed to connect to the bus: Failed to connect to socket /var/run/dbus/system_bus_socket: No such file or directory
[102:214:0103/104647.120815:WARNING:property.cc(144)] DaemonVersion: GetAndBlock: failed.
[102:214:0103/104647.120860:ERROR:bus.cc(392)] Failed to connect to the bus: Failed to connect to socket /var/run/dbus/system_bus_socket: No such file or directory
[102:214:0103/104647.120900:ERROR:bus.cc(392)] Failed to connect to the bus: Failed to connect to socket /var/run/dbus/system_bus_socket: No such file or directory
[102:102:0103/104649.755603:INFO:CONSOLE(126)] "currentLatencynow: NaN", source: file:///home/seluser/ppt/player/bola1/index.html (126)
[102:122:0103/104650.104788:ERROR:chrome_browser_main_extra_parts_metrics.cc(228)] crbug.com/1216328: Checking Bluetooth availability started. Please report if there is no report that this ends.
[102:122:0103/104650.104832:ERROR:chrome_browser_main_extra_parts_metrics.cc(231)] crbug.com/1216328: Checking Bluetooth availability ended.
[102:122:0103/104650.104843:ERROR:chrome_browser_main_extra_parts_metrics.cc(234)] crbug.com/1216328: Checking default browser status started. Please report if there is no report that this ends.
[102:122:0103/104650.252151:ERROR:chrome_browser_main_extra_parts_metrics.cc(238)] crbug.com/1216328: Checking default browser status ended.
[102:102:0103/104650.755211:INFO:CONSOLE(126)] "currentLatencynow: NaN", source: file:///home/seluser/ppt/player/bola1/index.html (126)
[102:102:0103/104651.755313:INFO:CONSOLE(126)] "currentLatencynow: 0", source: file:///home/seluser/ppt/player/bola1/index.html (126)
[426:426:0103/104652.173192:WARNING:audio_manager_linux.cc(69)] Falling back to ALSA for audio output. PulseAudio is not available or could not be initialized.
[426:426:0103/104652.179081:ERROR:alsa_util.cc(204)] PcmOpen: default,No such file or directory
[426:426:0103/104652.179250:ERROR:alsa_util.cc(204)] PcmOpen: plug:default,No such file or directory
[102:102:0103/104652.755318:INFO:CONSOLE(126)] "currentLatencynow: 5.311", source: file:///home/seluser/ppt/player/bola1/index.html (126)
[102:129:0103/104653.094771:ERROR:bus.cc(392)] Failed to connect to the bus: Address does not contain a colon
[102:129:0103/104653.094816:ERROR:bus.cc(392)] Failed to connect to the bus: Address does not contain a colon
[102:129:0103/104653.094832:ERROR:bus.cc(392)] Failed to connect to the bus: Address does not contain a colon
[102:129:0103/104653.094845:ERROR:bus.cc(392)] Failed to connect to the bus: Address does not contain a colon
[102:129:0103/104653.094858:ERROR:bus.cc(392)] Failed to connect to the bus: Address does not contain a colon
[102:129:0103/104653.094870:ERROR:bus.cc(392)] Failed to connect to the bus: Address does not contain a colon
[102:129:0103/104653.094882:ERROR:bus.cc(392)] Failed to connect to the bus: Address does not contain a colon
[102:129:0103/104653.094911:ERROR:bus.cc(392)] Failed to connect to the bus: Address does not contain a colon
[102:129:0103/104653.094924:ERROR:bus.cc(392)] Failed to connect to the bus: Address does not contain a colon
[102:129:0103/104653.094937:ERROR:bus.cc(392)] Failed to connect to the bus: Address does not contain a colon
[102:129:0103/104653.094949:ERROR:bus.cc(392)] Failed to connect to the bus: Address does not contain a colon
[102:129:0103/104653.094963:ERROR:bus.cc(392)] Failed to connect to the bus: Address does not contain a colon
[102:129:0103/104653.094976:ERROR:bus.cc(392)] Failed to connect to the bus: Address does not contain a colon
[102:129:0103/104653.094989:ERROR:bus.cc(392)] Failed to connect to the bus: Address does not contain a colon
[102:129:0103/104653.101523:ERROR:bus.cc(392)] Failed to connect to the bus: Address does not contain a colon
[102:129:0103/104653.101568:ERROR:bus.cc(392)] Failed to connect to the bus: Address does not contain a colon
[102:129:0103/104653.101587:ERROR:bus.cc(392)] Failed to connect to the bus: Address does not contain a colon
[102:129:0103/104653.182731:ERROR:bus.cc(392)] Failed to connect to the bus: Address does not contain a colon
[102:129:0103/104653.182794:ERROR:bus.cc(392)] Failed to connect to the bus: Address does not contain a colon
[102:102:0103/104653.755170:INFO:CONSOLE(126)] "currentLatencynow: 5.717", source: file:///home/seluser/ppt/player/bola1/index.html (126)
[102:102:0103/104654.755183:INFO:CONSOLE(126)] "currentLatencynow: 5.716", source: file:///home/seluser/ppt/player/bola1/index.html (126)
[102:102:0103/104655.755218:INFO:CONSOLE(126)] "currentLatencynow: 5.717", source: file:///home/seluser/ppt/player/bola1/index.html (126)
[102:102:0103/104656.755192:INFO:CONSOLE(126)] "currentLatencynow: 5.659", source: file:///home/seluser/ppt/player/bola1/index.html (126)
[102:102:0103/104657.755297:INFO:CONSOLE(126)] "currentLatencynow: 5.559", source: file:///home/seluser/ppt/player/bola1/index.html (126)
[102:102:0103/104658.755243:INFO:CONSOLE(126)] "currentLatencynow: 5.459", source: file:///home/seluser/ppt/player/bola1/index.html (126)
[102:102:0103/104659.755184:INFO:CONSOLE(126)] "currentLatencynow: 5.432", source: file:///home/seluser/ppt/player/bola1/index.html (126)
[102:102:0103/104700.755361:INFO:CONSOLE(126)] "currentLatencynow: 5.691", source: file:///home/seluser/ppt/player/bola1/index.html (126)
[102:102:0103/104701.755246:INFO:CONSOLE(126)] "currentLatencynow: 5.69", source: file:///home/seluser/ppt/player/bola1/index.html (126)
[102:102:0103/104702.755207:INFO:CONSOLE(126)] "currentLatencynow: 5.594", source: file:///home/seluser/ppt/player/bola1/index.html (126)
[102:102:0103/104703.755247:INFO:CONSOLE(126)] "currentLatencynow: 5.493", source: file:///home/seluser/ppt/player/bola1/index.html (126)
[102:102:0103/104704.755243:INFO:CONSOLE(126)] "currentLatencynow: 5.393", source: file:///home/seluser/ppt/player/bola1/index.html (126)
[102:102:0103/104705.755217:INFO:CONSOLE(126)] "currentLatencynow: 5.293", source: file:///home/seluser/ppt/player/bola1/index.html (126)
[102:102:0103/104706.755220:INFO:CONSOLE(126)] "currentLatencynow: 5.193", source: file:///home/seluser/ppt/player/bola1/index.html (126)
[102:102:0103/104707.755196:INFO:CONSOLE(126)] "currentLatencynow: 5.093", source: file:///home/seluser/ppt/player/bola1/index.html (126)
[102:102:0103/104708.755234:INFO:CONSOLE(126)] "currentLatencynow: 4.993", source: file:///home/seluser/ppt/player/bola1/index.html (126)
[102:102:0103/104709.755230:INFO:CONSOLE(126)] "currentLatencynow: 4.894", source: file:///home/seluser/ppt/player/bola1/index.html (126)
[102:102:0103/104710.755264:INFO:CONSOLE(126)] "currentLatencynow: 4.794", source: file:///home/seluser/ppt/player/bola1/index.html (126)
[102:102:0103/104711.755229:INFO:CONSOLE(126)] "currentLatencynow: 4.693", source: file:///home/seluser/ppt/player/bola1/index.html (126)
[102:102:0103/104712.755234:INFO:CONSOLE(126)] "currentLatencynow: 4.593", source: file:///home/seluser/ppt/player/bola1/index.html (126)
[102:102:0103/104713.755217:INFO:CONSOLE(126)] "currentLatencynow: 4.494", source: file:///home/seluser/ppt/player/bola1/index.html (126)
[102:102:0103/104714.755255:INFO:CONSOLE(126)] "currentLatencynow: 4.402", source: file:///home/seluser/ppt/player/bola1/index.html (126)
[102:102:0103/104715.755165:INFO:CONSOLE(126)] "currentLatencynow: 4.321", source: file:///home/seluser/ppt/player/bola1/index.html (126)
[102:102:0103/104716.755220:INFO:CONSOLE(126)] "currentLatencynow: 4.247", source: file:///home/seluser/ppt/player/bola1/index.html (126)
[102:102:0103/104717.755172:INFO:CONSOLE(126)] "currentLatencynow: 4.189", source: file:///home/seluser/ppt/player/bola1/index.html (126)
[102:102:0103/104718.755236:INFO:CONSOLE(126)] "currentLatencynow: 4.135", source: file:///home/seluser/ppt/player/bola1/index.html (126)
[102:102:0103/104719.755240:INFO:CONSOLE(126)] "currentLatencynow: 4.101", source: file:///home/seluser/ppt/player/bola1/index.html (126)
[102:102:0103/104720.755227:INFO:CONSOLE(126)] "currentLatencynow: 4.066", source: file:///home/seluser/ppt/player/bola1/index.html (126)
[102:102:0103/104721.755186:INFO:CONSOLE(126)] "currentLatencynow: 4.045", source: file:///home/seluser/ppt/player/bola1/index.html (126)
[102:102:0103/104722.755237:INFO:CONSOLE(126)] "currentLatencynow: 4.03", source: file:///home/seluser/ppt/player/bola1/index.html (126)
[102:102:0103/104723.755245:INFO:CONSOLE(126)] "currentLatencynow: 4.019", source: file:///home/seluser/ppt/player/bola1/index.html (126)
[102:102:0103/104724.755228:INFO:CONSOLE(126)] "currentLatencynow: 4.019", source: file:///home/seluser/ppt/player/bola1/index.html (126)
[102:102:0103/104725.755222:INFO:CONSOLE(126)] "currentLatencynow: 4.019", source: file:///home/seluser/ppt/player/bola1/index.html (126)
[102:102:0103/104726.755262:INFO:CONSOLE(126)] "currentLatencynow: 4.02", source: file:///home/seluser/ppt/player/bola1/index.html (126)
[102:102:0103/104727.755282:INFO:CONSOLE(126)] "currentLatencynow: 4.02", source: file:///home/seluser/ppt/player/bola1/index.html (126)
[102:102:0103/104728.755224:INFO:CONSOLE(126)] "currentLatencynow: 4.019", source: file:///home/seluser/ppt/player/bola1/index.html (126)
[102:102:0103/104729.755337:INFO:CONSOLE(126)] "currentLatencynow: 4.02", source: file:///home/seluser/ppt/player/bola1/index.html (126)
[102:102:0103/104730.755230:INFO:CONSOLE(126)] "currentLatencynow: 4.02", source: file:///home/seluser/ppt/player/bola1/index.html (126)
[102:102:0103/104731.755232:INFO:CONSOLE(126)] "currentLatencynow: 4.019", source: file:///home/seluser/ppt/player/bola1/index.html (126)
[102:102:0103/104732.755230:INFO:CONSOLE(126)] "currentLatencynow: 4.019", source: file:///home/seluser/ppt/player/bola1/index.html (126)
[102:102:0103/104733.755221:INFO:CONSOLE(126)] "currentLatencynow: 4.019", source: file:///home/seluser/ppt/player/bola1/index.html (126)
[102:102:0103/104734.755237:INFO:CONSOLE(126)] "currentLatencynow: 4.019", source: file:///home/seluser/ppt/player/bola1/index.html (126)
[102:102:0103/104735.755247:INFO:CONSOLE(126)] "currentLatencynow: 4.02", source: file:///home/seluser/ppt/player/bola1/index.html (126)
[102:102:0103/104736.755225:INFO:CONSOLE(126)] "currentLatencynow: 4.019", source: file:///home/seluser/ppt/player/bola1/index.html (126)
[102:102:0103/104737.755181:INFO:CONSOLE(126)] "currentLatencynow: 4.019", source: file:///home/seluser/ppt/player/bola1/index.html (126)
[102:102:0103/104738.755228:INFO:CONSOLE(126)] "currentLatencynow: 4.02", source: file:///home/seluser/ppt/player/bola1/index.html (126)
[102:102:0103/104739.755201:INFO:CONSOLE(126)] "currentLatencynow: 4.019", source: file:///home/seluser/ppt/player/bola1/index.html (126)
[102:102:0103/104740.755207:INFO:CONSOLE(126)] "currentLatencynow: 4.019", source: file:///home/seluser/ppt/player/bola1/index.html (126)
[102:102:0103/104741.755223:INFO:CONSOLE(126)] "currentLatencynow: 4.02", source: file:///home/seluser/ppt/player/bola1/index.html (126)
[102:102:0103/104742.755208:INFO:CONSOLE(126)] "currentLatencynow: 4.019", source: file:///home/seluser/ppt/player/bola1/index.html (126)
[102:102:0103/104743.755273:INFO:CONSOLE(126)] "currentLatencynow: 4.02", source: file:///home/seluser/ppt/player/bola1/index.html (126)
[102:102:0103/104744.755195:INFO:CONSOLE(126)] "currentLatencynow: 4.02", source: file:///home/seluser/ppt/player/bola1/index.html (126)
[102:102:0103/104745.755185:INFO:CONSOLE(126)] "currentLatencynow: 4.019", source: file:///home/seluser/ppt/player/bola1/index.html (126)
[102:102:0103/104746.755237:INFO:CONSOLE(126)] "currentLatencynow: 4.02", source: file:///home/seluser/ppt/player/bola1/index.html (126)
[102:102:0103/104747.755182:INFO:CONSOLE(126)] "currentLatencynow: 4.02", source: file:///home/seluser/ppt/player/bola1/index.html (126)
[102:102:0103/104748.755193:INFO:CONSOLE(126)] "currentLatencynow: 4.019", source: file:///home/seluser/ppt/player/bola1/index.html (126)
[102:102:0103/104749.755198:INFO:CONSOLE(126)] "currentLatencynow: 4.02", source: file:///home/seluser/ppt/player/bola1/index.html (126)
[102:102:0103/104750.755199:INFO:CONSOLE(126)] "currentLatencynow: 4.019", source: file:///home/seluser/ppt/player/bola1/index.html (126)
[102:102:0103/104751.755150:INFO:CONSOLE(126)] "currentLatencynow: 4.019", source: file:///home/seluser/ppt/player/bola1/index.html (126)
[102:102:0103/104752.755224:INFO:CONSOLE(126)] "currentLatencynow: 4.019", source: file:///home/seluser/ppt/player/bola1/index.html (126)
[102:102:0103/104753.755213:INFO:CONSOLE(126)] "currentLatencynow: 4.02", source: file:///home/seluser/ppt/player/bola1/index.html (126)
[102:102:0103/104754.755176:INFO:CONSOLE(126)] "currentLatencynow: 4.02", source: file:///home/seluser/ppt/player/bola1/index.html (126)
[102:102:0103/104755.755191:INFO:CONSOLE(126)] "currentLatencynow: 4.02", source: file:///home/seluser/ppt/player/bola1/index.html (126)
[102:102:0103/104756.755214:INFO:CONSOLE(126)] "currentLatencynow: 4.02", source: file:///home/seluser/ppt/player/bola1/index.html (126)
[102:102:0103/104757.755211:INFO:CONSOLE(126)] "currentLatencynow: 4.019", source: file:///home/seluser/ppt/player/bola1/index.html (126)
[102:102:0103/104758.755238:INFO:CONSOLE(126)] "currentLatencynow: 4.02", source: file:///home/seluser/ppt/player/bola1/index.html (126)
[102:102:0103/104759.755250:INFO:CONSOLE(126)] "currentLatencynow: 4.02", source: file:///home/seluser/ppt/player/bola1/index.html (126)
[102:102:0103/104800.755229:INFO:CONSOLE(126)] "currentLatencynow: 4.02", source: file:///home/seluser/ppt/player/bola1/index.html (126)
[102:102:0103/104801.755182:INFO:CONSOLE(126)] "currentLatencynow: 4.02", source: file:///home/seluser/ppt/player/bola1/index.html (126)
[102:102:0103/104802.755199:INFO:CONSOLE(126)] "currentLatencynow: 4.019", source: file:///home/seluser/ppt/player/bola1/index.html (126)
[102:102:0103/104803.755194:INFO:CONSOLE(126)] "currentLatencynow: 4.019", source: file:///home/seluser/ppt/player/bola1/index.html (126)
[102:102:0103/104804.755253:INFO:CONSOLE(126)] "currentLatencynow: 4.02", source: file:///home/seluser/ppt/player/bola1/index.html (126)
[102:102:0103/104805.755214:INFO:CONSOLE(126)] "currentLatencynow: 4.019", source: file:///home/seluser/ppt/player/bola1/index.html (126)
[102:102:0103/104806.755226:INFO:CONSOLE(126)] "currentLatencynow: 4.019", source: file:///home/seluser/ppt/player/bola1/index.html (126)
[102:102:0103/104807.755293:INFO:CONSOLE(126)] "currentLatencynow: 4.02", source: file:///home/seluser/ppt/player/bola1/index.html (126)
[102:102:0103/104808.755238:INFO:CONSOLE(126)] "currentLatencynow: 4.02", source: file:///home/seluser/ppt/player/bola1/index.html (126)
[102:102:0103/104809.755201:INFO:CONSOLE(126)] "currentLatencynow: 4.02", source: file:///home/seluser/ppt/player/bola1/index.html (126)
[102:102:0103/104810.755237:INFO:CONSOLE(126)] "currentLatencynow: 4.02", source: file:///home/seluser/ppt/player/bola1/index.html (126)
[102:102:0103/104811.755191:INFO:CONSOLE(126)] "currentLatencynow: 4.019", source: file:///home/seluser/ppt/player/bola1/index.html (126)
[102:102:0103/104812.755236:INFO:CONSOLE(126)] "currentLatencynow: 4.019", source: file:///home/seluser/ppt/player/bola1/index.html (126)
[102:102:0103/104813.755235:INFO:CONSOLE(126)] "currentLatencynow: 4.019", source: file:///home/seluser/ppt/player/bola1/index.html (126)
[102:102:0103/104814.755235:INFO:CONSOLE(126)] "currentLatencynow: 4.02", source: file:///home/seluser/ppt/player/bola1/index.html (126)
[102:102:0103/104815.755219:INFO:CONSOLE(126)] "currentLatencynow: 4.019", source: file:///home/seluser/ppt/player/bola1/index.html (126)
[102:102:0103/104816.755240:INFO:CONSOLE(126)] "currentLatencynow: 4.02", source: file:///home/seluser/ppt/player/bola1/index.html (126)
[102:102:0103/104817.755234:INFO:CONSOLE(126)] "currentLatencynow: 4.02", source: file:///home/seluser/ppt/player/bola1/index.html (126)
[102:102:0103/104818.755223:INFO:CONSOLE(126)] "currentLatencynow: 4.019", source: file:///home/seluser/ppt/player/bola1/index.html (126)
[102:102:0103/104819.755221:INFO:CONSOLE(126)] "currentLatencynow: 4.02", source: file:///home/seluser/ppt/player/bola1/index.html (126)
[102:102:0103/104820.755228:INFO:CONSOLE(126)] "currentLatencynow: 4.02", source: file:///home/seluser/ppt/player/bola1/index.html (126)
[102:102:0103/104821.755185:INFO:CONSOLE(126)] "currentLatencynow: 4.019", source: file:///home/seluser/ppt/player/bola1/index.html (126)
[102:102:0103/104822.755339:INFO:CONSOLE(126)] "currentLatencynow: 4.02", source: file:///home/seluser/ppt/player/bola1/index.html (126)
[102:102:0103/104823.755169:INFO:CONSOLE(126)] "currentLatencynow: 4.019", source: file:///home/seluser/ppt/player/bola1/index.html (126)
[102:102:0103/104824.755223:INFO:CONSOLE(126)] "currentLatencynow: 4.019", source: file:///home/seluser/ppt/player/bola1/index.html (126)
[102:102:0103/104825.755196:INFO:CONSOLE(126)] "currentLatencynow: 4.02", source: file:///home/seluser/ppt/player/bola1/index.html (126)
[102:102:0103/104826.755237:INFO:CONSOLE(126)] "currentLatencynow: 4.02", source: file:///home/seluser/ppt/player/bola1/index.html (126)
[102:102:0103/104827.755220:INFO:CONSOLE(126)] "currentLatencynow: 4.019", source: file:///home/seluser/ppt/player/bola1/index.html (126)
[102:102:0103/104828.755235:INFO:CONSOLE(126)] "currentLatencynow: 4.02", source: file:///home/seluser/ppt/player/bola1/index.html (126)
[102:102:0103/104829.755285:INFO:CONSOLE(126)] "currentLatencynow: 4.02", source: file:///home/seluser/ppt/player/bola1/index.html (126)
[102:102:0103/104830.755227:INFO:CONSOLE(126)] "currentLatencynow: 4.019", source: file:///home/seluser/ppt/player/bola1/index.html (126)
[102:102:0103/104831.755236:INFO:CONSOLE(126)] "currentLatencynow: 4.019", source: file:///home/seluser/ppt/player/bola1/index.html (126)
[102:102:0103/104832.755250:INFO:CONSOLE(126)] "currentLatencynow: 4.02", source: file:///home/seluser/ppt/player/bola1/index.html (126)
[102:102:0103/104833.755217:INFO:CONSOLE(126)] "currentLatencynow: 4.019", source: file:///home/seluser/ppt/player/bola1/index.html (126)
[102:102:0103/104834.755239:INFO:CONSOLE(126)] "currentLatencynow: 4.019", source: file:///home/seluser/ppt/player/bola1/index.html (126)
[102:102:0103/104835.755410:INFO:CONSOLE(126)] "currentLatencynow: 4.02", source: file:///home/seluser/ppt/player/bola1/index.html (126)
[102:102:0103/104836.755241:INFO:CONSOLE(126)] "currentLatencynow: 4.019", source: file:///home/seluser/ppt/player/bola1/index.html (126)
[102:102:0103/104837.755250:INFO:CONSOLE(126)] "currentLatencynow: 4.02", source: file:///home/seluser/ppt/player/bola1/index.html (126)
[102:102:0103/104838.755263:INFO:CONSOLE(126)] "currentLatencynow: 4.02", source: file:///home/seluser/ppt/player/bola1/index.html (126)
[102:102:0103/104839.755200:INFO:CONSOLE(126)] "currentLatencynow: 4.019", source: file:///home/seluser/ppt/player/bola1/index.html (126)
[102:102:0103/104840.755508:INFO:CONSOLE(126)] "currentLatencynow: 4.02", source: file:///home/seluser/ppt/player/bola1/index.html (126)
[102:102:0103/104841.755260:INFO:CONSOLE(126)] "currentLatencynow: 4.02", source: file:///home/seluser/ppt/player/bola1/index.html (126)
[102:102:0103/104842.755236:INFO:CONSOLE(126)] "currentLatencynow: 4.019", source: file:///home/seluser/ppt/player/bola1/index.html (126)
[102:102:0103/104843.755173:INFO:CONSOLE(126)] "currentLatencynow: 4.02", source: file:///home/seluser/ppt/player/bola1/index.html (126)
[102:102:0103/104844.755414:INFO:CONSOLE(126)] "currentLatencynow: 4.02", source: file:///home/seluser/ppt/player/bola1/index.html (126)
[102:102:0103/104845.755283:INFO:CONSOLE(126)] "currentLatencynow: 4.019", source: file:///home/seluser/ppt/player/bola1/index.html (126)
[102:102:0103/104846.755396:INFO:CONSOLE(126)] "currentLatencynow: 4.019", source: file:///home/seluser/ppt/player/bola1/index.html (126)
[102:102:0103/104847.755800:INFO:CONSOLE(112)] "Begin Player stistics 
", source: file:///home/seluser/ppt/player/bola1/index.html (112)
[102:102:0103/104847.755905:INFO:CONSOLE(113)] "["stall",[["4.63","5.57",0.9400000000000004]],[["12.17","12.42",0.25]],[["availibleBW",[null],[null],[null],[null],[1480],[1531],[1531],[1505],[1470],[1470],[1470],[1380],[2239],[2673],[3542],[3414],[3414],[2881],[2881],[2294],[2294],[1701],[2030],[1855],[1855],[1679],[1679],[1071],[1071],[1040],[1040],[481],[481],[476],[476],[462],[462],[432],[432],[461],[461],[456],[456],[457],[457],[470],[470],[445],[445],[467],[467],[497],[497],[465],[465],[462],[462],[451],[451],[461],[461],[460],[460],[451],[451],[506],[506],[499],[499],[501],[501],[505],[505],[495],[495],[511],[511],[533],[533],[532],[532],[519],[519],[499],[499],[486],[486],[478],[478],[502],[502],[497],[497],[484],[484],[518],[518],[502],[502],[525],[525],[511],[511],[506],[506],[492],[492],[491],[491],[506],[506],[502],[502],[490],[490],[489],[489],[478]]],[["currentBuffer",[0],[0],[0],[0],[0.495],[1.497],[0.497],[1.456],[2.358],[1.258],[0.055],[1.381],[2.361],[3.294],[4.196],[5.075],[3.998],[4.9],[3.8],[4.678],[3.602],[4.504],[3.404],[4.306],[3.206],[4.114],[3.034],[3.961],[2.902],[3.85],[2.815],[3.781],[2.76],[3.725],[2.736],[3.738],[2.738],[3.74],[2.74],[3.742],[2.742],[3.744],[2.744],[3.746],[2.746],[3.748],[2.748],[3.727],[2.75],[3.752],[2.752],[3.754],[2.754],[3.756],[2.756],[3.758],[2.758],[3.76],[2.76],[3.762],[2.762],[3.741],[2.764],[3.766],[2.766],[3.768],[2.768],[3.77],[2.77],[3.772],[2.772],[3.774],[2.774],[3.775],[2.776],[3.755],[2.777],[3.78],[2.78],[3.782],[2.782],[3.784],[2.784],[3.786],[2.786],[3.788],[2.788],[3.79],[2.79],[3.769],[2.792],[3.794],[2.794],[3.796],[2.796],[3.798],[2.798],[3.8],[2.8],[3.802],[2.802],[3.804],[2.804],[3.783],[2.806],[3.808],[2.808],[3.81],[2.81],[3.812],[2.812],[3.814],[2.814],[3.816],[2.816],[3.818],[2.817],[3.797]]],[["currentLatency",[null],[null],[0],[5.311],[5.717],[5.716],[5.717],[5.659],[5.559],[5.459],[5.432],[5.691],[5.69],[5.594],[5.493],[5.393],[5.293],[5.193],[5.093],[4.993],[4.894],[4.794],[4.693],[4.593],[4.494],[4.402],[4.321],[4.247],[4.189],[4.135],[4.101],[4.066],[4.045],[4.03],[4.019],[4.019],[4.019],[4.02],[4.02],[4.019],[4.02],[4.02],[4.019],[4.019],[4.019],[4.019],[4.02],[4.019],[4.019],[4.02],[4.019],[4.019],[4.02],[4.019],[4.02],[4.02],[4.019],[4.02],[4.02],[4.019],[4.02],[4.019],[4.019],[4.019],[4.02],[4.02],[4.02],[4.02],[4.019],[4.02],[4.02],[4.02],[4.02],[4.019],[4.019],[4.02],[4.019],[4.019],[4.02],[4.02],[4.02],[4.02],[4.019],[4.019],[4.019],[4.02],[4.019],[4.02],[4.02],[4.019],[4.02],[4.02],[4.019],[4.02],[4.019],[4.019],[4.02],[4.02],[4.019],[4.02],[4.02],[4.019],[4.019],[4.02],[4.019],[4.019],[4.02],[4.019],[4.02],[4.02],[4.019],[4.02],[4.02],[4.019],[4.02],[4.02],[4.019],[4.019]]]]", source: file:///home/seluser/ppt/player/bola1/index.html (113)
[102:102:0103/104847.755980:INFO:CONSOLE(114)] "
", source: file:///home/seluser/ppt/player/bola1/index.html (114)
[102:102:0103/104847.756043:INFO:CONSOLE(115)] "Finish Player stistics 
", source: file:///home/seluser/ppt/player/bola1/index.html (115)
[102:102:0103/104847.756107:INFO:CONSOLE(126)] "currentLatencynow: 4.02", source: file:///home/seluser/ppt/player/bola1/index.html (126)
[102:102:0103/104848.755227:INFO:CONSOLE(126)] "currentLatencynow: 4.019", source: file:///home/seluser/ppt/player/bola1/index.html (126)
[102:102:0103/104849.755453:INFO:CONSOLE(126)] "currentLatencynow: 4.02", source: file:///home/seluser/ppt/player/bola1/index.html (126)
[102:102:0103/104850.755223:INFO:CONSOLE(126)] "currentLatencynow: 4.019", source: file:///home/seluser/ppt/player/bola1/index.html (126)
[102:102:0103/104851.755288:INFO:CONSOLE(126)] "currentLatencynow: 4.02", source: file:///home/seluser/ppt/player/bola1/index.html (126)
[102:102:0103/104852.755341:INFO:CONSOLE(126)] "currentLatencynow: 4.02", source: file:///home/seluser/ppt/player/bola1/index.html (126)
[102:102:0103/104853.755281:INFO:CONSOLE(126)] "currentLatencynow: 4.02", source: file:///home/seluser/ppt/player/bola1/index.html (126)
[102:102:0103/104854.755332:INFO:CONSOLE(126)] "currentLatencynow: 4.02", source: file:///home/seluser/ppt/player/bola1/index.html (126)
[102:102:0103/104855.755280:INFO:CONSOLE(126)] "currentLatencynow: 4.02", source: file:///home/seluser/ppt/player/bola1/index.html (126)
[102:102:0103/104856.755365:INFO:CONSOLE(126)] "currentLatencynow: 4.02", source: file:///home/seluser/ppt/player/bola1/index.html (126)
[102:102:0103/104857.755301:INFO:CONSOLE(126)] "currentLatencynow: 4.02", source: file:///home/seluser/ppt/player/bola1/index.html (126)
[102:102:0103/104858.755211:INFO:CONSOLE(126)] "currentLatencynow: 4.02", source: file:///home/seluser/ppt/player/bola1/index.html (126)
[102:102:0103/104859.755461:INFO:CONSOLE(126)] "currentLatencynow: 4.02", source: file:///home/seluser/ppt/player/bola1/index.html (126)
[102:102:0103/104900.755255:INFO:CONSOLE(126)] "currentLatencynow: 4.02", source: file:///home/seluser/ppt/player/bola1/index.html (126)
[102:102:0103/104901.755219:INFO:CONSOLE(126)] "currentLatencynow: 4.02", source: file:///home/seluser/ppt/player/bola1/index.html (126)
[102:102:0103/104902.755199:INFO:CONSOLE(126)] "currentLatencynow: 4.02", source: file:///home/seluser/ppt/player/bola1/index.html (126)
[102:102:0103/104903.755178:INFO:CONSOLE(126)] "currentLatencynow: 4.02", source: file:///home/seluser/ppt/player/bola1/index.html (126)
[102:102:0103/104904.755239:INFO:CONSOLE(126)] "currentLatencynow: 4.02", source: file:///home/seluser/ppt/player/bola1/index.html (126)
[102:102:0103/104905.755220:INFO:CONSOLE(126)] "currentLatencynow: 4.02", source: file:///home/seluser/ppt/player/bola1/index.html (126)
[102:102:0103/104906.755258:INFO:CONSOLE(126)] "currentLatencynow: 4.02", source: file:///home/seluser/ppt/player/bola1/index.html (126)
[102:102:0103/104907.755187:INFO:CONSOLE(126)] "currentLatencynow: 4.02", source: file:///home/seluser/ppt/player/bola1/index.html (126)
[102:102:0103/104908.755211:INFO:CONSOLE(126)] "currentLatencynow: 4.02", source: file:///home/seluser/ppt/player/bola1/index.html (126)
[102:102:0103/104909.755207:INFO:CONSOLE(126)] "currentLatencynow: 4.02", source: file:///home/seluser/ppt/player/bola1/index.html (126)
[102:102:0103/104910.755214:INFO:CONSOLE(126)] "currentLatencynow: 4.02", source: file:///home/seluser/ppt/player/bola1/index.html (126)
[102:102:0103/104911.755205:INFO:CONSOLE(126)] "currentLatencynow: 4.02", source: file:///home/seluser/ppt/player/bola1/index.html (126)
[102:102:0103/104912.755176:INFO:CONSOLE(126)] "currentLatencynow: 4.019", source: file:///home/seluser/ppt/player/bola1/index.html (126)
[102:102:0103/104913.755212:INFO:CONSOLE(126)] "currentLatencynow: 4.02", source: file:///home/seluser/ppt/player/bola1/index.html (126)
[102:102:0103/104914.755396:INFO:CONSOLE(126)] "currentLatencynow: 4.02", source: file:///home/seluser/ppt/player/bola1/index.html (126)
[102:102:0103/104915.755220:INFO:CONSOLE(126)] "currentLatencynow: 4.019", source: file:///home/seluser/ppt/player/bola1/index.html (126)
[102:102:0103/104916.755182:INFO:CONSOLE(126)] "currentLatencynow: 4.02", source: file:///home/seluser/ppt/player/bola1/index.html (126)
[102:102:0103/104917.755270:INFO:CONSOLE(126)] "currentLatencynow: 4.02", source: file:///home/seluser/ppt/player/bola1/index.html (126)
[102:102:0103/104918.755207:INFO:CONSOLE(126)] "currentLatencynow: 4.02", source: file:///home/seluser/ppt/player/bola1/index.html (126)
[102:102:0103/104919.755272:INFO:CONSOLE(126)] "currentLatencynow: 4.02", source: file:///home/seluser/ppt/player/bola1/index.html (126)
[102:102:0103/104919.919212:WARNING:pref_notifier_impl.cc(40)] Pref observer for media_router.cast_allow_all_ips found at shutdown.
