[102:138:0103/104647.079073:ERROR:bus.cc(392)] Failed to connect to the bus: Failed to connect to socket /var/run/dbus/system_bus_socket: No such file or directory
[102:129:0103/104647.081718:ERROR:bus.cc(392)] Failed to connect to the bus: Address does not contain a colon
[102:129:0103/104647.081759:ERROR:bus.cc(392)] Failed to connect to the bus: Address does not contain a colon
[142:142:0103/104647.098759:ERROR:gpu_init.cc(453)] Passthrough is not supported, GL is swiftshader, ANGLE is 
[102:129:0103/104647.103815:ERROR:bus.cc(392)] Failed to connect to the bus: Address does not contain a colon
[102:129:0103/104647.103865:ERROR:bus.cc(392)] Failed to connect to the bus: Address does not contain a colon
[102:129:0103/104647.146388:ERROR:bus.cc(392)] Failed to connect to the bus: Address does not contain a colon
[102:129:0103/104647.146424:ERROR:bus.cc(392)] Failed to connect to the bus: Address does not contain a colon
[102:224:0103/104647.504829:ERROR:bus.cc(392)] Failed to connect to the bus: Failed to connect to socket /var/run/dbus/system_bus_socket: No such file or directory
[102:224:0103/104647.505081:ERROR:bus.cc(392)] Failed to connect to the bus: Failed to connect to socket /var/run/dbus/system_bus_socket: No such file or directory
[102:224:0103/104647.505394:ERROR:bus.cc(392)] Failed to connect to the bus: Failed to connect to socket /var/run/dbus/system_bus_socket: No such file or directory
[102:224:0103/104647.505510:WARNING:property.cc(144)] DaemonVersion: GetAndBlock: failed.
[102:224:0103/104647.505658:ERROR:bus.cc(392)] Failed to connect to the bus: Failed to connect to socket /var/run/dbus/system_bus_socket: No such file or directory
[102:224:0103/104647.505722:ERROR:bus.cc(392)] Failed to connect to the bus: Failed to connect to socket /var/run/dbus/system_bus_socket: No such file or directory
[102:102:0103/104650.071583:INFO:CONSOLE(126)] "currentLatencynow: NaN", source: file:///home/seluser/ppt/player/bola1/index.html (126)
[102:175:0103/104650.864001:ERROR:chrome_browser_main_extra_parts_metrics.cc(228)] crbug.com/1216328: Checking Bluetooth availability started. Please report if there is no report that this ends.
[102:175:0103/104650.864030:ERROR:chrome_browser_main_extra_parts_metrics.cc(231)] crbug.com/1216328: Checking Bluetooth availability ended.
[102:175:0103/104650.864040:ERROR:chrome_browser_main_extra_parts_metrics.cc(234)] crbug.com/1216328: Checking default browser status started. Please report if there is no report that this ends.
[102:175:0103/104651.022818:ERROR:chrome_browser_main_extra_parts_metrics.cc(238)] crbug.com/1216328: Checking default browser status ended.
[102:102:0103/104651.071200:INFO:CONSOLE(126)] "currentLatencynow: NaN", source: file:///home/seluser/ppt/player/bola1/index.html (126)
[102:102:0103/104652.071149:INFO:CONSOLE(126)] "currentLatencynow: NaN", source: file:///home/seluser/ppt/player/bola1/index.html (126)
[102:102:0103/104653.071328:INFO:CONSOLE(126)] "currentLatencynow: NaN", source: file:///home/seluser/ppt/player/bola1/index.html (126)
[102:102:0103/104654.071255:INFO:CONSOLE(126)] "currentLatencynow: NaN", source: file:///home/seluser/ppt/player/bola1/index.html (126)
[428:428:0103/104654.869600:WARNING:audio_manager_linux.cc(69)] Falling back to ALSA for audio output. PulseAudio is not available or could not be initialized.
[428:428:0103/104654.875395:ERROR:alsa_util.cc(204)] PcmOpen: default,No such file or directory
[428:428:0103/104654.875564:ERROR:alsa_util.cc(204)] PcmOpen: plug:default,No such file or directory
[102:102:0103/104655.071299:INFO:CONSOLE(126)] "currentLatencynow: 4.459", source: file:///home/seluser/ppt/player/bola1/index.html (126)
[102:129:0103/104655.825147:ERROR:bus.cc(392)] Failed to connect to the bus: Address does not contain a colon
[102:129:0103/104655.825204:ERROR:bus.cc(392)] Failed to connect to the bus: Address does not contain a colon
[102:129:0103/104655.825222:ERROR:bus.cc(392)] Failed to connect to the bus: Address does not contain a colon
[102:129:0103/104655.825236:ERROR:bus.cc(392)] Failed to connect to the bus: Address does not contain a colon
[102:129:0103/104655.825262:ERROR:bus.cc(392)] Failed to connect to the bus: Address does not contain a colon
[102:129:0103/104655.825278:ERROR:bus.cc(392)] Failed to connect to the bus: Address does not contain a colon
[102:129:0103/104655.825292:ERROR:bus.cc(392)] Failed to connect to the bus: Address does not contain a colon
[102:129:0103/104655.825305:ERROR:bus.cc(392)] Failed to connect to the bus: Address does not contain a colon
[102:129:0103/104655.825319:ERROR:bus.cc(392)] Failed to connect to the bus: Address does not contain a colon
[102:129:0103/104655.825333:ERROR:bus.cc(392)] Failed to connect to the bus: Address does not contain a colon
[102:129:0103/104655.825346:ERROR:bus.cc(392)] Failed to connect to the bus: Address does not contain a colon
[102:129:0103/104655.825360:ERROR:bus.cc(392)] Failed to connect to the bus: Address does not contain a colon
[102:129:0103/104655.825375:ERROR:bus.cc(392)] Failed to connect to the bus: Address does not contain a colon
[102:129:0103/104655.825389:ERROR:bus.cc(392)] Failed to connect to the bus: Address does not contain a colon
[102:129:0103/104655.826636:ERROR:bus.cc(392)] Failed to connect to the bus: Address does not contain a colon
[102:129:0103/104655.826666:ERROR:bus.cc(392)] Failed to connect to the bus: Address does not contain a colon
[102:129:0103/104655.826683:ERROR:bus.cc(392)] Failed to connect to the bus: Address does not contain a colon
[102:129:0103/104655.878138:ERROR:bus.cc(392)] Failed to connect to the bus: Address does not contain a colon
[102:129:0103/104655.878193:ERROR:bus.cc(392)] Failed to connect to the bus: Address does not contain a colon
[102:102:0103/104656.071161:INFO:CONSOLE(126)] "currentLatencynow: 5.271", source: file:///home/seluser/ppt/player/bola1/index.html (126)
[102:102:0103/104657.071160:INFO:CONSOLE(126)] "currentLatencynow: 5.171", source: file:///home/seluser/ppt/player/bola1/index.html (126)
[102:102:0103/104658.071288:INFO:CONSOLE(126)] "currentLatencynow: 5.158", source: file:///home/seluser/ppt/player/bola1/index.html (126)
[102:102:0103/104659.071171:INFO:CONSOLE(126)] "currentLatencynow: 5.158", source: file:///home/seluser/ppt/player/bola1/index.html (126)
[102:102:0103/104700.071339:INFO:CONSOLE(126)] "currentLatencynow: 5.28", source: file:///home/seluser/ppt/player/bola1/index.html (126)
[102:102:0103/104701.071199:INFO:CONSOLE(126)] "currentLatencynow: 5.242", source: file:///home/seluser/ppt/player/bola1/index.html (126)
[102:102:0103/104702.071136:INFO:CONSOLE(126)] "currentLatencynow: 5.143", source: file:///home/seluser/ppt/player/bola1/index.html (126)
[102:102:0103/104703.071228:INFO:CONSOLE(126)] "currentLatencynow: 5.043", source: file:///home/seluser/ppt/player/bola1/index.html (126)
[102:102:0103/104704.071128:INFO:CONSOLE(126)] "currentLatencynow: 4.943", source: file:///home/seluser/ppt/player/bola1/index.html (126)
[102:102:0103/104705.071130:INFO:CONSOLE(126)] "currentLatencynow: 4.863", source: file:///home/seluser/ppt/player/bola1/index.html (126)
[102:102:0103/104706.071252:INFO:CONSOLE(126)] "currentLatencynow: 4.863", source: file:///home/seluser/ppt/player/bola1/index.html (126)
[102:102:0103/104707.071186:INFO:CONSOLE(126)] "currentLatencynow: 4.82", source: file:///home/seluser/ppt/player/bola1/index.html (126)
[102:102:0103/104708.071154:INFO:CONSOLE(126)] "currentLatencynow: 4.722", source: file:///home/seluser/ppt/player/bola1/index.html (126)
[102:102:0103/104709.071261:INFO:CONSOLE(126)] "currentLatencynow: 4.625", source: file:///home/seluser/ppt/player/bola1/index.html (126)
[102:102:0103/104710.071238:INFO:CONSOLE(126)] "currentLatencynow: 4.528", source: file:///home/seluser/ppt/player/bola1/index.html (126)
[102:102:0103/104711.071195:INFO:CONSOLE(126)] "currentLatencynow: 4.43", source: file:///home/seluser/ppt/player/bola1/index.html (126)
[102:102:0103/104712.071310:INFO:CONSOLE(126)] "currentLatencynow: 4.347", source: file:///home/seluser/ppt/player/bola1/index.html (126)
[102:102:0103/104713.071217:INFO:CONSOLE(126)] "currentLatencynow: 4.27", source: file:///home/seluser/ppt/player/bola1/index.html (126)
[102:102:0103/104714.071182:INFO:CONSOLE(126)] "currentLatencynow: 4.207", source: file:///home/seluser/ppt/player/bola1/index.html (126)
[102:102:0103/104715.071141:INFO:CONSOLE(126)] "currentLatencynow: 4.152", source: file:///home/seluser/ppt/player/bola1/index.html (126)
[102:102:0103/104716.071178:INFO:CONSOLE(126)] "currentLatencynow: 4.111", source: file:///home/seluser/ppt/player/bola1/index.html (126)
[102:102:0103/104717.071104:INFO:CONSOLE(126)] "currentLatencynow: 4.077", source: file:///home/seluser/ppt/player/bola1/index.html (126)
[102:102:0103/104718.071139:INFO:CONSOLE(126)] "currentLatencynow: 4.048", source: file:///home/seluser/ppt/player/bola1/index.html (126)
[102:102:0103/104719.071132:INFO:CONSOLE(126)] "currentLatencynow: 4.034", source: file:///home/seluser/ppt/player/bola1/index.html (126)
[102:102:0103/104720.071336:INFO:CONSOLE(126)] "currentLatencynow: 4.021", source: file:///home/seluser/ppt/player/bola1/index.html (126)
[102:102:0103/104721.071132:INFO:CONSOLE(126)] "currentLatencynow: 4.017", source: file:///home/seluser/ppt/player/bola1/index.html (126)
[102:102:0103/104722.071079:INFO:CONSOLE(126)] "currentLatencynow: 4.017", source: file:///home/seluser/ppt/player/bola1/index.html (126)
[102:102:0103/104723.071119:INFO:CONSOLE(126)] "currentLatencynow: 4.017", source: file:///home/seluser/ppt/player/bola1/index.html (126)
[102:102:0103/104724.071145:INFO:CONSOLE(126)] "currentLatencynow: 4.017", source: file:///home/seluser/ppt/player/bola1/index.html (126)
[102:102:0103/104725.071136:INFO:CONSOLE(126)] "currentLatencynow: 4.017", source: file:///home/seluser/ppt/player/bola1/index.html (126)
[102:102:0103/104726.071106:INFO:CONSOLE(126)] "currentLatencynow: 4.017", source: file:///home/seluser/ppt/player/bola1/index.html (126)
[102:102:0103/104727.071128:INFO:CONSOLE(126)] "currentLatencynow: 4.017", source: file:///home/seluser/ppt/player/bola1/index.html (126)
[102:102:0103/104728.071157:INFO:CONSOLE(126)] "currentLatencynow: 4.017", source: file:///home/seluser/ppt/player/bola1/index.html (126)
[102:102:0103/104729.071171:INFO:CONSOLE(126)] "currentLatencynow: 4.017", source: file:///home/seluser/ppt/player/bola1/index.html (126)
[102:102:0103/104730.071145:INFO:CONSOLE(126)] "currentLatencynow: 4.017", source: file:///home/seluser/ppt/player/bola1/index.html (126)
[102:102:0103/104731.071095:INFO:CONSOLE(126)] "currentLatencynow: 4.017", source: file:///home/seluser/ppt/player/bola1/index.html (126)
[102:102:0103/104732.071139:INFO:CONSOLE(126)] "currentLatencynow: 4.017", source: file:///home/seluser/ppt/player/bola1/index.html (126)
[102:102:0103/104733.071096:INFO:CONSOLE(126)] "currentLatencynow: 4.017", source: file:///home/seluser/ppt/player/bola1/index.html (126)
[102:102:0103/104734.071145:INFO:CONSOLE(126)] "currentLatencynow: 4.017", source: file:///home/seluser/ppt/player/bola1/index.html (126)
[102:102:0103/104735.071166:INFO:CONSOLE(126)] "currentLatencynow: 4.017", source: file:///home/seluser/ppt/player/bola1/index.html (126)
[102:102:0103/104736.071262:INFO:CONSOLE(126)] "currentLatencynow: 4.017", source: file:///home/seluser/ppt/player/bola1/index.html (126)
[102:102:0103/104737.071161:INFO:CONSOLE(126)] "currentLatencynow: 4.017", source: file:///home/seluser/ppt/player/bola1/index.html (126)
[102:102:0103/104738.071191:INFO:CONSOLE(126)] "currentLatencynow: 4.017", source: file:///home/seluser/ppt/player/bola1/index.html (126)
[102:102:0103/104739.071221:INFO:CONSOLE(126)] "currentLatencynow: 4.017", source: file:///home/seluser/ppt/player/bola1/index.html (126)
[102:102:0103/104740.071131:INFO:CONSOLE(126)] "currentLatencynow: 4.017", source: file:///home/seluser/ppt/player/bola1/index.html (126)
[102:102:0103/104741.071213:INFO:CONSOLE(126)] "currentLatencynow: 4.017", source: file:///home/seluser/ppt/player/bola1/index.html (126)
[102:102:0103/104742.071233:INFO:CONSOLE(126)] "currentLatencynow: 4.017", source: file:///home/seluser/ppt/player/bola1/index.html (126)
[102:102:0103/104743.071224:INFO:CONSOLE(126)] "currentLatencynow: 4.017", source: file:///home/seluser/ppt/player/bola1/index.html (126)
[102:102:0103/104744.071281:INFO:CONSOLE(126)] "currentLatencynow: 4.017", source: file:///home/seluser/ppt/player/bola1/index.html (126)
[102:102:0103/104745.071395:INFO:CONSOLE(126)] "currentLatencynow: 4.018", source: file:///home/seluser/ppt/player/bola1/index.html (126)
[102:102:0103/104746.071202:INFO:CONSOLE(126)] "currentLatencynow: 4.017", source: file:///home/seluser/ppt/player/bola1/index.html (126)
[102:102:0103/104747.071204:INFO:CONSOLE(126)] "currentLatencynow: 4.017", source: file:///home/seluser/ppt/player/bola1/index.html (126)
[102:102:0103/104748.071237:INFO:CONSOLE(126)] "currentLatencynow: 4.017", source: file:///home/seluser/ppt/player/bola1/index.html (126)
[102:102:0103/104749.071182:INFO:CONSOLE(126)] "currentLatencynow: 4.017", source: file:///home/seluser/ppt/player/bola1/index.html (126)
[102:102:0103/104750.071245:INFO:CONSOLE(126)] "currentLatencynow: 4.017", source: file:///home/seluser/ppt/player/bola1/index.html (126)
[102:102:0103/104751.071174:INFO:CONSOLE(126)] "currentLatencynow: 4.017", source: file:///home/seluser/ppt/player/bola1/index.html (126)
[102:102:0103/104752.071270:INFO:CONSOLE(126)] "currentLatencynow: 4.018", source: file:///home/seluser/ppt/player/bola1/index.html (126)
[102:102:0103/104753.071367:INFO:CONSOLE(126)] "currentLatencynow: 4.017", source: file:///home/seluser/ppt/player/bola1/index.html (126)
[102:102:0103/104754.071224:INFO:CONSOLE(126)] "currentLatencynow: 4.017", source: file:///home/seluser/ppt/player/bola1/index.html (126)
[102:102:0103/104755.071156:INFO:CONSOLE(126)] "currentLatencynow: 4.017", source: file:///home/seluser/ppt/player/bola1/index.html (126)
[102:102:0103/104756.071176:INFO:CONSOLE(126)] "currentLatencynow: 4.017", source: file:///home/seluser/ppt/player/bola1/index.html (126)
[102:102:0103/104757.071172:INFO:CONSOLE(126)] "currentLatencynow: 4.018", source: file:///home/seluser/ppt/player/bola1/index.html (126)
[102:102:0103/104758.071159:INFO:CONSOLE(126)] "currentLatencynow: 4.017", source: file:///home/seluser/ppt/player/bola1/index.html (126)
[102:102:0103/104759.071122:INFO:CONSOLE(126)] "currentLatencynow: 4.017", source: file:///home/seluser/ppt/player/bola1/index.html (126)
[102:102:0103/104800.071127:INFO:CONSOLE(126)] "currentLatencynow: 4.017", source: file:///home/seluser/ppt/player/bola1/index.html (126)
[102:102:0103/104801.071137:INFO:CONSOLE(126)] "currentLatencynow: 4.017", source: file:///home/seluser/ppt/player/bola1/index.html (126)
[102:102:0103/104802.071133:INFO:CONSOLE(126)] "currentLatencynow: 4.017", source: file:///home/seluser/ppt/player/bola1/index.html (126)
[102:102:0103/104803.071141:INFO:CONSOLE(126)] "currentLatencynow: 4.017", source: file:///home/seluser/ppt/player/bola1/index.html (126)
[102:102:0103/104804.071143:INFO:CONSOLE(126)] "currentLatencynow: 4.017", source: file:///home/seluser/ppt/player/bola1/index.html (126)
[102:102:0103/104805.071114:INFO:CONSOLE(126)] "currentLatencynow: 4.017", source: file:///home/seluser/ppt/player/bola1/index.html (126)
[102:102:0103/104806.071147:INFO:CONSOLE(126)] "currentLatencynow: 4.017", source: file:///home/seluser/ppt/player/bola1/index.html (126)
[102:102:0103/104807.071155:INFO:CONSOLE(126)] "currentLatencynow: 4.017", source: file:///home/seluser/ppt/player/bola1/index.html (126)
[102:102:0103/104808.071257:INFO:CONSOLE(126)] "currentLatencynow: 4.017", source: file:///home/seluser/ppt/player/bola1/index.html (126)
[102:102:0103/104809.071221:INFO:CONSOLE(126)] "currentLatencynow: 4.017", source: file:///home/seluser/ppt/player/bola1/index.html (126)
[102:102:0103/104810.071196:INFO:CONSOLE(126)] "currentLatencynow: 4.017", source: file:///home/seluser/ppt/player/bola1/index.html (126)
[102:102:0103/104811.071235:INFO:CONSOLE(126)] "currentLatencynow: 4.017", source: file:///home/seluser/ppt/player/bola1/index.html (126)
[102:102:0103/104812.071190:INFO:CONSOLE(126)] "currentLatencynow: 4.017", source: file:///home/seluser/ppt/player/bola1/index.html (126)
[102:102:0103/104813.071335:INFO:CONSOLE(126)] "currentLatencynow: 4.018", source: file:///home/seluser/ppt/player/bola1/index.html (126)
[102:102:0103/104814.071221:INFO:CONSOLE(126)] "currentLatencynow: 4.017", source: file:///home/seluser/ppt/player/bola1/index.html (126)
[102:102:0103/104815.071209:INFO:CONSOLE(126)] "currentLatencynow: 4.017", source: file:///home/seluser/ppt/player/bola1/index.html (126)
[102:102:0103/104816.071248:INFO:CONSOLE(126)] "currentLatencynow: 4.017", source: file:///home/seluser/ppt/player/bola1/index.html (126)
[102:102:0103/104817.071250:INFO:CONSOLE(126)] "currentLatencynow: 4.017", source: file:///home/seluser/ppt/player/bola1/index.html (126)
[102:102:0103/104818.071211:INFO:CONSOLE(126)] "currentLatencynow: 4.017", source: file:///home/seluser/ppt/player/bola1/index.html (126)
[102:102:0103/104819.071190:INFO:CONSOLE(126)] "currentLatencynow: 4.017", source: file:///home/seluser/ppt/player/bola1/index.html (126)
[102:102:0103/104820.071203:INFO:CONSOLE(126)] "currentLatencynow: 4.017", source: file:///home/seluser/ppt/player/bola1/index.html (126)
[102:102:0103/104821.071205:INFO:CONSOLE(126)] "currentLatencynow: 4.017", source: file:///home/seluser/ppt/player/bola1/index.html (126)
[102:102:0103/104822.071184:INFO:CONSOLE(126)] "currentLatencynow: 4.017", source: file:///home/seluser/ppt/player/bola1/index.html (126)
[102:102:0103/104823.071195:INFO:CONSOLE(126)] "currentLatencynow: 4.017", source: file:///home/seluser/ppt/player/bola1/index.html (126)
[102:102:0103/104824.071155:INFO:CONSOLE(126)] "currentLatencynow: 4.017", source: file:///home/seluser/ppt/player/bola1/index.html (126)
[102:102:0103/104825.071110:INFO:CONSOLE(126)] "currentLatencynow: 4.017", source: file:///home/seluser/ppt/player/bola1/index.html (126)
[102:102:0103/104826.071152:INFO:CONSOLE(126)] "currentLatencynow: 4.017", source: file:///home/seluser/ppt/player/bola1/index.html (126)
[102:102:0103/104827.071119:INFO:CONSOLE(126)] "currentLatencynow: 4.017", source: file:///home/seluser/ppt/player/bola1/index.html (126)
[102:102:0103/104828.071241:INFO:CONSOLE(126)] "currentLatencynow: 4.017", source: file:///home/seluser/ppt/player/bola1/index.html (126)
[102:102:0103/104829.071158:INFO:CONSOLE(126)] "currentLatencynow: 4.017", source: file:///home/seluser/ppt/player/bola1/index.html (126)
[102:102:0103/104830.071116:INFO:CONSOLE(126)] "currentLatencynow: 4.017", source: file:///home/seluser/ppt/player/bola1/index.html (126)
[102:102:0103/104831.071378:INFO:CONSOLE(126)] "currentLatencynow: 4.017", source: file:///home/seluser/ppt/player/bola1/index.html (126)
[102:102:0103/104832.071376:INFO:CONSOLE(126)] "currentLatencynow: 4.017", source: file:///home/seluser/ppt/player/bola1/index.html (126)
[102:102:0103/104833.071093:INFO:CONSOLE(126)] "currentLatencynow: 4.017", source: file:///home/seluser/ppt/player/bola1/index.html (126)
[102:102:0103/104834.071150:INFO:CONSOLE(126)] "currentLatencynow: 4.017", source: file:///home/seluser/ppt/player/bola1/index.html (126)
[102:102:0103/104835.071117:INFO:CONSOLE(126)] "currentLatencynow: 4.017", source: file:///home/seluser/ppt/player/bola1/index.html (126)
[102:102:0103/104836.071177:INFO:CONSOLE(126)] "currentLatencynow: 4.017", source: file:///home/seluser/ppt/player/bola1/index.html (126)
[102:102:0103/104837.071156:INFO:CONSOLE(126)] "currentLatencynow: 4.017", source: file:///home/seluser/ppt/player/bola1/index.html (126)
[102:102:0103/104838.071180:INFO:CONSOLE(126)] "currentLatencynow: 4.017", source: file:///home/seluser/ppt/player/bola1/index.html (126)
[102:102:0103/104839.071161:INFO:CONSOLE(126)] "currentLatencynow: 4.017", source: file:///home/seluser/ppt/player/bola1/index.html (126)
[102:102:0103/104840.071165:INFO:CONSOLE(126)] "currentLatencynow: 4.017", source: file:///home/seluser/ppt/player/bola1/index.html (126)
[102:102:0103/104841.071202:INFO:CONSOLE(126)] "currentLatencynow: 4.017", source: file:///home/seluser/ppt/player/bola1/index.html (126)
[102:102:0103/104842.071202:INFO:CONSOLE(126)] "currentLatencynow: 4.017", source: file:///home/seluser/ppt/player/bola1/index.html (126)
[102:102:0103/104843.071201:INFO:CONSOLE(126)] "currentLatencynow: 4.017", source: file:///home/seluser/ppt/player/bola1/index.html (126)
[102:102:0103/104844.071188:INFO:CONSOLE(126)] "currentLatencynow: 4.017", source: file:///home/seluser/ppt/player/bola1/index.html (126)
[102:102:0103/104845.071136:INFO:CONSOLE(126)] "currentLatencynow: 4.017", source: file:///home/seluser/ppt/player/bola1/index.html (126)
[102:102:0103/104846.071183:INFO:CONSOLE(126)] "currentLatencynow: 4.017", source: file:///home/seluser/ppt/player/bola1/index.html (126)
[102:102:0103/104847.071169:INFO:CONSOLE(126)] "currentLatencynow: 4.017", source: file:///home/seluser/ppt/player/bola1/index.html (126)
[102:102:0103/104848.071183:INFO:CONSOLE(112)] "Begin Player stistics 
", source: file:///home/seluser/ppt/player/bola1/index.html (112)
[102:102:0103/104848.072009:INFO:CONSOLE(113)] "["stall",[["6.98","7.97",0.9899999999999993]],[["11.46","11.71",0.25]],[["availibleBW",[null],[null],[null],[null],[null],[null],[2111],[2160],[2118],[2118],[2001],[2081],[2334],[2539],[2539],[2775],[3581],[3656],[3656],[3165],[3165],[2684],[2684],[2504],[2504],[2280],[2280],[1589],[1589],[1852],[1852],[1677],[1677],[1214],[1214],[1128],[1128],[427],[427],[456],[456],[456],[456],[456],[456],[467],[467],[442],[442],[463],[463],[493],[493],[463],[463],[459],[459],[448],[448],[460],[460],[460],[460],[452],[452],[508],[508],[500],[500],[503],[503],[507],[507],[501],[501],[514],[514],[539],[539],[539],[539],[523],[523],[505],[505],[486],[486],[479],[479],[502],[502],[498],[498],[485],[485],[512],[512],[479],[479],[510],[510],[495],[495],[509],[509],[492],[492],[488],[488],[507],[507],[502],[502],[488],[488],[488],[488],[478]]],[["currentBuffer",[0],[0],[0],[0],[0],[0],[1.411],[0.421],[1.346],[0.543],[1.426],[2.391],[3.294],[2.192],[1.094],[0.013],[1.015],[3.977],[2.879],[3.784],[2.687],[3.591],[2.508],[3.433],[2.37],[3.316],[2.275],[3.244],[2.214],[3.203],[2.19],[3.187],[2.187],[3.189],[2.189],[3.191],[2.191],[3.193],[2.193],[3.195],[2.195],[3.197],[2.197],[3.199],[2.199],[3.201],[2.201],[3.203],[2.203],[3.205],[2.205],[3.207],[2.207],[3.209],[2.209],[3.209],[2.211],[3.213],[2.213],[3.215],[2.215],[3.217],[2.217],[3.219],[2.219],[3.221],[2.221],[3.223],[2.223],[3.225],[2.225],[3.227],[2.227],[3.229],[2.229],[3.231],[2.231],[3.233],[2.233],[3.235],[2.235],[3.237],[2.237],[3.239],[2.239],[3.241],[2.241],[3.243],[2.243],[3.245],[2.245],[3.247],[2.247],[3.249],[2.249],[3.251],[2.251],[3.253],[2.253],[3.255],[2.255],[3.257],[2.257],[3.259],[2.259],[3.261],[2.261],[3.263],[2.263],[3.265],[2.265],[3.267],[2.267],[3.269],[2.269],[3.271],[2.271],[3.272]]],[["currentLatency",[null],[null],[null],[null],[null],[4.459],[5.271],[5.171],[5.158],[5.158],[5.28],[5.242],[5.143],[5.043],[4.943],[4.863],[4.863],[4.82],[4.722],[4.625],[4.528],[4.43],[4.347],[4.27],[4.207],[4.152],[4.111],[4.077],[4.048],[4.034],[4.021],[4.017],[4.017],[4.017],[4.017],[4.017],[4.017],[4.017],[4.017],[4.017],[4.017],[4.017],[4.017],[4.017],[4.017],[4.017],[4.017],[4.017],[4.017],[4.017],[4.017],[4.017],[4.017],[4.017],[4.017],[4.018],[4.017],[4.017],[4.017],[4.017],[4.017],[4.017],[4.018],[4.017],[4.017],[4.017],[4.017],[4.018],[4.017],[4.017],[4.017],[4.017],[4.017],[4.017],[4.017],[4.017],[4.017],[4.017],[4.017],[4.017],[4.017],[4.017],[4.017],[4.018],[4.017],[4.017],[4.017],[4.017],[4.017],[4.017],[4.017],[4.017],[4.017],[4.017],[4.017],[4.017],[4.017],[4.017],[4.017],[4.017],[4.017],[4.017],[4.017],[4.017],[4.017],[4.017],[4.017],[4.017],[4.017],[4.017],[4.017],[4.017],[4.017],[4.017],[4.017],[4.017],[4.017],[4.017]]]]", source: file:///home/seluser/ppt/player/bola1/index.html (113)
[102:102:0103/104848.073498:INFO:CONSOLE(114)] "
", source: file:///home/seluser/ppt/player/bola1/index.html (114)
[102:102:0103/104848.074038:INFO:CONSOLE(115)] "Finish Player stistics 
", source: file:///home/seluser/ppt/player/bola1/index.html (115)
[102:102:0103/104848.075117:INFO:CONSOLE(126)] "currentLatencynow: 4.018", source: file:///home/seluser/ppt/player/bola1/index.html (126)
[102:102:0103/104849.071174:INFO:CONSOLE(126)] "currentLatencynow: 4.017", source: file:///home/seluser/ppt/player/bola1/index.html (126)
[102:102:0103/104850.071184:INFO:CONSOLE(126)] "currentLatencynow: 4.017", source: file:///home/seluser/ppt/player/bola1/index.html (126)
[102:102:0103/104851.071193:INFO:CONSOLE(126)] "currentLatencynow: 4.017", source: file:///home/seluser/ppt/player/bola1/index.html (126)
[102:102:0103/104852.071191:INFO:CONSOLE(126)] "currentLatencynow: 4.017", source: file:///home/seluser/ppt/player/bola1/index.html (126)
[102:102:0103/104853.071346:INFO:CONSOLE(126)] "currentLatencynow: 4.017", source: file:///home/seluser/ppt/player/bola1/index.html (126)
[102:102:0103/104854.071198:INFO:CONSOLE(126)] "currentLatencynow: 4.017", source: file:///home/seluser/ppt/player/bola1/index.html (126)
[102:102:0103/104855.071272:INFO:CONSOLE(126)] "currentLatencynow: 4.017", source: file:///home/seluser/ppt/player/bola1/index.html (126)
[102:102:0103/104856.071347:INFO:CONSOLE(126)] "currentLatencynow: 4.017", source: file:///home/seluser/ppt/player/bola1/index.html (126)
[102:102:0103/104857.071167:INFO:CONSOLE(126)] "currentLatencynow: 4.017", source: file:///home/seluser/ppt/player/bola1/index.html (126)
[102:102:0103/104858.071152:INFO:CONSOLE(126)] "currentLatencynow: 4.017", source: file:///home/seluser/ppt/player/bola1/index.html (126)
[102:102:0103/104859.071173:INFO:CONSOLE(126)] "currentLatencynow: 4.017", source: file:///home/seluser/ppt/player/bola1/index.html (126)
[102:102:0103/104900.071156:INFO:CONSOLE(126)] "currentLatencynow: 4.017", source: file:///home/seluser/ppt/player/bola1/index.html (126)
[102:102:0103/104901.071151:INFO:CONSOLE(126)] "currentLatencynow: 4.017", source: file:///home/seluser/ppt/player/bola1/index.html (126)
[102:102:0103/104902.071122:INFO:CONSOLE(126)] "currentLatencynow: 4.017", source: file:///home/seluser/ppt/player/bola1/index.html (126)
[102:102:0103/104903.071162:INFO:CONSOLE(126)] "currentLatencynow: 4.017", source: file:///home/seluser/ppt/player/bola1/index.html (126)
[102:102:0103/104904.071284:INFO:CONSOLE(126)] "currentLatencynow: 4.017", source: file:///home/seluser/ppt/player/bola1/index.html (126)
[102:102:0103/104905.071419:INFO:CONSOLE(126)] "currentLatencynow: 4.018", source: file:///home/seluser/ppt/player/bola1/index.html (126)
[102:102:0103/104906.071159:INFO:CONSOLE(126)] "currentLatencynow: 4.017", source: file:///home/seluser/ppt/player/bola1/index.html (126)
[102:102:0103/104907.071151:INFO:CONSOLE(126)] "currentLatencynow: 4.017", source: file:///home/seluser/ppt/player/bola1/index.html (126)
[102:102:0103/104908.071253:INFO:CONSOLE(126)] "currentLatencynow: 4.017", source: file:///home/seluser/ppt/player/bola1/index.html (126)
[102:102:0103/104909.071099:INFO:CONSOLE(126)] "currentLatencynow: 4.017", source: file:///home/seluser/ppt/player/bola1/index.html (126)
[102:102:0103/104910.071182:INFO:CONSOLE(126)] "currentLatencynow: 4.017", source: file:///home/seluser/ppt/player/bola1/index.html (126)
[102:102:0103/104911.071122:INFO:CONSOLE(126)] "currentLatencynow: 4.017", source: file:///home/seluser/ppt/player/bola1/index.html (126)
[102:102:0103/104912.071516:INFO:CONSOLE(126)] "currentLatencynow: 4.017", source: file:///home/seluser/ppt/player/bola1/index.html (126)
[102:102:0103/104913.071111:INFO:CONSOLE(126)] "currentLatencynow: 4.017", source: file:///home/seluser/ppt/player/bola1/index.html (126)
[102:102:0103/104914.071245:INFO:CONSOLE(126)] "currentLatencynow: 4.017", source: file:///home/seluser/ppt/player/bola1/index.html (126)
[102:102:0103/104915.071155:INFO:CONSOLE(126)] "currentLatencynow: 4.017", source: file:///home/seluser/ppt/player/bola1/index.html (126)
[102:102:0103/104916.071201:INFO:CONSOLE(126)] "currentLatencynow: 4.017", source: file:///home/seluser/ppt/player/bola1/index.html (126)
[102:102:0103/104917.071160:INFO:CONSOLE(126)] "currentLatencynow: 4.017", source: file:///home/seluser/ppt/player/bola1/index.html (126)
[102:102:0103/104918.071335:INFO:CONSOLE(126)] "currentLatencynow: 4.017", source: file:///home/seluser/ppt/player/bola1/index.html (126)
[102:102:0103/104919.071204:INFO:CONSOLE(126)] "currentLatencynow: 4.017", source: file:///home/seluser/ppt/player/bola1/index.html (126)
[102:102:0103/104920.071377:INFO:CONSOLE(126)] "currentLatencynow: 4.017", source: file:///home/seluser/ppt/player/bola1/index.html (126)
[102:102:0103/104920.238446:WARNING:pref_notifier_impl.cc(40)] Pref observer for media_router.cast_allow_all_ips found at shutdown.
