[104:139:0103/104647.964410:ERROR:bus.cc(392)] Failed to connect to the bus: Failed to connect to socket /var/run/dbus/system_bus_socket: No such file or directory
[104:130:0103/104647.967165:ERROR:bus.cc(392)] Failed to connect to the bus: Address does not contain a colon
[104:130:0103/104647.967206:ERROR:bus.cc(392)] Failed to connect to the bus: Address does not contain a colon
[104:130:0103/104647.979877:ERROR:bus.cc(392)] Failed to connect to the bus: Address does not contain a colon
[104:130:0103/104647.979929:ERROR:bus.cc(392)] Failed to connect to the bus: Address does not contain a colon
[147:147:0103/104647.988173:ERROR:gpu_init.cc(453)] Passthrough is not supported, GL is swiftshader, ANGLE is 
[104:130:0103/104648.017919:ERROR:bus.cc(392)] Failed to connect to the bus: Address does not contain a colon
[104:130:0103/104648.017991:ERROR:bus.cc(392)] Failed to connect to the bus: Address does not contain a colon
[104:227:0103/104648.213573:ERROR:bus.cc(392)] Failed to connect to the bus: Failed to connect to socket /var/run/dbus/system_bus_socket: No such file or directory
[104:227:0103/104648.214468:ERROR:bus.cc(392)] Failed to connect to the bus: Failed to connect to socket /var/run/dbus/system_bus_socket: No such file or directory
[104:227:0103/104648.214602:ERROR:bus.cc(392)] Failed to connect to the bus: Failed to connect to socket /var/run/dbus/system_bus_socket: No such file or directory
[104:227:0103/104648.214631:WARNING:property.cc(144)] DaemonVersion: GetAndBlock: failed.
[104:227:0103/104648.215536:ERROR:bus.cc(392)] Failed to connect to the bus: Failed to connect to socket /var/run/dbus/system_bus_socket: No such file or directory
[104:227:0103/104648.215602:ERROR:bus.cc(392)] Failed to connect to the bus: Failed to connect to socket /var/run/dbus/system_bus_socket: No such file or directory
[104:104:0103/104650.710060:INFO:CONSOLE(126)] "currentLatencynow: NaN", source: file:///home/seluser/ppt/player/bola1/index.html (126)
[104:170:0103/104651.167128:ERROR:chrome_browser_main_extra_parts_metrics.cc(228)] crbug.com/1216328: Checking Bluetooth availability started. Please report if there is no report that this ends.
[104:170:0103/104651.167217:ERROR:chrome_browser_main_extra_parts_metrics.cc(231)] crbug.com/1216328: Checking Bluetooth availability ended.
[104:170:0103/104651.167237:ERROR:chrome_browser_main_extra_parts_metrics.cc(234)] crbug.com/1216328: Checking default browser status started. Please report if there is no report that this ends.
[104:170:0103/104651.313832:ERROR:chrome_browser_main_extra_parts_metrics.cc(238)] crbug.com/1216328: Checking default browser status ended.
[104:104:0103/104651.709596:INFO:CONSOLE(126)] "currentLatencynow: NaN", source: file:///home/seluser/ppt/player/bola1/index.html (126)
[104:104:0103/104652.709633:INFO:CONSOLE(126)] "currentLatencynow: NaN", source: file:///home/seluser/ppt/player/bola1/index.html (126)
[104:104:0103/104653.709741:INFO:CONSOLE(126)] "currentLatencynow: NaN", source: file:///home/seluser/ppt/player/bola1/index.html (126)
[431:431:0103/104654.610211:WARNING:audio_manager_linux.cc(69)] Falling back to ALSA for audio output. PulseAudio is not available or could not be initialized.
[431:431:0103/104654.615913:ERROR:alsa_util.cc(204)] PcmOpen: default,No such file or directory
[431:431:0103/104654.616093:ERROR:alsa_util.cc(204)] PcmOpen: plug:default,No such file or directory
[104:104:0103/104654.709607:INFO:CONSOLE(126)] "currentLatencynow: 4.314", source: file:///home/seluser/ppt/player/bola1/index.html (126)
[104:104:0103/104655.709652:INFO:CONSOLE(126)] "currentLatencynow: 5.314", source: file:///home/seluser/ppt/player/bola1/index.html (126)
[104:130:0103/104655.969070:ERROR:bus.cc(392)] Failed to connect to the bus: Address does not contain a colon
[104:130:0103/104655.969115:ERROR:bus.cc(392)] Failed to connect to the bus: Address does not contain a colon
[104:130:0103/104655.969131:ERROR:bus.cc(392)] Failed to connect to the bus: Address does not contain a colon
[104:130:0103/104655.969145:ERROR:bus.cc(392)] Failed to connect to the bus: Address does not contain a colon
[104:130:0103/104655.969170:ERROR:bus.cc(392)] Failed to connect to the bus: Address does not contain a colon
[104:130:0103/104655.969188:ERROR:bus.cc(392)] Failed to connect to the bus: Address does not contain a colon
[104:130:0103/104655.969204:ERROR:bus.cc(392)] Failed to connect to the bus: Address does not contain a colon
[104:130:0103/104655.969217:ERROR:bus.cc(392)] Failed to connect to the bus: Address does not contain a colon
[104:130:0103/104655.969231:ERROR:bus.cc(392)] Failed to connect to the bus: Address does not contain a colon
[104:130:0103/104655.969244:ERROR:bus.cc(392)] Failed to connect to the bus: Address does not contain a colon
[104:130:0103/104655.969258:ERROR:bus.cc(392)] Failed to connect to the bus: Address does not contain a colon
[104:130:0103/104655.969273:ERROR:bus.cc(392)] Failed to connect to the bus: Address does not contain a colon
[104:130:0103/104655.969286:ERROR:bus.cc(392)] Failed to connect to the bus: Address does not contain a colon
[104:130:0103/104655.969300:ERROR:bus.cc(392)] Failed to connect to the bus: Address does not contain a colon
[104:130:0103/104655.974464:ERROR:bus.cc(392)] Failed to connect to the bus: Address does not contain a colon
[104:130:0103/104655.974513:ERROR:bus.cc(392)] Failed to connect to the bus: Address does not contain a colon
[104:130:0103/104655.974533:ERROR:bus.cc(392)] Failed to connect to the bus: Address does not contain a colon
[104:130:0103/104656.019091:ERROR:bus.cc(392)] Failed to connect to the bus: Address does not contain a colon
[104:130:0103/104656.019134:ERROR:bus.cc(392)] Failed to connect to the bus: Address does not contain a colon
[104:104:0103/104656.709658:INFO:CONSOLE(126)] "currentLatencynow: 5.651", source: file:///home/seluser/ppt/player/bola1/index.html (126)
[104:104:0103/104657.709667:INFO:CONSOLE(126)] "currentLatencynow: 5.651", source: file:///home/seluser/ppt/player/bola1/index.html (126)
[104:104:0103/104658.709611:INFO:CONSOLE(126)] "currentLatencynow: 5.651", source: file:///home/seluser/ppt/player/bola1/index.html (126)
[104:104:0103/104659.709615:INFO:CONSOLE(126)] "currentLatencynow: 5.65", source: file:///home/seluser/ppt/player/bola1/index.html (126)
[104:104:0103/104700.709606:INFO:CONSOLE(126)] "currentLatencynow: 5.554", source: file:///home/seluser/ppt/player/bola1/index.html (126)
[104:104:0103/104701.709798:INFO:CONSOLE(126)] "currentLatencynow: 5.454", source: file:///home/seluser/ppt/player/bola1/index.html (126)
[104:104:0103/104702.709721:INFO:CONSOLE(126)] "currentLatencynow: 5.354", source: file:///home/seluser/ppt/player/bola1/index.html (126)
[104:104:0103/104703.709670:INFO:CONSOLE(126)] "currentLatencynow: 5.254", source: file:///home/seluser/ppt/player/bola1/index.html (126)
[104:104:0103/104704.709667:INFO:CONSOLE(126)] "currentLatencynow: 5.154", source: file:///home/seluser/ppt/player/bola1/index.html (126)
[104:104:0103/104705.709673:INFO:CONSOLE(126)] "currentLatencynow: 5.054", source: file:///home/seluser/ppt/player/bola1/index.html (126)
[104:104:0103/104706.709648:INFO:CONSOLE(126)] "currentLatencynow: 4.954", source: file:///home/seluser/ppt/player/bola1/index.html (126)
[104:104:0103/104707.709648:INFO:CONSOLE(126)] "currentLatencynow: 4.854", source: file:///home/seluser/ppt/player/bola1/index.html (126)
[104:104:0103/104708.709668:INFO:CONSOLE(126)] "currentLatencynow: 4.754", source: file:///home/seluser/ppt/player/bola1/index.html (126)
[104:104:0103/104709.709682:INFO:CONSOLE(126)] "currentLatencynow: 4.654", source: file:///home/seluser/ppt/player/bola1/index.html (126)
[104:104:0103/104710.709690:INFO:CONSOLE(126)] "currentLatencynow: 4.554", source: file:///home/seluser/ppt/player/bola1/index.html (126)
[104:104:0103/104711.709655:INFO:CONSOLE(126)] "currentLatencynow: 4.454", source: file:///home/seluser/ppt/player/bola1/index.html (126)
[104:104:0103/104712.709727:INFO:CONSOLE(126)] "currentLatencynow: 4.368", source: file:///home/seluser/ppt/player/bola1/index.html (126)
[104:104:0103/104713.709659:INFO:CONSOLE(126)] "currentLatencynow: 4.289", source: file:///home/seluser/ppt/player/bola1/index.html (126)
[104:104:0103/104714.709652:INFO:CONSOLE(126)] "currentLatencynow: 4.224", source: file:///home/seluser/ppt/player/bola1/index.html (126)
[104:104:0103/104715.709723:INFO:CONSOLE(126)] "currentLatencynow: 4.165", source: file:///home/seluser/ppt/player/bola1/index.html (126)
[104:104:0103/104716.709639:INFO:CONSOLE(126)] "currentLatencynow: 4.122", source: file:///home/seluser/ppt/player/bola1/index.html (126)
[104:104:0103/104717.709678:INFO:CONSOLE(126)] "currentLatencynow: 4.086", source: file:///home/seluser/ppt/player/bola1/index.html (126)
[104:104:0103/104718.709652:INFO:CONSOLE(126)] "currentLatencynow: 4.054", source: file:///home/seluser/ppt/player/bola1/index.html (126)
[104:104:0103/104719.709656:INFO:CONSOLE(126)] "currentLatencynow: 4.039", source: file:///home/seluser/ppt/player/bola1/index.html (126)
[104:104:0103/104720.709673:INFO:CONSOLE(126)] "currentLatencynow: 4.025", source: file:///home/seluser/ppt/player/bola1/index.html (126)
[104:104:0103/104721.709653:INFO:CONSOLE(126)] "currentLatencynow: 4.016", source: file:///home/seluser/ppt/player/bola1/index.html (126)
[104:104:0103/104722.709636:INFO:CONSOLE(126)] "currentLatencynow: 4.016", source: file:///home/seluser/ppt/player/bola1/index.html (126)
[104:104:0103/104723.709655:INFO:CONSOLE(126)] "currentLatencynow: 4.016", source: file:///home/seluser/ppt/player/bola1/index.html (126)
[104:104:0103/104724.709613:INFO:CONSOLE(126)] "currentLatencynow: 4.016", source: file:///home/seluser/ppt/player/bola1/index.html (126)
[104:104:0103/104725.709565:INFO:CONSOLE(126)] "currentLatencynow: 4.016", source: file:///home/seluser/ppt/player/bola1/index.html (126)
[104:104:0103/104726.709642:INFO:CONSOLE(126)] "currentLatencynow: 4.016", source: file:///home/seluser/ppt/player/bola1/index.html (126)
[104:104:0103/104727.709642:INFO:CONSOLE(126)] "currentLatencynow: 4.016", source: file:///home/seluser/ppt/player/bola1/index.html (126)
[104:104:0103/104728.709563:INFO:CONSOLE(126)] "currentLatencynow: 4.016", source: file:///home/seluser/ppt/player/bola1/index.html (126)
[104:104:0103/104729.709619:INFO:CONSOLE(126)] "currentLatencynow: 4.016", source: file:///home/seluser/ppt/player/bola1/index.html (126)
[104:104:0103/104730.709664:INFO:CONSOLE(126)] "currentLatencynow: 4.016", source: file:///home/seluser/ppt/player/bola1/index.html (126)
[104:104:0103/104731.709568:INFO:CONSOLE(126)] "currentLatencynow: 4.016", source: file:///home/seluser/ppt/player/bola1/index.html (126)
[104:104:0103/104732.709700:INFO:CONSOLE(126)] "currentLatencynow: 4.016", source: file:///home/seluser/ppt/player/bola1/index.html (126)
[104:104:0103/104733.709695:INFO:CONSOLE(126)] "currentLatencynow: 4.016", source: file:///home/seluser/ppt/player/bola1/index.html (126)
[104:104:0103/104734.709644:INFO:CONSOLE(126)] "currentLatencynow: 4.016", source: file:///home/seluser/ppt/player/bola1/index.html (126)
[104:104:0103/104735.709643:INFO:CONSOLE(126)] "currentLatencynow: 4.016", source: file:///home/seluser/ppt/player/bola1/index.html (126)
[104:104:0103/104736.709702:INFO:CONSOLE(126)] "currentLatencynow: 4.016", source: file:///home/seluser/ppt/player/bola1/index.html (126)
[104:104:0103/104737.709654:INFO:CONSOLE(126)] "currentLatencynow: 4.016", source: file:///home/seluser/ppt/player/bola1/index.html (126)
[104:104:0103/104738.709725:INFO:CONSOLE(126)] "currentLatencynow: 4.016", source: file:///home/seluser/ppt/player/bola1/index.html (126)
[104:104:0103/104739.709668:INFO:CONSOLE(126)] "currentLatencynow: 4.016", source: file:///home/seluser/ppt/player/bola1/index.html (126)
[104:104:0103/104740.709644:INFO:CONSOLE(126)] "currentLatencynow: 4.016", source: file:///home/seluser/ppt/player/bola1/index.html (126)
[104:104:0103/104741.709663:INFO:CONSOLE(126)] "currentLatencynow: 4.016", source: file:///home/seluser/ppt/player/bola1/index.html (126)
[104:104:0103/104742.709679:INFO:CONSOLE(126)] "currentLatencynow: 4.016", source: file:///home/seluser/ppt/player/bola1/index.html (126)
[104:104:0103/104743.709654:INFO:CONSOLE(126)] "currentLatencynow: 4.016", source: file:///home/seluser/ppt/player/bola1/index.html (126)
[104:104:0103/104744.709648:INFO:CONSOLE(126)] "currentLatencynow: 4.016", source: file:///home/seluser/ppt/player/bola1/index.html (126)
[104:104:0103/104745.709664:INFO:CONSOLE(126)] "currentLatencynow: 4.016", source: file:///home/seluser/ppt/player/bola1/index.html (126)
[104:104:0103/104746.709656:INFO:CONSOLE(126)] "currentLatencynow: 4.016", source: file:///home/seluser/ppt/player/bola1/index.html (126)
[104:104:0103/104747.709661:INFO:CONSOLE(126)] "currentLatencynow: 4.016", source: file:///home/seluser/ppt/player/bola1/index.html (126)
[104:104:0103/104748.709639:INFO:CONSOLE(126)] "currentLatencynow: 4.016", source: file:///home/seluser/ppt/player/bola1/index.html (126)
[104:104:0103/104749.709614:INFO:CONSOLE(126)] "currentLatencynow: 4.016", source: file:///home/seluser/ppt/player/bola1/index.html (126)
[104:104:0103/104750.709635:INFO:CONSOLE(126)] "currentLatencynow: 4.016", source: file:///home/seluser/ppt/player/bola1/index.html (126)
[104:104:0103/104751.709588:INFO:CONSOLE(126)] "currentLatencynow: 4.016", source: file:///home/seluser/ppt/player/bola1/index.html (126)
[104:104:0103/104752.709613:INFO:CONSOLE(126)] "currentLatencynow: 4.466", source: file:///home/seluser/ppt/player/bola1/index.html (126)
[104:104:0103/104753.710003:INFO:CONSOLE(126)] "currentLatencynow: 5.378", source: file:///home/seluser/ppt/player/bola1/index.html (126)
[104:104:0103/104754.709669:INFO:CONSOLE(126)] "currentLatencynow: 5.334", source: file:///home/seluser/ppt/player/bola1/index.html (126)
[104:104:0103/104755.709593:INFO:CONSOLE(126)] "currentLatencynow: 5.451", source: file:///home/seluser/ppt/player/bola1/index.html (126)
[104:104:0103/104756.709639:INFO:CONSOLE(126)] "currentLatencynow: 5.939", source: file:///home/seluser/ppt/player/bola1/index.html (126)
[104:104:0103/104757.709616:INFO:CONSOLE(126)] "currentLatencynow: 5.839", source: file:///home/seluser/ppt/player/bola1/index.html (126)
[104:104:0103/104758.709604:INFO:CONSOLE(126)] "currentLatencynow: 6.427", source: file:///home/seluser/ppt/player/bola1/index.html (126)
[104:104:0103/104759.709593:INFO:CONSOLE(126)] "currentLatencynow: 6.705", source: file:///home/seluser/ppt/player/bola1/index.html (126)
[104:104:0103/104800.709676:INFO:CONSOLE(126)] "currentLatencynow: 6.605", source: file:///home/seluser/ppt/player/bola1/index.html (126)
[104:104:0103/104801.709603:INFO:CONSOLE(126)] "currentLatencynow: 6.505", source: file:///home/seluser/ppt/player/bola1/index.html (126)
[104:104:0103/104802.709658:INFO:CONSOLE(126)] "currentLatencynow: 6.405", source: file:///home/seluser/ppt/player/bola1/index.html (126)
[104:104:0103/104803.709730:INFO:CONSOLE(126)] "currentLatencynow: 6.305", source: file:///home/seluser/ppt/player/bola1/index.html (126)
[104:104:0103/104804.709771:INFO:CONSOLE(126)] "currentLatencynow: 6.205", source: file:///home/seluser/ppt/player/bola1/index.html (126)
[104:104:0103/104805.709747:INFO:CONSOLE(126)] "currentLatencynow: 6.105", source: file:///home/seluser/ppt/player/bola1/index.html (126)
[104:104:0103/104806.709686:INFO:CONSOLE(126)] "currentLatencynow: 6.005", source: file:///home/seluser/ppt/player/bola1/index.html (126)
[104:104:0103/104807.709669:INFO:CONSOLE(126)] "currentLatencynow: 5.905", source: file:///home/seluser/ppt/player/bola1/index.html (126)
[104:104:0103/104808.709640:INFO:CONSOLE(126)] "currentLatencynow: 5.805", source: file:///home/seluser/ppt/player/bola1/index.html (126)
[104:104:0103/104809.710910:INFO:CONSOLE(126)] "currentLatencynow: 5.705", source: file:///home/seluser/ppt/player/bola1/index.html (126)
[104:104:0103/104810.709696:INFO:CONSOLE(126)] "currentLatencynow: 5.686", source: file:///home/seluser/ppt/player/bola1/index.html (126)
[104:104:0103/104811.709795:INFO:CONSOLE(126)] "currentLatencynow: 5.68", source: file:///home/seluser/ppt/player/bola1/index.html (126)
[104:104:0103/104812.709604:INFO:CONSOLE(126)] "currentLatencynow: 5.58", source: file:///home/seluser/ppt/player/bola1/index.html (126)
[104:104:0103/104813.709611:INFO:CONSOLE(126)] "currentLatencynow: 5.48", source: file:///home/seluser/ppt/player/bola1/index.html (126)
[104:104:0103/104814.709610:INFO:CONSOLE(126)] "currentLatencynow: 5.38", source: file:///home/seluser/ppt/player/bola1/index.html (126)
[104:104:0103/104815.709628:INFO:CONSOLE(126)] "currentLatencynow: 5.28", source: file:///home/seluser/ppt/player/bola1/index.html (126)
[104:104:0103/104816.709709:INFO:CONSOLE(126)] "currentLatencynow: 5.18", source: file:///home/seluser/ppt/player/bola1/index.html (126)
[104:104:0103/104817.710188:INFO:CONSOLE(126)] "currentLatencynow: 5.08", source: file:///home/seluser/ppt/player/bola1/index.html (126)
[104:104:0103/104818.709755:INFO:CONSOLE(126)] "currentLatencynow: 4.98", source: file:///home/seluser/ppt/player/bola1/index.html (126)
[104:104:0103/104819.709729:INFO:CONSOLE(126)] "currentLatencynow: 4.88", source: file:///home/seluser/ppt/player/bola1/index.html (126)
[104:104:0103/104820.709851:INFO:CONSOLE(126)] "currentLatencynow: 4.78", source: file:///home/seluser/ppt/player/bola1/index.html (126)
[104:104:0103/104821.710149:INFO:CONSOLE(126)] "currentLatencynow: 4.68", source: file:///home/seluser/ppt/player/bola1/index.html (126)
[104:104:0103/104822.709709:INFO:CONSOLE(126)] "currentLatencynow: 4.58", source: file:///home/seluser/ppt/player/bola1/index.html (126)
[104:104:0103/104823.709779:INFO:CONSOLE(126)] "currentLatencynow: 4.48", source: file:///home/seluser/ppt/player/bola1/index.html (126)
[104:104:0103/104824.709726:INFO:CONSOLE(126)] "currentLatencynow: 4.387", source: file:///home/seluser/ppt/player/bola1/index.html (126)
[104:104:0103/104825.709759:INFO:CONSOLE(126)] "currentLatencynow: 4.309", source: file:///home/seluser/ppt/player/bola1/index.html (126)
[104:104:0103/104826.709773:INFO:CONSOLE(126)] "currentLatencynow: 4.237", source: file:///home/seluser/ppt/player/bola1/index.html (126)
[104:104:0103/104827.710194:INFO:CONSOLE(126)] "currentLatencynow: 4.18", source: file:///home/seluser/ppt/player/bola1/index.html (126)
[104:104:0103/104828.709704:INFO:CONSOLE(126)] "currentLatencynow: 4.13", source: file:///home/seluser/ppt/player/bola1/index.html (126)
[104:104:0103/104829.709646:INFO:CONSOLE(126)] "currentLatencynow: 4.095", source: file:///home/seluser/ppt/player/bola1/index.html (126)
[104:104:0103/104830.709695:INFO:CONSOLE(126)] "currentLatencynow: 4.061", source: file:///home/seluser/ppt/player/bola1/index.html (126)
[104:104:0103/104831.709743:INFO:CONSOLE(126)] "currentLatencynow: 4.042", source: file:///home/seluser/ppt/player/bola1/index.html (126)
[104:104:0103/104832.709702:INFO:CONSOLE(126)] "currentLatencynow: 4.028", source: file:///home/seluser/ppt/player/bola1/index.html (126)
[104:104:0103/104833.709709:INFO:CONSOLE(126)] "currentLatencynow: 4.018", source: file:///home/seluser/ppt/player/bola1/index.html (126)
[104:104:0103/104834.709794:INFO:CONSOLE(126)] "currentLatencynow: 4.018", source: file:///home/seluser/ppt/player/bola1/index.html (126)
[104:104:0103/104835.709691:INFO:CONSOLE(126)] "currentLatencynow: 4.018", source: file:///home/seluser/ppt/player/bola1/index.html (126)
[104:104:0103/104836.709692:INFO:CONSOLE(126)] "currentLatencynow: 4.018", source: file:///home/seluser/ppt/player/bola1/index.html (126)
[104:104:0103/104837.709633:INFO:CONSOLE(126)] "currentLatencynow: 4.018", source: file:///home/seluser/ppt/player/bola1/index.html (126)
[104:104:0103/104838.709694:INFO:CONSOLE(126)] "currentLatencynow: 4.018", source: file:///home/seluser/ppt/player/bola1/index.html (126)
[104:104:0103/104839.709651:INFO:CONSOLE(126)] "currentLatencynow: 4.018", source: file:///home/seluser/ppt/player/bola1/index.html (126)
[104:104:0103/104840.709670:INFO:CONSOLE(126)] "currentLatencynow: 4.018", source: file:///home/seluser/ppt/player/bola1/index.html (126)
[104:104:0103/104841.709633:INFO:CONSOLE(126)] "currentLatencynow: 4.018", source: file:///home/seluser/ppt/player/bola1/index.html (126)
[104:104:0103/104842.709670:INFO:CONSOLE(126)] "currentLatencynow: 4.018", source: file:///home/seluser/ppt/player/bola1/index.html (126)
[104:104:0103/104843.709636:INFO:CONSOLE(126)] "currentLatencynow: 4.018", source: file:///home/seluser/ppt/player/bola1/index.html (126)
[104:104:0103/104844.709686:INFO:CONSOLE(126)] "currentLatencynow: 4.018", source: file:///home/seluser/ppt/player/bola1/index.html (126)
[104:104:0103/104845.709680:INFO:CONSOLE(126)] "currentLatencynow: 4.018", source: file:///home/seluser/ppt/player/bola1/index.html (126)
[104:104:0103/104846.709669:INFO:CONSOLE(126)] "currentLatencynow: 4.018", source: file:///home/seluser/ppt/player/bola1/index.html (126)
[104:104:0103/104847.709687:INFO:CONSOLE(126)] "currentLatencynow: 4.018", source: file:///home/seluser/ppt/player/bola1/index.html (126)
[104:104:0103/104848.709687:INFO:CONSOLE(112)] "Begin Player stistics 
", source: file:///home/seluser/ppt/player/bola1/index.html (112)
[104:104:0103/104848.710137:INFO:CONSOLE(113)] "["stall",[["6.01","7.40",1.3900000000000006]],[["63.69","63.94",0.25]],[["66.95","67.20",0.25]],[["69.51","69.76",0.25]],[["availibleBW",[null],[null],[null],[null],[null],[null],[1756],[2099],[2180],[2230],[2140],[2172],[2285],[2285],[2197],[2197],[2068],[2068],[1894],[1894],[1678],[1926],[1841],[1841],[1549],[1549],[1807],[1807],[1647],[1647],[1266],[1266],[1143],[1143],[455],[455],[426],[426],[456],[456],[455],[455],[456],[456],[468],[468],[443],[443],[465],[465],[495],[495],[464],[464],[461],[461],[450],[450],[450],[432],[432],[432],[432],[396],[396],[403],[403],[403],[403],[505],[619],[658],[658],[658],[672],[672],[968],[1696],[2229],[2229],[3525],[3617],[3617],[3616],[3619],[3619],[3620],[3613],[3613],[3606],[3594],[3594],[3226],[3226],[3089],[3089],[2929],[3027],[3027],[3016],[2812],[2812],[2505],[2505],[2284],[2284],[2003],[2234],[2262],[2262],[2108],[2108],[1585],[1585],[1803],[1803],[1652],[1652]]],[["currentBuffer",[0],[0],[0],[0],[0],[0],[1.409],[0.409],[1.411],[2.217],[3.342],[4.222],[5.124],[4.046],[4.843],[3.848],[4.535],[3.65],[4.552],[3.452],[4.304],[3.254],[4.008],[3.086],[3.89],[2.959],[3.736],[2.876],[3.744],[2.827],[3.615],[2.802],[3.804],[2.804],[3.685],[2.806],[3.662],[2.808],[3.81],[2.81],[3.812],[2.812],[3.718],[2.814],[3.62],[2.816],[3.818],[2.818],[3.774],[2.82],[3.676],[2.822],[3.824],[2.824],[3.705],[2.826],[3.732],[2.828],[1.828],[2.83],[1.83],[0.83],[0.037],[2.039],[1.013],[2.026],[1.718],[0.618],[0.002],[3.408],[4.324],[5.195],[4.126],[5.028],[5.826],[4.83],[3.73],[2.63],[1.474],[0.43],[1.4],[2.402],[1.309],[2.211],[3.11],[2.013],[2.829],[3.817],[2.717],[3.619],[4.521],[3.421],[4.292],[3.223],[4.126],[3.051],[3.979],[2.921],[1.868],[2.836],[3.722],[2.782],[3.77],[2.758],[3.757],[2.76],[3.734],[2.762],[3.764],[2.764],[3.766],[2.766],[3.768],[2.768],[3.669],[2.77],[3.772],[2.772]]],[["currentLatency",[null],[null],[null],[null],[4.314],[5.314],[5.651],[5.651],[5.651],[5.65],[5.554],[5.454],[5.354],[5.254],[5.154],[5.054],[4.954],[4.854],[4.754],[4.654],[4.554],[4.454],[4.368],[4.289],[4.224],[4.165],[4.122],[4.086],[4.054],[4.039],[4.025],[4.016],[4.016],[4.016],[4.016],[4.016],[4.016],[4.016],[4.016],[4.016],[4.016],[4.016],[4.016],[4.016],[4.016],[4.016],[4.016],[4.016],[4.016],[4.016],[4.016],[4.016],[4.016],[4.016],[4.016],[4.016],[4.016],[4.016],[4.016],[4.016],[4.016],[4.016],[4.466],[5.378],[5.334],[5.451],[5.939],[5.839],[6.427],[6.705],[6.605],[6.505],[6.405],[6.305],[6.205],[6.105],[6.005],[5.905],[5.805],[5.705],[5.686],[5.68],[5.58],[5.48],[5.38],[5.28],[5.18],[5.08],[4.98],[4.88],[4.78],[4.68],[4.58],[4.48],[4.387],[4.309],[4.237],[4.18],[4.13],[4.095],[4.061],[4.042],[4.028],[4.018],[4.018],[4.018],[4.018],[4.018],[4.018],[4.018],[4.018],[4.018],[4.018],[4.018],[4.018],[4.018],[4.018],[4.018]]]]", source: file:///home/seluser/ppt/player/bola1/index.html (113)
[104:104:0103/104848.710677:INFO:CONSOLE(114)] "
", source: file:///home/seluser/ppt/player/bola1/index.html (114)
[104:104:0103/104848.711692:INFO:CONSOLE(115)] "Finish Player stistics 
", source: file:///home/seluser/ppt/player/bola1/index.html (115)
[104:104:0103/104848.711783:INFO:CONSOLE(126)] "currentLatencynow: 4.018", source: file:///home/seluser/ppt/player/bola1/index.html (126)
[104:104:0103/104849.709684:INFO:CONSOLE(126)] "currentLatencynow: 4.018", source: file:///home/seluser/ppt/player/bola1/index.html (126)
[104:104:0103/104850.709624:INFO:CONSOLE(126)] "currentLatencynow: 4.018", source: file:///home/seluser/ppt/player/bola1/index.html (126)
[104:104:0103/104851.709694:INFO:CONSOLE(126)] "currentLatencynow: 4.018", source: file:///home/seluser/ppt/player/bola1/index.html (126)
[104:104:0103/104852.709737:INFO:CONSOLE(126)] "currentLatencynow: 4.018", source: file:///home/seluser/ppt/player/bola1/index.html (126)
[104:104:0103/104853.709746:INFO:CONSOLE(126)] "currentLatencynow: 4.018", source: file:///home/seluser/ppt/player/bola1/index.html (126)
[104:104:0103/104854.709643:INFO:CONSOLE(126)] "currentLatencynow: 4.018", source: file:///home/seluser/ppt/player/bola1/index.html (126)
[104:104:0103/104855.709728:INFO:CONSOLE(126)] "currentLatencynow: 4.018", source: file:///home/seluser/ppt/player/bola1/index.html (126)
[104:104:0103/104856.709763:INFO:CONSOLE(126)] "currentLatencynow: 4.018", source: file:///home/seluser/ppt/player/bola1/index.html (126)
[104:104:0103/104857.709715:INFO:CONSOLE(126)] "currentLatencynow: 4.018", source: file:///home/seluser/ppt/player/bola1/index.html (126)
[104:104:0103/104858.709718:INFO:CONSOLE(126)] "currentLatencynow: 4.018", source: file:///home/seluser/ppt/player/bola1/index.html (126)
[104:104:0103/104859.709699:INFO:CONSOLE(126)] "currentLatencynow: 4.018", source: file:///home/seluser/ppt/player/bola1/index.html (126)
[104:104:0103/104900.709747:INFO:CONSOLE(126)] "currentLatencynow: 4.018", source: file:///home/seluser/ppt/player/bola1/index.html (126)
[104:104:0103/104901.709689:INFO:CONSOLE(126)] "currentLatencynow: 4.018", source: file:///home/seluser/ppt/player/bola1/index.html (126)
[104:104:0103/104902.709631:INFO:CONSOLE(126)] "currentLatencynow: 4.018", source: file:///home/seluser/ppt/player/bola1/index.html (126)
[104:104:0103/104903.709750:INFO:CONSOLE(126)] "currentLatencynow: 4.018", source: file:///home/seluser/ppt/player/bola1/index.html (126)
[104:104:0103/104904.709626:INFO:CONSOLE(126)] "currentLatencynow: 4.018", source: file:///home/seluser/ppt/player/bola1/index.html (126)
[104:104:0103/104905.709723:INFO:CONSOLE(126)] "currentLatencynow: 4.018", source: file:///home/seluser/ppt/player/bola1/index.html (126)
[104:104:0103/104906.709744:INFO:CONSOLE(126)] "currentLatencynow: 4.018", source: file:///home/seluser/ppt/player/bola1/index.html (126)
[104:104:0103/104907.709659:INFO:CONSOLE(126)] "currentLatencynow: 4.018", source: file:///home/seluser/ppt/player/bola1/index.html (126)
[104:104:0103/104908.709699:INFO:CONSOLE(126)] "currentLatencynow: 4.018", source: file:///home/seluser/ppt/player/bola1/index.html (126)
[104:104:0103/104909.709671:INFO:CONSOLE(126)] "currentLatencynow: 4.018", source: file:///home/seluser/ppt/player/bola1/index.html (126)
[104:104:0103/104910.709667:INFO:CONSOLE(126)] "currentLatencynow: 4.018", source: file:///home/seluser/ppt/player/bola1/index.html (126)
[104:104:0103/104911.709667:INFO:CONSOLE(126)] "currentLatencynow: 4.018", source: file:///home/seluser/ppt/player/bola1/index.html (126)
[104:104:0103/104912.709668:INFO:CONSOLE(126)] "currentLatencynow: 4.018", source: file:///home/seluser/ppt/player/bola1/index.html (126)
[104:104:0103/104913.709674:INFO:CONSOLE(126)] "currentLatencynow: 4.018", source: file:///home/seluser/ppt/player/bola1/index.html (126)
[104:104:0103/104914.709680:INFO:CONSOLE(126)] "currentLatencynow: 4.018", source: file:///home/seluser/ppt/player/bola1/index.html (126)
[104:104:0103/104915.709700:INFO:CONSOLE(126)] "currentLatencynow: 4.018", source: file:///home/seluser/ppt/player/bola1/index.html (126)
[104:104:0103/104916.709658:INFO:CONSOLE(126)] "currentLatencynow: 4.018", source: file:///home/seluser/ppt/player/bola1/index.html (126)
[104:104:0103/104917.709659:INFO:CONSOLE(126)] "currentLatencynow: 4.018", source: file:///home/seluser/ppt/player/bola1/index.html (126)
[104:104:0103/104918.709693:INFO:CONSOLE(126)] "currentLatencynow: 4.018", source: file:///home/seluser/ppt/player/bola1/index.html (126)
[104:104:0103/104919.709664:INFO:CONSOLE(126)] "currentLatencynow: 4.018", source: file:///home/seluser/ppt/player/bola1/index.html (126)
[104:104:0103/104920.709693:INFO:CONSOLE(126)] "currentLatencynow: 4.018", source: file:///home/seluser/ppt/player/bola1/index.html (126)
[104:104:0103/104920.877304:WARNING:pref_notifier_impl.cc(40)] Pref observer for media_router.cast_allow_all_ips found at shutdown.
