[103:139:0103/104647.507009:ERROR:bus.cc(392)] Failed to connect to the bus: Failed to connect to socket /var/run/dbus/system_bus_socket: No such file or directory
[103:130:0103/104647.509670:ERROR:bus.cc(392)] Failed to connect to the bus: Address does not contain a colon
[103:130:0103/104647.509703:ERROR:bus.cc(392)] Failed to connect to the bus: Address does not contain a colon
[145:145:0103/104647.527562:ERROR:gpu_init.cc(453)] Passthrough is not supported, GL is swiftshader, ANGLE is 
[103:130:0103/104647.529338:ERROR:bus.cc(392)] Failed to connect to the bus: Address does not contain a colon
[103:130:0103/104647.529378:ERROR:bus.cc(392)] Failed to connect to the bus: Address does not contain a colon
[103:130:0103/104647.571893:ERROR:bus.cc(392)] Failed to connect to the bus: Address does not contain a colon
[103:130:0103/104647.571926:ERROR:bus.cc(392)] Failed to connect to the bus: Address does not contain a colon
[103:224:0103/104647.838314:ERROR:bus.cc(392)] Failed to connect to the bus: Failed to connect to socket /var/run/dbus/system_bus_socket: No such file or directory
[103:224:0103/104647.838439:ERROR:bus.cc(392)] Failed to connect to the bus: Failed to connect to socket /var/run/dbus/system_bus_socket: No such file or directory
[103:224:0103/104647.838567:ERROR:bus.cc(392)] Failed to connect to the bus: Failed to connect to socket /var/run/dbus/system_bus_socket: No such file or directory
[103:224:0103/104647.838595:WARNING:property.cc(144)] DaemonVersion: GetAndBlock: failed.
[103:224:0103/104647.838640:ERROR:bus.cc(392)] Failed to connect to the bus: Failed to connect to socket /var/run/dbus/system_bus_socket: No such file or directory
[103:224:0103/104647.838745:ERROR:bus.cc(392)] Failed to connect to the bus: Failed to connect to socket /var/run/dbus/system_bus_socket: No such file or directory
[103:103:0103/104650.506802:INFO:CONSOLE(126)] "currentLatencynow: NaN", source: file:///home/seluser/ppt/player/bola1/index.html (126)
[103:176:0103/104650.691714:ERROR:chrome_browser_main_extra_parts_metrics.cc(228)] crbug.com/1216328: Checking Bluetooth availability started. Please report if there is no report that this ends.
[103:176:0103/104650.691809:ERROR:chrome_browser_main_extra_parts_metrics.cc(231)] crbug.com/1216328: Checking Bluetooth availability ended.
[103:176:0103/104650.691830:ERROR:chrome_browser_main_extra_parts_metrics.cc(234)] crbug.com/1216328: Checking default browser status started. Please report if there is no report that this ends.
[103:176:0103/104650.834573:ERROR:chrome_browser_main_extra_parts_metrics.cc(238)] crbug.com/1216328: Checking default browser status ended.
[103:103:0103/104651.506334:INFO:CONSOLE(126)] "currentLatencynow: NaN", source: file:///home/seluser/ppt/player/bola1/index.html (126)
[103:103:0103/104652.506274:INFO:CONSOLE(126)] "currentLatencynow: NaN", source: file:///home/seluser/ppt/player/bola1/index.html (126)
[103:103:0103/104653.506457:INFO:CONSOLE(126)] "currentLatencynow: NaN", source: file:///home/seluser/ppt/player/bola1/index.html (126)
[103:103:0103/104654.506346:INFO:CONSOLE(126)] "currentLatencynow: 0", source: file:///home/seluser/ppt/player/bola1/index.html (126)
[436:436:0103/104654.560947:WARNING:audio_manager_linux.cc(69)] Falling back to ALSA for audio output. PulseAudio is not available or could not be initialized.
[436:436:0103/104654.566592:ERROR:alsa_util.cc(204)] PcmOpen: default,No such file or directory
[436:436:0103/104654.566786:ERROR:alsa_util.cc(204)] PcmOpen: plug:default,No such file or directory
[103:103:0103/104655.506342:INFO:CONSOLE(126)] "currentLatencynow: 5.198", source: file:///home/seluser/ppt/player/bola1/index.html (126)
[103:130:0103/104655.804212:ERROR:bus.cc(392)] Failed to connect to the bus: Address does not contain a colon
[103:130:0103/104655.804298:ERROR:bus.cc(392)] Failed to connect to the bus: Address does not contain a colon
[103:130:0103/104655.804357:ERROR:bus.cc(392)] Failed to connect to the bus: Address does not contain a colon
[103:130:0103/104655.804445:ERROR:bus.cc(392)] Failed to connect to the bus: Address does not contain a colon
[103:130:0103/104655.804510:ERROR:bus.cc(392)] Failed to connect to the bus: Address does not contain a colon
[103:130:0103/104655.804565:ERROR:bus.cc(392)] Failed to connect to the bus: Address does not contain a colon
[103:130:0103/104655.804618:ERROR:bus.cc(392)] Failed to connect to the bus: Address does not contain a colon
[103:130:0103/104655.804671:ERROR:bus.cc(392)] Failed to connect to the bus: Address does not contain a colon
[103:130:0103/104655.804722:ERROR:bus.cc(392)] Failed to connect to the bus: Address does not contain a colon
[103:130:0103/104655.804810:ERROR:bus.cc(392)] Failed to connect to the bus: Address does not contain a colon
[103:130:0103/104655.804863:ERROR:bus.cc(392)] Failed to connect to the bus: Address does not contain a colon
[103:130:0103/104655.804910:ERROR:bus.cc(392)] Failed to connect to the bus: Address does not contain a colon
[103:130:0103/104655.804983:ERROR:bus.cc(392)] Failed to connect to the bus: Address does not contain a colon
[103:130:0103/104655.805128:ERROR:bus.cc(392)] Failed to connect to the bus: Address does not contain a colon
[103:130:0103/104655.806556:ERROR:bus.cc(392)] Failed to connect to the bus: Address does not contain a colon
[103:130:0103/104655.806610:ERROR:bus.cc(392)] Failed to connect to the bus: Address does not contain a colon
[103:130:0103/104655.806651:ERROR:bus.cc(392)] Failed to connect to the bus: Address does not contain a colon
[103:130:0103/104655.836224:ERROR:bus.cc(392)] Failed to connect to the bus: Address does not contain a colon
[103:130:0103/104655.836285:ERROR:bus.cc(392)] Failed to connect to the bus: Address does not contain a colon
[103:103:0103/104656.506401:INFO:CONSOLE(126)] "currentLatencynow: 5.499", source: file:///home/seluser/ppt/player/bola1/index.html (126)
[103:103:0103/104657.506285:INFO:CONSOLE(126)] "currentLatencynow: 5.4", source: file:///home/seluser/ppt/player/bola1/index.html (126)
[103:103:0103/104658.506317:INFO:CONSOLE(126)] "currentLatencynow: 5.388", source: file:///home/seluser/ppt/player/bola1/index.html (126)
[103:103:0103/104659.506425:INFO:CONSOLE(126)] "currentLatencynow: 5.388", source: file:///home/seluser/ppt/player/bola1/index.html (126)
[103:103:0103/104700.506367:INFO:CONSOLE(126)] "currentLatencynow: 5.3", source: file:///home/seluser/ppt/player/bola1/index.html (126)
[103:103:0103/104701.506446:INFO:CONSOLE(126)] "currentLatencynow: 5.304", source: file:///home/seluser/ppt/player/bola1/index.html (126)
[103:103:0103/104702.506294:INFO:CONSOLE(126)] "currentLatencynow: 5.661", source: file:///home/seluser/ppt/player/bola1/index.html (126)
[103:103:0103/104703.506272:INFO:CONSOLE(126)] "currentLatencynow: 5.659", source: file:///home/seluser/ppt/player/bola1/index.html (126)
[103:103:0103/104704.506458:INFO:CONSOLE(126)] "currentLatencynow: 5.558", source: file:///home/seluser/ppt/player/bola1/index.html (126)
[103:103:0103/104705.506393:INFO:CONSOLE(126)] "currentLatencynow: 5.458", source: file:///home/seluser/ppt/player/bola1/index.html (126)
[103:103:0103/104706.506321:INFO:CONSOLE(126)] "currentLatencynow: 5.359", source: file:///home/seluser/ppt/player/bola1/index.html (126)
[103:103:0103/104707.507244:INFO:CONSOLE(126)] "currentLatencynow: 5.259", source: file:///home/seluser/ppt/player/bola1/index.html (126)
[103:103:0103/104708.506327:INFO:CONSOLE(126)] "currentLatencynow: 5.159", source: file:///home/seluser/ppt/player/bola1/index.html (126)
[103:103:0103/104709.506569:INFO:CONSOLE(126)] "currentLatencynow: 5.059", source: file:///home/seluser/ppt/player/bola1/index.html (126)
[103:103:0103/104710.506559:INFO:CONSOLE(126)] "currentLatencynow: 4.959", source: file:///home/seluser/ppt/player/bola1/index.html (126)
[103:103:0103/104711.506379:INFO:CONSOLE(126)] "currentLatencynow: 4.859", source: file:///home/seluser/ppt/player/bola1/index.html (126)
[103:103:0103/104712.506373:INFO:CONSOLE(126)] "currentLatencynow: 4.759", source: file:///home/seluser/ppt/player/bola1/index.html (126)
[103:103:0103/104713.506259:INFO:CONSOLE(126)] "currentLatencynow: 4.659", source: file:///home/seluser/ppt/player/bola1/index.html (126)
[103:103:0103/104714.506422:INFO:CONSOLE(126)] "currentLatencynow: 4.559", source: file:///home/seluser/ppt/player/bola1/index.html (126)
[103:103:0103/104715.506349:INFO:CONSOLE(126)] "currentLatencynow: 4.459", source: file:///home/seluser/ppt/player/bola1/index.html (126)
[103:103:0103/104716.506717:INFO:CONSOLE(126)] "currentLatencynow: 4.37", source: file:///home/seluser/ppt/player/bola1/index.html (126)
[103:103:0103/104717.506324:INFO:CONSOLE(126)] "currentLatencynow: 4.293", source: file:///home/seluser/ppt/player/bola1/index.html (126)
[103:103:0103/104718.506255:INFO:CONSOLE(126)] "currentLatencynow: 4.225", source: file:///home/seluser/ppt/player/bola1/index.html (126)
[103:103:0103/104719.506307:INFO:CONSOLE(126)] "currentLatencynow: 4.168", source: file:///home/seluser/ppt/player/bola1/index.html (126)
[103:103:0103/104720.506373:INFO:CONSOLE(126)] "currentLatencynow: 4.122", source: file:///home/seluser/ppt/player/bola1/index.html (126)
[103:103:0103/104721.506330:INFO:CONSOLE(126)] "currentLatencynow: 4.088", source: file:///home/seluser/ppt/player/bola1/index.html (126)
[103:103:0103/104722.506362:INFO:CONSOLE(126)] "currentLatencynow: 4.055", source: file:///home/seluser/ppt/player/bola1/index.html (126)
[103:103:0103/104723.506257:INFO:CONSOLE(126)] "currentLatencynow: 4.04", source: file:///home/seluser/ppt/player/bola1/index.html (126)
[103:103:0103/104724.506344:INFO:CONSOLE(126)] "currentLatencynow: 4.026", source: file:///home/seluser/ppt/player/bola1/index.html (126)
[103:103:0103/104725.506308:INFO:CONSOLE(126)] "currentLatencynow: 4.019", source: file:///home/seluser/ppt/player/bola1/index.html (126)
[103:103:0103/104726.506440:INFO:CONSOLE(126)] "currentLatencynow: 4.019", source: file:///home/seluser/ppt/player/bola1/index.html (126)
[103:103:0103/104727.506406:INFO:CONSOLE(126)] "currentLatencynow: 4.019", source: file:///home/seluser/ppt/player/bola1/index.html (126)
[103:103:0103/104728.506418:INFO:CONSOLE(126)] "currentLatencynow: 4.019", source: file:///home/seluser/ppt/player/bola1/index.html (126)
[103:103:0103/104729.506302:INFO:CONSOLE(126)] "currentLatencynow: 4.019", source: file:///home/seluser/ppt/player/bola1/index.html (126)
[103:103:0103/104730.506447:INFO:CONSOLE(126)] "currentLatencynow: 4.019", source: file:///home/seluser/ppt/player/bola1/index.html (126)
[103:103:0103/104731.506344:INFO:CONSOLE(126)] "currentLatencynow: 4.019", source: file:///home/seluser/ppt/player/bola1/index.html (126)
[103:103:0103/104732.506294:INFO:CONSOLE(126)] "currentLatencynow: 4.019", source: file:///home/seluser/ppt/player/bola1/index.html (126)
[103:103:0103/104733.506380:INFO:CONSOLE(126)] "currentLatencynow: 4.019", source: file:///home/seluser/ppt/player/bola1/index.html (126)
[103:103:0103/104734.506285:INFO:CONSOLE(126)] "currentLatencynow: 4.019", source: file:///home/seluser/ppt/player/bola1/index.html (126)
[103:103:0103/104735.506429:INFO:CONSOLE(126)] "currentLatencynow: 4.019", source: file:///home/seluser/ppt/player/bola1/index.html (126)
[103:103:0103/104736.506440:INFO:CONSOLE(126)] "currentLatencynow: 4.019", source: file:///home/seluser/ppt/player/bola1/index.html (126)
[103:103:0103/104737.506326:INFO:CONSOLE(126)] "currentLatencynow: 4.019", source: file:///home/seluser/ppt/player/bola1/index.html (126)
[103:103:0103/104738.506322:INFO:CONSOLE(126)] "currentLatencynow: 4.019", source: file:///home/seluser/ppt/player/bola1/index.html (126)
[103:103:0103/104739.506230:INFO:CONSOLE(126)] "currentLatencynow: 4.019", source: file:///home/seluser/ppt/player/bola1/index.html (126)
[103:103:0103/104740.506297:INFO:CONSOLE(126)] "currentLatencynow: 4.019", source: file:///home/seluser/ppt/player/bola1/index.html (126)
[103:103:0103/104741.506246:INFO:CONSOLE(126)] "currentLatencynow: 4.019", source: file:///home/seluser/ppt/player/bola1/index.html (126)
[103:103:0103/104742.506334:INFO:CONSOLE(126)] "currentLatencynow: 4.019", source: file:///home/seluser/ppt/player/bola1/index.html (126)
[103:103:0103/104743.506277:INFO:CONSOLE(126)] "currentLatencynow: 4.019", source: file:///home/seluser/ppt/player/bola1/index.html (126)
[103:103:0103/104744.506350:INFO:CONSOLE(126)] "currentLatencynow: 4.019", source: file:///home/seluser/ppt/player/bola1/index.html (126)
[103:103:0103/104745.506294:INFO:CONSOLE(126)] "currentLatencynow: 4.019", source: file:///home/seluser/ppt/player/bola1/index.html (126)
[103:103:0103/104746.506262:INFO:CONSOLE(126)] "currentLatencynow: 4.019", source: file:///home/seluser/ppt/player/bola1/index.html (126)
[103:103:0103/104747.506360:INFO:CONSOLE(126)] "currentLatencynow: 4.019", source: file:///home/seluser/ppt/player/bola1/index.html (126)
[103:103:0103/104748.506302:INFO:CONSOLE(126)] "currentLatencynow: 4.019", source: file:///home/seluser/ppt/player/bola1/index.html (126)
[103:103:0103/104749.506321:INFO:CONSOLE(126)] "currentLatencynow: 4.019", source: file:///home/seluser/ppt/player/bola1/index.html (126)
[103:103:0103/104750.506316:INFO:CONSOLE(126)] "currentLatencynow: 4.019", source: file:///home/seluser/ppt/player/bola1/index.html (126)
[103:103:0103/104751.506294:INFO:CONSOLE(126)] "currentLatencynow: 4.019", source: file:///home/seluser/ppt/player/bola1/index.html (126)
[103:103:0103/104752.506219:INFO:CONSOLE(126)] "currentLatencynow: 4.229", source: file:///home/seluser/ppt/player/bola1/index.html (126)
[103:103:0103/104753.506226:INFO:CONSOLE(126)] "currentLatencynow: 5.021", source: file:///home/seluser/ppt/player/bola1/index.html (126)
[103:103:0103/104754.506417:INFO:CONSOLE(126)] "currentLatencynow: 5.021", source: file:///home/seluser/ppt/player/bola1/index.html (126)
[103:103:0103/104755.506265:INFO:CONSOLE(126)] "currentLatencynow: 5.224", source: file:///home/seluser/ppt/player/bola1/index.html (126)
[103:103:0103/104756.506231:INFO:CONSOLE(126)] "currentLatencynow: 6.152", source: file:///home/seluser/ppt/player/bola1/index.html (126)
[103:103:0103/104757.506416:INFO:CONSOLE(126)] "currentLatencynow: 6.173", source: file:///home/seluser/ppt/player/bola1/index.html (126)
[103:103:0103/104758.506237:INFO:CONSOLE(126)] "currentLatencynow: 6.218", source: file:///home/seluser/ppt/player/bola1/index.html (126)
[103:103:0103/104759.506258:INFO:CONSOLE(126)] "currentLatencynow: 7.046", source: file:///home/seluser/ppt/player/bola1/index.html (126)
[103:103:0103/104800.506347:INFO:CONSOLE(126)] "currentLatencynow: 6.95", source: file:///home/seluser/ppt/player/bola1/index.html (126)
[103:103:0103/104801.506367:INFO:CONSOLE(126)] "currentLatencynow: 6.85", source: file:///home/seluser/ppt/player/bola1/index.html (126)
[103:103:0103/104802.506408:INFO:CONSOLE(126)] "currentLatencynow: 6.75", source: file:///home/seluser/ppt/player/bola1/index.html (126)
[103:103:0103/104803.506411:INFO:CONSOLE(126)] "currentLatencynow: 6.65", source: file:///home/seluser/ppt/player/bola1/index.html (126)
[103:103:0103/104804.506369:INFO:CONSOLE(126)] "currentLatencynow: 6.55", source: file:///home/seluser/ppt/player/bola1/index.html (126)
[103:103:0103/104805.506453:INFO:CONSOLE(126)] "currentLatencynow: 6.54", source: file:///home/seluser/ppt/player/bola1/index.html (126)
[103:103:0103/104806.506283:INFO:CONSOLE(126)] "currentLatencynow: 6.493", source: file:///home/seluser/ppt/player/bola1/index.html (126)
[103:103:0103/104807.506416:INFO:CONSOLE(126)] "currentLatencynow: 6.393", source: file:///home/seluser/ppt/player/bola1/index.html (126)
[103:103:0103/104808.506337:INFO:CONSOLE(126)] "currentLatencynow: 6.293", source: file:///home/seluser/ppt/player/bola1/index.html (126)
[103:103:0103/104809.506295:INFO:CONSOLE(126)] "currentLatencynow: 6.193", source: file:///home/seluser/ppt/player/bola1/index.html (126)
[103:103:0103/104810.506310:INFO:CONSOLE(126)] "currentLatencynow: 6.093", source: file:///home/seluser/ppt/player/bola1/index.html (126)
[103:103:0103/104811.506300:INFO:CONSOLE(126)] "currentLatencynow: 5.993", source: file:///home/seluser/ppt/player/bola1/index.html (126)
[103:103:0103/104812.506386:INFO:CONSOLE(126)] "currentLatencynow: 5.893", source: file:///home/seluser/ppt/player/bola1/index.html (126)
[103:103:0103/104813.506401:INFO:CONSOLE(126)] "currentLatencynow: 5.793", source: file:///home/seluser/ppt/player/bola1/index.html (126)
[103:103:0103/104814.506348:INFO:CONSOLE(126)] "currentLatencynow: 5.693", source: file:///home/seluser/ppt/player/bola1/index.html (126)
[103:103:0103/104815.506496:INFO:CONSOLE(126)] "currentLatencynow: 5.593", source: file:///home/seluser/ppt/player/bola1/index.html (126)
[103:103:0103/104816.506387:INFO:CONSOLE(126)] "currentLatencynow: 5.493", source: file:///home/seluser/ppt/player/bola1/index.html (126)
[103:103:0103/104817.506364:INFO:CONSOLE(126)] "currentLatencynow: 5.393", source: file:///home/seluser/ppt/player/bola1/index.html (126)
[103:103:0103/104818.506367:INFO:CONSOLE(126)] "currentLatencynow: 5.293", source: file:///home/seluser/ppt/player/bola1/index.html (126)
[103:103:0103/104819.506296:INFO:CONSOLE(126)] "currentLatencynow: 5.196", source: file:///home/seluser/ppt/player/bola1/index.html (126)
[103:103:0103/104820.506387:INFO:CONSOLE(126)] "currentLatencynow: 5.196", source: file:///home/seluser/ppt/player/bola1/index.html (126)
[103:103:0103/104821.506224:INFO:CONSOLE(126)] "currentLatencynow: 5.196", source: file:///home/seluser/ppt/player/bola1/index.html (126)
[103:103:0103/104822.506262:INFO:CONSOLE(126)] "currentLatencynow: 5.101", source: file:///home/seluser/ppt/player/bola1/index.html (126)
[103:103:0103/104823.506252:INFO:CONSOLE(126)] "currentLatencynow: 5.001", source: file:///home/seluser/ppt/player/bola1/index.html (126)
[103:103:0103/104824.506284:INFO:CONSOLE(126)] "currentLatencynow: 4.902", source: file:///home/seluser/ppt/player/bola1/index.html (126)
[103:103:0103/104825.506332:INFO:CONSOLE(126)] "currentLatencynow: 4.802", source: file:///home/seluser/ppt/player/bola1/index.html (126)
[103:103:0103/104826.506328:INFO:CONSOLE(126)] "currentLatencynow: 4.703", source: file:///home/seluser/ppt/player/bola1/index.html (126)
[103:103:0103/104827.506299:INFO:CONSOLE(126)] "currentLatencynow: 4.603", source: file:///home/seluser/ppt/player/bola1/index.html (126)
[103:103:0103/104828.506574:INFO:CONSOLE(126)] "currentLatencynow: 4.504", source: file:///home/seluser/ppt/player/bola1/index.html (126)
[103:103:0103/104829.506502:INFO:CONSOLE(126)] "currentLatencynow: 4.409", source: file:///home/seluser/ppt/player/bola1/index.html (126)
[103:103:0103/104830.506305:INFO:CONSOLE(126)] "currentLatencynow: 4.329", source: file:///home/seluser/ppt/player/bola1/index.html (126)
[103:103:0103/104831.506326:INFO:CONSOLE(126)] "currentLatencynow: 4.254", source: file:///home/seluser/ppt/player/bola1/index.html (126)
[103:103:0103/104832.506785:INFO:CONSOLE(126)] "currentLatencynow: 4.194", source: file:///home/seluser/ppt/player/bola1/index.html (126)
[103:103:0103/104833.506282:INFO:CONSOLE(126)] "currentLatencynow: 4.141", source: file:///home/seluser/ppt/player/bola1/index.html (126)
[103:103:0103/104834.506359:INFO:CONSOLE(126)] "currentLatencynow: 4.104", source: file:///home/seluser/ppt/player/bola1/index.html (126)
[103:103:0103/104835.506405:INFO:CONSOLE(126)] "currentLatencynow: 4.068", source: file:///home/seluser/ppt/player/bola1/index.html (126)
[103:103:0103/104836.506513:INFO:CONSOLE(126)] "currentLatencynow: 4.047", source: file:///home/seluser/ppt/player/bola1/index.html (126)
[103:103:0103/104837.506247:INFO:CONSOLE(126)] "currentLatencynow: 4.032", source: file:///home/seluser/ppt/player/bola1/index.html (126)
[103:103:0103/104838.506254:INFO:CONSOLE(126)] "currentLatencynow: 4.017", source: file:///home/seluser/ppt/player/bola1/index.html (126)
[103:103:0103/104839.506576:INFO:CONSOLE(126)] "currentLatencynow: 4.016", source: file:///home/seluser/ppt/player/bola1/index.html (126)
[103:103:0103/104840.506289:INFO:CONSOLE(126)] "currentLatencynow: 4.016", source: file:///home/seluser/ppt/player/bola1/index.html (126)
[103:103:0103/104841.506270:INFO:CONSOLE(126)] "currentLatencynow: 4.016", source: file:///home/seluser/ppt/player/bola1/index.html (126)
[103:103:0103/104842.506582:INFO:CONSOLE(126)] "currentLatencynow: 4.016", source: file:///home/seluser/ppt/player/bola1/index.html (126)
[103:103:0103/104843.506380:INFO:CONSOLE(126)] "currentLatencynow: 4.016", source: file:///home/seluser/ppt/player/bola1/index.html (126)
[103:103:0103/104844.506241:INFO:CONSOLE(126)] "currentLatencynow: 4.018", source: file:///home/seluser/ppt/player/bola1/index.html (126)
[103:103:0103/104845.506310:INFO:CONSOLE(126)] "currentLatencynow: 4.016", source: file:///home/seluser/ppt/player/bola1/index.html (126)
[103:103:0103/104846.506265:INFO:CONSOLE(126)] "currentLatencynow: 4.016", source: file:///home/seluser/ppt/player/bola1/index.html (126)
[103:103:0103/104847.506303:INFO:CONSOLE(126)] "currentLatencynow: 4.016", source: file:///home/seluser/ppt/player/bola1/index.html (126)
[103:103:0103/104848.508805:INFO:CONSOLE(112)] "Begin Player stistics 
", source: file:///home/seluser/ppt/player/bola1/index.html (112)
[103:103:0103/104848.509547:INFO:CONSOLE(113)] "["stall",[["6.32","7.59",1.2699999999999996]],[["13.20","13.45",0.25]],[["64.08","64.33",0.25]],[["67.09","67.34",0.25]],[["70.24","70.49",0.25]],[["availibleBW",[null],[null],[null],[null],[null],[null],[2183],[2299],[2381],[2374],[2374],[2373],[2796],[3008],[3622],[3622],[3128],[3128],[2612],[2612],[2155],[2410],[2232],[2232],[1551],[1551],[1499],[1813],[1652],[1652],[1269],[1269],[1146],[1146],[455],[455],[427],[427],[456],[456],[455],[455],[456],[456],[467],[467],[442],[442],[465],[465],[495],[495],[464],[464],[461],[461],[449],[449],[449],[449],[420],[420],[420],[332],[332],[337],[337],[337],[337],[573],[786],[786],[786],[786],[786],[1087],[3289],[3289],[2821],[2821],[2294],[2294],[2475],[2470],[2347],[3601],[3582],[3595],[3595],[3499],[3481],[3511],[3509],[3590],[3590],[3535],[3294],[3294],[3234],[3234],[2952],[2952],[2862],[2974],[2732],[2732],[2420],[2420],[2326],[2326],[2195],[2195],[1991],[2143],[2036],[2036],[2036],[1416]]],[["currentBuffer",[0],[0],[0],[0],[0],[0],[1.427],[0.327],[1.297],[2.299],[1.231],[0.012],[1.394],[2.424],[5.277],[4.274],[5.146],[4.076],[4.974],[3.878],[4.738],[3.68],[4.575],[3.482],[4.372],[3.284],[4.159],[3.118],[3.958],[2.993],[3.875],[2.913],[3.866],[2.866],[3.815],[2.845],[3.847],[2.847],[3.849],[2.849],[3.851],[2.851],[3.765],[2.853],[3.847],[2.855],[3.851],[2.857],[3.821],[2.859],[3.86],[2.861],[3.854],[2.863],[3.845],[2.865],[3.779],[2.867],[1.867],[0.867],[1.869],[0.869],[0],[1.786],[0.994],[1.988],[1.988],[1.139],[0],[3.859],[4.77],[3.67],[2.569],[1.469],[0.37],[0],[6.32],[5.22],[6.122],[5.022],[5.924],[4.824],[3.724],[2.624],[1.524],[0.424],[1.326],[2.228],[1.128],[0.029],[1.029],[1.988],[2.942],[3.844],[2.745],[3.647],[4.536],[3.451],[4.305],[3.257],[4.156],[3.103],[4.002],[2.991],[3.94],[2.92],[3.868],[2.885],[3.85],[2.871],[3.862],[2.873],[3.831],[2.875],[3.838],[2.877],[1.877],[2.879]]],[["currentLatency",[null],[null],[null],[null],[0],[5.198],[5.499],[5.4],[5.388],[5.388],[5.3],[5.304],[5.661],[5.659],[5.558],[5.458],[5.359],[5.259],[5.159],[5.059],[4.959],[4.859],[4.759],[4.659],[4.559],[4.459],[4.37],[4.293],[4.225],[4.168],[4.122],[4.088],[4.055],[4.04],[4.026],[4.019],[4.019],[4.019],[4.019],[4.019],[4.019],[4.019],[4.019],[4.019],[4.019],[4.019],[4.019],[4.019],[4.019],[4.019],[4.019],[4.019],[4.019],[4.019],[4.019],[4.019],[4.019],[4.019],[4.019],[4.019],[4.019],[4.019],[4.229],[5.021],[5.021],[5.224],[6.152],[6.173],[6.218],[7.046],[6.95],[6.85],[6.75],[6.65],[6.55],[6.54],[6.493],[6.393],[6.293],[6.193],[6.093],[5.993],[5.893],[5.793],[5.693],[5.593],[5.493],[5.393],[5.293],[5.196],[5.196],[5.196],[5.101],[5.001],[4.902],[4.802],[4.703],[4.603],[4.504],[4.409],[4.329],[4.254],[4.194],[4.141],[4.104],[4.068],[4.047],[4.032],[4.017],[4.016],[4.016],[4.016],[4.016],[4.016],[4.018],[4.016],[4.016],[4.016]]]]", source: file:///home/seluser/ppt/player/bola1/index.html (113)
[103:103:0103/104848.509816:INFO:CONSOLE(114)] "
", source: file:///home/seluser/ppt/player/bola1/index.html (114)
[103:103:0103/104848.510734:INFO:CONSOLE(115)] "Finish Player stistics 
", source: file:///home/seluser/ppt/player/bola1/index.html (115)
[103:103:0103/104848.510909:INFO:CONSOLE(126)] "currentLatencynow: 4.016", source: file:///home/seluser/ppt/player/bola1/index.html (126)
[103:103:0103/104849.506259:INFO:CONSOLE(126)] "currentLatencynow: 4.016", source: file:///home/seluser/ppt/player/bola1/index.html (126)
[103:103:0103/104850.506311:INFO:CONSOLE(126)] "currentLatencynow: 4.016", source: file:///home/seluser/ppt/player/bola1/index.html (126)
[103:103:0103/104851.506326:INFO:CONSOLE(126)] "currentLatencynow: 4.016", source: file:///home/seluser/ppt/player/bola1/index.html (126)
[103:103:0103/104852.506232:INFO:CONSOLE(126)] "currentLatencynow: 4.016", source: file:///home/seluser/ppt/player/bola1/index.html (126)
[103:103:0103/104853.506292:INFO:CONSOLE(126)] "currentLatencynow: 4.016", source: file:///home/seluser/ppt/player/bola1/index.html (126)
[103:103:0103/104854.506296:INFO:CONSOLE(126)] "currentLatencynow: 4.016", source: file:///home/seluser/ppt/player/bola1/index.html (126)
[103:103:0103/104855.506251:INFO:CONSOLE(126)] "currentLatencynow: 4.016", source: file:///home/seluser/ppt/player/bola1/index.html (126)
[103:103:0103/104856.506288:INFO:CONSOLE(126)] "currentLatencynow: 4.016", source: file:///home/seluser/ppt/player/bola1/index.html (126)
[103:103:0103/104857.506342:INFO:CONSOLE(126)] "currentLatencynow: 4.016", source: file:///home/seluser/ppt/player/bola1/index.html (126)
[103:103:0103/104858.506294:INFO:CONSOLE(126)] "currentLatencynow: 4.016", source: file:///home/seluser/ppt/player/bola1/index.html (126)
[103:103:0103/104859.506301:INFO:CONSOLE(126)] "currentLatencynow: 4.016", source: file:///home/seluser/ppt/player/bola1/index.html (126)
[103:103:0103/104900.506300:INFO:CONSOLE(126)] "currentLatencynow: 4.016", source: file:///home/seluser/ppt/player/bola1/index.html (126)
[103:103:0103/104901.506316:INFO:CONSOLE(126)] "currentLatencynow: 4.016", source: file:///home/seluser/ppt/player/bola1/index.html (126)
[103:103:0103/104902.506282:INFO:CONSOLE(126)] "currentLatencynow: 4.016", source: file:///home/seluser/ppt/player/bola1/index.html (126)
[103:103:0103/104903.506315:INFO:CONSOLE(126)] "currentLatencynow: 4.016", source: file:///home/seluser/ppt/player/bola1/index.html (126)
[103:103:0103/104904.506262:INFO:CONSOLE(126)] "currentLatencynow: 4.016", source: file:///home/seluser/ppt/player/bola1/index.html (126)
[103:103:0103/104905.506461:INFO:CONSOLE(126)] "currentLatencynow: 4.016", source: file:///home/seluser/ppt/player/bola1/index.html (126)
[103:103:0103/104906.506408:INFO:CONSOLE(126)] "currentLatencynow: 4.016", source: file:///home/seluser/ppt/player/bola1/index.html (126)
[103:103:0103/104907.506317:INFO:CONSOLE(126)] "currentLatencynow: 4.016", source: file:///home/seluser/ppt/player/bola1/index.html (126)
[103:103:0103/104908.507732:INFO:CONSOLE(126)] "currentLatencynow: 4.015", source: file:///home/seluser/ppt/player/bola1/index.html (126)
[103:103:0103/104909.506371:INFO:CONSOLE(126)] "currentLatencynow: 4.016", source: file:///home/seluser/ppt/player/bola1/index.html (126)
[103:103:0103/104910.506318:INFO:CONSOLE(126)] "currentLatencynow: 4.016", source: file:///home/seluser/ppt/player/bola1/index.html (126)
[103:103:0103/104911.506776:INFO:CONSOLE(126)] "currentLatencynow: 4.016", source: file:///home/seluser/ppt/player/bola1/index.html (126)
[103:103:0103/104912.506293:INFO:CONSOLE(126)] "currentLatencynow: 4.016", source: file:///home/seluser/ppt/player/bola1/index.html (126)
[103:103:0103/104913.506396:INFO:CONSOLE(126)] "currentLatencynow: 4.016", source: file:///home/seluser/ppt/player/bola1/index.html (126)
[103:103:0103/104914.506314:INFO:CONSOLE(126)] "currentLatencynow: 4.016", source: file:///home/seluser/ppt/player/bola1/index.html (126)
[103:103:0103/104915.506309:INFO:CONSOLE(126)] "currentLatencynow: 4.016", source: file:///home/seluser/ppt/player/bola1/index.html (126)
[103:103:0103/104916.506297:INFO:CONSOLE(126)] "currentLatencynow: 4.016", source: file:///home/seluser/ppt/player/bola1/index.html (126)
[103:103:0103/104917.506330:INFO:CONSOLE(126)] "currentLatencynow: 4.016", source: file:///home/seluser/ppt/player/bola1/index.html (126)
[103:103:0103/104918.506312:INFO:CONSOLE(126)] "currentLatencynow: 4.016", source: file:///home/seluser/ppt/player/bola1/index.html (126)
[103:103:0103/104919.506219:INFO:CONSOLE(126)] "currentLatencynow: 4.016", source: file:///home/seluser/ppt/player/bola1/index.html (126)
[103:103:0103/104920.506327:INFO:CONSOLE(126)] "currentLatencynow: 4.016", source: file:///home/seluser/ppt/player/bola1/index.html (126)
[103:103:0103/104920.686296:WARNING:pref_notifier_impl.cc(40)] Pref observer for media_router.cast_allow_all_ips found at shutdown.
