[104:140:0103/105644.569502:ERROR:bus.cc(392)] Failed to connect to the bus: Failed to connect to socket /var/run/dbus/system_bus_socket: No such file or directory
[104:131:0103/105644.572227:ERROR:bus.cc(392)] Failed to connect to the bus: Address does not contain a colon
[104:131:0103/105644.572261:ERROR:bus.cc(392)] Failed to connect to the bus: Address does not contain a colon
[144:144:0103/105644.590212:ERROR:gpu_init.cc(453)] Passthrough is not supported, GL is swiftshader, ANGLE is 
[104:131:0103/105644.591689:ERROR:bus.cc(392)] Failed to connect to the bus: Address does not contain a colon
[104:131:0103/105644.591730:ERROR:bus.cc(392)] Failed to connect to the bus: Address does not contain a colon
[104:131:0103/105644.621653:ERROR:bus.cc(392)] Failed to connect to the bus: Address does not contain a colon
[104:131:0103/105644.621696:ERROR:bus.cc(392)] Failed to connect to the bus: Address does not contain a colon
[104:226:0103/105644.802485:ERROR:bus.cc(392)] Failed to connect to the bus: Failed to connect to socket /var/run/dbus/system_bus_socket: No such file or directory
[104:226:0103/105644.802561:ERROR:bus.cc(392)] Failed to connect to the bus: Failed to connect to socket /var/run/dbus/system_bus_socket: No such file or directory
[104:226:0103/105644.802641:ERROR:bus.cc(392)] Failed to connect to the bus: Failed to connect to socket /var/run/dbus/system_bus_socket: No such file or directory
[104:226:0103/105644.802669:WARNING:property.cc(144)] DaemonVersion: GetAndBlock: failed.
[104:226:0103/105644.802756:ERROR:bus.cc(392)] Failed to connect to the bus: Failed to connect to socket /var/run/dbus/system_bus_socket: No such file or directory
[104:226:0103/105644.813637:ERROR:bus.cc(392)] Failed to connect to the bus: Failed to connect to socket /var/run/dbus/system_bus_socket: No such file or directory
[104:104:0103/105647.412686:INFO:CONSOLE(126)] "currentLatencynow: NaN", source: file:///home/seluser/ppt/player/bola1/index.html (126)
[104:125:0103/105647.775970:ERROR:chrome_browser_main_extra_parts_metrics.cc(228)] crbug.com/1216328: Checking Bluetooth availability started. Please report if there is no report that this ends.
[104:125:0103/105647.776014:ERROR:chrome_browser_main_extra_parts_metrics.cc(231)] crbug.com/1216328: Checking Bluetooth availability ended.
[104:125:0103/105647.776037:ERROR:chrome_browser_main_extra_parts_metrics.cc(234)] crbug.com/1216328: Checking default browser status started. Please report if there is no report that this ends.
[104:125:0103/105647.915293:ERROR:chrome_browser_main_extra_parts_metrics.cc(238)] crbug.com/1216328: Checking default browser status ended.
[104:104:0103/105648.412223:INFO:CONSOLE(126)] "currentLatencynow: NaN", source: file:///home/seluser/ppt/player/bola1/index.html (126)
[104:104:0103/105649.412167:INFO:CONSOLE(126)] "currentLatencynow: NaN", source: file:///home/seluser/ppt/player/bola1/index.html (126)
[104:104:0103/105650.412295:INFO:CONSOLE(126)] "currentLatencynow: 0", source: file:///home/seluser/ppt/player/bola1/index.html (126)
[431:431:0103/105650.459961:WARNING:audio_manager_linux.cc(69)] Falling back to ALSA for audio output. PulseAudio is not available or could not be initialized.
[431:431:0103/105650.465722:ERROR:alsa_util.cc(204)] PcmOpen: default,No such file or directory
[431:431:0103/105650.465916:ERROR:alsa_util.cc(204)] PcmOpen: plug:default,No such file or directory
[104:131:0103/105651.141875:ERROR:bus.cc(392)] Failed to connect to the bus: Address does not contain a colon
[104:131:0103/105651.141934:ERROR:bus.cc(392)] Failed to connect to the bus: Address does not contain a colon
[104:131:0103/105651.141952:ERROR:bus.cc(392)] Failed to connect to the bus: Address does not contain a colon
[104:131:0103/105651.141966:ERROR:bus.cc(392)] Failed to connect to the bus: Address does not contain a colon
[104:131:0103/105651.141979:ERROR:bus.cc(392)] Failed to connect to the bus: Address does not contain a colon
[104:131:0103/105651.141991:ERROR:bus.cc(392)] Failed to connect to the bus: Address does not contain a colon
[104:131:0103/105651.142004:ERROR:bus.cc(392)] Failed to connect to the bus: Address does not contain a colon
[104:131:0103/105651.142028:ERROR:bus.cc(392)] Failed to connect to the bus: Address does not contain a colon
[104:131:0103/105651.142041:ERROR:bus.cc(392)] Failed to connect to the bus: Address does not contain a colon
[104:131:0103/105651.142105:ERROR:bus.cc(392)] Failed to connect to the bus: Address does not contain a colon
[104:131:0103/105651.142118:ERROR:bus.cc(392)] Failed to connect to the bus: Address does not contain a colon
[104:131:0103/105651.142131:ERROR:bus.cc(392)] Failed to connect to the bus: Address does not contain a colon
[104:131:0103/105651.142142:ERROR:bus.cc(392)] Failed to connect to the bus: Address does not contain a colon
[104:131:0103/105651.142155:ERROR:bus.cc(392)] Failed to connect to the bus: Address does not contain a colon
[104:131:0103/105651.148679:ERROR:bus.cc(392)] Failed to connect to the bus: Address does not contain a colon
[104:131:0103/105651.148728:ERROR:bus.cc(392)] Failed to connect to the bus: Address does not contain a colon
[104:131:0103/105651.148863:ERROR:bus.cc(392)] Failed to connect to the bus: Address does not contain a colon
[104:131:0103/105651.201513:ERROR:bus.cc(392)] Failed to connect to the bus: Address does not contain a colon
[104:131:0103/105651.201579:ERROR:bus.cc(392)] Failed to connect to the bus: Address does not contain a colon
[104:104:0103/105651.412451:INFO:CONSOLE(126)] "currentLatencynow: 5.326", source: file:///home/seluser/ppt/player/bola1/index.html (126)
[104:104:0103/105652.412168:INFO:CONSOLE(126)] "currentLatencynow: 5.326", source: file:///home/seluser/ppt/player/bola1/index.html (126)
[104:104:0103/105653.412336:INFO:CONSOLE(126)] "currentLatencynow: 5.326", source: file:///home/seluser/ppt/player/bola1/index.html (126)
[104:104:0103/105654.412235:INFO:CONSOLE(126)] "currentLatencynow: 5.326", source: file:///home/seluser/ppt/player/bola1/index.html (126)
[104:104:0103/105655.412535:INFO:CONSOLE(126)] "currentLatencynow: 5.326", source: file:///home/seluser/ppt/player/bola1/index.html (126)
[104:104:0103/105656.412346:INFO:CONSOLE(126)] "currentLatencynow: 5.257", source: file:///home/seluser/ppt/player/bola1/index.html (126)
[104:104:0103/105657.412568:INFO:CONSOLE(126)] "currentLatencynow: 5.157", source: file:///home/seluser/ppt/player/bola1/index.html (126)
[104:104:0103/105658.412812:INFO:CONSOLE(126)] "currentLatencynow: 5.168", source: file:///home/seluser/ppt/player/bola1/index.html (126)
[104:104:0103/105659.412656:INFO:CONSOLE(126)] "currentLatencynow: 5.069", source: file:///home/seluser/ppt/player/bola1/index.html (126)
[104:104:0103/105700.412707:INFO:CONSOLE(126)] "currentLatencynow: 4.97", source: file:///home/seluser/ppt/player/bola1/index.html (126)
[104:104:0103/105701.413235:INFO:CONSOLE(126)] "currentLatencynow: 4.871", source: file:///home/seluser/ppt/player/bola1/index.html (126)
[104:104:0103/105702.412189:INFO:CONSOLE(126)] "currentLatencynow: 4.771", source: file:///home/seluser/ppt/player/bola1/index.html (126)
[104:104:0103/105703.412194:INFO:CONSOLE(126)] "currentLatencynow: 4.673", source: file:///home/seluser/ppt/player/bola1/index.html (126)
[104:104:0103/105704.412261:INFO:CONSOLE(126)] "currentLatencynow: 4.668", source: file:///home/seluser/ppt/player/bola1/index.html (126)
[104:104:0103/105705.412172:INFO:CONSOLE(126)] "currentLatencynow: 4.668", source: file:///home/seluser/ppt/player/bola1/index.html (126)
[104:104:0103/105706.412311:INFO:CONSOLE(126)] "currentLatencynow: 4.668", source: file:///home/seluser/ppt/player/bola1/index.html (126)
[104:104:0103/105707.412329:INFO:CONSOLE(126)] "currentLatencynow: 4.624", source: file:///home/seluser/ppt/player/bola1/index.html (126)
[104:104:0103/105708.412328:INFO:CONSOLE(126)] "currentLatencynow: 4.532", source: file:///home/seluser/ppt/player/bola1/index.html (126)
[104:104:0103/105709.412274:INFO:CONSOLE(126)] "currentLatencynow: 4.439", source: file:///home/seluser/ppt/player/bola1/index.html (126)
[104:104:0103/105710.412307:INFO:CONSOLE(126)] "currentLatencynow: 4.35", source: file:///home/seluser/ppt/player/bola1/index.html (126)
[104:104:0103/105711.412319:INFO:CONSOLE(126)] "currentLatencynow: 4.278", source: file:///home/seluser/ppt/player/bola1/index.html (126)
[104:104:0103/105712.412284:INFO:CONSOLE(126)] "currentLatencynow: 4.208", source: file:///home/seluser/ppt/player/bola1/index.html (126)
[104:104:0103/105713.412264:INFO:CONSOLE(126)] "currentLatencynow: 4.157", source: file:///home/seluser/ppt/player/bola1/index.html (126)
[104:104:0103/105714.412274:INFO:CONSOLE(126)] "currentLatencynow: 4.111", source: file:///home/seluser/ppt/player/bola1/index.html (126)
[104:104:0103/105715.412414:INFO:CONSOLE(126)] "currentLatencynow: 4.083", source: file:///home/seluser/ppt/player/bola1/index.html (126)
[104:104:0103/105716.412297:INFO:CONSOLE(126)] "currentLatencynow: 4.053", source: file:///home/seluser/ppt/player/bola1/index.html (126)
[104:104:0103/105717.412215:INFO:CONSOLE(126)] "currentLatencynow: 4.028", source: file:///home/seluser/ppt/player/bola1/index.html (126)
[104:104:0103/105718.412482:INFO:CONSOLE(126)] "currentLatencynow: 4.02", source: file:///home/seluser/ppt/player/bola1/index.html (126)
[104:104:0103/105719.412356:INFO:CONSOLE(126)] "currentLatencynow: 4.02", source: file:///home/seluser/ppt/player/bola1/index.html (126)
[104:104:0103/105720.412314:INFO:CONSOLE(126)] "currentLatencynow: 4.02", source: file:///home/seluser/ppt/player/bola1/index.html (126)
[104:104:0103/105721.412274:INFO:CONSOLE(126)] "currentLatencynow: 4.02", source: file:///home/seluser/ppt/player/bola1/index.html (126)
[104:104:0103/105722.412416:INFO:CONSOLE(126)] "currentLatencynow: 4.02", source: file:///home/seluser/ppt/player/bola1/index.html (126)
[104:104:0103/105723.412230:INFO:CONSOLE(126)] "currentLatencynow: 4.02", source: file:///home/seluser/ppt/player/bola1/index.html (126)
[104:104:0103/105724.412215:INFO:CONSOLE(126)] "currentLatencynow: 4.02", source: file:///home/seluser/ppt/player/bola1/index.html (126)
[104:104:0103/105725.412274:INFO:CONSOLE(126)] "currentLatencynow: 4.02", source: file:///home/seluser/ppt/player/bola1/index.html (126)
[104:104:0103/105726.412307:INFO:CONSOLE(126)] "currentLatencynow: 4.02", source: file:///home/seluser/ppt/player/bola1/index.html (126)
[104:104:0103/105727.412248:INFO:CONSOLE(126)] "currentLatencynow: 4.02", source: file:///home/seluser/ppt/player/bola1/index.html (126)
[104:104:0103/105728.412280:INFO:CONSOLE(126)] "currentLatencynow: 4.02", source: file:///home/seluser/ppt/player/bola1/index.html (126)
[104:104:0103/105729.412277:INFO:CONSOLE(126)] "currentLatencynow: 4.02", source: file:///home/seluser/ppt/player/bola1/index.html (126)
[104:104:0103/105730.412291:INFO:CONSOLE(126)] "currentLatencynow: 4.02", source: file:///home/seluser/ppt/player/bola1/index.html (126)
[104:104:0103/105731.414287:INFO:CONSOLE(126)] "currentLatencynow: 4.019", source: file:///home/seluser/ppt/player/bola1/index.html (126)
[104:104:0103/105732.412382:INFO:CONSOLE(126)] "currentLatencynow: 4.02", source: file:///home/seluser/ppt/player/bola1/index.html (126)
[104:104:0103/105733.412207:INFO:CONSOLE(126)] "currentLatencynow: 4.02", source: file:///home/seluser/ppt/player/bola1/index.html (126)
[104:104:0103/105734.412221:INFO:CONSOLE(126)] "currentLatencynow: 4.02", source: file:///home/seluser/ppt/player/bola1/index.html (126)
[104:104:0103/105735.412203:INFO:CONSOLE(126)] "currentLatencynow: 4.02", source: file:///home/seluser/ppt/player/bola1/index.html (126)
[104:104:0103/105736.412272:INFO:CONSOLE(126)] "currentLatencynow: 4.02", source: file:///home/seluser/ppt/player/bola1/index.html (126)
[104:104:0103/105737.412216:INFO:CONSOLE(126)] "currentLatencynow: 4.02", source: file:///home/seluser/ppt/player/bola1/index.html (126)
[104:104:0103/105738.412189:INFO:CONSOLE(126)] "currentLatencynow: 4.02", source: file:///home/seluser/ppt/player/bola1/index.html (126)
[104:104:0103/105739.414727:INFO:CONSOLE(126)] "currentLatencynow: 4.02", source: file:///home/seluser/ppt/player/bola1/index.html (126)
[104:104:0103/105740.412184:INFO:CONSOLE(126)] "currentLatencynow: 4.02", source: file:///home/seluser/ppt/player/bola1/index.html (126)
[104:104:0103/105741.412347:INFO:CONSOLE(126)] "currentLatencynow: 4.02", source: file:///home/seluser/ppt/player/bola1/index.html (126)
[104:104:0103/105742.412659:INFO:CONSOLE(126)] "currentLatencynow: 4.02", source: file:///home/seluser/ppt/player/bola1/index.html (126)
[104:104:0103/105743.412296:INFO:CONSOLE(126)] "currentLatencynow: 4.02", source: file:///home/seluser/ppt/player/bola1/index.html (126)
[104:104:0103/105744.412276:INFO:CONSOLE(126)] "currentLatencynow: 4.02", source: file:///home/seluser/ppt/player/bola1/index.html (126)
[104:104:0103/105745.412267:INFO:CONSOLE(126)] "currentLatencynow: 4.02", source: file:///home/seluser/ppt/player/bola1/index.html (126)
[104:104:0103/105746.412331:INFO:CONSOLE(126)] "currentLatencynow: 4.02", source: file:///home/seluser/ppt/player/bola1/index.html (126)
[104:104:0103/105747.412312:INFO:CONSOLE(126)] "currentLatencynow: 4.02", source: file:///home/seluser/ppt/player/bola1/index.html (126)
[104:104:0103/105748.412278:INFO:CONSOLE(126)] "currentLatencynow: 4.02", source: file:///home/seluser/ppt/player/bola1/index.html (126)
[104:104:0103/105749.412171:INFO:CONSOLE(126)] "currentLatencynow: 4.02", source: file:///home/seluser/ppt/player/bola1/index.html (126)
[104:104:0103/105750.412297:INFO:CONSOLE(126)] "currentLatencynow: 4.02", source: file:///home/seluser/ppt/player/bola1/index.html (126)
[104:104:0103/105751.412291:INFO:CONSOLE(126)] "currentLatencynow: 4.02", source: file:///home/seluser/ppt/player/bola1/index.html (126)
[104:104:0103/105752.412271:INFO:CONSOLE(126)] "currentLatencynow: 4.02", source: file:///home/seluser/ppt/player/bola1/index.html (126)
[104:104:0103/105753.412352:INFO:CONSOLE(126)] "currentLatencynow: 4.02", source: file:///home/seluser/ppt/player/bola1/index.html (126)
[104:104:0103/105754.412316:INFO:CONSOLE(126)] "currentLatencynow: 4.02", source: file:///home/seluser/ppt/player/bola1/index.html (126)
[104:104:0103/105755.412185:INFO:CONSOLE(126)] "currentLatencynow: 4.02", source: file:///home/seluser/ppt/player/bola1/index.html (126)
[104:104:0103/105756.412323:INFO:CONSOLE(126)] "currentLatencynow: 4.02", source: file:///home/seluser/ppt/player/bola1/index.html (126)
[104:104:0103/105757.412206:INFO:CONSOLE(126)] "currentLatencynow: 4.02", source: file:///home/seluser/ppt/player/bola1/index.html (126)
[104:104:0103/105758.412293:INFO:CONSOLE(126)] "currentLatencynow: 4.02", source: file:///home/seluser/ppt/player/bola1/index.html (126)
[104:104:0103/105759.412273:INFO:CONSOLE(126)] "currentLatencynow: 4.02", source: file:///home/seluser/ppt/player/bola1/index.html (126)
[104:104:0103/105800.412234:INFO:CONSOLE(126)] "currentLatencynow: 4.02", source: file:///home/seluser/ppt/player/bola1/index.html (126)
[104:104:0103/105801.412187:INFO:CONSOLE(126)] "currentLatencynow: 4.02", source: file:///home/seluser/ppt/player/bola1/index.html (126)
[104:104:0103/105802.412239:INFO:CONSOLE(126)] "currentLatencynow: 4.02", source: file:///home/seluser/ppt/player/bola1/index.html (126)
[104:104:0103/105803.412306:INFO:CONSOLE(126)] "currentLatencynow: 4.02", source: file:///home/seluser/ppt/player/bola1/index.html (126)
[104:104:0103/105804.412214:INFO:CONSOLE(126)] "currentLatencynow: 4.02", source: file:///home/seluser/ppt/player/bola1/index.html (126)
[104:104:0103/105805.412266:INFO:CONSOLE(126)] "currentLatencynow: 4.02", source: file:///home/seluser/ppt/player/bola1/index.html (126)
[104:104:0103/105806.412264:INFO:CONSOLE(126)] "currentLatencynow: 4.02", source: file:///home/seluser/ppt/player/bola1/index.html (126)
[104:104:0103/105807.412332:INFO:CONSOLE(126)] "currentLatencynow: 4.02", source: file:///home/seluser/ppt/player/bola1/index.html (126)
[104:104:0103/105808.412280:INFO:CONSOLE(126)] "currentLatencynow: 4.02", source: file:///home/seluser/ppt/player/bola1/index.html (126)
[104:104:0103/105809.412262:INFO:CONSOLE(126)] "currentLatencynow: 4.02", source: file:///home/seluser/ppt/player/bola1/index.html (126)
[104:104:0103/105810.412291:INFO:CONSOLE(126)] "currentLatencynow: 4.02", source: file:///home/seluser/ppt/player/bola1/index.html (126)
[104:104:0103/105811.412262:INFO:CONSOLE(126)] "currentLatencynow: 4.02", source: file:///home/seluser/ppt/player/bola1/index.html (126)
[104:104:0103/105812.412400:INFO:CONSOLE(126)] "currentLatencynow: 4.02", source: file:///home/seluser/ppt/player/bola1/index.html (126)
[104:104:0103/105813.412271:INFO:CONSOLE(126)] "currentLatencynow: 4.02", source: file:///home/seluser/ppt/player/bola1/index.html (126)
[104:104:0103/105814.412375:INFO:CONSOLE(126)] "currentLatencynow: 4.02", source: file:///home/seluser/ppt/player/bola1/index.html (126)
[104:104:0103/105815.412270:INFO:CONSOLE(126)] "currentLatencynow: 4.02", source: file:///home/seluser/ppt/player/bola1/index.html (126)
[104:104:0103/105816.412271:INFO:CONSOLE(126)] "currentLatencynow: 4.02", source: file:///home/seluser/ppt/player/bola1/index.html (126)
[104:104:0103/105817.412263:INFO:CONSOLE(126)] "currentLatencynow: 4.02", source: file:///home/seluser/ppt/player/bola1/index.html (126)
[104:104:0103/105818.412324:INFO:CONSOLE(126)] "currentLatencynow: 4.02", source: file:///home/seluser/ppt/player/bola1/index.html (126)
[104:104:0103/105819.412411:INFO:CONSOLE(126)] "currentLatencynow: 4.02", source: file:///home/seluser/ppt/player/bola1/index.html (126)
[104:104:0103/105820.412317:INFO:CONSOLE(126)] "currentLatencynow: 4.02", source: file:///home/seluser/ppt/player/bola1/index.html (126)
[104:104:0103/105821.412280:INFO:CONSOLE(126)] "currentLatencynow: 4.02", source: file:///home/seluser/ppt/player/bola1/index.html (126)
[104:104:0103/105822.412245:INFO:CONSOLE(126)] "currentLatencynow: 4.02", source: file:///home/seluser/ppt/player/bola1/index.html (126)
[104:104:0103/105823.412261:INFO:CONSOLE(126)] "currentLatencynow: 4.02", source: file:///home/seluser/ppt/player/bola1/index.html (126)
[104:104:0103/105824.412234:INFO:CONSOLE(126)] "currentLatencynow: 4.02", source: file:///home/seluser/ppt/player/bola1/index.html (126)
[104:104:0103/105825.412259:INFO:CONSOLE(126)] "currentLatencynow: 4.02", source: file:///home/seluser/ppt/player/bola1/index.html (126)
[104:104:0103/105826.412267:INFO:CONSOLE(126)] "currentLatencynow: 4.02", source: file:///home/seluser/ppt/player/bola1/index.html (126)
[104:104:0103/105827.412266:INFO:CONSOLE(126)] "currentLatencynow: 4.02", source: file:///home/seluser/ppt/player/bola1/index.html (126)
[104:104:0103/105828.412257:INFO:CONSOLE(126)] "currentLatencynow: 4.019", source: file:///home/seluser/ppt/player/bola1/index.html (126)
[104:104:0103/105829.412270:INFO:CONSOLE(126)] "currentLatencynow: 4.02", source: file:///home/seluser/ppt/player/bola1/index.html (126)
[104:104:0103/105830.412279:INFO:CONSOLE(126)] "currentLatencynow: 4.02", source: file:///home/seluser/ppt/player/bola1/index.html (126)
[104:104:0103/105831.412215:INFO:CONSOLE(126)] "currentLatencynow: 4.02", source: file:///home/seluser/ppt/player/bola1/index.html (126)
[104:104:0103/105832.412180:INFO:CONSOLE(126)] "currentLatencynow: 4.02", source: file:///home/seluser/ppt/player/bola1/index.html (126)
[104:104:0103/105833.412251:INFO:CONSOLE(126)] "currentLatencynow: 4.02", source: file:///home/seluser/ppt/player/bola1/index.html (126)
[104:104:0103/105834.412232:INFO:CONSOLE(126)] "currentLatencynow: 4.019", source: file:///home/seluser/ppt/player/bola1/index.html (126)
[104:104:0103/105835.412257:INFO:CONSOLE(126)] "currentLatencynow: 4.02", source: file:///home/seluser/ppt/player/bola1/index.html (126)
[104:104:0103/105836.412192:INFO:CONSOLE(126)] "currentLatencynow: 4.02", source: file:///home/seluser/ppt/player/bola1/index.html (126)
[104:104:0103/105837.412218:INFO:CONSOLE(126)] "currentLatencynow: 4.02", source: file:///home/seluser/ppt/player/bola1/index.html (126)
[104:104:0103/105838.412244:INFO:CONSOLE(126)] "currentLatencynow: 4.02", source: file:///home/seluser/ppt/player/bola1/index.html (126)
[104:104:0103/105839.412276:INFO:CONSOLE(126)] "currentLatencynow: 4.02", source: file:///home/seluser/ppt/player/bola1/index.html (126)
[104:104:0103/105840.412221:INFO:CONSOLE(126)] "currentLatencynow: 4.019", source: file:///home/seluser/ppt/player/bola1/index.html (126)
[104:104:0103/105841.412258:INFO:CONSOLE(126)] "currentLatencynow: 4.02", source: file:///home/seluser/ppt/player/bola1/index.html (126)
[104:104:0103/105842.412193:INFO:CONSOLE(126)] "currentLatencynow: 4.02", source: file:///home/seluser/ppt/player/bola1/index.html (126)
[104:104:0103/105843.412237:INFO:CONSOLE(126)] "currentLatencynow: 4.019", source: file:///home/seluser/ppt/player/bola1/index.html (126)
[104:104:0103/105844.412266:INFO:CONSOLE(126)] "currentLatencynow: 4.02", source: file:///home/seluser/ppt/player/bola1/index.html (126)
[104:104:0103/105845.412037:INFO:CONSOLE(112)] "Begin Player stistics 
", source: file:///home/seluser/ppt/player/bola1/index.html (112)
[104:104:0103/105845.412481:INFO:CONSOLE(113)] "["stall",[["5.23","5.95",0.7199999999999998]],[["12.70","12.95",0.25]],[["availibleBW",[null],[null],[null],[null],[1974],[1974],[2119],[2179],[2179],[2263],[2263],[2085],[2611],[2611],[2793],[3525],[3525],[3511],[3511],[3443],[3483],[3483],[3474],[3493],[3493],[3534],[3537],[3537],[3495],[3495],[3282],[3282],[3156],[3181],[3026],[3026],[2773],[2773],[2439],[2439],[2184],[2362],[2330],[2330],[2179],[2179],[1620],[1620],[1798],[1798],[1654],[1654],[1218],[1218],[1142],[1142],[499],[499],[486],[486],[470],[470],[459],[459],[466],[466],[477],[477],[488],[488],[486],[486],[482],[482],[516],[516],[512],[512],[518],[518],[528],[528],[510],[510],[516],[516],[542],[542],[533],[533],[518],[518],[490],[490],[458],[458],[451],[451],[487],[487],[503],[503],[516],[516],[526],[526],[503],[503],[497],[497],[483],[483],[480],[480],[468],[468],[476],[476]]],[["currentBuffer",[0],[0],[0],[0],[0.727],[0],[0.729],[1.731],[0.731],[1.666],[0.566],[1.578],[4.482],[3.383],[2.284],[1.184],[0.085],[1.08],[0.08],[1.082],[2.044],[0.951],[1.86],[2.772],[1.699],[2.632],[3.583],[2.536],[3.509],[2.481],[3.457],[2.449],[3.451],[2.451],[3.451],[2.453],[3.455],[2.455],[3.457],[2.457],[3.459],[2.459],[3.461],[2.461],[3.463],[2.463],[3.465],[2.465],[3.467],[2.467],[3.469],[2.469],[3.471],[2.471],[3.473],[2.473],[3.475],[2.475],[3.477],[2.477],[3.479],[2.479],[3.481],[2.481],[3.483],[2.483],[3.485],[2.485],[3.487],[2.487],[3.489],[2.489],[3.491],[2.491],[3.493],[2.493],[3.495],[2.495],[3.497],[2.497],[3.499],[2.499],[3.501],[2.501],[3.503],[2.503],[3.505],[2.505],[3.507],[2.507],[3.509],[2.509],[3.511],[2.511],[3.512],[2.513],[3.515],[2.515],[3.517],[2.517],[3.519],[2.519],[3.521],[2.521],[3.523],[2.523],[3.525],[2.525],[3.527],[2.527],[3.529],[2.529],[3.531],[2.531],[3.533],[2.533],[3.535],[2.535]]],[["currentLatency",[null],[null],[null],[0],[5.326],[5.326],[5.326],[5.326],[5.326],[5.257],[5.157],[5.168],[5.069],[4.97],[4.871],[4.771],[4.673],[4.668],[4.668],[4.668],[4.624],[4.532],[4.439],[4.35],[4.278],[4.208],[4.157],[4.111],[4.083],[4.053],[4.028],[4.02],[4.02],[4.02],[4.02],[4.02],[4.02],[4.02],[4.02],[4.02],[4.02],[4.02],[4.02],[4.02],[4.019],[4.02],[4.02],[4.02],[4.02],[4.02],[4.02],[4.02],[4.02],[4.02],[4.02],[4.02],[4.02],[4.02],[4.02],[4.02],[4.02],[4.02],[4.02],[4.02],[4.02],[4.02],[4.02],[4.02],[4.02],[4.02],[4.02],[4.02],[4.02],[4.02],[4.02],[4.02],[4.02],[4.02],[4.02],[4.02],[4.02],[4.02],[4.02],[4.02],[4.02],[4.02],[4.02],[4.02],[4.02],[4.02],[4.02],[4.02],[4.02],[4.02],[4.02],[4.02],[4.02],[4.02],[4.02],[4.02],[4.02],[4.019],[4.02],[4.02],[4.02],[4.02],[4.02],[4.019],[4.02],[4.02],[4.02],[4.02],[4.02],[4.019],[4.02],[4.02],[4.019],[4.02]]]]", source: file:///home/seluser/ppt/player/bola1/index.html (113)
[104:104:0103/105845.412923:INFO:CONSOLE(114)] "
", source: file:///home/seluser/ppt/player/bola1/index.html (114)
[104:104:0103/105845.413243:INFO:CONSOLE(115)] "Finish Player stistics 
", source: file:///home/seluser/ppt/player/bola1/index.html (115)
[104:104:0103/105845.413925:INFO:CONSOLE(126)] "currentLatencynow: 4.02", source: file:///home/seluser/ppt/player/bola1/index.html (126)
[104:104:0103/105846.412264:INFO:CONSOLE(126)] "currentLatencynow: 4.02", source: file:///home/seluser/ppt/player/bola1/index.html (126)
[104:104:0103/105847.412275:INFO:CONSOLE(126)] "currentLatencynow: 4.02", source: file:///home/seluser/ppt/player/bola1/index.html (126)
[104:104:0103/105848.412301:INFO:CONSOLE(126)] "currentLatencynow: 4.02", source: file:///home/seluser/ppt/player/bola1/index.html (126)
[104:104:0103/105849.412258:INFO:CONSOLE(126)] "currentLatencynow: 4.02", source: file:///home/seluser/ppt/player/bola1/index.html (126)
[104:104:0103/105850.412264:INFO:CONSOLE(126)] "currentLatencynow: 4.02", source: file:///home/seluser/ppt/player/bola1/index.html (126)
[104:104:0103/105851.412283:INFO:CONSOLE(126)] "currentLatencynow: 4.02", source: file:///home/seluser/ppt/player/bola1/index.html (126)
[104:104:0103/105852.412240:INFO:CONSOLE(126)] "currentLatencynow: 4.02", source: file:///home/seluser/ppt/player/bola1/index.html (126)
[104:104:0103/105853.412279:INFO:CONSOLE(126)] "currentLatencynow: 4.02", source: file:///home/seluser/ppt/player/bola1/index.html (126)
[104:104:0103/105854.412245:INFO:CONSOLE(126)] "currentLatencynow: 4.02", source: file:///home/seluser/ppt/player/bola1/index.html (126)
[104:104:0103/105855.412237:INFO:CONSOLE(126)] "currentLatencynow: 4.02", source: file:///home/seluser/ppt/player/bola1/index.html (126)
[104:104:0103/105856.412245:INFO:CONSOLE(126)] "currentLatencynow: 4.02", source: file:///home/seluser/ppt/player/bola1/index.html (126)
[104:104:0103/105857.412313:INFO:CONSOLE(126)] "currentLatencynow: 4.02", source: file:///home/seluser/ppt/player/bola1/index.html (126)
[104:104:0103/105858.412356:INFO:CONSOLE(126)] "currentLatencynow: 4.02", source: file:///home/seluser/ppt/player/bola1/index.html (126)
[104:104:0103/105859.412328:INFO:CONSOLE(126)] "currentLatencynow: 4.02", source: file:///home/seluser/ppt/player/bola1/index.html (126)
[104:104:0103/105900.412206:INFO:CONSOLE(126)] "currentLatencynow: 4.02", source: file:///home/seluser/ppt/player/bola1/index.html (126)
[104:104:0103/105901.412203:INFO:CONSOLE(126)] "currentLatencynow: 4.02", source: file:///home/seluser/ppt/player/bola1/index.html (126)
[104:104:0103/105902.412312:INFO:CONSOLE(126)] "currentLatencynow: 4.02", source: file:///home/seluser/ppt/player/bola1/index.html (126)
[104:104:0103/105903.412240:INFO:CONSOLE(126)] "currentLatencynow: 4.02", source: file:///home/seluser/ppt/player/bola1/index.html (126)
[104:104:0103/105904.412209:INFO:CONSOLE(126)] "currentLatencynow: 4.019", source: file:///home/seluser/ppt/player/bola1/index.html (126)
[104:104:0103/105905.412256:INFO:CONSOLE(126)] "currentLatencynow: 4.02", source: file:///home/seluser/ppt/player/bola1/index.html (126)
[104:104:0103/105906.412181:INFO:CONSOLE(126)] "currentLatencynow: 4.02", source: file:///home/seluser/ppt/player/bola1/index.html (126)
[104:104:0103/105907.412195:INFO:CONSOLE(126)] "currentLatencynow: 4.02", source: file:///home/seluser/ppt/player/bola1/index.html (126)
[104:104:0103/105908.412175:INFO:CONSOLE(126)] "currentLatencynow: 4.02", source: file:///home/seluser/ppt/player/bola1/index.html (126)
[104:104:0103/105909.412252:INFO:CONSOLE(126)] "currentLatencynow: 4.02", source: file:///home/seluser/ppt/player/bola1/index.html (126)
[104:104:0103/105910.412183:INFO:CONSOLE(126)] "currentLatencynow: 4.019", source: file:///home/seluser/ppt/player/bola1/index.html (126)
[104:104:0103/105911.412270:INFO:CONSOLE(126)] "currentLatencynow: 4.02", source: file:///home/seluser/ppt/player/bola1/index.html (126)
[104:104:0103/105912.412159:INFO:CONSOLE(126)] "currentLatencynow: 4.019", source: file:///home/seluser/ppt/player/bola1/index.html (126)
[104:104:0103/105913.412207:INFO:CONSOLE(126)] "currentLatencynow: 4.019", source: file:///home/seluser/ppt/player/bola1/index.html (126)
[104:104:0103/105914.412200:INFO:CONSOLE(126)] "currentLatencynow: 4.02", source: file:///home/seluser/ppt/player/bola1/index.html (126)
[104:104:0103/105915.412250:INFO:CONSOLE(126)] "currentLatencynow: 4.02", source: file:///home/seluser/ppt/player/bola1/index.html (126)
[104:104:0103/105916.412228:INFO:CONSOLE(126)] "currentLatencynow: 4.02", source: file:///home/seluser/ppt/player/bola1/index.html (126)
[104:104:0103/105917.412267:INFO:CONSOLE(126)] "currentLatencynow: 4.02", source: file:///home/seluser/ppt/player/bola1/index.html (126)
[104:104:0103/105917.545704:WARNING:pref_notifier_impl.cc(40)] Pref observer for media_router.cast_allow_all_ips found at shutdown.
