[230:293:0130/112650.594358:ERROR:bus.cc(392)] Failed to connect to the bus: Failed to connect to socket /var/run/dbus/system_bus_socket: No such file or directory
[230:256:0130/112650.596655:ERROR:bus.cc(392)] Failed to connect to the bus: Address does not contain a colon
[230:256:0130/112650.596737:ERROR:bus.cc(392)] Failed to connect to the bus: Address does not contain a colon
[230:256:0130/112650.608162:ERROR:bus.cc(392)] Failed to connect to the bus: Address does not contain a colon
[230:256:0130/112650.608219:ERROR:bus.cc(392)] Failed to connect to the bus: Address does not contain a colon
[300:300:0130/112650.611359:ERROR:gpu_init.cc(453)] Passthrough is not supported, GL is swiftshader, ANGLE is 
[230:256:0130/112650.640504:ERROR:bus.cc(392)] Failed to connect to the bus: Address does not contain a colon
[230:256:0130/112650.640549:ERROR:bus.cc(392)] Failed to connect to the bus: Address does not contain a colon
[230:395:0130/112650.702195:ERROR:bus.cc(392)] Failed to connect to the bus: Failed to connect to socket /var/run/dbus/system_bus_socket: No such file or directory
[230:395:0130/112650.702272:ERROR:bus.cc(392)] Failed to connect to the bus: Failed to connect to socket /var/run/dbus/system_bus_socket: No such file or directory
[230:395:0130/112650.702334:ERROR:bus.cc(392)] Failed to connect to the bus: Failed to connect to socket /var/run/dbus/system_bus_socket: No such file or directory
[230:395:0130/112650.702351:WARNING:property.cc(144)] DaemonVersion: GetAndBlock: failed.
[230:395:0130/112650.702395:ERROR:bus.cc(392)] Failed to connect to the bus: Failed to connect to socket /var/run/dbus/system_bus_socket: No such file or directory
[230:395:0130/112650.702440:ERROR:bus.cc(392)] Failed to connect to the bus: Failed to connect to socket /var/run/dbus/system_bus_socket: No such file or directory
[301:336:0130/112650.842091:WARNING:spdy_session.cc(3518)] Received HEADERS for invalid stream 1
[230:230:0130/112651.989316:INFO:CONSOLE(128)] "currentLatencynow: NaN", source: file:///home/seluser/ppt/player/dashjs/index.html (128)
[230:331:0130/112652.795474:ERROR:chrome_browser_main_extra_parts_metrics.cc(228)] crbug.com/1216328: Checking Bluetooth availability started. Please report if there is no report that this ends.
[230:331:0130/112652.795517:ERROR:chrome_browser_main_extra_parts_metrics.cc(231)] crbug.com/1216328: Checking Bluetooth availability ended.
[230:331:0130/112652.795533:ERROR:chrome_browser_main_extra_parts_metrics.cc(234)] crbug.com/1216328: Checking default browser status started. Please report if there is no report that this ends.
[230:331:0130/112652.960627:ERROR:chrome_browser_main_extra_parts_metrics.cc(238)] crbug.com/1216328: Checking default browser status ended.
[230:230:0130/112652.988933:INFO:CONSOLE(128)] "currentLatencynow: 0", source: file:///home/seluser/ppt/player/dashjs/index.html (128)
[230:230:0130/112653.988904:INFO:CONSOLE(128)] "currentLatencynow: 0", source: file:///home/seluser/ppt/player/dashjs/index.html (128)
[230:230:0130/112654.989118:INFO:CONSOLE(128)] "currentLatencynow: 0", source: file:///home/seluser/ppt/player/dashjs/index.html (128)
[230:230:0130/112655.988859:INFO:CONSOLE(128)] "currentLatencynow: 0", source: file:///home/seluser/ppt/player/dashjs/index.html (128)
[645:645:0130/112656.638864:WARNING:audio_manager_linux.cc(69)] Falling back to ALSA for audio output. PulseAudio is not available or could not be initialized.
[645:645:0130/112656.644356:ERROR:alsa_util.cc(204)] PcmOpen: default,No such file or directory
[645:645:0130/112656.644503:ERROR:alsa_util.cc(204)] PcmOpen: plug:default,No such file or directory
[230:230:0130/112656.989139:INFO:CONSOLE(128)] "currentLatencynow: 8.306", source: file:///home/seluser/ppt/player/dashjs/index.html (128)
[230:230:0130/112657.989070:INFO:CONSOLE(128)] "currentLatencynow: 9.306", source: file:///home/seluser/ppt/player/dashjs/index.html (128)
[230:230:0130/112658.988985:INFO:CONSOLE(128)] "currentLatencynow: 10.306", source: file:///home/seluser/ppt/player/dashjs/index.html (128)
[230:230:0130/112659.988858:INFO:CONSOLE(128)] "currentLatencynow: 11.306", source: file:///home/seluser/ppt/player/dashjs/index.html (128)
[230:230:0130/112700.989236:INFO:CONSOLE(128)] "currentLatencynow: 12.306", source: file:///home/seluser/ppt/player/dashjs/index.html (128)
[230:256:0130/112701.847899:ERROR:bus.cc(392)] Failed to connect to the bus: Address does not contain a colon
[230:256:0130/112701.847964:ERROR:bus.cc(392)] Failed to connect to the bus: Address does not contain a colon
[230:256:0130/112701.847977:ERROR:bus.cc(392)] Failed to connect to the bus: Address does not contain a colon
[230:256:0130/112701.848034:ERROR:bus.cc(392)] Failed to connect to the bus: Address does not contain a colon
[230:256:0130/112701.848050:ERROR:bus.cc(392)] Failed to connect to the bus: Address does not contain a colon
[230:256:0130/112701.848061:ERROR:bus.cc(392)] Failed to connect to the bus: Address does not contain a colon
[230:256:0130/112701.848072:ERROR:bus.cc(392)] Failed to connect to the bus: Address does not contain a colon
[230:256:0130/112701.848082:ERROR:bus.cc(392)] Failed to connect to the bus: Address does not contain a colon
[230:256:0130/112701.848094:ERROR:bus.cc(392)] Failed to connect to the bus: Address does not contain a colon
[230:256:0130/112701.848105:ERROR:bus.cc(392)] Failed to connect to the bus: Address does not contain a colon
[230:256:0130/112701.848115:ERROR:bus.cc(392)] Failed to connect to the bus: Address does not contain a colon
[230:256:0130/112701.848126:ERROR:bus.cc(392)] Failed to connect to the bus: Address does not contain a colon
[230:256:0130/112701.848139:ERROR:bus.cc(392)] Failed to connect to the bus: Address does not contain a colon
[230:256:0130/112701.848150:ERROR:bus.cc(392)] Failed to connect to the bus: Address does not contain a colon
[230:256:0130/112701.853187:ERROR:bus.cc(392)] Failed to connect to the bus: Address does not contain a colon
[230:256:0130/112701.853231:ERROR:bus.cc(392)] Failed to connect to the bus: Address does not contain a colon
[230:256:0130/112701.853254:ERROR:bus.cc(392)] Failed to connect to the bus: Address does not contain a colon
[230:256:0130/112701.924884:ERROR:bus.cc(392)] Failed to connect to the bus: Address does not contain a colon
[230:256:0130/112701.924949:ERROR:bus.cc(392)] Failed to connect to the bus: Address does not contain a colon
[230:230:0130/112701.989051:INFO:CONSOLE(128)] "currentLatencynow: 13.232", source: file:///home/seluser/ppt/player/dashjs/index.html (128)
[230:230:0130/112702.989035:INFO:CONSOLE(128)] "currentLatencynow: 13.15", source: file:///home/seluser/ppt/player/dashjs/index.html (128)
[230:230:0130/112703.989039:INFO:CONSOLE(128)] "currentLatencynow: 13.806", source: file:///home/seluser/ppt/player/dashjs/index.html (128)
[230:230:0130/112704.989089:INFO:CONSOLE(128)] "currentLatencynow: 14.806", source: file:///home/seluser/ppt/player/dashjs/index.html (128)
[230:230:0130/112705.989009:INFO:CONSOLE(128)] "currentLatencynow: 15.806", source: file:///home/seluser/ppt/player/dashjs/index.html (128)
[230:256:0130/112706.799706:ERROR:bus.cc(392)] Failed to connect to the bus: Address does not contain a colon
[230:256:0130/112706.799759:ERROR:bus.cc(392)] Failed to connect to the bus: Address does not contain a colon
[230:230:0130/112706.988930:INFO:CONSOLE(128)] "currentLatencynow: 16.509", source: file:///home/seluser/ppt/player/dashjs/index.html (128)
[230:230:0130/112707.989005:INFO:CONSOLE(128)] "currentLatencynow: 16.509", source: file:///home/seluser/ppt/player/dashjs/index.html (128)
[230:230:0130/112708.989036:INFO:CONSOLE(128)] "currentLatencynow: 16.735", source: file:///home/seluser/ppt/player/dashjs/index.html (128)
[230:230:0130/112709.989115:INFO:CONSOLE(128)] "currentLatencynow: 17.735", source: file:///home/seluser/ppt/player/dashjs/index.html (128)
[230:230:0130/112710.989434:INFO:CONSOLE(128)] "currentLatencynow: 18.735", source: file:///home/seluser/ppt/player/dashjs/index.html (128)
[230:230:0130/112711.988888:INFO:CONSOLE(128)] "currentLatencynow: 19.735", source: file:///home/seluser/ppt/player/dashjs/index.html (128)
[230:230:0130/112712.988891:INFO:CONSOLE(128)] "currentLatencynow: 20.735", source: file:///home/seluser/ppt/player/dashjs/index.html (128)
[230:230:0130/112713.988969:INFO:CONSOLE(128)] "currentLatencynow: 21.735", source: file:///home/seluser/ppt/player/dashjs/index.html (128)
[230:230:0130/112714.989324:INFO:CONSOLE(128)] "currentLatencynow: 22.735", source: file:///home/seluser/ppt/player/dashjs/index.html (128)
[230:230:0130/112715.989024:INFO:CONSOLE(128)] "currentLatencynow: 23.735", source: file:///home/seluser/ppt/player/dashjs/index.html (128)
[230:230:0130/112716.988980:INFO:CONSOLE(128)] "currentLatencynow: 24.735", source: file:///home/seluser/ppt/player/dashjs/index.html (128)
[230:230:0130/112717.989014:INFO:CONSOLE(128)] "currentLatencynow: 25.735", source: file:///home/seluser/ppt/player/dashjs/index.html (128)
[230:230:0130/112718.989100:INFO:CONSOLE(128)] "currentLatencynow: 26.735", source: file:///home/seluser/ppt/player/dashjs/index.html (128)
[230:230:0130/112719.989079:INFO:CONSOLE(128)] "currentLatencynow: 27.735", source: file:///home/seluser/ppt/player/dashjs/index.html (128)
[301:341:0130/112720.928014:ERROR:database.cc(1761)] ReportingAndNEL SQLite error: code 13 errno 0: database or disk is full sql: INSERT INTO nel_policies (nik, origin_scheme, origin_host, origin_port, received_ip_address, group_name, expires_us_since_epoch, success_fraction, failure_fraction, is_include_subdomains, last_access_us_since_epoch) VALUES (?,?,?,?,?,?,?,?,?,?,?)
[301:341:0130/112720.929800:ERROR:database.cc(1761)] ReportingAndNEL SQLite error: code 13 errno 0: database or disk is full sql: INSERT INTO reporting_endpoints (nik, origin_scheme, origin_host, origin_port, group_name, url, priority, weight) VALUES (?,?,?,?,?,?,?,?)
[301:341:0130/112720.931444:ERROR:database.cc(1761)] ReportingAndNEL SQLite error: code 13 errno 0: database or disk is full sql: INSERT INTO reporting_endpoints (nik, origin_scheme, origin_host, origin_port, group_name, url, priority, weight) VALUES (?,?,?,?,?,?,?,?)
[301:341:0130/112720.934519:ERROR:database.cc(1761)] ReportingAndNEL SQLite error: code 13 errno 0: database or disk is full sql: INSERT INTO reporting_endpoint_groups (nik, origin_scheme, origin_host, origin_port, group_name, is_include_subdomains, expires_us_since_epoch, last_access_us_since_epoch) VALUES (?,?,?,?,?,?,?,?)
[301:341:0130/112720.937982:ERROR:database.cc(1761)] ReportingAndNEL SQLite error: code 13 errno 0: database or disk is full sql: INSERT INTO reporting_endpoint_groups (nik, origin_scheme, origin_host, origin_port, group_name, is_include_subdomains, expires_us_since_epoch, last_access_us_since_epoch) VALUES (?,?,?,?,?,?,?,?)
[301:341:0130/112720.940202:ERROR:database.cc(1761)] ReportingAndNEL SQLite error: code 1 errno 0: cannot commit - no transaction is active sql: COMMIT
[230:230:0130/112720.989125:INFO:CONSOLE(128)] "currentLatencynow: 28.735", source: file:///home/seluser/ppt/player/dashjs/index.html (128)
[230:230:0130/112721.989084:INFO:CONSOLE(128)] "currentLatencynow: 29.735", source: file:///home/seluser/ppt/player/dashjs/index.html (128)
[230:230:0130/112722.989011:INFO:CONSOLE(128)] "currentLatencynow: 30.463", source: file:///home/seluser/ppt/player/dashjs/index.html (128)
[230:230:0130/112723.988928:INFO:CONSOLE(128)] "currentLatencynow: 31.463", source: file:///home/seluser/ppt/player/dashjs/index.html (128)
[230:230:0130/112724.989002:INFO:CONSOLE(128)] "currentLatencynow: 32.463", source: file:///home/seluser/ppt/player/dashjs/index.html (128)
[230:230:0130/112725.989006:INFO:CONSOLE(128)] "currentLatencynow: 33.463", source: file:///home/seluser/ppt/player/dashjs/index.html (128)
[230:230:0130/112726.988937:INFO:CONSOLE(128)] "currentLatencynow: 34.463", source: file:///home/seluser/ppt/player/dashjs/index.html (128)
[230:230:0130/112727.989006:INFO:CONSOLE(128)] "currentLatencynow: 35.463", source: file:///home/seluser/ppt/player/dashjs/index.html (128)
[230:230:0130/112728.988936:INFO:CONSOLE(128)] "currentLatencynow: 36.463", source: file:///home/seluser/ppt/player/dashjs/index.html (128)
[230:230:0130/112729.988926:INFO:CONSOLE(128)] "currentLatencynow: 37.463", source: file:///home/seluser/ppt/player/dashjs/index.html (128)
[230:230:0130/112730.988968:INFO:CONSOLE(128)] "currentLatencynow: 38.463", source: file:///home/seluser/ppt/player/dashjs/index.html (128)
[230:230:0130/112731.988962:INFO:CONSOLE(128)] "currentLatencynow: 39.463", source: file:///home/seluser/ppt/player/dashjs/index.html (128)
[230:230:0130/112732.988959:INFO:CONSOLE(128)] "currentLatencynow: 40.463", source: file:///home/seluser/ppt/player/dashjs/index.html (128)
[230:230:0130/112733.988945:INFO:CONSOLE(128)] "currentLatencynow: 41.463", source: file:///home/seluser/ppt/player/dashjs/index.html (128)
[230:230:0130/112734.988950:INFO:CONSOLE(128)] "currentLatencynow: 42.463", source: file:///home/seluser/ppt/player/dashjs/index.html (128)
[230:230:0130/112735.988952:INFO:CONSOLE(128)] "currentLatencynow: 43.463", source: file:///home/seluser/ppt/player/dashjs/index.html (128)
[230:230:0130/112736.989029:INFO:CONSOLE(128)] "currentLatencynow: 44.463", source: file:///home/seluser/ppt/player/dashjs/index.html (128)
[230:230:0130/112737.989111:INFO:CONSOLE(128)] "currentLatencynow: 45.463", source: file:///home/seluser/ppt/player/dashjs/index.html (128)
[230:230:0130/112738.989040:INFO:CONSOLE(128)] "currentLatencynow: 46.463", source: file:///home/seluser/ppt/player/dashjs/index.html (128)
[230:230:0130/112739.988987:INFO:CONSOLE(128)] "currentLatencynow: 47.463", source: file:///home/seluser/ppt/player/dashjs/index.html (128)
[230:230:0130/112740.989158:INFO:CONSOLE(128)] "currentLatencynow: 48.463", source: file:///home/seluser/ppt/player/dashjs/index.html (128)
[230:230:0130/112741.989004:INFO:CONSOLE(128)] "currentLatencynow: 49.463", source: file:///home/seluser/ppt/player/dashjs/index.html (128)
[230:230:0130/112742.989034:INFO:CONSOLE(128)] "currentLatencynow: 50.463", source: file:///home/seluser/ppt/player/dashjs/index.html (128)
[230:230:0130/112743.989085:INFO:CONSOLE(128)] "currentLatencynow: 51.463", source: file:///home/seluser/ppt/player/dashjs/index.html (128)
[230:230:0130/112744.988989:INFO:CONSOLE(128)] "currentLatencynow: 52.463", source: file:///home/seluser/ppt/player/dashjs/index.html (128)
[230:230:0130/112745.989031:INFO:CONSOLE(128)] "currentLatencynow: 53.463", source: file:///home/seluser/ppt/player/dashjs/index.html (128)
[230:230:0130/112746.989125:INFO:CONSOLE(128)] "currentLatencynow: 54.463", source: file:///home/seluser/ppt/player/dashjs/index.html (128)
[230:230:0130/112747.989095:INFO:CONSOLE(128)] "currentLatencynow: 55.463", source: file:///home/seluser/ppt/player/dashjs/index.html (128)
[230:230:0130/112748.989068:INFO:CONSOLE(128)] "currentLatencynow: 56.463", source: file:///home/seluser/ppt/player/dashjs/index.html (128)
[230:230:0130/112749.989017:INFO:CONSOLE(128)] "currentLatencynow: 57.463", source: file:///home/seluser/ppt/player/dashjs/index.html (128)
[230:331:0130/112750.674183:ERROR:database.cc(1761)] History SQLite error: code 13 errno 0: database or disk is full sql: INSERT OR REPLACE INTO meta (key,value) VALUES (?,?)
[230:230:0130/112750.989160:INFO:CONSOLE(128)] "currentLatencynow: 58.463", source: file:///home/seluser/ppt/player/dashjs/index.html (128)
[230:230:0130/112751.988929:INFO:CONSOLE(128)] "currentLatencynow: 59.463", source: file:///home/seluser/ppt/player/dashjs/index.html (128)
[230:230:0130/112752.989075:INFO:CONSOLE(128)] "currentLatencynow: 60.463", source: file:///home/seluser/ppt/player/dashjs/index.html (128)
[230:230:0130/112753.988900:INFO:CONSOLE(128)] "currentLatencynow: 61.463", source: file:///home/seluser/ppt/player/dashjs/index.html (128)
[230:230:0130/112754.988871:INFO:CONSOLE(128)] "currentLatencynow: 62.463", source: file:///home/seluser/ppt/player/dashjs/index.html (128)
[301:341:0130/112755.745421:ERROR:simple_index_file.cc(310)] Failed to write the temporary index file
[230:230:0130/112755.988937:INFO:CONSOLE(128)] "currentLatencynow: 63.463", source: file:///home/seluser/ppt/player/dashjs/index.html (128)
[230:230:0130/112756.988889:INF[230:230:0130/112947.989070:INFO:CONSOLE(128)] "currentLatencynow: 175.463", source: file:///home/seluser/ppt/player/dashjs/index.html (128)
[230:230:0130/112948.989060:INFO:CONSOLE(128)] "currentLatencynow: 176.463", source: file:///home/seluser/ppt/player/dashjs/index.html (128)
[230:230:0130/112949.988897:INFO:CONSOLE(128)] "currentLatencynow: 177.463", source: file:///home/seluser/ppt/player/dashjs/index.html (128)
[230:230:0130/112950.988906:INFO:CONSOLE(128)] "currentLatencynow: 178.463", source: file:///home/seluser/ppt/player/dashjs/index.html (128)
[230:686:0130/112951.123172:ERROR:database.cc(1761)] History SQLite error: code 1 errno 0: cannot commit - no transaction is active sql: COMMIT
[230:230:0130/112951.144124:WARNING:pref_notifier_impl.cc(40)] Pref observer for media_router.cast_allow_all_ips found at shutdown.
