[230:293:0130/121234.526863:ERROR:bus.cc(392)] Failed to connect to the bus: Failed to connect to socket /var/run/dbus/system_bus_socket: No such file or directory
[230:256:0130/121234.529142:ERROR:bus.cc(392)] Failed to connect to the bus: Address does not contain a colon
[230:256:0130/121234.529205:ERROR:bus.cc(392)] Failed to connect to the bus: Address does not contain a colon
[230:256:0130/121234.540582:ERROR:bus.cc(392)] Failed to connect to the bus: Address does not contain a colon
[230:256:0130/121234.540660:ERROR:bus.cc(392)] Failed to connect to the bus: Address does not contain a colon
[300:300:0130/121234.543329:ERROR:gpu_init.cc(453)] Passthrough is not supported, GL is swiftshader, ANGLE is 
[230:256:0130/121234.562903:ERROR:bus.cc(392)] Failed to connect to the bus: Address does not contain a colon
[230:256:0130/121234.562976:ERROR:bus.cc(392)] Failed to connect to the bus: Address does not contain a colon
[230:397:0130/121234.658630:ERROR:bus.cc(392)] Failed to connect to the bus: Failed to connect to socket /var/run/dbus/system_bus_socket: No such file or directory
[230:397:0130/121234.658720:ERROR:bus.cc(392)] Failed to connect to the bus: Failed to connect to socket /var/run/dbus/system_bus_socket: No such file or directory
[230:397:0130/121234.658782:ERROR:bus.cc(392)] Failed to connect to the bus: Failed to connect to socket /var/run/dbus/system_bus_socket: No such file or directory
[230:397:0130/121234.658798:WARNING:property.cc(144)] DaemonVersion: GetAndBlock: failed.
[230:397:0130/121234.658856:ERROR:bus.cc(392)] Failed to connect to the bus: Failed to connect to socket /var/run/dbus/system_bus_socket: No such file or directory
[230:397:0130/121234.658901:ERROR:bus.cc(392)] Failed to connect to the bus: Failed to connect to socket /var/run/dbus/system_bus_socket: No such file or directory
[230:230:0130/121235.936398:INFO:CONSOLE(128)] "currentLatencynow: NaN", source: file:///home/seluser/ppt/player/dashjs/index.html (128)
[230:295:0130/121236.770454:ERROR:chrome_browser_main_extra_parts_metrics.cc(228)] crbug.com/1216328: Checking Bluetooth availability started. Please report if there is no report that this ends.
[230:295:0130/121236.770535:ERROR:chrome_browser_main_extra_parts_metrics.cc(231)] crbug.com/1216328: Checking Bluetooth availability ended.
[230:295:0130/121236.770555:ERROR:chrome_browser_main_extra_parts_metrics.cc(234)] crbug.com/1216328: Checking default browser status started. Please report if there is no report that this ends.
[230:230:0130/121236.936258:INFO:CONSOLE(128)] "currentLatencynow: 0", source: file:///home/seluser/ppt/player/dashjs/index.html (128)
[230:295:0130/121236.953182:ERROR:chrome_browser_main_extra_parts_metrics.cc(238)] crbug.com/1216328: Checking default browser status ended.
[230:230:0130/121237.936303:INFO:CONSOLE(128)] "currentLatencynow: 0", source: file:///home/seluser/ppt/player/dashjs/index.html (128)
[613:613:0130/121238.653435:WARNING:audio_manager_linux.cc(69)] Falling back to ALSA for audio output. PulseAudio is not available or could not be initialized.
[613:613:0130/121238.658626:ERROR:alsa_util.cc(204)] PcmOpen: default,No such file or directory
[613:613:0130/121238.659417:ERROR:alsa_util.cc(204)] PcmOpen: plug:default,No such file or directory
[230:230:0130/121238.936099:INFO:CONSOLE(128)] "currentLatencynow: 6.88", source: file:///home/seluser/ppt/player/dashjs/index.html (128)
[230:230:0130/121239.936206:INFO:CONSOLE(128)] "currentLatencynow: 7.88", source: file:///home/seluser/ppt/player/dashjs/index.html (128)
[230:230:0130/121240.936248:INFO:CONSOLE(128)] "currentLatencynow: 8.88", source: file:///home/seluser/ppt/player/dashjs/index.html (128)
[230:230:0130/121241.936146:INFO:CONSOLE(128)] "currentLatencynow: 9.88", source: file:///home/seluser/ppt/player/dashjs/index.html (128)
[230:256:0130/121241.994299:ERROR:bus.cc(392)] Failed to connect to the bus: Address does not contain a colon
[230:256:0130/121241.994436:ERROR:bus.cc(392)] Failed to connect to the bus: Address does not contain a colon
[230:256:0130/121241.994458:ERROR:bus.cc(392)] Failed to connect to the bus: Address does not contain a colon
[230:256:0130/121241.994495:ERROR:bus.cc(392)] Failed to connect to the bus: Address does not contain a colon
[230:256:0130/121241.994521:ERROR:bus.cc(392)] Failed to connect to the bus: Address does not contain a colon
[230:256:0130/121241.994544:ERROR:bus.cc(392)] Failed to connect to the bus: Address does not contain a colon
[230:256:0130/121241.994558:ERROR:bus.cc(392)] Failed to connect to the bus: Address does not contain a colon
[230:256:0130/121241.994570:ERROR:bus.cc(392)] Failed to connect to the bus: Address does not contain a colon
[230:256:0130/121241.994581:ERROR:bus.cc(392)] Failed to connect to the bus: Address does not contain a colon
[230:256:0130/121241.994598:ERROR:bus.cc(392)] Failed to connect to the bus: Address does not contain a colon
[230:256:0130/121241.994612:ERROR:bus.cc(392)] Failed to connect to the bus: Address does not contain a colon
[230:256:0130/121241.994625:ERROR:bus.cc(392)] Failed to connect to the bus: Address does not contain a colon
[230:256:0130/121241.994640:ERROR:bus.cc(392)] Failed to connect to the bus: Address does not contain a colon
[230:256:0130/121241.994652:ERROR:bus.cc(392)] Failed to connect to the bus: Address does not contain a colon
[230:256:0130/121241.995255:ERROR:bus.cc(392)] Failed to connect to the bus: Address does not contain a colon
[230:256:0130/121241.995276:ERROR:bus.cc(392)] Failed to connect to the bus: Address does not contain a colon
[230:256:0130/121241.995289:ERROR:bus.cc(392)] Failed to connect to the bus: Address does not contain a colon
[230:256:0130/121242.065365:ERROR:bus.cc(392)] Failed to connect to the bus: Address does not contain a colon
[230:256:0130/121242.065406:ERROR:bus.cc(392)] Failed to connect to the bus: Address does not contain a colon
[230:230:0130/121242.936130:INFO:CONSOLE(128)] "currentLatencynow: 9.954", source: file:///home/seluser/ppt/player/dashjs/index.html (128)
[230:230:0130/121243.936080:INFO:CONSOLE(128)] "currentLatencynow: 10.646", source: file:///home/seluser/ppt/player/dashjs/index.html (128)
[230:230:0130/121244.936282:INFO:CONSOLE(128)] "currentLatencynow: 10.646", source: file:///home/seluser/ppt/player/dashjs/index.html (128)
[230:230:0130/121245.936143:INFO:CONSOLE(128)] "currentLatencynow: 10.945", source: file:///home/seluser/ppt/player/dashjs/index.html (128)
[230:230:0130/121246.936189:INFO:CONSOLE(128)] "currentLatencynow: 11.945", source: file:///home/seluser/ppt/player/dashjs/index.html (128)
[230:230:0130/121247.936234:INFO:CONSOLE(128)] "currentLatencynow: 12.541", source: file:///home/seluser/ppt/player/dashjs/index.html (128)
[230:230:0130/121248.936104:INFO:CONSOLE(128)] "currentLatencynow: 12.441", source: file:///home/seluser/ppt/player/dashjs/index.html (128)
[230:230:0130/121249.936183:INFO:CONSOLE(128)] "currentLatencynow: 12.391", source: file:///home/seluser/ppt/player/dashjs/index.html (128)
[230:230:0130/121250.936186:INFO:CONSOLE(128)] "currentLatencynow: 12.391", source: file:///home/seluser/ppt/player/dashjs/index.html (128)
[230:230:0130/121251.936098:INFO:CONSOLE(128)] "currentLatencynow: 12.931", source: file:///home/seluser/ppt/player/dashjs/index.html (128)
[230:230:0130/121252.936170:INFO:CONSOLE(128)] "currentLatencynow: 13.156", source: file:///home/seluser/ppt/player/dashjs/index.html (128)
[230:230:0130/121253.936024:INFO:CONSOLE(128)] "currentLatencynow: 13.056", source: file:///home/seluser/ppt/player/dashjs/index.html (128)
[230:230:0130/121254.935977:INFO:CONSOLE(128)] "currentLatencynow: 13.903", source: file:///home/seluser/ppt/player/dashjs/index.html (128)
[230:230:0130/121255.936091:INFO:CONSOLE(128)] "currentLatencynow: 14.903", source: file:///home/seluser/ppt/player/dashjs/index.html (128)
[230:256:0130/121256.684191:ERROR:bus.cc(392)] Failed to connect to the bus: Address does not contain a colon
[230:256:0130/121256.684301:ERROR:bus.cc(392)] Failed to connect to the bus: Address does not contain a colon
[230:230:0130/121256.936250:INFO:CONSOLE(128)] "currentLatencynow: 15.538", source: file:///home/seluser/ppt/player/dashjs/index.html (128)
[230:230:0130/121257.936188:INFO:CONSOLE(128)] "currentLatencynow: 15.438", source: file:///home/seluser/ppt/player/dashjs/index.html (128)
[230:230:0130/121258.936110:INFO:CONSOLE(128)] "currentLatencynow: 15.338", source: file:///home/seluser/ppt/player/dashjs/index.html (128)
[230:230:0130/121259.936283:INFO:CONSOLE(128)] "currentLatencynow: 15.238", source: file:///home/seluser/ppt/player/dashjs/index.html (128)
[230:230:0130/121300.936109:INFO:CONSOLE(128)] "currentLatencynow: 15.151", source: file:///home/seluser/ppt/player/dashjs/index.html (128)
[230:230:0130/121301.936184:INFO:CONSOLE(128)] "currentLatencynow: 15.053", source: file:///home/seluser/ppt/player/dashjs/index.html (128)
[230:230:0130/121302.936013:INFO:CONSOLE(128)] "currentLatencynow: 15.862", source: file:///home/seluser/ppt/player/dashjs/index.html (128)
[230:230:0130/121303.936374:INFO:CONSOLE(128)] "currentLatencynow: 16.862", source: file:///home/seluser/ppt/player/dashjs/index.html (128)
[230:230:0130/121304.936061:INFO:CONSOLE(128)] "currentLatencynow: 17.862", source: file:///home/seluser/ppt/player/dashjs/index.html (128)
[230:256:0130/121305.362103:ERROR:bus.cc(392)] Failed to connect to the bus: Address does not contain a colon
[230:256:0130/121305.362218:ERROR:bus.cc(392)] Failed to connect to the bus: Address does not contain a colon
[230:230:0130/121305.936144:INFO:CONSOLE(128)] "currentLatencynow: 18.162", source: file:///home/seluser/ppt/player/dashjs/index.html (128)
[230:230:0130/121306.936089:INFO:CONSOLE(128)] "currentLatencynow: 18.062", source: file:///home/seluser/ppt/player/dashjs/index.html (128)
[230:230:0130/121307.936110:INFO:CONSOLE(128)] "currentLatencynow: 17.962", source: file:///home/seluser/ppt/player/dashjs/index.html (128)
[230:230:0130/121308.936065:INFO:CONSOLE(128)] "currentLatencynow: 17.862", source: file:///home/seluser/ppt/player/dashjs/index.html (128)
[230:230:0130/121309.936158:INFO:CONSOLE(128)] "currentLatencynow: 17.762", source: file:///home/seluser/ppt/player/dashjs/index.html (128)
[230:230:0130/121310.936099:INFO:CONSOLE(128)] "currentLatencynow: 17.662", source: file:///home/seluser/ppt/player/dashjs/index.html (128)
[230:230:0130/121311.936033:INFO:CONSOLE(128)] "currentLatencynow: 17.562", source: file:///home/seluser/ppt/player/dashjs/index.html (128)
[230:230:0130/121312.936208:INFO:CONSOLE(128)] "currentLatencynow: 17.462", source: file:///home/seluser/ppt/player/dashjs/index.html (128)
[230:230:0130/121313.936066:INFO:CONSOLE(128)] "currentLatencynow: 17.362", source: file:///home/seluser/ppt/player/dashjs/index.html (128)
[230:230:0130/121314.936059:INFO:CONSOLE(128)] "currentLatencynow: 17.856", source: file:///home/seluser/ppt/player/dashjs/index.html (128)
[230:230:0130/121315.936001:INFO:CONSOLE(128)] "currentLatencynow: 18.856", source: file:///home/seluser/ppt/player/dashjs/index.html (128)
[230:230:0130/121316.936094:INFO:CONSOLE(128)] "currentLatencynow: 19.856", source: file:///home/seluser/ppt/player/dashjs/index.html (128)
[230:256:0130/121316.977650:ERROR:bus.cc(392)] Failed to connect to the bus: Address does not contain a colon
[230:256:0130/121316.977805:ERROR:bus.cc(392)] Failed to connect to the bus: Address does not contain a colon
[230:230:0130/121317.936316:INFO:CONSOLE(128)] "currentLatencynow: 19.767", source: file:///home/seluser/ppt/player/dashjs/index.html (128)
[230:230:0130/121318.936141:INFO:CONSOLE(128)] "currentLatencynow: 19.667", source: file:///home/seluser/ppt/player/dashjs/index.html (128)
[230:230:0130/121319.936148:INFO:CONSOLE(128)] "currentLatencynow: 19.567", source: file:///home/seluser/ppt/player/dashjs/index.html (128)
[230:230:0130/121320.936161:INFO:CONSOLE(128)] "currentLatencynow: 19.467", source: file:///home/seluser/ppt/player/dashjs/index.html (128)
[230:230:0130/121321.936042:INFO:CONSOLE(128)] "currentLatencynow: 19.367", source: file:///home/seluser/ppt/player/dashjs/index.html (128)
[230:230:0130/121322.936055:INFO:CONSOLE(128)] "currentLatencynow: 19.267", source: file:///home/seluser/ppt/player/dashjs/index.html (128)
[230:230:0130/121323.936181:INFO:CONSOLE(128)] "currentLatencynow: 19.167", source: file:///home/seluser/ppt/player/dashjs/index.html (128)
[230:230:0130/121324.936141:INFO:CONSOLE(128)] "currentLatencynow: 19.8", source: file:///home/seluser/ppt/player/dashjs/index.html (128)
[230:230:0130/121325.936021:INFO:CONSOLE(128)] "currentLatencynow: 20.8", source: file:///home/seluser/ppt/player/dashjs/index.html (128)
[230:256:0130/121326.658607:ERROR:bus.cc(392)] Failed to connect to the bus: Address does not contain a colon
[230:256:0130/121326.658689:ERROR:bus.cc(392)] Failed to connect to the bus: Address does not contain a colon
[230:230:0130/121326.936220:INFO:CONSOLE(128)] "currentLatencynow: 21.464", source: file:///home/seluser/ppt/player/dashjs/index.html (128)
[230:230:0130/121327.936211:INFO:CONSOLE(128)] "currentLatencynow: 21.364", source: file:///home/seluser/ppt/player/dashjs/index.html (128)
[230:230:0130/121328.936044:INFO:CONSOLE(128)] "currentLatencynow: 21.264", source: file:///home/seluser/ppt/player/dashjs/index.html (128)
[230:230:0130/121329.936081:INFO:CONSOLE(128)] "currentLatencynow: 21.164", source: file:///home/seluser/ppt/player/dashjs/index.html (128)
[230:230:0130/121330.936206:INFO:CONSOLE(128)] "currentLatencynow: 21.064", source: file:///home/seluser/ppt/player/dashjs/index.html (128)
[230:230:0130/121331.936115:INFO:CONSOLE(128)] "currentLatencynow: 20.973", source: file:///home/seluser/ppt/player/dashjs/index.html (128)
[230:230:0130/121332.936392:INFO:CONSOLE(128)] "currentLatencynow: 20.89", source: file:///home/seluser/ppt/player/dashjs/index.html (128)
[230:230:0130/121333.936183:INFO:CONSOLE(128)] "currentLatencynow: 20.798", source: file:///home/seluser/ppt/player/dashjs/index.html (128)
[230:230:0130/121334.936280:INFO:CONSOLE(128)] "currentLatencynow: 21.756", source: file:///home/seluser/ppt/player/dashjs/index.html (128)
[230:230:0130/121335.936043:INFO:CONSOLE(128)] "currentLatencynow: 22.756", source: file:///home/seluser/ppt/player/dashjs/index.html (128)
[230:230:0130/121336.936259:INFO:CONSOLE(128)] "currentLatencynow: 22.798", source: file:///home/seluser/ppt/player/dashjs/index.html (128)
[230:230:0130/121337.936086:INFO:CONSOLE(128)] "currentLatencynow: 22.698", source: file:///home/seluser/ppt/player/dashjs/index.html (128)
[230:230:0130/121338.936268:INFO:CONSOLE(128)] "currentLatencynow: 22.598", source: file:///home/seluser/ppt/player/dashjs/index.html (128)
[230:230:0130/121339.936263:INFO:CONSOLE(128)] "currentLatencynow: 22.498", source: file:///home/seluser/ppt/player/dashjs/index.html (128)
[230:230:0130/121340.936090:INFO:CONSOLE(128)] "currentLatencynow: 22.398", source: file:///home/seluser/ppt/player/dashjs/index.html (128)
[230:230:0130/121341.936177:INFO:CONSOLE(128)] "currentLatencynow: 22.324", source: file:///home/seluser/ppt/player/dashjs/index.html (128)
[230:230:0130/121342.936050:INFO:CONSOLE(128)] "currentLatencynow: 22.224", source: file:///home/seluser/ppt/player/dashjs/index.html (128)
[230:230:0130/121343.936105:INFO:CONSOLE(128)] "currentLatencynow: 22.124", source: file:///home/seluser/ppt/player/dashjs/index.html (128)
[230:230:0130/121344.936492:INFO:CONSOLE(128)] "currentLatencynow: 22.025", source: file:///home/seluser/ppt/player/dashjs/index.html (128)
[230:230:0130/121345.936150:INFO:CONSOLE(128)] "currentLatencynow: 22.706", source: file:///home/seluser/ppt/player/dashjs/index.html (128)
[230:230:0130/121346.937417:INFO:CONSOLE(128)] "currentLatencynow: 23.706", source: file:///home/seluser/ppt/player/dashjs/index.html (128)
[230:256:0130/121347.755406:ERROR:bus.cc(392)] Failed to connect to the bus: Address does not contain a colon
[230:256:0130/121347.755477:ERROR:bus.cc(392)] Failed to connect to the bus: Address does not contain a colon
[230:230:0130/121347.936080:INFO:CONSOLE(128)] "currentLatencynow: 24.486", source: file:///home/seluser/ppt/player/dashjs/index.html (128)
[230:230:0130/121348.936121:INFO:CONSOLE(128)] "currentLatencynow: 24.475", source: file:///home/seluser/ppt/player/dashjs/index.html (128)
[230:230:0130/121349.936104:INFO:CONSOLE(128)] "currentLatencynow: 24.375", source: file:///home/seluser/ppt/player/dashjs/index.html (128)
[230:230:0130/121350.935988:INFO:CONSOLE(128)] "currentLatencynow: 24.275", source: file:///home/seluser/ppt/player/dashjs/index.html (128)
[230:230:0130/121351.935986:INFO:CONSOLE(128)] "currentLatencynow: 24.236", source: file:///home/seluser/ppt/player/dashjs/index.html (128)
[230:230:0130/121352.936077:INFO:CONSOLE(128)] "currentLatencynow: 24.236", source: file:///home/seluser/ppt/player/dashjs/index.html (128)
[230:230:0130/121353.936151:INFO:CONSOLE(128)] "currentLatencynow: 24.674", source: file:///home/seluser/ppt/player/dashjs/index.html (128)
[230:230:0130/121354.936104:INFO:CONSOLE(128)] "currentLatencynow: 25.674", source: file:///home/seluser/ppt/player/dashjs/index.html (128)
[230:230:0130/121355.935947:INFO:CONSOLE(128)] "currentLatencynow: 26.674", source: file:///home/seluser/ppt/player/dashjs/index.html (128)
[230:256:0130/121356.299726:ERROR:bus.cc(392)] Failed to connect to the bus: Address does not contain a colon
[230:256:0130/121356.299793:ERROR:bus.cc(392)] Failed to connect to the bus: Address does not contain a colon
[230:230:0130/121356.936268:INFO:CONSOLE(128)] "currentLatencynow: 26.946", source: file:///home/seluser/ppt/player/dashjs/index.html (128)
[230:230:0130/121357.936028:INFO:CONSOLE(128)] "currentLatencynow: 26.846", source: file:///home/seluser/ppt/player/dashjs/index.html (128)
[230:230:0130/121358.936139:INFO:CONSOLE(128)] "currentLatencynow: 26.746", source: file:///home/seluser/ppt/player/dashjs/index.html (128)
[230:230:0130/121359.936185:INFO:CONSOLE(128)] "currentLatencynow: 26.646", source: file:///home/seluser/ppt/player/dashjs/index.html (128)
[230:230:0130/121400.936098:INFO:CONSOLE(128)] "currentLatencynow: 26.546", source: file:///home/seluser/ppt/player/dashjs/index.html (128)
[230:230:0130/121401.936135:INFO:CONSOLE(128)] "currentLatencynow: 26.446", source: file:///home/seluser/ppt/player/dashjs/index.html (128)
[230:230:0130/121402.936138:INFO:CONSOLE(128)] "currentLatencynow: 26.346", source: file:///home/seluser/ppt/player/dashjs/index.html (128)
[230:230:0130/121403.936234:INFO:CONSOLE(128)] "currentLatencynow: 26.274", source: file:///home/seluser/ppt/player/dashjs/index.html (128)
[230:230:0130/121404.936253:INFO:CONSOLE(128)] "currentLatencynow: 26.174", source: file:///home/seluser/ppt/player/dashjs/index.html (128)
[230:230:0130/121405.936076:INFO:CONSOLE(128)] "currentLatencynow: 26.159", source: file:///home/seluser/ppt/player/dashjs/index.html (128)
[230:230:0130/121406.936148:INFO:CONSOLE(128)] "currentLatencynow: 26.159", source: file:///home/seluser/ppt/player/dashjs/index.html (128)
[230:230:0130/121407.936122:INFO:CONSOLE(128)] "currentLatencynow: 26.624", source: file:///home/seluser/ppt/player/dashjs/index.html (128)
[230:230:0130/121408.936117:INFO:CONSOLE(128)] "currentLatencynow: 27.624", source: file:///home/seluser/ppt/player/dashjs/index.html (128)
[230:256:0130/121409.851315:ERROR:bus.cc(392)] Failed to connect to the bus: Address does not contain a colon
[230:256:0130/121409.851377:ERROR:bus.cc(392)] Failed to connect to the bus: Address does not contain a colon
[230:230:0130/121409.936046:INFO:CONSOLE(128)] "currentLatencynow: 28.496", source: file:///home/seluser/ppt/player/dashjs/index.html (128)
[230:230:0130/121410.935996:INFO:CONSOLE(128)] "currentLatencynow: 28.495", source: file:///home/seluser/ppt/player/dashjs/index.html (128)
[230:230:0130/121411.936107:INFO:CONSOLE(128)] "currentLatencynow: 28.401", source: file:///home/seluser/ppt/player/dashjs/index.html (128)
[230:230:0130/121412.936272:INFO:CONSOLE(128)] "currentLatencynow: 28.301", source: file:///home/seluser/ppt/player/dashjs/index.html (128)
[230:230:0130/121413.936067:INFO:CONSOLE(128)] "currentLatencynow: 28.586", source: file:///home/seluser/ppt/player/dashjs/index.html (128)
[230:230:0130/121414.936042:INFO:CONSOLE(128)] "currentLatencynow: 29.586", source: file:///home/seluser/ppt/player/dashjs/index.html (128)
[230:256:0130/121415.726083:ERROR:bus.cc(392)] Failed to connect to the bus: Address does not contain a colon
[230:256:0130/121415.726153:ERROR:bus.cc(392)] Failed to connect to the bus: Address does not contain a colon
[230:230:0130/121415.936069:INFO:CONSOLE(128)] "currentLatencynow: 30.091", source: file:///home/seluser/ppt/player/dashjs/index.html (128)
[230:230:0130/121416.936122:INFO:CONSOLE(128)] "currentLatencynow: 30.091", source: file:///home/seluser/ppt/player/dashjs/index.html (128)
[230:230:0130/121417.936069:INFO:CONSOLE(128)] "currentLatencynow: 30.6", source: file:///home/seluser/ppt/player/dashjs/index.html (128)
[230:230:0130/121418.936024:INFO:CONSOLE(128)] "currentLatencynow: 31.6", source: file:///home/seluser/ppt/player/dashjs/index.html (128)
[230:230:0130/121419.936104:INFO:CONSOLE(128)] "currentLatencynow: 32.6", source: file:///home/seluser/ppt/player/dashjs/index.html (128)
[230:230:0130/121420.936352:INFO:CONSOLE(128)] "currentLatencynow: 33.6", source: file:///home/seluser/ppt/player/dashjs/index.html (128)
[230:230:0130/121421.936323:INFO:CONSOLE(128)] "currentLatencynow: 34.6", source: file:///home/seluser/ppt/player/dashjs/index.html (128)
[230:230:0130/121422.936153:INFO:CONSOLE(128)] "currentLatencynow: 35.6", source: file:///home/seluser/ppt/player/dashjs/index.html (128)
[230:230:0130/121423.936342:INFO:CONSOLE(128)] "currentLatencynow: 36.6", source: file:///home/seluser/ppt/player/dashjs/index.html (128)
[230:230:0130/121424.936340:INFO:CONSOLE(128)] "currentLatencynow: 37.6", source: file:///home/seluser/ppt/player/dashjs/index.html (128)
[230:230:0130/121425.936265:INFO:CONSOLE(128)] "currentLatencynow: 38.6", source: file:///home/seluser/ppt/player/dashjs/index.html (128)
[230:230:0130/121426.936294:INFO:CONSOLE(128)] "currentLatencynow: 39.6", source: file:///home/seluser/ppt/player/dashjs/index.html (128)
[230:230:0130/121427.936307:INFO:CONSOLE(128)] "currentLatencynow: 40.6", source: file:///home/seluser/ppt/player/dashjs/index.html (128)
[230:230:0130/121428.936282:INFO:CONSOLE(128)] "currentLatencynow: 41.6", source: file:///home/seluser/ppt/player/dashjs/index.html (128)
[230:230:0130/121429.936266:INFO:CONSOLE(128)] "currentLatencynow: 42.6", source: file:///home/seluser/ppt/player/dashjs/index.html (128)
[230:230:0130/121430.936235:INFO:CONSOLE(128)] "currentLatencynow: 43.6", source: file:///home/seluser/ppt/player/dashjs/index.html (128)
[230:230:0130/121431.936285:INFO:CONSOLE(128)] "currentLatencynow: 44.6", source: file:///home/seluser/ppt/player/dashjs/index.html (128)
[230:230:0130/121432.936160:INFO:CONSOLE(128)] "currentLatencynow: 45.6", source: file:///home/seluser/ppt/player/dashjs/index.html (128)
[230:230:0130/121433.936272:INFO:CONSOLE(128)] "currentLatencynow: 46.6", source: file:///home/seluser/ppt/player/dashjs/index.html (128)
[230:230:0130/121434.936220:INFO:CONSOLE(114)] "Begin Player stistics 
", source: file:///home/seluser/ppt/player/dashjs/index.html (114)
[230:230:0130/121434.936351:INFO:CONSOLE(115)] "["stall",[["2.57","7.22",4.65]],[["8.16","8.41",0.25]],[["10.86","11.11",0.25]],[["16.63","16.87",0.240000000000002]],[["19.31","19.56",0.25]],[["27.36","27.61",0.25]],[["39.64","39.89",0.25]],[["49.50","49.75",0.25]],[["59.21","59.46",0.25]],[["70.47","70.72",0.25]],[["78.73","78.98",0.25]],[["92.70","92.95",0.25]],[["98.84","99.09",0.25]],[["100.87","100.87",0]],[["availibleBW",[null],[null],[null],[null],[null],[989],[989],[989],[989],[1299],[1299],[1299],[1401],[1401],[1452],[1452],[1452],[1607],[1607],[1729],[1729],[1729],[1852],[1852],[1975],[1975],[1975],[2222],[2222],[2597],[2597],[2966],[2966],[3344],[3344],[3344],[4087],[4087],[4087],[4231],[4231],[4383],[4383],[4534],[4534],[4534],[4689],[4689],[4691],[4691],[4691],[5061],[5061],[5061],[5442],[5442],[5809],[5809],[6564],[6564],[6571],[6571],[6556],[6556],[6556],[6558],[6558],[6558],[6563],[6563],[6185],[6185],[6185],[5798],[5798],[5798],[5437],[5437],[4674],[4674],[4528],[4528],[4528],[4528],[4381],[4381],[4220],[4220],[4074],[4074],[4074],[3704],[3704],[3331],[3331],[2968],[2968],[2968],[2215],[2215],[2215],[2215],[2215],[2215],[2215],[2215],[2215],[2215],[2215],[2215],[2215],[2215],[2215],[2215],[2215],[2215],[2215],[2215],[2215]]],[["currentBuffer",[0],[0],[0],[0],[0],[0.968],[0.968],[0.042],[0],[0.745],[0.036],[0.036],[1.687],[0.588],[1.535],[0.535],[0.025],[1.295],[0.195],[2.002],[2.002],[1.748],[2.65],[1.55],[2.419],[1.364],[0.264],[1.966],[1.966],[3.968],[3.333],[4.235],[3.135],[4.037],[2.937],[1.837],[2.739],[1.639],[0.539],[1.97],[1.97],[3.972],[2.906],[3.808],[2.708],[1.608],[2.51],[1.41],[2.312],[1.923],[1.923],[3.718],[2.669],[1.57],[2.472],[1.372],[2.274],[1.199],[2.055],[1.887],[3.889],[3.159],[3.914],[2.961],[1.861],[2.668],[1.689],[0.589],[1.491],[0.39],[1.847],[1.847],[1.748],[2.696],[1.73],[0.63],[1.574],[0.574],[1.821],[1.821],[3.823],[3.301],[2.201],[1.101],[2.003],[0.903],[1.805],[0.705],[1.635],[0.535],[0],[0.503],[0],[1.782],[1.704],[2.678],[1.798],[0.698],[1.749],[1.749],[1.295],[0.295],[0],[0],[0],[0],[0],[0],[0],[0],[0],[0],[0],[0],[0],[0],[0],[0],[0]]],[["currentLatency",[null],[0],[0],[6.88],[7.88],[8.88],[9.88],[9.954],[10.646],[10.646],[10.945],[11.945],[12.541],[12.441],[12.391],[12.391],[12.931],[13.156],[13.056],[13.903],[14.903],[15.538],[15.438],[15.338],[15.238],[15.151],[15.053],[15.862],[16.862],[17.862],[18.162],[18.062],[17.962],[17.862],[17.762],[17.662],[17.562],[17.462],[17.362],[17.856],[18.856],[19.856],[19.767],[19.667],[19.567],[19.467],[19.367],[19.267],[19.167],[19.8],[20.8],[21.464],[21.364],[21.264],[21.164],[21.064],[20.973],[20.89],[20.798],[21.756],[22.756],[22.798],[22.698],[22.598],[22.498],[22.398],[22.324],[22.224],[22.124],[22.025],[22.706],[23.706],[24.486],[24.475],[24.375],[24.275],[24.236],[24.236],[24.674],[25.674],[26.674],[26.946],[26.846],[26.746],[26.646],[26.546],[26.446],[26.346],[26.274],[26.174],[26.159],[26.159],[26.624],[27.624],[28.496],[28.495],[28.401],[28.301],[28.586],[29.586],[30.091],[30.091],[30.6],[31.6],[32.6],[33.6],[34.6],[35.6],[36.6],[37.6],[38.6],[39.6],[40.6],[41.6],[42.6],[43.6],[44.6],[45.6],[46.6]]]]", source: file:///home/seluser/ppt/player/dashjs/index.html (115)
[230:230:0130/121434.936412:INFO:CONSOLE(116)] "
", source: file:///home/seluser/ppt/player/dashjs/index.html (116)
[230:230:0130/121434.936475:INFO:CONSOLE(117)] "Finish Player stistics 
", source: file:///home/seluser/ppt/player/dashjs/index.html (117)
[230:230:0130/121434.936579:INFO:CONSOLE(128)] "currentLatencynow: 47.601", source: file:///home/seluser/ppt/player/dashjs/index.html (128)
[230:230:0130/121435.936154:INFO:CONSOLE(128)] "currentLatencynow: 48.6", source: file:///home/seluser/ppt/player/dashjs/index.html (128)
[230:230:0130/121436.936340:INFO:CONSOLE(128)] "currentLatencynow: 49.6", source: file:///home/seluser/ppt/player/dashjs/index.html (128)
[230:230:0130/121437.936210:INFO:CONSOLE(128)] "currentLatencynow: 50.6", source: file:///home/seluser/ppt/player/dashjs/index.html (128)
[230:230:0130/121438.936181:INFO:CONSOLE(128)] "currentLatencynow: 51.6", source: file:///home/seluser/ppt/player/dashjs/index.html (128)
[230:230:0130/121439.936218:INFO:CONSOLE(128)] "currentLatencynow: 52.6", source: file:///home/seluser/ppt/player/dashjs/index.html (128)
[230:230:0130/121440.936237:INFO:CONSOLE(128)] "currentLatencynow: 53.6", source: file:///home/seluser/ppt/player/dashjs/index.html (128)
[230:230:0130/121441.936212:INFO:CONSOLE(128)] "currentLatencynow: 54.6", source: file:///home/seluser/ppt/player/dashjs/index.html (128)
[230:230:0130/121442.936209:INFO:CONSOLE(128)] "currentLatencynow: 55.6", source: file:///home/seluser/ppt/player/dashjs/index.html (128)
[230:230:0130/121443.936188:INFO:CONSOLE(128)] "currentLatencynow: 56.6", source: file:///home/seluser/ppt/player/dashjs/index.html (128)
[230:230:0130/121444.936113:INFO:CONSOLE(128)] "currentLatencynow: 57.6", source: file:///home/seluser/ppt/player/dashjs/index.html (128)
[230:230:0130/121445.936256:INFO:CONSOLE(128)] "currentLatencynow: 58.6", source: file:///home/seluser/ppt/player/dashjs/index.html (128)
[230:230:0130/121446.936183:INFO:CONSOLE(128)] "currentLatencynow: 59.6", source: file:///home/seluser/ppt/player/dashjs/index.html (128)
[230:230:0130/121447.936253:INFO:CONSOLE(128)] "currentLatencynow: 60.6", source: file:///home/seluser/ppt/player/dashjs/index.html (128)
[230:230:0130/121448.936268:INFO:CONSOLE(128)] "currentLatencynow: 61.6", source: file:///home/seluser/ppt/player/dashjs/index.html (128)
[230:230:0130/121449.936126:INFO:CONSOLE(128)] "currentLatencynow: 62.6", source: file:///home/seluser/ppt/player/dashjs/index.html (128)
[230:230:0130/121450.936203:INFO:CONSOLE(128)] "currentLatencynow: 63.6", source: file:///home/seluser/ppt/player/dashjs/index.html (128)
[230:230:0130/121451.936146:INFO:CONSOLE(128)] "currentLatencynow: 64.6", source: file:///home/seluser/ppt/player/dashjs/index.html (128)
[230:230:0130/121452.936131:INFO:CONSOLE(128)] "currentLatencynow: 65.6", source: file:///home/seluser/ppt/player/dashjs/index.html (128)
[230:230:0130/121453.936165:INFO:CONSOLE(128)] "currentLatencynow: 66.6", source: file:///home/seluser/ppt/player/dashjs/index.html (128)
[230:230:0130/121454.936172:INFO:CONSOLE(128)] "currentLatencynow: 67.6", source: file:///home/seluser/ppt/player/dashjs/index.html (128)
[230:230:0130/121455.936162:INFO:CONSOLE(128)] "currentLatencynow: 68.6", source: file:///home/seluser/ppt/player/dashjs/index.html (128)
[230:230:0130/121456.936251:INFO:CONSOLE(128)] "currentLatencynow: 69.6", source: file:///home/seluser/ppt/player/dashjs/index.html (128)
[230:230:0130/121457.936194:INFO:CONSOLE(128)] "currentLatencynow: 70.6", source: file:///home/seluser/ppt/player/dashjs/index.html (128)
[230:230:0130/121458.936219:INFO:CONSOLE(128)] "currentLatencynow: 71.6", source: file:///home/seluser/ppt/player/dashjs/index.html (128)
[230:230:0130/121459.936244:INFO:CONSOLE(128)] "currentLatencynow: 72.6", source: file:///home/seluser/ppt/player/dashjs/index.html (128)
[230:230:0130/121500.936250:INFO:CONSOLE(128)] "currentLatencynow: 73.6", source: file:///home/seluser/ppt/player/dashjs/index.html (128)
[230:230:0130/121501.936254:INFO:CONSOLE(128)] "currentLatencynow: 74.6", source: file:///home/seluser/ppt/player/dashjs/index.html (128)
[230:230:0130/121502.936233:INFO:CONSOLE(128)] "currentLatencynow: 75.6", source: file:///home/seluser/ppt/player/dashjs/index.html (128)
[230:230:0130/121503.936360:INFO:CONSOLE(128)] "currentLatencynow: 76.6", source: file:///home/seluser/ppt/player/dashjs/index.html (128)
[230:230:0130/121504.936248:INFO:CONSOLE(128)] "currentLatencynow: 77.6", source: file:///home/seluser/ppt/player/dashjs/index.html (128)
[230:230:0130/121505.936287:INFO:CONSOLE(128)] "currentLatencynow: 78.6", source: file:///home/seluser/ppt/player/dashjs/index.html (128)
[230:230:0130/121506.936275:INFO:CONSOLE(128)] "currentLatencynow: 79.6", source: file:///home/seluser/ppt/player/dashjs/index.html (128)
[230:230:0130/121507.936223:INFO:CONSOLE(128)] "currentLatencynow: 80.6", source: file:///home/seluser/ppt/player/dashjs/index.html (128)
[230:230:0130/121508.936094:INFO:CONSOLE(128)] "currentLatencynow: 81.6", source: file:///home/seluser/ppt/player/dashjs/index.html (128)
[230:230:0130/121509.936271:INFO:CONSOLE(128)] "currentLatencynow: 82.6", source: file:///home/seluser/ppt/player/dashjs/index.html (128)
[230:230:0130/121510.936282:INFO:CONSOLE(128)] "currentLatencynow: 83.6", source: file:///home/seluser/ppt/player/dashjs/index.html (128)
[230:230:0130/121511.936404:INFO:CONSOLE(128)] "currentLatencynow: 84.6", source: file:///home/seluser/ppt/player/dashjs/index.html (128)
[230:230:0130/121512.936160:INFO:CONSOLE(128)] "currentLatencynow: 85.6", source: file:///home/seluser/ppt/player/dashjs/index.html (128)
[230:230:0130/121513.936285:INFO:CONSOLE(128)] "currentLatencynow: 86.6", source: file:///home/seluser/ppt/player/dashjs/index.html (128)
[230:230:0130/121514.936359:INFO:CONSOLE(128)] "currentLatencynow: 87.6", source: file:///home/seluser/ppt/player/dashjs/index.html (128)
[230:230:0130/121515.936329:INFO:CONSOLE(128)] "currentLatencynow: 88.6", source: file:///home/seluser/ppt/player/dashjs/index.html (128)
[230:230:0130/121516.936295:INFO:CONSOLE(128)] "currentLatencynow: 89.6", source: file:///home/seluser/ppt/player/dashjs/index.html (128)
[230:230:0130/121517.936456:INFO:CONSOLE(128)] "currentLatencynow: 90.6", source: file:///home/seluser/ppt/player/dashjs/index.html (128)
[230:230:0130/121518.936408:INFO:CONSOLE(128)] "currentLatencynow: 91.6", source: file:///home/seluser/ppt/player/dashjs/index.html (128)
[230:230:0130/121519.936448:INFO:CONSOLE(128)] "currentLatencynow: 92.6", source: file:///home/seluser/ppt/player/dashjs/index.html (128)
[230:230:0130/121520.936426:INFO:CONSOLE(128)] "currentLatencynow: 93.6", source: file:///home/seluser/ppt/player/dashjs/index.html (128)
[230:230:0130/121521.936340:INFO:CONSOLE(128)] "currentLatencynow: 94.6", source: file:///home/seluser/ppt/player/dashjs/index.html (128)
[230:230:0130/121522.936398:INFO:CONSOLE(128)] "currentLatencynow: 95.6", source: file:///home/seluser/ppt/player/dashjs/index.html (128)
[230:230:0130/121523.936394:INFO:CONSOLE(128)] "currentLatencynow: 96.6", source: file:///home/seluser/ppt/player/dashjs/index.html (128)
[230:230:0130/121524.936416:INFO:CONSOLE(128)] "currentLatencynow: 97.6", source: file:///home/seluser/ppt/player/dashjs/index.html (128)
[230:230:0130/121525.936338:INFO:CONSOLE(128)] "currentLatencynow: 98.6", source: file:///home/seluser/ppt/player/dashjs/index.html (128)
[230:230:0130/121526.936354:INFO:CONSOLE(128)] "currentLatencynow: 99.6", source: file:///home/seluser/ppt/player/dashjs/index.html (128)
[230:230:0130/121527.936370:INFO:CONSOLE(128)] "currentLatencynow: 100.6", source: file:///home/seluser/ppt/player/dashjs/index.html (128)
[230:230:0130/121528.936378:INFO:CONSOLE(128)] "currentLatencynow: 101.6", source: file:///home/seluser/ppt/player/dashjs/index.html (128)
[230:230:0130/121529.936308:INFO:CONSOLE(128)] "currentLatencynow: 102.6", source: file:///home/seluser/ppt/player/dashjs/index.html (128)
[230:230:0130/121530.936359:INFO:CONSOLE(128)] "currentLatencynow: 103.6", source: file:///home/seluser/ppt/player/dashjs/index.html (128)
[230:230:0130/121531.936379:INFO:CONSOLE(128)] "currentLatencynow: 104.6", source: file:///home/seluser/ppt/player/dashjs/index.html (128)
[230:230:0130/121532.936399:INFO:CONSOLE(128)] "currentLatencynow: 105.6", source: file:///home/seluser/ppt/player/dashjs/index.html (128)
[230:230:0130/121533.936533:INFO:CONSOLE(128)] "currentLatencynow: 106.601", source: file:///home/seluser/ppt/player/dashjs/index.html (128)
[230:230:0130/121534.936072:INFO:CONSOLE(128)] "currentLatencynow: 107.6", source: file:///home/seluser/ppt/player/dashjs/index.html (128)
[230:230:0130/121535.068274:WARNING:pref_notifier_impl.cc(40)] Pref observer for media_router.cast_allow_all_ips found at shutdown.
