[154:218:1129/152911.456006:ERROR:bus.cc(392)] Failed to connect to the bus: Failed to connect to socket /var/run/dbus/system_bus_socket: No such file or directory
[154:181:1129/152911.458093:ERROR:bus.cc(392)] Failed to connect to the bus: Address does not contain a colon
[154:181:1129/152911.458140:ERROR:bus.cc(392)] Failed to connect to the bus: Address does not contain a colon
[225:225:1129/152911.470040:ERROR:gpu_init.cc(453)] Passthrough is not supported, GL is swiftshader, ANGLE is 
[154:181:1129/152911.470310:ERROR:bus.cc(392)] Failed to connect to the bus: Address does not contain a colon
[154:181:1129/152911.470362:ERROR:bus.cc(392)] Failed to connect to the bus: Address does not contain a colon
[154:181:1129/152911.486268:ERROR:bus.cc(392)] Failed to connect to the bus: Address does not contain a colon
[154:181:1129/152911.486302:ERROR:bus.cc(392)] Failed to connect to the bus: Address does not contain a colon
[154:314:1129/152911.576452:ERROR:bus.cc(392)] Failed to connect to the bus: Failed to connect to socket /var/run/dbus/system_bus_socket: No such file or directory
[154:314:1129/152911.576514:ERROR:bus.cc(392)] Failed to connect to the bus: Failed to connect to socket /var/run/dbus/system_bus_socket: No such file or directory
[154:314:1129/152911.576560:ERROR:bus.cc(392)] Failed to connect to the bus: Failed to connect to socket /var/run/dbus/system_bus_socket: No such file or directory
[154:314:1129/152911.576594:WARNING:property.cc(144)] DaemonVersion: GetAndBlock: failed.
[154:314:1129/152911.576637:ERROR:bus.cc(392)] Failed to connect to the bus: Failed to connect to socket /var/run/dbus/system_bus_socket: No such file or directory
[154:314:1129/152911.576707:ERROR:bus.cc(392)] Failed to connect to the bus: Failed to connect to socket /var/run/dbus/system_bus_socket: No such file or directory
[154:154:1129/152913.131307:INFO:CONSOLE(128)] "currentLatencynow: 5.4", source: file:///home/seluser/ppt/player/dashjs/index.html (128)
[353:353:1129/152913.170373:WARNING:audio_manager_linux.cc(69)] Falling back to ALSA for audio output. PulseAudio is not available or could not be initialized.
[353:353:1129/152913.176643:ERROR:alsa_util.cc(204)] PcmOpen: default,No such file or directory
[353:353:1129/152913.176889:ERROR:alsa_util.cc(204)] PcmOpen: plug:default,No such file or directory
[154:154:1129/152914.122266:INFO:CONSOLE(128)] "currentLatencynow: 6.39", source: file:///home/seluser/ppt/player/dashjs/index.html (128)
[154:174:1129/152914.373930:ERROR:chrome_browser_main_extra_parts_metrics.cc(228)] crbug.com/1216328: Checking Bluetooth availability started. Please report if there is no report that this ends.
[154:174:1129/152914.374058:ERROR:chrome_browser_main_extra_parts_metrics.cc(231)] crbug.com/1216328: Checking Bluetooth availability ended.
[154:174:1129/152914.374079:ERROR:chrome_browser_main_extra_parts_metrics.cc(234)] crbug.com/1216328: Checking default browser status started. Please report if there is no report that this ends.
[154:174:1129/152914.601390:ERROR:chrome_browser_main_extra_parts_metrics.cc(238)] crbug.com/1216328: Checking default browser status ended.
[154:154:1129/152915.121936:INFO:CONSOLE(128)] "currentLatencynow: 7.39", source: file:///home/seluser/ppt/player/dashjs/index.html (128)
[154:181:1129/152916.050570:ERROR:bus.cc(392)] Failed to connect to the bus: Address does not contain a colon
[154:181:1129/152916.050628:ERROR:bus.cc(392)] Failed to connect to the bus: Address does not contain a colon
[154:181:1129/152916.050661:ERROR:bus.cc(392)] Failed to connect to the bus: Address does not contain a colon
[154:181:1129/152916.050719:ERROR:bus.cc(392)] Failed to connect to the bus: Address does not contain a colon
[154:181:1129/152916.050768:ERROR:bus.cc(392)] Failed to connect to the bus: Address does not contain a colon
[154:181:1129/152916.050800:ERROR:bus.cc(392)] Failed to connect to the bus: Address does not contain a colon
[154:181:1129/152916.050846:ERROR:bus.cc(392)] Failed to connect to the bus: Address does not contain a colon
[154:181:1129/152916.050870:ERROR:bus.cc(392)] Failed to connect to the bus: Address does not contain a colon
[154:181:1129/152916.050905:ERROR:bus.cc(392)] Failed to connect to the bus: Address does not contain a colon
[154:181:1129/152916.050946:ERROR:bus.cc(392)] Failed to connect to the bus: Address does not contain a colon
[154:181:1129/152916.051001:ERROR:bus.cc(392)] Failed to connect to the bus: Address does not contain a colon
[154:181:1129/152916.051081:ERROR:bus.cc(392)] Failed to connect to the bus: Address does not contain a colon
[154:181:1129/152916.051113:ERROR:bus.cc(392)] Failed to connect to the bus: Address does not contain a colon
[154:181:1129/152916.051136:ERROR:bus.cc(392)] Failed to connect to the bus: Address does not contain a colon
[154:181:1129/152916.062061:ERROR:bus.cc(392)] Failed to connect to the bus: Address does not contain a colon
[154:181:1129/152916.062101:ERROR:bus.cc(392)] Failed to connect to the bus: Address does not contain a colon
[154:181:1129/152916.062114:ERROR:bus.cc(392)] Failed to connect to the bus: Address does not contain a colon
[154:154:1129/152916.124138:INFO:CONSOLE(128)] "currentLatencynow: 8.371", source: file:///home/seluser/ppt/player/dashjs/index.html (128)
[154:181:1129/152916.132650:ERROR:bus.cc(392)] Failed to connect to the bus: Address does not contain a colon
[154:181:1129/152916.132686:ERROR:bus.cc(392)] Failed to connect to the bus: Address does not contain a colon
[154:154:1129/152917.121725:INFO:CONSOLE(128)] "currentLatencynow: 8.368", source: file:///home/seluser/ppt/player/dashjs/index.html (128)
[154:154:1129/152918.122943:INFO:CONSOLE(128)] "currentLatencynow: 8.368", source: file:///home/seluser/ppt/player/dashjs/index.html (128)
[154:154:1129/152919.121446:INFO:CONSOLE(128)] "currentLatencynow: 9.099", source: file:///home/seluser/ppt/player/dashjs/index.html (128)
[154:154:1129/152920.122994:INFO:CONSOLE(128)] "currentLatencynow: 10.1", source: file:///home/seluser/ppt/player/dashjs/index.html (128)
[154:154:1129/152921.122321:INFO:CONSOLE(128)] "currentLatencynow: 11.099", source: file:///home/seluser/ppt/player/dashjs/index.html (128)
[154:181:1129/152921.718827:ERROR:bus.cc(392)] Failed to connect to the bus: Address does not contain a colon
[154:181:1129/152921.719189:ERROR:bus.cc(392)] Failed to connect to the bus: Address does not contain a colon
[154:154:1129/152922.137244:INFO:CONSOLE(128)] "currentLatencynow: 11.61", source: file:///home/seluser/ppt/player/dashjs/index.html (128)
[154:154:1129/152923.121053:INFO:CONSOLE(128)] "currentLatencynow: 11.61", source: file:///home/seluser/ppt/player/dashjs/index.html (128)
[154:154:1129/152924.120959:INFO:CONSOLE(128)] "currentLatencynow: 12.076", source: file:///home/seluser/ppt/player/dashjs/index.html (128)
[154:154:1129/152925.121786:INFO:CONSOLE(128)] "currentLatencynow: 12.997", source: file:///home/seluser/ppt/player/dashjs/index.html (128)
[154:154:1129/152926.120927:INFO:CONSOLE(128)] "currentLatencynow: 12.952", source: file:///home/seluser/ppt/player/dashjs/index.html (128)
[154:154:1129/152927.122712:INFO:CONSOLE(128)] "currentLatencynow: 12.865", source: file:///home/seluser/ppt/player/dashjs/index.html (128)
[154:154:1129/152928.121749:INFO:CONSOLE(128)] "currentLatencynow: 12.865", source: file:///home/seluser/ppt/player/dashjs/index.html (128)
[154:154:1129/152929.121383:INFO:CONSOLE(128)] "currentLatencynow: 13.062", source: file:///home/seluser/ppt/player/dashjs/index.html (128)
[154:154:1129/152930.121315:INFO:CONSOLE(128)] "currentLatencynow: 13.491", source: file:///home/seluser/ppt/player/dashjs/index.html (128)
[154:154:1129/152931.120816:INFO:CONSOLE(128)] "currentLatencynow: 13.391", source: file:///home/seluser/ppt/player/dashjs/index.html (128)
[154:154:1129/152932.121108:INFO:CONSOLE(128)] "currentLatencynow: 14.061", source: file:///home/seluser/ppt/player/dashjs/index.html (128)
[154:154:1129/152933.121277:INFO:CONSOLE(128)] "currentLatencynow: 15.061", source: file:///home/seluser/ppt/player/dashjs/index.html (128)
[154:154:1129/152934.121698:INFO:CONSOLE(128)] "currentLatencynow: 16.061", source: file:///home/seluser/ppt/player/dashjs/index.html (128)
[154:154:1129/152935.120840:INFO:CONSOLE(128)] "currentLatencynow: 17.061", source: file:///home/seluser/ppt/player/dashjs/index.html (128)
[154:181:1129/152935.461924:ERROR:bus.cc(392)] Failed to connect to the bus: Address does not contain a colon
[154:181:1129/152935.461985:ERROR:bus.cc(392)] Failed to connect to the bus: Address does not contain a colon
[154:154:1129/152936.120839:INFO:CONSOLE(128)] "currentLatencynow: 17.329", source: file:///home/seluser/ppt/player/dashjs/index.html (128)
[154:154:1129/152937.121835:INFO:CONSOLE(128)] "currentLatencynow: 17.226", source: file:///home/seluser/ppt/player/dashjs/index.html (128)
[154:154:1129/152938.120927:INFO:CONSOLE(128)] "currentLatencynow: 17.128", source: file:///home/seluser/ppt/player/dashjs/index.html (128)
[154:154:1129/152939.121392:INFO:CONSOLE(128)] "currentLatencynow: 17.028", source: file:///home/seluser/ppt/player/dashjs/index.html (128)
[154:154:1129/152940.121016:INFO:CONSOLE(128)] "currentLatencynow: 16.926", source: file:///home/seluser/ppt/player/dashjs/index.html (128)
[154:154:1129/152941.121424:INFO:CONSOLE(128)] "currentLatencynow: 16.826", source: file:///home/seluser/ppt/player/dashjs/index.html (128)
[154:154:1129/152942.120891:INFO:CONSOLE(128)] "currentLatencynow: 16.726", source: file:///home/seluser/ppt/player/dashjs/index.html (128)
[154:154:1129/152943.120893:INFO:CONSOLE(128)] "currentLatencynow: 16.634", source: file:///home/seluser/ppt/player/dashjs/index.html (128)
[154:154:1129/152944.121016:INFO:CONSOLE(128)] "currentLatencynow: 16.534", source: file:///home/seluser/ppt/player/dashjs/index.html (128)
[154:154:1129/152945.120866:INFO:CONSOLE(128)] "currentLatencynow: 16.971", source: file:///home/seluser/ppt/player/dashjs/index.html (128)
[154:154:1129/152946.120819:INFO:CONSOLE(128)] "currentLatencynow: 17.971", source: file:///home/seluser/ppt/player/dashjs/index.html (128)
[154:154:1129/152947.120897:INFO:CONSOLE(128)] "currentLatencynow: 18.971", source: file:///home/seluser/ppt/player/dashjs/index.html (128)
[154:154:1129/152948.122466:INFO:CONSOLE(128)] "currentLatencynow: 19.971", source: file:///home/seluser/ppt/player/dashjs/index.html (128)
[154:181:1129/152948.351930:ERROR:bus.cc(392)] Failed to connect to the bus: Address does not contain a colon
[154:181:1129/152948.351998:ERROR:bus.cc(392)] Failed to connect to the bus: Address does not contain a colon
[154:154:1129/152949.121115:INFO:CONSOLE(128)] "currentLatencynow: 20.093", source: file:///home/seluser/ppt/player/dashjs/index.html (128)
[154:154:1129/152950.121686:INFO:CONSOLE(128)] "currentLatencynow: 19.993", source: file:///home/seluser/ppt/player/dashjs/index.html (128)
[154:154:1129/152951.122862:INFO:CONSOLE(128)] "currentLatencynow: 19.895", source: file:///home/seluser/ppt/player/dashjs/index.html (128)
[154:154:1129/152952.120456:INFO:CONSOLE(128)] "currentLatencynow: 19.796", source: file:///home/seluser/ppt/player/dashjs/index.html (128)
[154:154:1129/152953.122023:INFO:CONSOLE(128)] "currentLatencynow: 19.693", source: file:///home/seluser/ppt/player/dashjs/index.html (128)
[154:154:1129/152954.120446:INFO:CONSOLE(128)] "currentLatencynow: 19.934", source: file:///home/seluser/ppt/player/dashjs/index.html (128)
[154:154:1129/152955.122893:INFO:CONSOLE(128)] "currentLatencynow: 20.936", source: file:///home/seluser/ppt/player/dashjs/index.html (128)
[154:154:1129/152956.120432:INFO:CONSOLE(128)] "currentLatencynow: 21.934", source: file:///home/seluser/ppt/player/dashjs/index.html (128)
[154:154:1129/152957.120442:INFO:CONSOLE(128)] "currentLatencynow: 22.934", source: file:///home/seluser/ppt/player/dashjs/index.html (128)
[154:154:1129/152958.120623:INFO:CONSOLE(128)] "currentLatencynow: 23.934", source: file:///home/seluser/ppt/player/dashjs/index.html (128)
[154:181:1129/152958.467006:ERROR:bus.cc(392)] Failed to connect to the bus: Address does not contain a colon
[154:181:1129/152958.467057:ERROR:bus.cc(392)] Failed to connect to the bus: Address does not contain a colon
[154:154:1129/152959.120660:INFO:CONSOLE(128)] "currentLatencynow: 24.159", source: file:///home/seluser/ppt/player/dashjs/index.html (128)
[154:154:1129/153000.122815:INFO:CONSOLE(128)] "currentLatencynow: 24.061", source: file:///home/seluser/ppt/player/dashjs/index.html (128)
[154:154:1129/153001.120661:INFO:CONSOLE(128)] "currentLatencynow: 23.959", source: file:///home/seluser/ppt/player/dashjs/index.html (128)
[154:154:1129/153002.120388:INFO:CONSOLE(128)] "currentLatencynow: 23.859", source: file:///home/seluser/ppt/player/dashjs/index.html (128)
[154:154:1129/153003.120396:INFO:CONSOLE(128)] "currentLatencynow: 23.759", source: file:///home/seluser/ppt/player/dashjs/index.html (128)
[154:154:1129/153004.120756:INFO:CONSOLE(128)] "currentLatencynow: 23.659", source: file:///home/seluser/ppt/player/dashjs/index.html (128)
[154:154:1129/153005.120678:INFO:CONSOLE(128)] "currentLatencynow: 23.559", source: file:///home/seluser/ppt/player/dashjs/index.html (128)
[154:154:1129/153006.120395:INFO:CONSOLE(128)] "currentLatencynow: 23.459", source: file:///home/seluser/ppt/player/dashjs/index.html (128)
[154:154:1129/153007.123370:INFO:CONSOLE(128)] "currentLatencynow: 23.358", source: file:///home/seluser/ppt/player/dashjs/index.html (128)
[154:154:1129/153008.121722:INFO:CONSOLE(128)] "currentLatencynow: 23.258", source: file:///home/seluser/ppt/player/dashjs/index.html (128)
[154:154:1129/153009.126636:INFO:CONSOLE(128)] "currentLatencynow: 23.161", source: file:///home/seluser/ppt/player/dashjs/index.html (128)
[154:154:1129/153010.120768:INFO:CONSOLE(128)] "currentLatencynow: 23.06", source: file:///home/seluser/ppt/player/dashjs/index.html (128)
[154:154:1129/153011.120658:INFO:CONSOLE(128)] "currentLatencynow: 22.984", source: file:///home/seluser/ppt/player/dashjs/index.html (128)
[154:154:1129/153012.120404:INFO:CONSOLE(128)] "currentLatencynow: 23.895", source: file:///home/seluser/ppt/player/dashjs/index.html (128)
[154:154:1129/153013.120408:INFO:CONSOLE(128)] "currentLatencynow: 24.895", source: file:///home/seluser/ppt/player/dashjs/index.html (128)
[154:154:1129/153014.129566:INFO:CONSOLE(128)] "currentLatencynow: 25.895", source: file:///home/seluser/ppt/player/dashjs/index.html (128)
[154:181:1129/153014.884265:ERROR:bus.cc(392)] Failed to connect to the bus: Address does not contain a colon
[154:181:1129/153014.884359:ERROR:bus.cc(392)] Failed to connect to the bus: Address does not contain a colon
[154:154:1129/153015.120433:INFO:CONSOLE(128)] "currentLatencynow: 26.568", source: file:///home/seluser/ppt/player/dashjs/index.html (128)
[154:154:1129/153016.121183:INFO:CONSOLE(128)] "currentLatencynow: 26.468", source: file:///home/seluser/ppt/player/dashjs/index.html (128)
[154:154:1129/153017.121010:INFO:CONSOLE(128)] "currentLatencynow: 26.368", source: file:///home/seluser/ppt/player/dashjs/index.html (128)
[154:154:1129/153018.121815:INFO:CONSOLE(128)] "currentLatencynow: 26.268", source: file:///home/seluser/ppt/player/dashjs/index.html (128)
[154:154:1129/153019.123525:INFO:CONSOLE(128)] "currentLatencynow: 26.168", source: file:///home/seluser/ppt/player/dashjs/index.html (128)
[154:154:1129/153020.120554:INFO:CONSOLE(128)] "currentLatencynow: 26.076", source: file:///home/seluser/ppt/player/dashjs/index.html (128)
[154:154:1129/153021.121379:INFO:CONSOLE(128)] "currentLatencynow: 25.992", source: file:///home/seluser/ppt/player/dashjs/index.html (128)
[154:154:1129/153022.121961:INFO:CONSOLE(128)] "currentLatencynow: 25.902", source: file:///home/seluser/ppt/player/dashjs/index.html (128)
[154:154:1129/153023.121477:INFO:CONSOLE(128)] "currentLatencynow: 26.849", source: file:///home/seluser/ppt/player/dashjs/index.html (128)
[154:154:1129/153024.121118:INFO:CONSOLE(128)] "currentLatencynow: 27.849", source: file:///home/seluser/ppt/player/dashjs/index.html (128)
[154:154:1129/153025.121068:INFO:CONSOLE(128)] "currentLatencynow: 28.849", source: file:///home/seluser/ppt/player/dashjs/index.html (128)
[154:154:1129/153026.121828:INFO:CONSOLE(128)] "currentLatencynow: 29.849", source: file:///home/seluser/ppt/player/dashjs/index.html (128)
[154:181:1129/153026.268771:ERROR:bus.cc(392)] Failed to connect to the bus: Address does not contain a colon
[154:181:1129/153026.268831:ERROR:bus.cc(392)] Failed to connect to the bus: Address does not contain a colon
[154:154:1129/153027.121230:INFO:CONSOLE(128)] "currentLatencynow: 29.866", source: file:///home/seluser/ppt/player/dashjs/index.html (128)
[154:154:1129/153028.121878:INFO:CONSOLE(128)] "currentLatencynow: 29.767", source: file:///home/seluser/ppt/player/dashjs/index.html (128)
[154:154:1129/153029.122160:INFO:CONSOLE(128)] "currentLatencynow: 29.666", source: file:///home/seluser/ppt/player/dashjs/index.html (128)
[154:154:1129/153030.122741:INFO:CONSOLE(128)] "currentLatencynow: 29.566", source: file:///home/seluser/ppt/player/dashjs/index.html (128)
[154:154:1129/153031.122179:INFO:CONSOLE(128)] "currentLatencynow: 29.468", source: file:///home/seluser/ppt/player/dashjs/index.html (128)
[154:154:1129/153032.121249:INFO:CONSOLE(128)] "currentLatencynow: 29.367", source: file:///home/seluser/ppt/player/dashjs/index.html (128)
[154:154:1129/153033.121171:INFO:CONSOLE(128)] "currentLatencynow: 29.266", source: file:///home/seluser/ppt/player/dashjs/index.html (128)
[154:154:1129/153034.121209:INFO:CONSOLE(128)] "currentLatencynow: 29.167", source: file:///home/seluser/ppt/player/dashjs/index.html (128)
[154:154:1129/153035.121216:INFO:CONSOLE(128)] "currentLatencynow: 29.066", source: file:///home/seluser/ppt/player/dashjs/index.html (128)
[154:154:1129/153036.121109:INFO:CONSOLE(128)] "currentLatencynow: 28.966", source: file:///home/seluser/ppt/player/dashjs/index.html (128)
[154:154:1129/153037.121336:INFO:CONSOLE(128)] "currentLatencynow: 28.866", source: file:///home/seluser/ppt/player/dashjs/index.html (128)
[154:154:1129/153038.121281:INFO:CONSOLE(128)] "currentLatencynow: 28.766", source: file:///home/seluser/ppt/player/dashjs/index.html (128)
[154:154:1129/153039.121804:INFO:CONSOLE(128)] "currentLatencynow: 28.703", source: file:///home/seluser/ppt/player/dashjs/index.html (128)
[154:154:1129/153040.121095:INFO:CONSOLE(128)] "currentLatencynow: 28.704", source: file:///home/seluser/ppt/player/dashjs/index.html (128)
[154:154:1129/153041.121083:INFO:CONSOLE(128)] "currentLatencynow: 28.666", source: file:///home/seluser/ppt/player/dashjs/index.html (128)
[154:154:1129/153042.121117:INFO:CONSOLE(128)] "currentLatencynow: 28.566", source: file:///home/seluser/ppt/player/dashjs/index.html (128)
[154:154:1129/153043.121070:INFO:CONSOLE(128)] "currentLatencynow: 28.467", source: file:///home/seluser/ppt/player/dashjs/index.html (128)
[154:154:1129/153044.123489:INFO:CONSOLE(128)] "currentLatencynow: 28.367", source: file:///home/seluser/ppt/player/dashjs/index.html (128)
[154:154:1129/153045.121046:INFO:CONSOLE(128)] "currentLatencynow: 28.266", source: file:///home/seluser/ppt/player/dashjs/index.html (128)
[154:154:1129/153046.121035:INFO:CONSOLE(128)] "currentLatencynow: 28.166", source: file:///home/seluser/ppt/player/dashjs/index.html (128)
[154:154:1129/153047.121919:INFO:CONSOLE(128)] "currentLatencynow: 28.155", source: file:///home/seluser/ppt/player/dashjs/index.html (128)
[154:154:1129/153048.121112:INFO:CONSOLE(128)] "currentLatencynow: 28.153", source: file:///home/seluser/ppt/player/dashjs/index.html (128)
[154:154:1129/153049.121136:INFO:CONSOLE(128)] "currentLatencynow: 28.153", source: file:///home/seluser/ppt/player/dashjs/index.html (128)
[154:154:1129/153050.121155:INFO:CONSOLE(128)] "currentLatencynow: 28.281", source: file:///home/seluser/ppt/player/dashjs/index.html (128)
[154:154:1129/153051.121081:INFO:CONSOLE(128)] "currentLatencynow: 28.281", source: file:///home/seluser/ppt/player/dashjs/index.html (128)
[154:154:1129/153052.120896:INFO:CONSOLE(128)] "currentLatencynow: 28.281", source: file:///home/seluser/ppt/player/dashjs/index.html (128)
[154:154:1129/153053.120926:INFO:CONSOLE(128)] "currentLatencynow: 28.281", source: file:///home/seluser/ppt/player/dashjs/index.html (128)
[154:154:1129/153054.120822:INFO:CONSOLE(128)] "currentLatencynow: 28.281", source: file:///home/seluser/ppt/player/dashjs/index.html (128)
[154:154:1129/153055.120989:INFO:CONSOLE(128)] "currentLatencynow: 28.203", source: file:///home/seluser/ppt/player/dashjs/index.html (128)
[154:154:1129/153056.120870:INFO:CONSOLE(128)] "currentLatencynow: 28.103", source: file:///home/seluser/ppt/player/dashjs/index.html (128)
[154:154:1129/153057.121432:INFO:CONSOLE(128)] "currentLatencynow: 28.003", source: file:///home/seluser/ppt/player/dashjs/index.html (128)
[154:154:1129/153058.121984:INFO:CONSOLE(128)] "currentLatencynow: 27.903", source: file:///home/seluser/ppt/player/dashjs/index.html (128)
[154:154:1129/153059.120954:INFO:CONSOLE(128)] "currentLatencynow: 27.803", source: file:///home/seluser/ppt/player/dashjs/index.html (128)
[154:154:1129/153100.121010:INFO:CONSOLE(128)] "currentLatencynow: 27.703", source: file:///home/seluser/ppt/player/dashjs/index.html (128)
[154:154:1129/153101.120910:INFO:CONSOLE(128)] "currentLatencynow: 27.603", source: file:///home/seluser/ppt/player/dashjs/index.html (128)
[154:154:1129/153102.120934:INFO:CONSOLE(128)] "currentLatencynow: 27.555", source: file:///home/seluser/ppt/player/dashjs/index.html (128)
[154:154:1129/153103.121741:INFO:CONSOLE(128)] "currentLatencynow: 27.556", source: file:///home/seluser/ppt/player/dashjs/index.html (128)
[154:154:1129/153104.120933:INFO:CONSOLE(128)] "currentLatencynow: 27.555", source: file:///home/seluser/ppt/player/dashjs/index.html (128)
[154:154:1129/153105.120964:INFO:CONSOLE(128)] "currentLatencynow: 27.555", source: file:///home/seluser/ppt/player/dashjs/index.html (128)
[154:154:1129/153106.120890:INFO:CONSOLE(128)] "currentLatencynow: 27.555", source: file:///home/seluser/ppt/player/dashjs/index.html (128)
[154:154:1129/153107.120855:INFO:CONSOLE(128)] "currentLatencynow: 27.555", source: file:///home/seluser/ppt/player/dashjs/index.html (128)
[154:154:1129/153108.120909:INFO:CONSOLE(128)] "currentLatencynow: 27.498", source: file:///home/seluser/ppt/player/dashjs/index.html (128)
[154:154:1129/153109.120764:INFO:CONSOLE(128)] "currentLatencynow: 27.398", source: file:///home/seluser/ppt/player/dashjs/index.html (128)
[154:154:1129/153110.123764:INFO:CONSOLE(128)] "currentLatencynow: 27.299", source: file:///home/seluser/ppt/player/dashjs/index.html (128)
[154:154:1129/153111.120998:INFO:CONSOLE(128)] "currentLatencynow: 27.198", source: file:///home/seluser/ppt/player/dashjs/index.html (128)
[154:154:1129/153112.121142:INFO:CONSOLE(114)] "Begin Player stistics 
", source: file:///home/seluser/ppt/player/dashjs/index.html (114)
[154:154:1129/153112.121426:INFO:CONSOLE(115)] "["stall",[["1.36","4.30",2.9399999999999995]],[["6.64","6.89",0.25]],[["11.91","12.16",0.25]],[["17.18","17.43",0.25]],[["19.68","19.93",0.25]],[["32.90","33.15",0.25]],[["42.08","42.33",0.25]],[["59.46","59.71",0.25]],[["70.43","70.68",0.25]],[["97.53","97.78",0.25]],[["availibleBW",[null],[null],[null],[1057],[1057],[1057],[1057],[2484],[2484],[2450],[2450],[2450],[2278],[2278],[2278],[2199],[2199],[2127],[2127],[2217],[2217],[2217],[2514],[2514],[2940],[2940],[2813],[2813],[2661],[2661],[2661],[2710],[2710],[2710],[2710],[2710],[2551],[2551],[2482],[2482],[2482],[2482],[2373],[2373],[2373],[2257],[2257],[2306],[2306],[2288],[2288],[2370],[2370],[2370],[2380],[2380],[2407],[2407],[2407],[2485],[2485],[3193],[3193],[2989],[2989],[2989],[2989],[2989],[3103],[3103],[3024],[3024],[3162],[3162],[3294],[3294],[3498],[3498],[3742],[3742],[3742],[3988],[3988],[3988],[3954],[3954],[4359],[4359],[4085],[4085],[4003],[3814],[3814],[3814],[3651],[3651],[2914],[2759],[2759],[2378],[1980],[1980],[1955],[2033],[2026],[2295],[2295],[2295],[2517],[2517],[3798],[4953],[5612],[5612],[6076],[6359],[6417],[6417],[5840]]],[["currentBuffer",[0],[0],[0],[0.348],[0],[0],[0],[0.059],[0.059],[1.779],[0.805],[0.039],[2.041],[1.15],[0],[1.044],[0.028],[1.676],[0.576],[2.032],[2.032],[2.032],[4.034],[3.519],[4.424],[3.322],[4.223],[3.122],[3.92],[2.925],[1.833],[2.735],[1.952],[1.952],[1.952],[1.952],[3.322],[2.221],[3.115],[2.027],[0.925],[0],[1.921],[1.921],[1.921],[3.923],[3.203],[4.105],[3.005],[3.907],[2.807],[3.658],[2.61],[1.514],[2.411],[1.312],[2.213],[1.113],[0.027],[1.896],[1.896],[3.898],[3.736],[4.532],[3.553],[2.452],[1.352],[0.251],[1.177],[0.077],[1.858],[1.858],[3.86],[3.86],[5.096],[3.996],[4.901],[3.799],[4.548],[3.601],[2.5],[3.402],[2.302],[1.203],[2.002],[1.005],[1.731],[0.925],[1.909],[0.809],[1.711],[2.615],[1.513],[0.413],[0],[0],[0],[0.406],[0],[0.408],[1.322],[0.41],[1.344],[2.245],[3.149],[4.049],[2.949],[1.85],[0.75],[0],[0],[0],[0.696],[0],[0.611],[1.653],[2.555],[1.454],[2.357]]],[["currentLatency",[5.4],[6.39],[7.39],[8.371],[8.368],[8.368],[9.099],[10.1],[11.099],[11.61],[11.61],[12.076],[12.997],[12.952],[12.865],[12.865],[13.062],[13.491],[13.391],[14.061],[15.061],[16.061],[17.061],[17.329],[17.226],[17.128],[17.028],[16.926],[16.826],[16.726],[16.634],[16.534],[16.971],[17.971],[18.971],[19.971],[20.093],[19.993],[19.895],[19.796],[19.693],[19.934],[20.936],[21.934],[22.934],[23.934],[24.159],[24.061],[23.959],[23.859],[23.759],[23.659],[23.559],[23.459],[23.358],[23.258],[23.161],[23.06],[22.984],[23.895],[24.895],[25.895],[26.568],[26.468],[26.368],[26.268],[26.168],[26.076],[25.992],[25.902],[26.849],[27.849],[28.849],[29.849],[29.866],[29.767],[29.666],[29.566],[29.468],[29.367],[29.266],[29.167],[29.066],[28.966],[28.866],[28.766],[28.703],[28.704],[28.666],[28.566],[28.467],[28.367],[28.266],[28.166],[28.155],[28.153],[28.153],[28.281],[28.281],[28.281],[28.281],[28.281],[28.203],[28.103],[28.003],[27.903],[27.803],[27.703],[27.603],[27.555],[27.556],[27.555],[27.555],[27.555],[27.555],[27.498],[27.398],[27.299],[27.198]]]]", source: file:///home/seluser/ppt/player/dashjs/index.html (115)
[154:154:1129/153112.121631:INFO:CONSOLE(116)] "
", source: file:///home/seluser/ppt/player/dashjs/index.html (116)
[154:154:1129/153112.121733:INFO:CONSOLE(117)] "Finish Player stistics 
", source: file:///home/seluser/ppt/player/dashjs/index.html (117)
[154:154:1129/153112.121926:INFO:CONSOLE(128)] "currentLatencynow: 27.098", source: file:///home/seluser/ppt/player/dashjs/index.html (128)
[154:154:1129/153113.120911:INFO:CONSOLE(128)] "currentLatencynow: 26.998", source: file:///home/seluser/ppt/player/dashjs/index.html (128)
[154:154:1129/153114.120885:INFO:CONSOLE(128)] "currentLatencynow: 26.898", source: file:///home/seluser/ppt/player/dashjs/index.html (128)
[154:154:1129/153115.121002:INFO:CONSOLE(128)] "currentLatencynow: 26.826", source: file:///home/seluser/ppt/player/dashjs/index.html (128)
[154:154:1129/153116.120948:INFO:CONSOLE(128)] "currentLatencynow: 26.826", source: file:///home/seluser/ppt/player/dashjs/index.html (128)
[154:154:1129/153117.121256:INFO:CONSOLE(128)] "currentLatencynow: 26.826", source: file:///home/seluser/ppt/player/dashjs/index.html (128)
[154:154:1129/153118.120941:INFO:CONSOLE(128)] "currentLatencynow: 26.826", source: file:///home/seluser/ppt/player/dashjs/index.html (128)
[154:154:1129/153119.120972:INFO:CONSOLE(128)] "currentLatencynow: 26.789", source: file:///home/seluser/ppt/player/dashjs/index.html (128)
[154:154:1129/153120.120941:INFO:CONSOLE(128)] "currentLatencynow: 26.689", source: file:///home/seluser/ppt/player/dashjs/index.html (128)
[154:154:1129/153121.120923:INFO:CONSOLE(128)] "currentLatencynow: 26.589", source: file:///home/seluser/ppt/player/dashjs/index.html (128)
[154:154:1129/153122.120662:INFO:CONSOLE(128)] "currentLatencynow: 26.488", source: file:///home/seluser/ppt/player/dashjs/index.html (128)
[154:154:1129/153123.120663:INFO:CONSOLE(128)] "currentLatencynow: 26.389", source: file:///home/seluser/ppt/player/dashjs/index.html (128)
[154:154:1129/153124.122155:INFO:CONSOLE(128)] "currentLatencynow: 26.288", source: file:///home/seluser/ppt/player/dashjs/index.html (128)
[154:154:1129/153125.120729:INFO:CONSOLE(128)] "currentLatencynow: 26.188", source: file:///home/seluser/ppt/player/dashjs/index.html (128)
[154:154:1129/153126.120735:INFO:CONSOLE(128)] "currentLatencynow: 26.089", source: file:///home/seluser/ppt/player/dashjs/index.html (128)
[154:154:1129/153127.120586:INFO:CONSOLE(128)] "currentLatencynow: 25.989", source: file:///home/seluser/ppt/player/dashjs/index.html (128)
[154:154:1129/153128.122913:INFO:CONSOLE(128)] "currentLatencynow: 25.904", source: file:///home/seluser/ppt/player/dashjs/index.html (128)
[154:154:1129/153129.128883:INFO:CONSOLE(128)] "currentLatencynow: 25.904", source: file:///home/seluser/ppt/player/dashjs/index.html (128)
[154:154:1129/153130.120671:INFO:CONSOLE(128)] "currentLatencynow: 25.904", source: file:///home/seluser/ppt/player/dashjs/index.html (128)
[154:154:1129/153131.120690:INFO:CONSOLE(128)] "currentLatencynow: 25.947", source: file:///home/seluser/ppt/player/dashjs/index.html (128)
[154:154:1129/153132.120970:INFO:CONSOLE(128)] "currentLatencynow: 26.947", source: file:///home/seluser/ppt/player/dashjs/index.html (128)
[154:154:1129/153133.120606:INFO:CONSOLE(128)] "currentLatencynow: 27.099", source: file:///home/seluser/ppt/player/dashjs/index.html (128)
[154:154:1129/153134.121055:INFO:CONSOLE(128)] "currentLatencynow: 27.099", source: file:///home/seluser/ppt/player/dashjs/index.html (128)
[154:154:1129/153135.120680:INFO:CONSOLE(128)] "currentLatencynow: 27.1", source: file:///home/seluser/ppt/player/dashjs/index.html (128)
[154:154:1129/153136.120590:INFO:CONSOLE(128)] "currentLatencynow: 27.002", source: file:///home/seluser/ppt/player/dashjs/index.html (128)
[154:154:1129/153137.120613:INFO:CONSOLE(128)] "currentLatencynow: 26.902", source: file:///home/seluser/ppt/player/dashjs/index.html (128)
[154:154:1129/153138.120771:INFO:CONSOLE(128)] "currentLatencynow: 26.802", source: file:///home/seluser/ppt/player/dashjs/index.html (128)
[154:154:1129/153139.120839:INFO:CONSOLE(128)] "currentLatencynow: 26.723", source: file:///home/seluser/ppt/player/dashjs/index.html (128)
[154:154:1129/153140.120747:INFO:CONSOLE(128)] "currentLatencynow: 26.723", source: file:///home/seluser/ppt/player/dashjs/index.html (128)
[154:154:1129/153141.120791:INFO:CONSOLE(128)] "currentLatencynow: 26.691", source: file:///home/seluser/ppt/player/dashjs/index.html (128)
[154:154:1129/153142.120628:INFO:CONSOLE(128)] "currentLatencynow: 26.59", source: file:///home/seluser/ppt/player/dashjs/index.html (128)
[154:154:1129/153143.120597:INFO:CONSOLE(128)] "currentLatencynow: 26.536", source: file:///home/seluser/ppt/player/dashjs/index.html (128)
[154:154:1129/153144.120606:INFO:CONSOLE(128)] "currentLatencynow: 26.536", source: file:///home/seluser/ppt/player/dashjs/index.html (128)
[154:154:1129/153145.120635:INFO:CONSOLE(128)] "currentLatencynow: 26.536", source: file:///home/seluser/ppt/player/dashjs/index.html (128)
[154:154:1129/153146.120558:INFO:CONSOLE(128)] "currentLatencynow: 26.932", source: file:///home/seluser/ppt/player/dashjs/index.html (128)
[154:154:1129/153147.120563:INFO:CONSOLE(128)] "currentLatencynow: 27.932", source: file:///home/seluser/ppt/player/dashjs/index.html (128)
[154:154:1129/153148.120598:INFO:CONSOLE(128)] "currentLatencynow: 28.456", source: file:///home/seluser/ppt/player/dashjs/index.html (128)
[154:154:1129/153149.121189:INFO:CONSOLE(128)] "currentLatencynow: 28.392", source: file:///home/seluser/ppt/player/dashjs/index.html (128)
[154:154:1129/153150.120841:INFO:CONSOLE(128)] "currentLatencynow: 28.293", source: file:///home/seluser/ppt/player/dashjs/index.html (128)
[154:154:1129/153151.120944:INFO:CONSOLE(128)] "currentLatencynow: 28.274", source: file:///home/seluser/ppt/player/dashjs/index.html (128)
[154:154:1129/153152.119898:INFO:CONSOLE(128)] "currentLatencynow: 28.273", source: file:///home/seluser/ppt/player/dashjs/index.html (128)
[154:154:1129/153153.120071:INFO:CONSOLE(128)] "currentLatencynow: 28.215", source: file:///home/seluser/ppt/player/dashjs/index.html (128)
[154:154:1129/153154.119833:INFO:CONSOLE(128)] "currentLatencynow: 28.115", source: file:///home/seluser/ppt/player/dashjs/index.html (128)
[154:154:1129/153155.120297:INFO:CONSOLE(128)] "currentLatencynow: 28.098", source: file:///home/seluser/ppt/player/dashjs/index.html (128)
[154:154:1129/153156.119922:INFO:CONSOLE(128)] "currentLatencynow: 28.113", source: file:///home/seluser/ppt/player/dashjs/index.html (128)
[154:154:1129/153157.119800:INFO:CONSOLE(128)] "currentLatencynow: 28.583", source: file:///home/seluser/ppt/player/dashjs/index.html (128)
[154:154:1129/153158.119896:INFO:CONSOLE(128)] "currentLatencynow: 29.583", source: file:///home/seluser/ppt/player/dashjs/index.html (128)
[154:154:1129/153159.119882:INFO:CONSOLE(128)] "currentLatencynow: 30.583", source: file:///home/seluser/ppt/player/dashjs/index.html (128)
[154:154:1129/153200.119806:INFO:CONSOLE(128)] "currentLatencynow: 31.245", source: file:///home/seluser/ppt/player/dashjs/index.html (128)
[154:154:1129/153201.119800:INFO:CONSOLE(128)] "currentLatencynow: 32.245", source: file:///home/seluser/ppt/player/dashjs/index.html (128)
[154:154:1129/153202.119850:INFO:CONSOLE(128)] "currentLatencynow: 33.245", source: file:///home/seluser/ppt/player/dashjs/index.html (128)
[154:154:1129/153203.119833:INFO:CONSOLE(128)] "currentLatencynow: 34.245", source: file:///home/seluser/ppt/player/dashjs/index.html (128)
[154:154:1129/153204.119908:INFO:CONSOLE(128)] "currentLatencynow: 35.245", source: file:///home/seluser/ppt/player/dashjs/index.html (128)
[154:154:1129/153205.119840:INFO:CONSOLE(128)] "currentLatencynow: 36.245", source: file:///home/seluser/ppt/player/dashjs/index.html (128)
[154:154:1129/153206.119890:INFO:CONSOLE(128)] "currentLatencynow: 37.245", source: file:///home/seluser/ppt/player/dashjs/index.html (128)
[154:154:1129/153207.119965:INFO:CONSOLE(128)] "currentLatencynow: 38.245", source: file:///home/seluser/ppt/player/dashjs/index.html (128)
[154:154:1129/153208.120017:INFO:CONSOLE(128)] "currentLatencynow: 39.245", source: file:///home/seluser/ppt/player/dashjs/index.html (128)
[154:154:1129/153209.119889:INFO:CONSOLE(128)] "currentLatencynow: 40.245", source: file:///home/seluser/ppt/player/dashjs/index.html (128)
[154:154:1129/153210.119958:INFO:CONSOLE(128)] "currentLatencynow: 41.245", source: file:///home/seluser/ppt/player/dashjs/index.html (128)
[154:154:1129/153211.119852:INFO:CONSOLE(128)] "currentLatencynow: 42.245", source: file:///home/seluser/ppt/player/dashjs/index.html (128)
[154:154:1129/153212.119845:INFO:CONSOLE(128)] "currentLatencynow: 43.245", source: file:///home/seluser/ppt/player/dashjs/index.html (128)
[154:154:1129/153212.264663:WARNING:pref_notifier_impl.cc(40)] Pref observer for media_router.cast_allow_all_ips found at shutdown.
