[154:217:1129/152916.257965:ERROR:bus.cc(392)] Failed to connect to the bus: Failed to connect to socket /var/run/dbus/system_bus_socket: No such file or directory
[154:180:1129/152916.288365:ERROR:bus.cc(392)] Failed to connect to the bus: Address does not contain a colon
[154:180:1129/152916.288439:ERROR:bus.cc(392)] Failed to connect to the bus: Address does not contain a colon
[154:180:1129/152916.333552:ERROR:bus.cc(392)] Failed to connect to the bus: Address does not contain a colon
[154:180:1129/152916.333596:ERROR:bus.cc(392)] Failed to connect to the bus: Address does not contain a colon
[223:223:1129/152916.340022:ERROR:gpu_init.cc(453)] Passthrough is not supported, GL is swiftshader, ANGLE is 
[154:180:1129/152916.429451:ERROR:bus.cc(392)] Failed to connect to the bus: Address does not contain a colon
[154:180:1129/152916.429492:ERROR:bus.cc(392)] Failed to connect to the bus: Address does not contain a colon
[154:316:1129/152916.622144:ERROR:bus.cc(392)] Failed to connect to the bus: Failed to connect to socket /var/run/dbus/system_bus_socket: No such file or directory
[154:316:1129/152916.622239:ERROR:bus.cc(392)] Failed to connect to the bus: Failed to connect to socket /var/run/dbus/system_bus_socket: No such file or directory
[154:316:1129/152916.622499:ERROR:bus.cc(392)] Failed to connect to the bus: Failed to connect to socket /var/run/dbus/system_bus_socket: No such file or directory
[154:316:1129/152916.622575:WARNING:property.cc(144)] DaemonVersion: GetAndBlock: failed.
[154:316:1129/152916.622684:ERROR:bus.cc(392)] Failed to connect to the bus: Failed to connect to socket /var/run/dbus/system_bus_socket: No such file or directory
[154:316:1129/152916.622732:ERROR:bus.cc(392)] Failed to connect to the bus: Failed to connect to socket /var/run/dbus/system_bus_socket: No such file or directory
[154:154:1129/152918.976971:INFO:CONSOLE(128)] "currentLatencynow: NaN", source: file:///home/seluser/ppt/player/dashjs/index.html (128)
[154:154:1129/152919.976600:INFO:CONSOLE(128)] "currentLatencynow: 0", source: file:///home/seluser/ppt/player/dashjs/index.html (128)
[154:154:1129/152920.981810:INFO:CONSOLE(128)] "currentLatencynow: 0", source: file:///home/seluser/ppt/player/dashjs/index.html (128)
[154:254:1129/152921.134942:ERROR:chrome_browser_main_extra_parts_metrics.cc(228)] crbug.com/1216328: Checking Bluetooth availability started. Please report if there is no report that this ends.
[154:254:1129/152921.135022:ERROR:chrome_browser_main_extra_parts_metrics.cc(231)] crbug.com/1216328: Checking Bluetooth availability ended.
[154:254:1129/152921.135080:ERROR:chrome_browser_main_extra_parts_metrics.cc(234)] crbug.com/1216328: Checking default browser status started. Please report if there is no report that this ends.
[154:254:1129/152921.887277:ERROR:chrome_browser_main_extra_parts_metrics.cc(238)] crbug.com/1216328: Checking default browser status ended.
[154:154:1129/152921.975584:INFO:CONSOLE(128)] "currentLatencynow: 0", source: file:///home/seluser/ppt/player/dashjs/index.html (128)
[555:555:1129/152922.782182:WARNING:audio_manager_linux.cc(69)] Falling back to ALSA for audio output. PulseAudio is not available or could not be initialized.
[555:555:1129/152922.798352:ERROR:alsa_util.cc(204)] PcmOpen: default,No such file or directory
[555:555:1129/152922.798593:ERROR:alsa_util.cc(204)] PcmOpen: plug:default,No such file or directory
[154:154:1129/152922.975540:INFO:CONSOLE(128)] "currentLatencynow: 8.262", source: file:///home/seluser/ppt/player/dashjs/index.html (128)
[154:154:1129/152923.978265:INFO:CONSOLE(128)] "currentLatencynow: 9.263", source: file:///home/seluser/ppt/player/dashjs/index.html (128)
[154:154:1129/152924.979405:INFO:CONSOLE(128)] "currentLatencynow: 10.265", source: file:///home/seluser/ppt/player/dashjs/index.html (128)
[154:180:1129/152925.185838:ERROR:bus.cc(392)] Failed to connect to the bus: Address does not contain a colon
[154:180:1129/152925.185922:ERROR:bus.cc(392)] Failed to connect to the bus: Address does not contain a colon
[154:180:1129/152925.185932:ERROR:bus.cc(392)] Failed to connect to the bus: Address does not contain a colon
[154:180:1129/152925.185952:ERROR:bus.cc(392)] Failed to connect to the bus: Address does not contain a colon
[154:180:1129/152925.185960:ERROR:bus.cc(392)] Failed to connect to the bus: Address does not contain a colon
[154:180:1129/152925.185970:ERROR:bus.cc(392)] Failed to connect to the bus: Address does not contain a colon
[154:180:1129/152925.185979:ERROR:bus.cc(392)] Failed to connect to the bus: Address does not contain a colon
[154:180:1129/152925.185987:ERROR:bus.cc(392)] Failed to connect to the bus: Address does not contain a colon
[154:180:1129/152925.185994:ERROR:bus.cc(392)] Failed to connect to the bus: Address does not contain a colon
[154:180:1129/152925.186002:ERROR:bus.cc(392)] Failed to connect to the bus: Address does not contain a colon
[154:180:1129/152925.186010:ERROR:bus.cc(392)] Failed to connect to the bus: Address does not contain a colon
[154:180:1129/152925.186019:ERROR:bus.cc(392)] Failed to connect to the bus: Address does not contain a colon
[154:180:1129/152925.186028:ERROR:bus.cc(392)] Failed to connect to the bus: Address does not contain a colon
[154:180:1129/152925.186036:ERROR:bus.cc(392)] Failed to connect to the bus: Address does not contain a colon
[154:180:1129/152925.202851:ERROR:bus.cc(392)] Failed to connect to the bus: Address does not contain a colon
[154:180:1129/152925.202934:ERROR:bus.cc(392)] Failed to connect to the bus: Address does not contain a colon
[154:180:1129/152925.202963:ERROR:bus.cc(392)] Failed to connect to the bus: Address does not contain a colon
[154:180:1129/152925.217473:ERROR:bus.cc(392)] Failed to connect to the bus: Address does not contain a colon
[154:180:1129/152925.217509:ERROR:bus.cc(392)] Failed to connect to the bus: Address does not contain a colon
[154:154:1129/152925.975420:INFO:CONSOLE(128)] "currentLatencynow: 10.465", source: file:///home/seluser/ppt/player/dashjs/index.html (128)
[154:154:1129/152926.977165:INFO:CONSOLE(128)] "currentLatencynow: 10.412", source: file:///home/seluser/ppt/player/dashjs/index.html (128)
[154:154:1129/152927.976138:INFO:CONSOLE(128)] "currentLatencynow: 10.412", source: file:///home/seluser/ppt/player/dashjs/index.html (128)
[154:154:1129/152928.976766:INFO:CONSOLE(128)] "currentLatencynow: 10.923", source: file:///home/seluser/ppt/player/dashjs/index.html (128)
[154:154:1129/152929.975591:INFO:CONSOLE(128)] "currentLatencynow: 11.923", source: file:///home/seluser/ppt/player/dashjs/index.html (128)
[154:154:1129/152930.977473:INFO:CONSOLE(128)] "currentLatencynow: 12.925", source: file:///home/seluser/ppt/player/dashjs/index.html (128)
[154:154:1129/152931.975508:INFO:CONSOLE(128)] "currentLatencynow: 13.923", source: file:///home/seluser/ppt/player/dashjs/index.html (128)
[154:180:1129/152932.193301:ERROR:bus.cc(392)] Failed to connect to the bus: Address does not contain a colon
[154:180:1129/152932.193345:ERROR:bus.cc(392)] Failed to connect to the bus: Address does not contain a colon
[154:154:1129/152932.975469:INFO:CONSOLE(128)] "currentLatencynow: 13.99", source: file:///home/seluser/ppt/player/dashjs/index.html (128)
[154:154:1129/152933.975417:INFO:CONSOLE(128)] "currentLatencynow: 13.914", source: file:///home/seluser/ppt/player/dashjs/index.html (128)
[154:154:1129/152934.975511:INFO:CONSOLE(128)] "currentLatencynow: 14.509", source: file:///home/seluser/ppt/player/dashjs/index.html (128)
[154:154:1129/152935.982535:INFO:CONSOLE(128)] "currentLatencynow: 14.51", source: file:///home/seluser/ppt/player/dashjs/index.html (128)
[154:154:1129/152936.975670:INFO:CONSOLE(128)] "currentLatencynow: 14.891", source: file:///home/seluser/ppt/player/dashjs/index.html (128)
[154:154:1129/152937.976833:INFO:CONSOLE(128)] "currentLatencynow: 15.49", source: file:///home/seluser/ppt/player/dashjs/index.html (128)
[154:154:1129/152938.975448:INFO:CONSOLE(128)] "currentLatencynow: 15.49", source: file:///home/seluser/ppt/player/dashjs/index.html (128)
[154:154:1129/152939.975567:INFO:CONSOLE(128)] "currentLatencynow: 15.907", source: file:///home/seluser/ppt/player/dashjs/index.html (128)
[154:154:1129/152940.976254:INFO:CONSOLE(128)] "currentLatencynow: 16.907", source: file:///home/seluser/ppt/player/dashjs/index.html (128)
[154:154:1129/152941.975543:INFO:CONSOLE(128)] "currentLatencynow: 17.269", source: file:///home/seluser/ppt/player/dashjs/index.html (128)
[154:154:1129/152942.975444:INFO:CONSOLE(128)] "currentLatencynow: 17.169", source: file:///home/seluser/ppt/player/dashjs/index.html (128)
[154:154:1129/152943.975409:INFO:CONSOLE(128)] "currentLatencynow: 17.069", source: file:///home/seluser/ppt/player/dashjs/index.html (128)
[154:154:1129/152944.975403:INFO:CONSOLE(128)] "currentLatencynow: 16.969", source: file:///home/seluser/ppt/player/dashjs/index.html (128)
[154:154:1129/152945.975427:INFO:CONSOLE(128)] "currentLatencynow: 16.869", source: file:///home/seluser/ppt/player/dashjs/index.html (128)
[154:154:1129/152946.975975:INFO:CONSOLE(128)] "currentLatencynow: 16.879", source: file:///home/seluser/ppt/player/dashjs/index.html (128)
[154:154:1129/152947.977828:INFO:CONSOLE(128)] "currentLatencynow: 17.881", source: file:///home/seluser/ppt/player/dashjs/index.html (128)
[154:154:1129/152948.975449:INFO:CONSOLE(128)] "currentLatencynow: 18.879", source: file:///home/seluser/ppt/player/dashjs/index.html (128)
[154:180:1129/152949.405220:ERROR:bus.cc(392)] Failed to connect to the bus: Address does not contain a colon
[154:180:1129/152949.405271:ERROR:bus.cc(392)] Failed to connect to the bus: Address does not contain a colon
[154:154:1129/152949.975562:INFO:CONSOLE(128)] "currentLatencynow: 19.213", source: file:///home/seluser/ppt/player/dashjs/index.html (128)
[154:154:1129/152950.975514:INFO:CONSOLE(128)] "currentLatencynow: 19.113", source: file:///home/seluser/ppt/player/dashjs/index.html (128)
[154:154:1129/152951.975072:INFO:CONSOLE(128)] "currentLatencynow: 19.012", source: file:///home/seluser/ppt/player/dashjs/index.html (128)
[154:154:1129/152952.975121:INFO:CONSOLE(128)] "currentLatencynow: 18.912", source: file:///home/seluser/ppt/player/dashjs/index.html (128)
[154:154:1129/152953.975161:INFO:CONSOLE(128)] "currentLatencynow: 18.812", source: file:///home/seluser/ppt/player/dashjs/index.html (128)
[154:154:1129/152954.980406:INFO:CONSOLE(128)] "currentLatencynow: 18.739", source: file:///home/seluser/ppt/player/dashjs/index.html (128)
[154:154:1129/152955.974984:INFO:CONSOLE(128)] "currentLatencynow: 18.747", source: file:///home/seluser/ppt/player/dashjs/index.html (128)
[154:154:1129/152956.975175:INFO:CONSOLE(128)] "currentLatencynow: 18.855", source: file:///home/seluser/ppt/player/dashjs/index.html (128)
[154:154:1129/152957.979085:INFO:CONSOLE(128)] "currentLatencynow: 19.859", source: file:///home/seluser/ppt/player/dashjs/index.html (128)
[154:154:1129/152958.976229:INFO:CONSOLE(128)] "currentLatencynow: 20.856", source: file:///home/seluser/ppt/player/dashjs/index.html (128)
[154:154:1129/152959.975508:INFO:CONSOLE(128)] "currentLatencynow: 21.855", source: file:///home/seluser/ppt/player/dashjs/index.html (128)
[154:180:1129/153000.720084:ERROR:bus.cc(392)] Failed to connect to the bus: Address does not contain a colon
[154:180:1129/153000.720153:ERROR:bus.cc(392)] Failed to connect to the bus: Address does not contain a colon
[154:154:1129/153000.975100:INFO:CONSOLE(128)] "currentLatencynow: 22.505", source: file:///home/seluser/ppt/player/dashjs/index.html (128)
[154:154:1129/153001.975188:INFO:CONSOLE(128)] "currentLatencynow: 22.505", source: file:///home/seluser/ppt/player/dashjs/index.html (128)
[154:154:1129/153002.975017:INFO:CONSOLE(128)] "currentLatencynow: 22.505", source: file:///home/seluser/ppt/player/dashjs/index.html (128)
[154:154:1129/153003.975676:INFO:CONSOLE(128)] "currentLatencynow: 22.506", source: file:///home/seluser/ppt/player/dashjs/index.html (128)
[154:154:1129/153004.974908:INFO:CONSOLE(128)] "currentLatencynow: 22.834", source: file:///home/seluser/ppt/player/dashjs/index.html (128)
[154:154:1129/153005.975416:INFO:CONSOLE(128)] "currentLatencynow: 23.834", source: file:///home/seluser/ppt/player/dashjs/index.html (128)
[154:154:1129/153006.976491:INFO:CONSOLE(128)] "currentLatencynow: 24.836", source: file:///home/seluser/ppt/player/dashjs/index.html (128)
[154:180:1129/153007.484453:ERROR:bus.cc(392)] Failed to connect to the bus: Address does not contain a colon
[154:180:1129/153007.484501:ERROR:bus.cc(392)] Failed to connect to the bus: Address does not contain a colon
[154:154:1129/153007.975043:INFO:CONSOLE(128)] "currentLatencynow: 25.3", source: file:///home/seluser/ppt/player/dashjs/index.html (128)
[154:154:1129/153008.975038:INFO:CONSOLE(128)] "currentLatencynow: 25.298", source: file:///home/seluser/ppt/player/dashjs/index.html (128)
[154:154:1129/153009.975205:INFO:CONSOLE(128)] "currentLatencynow: 25.202", source: file:///home/seluser/ppt/player/dashjs/index.html (128)
[154:154:1129/153010.975176:INFO:CONSOLE(128)] "currentLatencynow: 25.1", source: file:///home/seluser/ppt/player/dashjs/index.html (128)
[154:154:1129/153011.975224:INFO:CONSOLE(128)] "currentLatencynow: 25.813", source: file:///home/seluser/ppt/player/dashjs/index.html (128)
[154:154:1129/153012.974990:INFO:CONSOLE(128)] "currentLatencynow: 26.813", source: file:///home/seluser/ppt/player/dashjs/index.html (128)
[154:154:1129/153013.975116:INFO:CONSOLE(128)] "currentLatencynow: 27.813", source: file:///home/seluser/ppt/player/dashjs/index.html (128)
[154:154:1129/153014.975915:INFO:CONSOLE(128)] "currentLatencynow: 28.814", source: file:///home/seluser/ppt/player/dashjs/index.html (128)
[154:180:1129/153015.939912:ERROR:bus.cc(392)] Failed to connect to the bus: Address does not contain a colon
[154:180:1129/153015.940136:ERROR:bus.cc(392)] Failed to connect to the bus: Address does not contain a colon
[154:154:1129/153015.975242:INFO:CONSOLE(128)] "currentLatencynow: 29.712", source: file:///home/seluser/ppt/player/dashjs/index.html (128)
[154:154:1129/153016.975154:INFO:CONSOLE(128)] "currentLatencynow: 29.621", source: file:///home/seluser/ppt/player/dashjs/index.html (128)
[154:154:1129/153017.975201:INFO:CONSOLE(128)] "currentLatencynow: 29.521", source: file:///home/seluser/ppt/player/dashjs/index.html (128)
[154:154:1129/153018.975241:INFO:CONSOLE(128)] "currentLatencynow: 29.421", source: file:///home/seluser/ppt/player/dashjs/index.html (128)
[154:154:1129/153019.975138:INFO:CONSOLE(128)] "currentLatencynow: 29.321", source: file:///home/seluser/ppt/player/dashjs/index.html (128)
[154:154:1129/153020.975009:INFO:CONSOLE(128)] "currentLatencynow: 29.221", source: file:///home/seluser/ppt/player/dashjs/index.html (128)
[154:154:1129/153021.975805:INFO:CONSOLE(128)] "currentLatencynow: 29.792", source: file:///home/seluser/ppt/player/dashjs/index.html (128)
[154:154:1129/153022.975872:INFO:CONSOLE(128)] "currentLatencynow: 30.792", source: file:///home/seluser/ppt/player/dashjs/index.html (128)
[154:154:1129/153023.984014:INFO:CONSOLE(128)] "currentLatencynow: 31.003", source: file:///home/seluser/ppt/player/dashjs/index.html (128)
[154:154:1129/153024.975748:INFO:CONSOLE(128)] "currentLatencynow: 31.003", source: file:///home/seluser/ppt/player/dashjs/index.html (128)
[154:154:1129/153025.976151:INFO:CONSOLE(128)] "currentLatencynow: 31.638", source: file:///home/seluser/ppt/player/dashjs/index.html (128)
[154:154:1129/153026.976319:INFO:CONSOLE(128)] "currentLatencynow: 32.638", source: file:///home/seluser/ppt/player/dashjs/index.html (128)
[154:154:1129/153027.983879:INFO:CONSOLE(128)] "currentLatencynow: 33.641", source: file:///home/seluser/ppt/player/dashjs/index.html (128)
[154:154:1129/153028.975655:INFO:CONSOLE(128)] "currentLatencynow: 34.638", source: file:///home/seluser/ppt/player/dashjs/index.html (128)
[154:154:1129/153029.976460:INFO:CONSOLE(128)] "currentLatencynow: 35.638", source: file:///home/seluser/ppt/player/dashjs/index.html (128)
[154:154:1129/153030.976421:INFO:CONSOLE(128)] "currentLatencynow: 36.639", source: file:///home/seluser/ppt/player/dashjs/index.html (128)
[154:154:1129/153031.975568:INFO:CONSOLE(128)] "currentLatencynow: 37.638", source: file:///home/seluser/ppt/player/dashjs/index.html (128)
[154:154:1129/153032.978457:INFO:CONSOLE(128)] "currentLatencynow: 38.638", source: file:///home/seluser/ppt/player/dashjs/index.html (128)
[154:154:1129/153033.975610:INFO:CONSOLE(128)] "currentLatencynow: 39.638", source: file:///home/seluser/ppt/player/dashjs/index.html (128)
[154:154:1129/153034.975703:INFO:CONSOLE(128)] "currentLatencynow: 40.638", source: file:///home/seluser/ppt/player/dashjs/index.html (128)
[154:154:1129/153035.975579:INFO:CONSOLE(128)] "currentLatencynow: 41.638", source: file:///home/seluser/ppt/player/dashjs/index.html (128)
[154:154:1129/153036.978235:INFO:CONSOLE(128)] "currentLatencynow: 42.639", source: file:///home/seluser/ppt/player/dashjs/index.html (128)
[154:154:1129/153037.975879:INFO:CONSOLE(128)] "currentLatencynow: 43.638", source: file:///home/seluser/ppt/player/dashjs/index.html (128)
[154:154:1129/153038.975632:INFO:CONSOLE(128)] "currentLatencynow: 44.638", source: file:///home/seluser/ppt/player/dashjs/index.html (128)
[154:154:1129/153039.976430:INFO:CONSOLE(128)] "currentLatencynow: 45.638", source: file:///home/seluser/ppt/player/dashjs/index.html (128)
[154:154:1129/153040.976257:INFO:CONSOLE(128)] "currentLatencynow: 46.638", source: file:///home/seluser/ppt/player/dashjs/index.html (128)
[154:154:1129/153041.975656:INFO:CONSOLE(128)] "currentLatencynow: 47.638", source: file:///home/seluser/ppt/player/dashjs/index.html (128)
[154:154:1129/153042.975747:INFO:CONSOLE(128)] "currentLatencynow: 48.638", source: file:///home/seluser/ppt/player/dashjs/index.html (128)
[154:154:1129/153043.980697:INFO:CONSOLE(128)] "currentLatencynow: 49.64", source: file:///home/seluser/ppt/player/dashjs/index.html (128)
[154:154:1129/153044.975777:INFO:CONSOLE(128)] "currentLatencynow: 50.638", source: file:///home/seluser/ppt/player/dashjs/index.html (128)
[154:154:1129/153045.975715:INFO:CONSOLE(128)] "currentLatencynow: 51.638", source: file:///home/seluser/ppt/player/dashjs/index.html (128)
[154:154:1129/153046.975639:INFO:CONSOLE(128)] "currentLatencynow: 52.638", source: file:///home/seluser/ppt/player/dashjs/index.html (128)
[154:154:1129/153047.975856:INFO:CONSOLE(128)] "currentLatencynow: 53.638", source: file:///home/seluser/ppt/player/dashjs/index.html (128)
[154:154:1129/153048.976093:INFO:CONSOLE(128)] "currentLatencynow: 54.638", source: file:///home/seluser/ppt/player/dashjs/index.html (128)
[154:154:1129/153049.975820:INFO:CONSOLE(128)] "currentLatencynow: 55.638", source: file:///home/seluser/ppt/player/dashjs/index.html (128)
[154:154:1129/153050.975719:INFO:CONSOLE(128)] "currentLatencynow: 56.638", source: file:///home/seluser/ppt/player/dashjs/index.html (128)
[154:154:1129/153051.975794:INFO:CONSOLE(128)] "currentLatencynow: 57.638", source: file:///home/seluser/ppt/player/dashjs/index.html (128)
[154:154:1129/153052.976842:INFO:CONSOLE(128)] "currentLatencynow: 58.638", source: file:///home/seluser/ppt/player/dashjs/index.html (128)
[154:154:1129/153053.975834:INFO:CONSOLE(128)] "currentLatencynow: 59.638", source: file:///home/seluser/ppt/player/dashjs/index.html (128)
[154:154:1129/153054.975563:INFO:CONSOLE(128)] "currentLatencynow: 60.638", source: file:///home/seluser/ppt/player/dashjs/index.html (128)
[154:154:1129/153055.975559:INFO:CONSOLE(128)] "currentLatencynow: 61.638", source: file:///home/seluser/ppt/player/dashjs/index.html (128)
[154:154:1129/153056.975654:INFO:CONSOLE(128)] "currentLatencynow: 62.638", source: file:///home/seluser/ppt/player/dashjs/index.html (128)
[154:154:1129/153057.975505:INFO:CONSOLE(128)] "currentLatencynow: 63.638", source: file:///home/seluser/ppt/player/dashjs/index.html (128)
[154:154:1129/153058.975575:INFO:CONSOLE(128)] "currentLatencynow: 64.638", source: file:///home/seluser/ppt/player/dashjs/index.html (128)
[154:154:1129/153059.975524:INFO:CONSOLE(128)] "currentLatencynow: 65.638", source: file:///home/seluser/ppt/player/dashjs/index.html (128)
[154:154:1129/153100.976602:INFO:CONSOLE(128)] "currentLatencynow: 66.638", source: file:///home/seluser/ppt/player/dashjs/index.html (128)
[154:154:1129/153101.975513:INFO:CONSOLE(128)] "currentLatencynow: 67.638", source: file:///home/seluser/ppt/player/dashjs/index.html (128)
[154:154:1129/153102.975668:INFO:CONSOLE(128)] "currentLatencynow: 68.638", source: file:///home/seluser/ppt/player/dashjs/index.html (128)
[154:154:1129/153103.975462:INFO:CONSOLE(128)] "currentLatencynow: 69.638", source: file:///home/seluser/ppt/player/dashjs/index.html (128)
[154:154:1129/153104.975541:INFO:CONSOLE(128)] "currentLatencynow: 70.638", source: file:///home/seluser/ppt/player/dashjs/index.html (128)
[154:154:1129/153105.975773:INFO:CONSOLE(128)] "currentLatencynow: 71.638", source: file:///home/seluser/ppt/player/dashjs/index.html (128)
[154:154:1129/153106.975717:INFO:CONSOLE(128)] "currentLatencynow: 72.638", source: file:///home/seluser/ppt/player/dashjs/index.html (128)
[154:154:1129/153107.975997:INFO:CONSOLE(128)] "currentLatencynow: 73.638", source: file:///home/seluser/ppt/player/dashjs/index.html (128)
[154:154:1129/153108.975514:INFO:CONSOLE(128)] "currentLatencynow: 74.638", source: file:///home/seluser/ppt/player/dashjs/index.html (128)
[154:154:1129/153109.976216:INFO:CONSOLE(128)] "currentLatencynow: 75.638", source: file:///home/seluser/ppt/player/dashjs/index.html (128)
[154:154:1129/153110.976282:INFO:CONSOLE(128)] "currentLatencynow: 76.638", source: file:///home/seluser/ppt/player/dashjs/index.html (128)
[154:154:1129/153111.976699:INFO:CONSOLE(128)] "currentLatencynow: 77.638", source: file:///home/seluser/ppt/player/dashjs/index.html (128)
[154:154:1129/153112.975591:INFO:CONSOLE(128)] "currentLatencynow: 78.638", source: file:///home/seluser/ppt/player/dashjs/index.html (128)
[154:154:1129/153113.976665:INFO:CONSOLE(128)] "currentLatencynow: 79.639", source: file:///home/seluser/ppt/player/dashjs/index.html (128)
[154:154:1129/153114.975585:INFO:CONSOLE(128)] "currentLatencynow: 80.638", source: file:///home/seluser/ppt/player/dashjs/index.html (128)
[154:154:1129/153115.975628:INFO:CONSOLE(128)] "currentLatencynow: 81.638", source: file:///home/seluser/ppt/player/dashjs/index.html (128)
[154:154:1129/153116.975644:INFO:CONSOLE(128)] "currentLatencynow: 82.638", source: file:///home/seluser/ppt/player/dashjs/index.html (128)
[154:154:1129/153117.976156:INFO:CONSOLE(114)] "Begin Player stistics 
", source: file:///home/seluser/ppt/player/dashjs/index.html (114)
[154:154:1129/153117.976415:INFO:CONSOLE(115)] "["stall",[["5.25","7.98",2.7300000000000004]],[["11.25","11.50",0.25]],[["16.75","17.00",0.25]],[["19.38","19.63",0.25]],[["22.34","22.59",0.25]],[["29.66","29.91",0.25]],[["39.64","39.89",0.25]],[["47.43","47.68",0.25]],[["54.02","54.27",0.25]],[["64.15","64.40",0.25]],[["66.16","66.17",0.010000000000005116]],[["availibleBW",[null],[null],[null],[null],[null],[null],[null],[1388],[1388],[1388],[1388],[1951],[1951],[1951],[1903],[1903],[1903],[1859],[1859],[1996],[1996],[2086],[2521],[2521],[2521],[2997],[2997],[2997],[3913],[3913],[4945],[4945],[4945],[4254],[4254],[4254],[4254],[4254],[4254],[3584],[3584],[3584],[3214],[3214],[3214],[2880],[2880],[2880],[2903],[2903],[2648],[2648],[2442],[2442],[2658],[2658],[2658],[2527],[2527],[2527],[2792],[2792],[2870],[2870],[2870],[3461],[3461],[3461],[3461],[3461],[3461],[3461],[3461],[3461],[3461],[3461],[3461],[3461],[3461],[3461],[3461],[3461],[3461],[3461],[3461],[3461],[3461],[3461],[3461],[3461],[3461],[3461],[3461],[3461],[3461],[3461],[3461],[3461],[3461],[3461],[3461],[3461],[3461],[3461],[3461],[3461],[3461],[3461],[3461],[3461],[3461],[3461],[3461],[3461],[3461],[3461],[3461],[3461],[3461]]],[["currentBuffer",[0],[0],[0],[0],[0],[0],[0],[0.62],[0],[0],[0],[0.034],[0.034],[0.034],[1.114],[0.027],[0],[0.634],[0.007],[1.723],[0.742],[2.027],[4.029],[3.582],[2.474],[3.374],[2.275],[1.176],[2.004],[2.004],[4.006],[3.451],[2.355],[3.252],[2.152],[1.052],[0],[0],[0],[0],[0],[0],[1.654],[0.756],[0],[0.649],[0],[0],[1.973],[1.512],[2.514],[1.422],[2.324],[1.955],[3.957],[3.957],[3.957],[5.959],[5.028],[3.927],[4.829],[3.73],[4.438],[3.942],[3.942],[5.253],[4.253],[3.789],[3.789],[3.789],[3.789],[3.789],[3.789],[3.789],[3.789],[3.789],[3.789],[3.789],[3.789],[3.789],[3.789],[3.789],[3.789],[3.789],[3.789],[3.789],[3.789],[3.789],[3.789],[3.789],[3.789],[3.789],[3.789],[3.789],[3.789],[3.789],[3.789],[3.789],[3.789],[3.789],[3.789],[3.789],[3.789],[3.789],[3.789],[3.789],[3.789],[3.789],[3.789],[3.789],[3.789],[3.789],[3.789],[3.789],[3.789],[3.789],[3.789],[3.789],[3.789]]],[["currentLatency",[null],[0],[0],[0],[8.262],[9.263],[10.265],[10.465],[10.412],[10.412],[10.923],[11.923],[12.925],[13.923],[13.99],[13.914],[14.509],[14.51],[14.891],[15.49],[15.49],[15.907],[16.907],[17.269],[17.169],[17.069],[16.969],[16.869],[16.879],[17.881],[18.879],[19.213],[19.113],[19.012],[18.912],[18.812],[18.739],[18.747],[18.855],[19.859],[20.856],[21.855],[22.505],[22.505],[22.505],[22.506],[22.834],[23.834],[24.836],[25.3],[25.298],[25.202],[25.1],[25.813],[26.813],[27.813],[28.814],[29.712],[29.621],[29.521],[29.421],[29.321],[29.221],[29.792],[30.792],[31.003],[31.003],[31.638],[32.638],[33.641],[34.638],[35.638],[36.639],[37.638],[38.638],[39.638],[40.638],[41.638],[42.639],[43.638],[44.638],[45.638],[46.638],[47.638],[48.638],[49.64],[50.638],[51.638],[52.638],[53.638],[54.638],[55.638],[56.638],[57.638],[58.638],[59.638],[60.638],[61.638],[62.638],[63.638],[64.638],[65.638],[66.638],[67.638],[68.638],[69.638],[70.638],[71.638],[72.638],[73.638],[74.638],[75.638],[76.638],[77.638],[78.638],[79.639],[80.638],[81.638],[82.638]]]]", source: file:///home/seluser/ppt/player/dashjs/index.html (115)
[154:154:1129/153117.976530:INFO:CONSOLE(116)] "
", source: file:///home/seluser/ppt/player/dashjs/index.html (116)
[154:154:1129/153117.976572:INFO:CONSOLE(117)] "Finish Player stistics 
", source: file:///home/seluser/ppt/player/dashjs/index.html (117)
[154:154:1129/153117.976635:INFO:CONSOLE(128)] "currentLatencynow: 83.639", source: file:///home/seluser/ppt/player/dashjs/index.html (128)
[154:154:1129/153118.976168:INFO:CONSOLE(128)] "currentLatencynow: 84.638", source: file:///home/seluser/ppt/player/dashjs/index.html (128)
[154:154:1129/153119.975697:INFO:CONSOLE(128)] "currentLatencynow: 85.638", source: file:///home/seluser/ppt/player/dashjs/index.html (128)
[154:154:1129/153120.975719:INFO:CONSOLE(128)] "currentLatencynow: 86.638", source: file:///home/seluser/ppt/player/dashjs/index.html (128)
[154:154:1129/153121.976385:INFO:CONSOLE(128)] "currentLatencynow: 87.638", source: file:///home/seluser/ppt/player/dashjs/index.html (128)
[154:154:1129/153122.979333:INFO:CONSOLE(128)] "currentLatencynow: 88.64", source: file:///home/seluser/ppt/player/dashjs/index.html (128)
[154:154:1129/153123.975593:INFO:CONSOLE(128)] "currentLatencynow: 89.638", source: file:///home/seluser/ppt/player/dashjs/index.html (128)
[154:154:1129/153124.975543:INFO:CONSOLE(128)] "currentLatencynow: 90.638", source: file:///home/seluser/ppt/player/dashjs/index.html (128)
[154:154:1129/153125.975545:INFO:CONSOLE(128)] "currentLatencynow: 91.637", source: file:///home/seluser/ppt/player/dashjs/index.html (128)
[154:154:1129/153126.975455:INFO:CONSOLE(128)] "currentLatencynow: 92.637", source: file:///home/seluser/ppt/player/dashjs/index.html (128)
[154:154:1129/153127.977220:INFO:CONSOLE(128)] "currentLatencynow: 93.638", source: file:///home/seluser/ppt/player/dashjs/index.html (128)
[154:154:1129/153128.975765:INFO:CONSOLE(128)] "currentLatencynow: 94.638", source: file:///home/seluser/ppt/player/dashjs/index.html (128)
[154:154:1129/153129.975842:INFO:CONSOLE(128)] "currentLatencynow: 95.638", source: file:///home/seluser/ppt/player/dashjs/index.html (128)
[154:154:1129/153130.975834:INFO:CONSOLE(128)] "currentLatencynow: 96.638", source: file:///home/seluser/ppt/player/dashjs/index.html (128)
[154:154:1129/153131.975903:INFO:CONSOLE(128)] "currentLatencynow: 97.638", source: file:///home/seluser/ppt/player/dashjs/index.html (128)
[154:154:1129/153132.977489:INFO:CONSOLE(128)] "currentLatencynow: 98.637", source: file:///home/seluser/ppt/player/dashjs/index.html (128)
[154:154:1129/153133.975757:INFO:CONSOLE(128)] "currentLatencynow: 99.638", source: file:///home/seluser/ppt/player/dashjs/index.html (128)
[154:154:1129/153134.976901:INFO:CONSOLE(128)] "currentLatencynow: 100.639", source: file:///home/seluser/ppt/player/dashjs/index.html (128)
[154:154:1129/153135.975700:INFO:CONSOLE(128)] "currentLatencynow: 101.638", source: file:///home/seluser/ppt/player/dashjs/index.html (128)
[154:154:1129/153136.976261:INFO:CONSOLE(128)] "currentLatencynow: 102.638", source: file:///home/seluser/ppt/player/dashjs/index.html (128)
[154:154:1129/153137.975450:INFO:CONSOLE(128)] "currentLatencynow: 103.638", source: file:///home/seluser/ppt/player/dashjs/index.html (128)
[154:154:1129/153138.975528:INFO:CONSOLE(128)] "currentLatencynow: 104.638", source: file:///home/seluser/ppt/player/dashjs/index.html (128)
[154:154:1129/153139.975850:INFO:CONSOLE(128)] "currentLatencynow: 105.638", source: file:///home/seluser/ppt/player/dashjs/index.html (128)
[154:154:1129/153140.975318:INFO:CONSOLE(128)] "currentLatencynow: 106.637", source: file:///home/seluser/ppt/player/dashjs/index.html (128)
[154:154:1129/153141.975384:INFO:CONSOLE(128)] "currentLatencynow: 107.638", source: file:///home/seluser/ppt/player/dashjs/index.html (128)
[154:154:1129/153142.975334:INFO:CONSOLE(128)] "currentLatencynow: 108.637", source: file:///home/seluser/ppt/player/dashjs/index.html (128)
[154:154:1129/153143.975322:INFO:CONSOLE(128)] "currentLatencynow: 109.637", source: file:///home/seluser/ppt/player/dashjs/index.html (128)
[154:154:1129/153144.975519:INFO:CONSOLE(128)] "currentLatencynow: 110.638", source: file:///home/seluser/ppt/player/dashjs/index.html (128)
[154:154:1129/153145.975462:INFO:CONSOLE(128)] "currentLatencynow: 111.638", source: file:///home/seluser/ppt/player/dashjs/index.html (128)
[154:154:1129/153146.975422:INFO:CONSOLE(128)] "currentLatencynow: 112.637", source: file:///home/seluser/ppt/player/dashjs/index.html (128)
[154:154:1129/153147.975172:INFO:CONSOLE(128)] "currentLatencynow: 113.637", source: file:///home/seluser/ppt/player/dashjs/index.html (128)
[154:154:1129/153148.976374:INFO:CONSOLE(128)] "currentLatencynow: 114.638", source: file:///home/seluser/ppt/player/dashjs/index.html (128)
[154:154:1129/153149.975402:INFO:CONSOLE(128)] "currentLatencynow: 115.637", source: file:///home/seluser/ppt/player/dashjs/index.html (128)
[154:154:1129/153150.975339:INFO:CONSOLE(128)] "currentLatencynow: 116.637", source: file:///home/seluser/ppt/player/dashjs/index.html (128)
[154:154:1129/153151.974644:INFO:CONSOLE(128)] "currentLatencynow: 117.637", source: file:///home/seluser/ppt/player/dashjs/index.html (128)
[154:154:1129/153152.974688:INFO:CONSOLE(128)] "currentLatencynow: 118.637", source: file:///home/seluser/ppt/player/dashjs/index.html (128)
[154:154:1129/153153.974956:INFO:CONSOLE(128)] "currentLatencynow: 119.637", source: file:///home/seluser/ppt/player/dashjs/index.html (128)
[154:154:1129/153154.974605:INFO:CONSOLE(128)] "currentLatencynow: 120.637", source: file:///home/seluser/ppt/player/dashjs/index.html (128)
[154:154:1129/153155.975377:INFO:CONSOLE(128)] "currentLatencynow: 121.637", source: file:///home/seluser/ppt/player/dashjs/index.html (128)
[154:154:1129/153156.974533:INFO:CONSOLE(128)] "currentLatencynow: 122.637", source: file:///home/seluser/ppt/player/dashjs/index.html (128)
[154:154:1129/153157.974711:INFO:CONSOLE(128)] "currentLatencynow: 123.637", source: file:///home/seluser/ppt/player/dashjs/index.html (128)
[154:154:1129/153158.974682:INFO:CONSOLE(128)] "currentLatencynow: 124.637", source: file:///home/seluser/ppt/player/dashjs/index.html (128)
[154:154:1129/153159.974650:INFO:CONSOLE(128)] "currentLatencynow: 125.637", source: file:///home/seluser/ppt/player/dashjs/index.html (128)
[154:154:1129/153200.974439:INFO:CONSOLE(128)] "currentLatencynow: 126.637", source: file:///home/seluser/ppt/player/dashjs/index.html (128)
[154:154:1129/153201.974670:INFO:CONSOLE(128)] "currentLatencynow: 127.637", source: file:///home/seluser/ppt/player/dashjs/index.html (128)
[154:154:1129/153202.974598:INFO:CONSOLE(128)] "currentLatencynow: 128.637", source: file:///home/seluser/ppt/player/dashjs/index.html (128)
[154:154:1129/153203.974611:INFO:CONSOLE(128)] "currentLatencynow: 129.637", source: file:///home/seluser/ppt/player/dashjs/index.html (128)
[154:154:1129/153204.974540:INFO:CONSOLE(128)] "currentLatencynow: 130.637", source: file:///home/seluser/ppt/player/dashjs/index.html (128)
[154:154:1129/153205.974581:INFO:CONSOLE(128)] "currentLatencynow: 131.637", source: file:///home/seluser/ppt/player/dashjs/index.html (128)
[154:154:1129/153206.974675:INFO:CONSOLE(128)] "currentLatencynow: 132.637", source: file:///home/seluser/ppt/player/dashjs/index.html (128)
[154:154:1129/153207.974475:INFO:CONSOLE(128)] "currentLatencynow: 133.637", source: file:///home/seluser/ppt/player/dashjs/index.html (128)
[154:154:1129/153208.974531:INFO:CONSOLE(128)] "currentLatencynow: 134.637", source: file:///home/seluser/ppt/player/dashjs/index.html (128)
[154:154:1129/153209.974529:INFO:CONSOLE(128)] "currentLatencynow: 135.637", source: file:///home/seluser/ppt/player/dashjs/index.html (128)
[154:154:1129/153210.974484:INFO:CONSOLE(128)] "currentLatencynow: 136.637", source: file:///home/seluser/ppt/player/dashjs/index.html (128)
[154:154:1129/153211.974620:INFO:CONSOLE(128)] "currentLatencynow: 137.637", source: file:///home/seluser/ppt/player/dashjs/index.html (128)
[154:154:1129/153212.974640:INFO:CONSOLE(128)] "currentLatencynow: 138.637", source: file:///home/seluser/ppt/player/dashjs/index.html (128)
[154:154:1129/153213.974498:INFO:CONSOLE(128)] "currentLatencynow: 139.637", source: file:///home/seluser/ppt/player/dashjs/index.html (128)
[154:154:1129/153214.974426:INFO:CONSOLE(128)] "currentLatencynow: 140.637", source: file:///home/seluser/ppt/player/dashjs/index.html (128)
[154:154:1129/153215.974395:INFO:CONSOLE(128)] "currentLatencynow: 141.637", source: file:///home/seluser/ppt/player/dashjs/index.html (128)
[154:154:1129/153216.974436:INFO:CONSOLE(128)] "currentLatencynow: 142.637", source: file:///home/seluser/ppt/player/dashjs/index.html (128)
[154:154:1129/153217.974442:INFO:CONSOLE(128)] "currentLatencynow: 143.637", source: file:///home/seluser/ppt/player/dashjs/index.html (128)
[154:154:1129/153218.342884:WARNING:pref_notifier_impl.cc(40)] Pref observer for media_router.cast_allow_all_ips found at shutdown.
