[229:292:0130/100804.549086:ERROR:bus.cc(392)] Failed to connect to the bus: Failed to connect to socket /var/run/dbus/system_bus_socket: No such file or directory
[229:255:0130/100804.551417:ERROR:bus.cc(392)] Failed to connect to the bus: Address does not contain a colon
[229:255:0130/100804.552087:ERROR:bus.cc(392)] Failed to connect to the bus: Address does not contain a colon
[229:255:0130/100804.565769:ERROR:bus.cc(392)] Failed to connect to the bus: Address does not contain a colon
[229:255:0130/100804.566023:ERROR:bus.cc(392)] Failed to connect to the bus: Address does not contain a colon
[299:299:0130/100804.566539:ERROR:gpu_init.cc(453)] Passthrough is not supported, GL is swiftshader, ANGLE is 
[229:255:0130/100804.594498:ERROR:bus.cc(392)] Failed to connect to the bus: Address does not contain a colon
[229:255:0130/100804.594553:ERROR:bus.cc(392)] Failed to connect to the bus: Address does not contain a colon
[229:395:0130/100804.761093:ERROR:bus.cc(392)] Failed to connect to the bus: Failed to connect to socket /var/run/dbus/system_bus_socket: No such file or directory
[229:395:0130/100804.762216:ERROR:bus.cc(392)] Failed to connect to the bus: Failed to connect to socket /var/run/dbus/system_bus_socket: No such file or directory
[229:395:0130/100804.762293:ERROR:bus.cc(392)] Failed to connect to the bus: Failed to connect to socket /var/run/dbus/system_bus_socket: No such file or directory
[229:395:0130/100804.763942:WARNING:property.cc(144)] DaemonVersion: GetAndBlock: failed.
[229:395:0130/100804.764003:ERROR:bus.cc(392)] Failed to connect to the bus: Failed to connect to socket /var/run/dbus/system_bus_socket: No such file or directory
[229:395:0130/100804.764063:ERROR:bus.cc(392)] Failed to connect to the bus: Failed to connect to socket /var/run/dbus/system_bus_socket: No such file or directory
[229:229:0130/100806.053142:INFO:CONSOLE(128)] "currentLatencynow: NaN", source: file:///home/seluser/ppt/player/dashjs/index.html (128)
[229:325:0130/100806.850224:ERROR:chrome_browser_main_extra_parts_metrics.cc(228)] crbug.com/1216328: Checking Bluetooth availability started. Please report if there is no report that this ends.
[229:325:0130/100806.850298:ERROR:chrome_browser_main_extra_parts_metrics.cc(231)] crbug.com/1216328: Checking Bluetooth availability ended.
[229:325:0130/100806.850322:ERROR:chrome_browser_main_extra_parts_metrics.cc(234)] crbug.com/1216328: Checking default browser status started. Please report if there is no report that this ends.
[229:325:0130/100807.034335:ERROR:chrome_browser_main_extra_parts_metrics.cc(238)] crbug.com/1216328: Checking default browser status ended.
[229:229:0130/100807.052903:INFO:CONSOLE(128)] "currentLatencynow: NaN", source: file:///home/seluser/ppt/player/dashjs/index.html (128)
[229:229:0130/100808.052786:INFO:CONSOLE(128)] "currentLatencynow: NaN", source: file:///home/seluser/ppt/player/dashjs/index.html (128)
[229:229:0130/100809.052881:INFO:CONSOLE(128)] "currentLatencynow: NaN", source: file:///home/seluser/ppt/player/dashjs/index.html (128)
[229:229:0130/100810.052850:INFO:CONSOLE(128)] "currentLatencynow: 0", source: file:///home/seluser/ppt/player/dashjs/index.html (128)
[229:229:0130/100811.052881:INFO:CONSOLE(128)] "currentLatencynow: 0", source: file:///home/seluser/ppt/player/dashjs/index.html (128)
[229:229:0130/100812.052872:INFO:CONSOLE(128)] "currentLatencynow: 0", source: file:///home/seluser/ppt/player/dashjs/index.html (128)
[229:229:0130/100813.052850:INFO:CONSOLE(128)] "currentLatencynow: 0", source: file:///home/seluser/ppt/player/dashjs/index.html (128)
[229:229:0130/100814.052925:INFO:CONSOLE(128)] "currentLatencynow: 0", source: file:///home/seluser/ppt/player/dashjs/index.html (128)
[229:229:0130/100815.052904:INFO:CONSOLE(128)] "currentLatencynow: 0", source: file:///home/seluser/ppt/player/dashjs/index.html (128)
[643:643:0130/100815.158180:WARNING:audio_manager_linux.cc(69)] Falling back to ALSA for audio output. PulseAudio is not available or could not be initialized.
[643:643:0130/100815.166337:ERROR:alsa_util.cc(204)] PcmOpen: default,No such file or directory
[643:643:0130/100815.166640:ERROR:alsa_util.cc(204)] PcmOpen: plug:default,No such file or directory
[229:229:0130/100816.052927:INFO:CONSOLE(128)] "currentLatencynow: 10.917", source: file:///home/seluser/ppt/player/dashjs/index.html (128)
[229:229:0130/100817.052828:INFO:CONSOLE(128)] "currentLatencynow: 11.917", source: file:///home/seluser/ppt/player/dashjs/index.html (128)
[229:229:0130/100818.052873:INFO:CONSOLE(128)] "currentLatencynow: 12.917", source: file:///home/seluser/ppt/player/dashjs/index.html (128)
[229:229:0130/100819.052869:INFO:CONSOLE(128)] "currentLatencynow: 13.917", source: file:///home/seluser/ppt/player/dashjs/index.html (128)
[229:229:0130/100820.052790:INFO:CONSOLE(128)] "currentLatencynow: 14.917", source: file:///home/seluser/ppt/player/dashjs/index.html (128)
[229:229:0130/100821.052861:INFO:CONSOLE(128)] "currentLatencynow: 15.917", source: file:///home/seluser/ppt/player/dashjs/index.html (128)
[229:229:0130/100822.052888:INFO:CONSOLE(128)] "currentLatencynow: 16.917", source: file:///home/seluser/ppt/player/dashjs/index.html (128)
[229:229:0130/100823.052728:INFO:CONSOLE(128)] "currentLatencynow: 17.917", source: file:///home/seluser/ppt/player/dashjs/index.html (128)
[229:255:0130/100823.193766:ERROR:bus.cc(392)] Failed to connect to the bus: Address does not contain a colon
[229:255:0130/100823.193855:ERROR:bus.cc(392)] Failed to connect to the bus: Address does not contain a colon
[229:255:0130/100823.193868:ERROR:bus.cc(392)] Failed to connect to the bus: Address does not contain a colon
[229:255:0130/100823.193878:ERROR:bus.cc(392)] Failed to connect to the bus: Address does not contain a colon
[229:255:0130/100823.193888:ERROR:bus.cc(392)] Failed to connect to the bus: Address does not contain a colon
[229:255:0130/100823.193897:ERROR:bus.cc(392)] Failed to connect to the bus: Address does not contain a colon
[229:255:0130/100823.193907:ERROR:bus.cc(392)] Failed to connect to the bus: Address does not contain a colon
[229:255:0130/100823.193916:ERROR:bus.cc(392)] Failed to connect to the bus: Address does not contain a colon
[229:255:0130/100823.193925:ERROR:bus.cc(392)] Failed to connect to the bus: Address does not contain a colon
[229:255:0130/100823.193935:ERROR:bus.cc(392)] Failed to connect to the bus: Address does not contain a colon
[229:255:0130/100823.193945:ERROR:bus.cc(392)] Failed to connect to the bus: Address does not contain a colon
[229:255:0130/100823.193954:ERROR:bus.cc(392)] Failed to connect to the bus: Address does not contain a colon
[229:255:0130/100823.193964:ERROR:bus.cc(392)] Failed to connect to the bus: Address does not contain a colon
[229:255:0130/100823.193976:ERROR:bus.cc(392)] Failed to connect to the bus: Address does not contain a colon
[229:255:0130/100823.198419:ERROR:bus.cc(392)] Failed to connect to the bus: Address does not contain a colon
[229:255:0130/100823.198451:ERROR:bus.cc(392)] Failed to connect to the bus: Address does not contain a colon
[229:255:0130/100823.198477:ERROR:bus.cc(392)] Failed to connect to the bus: Address does not contain a colon
[229:255:0130/100823.249274:ERROR:bus.cc(392)] Failed to connect to the bus: Address does not contain a colon
[229:255:0130/100823.249317:ERROR:bus.cc(392)] Failed to connect to the bus: Address does not contain a colon
[229:229:0130/100824.052932:INFO:CONSOLE(128)] "currentLatencynow: 18.554", source: file:///home/seluser/ppt/player/dashjs/index.html (128)
[229:229:0130/100825.052833:INFO:CONSOLE(128)] "currentLatencynow: 19.554", source: file:///home/seluser/ppt/player/dashjs/index.html (128)
[229:229:0130/100826.052760:INFO:CONSOLE(128)] "currentLatencynow: 20.554", source: file:///home/seluser/ppt/player/dashjs/index.html (128)
[229:229:0130/100827.052775:INFO:CONSOLE(128)] "currentLatencynow: 21.554", source: file:///home/seluser/ppt/player/dashjs/index.html (128)
[229:229:0130/100828.052848:INFO:CONSOLE(128)] "currentLatencynow: 22.554", source: file:///home/seluser/ppt/player/dashjs/index.html (128)
[229:229:0130/100829.052798:INFO:CONSOLE(128)] "currentLatencynow: 23.554", source: file:///home/seluser/ppt/player/dashjs/index.html (128)
[229:229:0130/100830.052833:INFO:CONSOLE(128)] "currentLatencynow: 24.554", source: file:///home/seluser/ppt/player/dashjs/index.html (128)
[229:229:0130/100831.052837:INFO:CONSOLE(128)] "currentLatencynow: 25.554", source: file:///home/seluser/ppt/player/dashjs/index.html (128)
[229:229:0130/100832.052951:INFO:CONSOLE(128)] "currentLatencynow: 26.554", source: file:///home/seluser/ppt/player/dashjs/index.html (128)
[229:229:0130/100833.052983:INFO:CONSOLE(128)] "currentLatencynow: 27.554", source: file:///home/seluser/ppt/player/dashjs/index.html (128)
[229:229:0130/100834.052759:INFO:CONSOLE(128)] "currentLatencynow: 28.554", source: file:///home/seluser/ppt/player/dashjs/index.html (128)
[229:229:0130/100835.052874:INFO:CONSOLE(128)] "currentLatencynow: 29.554", source: file:///home/seluser/ppt/player/dashjs/index.html (128)
[229:229:0130/100836.052801:INFO:CONSOLE(128)] "currentLatencynow: 30.206", source: file:///home/seluser/ppt/player/dashjs/index.html (128)
[229:229:0130/100837.052776:INFO:CONSOLE(128)] "currentLatencynow: 31.206", source: file:///home/seluser/ppt/player/dashjs/index.html (128)
[229:229:0130/100838.052760:INFO:CONSOLE(128)] "currentLatencynow: 32.206", source: file:///home/seluser/ppt/player/dashjs/index.html (128)
[229:229:0130/100839.052804:INFO:CONSOLE(128)] "currentLatencynow: 33.206", source: file:///home/seluser/ppt/player/dashjs/index.html (128)
[229:229:0130/100840.052805:INFO:CONSOLE(128)] "currentLatencynow: 34.206", source: file:///home/seluser/ppt/player/dashjs/index.html (128)
[229:229:0130/100841.052762:INFO:CONSOLE(128)] "currentLatencynow: 35.206", source: file:///home/seluser/ppt/player/dashjs/index.html (128)
[229:229:0130/100842.052807:INFO:CONSOLE(128)] "currentLatencynow: 36.206", source: file:///home/seluser/ppt/player/dashjs/index.html (128)
[229:229:0130/100843.052783:INFO:CONSOLE(128)] "currentLatencynow: 37.206", source: file:///home/seluser/ppt/player/dashjs/index.html (128)
[229:229:0130/100844.052831:INFO:CONSOLE(128)] "currentLatencynow: 38.206", source: file:///home/seluser/ppt/player/dashjs/index.html (128)
[229:229:0130/100845.052913:INFO:CONSOLE(128)] "currentLatencynow: 39.206", source: file:///home/seluser/ppt/player/dashjs/index.html (128)
[229:229:0130/100846.052772:INFO:CONSOLE(128)] "currentLatencynow: 40.206", source: file:///home/seluser/ppt/player/dashjs/index.html (128)
[229:229:0130/100847.052954:INFO:CONSOLE(128)] "currentLatencynow: 41.206", source: file:///home/seluser/ppt/player/dashjs/index.html (128)
[229:229:0130/100848.052832:INFO:CONSOLE(128)] "currentLatencynow: 42.206", source: file:///home/seluser/ppt/player/dashjs/index.html (128)
[229:229:0130/100849.052799:INFO:CONSOLE(128)] "currentLatencynow: 43.206", source: file:///home/seluser/ppt/player/dashjs/index.html (128)
[229:229:0130/100850.052801:INFO:CONSOLE(128)] "currentLatencynow: 44.206", source: file:///home/seluser/ppt/player/dashjs/index.html (128)
[229:229:0130/100851.052755:INFO:CONSOLE(128)] "currentLatencynow: 45.206", source: file:///home/seluser/ppt/player/dashjs/index.html (128)
[229:229:0130/100852.052802:INFO:CONSOLE(128)] "currentLatencynow: 46.206", source: file:///home/seluser/ppt/player/dashjs/index.html (128)
[229:229:0130/100853.052857:INFO:CONSOLE(128)] "currentLatencynow: 47.206", source: file:///home/seluser/ppt/player/dashjs/index.html (128)
[229:229:0130/100854.052785:INFO:CONSOLE(128)] "currentLatencynow: 48.206", source: file:///home/seluser/ppt/player/dashjs/index.html (128)
[229:229:0130/100855.052798:INFO:CONSOLE(128)] "currentLatencynow: 49.206", source: file:///home/seluser/ppt/player/dashjs/index.html (128)
[229:229:0130/100856.052785:INFO:CONSOLE(128)] "currentLatencynow: 50.206", source: file:///home/seluser/ppt/player/dashjs/index.html (128)
[229:229:0130/100857.052959:INFO:CONSOLE(128)] "currentLatencynow: 51.206", source: file:///home/seluser/ppt/player/dashjs/index.html (128)
[229:229:0130/100858.052803:INFO:CONSOLE(128)] "currentLatencynow: 52.206", source: file:///home/seluser/ppt/player/dashjs/index.html (128)
[229:229:0130/100859.052802:INFO:CONSOLE(128)] "currentLatencynow: 53.206", source: file:///home/seluser/ppt/player/dashjs/index.html (128)
[229:229:0130/100900.052790:INFO:CONSOLE(128)] "currentLatencynow: 54.206", source: file:///home/seluser/ppt/player/dashjs/index.html (128)
[229:229:0130/100901.053516:INFO:CONSOLE(128)] "currentLatencynow: 55.207", source: file:///home/seluser/ppt/player/dashjs/index.html (128)
[229:229:0130/100902.052783:INFO:CONSOLE(128)] "currentLatencynow: 56.206", source: file:///home/seluser/ppt/player/dashjs/index.html (128)
[229:229:0130/100903.055875:INFO:CONSOLE(128)] "currentLatencynow: 57.209", source: file:///home/seluser/ppt/player/dashjs/index.html (128)
[229:229:0130/100904.052765:INFO:CONSOLE(128)] "currentLatencynow: 58.206", source: file:///home/seluser/ppt/player/dashjs/index.html (128)
[229:304:0130/100904.640506:ERROR:database.cc(1761)] History SQLite error: code 13 errno 0: database or disk is full sql: INSERT OR REPLACE INTO meta (key,value) VALUES (?,?)
[229:229:0130/100905.052689:INFO:CONSOLE(128)] "currentLatencynow: 59.206", source: file:///home/seluser/ppt/player/dashjs/index.html (128)
[229:229:0130/100906.052810:INFO:CONSOLE(128)] "currentLatencynow: 60.206", source: file:///home/seluser/ppt/player/dashjs/index.html (128)
[229:229:0130/100907.052829:INFO:CONSOLE(128)] "currentLatencynow: 61.206", source: file:///home/seluser/ppt/player/dashjs/index.html (128)
[229:229:0130/100908.052792:INFO:CONSOLE(128)] "currentLatencynow: 62.206", source: file:///home/seluser/ppt/player/dashjs/index.html (128)
[229:229:0130/100909.052776:INFO:CONSOLE(128)] "currentLatencynow: 63.206", source: file:///home/seluser/ppt/player/dashjs/index.html (128)
[229:229:0130/100910.052781:INFO:CONSOLE(128)] "currentLatencynow: 64.206", source: file:///home/seluser/ppt/player/dashjs/index.html (128)
[229:229:0130/100911.052750:INFO:CONSOLE(128)] "currentLatencynow: 65.206", source: file:///home/seluser/ppt/player/dashjs/index.html (128)
[229:229:0130/100912.052873:INFO:CONSOLE(128)] "currentLatencynow: 66.206", source: file:///home/seluser/ppt/player/dashjs/index.html (128)
[229:229:0130/100913.052851:INFO:CONSOLE(128)] "currentLatencynow: 67.206", source: file:///home/seluser/ppt/player/dashjs/index.html (128)
[229:229:0130/100914.052821:INFO:CONSOLE(128)] "currentLatencynow: 68.206", source: file:///home/seluser/ppt/player/dashjs/index.html (128)
[229:229:0130/100915.052868:INFO:CONSOLE(128)] "currentLatencynow: 69.206", source: file:///home/seluser/ppt/player/dashjs/index.html (128)
[229:229:0130/100916.052848:INFO:CONSOLE(128)] "currentLatencynow: 70.206", source: file:///home/seluser/ppt/player/dashjs/index.html (128)
[229:229:0130/100917.052799:INFO:CONSOLE(128)] "currentLatencynow: 71.206", source: file:///home/seluser/ppt/player/dashjs/index.html (128)
[229:229:0130/100918.052842:INFO:CONSOLE(128)] "currentLatencynow: 72.206", source: file:///home/seluser/ppt/player/dashjs/index.html (128)
[229:229:0130/100919.052907:INFO:CONSOLE(128)] "currentLatencynow: 73.206", source: file:///home/seluser/ppt/player/dashjs/index.html (128)
[229:229:0130/100920.052836:INFO:CONSOLE(128)] "currentLatencynow: 74.206", source: file:///home/seluser/ppt/player/dashjs/index.html (128)
[229:229:0130/100921.052754:INFO:CONSOLE(128)] "currentLatencynow: 75.206", source: file:///home/seluser/ppt/player/dashjs/index.html (128)
[229:229:0130/100922.053035:INFO:CONSOLE(128)] "currentLatencynow: 76.206", source: file:///home/seluser/ppt/player/dashjs/index.html (128)
[229:229:0130/100923.052748:INFO:CONSOLE(128)] "currentLatencynow: 77.206", source: file:///home/seluser/ppt/player/dashjs/index.html (128)
[229:229:0130/100924.052850:INFO:CONSOLE(128)] "currentLatencynow: 78.206", source: file:///home/seluser/ppt/player/dashjs/index.html (128)
[229:229:0130/100925.053040:INFO:CONSOLE(128)] "currentLatencynow: 79.206", source: file:///home/seluser/ppt/player/dashjs/index.html (128)
[229:229:0130/100926.052873:INFO:CONSOLE(128)] "currentLatencynow: 80.206", source: fil[229:229:0130/101059.052974:INFO:CONSOLE(128)] "currentLatencynow: 173.206", source: file:///home/seluser/ppt/player/dashjs/index.html (128)
[229:229:0130/101100.052821:INFO:CONSOLE(128)] "currentLatencynow: 174.206", source: file:///home/seluser/ppt/player/dashjs/index.html (128)
[229:229:0130/101101.052875:INFO:CONSOLE(128)] "currentLatencynow: 175.206", source: file:///home/seluser/ppt/player/dashjs/index.html (128)
[229:229:0130/101102.052758:INFO:CONSOLE(128)] "currentLatencynow: 176.206", source: file:///home/seluser/ppt/player/dashjs/index.html (128)
[229:229:0130/101103.052903:INFO:CONSOLE(128)] "currentLatencynow: 177.206", source: file:///home/seluser/ppt/player/dashjs/index.html (128)
[229:229:0130/101104.052869:INFO:CONSOLE(128)] "currentLatencynow: 178.206", source: file:///home/seluser/ppt/player/dashjs/index.html (128)
[229:229:0130/101105.052921:INFO:CONSOLE(128)] "currentLatencynow: 179.206", source: file:///home/seluser/ppt/player/dashjs/index.html (128)
[229:325:0130/101105.188456:ERROR:database.cc(1761)] History SQLite error: code 1 errno 0: cannot commit - no transaction is active sql: COMMIT
[229:229:0130/101105.206662:WARNING:pref_notifier_impl.cc(40)] Pref observer for media_router.cast_allow_all_ips found at shutdown.
