[155:219:0108/162239.921871:ERROR:bus.cc(392)] Failed to connect to the bus: Failed to connect to socket /var/run/dbus/system_bus_socket: No such file or directory
[155:182:0108/162239.925351:ERROR:bus.cc(392)] Failed to connect to the bus: Address does not contain a colon
[155:182:0108/162239.925515:ERROR:bus.cc(392)] Failed to connect to the bus: Address does not contain a colon
[155:182:0108/162239.944116:ERROR:bus.cc(392)] Failed to connect to the bus: Address does not contain a colon
[155:182:0108/162239.944196:ERROR:bus.cc(392)] Failed to connect to the bus: Address does not contain a colon
[226:226:0108/162239.945208:ERROR:gpu_init.cc(453)] Passthrough is not supported, GL is swiftshader, ANGLE is 
[155:182:0108/162239.968732:ERROR:bus.cc(392)] Failed to connect to the bus: Address does not contain a colon
[155:182:0108/162239.968806:ERROR:bus.cc(392)] Failed to connect to the bus: Address does not contain a colon
[155:315:0108/162240.431200:ERROR:bus.cc(392)] Failed to connect to the bus: Failed to connect to socket /var/run/dbus/system_bus_socket: No such file or directory
[155:315:0108/162240.432216:ERROR:bus.cc(392)] Failed to connect to the bus: Failed to connect to socket /var/run/dbus/system_bus_socket: No such file or directory
[155:315:0108/162240.432311:ERROR:bus.cc(392)] Failed to connect to the bus: Failed to connect to socket /var/run/dbus/system_bus_socket: No such file or directory
[155:315:0108/162240.432334:WARNING:property.cc(144)] DaemonVersion: GetAndBlock: failed.
[155:315:0108/162240.432366:ERROR:bus.cc(392)] Failed to connect to the bus: Failed to connect to socket /var/run/dbus/system_bus_socket: No such file or directory
[155:315:0108/162240.432411:ERROR:bus.cc(392)] Failed to connect to the bus: Failed to connect to socket /var/run/dbus/system_bus_socket: No such file or directory
[155:155:0108/162243.388920:INFO:CONSOLE(128)] "currentLatencynow: NaN", source: file:///home/seluser/ppt/player/dashjs/index.html (128)
[155:155:0108/162244.388207:INFO:CONSOLE(128)] "currentLatencynow: 0", source: file:///home/seluser/ppt/player/dashjs/index.html (128)
[155:244:0108/162244.979373:ERROR:chrome_browser_main_extra_parts_metrics.cc(228)] crbug.com/1216328: Checking Bluetooth availability started. Please report if there is no report that this ends.
[155:244:0108/162244.979423:ERROR:chrome_browser_main_extra_parts_metrics.cc(231)] crbug.com/1216328: Checking Bluetooth availability ended.
[155:244:0108/162244.979439:ERROR:chrome_browser_main_extra_parts_metrics.cc(234)] crbug.com/1216328: Checking default browser status started. Please report if there is no report that this ends.
[155:155:0108/162245.448800:INFO:CONSOLE(128)] "currentLatencynow: 6.907", source: file:///home/seluser/ppt/player/dashjs/index.html (128)
[155:244:0108/162245.629286:ERROR:chrome_browser_main_extra_parts_metrics.cc(238)] crbug.com/1216328: Checking default browser status ended.
[506:506:0108/162245.679976:WARNING:audio_manager_linux.cc(69)] Falling back to ALSA for audio output. PulseAudio is not available or could not be initialized.
[506:506:0108/162245.710931:ERROR:alsa_util.cc(204)] PcmOpen: default,No such file or directory
[506:506:0108/162245.711062:ERROR:alsa_util.cc(204)] PcmOpen: plug:default,No such file or directory
[155:155:0108/162246.388452:INFO:CONSOLE(128)] "currentLatencynow: 7.88", source: file:///home/seluser/ppt/player/dashjs/index.html (128)
[155:155:0108/162247.388093:INFO:CONSOLE(128)] "currentLatencynow: 8.879", source: file:///home/seluser/ppt/player/dashjs/index.html (128)
[155:182:0108/162247.925724:ERROR:bus.cc(392)] Failed to connect to the bus: Address does not contain a colon
[155:182:0108/162247.925790:ERROR:bus.cc(392)] Failed to connect to the bus: Address does not contain a colon
[155:182:0108/162247.925803:ERROR:bus.cc(392)] Failed to connect to the bus: Address does not contain a colon
[155:182:0108/162247.925813:ERROR:bus.cc(392)] Failed to connect to the bus: Address does not contain a colon
[155:182:0108/162247.925823:ERROR:bus.cc(392)] Failed to connect to the bus: Address does not contain a colon
[155:182:0108/162247.925844:ERROR:bus.cc(392)] Failed to connect to the bus: Address does not contain a colon
[155:182:0108/162247.925853:ERROR:bus.cc(392)] Failed to connect to the bus: Address does not contain a colon
[155:182:0108/162247.925863:ERROR:bus.cc(392)] Failed to connect to the bus: Address does not contain a colon
[155:182:0108/162247.925872:ERROR:bus.cc(392)] Failed to connect to the bus: Address does not contain a colon
[155:182:0108/162247.925881:ERROR:bus.cc(392)] Failed to connect to the bus: Address does not contain a colon
[155:182:0108/162247.926340:ERROR:bus.cc(392)] Failed to connect to the bus: Address does not contain a colon
[155:182:0108/162247.926397:ERROR:bus.cc(392)] Failed to connect to the bus: Address does not contain a colon
[155:182:0108/162247.926434:ERROR:bus.cc(392)] Failed to connect to the bus: Address does not contain a colon
[155:182:0108/162247.926443:ERROR:bus.cc(392)] Failed to connect to the bus: Address does not contain a colon
[155:182:0108/162247.935272:ERROR:bus.cc(392)] Failed to connect to the bus: Address does not contain a colon
[155:182:0108/162247.951142:ERROR:bus.cc(392)] Failed to connect to the bus: Address does not contain a colon
[155:182:0108/162247.951170:ERROR:bus.cc(392)] Failed to connect to the bus: Address does not contain a colon
[155:182:0108/162248.017035:ERROR:bus.cc(392)] Failed to connect to the bus: Address does not contain a colon
[155:182:0108/162248.017109:ERROR:bus.cc(392)] Failed to connect to the bus: Address does not contain a colon
[155:155:0108/162248.388037:INFO:CONSOLE(128)] "currentLatencynow: 9.459", source: file:///home/seluser/ppt/player/dashjs/index.html (128)
[155:155:0108/162249.396501:INFO:CONSOLE(128)] "currentLatencynow: 9.359", source: file:///home/seluser/ppt/player/dashjs/index.html (128)
[155:155:0108/162250.387971:INFO:CONSOLE(128)] "currentLatencynow: 9.331", source: file:///home/seluser/ppt/player/dashjs/index.html (128)
[155:155:0108/162251.388246:INFO:CONSOLE(128)] "currentLatencynow: 9.331", source: file:///home/seluser/ppt/player/dashjs/index.html (128)
[155:155:0108/162252.389135:INFO:CONSOLE(128)] "currentLatencynow: 9.979", source: file:///home/seluser/ppt/player/dashjs/index.html (128)
[155:155:0108/162253.392046:INFO:CONSOLE(128)] "currentLatencynow: 10.982", source: file:///home/seluser/ppt/player/dashjs/index.html (128)
[155:155:0108/162254.392022:INFO:CONSOLE(128)] "currentLatencynow: 11.982", source: file:///home/seluser/ppt/player/dashjs/index.html (128)
[155:155:0108/162255.408227:INFO:CONSOLE(128)] "currentLatencynow: 12.982", source: file:///home/seluser/ppt/player/dashjs/index.html (128)
[155:182:0108/162255.889566:ERROR:bus.cc(392)] Failed to connect to the bus: Address does not contain a colon
[155:182:0108/162255.890881:ERROR:bus.cc(392)] Failed to connect to the bus: Address does not contain a colon
[155:155:0108/162256.405636:INFO:CONSOLE(128)] "currentLatencynow: 13.35", source: file:///home/seluser/ppt/player/dashjs/index.html (128)
[155:155:0108/162257.392010:INFO:CONSOLE(128)] "currentLatencynow: 13.25", source: file:///home/seluser/ppt/player/dashjs/index.html (128)
[155:155:0108/162258.409851:INFO:CONSOLE(128)] "currentLatencynow: 13.99", source: file:///home/seluser/ppt/player/dashjs/index.html (128)
[155:155:0108/162259.391997:INFO:CONSOLE(128)] "currentLatencynow: 14.972", source: file:///home/seluser/ppt/player/dashjs/index.html (128)
[155:155:0108/162300.392313:INFO:CONSOLE(128)] "currentLatencynow: 15.972", source: file:///home/seluser/ppt/player/dashjs/index.html (128)
[155:155:0108/162301.391977:INFO:CONSOLE(128)] "currentLatencynow: 16.972", source: file:///home/seluser/ppt/player/dashjs/index.html (128)
[155:155:0108/162302.391983:INFO:CONSOLE(128)] "currentLatencynow: 17.972", source: file:///home/seluser/ppt/player/dashjs/index.html (128)
[155:155:0108/162303.392155:INFO:CONSOLE(128)] "currentLatencynow: 18.972", source: file:///home/seluser/ppt/player/dashjs/index.html (128)
[155:155:0108/162304.392293:INFO:CONSOLE(128)] "currentLatencynow: 19.972", source: file:///home/seluser/ppt/player/dashjs/index.html (128)
[155:182:0108/162305.220349:ERROR:bus.cc(392)] Failed to connect to the bus: Address does not contain a colon
[155:182:0108/162305.220405:ERROR:bus.cc(392)] Failed to connect to the bus: Address does not contain a colon
[155:155:0108/162305.393250:INFO:CONSOLE(128)] "currentLatencynow: 20.746", source: file:///home/seluser/ppt/player/dashjs/index.html (128)
[155:155:0108/162306.391931:INFO:CONSOLE(128)] "currentLatencynow: 20.655", source: file:///home/seluser/ppt/player/dashjs/index.html (128)
[155:155:0108/162307.395607:INFO:CONSOLE(128)] "currentLatencynow: 20.951", source: file:///home/seluser/ppt/player/dashjs/index.html (128)
[155:155:0108/162308.415495:INFO:CONSOLE(128)] "currentLatencynow: 21.949", source: file:///home/seluser/ppt/player/dashjs/index.html (128)
[155:155:0108/162309.392061:INFO:CONSOLE(128)] "currentLatencynow: 22.278", source: file:///home/seluser/ppt/player/dashjs/index.html (128)
[155:155:0108/162310.392046:INFO:CONSOLE(128)] "currentLatencynow: 22.178", source: file:///home/seluser/ppt/player/dashjs/index.html (128)
[155:155:0108/162311.413547:INFO:CONSOLE(128)] "currentLatencynow: 22.923", source: file:///home/seluser/ppt/player/dashjs/index.html (128)
[155:155:0108/162312.392031:INFO:CONSOLE(128)] "currentLatencynow: 23.923", source: file:///home/seluser/ppt/player/dashjs/index.html (128)
[155:155:0108/162313.392103:INFO:CONSOLE(128)] "currentLatencynow: 24.923", source: file:///home/seluser/ppt/player/dashjs/index.html (128)
[155:155:0108/162314.534850:INFO:CONSOLE(128)] "currentLatencynow: 26.064", source: file:///home/seluser/ppt/player/dashjs/index.html (128)
[155:155:0108/162315.392065:INFO:CONSOLE(128)] "currentLatencynow: 26.923", source: file:///home/seluser/ppt/player/dashjs/index.html (128)
[155:155:0108/162316.392026:INFO:CONSOLE(128)] "currentLatencynow: 27.923", source: file:///home/seluser/ppt/player/dashjs/index.html (128)
[155:155:0108/162317.392000:INFO:CONSOLE(128)] "currentLatencynow: 28.923", source: file:///home/seluser/ppt/player/dashjs/index.html (128)
[155:155:0108/162318.392062:INFO:CONSOLE(128)] "currentLatencynow: 29.923", source: file:///home/seluser/ppt/player/dashjs/index.html (128)
[155:155:0108/162319.392003:INFO:CONSOLE(128)] "currentLatencynow: 30.923", source: file:///home/seluser/ppt/player/dashjs/index.html (128)
[155:182:0108/162320.089474:ERROR:bus.cc(392)] Failed to connect to the bus: Address does not contain a colon
[155:182:0108/162320.089728:ERROR:bus.cc(392)] Failed to connect to the bus: Address does not contain a colon
[155:155:0108/162320.392144:INFO:CONSOLE(128)] "currentLatencynow: 31.316", source: file:///home/seluser/ppt/player/dashjs/index.html (128)
[155:155:0108/162321.391891:INFO:CONSOLE(128)] "currentLatencynow: 31.316", source: file:///home/seluser/ppt/player/dashjs/index.html (128)
[155:155:0108/162322.392384:INFO:CONSOLE(128)] "currentLatencynow: 31.702", source: file:///home/seluser/ppt/player/dashjs/index.html (128)
[155:155:0108/162323.405675:INFO:CONSOLE(128)] "currentLatencynow: 32.715", source: file:///home/seluser/ppt/player/dashjs/index.html (128)
[155:155:0108/162324.498711:INFO:CONSOLE(128)] "currentLatencynow: 33.717", source: file:///home/seluser/ppt/player/dashjs/index.html (128)
[155:155:0108/162325.411501:INFO:CONSOLE(128)] "currentLatencynow: 34.715", source: file:///home/seluser/ppt/player/dashjs/index.html (128)
[155:155:0108/162326.405682:INFO:CONSOLE(128)] "currentLatencynow: 35.715", source: file:///home/seluser/ppt/player/dashjs/index.html (128)
[155:155:0108/162327.405654:INFO:CONSOLE(128)] "currentLatencynow: 36.715", source: file:///home/seluser/ppt/player/dashjs/index.html (128)
[155:155:0108/162328.405759:INFO:CONSOLE(128)] "currentLatencynow: 37.715", source: file:///home/seluser/ppt/player/dashjs/index.html (128)
[155:155:0108/162329.407703:INFO:CONSOLE(128)] "currentLatencynow: 38.715", source: file:///home/seluser/ppt/player/dashjs/index.html (128)
[155:155:0108/162330.405680:INFO:CONSOLE(128)] "currentLatencynow: 39.715", source: file:///home/seluser/ppt/player/dashjs/index.html (128)
[155:155:0108/162331.405732:INFO:CONSOLE(128)] "currentLatencynow: 40.715", source: file:///home/seluser/ppt/player/dashjs/index.html (128)
[155:155:0108/162332.405697:INFO:CONSOLE(128)] "currentLatencynow: 41.715", source: file:///home/seluser/ppt/player/dashjs/index.html (128)
[155:155:0108/162333.406261:INFO:CONSOLE(128)] "currentLatencynow: 42.715", source: file:///home/seluser/ppt/player/dashjs/index.html (128)
[155:155:0108/162334.405667:INFO:CONSOLE(128)] "currentLatencynow: 43.715", source: file:///home/seluser/ppt/player/dashjs/index.html (128)
[155:155:0108/162335.409158:INFO:CONSOLE(128)] "currentLatencynow: 44.718", source: file:///home/seluser/ppt/player/dashjs/index.html (128)
[155:155:0108/162336.405630:INFO:CONSOLE(128)] "currentLatencynow: 45.715", source: file:///home/seluser/ppt/player/dashjs/index.html (128)
[155:155:0108/162337.411329:INFO:CONSOLE(128)] "currentLatencynow: 46.715", source: file:///home/seluser/ppt/player/dashjs/index.html (128)
[155:155:0108/162338.405685:INFO:CONSOLE(128)] "currentLatencynow: 47.715", source: file:///home/seluser/ppt/player/dashjs/index.html (128)
[155:155:0108/162339.405801:INFO:CONSOLE(128)] "currentLatencynow: 48.715", source: file:///home/seluser/ppt/player/dashjs/index.html (128)
[155:155:0108/162340.442861:INFO:CONSOLE(128)] "currentLatencynow: 49.715", source: file:///home/seluser/ppt/player/dashjs/index.html (128)
[155:155:0108/162341.416534:INFO:CONSOLE(128)] "currentLatencynow: 50.726", source: file:///home/seluser/ppt/player/dashjs/index.html (128)
[155:155:0108/162342.405831:INFO:CONSOLE(128)] "currentLatencynow: 51.715", source: file:///home/seluser/ppt/player/dashjs/index.html (128)
[155:155:0108/162343.405781:INFO:CONSOLE(128)] "currentLatencynow: 52.715", source: file:///home/seluser/ppt/player/dashjs/index.html (128)
[155:155:0108/162344.405735:INFO:CONSOLE(128)] "currentLatencynow: 53.715", source: file:///home/seluser/ppt/player/dashjs/index.html (128)
[155:155:0108/162345.405690:INFO:CONSOLE(128)] "currentLatencynow: 54.715", source: file:///home/seluser/ppt/player/dashjs/index.html (128)
[155:155:0108/162346.463158:INFO:CONSOLE(128)] "currentLatencynow: 55.715", source: file:///home/seluser/ppt/player/dashjs/index.html (128)
[155:155:0108/162437.205466:INFO:CONSOLE(128)] "currentLatencynow: 103.152", source: file:///home/seluser/ppt/player/dashjs/index.html (128)
[155:155:0108/162441.155374:INFO:CONSOLE(128)] "currentLatencynow: 108.223", source: file:///home/seluser/ppt/player/dashjs/index.html (128)
[155:155:0108/162448.516394:INFO:CONSOLE(128)] "currentLatencynow: 114.633", source: file:///home/seluser/ppt/player/dashjs/index.html (128)
[155:155:0108/162448.648516:INFO:CONSOLE(114)] "Begin Player stistics 
", source: file:///home/seluser/ppt/player/dashjs/index.html (114)
[155:155:0108/162448.648651:INFO:CONSOLE(115)] "["stall",[["3.32","6.34",3.02]],[["10.16","10.41",0.25]],[["16.07","16.31",0.23999999999999844]],[["25.45","25.70",0.25]],[["29.03","29.28",0.25]],[["38.47","38.47",0]],[["availibleBW",[null],[null],[null],[null],[null],[3619],[3619],[3619],[3619],[2943],[2943],[3115],[3115],[3230],[3230],[3230],[3230],[3230],[3230],[3344],[3344],[3344],[3344],[3344],[3344],[3344],[3559],[3559],[3559],[3559],[3559],[3467],[3467],[3467],[3467],[3467],[3467],[3467],[3467],[3467],[3467],[3467],[3467],[3467],[3467],[3467],[3467],[3467],[3467],[3467],[3467],[3467],[3467],[3467],[3467],[3467],[3467],[3467],[3467],[3467],[3467],[3467],[3467],[3467],[3467],[3467],[3467]]],[["currentBuffer",[0],[0],[0],[0],[0],[1.757],[0.673],[0],[0],[0],[0],[0.043],[0.043],[1.575],[0.475],[0.035],[0.035],[0.035],[0.035],[2.037],[2.037],[2.037],[2.037],[0.982],[0.014],[0.014],[1.457],[0.357],[0],[0],[0],[1.992],[1.992],[1.992],[1.992],[1.992],[1.992],[1.464],[0.47],[0.06],[0.06],[0.06],[0.06],[0.06],[0.06],[0.06],[0.06],[0.06],[0.06],[0.06],[0.06],[0.06],[0.06],[0.06],[0.06],[0.06],[0.06],[0.06],[0.06],[0.06],[0.06],[0.06],[0.06],[0.06],[0.06],[0.06],[0.06]]],[["currentLatency",[null],[0],[6.907],[7.88],[8.879],[9.459],[9.359],[9.331],[9.331],[9.979],[10.982],[11.982],[12.982],[13.35],[13.25],[13.99],[14.972],[15.972],[16.972],[17.972],[18.972],[19.972],[20.746],[20.655],[20.951],[21.949],[22.278],[22.178],[22.923],[23.923],[24.923],[26.064],[26.923],[27.923],[28.923],[29.923],[30.923],[31.316],[31.316],[31.702],[32.715],[33.717],[34.715],[35.715],[36.715],[37.715],[38.715],[39.715],[40.715],[41.715],[42.715],[43.715],[44.718],[45.715],[46.715],[47.715],[48.715],[49.715],[50.726],[51.715],[52.715],[53.715],[54.715],[55.715],[103.152],[108.223],[114.633]]]]", source: file:///home/seluser/ppt/player/dashjs/index.html (115)
[155:155:0108/162449.202116:INFO:CONSOLE(116)] "
", source: file:///home/seluser/ppt/player/dashjs/index.html (116)
[155:155:0108/162449.202245:INFO:CONSOLE(117)] "Finish Player stistics 
", source: file:///home/seluser/ppt/player/dashjs/index.html (117)
[155:155:0108/162449.202368:INFO:CONSOLE(128)] "currentLatencynow: 114.715", source: file:///home/seluser/ppt/player/dashjs/index.html (128)
[155:155:0108/162449.202543:INFO:CONSOLE(128)] "currentLatencynow: 116.816", source: file:///home/seluser/ppt/player/dashjs/index.html (128)
[155:155:0108/162449.364030:INFO:CONSOLE(128)] "currentLatencynow: 117.807", source: file:///home/seluser/ppt/player/dashjs/index.html (128)
[155:155:0108/162449.492257:INFO:CONSOLE(128)] "currentLatencynow: 118.715", source: file:///home/seluser/ppt/player/dashjs/index.html (128)
[155:155:0108/162450.411328:INFO:CONSOLE(128)] "currentLatencynow: 119.72", source: file:///home/seluser/ppt/player/dashjs/index.html (128)
[155:155:0108/162452.834647:INFO:CONSOLE(128)] "currentLatencynow: 122.144", source: file:///home/seluser/ppt/player/dashjs/index.html (128)
[155:155:0108/162453.734875:INFO:CONSOLE(128)] "currentLatencynow: 123.044", source: file:///home/seluser/ppt/player/dashjs/index.html (128)
[155:155:0108/162454.735245:INFO:CONSOLE(128)] "currentLatencynow: 124.044", source: file:///home/seluser/ppt/player/dashjs/index.html (128)
[155:155:0108/162455.734862:INFO:CONSOLE(128)] "currentLatencynow: 125.044", source: file:///home/seluser/ppt/player/dashjs/index.html (128)
[155:155:0108/162456.735395:INFO:CONSOLE(128)] "currentLatencynow: 126.044", source: file:///home/seluser/ppt/player/dashjs/index.html (128)
[155:155:0108/162457.734792:INFO:CONSOLE(128)] "currentLatencynow: 127.044", source: file:///home/seluser/ppt/player/dashjs/index.html (128)
[155:155:0108/162458.734735:INFO:CONSOLE(128)] "currentLatencynow: 128.044", source: file:///home/seluser/ppt/player/dashjs/index.html (128)
[155:155:0108/162459.734905:INFO:CONSOLE(128)] "currentLatencynow: 129.044", source: file:///home/seluser/ppt/player/dashjs/index.html (128)
[155:155:0108/162500.734836:INFO:CONSOLE(128)] "currentLatencynow: 130.044", source: file:///home/seluser/ppt/player/dashjs/index.html (128)
[155:155:0108/162501.734758:INFO:CONSOLE(128)] "currentLatencynow: 131.044", source: file:///home/seluser/ppt/player/dashjs/index.html (128)
[155:155:0108/162502.734836:INFO:CONSOLE(128)] "currentLatencynow: 132.044", source: file:///home/seluser/ppt/player/dashjs/index.html (128)
[155:155:0108/162503.735431:INFO:CONSOLE(128)] "currentLatencynow: 133.044", source: file:///home/seluser/ppt/player/dashjs/index.html (128)
[155:155:0108/162504.170217:WARNING:pref_notifier_impl.cc(40)] Pref observer for media_router.cast_allow_all_ips found at shutdown.
