[155:219:0108/162244.374447:ERROR:bus.cc(392)] Failed to connect to the bus: Failed to connect to socket /var/run/dbus/system_bus_socket: No such file or directory
[155:182:0108/162244.377370:ERROR:bus.cc(392)] Failed to connect to the bus: Address does not contain a colon
[155:182:0108/162244.377490:ERROR:bus.cc(392)] Failed to connect to the bus: Address does not contain a colon
[225:225:0108/162244.428125:ERROR:gpu_init.cc(453)] Passthrough is not supported, GL is swiftshader, ANGLE is 
[155:182:0108/162244.435581:ERROR:bus.cc(392)] Failed to connect to the bus: Address does not contain a colon
[155:182:0108/162244.435627:ERROR:bus.cc(392)] Failed to connect to the bus: Address does not contain a colon
[155:182:0108/162244.537604:ERROR:bus.cc(392)] Failed to connect to the bus: Address does not contain a colon
[155:182:0108/162244.537653:ERROR:bus.cc(392)] Failed to connect to the bus: Address does not contain a colon
[155:319:0108/162244.872216:ERROR:bus.cc(392)] Failed to connect to the bus: Failed to connect to socket /var/run/dbus/system_bus_socket: No such file or directory
[155:319:0108/162244.872303:ERROR:bus.cc(392)] Failed to connect to the bus: Failed to connect to socket /var/run/dbus/system_bus_socket: No such file or directory
[155:319:0108/162244.872368:ERROR:bus.cc(392)] Failed to connect to the bus: Failed to connect to socket /var/run/dbus/system_bus_socket: No such file or directory
[155:319:0108/162244.872392:WARNING:property.cc(144)] DaemonVersion: GetAndBlock: failed.
[155:319:0108/162244.872440:ERROR:bus.cc(392)] Failed to connect to the bus: Failed to connect to socket /var/run/dbus/system_bus_socket: No such file or directory
[155:319:0108/162244.872519:ERROR:bus.cc(392)] Failed to connect to the bus: Failed to connect to socket /var/run/dbus/system_bus_socket: No such file or directory
[155:155:0108/162247.611759:INFO:CONSOLE(128)] "currentLatencynow: NaN", source: file:///home/seluser/ppt/player/dashjs/index.html (128)
[155:155:0108/162248.615763:INFO:CONSOLE(128)] "currentLatencynow: 0", source: file:///home/seluser/ppt/player/dashjs/index.html (128)
[155:255:0108/162249.362153:ERROR:chrome_browser_main_extra_parts_metrics.cc(228)] crbug.com/1216328: Checking Bluetooth availability started. Please report if there is no report that this ends.
[155:255:0108/162249.362210:ERROR:chrome_browser_main_extra_parts_metrics.cc(231)] crbug.com/1216328: Checking Bluetooth availability ended.
[155:255:0108/162249.362225:ERROR:chrome_browser_main_extra_parts_metrics.cc(234)] crbug.com/1216328: Checking default browser status started. Please report if there is no report that this ends.
[155:155:0108/162249.702959:INFO:CONSOLE(128)] "currentLatencynow: 0", source: file:///home/seluser/ppt/player/dashjs/index.html (128)
[155:155:0108/162250.612834:INFO:CONSOLE(128)] "currentLatencynow: 7.731", source: file:///home/seluser/ppt/player/dashjs/index.html (128)
[155:255:0108/162250.753480:ERROR:chrome_browser_main_extra_parts_metrics.cc(238)] crbug.com/1216328: Checking default browser status ended.
[525:525:0108/162250.811235:WARNING:audio_manager_linux.cc(69)] Falling back to ALSA for audio output. PulseAudio is not available or could not be initialized.
[525:525:0108/162250.864682:ERROR:alsa_util.cc(204)] PcmOpen: default,No such file or directory
[525:525:0108/162250.864900:ERROR:alsa_util.cc(204)] PcmOpen: plug:default,No such file or directory
[155:155:0108/162251.610649:INFO:CONSOLE(128)] "currentLatencynow: 8.73", source: file:///home/seluser/ppt/player/dashjs/index.html (128)
[155:155:0108/162252.611185:INFO:CONSOLE(128)] "currentLatencynow: 9.73", source: file:///home/seluser/ppt/player/dashjs/index.html (128)
[155:155:0108/162253.622715:INFO:CONSOLE(128)] "currentLatencynow: 10.742", source: file:///home/seluser/ppt/player/dashjs/index.html (128)
[155:182:0108/162253.650351:ERROR:bus.cc(392)] Failed to connect to the bus: Address does not contain a colon
[155:182:0108/162253.650447:ERROR:bus.cc(392)] Failed to connect to the bus: Address does not contain a colon
[155:182:0108/162253.650463:ERROR:bus.cc(392)] Failed to connect to the bus: Address does not contain a colon
[155:182:0108/162253.650490:ERROR:bus.cc(392)] Failed to connect to the bus: Address does not contain a colon
[155:182:0108/162253.650501:ERROR:bus.cc(392)] Failed to connect to the bus: Address does not contain a colon
[155:182:0108/162253.650510:ERROR:bus.cc(392)] Failed to connect to the bus: Address does not contain a colon
[155:182:0108/162253.650520:ERROR:bus.cc(392)] Failed to connect to the bus: Address does not contain a colon
[155:182:0108/162253.650529:ERROR:bus.cc(392)] Failed to connect to the bus: Address does not contain a colon
[155:182:0108/162253.650537:ERROR:bus.cc(392)] Failed to connect to the bus: Address does not contain a colon
[155:182:0108/162253.650546:ERROR:bus.cc(392)] Failed to connect to the bus: Address does not contain a colon
[155:182:0108/162253.650652:ERROR:bus.cc(392)] Failed to connect to the bus: Address does not contain a colon
[155:182:0108/162253.650723:ERROR:bus.cc(392)] Failed to connect to the bus: Address does not contain a colon
[155:182:0108/162253.650735:ERROR:bus.cc(392)] Failed to connect to the bus: Address does not contain a colon
[155:182:0108/162253.650842:ERROR:bus.cc(392)] Failed to connect to the bus: Address does not contain a colon
[155:182:0108/162253.661360:ERROR:bus.cc(392)] Failed to connect to the bus: Address does not contain a colon
[155:182:0108/162253.664829:ERROR:bus.cc(392)] Failed to connect to the bus: Address does not contain a colon
[155:182:0108/162253.664873:ERROR:bus.cc(392)] Failed to connect to the bus: Address does not contain a colon
[155:182:0108/162253.733122:ERROR:bus.cc(392)] Failed to connect to the bus: Address does not contain a colon
[155:182:0108/162253.733173:ERROR:bus.cc(392)] Failed to connect to the bus: Address does not contain a colon
[155:155:0108/162254.615312:INFO:CONSOLE(128)] "currentLatencynow: 10.752", source: file:///home/seluser/ppt/player/dashjs/index.html (128)
[155:155:0108/162255.628731:INFO:CONSOLE(128)] "currentLatencynow: 11.078", source: file:///home/seluser/ppt/player/dashjs/index.html (128)
[155:155:0108/162256.614858:INFO:CONSOLE(128)] "currentLatencynow: 11.078", source: file:///home/seluser/ppt/player/dashjs/index.html (128)
[155:155:0108/162257.614612:INFO:CONSOLE(128)] "currentLatencynow: 11.173", source: file:///home/seluser/ppt/player/dashjs/index.html (128)
[155:155:0108/162258.614670:INFO:CONSOLE(128)] "currentLatencynow: 12.173", source: file:///home/seluser/ppt/player/dashjs/index.html (128)
[155:155:0108/162259.614714:INFO:CONSOLE(128)] "currentLatencynow: 13.173", source: file:///home/seluser/ppt/player/dashjs/index.html (128)
[155:155:0108/162300.614587:INFO:CONSOLE(128)] "currentLatencynow: 14.173", source: file:///home/seluser/ppt/player/dashjs/index.html (128)
[155:155:0108/162301.615599:INFO:CONSOLE(128)] "currentLatencynow: 15.173", source: file:///home/seluser/ppt/player/dashjs/index.html (128)
[155:155:0108/162302.614711:INFO:CONSOLE(128)] "currentLatencynow: 16.173", source: file:///home/seluser/ppt/player/dashjs/index.html (128)
[155:155:0108/162303.618764:INFO:CONSOLE(128)] "currentLatencynow: 17.173", source: file:///home/seluser/ppt/player/dashjs/index.html (128)
[155:155:0108/162304.614660:INFO:CONSOLE(128)] "currentLatencynow: 18.173", source: file:///home/seluser/ppt/player/dashjs/index.html (128)
[155:155:0108/162305.615169:INFO:CONSOLE(128)] "currentLatencynow: 19.173", source: file:///home/seluser/ppt/player/dashjs/index.html (128)
[155:155:0108/162306.614797:INFO:CONSOLE(128)] "currentLatencynow: 20.173", source: file:///home/seluser/ppt/player/dashjs/index.html (128)
[155:155:0108/162307.615268:INFO:CONSOLE(128)] "currentLatencynow: 21.173", source: file:///home/seluser/ppt/player/dashjs/index.html (128)
[155:182:0108/162308.346354:ERROR:bus.cc(392)] Failed to connect to the bus: Address does not contain a colon
[155:182:0108/162308.346463:ERROR:bus.cc(392)] Failed to connect to the bus: Address does not contain a colon
[155:155:0108/162308.625313:INFO:CONSOLE(128)] "currentLatencynow: 21.814", source: file:///home/seluser/ppt/player/dashjs/index.html (128)
[155:155:0108/162309.615278:INFO:CONSOLE(128)] "currentLatencynow: 21.715", source: file:///home/seluser/ppt/player/dashjs/index.html (128)
[155:155:0108/162310.614918:INFO:CONSOLE(128)] "currentLatencynow: 22.179", source: file:///home/seluser/ppt/player/dashjs/index.html (128)
[155:155:0108/162311.614635:INFO:CONSOLE(128)] "currentLatencynow: 23.179", source: file:///home/seluser/ppt/player/dashjs/index.html (128)
[155:155:0108/162312.614803:INFO:CONSOLE(128)] "currentLatencynow: 24.179", source: file:///home/seluser/ppt/player/dashjs/index.html (128)
[155:155:0108/162313.617115:INFO:CONSOLE(128)] "currentLatencynow: 25.181", source: file:///home/seluser/ppt/player/dashjs/index.html (128)
[155:155:0108/162314.649108:INFO:CONSOLE(128)] "currentLatencynow: 26.181", source: file:///home/seluser/ppt/player/dashjs/index.html (128)
[155:182:0108/162315.046133:ERROR:bus.cc(392)] Failed to connect to the bus: Address does not contain a colon
[155:182:0108/162315.046397:ERROR:bus.cc(392)] Failed to connect to the bus: Address does not contain a colon
[155:155:0108/162315.614723:INFO:CONSOLE(128)] "currentLatencynow: 26.526", source: file:///home/seluser/ppt/player/dashjs/index.html (128)
[155:155:0108/162316.614574:INFO:CONSOLE(128)] "currentLatencynow: 26.426", source: file:///home/seluser/ppt/player/dashjs/index.html (128)
[155:155:0108/162317.640800:INFO:CONSOLE(128)] "currentLatencynow: 27.174", source: file:///home/seluser/ppt/player/dashjs/index.html (128)
[155:155:0108/162318.614592:INFO:CONSOLE(128)] "currentLatencynow: 28.153", source: file:///home/seluser/ppt/player/dashjs/index.html (128)
[155:155:0108/162319.622125:INFO:CONSOLE(128)] "currentLatencynow: 29.16", source: file:///home/seluser/ppt/player/dashjs/index.html (128)
[155:155:0108/162320.615593:INFO:CONSOLE(128)] "currentLatencynow: 30.153", source: file:///home/seluser/ppt/player/dashjs/index.html (128)
[155:155:0108/162321.614799:INFO:CONSOLE(128)] "currentLatencynow: 31.153", source: file:///home/seluser/ppt/player/dashjs/index.html (128)
[155:155:0108/162322.614672:INFO:CONSOLE(128)] "currentLatencynow: 31.807", source: file:///home/seluser/ppt/player/dashjs/index.html (128)
[155:155:0108/162323.628361:INFO:CONSOLE(128)] "currentLatencynow: 32.82", source: file:///home/seluser/ppt/player/dashjs/index.html (128)
[155:155:0108/162324.644398:INFO:CONSOLE(128)] "currentLatencynow: 33.836", source: file:///home/seluser/ppt/player/dashjs/index.html (128)
[155:155:0108/162325.628242:INFO:CONSOLE(128)] "currentLatencynow: 34.82", source: file:///home/seluser/ppt/player/dashjs/index.html (128)
[155:155:0108/162326.628227:INFO:CONSOLE(128)] "currentLatencynow: 35.82", source: file:///home/seluser/ppt/player/dashjs/index.html (128)
[155:155:0108/162327.628263:INFO:CONSOLE(128)] "currentLatencynow: 36.82", source: file:///home/seluser/ppt/player/dashjs/index.html (128)
[155:155:0108/162328.628265:INFO:CONSOLE(128)] "currentLatencynow: 37.82", source: file:///home/seluser/ppt/player/dashjs/index.html (128)
[155:155:0108/162329.628349:INFO:CONSOLE(128)] "currentLatencynow: 38.82", source: file:///home/seluser/ppt/player/dashjs/index.html (128)
[155:155:0108/162330.628328:INFO:CONSOLE(128)] "currentLatencynow: 39.82", source: file:///home/seluser/ppt/player/dashjs/index.html (128)
[155:155:0108/162331.628450:INFO:CONSOLE(128)] "currentLatencynow: 40.821", source: file:///home/seluser/ppt/player/dashjs/index.html (128)
[155:155:0108/162332.628275:INFO:CONSOLE(128)] "currentLatencynow: 41.82", source: file:///home/seluser/ppt/player/dashjs/index.html (128)
[155:155:0108/162333.628334:INFO:CONSOLE(128)] "currentLatencynow: 42.82", source: file:///home/seluser/ppt/player/dashjs/index.html (128)
[155:155:0108/162334.628224:INFO:CONSOLE(128)] "currentLatencynow: 43.82", source: file:///home/seluser/ppt/player/dashjs/index.html (128)
[155:155:0108/162335.628280:INFO:CONSOLE(128)] "currentLatencynow: 44.82", source: file:///home/seluser/ppt/player/dashjs/index.html (128)
[155:155:0108/162336.628290:INFO:CONSOLE(128)] "currentLatencynow: 45.82", source: file:///home/seluser/ppt/player/dashjs/index.html (128)
[155:155:0108/162337.628350:INFO:CONSOLE(128)] "currentLatencynow: 46.82", source: file:///home/seluser/ppt/player/dashjs/index.html (128)
[155:155:0108/162338.628261:INFO:CONSOLE(128)] "currentLatencynow: 47.82", source: file:///home/seluser/ppt/player/dashjs/index.html (128)
[155:155:0108/162339.628268:INFO:CONSOLE(128)] "currentLatencynow: 48.82", source: file:///home/seluser/ppt/player/dashjs/index.html (128)
[155:155:0108/162340.628250:INFO:CONSOLE(128)] "currentLatencynow: 49.82", source: file:///home/seluser/ppt/player/dashjs/index.html (128)
[155:155:0108/162341.628293:INFO:CONSOLE(128)] "currentLatencynow: 50.82", source: file:///home/seluser/ppt/player/dashjs/index.html (128)
[155:155:0108/162342.628628:INFO:CONSOLE(128)] "currentLatencynow: 51.821", source: file:///home/seluser/ppt/player/dashjs/index.html (128)
[155:155:0108/162343.628339:INFO:CONSOLE(128)] "currentLatencynow: 52.82", source: file:///home/seluser/ppt/player/dashjs/index.html (128)
[155:155:0108/162344.628328:INFO:CONSOLE(128)] "currentLatencynow: 53.82", source: file:///home/seluser/ppt/player/dashjs/index.html (128)
[155:155:0108/162345.628354:INFO:CONSOLE(128)] "currentLatencynow: 54.82", source: file:///home/seluser/ppt/player/dashjs/index.html (128)
[155:155:0108/162347.347721:INFO:CONSOLE(128)] "currentLatencynow: 55.821", source: file:///home/seluser/ppt/player/dashjs/index.html (128)
[155:155:0108/162431.916197:INFO:CONSOLE(128)] "currentLatencynow: 96.383", source: file:///home/seluser/ppt/player/dashjs/index.html (128)
[155:155:0108/162449.502694:INFO:CONSOLE(128)] "currentLatencynow: 114.734", source: file:///home/seluser/ppt/player/dashjs/index.html (128)
[155:155:0108/162449.503411:INFO:CONSOLE(128)] "currentLatencynow: 114.82", source: file:///home/seluser/ppt/player/dashjs/index.html (128)
[155:155:0108/162449.503570:INFO:CONSOLE(128)] "currentLatencynow: 115.883", source: file:///home/seluser/ppt/player/dashjs/index.html (128)
[155:155:0108/162449.503709:INFO:CONSOLE(114)] "Begin Player stistics 
", source: file:///home/seluser/ppt/player/dashjs/index.html (114)
[155:155:0108/162449.503774:INFO:CONSOLE(115)] "["stall",[["3.57","7.80",4.23]],[["9.29","9.54",0.25]],[["11.67","11.92",0.25]],[["24.26","24.51",0.25]],[["31.03","31.27",0.23999999999999844]],[["availibleBW",[null],[null],[null],[null],[null],[null],[3580],[3580],[3580],[3602],[3602],[3602],[3602],[3602],[3602],[3602],[3602],[3365],[3365],[3365],[3365],[3323],[3323],[3023],[3023],[3023],[3023],[2931],[2931],[2931],[2931],[2931],[2931],[2931],[2931],[2931],[2931],[2931],[2931],[2931],[2931],[2931],[2931],[2931],[2931],[2931],[2931],[2931],[2931],[2931],[2931],[2931],[2931],[2931],[2931],[2931],[2931],[2931],[2931],[2931],[2931],[2931],[2931],[2931]]],[["currentBuffer",[0],[0],[0],[0],[0],[0],[1.57],[0.779],[0.023],[0],[0],[0],[0],[0],[0],[0],[0],[0.011],[0.011],[0.011],[0.011],[1.747],[0.658],[2.021],[2.021],[2.021],[2.021],[4.023],[3.642],[2.543],[1.997],[1.997],[1.997],[1.997],[1.997],[1.997],[1.997],[1.997],[1.997],[1.997],[1.997],[1.997],[1.997],[1.997],[1.997],[1.997],[1.997],[1.997],[1.997],[1.997],[1.997],[1.997],[1.997],[1.997],[1.997],[1.997],[1.997],[1.997],[1.997],[1.997],[1.997],[1.997],[1.997],[1.997]]],[["currentLatency",[null],[0],[0],[7.731],[8.73],[9.73],[10.742],[10.752],[11.078],[11.078],[11.173],[12.173],[13.173],[14.173],[15.173],[16.173],[17.173],[18.173],[19.173],[20.173],[21.173],[21.814],[21.715],[22.179],[23.179],[24.179],[25.181],[26.181],[26.526],[26.426],[27.174],[28.153],[29.16],[30.153],[31.153],[31.807],[32.82],[33.836],[34.82],[35.82],[36.82],[37.82],[38.82],[39.82],[40.821],[41.82],[42.82],[43.82],[44.82],[45.82],[46.82],[47.82],[48.82],[49.82],[50.82],[51.821],[52.82],[53.82],[54.82],[55.821],[96.383],[114.734],[114.82],[115.883]]]]", source: file:///home/seluser/ppt/player/dashjs/index.html (115)
[155:155:0108/162449.503908:INFO:CONSOLE(116)] "
", source: file:///home/seluser/ppt/player/dashjs/index.html (116)
[155:155:0108/162449.504118:INFO:CONSOLE(117)] "Finish Player stistics 
", source: file:///home/seluser/ppt/player/dashjs/index.html (117)
[155:155:0108/162450.401454:INFO:CONSOLE(128)] "currentLatencynow: 116.889", source: file:///home/seluser/ppt/player/dashjs/index.html (128)
[155:155:0108/162450.401851:INFO:CONSOLE(128)] "currentLatencynow: 117.844", source: file:///home/seluser/ppt/player/dashjs/index.html (128)
[155:155:0108/162450.404678:INFO:CONSOLE(128)] "currentLatencynow: 119.566", source: file:///home/seluser/ppt/player/dashjs/index.html (128)
[155:155:0108/162451.957414:INFO:CONSOLE(128)] "currentLatencynow: 121.15", source: file:///home/seluser/ppt/player/dashjs/index.html (128)
[155:155:0108/162452.982137:INFO:CONSOLE(128)] "currentLatencynow: 122.172", source: file:///home/seluser/ppt/player/dashjs/index.html (128)
[155:155:0108/162453.957437:INFO:CONSOLE(128)] "currentLatencynow: 123.15", source: file:///home/seluser/ppt/player/dashjs/index.html (128)
[155:155:0108/162454.957489:INFO:CONSOLE(128)] "currentLatencynow: 124.15", source: file:///home/seluser/ppt/player/dashjs/index.html (128)
[155:155:0108/162455.957412:INFO:CONSOLE(128)] "currentLatencynow: 125.15", source: file:///home/seluser/ppt/player/dashjs/index.html (128)
[155:155:0108/162456.957628:INFO:CONSOLE(128)] "currentLatencynow: 126.15", source: file:///home/seluser/ppt/player/dashjs/index.html (128)
[155:155:0108/162457.957337:INFO:CONSOLE(128)] "currentLatencynow: 127.15", source: file:///home/seluser/ppt/player/dashjs/index.html (128)
[155:155:0108/162458.957452:INFO:CONSOLE(128)] "currentLatencynow: 128.15", source: file:///home/seluser/ppt/player/dashjs/index.html (128)
[155:155:0108/162459.957331:INFO:CONSOLE(128)] "currentLatencynow: 129.15", source: file:///home/seluser/ppt/player/dashjs/index.html (128)
[155:155:0108/162500.957461:INFO:CONSOLE(128)] "currentLatencynow: 130.15", source: file:///home/seluser/ppt/player/dashjs/index.html (128)
[155:155:0108/162501.957570:INFO:CONSOLE(128)] "currentLatencynow: 131.15", source: file:///home/seluser/ppt/player/dashjs/index.html (128)
[155:155:0108/162502.957370:INFO:CONSOLE(128)] "currentLatencynow: 132.15", source: file:///home/seluser/ppt/player/dashjs/index.html (128)
[155:155:0108/162503.957480:INFO:CONSOLE(128)] "currentLatencynow: 133.15", source: file:///home/seluser/ppt/player/dashjs/index.html (128)
[155:155:0108/162504.957944:INFO:CONSOLE(128)] "currentLatencynow: 134.15", source: file:///home/seluser/ppt/player/dashjs/index.html (128)
[155:155:0108/162505.957896:INFO:CONSOLE(128)] "currentLatencynow: 135.15", source: file:///home/seluser/ppt/player/dashjs/index.html (128)
[155:155:0108/162506.969314:INFO:CONSOLE(128)] "currentLatencynow: 136.15", source: file:///home/seluser/ppt/player/dashjs/index.html (128)
[155:155:0108/162507.957901:INFO:CONSOLE(128)] "currentLatencynow: 137.15", source: file:///home/seluser/ppt/player/dashjs/index.html (128)
[155:155:0108/162508.632805:WARNING:pref_notifier_impl.cc(40)] Pref observer for media_router.cast_allow_all_ips found at shutdown.
