[155:219:0108/162955.713444:ERROR:bus.cc(392)] Failed to connect to the bus: Failed to connect to socket /var/run/dbus/system_bus_socket: No such file or directory
[155:182:0108/162955.716324:ERROR:bus.cc(392)] Failed to connect to the bus: Address does not contain a colon
[155:182:0108/162955.716369:ERROR:bus.cc(392)] Failed to connect to the bus: Address does not contain a colon
[223:223:0108/162955.747191:ERROR:gpu_init.cc(453)] Passthrough is not supported, GL is swiftshader, ANGLE is 
[155:182:0108/162955.752399:ERROR:bus.cc(392)] Failed to connect to the bus: Address does not contain a colon
[155:182:0108/162955.752517:ERROR:bus.cc(392)] Failed to connect to the bus: Address does not contain a colon
[155:182:0108/162955.809322:ERROR:bus.cc(392)] Failed to connect to the bus: Address does not contain a colon
[155:182:0108/162955.809404:ERROR:bus.cc(392)] Failed to connect to the bus: Address does not contain a colon
[155:316:0108/162955.961442:ERROR:bus.cc(392)] Failed to connect to the bus: Failed to connect to socket /var/run/dbus/system_bus_socket: No such file or directory
[155:316:0108/162955.961531:ERROR:bus.cc(392)] Failed to connect to the bus: Failed to connect to socket /var/run/dbus/system_bus_socket: No such file or directory
[155:316:0108/162955.961601:ERROR:bus.cc(392)] Failed to connect to the bus: Failed to connect to socket /var/run/dbus/system_bus_socket: No such file or directory
[155:316:0108/162955.961622:WARNING:property.cc(144)] DaemonVersion: GetAndBlock: failed.
[155:316:0108/162955.961709:ERROR:bus.cc(392)] Failed to connect to the bus: Failed to connect to socket /var/run/dbus/system_bus_socket: No such file or directory
[155:316:0108/162955.961756:ERROR:bus.cc(392)] Failed to connect to the bus: Failed to connect to socket /var/run/dbus/system_bus_socket: No such file or directory
[155:155:0108/162958.315300:INFO:CONSOLE(128)] "currentLatencynow: NaN", source: file:///home/seluser/ppt/player/dashjs/index.html (128)
[155:181:0108/162959.126139:ERROR:chrome_browser_main_extra_parts_metrics.cc(228)] crbug.com/1216328: Checking Bluetooth availability started. Please report if there is no report that this ends.
[155:181:0108/162959.126368:ERROR:chrome_browser_main_extra_parts_metrics.cc(231)] crbug.com/1216328: Checking Bluetooth availability ended.
[155:181:0108/162959.126405:ERROR:chrome_browser_main_extra_parts_metrics.cc(234)] crbug.com/1216328: Checking default browser status started. Please report if there is no report that this ends.
[155:155:0108/162959.337108:INFO:CONSOLE(128)] "currentLatencynow: 0", source: file:///home/seluser/ppt/player/dashjs/index.html (128)
[155:181:0108/162959.479970:ERROR:chrome_browser_main_extra_parts_metrics.cc(238)] crbug.com/1216328: Checking default browser status ended.
[540:540:0108/162959.581646:WARNING:audio_manager_linux.cc(69)] Falling back to ALSA for audio output. PulseAudio is not available or could not be initialized.
[540:540:0108/162959.610837:ERROR:alsa_util.cc(204)] PcmOpen: default,No such file or directory
[540:540:0108/162959.611074:ERROR:alsa_util.cc(204)] PcmOpen: plug:default,No such file or directory
[155:155:0108/163000.323746:INFO:CONSOLE(128)] "currentLatencynow: 7.189", source: file:///home/seluser/ppt/player/dashjs/index.html (128)
[155:155:0108/163001.315266:INFO:CONSOLE(128)] "currentLatencynow: 8.188", source: file:///home/seluser/ppt/player/dashjs/index.html (128)
[155:182:0108/163001.773872:ERROR:bus.cc(392)] Failed to connect to the bus: Address does not contain a colon
[155:182:0108/163001.773923:ERROR:bus.cc(392)] Failed to connect to the bus: Address does not contain a colon
[155:182:0108/163001.773935:ERROR:bus.cc(392)] Failed to connect to the bus: Address does not contain a colon
[155:182:0108/163001.773945:ERROR:bus.cc(392)] Failed to connect to the bus: Address does not contain a colon
[155:182:0108/163001.774018:ERROR:bus.cc(392)] Failed to connect to the bus: Address does not contain a colon
[155:182:0108/163001.774087:ERROR:bus.cc(392)] Failed to connect to the bus: Address does not contain a colon
[155:182:0108/163001.774100:ERROR:bus.cc(392)] Failed to connect to the bus: Address does not contain a colon
[155:182:0108/163001.774144:ERROR:bus.cc(392)] Failed to connect to the bus: Address does not contain a colon
[155:182:0108/163001.774156:ERROR:bus.cc(392)] Failed to connect to the bus: Address does not contain a colon
[155:182:0108/163001.774166:ERROR:bus.cc(392)] Failed to connect to the bus: Address does not contain a colon
[155:182:0108/163001.774175:ERROR:bus.cc(392)] Failed to connect to the bus: Address does not contain a colon
[155:182:0108/163001.774190:ERROR:bus.cc(392)] Failed to connect to the bus: Address does not contain a colon
[155:182:0108/163001.774202:ERROR:bus.cc(392)] Failed to connect to the bus: Address does not contain a colon
[155:182:0108/163001.774210:ERROR:bus.cc(392)] Failed to connect to the bus: Address does not contain a colon
[155:182:0108/163001.777795:ERROR:bus.cc(392)] Failed to connect to the bus: Address does not contain a colon
[155:182:0108/163001.777836:ERROR:bus.cc(392)] Failed to connect to the bus: Address does not contain a colon
[155:182:0108/163001.777867:ERROR:bus.cc(392)] Failed to connect to the bus: Address does not contain a colon
[155:182:0108/163001.829273:ERROR:bus.cc(392)] Failed to connect to the bus: Address does not contain a colon
[155:182:0108/163001.829341:ERROR:bus.cc(392)] Failed to connect to the bus: Address does not contain a colon
[155:155:0108/163002.316275:INFO:CONSOLE(128)] "currentLatencynow: 8.66", source: file:///home/seluser/ppt/player/dashjs/index.html (128)
[155:155:0108/163003.314954:INFO:CONSOLE(128)] "currentLatencynow: 8.561", source: file:///home/seluser/ppt/player/dashjs/index.html (128)
[155:155:0108/163004.315097:INFO:CONSOLE(128)] "currentLatencynow: 8.972", source: file:///home/seluser/ppt/player/dashjs/index.html (128)
[155:155:0108/163005.318248:INFO:CONSOLE(128)] "currentLatencynow: 8.972", source: file:///home/seluser/ppt/player/dashjs/index.html (128)
[155:155:0108/163006.318606:INFO:CONSOLE(128)] "currentLatencynow: 9.529", source: file:///home/seluser/ppt/player/dashjs/index.html (128)
[155:155:0108/163007.314897:INFO:CONSOLE(128)] "currentLatencynow: 10.528", source: file:///home/seluser/ppt/player/dashjs/index.html (128)
[155:155:0108/163008.314943:INFO:CONSOLE(128)] "currentLatencynow: 11.528", source: file:///home/seluser/ppt/player/dashjs/index.html (128)
[155:182:0108/163008.922582:ERROR:bus.cc(392)] Failed to connect to the bus: Address does not contain a colon
[155:182:0108/163008.922642:ERROR:bus.cc(392)] Failed to connect to the bus: Address does not contain a colon
[155:155:0108/163009.317405:INFO:CONSOLE(128)] "currentLatencynow: 12.081", source: file:///home/seluser/ppt/player/dashjs/index.html (128)
[155:155:0108/163010.314950:INFO:CONSOLE(128)] "currentLatencynow: 11.981", source: file:///home/seluser/ppt/player/dashjs/index.html (128)
[155:155:0108/163011.314855:INFO:CONSOLE(128)] "currentLatencynow: 11.906", source: file:///home/seluser/ppt/player/dashjs/index.html (128)
[155:155:0108/163012.314879:INFO:CONSOLE(128)] "currentLatencynow: 11.806", source: file:///home/seluser/ppt/player/dashjs/index.html (128)
[155:155:0108/163013.314844:INFO:CONSOLE(128)] "currentLatencynow: 11.707", source: file:///home/seluser/ppt/player/dashjs/index.html (128)
[155:155:0108/163014.315189:INFO:CONSOLE(128)] "currentLatencynow: 11.606", source: file:///home/seluser/ppt/player/dashjs/index.html (128)
[155:155:0108/163015.314922:INFO:CONSOLE(128)] "currentLatencynow: 11.507", source: file:///home/seluser/ppt/player/dashjs/index.html (128)
[155:155:0108/163016.315286:INFO:CONSOLE(128)] "currentLatencynow: 11.406", source: file:///home/seluser/ppt/player/dashjs/index.html (128)
[155:155:0108/163017.315209:INFO:CONSOLE(128)] "currentLatencynow: 11.307", source: file:///home/seluser/ppt/player/dashjs/index.html (128)
[155:155:0108/163018.314814:INFO:CONSOLE(128)] "currentLatencynow: 11.206", source: file:///home/seluser/ppt/player/dashjs/index.html (128)
[155:155:0108/163019.315984:INFO:CONSOLE(128)] "currentLatencynow: 11.106", source: file:///home/seluser/ppt/player/dashjs/index.html (128)
[155:155:0108/163020.314939:INFO:CONSOLE(128)] "currentLatencynow: 11.054", source: file:///home/seluser/ppt/player/dashjs/index.html (128)
[155:155:0108/163021.316959:INFO:CONSOLE(128)] "currentLatencynow: 11.054", source: file:///home/seluser/ppt/player/dashjs/index.html (128)
[155:155:0108/163022.315323:INFO:CONSOLE(128)] "currentLatencynow: 11.054", source: file:///home/seluser/ppt/player/dashjs/index.html (128)
[155:155:0108/163023.315007:INFO:CONSOLE(128)] "currentLatencynow: 11.492", source: file:///home/seluser/ppt/player/dashjs/index.html (128)
[155:155:0108/163024.316561:INFO:CONSOLE(128)] "currentLatencynow: 12.493", source: file:///home/seluser/ppt/player/dashjs/index.html (128)
[155:155:0108/163025.314906:INFO:CONSOLE(128)] "currentLatencynow: 13.492", source: file:///home/seluser/ppt/player/dashjs/index.html (128)
[155:182:0108/163025.985837:ERROR:bus.cc(392)] Failed to connect to the bus: Address does not contain a colon
[155:182:0108/163025.985893:ERROR:bus.cc(392)] Failed to connect to the bus: Address does not contain a colon
[155:155:0108/163026.314977:INFO:CONSOLE(128)] "currentLatencynow: 14.126", source: file:///home/seluser/ppt/player/dashjs/index.html (128)
[155:155:0108/163027.314982:INFO:CONSOLE(128)] "currentLatencynow: 14.126", source: file:///home/seluser/ppt/player/dashjs/index.html (128)
[155:155:0108/163028.316652:INFO:CONSOLE(128)] "currentLatencynow: 14.126", source: file:///home/seluser/ppt/player/dashjs/index.html (128)
[155:155:0108/163029.315468:INFO:CONSOLE(128)] "currentLatencynow: 14.129", source: file:///home/seluser/ppt/player/dashjs/index.html (128)
[155:155:0108/163030.315077:INFO:CONSOLE(128)] "currentLatencynow: 14.126", source: file:///home/seluser/ppt/player/dashjs/index.html (128)
[155:155:0108/163031.314942:INFO:CONSOLE(128)] "currentLatencynow: 14.126", source: file:///home/seluser/ppt/player/dashjs/index.html (128)
[155:155:0108/163032.315153:INFO:CONSOLE(128)] "currentLatencynow: 14.126", source: file:///home/seluser/ppt/player/dashjs/index.html (128)
[155:155:0108/163033.314900:INFO:CONSOLE(128)] "currentLatencynow: 14.461", source: file:///home/seluser/ppt/player/dashjs/index.html (128)
[155:155:0108/163034.315189:INFO:CONSOLE(128)] "currentLatencynow: 14.504", source: file:///home/seluser/ppt/player/dashjs/index.html (128)
[155:155:0108/163035.315095:INFO:CONSOLE(128)] "currentLatencynow: 14.498", source: file:///home/seluser/ppt/player/dashjs/index.html (128)
[155:155:0108/163036.314998:INFO:CONSOLE(128)] "currentLatencynow: 14.403", source: file:///home/seluser/ppt/player/dashjs/index.html (128)
[155:155:0108/163037.315106:INFO:CONSOLE(128)] "currentLatencynow: 14.457", source: file:///home/seluser/ppt/player/dashjs/index.html (128)
[155:155:0108/163038.315009:INFO:CONSOLE(128)] "currentLatencynow: 15.457", source: file:///home/seluser/ppt/player/dashjs/index.html (128)
[155:155:0108/163039.314988:INFO:CONSOLE(128)] "currentLatencynow: 16.092", source: file:///home/seluser/ppt/player/dashjs/index.html (128)
[155:155:0108/163040.315708:INFO:CONSOLE(128)] "currentLatencynow: 15.991", source: file:///home/seluser/ppt/player/dashjs/index.html (128)
[155:155:0108/163041.314967:INFO:CONSOLE(128)] "currentLatencynow: 15.89", source: file:///home/seluser/ppt/player/dashjs/index.html (128)
[155:155:0108/163042.317409:INFO:CONSOLE(128)] "currentLatencynow: 15.79", source: file:///home/seluser/ppt/player/dashjs/index.html (128)
[155:155:0108/163043.315160:INFO:CONSOLE(128)] "currentLatencynow: 15.69", source: file:///home/seluser/ppt/player/dashjs/index.html (128)
[155:155:0108/163044.315113:INFO:CONSOLE(128)] "currentLatencynow: 15.59", source: file:///home/seluser/ppt/player/dashjs/index.html (128)
[155:155:0108/163045.314912:INFO:CONSOLE(128)] "currentLatencynow: 15.49", source: file:///home/seluser/ppt/player/dashjs/index.html (128)
[155:155:0108/163046.315834:INFO:CONSOLE(128)] "currentLatencynow: 15.39", source: file:///home/seluser/ppt/player/dashjs/index.html (128)
[155:155:0108/163047.318427:INFO:CONSOLE(128)] "currentLatencynow: 15.29", source: file:///home/seluser/ppt/player/dashjs/index.html (128)
[155:155:0108/163048.315185:INFO:CONSOLE(128)] "currentLatencynow: 15.19", source: file:///home/seluser/ppt/player/dashjs/index.html (128)
[155:155:0108/163049.315943:INFO:CONSOLE(128)] "currentLatencynow: 15.09", source: file:///home/seluser/ppt/player/dashjs/index.html (128)
[155:155:0108/163050.315225:INFO:CONSOLE(128)] "currentLatencynow: 14.99", source: file:///home/seluser/ppt/player/dashjs/index.html (128)
[155:155:0108/163051.315118:INFO:CONSOLE(128)] "currentLatencynow: 14.89", source: file:///home/seluser/ppt/player/dashjs/index.html (128)
[155:155:0108/163052.314892:INFO:CONSOLE(128)] "currentLatencynow: 14.846", source: file:///home/seluser/ppt/player/dashjs/index.html (128)
[155:155:0108/163053.316040:INFO:CONSOLE(128)] "currentLatencynow: 14.846", source: file:///home/seluser/ppt/player/dashjs/index.html (128)
[155:155:0108/163054.314733:INFO:CONSOLE(128)] "currentLatencynow: 14.847", source: file:///home/seluser/ppt/player/dashjs/index.html (128)
[155:155:0108/163055.314696:INFO:CONSOLE(128)] "currentLatencynow: 15.47", source: file:///home/seluser/ppt/player/dashjs/index.html (128)
[155:155:0108/163056.314923:INFO:CONSOLE(128)] "currentLatencynow: 16.47", source: file:///home/seluser/ppt/player/dashjs/index.html (128)
[155:155:0108/163057.314795:INFO:CONSOLE(128)] "currentLatencynow: 17.47", source: file:///home/seluser/ppt/player/dashjs/index.html (128)
[155:182:0108/163057.787598:ERROR:bus.cc(392)] Failed to connect to the bus: Address does not contain a colon
[155:182:0108/163057.787671:ERROR:bus.cc(392)] Failed to connect to the bus: Address does not contain a colon
[155:155:0108/163058.314873:INFO:CONSOLE(128)] "currentLatencynow: 17.854", source: file:///home/seluser/ppt/player/dashjs/index.html (128)
[155:155:0108/163059.315215:INFO:CONSOLE(128)] "currentLatencynow: 17.854", source: file:///home/seluser/ppt/player/dashjs/index.html (128)
[155:155:0108/163100.314927:INFO:CONSOLE(128)] "currentLatencynow: 17.859", source: file:///home/seluser/ppt/player/dashjs/index.html (128)
[155:155:0108/163101.315006:INFO:CONSOLE(128)] "currentLatencynow: 17.854", source: file:///home/seluser/ppt/player/dashjs/index.html (128)
[155:155:0108/163102.315145:INFO:CONSOLE(128)] "currentLatencynow: 17.854", source: file:///home/seluser/ppt/player/dashjs/index.html (128)
[155:155:0108/163103.314897:INFO:CONSOLE(128)] "currentLatencynow: 17.854", source: file:///home/seluser/ppt/player/dashjs/index.html (128)
[155:155:0108/163104.316747:INFO:CONSOLE(128)] "currentLatencynow: 17.854", source: file:///home/seluser/ppt/player/dashjs/index.html (128)
[155:155:0108/163105.314747:INFO:CONSOLE(128)] "currentLatencynow: 18.424", source: file:///home/seluser/ppt/player/dashjs/index.html (128)
[155:155:0108/163106.314759:INFO:CONSOLE(128)] "currentLatencynow: 19.424", source: file:///home/seluser/ppt/player/dashjs/index.html (128)
[155:182:0108/163106.952438:ERROR:bus.cc(392)] Failed to connect to the bus: Address does not contain a colon
[155:182:0108/163106.952491:ERROR:bus.cc(392)] Failed to connect to the bus: Address does not contain a colon
[155:155:0108/163107.316264:INFO:CONSOLE(128)] "currentLatencynow: 19.964", source: file:///home/seluser/ppt/player/dashjs/index.html (128)
[155:155:0108/163108.315756:INFO:CONSOLE(128)] "currentLatencynow: 19.864", source: file:///home/seluser/ppt/player/dashjs/index.html (128)
[155:155:0108/163109.315011:INFO:CONSOLE(128)] "currentLatencynow: 19.764", source: file:///home/seluser/ppt/player/dashjs/index.html (128)
[155:155:0108/163110.314682:INFO:CONSOLE(128)] "currentLatencynow: 19.665", source: file:///home/seluser/ppt/player/dashjs/index.html (128)
[155:155:0108/163111.315077:INFO:CONSOLE(128)] "currentLatencynow: 19.565", source: file:///home/seluser/ppt/player/dashjs/index.html (128)
[155:155:0108/163112.314647:INFO:CONSOLE(128)] "currentLatencynow: 19.466", source: file:///home/seluser/ppt/player/dashjs/index.html (128)
[155:155:0108/163113.314772:INFO:CONSOLE(128)] "currentLatencynow: 19.464", source: file:///home/seluser/ppt/player/dashjs/index.html (128)
[155:155:0108/163114.314799:INFO:CONSOLE(128)] "currentLatencynow: 19.464", source: file:///home/seluser/ppt/player/dashjs/index.html (128)
[155:155:0108/163115.314730:INFO:CONSOLE(128)] "currentLatencynow: 19.464", source: file:///home/seluser/ppt/player/dashjs/index.html (128)
[155:155:0108/163116.314628:INFO:CONSOLE(128)] "currentLatencynow: 20.449", source: file:///home/seluser/ppt/player/dashjs/index.html (128)
[155:155:0108/163117.315700:INFO:CONSOLE(128)] "currentLatencynow: 21.45", source: file:///home/seluser/ppt/player/dashjs/index.html (128)
[155:155:0108/163118.314686:INFO:CONSOLE(128)] "currentLatencynow: 22.449", source: file:///home/seluser/ppt/player/dashjs/index.html (128)
[155:182:0108/163118.736783:ERROR:bus.cc(392)] Failed to connect to the bus: Address does not contain a colon
[155:182:0108/163118.736861:ERROR:bus.cc(392)] Failed to connect to the bus: Address does not contain a colon
[155:155:0108/163119.316224:INFO:CONSOLE(128)] "currentLatencynow: 22.812", source: file:///home/seluser/ppt/player/dashjs/index.html (128)
[155:155:0108/163120.314980:INFO:CONSOLE(128)] "currentLatencynow: 22.813", source: file:///home/seluser/ppt/player/dashjs/index.html (128)
[155:155:0108/163121.315081:INFO:CONSOLE(128)] "currentLatencynow: 22.813", source: file:///home/seluser/ppt/player/dashjs/index.html (128)
[155:155:0108/163122.314433:INFO:CONSOLE(128)] "currentLatencynow: 22.813", source: file:///home/seluser/ppt/player/dashjs/index.html (128)
[155:155:0108/163123.314413:INFO:CONSOLE(128)] "currentLatencynow: 22.815", source: file:///home/seluser/ppt/player/dashjs/index.html (128)
[155:155:0108/163124.321356:INFO:CONSOLE(128)] "currentLatencynow: 22.817", source: file:///home/seluser/ppt/player/dashjs/index.html (128)
[155:155:0108/163125.314315:INFO:CONSOLE(128)] "currentLatencynow: 22.813", source: file:///home/seluser/ppt/player/dashjs/index.html (128)
[155:155:0108/163126.314441:INFO:CONSOLE(128)] "currentLatencynow: 22.721", source: file:///home/seluser/ppt/player/dashjs/index.html (128)
[155:155:0108/163127.316681:INFO:CONSOLE(128)] "currentLatencynow: 22.621", source: file:///home/seluser/ppt/player/dashjs/index.html (128)
[155:155:0108/163128.314439:INFO:CONSOLE(128)] "currentLatencynow: 22.521", source: file:///home/seluser/ppt/player/dashjs/index.html (128)
[155:155:0108/163129.315054:INFO:CONSOLE(128)] "currentLatencynow: 22.421", source: file:///home/seluser/ppt/player/dashjs/index.html (128)
[155:155:0108/163130.314581:INFO:CONSOLE(128)] "currentLatencynow: 22.321", source: file:///home/seluser/ppt/player/dashjs/index.html (128)
[155:155:0108/163131.314533:INFO:CONSOLE(128)] "currentLatencynow: 22.237", source: file:///home/seluser/ppt/player/dashjs/index.html (128)
[155:155:0108/163132.314535:INFO:CONSOLE(128)] "currentLatencynow: 22.237", source: file:///home/seluser/ppt/player/dashjs/index.html (128)
[155:155:0108/163133.314920:INFO:CONSOLE(128)] "currentLatencynow: 22.347", source: file:///home/seluser/ppt/player/dashjs/index.html (128)
[155:155:0108/163134.314729:INFO:CONSOLE(128)] "currentLatencynow: 23.347", source: file:///home/seluser/ppt/player/dashjs/index.html (128)
[155:155:0108/163135.314386:INFO:CONSOLE(128)] "currentLatencynow: 24.347", source: file:///home/seluser/ppt/player/dashjs/index.html (128)
[155:155:0108/163136.314367:INFO:CONSOLE(128)] "currentLatencynow: 25.347", source: file:///home/seluser/ppt/player/dashjs/index.html (128)
[155:182:0108/163136.687120:ERROR:bus.cc(392)] Failed to connect to the bus: Address does not contain a colon
[155:182:0108/163136.687189:ERROR:bus.cc(392)] Failed to connect to the bus: Address does not contain a colon
[155:155:0108/163137.315504:INFO:CONSOLE(128)] "currentLatencynow: 25.679", source: file:///home/seluser/ppt/player/dashjs/index.html (128)
[155:155:0108/163138.314694:INFO:CONSOLE(128)] "currentLatencynow: 25.676", source: file:///home/seluser/ppt/player/dashjs/index.html (128)
[155:155:0108/163139.314369:INFO:CONSOLE(128)] "currentLatencynow: 25.576", source: file:///home/seluser/ppt/player/dashjs/index.html (128)
[155:155:0108/163140.316633:INFO:CONSOLE(128)] "currentLatencynow: 25.477", source: file:///home/seluser/ppt/player/dashjs/index.html (128)
[155:155:0108/163141.314505:INFO:CONSOLE(128)] "currentLatencynow: 25.376", source: file:///home/seluser/ppt/player/dashjs/index.html (128)
[155:155:0108/163142.315012:INFO:CONSOLE(128)] "currentLatencynow: 25.275", source: file:///home/seluser/ppt/player/dashjs/index.html (128)
[155:155:0108/163143.315528:INFO:CONSOLE(128)] "currentLatencynow: 25.176", source: file:///home/seluser/ppt/player/dashjs/index.html (128)
[155:155:0108/163144.314415:INFO:CONSOLE(128)] "currentLatencynow: 25.076", source: file:///home/seluser/ppt/player/dashjs/index.html (128)
[155:155:0108/163145.314429:INFO:CONSOLE(128)] "currentLatencynow: 24.976", source: file:///home/seluser/ppt/player/dashjs/index.html (128)
[155:155:0108/163146.315413:INFO:CONSOLE(128)] "currentLatencynow: 24.875", source: file:///home/seluser/ppt/player/dashjs/index.html (128)
[155:155:0108/163147.314403:INFO:CONSOLE(128)] "currentLatencynow: 24.776", source: file:///home/seluser/ppt/player/dashjs/index.html (128)
[155:155:0108/163148.315338:INFO:CONSOLE(128)] "currentLatencynow: 24.675", source: file:///home/seluser/ppt/player/dashjs/index.html (128)
[155:155:0108/163149.316317:INFO:CONSOLE(128)] "currentLatencynow: 24.58", source: file:///home/seluser/ppt/player/dashjs/index.html (128)
[155:155:0108/163150.314482:INFO:CONSOLE(128)] "currentLatencynow: 24.581", source: file:///home/seluser/ppt/player/dashjs/index.html (128)
[155:155:0108/163151.314453:INFO:CONSOLE(128)] "currentLatencynow: 24.581", source: file:///home/seluser/ppt/player/dashjs/index.html (128)
[155:155:0108/163152.314132:INFO:CONSOLE(128)] "currentLatencynow: 24.58", source: file:///home/seluser/ppt/player/dashjs/index.html (128)
[155:155:0108/163153.314175:INFO:CONSOLE(128)] "currentLatencynow: 25.421", source: file:///home/seluser/ppt/player/dashjs/index.html (128)
[155:155:0108/163154.430020:INFO:CONSOLE(128)] "currentLatencynow: 26.421", source: file:///home/seluser/ppt/player/dashjs/index.html (128)
[155:155:0108/163155.314132:INFO:CONSOLE(128)] "currentLatencynow: 27.421", source: file:///home/seluser/ppt/player/dashjs/index.html (128)
[155:182:0108/163156.181108:ERROR:bus.cc(392)] Failed to connect to the bus: Address does not contain a colon
[155:182:0108/163156.181162:ERROR:bus.cc(392)] Failed to connect to the bus: Address does not contain a colon
[155:155:0108/163156.314360:INFO:CONSOLE(128)] "currentLatencynow: 28.228", source: file:///home/seluser/ppt/player/dashjs/index.html (128)
[155:155:0108/163157.314246:INFO:CONSOLE(114)] "Begin Player stistics 
", source: file:///home/seluser/ppt/player/dashjs/index.html (114)
[155:155:0108/163157.314636:INFO:CONSOLE(115)] "["stall",[["3.03","5.47",2.44]],[["7.02","7.28",0.2600000000000007]],[["9.46","9.70",0.23999999999999844]],[["26.57","26.82",0.25]],[["36.68","36.93",0.25]],[["40.88","41.13",0.25]],[["58.39","58.64",0.25]],[["68.44","68.69",0.25]],[["79.03","79.28",0.25]],[["96.90","97.15",0.25]],[["116.17","116.42",0.25]],[["availibleBW",[null],[null],[null],[null],[3696],[3696],[3696],[3696],[3735],[3735],[3712],[3701],[3701],[3692],[3692],[3688],[3714],[3714],[3734],[3734],[3745],[3745],[3745],[3745],[3742],[3742],[3677],[3677],[3660],[3660],[3628],[3628],[3582],[3582],[3631],[3570],[3570],[3616],[3616],[3537],[3537],[3391],[3391],[3395],[3395],[3372],[3372],[3478],[3592],[3592],[3665],[3665],[3665],[3693],[3693],[3704],[3704],[3704],[3727],[3727],[3725],[3640],[3640],[3640],[3640],[3652],[3652],[3623],[3686],[3686],[3674],[3674],[3674],[3674],[3591],[3591],[3611],[3611],[3611],[3621],[3621],[3604],[3604],[3669],[3658],[3658],[3608],[3593],[3593],[3612],[3612],[3614],[3614],[3614],[3651],[3651],[3651],[3693],[3693],[3705],[3717],[3741],[3741],[3703],[3703],[3703],[3627],[3576],[3576],[3576],[3576],[3621],[3621],[3621],[3621],[3561],[3561],[3622],[3672]]],[["currentBuffer",[0],[0],[0],[0],[1.221],[0.118],[0],[0],[0],[0],[0.041],[1.657],[0.557],[1.485],[0.385],[1.287],[2.188],[1.089],[1.991],[0.891],[1.792],[0.692],[0],[0],[0],[0],[0],[0],[0.842],[0],[0.844],[0],[0.842],[0],[0.846],[1.997],[1.125],[2.123],[1.029],[1.997],[1.997],[3.778],[2.678],[3.58],[2.48],[3.382],[2.282],[3.184],[4.089],[2.986],[3.888],[2.749],[1.688],[0.589],[0],[0],[0],[0],[0],[0],[0.534],[1.477],[0.535],[1.512],[0.538],[1.538],[0.54],[1.988],[3.99],[3.607],[4.508],[3.407],[2.309],[1.208],[0.107],[0],[0],[0],[0],[0],[0],[0.621],[0],[0.622],[1.523],[0.537],[1.627],[2.44],[1.561],[2.34],[1.362],[2.222],[0.983],[0.064],[0],[0],[0],[0],[0],[1.377],[2.367],[3.196],[2.189],[3.091],[1.989],[2.893],[3.795],[4.683],[3.597],[2.498],[1.399],[0.188],[0],[0],[0],[0],[0],[0],[0.924]]],[["currentLatency",[null],[0],[7.189],[8.188],[8.66],[8.561],[8.972],[8.972],[9.529],[10.528],[11.528],[12.081],[11.981],[11.906],[11.806],[11.707],[11.606],[11.507],[11.406],[11.307],[11.206],[11.106],[11.054],[11.054],[11.054],[11.492],[12.493],[13.492],[14.126],[14.126],[14.126],[14.129],[14.126],[14.126],[14.126],[14.461],[14.504],[14.498],[14.403],[14.457],[15.457],[16.092],[15.991],[15.89],[15.79],[15.69],[15.59],[15.49],[15.39],[15.29],[15.19],[15.09],[14.99],[14.89],[14.846],[14.846],[14.847],[15.47],[16.47],[17.47],[17.854],[17.854],[17.859],[17.854],[17.854],[17.854],[17.854],[18.424],[19.424],[19.964],[19.864],[19.764],[19.665],[19.565],[19.466],[19.464],[19.464],[19.464],[20.449],[21.45],[22.449],[22.812],[22.813],[22.813],[22.813],[22.815],[22.817],[22.813],[22.721],[22.621],[22.521],[22.421],[22.321],[22.237],[22.237],[22.347],[23.347],[24.347],[25.347],[25.679],[25.676],[25.576],[25.477],[25.376],[25.275],[25.176],[25.076],[24.976],[24.875],[24.776],[24.675],[24.58],[24.581],[24.581],[24.58],[25.421],[26.421],[27.421],[28.228]]]]", source: file:///home/seluser/ppt/player/dashjs/index.html (115)
[155:155:0108/163157.314715:INFO:CONSOLE(116)] "
", source: file:///home/seluser/ppt/player/dashjs/index.html (116)
[155:155:0108/163157.314765:INFO:CONSOLE(117)] "Finish Player stistics 
", source: file:///home/seluser/ppt/player/dashjs/index.html (117)
[155:155:0108/163157.314805:INFO:CONSOLE(128)] "currentLatencynow: 28.228", source: file:///home/seluser/ppt/player/dashjs/index.html (128)
[155:155:0108/163158.314699:INFO:CONSOLE(128)] "currentLatencynow: 28.228", source: file:///home/seluser/ppt/player/dashjs/index.html (128)
[155:155:0108/163159.314692:INFO:CONSOLE(128)] "currentLatencynow: 28.229", source: file:///home/seluser/ppt/player/dashjs/index.html (128)
[155:155:0108/163200.314181:INFO:CONSOLE(128)] "currentLatencynow: 28.228", source: file:///home/seluser/ppt/player/dashjs/index.html (128)
[155:155:0108/163201.314188:INFO:CONSOLE(128)] "currentLatencynow: 28.228", source: file:///home/seluser/ppt/player/dashjs/index.html (128)
[155:155:0108/163202.314402:INFO:CONSOLE(128)] "currentLatencynow: 28.399", source: file:///home/seluser/ppt/player/dashjs/index.html (128)
[155:155:0108/163203.314187:INFO:CONSOLE(128)] "currentLatencynow: 29.398", source: file:///home/seluser/ppt/player/dashjs/index.html (128)
[155:155:0108/163204.314124:INFO:CONSOLE(128)] "currentLatencynow: 30.398", source: file:///home/seluser/ppt/player/dashjs/index.html (128)
[155:182:0108/163205.211268:ERROR:bus.cc(392)] Failed to connect to the bus: Address does not contain a colon
[155:182:0108/163205.211335:ERROR:bus.cc(392)] Failed to connect to the bus: Address does not contain a colon
[155:155:0108/163205.315744:INFO:CONSOLE(128)] "currentLatencynow: 31.215", source: file:///home/seluser/ppt/player/dashjs/index.html (128)
[155:155:0108/163206.316039:INFO:CONSOLE(128)] "currentLatencynow: 31.214", source: file:///home/seluser/ppt/player/dashjs/index.html (128)
[155:155:0108/163207.314208:INFO:CONSOLE(128)] "currentLatencynow: 31.214", source: file:///home/seluser/ppt/player/dashjs/index.html (128)
[155:155:0108/163208.314462:INFO:CONSOLE(128)] "currentLatencynow: 31.214", source: file:///home/seluser/ppt/player/dashjs/index.html (128)
[155:155:0108/163209.314213:INFO:CONSOLE(128)] "currentLatencynow: 31.214", source: file:///home/seluser/ppt/player/dashjs/index.html (128)
[155:155:0108/163210.314254:INFO:CONSOLE(128)] "currentLatencynow: 31.179", source: file:///home/seluser/ppt/player/dashjs/index.html (128)
[155:155:0108/163211.314759:INFO:CONSOLE(128)] "currentLatencynow: 31.08", source: file:///home/seluser/ppt/player/dashjs/index.html (128)
[155:155:0108/163212.314550:INFO:CONSOLE(128)] "currentLatencynow: 30.98", source: file:///home/seluser/ppt/player/dashjs/index.html (128)
[155:155:0108/163213.314438:INFO:CONSOLE(128)] "currentLatencynow: 30.88", source: file:///home/seluser/ppt/player/dashjs/index.html (128)
[155:155:0108/163214.314330:INFO:CONSOLE(128)] "currentLatencynow: 30.779", source: file:///home/seluser/ppt/player/dashjs/index.html (128)
[155:155:0108/163215.314290:INFO:CONSOLE(128)] "currentLatencynow: 30.679", source: file:///home/seluser/ppt/player/dashjs/index.html (128)
[155:155:0108/163216.314348:INFO:CONSOLE(128)] "currentLatencynow: 30.58", source: file:///home/seluser/ppt/player/dashjs/index.html (128)
[155:155:0108/163217.314218:INFO:CONSOLE(128)] "currentLatencynow: 30.489", source: file:///home/seluser/ppt/player/dashjs/index.html (128)
[155:155:0108/163217.502777:WARNING:pref_notifier_impl.cc(40)] Pref observer for media_router.cast_allow_all_ips found at shutdown.
