[230:294:0130/132106.245536:ERROR:bus.cc(392)] Failed to connect to the bus: Failed to connect to socket /var/run/dbus/system_bus_socket: No such file or directory
[230:257:0130/132106.247589:ERROR:bus.cc(392)] Failed to connect to the bus: Address does not contain a colon
[230:257:0130/132106.247705:ERROR:bus.cc(392)] Failed to connect to the bus: Address does not contain a colon
[230:257:0130/132106.258944:ERROR:bus.cc(392)] Failed to connect to the bus: Address does not contain a colon
[230:257:0130/132106.259020:ERROR:bus.cc(392)] Failed to connect to the bus: Address does not contain a colon
[301:301:0130/132106.263220:ERROR:gpu_init.cc(453)] Passthrough is not supported, GL is swiftshader, ANGLE is 
[230:257:0130/132106.283557:ERROR:bus.cc(392)] Failed to connect to the bus: Address does not contain a colon
[230:257:0130/132106.283602:ERROR:bus.cc(392)] Failed to connect to the bus: Address does not contain a colon
[230:393:0130/132106.395484:ERROR:bus.cc(392)] Failed to connect to the bus: Failed to connect to socket /var/run/dbus/system_bus_socket: No such file or directory
[230:393:0130/132106.395561:ERROR:bus.cc(392)] Failed to connect to the bus: Failed to connect to socket /var/run/dbus/system_bus_socket: No such file or directory
[230:393:0130/132106.395623:ERROR:bus.cc(392)] Failed to connect to the bus: Failed to connect to socket /var/run/dbus/system_bus_socket: No such file or directory
[230:393:0130/132106.395638:WARNING:property.cc(144)] DaemonVersion: GetAndBlock: failed.
[230:393:0130/132106.395674:ERROR:bus.cc(392)] Failed to connect to the bus: Failed to connect to socket /var/run/dbus/system_bus_socket: No such file or directory
[230:393:0130/132106.395714:ERROR:bus.cc(392)] Failed to connect to the bus: Failed to connect to socket /var/run/dbus/system_bus_socket: No such file or directory
[230:230:0130/132107.680717:INFO:CONSOLE(128)] "currentLatencynow: NaN", source: file:///home/seluser/ppt/player/dashjs/index.html (128)
[230:327:0130/132108.498454:ERROR:chrome_browser_main_extra_parts_metrics.cc(228)] crbug.com/1216328: Checking Bluetooth availability started. Please report if there is no report that this ends.
[230:327:0130/132108.500190:ERROR:chrome_browser_main_extra_parts_metrics.cc(231)] crbug.com/1216328: Checking Bluetooth availability ended.
[230:327:0130/132108.500214:ERROR:chrome_browser_main_extra_parts_metrics.cc(234)] crbug.com/1216328: Checking default browser status started. Please report if there is no report that this ends.
[230:230:0130/132108.680466:INFO:CONSOLE(128)] "currentLatencynow: NaN", source: file:///home/seluser/ppt/player/dashjs/index.html (128)
[230:327:0130/132108.688373:ERROR:chrome_browser_main_extra_parts_metrics.cc(238)] crbug.com/1216328: Checking default browser status ended.
[230:230:0130/132109.680294:INFO:CONSOLE(128)] "currentLatencynow: NaN", source: file:///home/seluser/ppt/player/dashjs/index.html (128)
[230:230:0130/132110.680715:INFO:CONSOLE(128)] "currentLatencynow: 0", source: file:///home/seluser/ppt/player/dashjs/index.html (128)
[230:230:0130/132111.680518:INFO:CONSOLE(128)] "currentLatencynow: 0", source: file:///home/seluser/ppt/player/dashjs/index.html (128)
[230:230:0130/132112.680603:INFO:CONSOLE(128)] "currentLatencynow: 0", source: file:///home/seluser/ppt/player/dashjs/index.html (128)
[230:230:0130/132113.680687:INFO:CONSOLE(128)] "currentLatencynow: 0", source: file:///home/seluser/ppt/player/dashjs/index.html (128)
[230:230:0130/132114.685235:INFO:CONSOLE(128)] "currentLatencynow: 8.95", source: file:///home/seluser/ppt/player/dashjs/index.html (128)
[643:643:0130/132114.721080:WARNING:audio_manager_linux.cc(69)] Falling back to ALSA for audio output. PulseAudio is not available or could not be initialized.
[643:643:0130/132114.727195:ERROR:alsa_util.cc(204)] PcmOpen: default,No such file or directory
[643:643:0130/132114.727353:ERROR:alsa_util.cc(204)] PcmOpen: plug:default,No such file or directory
[230:230:0130/132115.680398:INFO:CONSOLE(128)] "currentLatencynow: 9.95", source: file:///home/seluser/ppt/player/dashjs/index.html (128)
[230:230:0130/132116.680574:INFO:CONSOLE(128)] "currentLatencynow: 10.95", source: file:///home/seluser/ppt/player/dashjs/index.html (128)
[230:230:0130/132117.680609:INFO:CONSOLE(128)] "currentLatencynow: 11.95", source: file:///home/seluser/ppt/player/dashjs/index.html (128)
[230:230:0130/132118.680542:INFO:CONSOLE(128)] "currentLatencynow: 12.95", source: file:///home/seluser/ppt/player/dashjs/index.html (128)
[230:230:0130/132119.680698:INFO:CONSOLE(128)] "currentLatencynow: 13.95", source: file:///home/seluser/ppt/player/dashjs/index.html (128)
[230:230:0130/132120.680547:INFO:CONSOLE(128)] "currentLatencynow: 14.95", source: file:///home/seluser/ppt/player/dashjs/index.html (128)
[230:257:0130/132121.294454:ERROR:bus.cc(392)] Failed to connect to the bus: Address does not contain a colon
[230:257:0130/132121.294537:ERROR:bus.cc(392)] Failed to connect to the bus: Address does not contain a colon
[230:257:0130/132121.294559:ERROR:bus.cc(392)] Failed to connect to the bus: Address does not contain a colon
[230:257:0130/132121.294579:ERROR:bus.cc(392)] Failed to connect to the bus: Address does not contain a colon
[230:257:0130/132121.294599:ERROR:bus.cc(392)] Failed to connect to the bus: Address does not contain a colon
[230:257:0130/132121.294619:ERROR:bus.cc(392)] Failed to connect to the bus: Address does not contain a colon
[230:257:0130/132121.294640:ERROR:bus.cc(392)] Failed to connect to the bus: Address does not contain a colon
[230:257:0130/132121.294662:ERROR:bus.cc(392)] Failed to connect to the bus: Address does not contain a colon
[230:257:0130/132121.294681:ERROR:bus.cc(392)] Failed to connect to the bus: Address does not contain a colon
[230:257:0130/132121.294701:ERROR:bus.cc(392)] Failed to connect to the bus: Address does not contain a colon
[230:257:0130/132121.294721:ERROR:bus.cc(392)] Failed to connect to the bus: Address does not contain a colon
[230:257:0130/132121.294747:ERROR:bus.cc(392)] Failed to connect to the bus: Address does not contain a colon
[230:257:0130/132121.294773:ERROR:bus.cc(392)] Failed to connect to the bus: Address does not contain a colon
[230:257:0130/132121.294798:ERROR:bus.cc(392)] Failed to connect to the bus: Address does not contain a colon
[230:257:0130/132121.295294:ERROR:bus.cc(392)] Failed to connect to the bus: Address does not contain a colon
[230:257:0130/132121.295328:ERROR:bus.cc(392)] Failed to connect to the bus: Address does not contain a colon
[230:257:0130/132121.295349:ERROR:bus.cc(392)] Failed to connect to the bus: Address does not contain a colon
[230:257:0130/132121.340680:ERROR:bus.cc(392)] Failed to connect to the bus: Address does not contain a colon
[230:257:0130/132121.340752:ERROR:bus.cc(392)] Failed to connect to the bus: Address does not contain a colon
[230:230:0130/132121.680508:INFO:CONSOLE(128)] "currentLatencynow: 15.601", source: file:///home/seluser/ppt/player/dashjs/index.html (128)
[230:230:0130/132122.680494:INFO:CONSOLE(128)] "currentLatencynow: 15.589", source: file:///home/seluser/ppt/player/dashjs/index.html (128)
[230:230:0130/132123.680482:INFO:CONSOLE(128)] "currentLatencynow: 16.589", source: file:///home/seluser/ppt/player/dashjs/index.html (128)
[230:230:0130/132124.680613:INFO:CONSOLE(128)] "currentLatencynow: 17.589", source: file:///home/seluser/ppt/player/dashjs/index.html (128)
[230:230:0130/132125.680512:INFO:CONSOLE(128)] "currentLatencynow: 18.589", source: file:///home/seluser/ppt/player/dashjs/index.html (128)
[230:230:0130/132126.680539:INFO:CONSOLE(128)] "currentLatencynow: 19.589", source: file:///home/seluser/ppt/player/dashjs/index.html (128)
[230:257:0130/132127.221424:ERROR:bus.cc(392)] Failed to connect to the bus: Address does not contain a colon
[230:257:0130/132127.221503:ERROR:bus.cc(392)] Failed to connect to the bus: Address does not contain a colon
[230:230:0130/132127.680481:INFO:CONSOLE(128)] "currentLatencynow: 20.092", source: file:///home/seluser/ppt/player/dashjs/index.html (128)
[230:230:0130/132128.680599:INFO:CONSOLE(128)] "currentLatencynow: 20.091", source: file:///home/seluser/ppt/player/dashjs/index.html (128)
[230:230:0130/132129.680665:INFO:CONSOLE(128)] "currentLatencynow: 20.578", source: file:///home/seluser/ppt/player/dashjs/index.html (128)
[230:230:0130/132130.682774:INFO:CONSOLE(128)] "currentLatencynow: 21.58", source: file:///home/seluser/ppt/player/dashjs/index.html (128)
[230:230:0130/132131.680738:INFO:CONSOLE(128)] "currentLatencynow: 22.578", source: file:///home/seluser/ppt/player/dashjs/index.html (128)
[230:230:0130/132132.718202:INFO:CONSOLE(128)] "currentLatencynow: 23.578", source: file:///home/seluser/ppt/player/dashjs/index.html (128)
[230:230:0130/132133.680504:INFO:CONSOLE(128)] "currentLatencynow: 24.578", source: file:///home/seluser/ppt/player/dashjs/index.html (128)
[394:654:0130/132134.594370:ERROR:disk_data_allocator.cc(175)] DISK: Cannot write to disk. written = -1 FILE_ERROR_FAILED
[230:230:0130/132134.680582:INFO:CONSOLE(128)] "currentLatencynow: 25.578", source: file:///home/seluser/ppt/player/dashjs/index.html (128)
[230:230:0130/132135.681019:INFO:CONSOLE(128)] "currentLatencynow: 26.578", source: file:///home/seluser/ppt/player/dashjs/index.html (128)
[302:333:0130/132136.653496:ERROR:database.cc(1761)] ReportingAndNEL SQLite error: code 13 errno 0: database or disk is full sql: COMMIT
[230:230:0130/132136.680495:INFO:CONSOLE(128)] "currentLatencynow: 27.578", source: file:///home/seluser/ppt/player/dashjs/index.html (128)
[230:230:0130/132137.680545:INFO:CONSOLE(128)] "currentLatencynow: 28.578", source: file:///home/seluser/ppt/player/dashjs/index.html (128)
[230:230:0130/132138.680561:INFO:CONSOLE(128)] "currentLatencynow: 29.578", source: file:///home/seluser/ppt/player/dashjs/index.html (128)
[230:230:0130/132139.680495:INFO:CONSOLE(128)] "currentLatencynow: 30.299", source: file:///home/seluser/ppt/player/dashjs/index.html (128)
[230:230:0130/132140.680502:INFO:CONSOLE(128)] "currentLatencynow: 31.299", source: file:///home/seluser/ppt/player/dashjs/index.html (128)
[230:230:0130/132141.680558:INFO:CONSOLE(128)] "currentLatencynow: 32.299", source: file:///home/seluser/ppt/player/dashjs/index.html (128)
[230:230:0130/132142.680571:INFO:CONSOLE(128)] "currentLatencynow: 33.299", source: file:///home/seluser/ppt/player/dashjs/index.html (128)
[230:230:0130/132143.680613:INFO:CONSOLE(128)] "currentLatencynow: 34.299", source: file:///home/seluser/ppt/player/dashjs/index.html (128)
[230:230:0130/132144.680604:INFO:CONSOLE(128)] "currentLatencynow: 35.299", source: file:///home/seluser/ppt/player/dashjs/index.html (128)
[230:230:0130/132145.680546:INFO:CONSOLE(128)] "currentLatencynow: 36.299", source: file:///home/seluser/ppt/player/dashjs/index.html (128)
[230:230:0130/132146.680550:INFO:CONSOLE(128)] "currentLatencynow: 37.299", source: file:///home/seluser/ppt/player/dashjs/index.html (128)
[230:230:0130/132147.680538:INFO:CONSOLE(128)] "currentLatencynow: 38.299", source: file:///home/seluser/ppt/player/dashjs/index.html (128)
[230:230:0130/132148.680468:INFO:CONSOLE(128)] "currentLatencynow: 39.299", source: file:///home/seluser/ppt/player/dashjs/index.html (128)
[230:230:0130/132149.680543:INFO:CONSOLE(128)] "currentLatencynow: 40.299", source: file:///home/seluser/ppt/player/dashjs/index.html (128)
[230:230:0130/132150.680515:INFO:CONSOLE(128)] "currentLatencynow: 41.299", source: file:///home/seluser/ppt/player/dashjs/index.html (128)
[230:230:0130/132151.680571:INFO:CONSOLE(128)] "currentLatencynow: 42.299", source: file:///home/seluser/ppt/player/dashjs/index.html (128)
[230:230:0130/132152.680490:INFO:CONSOLE(128)] "currentLatencynow: 43.299", source: file:///home/seluser/ppt/player/dashjs/index.html (128)
[230:230:0130/132153.680493:INFO:CONSOLE(128)] "currentLatencynow: 44.299", source: file:///home/seluser/ppt/player/dashjs/index.html (128)
[230:230:0130/132154.680487:INFO:CONSOLE(128)] "currentLatencynow: 45.299", source: file:///home/seluser/ppt/player/dashjs/index.html (128)
[230:230:0130/132155.680546:INFO:CONSOLE(128)] "currentLatencynow: 46.299", source: file:///home/seluser/ppt/player/dashjs/index.html (128)
[230:230:0130/132156.680[230:230:0130/132403.680610:INFO:CONSOLE(128)] "currentLatencynow: 174.299", source: file:///home/seluser/ppt/player/dashjs/index.html (128)
[230:230:0130/132404.680525:INFO:CONSOLE(128)] "currentLatencynow: 175.299", source: file:///home/seluser/ppt/player/dashjs/index.html (128)
[230:230:0130/132405.680673:INFO:CONSOLE(128)] "currentLatencynow: 176.299", source: file:///home/seluser/ppt/player/dashjs/index.html (128)
[230:230:0130/132406.680557:INFO:CONSOLE(128)] "currentLatencynow: 177.299", source: file:///home/seluser/ppt/player/dashjs/index.html (128)
[230:250:0130/132406.812799:ERROR:database.cc(1761)] History SQLite error: code 1 errno 0: cannot commit - no transaction is active sql: COMMIT
[230:230:0130/132406.827045:WARNING:pref_notifier_impl.cc(40)] Pref observer for media_router.cast_allow_all_ips found at shutdown.
