[229:292:0130/132106.213781:ERROR:bus.cc(392)] Failed to connect to the bus: Failed to connect to socket /var/run/dbus/system_bus_socket: No such file or directory
[229:255:0130/132106.215918:ERROR:bus.cc(392)] Failed to connect to the bus: Address does not contain a colon
[229:255:0130/132106.216095:ERROR:bus.cc(392)] Failed to connect to the bus: Address does not contain a colon
[229:255:0130/132106.227445:ERROR:bus.cc(392)] Failed to connect to the bus: Address does not contain a colon
[229:255:0130/132106.227521:ERROR:bus.cc(392)] Failed to connect to the bus: Address does not contain a colon
[300:300:0130/132106.230536:ERROR:gpu_init.cc(453)] Passthrough is not supported, GL is swiftshader, ANGLE is 
[229:255:0130/132106.252604:ERROR:bus.cc(392)] Failed to connect to the bus: Address does not contain a colon
[229:255:0130/132106.252641:ERROR:bus.cc(392)] Failed to connect to the bus: Address does not contain a colon
[229:394:0130/132106.332398:ERROR:bus.cc(392)] Failed to connect to the bus: Failed to connect to socket /var/run/dbus/system_bus_socket: No such file or directory
[229:394:0130/132106.332474:ERROR:bus.cc(392)] Failed to connect to the bus: Failed to connect to socket /var/run/dbus/system_bus_socket: No such file or directory
[229:394:0130/132106.332540:ERROR:bus.cc(392)] Failed to connect to the bus: Failed to connect to socket /var/run/dbus/system_bus_socket: No such file or directory
[229:394:0130/132106.332557:WARNING:property.cc(144)] DaemonVersion: GetAndBlock: failed.
[229:394:0130/132106.332603:ERROR:bus.cc(392)] Failed to connect to the bus: Failed to connect to socket /var/run/dbus/system_bus_socket: No such file or directory
[229:394:0130/132106.332648:ERROR:bus.cc(392)] Failed to connect to the bus: Failed to connect to socket /var/run/dbus/system_bus_socket: No such file or directory
[229:229:0130/132107.610146:INFO:CONSOLE(128)] "currentLatencynow: NaN", source: file:///home/seluser/ppt/player/dashjs/index.html (128)
[229:316:0130/132108.441602:ERROR:chrome_browser_main_extra_parts_metrics.cc(228)] crbug.com/1216328: Checking Bluetooth availability started. Please report if there is no report that this ends.
[229:316:0130/132108.441671:ERROR:chrome_browser_main_extra_parts_metrics.cc(231)] crbug.com/1216328: Checking Bluetooth availability ended.
[229:316:0130/132108.441690:ERROR:chrome_browser_main_extra_parts_metrics.cc(234)] crbug.com/1216328: Checking default browser status started. Please report if there is no report that this ends.
[229:229:0130/132108.609574:INFO:CONSOLE(128)] "currentLatencynow: 0", source: file:///home/seluser/ppt/player/dashjs/index.html (128)
[229:316:0130/132108.614029:ERROR:chrome_browser_main_extra_parts_metrics.cc(238)] crbug.com/1216328: Checking default browser status ended.
[229:229:0130/132109.609660:INFO:CONSOLE(128)] "currentLatencynow: 0", source: file:///home/seluser/ppt/player/dashjs/index.html (128)
[229:229:0130/132110.609799:INFO:CONSOLE(128)] "currentLatencynow: 0", source: file:///home/seluser/ppt/player/dashjs/index.html (128)
[229:229:0130/132111.609693:INFO:CONSOLE(128)] "currentLatencynow: 0", source: file:///home/seluser/ppt/player/dashjs/index.html (128)
[639:639:0130/132112.485047:WARNING:audio_manager_linux.cc(69)] Falling back to ALSA for audio output. PulseAudio is not available or could not be initialized.
[639:639:0130/132112.490554:ERROR:alsa_util.cc(204)] PcmOpen: default,No such file or directory
[639:639:0130/132112.490664:ERROR:alsa_util.cc(204)] PcmOpen: plug:default,No such file or directory
[229:229:0130/132112.609973:INFO:CONSOLE(128)] "currentLatencynow: 8.036", source: file:///home/seluser/ppt/player/dashjs/index.html (128)
[229:229:0130/132113.609861:INFO:CONSOLE(128)] "currentLatencynow: 9.036", source: file:///home/seluser/ppt/player/dashjs/index.html (128)
[229:229:0130/132114.609887:INFO:CONSOLE(128)] "currentLatencynow: 10.036", source: file:///home/seluser/ppt/player/dashjs/index.html (128)
[229:229:0130/132115.609877:INFO:CONSOLE(128)] "currentLatencynow: 11.036", source: file:///home/seluser/ppt/player/dashjs/index.html (128)
[229:229:0130/132116.609992:INFO:CONSOLE(128)] "currentLatencynow: 12.036", source: file:///home/seluser/ppt/player/dashjs/index.html (128)
[229:229:0130/132117.609899:INFO:CONSOLE(128)] "currentLatencynow: 13.036", source: file:///home/seluser/ppt/player/dashjs/index.html (128)
[229:255:0130/132118.500061:ERROR:bus.cc(392)] Failed to connect to the bus: Address does not contain a colon
[229:255:0130/132118.500149:ERROR:bus.cc(392)] Failed to connect to the bus: Address does not contain a colon
[229:255:0130/132118.500166:ERROR:bus.cc(392)] Failed to connect to the bus: Address does not contain a colon
[229:255:0130/132118.500180:ERROR:bus.cc(392)] Failed to connect to the bus: Address does not contain a colon
[229:255:0130/132118.500193:ERROR:bus.cc(392)] Failed to connect to the bus: Address does not contain a colon
[229:255:0130/132118.500208:ERROR:bus.cc(392)] Failed to connect to the bus: Address does not contain a colon
[229:255:0130/132118.500222:ERROR:bus.cc(392)] Failed to connect to the bus: Address does not contain a colon
[229:255:0130/132118.500233:ERROR:bus.cc(392)] Failed to connect to the bus: Address does not contain a colon
[229:255:0130/132118.500244:ERROR:bus.cc(392)] Failed to connect to the bus: Address does not contain a colon
[229:255:0130/132118.500259:ERROR:bus.cc(392)] Failed to connect to the bus: Address does not contain a colon
[229:255:0130/132118.500272:ERROR:bus.cc(392)] Failed to connect to the bus: Address does not contain a colon
[229:255:0130/132118.500284:ERROR:bus.cc(392)] Failed to connect to the bus: Address does not contain a colon
[229:255:0130/132118.500295:ERROR:bus.cc(392)] Failed to connect to the bus: Address does not contain a colon
[229:255:0130/132118.500307:ERROR:bus.cc(392)] Failed to connect to the bus: Address does not contain a colon
[229:255:0130/132118.501158:ERROR:bus.cc(392)] Failed to connect to the bus: Address does not contain a colon
[229:255:0130/132118.501935:ERROR:bus.cc(392)] Failed to connect to the bus: Address does not contain a colon
[229:255:0130/132118.501967:ERROR:bus.cc(392)] Failed to connect to the bus: Address does not contain a colon
[229:255:0130/132118.570544:ERROR:bus.cc(392)] Failed to connect to the bus: Address does not contain a colon
[229:255:0130/132118.570606:ERROR:bus.cc(392)] Failed to connect to the bus: Address does not contain a colon
[229:229:0130/132118.610225:INFO:CONSOLE(128)] "currentLatencynow: 13.998", source: file:///home/seluser/ppt/player/dashjs/index.html (128)
[229:229:0130/132119.609902:INFO:CONSOLE(128)] "currentLatencynow: 14.592", source: file:///home/seluser/ppt/player/dashjs/index.html (128)
[229:229:0130/132120.609922:INFO:CONSOLE(128)] "currentLatencynow: 15.592", source: file:///home/seluser/ppt/player/dashjs/index.html (128)
[229:229:0130/132121.645982:INFO:CONSOLE(128)] "currentLatencynow: 16.592", source: file:///home/seluser/ppt/player/dashjs/index.html (128)
[229:229:0130/132122.609792:INFO:CONSOLE(128)] "currentLatencynow: 17.592", source: file:///home/seluser/ppt/player/dashjs/index.html (128)
[229:255:0130/132123.244468:ERROR:bus.cc(392)] Failed to connect to the bus: Address does not contain a colon
[229:255:0130/132123.244536:ERROR:bus.cc(392)] Failed to connect to the bus: Address does not contain a colon
[229:229:0130/132123.609766:INFO:CONSOLE(128)] "currentLatencynow: 18.182", source: file:///home/seluser/ppt/player/dashjs/index.html (128)
[229:229:0130/132124.609943:INFO:CONSOLE(128)] "currentLatencynow: 18.182", source: file:///home/seluser/ppt/player/dashjs/index.html (128)
[229:229:0130/132125.609832:INFO:CONSOLE(128)] "currentLatencynow: 18.521", source: file:///home/seluser/ppt/player/dashjs/index.html (128)
[229:229:0130/132126.609886:INFO:CONSOLE(128)] "currentLatencynow: 19.521", source: file:///home/seluser/ppt/player/dashjs/index.html (128)
[229:229:0130/132127.609718:INFO:CONSOLE(128)] "currentLatencynow: 20.521", source: file:///home/seluser/ppt/player/dashjs/index.html (128)
[229:229:0130/132128.609873:INFO:CONSOLE(128)] "currentLatencynow: 21.521", source: file:///home/seluser/ppt/player/dashjs/index.html (128)
[229:229:0130/132129.609876:INFO:CONSOLE(128)] "currentLatencynow: 22.521", source: file:///home/seluser/ppt/player/dashjs/index.html (128)
[229:229:0130/132130.610453:INFO:CONSOLE(128)] "currentLatencynow: 23.521", source: file:///home/seluser/ppt/player/dashjs/index.html (128)
[229:229:0130/132131.609884:INFO:CONSOLE(128)] "currentLatencynow: 24.521", source: file:///home/seluser/ppt/player/dashjs/index.html (128)
[229:229:0130/132132.609815:INFO:CONSOLE(128)] "currentLatencynow: 25.521", source: file:///home/seluser/ppt/player/dashjs/index.html (128)
[229:229:0130/132133.609817:INFO:CONSOLE(128)] "currentLatencynow: 26.521", source: file:///home/seluser/ppt/player/dashjs/index.html (128)
[229:229:0130/132134.609832:INFO:CONSOLE(128)] "currentLatencynow: 27.521", source: file:///home/seluser/ppt/player/dashjs/index.html (128)
[229:229:0130/132135.609829:INFO:CONSOLE(128)] "currentLatencynow: 28.521", source: file:///home/seluser/ppt/player/dashjs/index.html (128)
[229:229:0130/132136.609943:INFO:CONSOLE(128)] "currentLatencynow: 29.521", source: file:///home/seluser/ppt/player/dashjs/index.html (128)
[229:229:0130/132137.609765:INFO:CONSOLE(128)] "currentLatencynow: 30.202", source: file:///home/seluser/ppt/player/dashjs/index.html (128)
[229:229:0130/132138.609838:INFO:CONSOLE(128)] "currentLatencynow: 31.202", source: file:///home/seluser/ppt/player/dashjs/index.html (128)
[229:229:0130/132139.609792:INFO:CONSOLE(128)] "currentLatencynow: 32.202", source: file:///home/seluser/ppt/player/dashjs/index.html (128)
[229:229:0130/132140.609775:INFO:CONSOLE(128)] "currentLatencynow: 33.202", source: file:///home/seluser/ppt/player/dashjs/index.html (128)
[229:229:0130/132141.609793:INFO:CONSOLE(128)] "currentLatencynow: 34.202", source: file:///home/seluser/ppt/player/dashjs/index.html (128)
[229:229:0130/132142.609767:INFO:CONSOLE(128)] "currentLatencynow: 35.202", source: file:///home/seluser/ppt/player/dashjs/index.html (128)
[229:229:0130/132143.609746:INFO:CONSOLE(128)] "currentLatencynow: 36.202", source: file:///home/seluser/ppt/player/dashjs/index.html (128)
[229:229:0130/132144.609733:INFO:CONSOLE(128)] "currentLatencynow: 37.202", source: file:///home/seluser/ppt/player/dashjs/index.html (128)
[229:229:0130/132145.609720:INFO:CONSOLE(128)] "currentLatencynow: 38.202", source: file:///home/seluser/ppt/player/dashjs/index.html (128)
[229:229:0130/132146.609738:INFO:CONSOLE(128)] "currentLatencynow: 39.202", source: file:///home/seluser/ppt/player/dashjs/index.html (128)
[229:229:0130/132147.609764:INFO:CONSOLE(128)] "currentLatencynow: 40.202", source: file:///home/seluser/ppt/player/dashjs/index.html (128)
[229:229:0130/132148.609772:INFO:CONSOLE(128)] "currentLatencynow: 41.202", source: file:///home/seluser/ppt/player/dashjs/index.html (128)
[229:229:0130/132149.609746:INFO:CONSOLE(128)] "currentLatencynow: 42.202", source: file:///home/seluser/ppt/player/dashjs/index.html (128)
[229:229:0130/132150.609779:INFO:CONSOLE(128)] "currentLatencynow: 43.202", source: file:///home/seluser/ppt/player/dashjs/index.html (128)
[229:229:0130/132151.609769:INFO:CONSOLE(128)] "currentLatencynow: 44.202", source: file:///home/seluser/ppt/player/dashjs/index.html (128)
[229:229:0130/132152.609836:INFO:CONSOLE(128)] "currentLatencynow: 45.202", source: file:///home/seluser/ppt/player/dashjs/index.html (128)
[229:229:0130/132153.609787:INFO:CONSOLE(128)] "currentLatencynow: 46.202", source: file:///home/seluser/ppt/player/dashjs/index.html (128)
[229:229:0130/132154.609779:INFO:CONSOLE(128)] "currentLatencynow: 47.202", source: file:///home/seluser/ppt/player/dashjs/index.html (128)
[229:229:0130/132155.609806:INFO:CONSOLE(128)] "currentLatencynow: 48.202", source: file:///home/seluser/ppt/player/dashjs/index.html (128)
[229:229:0130/132156.609813:INFO:CONSOLE(128)] "currentLatencynow: 49.202", source: file:///home/seluser/ppt/player/dashjs/index.html (128)
[229:229:0130/132157.609799:INFO:CONSOLE(128)] "currentLatencynow: 50.202", source: file:///home/seluser/ppt/player/dashjs/index.[229:229:0130/132403.609798:INFO:CONSOLE(128)] "currentLatencynow: 176.202", source: file:///home/seluser/ppt/player/dashjs/index.html (128)
[229:229:0130/132404.609720:INFO:CONSOLE(128)] "currentLatencynow: 177.202", source: file:///home/seluser/ppt/player/dashjs/index.html (128)
[229:229:0130/132405.609852:INFO:CONSOLE(128)] "currentLatencynow: 178.202", source: file:///home/seluser/ppt/player/dashjs/index.html (128)
[229:229:0130/132406.609781:INFO:CONSOLE(128)] "currentLatencynow: 179.202", source: file:///home/seluser/ppt/player/dashjs/index.html (128)
[229:294:0130/132406.797901:ERROR:database.cc(1761)] History SQLite error: code 1 errno 0: cannot commit - no transaction is active sql: COMMIT
[229:229:0130/132406.808807:WARNING:pref_notifier_impl.cc(40)] Pref observer for media_router.cast_allow_all_ips found at shutdown.
