[230:294:0130/132110.869585:ERROR:bus.cc(392)] Failed to connect to the bus: Failed to connect to socket /var/run/dbus/system_bus_socket: No such file or directory
[230:257:0130/132110.877361:ERROR:bus.cc(392)] Failed to connect to the bus: Address does not contain a colon
[230:257:0130/132110.877628:ERROR:bus.cc(392)] Failed to connect to the bus: Address does not contain a colon
[301:301:0130/132110.895255:ERROR:gpu_init.cc(453)] Passthrough is not supported, GL is swiftshader, ANGLE is 
[230:257:0130/132110.895547:ERROR:bus.cc(392)] Failed to connect to the bus: Address does not contain a colon
[230:257:0130/132110.900640:ERROR:bus.cc(392)] Failed to connect to the bus: Address does not contain a colon
[230:257:0130/132110.931744:ERROR:bus.cc(392)] Failed to connect to the bus: Address does not contain a colon
[230:257:0130/132110.933115:ERROR:bus.cc(392)] Failed to connect to the bus: Address does not contain a colon
[230:395:0130/132111.146038:ERROR:bus.cc(392)] Failed to connect to the bus: Failed to connect to socket /var/run/dbus/system_bus_socket: No such file or directory
[230:395:0130/132111.149386:ERROR:bus.cc(392)] Failed to connect to the bus: Failed to connect to socket /var/run/dbus/system_bus_socket: No such file or directory
[230:395:0130/132111.149477:ERROR:bus.cc(392)] Failed to connect to the bus: Failed to connect to socket /var/run/dbus/system_bus_socket: No such file or directory
[230:395:0130/132111.149498:WARNING:property.cc(144)] DaemonVersion: GetAndBlock: failed.
[230:395:0130/132111.149545:ERROR:bus.cc(392)] Failed to connect to the bus: Failed to connect to socket /var/run/dbus/system_bus_socket: No such file or directory
[230:395:0130/132111.149593:ERROR:bus.cc(392)] Failed to connect to the bus: Failed to connect to socket /var/run/dbus/system_bus_socket: No such file or directory
[230:230:0130/132112.508814:INFO:CONSOLE(128)] "currentLatencynow: NaN", source: file:///home/seluser/ppt/player/dashjs/index.html (128)
[230:250:0130/132113.317070:ERROR:chrome_browser_main_extra_parts_metrics.cc(228)] crbug.com/1216328: Checking Bluetooth availability started. Please report if there is no report that this ends.
[230:250:0130/132113.317123:ERROR:chrome_browser_main_extra_parts_metrics.cc(231)] crbug.com/1216328: Checking Bluetooth availability ended.
[230:250:0130/132113.317140:ERROR:chrome_browser_main_extra_parts_metrics.cc(234)] crbug.com/1216328: Checking default browser status started. Please report if there is no report that this ends.
[230:230:0130/132113.508660:INFO:CONSOLE(128)] "currentLatencynow: NaN", source: file:///home/seluser/ppt/player/dashjs/index.html (128)
[230:250:0130/132113.517917:ERROR:chrome_browser_main_extra_parts_metrics.cc(238)] crbug.com/1216328: Checking default browser status ended.
[230:230:0130/132114.508811:INFO:CONSOLE(128)] "currentLatencynow: NaN", source: file:///home/seluser/ppt/player/dashjs/index.html (128)
[230:230:0130/132115.508525:INFO:CONSOLE(128)] "currentLatencynow: NaN", source: file:///home/seluser/ppt/player/dashjs/index.html (128)
[230:230:0130/132116.508569:INFO:CONSOLE(128)] "currentLatencynow: 0", source: file:///home/seluser/ppt/player/dashjs/index.html (128)
[230:230:0130/132117.508584:INFO:CONSOLE(128)] "currentLatencynow: 0", source: file:///home/seluser/ppt/player/dashjs/index.html (128)
[230:230:0130/132118.508515:INFO:CONSOLE(128)] "currentLatencynow: 0", source: file:///home/seluser/ppt/player/dashjs/index.html (128)
[230:230:0130/132119.508611:INFO:CONSOLE(128)] "currentLatencynow: 0", source: file:///home/seluser/ppt/player/dashjs/index.html (128)
[230:230:0130/132120.509202:INFO:CONSOLE(128)] "currentLatencynow: 0", source: file:///home/seluser/ppt/player/dashjs/index.html (128)
[230:230:0130/132121.508798:INFO:CONSOLE(128)] "currentLatencynow: 0", source: file:///home/seluser/ppt/player/dashjs/index.html (128)
[675:675:0130/132121.649938:WARNING:audio_manager_linux.cc(69)] Falling back to ALSA for audio output. PulseAudio is not available or could not be initialized.
[675:675:0130/132121.699353:ERROR:alsa_util.cc(204)] PcmOpen: default,No such file or directory
[675:675:0130/132121.699662:ERROR:alsa_util.cc(204)] PcmOpen: plug:default,No such file or directory
[230:230:0130/132122.509075:INFO:CONSOLE(128)] "currentLatencynow: 10.911", source: file:///home/seluser/ppt/player/dashjs/index.html (128)
[230:230:0130/132123.508582:INFO:CONSOLE(128)] "currentLatencynow: 11.911", source: file:///home/seluser/ppt/player/dashjs/index.html (128)
[230:230:0130/132124.508553:INFO:CONSOLE(128)] "currentLatencynow: 12.911", source: file:///home/seluser/ppt/player/dashjs/index.html (128)
[230:230:0130/132125.508728:INFO:CONSOLE(128)] "currentLatencynow: 13.911", source: file:///home/seluser/ppt/player/dashjs/index.html (128)
[230:230:0130/132126.508537:INFO:CONSOLE(128)] "currentLatencynow: 14.911", source: file:///home/seluser/ppt/player/dashjs/index.html (128)
[230:230:0130/132127.508586:INFO:CONSOLE(128)] "currentLatencynow: 15.911", source: file:///home/seluser/ppt/player/dashjs/index.html (128)
[230:230:0130/132128.508999:INFO:CONSOLE(128)] "currentLatencynow: 16.911", source: file:///home/seluser/ppt/player/dashjs/index.html (128)
[230:230:0130/132129.508684:INFO:CONSOLE(128)] "currentLatencynow: 17.911", source: file:///home/seluser/ppt/player/dashjs/index.html (128)
[230:230:0130/132130.508606:INFO:CONSOLE(128)] "currentLatencynow: 18.911", source: file:///home/seluser/ppt/player/dashjs/index.html (128)
[230:257:0130/132130.990957:ERROR:bus.cc(392)] Failed to connect to the bus: Address does not contain a colon
[230:257:0130/132130.991044:ERROR:bus.cc(392)] Failed to connect to the bus: Address does not contain a colon
[230:257:0130/132130.991057:ERROR:bus.cc(392)] Failed to connect to the bus: Address does not contain a colon
[230:257:0130/132130.991069:ERROR:bus.cc(392)] Failed to connect to the bus: Address does not contain a colon
[230:257:0130/132130.991081:ERROR:bus.cc(392)] Failed to connect to the bus: Address does not contain a colon
[230:257:0130/132130.991097:ERROR:bus.cc(392)] Failed to connect to the bus: Address does not contain a colon
[230:257:0130/132130.991111:ERROR:bus.cc(392)] Failed to connect to the bus: Address does not contain a colon
[230:257:0130/132130.991121:ERROR:bus.cc(392)] Failed to connect to the bus: Address does not contain a colon
[230:257:0130/132130.991135:ERROR:bus.cc(392)] Failed to connect to the bus: Address does not contain a colon
[230:257:0130/132130.991147:ERROR:bus.cc(392)] Failed to connect to the bus: Address does not contain a colon
[230:257:0130/132130.991158:ERROR:bus.cc(392)] Failed to connect to the bus: Address does not contain a colon
[230:257:0130/132130.991178:ERROR:bus.cc(392)] Failed to connect to the bus: Address does not contain a colon
[230:257:0130/132130.991191:ERROR:bus.cc(392)] Failed to connect to the bus: Address does not contain a colon
[230:257:0130/132130.991203:ERROR:bus.cc(392)] Failed to connect to the bus: Address does not contain a colon
[230:257:0130/132130.996653:ERROR:bus.cc(392)] Failed to connect to the bus: Address does not contain a colon
[230:257:0130/132130.996698:ERROR:bus.cc(392)] Failed to connect to the bus: Address does not contain a colon
[230:257:0130/132130.996716:ERROR:bus.cc(392)] Failed to connect to the bus: Address does not contain a colon
[230:257:0130/132131.065206:ERROR:bus.cc(392)] Failed to connect to the bus: Address does not contain a colon
[230:257:0130/132131.065266:ERROR:bus.cc(392)] Failed to connect to the bus: Address does not contain a colon
[230:230:0130/132131.508530:INFO:CONSOLE(128)] "currentLatencynow: 19.436", source: file:///home/seluser/ppt/player/dashjs/index.html (128)
[230:230:0130/132132.508533:INFO:CONSOLE(128)] "currentLatencynow: 19.402", source: file:///home/seluser/ppt/player/dashjs/index.html (128)
[230:230:0130/132133.508585:INFO:CONSOLE(128)] "currentLatencynow: 20.402", source: file:///home/seluser/ppt/player/dashjs/index.html (128)
[230:230:0130/132134.508583:INFO:CONSOLE(128)] "currentLatencynow: 21.402", source: file:///home/seluser/ppt/player/dashjs/index.html (128)
[230:230:0130/132135.508482:INFO:CONSOLE(128)] "cu[230:230:0130/132137.508447:INFO:CONSOLE(128)] "currentLatencynow: 24.402", source: file:///home/seluser/ppt/player/dashjs/index.html (128)
[230:230:0130/132138.508316:INFO:CONSOLE(128)] "currentLatencynow: 25.402", source: file:///home/seluser/ppt/player/dashjs/index.html (128)
[230:230:0130/132139.508515:INFO:CONSOLE(128)] "currentLatencynow: 26.402", source: file:///home/seluser/ppt/player/dashjs/index.html (128)
[230:230:0130/132140.508454:INFO:CONSOLE(128)] "currentLatencynow: 27.402", source: file:///home/seluser/ppt/player/dashjs/index.html (128)
[303:341:0130/132141.454987:ERROR:database.cc(1761)] ReportingAndNEL SQLite error: code 13 errno 0: database or disk is full sql: INSERT INTO nel_policies (nik, origin_scheme, origin_host, origin_port, received_ip_address, group_name, expires_us_since_epoch, success_fraction, failure_fraction, is_include_subdomains, last_access_us_since_epoch) VALUES (?,?,?,?,?,?,?,?,?,?,?)
[303:341:0130/132141.456804:ERROR:database.cc(1761)] ReportingAndNEL SQLite error: code 13 errno 0: database or disk is full sql: INSERT INTO reporting_endpoints (nik, origin_scheme, origin_host, origin_port, group_name, url, priority, weight) VALUES (?,?,?,?,?,?,?,?)
[303:341:0130/132141.462800:ERROR:database.cc(1761)] ReportingAndNEL SQLite error: code 13 errno 0: database or disk is full sql: INSERT INTO reporting_endpoints (nik, origin_scheme, origin_host, origin_port, group_name, url, priority, weight) VALUES (?,?,?,?,?,?,?,?)
[303:341:0130/132141.464806:ERROR:database.cc(1761)] ReportingAndNEL SQLite error: code 13 errno 0: database or disk is full sql: INSERT INTO reporting_endpoint_groups (nik, origin_scheme, origin_host, origin_port, group_name, is_include_subdomains, expires_us_since_epoch, last_access_us_since_epoch) VALUES (?,?,?,?,?,?,?,?)
[303:341:0130/132141.472842:ERROR:database.cc(1761)] ReportingAndNEL SQLite error: code 13 errno 0: database or disk is full sql: INSERT INTO reporting_endpoint_groups (nik, origin_scheme, origin_host, origin_port, group_name, is_include_subdomains, expires_us_since_epoch, last_access_us_since_epoch) VALUES (?,?,?,?,?,?,?,?)
[303:341:0130/132141.472921:ERROR:database.cc(1761)] ReportingAndNEL SQLite error: code 1 errno 0: cannot commit - no transaction is active sql: COMMIT
[230:230:0130/132141.508444:INFO:CONSOLE(128)] "currentLatencynow: 28.402", source: file:///home/seluser/ppt/player/dashjs/index.html (128)
[230:230:0130/132142.508499:INFO:CONSOLE(128)] "currentLatencynow: 29.402", source: file:///home/seluser/ppt/player/dashjs/index.html (128)
[230:257:0130/132143.344392:ERROR:bus.cc(392)] Failed to connect to the bus: Address does not contain a colon
[230:257:0130/132143.344482:ERROR:bus.cc(392)] Failed to connect to the bus: Address does not contain a colon
[230:230:0130/132143.508556:INFO:CONSOLE(128)] "currentLatencynow: 30.144", source: file:///home/seluser/ppt/player/dashjs/index.html (128)
[230:230:0130/132144.508404:INFO:CONSOLE(128)] "currentLatencynow: 30.144", source: file:///home/seluser/ppt/player/dashjs/index.html (128)
[230:230:0130/132145.508524:INFO:CONSOLE(128)] "currentLatencynow: 30.085", source: file:///home/seluser/ppt/player/dashjs/index.html (128)
[230:230:0130/132146.508477:INFO:CONSOLE(128)] "currentLatencynow: 31.085", source: file:///home/seluser/ppt/player/dashjs/index.html (128)
[230:230:0130/132147.508492:INFO:CONSOLE(128)] "currentLatencynow: 32.085", source: file:///home/seluser/ppt/player/dashjs/index.html (128)
[230:230:0130/132148.508442:INFO:CONSOLE(128)] "currentLatencynow: 33.085", source: file:///home/seluser/ppt/player/dashjs/index.html (128)
[230:230:0130/132149.508494:INFO:CONSOLE(128)] "currentLatencynow: 34.085", source: file:///home/seluser/ppt/player/dashjs/index.html (128)
[230:230:0130/132150.508621:INFO:CONSOLE(128)] "currentLatencynow: 35.085", source: file:///home/seluser/ppt/player/dashjs/index.html (128)
[230:230:0130/132151.508466:INFO:CONSOLE(128)] "currentLatencynow: 36.085", source: file:///home/seluser/ppt/player/dashjs/index.html (128)
[230:230:0130/132152.508491:INFO:CONSOLE(128)] "current[230:230:0130/132403.508353:INFO:CONSOLE(128)] "currentLatencynow: 168.085", source: file:///home/seluser/ppt/player/dashjs/index.html (128)
[230:230:0130/132404.508427:INFO:CONSOLE(128)] "currentLatencynow: 169.085", source: file:///home/seluser/ppt/player/dashjs/index.html (128)
[230:230:0130/132405.508487:INFO:CONSOLE(128)] "currentLatencynow: 170.085", source: file:///home/seluser/ppt/player/dashjs/index.html (128)
[230:230:0130/132406.508506:INFO:CONSOLE(128)] "currentLatencynow: 171.085", source: file:///home/seluser/ppt/player/dashjs/index.html (128)
[230:230:0130/132407.508544:INFO:CONSOLE(128)] "currentLatencynow: 172.085", source: file:///home/seluser/ppt/player/dashjs/index.html (128)
[230:230:0130/132408.508518:INFO:CONSOLE(128)] "currentLatencynow: 173.085", source: file:///home/seluser/ppt/player/dashjs/index.html (128)
[230:230:0130/132409.508358:INFO:CONSOLE(128)] "currentLatencynow: 174.085", source: file:///home/seluser/ppt/player/dashjs/index.html (128)
[230:230:0130/132410.508419:INFO:CONSOLE(128)] "currentLatencynow: 175.085", source: file:///home/seluser/ppt/player/dashjs/index.html (128)
[230:230:0130/132411.508499:INFO:CONSOLE(128)] "currentLatencynow: 176.085", source: file:///home/seluser/ppt/player/dashjs/index.html (128)
[230:306:0130/132411.701370:ERROR:database.cc(1761)] History SQLite error: code 1 errno 0: cannot commit - no transaction is active sql: COMMIT
[230:230:0130/132411.719351:WARNING:pref_notifier_impl.cc(40)] Pref observer for media_router.cast_allow_all_ips found at shutdown.
