[229:249:0130/132124.696585:ERROR:file_path_watcher_linux.cc(326)] inotify_init() failed: Too many open files (24)
[229:291:0130/132124.927707:ERROR:bus.cc(392)] Failed to connect to the bus: Failed to connect to socket /var/run/dbus/system_bus_socket: No such file or directory
[229:254:0130/132124.930482:ERROR:bus.cc(392)] Failed to connect to the bus: Address does not contain a colon
[229:254:0130/132124.933134:ERROR:bus.cc(392)] Failed to connect to the bus: Address does not contain a colon
[229:254:0130/132124.948398:ERROR:bus.cc(392)] Failed to connect to the bus: Address does not contain a colon
[229:254:0130/132124.948448:ERROR:bus.cc(392)] Failed to connect to the bus: Address does not contain a colon
[299:299:0130/132124.958934:ERROR:gpu_init.cc(453)] Passthrough is not supported, GL is swiftshader, ANGLE is 
[300:334:0130/132124.978103:ERROR:file_path_watcher_linux.cc(326)] inotify_init() failed: Too many open files (24)
[229:254:0130/132124.996222:ERROR:bus.cc(392)] Failed to connect to the bus: Address does not contain a colon
[229:254:0130/132124.999375:ERROR:bus.cc(392)] Failed to connect to the bus: Address does not contain a colon
[229:395:0130/132125.168604:ERROR:bus.cc(392)] Failed to connect to the bus: Failed to connect to socket /var/run/dbus/system_bus_socket: No such file or directory
[229:395:0130/132125.168692:ERROR:bus.cc(392)] Failed to connect to the bus: Failed to connect to socket /var/run/dbus/system_bus_socket: No such file or directory
[229:395:0130/132125.168768:ERROR:bus.cc(392)] Failed to connect to the bus: Failed to connect to socket /var/run/dbus/system_bus_socket: No such file or directory
[229:395:0130/132125.168793:WARNING:property.cc(144)] DaemonVersion: GetAndBlock: failed.
[229:395:0130/132125.168841:ERROR:bus.cc(392)] Failed to connect to the bus: Failed to connect to socket /var/run/dbus/system_bus_socket: No such file or directory
[229:395:0130/132125.168920:ERROR:bus.cc(392)] Failed to connect to the bus: Failed to connect to socket /var/run/dbus/system_bus_socket: No such file or directory
[229:229:0130/132126.591651:INFO:CONSOLE(128)] "currentLatencynow: NaN", source: file:///home/seluser/ppt/player/dashjs/index.html (128)
[229:324:0130/132127.427636:ERROR:chrome_browser_main_extra_parts_metrics.cc(228)] crbug.com/1216328: Checking Bluetooth availability started. Please report if there is no report that this ends.
[229:324:0130/132127.427688:ERROR:chrome_browser_main_extra_parts_metrics.cc(231)] crbug.com/1216328: Checking Bluetooth availability ended.
[229:324:0130/132127.427703:ERROR:chrome_browser_main_extra_parts_metrics.cc(234)] crbug.com/1216328: Checking default browser status started. Please report if there is no report that this ends.
[229:229:0130/132127.591732:INFO:CONSOLE(128)] "currentLatencynow: NaN", source: file:///home/seluser/ppt/player/dashjs/index.html (128)
[229:324:0130/132127.660498:ERROR:chrome_browser_main_extra_parts_metrics.cc(238)] crbug.com/1216328: Checking default browser status ended.
[229:229:0130/132128.591000:INFO:CONSOLE(128)] "currentLatencynow: NaN", source: file:///home/seluser/ppt/player/dashjs/index.html (128)
[229:229:0130/132129.591010:INFO:CONSOLE(128)] "currentLatencynow: NaN", source: file:///home/seluser/ppt/player/dashjs/index.html (128)
[229:229:0130/132130.592822:INFO:CONSOLE(128)] "currentLatencynow: NaN", source: file:///home/seluser/ppt/player/dashjs/index.html (128)
[229:229:0130/132131.593992:INFO:CONSOLE(128)] "currentLatencynow: NaN", source: file:///home/seluser/ppt/player/dashjs/index.html (128)
[229:229:0130/132132.591722:INFO:CONSOLE(128)] "currentLatencynow: NaN", source: file:///home/seluser/ppt/player/dashjs/index.html (128)
[352:633:0130/132133.485951:ERROR:disk_data_allocator.cc(175)] DISK: Cannot write to disk. written = 4096 FILE_ERROR_FAILED
[352:362:0130/132133.490225:ERROR:disk_data_allocator.cc(175)] DISK: Cannot write to disk. written = -1 FILE_ERROR_FAILED
[352:537:0130/132133.490297:ERROR:disk_data_allocator.cc(175)] DISK: Cannot write to disk. written = -1 FILE_ERROR_FAILED
[352:628:0130/132133.490354:ERROR:disk_data_allocator.cc(175)] DISK: Cannot write to disk. written = -1 FILE_ERROR_FAILED
[396:400:0130/132133.490263:ERROR:disk_data_allocator.cc(175)] DISK: Cannot write to disk. written = -1 FILE_ERROR_FAILED
[352:634:0130/132133.490461:ERROR:disk_data_allocator.cc(175)] DISK: Cannot write to disk. written = -1 FILE_ERROR_FAILED
[352:368:0130/132133.490482:ERROR:disk_data_allocator.cc(175)] DISK: Cannot write to disk. written = -1 FILE_ERROR_FAILED
[352:625:0130/132133.490611:ERROR:disk_data_allocator.cc(175)] DISK: Cannot write to disk. written = -1 FILE_ERROR_FAILED
[352:364:0130/132133.490675:ERROR:disk_data_allocator.cc(175)] DISK: Cannot write to disk. written = -1 FILE_ERROR_FAILED
[352:632:0130/132133.490733:ERROR:disk_data_allocator.cc(175)] DISK: Cannot write to disk. written = -1 FILE_ERROR_FAILED
[352:630:0130/132133.490848:ERROR:disk_data_allocator.cc(175)] DISK: Cannot write to disk. written = -1 FILE_ERROR_FAILED
[352:622:0130/132133.490917:ERROR:disk_data_allocator.cc(175)] DISK: Cannot write to disk. written = -1 FILE_ERROR_FAILED
[352:636:0130/132133.490809:ERROR:disk_data_allocator.cc(175)] DISK: Cannot write to disk. written = -1 FILE_ERROR_FAILED
[352:623:0130/132133.491053:ERROR:disk_data_allocator.cc(175)] DISK: Cannot write to disk. written = -1 FILE_ERROR_FAILED
[352:538:0130/132133.491005:ERROR:disk_data_allocator.cc(175)] DISK: Cannot write to disk. written = -1 FILE_ERROR_FAILED
[352:627:0130/132133.491209:ERROR:disk_data_allocator.cc(175)] DISK: Cannot write to disk. written = -1 FILE_ERROR_FAILED
[352:631:0130/132133.491139:ERROR:disk_data_allocator.cc(175)] DISK: Cannot write to disk. written = -1 FILE_ERROR_FAILED
[352:655:0130/132133.541519:ERROR:disk_data_allocator.cc(175)] DISK: Cannot write to disk. written = -1 FILE_ERROR_FAILED
[352:653:0130/132133.541448:ERROR:disk_data_allocator.cc(175)] DISK: Cannot write to disk. written = 6023 FILE_ERROR_FAILED
[352:657:0130/132133.546387:ERROR:disk_data_allocator.cc(175)] DISK: Cannot write to disk. written = 2787 FILE_ERROR_FAILED
[352:652:0130/132133.546593:ERROR:disk_data_allocator.cc(175)] DISK: Cannot write to disk. written = -1 FILE_ERROR_FAILED
[352:646:0130/132133.547092:ERROR:disk_data_allocator.cc(175)] DISK: Cannot write to disk. written = -1 FILE_ERROR_FAILED
[352:654:0130/132133.546986:ERROR:disk_data_allocator.cc(175)] DISK: Cannot write to disk. written = -1 FILE_ERROR_FAILED
[352:656:0130/132133.547151:ERROR:disk_data_allocator.cc(175)] DISK: Cannot write to disk. written = -1 FILE_ERROR_FAILED
[352:650:0130/132133.547240:ERROR:disk_data_allocator.cc(175)] DISK: Cannot write to disk. written = -1 FILE_ERROR_FAILED
[352:659:0130/132133.547332:ERROR:disk_data_allocator.cc(175)] DISK: Cannot write to disk. written = -1 FILE_ERROR_FAILED
[352:663:0130/132133.547397:ERROR:disk_data_allocator.cc(175)] DISK: Cannot write to disk. written = -1 FILE_ERROR_FAILED
[352:660:0130/132133.547385:ERROR:disk_data_allocator.cc(175)] DISK: Cannot write to disk. written = -1 FILE_ERROR_FAILED
[352:658:0130/132133.550888:ERROR:disk_data_allocator.cc(175)] DISK: Cannot write to disk. written = -1 FILE_ERROR_FAILED
[352:662:0130/132133.550963:ERROR:disk_data_allocator.cc(175)] DISK: Cannot write to disk. written = -1 FILE_ERROR_FAILED
[229:229:0130/132133.591170:INFO:CONSOLE(128)] "currentLatencynow: NaN", source: file:///home/seluser/ppt/player/dashjs/index.html (128)
[229:229:0130/132134.591255:INFO:CONSOLE(128)] "currentLatencynow: NaN", source: file:///home/seluser/ppt/player/dashjs/index.html (128)
[229:249:0130/132135.384913:ERROR:database.cc(1761)] History SQLite error: code 13 errno 0: database or disk is full sql: COMMIT
[229:229:0130/132135.591200:INFO:CONSOLE(128)] "currentLatencynow: NaN", source: file:///home/seluser/ppt/player/dashjs/index.html (128)
[229:229:0130/132136.591118:INFO:CONSOLE(128)] "currentLatencynow: NaN", source: file:///home/seluser/ppt/player/dashjs/index.html (128)
[229:229:0130/132137.591057:INFO:CONSOLE(128)] "currentLatencynow: NaN", source: file:///home/seluser/ppt/player/dashjs/index.html (128)
[229:2[229:229:0130/132139.591187:INFO:CONSOLE(128)] "currentLatencynow: NaN", source: file:///home/seluser/ppt/player/dashjs/index.html (128)
[229:229:0130/132140.591292:INFO:CONSOLE(128)] "currentLatencynow: NaN", source: file:///home/seluser/ppt/player/dashjs/index.html (128)
[229:229:0130/132141.591020:INFO:CONSOLE(128)] "currentLatencynow: NaN", source: file:///home/seluser/ppt/player/dashjs/index.html (128)
[229:229:0130/132142.591108:INFO:CONSOLE(128)] "currentLatencynow: NaN", source: file:///home/seluser/ppt/player/dashjs/index.html (128)
[229:229:0130/132143.590994:INFO:CONSOLE(128)] "currentLatencynow: NaN", source: file:///home/seluser/ppt/player/dashjs/index.html (128)
[229:229:0130/132144.591079:INFO:CONSOLE(128)] "currentLatencynow: NaN", source: file:///home/seluser/ppt/player/dashjs/index.html (128)
[229:229:0130/132145.591081:INFO:CONSOLE(128)] "currentLatencynow: NaN", source: file:///home/seluser/ppt/player/dashjs/index.html (128)
[229:229:0130/132146.591020:INFO:CONSOLE(128)] "currentLatencynow: NaN", source: file:///home/seluser/ppt/player/dashjs/index.html (128)
[229:229:0130/132147.591035:INFO:CONSOLE(128)] "currentLatencynow: NaN", source: file:///home/seluser/ppt/player/dashjs/index.html (128)
[229:229:0130/132148.591030:INFO:CONSOLE(128)] "currentLatencynow: NaN", source: file:///home/seluser/ppt/player/dashjs/index.html (128)
[229:229:0130/132149.591033:INFO:CONSOLE(128)] "currentLatencynow: NaN", source: file:///home/seluser/ppt/player/dashjs/index.html (128)
[229:229:0130/132150.591091:INFO:CONSOLE(128)] "currentLatencynow: NaN", source: file:///home/seluser/ppt/player/dashjs/index.html (128)
[229:229:0130/132151.591041:INFO:CONSOLE(128)] "currentLatencynow: NaN", source: file:///home/seluser/ppt/player/dashjs/index.html (128)
[229:229:0130/132152.591050:INFO:CONSOLE(128)] "currentLatencynow: NaN", source: file:///home/seluser/ppt/player/dashjs/index.html (128)
[229:229:0130/132153.591081:INFO:CONSOLE(128)] "currentLatencynow: NaN", source: file:///home/seluser/ppt/player/dashjs/index.html (128)
[229:229:0130/132154.591061:INFO:CONSOLE(128)] "currentLatencynow: NaN", source: file:///home/seluser/ppt/player/dashjs/index.html (128)
[300:332:0130/132155.429840:ERROR:database.cc(1761)] ReportingAndNEL SQLite error: code 13 errno 0: database or disk is full sql: INSERT INTO nel_policies (nik, origin_scheme, origin_host, origin_port, received_ip_address, group_name, expires_us_since_epoch, success_fraction, failure_fraction, is_include_subdomains, last_access_us_since_epoch) VALUES (?,?,?,?,?,?,?,?,?,?,?)
[300:332:0130/132155.431762:ERROR:database.cc(1761)] ReportingAndNEL SQLite error: code 13 errno 0: database or disk is full sql: INSERT INTO reporting_endpoints (nik, origin_scheme, origin_host, origin_port, group_name, url, priority, weight) VALUES (?,?,?,?,?,?,?,?)
[300:332:0130/132155.433786:ERROR:database.cc(1761)] ReportingAndNEL SQLite error: code 13 errno 0: database or disk is full sql: INSERT INTO reporting_endpoints (nik, origin_scheme, origin_host, origin_port, group_name, url, priority, weight) VALUES (?,?,?,?,?,?,?,?)
[300:332:0130/132155.436557:ERROR:database.cc(1761)] ReportingAndNEL SQLite error: code 13 errno 0: database or disk is full sql: INSERT INTO reporting_endpoint_groups (nik, origin_scheme, origin_host, origin_port, group_name, is_include_subdomains, expires_us_since_epoch, last_access_us_since_epoch) VALUES (?,?,?,?,?,?,?,?)
[300:332:0130/132155.438419:ERROR:database.cc(1761)] ReportingAndNEL SQLite error: code 13 errno 0: database or disk is full sql: INSERT INTO reporting_endpoint_groups (nik, origin_scheme, origin_host, origin_port, group_name, is_include_subdomains, expires_us_since_epoch, last_access_us_since_epoch) VALUES (?,?,?,?,?,?,?,?)
[300:332:0130/132155.438476:ERROR:database.cc(1761)] ReportingAndNEL SQLite error: code 1 errno 0: cannot commit - no transaction is active sql: COMMIT
[229:229:0130/132155.591096:INFO:CONSOLE(128)] "currentLatencynow: NaN", source: file:///home/seluser/ppt/player/dashjs/index.html (128)
[229:229:0130/132156.591026:INFO:CONSOLE(128)][229:229:0130/132403.590956:INFO:CONSOLE(128)] "currentLatencynow: NaN", source: file:///home/seluser/ppt/player/dashjs/index.html (128)
[229:229:0130/132404.591154:INFO:CONSOLE(128)] "currentLatencynow: NaN", source: file:///home/seluser/ppt/player/dashjs/index.html (128)
[229:229:0130/132405.591159:INFO:CONSOLE(128)] "currentLatencynow: NaN", source: file:///home/seluser/ppt/player/dashjs/index.html (128)
[229:229:0130/132406.591171:INFO:CONSOLE(128)] "currentLatencynow: NaN", source: file:///home/seluser/ppt/player/dashjs/index.html (128)
[229:229:0130/132407.590938:INFO:CONSOLE(128)] "currentLatencynow: NaN", source: file:///home/seluser/ppt/player/dashjs/index.html (128)
[229:229:0130/132408.590959:INFO:CONSOLE(128)] "currentLatencynow: NaN", source: file:///home/seluser/ppt/player/dashjs/index.html (128)
[229:229:0130/132409.591071:INFO:CONSOLE(128)] "currentLatencynow: NaN", source: file:///home/seluser/ppt/player/dashjs/index.html (128)
[229:229:0130/132410.591142:INFO:CONSOLE(128)] "currentLatencynow: NaN", source: file:///home/seluser/ppt/player/dashjs/index.html (128)
[229:229:0130/132411.591134:INFO:CONSOLE(128)] "currentLatencynow: NaN", source: file:///home/seluser/ppt/player/dashjs/index.html (128)
[229:229:0130/132412.590944:INFO:CONSOLE(128)] "currentLatencynow: NaN", source: file:///home/seluser/ppt/player/dashjs/index.html (128)
[229:229:0130/132413.590930:INFO:CONSOLE(128)] "currentLatencynow: NaN", source: file:///home/seluser/ppt/player/dashjs/index.html (128)
[229:229:0130/132414.591035:INFO:CONSOLE(128)] "currentLatencynow: NaN", source: file:///home/seluser/ppt/player/dashjs/index.html (128)
[229:229:0130/132415.591090:INFO:CONSOLE(128)] "currentLatencynow: NaN", source: file:///home/seluser/ppt/player/dashjs/index.html (128)
[229:229:0130/132416.591030:INFO:CONSOLE(128)] "currentLatencynow: NaN", source: file:///home/seluser/ppt/player/dashjs/index.html (128)
[229:229:0130/132417.591169:INFO:CONSOLE(128)] "currentLatencynow: NaN", source: file:///home/seluser/ppt/player/dashjs/index.html (128)
[229:229:0130/132418.591175:INFO:CONSOLE(128)] "currentLatencynow: NaN", source: file:///home/seluser/ppt/player/dashjs/index.html (128)
[229:229:0130/132419.591104:INFO:CONSOLE(128)] "currentLatencynow: NaN", source: file:///home/seluser/ppt/player/dashjs/index.html (128)
[229:229:0130/132420.591159:INFO:CONSOLE(128)] "currentLatencynow: NaN", source: file:///home/seluser/ppt/player/dashjs/index.html (128)
[229:229:0130/132421.591001:INFO:CONSOLE(128)] "currentLatencynow: NaN", source: file:///home/seluser/ppt/player/dashjs/index.html (128)
[229:229:0130/132422.591103:INFO:CONSOLE(128)] "currentLatencynow: NaN", source: file:///home/seluser/ppt/player/dashjs/index.html (128)
[229:229:0130/132423.591147:INFO:CONSOLE(128)] "currentLatencynow: NaN", source: file:///home/seluser/ppt/player/dashjs/index.html (128)
[229:229:0130/132424.591123:INFO:CONSOLE(128)] "currentLatencynow: NaN", source: file:///home/seluser/ppt/player/dashjs/index.html (128)
[229:229:0130/132425.591139:INFO:CONSOLE(128)] "currentLatencynow: NaN", source: file:///home/seluser/ppt/player/dashjs/index.html (128)
[229:676:0130/132425.796914:ERROR:database.cc(1761)] History SQLite error: code 1 errno 0: cannot commit - no transaction is active sql: COMMIT
[229:229:0130/132425.812070:WARNING:pref_notifier_impl.cc(40)] Pref observer for media_router.cast_allow_all_ips found at shutdown.
