[155:219:0108/152513.365066:ERROR:bus.cc(392)] Failed to connect to the bus: Failed to connect to socket /var/run/dbus/system_bus_socket: No such file or directory
[155:182:0108/152513.368390:ERROR:bus.cc(392)] Failed to connect to the bus: Address does not contain a colon
[155:182:0108/152513.368433:ERROR:bus.cc(392)] Failed to connect to the bus: Address does not contain a colon
[226:226:0108/152513.383396:ERROR:gpu_init.cc(453)] Passthrough is not supported, GL is swiftshader, ANGLE is 
[155:182:0108/152513.418802:ERROR:bus.cc(392)] Failed to connect to the bus: Address does not contain a colon
[155:182:0108/152513.418857:ERROR:bus.cc(392)] Failed to connect to the bus: Address does not contain a colon
[155:182:0108/152513.496678:ERROR:bus.cc(392)] Failed to connect to the bus: Address does not contain a colon
[155:182:0108/152513.496783:ERROR:bus.cc(392)] Failed to connect to the bus: Address does not contain a colon
[155:317:0108/152513.734881:ERROR:bus.cc(392)] Failed to connect to the bus: Failed to connect to socket /var/run/dbus/system_bus_socket: No such file or directory
[155:317:0108/152513.734942:ERROR:bus.cc(392)] Failed to connect to the bus: Failed to connect to socket /var/run/dbus/system_bus_socket: No such file or directory
[155:317:0108/152513.734987:ERROR:bus.cc(392)] Failed to connect to the bus: Failed to connect to socket /var/run/dbus/system_bus_socket: No such file or directory
[155:317:0108/152513.734999:WARNING:property.cc(144)] DaemonVersion: GetAndBlock: failed.
[155:317:0108/152513.735022:ERROR:bus.cc(392)] Failed to connect to the bus: Failed to connect to socket /var/run/dbus/system_bus_socket: No such file or directory
[155:317:0108/152513.735051:ERROR:bus.cc(392)] Failed to connect to the bus: Failed to connect to socket /var/run/dbus/system_bus_socket: No such file or directory
[155:155:0108/152515.813482:INFO:CONSOLE(128)] "currentLatencynow: 0", source: file:///home/seluser/ppt/player/dashjs/index.html (128)
[155:155:0108/152516.813303:INFO:CONSOLE(128)] "currentLatencynow: 0", source: file:///home/seluser/ppt/player/dashjs/index.html (128)
[155:258:0108/152516.968505:ERROR:chrome_browser_main_extra_parts_metrics.cc(228)] crbug.com/1216328: Checking Bluetooth availability started. Please report if there is no report that this ends.
[155:258:0108/152516.968630:ERROR:chrome_browser_main_extra_parts_metrics.cc(231)] crbug.com/1216328: Checking Bluetooth availability ended.
[155:258:0108/152516.968653:ERROR:chrome_browser_main_extra_parts_metrics.cc(234)] crbug.com/1216328: Checking default browser status started. Please report if there is no report that this ends.
[155:258:0108/152517.238073:ERROR:chrome_browser_main_extra_parts_metrics.cc(238)] crbug.com/1216328: Checking default browser status ended.
[545:545:0108/152517.349862:WARNING:audio_manager_linux.cc(69)] Falling back to ALSA for audio output. PulseAudio is not available or could not be initialized.
[545:545:0108/152517.354437:ERROR:alsa_util.cc(204)] PcmOpen: default,No such file or directory
[545:545:0108/152517.354537:ERROR:alsa_util.cc(204)] PcmOpen: plug:default,No such file or directory
[155:155:0108/152517.813881:INFO:CONSOLE(128)] "currentLatencynow: 7.76", source: file:///home/seluser/ppt/player/dashjs/index.html (128)
[155:155:0108/152518.813056:INFO:CONSOLE(128)] "currentLatencynow: 8.759", source: file:///home/seluser/ppt/player/dashjs/index.html (128)
[155:155:0108/152519.813381:INFO:CONSOLE(128)] "currentLatencynow: 9.759", source: file:///home/seluser/ppt/player/dashjs/index.html (128)
[155:182:0108/152520.100404:ERROR:bus.cc(392)] Failed to connect to the bus: Address does not contain a colon
[155:182:0108/152520.100454:ERROR:bus.cc(392)] Failed to connect to the bus: Address does not contain a colon
[155:182:0108/152520.100472:ERROR:bus.cc(392)] Failed to connect to the bus: Address does not contain a colon
[155:182:0108/152520.100487:ERROR:bus.cc(392)] Failed to connect to the bus: Address does not contain a colon
[155:182:0108/152520.100499:ERROR:bus.cc(392)] Failed to connect to the bus: Address does not contain a colon
[155:182:0108/152520.100520:ERROR:bus.cc(392)] Failed to connect to the bus: Address does not contain a colon
[155:182:0108/152520.100535:ERROR:bus.cc(392)] Failed to connect to the bus: Address does not contain a colon
[155:182:0108/152520.100548:ERROR:bus.cc(392)] Failed to connect to the bus: Address does not contain a colon
[155:182:0108/152520.100564:ERROR:bus.cc(392)] Failed to connect to the bus: Address does not contain a colon
[155:182:0108/152520.100580:ERROR:bus.cc(392)] Failed to connect to the bus: Address does not contain a colon
[155:182:0108/152520.100593:ERROR:bus.cc(392)] Failed to connect to the bus: Address does not contain a colon
[155:182:0108/152520.100607:ERROR:bus.cc(392)] Failed to connect to the bus: Address does not contain a colon
[155:182:0108/152520.100620:ERROR:bus.cc(392)] Failed to connect to the bus: Address does not contain a colon
[155:182:0108/152520.100633:ERROR:bus.cc(392)] Failed to connect to the bus: Address does not contain a colon
[155:182:0108/152520.105086:ERROR:bus.cc(392)] Failed to connect to the bus: Address does not contain a colon
[155:182:0108/152520.105116:ERROR:bus.cc(392)] Failed to connect to the bus: Address does not contain a colon
[155:182:0108/152520.105277:ERROR:bus.cc(392)] Failed to connect to the bus: Address does not contain a colon
[155:182:0108/152520.162709:ERROR:bus.cc(392)] Failed to connect to the bus: Address does not contain a colon
[155:182:0108/152520.162749:ERROR:bus.cc(392)] Failed to connect to the bus: Address does not contain a colon
[155:155:0108/152520.812950:INFO:CONSOLE(128)] "currentLatencynow: 10.066", source: file:///home/seluser/ppt/player/dashjs/index.html (128)
[155:155:0108/152521.812873:INFO:CONSOLE(128)] "currentLatencynow: 9.966", source: file:///home/seluser/ppt/player/dashjs/index.html (128)
[155:155:0108/152522.812886:INFO:CONSOLE(128)] "currentLatencynow: 9.956", source: file:///home/seluser/ppt/player/dashjs/index.html (128)
[155:155:0108/152523.816352:INFO:CONSOLE(128)] "currentLatencynow: 9.956", source: file:///home/seluser/ppt/player/dashjs/index.html (128)
[155:155:0108/152524.813619:INFO:CONSOLE(128)] "currentLatencynow: 9.957", source: file:///home/seluser/ppt/player/dashjs/index.html (128)
[155:155:0108/152525.813670:INFO:CONSOLE(128)] "currentLatencynow: 9.956", source: file:///home/seluser/ppt/player/dashjs/index.html (128)
[155:155:0108/152526.813635:INFO:CONSOLE(128)] "currentLatencynow: 9.957", source: file:///home/seluser/ppt/player/dashjs/index.html (128)
[155:155:0108/152527.813441:INFO:CONSOLE(128)] "currentLatencynow: 9.956", source: file:///home/seluser/ppt/player/dashjs/index.html (128)
[155:155:0108/152528.812870:INFO:CONSOLE(128)] "currentLatencynow: 10.483", source: file:///home/seluser/ppt/player/dashjs/index.html (128)
[155:155:0108/152529.812832:INFO:CONSOLE(128)] "currentLatencynow: 10.382", source: file:///home/seluser/ppt/player/dashjs/index.html (128)
[155:155:0108/152530.812868:INFO:CONSOLE(128)] "currentLatencynow: 10.405", source: file:///home/seluser/ppt/player/dashjs/index.html (128)
[155:155:0108/152531.812877:INFO:CONSOLE(128)] "currentLatencynow: 10.405", source: file:///home/seluser/ppt/player/dashjs/index.html (128)
[155:155:0108/152532.812852:INFO:CONSOLE(128)] "currentLatencynow: 10.385", source: file:///home/seluser/ppt/player/dashjs/index.html (128)
[155:155:0108/152533.812872:INFO:CONSOLE(128)] "currentLatencynow: 10.281", source: file:///home/seluser/ppt/player/dashjs/index.html (128)
[155:155:0108/152534.812811:INFO:CONSOLE(128)] "currentLatencynow: 10.206", source: file:///home/seluser/ppt/player/dashjs/index.html (128)
[155:155:0108/152535.812897:INFO:CONSOLE(128)] "currentLatencynow: 10.106", source: file:///home/seluser/ppt/player/dashjs/index.html (128)
[155:155:0108/152536.812913:INFO:CONSOLE(128)] "currentLatencynow: 10.017", source: file:///home/seluser/ppt/player/dashjs/index.html (128)
[155:155:0108/152537.813027:INFO:CONSOLE(128)] "currentLatencynow: 9.917", source: file:///home/seluser/ppt/player/dashjs/index.html (128)
[155:155:0108/152538.813184:INFO:CONSOLE(128)] "currentLatencynow: 9.955", source: file:///home/seluser/ppt/player/dashjs/index.html (128)
[155:155:0108/152539.812818:INFO:CONSOLE(128)] "currentLatencynow: 9.955", source: file:///home/seluser/ppt/player/dashjs/index.html (128)
[155:155:0108/152540.812849:INFO:CONSOLE(128)] "currentLatencynow: 9.864", source: file:///home/seluser/ppt/player/dashjs/index.html (128)
[155:155:0108/152541.812812:INFO:CONSOLE(128)] "currentLatencynow: 9.779", source: file:///home/seluser/ppt/player/dashjs/index.html (128)
[155:155:0108/152542.813713:INFO:CONSOLE(128)] "currentLatencynow: 9.682", source: file:///home/seluser/ppt/player/dashjs/index.html (128)
[155:155:0108/152543.812960:INFO:CONSOLE(128)] "currentLatencynow: 9.582", source: file:///home/seluser/ppt/player/dashjs/index.html (128)
[155:155:0108/152544.812881:INFO:CONSOLE(128)] "currentLatencynow: 9.482", source: file:///home/seluser/ppt/player/dashjs/index.html (128)
[155:155:0108/152545.814741:INFO:CONSOLE(128)] "currentLatencynow: 9.401", source: file:///home/seluser/ppt/player/dashjs/index.html (128)
[155:155:0108/152546.813058:INFO:CONSOLE(128)] "currentLatencynow: 9.301", source: file:///home/seluser/ppt/player/dashjs/index.html (128)
[155:155:0108/152547.812889:INFO:CONSOLE(128)] "currentLatencynow: 9.201", source: file:///home/seluser/ppt/player/dashjs/index.html (128)
[155:155:0108/152548.812842:INFO:CONSOLE(128)] "currentLatencynow: 9.101", source: file:///home/seluser/ppt/player/dashjs/index.html (128)
[155:155:0108/152549.812572:INFO:CONSOLE(128)] "currentLatencynow: 9.007", source: file:///home/seluser/ppt/player/dashjs/index.html (128)
[155:155:0108/152550.812775:INFO:CONSOLE(128)] "currentLatencynow: 8.908", source: file:///home/seluser/ppt/player/dashjs/index.html (128)
[155:155:0108/152551.812677:INFO:CONSOLE(128)] "currentLatencynow: 8.906", source: file:///home/seluser/ppt/player/dashjs/index.html (128)
[155:155:0108/152552.813443:INFO:CONSOLE(128)] "currentLatencynow: 8.906", source: file:///home/seluser/ppt/player/dashjs/index.html (128)
[155:155:0108/152553.812815:INFO:CONSOLE(128)] "currentLatencynow: 8.808", source: file:///home/seluser/ppt/player/dashjs/index.html (128)
[155:155:0108/152554.812673:INFO:CONSOLE(128)] "currentLatencynow: 8.708", source: file:///home/seluser/ppt/player/dashjs/index.html (128)
[155:155:0108/152555.813267:INFO:CONSOLE(128)] "currentLatencynow: 8.614", source: file:///home/seluser/ppt/player/dashjs/index.html (128)
[155:155:0108/152556.812525:INFO:CONSOLE(128)] "currentLatencynow: 8.508", source: file:///home/seluser/ppt/player/dashjs/index.html (128)
[155:155:0108/152557.812582:INFO:CONSOLE(128)] "currentLatencynow: 8.408", source: file:///home/seluser/ppt/player/dashjs/index.html (128)
[155:155:0108/152558.812986:INFO:CONSOLE(128)] "currentLatencynow: 8.355", source: file:///home/seluser/ppt/player/dashjs/index.html (128)
[155:155:0108/152559.812629:INFO:CONSOLE(128)] "currentLatencynow: 8.355", source: file:///home/seluser/ppt/player/dashjs/index.html (128)
[155:155:0108/152600.812582:INFO:CONSOLE(128)] "currentLatencynow: 8.33", source: file:///home/seluser/ppt/player/dashjs/index.html (128)
[155:155:0108/152601.812572:INFO:CONSOLE(128)] "currentLatencynow: 8.23", source: file:///home/seluser/ppt/player/dashjs/index.html (128)
[155:155:0108/152602.812591:INFO:CONSOLE(128)] "currentLatencynow: 8.13", source: file:///home/seluser/ppt/player/dashjs/index.html (128)
[155:155:0108/152603.812628:INFO:CONSOLE(128)] "currentLatencynow: 8.032", source: file:///home/seluser/ppt/player/dashjs/index.html (128)
[155:155:0108/152604.814206:INFO:CONSOLE(128)] "currentLatencynow: 8.004", source: file:///home/seluser/ppt/player/dashjs/index.html (128)
[155:155:0108/152605.812573:INFO:CONSOLE(128)] "currentLatencynow: 8.003", source: file:///home/seluser/ppt/player/dashjs/index.html (128)
[155:155:0108/152606.812590:INFO:CONSOLE(128)] "currentLatencynow: 7.939", source: file:///home/seluser/ppt/player/dashjs/index.html (128)
[155:155:0108/152607.812986:INFO:CONSOLE(128)] "currentLatencynow: 7.839", source: file:///home/seluser/ppt/player/dashjs/index.html (128)
[155:155:0108/152608.812702:INFO:CONSOLE(128)] "currentLatencynow: 7.837", source: file:///home/seluser/ppt/player/dashjs/index.html (128)
[155:155:0108/152609.812662:INFO:CONSOLE(128)] "currentLatencynow: 7.841", source: file:///home/seluser/ppt/player/dashjs/index.html (128)
[155:155:0108/152610.812629:INFO:CONSOLE(128)] "currentLatencynow: 7.837", source: file:///home/seluser/ppt/player/dashjs/index.html (128)
[155:155:0108/152611.812778:INFO:CONSOLE(128)] "currentLatencynow: 8.751", source: file:///home/seluser/ppt/player/dashjs/index.html (128)
[155:155:0108/152612.812629:INFO:CONSOLE(128)] "currentLatencynow: 9.751", source: file:///home/seluser/ppt/player/dashjs/index.html (128)
[155:182:0108/152613.626704:ERROR:bus.cc(392)] Failed to connect to the bus: Address does not contain a colon
[155:182:0108/152613.626747:ERROR:bus.cc(392)] Failed to connect to the bus: Address does not contain a colon
[155:155:0108/152613.812628:INFO:CONSOLE(128)] "currentLatencynow: 10.482", source: file:///home/seluser/ppt/player/dashjs/index.html (128)
[155:155:0108/152614.812990:INFO:CONSOLE(128)] "currentLatencynow: 10.483", source: file:///home/seluser/ppt/player/dashjs/index.html (128)
[155:155:0108/152615.812795:INFO:CONSOLE(128)] "currentLatencynow: 10.482", source: file:///home/seluser/ppt/player/dashjs/index.html (128)
[155:155:0108/152616.812597:INFO:CONSOLE(128)] "currentLatencynow: 10.467", source: file:///home/seluser/ppt/player/dashjs/index.html (128)
[155:155:0108/152617.812581:INFO:CONSOLE(128)] "currentLatencynow: 10.367", source: file:///home/seluser/ppt/player/dashjs/index.html (128)
[155:155:0108/152618.816207:INFO:CONSOLE(128)] "currentLatencynow: 10.269", source: file:///home/seluser/ppt/player/dashjs/index.html (128)
[155:155:0108/152619.814861:INFO:CONSOLE(128)] "currentLatencynow: 10.171", source: file:///home/seluser/ppt/player/dashjs/index.html (128)
[155:155:0108/152620.815280:INFO:CONSOLE(128)] "currentLatencynow: 10.069", source: file:///home/seluser/ppt/player/dashjs/index.html (128)
[155:155:0108/152621.815578:INFO:CONSOLE(128)] "currentLatencynow: 9.97", source: file:///home/seluser/ppt/player/dashjs/index.html (128)
[155:155:0108/152622.815442:INFO:CONSOLE(128)] "currentLatencynow: 9.869", source: file:///home/seluser/ppt/player/dashjs/index.html (128)
[155:155:0108/152623.815199:INFO:CONSOLE(128)] "currentLatencynow: 9.769", source: file:///home/seluser/ppt/player/dashjs/index.html (128)
[155:155:0108/152624.815912:INFO:CONSOLE(128)] "currentLatencynow: 9.67", source: file:///home/seluser/ppt/player/dashjs/index.html (128)
[155:155:0108/152625.815303:INFO:CONSOLE(128)] "currentLatencynow: 9.579", source: file:///home/seluser/ppt/player/dashjs/index.html (128)
[155:155:0108/152626.814860:INFO:CONSOLE(128)] "currentLatencynow: 9.578", source: file:///home/seluser/ppt/player/dashjs/index.html (128)
[155:155:0108/152627.815076:INFO:CONSOLE(128)] "currentLatencynow: 9.578", source: file:///home/seluser/ppt/player/dashjs/index.html (128)
[155:155:0108/152628.815046:INFO:CONSOLE(128)] "currentLatencynow: 9.724", source: file:///home/seluser/ppt/player/dashjs/index.html (128)
[155:155:0108/152629.814899:INFO:CONSOLE(128)] "currentLatencynow: 10.724", source: file:///home/seluser/ppt/player/dashjs/index.html (128)
[155:155:0108/152630.815313:INFO:CONSOLE(128)] "currentLatencynow: 11.725", source: file:///home/seluser/ppt/player/dashjs/index.html (128)
[155:155:0108/152631.815040:INFO:CONSOLE(128)] "currentLatencynow: 12.724", source: file:///home/seluser/ppt/player/dashjs/index.html (128)
[155:182:0108/152631.933230:ERROR:bus.cc(392)] Failed to connect to the bus: Address does not contain a colon
[155:182:0108/152631.933265:ERROR:bus.cc(392)] Failed to connect to the bus: Address does not contain a colon
[155:155:0108/152632.814934:INFO:CONSOLE(128)] "currentLatencynow: 12.778", source: file:///home/seluser/ppt/player/dashjs/index.html (128)
[155:155:0108/152633.816207:INFO:CONSOLE(128)] "currentLatencynow: 12.777", source: file:///home/seluser/ppt/player/dashjs/index.html (128)
[155:155:0108/152634.819646:INFO:CONSOLE(128)] "currentLatencynow: 12.778", source: file:///home/seluser/ppt/player/dashjs/index.html (128)
[155:155:0108/152635.814839:INFO:CONSOLE(128)] "currentLatencynow: 12.779", source: file:///home/seluser/ppt/player/dashjs/index.html (128)
[155:155:0108/152636.815134:INFO:CONSOLE(128)] "currentLatencynow: 13.724", source: file:///home/seluser/ppt/player/dashjs/index.html (128)
[155:155:0108/152637.814994:INFO:CONSOLE(128)] "currentLatencynow: 14.724", source: file:///home/seluser/ppt/player/dashjs/index.html (128)
[155:182:0108/152638.108671:ERROR:bus.cc(392)] Failed to connect to the bus: Address does not contain a colon
[155:182:0108/152638.108710:ERROR:bus.cc(392)] Failed to connect to the bus: Address does not contain a colon
[155:155:0108/152638.815221:INFO:CONSOLE(128)] "currentLatencynow: 14.932", source: file:///home/seluser/ppt/player/dashjs/index.html (128)
[155:155:0108/152639.815463:INFO:CONSOLE(128)] "currentLatencynow: 14.932", source: file:///home/seluser/ppt/player/dashjs/index.html (128)
[155:155:0108/152640.816329:INFO:CONSOLE(128)] "currentLatencynow: 14.933", source: file:///home/seluser/ppt/player/dashjs/index.html (128)
[155:155:0108/152641.815170:INFO:CONSOLE(128)] "currentLatencynow: 14.932", source: file:///home/seluser/ppt/player/dashjs/index.html (128)
[155:155:0108/152642.815530:INFO:CONSOLE(128)] "currentLatencynow: 14.932", source: file:///home/seluser/ppt/player/dashjs/index.html (128)
[155:155:0108/152643.815020:INFO:CONSOLE(128)] "currentLatencynow: 14.841", source: file:///home/seluser/ppt/player/dashjs/index.html (128)
[155:155:0108/152644.817892:INFO:CONSOLE(128)] "currentLatencynow: 14.742", source: file:///home/seluser/ppt/player/dashjs/index.html (128)
[155:155:0108/152645.815699:INFO:CONSOLE(128)] "currentLatencynow: 14.643", source: file:///home/seluser/ppt/player/dashjs/index.html (128)
[155:155:0108/152646.814935:INFO:CONSOLE(128)] "currentLatencynow: 14.541", source: file:///home/seluser/ppt/player/dashjs/index.html (128)
[155:155:0108/152647.815243:INFO:CONSOLE(128)] "currentLatencynow: 14.441", source: file:///home/seluser/ppt/player/dashjs/index.html (128)
[155:155:0108/152648.812497:INFO:CONSOLE(128)] "currentLatencynow: 14.339", source: file:///home/seluser/ppt/player/dashjs/index.html (128)
[155:155:0108/152649.812378:INFO:CONSOLE(128)] "currentLatencynow: 14.238", source: file:///home/seluser/ppt/player/dashjs/index.html (128)
[155:155:0108/152650.812979:INFO:CONSOLE(128)] "currentLatencynow: 14.138", source: file:///home/seluser/ppt/player/dashjs/index.html (128)
[155:155:0108/152651.812779:INFO:CONSOLE(128)] "currentLatencynow: 14.039", source: file:///home/seluser/ppt/player/dashjs/index.html (128)
[155:155:0108/152652.812610:INFO:CONSOLE(128)] "currentLatencynow: 14.025", source: file:///home/seluser/ppt/player/dashjs/index.html (128)
[155:155:0108/152653.812762:INFO:CONSOLE(128)] "currentLatencynow: 14.026", source: file:///home/seluser/ppt/player/dashjs/index.html (128)
[155:155:0108/152654.812594:INFO:CONSOLE(128)] "currentLatencynow: 14.025", source: file:///home/seluser/ppt/player/dashjs/index.html (128)
[155:155:0108/152655.812184:INFO:CONSOLE(128)] "currentLatencynow: 14.708", source: file:///home/seluser/ppt/player/dashjs/index.html (128)
[155:155:0108/152656.812339:INFO:CONSOLE(128)] "currentLatencynow: 15.708", source: file:///home/seluser/ppt/player/dashjs/index.html (128)
[155:155:0108/152657.812468:INFO:CONSOLE(128)] "currentLatencynow: 16.709", source: file:///home/seluser/ppt/player/dashjs/index.html (128)
[155:155:0108/152658.815332:INFO:CONSOLE(128)] "currentLatencynow: 17.609", source: file:///home/seluser/ppt/player/dashjs/index.html (128)
[155:182:0108/152658.853465:ERROR:bus.cc(392)] Failed to connect to the bus: Address does not contain a colon
[155:182:0108/152658.853500:ERROR:bus.cc(392)] Failed to connect to the bus: Address does not contain a colon
[155:155:0108/152659.812178:INFO:CONSOLE(128)] "currentLatencynow: 17.653", source: file:///home/seluser/ppt/player/dashjs/index.html (128)
[155:155:0108/152700.815968:INFO:CONSOLE(128)] "currentLatencynow: 17.652", source: file:///home/seluser/ppt/player/dashjs/index.html (128)
[155:155:0108/152701.813828:INFO:CONSOLE(128)] "currentLatencynow: 17.652", source: file:///home/seluser/ppt/player/dashjs/index.html (128)
[155:155:0108/152702.813481:INFO:CONSOLE(128)] "currentLatencynow: 17.652", source: file:///home/seluser/ppt/player/dashjs/index.html (128)
[155:155:0108/152703.812369:INFO:CONSOLE(128)] "currentLatencynow: 17.652", source: file:///home/seluser/ppt/player/dashjs/index.html (128)
[155:155:0108/152704.814916:INFO:CONSOLE(128)] "currentLatencynow: 17.652", source: file:///home/seluser/ppt/player/dashjs/index.html (128)
[155:155:0108/152705.816669:INFO:CONSOLE(128)] "currentLatencynow: 17.653", source: file:///home/seluser/ppt/player/dashjs/index.html (128)
[155:155:0108/152706.812209:INFO:CONSOLE(128)] "currentLatencynow: 17.651", source: file:///home/seluser/ppt/player/dashjs/index.html (128)
[155:155:0108/152707.813251:INFO:CONSOLE(128)] "currentLatencynow: 17.652", source: file:///home/seluser/ppt/player/dashjs/index.html (128)
[155:155:0108/152708.817259:INFO:CONSOLE(128)] "currentLatencynow: 18.433", source: file:///home/seluser/ppt/player/dashjs/index.html (128)
[155:155:0108/152709.814604:INFO:CONSOLE(128)] "currentLatencynow: 19.434", source: file:///home/seluser/ppt/player/dashjs/index.html (128)
[155:155:0108/152710.812339:INFO:CONSOLE(128)] "currentLatencynow: 19.542", source: file:///home/seluser/ppt/player/dashjs/index.html (128)
[155:155:0108/152711.812187:INFO:CONSOLE(128)] "currentLatencynow: 19.442", source: file:///home/seluser/ppt/player/dashjs/index.html (128)
[155:155:0108/152712.812182:INFO:CONSOLE(128)] "currentLatencynow: 19.341", source: file:///home/seluser/ppt/player/dashjs/index.html (128)
[155:155:0108/152713.812380:INFO:CONSOLE(128)] "currentLatencynow: 19.241", source: file:///home/seluser/ppt/player/dashjs/index.html (128)
[155:155:0108/152714.815665:INFO:CONSOLE(114)] "Begin Player stistics 
", source: file:///home/seluser/ppt/player/dashjs/index.html (114)
[155:155:0108/152714.815765:INFO:CONSOLE(115)] "["stall",[["2.48","5.80",3.32]],[["13.66","13.91",0.25]],[["16.05","16.30",0.25]],[["23.71","23.96",0.25]],[["56.60","56.85",0.25]],[["74.37","74.62",0.25]],[["81.57","81.82",0.25]],[["100.83","101.08",0.25]],[["113.74","113.99",0.25]],[["availibleBW",[null],[null],[null],[null],[null],[991],[991],[988],[988],[988],[1133],[1225],[1225],[1348],[1348],[1593],[1593],[1602],[1602],[1721],[1721],[1846],[1846],[1967],[2210],[2210],[2213],[2213],[2198],[2198],[2569],[2569],[2907],[2907],[3270],[3999],[3999],[4020],[4020],[4050],[4050],[4215],[4215],[4361],[4361],[4491],[4491],[4520],[4520],[4894],[4894],[5241],[5241],[5241],[5241],[5505],[5505],[6312],[6084],[6084],[5985],[6024],[5997],[5997],[6053],[6169],[6169],[6252],[6252],[6252],[5933],[5933],[5933],[5933],[5575],[5385],[5385],[4681],[4681],[4681],[4689],[4689],[4689],[4556],[4346],[4346],[4152],[3978],[3978],[3972],[3622],[3622],[3280],[2929],[2929],[2929],[2202],[2202],[2202],[2200],[2200],[2200],[2081],[1957],[1957],[1846],[1846],[1605],[1605],[1604],[1604],[1588],[1469],[1469],[1345],[1345],[1217],[1217],[988]]],[["currentBuffer",[0],[0],[0],[0],[0],[1.528],[0.431],[0],[0.23],[0],[0.402],[1.404],[0.405],[1.839],[0.736],[1.728],[0.86],[1.859],[0.759],[1.687],[0.587],[1.505],[0.4],[1.26],[2.262],[1.177],[2.089],[0.988],[1.898],[0.798],[1.716],[0.596],[1.521],[0.421],[1.33],[2.232],[1.226],[2.201],[1.136],[2.036],[0.932],[1.815],[0.738],[1.682],[0.682],[1.664],[0.564],[1.466],[0.366],[1.336],[0.336],[1.252],[0.179],[0],[0],[0],[0],[0],[0.797],[0],[0.929],[1.792],[2.757],[1.734],[2.636],[3.392],[2.438],[3.34],[2.239],[1.139],[0],[0],[0],[0],[0],[0],[0],[0.219],[0],[0],[0],[0],[0],[0.43],[1.367],[0.432],[1.434],[2.284],[1.362],[2.266],[2.989],[1.89],[2.843],[3.687],[2.603],[1.672],[0.549],[0],[0],[0],[0],[0],[0],[1.03],[0.156],[1.107],[0.057],[1.009],[0.16],[1.161],[0.163],[1.017],[1.991],[1.763],[3.765],[2.907],[3.811],[2.708],[3.61]]],[["currentLatency",[0],[0],[7.76],[8.759],[9.759],[10.066],[9.966],[9.956],[9.956],[9.957],[9.956],[9.957],[9.956],[10.483],[10.382],[10.405],[10.405],[10.385],[10.281],[10.206],[10.106],[10.017],[9.917],[9.955],[9.955],[9.864],[9.779],[9.682],[9.582],[9.482],[9.401],[9.301],[9.201],[9.101],[9.007],[8.908],[8.906],[8.906],[8.808],[8.708],[8.614],[8.508],[8.408],[8.355],[8.355],[8.33],[8.23],[8.13],[8.032],[8.004],[8.003],[7.939],[7.839],[7.837],[7.841],[7.837],[8.751],[9.751],[10.482],[10.483],[10.482],[10.467],[10.367],[10.269],[10.171],[10.069],[9.97],[9.869],[9.769],[9.67],[9.579],[9.578],[9.578],[9.724],[10.724],[11.725],[12.724],[12.778],[12.777],[12.778],[12.779],[13.724],[14.724],[14.932],[14.932],[14.933],[14.932],[14.932],[14.841],[14.742],[14.643],[14.541],[14.441],[14.339],[14.238],[14.138],[14.039],[14.025],[14.026],[14.025],[14.708],[15.708],[16.709],[17.609],[17.653],[17.652],[17.652],[17.652],[17.652],[17.652],[17.653],[17.651],[17.652],[18.433],[19.434],[19.542],[19.442],[19.341],[19.241]]]]", source: file:///home/seluser/ppt/player/dashjs/index.html (115)
[155:155:0108/152714.815844:INFO:CONSOLE(116)] "
", source: file:///home/seluser/ppt/player/dashjs/index.html (116)
[155:155:0108/152714.815875:INFO:CONSOLE(117)] "Finish Player stistics 
", source: file:///home/seluser/ppt/player/dashjs/index.html (117)
[155:155:0108/152714.815896:INFO:CONSOLE(128)] "currentLatencynow: 19.141", source: file:///home/seluser/ppt/player/dashjs/index.html (128)
[155:155:0108/152715.814362:INFO:CONSOLE(128)] "currentLatencynow: 19.041", source: file:///home/seluser/ppt/player/dashjs/index.html (128)
[155:155:0108/152716.813673:INFO:CONSOLE(128)] "currentLatencynow: 18.941", source: file:///home/seluser/ppt/player/dashjs/index.html (128)
[155:155:0108/152717.812875:INFO:CONSOLE(128)] "currentLatencynow: 18.841", source: file:///home/seluser/ppt/player/dashjs/index.html (128)
[155:155:0108/152718.814561:INFO:CONSOLE(128)] "currentLatencynow: 18.742", source: file:///home/seluser/ppt/player/dashjs/index.html (128)
[155:155:0108/152719.812273:INFO:CONSOLE(128)] "currentLatencynow: 18.642", source: file:///home/seluser/ppt/player/dashjs/index.html (128)
[155:155:0108/152720.812348:INFO:CONSOLE(128)] "currentLatencynow: 18.542", source: file:///home/seluser/ppt/player/dashjs/index.html (128)
[155:155:0108/152721.814385:INFO:CONSOLE(128)] "currentLatencynow: 18.442", source: file:///home/seluser/ppt/player/dashjs/index.html (128)
[155:155:0108/152722.813636:INFO:CONSOLE(128)] "currentLatencynow: 18.341", source: file:///home/seluser/ppt/player/dashjs/index.html (128)
[155:155:0108/152723.815290:INFO:CONSOLE(128)] "currentLatencynow: 18.241", source: file:///home/seluser/ppt/player/dashjs/index.html (128)
[155:155:0108/152724.812384:INFO:CONSOLE(128)] "currentLatencynow: 18.142", source: file:///home/seluser/ppt/player/dashjs/index.html (128)
[155:155:0108/152725.815686:INFO:CONSOLE(128)] "currentLatencynow: 18.041", source: file:///home/seluser/ppt/player/dashjs/index.html (128)
[155:155:0108/152726.816524:INFO:CONSOLE(128)] "currentLatencynow: 17.942", source: file:///home/seluser/ppt/player/dashjs/index.html (128)
[155:155:0108/152727.812503:INFO:CONSOLE(128)] "currentLatencynow: 17.842", source: file:///home/seluser/ppt/player/dashjs/index.html (128)
[155:155:0108/152728.816801:INFO:CONSOLE(128)] "currentLatencynow: 17.745", source: file:///home/seluser/ppt/player/dashjs/index.html (128)
[155:155:0108/152729.815318:INFO:CONSOLE(128)] "currentLatencynow: 17.641", source: file:///home/seluser/ppt/player/dashjs/index.html (128)
[155:155:0108/152730.814316:INFO:CONSOLE(128)] "currentLatencynow: 17.543", source: file:///home/seluser/ppt/player/dashjs/index.html (128)
[155:155:0108/152731.812488:INFO:CONSOLE(128)] "currentLatencynow: 17.442", source: file:///home/seluser/ppt/player/dashjs/index.html (128)
[155:155:0108/152732.812435:INFO:CONSOLE(128)] "currentLatencynow: 17.342", source: file:///home/seluser/ppt/player/dashjs/index.html (128)
[155:155:0108/152733.812620:INFO:CONSOLE(128)] "currentLatencynow: 17.242", source: file:///home/seluser/ppt/player/dashjs/index.html (128)
[155:155:0108/152734.812298:INFO:CONSOLE(128)] "currentLatencynow: 17.142", source: file:///home/seluser/ppt/player/dashjs/index.html (128)
[155:155:0108/152734.985116:WARNING:pref_notifier_impl.cc(40)] Pref observer for media_router.cast_allow_all_ips found at shutdown.
