[155:219:0108/153141.811237:ERROR:bus.cc(392)] Failed to connect to the bus: Failed to connect to socket /var/run/dbus/system_bus_socket: No such file or directory
[155:182:0108/153141.820898:ERROR:bus.cc(392)] Failed to connect to the bus: Address does not contain a colon
[155:182:0108/153141.820936:ERROR:bus.cc(392)] Failed to connect to the bus: Address does not contain a colon
[224:224:0108/153141.836806:ERROR:gpu_init.cc(453)] Passthrough is not supported, GL is swiftshader, ANGLE is 
[155:182:0108/153141.885328:ERROR:bus.cc(392)] Failed to connect to the bus: Address does not contain a colon
[155:182:0108/153141.885400:ERROR:bus.cc(392)] Failed to connect to the bus: Address does not contain a colon
[155:182:0108/153141.950855:ERROR:bus.cc(392)] Failed to connect to the bus: Address does not contain a colon
[155:182:0108/153141.951001:ERROR:bus.cc(392)] Failed to connect to the bus: Address does not contain a colon
[155:316:0108/153142.224546:ERROR:bus.cc(392)] Failed to connect to the bus: Failed to connect to socket /var/run/dbus/system_bus_socket: No such file or directory
[155:316:0108/153142.224633:ERROR:bus.cc(392)] Failed to connect to the bus: Failed to connect to socket /var/run/dbus/system_bus_socket: No such file or directory
[155:316:0108/153142.224685:ERROR:bus.cc(392)] Failed to connect to the bus: Failed to connect to socket /var/run/dbus/system_bus_socket: No such file or directory
[155:316:0108/153142.224703:WARNING:property.cc(144)] DaemonVersion: GetAndBlock: failed.
[155:316:0108/153142.224728:ERROR:bus.cc(392)] Failed to connect to the bus: Failed to connect to socket /var/run/dbus/system_bus_socket: No such file or directory
[155:316:0108/153142.224760:ERROR:bus.cc(392)] Failed to connect to the bus: Failed to connect to socket /var/run/dbus/system_bus_socket: No such file or directory
[155:155:0108/153144.599702:INFO:CONSOLE(128)] "currentLatencynow: NaN", source: file:///home/seluser/ppt/player/dashjs/index.html (128)
[155:155:0108/153145.593521:INFO:CONSOLE(128)] "currentLatencynow: NaN", source: file:///home/seluser/ppt/player/dashjs/index.html (128)
[155:175:0108/153146.499696:ERROR:chrome_browser_main_extra_parts_metrics.cc(228)] crbug.com/1216328: Checking Bluetooth availability started. Please report if there is no report that this ends.
[155:175:0108/153146.499760:ERROR:chrome_browser_main_extra_parts_metrics.cc(231)] crbug.com/1216328: Checking Bluetooth availability ended.
[155:175:0108/153146.499769:ERROR:chrome_browser_main_extra_parts_metrics.cc(234)] crbug.com/1216328: Checking default browser status started. Please report if there is no report that this ends.
[155:155:0108/153146.588719:INFO:CONSOLE(128)] "currentLatencynow: 0", source: file:///home/seluser/ppt/player/dashjs/index.html (128)
[155:175:0108/153146.847705:ERROR:chrome_browser_main_extra_parts_metrics.cc(238)] crbug.com/1216328: Checking default browser status ended.
[155:155:0108/153147.588055:INFO:CONSOLE(128)] "currentLatencynow: 0", source: file:///home/seluser/ppt/player/dashjs/index.html (128)
[155:155:0108/153148.600474:INFO:CONSOLE(128)] "currentLatencynow: 0", source: file:///home/seluser/ppt/player/dashjs/index.html (128)
[155:155:0108/153149.588043:INFO:CONSOLE(128)] "currentLatencynow: 0", source: file:///home/seluser/ppt/player/dashjs/index.html (128)
[155:155:0108/153150.586669:INFO:CONSOLE(128)] "currentLatencynow: 0", source: file:///home/seluser/ppt/player/dashjs/index.html (128)
[155:155:0108/153151.591132:INFO:CONSOLE(128)] "currentLatencynow: 0", source: file:///home/seluser/ppt/player/dashjs/index.html (128)
[155:155:0108/153152.586158:INFO:CONSOLE(128)] "currentLatencynow: 0", source: file:///home/seluser/ppt/player/dashjs/index.html (128)
[155:155:0108/153153.585981:INFO:CONSOLE(128)] "currentLatencynow: 0", source: file:///home/seluser/ppt/player/dashjs/index.html (128)
[155:155:0108/153154.585808:INFO:CONSOLE(128)] "currentLatencynow: 0", source: file:///home/seluser/ppt/player/dashjs/index.html (128)
[155:155:0108/153155.586062:INFO:CONSOLE(128)] "currentLatencynow: 0", source: file:///home/seluser/ppt/player/dashjs/index.html (128)
[155:155:0108/153156.586595:INFO:CONSOLE(128)] "currentLatencynow: 0", source: file:///home/seluser/ppt/player/dashjs/index.html (128)
[155:155:0108/153157.585843:INFO:CONSOLE(128)] "currentLatencynow: 0", source: file:///home/seluser/ppt/player/dashjs/index.html (128)
[567:567:0108/153158.112936:WARNING:audio_manager_linux.cc(69)] Falling back to ALSA for audio output. PulseAudio is not available or could not be initialized.
[567:567:0108/153158.120405:ERROR:alsa_util.cc(204)] PcmOpen: default,No such file or directory
[567:567:0108/153158.120906:ERROR:alsa_util.cc(204)] PcmOpen: plug:default,No such file or directory
[155:155:0108/153158.585856:INFO:CONSOLE(128)] "currentLatencynow: 17.739", source: file:///home/seluser/ppt/player/dashjs/index.html (128)
[155:155:0108/153159.585915:INFO:CONSOLE(128)] "currentLatencynow: 18.739", source: file:///home/seluser/ppt/player/dashjs/index.html (128)
[155:182:0108/153200.440236:ERROR:bus.cc(392)] Failed to connect to the bus: Address does not contain a colon
[155:182:0108/153200.440297:ERROR:bus.cc(392)] Failed to connect to the bus: Address does not contain a colon
[155:182:0108/153200.440308:ERROR:bus.cc(392)] Failed to connect to the bus: Address does not contain a colon
[155:182:0108/153200.440316:ERROR:bus.cc(392)] Failed to connect to the bus: Address does not contain a colon
[155:182:0108/153200.440322:ERROR:bus.cc(392)] Failed to connect to the bus: Address does not contain a colon
[155:182:0108/153200.440330:ERROR:bus.cc(392)] Failed to connect to the bus: Address does not contain a colon
[155:182:0108/153200.440345:ERROR:bus.cc(392)] Failed to connect to the bus: Address does not contain a colon
[155:182:0108/153200.440353:ERROR:bus.cc(392)] Failed to connect to the bus: Address does not contain a colon
[155:182:0108/153200.440360:ERROR:bus.cc(392)] Failed to connect to the bus: Address does not contain a colon
[155:182:0108/153200.440367:ERROR:bus.cc(392)] Failed to connect to the bus: Address does not contain a colon
[155:182:0108/153200.440375:ERROR:bus.cc(392)] Failed to connect to the bus: Address does not contain a colon
[155:182:0108/153200.440386:ERROR:bus.cc(392)] Failed to connect to the bus: Address does not contain a colon
[155:182:0108/153200.440395:ERROR:bus.cc(392)] Failed to connect to the bus: Address does not contain a colon
[155:182:0108/153200.440402:ERROR:bus.cc(392)] Failed to connect to the bus: Address does not contain a colon
[155:182:0108/153200.451201:ERROR:bus.cc(392)] Failed to connect to the bus: Address does not contain a colon
[155:182:0108/153200.451236:ERROR:bus.cc(392)] Failed to connect to the bus: Address does not contain a colon
[155:182:0108/153200.451246:ERROR:bus.cc(392)] Failed to connect to the bus: Address does not contain a colon
[155:182:0108/153200.480449:ERROR:bus.cc(392)] Failed to connect to the bus: Address does not contain a colon
[155:182:0108/153200.480489:ERROR:bus.cc(392)] Failed to connect to the bus: Address does not contain a colon
[155:155:0108/153200.586059:INFO:CONSOLE(128)] "currentLatencynow: 19.671", source: file:///home/seluser/ppt/player/dashjs/index.html (128)
[155:155:0108/153201.586434:INFO:CONSOLE(128)] "currentLatencynow: 19.59", source: file:///home/seluser/ppt/player/dashjs/index.html (128)
[155:155:0108/153202.585904:INFO:CONSOLE(128)] "currentLatencynow: 20.216", source: file:///home/seluser/ppt/player/dashjs/index.html (128)
[155:155:0108/153203.585885:INFO:CONSOLE(128)] "currentLatencynow: 21.216", source: file:///home/seluser/ppt/player/dashjs/index.html (128)
[155:182:0108/153204.493390:ERROR:bus.cc(392)] Failed to connect to the bus: Address does not contain a colon
[155:182:0108/153204.493430:ERROR:bus.cc(392)] Failed to connect to the bus: Address does not contain a colon
[155:155:0108/153204.585827:INFO:CONSOLE(128)] "currentLatencynow: 22.072", source: file:///home/seluser/ppt/player/dashjs/index.html (128)
[155:155:0108/153205.585794:INFO:CONSOLE(128)] "currentLatencynow: 22.072", source: file:///home/seluser/ppt/player/dashjs/index.html (128)
[155:155:0108/153206.585927:INFO:CONSOLE(128)] "currentLatencynow: 22.167", source: file:///home/seluser/ppt/player/dashjs/index.html (128)
[155:155:0108/153207.585892:INFO:CONSOLE(128)] "currentLatencynow: 23.167", source: file:///home/seluser/ppt/player/dashjs/index.html (128)
[155:155:0108/153208.586305:INFO:CONSOLE(128)] "currentLatencynow: 24.167", source: file:///home/seluser/ppt/player/dashjs/index.html (128)
[155:155:0108/153209.585922:INFO:CONSOLE(128)] "currentLatencynow: 25.167", source: file:///home/seluser/ppt/player/dashjs/index.html (128)
[155:155:0108/153210.586044:INFO:CONSOLE(128)] "currentLatencynow: 26.167", source: file:///home/seluser/ppt/player/dashjs/index.html (128)
[155:155:0108/153211.588051:INFO:CONSOLE(128)] "currentLatencynow: 27.169", source: file:///home/seluser/ppt/player/dashjs/index.html (128)
[155:182:0108/153211.646083:ERROR:bus.cc(392)] Failed to connect to the bus: Address does not contain a colon
[155:182:0108/153211.648149:ERROR:bus.cc(392)] Failed to connect to the bus: Address does not contain a colon
[155:155:0108/153212.586269:INFO:CONSOLE(128)] "currentLatencynow: 27.103", source: file:///home/seluser/ppt/player/dashjs/index.html (128)
[155:155:0108/153213.586620:INFO:CONSOLE(128)] "currentLatencynow: 27.148", source: file:///home/seluser/ppt/player/dashjs/index.html (128)
[155:155:0108/153214.585871:INFO:CONSOLE(128)] "currentLatencynow: 28.148", source: file:///home/seluser/ppt/player/dashjs/index.html (128)
[155:155:0108/153215.585841:INFO:CONSOLE(128)] "currentLatencynow: 29.148", source: file:///home/seluser/ppt/player/dashjs/index.html (128)
[155:155:0108/153216.585831:INFO:CONSOLE(128)] "currentLatencynow: 30.148", source: file:///home/seluser/ppt/player/dashjs/index.html (128)
[155:155:0108/153217.586000:INFO:CONSOLE(128)] "currentLatencynow: 31.148", source: file:///home/seluser/ppt/player/dashjs/index.html (128)
[155:182:0108/153217.943205:ERROR:bus.cc(392)] Failed to connect to the bus: Address does not contain a colon
[155:182:0108/153217.943250:ERROR:bus.cc(392)] Failed to connect to the bus: Address does not contain a colon
[155:155:0108/153218.586900:INFO:CONSOLE(128)] "currentLatencynow: 31.366", source: file:///home/seluser/ppt/player/dashjs/index.html (128)
[155:155:0108/153219.586847:INFO:CONSOLE(128)] "currentLatencynow: 31.269", source: file:///home/seluser/ppt/player/dashjs/index.html (128)
[155:155:0108/153220.586776:INFO:CONSOLE(128)] "currentLatencynow: 31.835", source: file:///home/seluser/ppt/player/dashjs/index.html (128)
[155:155:0108/153221.586840:INFO:CONSOLE(128)] "currentLatencynow: 32.835", source: file:///home/seluser/ppt/player/dashjs/index.html (128)
[155:155:0108/153222.586912:INFO:CONSOLE(128)] "currentLatencynow: 33.835", source: file:///home/seluser/ppt/player/dashjs/index.html (128)
[155:155:0108/153223.586808:INFO:CONSOLE(128)] "currentLatencynow: 34.835", source: file:///home/seluser/ppt/player/dashjs/index.html (128)
[155:155:0108/153224.586823:INFO:CONSOLE(128)] "currentLatencynow: 35.835", source: file:///home/seluser/ppt/player/dashjs/index.html (128)
[155:155:0108/153225.589395:INFO:CONSOLE(128)] "currentLatencynow: 36.835", source: file:///home/seluser/ppt/player/dashjs/index.html (128)
[155:155:0108/153226.586887:INFO:CONSOLE(128)] "currentLatencynow: 37.835", source: file:///home/seluser/ppt/player/dashjs/index.html (128)
[155:155:0108/153227.586897:INFO:CONSOLE(128)] "currentLatencynow: 38.835", source: file:///home/seluser/ppt/player/dashjs/index.html (128)
[155:155:0108/153228.586878:INFO:CONSOLE(128)] "currentLatencynow: 39.835", source: file:///home/seluser/ppt/player/dashjs/index.html (128)
[155:155:0108/153229.586835:INFO:CONSOLE(128)] "currentLatencynow: 40.835", source: file:///home/seluser/ppt/player/dashjs/index.html (128)
[155:155:0108/153230.588913:INFO:CONSOLE(128)] "currentLatencynow: 41.837", source: file:///home/seluser/ppt/player/dashjs/index.html (128)
[155:155:0108/153231.586899:INFO:CONSOLE(128)] "currentLatencynow: 42.835", source: file:///home/seluser/ppt/player/dashjs/index.html (128)
[155:155:0108/153232.586833:INFO:CONSOLE(128)] "currentLatencynow: 43.835", source: file:///home/seluser/ppt/player/dashjs/index.html (128)
[155:155:0108/153233.591865:INFO:CONSOLE(128)] "currentLatencynow: 44.835", source: file:///home/seluser/ppt/player/dashjs/index.html (128)
[155:155:0108/153234.587004:INFO:CONSOLE(128)] "currentLatencynow: 45.835", source: file:///home/seluser/ppt/player/dashjs/index.html (128)
[155:155:0108/153235.586895:INFO:CONSOLE(128)] "currentLatencynow: 46.835", source: file:///home/seluser/ppt/player/dashjs/index.html (128)
[155:155:0108/153236.588450:INFO:CONSOLE(128)] "currentLatencynow: 47.835", source: file:///home/seluser/ppt/player/dashjs/index.html (128)
[155:155:0108/153237.587075:INFO:CONSOLE(128)] "currentLatencynow: 48.835", source: file:///home/seluser/ppt/player/dashjs/index.html (128)
[155:155:0108/153238.586886:INFO:CONSOLE(128)] "currentLatencynow: 49.835", source: file:///home/seluser/ppt/player/dashjs/index.html (128)
[155:155:0108/153239.586927:INFO:CONSOLE(128)] "currentLatencynow: 50.835", source: file:///home/seluser/ppt/player/dashjs/index.html (128)
[155:155:0108/153240.586895:INFO:CONSOLE(128)] "currentLatencynow: 51.835", source: file:///home/seluser/ppt/player/dashjs/index.html (128)
[155:155:0108/153241.586903:INFO:CONSOLE(128)] "currentLatencynow: 52.835", source: file:///home/seluser/ppt/player/dashjs/index.html (128)
[155:155:0108/153242.586897:INFO:CONSOLE(128)] "currentLatencynow: 53.835", source: file:///home/seluser/ppt/player/dashjs/index.html (128)
[155:155:0108/153243.586929:INFO:CONSOLE(128)] "currentLatencynow: 54.835", source: file:///home/seluser/ppt/player/dashjs/index.html (128)
[155:155:0108/153244.587062:INFO:CONSOLE(128)] "currentLatencynow: 55.835", source: file:///home/seluser/ppt/player/dashjs/index.html (128)
[155:155:0108/153245.586921:INFO:CONSOLE(128)] "currentLatencynow: 56.835", source: file:///home/seluser/ppt/player/dashjs/index.html (128)
[155:155:0108/153246.586823:INFO:CONSOLE(128)] "currentLatencynow: 57.835", source: file:///home/seluser/ppt/player/dashjs/index.html (128)
[155:155:0108/153247.586913:INFO:CONSOLE(128)] "currentLatencynow: 58.835", source: file:///home/seluser/ppt/player/dashjs/index.html (128)
[155:155:0108/153248.586913:INFO:CONSOLE(128)] "currentLatencynow: 59.835", source: file:///home/seluser/ppt/player/dashjs/index.html (128)
[155:155:0108/153249.586983:INFO:CONSOLE(128)] "currentLatencynow: 60.835", source: file:///home/seluser/ppt/player/dashjs/index.html (128)
[155:155:0108/153250.586949:INFO:CONSOLE(128)] "currentLatencynow: 61.835", source: file:///home/seluser/ppt/player/dashjs/index.html (128)
[155:155:0108/153251.587407:INFO:CONSOLE(128)] "currentLatencynow: 62.835", source: file:///home/seluser/ppt/player/dashjs/index.html (128)
[155:155:0108/153252.586801:INFO:CONSOLE(128)] "currentLatencynow: 63.835", source: file:///home/seluser/ppt/player/dashjs/index.html (128)
[155:155:0108/153253.586832:INFO:CONSOLE(128)] "currentLatencynow: 64.835", source: file:///home/seluser/ppt/player/dashjs/index.html (128)
[155:155:0108/153254.586919:INFO:CONSOLE(128)] "currentLatencynow: 65.835", source: file:///home/seluser/ppt/player/dashjs/index.html (128)
[155:155:0108/153255.586828:INFO:CONSOLE(128)] "currentLatencynow: 66.835", source: file:///home/seluser/ppt/player/dashjs/index.html (128)
[155:155:0108/153256.586901:INFO:CONSOLE(128)] "currentLatencynow: 67.835", source: file:///home/seluser/ppt/player/dashjs/index.html (128)
[155:155:0108/153257.586888:INFO:CONSOLE(128)] "currentLatencynow: 68.835", source: file:///home/seluser/ppt/player/dashjs/index.html (128)
[155:155:0108/153258.586794:INFO:CONSOLE(128)] "currentLatencynow: 69.835", source: file:///home/seluser/ppt/player/dashjs/index.html (128)
[155:155:0108/153259.586926:INFO:CONSOLE(128)] "currentLatencynow: 70.835", source: file:///home/seluser/ppt/player/dashjs/index.html (128)
[155:155:0108/153300.586846:INFO:CONSOLE(128)] "currentLatencynow: 71.835", source: file:///home/seluser/ppt/player/dashjs/index.html (128)
[155:155:0108/153301.586819:INFO:CONSOLE(128)] "currentLatencynow: 72.835", source: file:///home/seluser/ppt/player/dashjs/index.html (128)
[155:155:0108/153302.586874:INFO:CONSOLE(128)] "currentLatencynow: 73.835", source: file:///home/seluser/ppt/player/dashjs/index.html (128)
[155:155:0108/153303.586877:INFO:CONSOLE(128)] "currentLatencynow: 74.835", source: file:///home/seluser/ppt/player/dashjs/index.html (128)
[155:155:0108/153304.586844:INFO:CONSOLE(128)] "currentLatencynow: 75.835", source: file:///home/seluser/ppt/player/dashjs/index.html (128)
[155:155:0108/153305.586873:INFO:CONSOLE(128)] "currentLatencynow: 76.835", source: file:///home/seluser/ppt/player/dashjs/index.html (128)
[155:155:0108/153306.586839:INFO:CONSOLE(128)] "currentLatencynow: 77.835", source: file:///home/seluser/ppt/player/dashjs/index.html (128)
[155:155:0108/153307.586795:INFO:CONSOLE(128)] "currentLatencynow: 78.835", source: file:///home/seluser/ppt/player/dashjs/index.html (128)
[155:155:0108/153308.586853:INFO:CONSOLE(128)] "currentLatencynow: 79.835", source: file:///home/seluser/ppt/player/dashjs/index.html (128)
[155:155:0108/153309.586805:INFO:CONSOLE(128)] "currentLatencynow: 80.835", source: file:///home/seluser/ppt/player/dashjs/index.html (128)
[155:155:0108/153310.586884:INFO:CONSOLE(128)] "currentLatencynow: 81.835", source: file:///home/seluser/ppt/player/dashjs/index.html (128)
[155:155:0108/153311.586836:INFO:CONSOLE(128)] "currentLatencynow: 82.835", source: file:///home/seluser/ppt/player/dashjs/index.html (128)
[155:155:0108/153312.586907:INFO:CONSOLE(128)] "currentLatencynow: 83.835", source: file:///home/seluser/ppt/player/dashjs/index.html (128)
[155:155:0108/153313.586840:INFO:CONSOLE(128)] "currentLatencynow: 84.835", source: file:///home/seluser/ppt/player/dashjs/index.html (128)
[155:155:0108/153314.586872:INFO:CONSOLE(128)] "currentLatencynow: 85.835", source: file:///home/seluser/ppt/player/dashjs/index.html (128)
[155:155:0108/153315.586915:INFO:CONSOLE(128)] "currentLatencynow: 86.835", source: file:///home/seluser/ppt/player/dashjs/index.html (128)
[155:155:0108/153316.586889:INFO:CONSOLE(128)] "currentLatencynow: 87.835", source: file:///home/seluser/ppt/player/dashjs/index.html (128)
[155:155:0108/153317.586845:INFO:CONSOLE(128)] "currentLatencynow: 88.835", source: file:///home/seluser/ppt/player/dashjs/index.html (128)
[155:155:0108/153318.586696:INFO:CONSOLE(128)] "currentLatencynow: 89.835", source: file:///home/seluser/ppt/player/dashjs/index.html (128)
[155:155:0108/153319.586607:INFO:CONSOLE(128)] "currentLatencynow: 90.835", source: file:///home/seluser/ppt/player/dashjs/index.html (128)
[155:155:0108/153320.586630:INFO:CONSOLE(128)] "currentLatencynow: 91.835", source: file:///home/seluser/ppt/player/dashjs/index.html (128)
[155:155:0108/153321.586552:INFO:CONSOLE(128)] "currentLatencynow: 92.835", source: file:///home/seluser/ppt/player/dashjs/index.html (128)
[155:155:0108/153322.586582:INFO:CONSOLE(128)] "currentLatencynow: 93.835", source: file:///home/seluser/ppt/player/dashjs/index.html (128)
[155:155:0108/153323.586584:INFO:CONSOLE(128)] "currentLatencynow: 94.835", source: file:///home/seluser/ppt/player/dashjs/index.html (128)
[155:155:0108/153324.586558:INFO:CONSOLE(128)] "currentLatencynow: 95.835", source: file:///home/seluser/ppt/player/dashjs/index.html (128)
[155:155:0108/153325.586560:INFO:CONSOLE(128)] "currentLatencynow: 96.835", source: file:///home/seluser/ppt/player/dashjs/index.html (128)
[155:155:0108/153326.586573:INFO:CONSOLE(128)] "currentLatencynow: 97.835", source: file:///home/seluser/ppt/player/dashjs/index.html (128)
[155:155:0108/153327.586570:INFO:CONSOLE(128)] "currentLatencynow: 98.835", source: file:///home/seluser/ppt/player/dashjs/index.html (128)
[155:155:0108/153328.586643:INFO:CONSOLE(128)] "currentLatencynow: 99.835", source: file:///home/seluser/ppt/player/dashjs/index.html (128)
[155:155:0108/153329.586547:INFO:CONSOLE(128)] "currentLatencynow: 100.835", source: file:///home/seluser/ppt/player/dashjs/index.html (128)
[155:155:0108/153330.586646:INFO:CONSOLE(128)] "currentLatencynow: 101.835", source: file:///home/seluser/ppt/player/dashjs/index.html (128)
[155:155:0108/153331.586597:INFO:CONSOLE(128)] "currentLatencynow: 102.835", source: file:///home/seluser/ppt/player/dashjs/index.html (128)
[155:155:0108/153332.586575:INFO:CONSOLE(128)] "currentLatencynow: 103.835", source: file:///home/seluser/ppt/player/dashjs/index.html (128)
[155:155:0108/153333.586612:INFO:CONSOLE(128)] "currentLatencynow: 104.835", source: file:///home/seluser/ppt/player/dashjs/index.html (128)
[155:155:0108/153334.586568:INFO:CONSOLE(128)] "currentLatencynow: 105.835", source: file:///home/seluser/ppt/player/dashjs/index.html (128)
[155:155:0108/153335.586598:INFO:CONSOLE(128)] "currentLatencynow: 106.835", source: file:///home/seluser/ppt/player/dashjs/index.html (128)
[155:155:0108/153336.586605:INFO:CONSOLE(128)] "currentLatencynow: 107.835", source: file:///home/seluser/ppt/player/dashjs/index.html (128)
[155:155:0108/153337.586587:INFO:CONSOLE(128)] "currentLatencynow: 108.835", source: file:///home/seluser/ppt/player/dashjs/index.html (128)
[155:155:0108/153338.586631:INFO:CONSOLE(128)] "currentLatencynow: 109.835", source: file:///home/seluser/ppt/player/dashjs/index.html (128)
[155:155:0108/153339.586655:INFO:CONSOLE(128)] "currentLatencynow: 110.835", source: file:///home/seluser/ppt/player/dashjs/index.html (128)
[155:155:0108/153340.586652:INFO:CONSOLE(128)] "currentLatencynow: 111.835", source: file:///home/seluser/ppt/player/dashjs/index.html (128)
[155:155:0108/153341.586574:INFO:CONSOLE(128)] "currentLatencynow: 112.835", source: file:///home/seluser/ppt/player/dashjs/index.html (128)
[155:155:0108/153342.586663:INFO:CONSOLE(128)] "currentLatencynow: 113.835", source: file:///home/seluser/ppt/player/dashjs/index.html (128)
[155:155:0108/153343.586620:INFO:CONSOLE(114)] "Begin Player stistics 
", source: file:///home/seluser/ppt/player/dashjs/index.html (114)
[155:155:0108/153343.586796:INFO:CONSOLE(115)] "["stall",[["10.17","17.39",7.220000000000001]],[["18.87","19.12",0.25]],[["23.44","23.68",0.23999999999999844]],[["30.41","30.66",0.25]],[["36.66","36.91",0.25]],[["availibleBW",[null],[null],[null],[null],[null],[null],[null],[null],[null],[null],[null],[null],[null],[null],[null],[1558],[1558],[1558],[1558],[1558],[1558],[1885],[1885],[1885],[1997],[1997],[1997],[1997],[2012],[2012],[2012],[2012],[2012],[2012],[2308],[2308],[2792],[2792],[2792],[2792],[2792],[2792],[2792],[2792],[2792],[2792],[2792],[2792],[2792],[2792],[2792],[2792],[2792],[2792],[2792],[2792],[2792],[2792],[2792],[2792],[2792],[2792],[2792],[2792],[2792],[2792],[2792],[2792],[2792],[2792],[2792],[2792],[2792],[2792],[2792],[2792],[2792],[2792],[2792],[2792],[2792],[2792],[2792],[2792],[2792],[2792],[2792],[2792],[2792],[2792],[2792],[2792],[2792],[2792],[2792],[2792],[2792],[2792],[2792],[2792],[2792],[2792],[2792],[2792],[2792],[2792],[2792],[2792],[2792],[2792],[2792],[2792],[2792],[2792],[2792],[2792],[2792],[2792],[2792]]],[["currentBuffer",[0],[0],[0],[0],[0],[0],[0],[0],[0],[0],[0],[0],[0],[0],[0],[1.608],[1.608],[0.62],[0.085],[0.085],[0.085],[0],[0],[0],[0.039],[0.039],[0.039],[0.039],[1.081],[0.021],[0.021],[0.021],[0.021],[0.021],[1.369],[0.269],[2.013],[2.013],[2.013],[2.013],[2.013],[2.013],[2.013],[2.013],[2.013],[2.013],[2.013],[2.013],[2.013],[2.013],[2.013],[2.013],[2.013],[2.013],[2.013],[2.013],[2.013],[2.013],[2.013],[2.013],[2.013],[2.013],[2.013],[2.013],[2.013],[2.013],[2.013],[2.013],[2.013],[2.013],[2.013],[2.013],[2.013],[2.013],[2.013],[2.013],[2.013],[2.013],[2.013],[2.013],[2.013],[2.013],[2.013],[2.013],[2.013],[2.013],[2.013],[2.013],[2.013],[2.013],[2.013],[2.013],[2.013],[2.013],[2.013],[2.013],[2.013],[2.013],[2.013],[2.013],[2.013],[2.013],[2.013],[2.013],[2.013],[2.013],[2.013],[2.013],[2.013],[2.013],[2.013],[2.013],[2.013],[2.013],[2.013],[2.013],[2.013],[2.013],[2.013]]],[["currentLatency",[null],[null],[0],[0],[0],[0],[0],[0],[0],[0],[0],[0],[0],[0],[17.739],[18.739],[19.671],[19.59],[20.216],[21.216],[22.072],[22.072],[22.167],[23.167],[24.167],[25.167],[26.167],[27.169],[27.103],[27.148],[28.148],[29.148],[30.148],[31.148],[31.366],[31.269],[31.835],[32.835],[33.835],[34.835],[35.835],[36.835],[37.835],[38.835],[39.835],[40.835],[41.837],[42.835],[43.835],[44.835],[45.835],[46.835],[47.835],[48.835],[49.835],[50.835],[51.835],[52.835],[53.835],[54.835],[55.835],[56.835],[57.835],[58.835],[59.835],[60.835],[61.835],[62.835],[63.835],[64.835],[65.835],[66.835],[67.835],[68.835],[69.835],[70.835],[71.835],[72.835],[73.835],[74.835],[75.835],[76.835],[77.835],[78.835],[79.835],[80.835],[81.835],[82.835],[83.835],[84.835],[85.835],[86.835],[87.835],[88.835],[89.835],[90.835],[91.835],[92.835],[93.835],[94.835],[95.835],[96.835],[97.835],[98.835],[99.835],[100.835],[101.835],[102.835],[103.835],[104.835],[105.835],[106.835],[107.835],[108.835],[109.835],[110.835],[111.835],[112.835],[113.835]]]]", source: file:///home/seluser/ppt/player/dashjs/index.html (115)
[155:155:0108/153343.586981:INFO:CONSOLE(116)] "
", source: file:///home/seluser/ppt/player/dashjs/index.html (116)
[155:155:0108/153343.587046:INFO:CONSOLE(117)] "Finish Player stistics 
", source: file:///home/seluser/ppt/player/dashjs/index.html (117)
[155:155:0108/153343.587078:INFO:CONSOLE(128)] "currentLatencynow: 114.835", source: file:///home/seluser/ppt/player/dashjs/index.html (128)
[155:155:0108/153344.586651:INFO:CONSOLE(128)] "currentLatencynow: 115.835", source: file:///home/seluser/ppt/player/dashjs/index.html (128)
[155:155:0108/153345.586679:INFO:CONSOLE(128)] "currentLatencynow: 116.835", source: file:///home/seluser/ppt/player/dashjs/index.html (128)
[155:155:0108/153346.586573:INFO:CONSOLE(128)] "currentLatencynow: 117.835", source: file:///home/seluser/ppt/player/dashjs/index.html (128)
[155:155:0108/153347.586575:INFO:CONSOLE(128)] "currentLatencynow: 118.835", source: file:///home/seluser/ppt/player/dashjs/index.html (128)
[155:155:0108/153348.586436:INFO:CONSOLE(128)] "currentLatencynow: 119.835", source: file:///home/seluser/ppt/player/dashjs/index.html (128)
[155:155:0108/153349.586413:INFO:CONSOLE(128)] "currentLatencynow: 120.835", source: file:///home/seluser/ppt/player/dashjs/index.html (128)
[155:155:0108/153350.586434:INFO:CONSOLE(128)] "currentLatencynow: 121.835", source: file:///home/seluser/ppt/player/dashjs/index.html (128)
[155:155:0108/153351.586413:INFO:CONSOLE(128)] "currentLatencynow: 122.835", source: file:///home/seluser/ppt/player/dashjs/index.html (128)
[155:155:0108/153352.586432:INFO:CONSOLE(128)] "currentLatencynow: 123.835", source: file:///home/seluser/ppt/player/dashjs/index.html (128)
[155:155:0108/153353.586467:INFO:CONSOLE(128)] "currentLatencynow: 124.835", source: file:///home/seluser/ppt/player/dashjs/index.html (128)
[155:155:0108/153354.586422:INFO:CONSOLE(128)] "currentLatencynow: 125.835", source: file:///home/seluser/ppt/player/dashjs/index.html (128)
[155:155:0108/153355.586386:INFO:CONSOLE(128)] "currentLatencynow: 126.835", source: file:///home/seluser/ppt/player/dashjs/index.html (128)
[155:155:0108/153356.586542:INFO:CONSOLE(128)] "currentLatencynow: 127.835", source: file:///home/seluser/ppt/player/dashjs/index.html (128)
[155:155:0108/153357.586448:INFO:CONSOLE(128)] "currentLatencynow: 128.835", source: file:///home/seluser/ppt/player/dashjs/index.html (128)
[155:155:0108/153358.586378:INFO:CONSOLE(128)] "currentLatencynow: 129.835", source: file:///home/seluser/ppt/player/dashjs/index.html (128)
[155:155:0108/153359.586489:INFO:CONSOLE(128)] "currentLatencynow: 130.835", source: file:///home/seluser/ppt/player/dashjs/index.html (128)
[155:155:0108/153400.586421:INFO:CONSOLE(128)] "currentLatencynow: 131.835", source: file:///home/seluser/ppt/player/dashjs/index.html (128)
[155:155:0108/153401.586386:INFO:CONSOLE(128)] "currentLatencynow: 132.835", source: file:///home/seluser/ppt/player/dashjs/index.html (128)
[155:155:0108/153402.586420:INFO:CONSOLE(128)] "currentLatencynow: 133.835", source: file:///home/seluser/ppt/player/dashjs/index.html (128)
[155:155:0108/153403.586403:INFO:CONSOLE(128)] "currentLatencynow: 134.835", source: file:///home/seluser/ppt/player/dashjs/index.html (128)
[155:155:0108/153403.804361:WARNING:pref_notifier_impl.cc(40)] Pref observer for media_router.cast_allow_all_ips found at shutdown.
