[155:218:0108/153135.466577:ERROR:bus.cc(392)] Failed to connect to the bus: Failed to connect to socket /var/run/dbus/system_bus_socket: No such file or directory
[155:181:0108/153135.468681:ERROR:bus.cc(392)] Failed to connect to the bus: Address does not contain a colon
[155:181:0108/153135.468968:ERROR:bus.cc(392)] Failed to connect to the bus: Address does not contain a colon
[155:181:0108/153135.487204:ERROR:bus.cc(392)] Failed to connect to the bus: Address does not contain a colon
[155:181:0108/153135.487272:ERROR:bus.cc(392)] Failed to connect to the bus: Address does not contain a colon
[226:226:0108/153135.488921:ERROR:gpu_init.cc(453)] Passthrough is not supported, GL is swiftshader, ANGLE is 
[155:181:0108/153135.536546:ERROR:bus.cc(392)] Failed to connect to the bus: Address does not contain a colon
[155:181:0108/153135.536590:ERROR:bus.cc(392)] Failed to connect to the bus: Address does not contain a colon
[155:315:0108/153135.745509:ERROR:bus.cc(392)] Failed to connect to the bus: Failed to connect to socket /var/run/dbus/system_bus_socket: No such file or directory
[155:315:0108/153135.745576:ERROR:bus.cc(392)] Failed to connect to the bus: Failed to connect to socket /var/run/dbus/system_bus_socket: No such file or directory
[155:315:0108/153135.745637:ERROR:bus.cc(392)] Failed to connect to the bus: Failed to connect to socket /var/run/dbus/system_bus_socket: No such file or directory
[155:315:0108/153135.745657:WARNING:property.cc(144)] DaemonVersion: GetAndBlock: failed.
[155:315:0108/153135.745695:ERROR:bus.cc(392)] Failed to connect to the bus: Failed to connect to socket /var/run/dbus/system_bus_socket: No such file or directory
[155:315:0108/153135.745729:ERROR:bus.cc(392)] Failed to connect to the bus: Failed to connect to socket /var/run/dbus/system_bus_socket: No such file or directory
[155:155:0108/153137.455654:INFO:CONSOLE(128)] "currentLatencynow: 0", source: file:///home/seluser/ppt/player/dashjs/index.html (128)
[361:361:0108/153137.715364:WARNING:audio_manager_linux.cc(69)] Falling back to ALSA for audio output. PulseAudio is not available or could not be initialized.
[361:361:0108/153137.722825:ERROR:alsa_util.cc(204)] PcmOpen: default,No such file or directory
[361:361:0108/153137.723036:ERROR:alsa_util.cc(204)] PcmOpen: plug:default,No such file or directory
[155:155:0108/153138.456402:INFO:CONSOLE(128)] "currentLatencynow: 7.062", source: file:///home/seluser/ppt/player/dashjs/index.html (128)
[155:180:0108/153138.967538:ERROR:chrome_browser_main_extra_parts_metrics.cc(228)] crbug.com/1216328: Checking Bluetooth availability started. Please report if there is no report that this ends.
[155:180:0108/153138.967615:ERROR:chrome_browser_main_extra_parts_metrics.cc(231)] crbug.com/1216328: Checking Bluetooth availability ended.
[155:180:0108/153138.967626:ERROR:chrome_browser_main_extra_parts_metrics.cc(234)] crbug.com/1216328: Checking default browser status started. Please report if there is no report that this ends.
[155:180:0108/153139.282845:ERROR:chrome_browser_main_extra_parts_metrics.cc(238)] crbug.com/1216328: Checking default browser status ended.
[155:155:0108/153139.456045:INFO:CONSOLE(128)] "currentLatencynow: 8.062", source: file:///home/seluser/ppt/player/dashjs/index.html (128)
[155:181:0108/153140.054106:ERROR:bus.cc(392)] Failed to connect to the bus: Address does not contain a colon
[155:181:0108/153140.054151:ERROR:bus.cc(392)] Failed to connect to the bus: Address does not contain a colon
[155:181:0108/153140.054159:ERROR:bus.cc(392)] Failed to connect to the bus: Address does not contain a colon
[155:181:0108/153140.054166:ERROR:bus.cc(392)] Failed to connect to the bus: Address does not contain a colon
[155:181:0108/153140.054173:ERROR:bus.cc(392)] Failed to connect to the bus: Address does not contain a colon
[155:181:0108/153140.054181:ERROR:bus.cc(392)] Failed to connect to the bus: Address does not contain a colon
[155:181:0108/153140.054189:ERROR:bus.cc(392)] Failed to connect to the bus: Address does not contain a colon
[155:181:0108/153140.054196:ERROR:bus.cc(392)] Failed to connect to the bus: Address does not contain a colon
[155:181:0108/153140.054214:ERROR:bus.cc(392)] Failed to connect to the bus: Address does not contain a colon
[155:181:0108/153140.054221:ERROR:bus.cc(392)] Failed to connect to the bus: Address does not contain a colon
[155:181:0108/153140.054228:ERROR:bus.cc(392)] Failed to connect to the bus: Address does not contain a colon
[155:181:0108/153140.054234:ERROR:bus.cc(392)] Failed to connect to the bus: Address does not contain a colon
[155:181:0108/153140.054241:ERROR:bus.cc(392)] Failed to connect to the bus: Address does not contain a colon
[155:181:0108/153140.054247:ERROR:bus.cc(392)] Failed to connect to the bus: Address does not contain a colon
[155:181:0108/153140.054900:ERROR:bus.cc(392)] Failed to connect to the bus: Address does not contain a colon
[155:181:0108/153140.054921:ERROR:bus.cc(392)] Failed to connect to the bus: Address does not contain a colon
[155:181:0108/153140.055007:ERROR:bus.cc(392)] Failed to connect to the bus: Address does not contain a colon
[155:181:0108/153140.088833:ERROR:bus.cc(392)] Failed to connect to the bus: Address does not contain a colon
[155:181:0108/153140.088875:ERROR:bus.cc(392)] Failed to connect to the bus: Address does not contain a colon
[155:155:0108/153140.455725:INFO:CONSOLE(128)] "currentLatencynow: 8.692", source: file:///home/seluser/ppt/player/dashjs/index.html (128)
[155:155:0108/153141.455705:INFO:CONSOLE(128)] "currentLatencynow: 8.661", source: file:///home/seluser/ppt/player/dashjs/index.html (128)
[155:155:0108/153142.456534:INFO:CONSOLE(128)] "currentLatencynow: 8.652", source: file:///home/seluser/ppt/player/dashjs/index.html (128)
[155:155:0108/153143.455500:INFO:CONSOLE(128)] "currentLatencynow: 9.088", source: file:///home/seluser/ppt/player/dashjs/index.html (128)
[155:155:0108/153144.475101:INFO:CONSOLE(128)] "currentLatencynow: 10.098", source: file:///home/seluser/ppt/player/dashjs/index.html (128)
[155:155:0108/153145.455476:INFO:CONSOLE(128)] "currentLatencynow: 11.088", source: file:///home/seluser/ppt/player/dashjs/index.html (128)
[155:181:0108/153146.243851:ERROR:bus.cc(392)] Failed to connect to the bus: Address does not contain a colon
[155:181:0108/153146.243893:ERROR:bus.cc(392)] Failed to connect to the bus: Address does not contain a colon
[155:155:0108/153146.458090:INFO:CONSOLE(128)] "currentLatencynow: 11.778", source: file:///home/seluser/ppt/player/dashjs/index.html (128)
[155:155:0108/153147.455666:INFO:CONSOLE(128)] "currentLatencynow: 11.778", source: file:///home/seluser/ppt/player/dashjs/index.html (128)
[155:155:0108/153148.455033:INFO:CONSOLE(128)] "currentLatencynow: 12.07", source: file:///home/seluser/ppt/player/dashjs/index.html (128)
[155:155:0108/153149.454946:INFO:CONSOLE(128)] "currentLatencynow: 13.07", source: file:///home/seluser/ppt/player/dashjs/index.html (128)
[155:155:0108/153150.453258:INFO:CONSOLE(128)] "currentLatencynow: 14.069", source: file:///home/seluser/ppt/player/dashjs/index.html (128)
[155:155:0108/153151.461064:INFO:CONSOLE(128)] "currentLatencynow: 15.069", source: file:///home/seluser/ppt/player/dashjs/index.html (128)
[155:155:0108/153152.453184:INFO:CONSOLE(128)] "currentLatencynow: 16.069", source: file:///home/seluser/ppt/player/dashjs/index.html (128)
[155:155:0108/153153.453164:INFO:CONSOLE(128)] "currentLatencynow: 17.068", source: file:///home/seluser/ppt/player/dashjs/index.html (128)
[155:155:0108/153154.453314:INFO:CONSOLE(128)] "currentLatencynow: 18.068", source: file:///home/seluser/ppt/player/dashjs/index.html (128)
[155:155:0108/153155.453463:INFO:CONSOLE(128)] "currentLatencynow: 19.069", source: file:///home/seluser/ppt/player/dashjs/index.html (128)
[155:155:0108/153156.453415:INFO:CONSOLE(128)] "currentLatencynow: 20.069", source: file:///home/seluser/ppt/player/dashjs/index.html (128)
[155:155:0108/153157.453378:INFO:CONSOLE(128)] "currentLatencynow: 21.069", source: file:///home/seluser/ppt/player/dashjs/index.html (128)
[155:155:0108/153158.453118:INFO:CONSOLE(128)] "currentLatencynow: 22.068", source: file:///home/seluser/ppt/player/dashjs/index.html (128)
[155:181:0108/153158.887652:ERROR:bus.cc(392)] Failed to connect to the bus: Address does not contain a colon
[155:181:0108/153158.887694:ERROR:bus.cc(392)] Failed to connect to the bus: Address does not contain a colon
[155:155:0108/153159.457051:INFO:CONSOLE(128)] "currentLatencynow: 22.417", source: file:///home/seluser/ppt/player/dashjs/index.html (128)
[155:155:0108/153200.453200:INFO:CONSOLE(128)] "currentLatencynow: 22.417", source: file:///home/seluser/ppt/player/dashjs/index.html (128)
[155:155:0108/153201.455070:INFO:CONSOLE(128)] "currentLatencynow: 22.367", source: file:///home/seluser/ppt/player/dashjs/index.html (128)
[155:155:0108/153202.453112:INFO:CONSOLE(128)] "currentLatencynow: 22.267", source: file:///home/seluser/ppt/player/dashjs/index.html (128)
[155:155:0108/153203.453357:INFO:CONSOLE(128)] "currentLatencynow: 22.543", source: file:///home/seluser/ppt/player/dashjs/index.html (128)
[155:155:0108/153204.453303:INFO:CONSOLE(128)] "currentLatencynow: 22.442", source: file:///home/seluser/ppt/player/dashjs/index.html (128)
[155:155:0108/153205.453530:INFO:CONSOLE(128)] "currentLatencynow: 23.032", source: file:///home/seluser/ppt/player/dashjs/index.html (128)
[155:155:0108/153206.453207:INFO:CONSOLE(128)] "currentLatencynow: 24.031", source: file:///home/seluser/ppt/player/dashjs/index.html (128)
[155:155:0108/153207.453124:INFO:CONSOLE(128)] "currentLatencynow: 25.031", source: file:///home/seluser/ppt/player/dashjs/index.html (128)
[155:155:0108/153208.453304:INFO:CONSOLE(128)] "currentLatencynow: 26.031", source: file:///home/seluser/ppt/player/dashjs/index.html (128)
[155:155:0108/153209.455411:INFO:CONSOLE(128)] "currentLatencynow: 27.034", source: file:///home/seluser/ppt/player/dashjs/index.html (128)
[155:181:0108/153209.539897:ERROR:bus.cc(392)] Failed to connect to the bus: Address does not contain a colon
[155:181:0108/153209.540004:ERROR:bus.cc(392)] Failed to connect to the bus: Address does not contain a colon
[155:155:0108/153210.453421:INFO:CONSOLE(128)] "currentLatencynow: 26.948", source: file:///home/seluser/ppt/player/dashjs/index.html (128)
[155:155:0108/153211.454200:INFO:CONSOLE(128)] "currentLatencynow: 26.847", source: file:///home/seluser/ppt/player/dashjs/index.html (128)
[155:155:0108/153212.453405:INFO:CONSOLE(128)] "currentLatencynow: 26.747", source: file:///home/seluser/ppt/player/dashjs/index.html (128)
[155:155:0108/153213.453536:INFO:CONSOLE(128)] "currentLatencynow: 26.701", source: file:///home/seluser/ppt/player/dashjs/index.html (128)
[155:155:0108/153214.453355:INFO:CONSOLE(128)] "currentLatencynow: 26.701", source: file:///home/seluser/ppt/player/dashjs/index.html (128)
[155:155:0108/153215.453197:INFO:CONSOLE(128)] "currentLatencynow: 27.012", source: file:///home/seluser/ppt/player/dashjs/index.html (128)
[155:155:0108/153216.453135:INFO:CONSOLE(128)] "currentLatencynow: 28.012", source: file:///home/seluser/ppt/player/dashjs/index.html (128)
[155:155:0108/153217.453204:INFO:CONSOLE(128)] "currentLatencynow: 29.012", source: file:///home/seluser/ppt/player/dashjs/index.html (128)
[155:155:0108/153218.454188:INFO:CONSOLE(128)] "currentLatencynow: 30.013", source: file:///home/seluser/ppt/player/dashjs/index.html (128)
[155:155:0108/153219.454134:INFO:CONSOLE(128)] "currentLatencynow: 31.013", source: file:///home/seluser/ppt/player/dashjs/index.html (128)
[155:155:0108/153220.454111:INFO:CONSOLE(128)] "currentLatencynow: 31.917", source: file:///home/seluser/ppt/player/dashjs/index.html (128)
[155:181:0108/153220.517588:ERROR:bus.cc(392)] Failed to connect to the bus: Address does not contain a colon
[155:181:0108/153220.517627:ERROR:bus.cc(392)] Failed to connect to the bus: Address does not contain a colon
[155:155:0108/153221.455375:INFO:CONSOLE(128)] "currentLatencynow: 31.886", source: file:///home/seluser/ppt/player/dashjs/index.html (128)
[155:155:0108/153222.454147:INFO:CONSOLE(128)] "currentLatencynow: 31.786", source: file:///home/seluser/ppt/player/dashjs/index.html (128)
[155:155:0108/153223.454136:INFO:CONSOLE(128)] "currentLatencynow: 31.686", source: file:///home/seluser/ppt/player/dashjs/index.html (128)
[155:155:0108/153224.457385:INFO:CONSOLE(128)] "currentLatencynow: 31.647", source: file:///home/seluser/ppt/player/dashjs/index.html (128)
[155:155:0108/153225.454564:INFO:CONSOLE(128)] "currentLatencynow: 31.717", source: file:///home/seluser/ppt/player/dashjs/index.html (128)
[155:155:0108/153226.456650:INFO:CONSOLE(128)] "currentLatencynow: 31.745", source: file:///home/seluser/ppt/player/dashjs/index.html (128)
[155:155:0108/153227.454979:INFO:CONSOLE(128)] "currentLatencynow: 32.744", source: file:///home/seluser/ppt/player/dashjs/index.html (128)
[155:155:0108/153228.454173:INFO:CONSOLE(128)] "currentLatencynow: 33.743", source: file:///home/seluser/ppt/player/dashjs/index.html (128)
[155:155:0108/153229.454744:INFO:CONSOLE(128)] "currentLatencynow: 34.744", source: file:///home/seluser/ppt/player/dashjs/index.html (128)
[155:155:0108/153230.454924:INFO:CONSOLE(128)] "currentLatencynow: 35.744", source: file:///home/seluser/ppt/player/dashjs/index.html (128)
[155:155:0108/153231.454382:INFO:CONSOLE(128)] "currentLatencynow: 36.744", source: file:///home/seluser/ppt/player/dashjs/index.html (128)
[155:155:0108/153232.454122:INFO:CONSOLE(128)] "currentLatencynow: 37.743", source: file:///home/seluser/ppt/player/dashjs/index.html (128)
[155:155:0108/153233.454134:INFO:CONSOLE(128)] "currentLatencynow: 38.743", source: file:///home/seluser/ppt/player/dashjs/index.html (128)
[155:155:0108/153234.454594:INFO:CONSOLE(128)] "currentLatencynow: 39.743", source: file:///home/seluser/ppt/player/dashjs/index.html (128)
[155:155:0108/153235.454915:INFO:CONSOLE(128)] "currentLatencynow: 40.744", source: file:///home/seluser/ppt/player/dashjs/index.html (128)
[155:155:0108/153236.454448:INFO:CONSOLE(128)] "currentLatencynow: 41.744", source: file:///home/seluser/ppt/player/dashjs/index.html (128)
[155:155:0108/153237.454235:INFO:CONSOLE(128)] "currentLatencynow: 42.743", source: file:///home/seluser/ppt/player/dashjs/index.html (128)
[155:155:0108/153238.454211:INFO:CONSOLE(128)] "currentLatencynow: 43.743", source: file:///home/seluser/ppt/player/dashjs/index.html (128)
[155:155:0108/153239.454213:INFO:CONSOLE(128)] "currentLatencynow: 44.743", source: file:///home/seluser/ppt/player/dashjs/index.html (128)
[155:155:0108/153240.454120:INFO:CONSOLE(128)] "currentLatencynow: 45.743", source: file:///home/seluser/ppt/player/dashjs/index.html (128)
[155:155:0108/153241.454221:INFO:CONSOLE(128)] "currentLatencynow: 46.743", source: file:///home/seluser/ppt/player/dashjs/index.html (128)
[155:155:0108/153242.454176:INFO:CONSOLE(128)] "currentLatencynow: 47.743", source: file:///home/seluser/ppt/player/dashjs/index.html (128)
[155:155:0108/153243.454205:INFO:CONSOLE(128)] "currentLatencynow: 48.743", source: file:///home/seluser/ppt/player/dashjs/index.html (128)
[155:155:0108/153244.454182:INFO:CONSOLE(128)] "currentLatencynow: 49.743", source: file:///home/seluser/ppt/player/dashjs/index.html (128)
[155:155:0108/153245.454349:INFO:CONSOLE(128)] "currentLatencynow: 50.743", source: file:///home/seluser/ppt/player/dashjs/index.html (128)
[155:155:0108/153246.454339:INFO:CONSOLE(128)] "currentLatencynow: 51.743", source: file:///home/seluser/ppt/player/dashjs/index.html (128)
[155:155:0108/153247.454194:INFO:CONSOLE(128)] "currentLatencynow: 52.743", source: file:///home/seluser/ppt/player/dashjs/index.html (128)
[155:155:0108/153248.454234:INFO:CONSOLE(128)] "currentLatencynow: 53.743", source: file:///home/seluser/ppt/player/dashjs/index.html (128)
[155:155:0108/153249.454200:INFO:CONSOLE(128)] "currentLatencynow: 54.743", source: file:///home/seluser/ppt/player/dashjs/index.html (128)
[155:155:0108/153250.454512:INFO:CONSOLE(128)] "currentLatencynow: 55.744", source: file:///home/seluser/ppt/player/dashjs/index.html (128)
[155:155:0108/153251.454333:INFO:CONSOLE(128)] "currentLatencynow: 56.744", source: file:///home/seluser/ppt/player/dashjs/index.html (128)
[155:155:0108/153252.454254:INFO:CONSOLE(128)] "currentLatencynow: 57.743", source: file:///home/seluser/ppt/player/dashjs/index.html (128)
[155:155:0108/153253.454298:INFO:CONSOLE(128)] "currentLatencynow: 58.744", source: file:///home/seluser/ppt/player/dashjs/index.html (128)
[155:155:0108/153254.454181:INFO:CONSOLE(128)] "currentLatencynow: 59.743", source: file:///home/seluser/ppt/player/dashjs/index.html (128)
[155:155:0108/153255.454239:INFO:CONSOLE(128)] "currentLatencynow: 60.744", source: file:///home/seluser/ppt/player/dashjs/index.html (128)
[155:155:0108/153256.454199:INFO:CONSOLE(128)] "currentLatencynow: 61.743", source: file:///home/seluser/ppt/player/dashjs/index.html (128)
[155:155:0108/153257.454230:INFO:CONSOLE(128)] "currentLatencynow: 62.744", source: file:///home/seluser/ppt/player/dashjs/index.html (128)
[155:155:0108/153258.454168:INFO:CONSOLE(128)] "currentLatencynow: 63.743", source: file:///home/seluser/ppt/player/dashjs/index.html (128)
[155:155:0108/153259.454203:INFO:CONSOLE(128)] "currentLatencynow: 64.743", source: file:///home/seluser/ppt/player/dashjs/index.html (128)
[155:155:0108/153300.454244:INFO:CONSOLE(128)] "currentLatencynow: 65.744", source: file:///home/seluser/ppt/player/dashjs/index.html (128)
[155:155:0108/153301.454193:INFO:CONSOLE(128)] "currentLatencynow: 66.743", source: file:///home/seluser/ppt/player/dashjs/index.html (128)
[155:155:0108/153302.454204:INFO:CONSOLE(128)] "currentLatencynow: 67.743", source: file:///home/seluser/ppt/player/dashjs/index.html (128)
[155:155:0108/153303.454190:INFO:CONSOLE(128)] "currentLatencynow: 68.743", source: file:///home/seluser/ppt/player/dashjs/index.html (128)
[155:155:0108/153304.454234:INFO:CONSOLE(128)] "currentLatencynow: 69.743", source: file:///home/seluser/ppt/player/dashjs/index.html (128)
[155:155:0108/153305.454374:INFO:CONSOLE(128)] "currentLatencynow: 70.744", source: file:///home/seluser/ppt/player/dashjs/index.html (128)
[155:155:0108/153306.454188:INFO:CONSOLE(128)] "currentLatencynow: 71.743", source: file:///home/seluser/ppt/player/dashjs/index.html (128)
[155:155:0108/153307.454203:INFO:CONSOLE(128)] "currentLatencynow: 72.743", source: file:///home/seluser/ppt/player/dashjs/index.html (128)
[155:155:0108/153308.454360:INFO:CONSOLE(128)] "currentLatencynow: 73.743", source: file:///home/seluser/ppt/player/dashjs/index.html (128)
[155:155:0108/153309.454215:INFO:CONSOLE(128)] "currentLatencynow: 74.743", source: file:///home/seluser/ppt/player/dashjs/index.html (128)
[155:155:0108/153310.454229:INFO:CONSOLE(128)] "currentLatencynow: 75.743", source: file:///home/seluser/ppt/player/dashjs/index.html (128)
[155:155:0108/153311.454146:INFO:CONSOLE(128)] "currentLatencynow: 76.743", source: file:///home/seluser/ppt/player/dashjs/index.html (128)
[155:155:0108/153312.454282:INFO:CONSOLE(128)] "currentLatencynow: 77.743", source: file:///home/seluser/ppt/player/dashjs/index.html (128)
[155:155:0108/153313.454212:INFO:CONSOLE(128)] "currentLatencynow: 78.744", source: file:///home/seluser/ppt/player/dashjs/index.html (128)
[155:155:0108/153314.454213:INFO:CONSOLE(128)] "currentLatencynow: 79.743", source: file:///home/seluser/ppt/player/dashjs/index.html (128)
[155:155:0108/153315.454154:INFO:CONSOLE(128)] "currentLatencynow: 80.743", source: file:///home/seluser/ppt/player/dashjs/index.html (128)
[155:155:0108/153316.454188:INFO:CONSOLE(128)] "currentLatencynow: 81.743", source: file:///home/seluser/ppt/player/dashjs/index.html (128)
[155:155:0108/153317.454265:INFO:CONSOLE(128)] "currentLatencynow: 82.744", source: file:///home/seluser/ppt/player/dashjs/index.html (128)
[155:155:0108/153318.453932:INFO:CONSOLE(128)] "currentLatencynow: 83.743", source: file:///home/seluser/ppt/player/dashjs/index.html (128)
[155:155:0108/153319.453924:INFO:CONSOLE(128)] "currentLatencynow: 84.743", source: file:///home/seluser/ppt/player/dashjs/index.html (128)
[155:155:0108/153320.453888:INFO:CONSOLE(128)] "currentLatencynow: 85.743", source: file:///home/seluser/ppt/player/dashjs/index.html (128)
[155:155:0108/153321.453926:INFO:CONSOLE(128)] "currentLatencynow: 86.743", source: file:///home/seluser/ppt/player/dashjs/index.html (128)
[155:155:0108/153322.453931:INFO:CONSOLE(128)] "currentLatencynow: 87.743", source: file:///home/seluser/ppt/player/dashjs/index.html (128)
[155:155:0108/153323.453915:INFO:CONSOLE(128)] "currentLatencynow: 88.743", source: file:///home/seluser/ppt/player/dashjs/index.html (128)
[155:155:0108/153324.453903:INFO:CONSOLE(128)] "currentLatencynow: 89.743", source: file:///home/seluser/ppt/player/dashjs/index.html (128)
[155:155:0108/153325.453962:INFO:CONSOLE(128)] "currentLatencynow: 90.743", source: file:///home/seluser/ppt/player/dashjs/index.html (128)
[155:155:0108/153326.453917:INFO:CONSOLE(128)] "currentLatencynow: 91.743", source: file:///home/seluser/ppt/player/dashjs/index.html (128)
[155:155:0108/153327.454005:INFO:CONSOLE(128)] "currentLatencynow: 92.743", source: file:///home/seluser/ppt/player/dashjs/index.html (128)
[155:155:0108/153328.454091:INFO:CONSOLE(128)] "currentLatencynow: 93.743", source: file:///home/seluser/ppt/player/dashjs/index.html (128)
[155:155:0108/153329.453935:INFO:CONSOLE(128)] "currentLatencynow: 94.743", source: file:///home/seluser/ppt/player/dashjs/index.html (128)
[155:155:0108/153330.453945:INFO:CONSOLE(128)] "currentLatencynow: 95.743", source: file:///home/seluser/ppt/player/dashjs/index.html (128)
[155:155:0108/153331.453905:INFO:CONSOLE(128)] "currentLatencynow: 96.743", source: file:///home/seluser/ppt/player/dashjs/index.html (128)
[155:155:0108/153332.453961:INFO:CONSOLE(128)] "currentLatencynow: 97.743", source: file:///home/seluser/ppt/player/dashjs/index.html (128)
[155:155:0108/153333.454001:INFO:CONSOLE(128)] "currentLatencynow: 98.743", source: file:///home/seluser/ppt/player/dashjs/index.html (128)
[155:155:0108/153334.453981:INFO:CONSOLE(128)] "currentLatencynow: 99.743", source: file:///home/seluser/ppt/player/dashjs/index.html (128)
[155:155:0108/153335.453919:INFO:CONSOLE(128)] "currentLatencynow: 100.743", source: file:///home/seluser/ppt/player/dashjs/index.html (128)
[155:155:0108/153336.454021:INFO:CONSOLE(114)] "Begin Player stistics 
", source: file:///home/seluser/ppt/player/dashjs/index.html (114)
[155:155:0108/153336.454163:INFO:CONSOLE(115)] "["stall",[["1.61","4.00",2.3899999999999997]],[["6.97","7.22",0.25]],[["12.12","12.37",0.25]],[["26.61","26.86",0.25]],[["28.79","29.04",0.25]],[["39.09","39.34",0.25]],[["48.05","48.30",0.25]],[["48.41","48.41",0]],[["50.04","50.29",0.25]],[["availibleBW",[null],[null],[null],[972],[972],[972],[972],[899],[899],[1016],[1016],[1016],[1061],[1061],[1061],[1061],[1061],[1061],[1061],[1061],[1061],[1061],[1061],[1261],[1261],[1261],[1417],[1417],[1417],[1767],[1767],[1767],[1767],[2026],[2026],[2026],[2557],[2557],[2799],[2799],[2799],[3129],[3129],[3129],[3129],[3760],[3760],[3528],[3528],[3528],[3528],[3528],[3528],[3528],[3528],[3528],[3528],[3528],[3528],[3528],[3528],[3528],[3528],[3528],[3528],[3528],[3528],[3528],[3528],[3528],[3528],[3528],[3528],[3528],[3528],[3528],[3528],[3528],[3528],[3528],[3528],[3528],[3528],[3528],[3528],[3528],[3528],[3528],[3528],[3528],[3528],[3528],[3528],[3528],[3528],[3528],[3528],[3528],[3528],[3528],[3528],[3528],[3528],[3528],[3528],[3528],[3528],[3528],[3528],[3528],[3528],[3528],[3528],[3528],[3528],[3528],[3528],[3528],[3528]]],[["currentBuffer",[0],[0],[0],[0.822],[0],[0],[0],[0.047],[0.047],[1.92],[0.925],[0.033],[2.035],[2.035],[2.035],[2.035],[2.035],[2.035],[2.035],[2.035],[2.035],[2.035],[1.423],[2.424],[1.374],[0.274],[1.554],[0.459],[0.001],[2.003],[2.003],[2.003],[2.003],[3.046],[1.948],[0.847],[1.69],[0.791],[1.991],[1.991],[1.991],[3.993],[3.993],[3.912],[2.935],[3.835],[2.736],[3.97],[2.947],[1.726],[1.726],[1.726],[1.726],[1.726],[1.726],[1.726],[1.726],[1.726],[1.726],[1.726],[1.726],[1.726],[1.726],[1.726],[1.726],[1.726],[1.726],[1.726],[1.726],[1.726],[1.726],[1.726],[1.726],[1.726],[1.726],[1.726],[1.726],[1.726],[1.726],[1.726],[1.726],[1.726],[1.726],[1.726],[1.726],[1.726],[1.726],[1.726],[1.726],[1.726],[1.726],[1.726],[1.726],[1.726],[1.726],[1.726],[1.726],[1.726],[1.726],[1.726],[1.726],[1.726],[1.726],[1.726],[1.726],[1.726],[1.726],[1.726],[1.726],[1.726],[1.726],[1.726],[1.726],[1.726],[1.726],[1.726],[1.726],[1.726],[1.726]]],[["currentLatency",[0],[7.062],[8.062],[8.692],[8.661],[8.652],[9.088],[10.098],[11.088],[11.778],[11.778],[12.07],[13.07],[14.069],[15.069],[16.069],[17.068],[18.068],[19.069],[20.069],[21.069],[22.068],[22.417],[22.417],[22.367],[22.267],[22.543],[22.442],[23.032],[24.031],[25.031],[26.031],[27.034],[26.948],[26.847],[26.747],[26.701],[26.701],[27.012],[28.012],[29.012],[30.013],[31.013],[31.917],[31.886],[31.786],[31.686],[31.647],[31.717],[31.745],[32.744],[33.743],[34.744],[35.744],[36.744],[37.743],[38.743],[39.743],[40.744],[41.744],[42.743],[43.743],[44.743],[45.743],[46.743],[47.743],[48.743],[49.743],[50.743],[51.743],[52.743],[53.743],[54.743],[55.744],[56.744],[57.743],[58.744],[59.743],[60.744],[61.743],[62.744],[63.743],[64.743],[65.744],[66.743],[67.743],[68.743],[69.743],[70.744],[71.743],[72.743],[73.743],[74.743],[75.743],[76.743],[77.743],[78.744],[79.743],[80.743],[81.743],[82.744],[83.743],[84.743],[85.743],[86.743],[87.743],[88.743],[89.743],[90.743],[91.743],[92.743],[93.743],[94.743],[95.743],[96.743],[97.743],[98.743],[99.743],[100.743]]]]", source: file:///home/seluser/ppt/player/dashjs/index.html (115)
[155:155:0108/153336.454346:INFO:CONSOLE(116)] "
", source: file:///home/seluser/ppt/player/dashjs/index.html (116)
[155:155:0108/153336.454433:INFO:CONSOLE(117)] "Finish Player stistics 
", source: file:///home/seluser/ppt/player/dashjs/index.html (117)
[155:155:0108/153336.454512:INFO:CONSOLE(128)] "currentLatencynow: 101.744", source: file:///home/seluser/ppt/player/dashjs/index.html (128)
[155:155:0108/153337.453846:INFO:CONSOLE(128)] "currentLatencynow: 102.743", source: file:///home/seluser/ppt/player/dashjs/index.html (128)
[155:155:0108/153338.454017:INFO:CONSOLE(128)] "currentLatencynow: 103.743", source: file:///home/seluser/ppt/player/dashjs/index.html (128)
[155:155:0108/153339.454071:INFO:CONSOLE(128)] "currentLatencynow: 104.743", source: file:///home/seluser/ppt/player/dashjs/index.html (128)
[155:155:0108/153340.454011:INFO:CONSOLE(128)] "currentLatencynow: 105.743", source: file:///home/seluser/ppt/player/dashjs/index.html (128)
[155:155:0108/153341.453917:INFO:CONSOLE(128)] "currentLatencynow: 106.743", source: file:///home/seluser/ppt/player/dashjs/index.html (128)
[155:155:0108/153342.453938:INFO:CONSOLE(128)] "currentLatencynow: 107.743", source: file:///home/seluser/ppt/player/dashjs/index.html (128)
[155:155:0108/153343.453921:INFO:CONSOLE(128)] "currentLatencynow: 108.743", source: file:///home/seluser/ppt/player/dashjs/index.html (128)
[155:155:0108/153344.453942:INFO:CONSOLE(128)] "currentLatencynow: 109.743", source: file:///home/seluser/ppt/player/dashjs/index.html (128)
[155:155:0108/153345.454172:INFO:CONSOLE(128)] "currentLatencynow: 110.743", source: file:///home/seluser/ppt/player/dashjs/index.html (128)
[155:155:0108/153346.453941:INFO:CONSOLE(128)] "currentLatencynow: 111.743", source: file:///home/seluser/ppt/player/dashjs/index.html (128)
[155:155:0108/153347.453991:INFO:CONSOLE(128)] "currentLatencynow: 112.743", source: file:///home/seluser/ppt/player/dashjs/index.html (128)
[155:155:0108/153348.453796:INFO:CONSOLE(128)] "currentLatencynow: 113.743", source: file:///home/seluser/ppt/player/dashjs/index.html (128)
[155:155:0108/153349.453771:INFO:CONSOLE(128)] "currentLatencynow: 114.743", source: file:///home/seluser/ppt/player/dashjs/index.html (128)
[155:155:0108/153350.453882:INFO:CONSOLE(128)] "currentLatencynow: 115.743", source: file:///home/seluser/ppt/player/dashjs/index.html (128)
[155:155:0108/153351.453739:INFO:CONSOLE(128)] "currentLatencynow: 116.743", source: file:///home/seluser/ppt/player/dashjs/index.html (128)
[155:155:0108/153352.453759:INFO:CONSOLE(128)] "currentLatencynow: 117.743", source: file:///home/seluser/ppt/player/dashjs/index.html (128)
[155:155:0108/153353.453845:INFO:CONSOLE(128)] "currentLatencynow: 118.743", source: file:///home/seluser/ppt/player/dashjs/index.html (128)
[155:155:0108/153354.453766:INFO:CONSOLE(128)] "currentLatencynow: 119.743", source: file:///home/seluser/ppt/player/dashjs/index.html (128)
[155:155:0108/153355.453726:INFO:CONSOLE(128)] "currentLatencynow: 120.743", source: file:///home/seluser/ppt/player/dashjs/index.html (128)
[155:155:0108/153356.453814:INFO:CONSOLE(128)] "currentLatencynow: 121.743", source: file:///home/seluser/ppt/player/dashjs/index.html (128)
[155:155:0108/153356.742549:WARNING:pref_notifier_impl.cc(40)] Pref observer for media_router.cast_allow_all_ips found at shutdown.
