[155:218:0108/153146.387971:ERROR:bus.cc(392)] Failed to connect to the bus: Failed to connect to socket /var/run/dbus/system_bus_socket: No such file or directory
[155:181:0108/153146.392195:ERROR:bus.cc(392)] Failed to connect to the bus: Address does not contain a colon
[155:181:0108/153146.392253:ERROR:bus.cc(392)] Failed to connect to the bus: Address does not contain a colon
[155:181:0108/153146.406143:ERROR:bus.cc(392)] Failed to connect to the bus: Address does not contain a colon
[155:181:0108/153146.406408:ERROR:bus.cc(392)] Failed to connect to the bus: Address does not contain a colon
[227:227:0108/153146.474719:ERROR:gpu_init.cc(453)] Passthrough is not supported, GL is swiftshader, ANGLE is 
[155:181:0108/153146.477596:ERROR:bus.cc(392)] Failed to connect to the bus: Address does not contain a colon
[155:181:0108/153146.477706:ERROR:bus.cc(392)] Failed to connect to the bus: Address does not contain a colon
[155:316:0108/153146.926543:ERROR:bus.cc(392)] Failed to connect to the bus: Failed to connect to socket /var/run/dbus/system_bus_socket: No such file or directory
[155:316:0108/153146.926600:ERROR:bus.cc(392)] Failed to connect to the bus: Failed to connect to socket /var/run/dbus/system_bus_socket: No such file or directory
[155:316:0108/153146.926645:ERROR:bus.cc(392)] Failed to connect to the bus: Failed to connect to socket /var/run/dbus/system_bus_socket: No such file or directory
[155:316:0108/153146.926660:WARNING:property.cc(144)] DaemonVersion: GetAndBlock: failed.
[155:316:0108/153146.926681:ERROR:bus.cc(392)] Failed to connect to the bus: Failed to connect to socket /var/run/dbus/system_bus_socket: No such file or directory
[155:316:0108/153146.926707:ERROR:bus.cc(392)] Failed to connect to the bus: Failed to connect to socket /var/run/dbus/system_bus_socket: No such file or directory
[155:155:0108/153149.846673:INFO:CONSOLE(128)] "currentLatencynow: NaN", source: file:///home/seluser/ppt/player/dashjs/index.html (128)
[155:155:0108/153150.846314:INFO:CONSOLE(128)] "currentLatencynow: 0", source: file:///home/seluser/ppt/player/dashjs/index.html (128)
[155:245:0108/153151.326675:ERROR:chrome_browser_main_extra_parts_metrics.cc(228)] crbug.com/1216328: Checking Bluetooth availability started. Please report if there is no report that this ends.
[155:245:0108/153151.326744:ERROR:chrome_browser_main_extra_parts_metrics.cc(231)] crbug.com/1216328: Checking Bluetooth availability ended.
[155:245:0108/153151.326759:ERROR:chrome_browser_main_extra_parts_metrics.cc(234)] crbug.com/1216328: Checking default browser status started. Please report if there is no report that this ends.
[155:245:0108/153151.689695:ERROR:chrome_browser_main_extra_parts_metrics.cc(238)] crbug.com/1216328: Checking default browser status ended.
[155:155:0108/153151.861333:INFO:CONSOLE(128)] "currentLatencynow: 0", source: file:///home/seluser/ppt/player/dashjs/index.html (128)
[155:155:0108/153152.849176:INFO:CONSOLE(128)] "currentLatencynow: 0", source: file:///home/seluser/ppt/player/dashjs/index.html (128)
[551:551:0108/153153.458055:WARNING:audio_manager_linux.cc(69)] Falling back to ALSA for audio output. PulseAudio is not available or could not be initialized.
[551:551:0108/153153.466829:ERROR:alsa_util.cc(204)] PcmOpen: default,No such file or directory
[551:551:0108/153153.467050:ERROR:alsa_util.cc(204)] PcmOpen: plug:default,No such file or directory
[155:155:0108/153153.846320:INFO:CONSOLE(128)] "currentLatencynow: 8.758", source: file:///home/seluser/ppt/player/dashjs/index.html (128)
[155:155:0108/153154.846229:INFO:CONSOLE(128)] "currentLatencynow: 9.759", source: file:///home/seluser/ppt/player/dashjs/index.html (128)
[155:155:0108/153155.846553:INFO:CONSOLE(128)] "currentLatencynow: 10.759", source: file:///home/seluser/ppt/player/dashjs/index.html (128)
[155:155:0108/153156.846282:INFO:CONSOLE(128)] "currentLatencynow: 11.759", source: file:///home/seluser/ppt/player/dashjs/index.html (128)
[155:181:0108/153157.063146:ERROR:bus.cc(392)] Failed to connect to the bus: Address does not contain a colon
[155:181:0108/153157.063193:ERROR:bus.cc(392)] Failed to connect to the bus: Address does not contain a colon
[155:181:0108/153157.063218:ERROR:bus.cc(392)] Failed to connect to the bus: Address does not contain a colon
[155:181:0108/153157.063232:ERROR:bus.cc(392)] Failed to connect to the bus: Address does not contain a colon
[155:181:0108/153157.063244:ERROR:bus.cc(392)] Failed to connect to the bus: Address does not contain a colon
[155:181:0108/153157.063255:ERROR:bus.cc(392)] Failed to connect to the bus: Address does not contain a colon
[155:181:0108/153157.063262:ERROR:bus.cc(392)] Failed to connect to the bus: Address does not contain a colon
[155:181:0108/153157.063271:ERROR:bus.cc(392)] Failed to connect to the bus: Address does not contain a colon
[155:181:0108/153157.063278:ERROR:bus.cc(392)] Failed to connect to the bus: Address does not contain a colon
[155:181:0108/153157.063286:ERROR:bus.cc(392)] Failed to connect to the bus: Address does not contain a colon
[155:181:0108/153157.063292:ERROR:bus.cc(392)] Failed to connect to the bus: Address does not contain a colon
[155:181:0108/153157.063300:ERROR:bus.cc(392)] Failed to connect to the bus: Address does not contain a colon
[155:181:0108/153157.063307:ERROR:bus.cc(392)] Failed to connect to the bus: Address does not contain a colon
[155:181:0108/153157.063314:ERROR:bus.cc(392)] Failed to connect to the bus: Address does not contain a colon
[155:181:0108/153157.071695:ERROR:bus.cc(392)] Failed to connect to the bus: Address does not contain a colon
[155:181:0108/153157.071730:ERROR:bus.cc(392)] Failed to connect to the bus: Address does not contain a colon
[155:181:0108/153157.071741:ERROR:bus.cc(392)] Failed to connect to the bus: Address does not contain a colon
[155:181:0108/153157.099612:ERROR:bus.cc(392)] Failed to connect to the bus: Address does not contain a colon
[155:181:0108/153157.099654:ERROR:bus.cc(392)] Failed to connect to the bus: Address does not contain a colon
[155:155:0108/153157.846233:INFO:CONSOLE(128)] "currentLatencynow: 12.006", source: file:///home/seluser/ppt/player/dashjs/index.html (128)
[155:155:0108/153158.846452:INFO:CONSOLE(128)] "currentLatencynow: 12.517", source: file:///home/seluser/ppt/player/dashjs/index.html (128)
[155:155:0108/153159.847435:INFO:CONSOLE(128)] "currentLatencynow: 13.517", source: file:///home/seluser/ppt/player/dashjs/index.html (128)
[155:181:0108/153200.788950:ERROR:bus.cc(392)] Failed to connect to the bus: Address does not contain a colon
[155:181:0108/153200.788989:ERROR:bus.cc(392)] Failed to connect to the bus: Address does not contain a colon
[155:155:0108/153200.846295:INFO:CONSOLE(128)] "currentLatencynow: 14.374", source: file:///home/seluser/ppt/player/dashjs/index.html (128)
[155:155:0108/153201.846245:INFO:CONSOLE(128)] "currentLatencynow: 14.375", source: file:///home/seluser/ppt/player/dashjs/index.html (128)
[155:155:0108/153202.846235:INFO:CONSOLE(128)] "currentLatencynow: 14.47", source: file:///home/seluser/ppt/player/dashjs/index.html (128)
[155:155:0108/153203.846280:INFO:CONSOLE(128)] "currentLatencynow: 15.47", source: file:///home/seluser/ppt/player/dashjs/index.html (128)
[155:155:0108/153204.846120:INFO:CONSOLE(128)] "currentLatencynow: 15.839", source: file:///home/seluser/ppt/player/dashjs/index.html (128)
[155:155:0108/153205.848637:INFO:CONSOLE(128)] "currentLatencynow: 15.839", source: file:///home/seluser/ppt/player/dashjs/index.html (128)
[155:155:0108/153206.846151:INFO:CONSOLE(128)] "currentLatencynow: 16.459", source: file:///home/seluser/ppt/player/dashjs/index.html (128)
[155:155:0108/153207.846333:INFO:CONSOLE(128)] "currentLatencynow: 17.459", source: file:///home/seluser/ppt/player/dashjs/index.html (128)
[155:155:0108/153208.846165:INFO:CONSOLE(128)] "currentLatencynow: 17.611", source: file:///home/seluser/ppt/player/dashjs/index.html (128)
[155:155:0108/153209.846168:INFO:CONSOLE(128)] "currentLatencynow: 17.61", source: file:///home/seluser/ppt/player/dashjs/index.html (128)
[155:155:0108/153210.846454:INFO:CONSOLE(128)] "currentLatencynow: 18.454", source: file:///home/seluser/ppt/player/dashjs/index.html (128)
[155:155:0108/153211.846667:INFO:CONSOLE(128)] "currentLatencynow: 19.454", source: file:///home/seluser/ppt/player/dashjs/index.html (128)
[155:155:0108/153212.846233:INFO:CONSOLE(128)] "currentLatencynow: 20.453", source: file:///home/seluser/ppt/player/dashjs/index.html (128)
[155:155:0108/153213.846455:INFO:CONSOLE(128)] "currentLatencynow: 21.453", source: file:///home/seluser/ppt/player/dashjs/index.html (128)
[155:155:0108/153214.846147:INFO:CONSOLE(128)] "currentLatencynow: 22.453", source: file:///home/seluser/ppt/player/dashjs/index.html (128)
[155:155:0108/153215.849739:INFO:CONSOLE(128)] "currentLatencynow: 23.454", source: file:///home/seluser/ppt/player/dashjs/index.html (128)
[155:155:0108/153216.847371:INFO:CONSOLE(128)] "currentLatencynow: 24.454", source: file:///home/seluser/ppt/player/dashjs/index.html (128)
[155:181:0108/153217.466144:ERROR:bus.cc(392)] Failed to connect to the bus: Address does not contain a colon
[155:181:0108/153217.466212:ERROR:bus.cc(392)] Failed to connect to the bus: Address does not contain a colon
[155:155:0108/153217.848127:INFO:CONSOLE(128)] "currentLatencynow: 25.008", source: file:///home/seluser/ppt/player/dashjs/index.html (128)
[155:155:0108/153218.848069:INFO:CONSOLE(128)] "currentLatencynow: 24.91", source: file:///home/seluser/ppt/player/dashjs/index.html (128)
[155:155:0108/153219.847225:INFO:CONSOLE(128)] "currentLatencynow: 24.808", source: file:///home/seluser/ppt/player/dashjs/index.html (128)
[155:155:0108/153220.847214:INFO:CONSOLE(128)] "currentLatencynow: 24.708", source: file:///home/seluser/ppt/player/dashjs/index.html (128)
[155:155:0108/153221.847656:INFO:CONSOLE(128)] "currentLatencynow: 24.609", source: file:///home/seluser/ppt/player/dashjs/index.html (128)
[155:155:0108/153222.849173:INFO:CONSOLE(128)] "currentLatencynow: 24.508", source: file:///home/seluser/ppt/player/dashjs/index.html (128)
[155:155:0108/153223.848676:INFO:CONSOLE(128)] "currentLatencynow: 25.445", source: file:///home/seluser/ppt/player/dashjs/index.html (128)
[155:155:0108/153224.850490:INFO:CONSOLE(128)] "currentLatencynow: 26.445", source: file:///home/seluser/ppt/player/dashjs/index.html (128)
[155:155:0108/153225.847684:INFO:CONSOLE(128)] "currentLatencynow: 27.446", source: file:///home/seluser/ppt/player/dashjs/index.html (128)
[155:181:0108/153226.642877:ERROR:bus.cc(392)] Failed to connect to the bus: Address does not contain a colon
[155:181:0108/153226.642919:ERROR:bus.cc(392)] Failed to connect to the bus: Address does not contain a colon
[155:155:0108/153226.847766:INFO:CONSOLE(128)] "currentLatencynow: 28.135", source: file:///home/seluser/ppt/player/dashjs/index.html (128)
[155:155:0108/153227.850225:INFO:CONSOLE(128)] "currentLatencynow: 28.035", source: file:///home/seluser/ppt/player/dashjs/index.html (128)
[155:155:0108/153228.851768:INFO:CONSOLE(128)] "currentLatencynow: 27.936", source: file:///home/seluser/ppt/player/dashjs/index.html (128)
[155:155:0108/153229.849392:INFO:CONSOLE(128)] "currentLatencynow: 27.835", source: file:///home/seluser/ppt/player/dashjs/index.html (128)
[155:155:0108/153230.847579:INFO:CONSOLE(128)] "currentLatencynow: 28.417", source: file:///home/seluser/ppt/player/dashjs/index.html (128)
[155:155:0108/153231.847098:INFO:CONSOLE(128)] "currentLatencynow: 29.416", source: file:///home/seluser/ppt/player/dashjs/index.html (128)
[155:155:0108/153232.847161:INFO:CONSOLE(128)] "currentLatencynow: 30.416", source: file:///home/seluser/ppt/player/dashjs/index.html (128)
[155:155:0108/153233.849057:INFO:CONSOLE(128)] "currentLatencynow: 31.418", source: file:///home/seluser/ppt/player/dashjs/index.html (128)
[155:181:0108/153234.808998:ERROR:bus.cc(392)] Failed to connect to the bus: Address does not contain a colon
[155:181:0108/153234.809041:ERROR:bus.cc(392)] Failed to connect to the bus: Address does not contain a colon
[155:155:0108/153234.847429:INFO:CONSOLE(128)] "currentLatencynow: 32.326", source: file:///home/seluser/ppt/player/dashjs/index.html (128)
[155:155:0108/153235.847586:INFO:CONSOLE(128)] "currentLatencynow: 32.233", source: file:///home/seluser/ppt/player/dashjs/index.html (128)
[155:155:0108/153236.847415:INFO:CONSOLE(128)] "currentLatencynow: 32.134", source: file:///home/seluser/ppt/player/dashjs/index.html (128)
[155:155:0108/153237.847404:INFO:CONSOLE(128)] "currentLatencynow: 32.034", source: file:///home/seluser/ppt/player/dashjs/index.html (128)
[155:155:0108/153238.848871:INFO:CONSOLE(128)] "currentLatencynow: 31.934", source: file:///home/seluser/ppt/player/dashjs/index.html (128)
[155:155:0108/153239.847389:INFO:CONSOLE(128)] "currentLatencynow: 31.833", source: file:///home/seluser/ppt/player/dashjs/index.html (128)
[155:155:0108/153240.847469:INFO:CONSOLE(128)] "currentLatencynow: 31.734", source: file:///home/seluser/ppt/player/dashjs/index.html (128)
[155:155:0108/153241.847316:INFO:CONSOLE(128)] "currentLatencynow: 31.633", source: file:///home/seluser/ppt/player/dashjs/index.html (128)
[155:155:0108/153242.847263:INFO:CONSOLE(128)] "currentLatencynow: 31.533", source: file:///home/seluser/ppt/player/dashjs/index.html (128)
[155:155:0108/153243.848422:INFO:CONSOLE(128)] "currentLatencynow: 31.434", source: file:///home/seluser/ppt/player/dashjs/index.html (128)
[155:155:0108/153244.847298:INFO:CONSOLE(128)] "currentLatencynow: 31.333", source: file:///home/seluser/ppt/player/dashjs/index.html (128)
[155:155:0108/153245.847388:INFO:CONSOLE(128)] "currentLatencynow: 31.263", source: file:///home/seluser/ppt/player/dashjs/index.html (128)
[155:155:0108/153246.847287:INFO:CONSOLE(128)] "currentLatencynow: 31.263", source: file:///home/seluser/ppt/player/dashjs/index.html (128)
[155:155:0108/153247.847365:INFO:CONSOLE(128)] "currentLatencynow: 31.263", source: file:///home/seluser/ppt/player/dashjs/index.html (128)
[155:155:0108/153248.847344:INFO:CONSOLE(128)] "currentLatencynow: 31.264", source: file:///home/seluser/ppt/player/dashjs/index.html (128)
[155:155:0108/153249.847651:INFO:CONSOLE(128)] "currentLatencynow: 31.264", source: file:///home/seluser/ppt/player/dashjs/index.html (128)
[155:155:0108/153250.847692:INFO:CONSOLE(128)] "currentLatencynow: 31.264", source: file:///home/seluser/ppt/player/dashjs/index.html (128)
[155:155:0108/153251.847512:INFO:CONSOLE(128)] "currentLatencynow: 31.236", source: file:///home/seluser/ppt/player/dashjs/index.html (128)
[155:155:0108/153252.847640:INFO:CONSOLE(128)] "currentLatencynow: 31.135", source: file:///home/seluser/ppt/player/dashjs/index.html (128)
[155:155:0108/153253.847728:INFO:CONSOLE(128)] "currentLatencynow: 31.035", source: file:///home/seluser/ppt/player/dashjs/index.html (128)
[155:155:0108/153254.847587:INFO:CONSOLE(128)] "currentLatencynow: 30.936", source: file:///home/seluser/ppt/player/dashjs/index.html (128)
[155:155:0108/153255.849339:INFO:CONSOLE(128)] "currentLatencynow: 30.861", source: file:///home/seluser/ppt/player/dashjs/index.html (128)
[155:155:0108/153256.847429:INFO:CONSOLE(128)] "currentLatencynow: 30.761", source: file:///home/seluser/ppt/player/dashjs/index.html (128)
[155:155:0108/153257.847300:INFO:CONSOLE(128)] "currentLatencynow: 30.742", source: file:///home/seluser/ppt/player/dashjs/index.html (128)
[155:155:0108/153258.847328:INFO:CONSOLE(128)] "currentLatencynow: 30.742", source: file:///home/seluser/ppt/player/dashjs/index.html (128)
[155:155:0108/153259.847176:INFO:CONSOLE(128)] "currentLatencynow: 30.741", source: file:///home/seluser/ppt/player/dashjs/index.html (128)
[155:155:0108/153300.847192:INFO:CONSOLE(128)] "currentLatencynow: 30.736", source: file:///home/seluser/ppt/player/dashjs/index.html (128)
[155:155:0108/153301.847251:INFO:CONSOLE(128)] "currentLatencynow: 30.636", source: file:///home/seluser/ppt/player/dashjs/index.html (128)
[155:155:0108/153302.848658:INFO:CONSOLE(128)] "currentLatencynow: 30.537", source: file:///home/seluser/ppt/player/dashjs/index.html (128)
[155:155:0108/153303.847327:INFO:CONSOLE(128)] "currentLatencynow: 30.437", source: file:///home/seluser/ppt/player/dashjs/index.html (128)
[155:155:0108/153304.847358:INFO:CONSOLE(128)] "currentLatencynow: 30.337", source: file:///home/seluser/ppt/player/dashjs/index.html (128)
[155:155:0108/153305.847356:INFO:CONSOLE(128)] "currentLatencynow: 30.237", source: file:///home/seluser/ppt/player/dashjs/index.html (128)
[155:155:0108/153306.847305:INFO:CONSOLE(128)] "currentLatencynow: 30.136", source: file:///home/seluser/ppt/player/dashjs/index.html (128)
[155:155:0108/153307.847346:INFO:CONSOLE(128)] "currentLatencynow: 30.036", source: file:///home/seluser/ppt/player/dashjs/index.html (128)
[155:155:0108/153308.847359:INFO:CONSOLE(128)] "currentLatencynow: 29.937", source: file:///home/seluser/ppt/player/dashjs/index.html (128)
[155:155:0108/153309.847451:INFO:CONSOLE(128)] "currentLatencynow: 29.837", source: file:///home/seluser/ppt/player/dashjs/index.html (128)
[155:155:0108/153310.847409:INFO:CONSOLE(128)] "currentLatencynow: 29.738", source: file:///home/seluser/ppt/player/dashjs/index.html (128)
[155:155:0108/153311.847362:INFO:CONSOLE(128)] "currentLatencynow: 29.637", source: file:///home/seluser/ppt/player/dashjs/index.html (128)
[155:155:0108/153312.847394:INFO:CONSOLE(128)] "currentLatencynow: 29.537", source: file:///home/seluser/ppt/player/dashjs/index.html (128)
[155:155:0108/153313.847437:INFO:CONSOLE(128)] "currentLatencynow: 29.437", source: file:///home/seluser/ppt/player/dashjs/index.html (128)
[155:155:0108/153314.847417:INFO:CONSOLE(128)] "currentLatencynow: 29.337", source: file:///home/seluser/ppt/player/dashjs/index.html (128)
[155:155:0108/153315.847403:INFO:CONSOLE(128)] "currentLatencynow: 29.237", source: file:///home/seluser/ppt/player/dashjs/index.html (128)
[155:155:0108/153316.847471:INFO:CONSOLE(128)] "currentLatencynow: 29.137", source: file:///home/seluser/ppt/player/dashjs/index.html (128)
[155:155:0108/153317.847480:INFO:CONSOLE(128)] "currentLatencynow: 29.037", source: file:///home/seluser/ppt/player/dashjs/index.html (128)
[155:155:0108/153318.847182:INFO:CONSOLE(128)] "currentLatencynow: 28.936", source: file:///home/seluser/ppt/player/dashjs/index.html (128)
[155:155:0108/153319.847119:INFO:CONSOLE(128)] "currentLatencynow: 28.836", source: file:///home/seluser/ppt/player/dashjs/index.html (128)
[155:155:0108/153320.847180:INFO:CONSOLE(128)] "currentLatencynow: 28.736", source: file:///home/seluser/ppt/player/dashjs/index.html (128)
[155:155:0108/153321.847065:INFO:CONSOLE(128)] "currentLatencynow: 28.636", source: file:///home/seluser/ppt/player/dashjs/index.html (128)
[155:155:0108/153322.847124:INFO:CONSOLE(128)] "currentLatencynow: 28.536", source: file:///home/seluser/ppt/player/dashjs/index.html (128)
[155:155:0108/153323.847159:INFO:CONSOLE(128)] "currentLatencynow: 28.436", source: file:///home/seluser/ppt/player/dashjs/index.html (128)
[155:155:0108/153324.847245:INFO:CONSOLE(128)] "currentLatencynow: 28.336", source: file:///home/seluser/ppt/player/dashjs/index.html (128)
[155:155:0108/153325.847284:INFO:CONSOLE(128)] "currentLatencynow: 28.236", source: file:///home/seluser/ppt/player/dashjs/index.html (128)
[155:155:0108/153326.847033:INFO:CONSOLE(128)] "currentLatencynow: 28.136", source: file:///home/seluser/ppt/player/dashjs/index.html (128)
[155:155:0108/153327.847389:INFO:CONSOLE(128)] "currentLatencynow: 28.036", source: file:///home/seluser/ppt/player/dashjs/index.html (128)
[155:155:0108/153328.847141:INFO:CONSOLE(128)] "currentLatencynow: 27.936", source: file:///home/seluser/ppt/player/dashjs/index.html (128)
[155:155:0108/153329.847042:INFO:CONSOLE(128)] "currentLatencynow: 27.836", source: file:///home/seluser/ppt/player/dashjs/index.html (128)
[155:155:0108/153330.847140:INFO:CONSOLE(128)] "currentLatencynow: 27.736", source: file:///home/seluser/ppt/player/dashjs/index.html (128)
[155:155:0108/153331.847208:INFO:CONSOLE(128)] "currentLatencynow: 27.636", source: file:///home/seluser/ppt/player/dashjs/index.html (128)
[155:155:0108/153332.847078:INFO:CONSOLE(128)] "currentLatencynow: 27.536", source: file:///home/seluser/ppt/player/dashjs/index.html (128)
[155:155:0108/153333.847168:INFO:CONSOLE(128)] "currentLatencynow: 27.436", source: file:///home/seluser/ppt/player/dashjs/index.html (128)
[155:155:0108/153334.846897:INFO:CONSOLE(128)] "currentLatencynow: 27.336", source: file:///home/seluser/ppt/player/dashjs/index.html (128)
[155:155:0108/153335.846910:INFO:CONSOLE(128)] "currentLatencynow: 27.236", source: file:///home/seluser/ppt/player/dashjs/index.html (128)
[155:155:0108/153336.847136:INFO:CONSOLE(128)] "currentLatencynow: 27.136", source: file:///home/seluser/ppt/player/dashjs/index.html (128)
[155:155:0108/153337.846874:INFO:CONSOLE(128)] "currentLatencynow: 27.036", source: file:///home/seluser/ppt/player/dashjs/index.html (128)
[155:155:0108/153338.846907:INFO:CONSOLE(128)] "currentLatencynow: 26.936", source: file:///home/seluser/ppt/player/dashjs/index.html (128)
[155:155:0108/153339.846893:INFO:CONSOLE(128)] "currentLatencynow: 26.836", source: file:///home/seluser/ppt/player/dashjs/index.html (128)
[155:155:0108/153340.847281:INFO:CONSOLE(128)] "currentLatencynow: 26.736", source: file:///home/seluser/ppt/player/dashjs/index.html (128)
[155:155:0108/153341.846891:INFO:CONSOLE(128)] "currentLatencynow: 26.636", source: file:///home/seluser/ppt/player/dashjs/index.html (128)
[155:155:0108/153342.846948:INFO:CONSOLE(128)] "currentLatencynow: 26.536", source: file:///home/seluser/ppt/player/dashjs/index.html (128)
[155:155:0108/153343.846883:INFO:CONSOLE(128)] "currentLatencynow: 26.517", source: file:///home/seluser/ppt/player/dashjs/index.html (128)
[155:155:0108/153344.847149:INFO:CONSOLE(128)] "currentLatencynow: 26.517", source: file:///home/seluser/ppt/player/dashjs/index.html (128)
[155:155:0108/153345.846889:INFO:CONSOLE(128)] "currentLatencynow: 26.436", source: file:///home/seluser/ppt/player/dashjs/index.html (128)
[155:155:0108/153346.846901:INFO:CONSOLE(128)] "currentLatencynow: 26.342", source: file:///home/seluser/ppt/player/dashjs/index.html (128)
[155:155:0108/153347.846897:INFO:CONSOLE(128)] "currentLatencynow: 26.26", source: file:///home/seluser/ppt/player/dashjs/index.html (128)
[155:155:0108/153348.846739:INFO:CONSOLE(114)] "Begin Player stistics 
", source: file:///home/seluser/ppt/player/dashjs/index.html (114)
[155:155:0108/153348.846833:INFO:CONSOLE(115)] "["stall",[["5.20","9.31",4.11]],[["10.54","10.79",0.25]],[["15.00","15.25",0.25]],[["18.47","18.72",0.25]],[["22.25","22.50",0.25]],[["35.15","35.40",0.25]],[["42.47","42.72",0.25]],[["availibleBW",[null],[null],[null],[null],[null],[null],[null],[988],[988],[988],[988],[988],[988],[1288],[1288],[1288],[1386],[1386],[1386],[1386],[1550],[1550],[1550],[1860],[1860],[1860],[2017],[2017],[2017],[2164],[2164],[2164],[2164],[2164],[2490],[2490],[2490],[2866],[2866],[2866],[3214],[3214],[4081],[4081],[4081],[4059],[4059],[4155],[4308],[4308],[4306],[4551],[4932],[4932],[5376],[5376],[5755],[6494],[6494],[6509],[6509],[6507],[6515],[6515],[6517],[6517],[6521],[6521],[6524],[6526],[6527],[6160],[5792],[5420],[5420],[4682],[4682],[4679],[4679],[4679],[4679],[4679],[4528],[4528],[4375],[4375],[4070],[4066],[4065],[4068],[4066],[4072],[4072],[3702],[3702],[3332],[3332],[2962],[2962],[2223],[2223],[2223],[2223],[2099],[1976],[1976],[1976],[1852],[1852],[1605],[1605],[1605],[1534],[1534],[1425],[1302],[1302],[1302],[1179]]],[["currentBuffer",[0],[0],[0],[0],[0],[0],[0],[1.333],[0.617],[0.091],[0.091],[0],[0],[0.046],[0.046],[0],[0.461],[0.038],[0.038],[0],[0.31],[0.034],[0.034],[2.036],[2.036],[2.036],[4.038],[4.038],[3.694],[4.596],[3.496],[2.396],[1.297],[0.196],[2.033],[2.033],[2.033],[3.772],[2.83],[1.732],[2.633],[2.008],[4.01],[4.01],[4.01],[6.012],[4.961],[5.863],[6.764],[5.664],[6.538],[5.383],[4.366],[3.266],[2.166],[1.066],[0],[0.961],[0],[0.989],[0],[0.99],[1.976],[0.878],[1.778],[0.678],[1.606],[0.506],[1.389],[0.476],[1.478],[2.452],[3.305],[4.17],[3.191],[4.093],[2.993],[3.895],[2.795],[3.697],[4.543],[3.499],[4.329],[3.301],[4.106],[3.103],[3.921],[4.907],[5.809],[6.711],[7.613],[8.515],[7.415],[8.233],[7.217],[6.117],[5.017],[3.787],[2.817],[1.717],[2.535],[3.521],[2.421],[3.323],[4.102],[3.125],[2.025],[2.927],[1.827],[2.729],[1.629],[2.531],[1.431],[0.331],[1.302],[2.304],[1.235],[0.135],[1.061]]],[["currentLatency",[null],[0],[0],[0],[8.758],[9.759],[10.759],[11.759],[12.006],[12.517],[13.517],[14.374],[14.375],[14.47],[15.47],[15.839],[15.839],[16.459],[17.459],[17.611],[17.61],[18.454],[19.454],[20.453],[21.453],[22.453],[23.454],[24.454],[25.008],[24.91],[24.808],[24.708],[24.609],[24.508],[25.445],[26.445],[27.446],[28.135],[28.035],[27.936],[27.835],[28.417],[29.416],[30.416],[31.418],[32.326],[32.233],[32.134],[32.034],[31.934],[31.833],[31.734],[31.633],[31.533],[31.434],[31.333],[31.263],[31.263],[31.263],[31.264],[31.264],[31.264],[31.236],[31.135],[31.035],[30.936],[30.861],[30.761],[30.742],[30.742],[30.741],[30.736],[30.636],[30.537],[30.437],[30.337],[30.237],[30.136],[30.036],[29.937],[29.837],[29.738],[29.637],[29.537],[29.437],[29.337],[29.237],[29.137],[29.037],[28.936],[28.836],[28.736],[28.636],[28.536],[28.436],[28.336],[28.236],[28.136],[28.036],[27.936],[27.836],[27.736],[27.636],[27.536],[27.436],[27.336],[27.236],[27.136],[27.036],[26.936],[26.836],[26.736],[26.636],[26.536],[26.517],[26.517],[26.436],[26.342],[26.26]]]]", source: file:///home/seluser/ppt/player/dashjs/index.html (115)
[155:155:0108/153348.846906:INFO:CONSOLE(116)] "
", source: file:///home/seluser/ppt/player/dashjs/index.html (116)
[155:155:0108/153348.846936:INFO:CONSOLE(117)] "Finish Player stistics 
", source: file:///home/seluser/ppt/player/dashjs/index.html (117)
[155:155:0108/153348.847041:INFO:CONSOLE(128)] "currentLatencynow: 26.188", source: file:///home/seluser/ppt/player/dashjs/index.html (128)
[155:155:0108/153349.846724:INFO:CONSOLE(128)] "currentLatencynow: 26.188", source: file:///home/seluser/ppt/player/dashjs/index.html (128)
[155:155:0108/153350.846813:INFO:CONSOLE(128)] "currentLatencynow: 26.156", source: file:///home/seluser/ppt/player/dashjs/index.html (128)
[155:155:0108/153351.846734:INFO:CONSOLE(128)] "currentLatencynow: 26.056", source: file:///home/seluser/ppt/player/dashjs/index.html (128)
[155:155:0108/153352.846724:INFO:CONSOLE(128)] "currentLatencynow: 25.956", source: file:///home/seluser/ppt/player/dashjs/index.html (128)
[155:155:0108/153353.846733:INFO:CONSOLE(128)] "currentLatencynow: 25.856", source: file:///home/seluser/ppt/player/dashjs/index.html (128)
[155:155:0108/153354.846779:INFO:CONSOLE(128)] "currentLatencynow: 25.756", source: file:///home/seluser/ppt/player/dashjs/index.html (128)
[155:155:0108/153355.846730:INFO:CONSOLE(128)] "currentLatencynow: 25.656", source: file:///home/seluser/ppt/player/dashjs/index.html (128)
[155:155:0108/153356.846706:INFO:CONSOLE(128)] "currentLatencynow: 25.556", source: file:///home/seluser/ppt/player/dashjs/index.html (128)
[155:155:0108/153357.847112:INFO:CONSOLE(128)] "currentLatencynow: 25.456", source: file:///home/seluser/ppt/player/dashjs/index.html (128)
[155:155:0108/153358.846720:INFO:CONSOLE(128)] "currentLatencynow: 25.356", source: file:///home/seluser/ppt/player/dashjs/index.html (128)
[155:155:0108/153359.846802:INFO:CONSOLE(128)] "currentLatencynow: 25.256", source: file:///home/seluser/ppt/player/dashjs/index.html (128)
[155:155:0108/153400.846781:INFO:CONSOLE(128)] "currentLatencynow: 25.156", source: file:///home/seluser/ppt/player/dashjs/index.html (128)
[155:155:0108/153401.847132:INFO:CONSOLE(128)] "currentLatencynow: 25.056", source: file:///home/seluser/ppt/player/dashjs/index.html (128)
[155:155:0108/153402.846717:INFO:CONSOLE(128)] "currentLatencynow: 24.956", source: file:///home/seluser/ppt/player/dashjs/index.html (128)
[155:155:0108/153403.846771:INFO:CONSOLE(128)] "currentLatencynow: 24.856", source: file:///home/seluser/ppt/player/dashjs/index.html (128)
[155:155:0108/153404.846740:INFO:CONSOLE(128)] "currentLatencynow: 24.756", source: file:///home/seluser/ppt/player/dashjs/index.html (128)
[155:155:0108/153405.846724:INFO:CONSOLE(128)] "currentLatencynow: 24.656", source: file:///home/seluser/ppt/player/dashjs/index.html (128)
[155:155:0108/153406.846730:INFO:CONSOLE(128)] "currentLatencynow: 24.556", source: file:///home/seluser/ppt/player/dashjs/index.html (128)
[155:155:0108/153407.846725:INFO:CONSOLE(128)] "currentLatencynow: 24.456", source: file:///home/seluser/ppt/player/dashjs/index.html (128)
[155:155:0108/153408.846759:INFO:CONSOLE(128)] "currentLatencynow: 24.356", source: file:///home/seluser/ppt/player/dashjs/index.html (128)
[155:155:0108/153409.022178:WARNING:pref_notifier_impl.cc(40)] Pref observer for media_router.cast_allow_all_ips found at shutdown.
