[155:219:0122/114249.943299:ERROR:bus.cc(392)] Failed to connect to the bus: Failed to connect to socket /var/run/dbus/system_bus_socket: No such file or directory
[155:182:0122/114249.950724:ERROR:bus.cc(392)] Failed to connect to the bus: Address does not contain a colon
[155:182:0122/114249.950812:ERROR:bus.cc(392)] Failed to connect to the bus: Address does not contain a colon
[225:225:0122/114249.997719:ERROR:gpu_init.cc(453)] Passthrough is not supported, GL is swiftshader, ANGLE is 
[155:182:0122/114250.091096:ERROR:bus.cc(392)] Failed to connect to the bus: Address does not contain a colon
[155:182:0122/114250.091396:ERROR:bus.cc(392)] Failed to connect to the bus: Address does not contain a colon
[155:182:0122/114250.287039:ERROR:bus.cc(392)] Failed to connect to the bus: Address does not contain a colon
[155:182:0122/114250.287101:ERROR:bus.cc(392)] Failed to connect to the bus: Address does not contain a colon
[155:318:0122/114250.543471:ERROR:bus.cc(392)] Failed to connect to the bus: Failed to connect to socket /var/run/dbus/system_bus_socket: No such file or directory
[155:318:0122/114250.543532:ERROR:bus.cc(392)] Failed to connect to the bus: Failed to connect to socket /var/run/dbus/system_bus_socket: No such file or directory
[155:318:0122/114250.543578:ERROR:bus.cc(392)] Failed to connect to the bus: Failed to connect to socket /var/run/dbus/system_bus_socket: No such file or directory
[155:318:0122/114250.543591:WARNING:property.cc(144)] DaemonVersion: GetAndBlock: failed.
[155:318:0122/114250.543614:ERROR:bus.cc(392)] Failed to connect to the bus: Failed to connect to socket /var/run/dbus/system_bus_socket: No such file or directory
[155:318:0122/114250.543638:ERROR:bus.cc(392)] Failed to connect to the bus: Failed to connect to socket /var/run/dbus/system_bus_socket: No such file or directory
[155:155:0122/114252.942462:INFO:CONSOLE(128)] "currentLatencynow: NaN", source: file:///home/seluser/ppt/player/dashjs/index.html (128)
[155:155:0122/114253.950584:INFO:CONSOLE(128)] "currentLatencynow: NaN", source: file:///home/seluser/ppt/player/dashjs/index.html (128)
[155:155:0122/114254.974969:INFO:CONSOLE(128)] "currentLatencynow: 0", source: file:///home/seluser/ppt/player/dashjs/index.html (128)
[155:176:0122/114255.001475:ERROR:chrome_browser_main_extra_parts_metrics.cc(228)] crbug.com/1216328: Checking Bluetooth availability started. Please report if there is no report that this ends.
[155:176:0122/114255.001520:ERROR:chrome_browser_main_extra_parts_metrics.cc(231)] crbug.com/1216328: Checking Bluetooth availability ended.
[155:176:0122/114255.001527:ERROR:chrome_browser_main_extra_parts_metrics.cc(234)] crbug.com/1216328: Checking default browser status started. Please report if there is no report that this ends.
[155:176:0122/114255.643047:ERROR:chrome_browser_main_extra_parts_metrics.cc(238)] crbug.com/1216328: Checking default browser status ended.
[155:155:0122/114255.955542:INFO:CONSOLE(128)] "currentLatencynow: 0", source: file:///home/seluser/ppt/player/dashjs/index.html (128)
[155:155:0122/114256.955682:INFO:CONSOLE(128)] "currentLatencynow: 0", source: file:///home/seluser/ppt/player/dashjs/index.html (128)
[155:155:0122/114257.957176:INFO:CONSOLE(128)] "currentLatencynow: 7.614", source: file:///home/seluser/ppt/player/dashjs/index.html (128)
[560:560:0122/114258.061176:WARNING:audio_manager_linux.cc(69)] Falling back to ALSA for audio output. PulseAudio is not available or could not be initialized.
[560:560:0122/114258.074564:ERROR:alsa_util.cc(204)] PcmOpen: default,No such file or directory
[560:560:0122/114258.075401:ERROR:alsa_util.cc(204)] PcmOpen: plug:default,No such file or directory
[155:155:0122/114258.955627:INFO:CONSOLE(128)] "currentLatencynow: 8.614", source: file:///home/seluser/ppt/player/dashjs/index.html (128)
[155:155:0122/114259.955575:INFO:CONSOLE(128)] "currentLatencynow: 9.614", source: file:///home/seluser/ppt/player/dashjs/index.html (128)
[155:182:0122/114300.474464:ERROR:bus.cc(392)] Failed to connect to the bus: Address does not contain a colon
[155:182:0122/114300.475000:ERROR:bus.cc(392)] Failed to connect to the bus: Address does not contain a colon
[155:182:0122/114300.475034:ERROR:bus.cc(392)] Failed to connect to the bus: Address does not contain a colon
[155:182:0122/114300.488158:ERROR:bus.cc(392)] Failed to connect to the bus: Address does not contain a colon
[155:182:0122/114300.488225:ERROR:bus.cc(392)] Failed to connect to the bus: Address does not contain a colon
[155:182:0122/114300.488245:ERROR:bus.cc(392)] Failed to connect to the bus: Address does not contain a colon
[155:182:0122/114300.488263:ERROR:bus.cc(392)] Failed to connect to the bus: Address does not contain a colon
[155:182:0122/114300.488284:ERROR:bus.cc(392)] Failed to connect to the bus: Address does not contain a colon
[155:182:0122/114300.488310:ERROR:bus.cc(392)] Failed to connect to the bus: Address does not contain a colon
[155:182:0122/114300.488339:ERROR:bus.cc(392)] Failed to connect to the bus: Address does not contain a colon
[155:182:0122/114300.488366:ERROR:bus.cc(392)] Failed to connect to the bus: Address does not contain a colon
[155:182:0122/114300.488388:ERROR:bus.cc(392)] Failed to connect to the bus: Address does not contain a colon
[155:182:0122/114300.488405:ERROR:bus.cc(392)] Failed to connect to the bus: Address does not contain a colon
[155:182:0122/114300.488421:ERROR:bus.cc(392)] Failed to connect to the bus: Address does not contain a colon
[155:182:0122/114300.645622:ERROR:bus.cc(392)] Failed to connect to the bus: Address does not contain a colon
[155:182:0122/114300.645687:ERROR:bus.cc(392)] Failed to connect to the bus: Address does not contain a colon
[155:182:0122/114300.645697:ERROR:bus.cc(392)] Failed to connect to the bus: Address does not contain a colon
[155:182:0122/114300.647344:ERROR:bus.cc(392)] Failed to connect to the bus: Address does not contain a colon
[155:182:0122/114300.647388:ERROR:bus.cc(392)] Failed to connect to the bus: Address does not contain a colon
[155:155:0122/114300.958052:INFO:CONSOLE(128)] "currentLatencynow: 10.16", source: file:///home/seluser/ppt/player/dashjs/index.html (128)
[155:155:0122/114301.960346:INFO:CONSOLE(128)] "currentLatencynow: 10.104", source: file:///home/seluser/ppt/player/dashjs/index.html (128)
[155:155:0122/114302.955768:INFO:CONSOLE(128)] "currentLatencynow: 10.104", source: file:///home/seluser/ppt/player/dashjs/index.html (128)
[155:155:0122/114303.956859:INFO:CONSOLE(128)] "currentLatencynow: 10.51", source: file:///home/seluser/ppt/player/dashjs/index.html (128)
[155:155:0122/114304.955649:INFO:CONSOLE(128)] "currentLatencynow: 11.51", source: file:///home/seluser/ppt/player/dashjs/index.html (128)
[155:155:0122/114305.955745:INFO:CONSOLE(128)] "currentLatencynow: 12.51", source: file:///home/seluser/ppt/player/dashjs/index.html (128)
[155:155:0122/114306.958267:INFO:CONSOLE(128)] "currentLatencynow: 13.512", source: file:///home/seluser/ppt/player/dashjs/index.html (128)
[155:155:0122/114307.955488:INFO:CONSOLE(128)] "currentLatencynow: 14.51", source: file:///home/seluser/ppt/player/dashjs/index.html (128)
[155:155:0122/114308.956285:INFO:CONSOLE(128)] "currentLatencynow: 15.51", source: file:///home/seluser/ppt/player/dashjs/index.html (128)
[155:155:0122/114309.955735:INFO:CONSOLE(128)] "currentLatencynow: 16.51", source: file:///home/seluser/ppt/player/dashjs/index.html (128)
[155:155:0122/114310.955583:INFO:CONSOLE(128)] "currentLatencynow: 17.51", source: file:///home/seluser/ppt/player/dashjs/index.html (128)
[155:155:0122/114311.958932:INFO:CONSOLE(128)] "currentLatencynow: 18.513", source: file:///home/seluser/ppt/player/dashjs/index.html (128)
[155:155:0122/114312.956874:INFO:CONSOLE(128)] "currentLatencynow: 19.51", source: file:///home/seluser/ppt/player/dashjs/index.html (128)
[155:155:0122/114313.955621:INFO:CONSOLE(128)] "currentLatencynow: 20.51", source: file:///home/seluser/ppt/player/dashjs/index.html (128)
[155:155:0122/114314.955603:INFO:CONSOLE(128)] "currentLatencynow: 21.51", source: file:///home/seluser/ppt/player/dashjs/index.html (128)
[155:182:0122/114315.180449:ERROR:bus.cc(392)] Failed to connect to the bus: Address does not contain a colon
[155:182:0122/114315.185834:ERROR:bus.cc(392)] Failed to connect to the bus: Address does not contain a colon
[155:155:0122/114315.955611:INFO:CONSOLE(128)] "currentLatencynow: 21.571", source: file:///home/seluser/ppt/player/dashjs/index.html (128)
[155:155:0122/114316.961250:INFO:CONSOLE(128)] "currentLatencynow: 21.488", source: file:///home/seluser/ppt/player/dashjs/index.html (128)
[155:155:0122/114317.955451:INFO:CONSOLE(128)] "currentLatencynow: 22.483", source: file:///home/seluser/ppt/player/dashjs/index.html (128)
[155:155:0122/114318.958812:INFO:CONSOLE(128)] "currentLatencynow: 23.486", source: file:///home/seluser/ppt/player/dashjs/index.html (128)
[155:155:0122/114319.955563:INFO:CONSOLE(128)] "currentLatencynow: 24.483", source: file:///home/seluser/ppt/player/dashjs/index.html (128)
[155:155:0122/114320.955496:INFO:CONSOLE(128)] "currentLatencynow: 25.483", source: file:///home/seluser/ppt/player/dashjs/index.html (128)
[155:182:0122/114321.837124:ERROR:bus.cc(392)] Failed to connect to the bus: Address does not contain a colon
[155:182:0122/114321.841671:ERROR:bus.cc(392)] Failed to connect to the bus: Address does not contain a colon
[155:155:0122/114321.973713:INFO:CONSOLE(128)] "currentLatencynow: 26.224", source: file:///home/seluser/ppt/player/dashjs/index.html (128)
[155:155:0122/114322.957510:INFO:CONSOLE(128)] "currentLatencynow: 26.146", source: file:///home/seluser/ppt/player/dashjs/index.html (128)
[155:155:0122/114323.955569:INFO:CONSOLE(128)] "currentLatencynow: 26.458", source: file:///home/seluser/ppt/player/dashjs/index.html (128)
[155:155:0122/114324.983918:INFO:CONSOLE(128)] "currentLatencynow: 27.481", source: file:///home/seluser/ppt/player/dashjs/index.html (128)
[155:155:0122/114325.990215:INFO:CONSOLE(128)] "currentLatencynow: 28.491", source: file:///home/seluser/ppt/player/dashjs/index.html (128)
[155:155:0122/114326.979196:INFO:CONSOLE(128)] "currentLatencynow: 29.481", source: file:///home/seluser/ppt/player/dashjs/index.html (128)
[155:155:0122/114327.983345:INFO:CONSOLE(128)] "currentLatencynow: 30.481", source: file:///home/seluser/ppt/player/dashjs/index.html (128)
[155:155:0122/114328.979218:INFO:CONSOLE(128)] "currentLatencynow: 31.162", source: file:///home/seluser/ppt/player/dashjs/index.html (128)
[155:155:0122/114329.979232:INFO:CONSOLE(128)] "currentLatencynow: 32.162", source: file:///home/seluser/ppt/player/dashjs/index.html (128)
[155:155:0122/114330.979314:INFO:CONSOLE(128)] "currentLatencynow: 33.162", source: file:///home/seluser/ppt/player/dashjs/index.html (128)
[155:155:0122/114331.979171:INFO:CONSOLE(128)] "currentLatencynow: 34.162", source: file:///home/seluser/ppt/player/dashjs/index.html (128)
[155:155:0122/114332.979304:INFO:CONSOLE(128)] "currentLatencynow: 35.162", source: file:///home/seluser/ppt/player/dashjs/index.html (128)
[155:155:0122/114333.979162:INFO:CONSOLE(128)] "currentLatencynow: 36.162", source: file:///home/seluser/ppt/player/dashjs/index.html (128)
[155:155:0122/114334.979161:INFO:CONSOLE(128)] "currentLatencynow: 37.162", source: file:///home/seluser/ppt/player/dashjs/index.html (128)
[155:155:0122/114335.979172:INFO:CONSOLE(128)] "currentLatencynow: 38.162", source: file:///home/seluser/ppt/player/dashjs/index.html (128)
[155:155:0122/114336.979191:INFO:CONSOLE(128)] "currentLatencynow: 39.162", source: file:///home/seluser/ppt/player/dashjs/index.html (128)
[155:155:0122/114337.979186:INFO:CONSOLE(128)] "currentLatencynow: 40.162", source: file:///home/seluser/ppt/player/dashjs/index.html (128)
[155:155:0122/114338.979265:INFO:CONSOLE(128)] "currentLatencynow: 41.162", source: file:///home/seluser/ppt/player/dashjs/index.html (128)
[155:155:0122/114339.979379:INFO:CONSOLE(128)] "currentLatencynow: 42.162", source: file:///home/seluser/ppt/player/dashjs/index.html (128)
[155:155:0122/114340.979210:INFO:CONSOLE(128)] "currentLatencynow: 43.162", source: file:///home/seluser/ppt/player/dashjs/index.html (128)
[155:155:0122/114341.979219:INFO:CONSOLE(128)] "currentLatencynow: 44.162", source: file:///home/seluser/ppt/player/dashjs/index.html (128)
[155:155:0122/114342.979364:INFO:CONSOLE(128)] "currentLatencynow: 45.162", source: file:///home/seluser/ppt/player/dashjs/index.html (128)
[155:155:0122/114344.042903:INFO:CONSOLE(128)] "currentLatencynow: 46.162", source: file:///home/seluser/ppt/player/dashjs/index.html (128)
[155:155:0122/114344.979299:INFO:CONSOLE(128)] "currentLatencynow: 47.162", source: file:///home/seluser/ppt/player/dashjs/index.html (128)
[155:155:0122/114356.698013:INFO:CONSOLE(128)] "currentLatencynow: 54.928", source: file:///home/seluser/ppt/player/dashjs/index.html (128)
[155:155:0122/114422.608288:INFO:CONSOLE(128)] "currentLatencynow: 83.501", source: file:///home/seluser/ppt/player/dashjs/index.html (128)
[155:155:0122/114440.851794:INFO:CONSOLE(128)] "currentLatencynow: 102.096", source: file:///home/seluser/ppt/player/dashjs/index.html (128)
[155:155:0122/114447.983428:INFO:CONSOLE(128)] "currentLatencynow: 107.923", source: file:///home/seluser/ppt/player/dashjs/index.html (128)
[155:155:0122/114502.305060:INFO:CONSOLE(128)] "currentLatencynow: 119.348", source: file:///home/seluser/ppt/player/dashjs/index.html (128)
[155:155:0122/114502.318240:INFO:CONSOLE(114)] "Begin Player stistics 
", source: file:///home/seluser/ppt/player/dashjs/index.html (114)
[155:155:0122/114502.318514:INFO:CONSOLE(115)] "["stall",[["6.19","9.03",2.839999999999999]],[["12.12","12.36",0.2400000000000002]],[["25.52","25.77",0.25]],[["32.15","32.40",0.25]],[["availibleBW",[null],[null],[null],[null],[null],[null],[null],[null],[3561],[3561],[3561],[3561],[3561],[3561],[3561],[3561],[3561],[3561],[3561],[3561],[3702],[3702],[3702],[3339],[3339],[3339],[3339],[3339],[3339],[2972],[2972],[2972],[2972],[2972],[2972],[2972],[2972],[2972],[2972],[2972],[2972],[2972],[2972],[2972],[2972],[2972],[2972],[2972],[2972],[2972],[2972],[2972],[2972],[2972],[2972],[2972],[2972],[2972]]],[["currentBuffer",[0],[0],[0],[0],[0],[0],[0],[0],[0.956],[0],[0],[0],[0],[0],[0],[0],[0],[0],[0],[0],[0.037],[0.037],[0.037],[1.271],[0.013],[0.013],[0.013],[0.013],[0.013],[1.753],[0.683],[0],[0],[0],[0],[0],[0],[0],[0],[0],[0],[0],[0],[0],[0],[0],[0],[0],[0],[0],[0],[0],[0],[0],[0],[0],[0],[0]]],[["currentLatency",[null],[null],[0],[0],[0],[7.614],[8.614],[9.614],[10.16],[10.104],[10.104],[10.51],[11.51],[12.51],[13.512],[14.51],[15.51],[16.51],[17.51],[18.513],[19.51],[20.51],[21.51],[21.571],[21.488],[22.483],[23.486],[24.483],[25.483],[26.224],[26.146],[26.458],[27.481],[28.491],[29.481],[30.481],[31.162],[32.162],[33.162],[34.162],[35.162],[36.162],[37.162],[38.162],[39.162],[40.162],[41.162],[42.162],[43.162],[44.162],[45.162],[46.162],[47.162],[54.928],[83.501],[102.096],[107.923],[119.348]]]]", source: file:///home/seluser/ppt/player/dashjs/index.html (115)
[155:155:0122/114504.458778:INFO:CONSOLE(116)] "
", source: file:///home/seluser/ppt/player/dashjs/index.html (116)
[155:155:0122/114504.772260:INFO:CONSOLE(117)] "Finish Player stistics 
", source: file:///home/seluser/ppt/player/dashjs/index.html (117)
[155:155:0122/114505.552238:INFO:CONSOLE(128)] "currentLatencynow: 127.268", source: file:///home/seluser/ppt/player/dashjs/index.html (128)
[155:155:0122/114506.388459:INFO:CONSOLE(128)] "currentLatencynow: 128.221", source: file:///home/seluser/ppt/player/dashjs/index.html (128)
[155:155:0122/114507.131859:INFO:CONSOLE(128)] "currentLatencynow: 129.164", source: file:///home/seluser/ppt/player/dashjs/index.html (128)
[155:155:0122/114507.979877:INFO:CONSOLE(128)] "currentLatencynow: 130.163", source: file:///home/seluser/ppt/player/dashjs/index.html (128)
[155:155:0122/114508.979244:INFO:CONSOLE(128)] "currentLatencynow: 131.162", source: file:///home/seluser/ppt/player/dashjs/index.html (128)
[155:155:0122/114509.979209:INFO:CONSOLE(128)] "currentLatencynow: 132.162", source: file:///home/seluser/ppt/player/dashjs/index.html (128)
[155:155:0122/114510.979319:INFO:CONSOLE(128)] "currentLatencynow: 133.162", source: file:///home/seluser/ppt/player/dashjs/index.html (128)
[155:155:0122/114511.979382:INFO:CONSOLE(128)] "currentLatencynow: 134.162", source: file:///home/seluser/ppt/player/dashjs/index.html (128)
[155:155:0122/114512.354210:WARNING:pref_notifier_impl.cc(40)] Pref observer for media_router.cast_allow_all_ips found at shutdown.
