[155:217:0122/114301.806069:ERROR:bus.cc(392)] Failed to connect to the bus: Failed to connect to socket /var/run/dbus/system_bus_socket: No such file or directory
[155:180:0122/114301.899198:ERROR:bus.cc(392)] Failed to connect to the bus: Address does not contain a colon
[155:180:0122/114301.899240:ERROR:bus.cc(392)] Failed to connect to the bus: Address does not contain a colon
[226:226:0122/114302.167169:ERROR:gpu_init.cc(453)] Passthrough is not supported, GL is swiftshader, ANGLE is 
[155:180:0122/114302.193098:ERROR:bus.cc(392)] Failed to connect to the bus: Address does not contain a colon
[155:180:0122/114302.193131:ERROR:bus.cc(392)] Failed to connect to the bus: Address does not contain a colon
[155:180:0122/114302.533202:ERROR:bus.cc(392)] Failed to connect to the bus: Address does not contain a colon
[155:180:0122/114302.533627:ERROR:bus.cc(392)] Failed to connect to the bus: Address does not contain a colon
[155:312:0122/114304.095879:ERROR:bus.cc(392)] Failed to connect to the bus: Failed to connect to socket /var/run/dbus/system_bus_socket: No such file or directory
[155:312:0122/114304.100711:ERROR:bus.cc(392)] Failed to connect to the bus: Failed to connect to socket /var/run/dbus/system_bus_socket: No such file or directory
[155:312:0122/114304.111739:ERROR:bus.cc(392)] Failed to connect to the bus: Failed to connect to socket /var/run/dbus/system_bus_socket: No such file or directory
[155:312:0122/114304.111788:WARNING:property.cc(144)] DaemonVersion: GetAndBlock: failed.
[155:312:0122/114304.112659:ERROR:bus.cc(392)] Failed to connect to the bus: Failed to connect to socket /var/run/dbus/system_bus_socket: No such file or directory
[155:312:0122/114304.112719:ERROR:bus.cc(392)] Failed to connect to the bus: Failed to connect to socket /var/run/dbus/system_bus_socket: No such file or directory
[155:155:0122/114308.472944:INFO:CONSOLE(128)] "currentLatencynow: NaN", source: file:///home/seluser/ppt/player/dashjs/index.html (128)
[155:155:0122/114309.469210:INFO:CONSOLE(128)] "currentLatencynow: NaN", source: file:///home/seluser/ppt/player/dashjs/index.html (128)
[155:253:0122/114310.169866:ERROR:chrome_browser_main_extra_parts_metrics.cc(228)] crbug.com/1216328: Checking Bluetooth availability started. Please report if there is no report that this ends.
[155:253:0122/114310.171109:ERROR:chrome_browser_main_extra_parts_metrics.cc(231)] crbug.com/1216328: Checking Bluetooth availability ended.
[155:253:0122/114310.171691:ERROR:chrome_browser_main_extra_parts_metrics.cc(234)] crbug.com/1216328: Checking default browser status started. Please report if there is no report that this ends.
[155:155:0122/114310.474739:INFO:CONSOLE(128)] "currentLatencynow: NaN", source: file:///home/seluser/ppt/player/dashjs/index.html (128)
[155:253:0122/114311.088158:ERROR:chrome_browser_main_extra_parts_metrics.cc(238)] crbug.com/1216328: Checking default browser status ended.
[155:155:0122/114311.469083:INFO:CONSOLE(128)] "currentLatencynow: NaN", source: file:///home/seluser/ppt/player/dashjs/index.html (128)
[155:155:0122/114312.469345:INFO:CONSOLE(128)] "currentLatencynow: 0", source: file:///home/seluser/ppt/player/dashjs/index.html (128)
[155:155:0122/114313.469125:INFO:CONSOLE(128)] "currentLatencynow: 0", source: file:///home/seluser/ppt/player/dashjs/index.html (128)
[155:155:0122/114314.469609:INFO:CONSOLE(128)] "currentLatencynow: 0", source: file:///home/seluser/ppt/player/dashjs/index.html (128)
[155:155:0122/114315.469421:INFO:CONSOLE(128)] "currentLatencynow: 9.214", source: file:///home/seluser/ppt/player/dashjs/index.html (128)
[556:556:0122/114316.271299:WARNING:audio_manager_linux.cc(69)] Falling back to ALSA for audio output. PulseAudio is not available or could not be initialized.
[556:556:0122/114316.415183:ERROR:alsa_util.cc(204)] PcmOpen: default,No such file or directory
[556:556:0122/114316.416263:ERROR:alsa_util.cc(204)] PcmOpen: plug:default,No such file or directory
[155:155:0122/114316.469089:INFO:CONSOLE(128)] "currentLatencynow: 10.214", source: file:///home/seluser/ppt/player/dashjs/index.html (128)
[155:155:0122/114317.469109:INFO:CONSOLE(128)] "currentLatencynow: 11.214", source: file:///home/seluser/ppt/player/dashjs/index.html (128)
[155:155:0122/114318.469357:INFO:CONSOLE(128)] "currentLatencynow: 12.214", source: file:///home/seluser/ppt/player/dashjs/index.html (128)
[155:155:0122/114319.469134:INFO:CONSOLE(128)] "currentLatencynow: 13.214", source: file:///home/seluser/ppt/player/dashjs/index.html (128)
[155:155:0122/114320.469308:INFO:CONSOLE(128)] "currentLatencynow: 14.214", source: file:///home/seluser/ppt/player/dashjs/index.html (128)
[155:155:0122/114321.472570:INFO:CONSOLE(128)] "currentLatencynow: 15.219", source: file:///home/seluser/ppt/player/dashjs/index.html (128)
[155:155:0122/114322.469361:INFO:CONSOLE(128)] "currentLatencynow: 16.215", source: file:///home/seluser/ppt/player/dashjs/index.html (128)
[155:180:0122/114322.647673:ERROR:bus.cc(392)] Failed to connect to the bus: Address does not contain a colon
[155:180:0122/114322.647960:ERROR:bus.cc(392)] Failed to connect to the bus: Address does not contain a colon
[155:180:0122/114322.647986:ERROR:bus.cc(392)] Failed to connect to the bus: Address does not contain a colon
[155:180:0122/114322.648276:ERROR:bus.cc(392)] Failed to connect to the bus: Address does not contain a colon
[155:180:0122/114322.648309:ERROR:bus.cc(392)] Failed to connect to the bus: Address does not contain a colon
[155:180:0122/114322.648317:ERROR:bus.cc(392)] Failed to connect to the bus: Address does not contain a colon
[155:180:0122/114322.648339:ERROR:bus.cc(392)] Failed to connect to the bus: Address does not contain a colon
[155:180:0122/114322.648344:ERROR:bus.cc(392)] Failed to connect to the bus: Address does not contain a colon
[155:180:0122/114322.648353:ERROR:bus.cc(392)] Failed to connect to the bus: Address does not contain a colon
[155:180:0122/114322.648374:ERROR:bus.cc(392)] Failed to connect to the bus: Address does not contain a colon
[155:180:0122/114322.648381:ERROR:bus.cc(392)] Failed to connect to the bus: Address does not contain a colon
[155:180:0122/114322.648386:ERROR:bus.cc(392)] Failed to connect to the bus: Address does not contain a colon
[155:180:0122/114322.648403:ERROR:bus.cc(392)] Failed to connect to the bus: Address does not contain a colon
[155:180:0122/114322.648408:ERROR:bus.cc(392)] Failed to connect to the bus: Address does not contain a colon
[155:180:0122/114322.648416:ERROR:bus.cc(392)] Failed to connect to the bus: Address does not contain a colon
[155:180:0122/114322.648423:ERROR:bus.cc(392)] Failed to connect to the bus: Address does not contain a colon
[155:180:0122/114322.648451:ERROR:bus.cc(392)] Failed to connect to the bus: Address does not contain a colon
[155:180:0122/114322.670190:ERROR:bus.cc(392)] Failed to connect to the bus: Address does not contain a colon
[155:180:0122/114322.670244:ERROR:bus.cc(392)] Failed to connect to the bus: Address does not contain a colon
[155:155:0122/114323.475289:INFO:CONSOLE(128)] "currentLatencynow: 16.32", source: file:///home/seluser/ppt/player/dashjs/index.html (128)
[155:155:0122/114324.469145:INFO:CONSOLE(128)] "currentLatencynow: 16.973", source: file:///home/seluser/ppt/player/dashjs/index.html (128)
[155:155:0122/114325.508442:INFO:CONSOLE(128)] "currentLatencynow: 18.013", source: file:///home/seluser/ppt/player/dashjs/index.html (128)
[155:155:0122/114326.492986:INFO:CONSOLE(128)] "currentLatencynow: 18.997", source: file:///home/seluser/ppt/player/dashjs/index.html (128)
[155:155:0122/114327.492736:INFO:CONSOLE(128)] "currentLatencynow: 19.997", source: file:///home/seluser/ppt/player/dashjs/index.html (128)
[155:155:0122/114328.496540:INFO:CONSOLE(128)] "currentLatencynow: 21.001", source: file:///home/seluser/ppt/player/dashjs/index.html (128)
[155:155:0122/114329.492727:INFO:CONSOLE(128)] "currentLatencynow: 21.997", source: file:///home/seluser/ppt/player/dashjs/index.html (128)
[155:155:0122/114330.493754:INFO:CONSOLE(128)] "currentLatencynow: 22.998", source: file:///home/seluser/ppt/player/dashjs/index.html (128)
[155:155:0122/114331.492784:INFO:CONSOLE(128)] "currentLatencynow: 23.997", source: file:///home/seluser/ppt/player/dashjs/index.html (128)
[155:155:0122/114332.492683:INFO:CONSOLE(128)] "currentLatencynow: 24.997", source: file:///home/seluser/ppt/player/dashjs/index.html (128)
[155:155:0122/114333.492732:INFO:CONSOLE(128)] "currentLatencynow: 25.997", source: file:///home/seluser/ppt/player/dashjs/index.html (128)
[155:155:0122/114334.492769:INFO:CONSOLE(128)] "currentLatencynow: 26.904", source: file:///home/seluser/ppt/player/dashjs/index.html (128)
[155:180:0122/114334.501667:ERROR:bus.cc(392)] Failed to connect to the bus: Address does not contain a colon
[155:180:0122/114334.501723:ERROR:bus.cc(392)] Failed to connect to the bus: Address does not contain a colon
[155:155:0122/114335.492774:INFO:CONSOLE(128)] "currentLatencynow: 26.899", source: file:///home/seluser/ppt/player/dashjs/index.html (128)
[155:155:0122/114336.492718:INFO:CONSOLE(128)] "currentLatencynow: 26.951", source: file:///home/seluser/ppt/player/dashjs/index.html (128)
[155:155:0122/114337.492671:INFO:CONSOLE(128)] "currentLatencynow: 27.951", source: file:///home/seluser/ppt/player/dashjs/index.html (128)
[155:155:0122/114338.492815:INFO:CONSOLE(128)] "currentLatencynow: 28.951", source: file:///home/seluser/ppt/player/dashjs/index.html (128)
[155:155:0122/114339.495124:INFO:CONSOLE(128)] "currentLatencynow: 29.951", source: file:///home/seluser/ppt/player/dashjs/index.html (128)
[155:155:0122/114340.521687:INFO:CONSOLE(128)] "currentLatencynow: 30.711", source: file:///home/seluser/ppt/player/dashjs/index.html (128)
[155:155:0122/114341.492727:INFO:CONSOLE(128)] "currentLatencynow: 31.682", source: file:///home/seluser/ppt/player/dashjs/index.html (128)
[155:155:0122/114342.492840:INFO:CONSOLE(128)] "currentLatencynow: 32.682", source: file:///home/seluser/ppt/player/dashjs/index.html (128)
[155:155:0122/114343.500709:INFO:CONSOLE(128)] "currentLatencynow: 33.682", source: file:///home/seluser/ppt/player/dashjs/index.html (128)
[155:155:0122/114344.510750:INFO:CONSOLE(128)] "currentLatencynow: 34.691", source: file:///home/seluser/ppt/player/dashjs/index.html (128)
[155:155:0122/114424.150694:INFO:CONSOLE(128)] "currentLatencynow: 71.807", source: file:///home/seluser/ppt/player/dashjs/index.html (128)
[155:155:0122/114448.704783:INFO:CONSOLE(128)] "currentLatencynow: 96.271", source: file:///home/seluser/ppt/player/dashjs/index.html (128)
[155:155:0122/114502.124704:INFO:CONSOLE(128)] "currentLatencynow: 110.466", source: file:///home/seluser/ppt/player/dashjs/index.html (128)
[155:155:0122/114504.738309:INFO:CONSOLE(128)] "currentLatencynow: 114.369", source: file:///home/seluser/ppt/player/dashjs/index.html (128)
[155:155:0122/114507.580977:INFO:CONSOLE(128)] "currentLatencynow: 115.128", source: file:///home/seluser/ppt/player/dashjs/index.html (128)
[155:155:0122/114507.712150:INFO:CONSOLE(128)] "currentLatencynow: 116.476", source: file:///home/seluser/ppt/player/dashjs/index.html (128)
[155:155:0122/114507.712363:INFO:CONSOLE(128)] "currentLatencynow: 116.879", source: file:///home/seluser/ppt/player/dashjs/index.html (128)
[155:155:0122/114507.725218:INFO:CONSOLE(128)] "currentLatencynow: 117.834", source: file:///home/seluser/ppt/player/dashjs/index.html (128)
[155:155:0122/114507.815284:INFO:CONSOLE(114)] "Begin Player stistics 
", source: file:///home/seluser/ppt/player/dashjs/index.html (114)
[155:155:0122/114507.820567:INFO:CONSOLE(115)] "["stall",[["8.13","15.98",7.85]],[["17.18","17.42",0.240000000000002]],[["29.80","30.05",0.25]],[["availibleBW",[null],[null],[null],[null],[null],[null],[null],[null],[null],[null],[null],[null],[null],[null],[null],[1407],[1407],[1407],[1407],[1407],[1407],[1407],[1407],[1407],[1407],[1407],[1407],[1407],[1407],[1407],[1407],[1407],[1407],[1407],[1407],[1407],[1407],[1407],[1407],[1407],[1407],[1407],[1407],[1407],[1407]]],[["currentBuffer",[0],[0],[0],[0],[0],[0],[0],[0],[0],[0],[0],[0],[0],[0],[0],[0.582],[0.09],[0.09],[0.09],[0.09],[0.09],[0.09],[0.09],[0.09],[0.09],[0.09],[0.09],[0],[0],[0],[0],[0],[0],[0],[0],[0],[0],[0],[0],[0],[0],[0],[0],[0],[0]]],[["currentLatency",[null],[null],[null],[null],[0],[0],[0],[9.214],[10.214],[11.214],[12.214],[13.214],[14.214],[15.219],[16.215],[16.32],[16.973],[18.013],[18.997],[19.997],[21.001],[21.997],[22.998],[23.997],[24.997],[25.997],[26.904],[26.899],[26.951],[27.951],[28.951],[29.951],[30.711],[31.682],[32.682],[33.682],[34.691],[71.807],[96.271],[110.466],[114.369],[115.128],[116.476],[116.879],[117.834]]]]", source: file:///home/seluser/ppt/player/dashjs/index.html (115)
[155:155:0122/114507.820895:INFO:CONSOLE(116)] "
", source: file:///home/seluser/ppt/player/dashjs/index.html (116)
[155:155:0122/114507.821117:INFO:CONSOLE(117)] "Finish Player stistics 
", source: file:///home/seluser/ppt/player/dashjs/index.html (117)
[155:155:0122/114508.492828:INFO:CONSOLE(128)] "currentLatencynow: 118.682", source: file:///home/seluser/ppt/player/dashjs/index.html (128)
[155:155:0122/114509.492694:INFO:CONSOLE(128)] "currentLatencynow: 119.682", source: file:///home/seluser/ppt/player/dashjs/index.html (128)
[155:155:0122/114510.492794:INFO:CONSOLE(128)] "currentLatencynow: 120.682", source: file:///home/seluser/ppt/player/dashjs/index.html (128)
[155:155:0122/114511.492875:INFO:CONSOLE(128)] "currentLatencynow: 121.682", source: file:///home/seluser/ppt/player/dashjs/index.html (128)
[155:155:0122/114512.494718:INFO:CONSOLE(128)] "currentLatencynow: 122.684", source: file:///home/seluser/ppt/player/dashjs/index.html (128)
[155:155:0122/114513.493755:INFO:CONSOLE(128)] "currentLatencynow: 123.682", source: file:///home/seluser/ppt/player/dashjs/index.html (128)
[155:155:0122/114514.492832:INFO:CONSOLE(128)] "currentLatencynow: 124.682", source: file:///home/seluser/ppt/player/dashjs/index.html (128)
[155:155:0122/114515.492710:INFO:CONSOLE(128)] "currentLatencynow: 125.682", source: file:///home/seluser/ppt/player/dashjs/index.html (128)
[155:155:0122/114516.492798:INFO:CONSOLE(128)] "currentLatencynow: 126.682", source: file:///home/seluser/ppt/player/dashjs/index.html (128)
[155:155:0122/114517.492747:INFO:CONSOLE(128)] "currentLatencynow: 127.682", source: file:///home/seluser/ppt/player/dashjs/index.html (128)
[155:155:0122/114518.492827:INFO:CONSOLE(128)] "currentLatencynow: 128.682", source: file:///home/seluser/ppt/player/dashjs/index.html (128)
[155:155:0122/114519.492349:INFO:CONSOLE(128)] "currentLatencynow: 129.682", source: file:///home/seluser/ppt/player/dashjs/index.html (128)
[155:155:0122/114520.492397:INFO:CONSOLE(128)] "currentLatencynow: 130.682", source: file:///home/seluser/ppt/player/dashjs/index.html (128)
[155:155:0122/114521.492405:INFO:CONSOLE(128)] "currentLatencynow: 131.682", source: file:///home/seluser/ppt/player/dashjs/index.html (128)
[155:155:0122/114522.492250:INFO:CONSOLE(128)] "currentLatencynow: 132.682", source: file:///home/seluser/ppt/player/dashjs/index.html (128)
[155:155:0122/114523.492528:INFO:CONSOLE(128)] "currentLatencynow: 133.682", source: file:///home/seluser/ppt/player/dashjs/index.html (128)
[155:155:0122/114524.492300:INFO:CONSOLE(128)] "currentLatencynow: 134.682", source: file:///home/seluser/ppt/player/dashjs/index.html (128)
[155:155:0122/114525.492289:INFO:CONSOLE(128)] "currentLatencynow: 135.682", source: file:///home/seluser/ppt/player/dashjs/index.html (128)
[155:155:0122/114526.492347:INFO:CONSOLE(128)] "currentLatencynow: 136.682", source: file:///home/seluser/ppt/player/dashjs/index.html (128)
[155:155:0122/114527.492332:INFO:CONSOLE(128)] "currentLatencynow: 137.682", source: file:///home/seluser/ppt/player/dashjs/index.html (128)
[155:155:0122/114527.813494:WARNING:pref_notifier_impl.cc(40)] Pref observer for media_router.cast_allow_all_ips found at shutdown.
