[111:159:0202/140602.580873:ERROR:bus.cc(392)] Failed to connect to the bus: Failed to connect to socket /var/run/dbus/system_bus_socket: No such file or directory
[111:138:0202/140602.582762:ERROR:bus.cc(392)] Failed to connect to the bus: Address does not contain a colon
[111:138:0202/140602.582807:ERROR:bus.cc(392)] Failed to connect to the bus: Address does not contain a colon
[111:138:0202/140602.591829:ERROR:bus.cc(392)] Failed to connect to the bus: Address does not contain a colon
[111:138:0202/140602.591861:ERROR:bus.cc(392)] Failed to connect to the bus: Address does not contain a colon
[165:165:0202/140602.593398:ERROR:gpu_init.cc(453)] Passthrough is not supported, GL is swiftshader, ANGLE is 
[111:138:0202/140602.633366:ERROR:bus.cc(392)] Failed to connect to the bus: Address does not contain a colon
[111:138:0202/140602.633400:ERROR:bus.cc(392)] Failed to connect to the bus: Address does not contain a colon
[111:253:0202/140602.709824:ERROR:bus.cc(392)] Failed to connect to the bus: Failed to connect to socket /var/run/dbus/system_bus_socket: No such file or directory
[111:253:0202/140602.709871:ERROR:bus.cc(392)] Failed to connect to the bus: Failed to connect to socket /var/run/dbus/system_bus_socket: No such file or directory
[111:253:0202/140602.709911:ERROR:bus.cc(392)] Failed to connect to the bus: Failed to connect to socket /var/run/dbus/system_bus_socket: No such file or directory
[111:253:0202/140602.709923:WARNING:property.cc(144)] DaemonVersion: GetAndBlock: failed.
[111:253:0202/140602.709946:ERROR:bus.cc(392)] Failed to connect to the bus: Failed to connect to socket /var/run/dbus/system_bus_socket: No such file or directory
[111:253:0202/140602.709971:ERROR:bus.cc(392)] Failed to connect to the bus: Failed to connect to socket /var/run/dbus/system_bus_socket: No such file or directory
[296:296:0202/140603.840993:WARNING:audio_manager_linux.cc(69)] Falling back to ALSA for audio output. PulseAudio is not available or could not be initialized.
[296:296:0202/140603.845297:ERROR:alsa_util.cc(204)] PcmOpen: default,No such file or directory
[296:296:0202/140603.845394:ERROR:alsa_util.cc(204)] PcmOpen: plug:default,No such file or directory
[111:111:0202/140604.184181:INFO:CONSOLE(128)] "currentLatencynow: 4.616", source: file:///home/seluser/ppt/player/dashjs/index.html (128)
[111:138:0202/140604.442741:ERROR:bus.cc(392)] Failed to connect to the bus: Address does not contain a colon
[111:138:0202/140604.442905:ERROR:bus.cc(392)] Failed to connect to the bus: Address does not contain a colon
[111:138:0202/140604.442922:ERROR:bus.cc(392)] Failed to connect to the bus: Address does not contain a colon
[111:138:0202/140604.442930:ERROR:bus.cc(392)] Failed to connect to the bus: Address does not contain a colon
[111:138:0202/140604.442938:ERROR:bus.cc(392)] Failed to connect to the bus: Address does not contain a colon
[111:138:0202/140604.442945:ERROR:bus.cc(392)] Failed to connect to the bus: Address does not contain a colon
[111:138:0202/140604.442955:ERROR:bus.cc(392)] Failed to connect to the bus: Address does not contain a colon
[111:138:0202/140604.442963:ERROR:bus.cc(392)] Failed to connect to the bus: Address does not contain a colon
[111:138:0202/140604.442971:ERROR:bus.cc(392)] Failed to connect to the bus: Address does not contain a colon
[111:138:0202/140604.442982:ERROR:bus.cc(392)] Failed to connect to the bus: Address does not contain a colon
[111:138:0202/140604.442990:ERROR:bus.cc(392)] Failed to connect to the bus: Address does not contain a colon
[111:138:0202/140604.443000:ERROR:bus.cc(392)] Failed to connect to the bus: Address does not contain a colon
[111:138:0202/140604.443008:ERROR:bus.cc(392)] Failed to connect to the bus: Address does not contain a colon
[111:138:0202/140604.443017:ERROR:bus.cc(392)] Failed to connect to the bus: Address does not contain a colon
[111:111:0202/140605.184333:INFO:CONSOLE(128)] "currentLatencynow: 5.04", source: file:///home/seluser/ppt/player/dashjs/index.html (128)
[111:138:0202/140605.287574:ERROR:bus.cc(392)] Failed to connect to the bus: Address does not contain a colon
[111:138:0202/140605.287687:ERROR:bus.cc(392)] Failed to connect to the bus: Address does not contain a colon
[111:138:0202/140605.287709:ERROR:bus.cc(392)] Failed to connect to the bus: Address does not contain a colon
[111:138:0202/140605.287724:ERROR:bus.cc(392)] Failed to connect to the bus: Address does not contain a colon
[111:138:0202/140605.287733:ERROR:bus.cc(392)] Failed to connect to the bus: Address does not contain a colon
[111:186:0202/140605.327408:ERROR:chrome_browser_main_extra_parts_metrics.cc(228)] crbug.com/1216328: Checking Bluetooth availability started. Please report if there is no report that this ends.
[111:186:0202/140605.327455:ERROR:chrome_browser_main_extra_parts_metrics.cc(231)] crbug.com/1216328: Checking Bluetooth availability ended.
[111:186:0202/140605.327464:ERROR:chrome_browser_main_extra_parts_metrics.cc(234)] crbug.com/1216328: Checking default browser status started. Please report if there is no report that this ends.
[111:186:0202/140605.464177:ERROR:chrome_browser_main_extra_parts_metrics.cc(238)] crbug.com/1216328: Checking default browser status ended.
[111:111:0202/140606.183892:INFO:CONSOLE(128)] "currentLatencynow: 5.04", source: file:///home/seluser/ppt/player/dashjs/index.html (128)
[111:111:0202/140607.185421:INFO:CONSOLE(128)] "currentLatencynow: 5.04", source: file:///home/seluser/ppt/player/dashjs/index.html (128)
[111:111:0202/140608.183699:INFO:CONSOLE(128)] "currentLatencynow: 5.039", source: file:///home/seluser/ppt/player/dashjs/index.html (128)
[111:111:0202/140609.184242:INFO:CONSOLE(128)] "currentLatencynow: 4.956", source: file:///home/seluser/ppt/player/dashjs/index.html (128)
[111:111:0202/140610.184181:INFO:CONSOLE(128)] "currentLatencynow: 4.856", source: file:///home/seluser/ppt/player/dashjs/index.html (128)
[111:111:0202/140611.184351:INFO:CONSOLE(128)] "currentLatencynow: 4.757", source: file:///home/seluser/ppt/player/dashjs/index.html (128)
[111:111:0202/140612.184520:INFO:CONSOLE(128)] "currentLatencynow: 4.659", source: file:///home/seluser/ppt/player/dashjs/index.html (128)
[111:111:0202/140613.184024:INFO:CONSOLE(128)] "currentLatencynow: 4.559", source: file:///home/seluser/ppt/player/dashjs/index.html (128)
[111:111:0202/140614.184571:INFO:CONSOLE(128)] "currentLatencynow: 4.461", source: file:///home/seluser/ppt/player/dashjs/index.html (128)
[111:111:0202/140615.183726:INFO:CONSOLE(128)] "currentLatencynow: 4.373", source: file:///home/seluser/ppt/player/dashjs/index.html (128)
[111:111:0202/140616.183714:INFO:CONSOLE(128)] "currentLatencynow: 4.294", source: file:///home/seluser/ppt/player/dashjs/index.html (128)
[111:111:0202/140617.183723:INFO:CONSOLE(128)] "currentLatencynow: 4.226", source: file:///home/seluser/ppt/player/dashjs/index.html (128)
[111:111:0202/140618.183822:INFO:CONSOLE(128)] "currentLatencynow: 4.169", source: file:///home/seluser/ppt/player/dashjs/index.html (128)
[111:111:0202/140619.183829:INFO:CONSOLE(128)] "currentLatencynow: 4.125", source: file:///home/seluser/ppt/player/dashjs/index.html (128)
[111:111:0202/140620.183940:INFO:CONSOLE(128)] "currentLatencynow: 4.088", source: file:///home/seluser/ppt/player/dashjs/index.html (128)
[111:111:0202/140621.184250:INFO:CONSOLE(128)] "currentLatencynow: 4.057", source: file:///home/seluser/ppt/player/dashjs/index.html (128)
[111:111:0202/140622.184406:INFO:CONSOLE(128)] "currentLatencynow: 4.041", source: file:///home/seluser/ppt/player/dashjs/index.html (128)
[111:111:0202/140623.184224:INFO:CONSOLE(128)] "currentLatencynow: 4.026", source: file:///home/seluser/ppt/player/dashjs/index.html (128)
[111:111:0202/140624.184767:INFO:CONSOLE(128)] "currentLatencynow: 4.017", source: file:///home/seluser/ppt/player/dashjs/index.html (128)
[111:111:0202/140625.183786:INFO:CONSOLE(128)] "currentLatencynow: 4.018", source: file:///home/seluser/ppt/player/dashjs/index.html (128)
[111:111:0202/140626.183974:INFO:CONSOLE(128)] "currentLatencynow: 4.018", source: file:///home/seluser/ppt/player/dashjs/index.html (128)
[111:111:0202/140627.183816:INFO:CONSOLE(128)] "currentLatencynow: 4.017", source: file:///home/seluser/ppt/player/dashjs/index.html (128)
[111:111:0202/140628.183984:INFO:CONSOLE(128)] "currentLatencynow: 4.017", source: file:///home/seluser/ppt/player/dashjs/index.html (128)
[111:111:0202/140629.184507:INFO:CONSOLE(128)] "currentLatencynow: 4.018", source: file:///home/seluser/ppt/player/dashjs/index.html (128)
[111:111:0202/140630.184868:INFO:CONSOLE(128)] "currentLatencynow: 4.018", source: file:///home/seluser/ppt/player/dashjs/index.html (128)
[111:111:0202/140631.183762:INFO:CONSOLE(128)] "currentLatencynow: 4.017", source: file:///home/seluser/ppt/player/dashjs/index.html (128)
[111:111:0202/140632.184131:INFO:CONSOLE(128)] "currentLatencynow: 4.017", source: file:///home/seluser/ppt/player/dashjs/index.html (128)
[111:111:0202/140633.183909:INFO:CONSOLE(128)] "currentLatencynow: 4.017", source: file:///home/seluser/ppt/player/dashjs/index.html (128)
[111:111:0202/140634.184032:INFO:CONSOLE(128)] "currentLatencynow: 4.018", source: file:///home/seluser/ppt/player/dashjs/index.html (128)
[111:111:0202/140635.184031:INFO:CONSOLE(128)] "currentLatencynow: 4.017", source: file:///home/seluser/ppt/player/dashjs/index.html (128)
[111:111:0202/140636.184276:INFO:CONSOLE(128)] "currentLatencynow: 4.017", source: file:///home/seluser/ppt/player/dashjs/index.html (128)
[111:111:0202/140637.183750:INFO:CONSOLE(128)] "currentLatencynow: 4.017", source: file:///home/seluser/ppt/player/dashjs/index.html (128)
[111:111:0202/140638.184677:INFO:CONSOLE(128)] "currentLatencynow: 4.018", source: file:///home/seluser/ppt/player/dashjs/index.html (128)
[111:111:0202/140639.185060:INFO:CONSOLE(128)] "currentLatencynow: 4.017", source: file:///home/seluser/ppt/player/dashjs/index.html (128)
[111:111:0202/140640.184071:INFO:CONSOLE(128)] "currentLatencynow: 4.017", source: file:///home/seluser/ppt/player/dashjs/index.html (128)
[111:111:0202/140641.183670:INFO:CONSOLE(128)] "currentLatencynow: 4.018", source: file:///home/seluser/ppt/player/dashjs/index.html (128)
[111:111:0202/140642.184300:INFO:CONSOLE(128)] "currentLatencynow: 4.017", source: file:///home/seluser/ppt/player/dashjs/index.html (128)
[111:111:0202/140643.184435:INFO:CONSOLE(128)] "currentLatencynow: 4.018", source: file:///home/seluser/ppt/player/dashjs/index.html (128)
[111:111:0202/140644.184323:INFO:CONSOLE(128)] "currentLatencynow: 4.018", source: file:///home/seluser/ppt/player/dashjs/index.html (128)
[111:111:0202/140645.184318:INFO:CONSOLE(128)] "currentLatencynow: 4.018", source: file:///home/seluser/ppt/player/dashjs/index.html (128)
[111:111:0202/140646.184564:INFO:CONSOLE(128)] "currentLatencynow: 4.019", source: file:///home/seluser/ppt/player/dashjs/index.html (128)
[111:111:0202/140647.184309:INFO:CONSOLE(128)] "currentLatencynow: 4.019", source: file:///home/seluser/ppt/player/dashjs/index.html (128)
[111:111:0202/140648.183934:INFO:CONSOLE(128)] "currentLatencynow: 4.018", source: file:///home/seluser/ppt/player/dashjs/index.html (128)
[111:111:0202/140649.184077:INFO:CONSOLE(128)] "currentLatencynow: 4.017", source: file:///home/seluser/ppt/player/dashjs/index.html (128)
[111:111:0202/140650.183800:INFO:CONSOLE(128)] "currentLatencynow: 4.017", source: file:///home/seluser/ppt/player/dashjs/index.html (128)
[111:111:0202/140651.184201:INFO:CONSOLE(128)] "currentLatencynow: 4.017", source: file:///home/seluser/ppt/player/dashjs/index.html (128)
[111:111:0202/140652.185060:INFO:CONSOLE(128)] "currentLatencynow: 4.018", source: file:///home/seluser/ppt/player/dashjs/index.html (128)
[111:111:0202/140653.184501:INFO:CONSOLE(128)] "currentLatencynow: 4.018", source: file:///home/seluser/ppt/player/dashjs/index.html (128)
[111:111:0202/140654.183916:INFO:CONSOLE(128)] "currentLatencynow: 4.017", source: file:///home/seluser/ppt/player/dashjs/index.html (128)
[111:111:0202/140655.184275:INFO:CONSOLE(128)] "currentLatencynow: 4.018", source: file:///home/seluser/ppt/player/dashjs/index.html (128)
[111:111:0202/140656.185045:INFO:CONSOLE(128)] "currentLatencynow: 4.017", source: file:///home/seluser/ppt/player/dashjs/index.html (128)
[111:111:0202/140657.184510:INFO:CONSOLE(128)] "currentLatencynow: 4.018", source: file:///home/seluser/ppt/player/dashjs/index.html (128)
[111:111:0202/140658.184645:INFO:CONSOLE(128)] "currentLatencynow: 4.018", source: file:///home/seluser/ppt/player/dashjs/index.html (128)
[111:111:0202/140659.183634:INFO:CONSOLE(128)] "currentLatencynow: 4.017", source: file:///home/seluser/ppt/player/dashjs/index.html (128)
[111:111:0202/140700.183825:INFO:CONSOLE(128)] "currentLatencynow: 4.017", source: file:///home/seluser/ppt/player/dashjs/index.html (128)
[111:111:0202/140701.184521:INFO:CONSOLE(128)] "currentLatencynow: 4.018", source: file:///home/seluser/ppt/player/dashjs/index.html (128)
[111:111:0202/140702.183953:INFO:CONSOLE(128)] "currentLatencynow: 4.018", source: file:///home/seluser/ppt/player/dashjs/index.html (128)
[111:111:0202/140703.184032:INFO:CONSOLE(128)] "currentLatencynow: 4.018", source: file:///home/seluser/ppt/player/dashjs/index.html (128)
[111:111:0202/140704.184465:INFO:CONSOLE(128)] "currentLatencynow: 4.017", source: file:///home/seluser/ppt/player/dashjs/index.html (128)
[111:111:0202/140705.184178:INFO:CONSOLE(128)] "currentLatencynow: 4.017", source: file:///home/seluser/ppt/player/dashjs/index.html (128)
[111:111:0202/140706.183784:INFO:CONSOLE(128)] "currentLatencynow: 4.018", source: file:///home/seluser/ppt/player/dashjs/index.html (128)
[111:111:0202/140707.184320:INFO:CONSOLE(128)] "currentLatencynow: 4.018", source: file:///home/seluser/ppt/player/dashjs/index.html (128)
[111:111:0202/140708.184180:INFO:CONSOLE(128)] "currentLatencynow: 4.017", source: file:///home/seluser/ppt/player/dashjs/index.html (128)
[111:111:0202/140709.183851:INFO:CONSOLE(128)] "currentLatencynow: 4.018", source: file:///home/seluser/ppt/player/dashjs/index.html (128)
[111:111:0202/140710.184996:INFO:CONSOLE(128)] "currentLatencynow: 4.018", source: file:///home/seluser/ppt/player/dashjs/index.html (128)
[111:111:0202/140711.184603:INFO:CONSOLE(128)] "currentLatencynow: 4.018", source: file:///home/seluser/ppt/player/dashjs/index.html (128)
[111:111:0202/140712.184421:INFO:CONSOLE(128)] "currentLatencynow: 4.018", source: file:///home/seluser/ppt/player/dashjs/index.html (128)
[111:111:0202/140713.183688:INFO:CONSOLE(128)] "currentLatencynow: 4.017", source: file:///home/seluser/ppt/player/dashjs/index.html (128)
[111:111:0202/140714.184342:INFO:CONSOLE(128)] "currentLatencynow: 4.018", source: file:///home/seluser/ppt/player/dashjs/index.html (128)
[111:111:0202/140715.184887:INFO:CONSOLE(128)] "currentLatencynow: 4.017", source: file:///home/seluser/ppt/player/dashjs/index.html (128)
[111:111:0202/140716.184341:INFO:CONSOLE(128)] "currentLatencynow: 4.018", source: file:///home/seluser/ppt/player/dashjs/index.html (128)
[111:111:0202/140717.184056:INFO:CONSOLE(128)] "currentLatencynow: 4.017", source: file:///home/seluser/ppt/player/dashjs/index.html (128)
[111:111:0202/140718.183837:INFO:CONSOLE(128)] "currentLatencynow: 4.017", source: file:///home/seluser/ppt/player/dashjs/index.html (128)
[111:111:0202/140719.184018:INFO:CONSOLE(128)] "currentLatencynow: 4.018", source: file:///home/seluser/ppt/player/dashjs/index.html (128)
[111:111:0202/140720.184327:INFO:CONSOLE(128)] "currentLatencynow: 4.018", source: file:///home/seluser/ppt/player/dashjs/index.html (128)
[111:111:0202/140721.183793:INFO:CONSOLE(128)] "currentLatencynow: 4.017", source: file:///home/seluser/ppt/player/dashjs/index.html (128)
[111:111:0202/140722.184281:INFO:CONSOLE(128)] "currentLatencynow: 4.018", source: file:///home/seluser/ppt/player/dashjs/index.html (128)
[111:111:0202/140723.185090:INFO:CONSOLE(128)] "currentLatencynow: 4.017", source: file:///home/seluser/ppt/player/dashjs/index.html (128)
[111:111:0202/140724.184513:INFO:CONSOLE(128)] "currentLatencynow: 4.017", source: file:///home/seluser/ppt/player/dashjs/index.html (128)
[111:111:0202/140725.184173:INFO:CONSOLE(128)] "currentLatencynow: 4.017", source: file:///home/seluser/ppt/player/dashjs/index.html (128)
[111:111:0202/140726.184519:INFO:CONSOLE(128)] "currentLatencynow: 4.017", source: file:///home/seluser/ppt/player/dashjs/index.html (128)
[111:111:0202/140727.184226:INFO:CONSOLE(128)] "currentLatencynow: 4.018", source: file:///home/seluser/ppt/player/dashjs/index.html (128)
[111:111:0202/140728.184269:INFO:CONSOLE(128)] "currentLatencynow: 4.018", source: file:///home/seluser/ppt/player/dashjs/index.html (128)
[111:111:0202/140729.184325:INFO:CONSOLE(128)] "currentLatencynow: 4.018", source: file:///home/seluser/ppt/player/dashjs/index.html (128)
[111:111:0202/140730.183998:INFO:CONSOLE(128)] "currentLatencynow: 4.017", source: file:///home/seluser/ppt/player/dashjs/index.html (128)
[111:111:0202/140731.184534:INFO:CONSOLE(128)] "currentLatencynow: 4.017", source: file:///home/seluser/ppt/player/dashjs/index.html (128)
[111:111:0202/140732.183956:INFO:CONSOLE(128)] "currentLatencynow: 4.017", source: file:///home/seluser/ppt/player/dashjs/index.html (128)
[111:111:0202/140733.184987:INFO:CONSOLE(128)] "currentLatencynow: 4.017", source: file:///home/seluser/ppt/player/dashjs/index.html (128)
[111:111:0202/140734.184271:INFO:CONSOLE(128)] "currentLatencynow: 4.017", source: file:///home/seluser/ppt/player/dashjs/index.html (128)
[111:111:0202/140735.184108:INFO:CONSOLE(128)] "currentLatencynow: 4.017", source: file:///home/seluser/ppt/player/dashjs/index.html (128)
[111:111:0202/140736.184477:INFO:CONSOLE(128)] "currentLatencynow: 4.019", source: file:///home/seluser/ppt/player/dashjs/index.html (128)
[111:111:0202/140737.184404:INFO:CONSOLE(128)] "currentLatencynow: 4.018", source: file:///home/seluser/ppt/player/dashjs/index.html (128)
[111:111:0202/140738.183698:INFO:CONSOLE(128)] "currentLatencynow: 4.017", source: file:///home/seluser/ppt/player/dashjs/index.html (128)
[111:111:0202/140739.184049:INFO:CONSOLE(128)] "currentLatencynow: 4.017", source: file:///home/seluser/ppt/player/dashjs/index.html (128)
[111:111:0202/140740.184337:INFO:CONSOLE(128)] "currentLatencynow: 4.018", source: file:///home/seluser/ppt/player/dashjs/index.html (128)
[111:111:0202/140741.184788:INFO:CONSOLE(128)] "currentLatencynow: 4.017", source: file:///home/seluser/ppt/player/dashjs/index.html (128)
[111:111:0202/140742.184374:INFO:CONSOLE(128)] "currentLatencynow: 4.018", source: file:///home/seluser/ppt/player/dashjs/index.html (128)
[111:111:0202/140743.184671:INFO:CONSOLE(128)] "currentLatencynow: 4.018", source: file:///home/seluser/ppt/player/dashjs/index.html (128)
[111:111:0202/140744.184325:INFO:CONSOLE(128)] "currentLatencynow: 4.018", source: file:///home/seluser/ppt/player/dashjs/index.html (128)
[111:111:0202/140745.184213:INFO:CONSOLE(128)] "currentLatencynow: 4.017", source: file:///home/seluser/ppt/player/dashjs/index.html (128)
[111:111:0202/140746.184092:INFO:CONSOLE(128)] "currentLatencynow: 4.017", source: file:///home/seluser/ppt/player/dashjs/index.html (128)
[111:111:0202/140747.184578:INFO:CONSOLE(128)] "currentLatencynow: 4.018", source: file:///home/seluser/ppt/player/dashjs/index.html (128)
[111:111:0202/140748.184035:INFO:CONSOLE(128)] "currentLatencynow: 4.018", source: file:///home/seluser/ppt/player/dashjs/index.html (128)
[111:111:0202/140749.183981:INFO:CONSOLE(128)] "currentLatencynow: 4.017", source: file:///home/seluser/ppt/player/dashjs/index.html (128)
[111:111:0202/140750.184098:INFO:CONSOLE(128)] "currentLatencynow: 4.017", source: file:///home/seluser/ppt/player/dashjs/index.html (128)
[111:111:0202/140751.184096:INFO:CONSOLE(128)] "currentLatencynow: 4.018", source: file:///home/seluser/ppt/player/dashjs/index.html (128)
[111:111:0202/140752.184231:INFO:CONSOLE(128)] "currentLatencynow: 4.018", source: file:///home/seluser/ppt/player/dashjs/index.html (128)
[111:111:0202/140753.183913:INFO:CONSOLE(128)] "currentLatencynow: 4.017", source: file:///home/seluser/ppt/player/dashjs/index.html (128)
[111:111:0202/140754.183849:INFO:CONSOLE(128)] "currentLatencynow: 4.017", source: file:///home/seluser/ppt/player/dashjs/index.html (128)
[111:111:0202/140755.184146:INFO:CONSOLE(128)] "currentLatencynow: 4.017", source: file:///home/seluser/ppt/player/dashjs/index.html (128)
[111:111:0202/140756.184732:INFO:CONSOLE(128)] "currentLatencynow: 4.017", source: file:///home/seluser/ppt/player/dashjs/index.html (128)
[111:111:0202/140757.184013:INFO:CONSOLE(128)] "currentLatencynow: 4.017", source: file:///home/seluser/ppt/player/dashjs/index.html (128)
[111:111:0202/140758.184229:INFO:CONSOLE(128)] "currentLatencynow: 4.017", source: file:///home/seluser/ppt/player/dashjs/index.html (128)
[111:111:0202/140759.184060:INFO:CONSOLE(128)] "currentLatencynow: 4.017", source: file:///home/seluser/ppt/player/dashjs/index.html (128)
[111:111:0202/140800.184419:INFO:CONSOLE(128)] "currentLatencynow: 4.017", source: file:///home/seluser/ppt/player/dashjs/index.html (128)
[111:111:0202/140801.184610:INFO:CONSOLE(128)] "currentLatencynow: 4.018", source: file:///home/seluser/ppt/player/dashjs/index.html (128)
[111:111:0202/140802.184223:INFO:CONSOLE(128)] "currentLatencynow: 4.018", source: file:///home/seluser/ppt/player/dashjs/index.html (128)
[111:111:0202/140803.183865:INFO:CONSOLE(114)] "Begin Player stistics 
", source: file:///home/seluser/ppt/player/dashjs/index.html (114)
[111:111:0202/140803.184159:INFO:CONSOLE(115)] "["stall",[["0.99","1.62",0.6300000000000001]],[["2.01","2.26",0.25]],[["availibleBW",[null],[8282],[13460],[13460],[16935],[23726],[23726],[21158],[21158],[18789],[18789],[16863],[14229],[14229],[12395],[12395],[12395],[11181],[11181],[10766],[10000],[10000],[10000],[9760],[9820],[10620],[10291],[10291],[10291],[9605],[6622],[6622],[6622],[6532],[7607],[7563],[7563],[7293],[7293],[6866],[6866],[5464],[5464],[5951],[5951],[5679],[5679],[5253],[5253],[3452],[3452],[3697],[3697],[3498],[3498],[3258],[3258],[2002],[2002],[2747],[2747],[2521],[2521],[2311],[2311],[1782],[1782],[1682],[1682],[1544],[1544],[474],[474],[483],[483],[537],[537],[517],[517],[499],[499],[504],[504],[491],[491],[460],[460],[461],[461],[483],[483],[468],[468],[459],[459],[478],[478],[515],[515],[506],[506],[491],[491],[517],[517],[497],[497],[518],[518],[512],[512],[514],[514],[535],[535],[518],[518],[493],[493]]],[["currentBuffer",[0],[0],[0.835],[0],[0.906],[3.836],[2.737],[3.64],[2.541],[3.444],[2.345],[3.258],[4.072],[3.111],[3.972],[3.009],[1.969],[2.94],[1.923],[2.91],[3.836],[2.903],[1.904],[2.906],[3.803],[2.908],[3.82],[2.909],[1.911],[2.912],[1.843],[2.914],[1.913],[2.915],[1.915],[2.917],[1.918],[2.919],[1.92],[2.922],[1.923],[2.924],[1.924],[2.907],[1.857],[2.927],[1.928],[2.929],[1.929],[2.932],[1.912],[2.865],[1.936],[2.936],[1.936],[2.938],[1.938],[2.94],[1.87],[2.941],[1.941],[2.943],[1.944],[2.945],[1.945],[2.947],[1.947],[2.949],[1.949],[2.953],[1.953],[2.953],[1.884],[2.954],[1.955],[2.957],[1.958],[2.96],[1.959],[2.963],[1.962],[2.964],[1.963],[2.965],[1.964],[2.967],[1.968],[2.97],[1.97],[2.971],[1.971],[2.974],[1.974],[2.976],[1.975],[2.977],[1.976],[2.979],[1.979],[2.982],[1.912],[2.983],[1.983],[2.985],[1.986],[2.988],[1.988],[2.99],[1.99],[2.991],[1.992],[2.994],[1.994],[2.996],[1.997],[2.998],[1.998],[3],[1.999]]],[["currentLatency",[4.616],[5.04],[5.04],[5.04],[5.039],[4.956],[4.856],[4.757],[4.659],[4.559],[4.461],[4.373],[4.294],[4.226],[4.169],[4.125],[4.088],[4.057],[4.041],[4.026],[4.017],[4.018],[4.018],[4.017],[4.017],[4.018],[4.018],[4.017],[4.017],[4.017],[4.018],[4.017],[4.017],[4.017],[4.018],[4.017],[4.017],[4.018],[4.017],[4.018],[4.018],[4.018],[4.019],[4.019],[4.018],[4.017],[4.017],[4.017],[4.018],[4.018],[4.017],[4.018],[4.017],[4.018],[4.018],[4.017],[4.017],[4.018],[4.018],[4.018],[4.017],[4.017],[4.018],[4.018],[4.017],[4.018],[4.018],[4.018],[4.018],[4.017],[4.018],[4.017],[4.018],[4.017],[4.017],[4.018],[4.018],[4.017],[4.018],[4.017],[4.017],[4.017],[4.017],[4.018],[4.018],[4.018],[4.017],[4.017],[4.017],[4.017],[4.017],[4.017],[4.019],[4.018],[4.017],[4.017],[4.018],[4.017],[4.018],[4.018],[4.018],[4.017],[4.017],[4.018],[4.018],[4.017],[4.017],[4.018],[4.018],[4.017],[4.017],[4.017],[4.017],[4.017],[4.017],[4.017],[4.017],[4.018],[4.018]]]]", source: file:///home/seluser/ppt/player/dashjs/index.html (115)
[111:111:0202/140803.184498:INFO:CONSOLE(116)] "
", source: file:///home/seluser/ppt/player/dashjs/index.html (116)
[111:111:0202/140803.184587:INFO:CONSOLE(117)] "Finish Player stistics 
", source: file:///home/seluser/ppt/player/dashjs/index.html (117)
[111:111:0202/140803.184629:INFO:CONSOLE(128)] "currentLatencynow: 4.018", source: file:///home/seluser/ppt/player/dashjs/index.html (128)
[111:111:0202/140804.184120:INFO:CONSOLE(128)] "currentLatencynow: 4.017", source: file:///home/seluser/ppt/player/dashjs/index.html (128)
[111:111:0202/140805.184254:INFO:CONSOLE(128)] "currentLatencynow: 4.019", source: file:///home/seluser/ppt/player/dashjs/index.html (128)
[111:111:0202/140806.183885:INFO:CONSOLE(128)] "currentLatencynow: 4.017", source: file:///home/seluser/ppt/player/dashjs/index.html (128)
[111:111:0202/140807.184033:INFO:CONSOLE(128)] "currentLatencynow: 4.018", source: file:///home/seluser/ppt/player/dashjs/index.html (128)
[111:111:0202/140808.183780:INFO:CONSOLE(128)] "currentLatencynow: 4.017", source: file:///home/seluser/ppt/player/dashjs/index.html (128)
[111:111:0202/140809.183853:INFO:CONSOLE(128)] "currentLatencynow: 4.017", source: file:///home/seluser/ppt/player/dashjs/index.html (128)
[111:111:0202/140810.184017:INFO:CONSOLE(128)] "currentLatencynow: 4.017", source: file:///home/seluser/ppt/player/dashjs/index.html (128)
[111:111:0202/140811.184749:INFO:CONSOLE(128)] "currentLatencynow: 4.017", source: file:///home/seluser/ppt/player/dashjs/index.html (128)
