[111:159:0202/173811.921242:ERROR:bus.cc(392)] Failed to connect to the bus: Failed to connect to socket /var/run/dbus/system_bus_socket: No such file or directory
[111:138:0202/173811.923205:ERROR:bus.cc(392)] Failed to connect to the bus: Address does not contain a colon
[111:138:0202/173811.923243:ERROR:bus.cc(392)] Failed to connect to the bus: Address does not contain a colon
[111:138:0202/173811.931504:ERROR:bus.cc(392)] Failed to connect to the bus: Address does not contain a colon
[111:138:0202/173811.931548:ERROR:bus.cc(392)] Failed to connect to the bus: Address does not contain a colon
[166:166:0202/173811.934495:ERROR:gpu_init.cc(453)] Passthrough is not supported, GL is swiftshader, ANGLE is 
[111:138:0202/173811.968685:ERROR:bus.cc(392)] Failed to connect to the bus: Address does not contain a colon
[111:138:0202/173811.968711:ERROR:bus.cc(392)] Failed to connect to the bus: Address does not contain a colon
[111:256:0202/173811.998059:ERROR:bus.cc(392)] Failed to connect to the bus: Failed to connect to socket /var/run/dbus/system_bus_socket: No such file or directory
[111:256:0202/173811.998099:ERROR:bus.cc(392)] Failed to connect to the bus: Failed to connect to socket /var/run/dbus/system_bus_socket: No such file or directory
[111:256:0202/173811.998137:ERROR:bus.cc(392)] Failed to connect to the bus: Failed to connect to socket /var/run/dbus/system_bus_socket: No such file or directory
[111:256:0202/173811.998159:WARNING:property.cc(144)] DaemonVersion: GetAndBlock: failed.
[111:256:0202/173811.998182:ERROR:bus.cc(392)] Failed to connect to the bus: Failed to connect to socket /var/run/dbus/system_bus_socket: No such file or directory
[111:256:0202/173811.998213:ERROR:bus.cc(392)] Failed to connect to the bus: Failed to connect to socket /var/run/dbus/system_bus_socket: No such file or directory
[289:289:0202/173812.955787:WARNING:audio_manager_linux.cc(69)] Falling back to ALSA for audio output. PulseAudio is not available or could not be initialized.
[289:289:0202/173812.959355:ERROR:alsa_util.cc(204)] PcmOpen: default,No such file or directory
[289:289:0202/173812.959442:ERROR:alsa_util.cc(204)] PcmOpen: plug:default,No such file or directory
[111:111:0202/173813.349753:INFO:CONSOLE(128)] "currentLatencynow: 4.586", source: file:///home/seluser/ppt/player/dashjs/index.html (128)
[111:138:0202/173813.639859:ERROR:bus.cc(392)] Failed to connect to the bus: Address does not contain a colon
[111:138:0202/173813.639910:ERROR:bus.cc(392)] Failed to connect to the bus: Address does not contain a colon
[111:138:0202/173813.639923:ERROR:bus.cc(392)] Failed to connect to the bus: Address does not contain a colon
[111:138:0202/173813.639931:ERROR:bus.cc(392)] Failed to connect to the bus: Address does not contain a colon
[111:138:0202/173813.639943:ERROR:bus.cc(392)] Failed to connect to the bus: Address does not contain a colon
[111:138:0202/173813.639951:ERROR:bus.cc(392)] Failed to connect to the bus: Address does not contain a colon
[111:138:0202/173813.639961:ERROR:bus.cc(392)] Failed to connect to the bus: Address does not contain a colon
[111:138:0202/173813.639974:ERROR:bus.cc(392)] Failed to connect to the bus: Address does not contain a colon
[111:138:0202/173813.639983:ERROR:bus.cc(392)] Failed to connect to the bus: Address does not contain a colon
[111:138:0202/173813.639996:ERROR:bus.cc(392)] Failed to connect to the bus: Address does not contain a colon
[111:138:0202/173813.640004:ERROR:bus.cc(392)] Failed to connect to the bus: Address does not contain a colon
[111:138:0202/173813.640015:ERROR:bus.cc(392)] Failed to connect to the bus: Address does not contain a colon
[111:138:0202/173813.640025:ERROR:bus.cc(392)] Failed to connect to the bus: Address does not contain a colon
[111:138:0202/173813.640035:ERROR:bus.cc(392)] Failed to connect to the bus: Address does not contain a colon
[111:111:0202/173814.349613:INFO:CONSOLE(128)] "currentLatencynow: 4.882", source: file:///home/seluser/ppt/player/dashjs/index.html (128)
[111:138:0202/173814.428986:ERROR:bus.cc(392)] Failed to connect to the bus: Address does not contain a colon
[111:138:0202/173814.429189:ERROR:bus.cc(392)] Failed to connect to the bus: Address does not contain a colon
[111:138:0202/173814.429214:ERROR:bus.cc(392)] Failed to connect to the bus: Address does not contain a colon
[111:138:0202/173814.429230:ERROR:bus.cc(392)] Failed to connect to the bus: Address does not contain a colon
[111:138:0202/173814.429246:ERROR:bus.cc(392)] Failed to connect to the bus: Address does not contain a colon
[111:132:0202/173814.474229:ERROR:chrome_browser_main_extra_parts_metrics.cc(228)] crbug.com/1216328: Checking Bluetooth availability started. Please report if there is no report that this ends.
[111:132:0202/173814.474265:ERROR:chrome_browser_main_extra_parts_metrics.cc(231)] crbug.com/1216328: Checking Bluetooth availability ended.
[111:132:0202/173814.474272:ERROR:chrome_browser_main_extra_parts_metrics.cc(234)] crbug.com/1216328: Checking default browser status started. Please report if there is no report that this ends.
[111:132:0202/173814.605124:ERROR:chrome_browser_main_extra_parts_metrics.cc(238)] crbug.com/1216328: Checking default browser status ended.
[111:111:0202/173815.349677:INFO:CONSOLE(128)] "currentLatencynow: 4.783", source: file:///home/seluser/ppt/player/dashjs/index.html (128)
[111:111:0202/173816.349590:INFO:CONSOLE(128)] "currentLatencynow: 4.688", source: file:///home/seluser/ppt/player/dashjs/index.html (128)
[111:111:0202/173817.349536:INFO:CONSOLE(128)] "currentLatencynow: 4.588", source: file:///home/seluser/ppt/player/dashjs/index.html (128)
[111:111:0202/173818.349599:INFO:CONSOLE(128)] "currentLatencynow: 4.491", source: file:///home/seluser/ppt/player/dashjs/index.html (128)
[111:111:0202/173819.349657:INFO:CONSOLE(128)] "currentLatencynow: 4.394", source: file:///home/seluser/ppt/player/dashjs/index.html (128)
[111:111:0202/173820.349851:INFO:CONSOLE(128)] "currentLatencynow: 4.316", source: file:///home/seluser/ppt/player/dashjs/index.html (128)
[111:111:0202/173821.351553:INFO:CONSOLE(128)] "currentLatencynow: 4.241", source: file:///home/seluser/ppt/player/dashjs/index.html (128)
[111:111:0202/173822.350429:INFO:CONSOLE(128)] "currentLatencynow: 4.185", source: file:///home/seluser/ppt/player/dashjs/index.html (128)
[111:111:0202/173823.351621:INFO:CONSOLE(128)] "currentLatencynow: 4.132", source: file:///home/seluser/ppt/player/dashjs/index.html (128)
[111:111:0202/173824.349551:INFO:CONSOLE(128)] "currentLatencynow: 4.098", source: file:///home/seluser/ppt/player/dashjs/index.html (128)
[111:111:0202/173825.351418:INFO:CONSOLE(128)] "currentLatencynow: 4.067", source: file:///home/seluser/ppt/player/dashjs/index.html (128)
[111:111:0202/173826.350072:INFO:CONSOLE(128)] "currentLatencynow: 4.037", source: file:///home/seluser/ppt/player/dashjs/index.html (128)
[111:111:0202/173827.349971:INFO:CONSOLE(128)] "currentLatencynow: 4.028", source: file:///home/seluser/ppt/player/dashjs/index.html (128)
[111:111:0202/173828.350407:INFO:CONSOLE(128)] "currentLatencynow: 4.019", source: file:///home/seluser/ppt/player/dashjs/index.html (128)
[111:111:0202/173829.349671:INFO:CONSOLE(128)] "currentLatencynow: 4.018", source: file:///home/seluser/ppt/player/dashjs/index.html (128)
[111:111:0202/173830.349723:INFO:CONSOLE(128)] "currentLatencynow: 4.019", source: file:///home/seluser/ppt/player/dashjs/index.html (128)
[111:111:0202/173831.350564:INFO:CONSOLE(128)] "currentLatencynow: 4.019", source: file:///home/seluser/ppt/player/dashjs/index.html (128)
[111:111:0202/173832.350131:INFO:CONSOLE(128)] "currentLatencynow: 4.018", source: file:///home/seluser/ppt/player/dashjs/index.html (128)
[111:111:0202/173833.349944:INFO:CONSOLE(128)] "currentLatencynow: 4.018", source: file:///home/seluser/ppt/player/dashjs/index.html (128)
[111:111:0202/173834.349617:INFO:CONSOLE(128)] "currentLatencynow: 4.019", source: file:///home/seluser/ppt/player/dashjs/index.html (128)
[111:111:0202/173835.349461:INFO:CONSOLE(128)] "currentLatencynow: 4.018", source: file:///home/seluser/ppt/player/dashjs/index.html (128)
[111:111:0202/173836.350667:INFO:CONSOLE(128)] "currentLatencynow: 4.019", source: file:///home/seluser/ppt/player/dashjs/index.html (128)
[111:111:0202/173837.350037:INFO:CONSOLE(128)] "currentLatencynow: 4.018", source: file:///home/seluser/ppt/player/dashjs/index.html (128)
[111:111:0202/173838.349756:INFO:CONSOLE(128)] "currentLatencynow: 4.018", source: file:///home/seluser/ppt/player/dashjs/index.html (128)
[111:111:0202/173839.349558:INFO:CONSOLE(128)] "currentLatencynow: 4.02", source: file:///home/seluser/ppt/player/dashjs/index.html (128)
[111:111:0202/173840.349706:INFO:CONSOLE(128)] "currentLatencynow: 4.019", source: file:///home/seluser/ppt/player/dashjs/index.html (128)
[111:111:0202/173841.349742:INFO:CONSOLE(128)] "currentLatencynow: 4.019", source: file:///home/seluser/ppt/player/dashjs/index.html (128)
[111:111:0202/173842.349624:INFO:CONSOLE(128)] "currentLatencynow: 4.019", source: file:///home/seluser/ppt/player/dashjs/index.html (128)
[111:111:0202/173843.350048:INFO:CONSOLE(128)] "currentLatencynow: 4.018", source: file:///home/seluser/ppt/player/dashjs/index.html (128)
[111:111:0202/173844.352798:INFO:CONSOLE(128)] "currentLatencynow: 4.019", source: file:///home/seluser/ppt/player/dashjs/index.html (128)
[111:111:0202/173845.352301:INFO:CONSOLE(128)] "currentLatencynow: 4.018", source: file:///home/seluser/ppt/player/dashjs/index.html (128)
[111:111:0202/173846.349994:INFO:CONSOLE(128)] "currentLatencynow: 4.018", source: file:///home/seluser/ppt/player/dashjs/index.html (128)
[111:111:0202/173847.349818:INFO:CONSOLE(128)] "currentLatencynow: 4.019", source: file:///home/seluser/ppt/player/dashjs/index.html (128)
[111:111:0202/173848.350494:INFO:CONSOLE(128)] "currentLatencynow: 4.019", source: file:///home/seluser/ppt/player/dashjs/index.html (128)
[111:111:0202/173849.350926:INFO:CONSOLE(128)] "currentLatencynow: 4.018", source: file:///home/seluser/ppt/player/dashjs/index.html (128)
[111:111:0202/173850.350338:INFO:CONSOLE(128)] "currentLatencynow: 4.018", source: file:///home/seluser/ppt/player/dashjs/index.html (128)
[111:111:0202/173851.349711:INFO:CONSOLE(128)] "currentLatencynow: 4.018", source: file:///home/seluser/ppt/player/dashjs/index.html (128)
[111:111:0202/173852.350726:INFO:CONSOLE(128)] "currentLatencynow: 4.018", source: file:///home/seluser/ppt/player/dashjs/index.html (128)
[111:111:0202/173853.349989:INFO:CONSOLE(128)] "currentLatencynow: 4.019", source: file:///home/seluser/ppt/player/dashjs/index.html (128)
[111:111:0202/173854.351442:INFO:CONSOLE(128)] "currentLatencynow: 4.018", source: file:///home/seluser/ppt/player/dashjs/index.html (128)
[111:111:0202/173855.350724:INFO:CONSOLE(128)] "currentLatencynow: 4.019", source: file:///home/seluser/ppt/player/dashjs/index.html (128)
[111:111:0202/173856.351935:INFO:CONSOLE(128)] "currentLatencynow: 4.019", source: file:///home/seluser/ppt/player/dashjs/index.html (128)
[111:111:0202/173857.349910:INFO:CONSOLE(128)] "currentLatencynow: 4.019", source: file:///home/seluser/ppt/player/dashjs/index.html (128)
[111:111:0202/173858.350550:INFO:CONSOLE(128)] "currentLatencynow: 4.019", source: file:///home/seluser/ppt/player/dashjs/index.html (128)
[111:111:0202/173859.349941:INFO:CONSOLE(128)] "currentLatencynow: 4.018", source: file:///home/seluser/ppt/player/dashjs/index.html (128)
[111:111:0202/173900.351963:INFO:CONSOLE(128)] "currentLatencynow: 4.018", source: file:///home/seluser/ppt/player/dashjs/index.html (128)
[111:111:0202/173901.350730:INFO:CONSOLE(128)] "currentLatencynow: 4.019", source: file:///home/seluser/ppt/player/dashjs/index.html (128)
[111:111:0202/173902.350202:INFO:CONSOLE(128)] "currentLatencynow: 4.018", source: file:///home/seluser/ppt/player/dashjs/index.html (128)
[111:111:0202/173903.350225:INFO:CONSOLE(128)] "currentLatencynow: 4.019", source: file:///home/seluser/ppt/player/dashjs/index.html (128)
[111:111:0202/173904.349909:INFO:CONSOLE(128)] "currentLatencynow: 4.018", source: file:///home/seluser/ppt/player/dashjs/index.html (128)
[111:111:0202/173905.349703:INFO:CONSOLE(128)] "currentLatencynow: 4.018", source: file:///home/seluser/ppt/player/dashjs/index.html (128)
[111:111:0202/173906.349511:INFO:CONSOLE(128)] "currentLatencynow: 4.018", source: file:///home/seluser/ppt/player/dashjs/index.html (128)
[111:111:0202/173907.351057:INFO:CONSOLE(128)] "currentLatencynow: 4.018", source: file:///home/seluser/ppt/player/dashjs/index.html (128)
[111:111:0202/173908.350656:INFO:CONSOLE(128)] "currentLatencynow: 4.019", source: file:///home/seluser/ppt/player/dashjs/index.html (128)
[111:111:0202/173909.352460:INFO:CONSOLE(128)] "currentLatencynow: 4.02", source: file:///home/seluser/ppt/player/dashjs/index.html (128)
[111:111:0202/173910.350106:INFO:CONSOLE(128)] "currentLatencynow: 4.019", source: file:///home/seluser/ppt/player/dashjs/index.html (128)
[111:111:0202/173911.351291:INFO:CONSOLE(128)] "currentLatencynow: 4.019", source: file:///home/seluser/ppt/player/dashjs/index.html (128)
[111:111:0202/173912.349590:INFO:CONSOLE(128)] "currentLatencynow: 4.018", source: file:///home/seluser/ppt/player/dashjs/index.html (128)
[111:111:0202/173913.349966:INFO:CONSOLE(128)] "currentLatencynow: 4.019", source: file:///home/seluser/ppt/player/dashjs/index.html (128)
[111:111:0202/173914.349460:INFO:CONSOLE(128)] "currentLatencynow: 4.018", source: file:///home/seluser/ppt/player/dashjs/index.html (128)
[111:111:0202/173915.351932:INFO:CONSOLE(128)] "currentLatencynow: 4.018", source: file:///home/seluser/ppt/player/dashjs/index.html (128)
[111:111:0202/173916.349666:INFO:CONSOLE(128)] "currentLatencynow: 4.018", source: file:///home/seluser/ppt/player/dashjs/index.html (128)
[111:111:0202/173917.350039:INFO:CONSOLE(128)] "currentLatencynow: 4.039", source: file:///home/seluser/ppt/player/dashjs/index.html (128)
[111:111:0202/173918.349921:INFO:CONSOLE(128)] "currentLatencynow: 4.039", source: file:///home/seluser/ppt/player/dashjs/index.html (128)
[111:111:0202/173919.350596:INFO:CONSOLE(128)] "currentLatencynow: 4.04", source: file:///home/seluser/ppt/player/dashjs/index.html (128)
[111:111:0202/173920.350713:INFO:CONSOLE(128)] "currentLatencynow: 4.04", source: file:///home/seluser/ppt/player/dashjs/index.html (128)
[111:111:0202/173921.349988:INFO:CONSOLE(128)] "currentLatencynow: 4.04", source: file:///home/seluser/ppt/player/dashjs/index.html (128)
[111:111:0202/173922.349541:INFO:CONSOLE(128)] "currentLatencynow: 4.04", source: file:///home/seluser/ppt/player/dashjs/index.html (128)
[111:111:0202/173923.350030:INFO:CONSOLE(128)] "currentLatencynow: 4.039", source: file:///home/seluser/ppt/player/dashjs/index.html (128)
[111:111:0202/173924.350057:INFO:CONSOLE(128)] "currentLatencynow: 4.039", source: file:///home/seluser/ppt/player/dashjs/index.html (128)
[111:111:0202/173925.350341:INFO:CONSOLE(128)] "currentLatencynow: 4.04", source: file:///home/seluser/ppt/player/dashjs/index.html (128)
[111:111:0202/173926.349562:INFO:CONSOLE(128)] "currentLatencynow: 4.039", source: file:///home/seluser/ppt/player/dashjs/index.html (128)
[111:111:0202/173927.349622:INFO:CONSOLE(128)] "currentLatencynow: 4.04", source: file:///home/seluser/ppt/player/dashjs/index.html (128)
[111:111:0202/173928.350163:INFO:CONSOLE(128)] "currentLatencynow: 4.039", source: file:///home/seluser/ppt/player/dashjs/index.html (128)
[111:111:0202/173929.350110:INFO:CONSOLE(128)] "currentLatencynow: 4.039", source: file:///home/seluser/ppt/player/dashjs/index.html (128)
[111:111:0202/173930.349426:INFO:CONSOLE(128)] "currentLatencynow: 4.04", source: file:///home/seluser/ppt/player/dashjs/index.html (128)
[111:111:0202/173931.349875:INFO:CONSOLE(128)] "currentLatencynow: 4.039", source: file:///home/seluser/ppt/player/dashjs/index.html (128)
[111:111:0202/173932.350024:INFO:CONSOLE(128)] "currentLatencynow: 4.039", source: file:///home/seluser/ppt/player/dashjs/index.html (128)
[111:111:0202/173933.349539:INFO:CONSOLE(128)] "currentLatencynow: 4.04", source: file:///home/seluser/ppt/player/dashjs/index.html (128)
[111:111:0202/173934.350042:INFO:CONSOLE(128)] "currentLatencynow: 4.04", source: file:///home/seluser/ppt/player/dashjs/index.html (128)
[111:111:0202/173935.350404:INFO:CONSOLE(128)] "currentLatencynow: 4.04", source: file:///home/seluser/ppt/player/dashjs/index.html (128)
[111:111:0202/173936.349687:INFO:CONSOLE(128)] "currentLatencynow: 4.039", source: file:///home/seluser/ppt/player/dashjs/index.html (128)
[111:111:0202/173937.349602:INFO:CONSOLE(128)] "currentLatencynow: 4.04", source: file:///home/seluser/ppt/player/dashjs/index.html (128)
[111:111:0202/173938.349681:INFO:CONSOLE(128)] "currentLatencynow: 4.04", source: file:///home/seluser/ppt/player/dashjs/index.html (128)
[111:111:0202/173939.349947:INFO:CONSOLE(128)] "currentLatencynow: 4.039", source: file:///home/seluser/ppt/player/dashjs/index.html (128)
[111:111:0202/173940.349775:INFO:CONSOLE(128)] "currentLatencynow: 4.039", source: file:///home/seluser/ppt/player/dashjs/index.html (128)
[111:111:0202/173941.350694:INFO:CONSOLE(128)] "currentLatencynow: 4.04", source: file:///home/seluser/ppt/player/dashjs/index.html (128)
[111:111:0202/173942.349436:INFO:CONSOLE(128)] "currentLatencynow: 4.04", source: file:///home/seluser/ppt/player/dashjs/index.html (128)
[111:111:0202/173943.351171:INFO:CONSOLE(128)] "currentLatencynow: 4.04", source: file:///home/seluser/ppt/player/dashjs/index.html (128)
[111:111:0202/173944.350304:INFO:CONSOLE(128)] "currentLatencynow: 4.04", source: file:///home/seluser/ppt/player/dashjs/index.html (128)
[111:111:0202/173945.349997:INFO:CONSOLE(128)] "currentLatencynow: 4.041", source: file:///home/seluser/ppt/player/dashjs/index.html (128)
[111:111:0202/173946.350145:INFO:CONSOLE(128)] "currentLatencynow: 4.04", source: file:///home/seluser/ppt/player/dashjs/index.html (128)
[111:111:0202/173947.349438:INFO:CONSOLE(128)] "currentLatencynow: 4.04", source: file:///home/seluser/ppt/player/dashjs/index.html (128)
[111:111:0202/173948.351125:INFO:CONSOLE(128)] "currentLatencynow: 4.04", source: file:///home/seluser/ppt/player/dashjs/index.html (128)
[111:111:0202/173949.350259:INFO:CONSOLE(128)] "currentLatencynow: 4.04", source: file:///home/seluser/ppt/player/dashjs/index.html (128)
[111:111:0202/173950.350209:INFO:CONSOLE(128)] "currentLatencynow: 4.039", source: file:///home/seluser/ppt/player/dashjs/index.html (128)
[111:111:0202/173951.349463:INFO:CONSOLE(128)] "currentLatencynow: 4.04", source: file:///home/seluser/ppt/player/dashjs/index.html (128)
[111:111:0202/173952.350861:INFO:CONSOLE(128)] "currentLatencynow: 4.039", source: file:///home/seluser/ppt/player/dashjs/index.html (128)
[111:111:0202/173953.352006:INFO:CONSOLE(128)] "currentLatencynow: 4.04", source: file:///home/seluser/ppt/player/dashjs/index.html (128)
[111:111:0202/173954.349445:INFO:CONSOLE(128)] "currentLatencynow: 4.04", source: file:///home/seluser/ppt/player/dashjs/index.html (128)
[111:111:0202/173955.350718:INFO:CONSOLE(128)] "currentLatencynow: 4.039", source: file:///home/seluser/ppt/player/dashjs/index.html (128)
[111:111:0202/173956.350609:INFO:CONSOLE(128)] "currentLatencynow: 4.04", source: file:///home/seluser/ppt/player/dashjs/index.html (128)
[111:111:0202/173957.351309:INFO:CONSOLE(128)] "currentLatencynow: 4.039", source: file:///home/seluser/ppt/player/dashjs/index.html (128)
[111:111:0202/173958.350436:INFO:CONSOLE(128)] "currentLatencynow: 4.041", source: file:///home/seluser/ppt/player/dashjs/index.html (128)
[111:111:0202/173959.350108:INFO:CONSOLE(128)] "currentLatencynow: 4.039", source: file:///home/seluser/ppt/player/dashjs/index.html (128)
[111:111:0202/174000.349875:INFO:CONSOLE(128)] "currentLatencynow: 4.039", source: file:///home/seluser/ppt/player/dashjs/index.html (128)
[111:111:0202/174001.350532:INFO:CONSOLE(128)] "currentLatencynow: 4.04", source: file:///home/seluser/ppt/player/dashjs/index.html (128)
[111:111:0202/174002.349884:INFO:CONSOLE(128)] "currentLatencynow: 4.04", source: file:///home/seluser/ppt/player/dashjs/index.html (128)
[111:111:0202/174003.351665:INFO:CONSOLE(128)] "currentLatencynow: 4.04", source: file:///home/seluser/ppt/player/dashjs/index.html (128)
[111:111:0202/174004.350566:INFO:CONSOLE(128)] "currentLatencynow: 4.039", source: file:///home/seluser/ppt/player/dashjs/index.html (128)
[111:111:0202/174005.349670:INFO:CONSOLE(128)] "currentLatencynow: 4.04", source: file:///home/seluser/ppt/player/dashjs/index.html (128)
[111:111:0202/174006.350349:INFO:CONSOLE(128)] "currentLatencynow: 4.04", source: file:///home/seluser/ppt/player/dashjs/index.html (128)
[111:111:0202/174007.350262:INFO:CONSOLE(128)] "currentLatencynow: 4.04", source: file:///home/seluser/ppt/player/dashjs/index.html (128)
[111:111:0202/174008.350185:INFO:CONSOLE(128)] "currentLatencynow: 4.039", source: file:///home/seluser/ppt/player/dashjs/index.html (128)
[111:111:0202/174009.350928:INFO:CONSOLE(128)] "currentLatencynow: 4.04", source: file:///home/seluser/ppt/player/dashjs/index.html (128)
[111:111:0202/174010.349499:INFO:CONSOLE(128)] "currentLatencynow: 4.04", source: file:///home/seluser/ppt/player/dashjs/index.html (128)
[111:111:0202/174011.350450:INFO:CONSOLE(128)] "currentLatencynow: 4.04", source: file:///home/seluser/ppt/player/dashjs/index.html (128)
[111:111:0202/174012.350366:INFO:CONSOLE(128)] "currentLatencynow: 4.04", source: file:///home/seluser/ppt/player/dashjs/index.html (128)
[111:111:0202/174012.350524:INFO:CONSOLE(114)] "Begin Player stistics 
", source: file:///home/seluser/ppt/player/dashjs/index.html (114)
[111:111:0202/174012.350695:INFO:CONSOLE(115)] "["stall",[["0.83","1.54",0.7100000000000001]],[["availibleBW",[null],[19935],[21539],[21853],[26022],[26022],[22100],[22100],[19872],[19872],[16446],[16446],[13776],[13776],[8756],[10960],[12813],[12813],[11558],[11558],[10809],[10809],[10993],[11858],[10819],[10819],[6983],[6983],[6699],[7583],[7532],[7532],[6997],[6997],[5323],[5323],[8293],[8293],[7514],[7514],[6886],[6886],[6642],[6677],[6129],[6129],[5518],[5518],[5193],[5193],[4820],[4820],[2000],[2000],[1968],[2514],[2413],[2413],[2254],[2254],[1855],[1855],[1782],[1782],[548],[548],[548],[548],[534],[534],[519],[519],[522],[522],[551],[551],[589],[589],[561],[561],[552],[552],[556],[556],[517],[517],[498],[498],[494],[494],[510],[510],[483],[483],[535],[535],[516],[516],[526],[526],[510],[510],[521],[521],[514],[514],[468],[468],[457],[457],[479],[479],[505],[505],[485],[485],[489],[489],[494],[494]]],[["currentBuffer",[0],[1.345],[2.196],[3.046],[4.164],[3.066],[3.971],[2.889],[3.816],[2.756],[3.707],[2.665],[3.636],[2.604],[3.549],[2.585],[3.586],[2.585],[3.586],[2.587],[3.589],[2.59],[3.497],[2.592],[3.595],[2.593],[3.597],[2.595],[3.552],[2.598],[3.454],[2.6],[3.601],[2.602],[3.604],[2.604],[3.511],[2.607],[3.607],[2.608],[3.609],[2.609],[3.566],[2.611],[3.464],[2.613],[3.616],[2.616],[3.617],[2.618],[3.523],[2.62],[3.426],[2.621],[3.623],[2.624],[3.581],[2.625],[3.482],[2.627],[3.629],[2.629],[3.631],[2.631],[3.561],[2.655],[3.462],[2.657],[3.659],[2.659],[3.617],[2.661],[3.518],[2.664],[3.664],[2.665],[3.666],[2.666],[3.574],[2.669],[3.476],[2.671],[3.672],[2.672],[3.631],[2.675],[3.532],[2.676],[3.679],[2.679],[3.639],[2.68],[3.589],[2.683],[3.488],[2.685],[3.686],[2.686],[3.643],[2.688],[3.545],[2.691],[3.692],[2.694],[3.695],[2.695],[3.601],[2.697],[3.504],[2.699],[3.7],[2.701],[3.658],[2.703],[3.559],[2.705],[3.707],[2.707],[3.708],[2.708]]],[["currentLatency",[4.586],[4.882],[4.783],[4.688],[4.588],[4.491],[4.394],[4.316],[4.241],[4.185],[4.132],[4.098],[4.067],[4.037],[4.028],[4.019],[4.018],[4.019],[4.019],[4.018],[4.018],[4.019],[4.018],[4.019],[4.018],[4.018],[4.02],[4.019],[4.019],[4.019],[4.018],[4.019],[4.018],[4.018],[4.019],[4.019],[4.018],[4.018],[4.018],[4.018],[4.019],[4.018],[4.019],[4.019],[4.019],[4.019],[4.018],[4.018],[4.019],[4.018],[4.019],[4.018],[4.018],[4.018],[4.018],[4.019],[4.02],[4.019],[4.019],[4.018],[4.019],[4.018],[4.018],[4.018],[4.039],[4.039],[4.04],[4.04],[4.04],[4.04],[4.039],[4.039],[4.04],[4.039],[4.04],[4.039],[4.039],[4.04],[4.039],[4.039],[4.04],[4.04],[4.04],[4.039],[4.04],[4.04],[4.039],[4.039],[4.04],[4.04],[4.04],[4.04],[4.041],[4.04],[4.04],[4.04],[4.04],[4.039],[4.04],[4.039],[4.04],[4.04],[4.039],[4.04],[4.039],[4.041],[4.039],[4.039],[4.04],[4.04],[4.04],[4.039],[4.04],[4.04],[4.04],[4.039],[4.04],[4.04],[4.04],[4.04]]]]", source: file:///home/seluser/ppt/player/dashjs/index.html (115)
[111:111:0202/174012.350838:INFO:CONSOLE(116)] "
", source: file:///home/seluser/ppt/player/dashjs/index.html (116)
[111:111:0202/174012.350874:INFO:CONSOLE(117)] "Finish Player stistics 
", source: file:///home/seluser/ppt/player/dashjs/index.html (117)
[111:111:0202/174013.350035:INFO:CONSOLE(128)] "currentLatencynow: 4.04", source: file:///home/seluser/ppt/player/dashjs/index.html (128)
[111:111:0202/174014.349434:INFO:CONSOLE(128)] "currentLatencynow: 4.04", source: file:///home/seluser/ppt/player/dashjs/index.html (128)
[111:111:0202/174015.349876:INFO:CONSOLE(128)] "currentLatencynow: 4.039", source: file:///home/seluser/ppt/player/dashjs/index.html (128)
[111:111:0202/174016.350684:INFO:CONSOLE(128)] "currentLatencynow: 4.04", source: file:///home/seluser/ppt/player/dashjs/index.html (128)
[111:111:0202/174017.350894:INFO:CONSOLE(128)] "currentLatencynow: 4.04", source: file:///home/seluser/ppt/player/dashjs/index.html (128)
[111:111:0202/174018.350218:INFO:CONSOLE(128)] "currentLatencynow: 4.04", source: file:///home/seluser/ppt/player/dashjs/index.html (128)
[111:111:0202/174019.350585:INFO:CONSOLE(128)] "currentLatencynow: 4.04", source: file:///home/seluser/ppt/player/dashjs/index.html (128)
[111:111:0202/174020.350572:INFO:CONSOLE(128)] "currentLatencynow: 4.042", source: file:///home/seluser/ppt/player/dashjs/index.html (128)
