[229:293:0130/105917.500962:ERROR:bus.cc(392)] Failed to connect to the bus: Failed to connect to socket /var/run/dbus/system_bus_socket: No such file or directory
[229:256:0130/105917.504470:ERROR:bus.cc(392)] Failed to connect to the bus: Address does not contain a colon
[229:256:0130/105917.504528:ERROR:bus.cc(392)] Failed to connect to the bus: Address does not contain a colon
[229:256:0130/105917.517757:ERROR:bus.cc(392)] Failed to connect to the bus: Address does not contain a colon
[229:256:0130/105917.517845:ERROR:bus.cc(392)] Failed to connect to the bus: Address does not contain a colon
[300:300:0130/105917.519272:ERROR:gpu_init.cc(453)] Passthrough is not supported, GL is swiftshader, ANGLE is 
[229:256:0130/105917.543339:ERROR:bus.cc(392)] Failed to connect to the bus: Address does not contain a colon
[229:256:0130/105917.544759:ERROR:bus.cc(392)] Failed to connect to the bus: Address does not contain a colon
[229:393:0130/105917.620469:ERROR:bus.cc(392)] Failed to connect to the bus: Failed to connect to socket /var/run/dbus/system_bus_socket: No such file or directory
[229:393:0130/105917.620542:ERROR:bus.cc(392)] Failed to connect to the bus: Failed to connect to socket /var/run/dbus/system_bus_socket: No such file or directory
[229:393:0130/105917.620603:ERROR:bus.cc(392)] Failed to connect to the bus: Failed to connect to socket /var/run/dbus/system_bus_socket: No such file or directory
[229:393:0130/105917.620621:WARNING:property.cc(144)] DaemonVersion: GetAndBlock: failed.
[229:393:0130/105917.620664:ERROR:bus.cc(392)] Failed to connect to the bus: Failed to connect to socket /var/run/dbus/system_bus_socket: No such file or directory
[229:393:0130/105917.620702:ERROR:bus.cc(392)] Failed to connect to the bus: Failed to connect to socket /var/run/dbus/system_bus_socket: No such file or directory
[229:229:0130/105918.935204:INFO:CONSOLE(128)] "currentLatencynow: NaN", source: file:///home/seluser/ppt/player/dashjs/index.html (128)
[229:304:0130/105919.747638:ERROR:chrome_browser_main_extra_parts_metrics.cc(228)] crbug.com/1216328: Checking Bluetooth availability started. Please report if there is no report that this ends.
[229:304:0130/105919.747777:ERROR:chrome_browser_main_extra_parts_metrics.cc(231)] crbug.com/1216328: Checking Bluetooth availability ended.
[229:304:0130/105919.747800:ERROR:chrome_browser_main_extra_parts_metrics.cc(234)] crbug.com/1216328: Checking default browser status started. Please report if there is no report that this ends.
[229:229:0130/105919.934948:INFO:CONSOLE(128)] "currentLatencynow: NaN", source: file:///home/seluser/ppt/player/dashjs/index.html (128)
[229:304:0130/105919.949274:ERROR:chrome_browser_main_extra_parts_metrics.cc(238)] crbug.com/1216328: Checking default browser status ended.
[229:229:0130/105920.934761:INFO:CONSOLE(128)] "currentLatencynow: NaN", source: file:///home/seluser/ppt/player/dashjs/index.html (128)
[229:229:0130/105921.935103:INFO:CONSOLE(128)] "currentLatencynow: 0", source: file:///home/seluser/ppt/player/dashjs/index.html (128)
[229:229:0130/105922.934988:INFO:CONSOLE(128)] "currentLatencynow: 0", source: file:///home/seluser/ppt/player/dashjs/index.html (128)
[229:229:0130/105923.935009:INFO:CONSOLE(128)] "currentLatencynow: 0", source: file:///home/seluser/ppt/player/dashjs/index.html (128)
[229:229:0130/105924.934952:INFO:CONSOLE(128)] "currentLatencynow: 0", source: file:///home/seluser/ppt/player/dashjs/index.html (128)
[229:229:0130/105925.934977:INFO:CONSOLE(128)] "currentLatencynow: 0", source: file:///home/seluser/ppt/player/dashjs/index.html (128)
[229:229:0130/105926.935049:INFO:CONSOLE(128)] "currentLatencynow: 0", source: file:///home/seluser/ppt/player/dashjs/index.html (128)
[632:632:0130/105927.422533:WARNING:audio_manager_linux.cc(69)] Falling back to ALSA for audio output. PulseAudio is not available or could not be initialized.
[632:632:0130/105927.433130:ERROR:alsa_util.cc(204)] PcmOpen: default,No such file or directory
[632:632:0130/105927.433482:ERROR:alsa_util.cc(204)] PcmOpen: plug:default,No such file or directory
[229:229:0130/105927.934987:INFO:CONSOLE(128)] "currentLatencynow: 10.398", source: file:///home/seluser/ppt/player/dashjs/index.html (128)
[229:229:0130/105928.934930:INFO:CONSOLE(128)] "currentLatencynow: 11.398", source: file:///home/seluser/ppt/player/dashjs/index.html (128)
[229:229:0130/105929.934911:INFO:CONSOLE(128)] "currentLatencynow: 12.398", source: file:///home/seluser/ppt/player/dashjs/index.html (128)
[229:229:0130/105930.934894:INFO:CONSOLE(128)] "currentLatencynow: 13.398", source: file:///home/seluser/ppt/player/dashjs/index.html (128)
[229:229:0130/105931.934903:INFO:CONSOLE(128)] "currentLatencynow: 14.398", source: file:///home/seluser/ppt/player/dashjs/index.html (128)
[229:229:0130/105932.934882:INFO:CONSOLE(128)] "currentLatencynow: 15.398", source: file:///home/seluser/ppt/player/dashjs/index.html (128)
[229:229:0130/105933.934971:INFO:CONSOLE(128)] "currentLatencynow: 16.398", source: file:///home/seluser/ppt/player/dashjs/index.html (128)
[229:229:0130/105934.934877:INFO:CONSOLE(128)] "currentLatencynow: 17.398", source: file:///home/seluser/ppt/player/dashjs/index.html (128)
[229:229:0130/105935.934856:INFO:CONSOLE(128)] "currentLatencynow: 18.398", source: file:///home/seluser/ppt/player/dashjs/index.html (128)
[229:229:0130/105936.934917:INFO:CONSOLE(128)] "currentLatencynow: 19.398", source: file:///home/seluser/ppt/player/dashjs/index.html (128)
[229:256:0130/105937.195531:ERROR:bus.cc(392)] Failed to connect to the bus: Address does not contain a colon
[229:256:0130/105937.198472:ERROR:bus.cc(392)] Failed to connect to the bus: Address does not contain a colon
[229:256:0130/105937.198508:ERROR:bus.cc(392)] Failed to connect to the bus: Address does not contain a colon
[229:256:0130/105937.198523:ERROR:bus.cc(392)] Failed to connect to the bus: Address does not contain a colon
[229:256:0130/105937.198544:ERROR:bus.cc(392)] Failed to connect to the bus: Address does not contain a colon
[229:256:0130/105937.198559:ERROR:bus.cc(392)] Failed to connect to the bus: Address does not contain a colon
[229:256:0130/105937.198571:ERROR:bus.cc(392)] Failed to connect to the bus: Address does not contain a colon
[229:256:0130/105937.198587:ERROR:bus.cc(392)] Failed to connect to the bus: Address does not contain a colon
[229:256:0130/105937.198597:ERROR:bus.cc(392)] Failed to connect to the bus: Address does not contain a colon
[229:256:0130/105937.198613:ERROR:bus.cc(392)] Failed to connect to the bus: Address does not contain a colon
[229:256:0130/105937.198625:ERROR:bus.cc(392)] Failed to connect to the bus: Address does not contain a colon
[229:256:0130/105937.198644:ERROR:bus.cc(392)] Failed to connect to the bus: Address does not contain a colon
[229:256:0130/105937.198659:ERROR:bus.cc(392)] Failed to connect to the bus: Address does not contain a colon
[229:256:0130/105937.198673:ERROR:bus.cc(392)] Failed to connect to the bus: Address does not contain a colon
[229:256:0130/105937.198724:ERROR:bus.cc(392)] Failed to connect to the bus: Address does not contain a colon
[229:256:0130/105937.198746:ERROR:bus.cc(392)] Failed to connect to the bus: Address does not contain a colon
[229:256:0130/105937.198763:ERROR:bus.cc(392)] Failed to connect to the bus: Address does not contain a colon
[229:256:0130/105937.253318:ERROR:bus.cc(392)] Failed to connect to the bus: Address does not contain a colon
[229:256:0130/105937.253375:ERROR:bus.cc(392)] Failed to connect to the bus: Address does not contain a colon
[229:229:0130/105937.934996:INFO:CONSOLE(128)] "currentLatencynow: 19.677", source: file:///home/seluser/ppt/player/dashjs/index.html (128)
[229:229:0130/105938.934916:INFO:CONSOLE(128)] "currentLatencynow: 20.399", source: file:///home/seluser/ppt/player/dashjs/index.html (128)
[229:229:0130/105939.934908:INFO:CONSOLE(128)] "currentLatencynow: 21.399", source: file:///home/seluser/ppt/player/dashjs/index.html (128)
[229:229:0130/105940.934924:INFO:CONSOLE(128)] "currentLatencynow: 22.399", source: file:///home/seluser/ppt/player/dashjs/index.html (128)
[229:229:0130/105941.934884:INFO:CONSOLE(128)] "currentLatencynow: 23.399", source: file:///home/seluser/ppt/player/dashjs/index.html (128)
[229:229:0130/105942.934916:INFO:CONSOLE(128)] "currentLatencynow: 24.399", source: file:///home/seluser/ppt/player/dashjs/index.html (128)
[229:229:0130/105943.934879:INFO:CONSOLE(128)] "currentLatencynow: 25.399", source: file:///home/seluser/ppt/player/dashjs/index.html (128)
[229:229:0130/105944.934812:INFO:CONSOLE(128)] "currentLatencynow: 26.399", source: file:///home/seluser/ppt/player/dashjs/index.html (128)
[229:256:0130/105945.610262:ERROR:bus.cc(392)] Failed to connect to the bus: Address does not contain a colon
[229:256:0130/105945.610326:ERROR:bus.cc(392)] Failed to connect to the bus: Address does not contain a colon
[229:229:0130/105945.934811:INFO:CONSOLE(128)] "currentLatencynow: 27.01", source: file:///home/seluser/ppt/player/dashjs/index.html (128)
[229:229:0130/105946.934884:INFO:CONSOLE(128)] "currentLatencynow: 27.01", source: file:///home/seluser/ppt/player/dashjs/index.html (128)
[229:229:0130/105947.934799:INFO:CONSOLE(128)] "currentLatencynow: 27.349", source: file:///home/seluser/ppt/player/dashjs/index.html (128)
[229:229:0130/105948.934887:INFO:CONSOLE(128)] "currentLatencynow: 28.349", source: file:///home/seluser/ppt/player/dashjs/index.html (128)
[229:229:0130/105949.934950:INFO:CONSOLE(128)] "currentLatencynow: 29.349", source: file:///home/seluser/ppt/player/dashjs/index.html (128)
[229:229:0130/105950.935632:INFO:CONSOLE(128)] "currentLatencynow: 30.349", source: file:///home/seluser/ppt/player/dashjs/index.html (128)
[229:229:0130/105951.934822:INFO:CONSOLE(128)] "currentLatencynow: 31.006", source: file:///home/seluser/ppt/player/dashjs/index.html (128)
[229:229:0130/105952.934834:INFO:CONSOLE(128)] "currentLatencynow: 32.006", source: file:///home/seluser/ppt/player/dashjs/index.html (128)
[229:229:0130/105953.934920:INFO:CONSOLE(128)] "currentLatencynow: 33.006", source: file:///home/seluser/ppt/player/dashjs/index.html (128)
[229:229:0130/105954.934894:INFO:CONSOLE(128)] "currentLatencynow: 34.006", source: file:///home/seluser/ppt/player/dashjs/index.html (128)
[229:229:0130/105955.934834:INFO:CONSOLE(128)] "currentLatencynow: 35.006", source: file:///home/seluser/ppt/player/dashjs/index.html (128)
[229:229:0130/105956.934914:INFO:CONSOLE(128)] "currentLatencynow: 36.006", source: file:///home/seluser/ppt/player/dashjs/index.html (128)
[229:229:0130/105957.935006:INFO:CONSOLE(128)] "currentLatencynow: 37.006", source: file:///home/seluser/ppt/player/dashjs/index.html (128)
[229:229:0130/105958.934870:INFO:CONSOLE(128)] "currentLatencynow: 38.006", source: file:///home/seluser/ppt/player/dashjs/index.html (128)
[229:229:0130/105959.934763:INFO:CONSOLE(128)] "currentLatencynow: 39.006", source: file:///home/seluser/ppt/player/dashjs/index.html (128)
[229:229:0130/110000.935158:INFO:CONSOLE(128)] "currentLatencynow: 40.006", source: file:///home/seluser/ppt/player/dashjs/index.html (128)
[229:229:0130/110001.934735:INFO:CONSOLE(128)] "currentLatencynow: 41.006", source: file:///home/seluser/ppt/player/dashjs/index.html (128)
[229:229:0130/110002.934859:INFO:CONSOLE(128)] "currentLatencynow: 42.006", source: file:///home/seluser/ppt/player/dashjs/index.html (128)
[229:229:0130/110003.934890:INFO:CONSOLE(128)] "currentLatencynow: 43.006", source: file:///home/seluser/ppt/player/dashjs/index.html (128)
[229:229:0130/110004.935112:INFO:CONSOLE(128)] "currentLatencynow: 44.006", source: file:///home/seluser/ppt/player/dashjs/index.html (128)
[229:229:0130/110005.934805:INFO:CONSOLE(128)] "currentLatencynow: 45.006", source: file:///home/seluser/ppt/player/dashjs/index.html (128)
[229:229:0130/110006.934906:INFO:CONSOLE(128)] "currentLatencynow: 46.006", source: file:///home/seluser/ppt/player/dashjs/index.html (128)
[229:229:0130/110007.934841:INFO:CONSOLE(128)] "currentLatencynow: 47.006", source: file:///home/seluser/ppt/player/dashjs/index.html (128)
[229:229:0130/110008.934810:INFO:CONSOLE(128)] "currentLatencynow: 48.006", source: file:///home/seluser/ppt/player/dashjs/index.html (128)
[229:[229:229:0130/110014.934900:INFO:CONSOLE(128)] "currentLatencynow: 54.006", source: file:///home/seluser/ppt/player/dashjs/index.html (128)
[229:229:0130/110015.934846:INFO:CONSOLE(128)] "currentLatencynow: 55.006", source: file:///home/seluser/ppt/player/dashjs/index.html (128)
[229:229:0130/110016.934855:INFO:CONSOLE(128)] "currentLatencynow: 56.006", source: file:///home/seluser/ppt/player/dashjs/index.html (128)
[229:304:0130/110017.578253:ERROR:database.cc(1761)] History SQLite error: code 13 errno 0: database or disk is full sql: INSERT OR REPLACE INTO meta (key,value) VALUES (?,?)
[229:229:0130/110017.934803:INFO:CONSOLE(128)] "currentLatencynow: 57.006", source: file:///home/seluser/ppt/player/dashjs/index.html (128)
[229:229:0130/110018.934909:INFO:CONSOLE(128)] "currentLatencynow: 58.006", source: file:///home/seluser/ppt/player/dashjs/index.html (128)
[229:229:0130/110019.934854:INFO:CONSOLE(128)] "currentLatencynow: 59.006", source: file:///home/seluser/ppt/player/dashjs/index.html (128)
[229:229:0130/110020.934774:INFO:CONSOLE(128)] "currentLatencynow: 60.006", source: file:///home/seluser/ppt/player/dashjs/index.html (128)
[229:229:0130/110021.934862:INFO:CONSOLE(128)] "currentLatencynow: 61.006", source: file:///home/seluser/ppt/player/dashjs/index.html (128)
[229:229:0130/110022.934800:INFO:CONSOLE(128)] "currentLatencynow: 62.006", source: file:///home/seluser/ppt/player/dashjs/index.html (128)
[229:229:0130/110023.934853:INFO:CONSOLE(128)] "currentLatencynow: 63.006", source: file:///home/seluser/ppt/player/dashjs/index.html (128)
[229:229:0130/110024.934842:INFO:CONSOLE(128)] "currentLatencynow: 64.006", source: file:///home/seluser/ppt/player/dashjs/index.html (128)
[229:229:0130/110025.934877:INFO:CONSOLE(128)] "currentLatencynow: 65.006", source: file:///home/seluser/ppt/player/dashjs/index.html (128)
[229:229:0130/110026.935011:INFO:CONSOLE(128)] "currentLatencynow: 66.006", source: file:///home/seluser/ppt/player/dashjs/index.html (128)
[229:229:0130/110027.934811:INFO:CONSOLE(128)] "currentLatencynow: 67.006", source: file:///home/seluser/ppt/player/dashjs/index.html (128)
[229:229:0130/110028.934935:INFO:CONSOLE(128)] "currentLatencynow: 68.006", source: file:///home/seluser/ppt/player/dashjs/index.html (128)
[229:229:0130/110029.934820:INFO:CONSOLE(128)] "currentLatencynow: 69.006", source: file:///home/seluser/ppt/player/dashjs/index.html (128)
[229:229:0130/110030.934903:INFO:CONSOLE(128)] "currentLatencynow: 70.006", source: file:///home/seluser/ppt/player/dashjs/index.html (128)
[229:229:0130/110031.934831:INFO:CONSOLE(128)] "currentLatencynow: 71.006", source: file:///home/seluser/ppt/player/dashjs/index.html (128)
[229:229:0130/110032.934866:INFO:CONSOLE(128)] "currentLatencynow: 72.006", source: file:///home/seluser/ppt/player/dashjs/index.html (128)
[229:229:0130/110033.934865:INFO:CONSOLE(128)] "currentLatencynow: 73.006", source: file:///home/seluser/ppt/player/dashjs/index.html (128)
[301:338:0130/110034.046377:ERROR:simple_index_file.cc(310)] Failed to write the temporary index file
[229:229:0130/110034.934871:INFO:CONSOLE(128)] "currentLatencynow: 74.006", source: file:///home/seluser/ppt/player/dashjs/index.html (128)
[229:229:0130/110035.934823:INFO:CONSOLE(128)] "currentLatencynow: 75.006", source: file:///home/seluser/ppt/player/dashjs/index.html (128)
[229:229:0130/110036.934821:INFO:CONSOLE(128)] "currentLatencynow: 76.006", source: file:///home/seluser/ppt/player/dashjs/index.html (128)
[229:229:0130/110037.934931:INFO:CONSOLE(128)] "currentLatencynow: 77.006", source: file:///home/seluser/ppt/player/dashjs/index.html (128)
[229:229:0130/110038.934868:INFO:CONSOLE(128)] "currentLatencynow: 78.006", source: file:///home/seluser/ppt/player/dashjs/index.html (128)
[229:229:0130/110039.934977:INFO:CONSOLE(128)] "currentLatencynow: 79.006", source: file:///home/seluser/ppt/player/dashjs/index.html (128)
[229:229:0130/110040.934835:INFO:CONSOLE(128)] "currentLatencynow: 80.006", source: file:///home/seluser/ppt/player/dashjs/index.html (128)
[229:229:0130/110041.934909:INFO:CONSOL[229:229:0130/110209.935020:INFO:CONSOLE(128)] "currentLatencynow: 169.006", source: file:///home/seluser/ppt/player/dashjs/index.html (128)
[229:229:0130/110210.934928:INFO:CONSOLE(128)] "currentLatencynow: 170.006", source: file:///home/seluser/ppt/player/dashjs/index.html (128)
[229:229:0130/110211.934934:INFO:CONSOLE(128)] "currentLatencynow: 171.006", source: file:///home/seluser/ppt/player/dashjs/index.html (128)
[229:229:0130/110212.934982:INFO:CONSOLE(128)] "currentLatencynow: 172.006", source: file:///home/seluser/ppt/player/dashjs/index.html (128)
[229:229:0130/110213.935050:INFO:CONSOLE(128)] "currentLatencynow: 173.006", source: file:///home/seluser/ppt/player/dashjs/index.html (128)
[229:229:0130/110214.934859:INFO:CONSOLE(128)] "currentLatencynow: 174.006", source: file:///home/seluser/ppt/player/dashjs/index.html (128)
[229:229:0130/110215.934868:INFO:CONSOLE(128)] "currentLatencynow: 175.006", source: file:///home/seluser/ppt/player/dashjs/index.html (128)
[229:229:0130/110216.934909:INFO:CONSOLE(128)] "currentLatencynow: 176.006", source: file:///home/seluser/ppt/player/dashjs/index.html (128)
[229:229:0130/110217.934906:INFO:CONSOLE(128)] "currentLatencynow: 177.006", source: file:///home/seluser/ppt/player/dashjs/index.html (128)
[229:304:0130/110218.061924:ERROR:database.cc(1761)] History SQLite error: code 1 errno 0: cannot commit - no transaction is active sql: COMMIT
[229:229:0130/110218.081219:WARNING:pref_notifier_impl.cc(40)] Pref observer for media_router.cast_allow_all_ips found at shutdown.
