[103:138:0103/103433.836478:ERROR:bus.cc(392)] Failed to connect to the bus: Failed to connect to socket /var/run/dbus/system_bus_socket: No such file or directory
[103:129:0103/103433.839101:ERROR:bus.cc(392)] Failed to connect to the bus: Address does not contain a colon
[103:129:0103/103433.839150:ERROR:bus.cc(392)] Failed to connect to the bus: Address does not contain a colon
[103:129:0103/103433.853016:ERROR:bus.cc(392)] Failed to connect to the bus: Address does not contain a colon
[103:129:0103/103433.853064:ERROR:bus.cc(392)] Failed to connect to the bus: Address does not contain a colon
[146:146:0103/103433.859353:ERROR:gpu_init.cc(453)] Passthrough is not supported, GL is swiftshader, ANGLE is 
[103:129:0103/103433.894224:ERROR:bus.cc(392)] Failed to connect to the bus: Address does not contain a colon
[103:129:0103/103433.894260:ERROR:bus.cc(392)] Failed to connect to the bus: Address does not contain a colon
[103:220:0103/103434.086385:ERROR:bus.cc(392)] Failed to connect to the bus: Failed to connect to socket /var/run/dbus/system_bus_socket: No such file or directory
[103:220:0103/103434.086459:ERROR:bus.cc(392)] Failed to connect to the bus: Failed to connect to socket /var/run/dbus/system_bus_socket: No such file or directory
[103:220:0103/103434.086528:ERROR:bus.cc(392)] Failed to connect to the bus: Failed to connect to socket /var/run/dbus/system_bus_socket: No such file or directory
[103:220:0103/103434.086562:WARNING:property.cc(144)] DaemonVersion: GetAndBlock: failed.
[103:220:0103/103434.086603:ERROR:bus.cc(392)] Failed to connect to the bus: Failed to connect to socket /var/run/dbus/system_bus_socket: No such file or directory
[103:220:0103/103434.086662:ERROR:bus.cc(392)] Failed to connect to the bus: Failed to connect to socket /var/run/dbus/system_bus_socket: No such file or directory
[103:163:0103/103437.034159:ERROR:chrome_browser_main_extra_parts_metrics.cc(228)] crbug.com/1216328: Checking Bluetooth availability started. Please report if there is no report that this ends.
[103:163:0103/103437.034207:ERROR:chrome_browser_main_extra_parts_metrics.cc(231)] crbug.com/1216328: Checking Bluetooth availability ended.
[103:163:0103/103437.034230:ERROR:chrome_browser_main_extra_parts_metrics.cc(234)] crbug.com/1216328: Checking default browser status started. Please report if there is no report that this ends.
[103:163:0103/103437.178875:ERROR:chrome_browser_main_extra_parts_metrics.cc(238)] crbug.com/1216328: Checking default browser status ended.
[103:103:0103/103448.333499:INFO:CONSOLE(126)] "currentLatencynow: NaN", source: file:///home/seluser/ppt/player/bola1/index.html (126)
[103:103:0103/103449.333120:INFO:CONSOLE(126)] "currentLatencynow: NaN", source: file:///home/seluser/ppt/player/bola1/index.html (126)
[103:103:0103/103450.332990:INFO:CONSOLE(126)] "currentLatencynow: NaN", source: file:///home/seluser/ppt/player/bola1/index.html (126)
[103:103:0103/103451.333149:INFO:CONSOLE(126)] "currentLatencynow: NaN", source: file:///home/seluser/ppt/player/bola1/index.html (126)
[103:103:0103/103452.333073:INFO:CONSOLE(126)] "currentLatencynow: NaN", source: file:///home/seluser/ppt/player/bola1/index.html (126)
[103:103:0103/103453.333135:INFO:CONSOLE(126)] "currentLatencynow: 0", source: file:///home/seluser/ppt/player/bola1/index.html (126)
[103:103:0103/103454.333099:INFO:CONSOLE(126)] "currentLatencynow: 0", source: file:///home/seluser/ppt/player/bola1/index.html (126)
[103:103:0103/103455.333046:INFO:CONSOLE(126)] "currentLatencynow: 0", source: file:///home/seluser/ppt/player/bola1/index.html (126)
[103:103:0103/103456.332994:INFO:CONSOLE(126)] "currentLatencynow: 0", source: file:///home/seluser/ppt/player/bola1/index.html (126)
[103:103:0103/103457.333058:INFO:CONSOLE(126)] "currentLatencynow: 0", source: file:///home/seluser/ppt/player/bola1/index.html (126)
[103:103:0103/103458.333177:INFO:CONSOLE(126)] "currentLatencynow: 0", source: file:///home/seluser/ppt/player/bola1/index.html (126)
[431:431:0103/103458.369718:WARNING:audio_manager_linux.cc(69)] Falling back to ALSA for audio output. PulseAudio is not available or could not be initialized.
[431:431:0103/103458.381448:ERROR:alsa_util.cc(204)] PcmOpen: default,No such file or directory
[431:431:0103/103458.381642:ERROR:alsa_util.cc(204)] PcmOpen: plug:default,No such file or directory
[103:103:0103/103459.333130:INFO:CONSOLE(126)] "currentLatencynow: 10.524", source: file:///home/seluser/ppt/player/bola1/index.html (126)
[103:129:0103/103500.081691:ERROR:bus.cc(392)] Failed to connect to the bus: Address does not contain a colon
[103:129:0103/103500.081778:ERROR:bus.cc(392)] Failed to connect to the bus: Address does not contain a colon
[103:129:0103/103500.081799:ERROR:bus.cc(392)] Failed to connect to the bus: Address does not contain a colon
[103:129:0103/103500.081814:ERROR:bus.cc(392)] Failed to connect to the bus: Address does not contain a colon
[103:129:0103/103500.081829:ERROR:bus.cc(392)] Failed to connect to the bus: Address does not contain a colon
[103:129:0103/103500.081846:ERROR:bus.cc(392)] Failed to connect to the bus: Address does not contain a colon
[103:129:0103/103500.081860:ERROR:bus.cc(392)] Failed to connect to the bus: Address does not contain a colon
[103:129:0103/103500.081872:ERROR:bus.cc(392)] Failed to connect to the bus: Address does not contain a colon
[103:129:0103/103500.081886:ERROR:bus.cc(392)] Failed to connect to the bus: Address does not contain a colon
[103:129:0103/103500.081900:ERROR:bus.cc(392)] Failed to connect to the bus: Address does not contain a colon
[103:129:0103/103500.081913:ERROR:bus.cc(392)] Failed to connect to the bus: Address does not contain a colon
[103:129:0103/103500.081927:ERROR:bus.cc(392)] Failed to connect to the bus: Address does not contain a colon
[103:129:0103/103500.081940:ERROR:bus.cc(392)] Failed to connect to the bus: Address does not contain a colon
[103:129:0103/103500.081953:ERROR:bus.cc(392)] Failed to connect to the bus: Address does not contain a colon
[103:129:0103/103500.089214:ERROR:bus.cc(392)] Failed to connect to the bus: Address does not contain a colon
[103:129:0103/103500.089265:ERROR:bus.cc(392)] Failed to connect to the bus: Address does not contain a colon
[103:129:0103/103500.089285:ERROR:bus.cc(392)] Failed to connect to the bus: Address does not contain a colon
[103:129:0103/103500.118355:ERROR:bus.cc(392)] Failed to connect to the bus: Address does not contain a colon
[103:129:0103/103500.118404:ERROR:bus.cc(392)] Failed to connect to the bus: Address does not contain a colon
[103:103:0103/103500.333045:INFO:CONSOLE(126)] "currentLatencynow: 11.344", source: file:///home/seluser/ppt/player/bola1/index.html (126)
[103:103:0103/103501.333041:INFO:CONSOLE(126)] "currentLatencynow: 11.344", source: file:///home/seluser/ppt/player/bola1/index.html (126)
[103:103:0103/103502.332971:INFO:CONSOLE(126)] "currentLatencynow: 11.344", source: file:///home/seluser/ppt/player/bola1/index.html (126)
[103:103:0103/103503.333040:INFO:CONSOLE(126)] "currentLatencynow: 11.301", source: file:///home/seluser/ppt/player/bola1/index.html (126)
[103:103:0103/103504.333120:INFO:CONSOLE(126)] "currentLatencynow: 11.201", source: file:///home/seluser/ppt/player/bola1/index.html (126)
[103:103:0103/103505.333029:INFO:CONSOLE(126)] "currentLatencynow: 11.101", source: file:///home/seluser/ppt/player/bola1/index.html (126)
[103:103:0103/103506.333030:INFO:CONSOLE(126)] "currentLatencynow: 11.001", source: file:///home/seluser/ppt/player/bola1/index.html (126)
[103:103:0103/103507.332969:INFO:CONSOLE(126)] "currentLatencynow: 10.969", source: file:///home/seluser/ppt/player/bola1/index.html (126)
[103:103:0103/103508.333006:INFO:CONSOLE(126)] "currentLatencynow: 10.969", source: file:///home/seluser/ppt/player/bola1/index.html (126)
[103:103:0103/103509.333000:INFO:CONSOLE(126)] "currentLatencynow: 10.969", source: file:///home/seluser/ppt/player/bola1/index.html (126)
[103:103:0103/103510.333043:INFO:CONSOLE(126)] "currentLatencynow: 10.969", source: file:///home/seluser/ppt/player/bola1/index.html (126)
[103:103:0103/103511.333048:INFO:CONSOLE(126)] "currentLatencynow: 11.26", source: file:///home/seluser/ppt/player/bola1/index.html (126)
[103:103:0103/103512.333123:INFO:CONSOLE(126)] "currentLatencynow: 11.16", source: file:///home/seluser/ppt/player/bola1/index.html (126)
[103:103:0103/103513.333138:INFO:CONSOLE(126)] "currentLatencynow: 11.1", source: file:///home/seluser/ppt/player/bola1/index.html (126)
[103:103:0103/103514.333051:INFO:CONSOLE(126)] "currentLatencynow: 11", source: file:///home/seluser/ppt/player/bola1/index.html (126)
[103:103:0103/103515.333217:INFO:CONSOLE(126)] "currentLatencynow: 10.901", source: file:///home/seluser/ppt/player/bola1/index.html (126)
[103:103:0103/103516.333387:INFO:CONSOLE(126)] "currentLatencynow: 10.801", source: file:///home/seluser/ppt/player/bola1/index.html (126)
[103:103:0103/103517.333116:INFO:CONSOLE(126)] "currentLatencynow: 10.7", source: file:///home/seluser/ppt/player/bola1/index.html (126)
[103:103:0103/103518.333019:INFO:CONSOLE(126)] "currentLatencynow: 10.6", source: file:///home/seluser/ppt/player/bola1/index.html (126)
[103:103:0103/103519.333025:INFO:CONSOLE(126)] "currentLatencynow: 10.5", source: file:///home/seluser/ppt/player/bola1/index.html (126)
[103:103:0103/103520.333034:INFO:CONSOLE(126)] "currentLatencynow: 10.415", source: file:///home/seluser/ppt/player/bola1/index.html (126)
[103:103:0103/103521.333026:INFO:CONSOLE(126)] "currentLatencynow: 10.415", source: file:///home/seluser/ppt/player/bola1/index.html (126)
[103:103:0103/103522.333026:INFO:CONSOLE(126)] "currentLatencynow: 10.454", source: file:///home/seluser/ppt/player/bola1/index.html (126)
[103:103:0103/103523.333257:INFO:CONSOLE(126)] "currentLatencynow: 10.416", source: file:///home/seluser/ppt/player/bola1/index.html (126)
[103:103:0103/103524.333026:INFO:CONSOLE(126)] "currentLatencynow: 10.316", source: file:///home/seluser/ppt/player/bola1/index.html (126)
[103:103:0103/103525.333029:INFO:CONSOLE(126)] "currentLatencynow: 10.216", source: file:///home/seluser/ppt/player/bola1/index.html (126)
[103:103:0103/103526.333011:INFO:CONSOLE(126)] "currentLatencynow: 10.116", source: file:///home/seluser/ppt/player/bola1/index.html (126)
[103:103:0103/103527.333111:INFO:CONSOLE(126)] "currentLatencynow: 10.016", source: file:///home/seluser/ppt/player/bola1/index.html (126)
[103:103:0103/103528.333015:INFO:CONSOLE(126)] "currentLatencynow: 9.916", source: file:///home/seluser/ppt/player/bola1/index.html (126)
[103:103:0103/103529.333048:INFO:CONSOLE(126)] "currentLatencynow: 9.816", source: file:///home/seluser/ppt/player/bola1/index.html (126)
[103:103:0103/103530.333014:INFO:CONSOLE(126)] "currentLatencynow: 9.716", source: file:///home/seluser/ppt/player/bola1/index.html (126)
[103:103:0103/103531.333113:INFO:CONSOLE(126)] "currentLatencynow: 9.616", source: file:///home/seluser/ppt/player/bola1/index.html (126)
[103:103:0103/103532.333126:INFO:CONSOLE(126)] "currentLatencynow: 9.516", source: file:///home/seluser/ppt/player/bola1/index.html (126)
[103:103:0103/103533.332998:INFO:CONSOLE(126)] "currentLatencynow: 9.416", source: file:///home/seluser/ppt/player/bola1/index.html (126)
[103:103:0103/103534.333027:INFO:CONSOLE(126)] "currentLatencynow: 9.316", source: file:///home/seluser/ppt/player/bola1/index.html (126)
[103:103:0103/103535.333013:INFO:CONSOLE(126)] "currentLatencynow: 9.216", source: file:///home/seluser/ppt/player/bola1/index.html (126)
[103:103:0103/103536.333162:INFO:CONSOLE(126)] "currentLatencynow: 9.116", source: file:///home/seluser/ppt/player/bola1/index.html (126)
[103:103:0103/103537.333099:INFO:CONSOLE(126)] "currentLatencynow: 9.016", source: file:///home/seluser/ppt/player/bola1/index.html (126)
[103:103:0103/103538.333029:INFO:CONSOLE(126)] "currentLatencynow: 8.916", source: file:///home/seluser/ppt/player/bola1/index.html (126)
[103:103:0103/103539.333119:INFO:CONSOLE(126)] "currentLatencynow: 8.816", source: file:///home/seluser/ppt/player/bola1/index.html (126)
[103:103:0103/103540.333072:INFO:CONSOLE(126)] "currentLatencynow: 8.716", source: file:///home/seluser/ppt/player/bola1/index.html (126)
[103:103:0103/103541.333056:INFO:CONSOLE(126)] "currentLatencynow: 8.616", source: file:///home/seluser/ppt/player/bola1/index.html (126)
[103:103:0103/103542.333081:INFO:CONSOLE(126)] "currentLatencynow: 8.516", source: file:///home/seluser/ppt/player/bola1/index.html (126)
[103:103:0103/103543.333027:INFO:CONSOLE(126)] "currentLatencynow: 8.416", source: file:///home/seluser/ppt/player/bola1/index.html (126)
[103:103:0103/103544.333006:INFO:CONSOLE(126)] "currentLatencynow: 8.346", source: file:///home/seluser/ppt/player/bola1/index.html (126)
[103:103:0103/103545.333036:INFO:CONSOLE(126)] "currentLatencynow: 8.346", source: file:///home/seluser/ppt/player/bola1/index.html (126)
[103:103:0103/103546.333060:INFO:CONSOLE(126)] "currentLatencynow: 8.317", source: file:///home/seluser/ppt/player/bola1/index.html (126)
[103:103:0103/103547.333022:INFO:CONSOLE(126)] "currentLatencynow: 8.217", source: file:///home/seluser/ppt/player/bola1/index.html (126)
[103:103:0103/103548.333022:INFO:CONSOLE(126)] "currentLatencynow: 8.171", source: file:///home/seluser/ppt/player/bola1/index.html (126)
[103:103:0103/103549.333026:INFO:CONSOLE(126)] "currentLatencynow: 8.171", source: file:///home/seluser/ppt/player/bola1/index.html (126)
[103:103:0103/103550.333074:INFO:CONSOLE(126)] "currentLatencynow: 8.126", source: file:///home/seluser/ppt/player/bola1/index.html (126)
[103:103:0103/103551.333004:INFO:CONSOLE(126)] "currentLatencynow: 8.026", source: file:///home/seluser/ppt/player/bola1/index.html (126)
[103:103:0103/103552.333017:INFO:CONSOLE(126)] "currentLatencynow: 7.926", source: file:///home/seluser/ppt/player/bola1/index.html (126)
[103:103:0103/103553.333012:INFO:CONSOLE(126)] "currentLatencynow: 7.826", source: file:///home/seluser/ppt/player/bola1/index.html (126)
[103:103:0103/103554.333127:INFO:CONSOLE(126)] "currentLatencynow: 7.726", source: file:///home/seluser/ppt/player/bola1/index.html (126)
[103:103:0103/103555.333046:INFO:CONSOLE(126)] "currentLatencynow: 7.626", source: file:///home/seluser/ppt/player/bola1/index.html (126)
[103:103:0103/103556.333076:INFO:CONSOLE(126)] "currentLatencynow: 7.526", source: file:///home/seluser/ppt/player/bola1/index.html (126)
[103:103:0103/103557.333028:INFO:CONSOLE(126)] "currentLatencynow: 7.426", source: file:///home/seluser/ppt/player/bola1/index.html (126)
[103:103:0103/103558.333043:INFO:CONSOLE(126)] "currentLatencynow: 7.326", source: file:///home/seluser/ppt/player/bola1/index.html (126)
[103:103:0103/103559.333058:INFO:CONSOLE(126)] "currentLatencynow: 7.226", source: file:///home/seluser/ppt/player/bola1/index.html (126)
[103:103:0103/103600.333230:INFO:CONSOLE(126)] "currentLatencynow: 7.126", source: file:///home/seluser/ppt/player/bola1/index.html (126)
[103:103:0103/103601.333120:INFO:CONSOLE(126)] "currentLatencynow: 7.026", source: file:///home/seluser/ppt/player/bola1/index.html (126)
[103:103:0103/103602.333028:INFO:CONSOLE(126)] "currentLatencynow: 6.926", source: file:///home/seluser/ppt/player/bola1/index.html (126)
[103:103:0103/103603.333085:INFO:CONSOLE(126)] "currentLatencynow: 6.826", source: file:///home/seluser/ppt/player/bola1/index.html (126)
[103:103:0103/103604.333128:INFO:CONSOLE(126)] "currentLatencynow: 6.726", source: file:///home/seluser/ppt/player/bola1/index.html (126)
[103:103:0103/103605.333088:INFO:CONSOLE(126)] "currentLatencynow: 6.705", source: file:///home/seluser/ppt/player/bola1/index.html (126)
[103:103:0103/103606.333056:INFO:CONSOLE(126)] "currentLatencynow: 6.705", source: file:///home/seluser/ppt/player/bola1/index.html (126)
[103:103:0103/103607.333097:INFO:CONSOLE(126)] "currentLatencynow: 6.705", source: file:///home/seluser/ppt/player/bola1/index.html (126)
[103:103:0103/103608.333001:INFO:CONSOLE(126)] "currentLatencynow: 6.676", source: file:///home/seluser/ppt/player/bola1/index.html (126)
[103:103:0103/103609.333104:INFO:CONSOLE(126)] "currentLatencynow: 6.576", source: file:///home/seluser/ppt/player/bola1/index.html (126)
[103:103:0103/103610.333114:INFO:CONSOLE(126)] "currentLatencynow: 6.476", source: file:///home/seluser/ppt/player/bola1/index.html (126)
[103:103:0103/103611.333051:INFO:CONSOLE(126)] "currentLatencynow: 6.376", source: file:///home/seluser/ppt/player/bola1/index.html (126)
[103:103:0103/103612.333118:INFO:CONSOLE(126)] "currentLatencynow: 6.276", source: file:///home/seluser/ppt/player/bola1/index.html (126)
[103:103:0103/103613.333067:INFO:CONSOLE(126)] "currentLatencynow: 6.176", source: file:///home/seluser/ppt/player/bola1/index.html (126)
[103:103:0103/103614.333118:INFO:CONSOLE(126)] "currentLatencynow: 6.076", source: file:///home/seluser/ppt/player/bola1/index.html (126)
[103:103:0103/103615.333059:INFO:CONSOLE(126)] "currentLatencynow: 5.976", source: file:///home/seluser/ppt/player/bola1/index.html (126)
[103:103:0103/103616.333099:INFO:CONSOLE(126)] "currentLatencynow: 5.876", source: file:///home/seluser/ppt/player/bola1/index.html (126)
[103:103:0103/103617.333066:INFO:CONSOLE(126)] "currentLatencynow: 5.776", source: file:///home/seluser/ppt/player/bola1/index.html (126)
[103:103:0103/103618.333114:INFO:CONSOLE(126)] "currentLatencynow: 5.676", source: file:///home/seluser/ppt/player/bola1/index.html (126)
[103:103:0103/103619.333081:INFO:CONSOLE(126)] "currentLatencynow: 5.576", source: file:///home/seluser/ppt/player/bola1/index.html (126)
[103:103:0103/103620.333051:INFO:CONSOLE(126)] "currentLatencynow: 5.476", source: file:///home/seluser/ppt/player/bola1/index.html (126)
[103:103:0103/103621.333087:INFO:CONSOLE(126)] "currentLatencynow: 5.376", source: file:///home/seluser/ppt/player/bola1/index.html (126)
[103:103:0103/103622.333105:INFO:CONSOLE(126)] "currentLatencynow: 5.276", source: file:///home/seluser/ppt/player/bola1/index.html (126)
[103:103:0103/103623.333063:INFO:CONSOLE(126)] "currentLatencynow: 5.176", source: file:///home/seluser/ppt/player/bola1/index.html (126)
[103:103:0103/103624.333136:INFO:CONSOLE(126)] "currentLatencynow: 5.076", source: file:///home/seluser/ppt/player/bola1/index.html (126)
[103:103:0103/103625.333032:INFO:CONSOLE(126)] "currentLatencynow: 4.976", source: file:///home/seluser/ppt/player/bola1/index.html (126)
[103:103:0103/103626.333144:INFO:CONSOLE(126)] "currentLatencynow: 4.876", source: file:///home/seluser/ppt/player/bola1/index.html (126)
[103:103:0103/103627.333070:INFO:CONSOLE(126)] "currentLatencynow: 4.776", source: file:///home/seluser/ppt/player/bola1/index.html (126)
[103:103:0103/103628.333003:INFO:CONSOLE(126)] "currentLatencynow: 4.676", source: file:///home/seluser/ppt/player/bola1/index.html (126)
[103:103:0103/103629.333048:INFO:CONSOLE(126)] "currentLatencynow: 4.576", source: file:///home/seluser/ppt/player/bola1/index.html (126)
[103:103:0103/103630.333117:INFO:CONSOLE(126)] "currentLatencynow: 4.476", source: file:///home/seluser/ppt/player/bola1/index.html (126)
[103:103:0103/103631.333081:INFO:CONSOLE(126)] "currentLatencynow: 4.386", source: file:///home/seluser/ppt/player/bola1/index.html (126)
[103:103:0103/103632.333037:INFO:CONSOLE(126)] "currentLatencynow: 4.307", source: file:///home/seluser/ppt/player/bola1/index.html (126)
[103:103:0103/103633.333028:INFO:CONSOLE(126)] "currentLatencynow: 4.233", source: file:///home/seluser/ppt/player/bola1/index.html (126)
[103:103:0103/103634.333086:INFO:CONSOLE(126)] "currentLatencynow: 4.177", source: file:///home/seluser/ppt/player/bola1/index.html (126)
[103:103:0103/103635.333067:INFO:CONSOLE(126)] "currentLatencynow: 4.127", source: file:///home/seluser/ppt/player/bola1/index.html (126)
[103:103:0103/103636.333122:INFO:CONSOLE(126)] "currentLatencynow: 4.093", source: file:///home/seluser/ppt/player/bola1/index.html (126)
[103:103:0103/103637.333179:INFO:CONSOLE(126)] "currentLatencynow: 4.058", source: file:///home/seluser/ppt/player/bola1/index.html (126)
[103:103:0103/103638.333007:INFO:CONSOLE(126)] "currentLatencynow: 4.041", source: file:///home/seluser/ppt/player/bola1/index.html (126)
[103:103:0103/103639.333201:INFO:CONSOLE(126)] "currentLatencynow: 4.027", source: file:///home/seluser/ppt/player/bola1/index.html (126)
[103:103:0103/103640.333073:INFO:CONSOLE(126)] "currentLatencynow: 4.019", source: file:///home/seluser/ppt/player/bola1/index.html (126)
[103:103:0103/103641.333045:INFO:CONSOLE(126)] "currentLatencynow: 4.019", source: file:///home/seluser/ppt/player/bola1/index.html (126)
[103:103:0103/103642.333137:INFO:CONSOLE(126)] "currentLatencynow: 4.019", source: file:///home/seluser/ppt/player/bola1/index.html (126)
[103:103:0103/103643.333063:INFO:CONSOLE(126)] "currentLatencynow: 4.019", source: file:///home/seluser/ppt/player/bola1/index.html (126)
[103:103:0103/103644.333065:INFO:CONSOLE(126)] "currentLatencynow: 4.019", source: file:///home/seluser/ppt/player/bola1/index.html (126)
[103:103:0103/103645.333066:INFO:CONSOLE(126)] "currentLatencynow: 4.019", source: file:///home/seluser/ppt/player/bola1/index.html (126)
[103:103:0103/103646.333128:INFO:CONSOLE(112)] "Begin Player stistics 
", source: file:///home/seluser/ppt/player/bola1/index.html (112)
[103:103:0103/103646.333801:INFO:CONSOLE(113)] "["stall",[["23.82","25.63",1.8099999999999987]],[["36.26","36.51",0.25]],[["38.41","38.66",0.25]],[["47.76","48.01",0.25]],[["availibleBW",[null],[null],[null],[null],[null],[null],[null],[null],[null],[null],[null],[null],[717],[717],[815],[912],[912],[912],[884],[828],[828],[806],[806],[753],[753],[868],[1729],[2568],[2719],[2719],[2717],[2725],[2725],[2722],[2721],[2721],[2825],[2965],[3107],[3252],[3290],[3282],[3282],[3280],[3280],[3269],[3352],[3352],[3352],[3352],[2887],[2887],[2887],[2887],[2459],[2459],[2084],[1236],[1381],[1381],[1429],[1484],[1516],[1513],[1504],[2571],[2601],[2601],[2899],[3492],[3492],[2857],[2955],[2807],[2690],[2690],[2690],[2584],[2584],[2584],[3559],[4219],[3787],[3787],[4023],[4023],[3165],[3165],[2439],[2439],[2176],[2176],[2035],[2035],[2281],[2281],[2057],[2057],[1301],[1301],[1243],[1243],[508],[508],[512],[512],[504],[504],[505],[505],[506],[506],[495],[495],[509],[509],[502],[502]]],[["currentBuffer",[0],[0],[0],[0],[0],[0],[0],[0],[0],[0],[0],[0],[0.789],[0],[0.791],[3.752],[2.652],[1.552],[0.452],[1.421],[0.421],[1.423],[0.423],[1.734],[0.745],[3.676],[6.68],[5.547],[4.365],[3.398],[2.298],[1.033],[0.098],[1.093],[2],[1.013],[1.915],[2.817],[3.719],[4.621],[5.454],[6.425],[5.325],[6.172],[5.127],[6.029],[6.931],[5.831],[4.731],[3.631],[4.467],[3.433],[2.333],[1.233],[2.135],[1.035],[0],[0.955],[1.829],[0.84],[0],[0.784],[1.753],[2.654],[3.501],[6.35],[7.363],[6.263],[5.163],[4.063],[2.896],[1.863],[0.763],[1.665],[2.567],[1.467],[0.367],[1.336],[0.337],[0],[4.258],[5.227],[6.129],[5.029],[5.931],[4.831],[5.733],[4.633],[5.535],[4.435],[5.27],[4.237],[5.14],[4.039],[4.941],[3.84],[4.743],[3.643],[4.545],[3.445],[4.236],[3.247],[4.149],[3.057],[3.979],[2.904],[3.849],[2.796],[3.764],[2.73],[3.65],[2.698],[3.69],[2.69],[3.692],[2.692],[3.694],[2.694]]],[["currentLatency",[null],[null],[null],[null],[null],[0],[0],[0],[0],[0],[0],[10.524],[11.344],[11.344],[11.344],[11.301],[11.201],[11.101],[11.001],[10.969],[10.969],[10.969],[10.969],[11.26],[11.16],[11.1],[11],[10.901],[10.801],[10.7],[10.6],[10.5],[10.415],[10.415],[10.454],[10.416],[10.316],[10.216],[10.116],[10.016],[9.916],[9.816],[9.716],[9.616],[9.516],[9.416],[9.316],[9.216],[9.116],[9.016],[8.916],[8.816],[8.716],[8.616],[8.516],[8.416],[8.346],[8.346],[8.317],[8.217],[8.171],[8.171],[8.126],[8.026],[7.926],[7.826],[7.726],[7.626],[7.526],[7.426],[7.326],[7.226],[7.126],[7.026],[6.926],[6.826],[6.726],[6.705],[6.705],[6.705],[6.676],[6.576],[6.476],[6.376],[6.276],[6.176],[6.076],[5.976],[5.876],[5.776],[5.676],[5.576],[5.476],[5.376],[5.276],[5.176],[5.076],[4.976],[4.876],[4.776],[4.676],[4.576],[4.476],[4.386],[4.307],[4.233],[4.177],[4.127],[4.093],[4.058],[4.041],[4.027],[4.019],[4.019],[4.019],[4.019],[4.019],[4.019]]]]", source: file:///home/seluser/ppt/player/bola1/index.html (113)
[103:103:0103/103646.333896:INFO:CONSOLE(114)] "
", source: file:///home/seluser/ppt/player/bola1/index.html (114)
[103:103:0103/103646.333948:INFO:CONSOLE(115)] "Finish Player stistics 
", source: file:///home/seluser/ppt/player/bola1/index.html (115)
[103:103:0103/103646.333995:INFO:CONSOLE(126)] "currentLatencynow: 4.019", source: file:///home/seluser/ppt/player/bola1/index.html (126)
[103:103:0103/103647.333043:INFO:CONSOLE(126)] "currentLatencynow: 4.019", source: file:///home/seluser/ppt/player/bola1/index.html (126)
[103:103:0103/103648.333114:INFO:CONSOLE(126)] "currentLatencynow: 4.019", source: file:///home/seluser/ppt/player/bola1/index.html (126)
[103:103:0103/103649.333138:INFO:CONSOLE(126)] "currentLatencynow: 4.019", source: file:///home/seluser/ppt/player/bola1/index.html (126)
[103:103:0103/103650.333053:INFO:CONSOLE(126)] "currentLatencynow: 4.019", source: file:///home/seluser/ppt/player/bola1/index.html (126)
[103:103:0103/103651.333046:INFO:CONSOLE(126)] "currentLatencynow: 4.019", source: file:///home/seluser/ppt/player/bola1/index.html (126)
[103:103:0103/103652.333028:INFO:CONSOLE(126)] "currentLatencynow: 4.019", source: file:///home/seluser/ppt/player/bola1/index.html (126)
[103:103:0103/103653.333052:INFO:CONSOLE(126)] "currentLatencynow: 4.019", source: file:///home/seluser/ppt/player/bola1/index.html (126)
[103:103:0103/103654.333113:INFO:CONSOLE(126)] "currentLatencynow: 4.019", source: file:///home/seluser/ppt/player/bola1/index.html (126)
[103:103:0103/103655.333063:INFO:CONSOLE(126)] "currentLatencynow: 4.019", source: file:///home/seluser/ppt/player/bola1/index.html (126)
[103:103:0103/103656.333103:INFO:CONSOLE(126)] "currentLatencynow: 4.019", source: file:///home/seluser/ppt/player/bola1/index.html (126)
[103:103:0103/103657.333024:INFO:CONSOLE(126)] "currentLatencynow: 4.019", source: file:///home/seluser/ppt/player/bola1/index.html (126)
[103:103:0103/103658.333071:INFO:CONSOLE(126)] "currentLatencynow: 4.019", source: file:///home/seluser/ppt/player/bola1/index.html (126)
[103:103:0103/103659.333062:INFO:CONSOLE(126)] "currentLatencynow: 4.019", source: file:///home/seluser/ppt/player/bola1/index.html (126)
[103:103:0103/103700.333118:INFO:CONSOLE(126)] "currentLatencynow: 4.019", source: file:///home/seluser/ppt/player/bola1/index.html (126)
[103:103:0103/103701.333023:INFO:CONSOLE(126)] "currentLatencynow: 4.019", source: file:///home/seluser/ppt/player/bola1/index.html (126)
[103:103:0103/103702.333054:INFO:CONSOLE(126)] "currentLatencynow: 4.019", source: file:///home/seluser/ppt/player/bola1/index.html (126)
[103:103:0103/103703.333259:INFO:CONSOLE(126)] "currentLatencynow: 4.019", source: file:///home/seluser/ppt/player/bola1/index.html (126)
[103:103:0103/103704.333079:INFO:CONSOLE(126)] "currentLatencynow: 4.019", source: file:///home/seluser/ppt/player/bola1/index.html (126)
[103:103:0103/103705.333069:INFO:CONSOLE(126)] "currentLatencynow: 4.019", source: file:///home/seluser/ppt/player/bola1/index.html (126)
[103:103:0103/103706.333117:INFO:CONSOLE(126)] "currentLatencynow: 4.019", source: file:///home/seluser/ppt/player/bola1/index.html (126)
[103:103:0103/103707.333055:INFO:CONSOLE(126)] "currentLatencynow: 4.019", source: file:///home/seluser/ppt/player/bola1/index.html (126)
[103:103:0103/103708.333050:INFO:CONSOLE(126)] "currentLatencynow: 4.019", source: file:///home/seluser/ppt/player/bola1/index.html (126)
[103:103:0103/103709.333110:INFO:CONSOLE(126)] "currentLatencynow: 4.019", source: file:///home/seluser/ppt/player/bola1/index.html (126)
[103:103:0103/103710.333090:INFO:CONSOLE(126)] "currentLatencynow: 4.019", source: file:///home/seluser/ppt/player/bola1/index.html (126)
[103:103:0103/103711.333060:INFO:CONSOLE(126)] "currentLatencynow: 4.019", source: file:///home/seluser/ppt/player/bola1/index.html (126)
[103:103:0103/103712.333106:INFO:CONSOLE(126)] "currentLatencynow: 4.019", source: file:///home/seluser/ppt/player/bola1/index.html (126)
[103:103:0103/103713.333074:INFO:CONSOLE(126)] "currentLatencynow: 4.019", source: file:///home/seluser/ppt/player/bola1/index.html (126)
[103:103:0103/103714.333041:INFO:CONSOLE(126)] "currentLatencynow: 4.019", source: file:///home/seluser/ppt/player/bola1/index.html (126)
[103:103:0103/103715.333111:INFO:CONSOLE(126)] "currentLatencynow: 4.019", source: file:///home/seluser/ppt/player/bola1/index.html (126)
[103:103:0103/103716.333252:INFO:CONSOLE(126)] "currentLatencynow: 4.019", source: file:///home/seluser/ppt/player/bola1/index.html (126)
[103:103:0103/103717.333053:INFO:CONSOLE(126)] "currentLatencynow: 4.019", source: file:///home/seluser/ppt/player/bola1/index.html (126)
[103:103:0103/103718.333115:INFO:CONSOLE(126)] "currentLatencynow: 4.019", source: file:///home/seluser/ppt/player/bola1/index.html (126)
[103:103:0103/103718.496520:WARNING:pref_notifier_impl.cc(40)] Pref observer for media_router.cast_allow_all_ips found at shutdown.
