[104:140:0103/103433.649997:ERROR:bus.cc(392)] Failed to connect to the bus: Failed to connect to socket /var/run/dbus/system_bus_socket: No such file or directory
[104:131:0103/103433.652912:ERROR:bus.cc(392)] Failed to connect to the bus: Address does not contain a colon
[104:131:0103/103433.652968:ERROR:bus.cc(392)] Failed to connect to the bus: Address does not contain a colon
[144:144:0103/103433.671998:ERROR:gpu_init.cc(453)] Passthrough is not supported, GL is swiftshader, ANGLE is 
[104:131:0103/103433.673335:ERROR:bus.cc(392)] Failed to connect to the bus: Address does not contain a colon
[104:131:0103/103433.673392:ERROR:bus.cc(392)] Failed to connect to the bus: Address does not contain a colon
[104:131:0103/103433.722354:ERROR:bus.cc(392)] Failed to connect to the bus: Address does not contain a colon
[104:131:0103/103433.722403:ERROR:bus.cc(392)] Failed to connect to the bus: Address does not contain a colon
[104:226:0103/103433.958065:ERROR:bus.cc(392)] Failed to connect to the bus: Failed to connect to socket /var/run/dbus/system_bus_socket: No such file or directory
[104:226:0103/103433.958137:ERROR:bus.cc(392)] Failed to connect to the bus: Failed to connect to socket /var/run/dbus/system_bus_socket: No such file or directory
[104:226:0103/103433.958252:ERROR:bus.cc(392)] Failed to connect to the bus: Failed to connect to socket /var/run/dbus/system_bus_socket: No such file or directory
[104:226:0103/103433.958290:WARNING:property.cc(144)] DaemonVersion: GetAndBlock: failed.
[104:226:0103/103433.958329:ERROR:bus.cc(392)] Failed to connect to the bus: Failed to connect to socket /var/run/dbus/system_bus_socket: No such file or directory
[104:226:0103/103433.958384:ERROR:bus.cc(392)] Failed to connect to the bus: Failed to connect to socket /var/run/dbus/system_bus_socket: No such file or directory
[104:171:0103/103436.832560:ERROR:chrome_browser_main_extra_parts_metrics.cc(228)] crbug.com/1216328: Checking Bluetooth availability started. Please report if there is no report that this ends.
[104:171:0103/103436.832666:ERROR:chrome_browser_main_extra_parts_metrics.cc(231)] crbug.com/1216328: Checking Bluetooth availability ended.
[104:171:0103/103436.832687:ERROR:chrome_browser_main_extra_parts_metrics.cc(234)] crbug.com/1216328: Checking default browser status started. Please report if there is no report that this ends.
[104:171:0103/103436.976680:ERROR:chrome_browser_main_extra_parts_metrics.cc(238)] crbug.com/1216328: Checking default browser status ended.
[104:104:0103/103451.614841:INFO:CONSOLE(126)] "currentLatencynow: NaN", source: file:///home/seluser/ppt/player/bola1/index.html (126)
[104:104:0103/103452.614362:INFO:CONSOLE(126)] "currentLatencynow: NaN", source: file:///home/seluser/ppt/player/bola1/index.html (126)
[104:104:0103/103453.614423:INFO:CONSOLE(126)] "currentLatencynow: NaN", source: file:///home/seluser/ppt/player/bola1/index.html (126)
[104:104:0103/103454.614533:INFO:CONSOLE(126)] "currentLatencynow: NaN", source: file:///home/seluser/ppt/player/bola1/index.html (126)
[104:104:0103/103455.614342:INFO:CONSOLE(126)] "currentLatencynow: NaN", source: file:///home/seluser/ppt/player/bola1/index.html (126)
[104:104:0103/103456.614346:INFO:CONSOLE(126)] "currentLatencynow: NaN", source: file:///home/seluser/ppt/player/bola1/index.html (126)
[104:104:0103/103457.614348:INFO:CONSOLE(126)] "currentLatencynow: NaN", source: file:///home/seluser/ppt/player/bola1/index.html (126)
[104:104:0103/103458.614434:INFO:CONSOLE(126)] "currentLatencynow: NaN", source: file:///home/seluser/ppt/player/bola1/index.html (126)
[437:437:0103/103459.329894:WARNING:audio_manager_linux.cc(69)] Falling back to ALSA for audio output. PulseAudio is not available or could not be initialized.
[437:437:0103/103459.336405:ERROR:alsa_util.cc(204)] PcmOpen: default,No such file or directory
[437:437:0103/103459.336587:ERROR:alsa_util.cc(204)] PcmOpen: plug:default,No such file or directory
[104:104:0103/103459.614417:INFO:CONSOLE(126)] "currentLatencynow: 4.612", source: file:///home/seluser/ppt/player/bola1/index.html (126)
[104:104:0103/103500.614409:INFO:CONSOLE(126)] "currentLatencynow: 5.612", source: file:///home/seluser/ppt/player/bola1/index.html (126)
[104:131:0103/103500.907617:ERROR:bus.cc(392)] Failed to connect to the bus: Address does not contain a colon
[104:131:0103/103500.907669:ERROR:bus.cc(392)] Failed to connect to the bus: Address does not contain a colon
[104:131:0103/103500.907688:ERROR:bus.cc(392)] Failed to connect to the bus: Address does not contain a colon
[104:131:0103/103500.907703:ERROR:bus.cc(392)] Failed to connect to the bus: Address does not contain a colon
[104:131:0103/103500.907721:ERROR:bus.cc(392)] Failed to connect to the bus: Address does not contain a colon
[104:131:0103/103500.907736:ERROR:bus.cc(392)] Failed to connect to the bus: Address does not contain a colon
[104:131:0103/103500.907751:ERROR:bus.cc(392)] Failed to connect to the bus: Address does not contain a colon
[104:131:0103/103500.907765:ERROR:bus.cc(392)] Failed to connect to the bus: Address does not contain a colon
[104:131:0103/103500.907779:ERROR:bus.cc(392)] Failed to connect to the bus: Address does not contain a colon
[104:131:0103/103500.907794:ERROR:bus.cc(392)] Failed to connect to the bus: Address does not contain a colon
[104:131:0103/103500.907807:ERROR:bus.cc(392)] Failed to connect to the bus: Address does not contain a colon
[104:131:0103/103500.907821:ERROR:bus.cc(392)] Failed to connect to the bus: Address does not contain a colon
[104:131:0103/103500.907835:ERROR:bus.cc(392)] Failed to connect to the bus: Address does not contain a colon
[104:131:0103/103500.907847:ERROR:bus.cc(392)] Failed to connect to the bus: Address does not contain a colon
[104:131:0103/103500.909459:ERROR:bus.cc(392)] Failed to connect to the bus: Address does not contain a colon
[104:131:0103/103500.909507:ERROR:bus.cc(392)] Failed to connect to the bus: Address does not contain a colon
[104:131:0103/103500.909527:ERROR:bus.cc(392)] Failed to connect to the bus: Address does not contain a colon
[104:131:0103/103500.940622:ERROR:bus.cc(392)] Failed to connect to the bus: Address does not contain a colon
[104:131:0103/103500.940686:ERROR:bus.cc(392)] Failed to connect to the bus: Address does not contain a colon
[104:104:0103/103501.614448:INFO:CONSOLE(126)] "currentLatencynow: 6.083", source: file:///home/seluser/ppt/player/bola1/index.html (126)
[104:104:0103/103502.614319:INFO:CONSOLE(126)] "currentLatencynow: 6.466", source: file:///home/seluser/ppt/player/bola1/index.html (126)
[104:104:0103/103503.614606:INFO:CONSOLE(126)] "currentLatencynow: 6.466", source: file:///home/seluser/ppt/player/bola1/index.html (126)
[104:104:0103/103504.614346:INFO:CONSOLE(126)] "currentLatencynow: 6.466", source: file:///home/seluser/ppt/player/bola1/index.html (126)
[104:104:0103/103505.614462:INFO:CONSOLE(126)] "currentLatencynow: 6.433", source: file:///home/seluser/ppt/player/bola1/index.html (126)
[104:104:0103/103506.614380:INFO:CONSOLE(126)] "currentLatencynow: 6.333", source: file:///home/seluser/ppt/player/bola1/index.html (126)
[104:104:0103/103507.615549:INFO:CONSOLE(126)] "currentLatencynow: 6.233", source: file:///home/seluser/ppt/player/bola1/index.html (126)
[104:104:0103/103508.614455:INFO:CONSOLE(126)] "currentLatencynow: 6.133", source: file:///home/seluser/ppt/player/bola1/index.html (126)
[104:104:0103/103509.614429:INFO:CONSOLE(126)] "currentLatencynow: 6.033", source: file:///home/seluser/ppt/player/bola1/index.html (126)
[104:104:0103/103510.614458:INFO:CONSOLE(126)] "currentLatencynow: 5.933", source: file:///home/seluser/ppt/player/bola1/index.html (126)
[104:104:0103/103511.614467:INFO:CONSOLE(126)] "currentLatencynow: 5.833", source: file:///home/seluser/ppt/player/bola1/index.html (126)
[104:104:0103/103512.614406:INFO:CONSOLE(126)] "currentLatencynow: 5.733", source: file:///home/seluser/ppt/player/bola1/index.html (126)
[104:104:0103/103513.614712:INFO:CONSOLE(126)] "currentLatencynow: 5.633", source: file:///home/seluser/ppt/player/bola1/index.html (126)
[104:104:0103/103514.622951:INFO:CONSOLE(126)] "currentLatencynow: 5.533", source: file:///home/seluser/ppt/player/bola1/index.html (126)
[104:104:0103/103515.614401:INFO:CONSOLE(126)] "currentLatencynow: 5.433", source: file:///home/seluser/ppt/player/bola1/index.html (126)
[104:104:0103/103516.614394:INFO:CONSOLE(126)] "currentLatencynow: 5.333", source: file:///home/seluser/ppt/player/bola1/index.html (126)
[104:104:0103/103517.614353:INFO:CONSOLE(126)] "currentLatencynow: 5.233", source: file:///home/seluser/ppt/player/bola1/index.html (126)
[104:104:0103/103518.614588:INFO:CONSOLE(126)] "currentLatencynow: 5.133", source: file:///home/seluser/ppt/player/bola1/index.html (126)
[104:104:0103/103519.614356:INFO:CONSOLE(126)] "currentLatencynow: 5.033", source: file:///home/seluser/ppt/player/bola1/index.html (126)
[104:104:0103/103520.614385:INFO:CONSOLE(126)] "currentLatencynow: 4.933", source: file:///home/seluser/ppt/player/bola1/index.html (126)
[104:104:0103/103521.614370:INFO:CONSOLE(126)] "currentLatencynow: 4.833", source: file:///home/seluser/ppt/player/bola1/index.html (126)
[104:104:0103/103522.615046:INFO:CONSOLE(126)] "currentLatencynow: 4.733", source: file:///home/seluser/ppt/player/bola1/index.html (126)
[104:104:0103/103523.614545:INFO:CONSOLE(126)] "currentLatencynow: 4.632", source: file:///home/seluser/ppt/player/bola1/index.html (126)
[104:104:0103/103524.614375:INFO:CONSOLE(126)] "currentLatencynow: 4.533", source: file:///home/seluser/ppt/player/bola1/index.html (126)
[104:104:0103/103525.614373:INFO:CONSOLE(126)] "currentLatencynow: 4.433", source: file:///home/seluser/ppt/player/bola1/index.html (126)
[104:104:0103/103526.614766:INFO:CONSOLE(126)] "currentLatencynow: 4.352", source: file:///home/seluser/ppt/player/bola1/index.html (126)
[104:104:0103/103527.614347:INFO:CONSOLE(126)] "currentLatencynow: 4.273", source: file:///home/seluser/ppt/player/bola1/index.html (126)
[104:104:0103/103528.614368:INFO:CONSOLE(126)] "currentLatencynow: 4.211", source: file:///home/seluser/ppt/player/bola1/index.html (126)
[104:104:0103/103529.614363:INFO:CONSOLE(126)] "currentLatencynow: 4.153", source: file:///home/seluser/ppt/player/bola1/index.html (126)
[104:104:0103/103530.614342:INFO:CONSOLE(126)] "currentLatencynow: 4.114", source: file:///home/seluser/ppt/player/bola1/index.html (126)
[104:104:0103/103531.614363:INFO:CONSOLE(126)] "currentLatencynow: 4.079", source: file:///home/seluser/ppt/player/bola1/index.html (126)
[104:104:0103/103532.614404:INFO:CONSOLE(126)] "currentLatencynow: 4.05", source: file:///home/seluser/ppt/player/bola1/index.html (126)
[104:104:0103/103533.614383:INFO:CONSOLE(126)] "currentLatencynow: 4.036", source: file:///home/seluser/ppt/player/bola1/index.html (126)
[104:104:0103/103534.614361:INFO:CONSOLE(126)] "currentLatencynow: 4.022", source: file:///home/seluser/ppt/player/bola1/index.html (126)
[104:104:0103/103535.614389:INFO:CONSOLE(126)] "currentLatencynow: 4.019", source: file:///home/seluser/ppt/player/bola1/index.html (126)
[104:104:0103/103536.614405:INFO:CONSOLE(126)] "currentLatencynow: 4.019", source: file:///home/seluser/ppt/player/bola1/index.html (126)
[104:104:0103/103537.614401:INFO:CONSOLE(126)] "currentLatencynow: 4.019", source: file:///home/seluser/ppt/player/bola1/index.html (126)
[104:104:0103/103538.614322:INFO:CONSOLE(126)] "currentLatencynow: 4.019", source: file:///home/seluser/ppt/player/bola1/index.html (126)
[104:104:0103/103539.614392:INFO:CONSOLE(126)] "currentLatencynow: 4.019", source: file:///home/seluser/ppt/player/bola1/index.html (126)
[104:104:0103/103540.614391:INFO:CONSOLE(126)] "currentLatencynow: 4.019", source: file:///home/seluser/ppt/player/bola1/index.html (126)
[104:104:0103/103541.614374:INFO:CONSOLE(126)] "currentLatencynow: 4.019", source: file:///home/seluser/ppt/player/bola1/index.html (126)
[104:104:0103/103542.614379:INFO:CONSOLE(126)] "currentLatencynow: 4.019", source: file:///home/seluser/ppt/player/bola1/index.html (126)
[104:104:0103/103543.614389:INFO:CONSOLE(126)] "currentLatencynow: 4.019", source: file:///home/seluser/ppt/player/bola1/index.html (126)
[104:104:0103/103544.614304:INFO:CONSOLE(126)] "currentLatencynow: 4.019", source: file:///home/seluser/ppt/player/bola1/index.html (126)
[104:104:0103/103545.614260:INFO:CONSOLE(126)] "currentLatencynow: 4.019", source: file:///home/seluser/ppt/player/bola1/index.html (126)
[104:104:0103/103546.614332:INFO:CONSOLE(126)] "currentLatencynow: 4.019", source: file:///home/seluser/ppt/player/bola1/index.html (126)
[104:104:0103/103547.614604:INFO:CONSOLE(126)] "currentLatencynow: 4.019", source: file:///home/seluser/ppt/player/bola1/index.html (126)
[104:104:0103/103548.614331:INFO:CONSOLE(126)] "currentLatencynow: 4.019", source: file:///home/seluser/ppt/player/bola1/index.html (126)
[104:104:0103/103549.614323:INFO:CONSOLE(126)] "currentLatencynow: 4.019", source: file:///home/seluser/ppt/player/bola1/index.html (126)
[104:104:0103/103550.614242:INFO:CONSOLE(126)] "currentLatencynow: 4.019", source: file:///home/seluser/ppt/player/bola1/index.html (126)
[104:104:0103/103551.614727:INFO:CONSOLE(126)] "currentLatencynow: 4.019", source: file:///home/seluser/ppt/player/bola1/index.html (126)
[104:104:0103/103552.614253:INFO:CONSOLE(126)] "currentLatencynow: 4.019", source: file:///home/seluser/ppt/player/bola1/index.html (126)
[104:104:0103/103553.614253:INFO:CONSOLE(126)] "currentLatencynow: 4.019", source: file:///home/seluser/ppt/player/bola1/index.html (126)
[104:104:0103/103554.614456:INFO:CONSOLE(126)] "currentLatencynow: 4.019", source: file:///home/seluser/ppt/player/bola1/index.html (126)
[104:104:0103/103555.614358:INFO:CONSOLE(126)] "currentLatencynow: 4.019", source: file:///home/seluser/ppt/player/bola1/index.html (126)
[104:104:0103/103556.614374:INFO:CONSOLE(126)] "currentLatencynow: 4.019", source: file:///home/seluser/ppt/player/bola1/index.html (126)
[104:104:0103/103557.614369:INFO:CONSOLE(126)] "currentLatencynow: 4.019", source: file:///home/seluser/ppt/player/bola1/index.html (126)
[104:104:0103/103558.614362:INFO:CONSOLE(126)] "currentLatencynow: 4.019", source: file:///home/seluser/ppt/player/bola1/index.html (126)
[104:104:0103/103559.614347:INFO:CONSOLE(126)] "currentLatencynow: 4.019", source: file:///home/seluser/ppt/player/bola1/index.html (126)
[104:104:0103/103600.614623:INFO:CONSOLE(126)] "currentLatencynow: 4.019", source: file:///home/seluser/ppt/player/bola1/index.html (126)
[104:104:0103/103601.614334:INFO:CONSOLE(126)] "currentLatencynow: 4.019", source: file:///home/seluser/ppt/player/bola1/index.html (126)
[104:104:0103/103602.614358:INFO:CONSOLE(126)] "currentLatencynow: 4.019", source: file:///home/seluser/ppt/player/bola1/index.html (126)
[104:104:0103/103603.614344:INFO:CONSOLE(126)] "currentLatencynow: 4.019", source: file:///home/seluser/ppt/player/bola1/index.html (126)
[104:104:0103/103604.614352:INFO:CONSOLE(126)] "currentLatencynow: 4.019", source: file:///home/seluser/ppt/player/bola1/index.html (126)
[104:104:0103/103605.614345:INFO:CONSOLE(126)] "currentLatencynow: 4.019", source: file:///home/seluser/ppt/player/bola1/index.html (126)
[104:104:0103/103606.614371:INFO:CONSOLE(126)] "currentLatencynow: 4.019", source: file:///home/seluser/ppt/player/bola1/index.html (126)
[104:104:0103/103607.614262:INFO:CONSOLE(126)] "currentLatencynow: 4.019", source: file:///home/seluser/ppt/player/bola1/index.html (126)
[104:104:0103/103608.614397:INFO:CONSOLE(126)] "currentLatencynow: 4.019", source: file:///home/seluser/ppt/player/bola1/index.html (126)
[104:104:0103/103609.614343:INFO:CONSOLE(126)] "currentLatencynow: 4.019", source: file:///home/seluser/ppt/player/bola1/index.html (126)
[104:104:0103/103610.614320:INFO:CONSOLE(126)] "currentLatencynow: 4.019", source: file:///home/seluser/ppt/player/bola1/index.html (126)
[104:104:0103/103611.614294:INFO:CONSOLE(126)] "currentLatencynow: 4.019", source: file:///home/seluser/ppt/player/bola1/index.html (126)
[104:104:0103/103612.614308:INFO:CONSOLE(126)] "currentLatencynow: 4.019", source: file:///home/seluser/ppt/player/bola1/index.html (126)
[104:104:0103/103613.614350:INFO:CONSOLE(126)] "currentLatencynow: 4.019", source: file:///home/seluser/ppt/player/bola1/index.html (126)
[104:104:0103/103614.614372:INFO:CONSOLE(126)] "currentLatencynow: 4.019", source: file:///home/seluser/ppt/player/bola1/index.html (126)
[104:104:0103/103615.614346:INFO:CONSOLE(126)] "currentLatencynow: 4.019", source: file:///home/seluser/ppt/player/bola1/index.html (126)
[104:104:0103/103616.614393:INFO:CONSOLE(126)] "currentLatencynow: 4.019", source: file:///home/seluser/ppt/player/bola1/index.html (126)
[104:104:0103/103617.614371:INFO:CONSOLE(126)] "currentLatencynow: 4.019", source: file:///home/seluser/ppt/player/bola1/index.html (126)
[104:104:0103/103618.614357:INFO:CONSOLE(126)] "currentLatencynow: 4.019", source: file:///home/seluser/ppt/player/bola1/index.html (126)
[104:104:0103/103619.614286:INFO:CONSOLE(126)] "currentLatencynow: 4.02", source: file:///home/seluser/ppt/player/bola1/index.html (126)
[104:104:0103/103620.614377:INFO:CONSOLE(126)] "currentLatencynow: 4.019", source: file:///home/seluser/ppt/player/bola1/index.html (126)
[104:104:0103/103621.614374:INFO:CONSOLE(126)] "currentLatencynow: 4.019", source: file:///home/seluser/ppt/player/bola1/index.html (126)
[104:104:0103/103622.614405:INFO:CONSOLE(126)] "currentLatencynow: 4.019", source: file:///home/seluser/ppt/player/bola1/index.html (126)
[104:104:0103/103623.614340:INFO:CONSOLE(126)] "currentLatencynow: 4.019", source: file:///home/seluser/ppt/player/bola1/index.html (126)
[104:104:0103/103624.614379:INFO:CONSOLE(126)] "currentLatencynow: 4.019", source: file:///home/seluser/ppt/player/bola1/index.html (126)
[104:104:0103/103625.614373:INFO:CONSOLE(126)] "currentLatencynow: 4.019", source: file:///home/seluser/ppt/player/bola1/index.html (126)
[104:104:0103/103626.614437:INFO:CONSOLE(126)] "currentLatencynow: 4.019", source: file:///home/seluser/ppt/player/bola1/index.html (126)
[104:104:0103/103627.614375:INFO:CONSOLE(126)] "currentLatencynow: 4.019", source: file:///home/seluser/ppt/player/bola1/index.html (126)
[104:104:0103/103628.614343:INFO:CONSOLE(126)] "currentLatencynow: 4.019", source: file:///home/seluser/ppt/player/bola1/index.html (126)
[104:104:0103/103629.614364:INFO:CONSOLE(126)] "currentLatencynow: 4.019", source: file:///home/seluser/ppt/player/bola1/index.html (126)
[104:104:0103/103630.614362:INFO:CONSOLE(126)] "currentLatencynow: 4.019", source: file:///home/seluser/ppt/player/bola1/index.html (126)
[104:104:0103/103631.614364:INFO:CONSOLE(126)] "currentLatencynow: 4.019", source: file:///home/seluser/ppt/player/bola1/index.html (126)
[104:104:0103/103632.614372:INFO:CONSOLE(126)] "currentLatencynow: 4.019", source: file:///home/seluser/ppt/player/bola1/index.html (126)
[104:104:0103/103633.614368:INFO:CONSOLE(126)] "currentLatencynow: 4.019", source: file:///home/seluser/ppt/player/bola1/index.html (126)
[104:104:0103/103634.614343:INFO:CONSOLE(126)] "currentLatencynow: 4.019", source: file:///home/seluser/ppt/player/bola1/index.html (126)
[104:104:0103/103635.614382:INFO:CONSOLE(126)] "currentLatencynow: 4.019", source: file:///home/seluser/ppt/player/bola1/index.html (126)
[104:104:0103/103636.614365:INFO:CONSOLE(126)] "currentLatencynow: 4.019", source: file:///home/seluser/ppt/player/bola1/index.html (126)
[104:104:0103/103637.614388:INFO:CONSOLE(126)] "currentLatencynow: 4.019", source: file:///home/seluser/ppt/player/bola1/index.html (126)
[104:104:0103/103638.614463:INFO:CONSOLE(126)] "currentLatencynow: 4.019", source: file:///home/seluser/ppt/player/bola1/index.html (126)
[104:104:0103/103639.614352:INFO:CONSOLE(126)] "currentLatencynow: 4.019", source: file:///home/seluser/ppt/player/bola1/index.html (126)
[104:104:0103/103640.614363:INFO:CONSOLE(126)] "currentLatencynow: 4.019", source: file:///home/seluser/ppt/player/bola1/index.html (126)
[104:104:0103/103641.614357:INFO:CONSOLE(126)] "currentLatencynow: 4.019", source: file:///home/seluser/ppt/player/bola1/index.html (126)
[104:104:0103/103642.614329:INFO:CONSOLE(126)] "currentLatencynow: 4.019", source: file:///home/seluser/ppt/player/bola1/index.html (126)
[104:104:0103/103643.614357:INFO:CONSOLE(126)] "currentLatencynow: 4.019", source: file:///home/seluser/ppt/player/bola1/index.html (126)
[104:104:0103/103644.614360:INFO:CONSOLE(126)] "currentLatencynow: 4.019", source: file:///home/seluser/ppt/player/bola1/index.html (126)
[104:104:0103/103645.614395:INFO:CONSOLE(126)] "currentLatencynow: 4.019", source: file:///home/seluser/ppt/player/bola1/index.html (126)
[104:104:0103/103646.614371:INFO:CONSOLE(126)] "currentLatencynow: 4.019", source: file:///home/seluser/ppt/player/bola1/index.html (126)
[104:104:0103/103647.614325:INFO:CONSOLE(126)] "currentLatencynow: 4.019", source: file:///home/seluser/ppt/player/bola1/index.html (126)
[104:104:0103/103648.614380:INFO:CONSOLE(126)] "currentLatencynow: 4.019", source: file:///home/seluser/ppt/player/bola1/index.html (126)
[104:104:0103/103649.614439:INFO:CONSOLE(112)] "Begin Player stistics 
", source: file:///home/seluser/ppt/player/bola1/index.html (112)
[104:104:0103/103649.615052:INFO:CONSOLE(113)] "["stall",[["24.94","26.55",1.6099999999999994]],[["27.12","27.37",0.25]],[["availibleBW",[null],[null],[null],[null],[null],[null],[null],[null],[null],[null],[759],[759],[541],[787],[849],[865],[1005],[1005],[906],[906],[747],[747],[647],[710],[710],[685],[685],[599],[599],[591],[591],[496],[496],[464],[464],[452],[452],[442],[442],[453],[453],[482],[482],[491],[491],[504],[504],[514],[514],[544],[544],[565],[565],[579],[579],[576],[576],[533],[533],[536],[536],[518],[518],[499],[499],[476],[476],[493],[493],[503],[503],[499],[499],[520],[520],[485],[485],[445],[445],[454],[454],[452],[452],[483],[483],[514],[514],[512],[512],[478],[478],[459],[459],[460],[460],[469],[469],[502],[502],[506],[506],[511],[511],[503],[503],[505],[505],[506],[506],[494],[494],[508],[508],[501],[501],[481],[481],[469]]],[["currentBuffer",[0],[0],[0],[0],[0],[0],[0],[0],[0],[0],[0.053],[0],[0.469],[1.582],[2.566],[3.468],[4.37],[3.27],[4.105],[3.072],[3.974],[2.874],[3.776],[4.678],[3.578],[4.48],[3.38],[4.282],[3.182],[4.084],[2.984],[3.886],[2.786],[3.688],[2.588],[3.506],[2.426],[3.364],[2.294],[3.265],[2.23],[3.2],[2.186],[3.174],[2.17],[3.172],[2.172],[3.174],[2.174],[3.176],[2.176],[3.178],[2.178],[3.18],[2.18],[3.182],[2.182],[3.184],[2.184],[3.186],[2.186],[3.188],[2.188],[3.19],[2.19],[3.192],[2.192],[3.194],[2.083],[3.196],[2.196],[3.198],[2.198],[3.199],[2.2],[3.202],[2.202],[3.204],[2.204],[3.206],[2.206],[3.208],[2.208],[3.21],[2.21],[3.212],[2.212],[3.214],[2.153],[3.216],[2.216],[3.218],[2.217],[3.22],[2.22],[3.222],[2.222],[3.224],[2.224],[3.226],[2.226],[3.228],[2.227],[3.23],[2.23],[3.232],[2.232],[3.234],[2.223],[3.236],[2.236],[3.238],[2.238],[3.24],[2.24],[3.242],[2.242],[3.244]]],[["currentLatency",[null],[null],[null],[null],[null],[null],[null],[null],[4.612],[5.612],[6.083],[6.466],[6.466],[6.466],[6.433],[6.333],[6.233],[6.133],[6.033],[5.933],[5.833],[5.733],[5.633],[5.533],[5.433],[5.333],[5.233],[5.133],[5.033],[4.933],[4.833],[4.733],[4.632],[4.533],[4.433],[4.352],[4.273],[4.211],[4.153],[4.114],[4.079],[4.05],[4.036],[4.022],[4.019],[4.019],[4.019],[4.019],[4.019],[4.019],[4.019],[4.019],[4.019],[4.019],[4.019],[4.019],[4.019],[4.019],[4.019],[4.019],[4.019],[4.019],[4.019],[4.019],[4.019],[4.019],[4.019],[4.019],[4.019],[4.019],[4.019],[4.019],[4.019],[4.019],[4.019],[4.019],[4.019],[4.019],[4.019],[4.019],[4.019],[4.019],[4.019],[4.019],[4.019],[4.019],[4.019],[4.019],[4.02],[4.019],[4.019],[4.019],[4.019],[4.019],[4.019],[4.019],[4.019],[4.019],[4.019],[4.019],[4.019],[4.019],[4.019],[4.019],[4.019],[4.019],[4.019],[4.019],[4.019],[4.019],[4.019],[4.019],[4.019],[4.019],[4.019],[4.019],[4.019],[4.019]]]]", source: file:///home/seluser/ppt/player/bola1/index.html (113)
[104:104:0103/103649.615156:INFO:CONSOLE(114)] "
", source: file:///home/seluser/ppt/player/bola1/index.html (114)
[104:104:0103/103649.615669:INFO:CONSOLE(115)] "Finish Player stistics 
", source: file:///home/seluser/ppt/player/bola1/index.html (115)
[104:104:0103/103649.615781:INFO:CONSOLE(126)] "currentLatencynow: 4.019", source: file:///home/seluser/ppt/player/bola1/index.html (126)
[104:104:0103/103650.614348:INFO:CONSOLE(126)] "currentLatencynow: 4.019", source: file:///home/seluser/ppt/player/bola1/index.html (126)
[104:104:0103/103651.614362:INFO:CONSOLE(126)] "currentLatencynow: 4.019", source: file:///home/seluser/ppt/player/bola1/index.html (126)
[104:104:0103/103652.614371:INFO:CONSOLE(126)] "currentLatencynow: 4.019", source: file:///home/seluser/ppt/player/bola1/index.html (126)
[104:104:0103/103653.614346:INFO:CONSOLE(126)] "currentLatencynow: 4.019", source: file:///home/seluser/ppt/player/bola1/index.html (126)
[104:104:0103/103654.614377:INFO:CONSOLE(126)] "currentLatencynow: 4.019", source: file:///home/seluser/ppt/player/bola1/index.html (126)
[104:104:0103/103655.614356:INFO:CONSOLE(126)] "currentLatencynow: 4.019", source: file:///home/seluser/ppt/player/bola1/index.html (126)
[104:104:0103/103656.614322:INFO:CONSOLE(126)] "currentLatencynow: 4.019", source: file:///home/seluser/ppt/player/bola1/index.html (126)
[104:104:0103/103657.614377:INFO:CONSOLE(126)] "currentLatencynow: 4.019", source: file:///home/seluser/ppt/player/bola1/index.html (126)
[104:104:0103/103658.614370:INFO:CONSOLE(126)] "currentLatencynow: 4.019", source: file:///home/seluser/ppt/player/bola1/index.html (126)
[104:104:0103/103659.614371:INFO:CONSOLE(126)] "currentLatencynow: 4.019", source: file:///home/seluser/ppt/player/bola1/index.html (126)
[104:104:0103/103700.614502:INFO:CONSOLE(126)] "currentLatencynow: 4.019", source: file:///home/seluser/ppt/player/bola1/index.html (126)
[104:104:0103/103701.614366:INFO:CONSOLE(126)] "currentLatencynow: 4.019", source: file:///home/seluser/ppt/player/bola1/index.html (126)
[104:104:0103/103702.614353:INFO:CONSOLE(126)] "currentLatencynow: 4.019", source: file:///home/seluser/ppt/player/bola1/index.html (126)
[104:104:0103/103703.614289:INFO:CONSOLE(126)] "currentLatencynow: 4.019", source: file:///home/seluser/ppt/player/bola1/index.html (126)
[104:104:0103/103704.614257:INFO:CONSOLE(126)] "currentLatencynow: 4.019", source: file:///home/seluser/ppt/player/bola1/index.html (126)
[104:104:0103/103705.614349:INFO:CONSOLE(126)] "currentLatencynow: 4.019", source: file:///home/seluser/ppt/player/bola1/index.html (126)
[104:104:0103/103706.614327:INFO:CONSOLE(126)] "currentLatencynow: 4.019", source: file:///home/seluser/ppt/player/bola1/index.html (126)
[104:104:0103/103707.614339:INFO:CONSOLE(126)] "currentLatencynow: 4.019", source: file:///home/seluser/ppt/player/bola1/index.html (126)
[104:104:0103/103708.614422:INFO:CONSOLE(126)] "currentLatencynow: 4.019", source: file:///home/seluser/ppt/player/bola1/index.html (126)
[104:104:0103/103709.614339:INFO:CONSOLE(126)] "currentLatencynow: 4.019", source: file:///home/seluser/ppt/player/bola1/index.html (126)
[104:104:0103/103710.614350:INFO:CONSOLE(126)] "currentLatencynow: 4.019", source: file:///home/seluser/ppt/player/bola1/index.html (126)
[104:104:0103/103711.614379:INFO:CONSOLE(126)] "currentLatencynow: 4.019", source: file:///home/seluser/ppt/player/bola1/index.html (126)
[104:104:0103/103712.614326:INFO:CONSOLE(126)] "currentLatencynow: 4.019", source: file:///home/seluser/ppt/player/bola1/index.html (126)
[104:104:0103/103713.614282:INFO:CONSOLE(126)] "currentLatencynow: 4.02", source: file:///home/seluser/ppt/player/bola1/index.html (126)
[104:104:0103/103714.614339:INFO:CONSOLE(126)] "currentLatencynow: 4.019", source: file:///home/seluser/ppt/player/bola1/index.html (126)
[104:104:0103/103715.614270:INFO:CONSOLE(126)] "currentLatencynow: 4.019", source: file:///home/seluser/ppt/player/bola1/index.html (126)
[104:104:0103/103716.614346:INFO:CONSOLE(126)] "currentLatencynow: 4.019", source: file:///home/seluser/ppt/player/bola1/index.html (126)
[104:104:0103/103717.614353:INFO:CONSOLE(126)] "currentLatencynow: 4.019", source: file:///home/seluser/ppt/player/bola1/index.html (126)
[104:104:0103/103718.614486:INFO:CONSOLE(126)] "currentLatencynow: 4.019", source: file:///home/seluser/ppt/player/bola1/index.html (126)
[104:104:0103/103719.614344:INFO:CONSOLE(126)] "currentLatencynow: 4.019", source: file:///home/seluser/ppt/player/bola1/index.html (126)
[104:104:0103/103720.614346:INFO:CONSOLE(126)] "currentLatencynow: 4.019", source: file:///home/seluser/ppt/player/bola1/index.html (126)
[104:104:0103/103721.614351:INFO:CONSOLE(126)] "currentLatencynow: 4.019", source: file:///home/seluser/ppt/player/bola1/index.html (126)
[104:104:0103/103721.755037:WARNING:pref_notifier_impl.cc(40)] Pref observer for media_router.cast_allow_all_ips found at shutdown.
