[103:139:0103/102300.172701:ERROR:bus.cc(392)] Failed to connect to the bus: Failed to connect to socket /var/run/dbus/system_bus_socket: No such file or directory
[103:130:0103/102300.175359:ERROR:bus.cc(392)] Failed to connect to the bus: Address does not contain a colon
[103:130:0103/102300.175411:ERROR:bus.cc(392)] Failed to connect to the bus: Address does not contain a colon
[103:130:0103/102300.194117:ERROR:bus.cc(392)] Failed to connect to the bus: Address does not contain a colon
[103:130:0103/102300.194170:ERROR:bus.cc(392)] Failed to connect to the bus: Address does not contain a colon
[143:143:0103/102300.195853:ERROR:gpu_init.cc(453)] Passthrough is not supported, GL is swiftshader, ANGLE is 
[103:130:0103/102300.239304:ERROR:bus.cc(392)] Failed to connect to the bus: Address does not contain a colon
[103:130:0103/102300.239338:ERROR:bus.cc(392)] Failed to connect to the bus: Address does not contain a colon
[103:225:0103/102300.441015:ERROR:bus.cc(392)] Failed to connect to the bus: Failed to connect to socket /var/run/dbus/system_bus_socket: No such file or directory
[103:225:0103/102300.441325:ERROR:bus.cc(392)] Failed to connect to the bus: Failed to connect to socket /var/run/dbus/system_bus_socket: No such file or directory
[103:225:0103/102300.441503:ERROR:bus.cc(392)] Failed to connect to the bus: Failed to connect to socket /var/run/dbus/system_bus_socket: No such file or directory
[103:225:0103/102300.441994:WARNING:property.cc(144)] DaemonVersion: GetAndBlock: failed.
[103:225:0103/102300.442080:ERROR:bus.cc(392)] Failed to connect to the bus: Failed to connect to socket /var/run/dbus/system_bus_socket: No such file or directory
[103:225:0103/102300.442139:ERROR:bus.cc(392)] Failed to connect to the bus: Failed to connect to socket /var/run/dbus/system_bus_socket: No such file or directory
[103:124:0103/102303.357688:ERROR:chrome_browser_main_extra_parts_metrics.cc(228)] crbug.com/1216328: Checking Bluetooth availability started. Please report if there is no report that this ends.
[103:124:0103/102303.357734:ERROR:chrome_browser_main_extra_parts_metrics.cc(231)] crbug.com/1216328: Checking Bluetooth availability ended.
[103:124:0103/102303.357746:ERROR:chrome_browser_main_extra_parts_metrics.cc(234)] crbug.com/1216328: Checking default browser status started. Please report if there is no report that this ends.
[103:124:0103/102303.506796:ERROR:chrome_browser_main_extra_parts_metrics.cc(238)] crbug.com/1216328: Checking default browser status ended.
[103:103:0103/102314.991657:INFO:CONSOLE(126)] "currentLatencynow: NaN", source: file:///home/seluser/ppt/player/bola1/index.html (126)
[103:103:0103/102315.991268:INFO:CONSOLE(126)] "currentLatencynow: NaN", source: file:///home/seluser/ppt/player/bola1/index.html (126)
[103:103:0103/102316.991114:INFO:CONSOLE(126)] "currentLatencynow: NaN", source: file:///home/seluser/ppt/player/bola1/index.html (126)
[103:103:0103/102317.991299:INFO:CONSOLE(126)] "currentLatencynow: NaN", source: file:///home/seluser/ppt/player/bola1/index.html (126)
[103:103:0103/102318.991191:INFO:CONSOLE(126)] "currentLatencynow: NaN", source: file:///home/seluser/ppt/player/bola1/index.html (126)
[103:103:0103/102319.991166:INFO:CONSOLE(126)] "currentLatencynow: NaN", source: file:///home/seluser/ppt/player/bola1/index.html (126)
[103:103:0103/102320.991221:INFO:CONSOLE(126)] "currentLatencynow: NaN", source: file:///home/seluser/ppt/player/bola1/index.html (126)
[431:431:0103/102321.350130:WARNING:audio_manager_linux.cc(69)] Falling back to ALSA for audio output. PulseAudio is not available or could not be initialized.
[431:431:0103/102321.356768:ERROR:alsa_util.cc(204)] PcmOpen: default,No such file or directory
[431:431:0103/102321.356960:ERROR:alsa_util.cc(204)] PcmOpen: plug:default,No such file or directory
[103:103:0103/102321.991235:INFO:CONSOLE(126)] "currentLatencynow: 4.548", source: file:///home/seluser/ppt/player/bola1/index.html (126)
[103:103:0103/102322.991229:INFO:CONSOLE(126)] "currentLatencynow: 5.548", source: file:///home/seluser/ppt/player/bola1/index.html (126)
[103:130:0103/102323.315382:ERROR:bus.cc(392)] Failed to connect to the bus: Address does not contain a colon
[103:130:0103/102323.315423:ERROR:bus.cc(392)] Failed to connect to the bus: Address does not contain a colon
[103:130:0103/102323.315436:ERROR:bus.cc(392)] Failed to connect to the bus: Address does not contain a colon
[103:130:0103/102323.315447:ERROR:bus.cc(392)] Failed to connect to the bus: Address does not contain a colon
[103:130:0103/102323.315459:ERROR:bus.cc(392)] Failed to connect to the bus: Address does not contain a colon
[103:130:0103/102323.315472:ERROR:bus.cc(392)] Failed to connect to the bus: Address does not contain a colon
[103:130:0103/102323.315484:ERROR:bus.cc(392)] Failed to connect to the bus: Address does not contain a colon
[103:130:0103/102323.315494:ERROR:bus.cc(392)] Failed to connect to the bus: Address does not contain a colon
[103:130:0103/102323.315505:ERROR:bus.cc(392)] Failed to connect to the bus: Address does not contain a colon
[103:130:0103/102323.315516:ERROR:bus.cc(392)] Failed to connect to the bus: Address does not contain a colon
[103:130:0103/102323.315527:ERROR:bus.cc(392)] Failed to connect to the bus: Address does not contain a colon
[103:130:0103/102323.315538:ERROR:bus.cc(392)] Failed to connect to the bus: Address does not contain a colon
[103:130:0103/102323.315548:ERROR:bus.cc(392)] Failed to connect to the bus: Address does not contain a colon
[103:130:0103/102323.315559:ERROR:bus.cc(392)] Failed to connect to the bus: Address does not contain a colon
[103:130:0103/102323.322090:ERROR:bus.cc(392)] Failed to connect to the bus: Address does not contain a colon
[103:130:0103/102323.322152:ERROR:bus.cc(392)] Failed to connect to the bus: Address does not contain a colon
[103:130:0103/102323.322189:ERROR:bus.cc(392)] Failed to connect to the bus: Address does not contain a colon
[103:130:0103/102323.360780:ERROR:bus.cc(392)] Failed to connect to the bus: Address does not contain a colon
[103:130:0103/102323.360844:ERROR:bus.cc(392)] Failed to connect to the bus: Address does not contain a colon
[103:103:0103/102323.991222:INFO:CONSOLE(126)] "currentLatencynow: 5.94", source: file:///home/seluser/ppt/player/bola1/index.html (126)
[103:103:0103/102324.991201:INFO:CONSOLE(126)] "currentLatencynow: 5.94", source: file:///home/seluser/ppt/player/bola1/index.html (126)
[103:103:0103/102325.991295:INFO:CONSOLE(126)] "currentLatencynow: 5.94", source: file:///home/seluser/ppt/player/bola1/index.html (126)
[103:103:0103/102326.991312:INFO:CONSOLE(126)] "currentLatencynow: 5.912", source: file:///home/seluser/ppt/player/bola1/index.html (126)
[103:103:0103/102327.991233:INFO:CONSOLE(126)] "currentLatencynow: 5.812", source: file:///home/seluser/ppt/player/bola1/index.html (126)
[103:103:0103/102328.991238:INFO:CONSOLE(126)] "currentLatencynow: 5.712", source: file:///home/seluser/ppt/player/bola1/index.html (126)
[103:103:0103/102329.991305:INFO:CONSOLE(126)] "currentLatencynow: 5.612", source: file:///home/seluser/ppt/player/bola1/index.html (126)
[103:103:0103/102330.991276:INFO:CONSOLE(126)] "currentLatencynow: 5.512", source: file:///home/seluser/ppt/player/bola1/index.html (126)
[103:103:0103/102331.991248:INFO:CONSOLE(126)] "currentLatencynow: 5.412", source: file:///home/seluser/ppt/player/bola1/index.html (126)
[103:103:0103/102332.991283:INFO:CONSOLE(126)] "currentLatencynow: 5.312", source: file:///home/seluser/ppt/player/bola1/index.html (126)
[103:103:0103/102333.991306:INFO:CONSOLE(126)] "currentLatencynow: 5.212", source: file:///home/seluser/ppt/player/bola1/index.html (126)
[103:103:0103/102334.991135:INFO:CONSOLE(126)] "currentLatencynow: 5.831", source: file:///home/seluser/ppt/player/bola1/index.html (126)
[103:103:0103/102335.991199:INFO:CONSOLE(126)] "currentLatencynow: 5.731", source: file:///home/seluser/ppt/player/bola1/index.html (126)
[103:103:0103/102336.991148:INFO:CONSOLE(126)] "currentLatencynow: 6.166", source: file:///home/seluser/ppt/player/bola1/index.html (126)
[103:103:0103/102337.991178:INFO:CONSOLE(126)] "currentLatencynow: 7.166", source: file:///home/seluser/ppt/player/bola1/index.html (126)
[103:103:0103/102338.991167:INFO:CONSOLE(126)] "currentLatencynow: 7.448", source: file:///home/seluser/ppt/player/bola1/index.html (126)
[103:103:0103/102339.991327:INFO:CONSOLE(126)] "currentLatencynow: 7.348", source: file:///home/seluser/ppt/player/bola1/index.html (126)
[103:103:0103/102340.991114:INFO:CONSOLE(126)] "currentLatencynow: 7.248", source: file:///home/seluser/ppt/player/bola1/index.html (126)
[103:103:0103/102341.991508:INFO:CONSOLE(126)] "currentLatencynow: 7.149", source: file:///home/seluser/ppt/player/bola1/index.html (126)
[103:103:0103/102342.991150:INFO:CONSOLE(126)] "currentLatencynow: 7.048", source: file:///home/seluser/ppt/player/bola1/index.html (126)
[103:103:0103/102343.991169:INFO:CONSOLE(126)] "currentLatencynow: 6.948", source: file:///home/seluser/ppt/player/bola1/index.html (126)
[103:103:0103/102344.991253:INFO:CONSOLE(126)] "currentLatencynow: 6.848", source: file:///home/seluser/ppt/player/bola1/index.html (126)
[103:103:0103/102345.991194:INFO:CONSOLE(126)] "currentLatencynow: 6.79", source: file:///home/seluser/ppt/player/bola1/index.html (126)
[103:103:0103/102346.991168:INFO:CONSOLE(126)] "currentLatencynow: 6.79", source: file:///home/seluser/ppt/player/bola1/index.html (126)
[103:103:0103/102347.991404:INFO:CONSOLE(126)] "currentLatencynow: 6.791", source: file:///home/seluser/ppt/player/bola1/index.html (126)
[103:103:0103/102348.991194:INFO:CONSOLE(126)] "currentLatencynow: 6.79", source: file:///home/seluser/ppt/player/bola1/index.html (126)
[103:103:0103/102349.991162:INFO:CONSOLE(126)] "currentLatencynow: 6.79", source: file:///home/seluser/ppt/player/bola1/index.html (126)
[103:103:0103/102350.991141:INFO:CONSOLE(126)] "currentLatencynow: 6.79", source: file:///home/seluser/ppt/player/bola1/index.html (126)
[103:103:0103/102351.991329:INFO:CONSOLE(126)] "currentLatencynow: 6.724", source: file:///home/seluser/ppt/player/bola1/index.html (126)
[103:103:0103/102352.991235:INFO:CONSOLE(126)] "currentLatencynow: 6.624", source: file:///home/seluser/ppt/player/bola1/index.html (126)
[103:103:0103/102353.991334:INFO:CONSOLE(126)] "currentLatencynow: 6.524", source: file:///home/seluser/ppt/player/bola1/index.html (126)
[103:103:0103/102354.991258:INFO:CONSOLE(126)] "currentLatencynow: 6.424", source: file:///home/seluser/ppt/player/bola1/index.html (126)
[103:103:0103/102355.991292:INFO:CONSOLE(126)] "currentLatencynow: 6.325", source: file:///home/seluser/ppt/player/bola1/index.html (126)
[103:103:0103/102356.991318:INFO:CONSOLE(126)] "currentLatencynow: 6.224", source: file:///home/seluser/ppt/player/bola1/index.html (126)
[103:103:0103/102357.991292:INFO:CONSOLE(126)] "currentLatencynow: 6.124", source: file:///home/seluser/ppt/player/bola1/index.html (126)
[103:103:0103/102358.991410:INFO:CONSOLE(126)] "currentLatencynow: 6.025", source: file:///home/seluser/ppt/player/bola1/index.html (126)
[103:103:0103/102359.991419:INFO:CONSOLE(126)] "currentLatencynow: 5.924", source: file:///home/seluser/ppt/player/bola1/index.html (126)
[103:103:0103/102400.991409:INFO:CONSOLE(126)] "currentLatencynow: 5.825", source: file:///home/seluser/ppt/player/bola1/index.html (126)
[103:103:0103/102401.991290:INFO:CONSOLE(126)] "currentLatencynow: 5.724", source: file:///home/seluser/ppt/player/bola1/index.html (126)
[103:103:0103/102402.991391:INFO:CONSOLE(126)] "currentLatencynow: 5.625", source: file:///home/seluser/ppt/player/bola1/index.html (126)
[103:103:0103/102403.991615:INFO:CONSOLE(126)] "currentLatencynow: 5.524", source: file:///home/seluser/ppt/player/bola1/index.html (126)
[103:103:0103/102404.991153:INFO:CONSOLE(126)] "currentLatencynow: 5.424", source: file:///home/seluser/ppt/player/bola1/index.html (126)
[103:103:0103/102405.991252:INFO:CONSOLE(126)] "currentLatencynow: 5.324", source: file:///home/seluser/ppt/player/bola1/index.html (126)
[103:103:0103/102406.991215:INFO:CONSOLE(126)] "currentLatencynow: 5.224", source: file:///home/seluser/ppt/player/bola1/index.html (126)
[103:103:0103/102407.991157:INFO:CONSOLE(126)] "currentLatencynow: 5.124", source: file:///home/seluser/ppt/player/bola1/index.html (126)
[103:103:0103/102408.991161:INFO:CONSOLE(126)] "currentLatencynow: 5.024", source: file:///home/seluser/ppt/player/bola1/index.html (126)
[103:103:0103/102409.991142:INFO:CONSOLE(126)] "currentLatencynow: 4.924", source: file:///home/seluser/ppt/player/bola1/index.html (126)
[103:103:0103/102410.991221:INFO:CONSOLE(126)] "currentLatencynow: 4.824", source: file:///home/seluser/ppt/player/bola1/index.html (126)
[103:103:0103/102411.991163:INFO:CONSOLE(126)] "currentLatencynow: 4.724", source: file:///home/seluser/ppt/player/bola1/index.html (126)
[103:103:0103/102412.991198:INFO:CONSOLE(126)] "currentLatencynow: 4.624", source: file:///home/seluser/ppt/player/bola1/index.html (126)
[103:103:0103/102413.991165:INFO:CONSOLE(126)] "currentLatencynow: 4.524", source: file:///home/seluser/ppt/player/bola1/index.html (126)
[103:103:0103/102414.991149:INFO:CONSOLE(126)] "currentLatencynow: 4.424", source: file:///home/seluser/ppt/player/bola1/index.html (126)
[103:103:0103/102415.991244:INFO:CONSOLE(126)] "currentLatencynow: 4.344", source: file:///home/seluser/ppt/player/bola1/index.html (126)
[103:103:0103/102416.991267:INFO:CONSOLE(126)] "currentLatencynow: 4.265", source: file:///home/seluser/ppt/player/bola1/index.html (126)
[103:103:0103/102417.991261:INFO:CONSOLE(126)] "currentLatencynow: 4.205", source: file:///home/seluser/ppt/player/bola1/index.html (126)
[103:103:0103/102418.992663:INFO:CONSOLE(126)] "currentLatencynow: 4.148", source: file:///home/seluser/ppt/player/bola1/index.html (126)
[103:103:0103/102419.991186:INFO:CONSOLE(126)] "currentLatencynow: 4.11", source: file:///home/seluser/ppt/player/bola1/index.html (126)
[103:103:0103/102420.991194:INFO:CONSOLE(126)] "currentLatencynow: 4.075", source: file:///home/seluser/ppt/player/bola1/index.html (126)
[103:103:0103/102421.991207:INFO:CONSOLE(126)] "currentLatencynow: 4.048", source: file:///home/seluser/ppt/player/bola1/index.html (126)
[103:103:0103/102422.991792:INFO:CONSOLE(126)] "currentLatencynow: 4.034", source: file:///home/seluser/ppt/player/bola1/index.html (126)
[103:103:0103/102423.991235:INFO:CONSOLE(126)] "currentLatencynow: 4.019", source: file:///home/seluser/ppt/player/bola1/index.html (126)
[103:103:0103/102424.991201:INFO:CONSOLE(126)] "currentLatencynow: 4.018", source: file:///home/seluser/ppt/player/bola1/index.html (126)
[103:103:0103/102425.991235:INFO:CONSOLE(126)] "currentLatencynow: 4.018", source: file:///home/seluser/ppt/player/bola1/index.html (126)
[103:103:0103/102426.991265:INFO:CONSOLE(126)] "currentLatencynow: 4.019", source: file:///home/seluser/ppt/player/bola1/index.html (126)
[103:103:0103/102427.991208:INFO:CONSOLE(126)] "currentLatencynow: 4.018", source: file:///home/seluser/ppt/player/bola1/index.html (126)
[103:103:0103/102428.991211:INFO:CONSOLE(126)] "currentLatencynow: 4.018", source: file:///home/seluser/ppt/player/bola1/index.html (126)
[103:103:0103/102429.991214:INFO:CONSOLE(126)] "currentLatencynow: 4.018", source: file:///home/seluser/ppt/player/bola1/index.html (126)
[103:103:0103/102430.991275:INFO:CONSOLE(126)] "currentLatencynow: 4.018", source: file:///home/seluser/ppt/player/bola1/index.html (126)
[103:103:0103/102431.991193:INFO:CONSOLE(126)] "currentLatencynow: 4.018", source: file:///home/seluser/ppt/player/bola1/index.html (126)
[103:103:0103/102432.991229:INFO:CONSOLE(126)] "currentLatencynow: 4.018", source: file:///home/seluser/ppt/player/bola1/index.html (126)
[103:103:0103/102433.991213:INFO:CONSOLE(126)] "currentLatencynow: 4.018", source: file:///home/seluser/ppt/player/bola1/index.html (126)
[103:103:0103/102434.991210:INFO:CONSOLE(126)] "currentLatencynow: 4.018", source: file:///home/seluser/ppt/player/bola1/index.html (126)
[103:103:0103/102435.991223:INFO:CONSOLE(126)] "currentLatencynow: 4.018", source: file:///home/seluser/ppt/player/bola1/index.html (126)
[103:103:0103/102436.991225:INFO:CONSOLE(126)] "currentLatencynow: 4.018", source: file:///home/seluser/ppt/player/bola1/index.html (126)
[103:103:0103/102437.991207:INFO:CONSOLE(126)] "currentLatencynow: 4.018", source: file:///home/seluser/ppt/player/bola1/index.html (126)
[103:103:0103/102438.991202:INFO:CONSOLE(126)] "currentLatencynow: 4.018", source: file:///home/seluser/ppt/player/bola1/index.html (126)
[103:103:0103/102439.991441:INFO:CONSOLE(126)] "currentLatencynow: 4.019", source: file:///home/seluser/ppt/player/bola1/index.html (126)
[103:103:0103/102440.991216:INFO:CONSOLE(126)] "currentLatencynow: 4.018", source: file:///home/seluser/ppt/player/bola1/index.html (126)
[103:103:0103/102441.991227:INFO:CONSOLE(126)] "currentLatencynow: 4.019", source: file:///home/seluser/ppt/player/bola1/index.html (126)
[103:103:0103/102442.991227:INFO:CONSOLE(126)] "currentLatencynow: 4.018", source: file:///home/seluser/ppt/player/bola1/index.html (126)
[103:103:0103/102443.991260:INFO:CONSOLE(126)] "currentLatencynow: 4.018", source: file:///home/seluser/ppt/player/bola1/index.html (126)
[103:103:0103/102444.991223:INFO:CONSOLE(126)] "currentLatencynow: 4.018", source: file:///home/seluser/ppt/player/bola1/index.html (126)
[103:103:0103/102445.991236:INFO:CONSOLE(126)] "currentLatencynow: 4.018", source: file:///home/seluser/ppt/player/bola1/index.html (126)
[103:103:0103/102446.991160:INFO:CONSOLE(126)] "currentLatencynow: 4.018", source: file:///home/seluser/ppt/player/bola1/index.html (126)
[103:103:0103/102447.991214:INFO:CONSOLE(126)] "currentLatencynow: 4.018", source: file:///home/seluser/ppt/player/bola1/index.html (126)
[103:103:0103/102448.991160:INFO:CONSOLE(126)] "currentLatencynow: 4.018", source: file:///home/seluser/ppt/player/bola1/index.html (126)
[103:103:0103/102449.991182:INFO:CONSOLE(126)] "currentLatencynow: 4.018", source: file:///home/seluser/ppt/player/bola1/index.html (126)
[103:103:0103/102450.991113:INFO:CONSOLE(126)] "currentLatencynow: 4.018", source: file:///home/seluser/ppt/player/bola1/index.html (126)
[103:103:0103/102451.991175:INFO:CONSOLE(126)] "currentLatencynow: 4.018", source: file:///home/seluser/ppt/player/bola1/index.html (126)
[103:103:0103/102452.991079:INFO:CONSOLE(126)] "currentLatencynow: 4.018", source: file:///home/seluser/ppt/player/bola1/index.html (126)
[103:103:0103/102453.991171:INFO:CONSOLE(126)] "currentLatencynow: 4.018", source: file:///home/seluser/ppt/player/bola1/index.html (126)
[103:103:0103/102454.991108:INFO:CONSOLE(126)] "currentLatencynow: 4.018", source: file:///home/seluser/ppt/player/bola1/index.html (126)
[103:103:0103/102455.991143:INFO:CONSOLE(126)] "currentLatencynow: 4.018", source: file:///home/seluser/ppt/player/bola1/index.html (126)
[103:103:0103/102456.991113:INFO:CONSOLE(126)] "currentLatencynow: 4.018", source: file:///home/seluser/ppt/player/bola1/index.html (126)
[103:103:0103/102457.991145:INFO:CONSOLE(126)] "currentLatencynow: 4.018", source: file:///home/seluser/ppt/player/bola1/index.html (126)
[103:103:0103/102458.991087:INFO:CONSOLE(126)] "currentLatencynow: 4.018", source: file:///home/seluser/ppt/player/bola1/index.html (126)
[103:103:0103/102459.991161:INFO:CONSOLE(126)] "currentLatencynow: 4.018", source: file:///home/seluser/ppt/player/bola1/index.html (126)
[103:103:0103/102500.991682:INFO:CONSOLE(126)] "currentLatencynow: 4.019", source: file:///home/seluser/ppt/player/bola1/index.html (126)
[103:103:0103/102501.991171:INFO:CONSOLE(126)] "currentLatencynow: 4.018", source: file:///home/seluser/ppt/player/bola1/index.html (126)
[103:103:0103/102502.991328:INFO:CONSOLE(126)] "currentLatencynow: 4.018", source: file:///home/seluser/ppt/player/bola1/index.html (126)
[103:103:0103/102503.991238:INFO:CONSOLE(126)] "currentLatencynow: 4.018", source: file:///home/seluser/ppt/player/bola1/index.html (126)
[103:103:0103/102504.991214:INFO:CONSOLE(126)] "currentLatencynow: 4.018", source: file:///home/seluser/ppt/player/bola1/index.html (126)
[103:103:0103/102505.991227:INFO:CONSOLE(126)] "currentLatencynow: 4.018", source: file:///home/seluser/ppt/player/bola1/index.html (126)
[103:103:0103/102506.991221:INFO:CONSOLE(126)] "currentLatencynow: 4.018", source: file:///home/seluser/ppt/player/bola1/index.html (126)
[103:103:0103/102507.991218:INFO:CONSOLE(126)] "currentLatencynow: 4.018", source: file:///home/seluser/ppt/player/bola1/index.html (126)
[103:103:0103/102508.991288:INFO:CONSOLE(126)] "currentLatencynow: 4.018", source: file:///home/seluser/ppt/player/bola1/index.html (126)
[103:103:0103/102509.991237:INFO:CONSOLE(126)] "currentLatencynow: 4.018", source: file:///home/seluser/ppt/player/bola1/index.html (126)
[103:103:0103/102510.991209:INFO:CONSOLE(126)] "currentLatencynow: 4.018", source: file:///home/seluser/ppt/player/bola1/index.html (126)
[103:103:0103/102511.991169:INFO:CONSOLE(126)] "currentLatencynow: 4.018", source: file:///home/seluser/ppt/player/bola1/index.html (126)
[103:103:0103/102512.991300:INFO:CONSOLE(112)] "Begin Player stistics 
", source: file:///home/seluser/ppt/player/bola1/index.html (112)
[103:103:0103/102512.991807:INFO:CONSOLE(113)] "["stall",[["20.50","22.50",2]],[["33.19","33.44",0.25]],[["35.69","35.94",0.25]],[["availibleBW",[null],[null],[null],[null],[null],[null],[null],[null],[null],[885],[847],[847],[853],[853],[843],[821],[821],[786],[786],[691],[691],[691],[691],[568],[717],[1176],[1560],[2518],[2518],[2675],[2695],[2695],[2721],[2721],[2716],[2914],[2914],[3049],[3049],[3172],[3172],[3308],[3238],[3238],[3233],[3242],[3242],[3032],[3032],[2756],[2920],[3013],[3112],[3112],[2918],[2982],[2982],[2533],[1553],[1474],[1474],[1339],[1339],[1183],[1183],[1140],[1140],[1030],[1030],[991],[991],[931],[931],[784],[784],[746],[746],[514],[514],[531],[531],[536],[536],[527],[527],[513],[513],[499],[499],[480],[480],[479],[479],[485],[485],[488],[488],[505],[505],[520],[520],[520],[520],[512],[512],[495],[495],[495],[495],[511],[511],[533],[533],[537],[537],[555],[555],[552]]],[["currentBuffer",[0],[0],[0],[0],[0],[0],[0],[0],[0],[0.992],[1.86],[0.894],[2.005],[0.905],[1.807],[2.709],[1.609],[2.511],[1.411],[2.313],[1.992],[0.892],[0.071],[2.073],[3.477],[6.326],[5.171],[4.321],[3.221],[2.121],[0.837],[0],[0.764],[0],[0.943],[1.945],[0.945],[1.82],[0.805],[1.707],[0.607],[1.509],[2.411],[1.311],[2.213],[3.114],[2.015],[2.917],[1.817],[2.466],[1.589],[2.436],[3.423],[2.323],[3.225],[3.914],[3.027],[3.899],[2.829],[3.731],[2.631],[3.548],[2.469],[3.406],[2.348],[3.228],[2.273],[3.063],[1.998],[3.216],[2.211],[3.213],[2.214],[3.215],[2.216],[3.218],[2.218],[3.219],[2.22],[3.221],[2.221],[3.223],[1.996],[3.225],[2.226],[3.227],[2.227],[3.229],[2.229],[3.232],[2.231],[3.234],[2.234],[3.236],[2.236],[3.238],[2.01],[3.24],[2.24],[3.242],[2.242],[3.243],[2.243],[3.245],[2.246],[3.248],[2.247],[3.25],[2.249],[3.251],[2.251],[3.253],[2.253],[3.256],[2.255],[3.257],[2.257],[3.259]]],[["currentLatency",[null],[null],[null],[null],[null],[null],[null],[4.548],[5.548],[5.94],[5.94],[5.94],[5.912],[5.812],[5.712],[5.612],[5.512],[5.412],[5.312],[5.212],[5.831],[5.731],[6.166],[7.166],[7.448],[7.348],[7.248],[7.149],[7.048],[6.948],[6.848],[6.79],[6.79],[6.791],[6.79],[6.79],[6.79],[6.724],[6.624],[6.524],[6.424],[6.325],[6.224],[6.124],[6.025],[5.924],[5.825],[5.724],[5.625],[5.524],[5.424],[5.324],[5.224],[5.124],[5.024],[4.924],[4.824],[4.724],[4.624],[4.524],[4.424],[4.344],[4.265],[4.205],[4.148],[4.11],[4.075],[4.048],[4.034],[4.019],[4.018],[4.018],[4.019],[4.018],[4.018],[4.018],[4.018],[4.018],[4.018],[4.018],[4.018],[4.018],[4.018],[4.018],[4.018],[4.019],[4.018],[4.019],[4.018],[4.018],[4.018],[4.018],[4.018],[4.018],[4.018],[4.018],[4.018],[4.018],[4.018],[4.018],[4.018],[4.018],[4.018],[4.018],[4.018],[4.018],[4.019],[4.018],[4.018],[4.018],[4.018],[4.018],[4.018],[4.018],[4.018],[4.018],[4.018],[4.018]]]]", source: file:///home/seluser/ppt/player/bola1/index.html (113)
[103:103:0103/102512.991896:INFO:CONSOLE(114)] "
", source: file:///home/seluser/ppt/player/bola1/index.html (114)
[103:103:0103/102512.991947:INFO:CONSOLE(115)] "Finish Player stistics 
", source: file:///home/seluser/ppt/player/bola1/index.html (115)
[103:103:0103/102512.992250:INFO:CONSOLE(126)] "currentLatencynow: 4.018", source: file:///home/seluser/ppt/player/bola1/index.html (126)
[103:103:0103/102513.991056:INFO:CONSOLE(126)] "currentLatencynow: 4.018", source: file:///home/seluser/ppt/player/bola1/index.html (126)
[103:103:0103/102514.991230:INFO:CONSOLE(126)] "currentLatencynow: 4.018", source: file:///home/seluser/ppt/player/bola1/index.html (126)
[103:103:0103/102515.991186:INFO:CONSOLE(126)] "currentLatencynow: 4.018", source: file:///home/seluser/ppt/player/bola1/index.html (126)
[103:103:0103/102516.991184:INFO:CONSOLE(126)] "currentLatencynow: 4.018", source: file:///home/seluser/ppt/player/bola1/index.html (126)
[103:103:0103/102517.991206:INFO:CONSOLE(126)] "currentLatencynow: 4.018", source: file:///home/seluser/ppt/player/bola1/index.html (126)
[103:103:0103/102518.991190:INFO:CONSOLE(126)] "currentLatencynow: 4.018", source: file:///home/seluser/ppt/player/bola1/index.html (126)
[103:103:0103/102519.991186:INFO:CONSOLE(126)] "currentLatencynow: 4.018", source: file:///home/seluser/ppt/player/bola1/index.html (126)
[103:103:0103/102520.991239:INFO:CONSOLE(126)] "currentLatencynow: 4.018", source: file:///home/seluser/ppt/player/bola1/index.html (126)
[103:103:0103/102521.991231:INFO:CONSOLE(126)] "currentLatencynow: 4.018", source: file:///home/seluser/ppt/player/bola1/index.html (126)
[103:103:0103/102522.991291:INFO:CONSOLE(126)] "currentLatencynow: 4.018", source: file:///home/seluser/ppt/player/bola1/index.html (126)
[103:103:0103/102523.991234:INFO:CONSOLE(126)] "currentLatencynow: 4.965", source: file:///home/seluser/ppt/player/bola1/index.html (126)
[103:103:0103/102524.991282:INFO:CONSOLE(126)] "currentLatencynow: 4.968", source: file:///home/seluser/ppt/player/bola1/index.html (126)
[103:103:0103/102525.991234:INFO:CONSOLE(126)] "currentLatencynow: 4.904", source: file:///home/seluser/ppt/player/bola1/index.html (126)
[103:103:0103/102526.991130:INFO:CONSOLE(126)] "currentLatencynow: 4.805", source: file:///home/seluser/ppt/player/bola1/index.html (126)
[103:103:0103/102527.991211:INFO:CONSOLE(126)] "currentLatencynow: 4.707", source: file:///home/seluser/ppt/player/bola1/index.html (126)
[103:103:0103/102528.991161:INFO:CONSOLE(126)] "currentLatencynow: 4.608", source: file:///home/seluser/ppt/player/bola1/index.html (126)
[103:103:0103/102529.991224:INFO:CONSOLE(126)] "currentLatencynow: 4.51", source: file:///home/seluser/ppt/player/bola1/index.html (126)
[103:103:0103/102530.991214:INFO:CONSOLE(126)] "currentLatencynow: 4.411", source: file:///home/seluser/ppt/player/bola1/index.html (126)
[103:103:0103/102531.991188:INFO:CONSOLE(126)] "currentLatencynow: 4.332", source: file:///home/seluser/ppt/player/bola1/index.html (126)
[103:103:0103/102532.991205:INFO:CONSOLE(126)] "currentLatencynow: 4.255", source: file:///home/seluser/ppt/player/bola1/index.html (126)
[103:103:0103/102533.991234:INFO:CONSOLE(126)] "currentLatencynow: 4.197", source: file:///home/seluser/ppt/player/bola1/index.html (126)
[103:103:0103/102534.991186:INFO:CONSOLE(126)] "currentLatencynow: 4.141", source: file:///home/seluser/ppt/player/bola1/index.html (126)
[103:103:0103/102535.991116:INFO:CONSOLE(126)] "currentLatencynow: 4.105", source: file:///home/seluser/ppt/player/bola1/index.html (126)
[103:103:0103/102536.991238:INFO:CONSOLE(126)] "currentLatencynow: 4.072", source: file:///home/seluser/ppt/player/bola1/index.html (126)
[103:103:0103/102537.991377:INFO:CONSOLE(126)] "currentLatencynow: 4.041", source: file:///home/seluser/ppt/player/bola1/index.html (126)
[103:103:0103/102538.991206:INFO:CONSOLE(126)] "currentLatencynow: 4.03", source: file:///home/seluser/ppt/player/bola1/index.html (126)
[103:103:0103/102539.991259:INFO:CONSOLE(126)] "currentLatencynow: 4.019", source: file:///home/seluser/ppt/player/bola1/index.html (126)
[103:103:0103/102540.991190:INFO:CONSOLE(126)] "currentLatencynow: 4.018", source: file:///home/seluser/ppt/player/bola1/index.html (126)
[103:103:0103/102541.991212:INFO:CONSOLE(126)] "currentLatencynow: 4.018", source: file:///home/seluser/ppt/player/bola1/index.html (126)
[103:103:0103/102542.991216:INFO:CONSOLE(126)] "currentLatencynow: 4.018", source: file:///home/seluser/ppt/player/bola1/index.html (126)
[103:103:0103/102543.991208:INFO:CONSOLE(126)] "currentLatencynow: 4.018", source: file:///home/seluser/ppt/player/bola1/index.html (126)
[103:103:0103/102544.991227:INFO:CONSOLE(126)] "currentLatencynow: 4.018", source: file:///home/seluser/ppt/player/bola1/index.html (126)
[103:103:0103/102545.155032:WARNING:pref_notifier_impl.cc(40)] Pref observer for media_router.cast_allow_all_ips found at shutdown.
