[103:139:0103/103433.773239:ERROR:bus.cc(392)] Failed to connect to the bus: Failed to connect to socket /var/run/dbus/system_bus_socket: No such file or directory
[103:130:0103/103433.775752:ERROR:bus.cc(392)] Failed to connect to the bus: Address does not contain a colon
[103:130:0103/103433.775784:ERROR:bus.cc(392)] Failed to connect to the bus: Address does not contain a colon
[103:130:0103/103433.790453:ERROR:bus.cc(392)] Failed to connect to the bus: Address does not contain a colon
[103:130:0103/103433.790502:ERROR:bus.cc(392)] Failed to connect to the bus: Address does not contain a colon
[145:145:0103/103433.794486:ERROR:gpu_init.cc(453)] Passthrough is not supported, GL is swiftshader, ANGLE is 
[103:130:0103/103433.829063:ERROR:bus.cc(392)] Failed to connect to the bus: Address does not contain a colon
[103:130:0103/103433.829144:ERROR:bus.cc(392)] Failed to connect to the bus: Address does not contain a colon
[103:225:0103/103434.090721:ERROR:bus.cc(392)] Failed to connect to the bus: Failed to connect to socket /var/run/dbus/system_bus_socket: No such file or directory
[103:225:0103/103434.090781:ERROR:bus.cc(392)] Failed to connect to the bus: Failed to connect to socket /var/run/dbus/system_bus_socket: No such file or directory
[103:225:0103/103434.090849:ERROR:bus.cc(392)] Failed to connect to the bus: Failed to connect to socket /var/run/dbus/system_bus_socket: No such file or directory
[103:225:0103/103434.090866:WARNING:property.cc(144)] DaemonVersion: GetAndBlock: failed.
[103:225:0103/103434.090906:ERROR:bus.cc(392)] Failed to connect to the bus: Failed to connect to socket /var/run/dbus/system_bus_socket: No such file or directory
[103:225:0103/103434.090949:ERROR:bus.cc(392)] Failed to connect to the bus: Failed to connect to socket /var/run/dbus/system_bus_socket: No such file or directory
[103:165:0103/103436.963282:ERROR:chrome_browser_main_extra_parts_metrics.cc(228)] crbug.com/1216328: Checking Bluetooth availability started. Please report if there is no report that this ends.
[103:165:0103/103436.963327:ERROR:chrome_browser_main_extra_parts_metrics.cc(231)] crbug.com/1216328: Checking Bluetooth availability ended.
[103:165:0103/103436.963339:ERROR:chrome_browser_main_extra_parts_metrics.cc(234)] crbug.com/1216328: Checking default browser status started. Please report if there is no report that this ends.
[103:165:0103/103437.113134:ERROR:chrome_browser_main_extra_parts_metrics.cc(238)] crbug.com/1216328: Checking default browser status ended.
[103:103:0103/103448.298376:INFO:CONSOLE(126)] "currentLatencynow: NaN", source: file:///home/seluser/ppt/player/bola1/index.html (126)
[103:103:0103/103449.298149:INFO:CONSOLE(126)] "currentLatencynow: NaN", source: file:///home/seluser/ppt/player/bola1/index.html (126)
[103:103:0103/103450.298017:INFO:CONSOLE(126)] "currentLatencynow: NaN", source: file:///home/seluser/ppt/player/bola1/index.html (126)
[103:103:0103/103451.298199:INFO:CONSOLE(126)] "currentLatencynow: NaN", source: file:///home/seluser/ppt/player/bola1/index.html (126)
[103:103:0103/103452.298023:INFO:CONSOLE(126)] "currentLatencynow: NaN", source: file:///home/seluser/ppt/player/bola1/index.html (126)
[103:103:0103/103453.298102:INFO:CONSOLE(126)] "currentLatencynow: 0", source: file:///home/seluser/ppt/player/bola1/index.html (126)
[103:103:0103/103454.298094:INFO:CONSOLE(126)] "currentLatencynow: 0", source: file:///home/seluser/ppt/player/bola1/index.html (126)
[103:103:0103/103455.298183:INFO:CONSOLE(126)] "currentLatencynow: 0", source: file:///home/seluser/ppt/player/bola1/index.html (126)
[103:103:0103/103456.298031:INFO:CONSOLE(126)] "currentLatencynow: 0", source: file:///home/seluser/ppt/player/bola1/index.html (126)
[103:103:0103/103457.298099:INFO:CONSOLE(126)] "currentLatencynow: 0", source: file:///home/seluser/ppt/player/bola1/index.html (126)
[437:437:0103/103458.274641:WARNING:audio_manager_linux.cc(69)] Falling back to ALSA for audio output. PulseAudio is not available or could not be initialized.
[437:437:0103/103458.280259:ERROR:alsa_util.cc(204)] PcmOpen: default,No such file or directory
[437:437:0103/103458.280447:ERROR:alsa_util.cc(204)] PcmOpen: plug:default,No such file or directory
[103:103:0103/103458.298116:INFO:CONSOLE(126)] "currentLatencynow: 9.547", source: file:///home/seluser/ppt/player/bola1/index.html (126)
[103:103:0103/103459.298079:INFO:CONSOLE(126)] "currentLatencynow: 10.547", source: file:///home/seluser/ppt/player/bola1/index.html (126)
[103:130:0103/103459.962225:ERROR:bus.cc(392)] Failed to connect to the bus: Address does not contain a colon
[103:130:0103/103459.962275:ERROR:bus.cc(392)] Failed to connect to the bus: Address does not contain a colon
[103:130:0103/103459.962298:ERROR:bus.cc(392)] Failed to connect to the bus: Address does not contain a colon
[103:130:0103/103459.962717:ERROR:bus.cc(392)] Failed to connect to the bus: Address does not contain a colon
[103:130:0103/103459.962745:ERROR:bus.cc(392)] Failed to connect to the bus: Address does not contain a colon
[103:130:0103/103459.962762:ERROR:bus.cc(392)] Failed to connect to the bus: Address does not contain a colon
[103:130:0103/103459.962777:ERROR:bus.cc(392)] Failed to connect to the bus: Address does not contain a colon
[103:130:0103/103459.962791:ERROR:bus.cc(392)] Failed to connect to the bus: Address does not contain a colon
[103:130:0103/103459.962805:ERROR:bus.cc(392)] Failed to connect to the bus: Address does not contain a colon
[103:130:0103/103459.962818:ERROR:bus.cc(392)] Failed to connect to the bus: Address does not contain a colon
[103:130:0103/103459.962831:ERROR:bus.cc(392)] Failed to connect to the bus: Address does not contain a colon
[103:130:0103/103459.962847:ERROR:bus.cc(392)] Failed to connect to the bus: Address does not contain a colon
[103:130:0103/103459.962860:ERROR:bus.cc(392)] Failed to connect to the bus: Address does not contain a colon
[103:130:0103/103459.962871:ERROR:bus.cc(392)] Failed to connect to the bus: Address does not contain a colon
[103:130:0103/103459.962884:ERROR:bus.cc(392)] Failed to connect to the bus: Address does not contain a colon
[103:130:0103/103459.962896:ERROR:bus.cc(392)] Failed to connect to the bus: Address does not contain a colon
[103:130:0103/103459.962909:ERROR:bus.cc(392)] Failed to connect to the bus: Address does not contain a colon
[103:130:0103/103500.018041:ERROR:bus.cc(392)] Failed to connect to the bus: Address does not contain a colon
[103:130:0103/103500.018088:ERROR:bus.cc(392)] Failed to connect to the bus: Address does not contain a colon
[103:103:0103/103500.298131:INFO:CONSOLE(126)] "currentLatencynow: 11.28", source: file:///home/seluser/ppt/player/bola1/index.html (126)
[103:103:0103/103501.297988:INFO:CONSOLE(126)] "currentLatencynow: 11.28", source: file:///home/seluser/ppt/player/bola1/index.html (126)
[103:103:0103/103502.298027:INFO:CONSOLE(126)] "currentLatencynow: 11.28", source: file:///home/seluser/ppt/player/bola1/index.html (126)
[103:103:0103/103503.298054:INFO:CONSOLE(126)] "currentLatencynow: 11.203", source: file:///home/seluser/ppt/player/bola1/index.html (126)
[103:103:0103/103504.298094:INFO:CONSOLE(126)] "currentLatencynow: 11.103", source: file:///home/seluser/ppt/player/bola1/index.html (126)
[103:103:0103/103505.298030:INFO:CONSOLE(126)] "currentLatencynow: 11.054", source: file:///home/seluser/ppt/player/bola1/index.html (126)
[103:103:0103/103506.297972:INFO:CONSOLE(126)] "currentLatencynow: 11.054", source: file:///home/seluser/ppt/player/bola1/index.html (126)
[103:103:0103/103507.297950:INFO:CONSOLE(126)] "currentLatencynow: 11.576", source: file:///home/seluser/ppt/player/bola1/index.html (126)
[103:103:0103/103508.297980:INFO:CONSOLE(126)] "currentLatencynow: 11.751", source: file:///home/seluser/ppt/player/bola1/index.html (126)
[103:103:0103/103509.298011:INFO:CONSOLE(126)] "currentLatencynow: 11.751", source: file:///home/seluser/ppt/player/bola1/index.html (126)
[103:103:0103/103510.298016:INFO:CONSOLE(126)] "currentLatencynow: 12.567", source: file:///home/seluser/ppt/player/bola1/index.html (126)
[103:103:0103/103511.297999:INFO:CONSOLE(126)] "currentLatencynow: 13.567", source: file:///home/seluser/ppt/player/bola1/index.html (126)
[103:130:0103/103511.767662:ERROR:bus.cc(392)] Failed to connect to the bus: Address does not contain a colon
[103:130:0103/103511.767720:ERROR:bus.cc(392)] Failed to connect to the bus: Address does not contain a colon
[103:103:0103/103512.298151:INFO:CONSOLE(126)] "currentLatencynow: 13.991", source: file:///home/seluser/ppt/player/bola1/index.html (126)
[103:103:0103/103513.297978:INFO:CONSOLE(126)] "currentLatencynow: 13.936", source: file:///home/seluser/ppt/player/bola1/index.html (126)
[103:103:0103/103514.297982:INFO:CONSOLE(126)] "currentLatencynow: 13.836", source: file:///home/seluser/ppt/player/bola1/index.html (126)
[103:103:0103/103515.297982:INFO:CONSOLE(126)] "currentLatencynow: 13.736", source: file:///home/seluser/ppt/player/bola1/index.html (126)
[103:103:0103/103516.298009:INFO:CONSOLE(126)] "currentLatencynow: 13.636", source: file:///home/seluser/ppt/player/bola1/index.html (126)
[103:103:0103/103517.297980:INFO:CONSOLE(126)] "currentLatencynow: 13.536", source: file:///home/seluser/ppt/player/bola1/index.html (126)
[103:103:0103/103518.298068:INFO:CONSOLE(126)] "currentLatencynow: 13.436", source: file:///home/seluser/ppt/player/bola1/index.html (126)
[103:103:0103/103519.298232:INFO:CONSOLE(126)] "currentLatencynow: 13.335", source: file:///home/seluser/ppt/player/bola1/index.html (126)
[103:103:0103/103520.298045:INFO:CONSOLE(126)] "currentLatencynow: 13.236", source: file:///home/seluser/ppt/player/bola1/index.html (126)
[103:103:0103/103521.297964:INFO:CONSOLE(126)] "currentLatencynow: 13.136", source: file:///home/seluser/ppt/player/bola1/index.html (126)
[103:103:0103/103522.298103:INFO:CONSOLE(126)] "currentLatencynow: 13.036", source: file:///home/seluser/ppt/player/bola1/index.html (126)
[103:103:0103/103523.298180:INFO:CONSOLE(126)] "currentLatencynow: 12.938", source: file:///home/seluser/ppt/player/bola1/index.html (126)
[103:103:0103/103524.298031:INFO:CONSOLE(126)] "currentLatencynow: 12.836", source: file:///home/seluser/ppt/player/bola1/index.html (126)
[103:103:0103/103525.298134:INFO:CONSOLE(126)] "currentLatencynow: 12.735", source: file:///home/seluser/ppt/player/bola1/index.html (126)
[103:103:0103/103526.298910:INFO:CONSOLE(126)] "currentLatencynow: 12.635", source: file:///home/seluser/ppt/player/bola1/index.html (126)
[103:103:0103/103527.297985:INFO:CONSOLE(126)] "currentLatencynow: 12.536", source: file:///home/seluser/ppt/player/bola1/index.html (126)
[103:103:0103/103528.298964:INFO:CONSOLE(126)] "currentLatencynow: 12.436", source: file:///home/seluser/ppt/player/bola1/index.html (126)
[103:103:0103/103529.298066:INFO:CONSOLE(126)] "currentLatencynow: 12.336", source: file:///home/seluser/ppt/player/bola1/index.html (126)
[103:103:0103/103530.297968:INFO:CONSOLE(126)] "currentLatencynow: 12.236", source: file:///home/seluser/ppt/player/bola1/index.html (126)
[103:103:0103/103531.297995:INFO:CONSOLE(126)] "currentLatencynow: 12.136", source: file:///home/seluser/ppt/player/bola1/index.html (126)
[103:103:0103/103532.297990:INFO:CONSOLE(126)] "currentLatencynow: 12.036", source: file:///home/seluser/ppt/player/bola1/index.html (126)
[103:103:0103/103533.298002:INFO:CONSOLE(126)] "currentLatencynow: 11.935", source: file:///home/seluser/ppt/player/bola1/index.html (126)
[103:103:0103/103534.298068:INFO:CONSOLE(126)] "currentLatencynow: 11.836", source: file:///home/seluser/ppt/player/bola1/index.html (126)
[103:103:0103/103535.297983:INFO:CONSOLE(126)] "currentLatencynow: 11.736", source: file:///home/seluser/ppt/player/bola1/index.html (126)
[103:103:0103/103536.298096:INFO:CONSOLE(126)] "currentLatencynow: 11.635", source: file:///home/seluser/ppt/player/bola1/index.html (126)
[103:103:0103/103537.298189:INFO:CONSOLE(126)] "currentLatencynow: 11.536", source: file:///home/seluser/ppt/player/bola1/index.html (126)
[103:103:0103/103538.297999:INFO:CONSOLE(126)] "currentLatencynow: 11.436", source: file:///home/seluser/ppt/player/bola1/index.html (126)
[103:103:0103/103539.298132:INFO:CONSOLE(126)] "currentLatencynow: 11.336", source: file:///home/seluser/ppt/player/bola1/index.html (126)
[103:103:0103/103540.298954:INFO:CONSOLE(126)] "currentLatencynow: 11.235", source: file:///home/seluser/ppt/player/bola1/index.html (126)
[103:103:0103/103541.298165:INFO:CONSOLE(126)] "currentLatencynow: 11.136", source: file:///home/seluser/ppt/player/bola1/index.html (126)
[103:103:0103/103542.298149:INFO:CONSOLE(126)] "currentLatencynow: 11.036", source: file:///home/seluser/ppt/player/bola1/index.html (126)
[103:103:0103/103543.298035:INFO:CONSOLE(126)] "currentLatencynow: 10.985", source: file:///home/seluser/ppt/player/bola1/index.html (126)
[103:103:0103/103544.299102:INFO:CONSOLE(126)] "currentLatencynow: 10.985", source: file:///home/seluser/ppt/player/bola1/index.html (126)
[103:103:0103/103545.298045:INFO:CONSOLE(126)] "currentLatencynow: 10.985", source: file:///home/seluser/ppt/player/bola1/index.html (126)
[103:103:0103/103546.298233:INFO:CONSOLE(126)] "currentLatencynow: 10.985", source: file:///home/seluser/ppt/player/bola1/index.html (126)
[103:103:0103/103547.298145:INFO:CONSOLE(126)] "currentLatencynow: 10.985", source: file:///home/seluser/ppt/player/bola1/index.html (126)
[103:103:0103/103548.298117:INFO:CONSOLE(126)] "currentLatencynow: 10.985", source: file:///home/seluser/ppt/player/bola1/index.html (126)
[103:103:0103/103549.299084:INFO:CONSOLE(126)] "currentLatencynow: 10.935", source: file:///home/seluser/ppt/player/bola1/index.html (126)
[103:103:0103/103550.298336:INFO:CONSOLE(126)] "currentLatencynow: 10.835", source: file:///home/seluser/ppt/player/bola1/index.html (126)
[103:103:0103/103551.298740:INFO:CONSOLE(126)] "currentLatencynow: 10.735", source: file:///home/seluser/ppt/player/bola1/index.html (126)
[103:103:0103/103552.298346:INFO:CONSOLE(126)] "currentLatencynow: 10.636", source: file:///home/seluser/ppt/player/bola1/index.html (126)
[103:103:0103/103553.298761:INFO:CONSOLE(126)] "currentLatencynow: 10.535", source: file:///home/seluser/ppt/player/bola1/index.html (126)
[103:103:0103/103554.298052:INFO:CONSOLE(126)] "currentLatencynow: 10.435", source: file:///home/seluser/ppt/player/bola1/index.html (126)
[103:103:0103/103555.298314:INFO:CONSOLE(126)] "currentLatencynow: 10.335", source: file:///home/seluser/ppt/player/bola1/index.html (126)
[103:103:0103/103556.300619:INFO:CONSOLE(126)] "currentLatencynow: 10.235", source: file:///home/seluser/ppt/player/bola1/index.html (126)
[103:103:0103/103557.298478:INFO:CONSOLE(126)] "currentLatencynow: 10.135", source: file:///home/seluser/ppt/player/bola1/index.html (126)
[103:103:0103/103558.298315:INFO:CONSOLE(126)] "currentLatencynow: 10.035", source: file:///home/seluser/ppt/player/bola1/index.html (126)
[103:103:0103/103559.298864:INFO:CONSOLE(126)] "currentLatencynow: 9.935", source: file:///home/seluser/ppt/player/bola1/index.html (126)
[103:103:0103/103600.298041:INFO:CONSOLE(126)] "currentLatencynow: 9.91", source: file:///home/seluser/ppt/player/bola1/index.html (126)
[103:103:0103/103601.297999:INFO:CONSOLE(126)] "currentLatencynow: 9.91", source: file:///home/seluser/ppt/player/bola1/index.html (126)
[103:103:0103/103602.300939:INFO:CONSOLE(126)] "currentLatencynow: 9.862", source: file:///home/seluser/ppt/player/bola1/index.html (126)
[103:103:0103/103603.298147:INFO:CONSOLE(126)] "currentLatencynow: 9.761", source: file:///home/seluser/ppt/player/bola1/index.html (126)
[103:103:0103/103604.298180:INFO:CONSOLE(126)] "currentLatencynow: 9.661", source: file:///home/seluser/ppt/player/bola1/index.html (126)
[103:103:0103/103605.298738:INFO:CONSOLE(126)] "currentLatencynow: 9.561", source: file:///home/seluser/ppt/player/bola1/index.html (126)
[103:103:0103/103606.298782:INFO:CONSOLE(126)] "currentLatencynow: 9.461", source: file:///home/seluser/ppt/player/bola1/index.html (126)
[103:103:0103/103607.298774:INFO:CONSOLE(126)] "currentLatencynow: 9.361", source: file:///home/seluser/ppt/player/bola1/index.html (126)
[103:103:0103/103608.299425:INFO:CONSOLE(126)] "currentLatencynow: 9.262", source: file:///home/seluser/ppt/player/bola1/index.html (126)
[103:103:0103/103609.297997:INFO:CONSOLE(126)] "currentLatencynow: 9.161", source: file:///home/seluser/ppt/player/bola1/index.html (126)
[103:103:0103/103610.298046:INFO:CONSOLE(126)] "currentLatencynow: 9.061", source: file:///home/seluser/ppt/player/bola1/index.html (126)
[103:103:0103/103611.298018:INFO:CONSOLE(126)] "currentLatencynow: 8.961", source: file:///home/seluser/ppt/player/bola1/index.html (126)
[103:103:0103/103612.298031:INFO:CONSOLE(126)] "currentLatencynow: 8.861", source: file:///home/seluser/ppt/player/bola1/index.html (126)
[103:103:0103/103613.297982:INFO:CONSOLE(126)] "currentLatencynow: 8.834", source: file:///home/seluser/ppt/player/bola1/index.html (126)
[103:103:0103/103614.298478:INFO:CONSOLE(126)] "currentLatencynow: 8.804", source: file:///home/seluser/ppt/player/bola1/index.html (126)
[103:103:0103/103615.299220:INFO:CONSOLE(126)] "currentLatencynow: 8.704", source: file:///home/seluser/ppt/player/bola1/index.html (126)
[103:103:0103/103616.298329:INFO:CONSOLE(126)] "currentLatencynow: 8.605", source: file:///home/seluser/ppt/player/bola1/index.html (126)
[103:103:0103/103617.299534:INFO:CONSOLE(126)] "currentLatencynow: 8.504", source: file:///home/seluser/ppt/player/bola1/index.html (126)
[103:103:0103/103618.299676:INFO:CONSOLE(126)] "currentLatencynow: 8.404", source: file:///home/seluser/ppt/player/bola1/index.html (126)
[103:103:0103/103619.298556:INFO:CONSOLE(126)] "currentLatencynow: 8.305", source: file:///home/seluser/ppt/player/bola1/index.html (126)
[103:103:0103/103620.298108:INFO:CONSOLE(126)] "currentLatencynow: 8.204", source: file:///home/seluser/ppt/player/bola1/index.html (126)
[103:103:0103/103621.298589:INFO:CONSOLE(126)] "currentLatencynow: 8.105", source: file:///home/seluser/ppt/player/bola1/index.html (126)
[103:103:0103/103622.298044:INFO:CONSOLE(126)] "currentLatencynow: 8.004", source: file:///home/seluser/ppt/player/bola1/index.html (126)
[103:103:0103/103623.298067:INFO:CONSOLE(126)] "currentLatencynow: 7.904", source: file:///home/seluser/ppt/player/bola1/index.html (126)
[103:103:0103/103624.298030:INFO:CONSOLE(126)] "currentLatencynow: 7.804", source: file:///home/seluser/ppt/player/bola1/index.html (126)
[103:103:0103/103625.298164:INFO:CONSOLE(126)] "currentLatencynow: 7.704", source: file:///home/seluser/ppt/player/bola1/index.html (126)
[103:103:0103/103626.298051:INFO:CONSOLE(126)] "currentLatencynow: 7.604", source: file:///home/seluser/ppt/player/bola1/index.html (126)
[103:103:0103/103627.298045:INFO:CONSOLE(126)] "currentLatencynow: 7.504", source: file:///home/seluser/ppt/player/bola1/index.html (126)
[103:103:0103/103628.298073:INFO:CONSOLE(126)] "currentLatencynow: 7.404", source: file:///home/seluser/ppt/player/bola1/index.html (126)
[103:103:0103/103629.298082:INFO:CONSOLE(126)] "currentLatencynow: 7.304", source: file:///home/seluser/ppt/player/bola1/index.html (126)
[103:103:0103/103630.298040:INFO:CONSOLE(126)] "currentLatencynow: 7.204", source: file:///home/seluser/ppt/player/bola1/index.html (126)
[103:103:0103/103631.298010:INFO:CONSOLE(126)] "currentLatencynow: 7.104", source: file:///home/seluser/ppt/player/bola1/index.html (126)
[103:103:0103/103632.298220:INFO:CONSOLE(126)] "currentLatencynow: 7.004", source: file:///home/seluser/ppt/player/bola1/index.html (126)
[103:103:0103/103633.298108:INFO:CONSOLE(126)] "currentLatencynow: 6.904", source: file:///home/seluser/ppt/player/bola1/index.html (126)
[103:103:0103/103634.298053:INFO:CONSOLE(126)] "currentLatencynow: 6.804", source: file:///home/seluser/ppt/player/bola1/index.html (126)
[103:103:0103/103635.298021:INFO:CONSOLE(126)] "currentLatencynow: 6.704", source: file:///home/seluser/ppt/player/bola1/index.html (126)
[103:103:0103/103636.298186:INFO:CONSOLE(126)] "currentLatencynow: 6.604", source: file:///home/seluser/ppt/player/bola1/index.html (126)
[103:103:0103/103637.298160:INFO:CONSOLE(126)] "currentLatencynow: 6.504", source: file:///home/seluser/ppt/player/bola1/index.html (126)
[103:103:0103/103638.298190:INFO:CONSOLE(126)] "currentLatencynow: 6.404", source: file:///home/seluser/ppt/player/bola1/index.html (126)
[103:103:0103/103639.298136:INFO:CONSOLE(126)] "currentLatencynow: 6.304", source: file:///home/seluser/ppt/player/bola1/index.html (126)
[103:103:0103/103640.297976:INFO:CONSOLE(126)] "currentLatencynow: 6.204", source: file:///home/seluser/ppt/player/bola1/index.html (126)
[103:103:0103/103641.297953:INFO:CONSOLE(126)] "currentLatencynow: 6.104", source: file:///home/seluser/ppt/player/bola1/index.html (126)
[103:103:0103/103642.298337:INFO:CONSOLE(126)] "currentLatencynow: 6.004", source: file:///home/seluser/ppt/player/bola1/index.html (126)
[103:103:0103/103643.298258:INFO:CONSOLE(126)] "currentLatencynow: 5.904", source: file:///home/seluser/ppt/player/bola1/index.html (126)
[103:103:0103/103644.298070:INFO:CONSOLE(126)] "currentLatencynow: 5.804", source: file:///home/seluser/ppt/player/bola1/index.html (126)
[103:103:0103/103645.298421:INFO:CONSOLE(126)] "currentLatencynow: 5.704", source: file:///home/seluser/ppt/player/bola1/index.html (126)
[103:103:0103/103646.298803:INFO:CONSOLE(112)] "Begin Player stistics 
", source: file:///home/seluser/ppt/player/bola1/index.html (112)
[103:103:0103/103646.298910:INFO:CONSOLE(113)] "["stall",[["23.85","25.56",1.7099999999999973]],[["32.37","32.62",0.25]],[["35.08","35.33",0.25]],[["availibleBW",[null],[null],[null],[null],[null],[null],[null],[null],[null],[null],[null],[null],[788],[897],[968],[968],[968],[886],[886],[793],[793],[793],[709],[709],[895],[1451],[2949],[2910],[2910],[3002],[3294],[3294],[2730],[2734],[2734],[2731],[2802],[2945],[3088],[3230],[3230],[3302],[3302],[3302],[3305],[3307],[4400],[4400],[4400],[3970],[3970],[3970],[3673],[3673],[3673],[3380],[1654],[1654],[1597],[1633],[1633],[1685],[1688],[1688],[1696],[1696],[2059],[2435],[3397],[4412],[4412],[5034],[5034],[5104],[5103],[5101],[5439],[5571],[5719],[5846],[5846],[5663],[5623],[5623],[5607],[5607],[9986],[9371],[9464],[9537],[6192],[6182],[6146],[6146],[5745],[5745],[5216],[5216],[4754],[5053],[5001],[5001],[4740],[4740],[4004],[4004],[3841],[4117],[4017],[4017],[3747],[3747],[2882],[2882],[3206],[3206],[2956],[2956]]],[["currentBuffer",[0],[0],[0],[0],[0],[0],[0],[0],[0],[0],[0],[0],[0.838],[1.84],[2.784],[1.774],[0.674],[0],[0],[0.052],[0],[0],[0.044],[0.044],[3.538],[8.484],[9.397],[8.234],[7.197],[6.097],[4.958],[3.897],[2.797],[1.697],[0.597],[1.499],[2.401],[3.264],[4.205],[5.105],[3.984],[4.91],[5.811],[6.713],[7.615],[8.517],[9.419],[8.319],[7.219],[6.119],[4.997],[3.919],[2.763],[1.719],[0.619],[1.564],[0.564],[0],[0.566],[1.568],[0.547],[1.527],[2.429],[1.329],[2.231],[1.131],[4.035],[4.937],[3.775],[2.707],[1.611],[0.537],[0],[0.507],[1.467],[2.369],[3.271],[4.173],[5.075],[5.977],[4.854],[3.776],[2.677],[1.577],[0.477],[0],[2.424],[3.325],[4.228],[5.13],[6.008],[6.934],[7.836],[6.736],[7.638],[6.538],[7.44],[6.34],[7.242],[6.142],[7.005],[5.944],[6.846],[5.746],[6.648],[5.548],[6.45],[5.35],[6.252],[5.152],[6.031],[4.954],[5.856],[4.755],[5.619],[4.558],[5.46],[4.36]]],[["currentLatency",[null],[null],[null],[null],[null],[0],[0],[0],[0],[0],[9.547],[10.547],[11.28],[11.28],[11.28],[11.203],[11.103],[11.054],[11.054],[11.576],[11.751],[11.751],[12.567],[13.567],[13.991],[13.936],[13.836],[13.736],[13.636],[13.536],[13.436],[13.335],[13.236],[13.136],[13.036],[12.938],[12.836],[12.735],[12.635],[12.536],[12.436],[12.336],[12.236],[12.136],[12.036],[11.935],[11.836],[11.736],[11.635],[11.536],[11.436],[11.336],[11.235],[11.136],[11.036],[10.985],[10.985],[10.985],[10.985],[10.985],[10.985],[10.935],[10.835],[10.735],[10.636],[10.535],[10.435],[10.335],[10.235],[10.135],[10.035],[9.935],[9.91],[9.91],[9.862],[9.761],[9.661],[9.561],[9.461],[9.361],[9.262],[9.161],[9.061],[8.961],[8.861],[8.834],[8.804],[8.704],[8.605],[8.504],[8.404],[8.305],[8.204],[8.105],[8.004],[7.904],[7.804],[7.704],[7.604],[7.504],[7.404],[7.304],[7.204],[7.104],[7.004],[6.904],[6.804],[6.704],[6.604],[6.504],[6.404],[6.304],[6.204],[6.104],[6.004],[5.904],[5.804],[5.704]]]]", source: file:///home/seluser/ppt/player/bola1/index.html (113)
[103:103:0103/103646.298983:INFO:CONSOLE(114)] "
", source: file:///home/seluser/ppt/player/bola1/index.html (114)
[103:103:0103/103646.299044:INFO:CONSOLE(115)] "Finish Player stistics 
", source: file:///home/seluser/ppt/player/bola1/index.html (115)
[103:103:0103/103646.299093:INFO:CONSOLE(126)] "currentLatencynow: 5.604", source: file:///home/seluser/ppt/player/bola1/index.html (126)
[103:103:0103/103647.298174:INFO:CONSOLE(126)] "currentLatencynow: 5.504", source: file:///home/seluser/ppt/player/bola1/index.html (126)
[103:103:0103/103648.298314:INFO:CONSOLE(126)] "currentLatencynow: 5.405", source: file:///home/seluser/ppt/player/bola1/index.html (126)
[103:103:0103/103649.298282:INFO:CONSOLE(126)] "currentLatencynow: 5.304", source: file:///home/seluser/ppt/player/bola1/index.html (126)
[103:103:0103/103650.298183:INFO:CONSOLE(126)] "currentLatencynow: 5.204", source: file:///home/seluser/ppt/player/bola1/index.html (126)
[103:103:0103/103651.298060:INFO:CONSOLE(126)] "currentLatencynow: 5.104", source: file:///home/seluser/ppt/player/bola1/index.html (126)
[103:103:0103/103652.298057:INFO:CONSOLE(126)] "currentLatencynow: 5.004", source: file:///home/seluser/ppt/player/bola1/index.html (126)
[103:103:0103/103653.297983:INFO:CONSOLE(126)] "currentLatencynow: 4.904", source: file:///home/seluser/ppt/player/bola1/index.html (126)
[103:103:0103/103654.298003:INFO:CONSOLE(126)] "currentLatencynow: 4.804", source: file:///home/seluser/ppt/player/bola1/index.html (126)
[103:103:0103/103655.298061:INFO:CONSOLE(126)] "currentLatencynow: 4.704", source: file:///home/seluser/ppt/player/bola1/index.html (126)
[103:103:0103/103656.298038:INFO:CONSOLE(126)] "currentLatencynow: 4.604", source: file:///home/seluser/ppt/player/bola1/index.html (126)
[103:103:0103/103657.298052:INFO:CONSOLE(126)] "currentLatencynow: 4.504", source: file:///home/seluser/ppt/player/bola1/index.html (126)
[103:103:0103/103658.297997:INFO:CONSOLE(126)] "currentLatencynow: 4.409", source: file:///home/seluser/ppt/player/bola1/index.html (126)
[103:103:0103/103659.298168:INFO:CONSOLE(126)] "currentLatencynow: 4.329", source: file:///home/seluser/ppt/player/bola1/index.html (126)
[103:103:0103/103700.298079:INFO:CONSOLE(126)] "currentLatencynow: 4.255", source: file:///home/seluser/ppt/player/bola1/index.html (126)
[103:103:0103/103701.298044:INFO:CONSOLE(126)] "currentLatencynow: 4.195", source: file:///home/seluser/ppt/player/bola1/index.html (126)
[103:103:0103/103702.298141:INFO:CONSOLE(126)] "currentLatencynow: 4.143", source: file:///home/seluser/ppt/player/bola1/index.html (126)
[103:103:0103/103703.298107:INFO:CONSOLE(126)] "currentLatencynow: 4.105", source: file:///home/seluser/ppt/player/bola1/index.html (126)
[103:103:0103/103704.298183:INFO:CONSOLE(126)] "currentLatencynow: 4.067", source: file:///home/seluser/ppt/player/bola1/index.html (126)
[103:103:0103/103705.298612:INFO:CONSOLE(126)] "currentLatencynow: 4.049", source: file:///home/seluser/ppt/player/bola1/index.html (126)
[103:103:0103/103706.298082:INFO:CONSOLE(126)] "currentLatencynow: 4.032", source: file:///home/seluser/ppt/player/bola1/index.html (126)
[103:103:0103/103707.298093:INFO:CONSOLE(126)] "currentLatencynow: 4.015", source: file:///home/seluser/ppt/player/bola1/index.html (126)
[103:103:0103/103708.298079:INFO:CONSOLE(126)] "currentLatencynow: 4.015", source: file:///home/seluser/ppt/player/bola1/index.html (126)
[103:103:0103/103709.298539:INFO:CONSOLE(126)] "currentLatencynow: 4.015", source: file:///home/seluser/ppt/player/bola1/index.html (126)
[103:103:0103/103710.298048:INFO:CONSOLE(126)] "currentLatencynow: 4.015", source: file:///home/seluser/ppt/player/bola1/index.html (126)
[103:103:0103/103711.298107:INFO:CONSOLE(126)] "currentLatencynow: 4.015", source: file:///home/seluser/ppt/player/bola1/index.html (126)
[103:103:0103/103712.298072:INFO:CONSOLE(126)] "currentLatencynow: 4.015", source: file:///home/seluser/ppt/player/bola1/index.html (126)
[103:103:0103/103713.298057:INFO:CONSOLE(126)] "currentLatencynow: 4.015", source: file:///home/seluser/ppt/player/bola1/index.html (126)
[103:103:0103/103714.298049:INFO:CONSOLE(126)] "currentLatencynow: 4.015", source: file:///home/seluser/ppt/player/bola1/index.html (126)
[103:103:0103/103715.298002:INFO:CONSOLE(126)] "currentLatencynow: 4.015", source: file:///home/seluser/ppt/player/bola1/index.html (126)
[103:103:0103/103716.298097:INFO:CONSOLE(126)] "currentLatencynow: 4.015", source: file:///home/seluser/ppt/player/bola1/index.html (126)
[103:103:0103/103717.298067:INFO:CONSOLE(126)] "currentLatencynow: 4.015", source: file:///home/seluser/ppt/player/bola1/index.html (126)
[103:103:0103/103718.298014:INFO:CONSOLE(126)] "currentLatencynow: 4.015", source: file:///home/seluser/ppt/player/bola1/index.html (126)
[103:103:0103/103718.445570:WARNING:pref_notifier_impl.cc(40)] Pref observer for media_router.cast_allow_all_ips found at shutdown.
