[103:139:0103/095039.511067:ERROR:bus.cc(392)] Failed to connect to the bus: Failed to connect to socket /var/run/dbus/system_bus_socket: No such file or directory
[103:130:0103/095039.513666:ERROR:bus.cc(392)] Failed to connect to the bus: Address does not contain a colon
[103:130:0103/095039.513699:ERROR:bus.cc(392)] Failed to connect to the bus: Address does not contain a colon
[103:130:0103/095039.531646:ERROR:bus.cc(392)] Failed to connect to the bus: Address does not contain a colon
[103:130:0103/095039.531698:ERROR:bus.cc(392)] Failed to connect to the bus: Address does not contain a colon
[144:144:0103/095039.555393:ERROR:gpu_init.cc(453)] Passthrough is not supported, GL is swiftshader, ANGLE is 
[103:130:0103/095039.575548:ERROR:bus.cc(392)] Failed to connect to the bus: Address does not contain a colon
[103:130:0103/095039.575632:ERROR:bus.cc(392)] Failed to connect to the bus: Address does not contain a colon
[103:220:0103/095039.774679:ERROR:bus.cc(392)] Failed to connect to the bus: Failed to connect to socket /var/run/dbus/system_bus_socket: No such file or directory
[103:220:0103/095039.774755:ERROR:bus.cc(392)] Failed to connect to the bus: Failed to connect to socket /var/run/dbus/system_bus_socket: No such file or directory
[103:220:0103/095039.774836:ERROR:bus.cc(392)] Failed to connect to the bus: Failed to connect to socket /var/run/dbus/system_bus_socket: No such file or directory
[103:220:0103/095039.774863:WARNING:property.cc(144)] DaemonVersion: GetAndBlock: failed.
[103:220:0103/095039.774955:ERROR:bus.cc(392)] Failed to connect to the bus: Failed to connect to socket /var/run/dbus/system_bus_socket: No such file or directory
[103:220:0103/095039.775013:ERROR:bus.cc(392)] Failed to connect to the bus: Failed to connect to socket /var/run/dbus/system_bus_socket: No such file or directory
[103:103:0103/095041.901867:INFO:CONSOLE(126)] "currentLatencynow: NaN", source: file:///home/seluser/ppt/player/bola1/index.html (126)
[103:157:0103/095042.693852:ERROR:chrome_browser_main_extra_parts_metrics.cc(228)] crbug.com/1216328: Checking Bluetooth availability started. Please report if there is no report that this ends.
[103:157:0103/095042.693916:ERROR:chrome_browser_main_extra_parts_metrics.cc(231)] crbug.com/1216328: Checking Bluetooth availability ended.
[103:157:0103/095042.693941:ERROR:chrome_browser_main_extra_parts_metrics.cc(234)] crbug.com/1216328: Checking default browser status started. Please report if there is no report that this ends.
[254:254:0103/095042.776941:WARNING:audio_manager_linux.cc(69)] Falling back to ALSA for audio output. PulseAudio is not available or could not be initialized.
[254:254:0103/095042.784624:ERROR:alsa_util.cc(204)] PcmOpen: default,No such file or directory
[254:254:0103/095042.784825:ERROR:alsa_util.cc(204)] PcmOpen: plug:default,No such file or directory
[103:103:0103/095042.902021:INFO:CONSOLE(126)] "currentLatencynow: 4.329", source: file:///home/seluser/ppt/player/bola1/index.html (126)
[103:157:0103/095042.907514:ERROR:chrome_browser_main_extra_parts_metrics.cc(238)] crbug.com/1216328: Checking default browser status ended.
[103:130:0103/095043.140283:ERROR:bus.cc(392)] Failed to connect to the bus: Address does not contain a colon
[103:130:0103/095043.140335:ERROR:bus.cc(392)] Failed to connect to the bus: Address does not contain a colon
[103:130:0103/095043.140352:ERROR:bus.cc(392)] Failed to connect to the bus: Address does not contain a colon
[103:130:0103/095043.140368:ERROR:bus.cc(392)] Failed to connect to the bus: Address does not contain a colon
[103:130:0103/095043.140382:ERROR:bus.cc(392)] Failed to connect to the bus: Address does not contain a colon
[103:130:0103/095043.140395:ERROR:bus.cc(392)] Failed to connect to the bus: Address does not contain a colon
[103:130:0103/095043.140411:ERROR:bus.cc(392)] Failed to connect to the bus: Address does not contain a colon
[103:130:0103/095043.140425:ERROR:bus.cc(392)] Failed to connect to the bus: Address does not contain a colon
[103:130:0103/095043.140441:ERROR:bus.cc(392)] Failed to connect to the bus: Address does not contain a colon
[103:130:0103/095043.140468:ERROR:bus.cc(392)] Failed to connect to the bus: Address does not contain a colon
[103:130:0103/095043.140482:ERROR:bus.cc(392)] Failed to connect to the bus: Address does not contain a colon
[103:130:0103/095043.140495:ERROR:bus.cc(392)] Failed to connect to the bus: Address does not contain a colon
[103:130:0103/095043.140508:ERROR:bus.cc(392)] Failed to connect to the bus: Address does not contain a colon
[103:130:0103/095043.140522:ERROR:bus.cc(392)] Failed to connect to the bus: Address does not contain a colon
[103:130:0103/095043.146724:ERROR:bus.cc(392)] Failed to connect to the bus: Address does not contain a colon
[103:130:0103/095043.146775:ERROR:bus.cc(392)] Failed to connect to the bus: Address does not contain a colon
[103:130:0103/095043.146795:ERROR:bus.cc(392)] Failed to connect to the bus: Address does not contain a colon
[103:130:0103/095043.187150:ERROR:bus.cc(392)] Failed to connect to the bus: Address does not contain a colon
[103:130:0103/095043.187194:ERROR:bus.cc(392)] Failed to connect to the bus: Address does not contain a colon
[103:103:0103/095043.901584:INFO:CONSOLE(126)] "currentLatencynow: 4.581", source: file:///home/seluser/ppt/player/bola1/index.html (126)
[103:103:0103/095044.901392:INFO:CONSOLE(126)] "currentLatencynow: 4.492", source: file:///home/seluser/ppt/player/bola1/index.html (126)
[103:103:0103/095045.901457:INFO:CONSOLE(126)] "currentLatencynow: 4.463", source: file:///home/seluser/ppt/player/bola1/index.html (126)
[103:103:0103/095046.901436:INFO:CONSOLE(126)] "currentLatencynow: 4.463", source: file:///home/seluser/ppt/player/bola1/index.html (126)
[103:103:0103/095047.901459:INFO:CONSOLE(126)] "currentLatencynow: 4.463", source: file:///home/seluser/ppt/player/bola1/index.html (126)
[103:103:0103/095048.901468:INFO:CONSOLE(126)] "currentLatencynow: 4.463", source: file:///home/seluser/ppt/player/bola1/index.html (126)
[103:103:0103/095049.901664:INFO:CONSOLE(126)] "currentLatencynow: 4.415", source: file:///home/seluser/ppt/player/bola1/index.html (126)
[103:103:0103/095050.901416:INFO:CONSOLE(126)] "currentLatencynow: 4.333", source: file:///home/seluser/ppt/player/bola1/index.html (126)
[103:103:0103/095051.901473:INFO:CONSOLE(126)] "currentLatencynow: 4.256", source: file:///home/seluser/ppt/player/bola1/index.html (126)
[103:103:0103/095052.901400:INFO:CONSOLE(126)] "currentLatencynow: 4.196", source: file:///home/seluser/ppt/player/bola1/index.html (126)
[103:103:0103/095053.901429:INFO:CONSOLE(126)] "currentLatencynow: 4.141", source: file:///home/seluser/ppt/player/bola1/index.html (126)
[103:103:0103/095054.901458:INFO:CONSOLE(126)] "currentLatencynow: 4.105", source: file:///home/seluser/ppt/player/bola1/index.html (126)
[103:103:0103/095055.901423:INFO:CONSOLE(126)] "currentLatencynow: 4.068", source: file:///home/seluser/ppt/player/bola1/index.html (126)
[103:103:0103/095056.901448:INFO:CONSOLE(126)] "currentLatencynow: 4.047", source: file:///home/seluser/ppt/player/bola1/index.html (126)
[103:103:0103/095057.901521:INFO:CONSOLE(126)] "currentLatencynow: 4.032", source: file:///home/seluser/ppt/player/bola1/index.html (126)
[103:103:0103/095058.901459:INFO:CONSOLE(126)] "currentLatencynow: 4.017", source: file:///home/seluser/ppt/player/bola1/index.html (126)
[103:103:0103/095059.901440:INFO:CONSOLE(126)] "currentLatencynow: 4.016", source: file:///home/seluser/ppt/player/bola1/index.html (126)
[103:103:0103/095100.901387:INFO:CONSOLE(126)] "currentLatencynow: 4.016", source: file:///home/seluser/ppt/player/bola1/index.html (126)
[103:103:0103/095101.901406:INFO:CONSOLE(126)] "currentLatencynow: 4.016", source: file:///home/seluser/ppt/player/bola1/index.html (126)
[103:103:0103/095102.901555:INFO:CONSOLE(126)] "currentLatencynow: 4.016", source: file:///home/seluser/ppt/player/bola1/index.html (126)
[103:103:0103/095103.901404:INFO:CONSOLE(126)] "currentLatencynow: 4.016", source: file:///home/seluser/ppt/player/bola1/index.html (126)
[103:103:0103/095104.901428:INFO:CONSOLE(126)] "currentLatencynow: 4.016", source: file:///home/seluser/ppt/player/bola1/index.html (126)
[103:103:0103/095105.901397:INFO:CONSOLE(126)] "currentLatencynow: 4.016", source: file:///home/seluser/ppt/player/bola1/index.html (126)
[103:103:0103/095106.901431:INFO:CONSOLE(126)] "currentLatencynow: 4.016", source: file:///home/seluser/ppt/player/bola1/index.html (126)
[103:103:0103/095107.901432:INFO:CONSOLE(126)] "currentLatencynow: 4.016", source: file:///home/seluser/ppt/player/bola1/index.html (126)
[103:103:0103/095108.901469:INFO:CONSOLE(126)] "currentLatencynow: 4.016", source: file:///home/seluser/ppt/player/bola1/index.html (126)
[103:103:0103/095109.901482:INFO:CONSOLE(126)] "currentLatencynow: 4.016", source: file:///home/seluser/ppt/player/bola1/index.html (126)
[103:103:0103/095110.901392:INFO:CONSOLE(126)] "currentLatencynow: 4.016", source: file:///home/seluser/ppt/player/bola1/index.html (126)
[103:103:0103/095111.901492:INFO:CONSOLE(126)] "currentLatencynow: 4.016", source: file:///home/seluser/ppt/player/bola1/index.html (126)
[103:103:0103/095112.901426:INFO:CONSOLE(126)] "currentLatencynow: 4.016", source: file:///home/seluser/ppt/player/bola1/index.html (126)
[103:103:0103/095113.901423:INFO:CONSOLE(126)] "currentLatencynow: 4.016", source: file:///home/seluser/ppt/player/bola1/index.html (126)
[103:103:0103/095114.901394:INFO:CONSOLE(126)] "currentLatencynow: 4.016", source: file:///home/seluser/ppt/player/bola1/index.html (126)
[103:103:0103/095115.901434:INFO:CONSOLE(126)] "currentLatencynow: 4.016", source: file:///home/seluser/ppt/player/bola1/index.html (126)
[103:103:0103/095116.901435:INFO:CONSOLE(126)] "currentLatencynow: 4.016", source: file:///home/seluser/ppt/player/bola1/index.html (126)
[103:103:0103/095117.901518:INFO:CONSOLE(126)] "currentLatencynow: 4.016", source: file:///home/seluser/ppt/player/bola1/index.html (126)
[103:103:0103/095118.901497:INFO:CONSOLE(126)] "currentLatencynow: 4.016", source: file:///home/seluser/ppt/player/bola1/index.html (126)
[103:103:0103/095119.901442:INFO:CONSOLE(126)] "currentLatencynow: 4.016", source: file:///home/seluser/ppt/player/bola1/index.html (126)
[103:103:0103/095120.901496:INFO:CONSOLE(126)] "currentLatencynow: 4.016", source: file:///home/seluser/ppt/player/bola1/index.html (126)
[103:103:0103/095121.901487:INFO:CONSOLE(126)] "currentLatencynow: 4.016", source: file:///home/seluser/ppt/player/bola1/index.html (126)
[103:103:0103/095122.901441:INFO:CONSOLE(126)] "currentLatencynow: 4.016", source: file:///home/seluser/ppt/player/bola1/index.html (126)
[103:103:0103/095123.901483:INFO:CONSOLE(126)] "currentLatencynow: 4.016", source: file:///home/seluser/ppt/player/bola1/index.html (126)
[103:103:0103/095124.901388:INFO:CONSOLE(126)] "currentLatencynow: 4.016", source: file:///home/seluser/ppt/player/bola1/index.html (126)
[103:103:0103/095125.901443:INFO:CONSOLE(126)] "currentLatencynow: 4.016", source: file:///home/seluser/ppt/player/bola1/index.html (126)
[103:103:0103/095126.901483:INFO:CONSOLE(126)] "currentLatencynow: 4.016", source: file:///home/seluser/ppt/player/bola1/index.html (126)
[103:103:0103/095127.901446:INFO:CONSOLE(126)] "currentLatencynow: 4.016", source: file:///home/seluser/ppt/player/bola1/index.html (126)
[103:103:0103/095128.901476:INFO:CONSOLE(126)] "currentLatencynow: 4.016", source: file:///home/seluser/ppt/player/bola1/index.html (126)
[103:103:0103/095129.901477:INFO:CONSOLE(126)] "currentLatencynow: 4.016", source: file:///home/seluser/ppt/player/bola1/index.html (126)
[103:103:0103/095130.901408:INFO:CONSOLE(126)] "currentLatencynow: 4.016", source: file:///home/seluser/ppt/player/bola1/index.html (126)
[103:103:0103/095131.901432:INFO:CONSOLE(126)] "currentLatencynow: 4.016", source: file:///home/seluser/ppt/player/bola1/index.html (126)
[103:103:0103/095132.901464:INFO:CONSOLE(126)] "currentLatencynow: 4.016", source: file:///home/seluser/ppt/player/bola1/index.html (126)
[103:103:0103/095133.901434:INFO:CONSOLE(126)] "currentLatencynow: 4.016", source: file:///home/seluser/ppt/player/bola1/index.html (126)
[103:103:0103/095134.901378:INFO:CONSOLE(126)] "currentLatencynow: 4.016", source: file:///home/seluser/ppt/player/bola1/index.html (126)
[103:103:0103/095135.901474:INFO:CONSOLE(126)] "currentLatencynow: 4.016", source: file:///home/seluser/ppt/player/bola1/index.html (126)
[103:103:0103/095136.901438:INFO:CONSOLE(126)] "currentLatencynow: 4.016", source: file:///home/seluser/ppt/player/bola1/index.html (126)
[103:103:0103/095137.901397:INFO:CONSOLE(126)] "currentLatencynow: 4.016", source: file:///home/seluser/ppt/player/bola1/index.html (126)
[103:103:0103/095138.901377:INFO:CONSOLE(126)] "currentLatencynow: 4.016", source: file:///home/seluser/ppt/player/bola1/index.html (126)
[103:103:0103/095139.901325:INFO:CONSOLE(126)] "currentLatencynow: 4.016", source: file:///home/seluser/ppt/player/bola1/index.html (126)
[103:103:0103/095140.901394:INFO:CONSOLE(126)] "currentLatencynow: 4.016", source: file:///home/seluser/ppt/player/bola1/index.html (126)
[103:103:0103/095141.901416:INFO:CONSOLE(126)] "currentLatencynow: 4.016", source: file:///home/seluser/ppt/player/bola1/index.html (126)
[103:103:0103/095142.901408:INFO:CONSOLE(126)] "currentLatencynow: 4.016", source: file:///home/seluser/ppt/player/bola1/index.html (126)
[103:103:0103/095143.901405:INFO:CONSOLE(126)] "currentLatencynow: 4.016", source: file:///home/seluser/ppt/player/bola1/index.html (126)
[103:103:0103/095144.901440:INFO:CONSOLE(126)] "currentLatencynow: 4.016", source: file:///home/seluser/ppt/player/bola1/index.html (126)
[103:103:0103/095145.901451:INFO:CONSOLE(126)] "currentLatencynow: 4.016", source: file:///home/seluser/ppt/player/bola1/index.html (126)
[103:103:0103/095146.901407:INFO:CONSOLE(126)] "currentLatencynow: 4.016", source: file:///home/seluser/ppt/player/bola1/index.html (126)
[103:103:0103/095147.901420:INFO:CONSOLE(126)] "currentLatencynow: 4.016", source: file:///home/seluser/ppt/player/bola1/index.html (126)
[103:103:0103/095148.901486:INFO:CONSOLE(126)] "currentLatencynow: 4.016", source: file:///home/seluser/ppt/player/bola1/index.html (126)
[103:103:0103/095149.901392:INFO:CONSOLE(126)] "currentLatencynow: 4.016", source: file:///home/seluser/ppt/player/bola1/index.html (126)
[103:103:0103/095150.901443:INFO:CONSOLE(126)] "currentLatencynow: 4.016", source: file:///home/seluser/ppt/player/bola1/index.html (126)
[103:103:0103/095151.901479:INFO:CONSOLE(126)] "currentLatencynow: 4.016", source: file:///home/seluser/ppt/player/bola1/index.html (126)
[103:103:0103/095152.901399:INFO:CONSOLE(126)] "currentLatencynow: 4.016", source: file:///home/seluser/ppt/player/bola1/index.html (126)
[103:103:0103/095153.901413:INFO:CONSOLE(126)] "currentLatencynow: 4.016", source: file:///home/seluser/ppt/player/bola1/index.html (126)
[103:103:0103/095154.901461:INFO:CONSOLE(126)] "currentLatencynow: 4.016", source: file:///home/seluser/ppt/player/bola1/index.html (126)
[103:103:0103/095155.901442:INFO:CONSOLE(126)] "currentLatencynow: 4.016", source: file:///home/seluser/ppt/player/bola1/index.html (126)
[103:103:0103/095156.901443:INFO:CONSOLE(126)] "currentLatencynow: 4.016", source: file:///home/seluser/ppt/player/bola1/index.html (126)
[103:103:0103/095157.901434:INFO:CONSOLE(126)] "currentLatencynow: 4.016", source: file:///home/seluser/ppt/player/bola1/index.html (126)
[103:103:0103/095158.901411:INFO:CONSOLE(126)] "currentLatencynow: 4.016", source: file:///home/seluser/ppt/player/bola1/index.html (126)
[103:103:0103/095159.901432:INFO:CONSOLE(126)] "currentLatencynow: 4.016", source: file:///home/seluser/ppt/player/bola1/index.html (126)
[103:103:0103/095200.901479:INFO:CONSOLE(126)] "currentLatencynow: 4.016", source: file:///home/seluser/ppt/player/bola1/index.html (126)
[103:103:0103/095201.901452:INFO:CONSOLE(126)] "currentLatencynow: 4.016", source: file:///home/seluser/ppt/player/bola1/index.html (126)
[103:103:0103/095202.901399:INFO:CONSOLE(126)] "currentLatencynow: 4.016", source: file:///home/seluser/ppt/player/bola1/index.html (126)
[103:103:0103/095203.901476:INFO:CONSOLE(126)] "currentLatencynow: 4.016", source: file:///home/seluser/ppt/player/bola1/index.html (126)
[103:103:0103/095204.901396:INFO:CONSOLE(126)] "currentLatencynow: 4.016", source: file:///home/seluser/ppt/player/bola1/index.html (126)
[103:103:0103/095205.901392:INFO:CONSOLE(126)] "currentLatencynow: 4.016", source: file:///home/seluser/ppt/player/bola1/index.html (126)
[103:103:0103/095206.901370:INFO:CONSOLE(126)] "currentLatencynow: 4.016", source: file:///home/seluser/ppt/player/bola1/index.html (126)
[103:103:0103/095207.901399:INFO:CONSOLE(126)] "currentLatencynow: 4.016", source: file:///home/seluser/ppt/player/bola1/index.html (126)
[103:103:0103/095208.901405:INFO:CONSOLE(126)] "currentLatencynow: 4.016", source: file:///home/seluser/ppt/player/bola1/index.html (126)
[103:103:0103/095209.901391:INFO:CONSOLE(126)] "currentLatencynow: 4.016", source: file:///home/seluser/ppt/player/bola1/index.html (126)
[103:103:0103/095210.901400:INFO:CONSOLE(126)] "currentLatencynow: 4.016", source: file:///home/seluser/ppt/player/bola1/index.html (126)
[103:103:0103/095211.901442:INFO:CONSOLE(126)] "currentLatencynow: 4.016", source: file:///home/seluser/ppt/player/bola1/index.html (126)
[103:103:0103/095212.901412:INFO:CONSOLE(126)] "currentLatencynow: 4.016", source: file:///home/seluser/ppt/player/bola1/index.html (126)
[103:103:0103/095213.901386:INFO:CONSOLE(126)] "currentLatencynow: 4.016", source: file:///home/seluser/ppt/player/bola1/index.html (126)
[103:103:0103/095214.901425:INFO:CONSOLE(126)] "currentLatencynow: 4.016", source: file:///home/seluser/ppt/player/bola1/index.html (126)
[103:103:0103/095215.901566:INFO:CONSOLE(126)] "currentLatencynow: 4.016", source: file:///home/seluser/ppt/player/bola1/index.html (126)
[103:103:0103/095216.901457:INFO:CONSOLE(126)] "currentLatencynow: 4.016", source: file:///home/seluser/ppt/player/bola1/index.html (126)
[103:103:0103/095217.901369:INFO:CONSOLE(126)] "currentLatencynow: 4.016", source: file:///home/seluser/ppt/player/bola1/index.html (126)
[103:103:0103/095218.901413:INFO:CONSOLE(126)] "currentLatencynow: 4.016", source: file:///home/seluser/ppt/player/bola1/index.html (126)
[103:103:0103/095219.901424:INFO:CONSOLE(126)] "currentLatencynow: 4.016", source: file:///home/seluser/ppt/player/bola1/index.html (126)
[103:103:0103/095220.901436:INFO:CONSOLE(126)] "currentLatencynow: 4.016", source: file:///home/seluser/ppt/player/bola1/index.html (126)
[103:103:0103/095221.901459:INFO:CONSOLE(126)] "currentLatencynow: 4.016", source: file:///home/seluser/ppt/player/bola1/index.html (126)
[103:103:0103/095222.901479:INFO:CONSOLE(126)] "currentLatencynow: 4.016", source: file:///home/seluser/ppt/player/bola1/index.html (126)
[103:103:0103/095223.901393:INFO:CONSOLE(126)] "currentLatencynow: 4.016", source: file:///home/seluser/ppt/player/bola1/index.html (126)
[103:103:0103/095224.901463:INFO:CONSOLE(126)] "currentLatencynow: 4.016", source: file:///home/seluser/ppt/player/bola1/index.html (126)
[103:103:0103/095225.901450:INFO:CONSOLE(126)] "currentLatencynow: 4.016", source: file:///home/seluser/ppt/player/bola1/index.html (126)
[103:103:0103/095226.901417:INFO:CONSOLE(126)] "currentLatencynow: 4.016", source: file:///home/seluser/ppt/player/bola1/index.html (126)
[103:103:0103/095227.901389:INFO:CONSOLE(126)] "currentLatencynow: 4.016", source: file:///home/seluser/ppt/player/bola1/index.html (126)
[103:103:0103/095228.901430:INFO:CONSOLE(126)] "currentLatencynow: 4.016", source: file:///home/seluser/ppt/player/bola1/index.html (126)
[103:103:0103/095229.901545:INFO:CONSOLE(126)] "currentLatencynow: 4.016", source: file:///home/seluser/ppt/player/bola1/index.html (126)
[103:103:0103/095230.901488:INFO:CONSOLE(126)] "currentLatencynow: 4.016", source: file:///home/seluser/ppt/player/bola1/index.html (126)
[103:103:0103/095231.901398:INFO:CONSOLE(126)] "currentLatencynow: 4.969", source: file:///home/seluser/ppt/player/bola1/index.html (126)
[103:103:0103/095232.901438:INFO:CONSOLE(126)] "currentLatencynow: 5.969", source: file:///home/seluser/ppt/player/bola1/index.html (126)
[103:103:0103/095233.901482:INFO:CONSOLE(126)] "currentLatencynow: 6.969", source: file:///home/seluser/ppt/player/bola1/index.html (126)
[103:103:0103/095234.901541:INFO:CONSOLE(126)] "currentLatencynow: 7.969", source: file:///home/seluser/ppt/player/bola1/index.html (126)
[103:130:0103/095235.209625:ERROR:bus.cc(392)] Failed to connect to the bus: Address does not contain a colon
[103:130:0103/095235.209691:ERROR:bus.cc(392)] Failed to connect to the bus: Address does not contain a colon
[103:103:0103/095235.901423:INFO:CONSOLE(126)] "currentLatencynow: 8.227", source: file:///home/seluser/ppt/player/bola1/index.html (126)
[103:103:0103/095236.901550:INFO:CONSOLE(126)] "currentLatencynow: 8.227", source: file:///home/seluser/ppt/player/bola1/index.html (126)
[103:103:0103/095237.901381:INFO:CONSOLE(126)] "currentLatencynow: 8.952", source: file:///home/seluser/ppt/player/bola1/index.html (126)
[103:103:0103/095238.901390:INFO:CONSOLE(126)] "currentLatencynow: 9.952", source: file:///home/seluser/ppt/player/bola1/index.html (126)
[103:103:0103/095239.901452:INFO:CONSOLE(112)] "Begin Player stistics 
", source: file:///home/seluser/ppt/player/bola1/index.html (112)
[103:103:0103/095239.902769:INFO:CONSOLE(113)] "["stall",[["2.59","3.02",0.43000000000000016]],[["110.83","111.07",0.23999999999999488]],[["117.05","117.30",0.25]],[["availibleBW",[null],[null],[4237],[4237],[4320],[4314],[4344],[4344],[4739],[5077],[5402],[5402],[5859],[5859],[5403],[5403],[5030],[5030],[4612],[4731],[4553],[4553],[4218],[4218],[4087],[4087],[3680],[3973],[3897],[3897],[3570],[3570],[2742],[2742],[2589],[2757],[2697],[2697],[2508],[2508],[1698],[1698],[1600],[1600],[1896],[1896],[1765],[1765],[1290],[1290],[1343],[1343],[543],[543],[543],[543],[544],[544],[589],[589],[574],[574],[569],[569],[565],[565],[524],[524],[517],[517],[479],[479],[468],[468],[469],[469],[496],[496],[515],[515],[493],[493],[485],[485],[444],[444],[441],[441],[490],[490],[504],[504],[511],[511],[479],[479],[460],[460],[429],[429],[387],[387],[387],[401],[401],[425],[425],[467],[467],[467],[427],[427],[427],[427],[427],[427],[427],[427]]],[["currentBuffer",[0],[0],[0],[0],[0],[0.437],[1.439],[0.439],[1.394],[2.314],[3.238],[2.179],[3.126],[2.089],[3.055],[2.032],[3.02],[2.007],[3.006],[2.006],[3.008],[2.007],[3.01],[2.01],[3.012],[2.012],[3.014],[2.014],[3.016],[2.016],[3.018],[2.018],[3.02],[2.02],[3.022],[2.022],[3.024],[2.024],[3.026],[2.026],[3.028],[2.028],[3.03],[2.03],[3.032],[2.032],[3.034],[2.034],[3.036],[2.036],[3.038],[2.038],[3.04],[2.04],[3.042],[2.042],[3.044],[2.044],[3.046],[2.046],[3.048],[2.048],[3.05],[2.05],[3.052],[2.052],[3.054],[2.054],[3.056],[2.056],[3.058],[2.058],[3.06],[2.06],[3.062],[2.062],[3.064],[2.064],[3.066],[2.066],[3.068],[2.068],[3.07],[2.07],[3.072],[2.072],[3.073],[2.074],[3.076],[2.076],[3.078],[2.078],[3.08],[2.08],[3.082],[2.082],[3.084],[2.084],[3.086],[2.086],[3.088],[2.088],[1.088],[2.09],[1.09],[2.092],[1.092],[2.094],[1.094],[0.094],[2.037],[2.037],[2.037],[2.037],[1.498],[0.498],[0.019],[0.019]]],[["currentLatency",[null],[4.329],[4.581],[4.492],[4.463],[4.463],[4.463],[4.463],[4.415],[4.333],[4.256],[4.196],[4.141],[4.105],[4.068],[4.047],[4.032],[4.017],[4.016],[4.016],[4.016],[4.016],[4.016],[4.016],[4.016],[4.016],[4.016],[4.016],[4.016],[4.016],[4.016],[4.016],[4.016],[4.016],[4.016],[4.016],[4.016],[4.016],[4.016],[4.016],[4.016],[4.016],[4.016],[4.016],[4.016],[4.016],[4.016],[4.016],[4.016],[4.016],[4.016],[4.016],[4.016],[4.016],[4.016],[4.016],[4.016],[4.016],[4.016],[4.016],[4.016],[4.016],[4.016],[4.016],[4.016],[4.016],[4.016],[4.016],[4.016],[4.016],[4.016],[4.016],[4.016],[4.016],[4.016],[4.016],[4.016],[4.016],[4.016],[4.016],[4.016],[4.016],[4.016],[4.016],[4.016],[4.016],[4.016],[4.016],[4.016],[4.016],[4.016],[4.016],[4.016],[4.016],[4.016],[4.016],[4.016],[4.016],[4.016],[4.016],[4.016],[4.016],[4.016],[4.016],[4.016],[4.016],[4.016],[4.016],[4.016],[4.016],[4.969],[5.969],[6.969],[7.969],[8.227],[8.227],[8.952],[9.952]]]]", source: file:///home/seluser/ppt/player/bola1/index.html (113)
[103:103:0103/095239.902914:INFO:CONSOLE(114)] "
", source: file:///home/seluser/ppt/player/bola1/index.html (114)
[103:103:0103/095239.903022:INFO:CONSOLE(115)] "Finish Player stistics 
", source: file:///home/seluser/ppt/player/bola1/index.html (115)
[103:103:0103/095239.903603:INFO:CONSOLE(126)] "currentLatencynow: 10.953", source: file:///home/seluser/ppt/player/bola1/index.html (126)
[103:103:0103/095240.901434:INFO:CONSOLE(126)] "currentLatencynow: 11.952", source: file:///home/seluser/ppt/player/bola1/index.html (126)
[103:103:0103/095241.901521:INFO:CONSOLE(126)] "currentLatencynow: 12.952", source: file:///home/seluser/ppt/player/bola1/index.html (126)
[103:103:0103/095242.901419:INFO:CONSOLE(126)] "currentLatencynow: 13.952", source: file:///home/seluser/ppt/player/bola1/index.html (126)
[103:103:0103/095243.901493:INFO:CONSOLE(126)] "currentLatencynow: 14.952", source: file:///home/seluser/ppt/player/bola1/index.html (126)
[103:130:0103/095244.354642:ERROR:bus.cc(392)] Failed to connect to the bus: Address does not contain a colon
[103:130:0103/095244.354692:ERROR:bus.cc(392)] Failed to connect to the bus: Address does not contain a colon
[103:103:0103/095244.901443:INFO:CONSOLE(126)] "currentLatencynow: 15.329", source: file:///home/seluser/ppt/player/bola1/index.html (126)
[103:103:0103/095245.901482:INFO:CONSOLE(126)] "currentLatencynow: 15.229", source: file:///home/seluser/ppt/player/bola1/index.html (126)
[103:103:0103/095246.901391:INFO:CONSOLE(126)] "currentLatencynow: 15.94", source: file:///home/seluser/ppt/player/bola1/index.html (126)
[103:103:0103/095247.901411:INFO:CONSOLE(126)] "currentLatencynow: 16.94", source: file:///home/seluser/ppt/player/bola1/index.html (126)
[103:103:0103/095248.901467:INFO:CONSOLE(126)] "currentLatencynow: 17.94", source: file:///home/seluser/ppt/player/bola1/index.html (126)
[103:103:0103/095249.901457:INFO:CONSOLE(126)] "currentLatencynow: 18.94", source: file:///home/seluser/ppt/player/bola1/index.html (126)
[103:103:0103/095250.901435:INFO:CONSOLE(126)] "currentLatencynow: 19.94", source: file:///home/seluser/ppt/player/bola1/index.html (126)
[103:130:0103/095251.830973:ERROR:bus.cc(392)] Failed to connect to the bus: Address does not contain a colon
[103:130:0103/095251.831027:ERROR:bus.cc(392)] Failed to connect to the bus: Address does not contain a colon
[103:103:0103/095251.901489:INFO:CONSOLE(126)] "currentLatencynow: 20.792", source: file:///home/seluser/ppt/player/bola1/index.html (126)
[103:103:0103/095252.901490:INFO:CONSOLE(126)] "currentLatencynow: 20.702", source: file:///home/seluser/ppt/player/bola1/index.html (126)
[103:103:0103/095253.901413:INFO:CONSOLE(126)] "currentLatencynow: 20.919", source: file:///home/seluser/ppt/player/bola1/index.html (126)
[103:103:0103/095254.901397:INFO:CONSOLE(126)] "currentLatencynow: 21.919", source: file:///home/seluser/ppt/player/bola1/index.html (126)
[103:103:0103/095255.901404:INFO:CONSOLE(126)] "currentLatencynow: 22.919", source: file:///home/seluser/ppt/player/bola1/index.html (126)
[103:103:0103/095256.901479:INFO:CONSOLE(126)] "currentLatencynow: 23.919", source: file:///home/seluser/ppt/player/bola1/index.html (126)
[103:103:0103/095257.901470:INFO:CONSOLE(126)] "currentLatencynow: 24.919", source: file:///home/seluser/ppt/player/bola1/index.html (126)
[103:103:0103/095258.901395:INFO:CONSOLE(126)] "currentLatencynow: 25.919", source: file:///home/seluser/ppt/player/bola1/index.html (126)
[103:103:0103/095259.901421:INFO:CONSOLE(126)] "currentLatencynow: 26.919", source: file:///home/seluser/ppt/player/bola1/index.html (126)
[103:103:0103/095300.901391:INFO:CONSOLE(126)] "currentLatencynow: 27.919", source: file:///home/seluser/ppt/player/bola1/index.html (126)
[103:103:0103/095301.901474:INFO:CONSOLE(126)] "currentLatencynow: 28.919", source: file:///home/seluser/ppt/player/bola1/index.html (126)
[103:103:0103/095302.901546:INFO:CONSOLE(126)] "currentLatencynow: 29.919", source: file:///home/seluser/ppt/player/bola1/index.html (126)
[103:130:0103/095303.512412:ERROR:bus.cc(392)] Failed to connect to the bus: Address does not contain a colon
[103:130:0103/095303.512478:ERROR:bus.cc(392)] Failed to connect to the bus: Address does not contain a colon
[103:103:0103/095303.901438:INFO:CONSOLE(126)] "currentLatencynow: 30.46", source: file:///home/seluser/ppt/player/bola1/index.html (126)
[103:103:0103/095304.901500:INFO:CONSOLE(126)] "currentLatencynow: 30.36", source: file:///home/seluser/ppt/player/bola1/index.html (126)
[103:103:0103/095305.901445:INFO:CONSOLE(126)] "currentLatencynow: 30.26", source: file:///home/seluser/ppt/player/bola1/index.html (126)
[103:103:0103/095306.901479:INFO:CONSOLE(126)] "currentLatencynow: 30.161", source: file:///home/seluser/ppt/player/bola1/index.html (126)
[103:103:0103/095307.901393:INFO:CONSOLE(126)] "currentLatencynow: 30.593", source: file:///home/seluser/ppt/player/bola1/index.html (126)
[103:103:0103/095308.901424:INFO:CONSOLE(126)] "currentLatencynow: 31.593", source: file:///home/seluser/ppt/player/bola1/index.html (126)
[103:103:0103/095309.901435:INFO:CONSOLE(126)] "currentLatencynow: 32.593", source: file:///home/seluser/ppt/player/bola1/index.html (126)
[103:103:0103/095310.901441:INFO:CONSOLE(126)] "currentLatencynow: 33.593", source: file:///home/seluser/ppt/player/bola1/index.html (126)
[103:103:0103/095311.901443:INFO:CONSOLE(126)] "currentLatencynow: 34.593", source: file:///home/seluser/ppt/player/bola1/index.html (126)
[103:103:0103/095312.091415:WARNING:pref_notifier_impl.cc(40)] Pref observer for media_router.cast_allow_all_ips found at shutdown.
