[103:138:0103/100927.694044:ERROR:bus.cc(392)] Failed to connect to the bus: Failed to connect to socket /var/run/dbus/system_bus_socket: No such file or directory
[103:129:0103/100927.696710:ERROR:bus.cc(392)] Failed to connect to the bus: Address does not contain a colon
[103:129:0103/100927.696744:ERROR:bus.cc(392)] Failed to connect to the bus: Address does not contain a colon
[103:129:0103/100927.709781:ERROR:bus.cc(392)] Failed to connect to the bus: Address does not contain a colon
[103:129:0103/100927.709843:ERROR:bus.cc(392)] Failed to connect to the bus: Address does not contain a colon
[145:145:0103/100927.718904:ERROR:gpu_init.cc(453)] Passthrough is not supported, GL is swiftshader, ANGLE is 
[103:129:0103/100927.750417:ERROR:bus.cc(392)] Failed to connect to the bus: Address does not contain a colon
[103:129:0103/100927.750505:ERROR:bus.cc(392)] Failed to connect to the bus: Address does not contain a colon
[103:225:0103/100927.929285:ERROR:bus.cc(392)] Failed to connect to the bus: Failed to connect to socket /var/run/dbus/system_bus_socket: No such file or directory
[103:225:0103/100927.929341:ERROR:bus.cc(392)] Failed to connect to the bus: Failed to connect to socket /var/run/dbus/system_bus_socket: No such file or directory
[103:225:0103/100927.929402:ERROR:bus.cc(392)] Failed to connect to the bus: Failed to connect to socket /var/run/dbus/system_bus_socket: No such file or directory
[103:225:0103/100927.929417:WARNING:property.cc(144)] DaemonVersion: GetAndBlock: failed.
[103:225:0103/100927.929454:ERROR:bus.cc(392)] Failed to connect to the bus: Failed to connect to socket /var/run/dbus/system_bus_socket: No such file or directory
[103:225:0103/100927.929490:ERROR:bus.cc(392)] Failed to connect to the bus: Failed to connect to socket /var/run/dbus/system_bus_socket: No such file or directory
[103:103:0103/100930.081818:INFO:CONSOLE(126)] "currentLatencynow: NaN", source: file:///home/seluser/ppt/player/bola1/index.html (126)
[103:164:0103/100930.873892:ERROR:chrome_browser_main_extra_parts_metrics.cc(228)] crbug.com/1216328: Checking Bluetooth availability started. Please report if there is no report that this ends.
[103:164:0103/100930.873922:ERROR:chrome_browser_main_extra_parts_metrics.cc(231)] crbug.com/1216328: Checking Bluetooth availability ended.
[103:164:0103/100930.873933:ERROR:chrome_browser_main_extra_parts_metrics.cc(234)] crbug.com/1216328: Checking default browser status started. Please report if there is no report that this ends.
[258:258:0103/100930.948148:WARNING:audio_manager_linux.cc(69)] Falling back to ALSA for audio output. PulseAudio is not available or could not be initialized.
[258:258:0103/100930.957312:ERROR:alsa_util.cc(204)] PcmOpen: default,No such file or directory
[258:258:0103/100930.957517:ERROR:alsa_util.cc(204)] PcmOpen: plug:default,No such file or directory
[103:103:0103/100931.081555:INFO:CONSOLE(126)] "currentLatencynow: 4.457", source: file:///home/seluser/ppt/player/bola1/index.html (126)
[103:164:0103/100931.104978:ERROR:chrome_browser_main_extra_parts_metrics.cc(238)] crbug.com/1216328: Checking default browser status ended.
[103:129:0103/100931.816943:ERROR:bus.cc(392)] Failed to connect to the bus: Address does not contain a colon
[103:129:0103/100931.816995:ERROR:bus.cc(392)] Failed to connect to the bus: Address does not contain a colon
[103:129:0103/100931.817013:ERROR:bus.cc(392)] Failed to connect to the bus: Address does not contain a colon
[103:129:0103/100931.817027:ERROR:bus.cc(392)] Failed to connect to the bus: Address does not contain a colon
[103:129:0103/100931.817042:ERROR:bus.cc(392)] Failed to connect to the bus: Address does not contain a colon
[103:129:0103/100931.817059:ERROR:bus.cc(392)] Failed to connect to the bus: Address does not contain a colon
[103:129:0103/100931.817074:ERROR:bus.cc(392)] Failed to connect to the bus: Address does not contain a colon
[103:129:0103/100931.817087:ERROR:bus.cc(392)] Failed to connect to the bus: Address does not contain a colon
[103:129:0103/100931.817101:ERROR:bus.cc(392)] Failed to connect to the bus: Address does not contain a colon
[103:129:0103/100931.817127:ERROR:bus.cc(392)] Failed to connect to the bus: Address does not contain a colon
[103:129:0103/100931.817142:ERROR:bus.cc(392)] Failed to connect to the bus: Address does not contain a colon
[103:129:0103/100931.817155:ERROR:bus.cc(392)] Failed to connect to the bus: Address does not contain a colon
[103:129:0103/100931.817168:ERROR:bus.cc(392)] Failed to connect to the bus: Address does not contain a colon
[103:129:0103/100931.817182:ERROR:bus.cc(392)] Failed to connect to the bus: Address does not contain a colon
[103:129:0103/100931.821700:ERROR:bus.cc(392)] Failed to connect to the bus: Address does not contain a colon
[103:129:0103/100931.821748:ERROR:bus.cc(392)] Failed to connect to the bus: Address does not contain a colon
[103:129:0103/100931.821766:ERROR:bus.cc(392)] Failed to connect to the bus: Address does not contain a colon
[103:129:0103/100931.894030:ERROR:bus.cc(392)] Failed to connect to the bus: Address does not contain a colon
[103:129:0103/100931.894077:ERROR:bus.cc(392)] Failed to connect to the bus: Address does not contain a colon
[103:103:0103/100932.081555:INFO:CONSOLE(126)] "currentLatencynow: 5.252", source: file:///home/seluser/ppt/player/bola1/index.html (126)
[103:103:0103/100933.081403:INFO:CONSOLE(126)] "currentLatencynow: 5.252", source: file:///home/seluser/ppt/player/bola1/index.html (126)
[103:103:0103/100934.081415:INFO:CONSOLE(126)] "currentLatencynow: 5.184", source: file:///home/seluser/ppt/player/bola1/index.html (126)
[103:103:0103/100935.081456:INFO:CONSOLE(126)] "currentLatencynow: 5.084", source: file:///home/seluser/ppt/player/bola1/index.html (126)
[103:103:0103/100936.081410:INFO:CONSOLE(126)] "currentLatencynow: 4.984", source: file:///home/seluser/ppt/player/bola1/index.html (126)
[103:103:0103/100937.081489:INFO:CONSOLE(126)] "currentLatencynow: 4.885", source: file:///home/seluser/ppt/player/bola1/index.html (126)
[103:103:0103/100938.081734:INFO:CONSOLE(126)] "currentLatencynow: 4.785", source: file:///home/seluser/ppt/player/bola1/index.html (126)
[103:103:0103/100939.081406:INFO:CONSOLE(126)] "currentLatencynow: 4.686", source: file:///home/seluser/ppt/player/bola1/index.html (126)
[103:103:0103/100940.081376:INFO:CONSOLE(126)] "currentLatencynow: 4.587", source: file:///home/seluser/ppt/player/bola1/index.html (126)
[103:103:0103/100941.081380:INFO:CONSOLE(126)] "currentLatencynow: 4.486", source: file:///home/seluser/ppt/player/bola1/index.html (126)
[103:103:0103/100942.081645:INFO:CONSOLE(126)] "currentLatencynow: 4.391", source: file:///home/seluser/ppt/player/bola1/index.html (126)
[103:103:0103/100943.081586:INFO:CONSOLE(126)] "currentLatencynow: 4.367", source: file:///home/seluser/ppt/player/bola1/index.html (126)
[103:103:0103/100944.081400:INFO:CONSOLE(126)] "currentLatencynow: 4.367", source: file:///home/seluser/ppt/player/bola1/index.html (126)
[103:103:0103/100945.081684:INFO:CONSOLE(126)] "currentLatencynow: 4.366", source: file:///home/seluser/ppt/player/bola1/index.html (126)
[103:103:0103/100946.081576:INFO:CONSOLE(126)] "currentLatencynow: 4.367", source: file:///home/seluser/ppt/player/bola1/index.html (126)
[103:103:0103/100947.081408:INFO:CONSOLE(126)] "currentLatencynow: 4.367", source: file:///home/seluser/ppt/player/bola1/index.html (126)
[103:103:0103/100948.081506:INFO:CONSOLE(126)] "currentLatencynow: 4.367", source: file:///home/seluser/ppt/player/bola1/index.html (126)
[103:103:0103/100949.081556:INFO:CONSOLE(126)] "currentLatencynow: 4.367", source: file:///home/seluser/ppt/player/bola1/index.html (126)
[103:103:0103/100950.081959:INFO:CONSOLE(126)] "currentLatencynow: 4.366", source: file:///home/seluser/ppt/player/bola1/index.html (126)
[103:103:0103/100951.081406:INFO:CONSOLE(126)] "currentLatencynow: 4.299", source: file:///home/seluser/ppt/player/bola1/index.html (126)
[103:103:0103/100952.081449:INFO:CONSOLE(126)] "currentLatencynow: 4.226", source: file:///home/seluser/ppt/player/bola1/index.html (126)
[103:103:0103/100953.081414:INFO:CONSOLE(126)] "currentLatencynow: 4.174", source: file:///home/seluser/ppt/player/bola1/index.html (126)
[103:103:0103/100954.081394:INFO:CONSOLE(126)] "currentLatencynow: 4.123", source: file:///home/seluser/ppt/player/bola1/index.html (126)
[103:103:0103/100955.081369:INFO:CONSOLE(126)] "currentLatencynow: 4.091", source: file:///home/seluser/ppt/player/bola1/index.html (126)
[103:103:0103/100956.081415:INFO:CONSOLE(126)] "currentLatencynow: 4.062", source: file:///home/seluser/ppt/player/bola1/index.html (126)
[103:103:0103/100957.081427:INFO:CONSOLE(126)] "currentLatencynow: 4.032", source: file:///home/seluser/ppt/player/bola1/index.html (126)
[103:103:0103/100958.081514:INFO:CONSOLE(126)] "currentLatencynow: 4.023", source: file:///home/seluser/ppt/player/bola1/index.html (126)
[103:103:0103/100959.081409:INFO:CONSOLE(126)] "currentLatencynow: 4.02", source: file:///home/seluser/ppt/player/bola1/index.html (126)
[103:103:0103/101000.081421:INFO:CONSOLE(126)] "currentLatencynow: 4.02", source: file:///home/seluser/ppt/player/bola1/index.html (126)
[103:103:0103/101001.081388:INFO:CONSOLE(126)] "currentLatencynow: 4.02", source: file:///home/seluser/ppt/player/bola1/index.html (126)
[103:103:0103/101002.081491:INFO:CONSOLE(126)] "currentLatencynow: 4.02", source: file:///home/seluser/ppt/player/bola1/index.html (126)
[103:103:0103/101003.081500:INFO:CONSOLE(126)] "currentLatencynow: 4.02", source: file:///home/seluser/ppt/player/bola1/index.html (126)
[103:103:0103/101004.081620:INFO:CONSOLE(126)] "currentLatencynow: 4.02", source: file:///home/seluser/ppt/player/bola1/index.html (126)
[103:103:0103/101005.081451:INFO:CONSOLE(126)] "currentLatencynow: 4.02", source: file:///home/seluser/ppt/player/bola1/index.html (126)
[103:103:0103/101006.081444:INFO:CONSOLE(126)] "currentLatencynow: 4.02", source: file:///home/seluser/ppt/player/bola1/index.html (126)
[103:103:0103/101007.081520:INFO:CONSOLE(126)] "currentLatencynow: 4.02", source: file:///home/seluser/ppt/player/bola1/index.html (126)
[103:103:0103/101008.081382:INFO:CONSOLE(126)] "currentLatencynow: 4.02", source: file:///home/seluser/ppt/player/bola1/index.html (126)
[103:103:0103/101009.081480:INFO:CONSOLE(126)] "currentLatencynow: 4.02", source: file:///home/seluser/ppt/player/bola1/index.html (126)
[103:103:0103/101010.081397:INFO:CONSOLE(126)] "currentLatencynow: 4.02", source: file:///home/seluser/ppt/player/bola1/index.html (126)
[103:103:0103/101011.081365:INFO:CONSOLE(126)] "currentLatencynow: 4.02", source: file:///home/seluser/ppt/player/bola1/index.html (126)
[103:103:0103/101012.081425:INFO:CONSOLE(126)] "currentLatencynow: 4.02", source: file:///home/seluser/ppt/player/bola1/index.html (126)
[103:103:0103/101013.081509:INFO:CONSOLE(126)] "currentLatencynow: 4.02", source: file:///home/seluser/ppt/player/bola1/index.html (126)
[103:103:0103/101014.081419:INFO:CONSOLE(126)] "currentLatencynow: 4.02", source: file:///home/seluser/ppt/player/bola1/index.html (126)
[103:103:0103/101015.081489:INFO:CONSOLE(126)] "currentLatencynow: 4.02", source: file:///home/seluser/ppt/player/bola1/index.html (126)
[103:103:0103/101016.081458:INFO:CONSOLE(126)] "currentLatencynow: 4.02", source: file:///home/seluser/ppt/player/bola1/index.html (126)
[103:103:0103/101017.081427:INFO:CONSOLE(126)] "currentLatencynow: 4.02", source: file:///home/seluser/ppt/player/bola1/index.html (126)
[103:103:0103/101018.081496:INFO:CONSOLE(126)] "currentLatencynow: 4.02", source: file:///home/seluser/ppt/player/bola1/index.html (126)
[103:103:0103/101019.081717:INFO:CONSOLE(126)] "currentLatencynow: 4.02", source: file:///home/seluser/ppt/player/bola1/index.html (126)
[103:103:0103/101020.081447:INFO:CONSOLE(126)] "currentLatencynow: 4.02", source: file:///home/seluser/ppt/player/bola1/index.html (126)
[103:103:0103/101021.081485:INFO:CONSOLE(126)] "currentLatencynow: 4.02", source: file:///home/seluser/ppt/player/bola1/index.html (126)
[103:103:0103/101022.081488:INFO:CONSOLE(126)] "currentLatencynow: 4.02", source: file:///home/seluser/ppt/player/bola1/index.html (126)
[103:103:0103/101023.081452:INFO:CONSOLE(126)] "currentLatencynow: 4.02", source: file:///home/seluser/ppt/player/bola1/index.html (126)
[103:103:0103/101024.081445:INFO:CONSOLE(126)] "currentLatencynow: 4.02", source: file:///home/seluser/ppt/player/bola1/index.html (126)
[103:103:0103/101025.081478:INFO:CONSOLE(126)] "currentLatencynow: 4.02", source: file:///home/seluser/ppt/player/bola1/index.html (126)
[103:103:0103/101026.081433:INFO:CONSOLE(126)] "currentLatencynow: 4.02", source: file:///home/seluser/ppt/player/bola1/index.html (126)
[103:103:0103/101027.081564:INFO:CONSOLE(126)] "currentLatencynow: 4.02", source: file:///home/seluser/ppt/player/bola1/index.html (126)
[103:103:0103/101028.081482:INFO:CONSOLE(126)] "currentLatencynow: 4.02", source: file:///home/seluser/ppt/player/bola1/index.html (126)
[103:103:0103/101029.081424:INFO:CONSOLE(126)] "currentLatencynow: 4.02", source: file:///home/seluser/ppt/player/bola1/index.html (126)
[103:103:0103/101030.081699:INFO:CONSOLE(126)] "currentLatencynow: 4.02", source: file:///home/seluser/ppt/player/bola1/index.html (126)
[103:103:0103/101031.081479:INFO:CONSOLE(126)] "currentLatencynow: 4.02", source: file:///home/seluser/ppt/player/bola1/index.html (126)
[103:103:0103/101032.081358:INFO:CONSOLE(126)] "currentLatencynow: 4.02", source: file:///home/seluser/ppt/player/bola1/index.html (126)
[103:103:0103/101033.081377:INFO:CONSOLE(126)] "currentLatencynow: 4.02", source: file:///home/seluser/ppt/player/bola1/index.html (126)
[103:103:0103/101034.081381:INFO:CONSOLE(126)] "currentLatencynow: 4.02", source: file:///home/seluser/ppt/player/bola1/index.html (126)
[103:103:0103/101035.081357:INFO:CONSOLE(126)] "currentLatencynow: 5.016", source: file:///home/seluser/ppt/player/bola1/index.html (126)
[103:103:0103/101036.081369:INFO:CONSOLE(126)] "currentLatencynow: 6.016", source: file:///home/seluser/ppt/player/bola1/index.html (126)
[103:103:0103/101037.081544:INFO:CONSOLE(126)] "currentLatencynow: 7.016", source: file:///home/seluser/ppt/player/bola1/index.html (126)
[103:129:0103/101037.659066:ERROR:bus.cc(392)] Failed to connect to the bus: Address does not contain a colon
[103:129:0103/101037.659139:ERROR:bus.cc(392)] Failed to connect to the bus: Address does not contain a colon
[103:103:0103/101038.081451:INFO:CONSOLE(126)] "currentLatencynow: 7.503", source: file:///home/seluser/ppt/player/bola1/index.html (126)
[103:103:0103/101039.081442:INFO:CONSOLE(126)] "currentLatencynow: 7.403", source: file:///home/seluser/ppt/player/bola1/index.html (126)
[103:103:0103/101040.081384:INFO:CONSOLE(126)] "currentLatencynow: 7.303", source: file:///home/seluser/ppt/player/bola1/index.html (126)
[103:103:0103/101041.081388:INFO:CONSOLE(126)] "currentLatencynow: 7.203", source: file:///home/seluser/ppt/player/bola1/index.html (126)
[103:103:0103/101042.081407:INFO:CONSOLE(126)] "currentLatencynow: 7.103", source: file:///home/seluser/ppt/player/bola1/index.html (126)
[103:103:0103/101043.081495:INFO:CONSOLE(126)] "currentLatencynow: 7.003", source: file:///home/seluser/ppt/player/bola1/index.html (126)
[103:103:0103/101044.081451:INFO:CONSOLE(126)] "currentLatencynow: 6.903", source: file:///home/seluser/ppt/player/bola1/index.html (126)
[103:103:0103/101045.081446:INFO:CONSOLE(126)] "currentLatencynow: 6.803", source: file:///home/seluser/ppt/player/bola1/index.html (126)
[103:103:0103/101046.081408:INFO:CONSOLE(126)] "currentLatencynow: 6.703", source: file:///home/seluser/ppt/player/bola1/index.html (126)
[103:103:0103/101047.081426:INFO:CONSOLE(126)] "currentLatencynow: 6.603", source: file:///home/seluser/ppt/player/bola1/index.html (126)
[103:103:0103/101048.081374:INFO:CONSOLE(126)] "currentLatencynow: 6.503", source: file:///home/seluser/ppt/player/bola1/index.html (126)
[103:103:0103/101049.081511:INFO:CONSOLE(126)] "currentLatencynow: 6.403", source: file:///home/seluser/ppt/player/bola1/index.html (126)
[103:103:0103/101050.081442:INFO:CONSOLE(126)] "currentLatencynow: 6.303", source: file:///home/seluser/ppt/player/bola1/index.html (126)
[103:103:0103/101051.081382:INFO:CONSOLE(126)] "currentLatencynow: 6.203", source: file:///home/seluser/ppt/player/bola1/index.html (126)
[103:103:0103/101052.081407:INFO:CONSOLE(126)] "currentLatencynow: 6.103", source: file:///home/seluser/ppt/player/bola1/index.html (126)
[103:103:0103/101053.081441:INFO:CONSOLE(126)] "currentLatencynow: 6.003", source: file:///home/seluser/ppt/player/bola1/index.html (126)
[103:103:0103/101054.081460:INFO:CONSOLE(126)] "currentLatencynow: 5.903", source: file:///home/seluser/ppt/player/bola1/index.html (126)
[103:103:0103/101055.081421:INFO:CONSOLE(126)] "currentLatencynow: 5.803", source: file:///home/seluser/ppt/player/bola1/index.html (126)
[103:103:0103/101056.081443:INFO:CONSOLE(126)] "currentLatencynow: 5.703", source: file:///home/seluser/ppt/player/bola1/index.html (126)
[103:103:0103/101057.081445:INFO:CONSOLE(126)] "currentLatencynow: 5.603", source: file:///home/seluser/ppt/player/bola1/index.html (126)
[103:103:0103/101058.081370:INFO:CONSOLE(126)] "currentLatencynow: 5.503", source: file:///home/seluser/ppt/player/bola1/index.html (126)
[103:103:0103/101059.081388:INFO:CONSOLE(126)] "currentLatencynow: 5.403", source: file:///home/seluser/ppt/player/bola1/index.html (126)
[103:103:0103/101100.081429:INFO:CONSOLE(126)] "currentLatencynow: 5.303", source: file:///home/seluser/ppt/player/bola1/index.html (126)
[103:103:0103/101101.081433:INFO:CONSOLE(126)] "currentLatencynow: 5.203", source: file:///home/seluser/ppt/player/bola1/index.html (126)
[103:103:0103/101102.082725:INFO:CONSOLE(126)] "currentLatencynow: 5.103", source: file:///home/seluser/ppt/player/bola1/index.html (126)
[103:103:0103/101103.081454:INFO:CONSOLE(126)] "currentLatencynow: 5.003", source: file:///home/seluser/ppt/player/bola1/index.html (126)
[103:103:0103/101104.081363:INFO:CONSOLE(126)] "currentLatencynow: 4.903", source: file:///home/seluser/ppt/player/bola1/index.html (126)
[103:103:0103/101105.081406:INFO:CONSOLE(126)] "currentLatencynow: 4.803", source: file:///home/seluser/ppt/player/bola1/index.html (126)
[103:103:0103/101106.081481:INFO:CONSOLE(126)] "currentLatencynow: 4.703", source: file:///home/seluser/ppt/player/bola1/index.html (126)
[103:103:0103/101107.081569:INFO:CONSOLE(126)] "currentLatencynow: 4.603", source: file:///home/seluser/ppt/player/bola1/index.html (126)
[103:103:0103/101108.081422:INFO:CONSOLE(126)] "currentLatencynow: 4.503", source: file:///home/seluser/ppt/player/bola1/index.html (126)
[103:103:0103/101109.081521:INFO:CONSOLE(126)] "currentLatencynow: 4.407", source: file:///home/seluser/ppt/player/bola1/index.html (126)
[103:103:0103/101110.081455:INFO:CONSOLE(126)] "currentLatencynow: 4.328", source: file:///home/seluser/ppt/player/bola1/index.html (126)
[103:103:0103/101111.081435:INFO:CONSOLE(126)] "currentLatencynow: 4.967", source: file:///home/seluser/ppt/player/bola1/index.html (126)
[103:103:0103/101112.081421:INFO:CONSOLE(126)] "currentLatencynow: 5.861", source: file:///home/seluser/ppt/player/bola1/index.html (126)
[103:103:0103/101113.081557:INFO:CONSOLE(126)] "currentLatencynow: 5.778", source: file:///home/seluser/ppt/player/bola1/index.html (126)
[103:103:0103/101114.081416:INFO:CONSOLE(126)] "currentLatencynow: 5.943", source: file:///home/seluser/ppt/player/bola1/index.html (126)
[103:103:0103/101115.081427:INFO:CONSOLE(126)] "currentLatencynow: 6.943", source: file:///home/seluser/ppt/player/bola1/index.html (126)
[103:103:0103/101116.081467:INFO:CONSOLE(126)] "currentLatencynow: 7.252", source: file:///home/seluser/ppt/player/bola1/index.html (126)
[103:103:0103/101117.081375:INFO:CONSOLE(126)] "currentLatencynow: 7.252", source: file:///home/seluser/ppt/player/bola1/index.html (126)
[103:103:0103/101118.081482:INFO:CONSOLE(126)] "currentLatencynow: 7.92", source: file:///home/seluser/ppt/player/bola1/index.html (126)
[103:103:0103/101119.081508:INFO:CONSOLE(126)] "currentLatencynow: 8.92", source: file:///home/seluser/ppt/player/bola1/index.html (126)
[103:103:0103/101120.081454:INFO:CONSOLE(126)] "currentLatencynow: 9.92", source: file:///home/seluser/ppt/player/bola1/index.html (126)
[103:103:0103/101121.081555:INFO:CONSOLE(126)] "currentLatencynow: 10.92", source: file:///home/seluser/ppt/player/bola1/index.html (126)
[103:103:0103/101122.081477:INFO:CONSOLE(126)] "currentLatencynow: 11.92", source: file:///home/seluser/ppt/player/bola1/index.html (126)
[103:103:0103/101123.081454:INFO:CONSOLE(126)] "currentLatencynow: 12.92", source: file:///home/seluser/ppt/player/bola1/index.html (126)
[103:103:0103/101124.081436:INFO:CONSOLE(126)] "currentLatencynow: 13.92", source: file:///home/seluser/ppt/player/bola1/index.html (126)
[103:103:0103/101125.081506:INFO:CONSOLE(126)] "currentLatencynow: 14.92", source: file:///home/seluser/ppt/player/bola1/index.html (126)
[103:103:0103/101126.081439:INFO:CONSOLE(126)] "currentLatencynow: 15.92", source: file:///home/seluser/ppt/player/bola1/index.html (126)
[103:103:0103/101127.081482:INFO:CONSOLE(126)] "currentLatencynow: 16.92", source: file:///home/seluser/ppt/player/bola1/index.html (126)
[103:103:0103/101128.081507:INFO:CONSOLE(112)] "Begin Player stistics 
", source: file:///home/seluser/ppt/player/bola1/index.html (112)
[103:103:0103/101128.082012:INFO:CONSOLE(113)] "["stall",[["2.55","3.47",0.9200000000000004]],[["65.74","65.99",0.25]],[["102.07","102.32",0.25]],[["105.51","105.76",0.25]],[["109.07","109.32",0.25]],[["availibleBW",[null],[null],[4171],[4171],[4122],[4272],[4568],[5029],[5519],[5851],[5851],[5994],[6049],[6069],[6069],[6117],[6117],[6101],[6101],[5931],[5814],[5814],[5713],[5639],[5639],[5392],[5392],[5015],[5015],[4730],[4730],[4416],[4416],[4233],[4233],[4233],[4233],[4233],[5406],[5293],[5293],[5207],[5207],[4925],[4925],[4768],[4768],[3327],[3327],[3082],[3082],[2434],[2434],[2460],[2460],[2292],[2292],[1776],[1776],[1623],[1623],[1623],[1623],[1623],[1623],[1462],[1462],[1462],[1362],[1262],[902],[1190],[1190],[1076],[1076],[977],[977],[977],[953],[953],[909],[909],[1030],[992],[992],[943],[943],[684],[684],[684],[645],[645],[642],[642],[657],[575],[575],[575],[551],[551],[542],[542],[542],[542],[542],[495],[495],[495],[495],[495],[495],[449],[449],[449],[449],[449],[449],[449]]],[["currentBuffer",[0],[0],[1.225],[0.219],[1.154],[2.057],[2.959],[1.859],[2.762],[3.664],[2.564],[1.465],[0.369],[1.341],[0.346],[1.348],[0.348],[1.35],[0.35],[1.352],[2.352],[1.287],[2.216],[3.165],[2.114],[3.085],[2.055],[3.027],[2.018],[3.017],[2.017],[3.019],[2.019],[3.021],[2.021],[1.021],[0.021],[0],[2.025],[3.027],[2.027],[3.029],[2.029],[3.031],[2.031],[3.033],[2.033],[3.035],[2.035],[3.037],[2.037],[3.039],[2.039],[3.041],[2.041],[3.043],[2.043],[3.045],[2.045],[3.047],[2.047],[1.047],[0.047],[0],[0],[0.03],[0.03],[0.03],[1.674],[2.521],[5.37],[6.436],[5.397],[6.299],[5.199],[5.986],[4.831],[3.901],[4.803],[3.703],[4.392],[3.444],[4.292],[5.139],[4.209],[5.111],[4.011],[4.913],[3.813],[2.713],[3.615],[2.29],[3.417],[2.317],[3.214],[4.061],[3.021],[1.921],[2.823],[1.723],[2.645],[2.019],[2.019],[1.011],[0],[1.996],[1.536],[0.536],[0],[0],[0],[1.975],[1.975],[1.975],[1.975],[1.975],[1.975],[1.975]]],[["currentLatency",[null],[4.457],[5.252],[5.252],[5.184],[5.084],[4.984],[4.885],[4.785],[4.686],[4.587],[4.486],[4.391],[4.367],[4.367],[4.366],[4.367],[4.367],[4.367],[4.367],[4.366],[4.299],[4.226],[4.174],[4.123],[4.091],[4.062],[4.032],[4.023],[4.02],[4.02],[4.02],[4.02],[4.02],[4.02],[4.02],[4.02],[4.02],[4.02],[4.02],[4.02],[4.02],[4.02],[4.02],[4.02],[4.02],[4.02],[4.02],[4.02],[4.02],[4.02],[4.02],[4.02],[4.02],[4.02],[4.02],[4.02],[4.02],[4.02],[4.02],[4.02],[4.02],[4.02],[4.02],[4.02],[5.016],[6.016],[7.016],[7.503],[7.403],[7.303],[7.203],[7.103],[7.003],[6.903],[6.803],[6.703],[6.603],[6.503],[6.403],[6.303],[6.203],[6.103],[6.003],[5.903],[5.803],[5.703],[5.603],[5.503],[5.403],[5.303],[5.203],[5.103],[5.003],[4.903],[4.803],[4.703],[4.603],[4.503],[4.407],[4.328],[4.967],[5.861],[5.778],[5.943],[6.943],[7.252],[7.252],[7.92],[8.92],[9.92],[10.92],[11.92],[12.92],[13.92],[14.92],[15.92],[16.92]]]]", source: file:///home/seluser/ppt/player/bola1/index.html (113)
[103:103:0103/101128.082382:INFO:CONSOLE(114)] "
", source: file:///home/seluser/ppt/player/bola1/index.html (114)
[103:103:0103/101128.082467:INFO:CONSOLE(115)] "Finish Player stistics 
", source: file:///home/seluser/ppt/player/bola1/index.html (115)
[103:103:0103/101128.082520:INFO:CONSOLE(126)] "currentLatencynow: 17.921", source: file:///home/seluser/ppt/player/bola1/index.html (126)
[103:103:0103/101129.081373:INFO:CONSOLE(126)] "currentLatencynow: 18.92", source: file:///home/seluser/ppt/player/bola1/index.html (126)
[103:103:0103/101130.081547:INFO:CONSOLE(126)] "currentLatencynow: 19.92", source: file:///home/seluser/ppt/player/bola1/index.html (126)
[103:103:0103/101131.081439:INFO:CONSOLE(126)] "currentLatencynow: 20.92", source: file:///home/seluser/ppt/player/bola1/index.html (126)
[103:103:0103/101132.081413:INFO:CONSOLE(126)] "currentLatencynow: 21.92", source: file:///home/seluser/ppt/player/bola1/index.html (126)
[103:103:0103/101133.081472:INFO:CONSOLE(126)] "currentLatencynow: 22.92", source: file:///home/seluser/ppt/player/bola1/index.html (126)
[103:103:0103/101134.081504:INFO:CONSOLE(126)] "currentLatencynow: 23.92", source: file:///home/seluser/ppt/player/bola1/index.html (126)
[103:103:0103/101135.081442:INFO:CONSOLE(126)] "currentLatencynow: 24.92", source: file:///home/seluser/ppt/player/bola1/index.html (126)
[103:103:0103/101136.081486:INFO:CONSOLE(126)] "currentLatencynow: 25.92", source: file:///home/seluser/ppt/player/bola1/index.html (126)
[103:103:0103/101137.081439:INFO:CONSOLE(126)] "currentLatencynow: 26.92", source: file:///home/seluser/ppt/player/bola1/index.html (126)
[103:103:0103/101138.081387:INFO:CONSOLE(126)] "currentLatencynow: 27.845", source: file:///home/seluser/ppt/player/bola1/index.html (126)
[103:129:0103/101138.115673:ERROR:bus.cc(392)] Failed to connect to the bus: Address does not contain a colon
[103:129:0103/101138.115743:ERROR:bus.cc(392)] Failed to connect to the bus: Address does not contain a colon
[103:103:0103/101139.081468:INFO:CONSOLE(126)] "currentLatencynow: 27.78", source: file:///home/seluser/ppt/player/bola1/index.html (126)
[103:103:0103/101140.081439:INFO:CONSOLE(126)] "currentLatencynow: 27.68", source: file:///home/seluser/ppt/player/bola1/index.html (126)
[103:103:0103/101141.081401:INFO:CONSOLE(126)] "currentLatencynow: 27.58", source: file:///home/seluser/ppt/player/bola1/index.html (126)
[103:103:0103/101142.081398:INFO:CONSOLE(126)] "currentLatencynow: 27.924", source: file:///home/seluser/ppt/player/bola1/index.html (126)
[103:103:0103/101143.081463:INFO:CONSOLE(126)] "currentLatencynow: 28.924", source: file:///home/seluser/ppt/player/bola1/index.html (126)
[103:103:0103/101144.081403:INFO:CONSOLE(126)] "currentLatencynow: 29.924", source: file:///home/seluser/ppt/player/bola1/index.html (126)
[103:129:0103/101144.457537:ERROR:bus.cc(392)] Failed to connect to the bus: Address does not contain a colon
[103:129:0103/101144.457612:ERROR:bus.cc(392)] Failed to connect to the bus: Address does not contain a colon
[103:103:0103/101145.081532:INFO:CONSOLE(126)] "currentLatencynow: 29.992", source: file:///home/seluser/ppt/player/bola1/index.html (126)
[103:103:0103/101146.081357:INFO:CONSOLE(126)] "currentLatencynow: 30.003", source: file:///home/seluser/ppt/player/bola1/index.html (126)
[103:103:0103/101147.081417:INFO:CONSOLE(126)] "currentLatencynow: 30.703", source: file:///home/seluser/ppt/player/bola1/index.html (126)
[103:103:0103/101148.081423:INFO:CONSOLE(126)] "currentLatencynow: 31.703", source: file:///home/seluser/ppt/player/bola1/index.html (126)
[103:103:0103/101149.081457:INFO:CONSOLE(126)] "currentLatencynow: 32.703", source: file:///home/seluser/ppt/player/bola1/index.html (126)
[103:103:0103/101150.081367:INFO:CONSOLE(126)] "currentLatencynow: 33.703", source: file:///home/seluser/ppt/player/bola1/index.html (126)
[103:103:0103/101151.081495:INFO:CONSOLE(126)] "currentLatencynow: 34.703", source: file:///home/seluser/ppt/player/bola1/index.html (126)
[103:103:0103/101152.081450:INFO:CONSOLE(126)] "currentLatencynow: 35.703", source: file:///home/seluser/ppt/player/bola1/index.html (126)
[103:103:0103/101153.081458:INFO:CONSOLE(126)] "currentLatencynow: 36.703", source: file:///home/seluser/ppt/player/bola1/index.html (126)
[103:103:0103/101154.081493:INFO:CONSOLE(126)] "currentLatencynow: 37.703", source: file:///home/seluser/ppt/player/bola1/index.html (126)
[103:129:0103/101154.337562:ERROR:bus.cc(392)] Failed to connect to the bus: Address does not contain a colon
[103:129:0103/101154.337632:ERROR:bus.cc(392)] Failed to connect to the bus: Address does not contain a colon
[103:103:0103/101155.081550:INFO:CONSOLE(126)] "currentLatencynow: 30.603", source: file:///home/seluser/ppt/player/bola1/index.html (126)
[103:103:0103/101156.081423:INFO:CONSOLE(126)] "currentLatencynow: 31.603", source: file:///home/seluser/ppt/player/bola1/index.html (126)
[103:103:0103/101157.081435:INFO:CONSOLE(126)] "currentLatencynow: 32.603", source: file:///home/seluser/ppt/player/bola1/index.html (126)
[103:103:0103/101158.081491:INFO:CONSOLE(126)] "currentLatencynow: 33.603", source: file:///home/seluser/ppt/player/bola1/index.html (126)
[103:103:0103/101159.081386:INFO:CONSOLE(126)] "currentLatencynow: 34.603", source: file:///home/seluser/ppt/player/bola1/index.html (126)
[103:103:0103/101200.081400:INFO:CONSOLE(126)] "currentLatencynow: 35.603", source: file:///home/seluser/ppt/player/bola1/index.html (126)
[103:103:0103/101200.211351:WARNING:pref_notifier_impl.cc(40)] Pref observer for media_router.cast_allow_all_ips found at shutdown.
