[230:293:0130/100827.804529:ERROR:bus.cc(392)] Failed to connect to the bus: Failed to connect to socket /var/run/dbus/system_bus_socket: No such file or directory
[230:256:0130/100827.806922:ERROR:bus.cc(392)] Failed to connect to the bus: Address does not contain a colon
[230:256:0130/100827.806989:ERROR:bus.cc(392)] Failed to connect to the bus: Address does not contain a colon
[230:255:0130/100827.808410:ERROR:file_path_watcher_linux.cc(326)] inotify_init() failed: Too many open files (24)
[230:256:0130/100827.826851:ERROR:bus.cc(392)] Failed to connect to the bus: Address does not contain a colon
[230:256:0130/100827.826920:ERROR:bus.cc(392)] Failed to connect to the bus: Address does not contain a colon
[301:301:0130/100827.831914:ERROR:gpu_init.cc(453)] Passthrough is not supported, GL is swiftshader, ANGLE is 
[230:256:0130/100827.876724:ERROR:bus.cc(392)] Failed to connect to the bus: Address does not contain a colon
[230:256:0130/100827.885525:ERROR:bus.cc(392)] Failed to connect to the bus: Address does not contain a colon
[302:356:0130/100827.906765:ERROR:file_path_watcher_linux.cc(326)] inotify_init() failed: Too many open files (24)
[230:402:0130/100827.977632:ERROR:bus.cc(392)] Failed to connect to the bus: Failed to connect to socket /var/run/dbus/system_bus_socket: No such file or directory
[230:402:0130/100827.977719:ERROR:bus.cc(392)] Failed to connect to the bus: Failed to connect to socket /var/run/dbus/system_bus_socket: No such file or directory
[230:402:0130/100827.977779:ERROR:bus.cc(392)] Failed to connect to the bus: Failed to connect to socket /var/run/dbus/system_bus_socket: No such file or directory
[230:402:0130/100827.977798:WARNING:property.cc(144)] DaemonVersion: GetAndBlock: failed.
[230:402:0130/100827.977879:ERROR:bus.cc(392)] Failed to connect to the bus: Failed to connect to socket /var/run/dbus/system_bus_socket: No such file or directory
[230:402:0130/100827.977925:ERROR:bus.cc(392)] Failed to connect to the bus: Failed to connect to socket /var/run/dbus/system_bus_socket: No such file or directory
[230:230:0130/100829.618156:INFO:CONSOLE(128)] "currentLatencynow: NaN", source: file:///home/seluser/ppt/player/dashjs/index.html (128)
[230:330:0130/100830.447435:ERROR:chrome_browser_main_extra_parts_metrics.cc(228)] crbug.com/1216328: Checking Bluetooth availability started. Please report if there is no report that this ends.
[230:330:0130/100830.447559:ERROR:chrome_browser_main_extra_parts_metrics.cc(231)] crbug.com/1216328: Checking Bluetooth availability ended.
[230:330:0130/100830.447587:ERROR:chrome_browser_main_extra_parts_metrics.cc(234)] crbug.com/1216328: Checking default browser status started. Please report if there is no report that this ends.
[230:230:0130/100830.631503:INFO:CONSOLE(128)] "currentLatencynow: NaN", source: file:///home/seluser/ppt/player/dashjs/index.html (128)
[230:330:0130/100830.762412:ERROR:chrome_browser_main_extra_parts_metrics.cc(238)] crbug.com/1216328: Checking default browser status ended.
[230:230:0130/100831.617839:INFO:CONSOLE(128)] "currentLatencynow: NaN", source: file:///home/seluser/ppt/player/dashjs/index.html (128)
[230:230:0130/100832.617872:INFO:CONSOLE(128)] "currentLatencynow: NaN", source: file:///home/seluser/ppt/player/dashjs/index.html (128)
[230:230:0130/100833.617801:INFO:CONSOLE(128)] "currentLatencynow: NaN", source: file:///home/seluser/ppt/player/dashjs/index.html (128)
[230:230:0130/100834.617812:INFO:CONSOLE(128)] "currentLatencynow: NaN", source: file:///home/seluser/ppt/player/dashjs/index.html (128)
[230:230:0130/100835.617878:INFO:CONSOLE(128)] "currentLatencynow: NaN", source: file:///home/seluser/ppt/player/dashjs/index.html (128)
[230:230:0130/100836.618346:INFO:CONSOLE(128)] "currentLatencynow: NaN", source: file:///home/seluser/ppt/player/dashjs/index.html (128)
[230:230:0130/100837.617925:INFO:CONSOLE(128)] "currentLatencynow: NaN", source: file:///home/seluser/ppt/player/dashjs/index.html (128)
[230:230:0130/100838.617871:INFO:CONSOLE(128)] "currentLatencynow: NaN", source: file:///home/seluser/ppt/player/dashjs/index.html (128)
[230:230:0130/100839.617906:INFO:CONSOLE(128)] "currentLatencynow: NaN", source: file:///home/seluser/ppt/player/dashjs/index.html (128)
[230:230:0130/100840.617836:INFO:CONSOLE(128)] "currentLatencynow: NaN", source: file:///home/seluser/ppt/player/dashjs/index.html (128)
[230:230:0130/100841.617943:INFO:CONSOLE(128)] "currentLatencynow: 0", source: file:///home/seluser/ppt/player/dashjs/index.html (128)
[230:230:0130/100842.618089:INFO:CONSOLE(128)] "currentLatencynow: 0", source: file:///home/seluser/ppt/player/dashjs/index.html (128)
[230:230:0130/100843.617893:INFO:CONSOLE(128)] "currentLatencynow: 0", source: file:///home/seluser/ppt/player/dashjs/index.html (128)
[230:230:0130/100844.617878:INFO:CONSOLE(128)] "currentLatencynow: 0", source: file:///home/seluser/ppt/player/dashjs/index.html (128)
[230:230:0130/100845.617854:INFO:CONSOLE(128)] "currentLatencynow: 0", source: file:///home/seluser/ppt/player/dashjs/index.html (128)
[230:230:0130/100846.617715:INFO:CONSOLE(128)] "currentLatencynow: 0", source: file:///home/seluser/ppt/player/dashjs/index.html (128)
[230:230:0130/100847.617777:INFO:CONSOLE(128)] "currentLatencynow: 0", source: file:///home/seluser/ppt/player/dashjs/index.html (128)
[230:230:0130/100848.618106:INFO:CONSOLE(128)] "currentLatencynow: 0", source: file:///home/seluser/ppt/player/dashjs/index.html (128)
[230:230:0130/100849.617688:INFO:CONSOLE(128)] "currentLatencynow: 0", source: file:///home/seluser/ppt/player/dashjs/index.html (128)
[230:230:0130/100850.617757:INFO:CONSOLE(128)] "currentLatencynow: 0", source: file:///home/seluser/ppt/player/dashjs/index.html (128)
[230:230:0130/100851.617846:INFO:CONSOLE(128)] "currentLatencynow: 0", source: file:///home/seluser/ppt/player/dashjs/index.html (128)
[230:230:0130/100852.617792:INFO:CONSOLE(128)] "currentLatencynow: 0", source: file:///home/seluser/ppt/player/dashjs/index.html (128)
[230:230:0130/100853.617887:INFO:CONSOLE(128)] "currentLatencynow: 0", source: file:///home/seluser/ppt/player/dashjs/index.html (128)
[230:230:0130/100854.617729:INFO:CONSOLE(128)] "currentLatencynow: 0", source: file:///home/seluser/ppt/player/dashjs/index.html (128)
[665:665:0130/100854.800104:WARNING:audio_manager_linux.cc(69)] Falling back to ALSA for audio output. PulseAudio is not available or could not be initialized.
[665:665:0130/100854.809124:ERROR:alsa_util.cc(204)] PcmOpen: default,No such file or directory
[665:665:0130/100854.809420:ERROR:alsa_util.cc(204)] PcmOpen: plug:default,No such file or directory
[230:230:0130/100855.618432:INFO:CONSOLE(128)] "currentLatencynow: 18.736", source: file:///home/seluser/ppt/player/dashjs/index.html (128)
[230:230:0130/100856.617718:INFO:CONSOLE(128)] "currentLatencynow: 19.736", source: file:///home/seluser/ppt/player/dashjs/index.html (128)
[230:230:0130/100857.617707:INFO:CONSOLE(128)] "currentLatencynow: 20.736", source: file:///home/seluser/ppt/player/dashjs/index.html (128)
[230:230:0130/100858.617851:INFO:CONSOLE(128)] "currentLatencynow: 21.736", source: file:///home/seluser/ppt/player/dashjs/index.html (128)
[230:230:0130/100859.617780:INFO:CONSOLE(128)] "currentLatencynow: 22.736", source: file:///home/seluser/ppt/player/dashjs/index.html (128)
[230:230:0130/100900.617939:INFO:CONSOLE(128)] "currentLatencynow: 23.736", source: file:///home/seluser/ppt/player/dashjs/index.html (128)
[230:230:0130/100901.617729:INFO:CONSOLE(128)] "currentLatencynow: 24.736", source: file:///home/seluser/ppt/player/dashjs/index.html (128)
[230:230:0130/100902.617788:INFO:CONSOLE(128)] "currentLatencynow: 25.736", source: file:///home/seluser/ppt/player/dashjs/index.html (128)
[230:256:0130/100903.382397:ERROR:bus.cc(392)] Failed to connect to the bus: Address does not contain a colon
[230:256:0130/100903.382460:ERROR:bus.cc(392)] Failed to connect to the bus: Address does not contain a colon
[230:256:0130/100903.382472:ERROR:bus.cc(392)] Failed to connect to the bus: Address does not contain a colon
[230:256:0130/100903.382484:ERROR:bus.cc(392)] Failed to connect to the bus: Address does not contain a colon
[230:256:0130/100903.382541:ERROR:bus.cc(392)] Failed to connect to the bus: Address does not contain a colon
[230:256:0130/100903.382551:ERROR:bus.cc(392)] Failed to connect to the bus: Address does not contain a colon
[230:256:0130/100903.382563:ERROR:bus.cc(392)] Failed to connect to the bus: Address does not contain a colon
[230:256:0130/100903.382573:ERROR:bus.cc(392)] Failed to connect to the bus: Address does not contain a colon
[230:256:0130/100903.382583:ERROR:bus.cc(392)] Failed to connect to the bus: Address does not contain a colon
[230:256:0130/100903.382595:ERROR:bus.cc(392)] Failed to connect to the bus: Address does not contain a colon
[230:256:0130/100903.382606:ERROR:bus.cc(392)] Failed to connect to the bus: Address does not contain a colon
[230:256:0130/100903.382616:ERROR:bus.cc(392)] Failed to connect to the bus: Address does not contain a colon
[230:256:0130/100903.382625:ERROR:bus.cc(392)] Failed to connect to the bus: Address does not contain a colon
[230:256:0130/100903.382636:ERROR:bus.cc(392)] Failed to connect to the bus: Address does not contain a colon
[230:256:0130/100903.387947:ERROR:bus.cc(392)] Failed to connect to the bus: Address does not contain a colon
[230:256:0130/100903.387986:ERROR:bus.cc(392)] Failed to connect to the bus: Address does not contain a colon
[230:256:0130/100903.388000:ERROR:bus.cc(392)] Failed to connect to the bus: Address does not contain a colon
[230:256:0130/100903.428156:ERROR:bus.cc(392)] Failed to connect to the bus: Address does not contain a colon
[230:256:0130/100903.428201:ERROR:bus.cc(392)] Failed to connect to the bus: Address does not contain a colon
[230:230:0130/100903.617855:INFO:CONSOLE(128)] "currentLatencynow: 26.57", source: file:///home/seluser/ppt/player/dashjs/index.html (128)
[230:230:0130/100904.617750:INFO:CONSOLE(128)] "currentLatencynow: 27.049", source: file:///home/seluser/ppt/player/dashjs/index.html (128)
[230:230:0130/100905.617851:INFO:CONSOLE(128)] "currentLatencynow: 28.049", source: file:///home/seluser/ppt/player/dashjs/index.html (128)
[230:230:0130/100906.617855:INFO:CONSOLE(128)] "currentLatencynow: 29.049", source: file:///home/seluser/ppt/player/dashjs/index.html (128)
[230:230:0130/100907.617740:INFO:CONSOLE(128)] "currentLatencynow: 30.049", source: file:///home/seluser/ppt/player/dashjs/index.html (128)
[230:230:0130/100908.617781:INFO:CONSOLE(128)] "currentLatencynow: 30.718", source: file:///home/seluser/ppt/player/dashjs/index.html (128)
[230:230:0130/100909.617742:INFO:CONSOLE(128)] "currentLatencynow: 31.718", source: file:///home/seluser/ppt/player/dashjs/index.html (128)
[230:230:0130/100910.617777:INFO:CONSOLE(128)] "currentLatencynow: 32.718", source: file:///home/seluser/ppt/player/dashjs/index.html (128)
[230:230:0130/100911.617768:INFO:CONSOLE(128)] "currentLatencynow: 33.718", source: file:///home/seluser/ppt/player/dashjs/index.html (128)
[230:230:0130/100912.617688:INFO:CONSOLE(128)] "currentLatencynow: 34.718", source: file:///home/seluser/ppt/player/dashjs/index.html (128)
[230:230:0130/100913.617724:INFO:CONSOLE(128)] "currentLatencynow: 35.718", source: file:///home/seluser/ppt/player/dashjs/index.html (128)
[230:230:0130/100914.617951:INFO:CONSOLE(128)] "currentLatencynow: 36.718", source: file:///home/seluser/ppt/player/dashjs/index.html (128)
[230:230:0130/100915.617756:INFO:CONSOLE(128)] "currentLatencynow: 37.718", source: file:///home/seluser/ppt/player/dashjs/index.html (128)
[230:230:0130/100916.617726:INFO:CONSOLE(128)] "currentLatencynow: 38.718", source: file:///home/seluser/ppt/player/dashjs/index.html (128)
[230:230:0130/100917.617864:INFO:CONSOLE(128)] "currentLatencynow: 39.718", source: file:///home/seluser/ppt/player/dashjs/index.html (128)
[230:230:0130/100918.617932:INFO:CONSOLE(128)] "currentLatencynow: 40.718", source: file:///home/seluser/ppt/player/dashjs/index.html (128)
[230:230:0130/100919.618014:INFO:CONSOLE(128)] "currentLatencynow: 41.718", source: file:///home/seluser/ppt/player/dashjs/index.html (128)
[230:230:0130/100920.617896:INFO:CONSOLE(128)] "currentLatenc[230:230:0130/101059.617919:INFO:CONSOLE(128)] "currentLatencynow: 141.718", source: file:///home/seluser/ppt/player/dashjs/index.html (128)
[230:230:0130/101100.617739:INFO:CONSOLE(128)] "currentLatencynow: 142.718", source: file:///home/seluser/ppt/player/dashjs/index.html (128)
[230:230:0130/101101.617897:INFO:CONSOLE(128)] "currentLatencynow: 143.718", source: file:///home/seluser/ppt/player/dashjs/index.html (128)
[230:230:0130/101102.617936:INFO:CONSOLE(128)] "currentLatencynow: 144.718", source: file:///home/seluser/ppt/player/dashjs/index.html (128)
[230:230:0130/101103.617909:INFO:CONSOLE(128)] "currentLatencynow: 145.718", source: file:///home/seluser/ppt/player/dashjs/index.html (128)
[230:230:0130/101104.617906:INFO:CONSOLE(128)] "currentLatencynow: 146.718", source: file:///home/seluser/ppt/player/dashjs/index.html (128)
[230:230:0130/101105.617864:INFO:CONSOLE(128)] "currentLatencynow: 147.718", source: file:///home/seluser/ppt/player/dashjs/index.html (128)
[230:230:0130/101106.617694:INFO:CONSOLE(128)] "currentLatencynow: 148.718", source: file:///home/seluser/ppt/player/dashjs/index.html (128)
[230:230:0130/101107.617883:INFO:CONSOLE(128)] "currentLatencynow: 149.718", source: file:///home/seluser/ppt/player/dashjs/index.html (128)
[230:230:0130/101108.617888:INFO:CONSOLE(128)] "currentLatencynow: 150.718", source: file:///home/seluser/ppt/player/dashjs/index.html (128)
[230:230:0130/101109.617878:INFO:CONSOLE(128)] "currentLatencynow: 151.718", source: file:///home/seluser/ppt/player/dashjs/index.html (128)
[230:230:0130/101110.617908:INFO:CONSOLE(128)] "currentLatencynow: 152.718", source: file:///home/seluser/ppt/player/dashjs/index.html (128)
[230:230:0130/101111.617884:INFO:CONSOLE(128)] "currentLatencynow: 153.718", source: file:///home/seluser/ppt/player/dashjs/index.html (128)
[230:230:0130/101112.617859:INFO:CONSOLE(128)] "currentLatencynow: 154.718", source: file:///home/seluser/ppt/player/dashjs/index.html (128)
[230:230:0130/101113.617886:INFO:CONSOLE(128)] "currentLatencynow: 155.718", source: file:///home/seluser/ppt/player/dashjs/index.html (128)
[230:230:0130/101114.617965:INFO:CONSOLE(128)] "currentLatencynow: 156.718", source: file:///home/seluser/ppt/player/dashjs/index.html (128)
[230:230:0130/101115.617912:INFO:CONSOLE(128)] "currentLatencynow: 157.718", source: file:///home/seluser/ppt/player/dashjs/index.html (128)
[230:230:0130/101116.617811:INFO:CONSOLE(128)] "currentLatencynow: 158.718", source: file:///home/seluser/ppt/player/dashjs/index.html (128)
[230:230:0130/101117.617969:INFO:CONSOLE(128)] "currentLatencynow: 159.718", source: file:///home/seluser/ppt/player/dashjs/index.html (128)
[230:230:0130/101118.617913:INFO:CONSOLE(128)] "currentLatencynow: 160.718", source: file:///home/seluser/ppt/player/dashjs/index.html (128)
[230:230:0130/101119.617855:INFO:CONSOLE(128)] "currentLatencynow: 161.718", source: file:///home/seluser/ppt/player/dashjs/index.html (128)
[230:230:0130/101120.617959:INFO:CONSOLE(128)] "currentLatencynow: 162.718", source: file:///home/seluser/ppt/player/dashjs/index.html (128)
[230:230:0130/101121.617913:INFO:CONSOLE(128)] "currentLatencynow: 163.718", source: file:///home/seluser/ppt/player/dashjs/index.html (128)
[230:230:0130/101122.617947:INFO:CONSOLE(128)] "currentLatencynow: 164.718", source: file:///home/seluser/ppt/player/dashjs/index.html (128)
[230:230:0130/101123.617903:INFO:CONSOLE(128)] "currentLatencynow: 165.718", source: file:///home/seluser/ppt/player/dashjs/index.html (128)
[230:230:0130/101124.617925:INFO:CONSOLE(128)] "currentLatencynow: 166.718", source: file:///home/seluser/ppt/player/dashjs/index.html (128)
[230:230:0130/101125.617792:INFO:CONSOLE(128)] "currentLatencynow: 167.718", source: file:///home/seluser/ppt/player/dashjs/index.html (128)
[230:230:0130/101126.617988:INFO:CONSOLE(128)] "currentLatencynow: 168.718", source: file:///home/seluser/ppt/player/dashjs/index.html (128)
[230:230:0130/101127.617899:INFO:CONSOLE(128)] "currentLatencynow: 169.718", source: file:///home/seluser/ppt/player/dashjs/index.html (128)
[230:230:0130/101128.618069:INFO:CONSOLE(128)] "currentLatencynow: 170.718", source: file:///home/seluser/ppt/player/dashjs/index.html (128)
[230:683:0130/101128.670231:ERROR:database.cc(1761)] History SQLite error: code 1 errno 0: cannot commit - no transaction is active sql: COMMIT
[230:230:0130/101128.689676:WARNING:pref_notifier_impl.cc(40)] Pref observer for media_router.cast_allow_all_ips found at shutdown.
