[230:294:0130/100801.687419:ERROR:bus.cc(392)] Failed to connect to the bus: Failed to connect to socket /var/run/dbus/system_bus_socket: No such file or directory
[230:257:0130/100801.689996:ERROR:bus.cc(392)] Failed to connect to the bus: Address does not contain a colon
[230:257:0130/100801.690066:ERROR:bus.cc(392)] Failed to connect to the bus: Address does not contain a colon
[301:301:0130/100801.704854:ERROR:gpu_init.cc(453)] Passthrough is not supported, GL is swiftshader, ANGLE is 
[230:257:0130/100801.706596:ERROR:bus.cc(392)] Failed to connect to the bus: Address does not contain a colon
[230:257:0130/100801.707227:ERROR:bus.cc(392)] Failed to connect to the bus: Address does not contain a colon
[230:257:0130/100801.731891:ERROR:bus.cc(392)] Failed to connect to the bus: Address does not contain a colon
[230:257:0130/100801.731938:ERROR:bus.cc(392)] Failed to connect to the bus: Address does not contain a colon
[230:397:0130/100801.814467:ERROR:bus.cc(392)] Failed to connect to the bus: Failed to connect to socket /var/run/dbus/system_bus_socket: No such file or directory
[230:397:0130/100801.814538:ERROR:bus.cc(392)] Failed to connect to the bus: Failed to connect to socket /var/run/dbus/system_bus_socket: No such file or directory
[230:397:0130/100801.814594:ERROR:bus.cc(392)] Failed to connect to the bus: Failed to connect to socket /var/run/dbus/system_bus_socket: No such file or directory
[230:397:0130/100801.814609:WARNING:property.cc(144)] DaemonVersion: GetAndBlock: failed.
[230:397:0130/100801.814648:ERROR:bus.cc(392)] Failed to connect to the bus: Failed to connect to socket /var/run/dbus/system_bus_socket: No such file or directory
[230:397:0130/100801.814683:ERROR:bus.cc(392)] Failed to connect to the bus: Failed to connect to socket /var/run/dbus/system_bus_socket: No such file or directory
[230:230:0130/100803.093907:INFO:CONSOLE(128)] "currentLatencynow: NaN", source: file:///home/seluser/ppt/player/dashjs/index.html (128)
[230:325:0130/100804.043568:ERROR:chrome_browser_main_extra_parts_metrics.cc(228)] crbug.com/1216328: Checking Bluetooth availability started. Please report if there is no report that this ends.
[230:325:0130/100804.043624:ERROR:chrome_browser_main_extra_parts_metrics.cc(231)] crbug.com/1216328: Checking Bluetooth availability ended.
[230:325:0130/100804.043637:ERROR:chrome_browser_main_extra_parts_metrics.cc(234)] crbug.com/1216328: Checking default browser status started. Please report if there is no report that this ends.
[230:230:0130/100804.096128:INFO:CONSOLE(128)] "currentLatencynow: 0", source: file:///home/seluser/ppt/player/dashjs/index.html (128)
[230:325:0130/100804.212881:ERROR:chrome_browser_main_extra_parts_metrics.cc(238)] crbug.com/1216328: Checking default browser status ended.
[230:230:0130/100805.093577:INFO:CONSOLE(128)] "currentLatencynow: 0", source: file:///home/seluser/ppt/player/dashjs/index.html (128)
[230:230:0130/100806.093652:INFO:CONSOLE(128)] "currentLatencynow: 0", source: file:///home/seluser/ppt/player/dashjs/index.html (128)
[230:230:0130/100807.093806:INFO:CONSOLE(128)] "currentLatencynow: 0", source: file:///home/seluser/ppt/player/dashjs/index.html (128)
[230:230:0130/100808.093743:INFO:CONSOLE(128)] "currentLatencynow: 0", source: file:///home/seluser/ppt/player/dashjs/index.html (128)
[639:639:0130/100808.284758:WARNING:audio_manager_linux.cc(69)] Falling back to ALSA for audio output. PulseAudio is not available or could not be initialized.
[639:639:0130/100808.290061:ERROR:alsa_util.cc(204)] PcmOpen: default,No such file or directory
[639:639:0130/100808.290244:ERROR:alsa_util.cc(204)] PcmOpen: plug:default,No such file or directory
[230:230:0130/100809.093741:INFO:CONSOLE(128)] "currentLatencynow: 9.073", source: file:///home/seluser/ppt/player/dashjs/index.html (128)
[230:230:0130/100810.093680:INFO:CONSOLE(128)] "currentLatencynow: 10.073", source: file:///home/seluser/ppt/player/dashjs/index.html (128)
[230:230:0130/100811.093864:INFO:CONSOLE(128)] "currentLatencynow: 11.073", source: file:///home/seluser/ppt/player/dashjs/index.html (128)
[230:230:0130/100812.093847:INFO:CONSOLE(128)] "currentLatencynow: 12.073", source: file:///home/seluser/ppt/player/dashjs/index.html (128)
[230:230:0130/100813.093717:INFO:CONSOLE(128)] "currentLatencynow: 13.073", source: file:///home/seluser/ppt/player/dashjs/index.html (128)
[230:257:0130/100813.126402:ERROR:bus.cc(392)] Failed to connect to the bus: Address does not contain a colon
[230:257:0130/100813.126483:ERROR:bus.cc(392)] Failed to connect to the bus: Address does not contain a colon
[230:257:0130/100813.126521:ERROR:bus.cc(392)] Failed to connect to the bus: Address does not contain a colon
[230:257:0130/100813.126569:ERROR:bus.cc(392)] Failed to connect to the bus: Address does not contain a colon
[230:257:0130/100813.126605:ERROR:bus.cc(392)] Failed to connect to the bus: Address does not contain a colon
[230:257:0130/100813.126639:ERROR:bus.cc(392)] Failed to connect to the bus: Address does not contain a colon
[230:257:0130/100813.126672:ERROR:bus.cc(392)] Failed to connect to the bus: Address does not contain a colon
[230:257:0130/100813.126712:ERROR:bus.cc(392)] Failed to connect to the bus: Address does not contain a colon
[230:257:0130/100813.126751:ERROR:bus.cc(392)] Failed to connect to the bus: Address does not contain a colon
[230:257:0130/100813.126786:ERROR:bus.cc(392)] Failed to connect to the bus: Address does not contain a colon
[230:257:0130/100813.126822:ERROR:bus.cc(392)] Failed to connect to the bus: Address does not contain a colon
[230:257:0130/100813.126857:ERROR:bus.cc(392)] Failed to connect to the bus: Address does not contain a colon
[230:257:0130/100813.126890:ERROR:bus.cc(392)] Failed to connect to the bus: Address does not contain a colon
[230:257:0130/100813.126922:ERROR:bus.cc(392)] Failed to connect to the bus: Address does not contain a colon
[230:257:0130/100813.134403:ERROR:bus.cc(392)] Failed to connect to the bus: Address does not contain a colon
[230:257:0130/100813.134446:ERROR:bus.cc(392)] Failed to connect to the bus: Address does not contain a colon
[230:257:0130/100813.134468:ERROR:bus.cc(392)] Failed to connect to the bus: Address does not contain a colon
[230:257:0130/100813.167810:ERROR:bus.cc(392)] Failed to connect to the bus: Address does not contain a colon
[230:257:0130/100813.167875:ERROR:bus.cc(392)] Failed to connect to the bus: Address does not contain a colon
[230:230:0130/100814.093557:INFO:CONSOLE(128)] "currentLatencynow: 13.088", source: file:///home/seluser/ppt/player/dashjs/index.html (128)
[230:230:0130/100815.093886:INFO:CONSOLE(128)] "currentLatencynow: 13.582", source: file:///home/seluser/ppt/player/dashjs/index.html (128)
[230:230:0130/100816.093674:INFO:CONSOLE(128)] "currentLatencynow: 14.582", source: file:///home/seluser/ppt/player/dashjs/index.html (128)
[230:230:0130/100817.094458:INFO:CONSOLE(128)] "currentLatencynow: 15.496", source: file:///home/seluser/ppt/player/dashjs/index.html (128)
[230:257:0130/100817.109324:ERROR:bus.cc(392)] Failed to connect to the bus: Address does not contain a colon
[230:257:0130/100817.109538:ERROR:bus.cc(392)] Failed to connect to the bus: Address does not contain a colon
[230:230:0130/100818.093720:INFO:CONSOLE(128)] "currentLatencynow: 15.56", source: file:///home/seluser/ppt/player/dashjs/index.html (128)
[230:230:0130/100819.093577:INFO:CONSOLE(128)] "currentLatencynow: 15.567", source: file:///home/seluser/ppt/player/dashjs/index.html (128)
[230:230:0130/100820.093579:INFO:CONSOLE(128)] "currentLatencynow: 16.567", source: file:///home/seluser/ppt/player/dashjs/index.html (128)
[230:230:0130/100821.093680:INFO:CONSOLE(128)] "currentLatencynow: 17.567", source: file:///home/seluser/ppt/player/dashjs/index.html (128)
[230:230:0130/100822.093662:INFO:CONSOLE(128)] "currentLatencynow: 18.567", source: file:///home/seluser/ppt/player/dashjs/index.html (128)
[230:230:0130/100823.094229:INFO:CONSOLE(128)] "currentLatencynow: 19.567", source: file:///home/seluser/ppt/player/dashjs/index.html (128)
[230:230:0130/100824.093726:INFO:CONSOLE(128)] "currentLatencynow: 20.567", source: file:///home/seluser/ppt/player/dashjs/index.html (128)
[230:230:0130/100825.093608:INFO:CONSOLE(128)] "currentLatencynow: 21.567", source: file:///home/seluser/ppt/player/dashjs/index.html (128)
[230:230:0130/100826.093603:INFO:CONSOLE(128)] "currentLatencynow: 22.567", source: file:///home/seluser/ppt/player/dashjs/index.html (128)
[230:230:0130/100827.093632:INFO:CONSOLE(128)] "currentLatencynow: 23.567", source: file:///home/seluser/ppt/player/dashjs/index.html (128)
[230:230:0130/100828.093645:INFO:CONSOLE(128)] "currentLatencynow: 24.567", source: file:///home/seluser/ppt/player/dashjs/index.html (128)
[230:230:0130/100829.093569:INFO:CONSOLE(128)] "currentLatencynow: 25.567", source: file:///home/seluser/ppt/player/dashjs/index.html (128)
[230:230:0130/100830.093563:INFO:CONSOLE(128)] "currentLatencynow: 26.567", source: file:///home/seluser/ppt/player/dashjs/index.html (128)
[230:230:0130/100831.093727:INFO:CONSOLE(128)] "currentLatencynow: 27.567", source: file:///home/seluser/ppt/player/dashjs/index.html (128)
[230:230:0130/100832.093790:INFO:CONSOLE(128)] "currentLatencynow: 28.567", source: file:///home/seluser/ppt/player/dashjs/index.html (128)
[230:230:0130/100833.093599:INFO:CONSOLE(128)] "currentLatencynow: 29.567", source: file:///home/seluser/ppt/player/dashjs/index.html (128)
[230:230:0130/100834.093471:INFO:CONSOLE(128)] "currentLatencynow: 30.271", source: file:///home/seluser/ppt/player/dashjs/index.html (128)
[230:230:0130/100835.093604:INFO:CONSOLE(128)] "currentLatencynow: 31.271", source: file:///home/seluser/ppt/player/dashjs/index.html (128)
[230:230:0130/100836.093937:INFO:CONSOLE(128)] "currentLatencynow: 32.271", source: file:///home/seluser/ppt/player/dashjs/index.html (128)
[230:230:0130/100837.093640:INFO:CONSOLE(128)] "currentLatencynow: 33.271", source: file:///home/seluser/ppt/player/dashjs/index.html (128)
[230:230:0130/100838.093580:INFO:CONSOLE(128)] "currentLatencynow: 34.271", source: file:///home/seluser/ppt/player/dashjs/index.html (128)
[230:230:0130/100839.093610:INFO:CONSOLE(128)] "currentLatencynow: 35.271", source: file:///home/seluser/ppt/player/dashjs/index.html (128)
[230:230:0130/100840.093646:INFO:CONSOLE(128)] "currentLatencynow: 36.271", source: file:///home/seluser/ppt/player/dashjs/index.html (128)
[230:230:0130/100841.093581:INFO:CONSOLE(128)] "currentLatencynow: 37.271", source: file:///home/seluser/ppt/player/dashjs/index.html (128)
[230:230:0130/100842.093718:INFO:CONSOLE(128)] "currentLatencynow: 38.271", source: file:///home/seluser/ppt/player/dashjs/index.html (128)
[230:230:0130/100843.093608:INFO:CONSOLE(128)] "currentLatencynow: 39.271", source: file:///home/seluser/ppt/player/dashjs/index.html (128)
[230:230:0130/100844.093600:INFO:CONSOLE(128)] "currentLatencynow: 40.271", source: file:///home/seluser/ppt/player/dashjs/index.html (128)
[230:230:0130/100845.093688:INFO:CONSOLE(128)] "currentLatencynow: 41.271", source: file:///home/seluser/ppt/player/dashjs/index.html (128)
[230:230:0130/100846.093683:INFO:CONSOLE(128)] "currentLatencynow: 42.271", source: file:///home/seluser/ppt/player/dashjs/index.html (128)
[230:230:0130/100847.093676:INFO:CONSOLE(128)] "currentLatencynow: 43.271", source: file:///home/seluser/ppt/player/dashjs/index.html (128)
[230:230:0130/100848.093631:INFO:CONSOLE(128)] "currentLatencynow: 44.271", source: file:///home/seluser/ppt/player/dashjs/index.html (128)
[230:230:0130/100849.093636:INFO:CONSOLE(128)] "currentLatencynow: 45.271", source: file:///home/seluser/ppt/player/dashjs/index.html (128)
[230:230:0130/100850.093494:INFO:CONSOLE(128)] "currentLatencynow: 46.271", source: file:///home/seluser/ppt/player/dashjs/index.html (128)
[230:230:0130/100851.093650:INFO:CONSOLE(128)] "currentLatencynow: 47.271", source: file:///home/seluser/ppt/player/dashjs/index.html (128)
[230:230:0130/100852.093762:INFO:CONSOLE(128)] "currentLatencynow: 48.271", source: file:///home/seluser/ppt/player/dashjs/index.html (128)
[230:230:0130/100853.093517:INFO:CONSOLE(128)] "currentLatencynow: 49.271", source: file:///home/seluser/ppt/player/dashjs/index.html (128)
[230:230:0130/100854.093483:INFO:CONSOLE(128)] "currentLatencynow: 50.271", source: file:///home/seluser/ppt/player/dashjs/index.html (128)
[230:230:0130/100855.093504:INFO:CONSOLE(128)] "currentLatencynow: 51.271", source: file:///home/seluser/ppt/player/dashjs/index.html (128)
[230:230:0130/100856.093655:INFO:CONSOLE(128)] "currentLatencynow: 52.271", source: file:///home/seluser/ppt/player/dashjs/index.html (128)
[230:230:0130/100857.093661:INFO:CONSOLE(128)] "currentLatencynow: 53.271", source: file:///home/seluser/ppt/player/dashjs/index.html (128)
[230:230:0130/100858.095308:INFO:CONSOLE(128)] "currentLatencynow: 54.272", source: file:///home/seluser/ppt/player/dashjs/index.html (128)
[230:230:0130/100859.093616:INFO:CONSOLE(128)] "currentLatencynow: 55.271", source: file:///home/seluser/ppt/player/dashjs/index.html (128)
[230:230:0130/100900.093679:INFO:CONSOLE(128)] "currentLatencynow: 56.271", source: file:///home/seluser/ppt/player/dashjs/index.html (128)
[230:230:0130/100901.093753:INFO:CONSOLE(128)] "currentLatencynow: 57.271", source: file:///home/seluser/ppt/player/dashjs/index.html (128)
[230:230:0130/100902.093534:INFO:CONSOLE(128)] "currentLatencynow: 58.271", source: file:///home/seluser/ppt/player/dashjs/index.html (128)
[230:230:0130/100903.093710:INFO:CONSOLE(128)] "currentLatencynow: 59.271", source: file:///home/seluser/ppt/player/dashjs/index.html (128)
[230:230:0130/100904.093777:INFO:CONSOLE(128)] "currentLatencynow: 60.271", source: file:///home/seluser/ppt/player/dashjs/index.html (128)
[230:230:0130/100905.093677:INFO:CONSOLE(128)] "currentLatencynow: 61.271", source: file:///home/seluser/ppt/player/dashjs/index.html (128)
[230:230:0130/100906.093671:INFO:CONSOLE(128)] "currentLatencynow: 62.271", source: file:///home/seluser/ppt/player/dashjs/index.html (128)
[230:230:0130/100907.093664:INFO:CONSOLE(128)] "currentLatencynow: 63.271", source: file:///home/seluser/ppt/player/dashjs/index.html (128)
[230:230:0130/100908.093621:INFO:CONSOLE(128)] "currentLatencynow: 64.271", source: file:///home/seluser/ppt/player/dashjs/index.html (128)
[230:230:0130/100909.093572:INFO:CONSOLE(128)] "currentLatencynow: 65.271", source: file:///home/seluser/ppt/player/dashjs/index.html (128)
[303:339:0130/100909.291040:ERROR:simple_index_file.cc(310)] Failed to write the temporary index file
[230:230:0130/100910.093553:INFO:CONSOLE(128)] "currentLatencynow: 66.271", source: file:///home/seluser/ppt/player/dashjs/index.html (128)
[230:230:0130/100911.093524:INFO:CONSOLE(128)] "currentLatencynow: 67.271", source: file:///home/seluser/ppt/player/dashjs/index.html (128)
[230:230:0130/100912.093598:INFO:CONSOLE(128)] "currentLatencynow: 68.271", source: file:///home/seluser/ppt/player/dashjs/index.html (128)
[230:230:0130/100913.093588:INFO:CONSOLE(128)] "currentLatencynow: 69.271", source: file:///home/seluser/ppt/player/dashjs/index.html (128)
[230:230:0130/100914.093493:INFO:CONSOLE(128)] "currentLatencynow: 70.271", source: file:///home/seluser/ppt/player/dashjs/index.html (128)
[230:230:0130/100915.093585:INFO:CONSOLE(128)] "currentLatencynow: 71.271", source: file:///home/seluser/ppt/player/dashjs/index.html (128)
[230:230:0130/100916.093553:INFO:CONSOLE(128)] "currentLatencynow: 72.271", source: file:///home/seluser/ppt/player/dashjs/index.html (128)
[230:230:0130/100917.093563:INFO:CONSOLE(128)] "currentLatencynow: 73.271", source: file:///home/seluser/ppt/player/dashjs/index.html (128)
[230:230:0130/100918.093567:INFO:CONSOLE(128)] "currentLatencynow: 74.271", source: file:///home/seluser/ppt/player/dashjs/index.html (128)
[230:230:0130/100919.093925:INFO:CONSOLE(128)] "currentLatencynow: 75.271", source: file:///home/seluser/ppt/player/dashjs/index.html (128)
[230:230:0130/100920.093544:INFO:CONSOLE(128)] "currentLatencynow: 76.271", source: file:///home/seluser/ppt/player/dashjs/index.html (128)
[230:230:0130/100921.093707:INFO:CONSOLE(128)] "currentLatencynow: 77.271", source: file:///home/seluser/ppt/player/dashjs/index.html (128)
[230:230:0130/100922.093675:INFO:CONSOLE(128)] "currentLatencynow: 7[230:230:0130/101059.093642:INFO:CONSOLE(128)] "currentLatencynow: 175.271", source: file:///home/seluser/ppt/player/dashjs/index.html (128)
[230:230:0130/101100.093633:INFO:CONSOLE(128)] "currentLatencynow: 176.271", source: file:///home/seluser/ppt/player/dashjs/index.html (128)
[230:230:0130/101101.093656:INFO:CONSOLE(128)] "currentLatencynow: 177.271", source: file:///home/seluser/ppt/player/dashjs/index.html (128)
[230:230:0130/101102.093580:INFO:CONSOLE(128)] "currentLatencynow: 178.271", source: file:///home/seluser/ppt/player/dashjs/index.html (128)
[230:230:0130/101102.317257:WARNING:pref_notifier_impl.cc(40)] Pref observer for media_router.cast_allow_all_ips found at shutdown.
