[229:292:0130/101333.050862:ERROR:bus.cc(392)] Failed to connect to the bus: Failed to connect to socket /var/run/dbus/system_bus_socket: No such file or directory
[229:255:0130/101333.054213:ERROR:bus.cc(392)] Failed to connect to the bus: Address does not contain a colon
[229:255:0130/101333.055471:ERROR:bus.cc(392)] Failed to connect to the bus: Address does not contain a colon
[229:255:0130/101333.066219:ERROR:bus.cc(392)] Failed to connect to the bus: Address does not contain a colon
[229:255:0130/101333.066268:ERROR:bus.cc(392)] Failed to connect to the bus: Address does not contain a colon
[301:301:0130/101333.069043:ERROR:gpu_init.cc(453)] Passthrough is not supported, GL is swiftshader, ANGLE is 
[229:255:0130/101333.090369:ERROR:bus.cc(392)] Failed to connect to the bus: Address does not contain a colon
[229:255:0130/101333.090410:ERROR:bus.cc(392)] Failed to connect to the bus: Address does not contain a colon
[229:395:0130/101333.207450:ERROR:bus.cc(392)] Failed to connect to the bus: Failed to connect to socket /var/run/dbus/system_bus_socket: No such file or directory
[229:395:0130/101333.207515:ERROR:bus.cc(392)] Failed to connect to the bus: Failed to connect to socket /var/run/dbus/system_bus_socket: No such file or directory
[229:395:0130/101333.207572:ERROR:bus.cc(392)] Failed to connect to the bus: Failed to connect to socket /var/run/dbus/system_bus_socket: No such file or directory
[229:395:0130/101333.207590:WARNING:property.cc(144)] DaemonVersion: GetAndBlock: failed.
[229:395:0130/101333.207642:ERROR:bus.cc(392)] Failed to connect to the bus: Failed to connect to socket /var/run/dbus/system_bus_socket: No such file or directory
[229:395:0130/101333.207697:ERROR:bus.cc(392)] Failed to connect to the bus: Failed to connect to socket /var/run/dbus/system_bus_socket: No such file or directory
[440:440:0130/101334.352836:WARNING:audio_manager_linux.cc(69)] Falling back to ALSA for audio output. PulseAudio is not available or could not be initialized.
[440:440:0130/101334.357858:ERROR:alsa_util.cc(204)] PcmOpen: default,No such file or directory
[440:440:0130/101334.357958:ERROR:alsa_util.cc(204)] PcmOpen: plug:default,No such file or directory
[229:229:0130/101334.475436:INFO:CONSOLE(128)] "currentLatencynow: 4.743", source: file:///home/seluser/ppt/player/dashjs/index.html (128)
[229:251:0130/101335.295906:ERROR:chrome_browser_main_extra_parts_metrics.cc(228)] crbug.com/1216328: Checking Bluetooth availability started. Please report if there is no report that this ends.
[229:251:0130/101335.295971:ERROR:chrome_browser_main_extra_parts_metrics.cc(231)] crbug.com/1216328: Checking Bluetooth availability ended.
[229:251:0130/101335.295989:ERROR:chrome_browser_main_extra_parts_metrics.cc(234)] crbug.com/1216328: Checking default browser status started. Please report if there is no report that this ends.
[229:229:0130/101335.475132:INFO:CONSOLE(128)] "currentLatencynow: 5.742", source: file:///home/seluser/ppt/player/dashjs/index.html (128)
[229:251:0130/101335.486593:ERROR:chrome_browser_main_extra_parts_metrics.cc(238)] crbug.com/1216328: Checking default browser status ended.
[229:229:0130/101336.475267:INFO:CONSOLE(128)] "currentLatencynow: 6.742", source: file:///home/seluser/ppt/player/dashjs/index.html (128)
[229:229:0130/101337.475246:INFO:CONSOLE(128)] "currentLatencynow: 7.742", source: file:///home/seluser/ppt/player/dashjs/index.html (128)
[229:229:0130/101338.476503:INFO:CONSOLE(128)] "currentLatencynow: 8.743", source: file:///home/seluser/ppt/player/dashjs/index.html (128)
[229:229:0130/101339.475141:INFO:CONSOLE(128)] "currentLatencynow: 9.742", source: file:///home/seluser/ppt/player/dashjs/index.html (128)
[229:255:0130/101339.997448:ERROR:bus.cc(392)] Failed to connect to the bus: Address does not contain a colon
[229:255:0130/101339.997513:ERROR:bus.cc(392)] Failed to connect to the bus: Address does not contain a colon
[229:255:0130/101339.997530:ERROR:bus.cc(392)] Failed to connect to the bus: Address does not contain a colon
[229:255:0130/101339.997543:ERROR:bus.cc(392)] Failed to connect to the bus: Address does not contain a colon
[229:255:0130/101339.997569:ERROR:bus.cc(392)] Failed to connect to the bus: Address does not contain a colon
[229:255:0130/101339.997585:ERROR:bus.cc(392)] Failed to connect to the bus: Address does not contain a colon
[229:255:0130/101339.997598:ERROR:bus.cc(392)] Failed to connect to the bus: Address does not contain a colon
[229:255:0130/101339.997610:ERROR:bus.cc(392)] Failed to connect to the bus: Address does not contain a colon
[229:255:0130/101339.997622:ERROR:bus.cc(392)] Failed to connect to the bus: Address does not contain a colon
[229:255:0130/101339.997657:ERROR:bus.cc(392)] Failed to connect to the bus: Address does not contain a colon
[229:255:0130/101339.997671:ERROR:bus.cc(392)] Failed to connect to the bus: Address does not contain a colon
[229:255:0130/101339.997683:ERROR:bus.cc(392)] Failed to connect to the bus: Address does not contain a colon
[229:255:0130/101339.997694:ERROR:bus.cc(392)] Failed to connect to the bus: Address does not contain a colon
[229:255:0130/101339.997706:ERROR:bus.cc(392)] Failed to connect to the bus: Address does not contain a colon
[229:255:0130/101340.002108:ERROR:bus.cc(392)] Failed to connect to the bus: Address does not contain a colon
[229:255:0130/101340.002186:ERROR:bus.cc(392)] Failed to connect to the bus: Address does not contain a colon
[229:255:0130/101340.002241:ERROR:bus.cc(392)] Failed to connect to the bus: Address does not contain a colon
[229:255:0130/101340.034794:ERROR:bus.cc(392)] Failed to connect to the bus: Address does not contain a colon
[229:255:0130/101340.034847:ERROR:bus.cc(392)] Failed to connect to the bus: Address does not contain a colon
[229:229:0130/101340.475185:INFO:CONSOLE(128)] "currentLatencynow: 10.304", source: file:///home/seluser/ppt/player/dashjs/index.html (128)
[229:229:0130/101341.475347:INFO:CONSOLE(128)] "currentLatencynow: 10.203", source: file:///home/seluser/ppt/player/dashjs/index.html (128)
[229:229:0130/101342.475246:INFO:CONSOLE(128)] "currentLatencynow: 10.677", source: file:///home/seluser/ppt/player/dashjs/index.html (128)
[229:229:0130/101343.475387:INFO:CONSOLE(128)] "currentLatencynow: 11.677", source: file:///home/seluser/ppt/player/dashjs/index.html (128)
[229:255:0130/101344.307628:ERROR:bus.cc(392)] Failed to connect to the bus: Address does not contain a colon
[229:255:0130/101344.307724:ERROR:bus.cc(392)] Failed to connect to the bus: Address does not contain a colon
[229:229:0130/101344.475215:INFO:CONSOLE(128)] "currentLatencynow: 12.431", source: file:///home/seluser/ppt/player/dashjs/index.html (128)
[229:229:0130/101345.475158:INFO:CONSOLE(128)] "currentLatencynow: 12.331", source: file:///home/seluser/ppt/player/dashjs/index.html (128)
[229:229:0130/101346.475156:INFO:CONSOLE(128)] "currentLatencynow: 12.23", source: file:///home/seluser/ppt/player/dashjs/index.html (128)
[229:229:0130/101347.475136:INFO:CONSOLE(128)] "currentLatencynow: 12.13", source: file:///home/seluser/ppt/player/dashjs/index.html (128)
[229:229:0130/101348.475235:INFO:CONSOLE(128)] "currentLatencynow: 12.03", source: file:///home/seluser/ppt/player/dashjs/index.html (128)
[229:229:0130/101349.475171:INFO:CONSOLE(128)] "currentLatencynow: 11.93", source: file:///home/seluser/ppt/player/dashjs/index.html (128)
[229:229:0130/101350.475192:INFO:CONSOLE(128)] "currentLatencynow: 11.83", source: file:///home/seluser/ppt/player/dashjs/index.html (128)
[229:229:0130/101351.475143:INFO:CONSOLE(128)] "currentLatencynow: 11.73", source: file:///home/seluser/ppt/player/dashjs/index.html (128)
[229:229:0130/101352.475230:INFO:CONSOLE(128)] "currentLatencynow: 11.631", source: file:///home/seluser/ppt/player/dashjs/index.html (128)
[229:229:0130/101353.475159:INFO:CONSOLE(128)] "currentLatencynow: 11.531", source: file:///home/seluser/ppt/player/dashjs/index.html (128)
[229:229:0130/101354.475207:INFO:CONSOLE(128)] "currentLatencynow: 11.431", source: file:///home/seluser/ppt/player/dashjs/index.html (128)
[229:229:0130/101355.475219:INFO:CONSOLE(128)] "currentLatencynow: 11.33", source: file:///home/seluser/ppt/player/dashjs/index.html (128)
[229:229:0130/101356.475138:INFO:CONSOLE(128)] "currentLatencynow: 11.23", source: file:///home/seluser/ppt/player/dashjs/index.html (128)
[229:229:0130/101357.475173:INFO:CONSOLE(128)] "currentLatencynow: 11.131", source: file:///home/seluser/ppt/player/dashjs/index.html (128)
[229:229:0130/101358.475231:INFO:CONSOLE(128)] "currentLatencynow: 11.03", source: file:///home/seluser/ppt/player/dashjs/index.html (128)
[229:229:0130/101359.475245:INFO:CONSOLE(128)] "currentLatencynow: 10.93", source: file:///home/seluser/ppt/player/dashjs/index.html (128)
[229:229:0130/101400.475145:INFO:CONSOLE(128)] "currentLatencynow: 10.83", source: file:///home/seluser/ppt/player/dashjs/index.html (128)
[229:229:0130/101401.475182:INFO:CONSOLE(128)] "currentLatencynow: 10.731", source: file:///home/seluser/ppt/player/dashjs/index.html (128)
[229:229:0130/101402.475176:INFO:CONSOLE(128)] "currentLatencynow: 10.63", source: file:///home/seluser/ppt/player/dashjs/index.html (128)
[229:229:0130/101403.475330:INFO:CONSOLE(128)] "currentLatencynow: 10.531", source: file:///home/seluser/ppt/player/dashjs/index.html (128)
[229:229:0130/101404.475195:INFO:CONSOLE(128)] "currentLatencynow: 10.43", source: file:///home/seluser/ppt/player/dashjs/index.html (128)
[229:229:0130/101405.475174:INFO:CONSOLE(128)] "currentLatencynow: 10.331", source: file:///home/seluser/ppt/player/dashjs/index.html (128)
[229:229:0130/101406.475218:INFO:CONSOLE(128)] "currentLatencynow: 10.23", source: file:///home/seluser/ppt/player/dashjs/index.html (128)
[229:229:0130/101407.475134:INFO:CONSOLE(128)] "currentLatencynow: 10.13", source: file:///home/seluser/ppt/player/dashjs/index.html (128)
[229:229:0130/101408.475271:INFO:CONSOLE(128)] "currentLatencynow: 10.031", source: file:///home/seluser/ppt/player/dashjs/index.html (128)
[229:229:0130/101409.475186:INFO:CONSOLE(128)] "currentLatencynow: 9.931", source: file:///home/seluser/ppt/player/dashjs/index.html (128)
[229:229:0130/101410.475214:INFO:CONSOLE(128)] "currentLatencynow: 9.901", source: file:///home/seluser/ppt/player/dashjs/index.html (128)
[229:229:0130/101411.475177:INFO:CONSOLE(128)] "currentLatencynow: 9.901", source: file:///home/seluser/ppt/player/dashjs/index.html (128)
[229:229:0130/101412.475238:INFO:CONSOLE(128)] "currentLatencynow: 9.852", source: file:///home/seluser/ppt/player/dashjs/index.html (128)
[229:229:0130/101413.475201:INFO:CONSOLE(128)] "currentLatencynow: 9.752", source: file:///home/seluser/ppt/player/dashjs/index.html (128)
[229:229:0130/101414.475186:INFO:CONSOLE(128)] "currentLatencynow: 9.652", source: file:///home/seluser/ppt/player/dashjs/index.html (128)
[229:229:0130/101415.475146:INFO:CONSOLE(128)] "currentLatencynow: 9.552", source: file:///home/seluser/ppt/player/dashjs/index.html (128)
[229:229:0130/101416.475163:INFO:CONSOLE(128)] "currentLatencynow: 9.452", source: file:///home/seluser/ppt/player/dashjs/index.html (128)
[229:229:0130/101417.475077:INFO:CONSOLE(128)] "currentLatencynow: 9.352", source: file:///home/seluser/ppt/player/dashjs/index.html (128)
[229:229:0130/101418.475297:INFO:CONSOLE(128)] "currentLatencynow: 9.252", source: file:///home/seluser/ppt/player/dashjs/index.html (128)
[229:229:0130/101419.475171:INFO:CONSOLE(128)] "currentLatencynow: 9.152", source: file:///home/seluser/ppt/player/dashjs/index.html (128)
[229:229:0130/101420.475151:INFO:CONSOLE(128)] "currentLatencynow: 9.052", source: file:///home/seluser/ppt/player/dashjs/index.html (128)
[229:229:0130/101421.475134:INFO:CONSOLE(128)] "currentLatencynow: 8.952", source: file:///home/seluser/ppt/player/dashjs/index.html (128)
[229:229:0130/101422.475283:INFO:CONSOLE(128)] "currentLatencynow: 8.852", source: file:///home/seluser/ppt/player/dashjs/index.html (128)
[229:229:0130/101423.475301:INFO:CONSOLE(128)] "currentLatencynow: 8.752", source: file:///home/seluser/ppt/player/dashjs/index.html (128)
[229:229:0130/101424.475406:INFO:CONSOLE(128)] "currentLatencynow: 8.652", source: file:///home/seluser/ppt/player/dashjs/index.html (128)
[229:229:0130/101425.475158:INFO:CONSOLE(128)] "currentLatencynow: 8.552", source: file:///home/seluser/ppt/player/dashjs/index.html (128)
[229:229:0130/101426.475141:INFO:CONSOLE(128)] "currentLatencynow: 8.452", source: file:///home/seluser/ppt/player/dashjs/index.html (128)
[229:229:0130/101427.475265:INFO:CONSOLE(128)] "currentLatencynow: 8.352", source: file:///home/seluser/ppt/player/dashjs/index.html (128)
[229:229:0130/101428.475292:INFO:CONSOLE(128)] "currentLatencynow: 8.252", source: file:///home/seluser/ppt/player/dashjs/index.html (128)
[229:229:0130/101429.475728:INFO:CONSOLE(128)] "currentLatencynow: 8.153", source: file:///home/seluser/ppt/player/dashjs/index.html (128)
[229:229:0130/101430.475140:INFO:CONSOLE(128)] "currentLatencynow: 8.052", source: file:///home/seluser/ppt/player/dashjs/index.html (128)
[229:229:0130/101431.475190:INFO:CONSOLE(128)] "currentLatencynow: 7.952", source: file:///home/seluser/ppt/player/dashjs/index.html (128)
[229:229:0130/101432.475211:INFO:CONSOLE(128)] "currentLatencynow: 7.853", source: file:///home/seluser/ppt/player/dashjs/index.html (128)
[229:229:0130/101433.475134:INFO:CONSOLE(128)] "currentLatencynow: 7.752", source: file:///home/seluser/ppt/player/dashjs/index.html (128)
[229:229:0130/101434.475326:INFO:CONSOLE(128)] "currentLatencynow: 7.652", source: file:///home/seluser/ppt/player/dashjs/index.html (128)
[229:229:0130/101435.475281:INFO:CONSOLE(128)] "currentLatencynow: 7.552", source: file:///home/seluser/ppt/player/dashjs/index.html (128)
[229:229:0130/101436.475002:INFO:CONSOLE(128)] "currentLatencynow: 7.452", source: file:///home/seluser/ppt/player/dashjs/index.html (128)
[229:229:0130/101437.475278:INFO:CONSOLE(128)] "currentLatencynow: 7.352", source: file:///home/seluser/ppt/player/dashjs/index.html (128)
[229:229:0130/101438.475132:INFO:CONSOLE(128)] "currentLatencynow: 7.252", source: file:///home/seluser/ppt/player/dashjs/index.html (128)
[229:229:0130/101439.475311:INFO:CONSOLE(128)] "currentLatencynow: 7.152", source: file:///home/seluser/ppt/player/dashjs/index.html (128)
[229:229:0130/101440.475203:INFO:CONSOLE(128)] "currentLatencynow: 7.052", source: file:///home/seluser/ppt/player/dashjs/index.html (128)
[229:229:0130/101441.475225:INFO:CONSOLE(128)] "currentLatencynow: 6.952", source: file:///home/seluser/ppt/player/dashjs/index.html (128)
[229:229:0130/101442.475143:INFO:CONSOLE(128)] "currentLatencynow: 6.852", source: file:///home/seluser/ppt/player/dashjs/index.html (128)
[229:229:0130/101443.475259:INFO:CONSOLE(128)] "currentLatencynow: 6.752", source: file:///home/seluser/ppt/player/dashjs/index.html (128)
[229:229:0130/101444.475308:INFO:CONSOLE(128)] "currentLatencynow: 6.652", source: file:///home/seluser/ppt/player/dashjs/index.html (128)
[229:229:0130/101445.475329:INFO:CONSOLE(128)] "currentLatencynow: 6.552", source: file:///home/seluser/ppt/player/dashjs/index.html (128)
[229:229:0130/101446.475090:INFO:CONSOLE(128)] "currentLatencynow: 6.452", source: file:///home/seluser/ppt/player/dashjs/index.html (128)
[229:229:0130/101447.475136:INFO:CONSOLE(128)] "currentLatencynow: 6.352", source: file:///home/seluser/ppt/player/dashjs/index.html (128)
[229:229:0130/101448.475094:INFO:CONSOLE(128)] "currentLatencynow: 6.252", source: file:///home/seluser/ppt/player/dashjs/index.html (128)
[229:229:0130/101449.475219:INFO:CONSOLE(128)] "currentLatencynow: 6.152", source: file:///home/seluser/ppt/player/dashjs/index.html (128)
[229:229:0130/101450.475053:INFO:CONSOLE(128)] "currentLatencynow: 6.052", source: file:///home/seluser/ppt/player/dashjs/index.html (128)
[229:229:0130/101451.475229:INFO:CONSOLE(128)] "currentLatencynow: 5.952", source: file:///home/seluser/ppt/player/dashjs/index.html (128)
[229:229:0130/101452.475113:INFO:CONSOLE(128)] "currentLatencynow: 5.852", source: file:///home/seluser/ppt/player/dashjs/index.html (128)
[229:229:0130/101453.475304:INFO:CONSOLE(128)] "currentLatencynow: 5.752", source: file:///home/seluser/ppt/player/dashjs/index.html (128)
[229:229:0130/101454.475087:INFO:CONSOLE(128)] "currentLatencynow: 5.652", source: file:///home/seluser/ppt/player/dashjs/index.html (128)
[229:229:0130/101455.475249:INFO:CONSOLE(128)] "currentLatencynow: 5.552", source: file:///home/seluser/ppt/player/dashjs/index.html (128)
[229:229:0130/101456.475211:INFO:CONSOLE(128)] "currentLatencynow: 5.452", source: file:///home/seluser/ppt/player/dashjs/index.html (128)
[229:229:0130/101457.475160:INFO:CONSOLE(128)] "currentLatencynow: 5.352", source: file:///home/seluser/ppt/player/dashjs/index.html (128)
[229:229:0130/101458.475217:INFO:CONSOLE(128)] "currentLatencynow: 5.252", source: file:///home/seluser/ppt/player/dashjs/index.html (128)
[229:229:0130/101459.475126:INFO:CONSOLE(128)] "currentLatencynow: 5.152", source: file:///home/seluser/ppt/player/dashjs/index.html (128)
[229:229:0130/101500.475149:INFO:CONSOLE(128)] "currentLatencynow: 5.052", source: file:///home/seluser/ppt/player/dashjs/index.html (128)
[229:229:0130/101501.475187:INFO:CONSOLE(128)] "currentLatencynow: 4.952", source: file:///home/seluser/ppt/player/dashjs/index.html (128)
[229:229:0130/101502.475046:INFO:CONSOLE(128)] "currentLatencynow: 4.852", source: file:///home/seluser/ppt/player/dashjs/index.html (128)
[229:229:0130/101503.475434:INFO:CONSOLE(128)] "currentLatencynow: 4.752", source: file:///home/seluser/ppt/player/dashjs/index.html (128)
[229:229:0130/101504.475059:INFO:CONSOLE(128)] "currentLatencynow: 4.652", source: file:///home/seluser/ppt/player/dashjs/index.html (128)
[229:229:0130/101505.475181:INFO:CONSOLE(128)] "currentLatencynow: 4.552", source: file:///home/seluser/ppt/player/dashjs/index.html (128)
[229:229:0130/101506.475102:INFO:CONSOLE(128)] "currentLatencynow: 4.452", source: file:///home/seluser/ppt/player/dashjs/index.html (128)
[229:229:0130/101507.475150:INFO:CONSOLE(128)] "currentLatencynow: 4.367", source: file:///home/seluser/ppt/player/dashjs/index.html (128)
[229:229:0130/101508.475018:INFO:CONSOLE(128)] "currentLatencynow: 4.288", source: file:///home/seluser/ppt/player/dashjs/index.html (128)
[229:229:0130/101509.475164:INFO:CONSOLE(128)] "currentLatencynow: 4.223", source: file:///home/seluser/ppt/player/dashjs/index.html (128)
[229:229:0130/101510.474987:INFO:CONSOLE(128)] "currentLatencynow: 4.164", source: file:///home/seluser/ppt/player/dashjs/index.html (128)
[229:229:0130/101511.475255:INFO:CONSOLE(128)] "currentLatencynow: 4.121", source: file:///home/seluser/ppt/player/dashjs/index.html (128)
[229:229:0130/101512.475148:INFO:CONSOLE(128)] "currentLatencynow: 4.085", source: file:///home/seluser/ppt/player/dashjs/index.html (128)
[229:229:0130/101513.475342:INFO:CONSOLE(128)] "currentLatencynow: 4.054", source: file:///home/seluser/ppt/player/dashjs/index.html (128)
[229:229:0130/101514.475156:INFO:CONSOLE(128)] "currentLatencynow: 4.039", source: file:///home/seluser/ppt/player/dashjs/index.html (128)
[229:229:0130/101515.475241:INFO:CONSOLE(128)] "currentLatencynow: 4.024", source: file:///home/seluser/ppt/player/dashjs/index.html (128)
[229:229:0130/101516.475075:INFO:CONSOLE(128)] "currentLatencynow: 4.016", source: file:///home/seluser/ppt/player/dashjs/index.html (128)
[229:229:0130/101517.475222:INFO:CONSOLE(128)] "currentLatencynow: 4.016", source: file:///home/seluser/ppt/player/dashjs/index.html (128)
[229:229:0130/101518.475196:INFO:CONSOLE(128)] "currentLatencynow: 4.016", source: file:///home/seluser/ppt/player/dashjs/index.html (128)
[229:229:0130/101519.475241:INFO:CONSOLE(128)] "currentLatencynow: 4.016", source: file:///home/seluser/ppt/player/dashjs/index.html (128)
[229:229:0130/101520.475088:INFO:CONSOLE(128)] "currentLatencynow: 4.016", source: file:///home/seluser/ppt/player/dashjs/index.html (128)
[229:229:0130/101521.475206:INFO:CONSOLE(128)] "currentLatencynow: 4.016", source: file:///home/seluser/ppt/player/dashjs/index.html (128)
[229:229:0130/101522.475284:INFO:CONSOLE(128)] "currentLatencynow: 4.016", source: file:///home/seluser/ppt/player/dashjs/index.html (128)
[229:229:0130/101523.475237:INFO:CONSOLE(128)] "currentLatencynow: 4.016", source: file:///home/seluser/ppt/player/dashjs/index.html (128)
[229:229:0130/101524.475042:INFO:CONSOLE(128)] "currentLatencynow: 4.016", source: file:///home/seluser/ppt/player/dashjs/index.html (128)
[229:229:0130/101525.475238:INFO:CONSOLE(128)] "currentLatencynow: 4.016", source: file:///home/seluser/ppt/player/dashjs/index.html (128)
[229:229:0130/101526.475060:INFO:CONSOLE(128)] "currentLatencynow: 4.016", source: file:///home/seluser/ppt/player/dashjs/index.html (128)
[229:229:0130/101527.475220:INFO:CONSOLE(128)] "currentLatencynow: 4.016", source: file:///home/seluser/ppt/player/dashjs/index.html (128)
[229:229:0130/101528.475175:INFO:CONSOLE(128)] "currentLatencynow: 4.016", source: file:///home/seluser/ppt/player/dashjs/index.html (128)
[229:229:0130/101529.475057:INFO:CONSOLE(128)] "currentLatencynow: 4.016", source: file:///home/seluser/ppt/player/dashjs/index.html (128)
[229:229:0130/101530.475220:INFO:CONSOLE(128)] "currentLatencynow: 4.016", source: file:///home/seluser/ppt/player/dashjs/index.html (128)
[229:229:0130/101531.475018:INFO:CONSOLE(128)] "currentLatencynow: 4.016", source: file:///home/seluser/ppt/player/dashjs/index.html (128)
[229:229:0130/101532.475373:INFO:CONSOLE(128)] "currentLatencynow: 4.016", source: file:///home/seluser/ppt/player/dashjs/index.html (128)
[229:229:0130/101533.475351:INFO:CONSOLE(114)] "Begin Player stistics 
", source: file:///home/seluser/ppt/player/dashjs/index.html (114)
[229:229:0130/101533.475685:INFO:CONSOLE(115)] "["stall",[["0.93","6.68",5.75]],[["8.64","8.89",0.25]],[["availibleBW",[null],[null],[null],[null],[null],[371],[371],[371],[372],[372],[380],[533],[623],[746],[987],[986],[986],[986],[986],[1110],[1234],[1357],[1605],[1605],[1605],[1605],[1605],[1604],[1604],[1604],[1728],[1851],[1974],[1974],[2221],[2221],[2222],[2222],[2220],[2374],[2528],[2681],[2681],[2836],[2835],[2835],[2836],[2831],[2831],[2831],[2830],[2986],[2986],[3140],[3140],[3301],[3457],[3456],[3456],[3458],[3458],[3608],[3608],[3762],[3762],[3918],[4075],[4077],[4077],[4076],[4076],[4230],[4230],[4375],[4375],[4515],[4515],[4669],[4669],[4811],[4811],[4978],[4978],[5148],[5148],[5288],[5288],[5302],[5302],[5271],[5271],[5409],[5409],[5559],[5559],[5696],[5696],[5784],[5784],[5963],[5963],[6102],[6102],[6263],[6263],[6464],[6464],[6453],[6453],[6598],[6598],[6751],[6751],[6888],[6888],[7031],[7031],[7080],[7080]]],[["currentBuffer",[0],[0],[0],[0],[0],[0.145],[0],[0],[0.081],[0.081],[1.86],[2.762],[3.664],[4.566],[5.458],[6.37],[7.272],[6.172],[5.072],[3.957],[4.874],[5.776],[6.678],[7.58],[8.482],[9.384],[8.284],[9.186],[8.086],[6.986],[5.886],[4.786],[3.686],[2.586],[1.486],[0.386],[1.356],[0.356],[1.312],[2.214],[3.116],[4.018],[2.918],[3.82],[4.722],[5.624],[6.526],[7.428],[6.328],[5.228],[6.13],[7.021],[5.932],[6.834],[5.734],[6.635],[5.524],[6.438],[5.338],[6.24],[5.14],[6.042],[4.942],[5.844],[4.744],[5.646],[4.546],[5.448],[4.348],[5.25],[4.14],[5.052],[3.952],[4.854],[3.754],[4.656],[3.556],[4.458],[3.358],[4.26],[3.16],[4.062],[2.962],[3.864],[2.764],[3.666],[2.566],[3.468],[2.368],[3.27],[2.17],[3.072],[1.972],[2.888],[1.809],[2.745],[1.687],[2.645],[1.609],[2.579],[1.564],[2.551],[1.543],[2.545],[1.545],[2.547],[1.547],[2.549],[1.549],[2.551],[1.551],[2.553],[1.553],[2.555],[1.555],[2.557],[1.557],[2.559],[1.559]]],[["currentLatency",[4.743],[5.742],[6.742],[7.742],[8.743],[9.742],[10.304],[10.203],[10.677],[11.677],[12.431],[12.331],[12.23],[12.13],[12.03],[11.93],[11.83],[11.73],[11.631],[11.531],[11.431],[11.33],[11.23],[11.131],[11.03],[10.93],[10.83],[10.731],[10.63],[10.531],[10.43],[10.331],[10.23],[10.13],[10.031],[9.931],[9.901],[9.901],[9.852],[9.752],[9.652],[9.552],[9.452],[9.352],[9.252],[9.152],[9.052],[8.952],[8.852],[8.752],[8.652],[8.552],[8.452],[8.352],[8.252],[8.153],[8.052],[7.952],[7.853],[7.752],[7.652],[7.552],[7.452],[7.352],[7.252],[7.152],[7.052],[6.952],[6.852],[6.752],[6.652],[6.552],[6.452],[6.352],[6.252],[6.152],[6.052],[5.952],[5.852],[5.752],[5.652],[5.552],[5.452],[5.352],[5.252],[5.152],[5.052],[4.952],[4.852],[4.752],[4.652],[4.552],[4.452],[4.367],[4.288],[4.223],[4.164],[4.121],[4.085],[4.054],[4.039],[4.024],[4.016],[4.016],[4.016],[4.016],[4.016],[4.016],[4.016],[4.016],[4.016],[4.016],[4.016],[4.016],[4.016],[4.016],[4.016],[4.016],[4.016]]]]", source: file:///home/seluser/ppt/player/dashjs/index.html (115)
[229:229:0130/101533.475783:INFO:CONSOLE(116)] "
", source: file:///home/seluser/ppt/player/dashjs/index.html (116)
[229:229:0130/101533.475810:INFO:CONSOLE(117)] "Finish Player stistics 
", source: file:///home/seluser/ppt/player/dashjs/index.html (117)
[229:229:0130/101533.475913:INFO:CONSOLE(128)] "currentLatencynow: 4.016", source: file:///home/seluser/ppt/player/dashjs/index.html (128)
[229:229:0130/101534.475028:INFO:CONSOLE(128)] "currentLatencynow: 4.016", source: file:///home/seluser/ppt/player/dashjs/index.html (128)
[229:229:0130/101535.475223:INFO:CONSOLE(128)] "currentLatencynow: 4.016", source: file:///home/seluser/ppt/player/dashjs/index.html (128)
[229:229:0130/101536.475055:INFO:CONSOLE(128)] "currentLatencynow: 4.016", source: file:///home/seluser/ppt/player/dashjs/index.html (128)
[229:229:0130/101537.475057:INFO:CONSOLE(128)] "currentLatencynow: 4.016", source: file:///home/seluser/ppt/player/dashjs/index.html (128)
[229:229:0130/101538.475068:INFO:CONSOLE(128)] "currentLatencynow: 4.016", source: file:///home/seluser/ppt/player/dashjs/index.html (128)
[229:229:0130/101539.475205:INFO:CONSOLE(128)] "currentLatencynow: 4.016", source: file:///home/seluser/ppt/player/dashjs/index.html (128)
[229:229:0130/101540.475117:INFO:CONSOLE(128)] "currentLatencynow: 4.016", source: file:///home/seluser/ppt/player/dashjs/index.html (128)
[229:229:0130/101541.475009:INFO:CONSOLE(128)] "currentLatencynow: 4.016", source: file:///home/seluser/ppt/player/dashjs/index.html (128)
[229:229:0130/101542.475026:INFO:CONSOLE(128)] "currentLatencynow: 4.016", source: file:///home/seluser/ppt/player/dashjs/index.html (128)
[229:229:0130/101543.475175:INFO:CONSOLE(128)] "currentLatencynow: 4.016", source: file:///home/seluser/ppt/player/dashjs/index.html (128)
[229:229:0130/101544.475153:INFO:CONSOLE(128)] "currentLatencynow: 4.016", source: file:///home/seluser/ppt/player/dashjs/index.html (128)
[229:229:0130/101545.475046:INFO:CONSOLE(128)] "currentLatencynow: 4.016", source: file:///home/seluser/ppt/player/dashjs/index.html (128)
[229:229:0130/101546.475172:INFO:CONSOLE(128)] "currentLatencynow: 4.016", source: file:///home/seluser/ppt/player/dashjs/index.html (128)
[229:229:0130/101547.474996:INFO:CONSOLE(128)] "currentLatencynow: 4.016", source: file:///home/seluser/ppt/player/dashjs/index.html (128)
[229:229:0130/101548.475147:INFO:CONSOLE(128)] "currentLatencynow: 4.457", source: file:///home/seluser/ppt/player/dashjs/index.html (128)
[229:229:0130/101549.475178:INFO:CONSOLE(128)] "currentLatencynow: 5.457", source: file:///home/seluser/ppt/player/dashjs/index.html (128)
[229:229:0130/101550.475472:INFO:CONSOLE(128)] "currentLatencynow: 6.457", source: file:///home/seluser/ppt/player/dashjs/index.html (128)
[229:255:0130/101550.827073:ERROR:bus.cc(392)] Failed to connect to the bus: Address does not contain a colon
[229:255:0130/101550.827182:ERROR:bus.cc(392)] Failed to connect to the bus: Address does not contain a colon
[229:229:0130/101551.475152:INFO:CONSOLE(128)] "currentLatencynow: 6.766", source: file:///home/seluser/ppt/player/dashjs/index.html (128)
[229:229:0130/101552.475204:INFO:CONSOLE(128)] "currentLatencynow: 6.766", source: file:///home/seluser/ppt/player/dashjs/index.html (128)
[229:229:0130/101553.475008:INFO:CONSOLE(128)] "currentLatencynow: 6.766", source: file:///home/seluser/ppt/player/dashjs/index.html (128)
[229:229:0130/101554.475183:INFO:CONSOLE(128)] "currentLatencynow: 6.753", source: file:///home/seluser/ppt/player/dashjs/index.html (128)
[229:229:0130/101555.475023:INFO:CONSOLE(128)] "currentLatencynow: 6.653", source: file:///home/seluser/ppt/player/dashjs/index.html (128)
[229:229:0130/101556.475234:INFO:CONSOLE(128)] "currentLatencynow: 6.553", source: file:///home/seluser/ppt/player/dashjs/index.html (128)
[229:229:0130/101557.475033:INFO:CONSOLE(128)] "currentLatencynow: 6.453", source: file:///home/seluser/ppt/player/dashjs/index.html (128)
[229:229:0130/101558.475295:INFO:CONSOLE(128)] "currentLatencynow: 6.353", source: file:///home/seluser/ppt/player/dashjs/index.html (128)
[229:229:0130/101559.475225:INFO:CONSOLE(128)] "currentLatencynow: 6.253", source: file:///home/seluser/ppt/player/dashjs/index.html (128)
[229:229:0130/101600.475154:INFO:CONSOLE(128)] "currentLatencynow: 6.153", source: file:///home/seluser/ppt/player/dashjs/index.html (128)
[229:229:0130/101601.475262:INFO:CONSOLE(128)] "currentLatencynow: 6.053", source: file:///home/seluser/ppt/player/dashjs/index.html (128)
[229:229:0130/101602.475209:INFO:CONSOLE(128)] "currentLatencynow: 5.953", source: file:///home/seluser/ppt/player/dashjs/index.html (128)
[229:229:0130/101603.475193:INFO:CONSOLE(128)] "currentLatencynow: 5.853", source: file:///home/seluser/ppt/player/dashjs/index.html (128)
[229:229:0130/101604.475066:INFO:CONSOLE(128)] "currentLatencynow: 5.753", source: file:///home/seluser/ppt/player/dashjs/index.html (128)
[229:229:0130/101605.475018:INFO:CONSOLE(128)] "currentLatencynow: 5.653", source: file:///home/seluser/ppt/player/dashjs/index.html (128)
[229:229:0130/101606.475068:INFO:CONSOLE(128)] "currentLatencynow: 5.553", source: file:///home/seluser/ppt/player/dashjs/index.html (128)
[229:229:0130/101607.475053:INFO:CONSOLE(128)] "currentLatencynow: 5.453", source: file:///home/seluser/ppt/player/dashjs/index.html (128)
[229:229:0130/101608.475078:INFO:CONSOLE(128)] "currentLatencynow: 5.353", source: file:///home/seluser/ppt/player/dashjs/index.html (128)
[229:229:0130/101609.475166:INFO:CONSOLE(128)] "currentLatencynow: 5.253", source: file:///home/seluser/ppt/player/dashjs/index.html (128)
[229:229:0130/101610.475071:INFO:CONSOLE(128)] "currentLatencynow: 5.153", source: file:///home/seluser/ppt/player/dashjs/index.html (128)
[229:229:0130/101611.475042:INFO:CONSOLE(128)] "currentLatencynow: 5.053", source: file:///home/seluser/ppt/player/dashjs/index.html (128)
[229:229:0130/101612.475194:INFO:CONSOLE(128)] "currentLatencynow: 4.953", source: file:///home/seluser/ppt/player/dashjs/index.html (128)
[229:229:0130/101613.475044:INFO:CONSOLE(128)] "currentLatencynow: 4.853", source: file:///home/seluser/ppt/player/dashjs/index.html (128)
[229:229:0130/101614.475032:INFO:CONSOLE(128)] "currentLatencynow: 4.753", source: file:///home/seluser/ppt/player/dashjs/index.html (128)
[229:229:0130/101615.475074:INFO:CONSOLE(128)] "currentLatencynow: 4.653", source: file:///home/seluser/ppt/player/dashjs/index.html (128)
[229:229:0130/101616.475138:INFO:CONSOLE(128)] "currentLatencynow: 4.553", source: file:///home/seluser/ppt/player/dashjs/index.html (128)
[229:229:0130/101617.475088:INFO:CONSOLE(128)] "currentLatencynow: 4.453", source: file:///home/seluser/ppt/player/dashjs/index.html (128)
[229:229:0130/101618.475091:INFO:CONSOLE(128)] "currentLatencynow: 4.366", source: file:///home/seluser/ppt/player/dashjs/index.html (128)
[229:229:0130/101619.475077:INFO:CONSOLE(128)] "currentLatencynow: 4.288", source: file:///home/seluser/ppt/player/dashjs/index.html (128)
[229:229:0130/101620.475086:INFO:CONSOLE(128)] "currentLatencynow: 4.222", source: file:///home/seluser/ppt/player/dashjs/index.html (128)
[229:229:0130/101621.475102:INFO:CONSOLE(128)] "currentLatencynow: 4.164", source: file:///home/seluser/ppt/player/dashjs/index.html (128)
[229:229:0130/101622.475077:INFO:CONSOLE(128)] "currentLatencynow: 4.12", source: file:///home/seluser/ppt/player/dashjs/index.html (128)
[229:229:0130/101623.475230:INFO:CONSOLE(128)] "currentLatencynow: 4.085", source: file:///home/seluser/ppt/player/dashjs/index.html (128)
[229:229:0130/101624.475053:INFO:CONSOLE(128)] "currentLatencynow: 4.052", source: file:///home/seluser/ppt/player/dashjs/index.html (128)
[229:229:0130/101625.475210:INFO:CONSOLE(128)] "currentLatencynow: 4.038", source: file:///home/seluser/ppt/player/dashjs/index.html (128)
[229:229:0130/101626.475100:INFO:CONSOLE(128)] "currentLatencynow: 4.024", source: file:///home/seluser/ppt/player/dashjs/index.html (128)
[229:229:0130/101627.475259:INFO:CONSOLE(128)] "currentLatencynow: 4.018", source: file:///home/seluser/ppt/player/dashjs/index.html (128)
[229:229:0130/101628.475217:INFO:CONSOLE(128)] "currentLatencynow: 4.018", source: file:///home/seluser/ppt/player/dashjs/index.html (128)
[229:229:0130/101629.475055:INFO:CONSOLE(128)] "currentLatencynow: 4.018", source: file:///home/seluser/ppt/player/dashjs/index.html (128)
[229:229:0130/101630.475124:INFO:CONSOLE(128)] "currentLatencynow: 4.018", source: file:///home/seluser/ppt/player/dashjs/index.html (128)
[229:229:0130/101631.475059:INFO:CONSOLE(128)] "currentLatencynow: 4.018", source: file:///home/seluser/ppt/player/dashjs/index.html (128)
[229:229:0130/101632.475106:INFO:CONSOLE(128)] "currentLatencynow: 4.018", source: file:///home/seluser/ppt/player/dashjs/index.html (128)
