[230:294:0130/100810.008702:ERROR:bus.cc(392)] Failed to connect to the bus: Failed to connect to socket /var/run/dbus/system_bus_socket: No such file or directory
[230:257:0130/100810.010685:ERROR:bus.cc(392)] Failed to connect to the bus: Address does not contain a colon
[230:257:0130/100810.010720:ERROR:bus.cc(392)] Failed to connect to the bus: Address does not contain a colon
[230:257:0130/100810.026670:ERROR:bus.cc(392)] Failed to connect to the bus: Address does not contain a colon
[230:257:0130/100810.028131:ERROR:bus.cc(392)] Failed to connect to the bus: Address does not contain a colon
[300:300:0130/100810.027505:ERROR:gpu_init.cc(453)] Passthrough is not supported, GL is swiftshader, ANGLE is 
[230:257:0130/100810.062998:ERROR:bus.cc(392)] Failed to connect to the bus: Address does not contain a colon
[230:257:0130/100810.064277:ERROR:bus.cc(392)] Failed to connect to the bus: Address does not contain a colon
[230:392:0130/100810.145740:ERROR:bus.cc(392)] Failed to connect to the bus: Failed to connect to socket /var/run/dbus/system_bus_socket: No such file or directory
[230:392:0130/100810.146106:ERROR:bus.cc(392)] Failed to connect to the bus: Failed to connect to socket /var/run/dbus/system_bus_socket: No such file or directory
[230:392:0130/100810.147776:ERROR:bus.cc(392)] Failed to connect to the bus: Failed to connect to socket /var/run/dbus/system_bus_socket: No such file or directory
[230:392:0130/100810.147825:WARNING:property.cc(144)] DaemonVersion: GetAndBlock: failed.
[230:392:0130/100810.147873:ERROR:bus.cc(392)] Failed to connect to the bus: Failed to connect to socket /var/run/dbus/system_bus_socket: No such file or directory
[230:392:0130/100810.147930:ERROR:bus.cc(392)] Failed to connect to the bus: Failed to connect to socket /var/run/dbus/system_bus_socket: No such file or directory
[230:230:0130/100811.507938:INFO:CONSOLE(128)] "currentLatencynow: NaN", source: file:///home/seluser/ppt/player/dashjs/index.html (128)
[230:252:0130/100812.316530:ERROR:chrome_browser_main_extra_parts_metrics.cc(228)] crbug.com/1216328: Checking Bluetooth availability started. Please report if there is no report that this ends.
[230:252:0130/100812.316581:ERROR:chrome_browser_main_extra_parts_metrics.cc(231)] crbug.com/1216328: Checking Bluetooth availability ended.
[230:252:0130/100812.316591:ERROR:chrome_browser_main_extra_parts_metrics.cc(234)] crbug.com/1216328: Checking default browser status started. Please report if there is no report that this ends.
[230:230:0130/100812.508351:INFO:CONSOLE(128)] "currentLatencynow: NaN", source: file:///home/seluser/ppt/player/dashjs/index.html (128)
[230:252:0130/100812.542622:ERROR:chrome_browser_main_extra_parts_metrics.cc(238)] crbug.com/1216328: Checking default browser status ended.
[230:230:0130/100813.507507:INFO:CONSOLE(128)] "currentLatencynow: NaN", source: file:///home/seluser/ppt/player/dashjs/index.html (128)
[230:230:0130/100814.508824:INFO:CONSOLE(128)] "currentLatencynow: NaN", source: file:///home/seluser/ppt/player/dashjs/index.html (128)
[230:230:0130/100815.507666:INFO:CONSOLE(128)] "currentLatencynow: NaN", source: file:///home/seluser/ppt/player/dashjs/index.html (128)
[230:230:0130/100816.507633:INFO:CONSOLE(128)] "currentLatencynow: 0", source: file:///home/seluser/ppt/player/dashjs/index.html (128)
[230:230:0130/100817.507558:INFO:CONSOLE(128)] "currentLatencynow: 0", source: file:///home/seluser/ppt/player/dashjs/index.html (128)
[230:230:0130/100818.507482:INFO:CONSOLE(128)] "currentLatencynow: 0", source: file:///home/seluser/ppt/player/dashjs/index.html (128)
[230:230:0130/100819.507531:INFO:CONSOLE(128)] "currentLatencynow: 0", source: file:///home/seluser/ppt/player/dashjs/index.html (128)
[230:230:0130/100820.507570:INFO:CONSOLE(128)] "currentLatencynow: 0", source: file:///home/seluser/ppt/player/dashjs/index.html (128)
[230:230:0130/100821.507531:INFO:CONSOLE(128)] "currentLatencynow: 0", source: file:///home/seluser/ppt/player/dashjs/index.html (128)
[230:230:0130/100822.508344:INFO:CONSOLE(128)] "currentLatencynow: 0", source: file:///home/seluser/ppt/player/dashjs/index.html (128)
[230:230:0130/100823.507645:INFO:CONSOLE(128)] "currentLatencynow: 0", source: file:///home/seluser/ppt/player/dashjs/index.html (128)
[230:230:0130/100824.507448:INFO:CONSOLE(128)] "currentLatencynow: 12.339", source: file:///home/seluser/ppt/player/dashjs/index.html (128)
[649:649:0130/100824.544550:WARNING:audio_manager_linux.cc(69)] Falling back to ALSA for audio output. PulseAudio is not available or could not be initialized.
[649:649:0130/100824.552690:ERROR:alsa_util.cc(204)] PcmOpen: default,No such file or directory
[649:649:0130/100824.552815:ERROR:alsa_util.cc(204)] PcmOpen: plug:default,No such file or directory
[230:230:0130/100825.507489:INFO:CONSOLE(128)] "currentLatencynow: 13.339", source: file:///home/seluser/ppt/player/dashjs/index.html (128)
[230:230:0130/100826.507774:INFO:CONSOLE(128)] "currentLatencynow: 14.339", source: file:///home/seluser/ppt/player/dashjs/index.html (128)
[230:230:0130/100827.507688:INFO:CONSOLE(128)] "currentLatencynow: 15.339", source: file:///home/seluser/ppt/player/dashjs/index.html (128)
[230:230:0130/100828.507533:INFO:CONSOLE(128)] "currentLatencynow: 16.339", source: file:///home/seluser/ppt/player/dashjs/index.html (128)
[230:230:0130/100829.507749:INFO:CONSOLE(128)] "currentLatencynow: 17.339", source: file:///home/seluser/ppt/player/dashjs/index.html (128)
[230:230:0130/100830.507654:INFO:CONSOLE(128)] "currentLatencynow: 18.339", source: file:///home/seluser/ppt/player/dashjs/index.html (128)
[230:230:0130/100831.507552:INFO:CONSOLE(128)] "currentLatencynow: 19.339", source: file:///home/seluser/ppt/player/dashjs/index.html (128)
[230:230:0130/100832.507507:INFO:CONSOLE(128)] "currentLatencynow: 20.339", source: file:///home/seluser/ppt/player/dashjs/index.html (128)
[230:230:0130/100833.508093:INFO:CONSOLE(128)] "currentLatencynow: 21.339", source: file:///home/seluser/ppt/player/dashjs/index.html (128)
[230:230:0130/100834.507534:INFO:CONSOLE(128)] "currentLatencynow: 22.339", source: file:///home/seluser/ppt/player/dashjs/index.html (128)
[230:230:0130/100835.507525:INFO:CONSOLE(128)] "currentLatencynow: 23.339", source: file:///home/seluser/ppt/player/dashjs/index.html (128)
[230:230:0130/100836.507502:INFO:CONSOLE(128)] "currentLatencynow: 24.339", source: file:///home/seluser/ppt/player/dashjs/index.html (128)
[230:230:0130/100837.507468:INFO:CONSOLE(128)] "currentLatencynow: 25.339", source: file:///home/seluser/ppt/player/dashjs/index.html (128)
[230:257:0130/100838.237790:ERROR:bus.cc(392)] Failed to connect to the bus: Address does not contain a colon
[230:257:0130/100838.237905:ERROR:bus.cc(392)] Failed to connect to the bus: Address does not contain a colon
[230:257:0130/100838.237926:ERROR:bus.cc(392)] Failed to connect to the bus: Address does not contain a colon
[230:257:0130/100838.237945:ERROR:bus.cc(392)] Failed to connect to the bus: Address does not contain a colon
[230:257:0130/100838.237968:ERROR:bus.cc(392)] Failed to connect to the bus: Address does not contain a colon
[230:257:0130/100838.237986:ERROR:bus.cc(392)] Failed to connect to the bus: Address does not contain a colon
[230:257:0130/100838.237998:ERROR:bus.cc(392)] Failed to connect to the bus: Address does not contain a colon
[230:257:0130/100838.238013:ERROR:bus.cc(392)] Failed to connect to the bus: Address does not contain a colon
[230:257:0130/100838.238033:ERROR:bus.cc(392)] Failed to connect to the bus: Address does not contain a colon
[230:257:0130/100838.238050:ERROR:bus.cc(392)] Failed to connect to the bus: Address does not contain a colon
[230:257:0130/100838.238064:ERROR:bus.cc(392)] Failed to connect to the bus: Address does not contain a colon
[230:257:0130/100838.238075:ERROR:bus.cc(392)] Failed to connect to the bus: Address does not contain a colon
[230:257:0130/100838.238091:ERROR:bus.cc(392)] Failed to connect to the bus: Address does not contain a colon
[230:257:0130/100838.238103:ERROR:bus.cc(392)] Failed to connect to the bus: Address does not contain a colon
[230:257:0130/100838.245158:ERROR:bus.cc(392)] Failed to connect to the bus: Address does not contain a colon
[230:257:0130/100838.245258:ERROR:bus.cc(392)] Failed to connect to the bus: Address does not contain a colon
[230:257:0130/100838.245305:ERROR:bus.cc(392)] Failed to connect to the bus: Address does not contain a colon
[230:257:0130/100838.304085:ERROR:bus.cc(392)] Failed to connect to the bus: Address does not contain a colon
[230:257:0130/100838.304138:ERROR:bus.cc(392)] Failed to connect to the bus: Address does not contain a colon
[230:230:0130/100838.508119:INFO:CONSOLE(128)] "currentLatencynow: 26.11", source: file:///home/seluser/ppt/player/dashjs/index.html (128)
[230:230:0130/100839.507339:INFO:CONSOLE(128)] "currentLatencynow: 26.018", source: file:///home/seluser/ppt/player/dashjs/index.html (128)
[230:230:0130/100840.507463:INFO:CONSOLE(128)] "currentLatencynow: 27.006", source: file:///home/seluser/ppt/player/dashjs/index.html (128)
[230:230:0130/100841.507516:INFO:CONSOLE(128)] "currentLatencynow: 28.006", source: file:///home/seluser/ppt/player/dashjs/index.html (128)
[230:230:0130/100842.507417:INFO:CONSOLE(128)] "currentLatencynow: 29.006", source: file:///home/seluser/ppt/player/dashjs/index.html (128)
[230:230:0130/100843.507652:INFO:CONSOLE(128)] "currentLatencynow: 30.006", source: file:///home/seluser/ppt/player/dashjs/index.html (128)
[230:230:0130/100844.507631:INFO:CONSOLE(128)] "currentLatencynow: 30.68", source: file:///home/seluser/ppt/player/dashjs/index.html (128)
[230:230:0130/100845.507548:INFO:CONSOLE(128)] "currentLatencynow: 31.68", source: file:///home/seluser/ppt/player/dashjs/index.html (128)
[230:230:0130/100846.507720:INFO:CONSOLE(128)] "currentLatencynow: 32.68", source: file:///home/seluser/ppt/player/dashjs/index.html (128)
[230:230:0130/100847.507524:INFO:CONSOLE(128)] "currentLatencynow: 33.68", source: file:///home/seluser/ppt/player/dashjs/index.html (128)
[230:230:0130/100848.507606:INFO:CONSOLE(128)] "currentLatencynow: 34.68", source: file:///home/seluser/ppt/player/dashjs/index.html (128)
[230:230:0130/100849.507631:INFO:CONSOLE(128)] "currentLatencynow: 35.68", source: file:///home/seluser/ppt/player/dashjs/index.html (128)
[230:230:0130/100850.507506:INFO:CONSOLE(128)] "currentLatencynow: 36.68", source: file:///home/seluser/ppt/player/dashjs/index.html (128)
[230:230:0130/100851.507487:INFO:CONSOLE(128)] "currentLatencynow: 37.68", source: file:///home/seluser/ppt/player/dashjs/index.html (128)
[230:230:0130/100852.507535:INFO:CONSOLE(128)] "currentLatencynow: 38.68", source: file:///home/seluser/ppt/player/dashjs/index.html (128)
[230:230:0130/100853.507604:INFO:CONSOLE(128)] "currentLatencynow: 39.68", source: file:///home/seluser/ppt/player/dashjs/index.html (128)
[230:230:0130/100854.507479:INFO:CONSOLE(128)] "currentLatencynow: 40.68", source: file:///home/seluser/ppt/player/dashjs/index.html (128)
[230:230:0130/100855.508799:INFO:CONSOLE(128)] "currentLatencynow: 41.68", source: file:///home/seluser/ppt/player/dashjs/index.html (128)
[230:230:0130/100856.507561:INFO:CONSOLE(128)] "currentLatencynow: 42.68", source: file:///home/seluser/ppt/player/dashjs/index.html (128)
[230:230:0130/100857.507462:INFO:CONSOLE(128)] "currentLatencynow: 43.68", source: file:///home/seluser/ppt/player/dashjs/index.html (128)
[230:230:0130/100858.507521:INFO:CONSOLE(128)] "currentLatencynow: 44.68", source: file:///home/seluser/ppt/player/dashjs/index.html (128)
[230:230:0130/100859.507517:INFO:CONSOLE(128)] "currentLatencynow: 45.68", source: file:///home/seluser/ppt/player/dashjs/index.html (128)
[230:230:0130/100900.507519:INFO:CONSOLE(128)] "currentLatencynow: 46.68", source: file:///home/seluser/ppt/player/dashjs/index.html (128)
[230:230:0130/100901.507585:INFO:CONSOLE(128)] "currentLatencynow: 47.68", source: file:///home/seluser/ppt/player/dashjs/index.html (128)
[230:230:0130/100902.508840:INFO:CONSOLE(128)] "currentLatencynow: 48.681", source: file:///home/seluser/ppt/player/dashjs/index.html (128)
[230:230:0130/100903.507520:INFO:CONSOLE(128)] "currentLatencynow: 49.68", source: file:///home/seluser/ppt/player/das[230:230:0130/101059.507680:INFO:CONSOLE(128)] "currentLatencynow: 165.68", source: file:///home/seluser/ppt/player/dashjs/index.html (128)
[230:230:0130/101100.507682:INFO:CONSOLE(128)] "currentLatencynow: 166.68", source: file:///home/seluser/ppt/player/dashjs/index.html (128)
[230:230:0130/101101.507548:INFO:CONSOLE(128)] "currentLatencynow: 167.68", source: file:///home/seluser/ppt/player/dashjs/index.html (128)
[230:230:0130/101102.507576:INFO:CONSOLE(128)] "currentLatencynow: 168.68", source: file:///home/seluser/ppt/player/dashjs/index.html (128)
[230:230:0130/101103.507620:INFO:CONSOLE(128)] "currentLatencynow: 169.68", source: file:///home/seluser/ppt/player/dashjs/index.html (128)
[230:230:0130/101104.507628:INFO:CONSOLE(128)] "currentLatencynow: 170.68", source: file:///home/seluser/ppt/player/dashjs/index.html (128)
[230:230:0130/101105.507579:INFO:CONSOLE(128)] "currentLatencynow: 171.68", source: file:///home/seluser/ppt/player/dashjs/index.html (128)
[230:230:0130/101106.507897:INFO:CONSOLE(128)] "currentLatencynow: 172.68", source: file:///home/seluser/ppt/player/dashjs/index.html (128)
[230:230:0130/101107.507580:INFO:CONSOLE(128)] "currentLatencynow: 173.68", source: file:///home/seluser/ppt/player/dashjs/index.html (128)
[230:230:0130/101108.507585:INFO:CONSOLE(128)] "currentLatencynow: 174.68", source: file:///home/seluser/ppt/player/dashjs/index.html (128)
[230:230:0130/101109.507673:INFO:CONSOLE(128)] "currentLatencynow: 175.68", source: file:///home/seluser/ppt/player/dashjs/index.html (128)
[230:230:0130/101110.507570:INFO:CONSOLE(128)] "currentLatencynow: 176.68", source: file:///home/seluser/ppt/player/dashjs/index.html (128)
[230:251:0130/101110.711348:ERROR:database.cc(1761)] History SQLite error: code 1 errno 0: cannot commit - no transaction is active sql: COMMIT
[230:230:0130/101110.727496:WARNING:pref_notifier_impl.cc(40)] Pref observer for media_router.cast_allow_all_ips found at shutdown.
