[230:292:0130/100818.002103:ERROR:bus.cc(392)] Failed to connect to the bus: Failed to connect to socket /var/run/dbus/system_bus_socket: No such file or directory
[230:255:0130/100818.010932:ERROR:bus.cc(392)] Failed to connect to the bus: Address does not contain a colon
[230:255:0130/100818.010979:ERROR:bus.cc(392)] Failed to connect to the bus: Address does not contain a colon
[230:252:0130/100818.013904:ERROR:file_path_watcher_linux.cc(326)] inotify_init() failed: Too many open files (24)
[230:255:0130/100818.046405:ERROR:bus.cc(392)] Failed to connect to the bus: Address does not contain a colon
[230:255:0130/100818.046458:ERROR:bus.cc(392)] Failed to connect to the bus: Address does not contain a colon
[303:303:0130/100818.048741:ERROR:gpu_init.cc(453)] Passthrough is not supported, GL is swiftshader, ANGLE is 
[230:255:0130/100818.077187:ERROR:bus.cc(392)] Failed to connect to the bus: Address does not contain a colon
[230:255:0130/100818.077242:ERROR:bus.cc(392)] Failed to connect to the bus: Address does not contain a colon
[304:338:0130/100818.098428:ERROR:file_path_watcher_linux.cc(326)] inotify_init() failed: Too many open files (24)
[230:400:0130/100818.212436:ERROR:bus.cc(392)] Failed to connect to the bus: Failed to connect to socket /var/run/dbus/system_bus_socket: No such file or directory
[230:400:0130/100818.218056:ERROR:bus.cc(392)] Failed to connect to the bus: Failed to connect to socket /var/run/dbus/system_bus_socket: No such file or directory
[230:400:0130/100818.218167:ERROR:bus.cc(392)] Failed to connect to the bus: Failed to connect to socket /var/run/dbus/system_bus_socket: No such file or directory
[230:400:0130/100818.218191:WARNING:property.cc(144)] DaemonVersion: GetAndBlock: failed.
[230:400:0130/100818.218226:ERROR:bus.cc(392)] Failed to connect to the bus: Failed to connect to socket /var/run/dbus/system_bus_socket: No such file or directory
[230:400:0130/100818.218266:ERROR:bus.cc(392)] Failed to connect to the bus: Failed to connect to socket /var/run/dbus/system_bus_socket: No such file or directory
[230:230:0130/100819.735196:INFO:CONSOLE(128)] "currentLatencynow: NaN", source: file:///home/seluser/ppt/player/dashjs/index.html (128)
[230:298:0130/100820.548185:ERROR:chrome_browser_main_extra_parts_metrics.cc(228)] crbug.com/1216328: Checking Bluetooth availability started. Please report if there is no report that this ends.
[230:298:0130/100820.550715:ERROR:chrome_browser_main_extra_parts_metrics.cc(231)] crbug.com/1216328: Checking Bluetooth availability ended.
[230:298:0130/100820.550740:ERROR:chrome_browser_main_extra_parts_metrics.cc(234)] crbug.com/1216328: Checking default browser status started. Please report if there is no report that this ends.
[230:230:0130/100820.734888:INFO:CONSOLE(128)] "currentLatencynow: NaN", source: file:///home/seluser/ppt/player/dashjs/index.html (128)
[230:298:0130/100820.793216:ERROR:chrome_browser_main_extra_parts_metrics.cc(238)] crbug.com/1216328: Checking default browser status ended.
[230:230:0130/100821.734745:INFO:CONSOLE(128)] "currentLatencynow: NaN", source: file:///home/seluser/ppt/player/dashjs/index.html (128)
[230:230:0130/100822.734880:INFO:CONSOLE(128)] "currentLatencynow: NaN", source: file:///home/seluser/ppt/player/dashjs/index.html (128)
[230:230:0130/100823.734801:INFO:CONSOLE(128)] "currentLatencynow: NaN", source: file:///home/seluser/ppt/player/dashjs/index.html (128)
[230:230:0130/100824.734814:INFO:CONSOLE(128)] "currentLatencynow: NaN", source: file:///home/seluser/ppt/player/dashjs/index.html (128)
[230:230:0130/100825.734900:INFO:CONSOLE(128)] "currentLatencynow: NaN", source: file:///home/seluser/ppt/player/dashjs/index.html (128)
[230:230:0130/100826.734872:INFO:CONSOLE(128)] "currentLatencynow: NaN", source: file:///home/seluser/ppt/player/dashjs/index.html (128)
[230:230:0130/100827.734940:INFO:CONSOLE(128)] "currentLatencynow: NaN", source: file:///home/seluser/ppt/player/dashjs/index.html (128)
[230:230:0130/100828.735019:INFO:CONSOLE(128)] "currentLatencynow: 0", source: file:///home/seluser/ppt/player/dashjs/index.html (128)
[230:230:0130/100829.734866:INFO:CONSOLE(128)] "currentLatencynow: 0", source: file:///home/seluser/ppt/player/dashjs/index.html (128)
[230:230:0130/100830.734885:INFO:CONSOLE(128)] "currentLatencynow: 0", source: file:///home/seluser/ppt/player/dashjs/index.html (128)
[230:230:0130/100831.734876:INFO:CONSOLE(128)] "currentLatencynow: 0", source: file:///home/seluser/ppt/player/dashjs/index.html (128)
[230:230:0130/100832.734908:INFO:CONSOLE(128)] "currentLatencynow: 0", source: file:///home/seluser/ppt/player/dashjs/index.html (128)
[230:230:0130/100833.734827:INFO:CONSOLE(128)] "currentLatencynow: 0", source: file:///home/seluser/ppt/player/dashjs/index.html (128)
[230:230:0130/100834.734796:INFO:CONSOLE(128)] "currentLatencynow: 0", source: file:///home/seluser/ppt/player/dashjs/index.html (128)
[230:230:0130/100835.734835:INFO:CONSOLE(128)] "currentLatencynow: 0", source: file:///home/seluser/ppt/player/dashjs/index.html (128)
[230:230:0130/100836.734694:INFO:CONSOLE(128)] "currentLatencynow: 0", source: file:///home/seluser/ppt/player/dashjs/index.html (128)
[230:230:0130/100837.735052:INFO:CONSOLE(128)] "currentLatencynow: 0", source: file:///home/seluser/ppt/player/dashjs/index.html (128)
[230:230:0130/100838.734789:INFO:CONSOLE(128)] "currentLatencynow: 0", source: file:///home/seluser/ppt/player/dashjs/index.html (128)
[230:230:0130/100839.734790:INFO:CONSOLE(128)] "currentLatencynow: 0", source: file:///home/seluser/ppt/player/dashjs/index.html (128)
[230:230:0130/100840.734884:INFO:CONSOLE(128)] "currentLatencynow: 0", source: file:///home/seluser/ppt/player/dashjs/index.html (128)
[230:230:0130/100841.734908:INFO:CONSOLE(128)] "currentLatencynow: 0", source: file:///home/seluser/ppt/player/dashjs/index.html (128)
[230:230:0130/100842.738333:INFO:CONSOLE(128)] "currentLatencynow: 0", source: file:///home/seluser/ppt/player/dashjs/index.html (128)
[230:230:0130/100843.735038:INFO:CONSOLE(128)] "currentLatencynow: 0", source: file:///home/seluser/ppt/player/dashjs/index.html (128)
[681:681:0130/100843.945108:WARNING:audio_manager_linux.cc(69)] Falling back to ALSA for audio output. PulseAudio is not available or could not be initialized.
[681:681:0130/100843.953422:ERROR:alsa_util.cc(204)] PcmOpen: default,No such file or directory
[681:681:0130/100843.953723:ERROR:alsa_util.cc(204)] PcmOpen: plug:default,No such file or directory
[230:230:0130/100844.734984:INFO:CONSOLE(128)] "currentLatencynow: 20.934", source: file:///home/seluser/ppt/player/dashjs/index.html (128)
[230:230:0130/100845.734916:INFO:CONSOLE(128)] "currentLatencynow: 21.934", source: file:///home/seluser/ppt/player/dashjs/index.html (128)
[230:230:0130/100846.735071:INFO:CONSOLE(128)] "currentLatencynow: 22.934", source: file:///home/seluser/ppt/player/dashjs/index.html (128)
[230:230:0130/100847.735092:INFO:CONSOLE(128)] "currentLatencynow: 23.934", source: file:///home/seluser/ppt/player/dashjs/index.html (128)
[230:230:0130/100848.734985:INFO:CONSOLE(128)] "currentLatencynow: 24.934", source: file:///home/seluser/ppt/player/dashjs/index.html (128)
[230:230:0130/100849.734857:INFO:CONSOLE(128)] "currentLatencynow: 25.934", source: file:///home/seluser/ppt/player/dashjs/index.html (128)
[230:230:0130/100850.734860:INFO:CONSOLE(128)] "currentLatencynow: 26.934", source: file:///home/seluser/ppt/player/dashjs/index.html (128)
[230:230:0130/100851.734810:INFO:CONSOLE(128)] "currentLatencynow: 27.934", source: file:///home/seluser/ppt/player/dashjs/index.html (128)
[230:230:0130/100852.734891:INFO:CONSOLE(128)] "currentLatencynow: 28.934", source: file:///home/seluser/ppt/player/dashjs/index.html (128)
[230:230:0130/100853.736737:INFO:CONSOLE(128)] "currentLatencynow: 29.934", source: file:///home/seluser/ppt/player/dashjs/index.html (128)
[230:230:0130/100854.734740:INFO:CONSOLE(128)] "currentLatencynow: 30.934", source: file:///home/seluser/ppt/player/dashjs/index.html (128)
[230:255:0130/100855.328528:ERROR:bus.cc(392)] Failed to connect to the bus: Address does not contain a colon
[230:255:0130/100855.328625:ERROR:bus.cc(392)] Failed to connect to the bus: Address does not contain a colon
[230:255:0130/100855.328742:ERROR:bus.cc(392)] Failed to connect to the bus: Address does not contain a colon
[230:255:0130/100855.328758:ERROR:bus.cc(392)] Failed to connect to the bus: Address does not contain a colon
[230:255:0130/100855.328771:ERROR:bus.cc(392)] Failed to connect to the bus: Address does not contain a colon
[230:255:0130/100855.328783:ERROR:bus.cc(392)] Failed to connect to the bus: Address does not contain a colon
[230:255:0130/100855.328798:ERROR:bus.cc(392)] Failed to connect to the bus: Address does not contain a colon
[230:255:0130/100855.328812:ERROR:bus.cc(392)] Failed to connect to the bus: Address does not contain a colon
[230:255:0130/100855.328825:ERROR:bus.cc(392)] Failed to connect to the bus: Address does not contain a colon
[230:255:0130/100855.328845:ERROR:bus.cc(392)] Failed to connect to the bus: Address does not contain a colon
[230:255:0130/100855.328863:ERROR:bus.cc(392)] Failed to connect to the bus: Address does not contain a colon
[230:255:0130/100855.328877:ERROR:bus.cc(392)] Failed to connect to the bus: Address does not contain a colon
[230:255:0130/100855.328894:ERROR:bus.cc(392)] Failed to connect to the bus: Address does not contain a colon
[230:255:0130/100855.328905:ERROR:bus.cc(392)] Failed to connect to the bus: Address does not contain a colon
[230:255:0130/100855.334216:ERROR:bus.cc(392)] Failed to connect to the bus: Address does not contain a colon
[230:255:0130/100855.334264:ERROR:bus.cc(392)] Failed to connect to the bus: Address does not contain a colon
[230:255:0130/100855.334287:ERROR:bus.cc(392)] Failed to connect to the bus: Address does not contain a colon
[230:255:0130/100855.392901:ERROR:bus.cc(392)] Failed to connect to the bus: Address does not contain a colon
[230:255:0130/100855.392969:ERROR:bus.cc(392)] Failed to connect to the bus: Address does not contain a colon
[230:230:0130/100855.734852:INFO:CONSOLE(128)] "currentLatencynow: 31.548", source: file:///home/seluser/ppt/player/dashjs/index.html (128)
[230:230:0130/100856.734831:INFO:CONSOLE(128)] "currentLatencynow: 31.449", source: file:///home/seluser/ppt/player/dashjs/index.html (128)
[230:230:0130/100857.734746:INFO:CONSOLE(128)] "currentLatencynow: 30.873", source: file:///home/seluser/ppt/player/dashjs/index.html (128)
[230:230:0130/100858.734800:INFO:CONSOLE(128)] "currentLatencynow: 31.873", source: file:///home/seluser/ppt/player/dashjs/index.html (128)
[230:230:0130/100859.734758:INFO:CONSOLE(128)] "currentLatencynow: 32.873", source: file:///home/seluser/ppt/player/dashjs/index.html (128)
[230:230:0130/100900.734790:INFO:CONSOLE(128)] "currentLatencynow: 33.873", source: file:///home/seluser/ppt/player/dashjs/index.html (128)
[230:230:0130/100901.735778:INFO:CONSOLE(128)] "currentLatencynow: 34.873", source: file:///home/seluser/ppt/player/dashjs/index.html (128)
[230:230:0130/100902.734707:INFO:CONSOLE(128)] "currentLatencynow: 35.873", source: file:///home/seluser/ppt/player/dashjs/index.html (128)
[230:230:0130/100903.734881:INFO:CONSOLE(128)] "currentLatencynow: 36.873", source: file:///home/seluser/ppt/player/dashjs/index.html (128)
[230:230:0130/100904.734771:INFO:CONSOLE(128)] "currentLatencynow: 37.873", source: file:///home/seluser/ppt/player/dashjs/index.html (128)
[230:230:0130/100905.734801:INFO:CONSOLE(128)] "currentLatencynow: 38.873", source: file:///home/seluser/ppt/player/dashjs/index.html (128)
[230:230:0130/100906.734810:INFO:CONSOLE(128)] "currentLatencynow: 39.873", source: file:///home/seluser/ppt/player/dashjs/index.html (128)
[230:230:0130/100907.734792:INFO:CONSOLE(128)] "currentLatencynow: 40.873", source: file:///home/seluser/ppt/player/dashjs/index.html (128)
[230:230:0130/100908.734766:INFO:CONSOLE(128)] "currentLatencynow: 41.873", source: file:///home/seluser/ppt/player/dashjs/index.html (128)
[230:230:0130/100909.734763:INFO:CONSOLE(128)] "currentLatencynow: 42.873", source: file:///home/seluser/ppt/player/dashjs/index.html (128)
[230:230:0130/100910.734822:INFO:CONSOLE(128)] "currentLatenc[230:230:0130/101058.734772:INFO:CONSOLE(128)] "currentLatencynow: 151.873", source: file:///home/seluser/ppt/player/dashjs/index.html (128)
[230:230:0130/101059.734763:INFO:CONSOLE(128)] "currentLatencynow: 152.873", source: file:///home/seluser/ppt/player/dashjs/index.html (128)
[230:230:0130/101100.734802:INFO:CONSOLE(128)] "currentLatencynow: 153.873", source: file:///home/seluser/ppt/player/dashjs/index.html (128)
[230:230:0130/101101.734979:INFO:CONSOLE(128)] "currentLatencynow: 154.873", source: file:///home/seluser/ppt/player/dashjs/index.html (128)
[230:230:0130/101102.734979:INFO:CONSOLE(128)] "currentLatencynow: 155.873", source: file:///home/seluser/ppt/player/dashjs/index.html (128)
[230:230:0130/101103.734856:INFO:CONSOLE(128)] "currentLatencynow: 156.873", source: file:///home/seluser/ppt/player/dashjs/index.html (128)
[230:230:0130/101104.734911:INFO:CONSOLE(128)] "currentLatencynow: 157.873", source: file:///home/seluser/ppt/player/dashjs/index.html (128)
[230:230:0130/101105.735037:INFO:CONSOLE(128)] "currentLatencynow: 158.873", source: file:///home/seluser/ppt/player/dashjs/index.html (128)
[230:230:0130/101106.734916:INFO:CONSOLE(128)] "currentLatencynow: 159.873", source: file:///home/seluser/ppt/player/dashjs/index.html (128)
[230:230:0130/101107.734900:INFO:CONSOLE(128)] "currentLatencynow: 160.873", source: file:///home/seluser/ppt/player/dashjs/index.html (128)
[230:230:0130/101108.734815:INFO:CONSOLE(128)] "currentLatencynow: 161.873", source: file:///home/seluser/ppt/player/dashjs/index.html (128)
[230:230:0130/101109.734807:INFO:CONSOLE(128)] "currentLatencynow: 162.873", source: file:///home/seluser/ppt/player/dashjs/index.html (128)
[230:230:0130/101110.734679:INFO:CONSOLE(128)] "currentLatencynow: 163.873", source: file:///home/seluser/ppt/player/dashjs/index.html (128)
[230:230:0130/101111.734857:INFO:CONSOLE(128)] "currentLatencynow: 164.873", source: file:///home/seluser/ppt/player/dashjs/index.html (128)
[230:230:0130/101112.734757:INFO:CONSOLE(128)] "currentLatencynow: 165.873", source: file:///home/seluser/ppt/player/dashjs/index.html (128)
[230:230:0130/101113.734760:INFO:CONSOLE(128)] "currentLatencynow: 166.873", source: file:///home/seluser/ppt/player/dashjs/index.html (128)
[230:230:0130/101114.734999:INFO:CONSOLE(128)] "currentLatencynow: 167.873", source: file:///home/seluser/ppt/player/dashjs/index.html (128)
[230:230:0130/101115.734853:INFO:CONSOLE(128)] "currentLatencynow: 168.873", source: file:///home/seluser/ppt/player/dashjs/index.html (128)
[230:230:0130/101116.734888:INFO:CONSOLE(128)] "currentLatencynow: 169.873", source: file:///home/seluser/ppt/player/dashjs/index.html (128)
[230:230:0130/101117.734769:INFO:CONSOLE(128)] "currentLatencynow: 170.873", source: file:///home/seluser/ppt/player/dashjs/index.html (128)
[230:230:0130/101118.734856:INFO:CONSOLE(128)] "currentLatencynow: 171.873", source: file:///home/seluser/ppt/player/dashjs/index.html (128)
[230:321:0130/101118.899155:ERROR:database.cc(1761)] History SQLite error: code 1 errno 0: cannot commit - no transaction is active sql: COMMIT
[230:230:0130/101118.920292:WARNING:pref_notifier_impl.cc(40)] Pref observer for media_router.cast_allow_all_ips found at shutdown.
