[230:294:0130/091942.808128:ERROR:bus.cc(392)] Failed to connect to the bus: Failed to connect to socket /var/run/dbus/system_bus_socket: No such file or directory
[230:257:0130/091942.810233:ERROR:bus.cc(392)] Failed to connect to the bus: Address does not contain a colon
[230:257:0130/091942.810393:ERROR:bus.cc(392)] Failed to connect to the bus: Address does not contain a colon
[230:257:0130/091942.822190:ERROR:bus.cc(392)] Failed to connect to the bus: Address does not contain a colon
[230:257:0130/091942.822250:ERROR:bus.cc(392)] Failed to connect to the bus: Address does not contain a colon
[301:301:0130/091942.825178:ERROR:gpu_init.cc(453)] Passthrough is not supported, GL is swiftshader, ANGLE is 
[230:257:0130/091942.848052:ERROR:bus.cc(392)] Failed to connect to the bus: Address does not contain a colon
[230:257:0130/091942.848119:ERROR:bus.cc(392)] Failed to connect to the bus: Address does not contain a colon
[230:395:0130/091943.017774:ERROR:bus.cc(392)] Failed to connect to the bus: Failed to connect to socket /var/run/dbus/system_bus_socket: No such file or directory
[230:395:0130/091943.017869:ERROR:bus.cc(392)] Failed to connect to the bus: Failed to connect to socket /var/run/dbus/system_bus_socket: No such file or directory
[230:395:0130/091943.017925:ERROR:bus.cc(392)] Failed to connect to the bus: Failed to connect to socket /var/run/dbus/system_bus_socket: No such file or directory
[230:395:0130/091943.017940:WARNING:property.cc(144)] DaemonVersion: GetAndBlock: failed.
[230:395:0130/091943.017980:ERROR:bus.cc(392)] Failed to connect to the bus: Failed to connect to socket /var/run/dbus/system_bus_socket: No such file or directory
[230:395:0130/091943.018013:ERROR:bus.cc(392)] Failed to connect to the bus: Failed to connect to socket /var/run/dbus/system_bus_socket: No such file or directory
[230:230:0130/091944.273949:INFO:CONSOLE(128)] "currentLatencynow: 0", source: file:///home/seluser/ppt/player/dashjs/index.html (128)
[428:428:0130/091944.564308:WARNING:audio_manager_linux.cc(69)] Falling back to ALSA for audio output. PulseAudio is not available or could not be initialized.
[428:428:0130/091944.569877:ERROR:alsa_util.cc(204)] PcmOpen: default,No such file or directory
[428:428:0130/091944.569977:ERROR:alsa_util.cc(204)] PcmOpen: plug:default,No such file or directory
[230:329:0130/091945.108800:ERROR:chrome_browser_main_extra_parts_metrics.cc(228)] crbug.com/1216328: Checking Bluetooth availability started. Please report if there is no report that this ends.
[230:329:0130/091945.108863:ERROR:chrome_browser_main_extra_parts_metrics.cc(231)] crbug.com/1216328: Checking Bluetooth availability ended.
[230:329:0130/091945.108872:ERROR:chrome_browser_main_extra_parts_metrics.cc(234)] crbug.com/1216328: Checking default browser status started. Please report if there is no report that this ends.
[230:230:0130/091945.273732:INFO:CONSOLE(128)] "currentLatencynow: 5.334", source: file:///home/seluser/ppt/player/dashjs/index.html (128)
[230:329:0130/091945.291392:ERROR:chrome_browser_main_extra_parts_metrics.cc(238)] crbug.com/1216328: Checking default browser status ended.
[230:257:0130/091946.051010:ERROR:bus.cc(392)] Failed to connect to the bus: Address does not contain a colon
[230:257:0130/091946.051113:ERROR:bus.cc(392)] Failed to connect to the bus: Address does not contain a colon
[230:257:0130/091946.051132:ERROR:bus.cc(392)] Failed to connect to the bus: Address does not contain a colon
[230:257:0130/091946.051143:ERROR:bus.cc(392)] Failed to connect to the bus: Address does not contain a colon
[230:257:0130/091946.051158:ERROR:bus.cc(392)] Failed to connect to the bus: Address does not contain a colon
[230:257:0130/091946.051168:ERROR:bus.cc(392)] Failed to connect to the bus: Address does not contain a colon
[230:257:0130/091946.051186:ERROR:bus.cc(392)] Failed to connect to the bus: Address does not contain a colon
[230:257:0130/091946.051197:ERROR:bus.cc(392)] Failed to connect to the bus: Address does not contain a colon
[230:257:0130/091946.051207:ERROR:bus.cc(392)] Failed to connect to the bus: Address does not contain a colon
[230:257:0130/091946.053060:ERROR:bus.cc(392)] Failed to connect to the bus: Address does not contain a colon
[230:257:0130/091946.053084:ERROR:bus.cc(392)] Failed to connect to the bus: Address does not contain a colon
[230:257:0130/091946.053094:ERROR:bus.cc(392)] Failed to connect to the bus: Address does not contain a colon
[230:257:0130/091946.053103:ERROR:bus.cc(392)] Failed to connect to the bus: Address does not contain a colon
[230:257:0130/091946.053110:ERROR:bus.cc(392)] Failed to connect to the bus: Address does not contain a colon
[230:257:0130/091946.054178:ERROR:bus.cc(392)] Failed to connect to the bus: Address does not contain a colon
[230:257:0130/091946.054208:ERROR:bus.cc(392)] Failed to connect to the bus: Address does not contain a colon
[230:257:0130/091946.054223:ERROR:bus.cc(392)] Failed to connect to the bus: Address does not contain a colon
[230:257:0130/091946.106682:ERROR:bus.cc(392)] Failed to connect to the bus: Address does not contain a colon
[230:257:0130/091946.106746:ERROR:bus.cc(392)] Failed to connect to the bus: Address does not contain a colon
[230:230:0130/091946.273714:INFO:CONSOLE(128)] "currentLatencynow: 6.174", source: file:///home/seluser/ppt/player/dashjs/index.html (128)
[230:230:0130/091947.273748:INFO:CONSOLE(128)] "currentLatencynow: 6.666", source: file:///home/seluser/ppt/player/dashjs/index.html (128)
[230:230:0130/091948.273561:INFO:CONSOLE(128)] "currentLatencynow: 6.854", source: file:///home/seluser/ppt/player/dashjs/index.html (128)
[230:230:0130/091949.273684:INFO:CONSOLE(128)] "currentLatencynow: 6.854", source: file:///home/seluser/ppt/player/dashjs/index.html (128)
[230:230:0130/091950.273589:INFO:CONSOLE(128)] "currentLatencynow: 6.854", source: file:///home/seluser/ppt/player/dashjs/index.html (128)
[230:230:0130/091951.273672:INFO:CONSOLE(128)] "currentLatencynow: 6.854", source: file:///home/seluser/ppt/player/dashjs/index.html (128)
[230:230:0130/091952.273651:INFO:CONSOLE(128)] "currentLatencynow: 6.854", source: file:///home/seluser/ppt/player/dashjs/index.html (128)
[230:230:0130/091953.273754:INFO:CONSOLE(128)] "currentLatencynow: 6.854", source: file:///home/seluser/ppt/player/dashjs/index.html (128)
[230:230:0130/091954.273784:INFO:CONSOLE(128)] "currentLatencynow: 6.81", source: file:///home/seluser/ppt/player/dashjs/index.html (128)
[230:230:0130/091955.273795:INFO:CONSOLE(128)] "currentLatencynow: 6.71", source: file:///home/seluser/ppt/player/dashjs/index.html (128)
[230:230:0130/091956.273685:INFO:CONSOLE(128)] "currentLatencynow: 6.61", source: file:///home/seluser/ppt/player/dashjs/index.html (128)
[230:230:0130/091957.273689:INFO:CONSOLE(128)] "currentLatencynow: 6.51", source: file:///home/seluser/ppt/player/dashjs/index.html (128)
[230:230:0130/091958.273771:INFO:CONSOLE(128)] "currentLatencynow: 6.41", source: file:///home/seluser/ppt/player/dashjs/index.html (128)
[230:230:0130/091959.273670:INFO:CONSOLE(128)] "currentLatencynow: 6.31", source: file:///home/seluser/ppt/player/dashjs/index.html (128)
[230:230:0130/092000.274004:INFO:CONSOLE(128)] "currentLatencynow: 6.21", source: file:///home/seluser/ppt/player/dashjs/index.html (128)
[230:230:0130/092001.273719:INFO:CONSOLE(128)] "currentLatencynow: 6.11", source: file:///home/seluser/ppt/player/dashjs/index.html (128)
[230:230:0130/092002.273914:INFO:CONSOLE(128)] "currentLatencynow: 6.01", source: file:///home/seluser/ppt/player/dashjs/index.html (128)
[230:230:0130/092003.273680:INFO:CONSOLE(128)] "currentLatencynow: 5.91", source: file:///home/seluser/ppt/player/dashjs/index.html (128)
[230:230:0130/092004.273782:INFO:CONSOLE(128)] "currentLatencynow: 5.81", source: file:///home/seluser/ppt/player/dashjs/index.html (128)
[230:230:0130/092005.273918:INFO:CONSOLE(128)] "currentLatencynow: 5.71", source: file:///home/seluser/ppt/player/dashjs/index.html (128)
[230:230:0130/092006.273790:INFO:CONSOLE(128)] "currentLatencynow: 5.61", source: file:///home/seluser/ppt/player/dashjs/index.html (128)
[230:230:0130/092007.273707:INFO:CONSOLE(128)] "currentLatencynow: 5.51", source: file:///home/seluser/ppt/player/dashjs/index.html (128)
[230:230:0130/092008.273762:INFO:CONSOLE(128)] "currentLatencynow: 5.41", source: file:///home/seluser/ppt/player/dashjs/index.html (128)
[230:230:0130/092009.273689:INFO:CONSOLE(128)] "currentLatencynow: 5.31", source: file:///home/seluser/ppt/player/dashjs/index.html (128)
[230:230:0130/092010.273739:INFO:CONSOLE(128)] "currentLatencynow: 5.21", source: file:///home/seluser/ppt/player/dashjs/index.html (128)
[230:230:0130/092011.273607:INFO:CONSOLE(128)] "currentLatencynow: 5.11", source: file:///home/seluser/ppt/player/dashjs/index.html (128)
[230:230:0130/092012.273683:INFO:CONSOLE(128)] "currentLatencynow: 5.01", source: file:///home/seluser/ppt/player/dashjs/index.html (128)
[230:230:0130/092013.273571:INFO:CONSOLE(128)] "currentLatencynow: 4.91", source: file:///home/seluser/ppt/player/dashjs/index.html (128)
[230:230:0130/092014.273868:INFO:CONSOLE(128)] "currentLatencynow: 4.81", source: file:///home/seluser/ppt/player/dashjs/index.html (128)
[230:230:0130/092015.273778:INFO:CONSOLE(128)] "currentLatencynow: 4.71", source: file:///home/seluser/ppt/player/dashjs/index.html (128)
[230:230:0130/092016.273686:INFO:CONSOLE(128)] "currentLatencynow: 4.61", source: file:///home/seluser/ppt/player/dashjs/index.html (128)
[230:230:0130/092017.273640:INFO:CONSOLE(128)] "currentLatencynow: 4.51", source: file:///home/seluser/ppt/player/dashjs/index.html (128)
[230:230:0130/092018.273736:INFO:CONSOLE(128)] "currentLatencynow: 4.414", source: file:///home/seluser/ppt/player/dashjs/index.html (128)
[230:230:0130/092019.273649:INFO:CONSOLE(128)] "currentLatencynow: 4.334", source: file:///home/seluser/ppt/player/dashjs/index.html (128)
[230:230:0130/092020.273694:INFO:CONSOLE(128)] "currentLatencynow: 4.255", source: file:///home/seluser/ppt/player/dashjs/index.html (128)
[230:230:0130/092021.273927:INFO:CONSOLE(128)] "currentLatencynow: 4.196", source: file:///home/seluser/ppt/player/dashjs/index.html (128)
[230:230:0130/092022.273658:INFO:CONSOLE(128)] "currentLatencynow: 4.14", source: file:///home/seluser/ppt/player/dashjs/index.html (128)
[230:230:0130/092023.273784:INFO:CONSOLE(128)] "currentLatencynow: 4.105", source: file:///home/seluser/ppt/player/dashjs/index.html (128)
[230:230:0130/092024.273744:INFO:CONSOLE(128)] "currentLatencynow: 4.071", source: file:///home/seluser/ppt/player/dashjs/index.html (128)
[230:230:0130/092025.273624:INFO:CONSOLE(128)] "currentLatencynow: 4.046", source: file:///home/seluser/ppt/player/dashjs/index.html (128)
[230:230:0130/092026.273699:INFO:CONSOLE(128)] "currentLatencynow: 4.032", source: file:///home/seluser/ppt/player/dashjs/index.html (128)
[230:230:0130/092027.273620:INFO:CONSOLE(128)] "currentLatencynow: 4.019", source: file:///home/seluser/ppt/player/dashjs/index.html (128)
[230:230:0130/092028.273627:INFO:CONSOLE(128)] "currentLatencynow: 4.018", source: file:///home/seluser/ppt/player/dashjs/index.html (128)
[230:230:0130/092029.273667:INFO:CONSOLE(128)] "currentLatencynow: 4.018", source: file:///home/seluser/ppt/player/dashjs/index.html (128)
[230:230:0130/092030.273736:INFO:CONSOLE(128)] "currentLatencynow: 4.018", source: file:///home/seluser/ppt/player/dashjs/index.html (128)
[230:230:0130/092031.273789:INFO:CONSOLE(128)] "currentLatencynow: 4.018", source: file:///home/seluser/ppt/player/dashjs/index.html (128)
[230:230:0130/092032.273637:INFO:CONSOLE(128)] "currentLatencynow: 4.018", source: file:///home/seluser/ppt/player/dashjs/index.html (128)
[230:230:0130/092033.273599:INFO:CONSOLE(128)] "currentLatencynow: 4.018", source: file:///home/seluser/ppt/player/dashjs/index.html (128)
[230:230:0130/092034.273772:INFO:CONSOLE(128)] "currentLatencynow: 4.018", source: file:///home/seluser/ppt/player/dashjs/index.html (128)
[230:230:0130/092035.273631:INFO:CONSOLE(128)] "currentLatencynow: 4.018", source: file:///home/seluser/ppt/player/dashjs/index.html (128)
[230:230:0130/092036.273780:INFO:CONSOLE(128)] "currentLatencynow: 4.018", source: file:///home/seluser/ppt/player/dashjs/index.html (128)
[230:230:0130/092037.273613:INFO:CONSOLE(128)] "currentLatencynow: 4.018", source: file:///home/seluser/ppt/player/dashjs/index.html (128)
[230:230:0130/092038.273598:INFO:CONSOLE(128)] "currentLatencynow: 4.018", source: file:///home/seluser/ppt/player/dashjs/index.html (128)
[230:230:0130/092039.273638:INFO:CONSOLE(128)] "currentLatencynow: 4.018", source: file:///home/seluser/ppt/player/dashjs/index.html (128)
[230:230:0130/092040.273783:INFO:CONSOLE(128)] "currentLatencynow: 4.018", source: file:///home/seluser/ppt/player/dashjs/index.html (128)
[230:230:0130/092041.273589:INFO:CONSOLE(128)] "currentLatencynow: 4.018", source: file:///home/seluser/ppt/player/dashjs/index.html (128)
[230:230:0130/092042.273598:INFO:CONSOLE(128)] "currentLatencynow: 4.018", source: file:///home/seluser/ppt/player/dashjs/index.html (128)
[230:230:0130/092043.273657:INFO:CONSOLE(128)] "currentLatencynow: 4.018", source: file:///home/seluser/ppt/player/dashjs/index.html (128)
[230:230:0130/092044.273722:INFO:CONSOLE(128)] "currentLatencynow: 4.018", source: file:///home/seluser/ppt/player/dashjs/index.html (128)
[230:230:0130/092045.273856:INFO:CONSOLE(128)] "currentLatencynow: 4.018", source: file:///home/seluser/ppt/player/dashjs/index.html (128)
[230:230:0130/092046.273580:INFO:CONSOLE(128)] "currentLatencynow: 4.018", source: file:///home/seluser/ppt/player/dashjs/index.html (128)
[230:230:0130/092047.273720:INFO:CONSOLE(128)] "currentLatencynow: 4.018", source: file:///home/seluser/ppt/player/dashjs/index.html (128)
[230:230:0130/092048.273703:INFO:CONSOLE(128)] "currentLatencynow: 4.018", source: file:///home/seluser/ppt/player/dashjs/index.html (128)
[230:230:0130/092049.273722:INFO:CONSOLE(128)] "currentLatencynow: 4.018", source: file:///home/seluser/ppt/player/dashjs/index.html (128)
[230:230:0130/092050.273730:INFO:CONSOLE(128)] "currentLatencynow: 4.018", source: file:///home/seluser/ppt/player/dashjs/index.html (128)
[230:230:0130/092051.273618:INFO:CONSOLE(128)] "currentLatencynow: 4.018", source: file:///home/seluser/ppt/player/dashjs/index.html (128)
[230:230:0130/092052.273667:INFO:CONSOLE(128)] "currentLatencynow: 4.018", source: file:///home/seluser/ppt/player/dashjs/index.html (128)
[230:230:0130/092053.273759:INFO:CONSOLE(128)] "currentLatencynow: 4.018", source: file:///home/seluser/ppt/player/dashjs/index.html (128)
[230:230:0130/092054.273732:INFO:CONSOLE(128)] "currentLatencynow: 4.018", source: file:///home/seluser/ppt/player/dashjs/index.html (128)
[230:230:0130/092055.273693:INFO:CONSOLE(128)] "currentLatencynow: 4.018", source: file:///home/seluser/ppt/player/dashjs/index.html (128)
[230:230:0130/092056.273614:INFO:CONSOLE(128)] "currentLatencynow: 4.018", source: file:///home/seluser/ppt/player/dashjs/index.html (128)
[230:230:0130/092057.273691:INFO:CONSOLE(128)] "currentLatencynow: 4.018", source: file:///home/seluser/ppt/player/dashjs/index.html (128)
[230:230:0130/092058.273681:INFO:CONSOLE(128)] "currentLatencynow: 4.018", source: file:///home/seluser/ppt/player/dashjs/index.html (128)
[230:230:0130/092059.273607:INFO:CONSOLE(128)] "currentLatencynow: 4.018", source: file:///home/seluser/ppt/player/dashjs/index.html (128)
[230:230:0130/092100.273578:INFO:CONSOLE(128)] "currentLatencynow: 4.018", source: file:///home/seluser/ppt/player/dashjs/index.html (128)
[230:230:0130/092101.273619:INFO:CONSOLE(128)] "currentLatencynow: 4.018", source: file:///home/seluser/ppt/player/dashjs/index.html (128)
[230:230:0130/092102.273656:INFO:CONSOLE(128)] "currentLatencynow: 4.018", source: file:///home/seluser/ppt/player/dashjs/index.html (128)
[230:230:0130/092103.274030:INFO:CONSOLE(128)] "currentLatencynow: 4.018", source: file:///home/seluser/ppt/player/dashjs/index.html (128)
[230:230:0130/092104.273573:INFO:CONSOLE(128)] "currentLatencynow: 4.018", source: file:///home/seluser/ppt/player/dashjs/index.html (128)
[230:230:0130/092105.273675:INFO:CONSOLE(128)] "currentLatencynow: 4.018", source: file:///home/seluser/ppt/player/dashjs/index.html (128)
[230:230:0130/092106.273600:INFO:CONSOLE(128)] "currentLatencynow: 4.018", source: file:///home/seluser/ppt/player/dashjs/index.html (128)
[230:230:0130/092107.273742:INFO:CONSOLE(128)] "currentLatencynow: 4.018", source: file:///home/seluser/ppt/player/dashjs/index.html (128)
[230:230:0130/092108.273748:INFO:CONSOLE(128)] "currentLatencynow: 4.018", source: file:///home/seluser/ppt/player/dashjs/index.html (128)
[230:230:0130/092109.273739:INFO:CONSOLE(128)] "currentLatencynow: 4.018", source: file:///home/seluser/ppt/player/dashjs/index.html (128)
[230:230:0130/092110.273657:INFO:CONSOLE(128)] "currentLatencynow: 4.018", source: file:///home/seluser/ppt/player/dashjs/index.html (128)
[230:230:0130/092111.273557:INFO:CONSOLE(128)] "currentLatencynow: 4.018", source: file:///home/seluser/ppt/player/dashjs/index.html (128)
[230:230:0130/092112.273599:INFO:CONSOLE(128)] "currentLatencynow: 4.018", source: file:///home/seluser/ppt/player/dashjs/index.html (128)
[230:230:0130/092113.273848:INFO:CONSOLE(128)] "currentLatencynow: 4.018", source: file:///home/seluser/ppt/player/dashjs/index.html (128)
[230:230:0130/092114.273780:INFO:CONSOLE(128)] "currentLatencynow: 4.018", source: file:///home/seluser/ppt/player/dashjs/index.html (128)
[230:230:0130/092115.273771:INFO:CONSOLE(128)] "currentLatencynow: 4.018", source: file:///home/seluser/ppt/player/dashjs/index.html (128)
[230:230:0130/092116.273558:INFO:CONSOLE(128)] "currentLatencynow: 4.018", source: file:///home/seluser/ppt/player/dashjs/index.html (128)
[230:230:0130/092117.273563:INFO:CONSOLE(128)] "currentLatencynow: 4.018", source: file:///home/seluser/ppt/player/dashjs/index.html (128)
[230:230:0130/092118.273658:INFO:CONSOLE(128)] "currentLatencynow: 4.018", source: file:///home/seluser/ppt/player/dashjs/index.html (128)
[230:230:0130/092119.273789:INFO:CONSOLE(128)] "currentLatencynow: 4.018", source: file:///home/seluser/ppt/player/dashjs/index.html (128)
[230:230:0130/092120.273597:INFO:CONSOLE(128)] "currentLatencynow: 4.018", source: file:///home/seluser/ppt/player/dashjs/index.html (128)
[230:230:0130/092121.273837:INFO:CONSOLE(128)] "currentLatencynow: 4.018", source: file:///home/seluser/ppt/player/dashjs/index.html (128)
[230:230:0130/092122.273573:INFO:CONSOLE(128)] "currentLatencynow: 4.018", source: file:///home/seluser/ppt/player/dashjs/index.html (128)
[230:230:0130/092123.274135:INFO:CONSOLE(128)] "currentLatencynow: 4.018", source: file:///home/seluser/ppt/player/dashjs/index.html (128)
[230:230:0130/092124.273794:INFO:CONSOLE(128)] "currentLatencynow: 4.018", source: file:///home/seluser/ppt/player/dashjs/index.html (128)
[230:230:0130/092125.273881:INFO:CONSOLE(128)] "currentLatencynow: 4.018", source: file:///home/seluser/ppt/player/dashjs/index.html (128)
[230:230:0130/092126.273570:INFO:CONSOLE(128)] "currentLatencynow: 4.018", source: file:///home/seluser/ppt/player/dashjs/index.html (128)
[230:230:0130/092127.273612:INFO:CONSOLE(128)] "currentLatencynow: 4.018", source: file:///home/seluser/ppt/player/dashjs/index.html (128)
[230:230:0130/092128.273872:INFO:CONSOLE(128)] "currentLatencynow: 4.018", source: file:///home/seluser/ppt/player/dashjs/index.html (128)
[230:230:0130/092129.273627:INFO:CONSOLE(128)] "currentLatencynow: 4.018", source: file:///home/seluser/ppt/player/dashjs/index.html (128)
[230:230:0130/092130.273937:INFO:CONSOLE(128)] "currentLatencynow: 4.018", source: file:///home/seluser/ppt/player/dashjs/index.html (128)
[230:230:0130/092131.273893:INFO:CONSOLE(128)] "currentLatencynow: 4.018", source: file:///home/seluser/ppt/player/dashjs/index.html (128)
[230:230:0130/092132.273662:INFO:CONSOLE(128)] "currentLatencynow: 4.018", source: file:///home/seluser/ppt/player/dashjs/index.html (128)
[230:230:0130/092133.273559:INFO:CONSOLE(128)] "currentLatencynow: 4.018", source: file:///home/seluser/ppt/player/dashjs/index.html (128)
[230:230:0130/092134.273719:INFO:CONSOLE(128)] "currentLatencynow: 4.018", source: file:///home/seluser/ppt/player/dashjs/index.html (128)
[230:230:0130/092135.273628:INFO:CONSOLE(128)] "currentLatencynow: 4.018", source: file:///home/seluser/ppt/player/dashjs/index.html (128)
[230:230:0130/092136.273739:INFO:CONSOLE(128)] "currentLatencynow: 4.018", source: file:///home/seluser/ppt/player/dashjs/index.html (128)
[230:230:0130/092137.273675:INFO:CONSOLE(128)] "currentLatencynow: 4.018", source: file:///home/seluser/ppt/player/dashjs/index.html (128)
[230:230:0130/092138.273710:INFO:CONSOLE(128)] "currentLatencynow: 4.018", source: file:///home/seluser/ppt/player/dashjs/index.html (128)
[230:230:0130/092139.273614:INFO:CONSOLE(128)] "currentLatencynow: 4.018", source: file:///home/seluser/ppt/player/dashjs/index.html (128)
[230:230:0130/092140.273698:INFO:CONSOLE(128)] "currentLatencynow: 4.018", source: file:///home/seluser/ppt/player/dashjs/index.html (128)
[230:230:0130/092141.273715:INFO:CONSOLE(128)] "currentLatencynow: 4.018", source: file:///home/seluser/ppt/player/dashjs/index.html (128)
[230:230:0130/092142.273614:INFO:CONSOLE(128)] "currentLatencynow: 4.018", source: file:///home/seluser/ppt/player/dashjs/index.html (128)
[230:230:0130/092143.274289:INFO:CONSOLE(114)] "Begin Player stistics 
", source: file:///home/seluser/ppt/player/dashjs/index.html (114)
[230:230:0130/092143.274750:INFO:CONSOLE(115)] "["stall",[["1.38","2.93",1.5500000000000003]],[["3.63","3.88",0.25]],[["availibleBW",[null],[null],[3773],[3773],[3773],[3763],[3763],[3763],[3763],[3761],[3758],[3761],[3764],[3764],[3762],[3762],[3758],[3758],[3756],[3756],[3752],[3752],[3755],[3755],[3758],[3757],[3757],[3757],[3769],[3769],[3761],[3761],[3760],[3760],[3765],[3765],[3766],[3766],[3728],[3728],[3735],[3735],[3722],[3722],[3715],[3715],[3742],[3742],[3729],[3729],[3735],[3735],[3734],[3734],[3731],[3731],[3741],[3741],[3740],[3740],[3742],[3742],[3755],[3755],[3756],[3756],[3756],[3756],[3757],[3757],[3739],[3739],[3734],[3734],[3736],[3736],[3733],[3733],[3753],[3753],[3750],[3750],[3753],[3753],[3748],[3748],[3745],[3745],[3743],[3743],[3741],[3741],[3745],[3745],[3748],[3748],[3742],[3742],[3743],[3743],[3735],[3735],[3718],[3718],[3735],[3735],[3731],[3731],[3744],[3744],[3764],[3764],[3761],[3761],[3763],[3763],[3762],[3762],[3742]]],[["currentBuffer",[0],[0],[0.712],[0.046],[0],[0.262],[0],[0],[0],[0.266],[1.226],[2.128],[5.032],[3.912],[4.834],[3.734],[4.636],[3.536],[4.438],[3.338],[4.24],[3.14],[4.042],[2.942],[3.844],[4.723],[3.646],[2.526],[3.448],[2.348],[3.25],[2.15],[3.052],[1.952],[2.858],[1.778],[2.7],[1.642],[2.587],[1.551],[2.519],[1.494],[2.482],[1.469],[2.47],[1.47],[2.472],[1.472],[2.474],[1.474],[2.476],[1.476],[2.478],[1.478],[2.48],[1.48],[2.482],[1.482],[2.484],[1.484],[2.486],[1.486],[2.488],[1.488],[2.49],[1.49],[2.492],[1.492],[2.494],[1.494],[2.496],[1.496],[2.498],[1.498],[2.5],[1.5],[2.502],[1.502],[2.504],[1.504],[2.506],[1.505],[2.508],[1.508],[2.51],[1.51],[2.512],[1.512],[2.514],[1.514],[2.515],[1.516],[2.518],[1.518],[2.52],[1.52],[2.522],[1.522],[2.524],[1.524],[2.526],[1.526],[2.528],[1.528],[2.53],[1.53],[2.532],[1.532],[2.533],[1.533],[2.536],[1.536],[2.538],[1.538],[2.54],[1.54],[2.542],[1.542],[2.544]]],[["currentLatency",[0],[5.334],[6.174],[6.666],[6.854],[6.854],[6.854],[6.854],[6.854],[6.854],[6.81],[6.71],[6.61],[6.51],[6.41],[6.31],[6.21],[6.11],[6.01],[5.91],[5.81],[5.71],[5.61],[5.51],[5.41],[5.31],[5.21],[5.11],[5.01],[4.91],[4.81],[4.71],[4.61],[4.51],[4.414],[4.334],[4.255],[4.196],[4.14],[4.105],[4.071],[4.046],[4.032],[4.019],[4.018],[4.018],[4.018],[4.018],[4.018],[4.018],[4.018],[4.018],[4.018],[4.018],[4.018],[4.018],[4.018],[4.018],[4.018],[4.018],[4.018],[4.018],[4.018],[4.018],[4.018],[4.018],[4.018],[4.018],[4.018],[4.018],[4.018],[4.018],[4.018],[4.018],[4.018],[4.018],[4.018],[4.018],[4.018],[4.018],[4.018],[4.018],[4.018],[4.018],[4.018],[4.018],[4.018],[4.018],[4.018],[4.018],[4.018],[4.018],[4.018],[4.018],[4.018],[4.018],[4.018],[4.018],[4.018],[4.018],[4.018],[4.018],[4.018],[4.018],[4.018],[4.018],[4.018],[4.018],[4.018],[4.018],[4.018],[4.018],[4.018],[4.018],[4.018],[4.018],[4.018],[4.018],[4.018]]]]", source: file:///home/seluser/ppt/player/dashjs/index.html (115)
[230:230:0130/092143.274919:INFO:CONSOLE(116)] "
", source: file:///home/seluser/ppt/player/dashjs/index.html (116)
[230:230:0130/092143.275030:INFO:CONSOLE(117)] "Finish Player stistics 
", source: file:///home/seluser/ppt/player/dashjs/index.html (117)
[230:230:0130/092143.275059:INFO:CONSOLE(128)] "currentLatencynow: 4.018", source: file:///home/seluser/ppt/player/dashjs/index.html (128)
[230:230:0130/092144.273628:INFO:CONSOLE(128)] "currentLatencynow: 4.018", source: file:///home/seluser/ppt/player/dashjs/index.html (128)
[230:230:0130/092145.273688:INFO:CONSOLE(128)] "currentLatencynow: 4.018", source: file:///home/seluser/ppt/player/dashjs/index.html (128)
[230:230:0130/092146.273730:INFO:CONSOLE(128)] "currentLatencynow: 4.018", source: file:///home/seluser/ppt/player/dashjs/index.html (128)
[230:230:0130/092147.273699:INFO:CONSOLE(128)] "currentLatencynow: 4.018", source: file:///home/seluser/ppt/player/dashjs/index.html (128)
[230:230:0130/092148.273640:INFO:CONSOLE(128)] "currentLatencynow: 4.018", source: file:///home/seluser/ppt/player/dashjs/index.html (128)
[230:230:0130/092149.273738:INFO:CONSOLE(128)] "currentLatencynow: 4.018", source: file:///home/seluser/ppt/player/dashjs/index.html (128)
[230:230:0130/092150.273733:INFO:CONSOLE(128)] "currentLatencynow: 4.018", source: file:///home/seluser/ppt/player/dashjs/index.html (128)
[230:230:0130/092151.273640:INFO:CONSOLE(128)] "currentLatencynow: 4.018", source: file:///home/seluser/ppt/player/dashjs/index.html (128)
[230:230:0130/092152.273742:INFO:CONSOLE(128)] "currentLatencynow: 4.018", source: file:///home/seluser/ppt/player/dashjs/index.html (128)
[230:230:0130/092153.273741:INFO:CONSOLE(128)] "currentLatencynow: 4.018", source: file:///home/seluser/ppt/player/dashjs/index.html (128)
[230:230:0130/092154.273598:INFO:CONSOLE(128)] "currentLatencynow: 4.018", source: file:///home/seluser/ppt/player/dashjs/index.html (128)
[230:230:0130/092155.273781:INFO:CONSOLE(128)] "currentLatencynow: 4.018", source: file:///home/seluser/ppt/player/dashjs/index.html (128)
[230:230:0130/092156.273635:INFO:CONSOLE(128)] "currentLatencynow: 4.018", source: file:///home/seluser/ppt/player/dashjs/index.html (128)
[230:230:0130/092157.273659:INFO:CONSOLE(128)] "currentLatencynow: 4.018", source: file:///home/seluser/ppt/player/dashjs/index.html (128)
[230:230:0130/092158.273792:INFO:CONSOLE(128)] "currentLatencynow: 4.018", source: file:///home/seluser/ppt/player/dashjs/index.html (128)
[230:230:0130/092159.273851:INFO:CONSOLE(128)] "currentLatencynow: 4.018", source: file:///home/seluser/ppt/player/dashjs/index.html (128)
[230:230:0130/092200.273738:INFO:CONSOLE(128)] "currentLatencynow: 4.018", source: file:///home/seluser/ppt/player/dashjs/index.html (128)
[230:230:0130/092201.273579:INFO:CONSOLE(128)] "currentLatencynow: 4.018", source: file:///home/seluser/ppt/player/dashjs/index.html (128)
[230:230:0130/092202.273683:INFO:CONSOLE(128)] "currentLatencynow: 4.018", source: file:///home/seluser/ppt/player/dashjs/index.html (128)
[230:230:0130/092203.273612:INFO:CONSOLE(128)] "currentLatencynow: 4.018", source: file:///home/seluser/ppt/player/dashjs/index.html (128)
[230:230:0130/092204.273576:INFO:CONSOLE(128)] "currentLatencynow: 4.018", source: file:///home/seluser/ppt/player/dashjs/index.html (128)
[230:230:0130/092205.273563:INFO:CONSOLE(128)] "currentLatencynow: 4.018", source: file:///home/seluser/ppt/player/dashjs/index.html (128)
[230:230:0130/092206.273565:INFO:CONSOLE(128)] "currentLatencynow: 4.018", source: file:///home/seluser/ppt/player/dashjs/index.html (128)
[230:230:0130/092207.273633:INFO:CONSOLE(128)] "currentLatencynow: 4.018", source: file:///home/seluser/ppt/player/dashjs/index.html (128)
[230:230:0130/092208.273705:INFO:CONSOLE(128)] "currentLatencynow: 4.018", source: file:///home/seluser/ppt/player/dashjs/index.html (128)
[230:230:0130/092209.273653:INFO:CONSOLE(128)] "currentLatencynow: 4.018", source: file:///home/seluser/ppt/player/dashjs/index.html (128)
[230:230:0130/092210.273714:INFO:CONSOLE(128)] "currentLatencynow: 4.018", source: file:///home/seluser/ppt/player/dashjs/index.html (128)
[230:230:0130/092211.273637:INFO:CONSOLE(128)] "currentLatencynow: 4.018", source: file:///home/seluser/ppt/player/dashjs/index.html (128)
[230:230:0130/092212.273597:INFO:CONSOLE(128)] "currentLatencynow: 4.018", source: file:///home/seluser/ppt/player/dashjs/index.html (128)
[230:230:0130/092213.273575:INFO:CONSOLE(128)] "currentLatencynow: 4.018", source: file:///home/seluser/ppt/player/dashjs/index.html (128)
[230:230:0130/092214.273571:INFO:CONSOLE(128)] "currentLatencynow: 4.018", source: file:///home/seluser/ppt/player/dashjs/index.html (128)
[230:230:0130/092215.273616:INFO:CONSOLE(128)] "currentLatencynow: 4.018", source: file:///home/seluser/ppt/player/dashjs/index.html (128)
[230:230:0130/092216.273614:INFO:CONSOLE(128)] "currentLatencynow: 4.018", source: file:///home/seluser/ppt/player/dashjs/index.html (128)
[230:230:0130/092217.273601:INFO:CONSOLE(128)] "currentLatencynow: 4.018", source: file:///home/seluser/ppt/player/dashjs/index.html (128)
[230:230:0130/092218.273694:INFO:CONSOLE(128)] "currentLatencynow: 4.018", source: file:///home/seluser/ppt/player/dashjs/index.html (128)
[230:230:0130/092219.273727:INFO:CONSOLE(128)] "currentLatencynow: 4.018", source: file:///home/seluser/ppt/player/dashjs/index.html (128)
[230:230:0130/092220.273584:INFO:CONSOLE(128)] "currentLatencynow: 4.018", source: file:///home/seluser/ppt/player/dashjs/index.html (128)
[230:230:0130/092221.273706:INFO:CONSOLE(128)] "currentLatencynow: 4.018", source: file:///home/seluser/ppt/player/dashjs/index.html (128)
[230:230:0130/092222.273730:INFO:CONSOLE(128)] "currentLatencynow: 4.018", source: file:///home/seluser/ppt/player/dashjs/index.html (128)
[230:230:0130/092223.273755:INFO:CONSOLE(128)] "currentLatencynow: 4.018", source: file:///home/seluser/ppt/player/dashjs/index.html (128)
[230:230:0130/092224.273689:INFO:CONSOLE(128)] "currentLatencynow: 4.018", source: file:///home/seluser/ppt/player/dashjs/index.html (128)
[230:230:0130/092225.273757:INFO:CONSOLE(128)] "currentLatencynow: 4.018", source: file:///home/seluser/ppt/player/dashjs/index.html (128)
[230:230:0130/092226.273712:INFO:CONSOLE(128)] "currentLatencynow: 4.018", source: file:///home/seluser/ppt/player/dashjs/index.html (128)
[230:230:0130/092227.274037:INFO:CONSOLE(128)] "currentLatencynow: 4.018", source: file:///home/seluser/ppt/player/dashjs/index.html (128)
[230:230:0130/092228.273605:INFO:CONSOLE(128)] "currentLatencynow: 4.018", source: file:///home/seluser/ppt/player/dashjs/index.html (128)
[230:230:0130/092229.273779:INFO:CONSOLE(128)] "currentLatencynow: 4.018", source: file:///home/seluser/ppt/player/dashjs/index.html (128)
[230:230:0130/092230.273726:INFO:CONSOLE(128)] "currentLatencynow: 4.018", source: file:///home/seluser/ppt/player/dashjs/index.html (128)
[230:230:0130/092231.273741:INFO:CONSOLE(128)] "currentLatencynow: 4.018", source: file:///home/seluser/ppt/player/dashjs/index.html (128)
[230:230:0130/092232.273626:INFO:CONSOLE(128)] "currentLatencynow: 4.018", source: file:///home/seluser/ppt/player/dashjs/index.html (128)
[230:230:0130/092233.273809:INFO:CONSOLE(128)] "currentLatencynow: 4.018", source: file:///home/seluser/ppt/player/dashjs/index.html (128)
[230:230:0130/092234.273592:INFO:CONSOLE(128)] "currentLatencynow: 4.018", source: file:///home/seluser/ppt/player/dashjs/index.html (128)
[230:230:0130/092235.273749:INFO:CONSOLE(128)] "currentLatencynow: 4.018", source: file:///home/seluser/ppt/player/dashjs/index.html (128)
[230:230:0130/092236.273581:INFO:CONSOLE(128)] "currentLatencynow: 4.018", source: file:///home/seluser/ppt/player/dashjs/index.html (128)
[230:230:0130/092237.273789:INFO:CONSOLE(128)] "currentLatencynow: 4.018", source: file:///home/seluser/ppt/player/dashjs/index.html (128)
[230:230:0130/092238.273765:INFO:CONSOLE(128)] "currentLatencynow: 4.018", source: file:///home/seluser/ppt/player/dashjs/index.html (128)
[230:230:0130/092239.273752:INFO:CONSOLE(128)] "currentLatencynow: 4.018", source: file:///home/seluser/ppt/player/dashjs/index.html (128)
[230:230:0130/092240.273687:INFO:CONSOLE(128)] "currentLatencynow: 4.018", source: file:///home/seluser/ppt/player/dashjs/index.html (128)
[230:230:0130/092241.273672:INFO:CONSOLE(128)] "currentLatencynow: 4.018", source: file:///home/seluser/ppt/player/dashjs/index.html (128)
[230:230:0130/092242.273568:INFO:CONSOLE(128)] "currentLatencynow: 4.018", source: file:///home/seluser/ppt/player/dashjs/index.html (128)
