[230:294:0130/091943.143034:ERROR:bus.cc(392)] Failed to connect to the bus: Failed to connect to socket /var/run/dbus/system_bus_socket: No such file or directory
[230:257:0130/091943.145064:ERROR:bus.cc(392)] Failed to connect to the bus: Address does not contain a colon
[230:257:0130/091943.145145:ERROR:bus.cc(392)] Failed to connect to the bus: Address does not contain a colon
[230:257:0130/091943.158188:ERROR:bus.cc(392)] Failed to connect to the bus: Address does not contain a colon
[230:257:0130/091943.158265:ERROR:bus.cc(392)] Failed to connect to the bus: Address does not contain a colon
[300:300:0130/091943.160179:ERROR:gpu_init.cc(453)] Passthrough is not supported, GL is swiftshader, ANGLE is 
[230:257:0130/091943.185925:ERROR:bus.cc(392)] Failed to connect to the bus: Address does not contain a colon
[230:257:0130/091943.185966:ERROR:bus.cc(392)] Failed to connect to the bus: Address does not contain a colon
[230:393:0130/091943.273801:ERROR:bus.cc(392)] Failed to connect to the bus: Failed to connect to socket /var/run/dbus/system_bus_socket: No such file or directory
[230:393:0130/091943.273921:ERROR:bus.cc(392)] Failed to connect to the bus: Failed to connect to socket /var/run/dbus/system_bus_socket: No such file or directory
[230:393:0130/091943.274007:ERROR:bus.cc(392)] Failed to connect to the bus: Failed to connect to socket /var/run/dbus/system_bus_socket: No such file or directory
[230:393:0130/091943.274951:WARNING:property.cc(144)] DaemonVersion: GetAndBlock: failed.
[230:393:0130/091943.275153:ERROR:bus.cc(392)] Failed to connect to the bus: Failed to connect to socket /var/run/dbus/system_bus_socket: No such file or directory
[230:393:0130/091943.275204:ERROR:bus.cc(392)] Failed to connect to the bus: Failed to connect to socket /var/run/dbus/system_bus_socket: No such file or directory
[230:230:0130/091944.537192:INFO:CONSOLE(128)] "currentLatencynow: 0", source: file:///home/seluser/ppt/player/dashjs/index.html (128)
[437:437:0130/091944.876329:WARNING:audio_manager_linux.cc(69)] Falling back to ALSA for audio output. PulseAudio is not available or could not be initialized.
[437:437:0130/091944.881142:ERROR:alsa_util.cc(204)] PcmOpen: default,No such file or directory
[437:437:0130/091944.881243:ERROR:alsa_util.cc(204)] PcmOpen: plug:default,No such file or directory
[230:251:0130/091945.346205:ERROR:chrome_browser_main_extra_parts_metrics.cc(228)] crbug.com/1216328: Checking Bluetooth availability started. Please report if there is no report that this ends.
[230:251:0130/091945.346255:ERROR:chrome_browser_main_extra_parts_metrics.cc(231)] crbug.com/1216328: Checking Bluetooth availability ended.
[230:251:0130/091945.346267:ERROR:chrome_browser_main_extra_parts_metrics.cc(234)] crbug.com/1216328: Checking default browser status started. Please report if there is no report that this ends.
[230:230:0130/091945.537519:INFO:CONSOLE(128)] "currentLatencynow: 5.265", source: file:///home/seluser/ppt/player/dashjs/index.html (128)
[230:251:0130/091945.544462:ERROR:chrome_browser_main_extra_parts_metrics.cc(238)] crbug.com/1216328: Checking default browser status ended.
[230:257:0130/091946.285777:ERROR:bus.cc(392)] Failed to connect to the bus: Address does not contain a colon
[230:257:0130/091946.285878:ERROR:bus.cc(392)] Failed to connect to the bus: Address does not contain a colon
[230:257:0130/091946.285898:ERROR:bus.cc(392)] Failed to connect to the bus: Address does not contain a colon
[230:257:0130/091946.285913:ERROR:bus.cc(392)] Failed to connect to the bus: Address does not contain a colon
[230:257:0130/091946.285928:ERROR:bus.cc(392)] Failed to connect to the bus: Address does not contain a colon
[230:257:0130/091946.285942:ERROR:bus.cc(392)] Failed to connect to the bus: Address does not contain a colon
[230:257:0130/091946.285957:ERROR:bus.cc(392)] Failed to connect to the bus: Address does not contain a colon
[230:257:0130/091946.285971:ERROR:bus.cc(392)] Failed to connect to the bus: Address does not contain a colon
[230:257:0130/091946.285985:ERROR:bus.cc(392)] Failed to connect to the bus: Address does not contain a colon
[230:257:0130/091946.286947:ERROR:bus.cc(392)] Failed to connect to the bus: Address does not contain a colon
[230:257:0130/091946.286969:ERROR:bus.cc(392)] Failed to connect to the bus: Address does not contain a colon
[230:257:0130/091946.286979:ERROR:bus.cc(392)] Failed to connect to the bus: Address does not contain a colon
[230:257:0130/091946.286990:ERROR:bus.cc(392)] Failed to connect to the bus: Address does not contain a colon
[230:257:0130/091946.287004:ERROR:bus.cc(392)] Failed to connect to the bus: Address does not contain a colon
[230:257:0130/091946.289667:ERROR:bus.cc(392)] Failed to connect to the bus: Address does not contain a colon
[230:257:0130/091946.289694:ERROR:bus.cc(392)] Failed to connect to the bus: Address does not contain a colon
[230:257:0130/091946.289716:ERROR:bus.cc(392)] Failed to connect to the bus: Address does not contain a colon
[230:257:0130/091946.350900:ERROR:bus.cc(392)] Failed to connect to the bus: Address does not contain a colon
[230:257:0130/091946.350931:ERROR:bus.cc(392)] Failed to connect to the bus: Address does not contain a colon
[230:230:0130/091946.537083:INFO:CONSOLE(128)] "currentLatencynow: 6.076", source: file:///home/seluser/ppt/player/dashjs/index.html (128)
[230:230:0130/091947.537326:INFO:CONSOLE(128)] "currentLatencynow: 6.909", source: file:///home/seluser/ppt/player/dashjs/index.html (128)
[230:230:0130/091948.537137:INFO:CONSOLE(128)] "currentLatencynow: 7.125", source: file:///home/seluser/ppt/player/dashjs/index.html (128)
[230:230:0130/091949.537232:INFO:CONSOLE(128)] "currentLatencynow: 7.125", source: file:///home/seluser/ppt/player/dashjs/index.html (128)
[230:230:0130/091950.537167:INFO:CONSOLE(128)] "currentLatencynow: 7.125", source: file:///home/seluser/ppt/player/dashjs/index.html (128)
[230:230:0130/091951.537404:INFO:CONSOLE(128)] "currentLatencynow: 7.125", source: file:///home/seluser/ppt/player/dashjs/index.html (128)
[230:230:0130/091952.537287:INFO:CONSOLE(128)] "currentLatencynow: 7.074", source: file:///home/seluser/ppt/player/dashjs/index.html (128)
[230:230:0130/091953.537252:INFO:CONSOLE(128)] "currentLatencynow: 6.976", source: file:///home/seluser/ppt/player/dashjs/index.html (128)
[230:230:0130/091954.537177:INFO:CONSOLE(128)] "currentLatencynow: 6.9", source: file:///home/seluser/ppt/player/dashjs/index.html (128)
[230:230:0130/091955.537431:INFO:CONSOLE(128)] "currentLatencynow: 6.8", source: file:///home/seluser/ppt/player/dashjs/index.html (128)
[230:230:0130/091956.537369:INFO:CONSOLE(128)] "currentLatencynow: 6.7", source: file:///home/seluser/ppt/player/dashjs/index.html (128)
[230:230:0130/091957.537687:INFO:CONSOLE(128)] "currentLatencynow: 6.678", source: file:///home/seluser/ppt/player/dashjs/index.html (128)
[230:230:0130/091958.537407:INFO:CONSOLE(128)] "currentLatencynow: 6.677", source: file:///home/seluser/ppt/player/dashjs/index.html (128)
[230:230:0130/091959.537460:INFO:CONSOLE(128)] "currentLatencynow: 6.651", source: file:///home/seluser/ppt/player/dashjs/index.html (128)
[230:230:0130/092000.537464:INFO:CONSOLE(128)] "currentLatencynow: 6.55", source: file:///home/seluser/ppt/player/dashjs/index.html (128)
[230:230:0130/092001.537254:INFO:CONSOLE(128)] "currentLatencynow: 6.45", source: file:///home/seluser/ppt/player/dashjs/index.html (128)
[230:230:0130/092002.537281:INFO:CONSOLE(128)] "currentLatencynow: 6.35", source: file:///home/seluser/ppt/player/dashjs/index.html (128)
[230:230:0130/092003.537456:INFO:CONSOLE(128)] "currentLatencynow: 6.25", source: file:///home/seluser/ppt/player/dashjs/index.html (128)
[230:230:0130/092004.537182:INFO:CONSOLE(128)] "currentLatencynow: 6.15", source: file:///home/seluser/ppt/player/dashjs/index.html (128)
[230:230:0130/092005.537269:INFO:CONSOLE(128)] "currentLatencynow: 6.05", source: file:///home/seluser/ppt/player/dashjs/index.html (128)
[230:230:0130/092006.537339:INFO:CONSOLE(128)] "currentLatencynow: 5.951", source: file:///home/seluser/ppt/player/dashjs/index.html (128)
[230:230:0130/092007.537221:INFO:CONSOLE(128)] "currentLatencynow: 5.85", source: file:///home/seluser/ppt/player/dashjs/index.html (128)
[230:230:0130/092008.537314:INFO:CONSOLE(128)] "currentLatencynow: 5.75", source: file:///home/seluser/ppt/player/dashjs/index.html (128)
[230:230:0130/092009.537299:INFO:CONSOLE(128)] "currentLatencynow: 5.65", source: file:///home/seluser/ppt/player/dashjs/index.html (128)
[230:230:0130/092010.537274:INFO:CONSOLE(128)] "currentLatencynow: 5.55", source: file:///home/seluser/ppt/player/dashjs/index.html (128)
[230:230:0130/092011.537347:INFO:CONSOLE(128)] "currentLatencynow: 5.45", source: file:///home/seluser/ppt/player/dashjs/index.html (128)
[230:230:0130/092012.537193:INFO:CONSOLE(128)] "currentLatencynow: 5.35", source: file:///home/seluser/ppt/player/dashjs/index.html (128)
[230:230:0130/092013.537284:INFO:CONSOLE(128)] "currentLatencynow: 5.25", source: file:///home/seluser/ppt/player/dashjs/index.html (128)
[230:230:0130/092014.537254:INFO:CONSOLE(128)] "currentLatencynow: 5.15", source: file:///home/seluser/ppt/player/dashjs/index.html (128)
[230:230:0130/092015.537185:INFO:CONSOLE(128)] "currentLatencynow: 5.05", source: file:///home/seluser/ppt/player/dashjs/index.html (128)
[230:230:0130/092016.537267:INFO:CONSOLE(128)] "currentLatencynow: 4.95", source: file:///home/seluser/ppt/player/dashjs/index.html (128)
[230:230:0130/092017.537276:INFO:CONSOLE(128)] "currentLatencynow: 4.851", source: file:///home/seluser/ppt/player/dashjs/index.html (128)
[230:230:0130/092018.537226:INFO:CONSOLE(128)] "currentLatencynow: 4.851", source: file:///home/seluser/ppt/player/dashjs/index.html (128)
[230:230:0130/092019.537314:INFO:CONSOLE(128)] "currentLatencynow: 4.798", source: file:///home/seluser/ppt/player/dashjs/index.html (128)
[230:230:0130/092020.537200:INFO:CONSOLE(128)] "currentLatencynow: 4.701", source: file:///home/seluser/ppt/player/dashjs/index.html (128)
[230:230:0130/092021.538057:INFO:CONSOLE(128)] "currentLatencynow: 4.604", source: file:///home/seluser/ppt/player/dashjs/index.html (128)
[230:230:0130/092022.537291:INFO:CONSOLE(128)] "currentLatencynow: 4.507", source: file:///home/seluser/ppt/player/dashjs/index.html (128)
[230:230:0130/092023.537174:INFO:CONSOLE(128)] "currentLatencynow: 4.41", source: file:///home/seluser/ppt/player/dashjs/index.html (128)
[230:230:0130/092024.537282:INFO:CONSOLE(128)] "currentLatencynow: 4.329", source: file:///home/seluser/ppt/player/dashjs/index.html (128)
[230:230:0130/092025.537331:INFO:CONSOLE(128)] "currentLatencynow: 4.253", source: file:///home/seluser/ppt/player/dashjs/index.html (128)
[230:230:0130/092026.537309:INFO:CONSOLE(128)] "currentLatencynow: 4.194", source: file:///home/seluser/ppt/player/dashjs/index.html (128)
[230:230:0130/092027.537314:INFO:CONSOLE(128)] "currentLatencynow: 4.14", source: file:///home/seluser/ppt/player/dashjs/index.html (128)
[230:230:0130/092028.537323:INFO:CONSOLE(128)] "currentLatencynow: 4.103", source: file:///home/seluser/ppt/player/dashjs/index.html (128)
[230:230:0130/092029.537313:INFO:CONSOLE(128)] "currentLatencynow: 4.071", source: file:///home/seluser/ppt/player/dashjs/index.html (128)
[230:230:0130/092030.537348:INFO:CONSOLE(128)] "currentLatencynow: 4.039", source: file:///home/seluser/ppt/player/dashjs/index.html (128)
[230:230:0130/092031.537295:INFO:CONSOLE(128)] "currentLatencynow: 4.029", source: file:///home/seluser/ppt/player/dashjs/index.html (128)
[230:230:0130/092032.537358:INFO:CONSOLE(128)] "currentLatencynow: 4.019", source: file:///home/seluser/ppt/player/dashjs/index.html (128)
[230:230:0130/092033.537309:INFO:CONSOLE(128)] "currentLatencynow: 4.019", source: file:///home/seluser/ppt/player/dashjs/index.html (128)
[230:230:0130/092034.537268:INFO:CONSOLE(128)] "currentLatencynow: 4.019", source: file:///home/seluser/ppt/player/dashjs/index.html (128)
[230:230:0130/092035.537351:INFO:CONSOLE(128)] "currentLatencynow: 4.019", source: file:///home/seluser/ppt/player/dashjs/index.html (128)
[230:230:0130/092036.537294:INFO:CONSOLE(128)] "currentLatencynow: 4.019", source: file:///home/seluser/ppt/player/dashjs/index.html (128)
[230:230:0130/092037.537253:INFO:CONSOLE(128)] "currentLatencynow: 4.019", source: file:///home/seluser/ppt/player/dashjs/index.html (128)
[230:230:0130/092038.537294:INFO:CONSOLE(128)] "currentLatencynow: 4.019", source: file:///home/seluser/ppt/player/dashjs/index.html (128)
[230:230:0130/092039.537289:INFO:CONSOLE(128)] "currentLatencynow: 4.019", source: file:///home/seluser/ppt/player/dashjs/index.html (128)
[230:230:0130/092040.537183:INFO:CONSOLE(128)] "currentLatencynow: 4.019", source: file:///home/seluser/ppt/player/dashjs/index.html (128)
[230:230:0130/092041.537249:INFO:CONSOLE(128)] "currentLatencynow: 4.019", source: file:///home/seluser/ppt/player/dashjs/index.html (128)
[230:230:0130/092042.537394:INFO:CONSOLE(128)] "currentLatencynow: 4.019", source: file:///home/seluser/ppt/player/dashjs/index.html (128)
[230:230:0130/092043.537195:INFO:CONSOLE(128)] "currentLatencynow: 4.019", source: file:///home/seluser/ppt/player/dashjs/index.html (128)
[230:230:0130/092044.537457:INFO:CONSOLE(128)] "currentLatencynow: 4.019", source: file:///home/seluser/ppt/player/dashjs/index.html (128)
[230:230:0130/092045.537236:INFO:CONSOLE(128)] "currentLatencynow: 4.019", source: file:///home/seluser/ppt/player/dashjs/index.html (128)
[230:230:0130/092046.537362:INFO:CONSOLE(128)] "currentLatencynow: 4.019", source: file:///home/seluser/ppt/player/dashjs/index.html (128)
[230:230:0130/092047.537400:INFO:CONSOLE(128)] "currentLatencynow: 4.019", source: file:///home/seluser/ppt/player/dashjs/index.html (128)
[230:230:0130/092048.537328:INFO:CONSOLE(128)] "currentLatencynow: 4.019", source: file:///home/seluser/ppt/player/dashjs/index.html (128)
[230:230:0130/092049.537270:INFO:CONSOLE(128)] "currentLatencynow: 4.019", source: file:///home/seluser/ppt/player/dashjs/index.html (128)
[230:230:0130/092050.537369:INFO:CONSOLE(128)] "currentLatencynow: 4.019", source: file:///home/seluser/ppt/player/dashjs/index.html (128)
[230:230:0130/092051.537208:INFO:CONSOLE(128)] "currentLatencynow: 4.019", source: file:///home/seluser/ppt/player/dashjs/index.html (128)
[230:230:0130/092052.537184:INFO:CONSOLE(128)] "currentLatencynow: 4.019", source: file:///home/seluser/ppt/player/dashjs/index.html (128)
[230:230:0130/092053.537308:INFO:CONSOLE(128)] "currentLatencynow: 4.02", source: file:///home/seluser/ppt/player/dashjs/index.html (128)
[230:230:0130/092054.537375:INFO:CONSOLE(128)] "currentLatencynow: 4.019", source: file:///home/seluser/ppt/player/dashjs/index.html (128)
[230:230:0130/092055.537613:INFO:CONSOLE(128)] "currentLatencynow: 4.02", source: file:///home/seluser/ppt/player/dashjs/index.html (128)
[230:230:0130/092056.537341:INFO:CONSOLE(128)] "currentLatencynow: 4.019", source: file:///home/seluser/ppt/player/dashjs/index.html (128)
[230:230:0130/092057.537263:INFO:CONSOLE(128)] "currentLatencynow: 4.019", source: file:///home/seluser/ppt/player/dashjs/index.html (128)
[230:230:0130/092058.537241:INFO:CONSOLE(128)] "currentLatencynow: 4.019", source: file:///home/seluser/ppt/player/dashjs/index.html (128)
[230:230:0130/092059.537279:INFO:CONSOLE(128)] "currentLatencynow: 4.019", source: file:///home/seluser/ppt/player/dashjs/index.html (128)
[230:230:0130/092100.537302:INFO:CONSOLE(128)] "currentLatencynow: 4.019", source: file:///home/seluser/ppt/player/dashjs/index.html (128)
[230:230:0130/092101.537142:INFO:CONSOLE(128)] "currentLatencynow: 4.019", source: file:///home/seluser/ppt/player/dashjs/index.html (128)
[230:230:0130/092102.537235:INFO:CONSOLE(128)] "currentLatencynow: 4.019", source: file:///home/seluser/ppt/player/dashjs/index.html (128)
[230:230:0130/092103.537151:INFO:CONSOLE(128)] "currentLatencynow: 4.019", source: file:///home/seluser/ppt/player/dashjs/index.html (128)
[230:230:0130/092104.537381:INFO:CONSOLE(128)] "currentLatencynow: 4.019", source: file:///home/seluser/ppt/player/dashjs/index.html (128)
[230:230:0130/092105.537302:INFO:CONSOLE(128)] "currentLatencynow: 4.019", source: file:///home/seluser/ppt/player/dashjs/index.html (128)
[230:230:0130/092106.537313:INFO:CONSOLE(128)] "currentLatencynow: 4.019", source: file:///home/seluser/ppt/player/dashjs/index.html (128)
[230:230:0130/092107.537144:INFO:CONSOLE(128)] "currentLatencynow: 4.019", source: file:///home/seluser/ppt/player/dashjs/index.html (128)
[230:230:0130/092108.537380:INFO:CONSOLE(128)] "currentLatencynow: 4.019", source: file:///home/seluser/ppt/player/dashjs/index.html (128)
[230:230:0130/092109.537220:INFO:CONSOLE(128)] "currentLatencynow: 4.019", source: file:///home/seluser/ppt/player/dashjs/index.html (128)
[230:230:0130/092110.537305:INFO:CONSOLE(128)] "currentLatencynow: 4.019", source: file:///home/seluser/ppt/player/dashjs/index.html (128)
[230:230:0130/092111.537300:INFO:CONSOLE(128)] "currentLatencynow: 4.019", source: file:///home/seluser/ppt/player/dashjs/index.html (128)
[230:230:0130/092112.537342:INFO:CONSOLE(128)] "currentLatencynow: 4.019", source: file:///home/seluser/ppt/player/dashjs/index.html (128)
[230:230:0130/092113.537229:INFO:CONSOLE(128)] "currentLatencynow: 4.019", source: file:///home/seluser/ppt/player/dashjs/index.html (128)
[230:230:0130/092114.537325:INFO:CONSOLE(128)] "currentLatencynow: 4.019", source: file:///home/seluser/ppt/player/dashjs/index.html (128)
[230:230:0130/092115.537158:INFO:CONSOLE(128)] "currentLatencynow: 4.019", source: file:///home/seluser/ppt/player/dashjs/index.html (128)
[230:230:0130/092116.537273:INFO:CONSOLE(128)] "currentLatencynow: 4.019", source: file:///home/seluser/ppt/player/dashjs/index.html (128)
[230:230:0130/092117.537277:INFO:CONSOLE(128)] "currentLatencynow: 4.019", source: file:///home/seluser/ppt/player/dashjs/index.html (128)
[230:230:0130/092118.537311:INFO:CONSOLE(128)] "currentLatencynow: 4.019", source: file:///home/seluser/ppt/player/dashjs/index.html (128)
[230:230:0130/092119.537187:INFO:CONSOLE(128)] "currentLatencynow: 4.019", source: file:///home/seluser/ppt/player/dashjs/index.html (128)
[230:230:0130/092120.537342:INFO:CONSOLE(128)] "currentLatencynow: 4.019", source: file:///home/seluser/ppt/player/dashjs/index.html (128)
[230:230:0130/092121.537077:INFO:CONSOLE(128)] "currentLatencynow: 4.019", source: file:///home/seluser/ppt/player/dashjs/index.html (128)
[230:230:0130/092122.537289:INFO:CONSOLE(128)] "currentLatencynow: 4.019", source: file:///home/seluser/ppt/player/dashjs/index.html (128)
[230:230:0130/092123.537170:INFO:CONSOLE(128)] "currentLatencynow: 4.019", source: file:///home/seluser/ppt/player/dashjs/index.html (128)
[230:230:0130/092124.537344:INFO:CONSOLE(128)] "currentLatencynow: 4.019", source: file:///home/seluser/ppt/player/dashjs/index.html (128)
[230:230:0130/092125.537171:INFO:CONSOLE(128)] "currentLatencynow: 4.019", source: file:///home/seluser/ppt/player/dashjs/index.html (128)
[230:230:0130/092126.537294:INFO:CONSOLE(128)] "currentLatencynow: 4.019", source: file:///home/seluser/ppt/player/dashjs/index.html (128)
[230:230:0130/092127.537351:INFO:CONSOLE(128)] "currentLatencynow: 4.019", source: file:///home/seluser/ppt/player/dashjs/index.html (128)
[230:230:0130/092128.537270:INFO:CONSOLE(128)] "currentLatencynow: 4.019", source: file:///home/seluser/ppt/player/dashjs/index.html (128)
[230:230:0130/092129.537327:INFO:CONSOLE(128)] "currentLatencynow: 4.019", source: file:///home/seluser/ppt/player/dashjs/index.html (128)
[230:230:0130/092130.537340:INFO:CONSOLE(128)] "currentLatencynow: 4.019", source: file:///home/seluser/ppt/player/dashjs/index.html (128)
[230:230:0130/092131.537325:INFO:CONSOLE(128)] "currentLatencynow: 4.019", source: file:///home/seluser/ppt/player/dashjs/index.html (128)
[230:230:0130/092132.537360:INFO:CONSOLE(128)] "currentLatencynow: 4.019", source: file:///home/seluser/ppt/player/dashjs/index.html (128)
[230:230:0130/092133.537176:INFO:CONSOLE(128)] "currentLatencynow: 4.019", source: file:///home/seluser/ppt/player/dashjs/index.html (128)
[230:230:0130/092134.537310:INFO:CONSOLE(128)] "currentLatencynow: 4.019", source: file:///home/seluser/ppt/player/dashjs/index.html (128)
[230:230:0130/092135.537404:INFO:CONSOLE(128)] "currentLatencynow: 4.02", source: file:///home/seluser/ppt/player/dashjs/index.html (128)
[230:230:0130/092136.537372:INFO:CONSOLE(128)] "currentLatencynow: 4.019", source: file:///home/seluser/ppt/player/dashjs/index.html (128)
[230:230:0130/092137.537368:INFO:CONSOLE(128)] "currentLatencynow: 4.019", source: file:///home/seluser/ppt/player/dashjs/index.html (128)
[230:230:0130/092138.537387:INFO:CONSOLE(128)] "currentLatencynow: 4.019", source: file:///home/seluser/ppt/player/dashjs/index.html (128)
[230:230:0130/092139.537488:INFO:CONSOLE(128)] "currentLatencynow: 4.019", source: file:///home/seluser/ppt/player/dashjs/index.html (128)
[230:230:0130/092140.537218:INFO:CONSOLE(128)] "currentLatencynow: 4.019", source: file:///home/seluser/ppt/player/dashjs/index.html (128)
[230:230:0130/092141.537274:INFO:CONSOLE(128)] "currentLatencynow: 4.019", source: file:///home/seluser/ppt/player/dashjs/index.html (128)
[230:230:0130/092142.537386:INFO:CONSOLE(128)] "currentLatencynow: 4.019", source: file:///home/seluser/ppt/player/dashjs/index.html (128)
[230:230:0130/092143.537392:INFO:CONSOLE(114)] "Begin Player stistics 
", source: file:///home/seluser/ppt/player/dashjs/index.html (114)
[230:230:0130/092143.537683:INFO:CONSOLE(115)] "["stall",[["1.18","2.90",1.72]],[["3.32","3.57",0.25]],[["availibleBW",[null],[null],[3761],[3761],[3761],[3757],[3758],[3758],[3759],[3759],[3761],[3761],[3761],[3760],[3760],[3758],[3758],[3758],[3759],[3759],[3758],[3758],[3758],[3756],[3755],[3755],[3757],[3757],[3757],[3757],[3756],[3756],[3756],[3755],[3756],[3760],[3760],[3760],[3762],[3762],[3757],[3757],[3756],[3756],[3753],[3752],[3758],[3758],[3747],[3747],[3751],[3751],[3753],[3753],[3750],[3750],[3753],[3754],[3755],[3755],[3749],[3749],[3738],[3738],[3738],[3738],[3738],[3738],[3745],[3745],[3764],[3764],[3752],[3752],[3749],[3749],[3751],[3751],[3731],[3731],[3728],[3728],[3732],[3732],[3730],[3730],[3738],[3747],[3747],[3747],[3745],[3745],[3740],[3740],[3753],[3753],[3751],[3751],[3752],[3752],[3755],[3755],[3747],[3747],[3748],[3748],[3744],[3744],[3738],[3738],[3740],[3740],[3736],[3736],[3738],[3738],[3739],[3738],[3738]]],[["currentBuffer",[0],[0],[0.202],[0.034],[0],[0.26],[1.345],[0.345],[1.306],[2.208],[3.133],[1.998],[0.935],[0],[0.905],[1.889],[0.789],[1.691],[2.556],[1.493],[2.395],[3.297],[2.197],[3.099],[4.001],[2.901],[3.803],[2.703],[3.586],[2.505],[3.407],[2.307],[1.207],[0.107],[1.101],[2.059],[2.964],[1.867],[2.772],[1.638],[2.593],[1.519],[2.459],[1.405],[2.368],[1.336],[2.271],[1.21],[2.286],[1.285],[2.287],[1.287],[2.289],[1.255],[2.291],[1.291],[2.268],[1.293],[2.295],[1.295],[2.297],[1.213],[2.299],[1.299],[2.301],[1.301],[2.303],[1.268],[2.305],[1.305],[2.307],[1.305],[2.309],[1.309],[2.311],[1.227],[2.313],[1.313],[2.315],[1.315],[2.317],[1.317],[2.319],[1.319],[2.321],[1.321],[2.323],[3.325],[2.325],[1.241],[2.327],[1.327],[2.329],[1.329],[2.331],[1.297],[2.333],[1.333],[2.335],[1.335],[2.337],[1.337],[2.339],[1.255],[2.341],[1.341],[2.343],[1.343],[2.345],[1.345],[2.347],[1.347],[2.349],[1.349],[2.351],[1.351],[2.353],[3.271],[2.355]]],[["currentLatency",[0],[5.265],[6.076],[6.909],[7.125],[7.125],[7.125],[7.125],[7.074],[6.976],[6.9],[6.8],[6.7],[6.678],[6.677],[6.651],[6.55],[6.45],[6.35],[6.25],[6.15],[6.05],[5.951],[5.85],[5.75],[5.65],[5.55],[5.45],[5.35],[5.25],[5.15],[5.05],[4.95],[4.851],[4.851],[4.798],[4.701],[4.604],[4.507],[4.41],[4.329],[4.253],[4.194],[4.14],[4.103],[4.071],[4.039],[4.029],[4.019],[4.019],[4.019],[4.019],[4.019],[4.019],[4.019],[4.019],[4.019],[4.019],[4.019],[4.019],[4.019],[4.019],[4.019],[4.019],[4.019],[4.019],[4.019],[4.019],[4.019],[4.02],[4.019],[4.02],[4.019],[4.019],[4.019],[4.019],[4.019],[4.019],[4.019],[4.019],[4.019],[4.019],[4.019],[4.019],[4.019],[4.019],[4.019],[4.019],[4.019],[4.019],[4.019],[4.019],[4.019],[4.019],[4.019],[4.019],[4.019],[4.019],[4.019],[4.019],[4.019],[4.019],[4.019],[4.019],[4.019],[4.019],[4.019],[4.019],[4.019],[4.019],[4.019],[4.02],[4.019],[4.019],[4.019],[4.019],[4.019],[4.019],[4.019]]]]", source: file:///home/seluser/ppt/player/dashjs/index.html (115)
[230:230:0130/092143.537782:INFO:CONSOLE(116)] "
", source: file:///home/seluser/ppt/player/dashjs/index.html (116)
[230:230:0130/092143.537923:INFO:CONSOLE(117)] "Finish Player stistics 
", source: file:///home/seluser/ppt/player/dashjs/index.html (117)
[230:230:0130/092143.538000:INFO:CONSOLE(128)] "currentLatencynow: 4.019", source: file:///home/seluser/ppt/player/dashjs/index.html (128)
[230:230:0130/092144.537334:INFO:CONSOLE(128)] "currentLatencynow: 4.019", source: file:///home/seluser/ppt/player/dashjs/index.html (128)
[230:230:0130/092145.537272:INFO:CONSOLE(128)] "currentLatencynow: 4.019", source: file:///home/seluser/ppt/player/dashjs/index.html (128)
[230:230:0130/092146.537216:INFO:CONSOLE(128)] "currentLatencynow: 4.019", source: file:///home/seluser/ppt/player/dashjs/index.html (128)
[230:230:0130/092147.537142:INFO:CONSOLE(128)] "currentLatencynow: 4.019", source: file:///home/seluser/ppt/player/dashjs/index.html (128)
[230:230:0130/092148.537246:INFO:CONSOLE(128)] "currentLatencynow: 4.019", source: file:///home/seluser/ppt/player/dashjs/index.html (128)
[230:230:0130/092149.537453:INFO:CONSOLE(128)] "currentLatencynow: 4.019", source: file:///home/seluser/ppt/player/dashjs/index.html (128)
[230:230:0130/092150.537283:INFO:CONSOLE(128)] "currentLatencynow: 4.019", source: file:///home/seluser/ppt/player/dashjs/index.html (128)
[230:230:0130/092151.537248:INFO:CONSOLE(128)] "currentLatencynow: 4.019", source: file:///home/seluser/ppt/player/dashjs/index.html (128)
[230:230:0130/092152.537364:INFO:CONSOLE(128)] "currentLatencynow: 4.019", source: file:///home/seluser/ppt/player/dashjs/index.html (128)
[230:230:0130/092153.537176:INFO:CONSOLE(128)] "currentLatencynow: 4.019", source: file:///home/seluser/ppt/player/dashjs/index.html (128)
[230:230:0130/092154.537185:INFO:CONSOLE(128)] "currentLatencynow: 4.019", source: file:///home/seluser/ppt/player/dashjs/index.html (128)
[230:230:0130/092155.537159:INFO:CONSOLE(128)] "currentLatencynow: 4.019", source: file:///home/seluser/ppt/player/dashjs/index.html (128)
[230:230:0130/092156.537444:INFO:CONSOLE(128)] "currentLatencynow: 4.02", source: file:///home/seluser/ppt/player/dashjs/index.html (128)
[230:230:0130/092157.537084:INFO:CONSOLE(128)] "currentLatencynow: 4.019", source: file:///home/seluser/ppt/player/dashjs/index.html (128)
[230:230:0130/092158.537249:INFO:CONSOLE(128)] "currentLatencynow: 4.019", source: file:///home/seluser/ppt/player/dashjs/index.html (128)
[230:230:0130/092159.537176:INFO:CONSOLE(128)] "currentLatencynow: 4.019", source: file:///home/seluser/ppt/player/dashjs/index.html (128)
[230:230:0130/092200.537316:INFO:CONSOLE(128)] "currentLatencynow: 4.019", source: file:///home/seluser/ppt/player/dashjs/index.html (128)
[230:230:0130/092201.537099:INFO:CONSOLE(128)] "currentLatencynow: 4.019", source: file:///home/seluser/ppt/player/dashjs/index.html (128)
[230:230:0130/092202.537221:INFO:CONSOLE(128)] "currentLatencynow: 4.019", source: file:///home/seluser/ppt/player/dashjs/index.html (128)
[230:230:0130/092203.537119:INFO:CONSOLE(128)] "currentLatencynow: 4.019", source: file:///home/seluser/ppt/player/dashjs/index.html (128)
[230:230:0130/092204.537289:INFO:CONSOLE(128)] "currentLatencynow: 4.019", source: file:///home/seluser/ppt/player/dashjs/index.html (128)
[230:230:0130/092205.537400:INFO:CONSOLE(128)] "currentLatencynow: 4.02", source: file:///home/seluser/ppt/player/dashjs/index.html (128)
[230:230:0130/092206.537201:INFO:CONSOLE(128)] "currentLatencynow: 4.019", source: file:///home/seluser/ppt/player/dashjs/index.html (128)
[230:230:0130/092207.537228:INFO:CONSOLE(128)] "currentLatencynow: 4.019", source: file:///home/seluser/ppt/player/dashjs/index.html (128)
[230:230:0130/092208.537220:INFO:CONSOLE(128)] "currentLatencynow: 4.019", source: file:///home/seluser/ppt/player/dashjs/index.html (128)
[230:230:0130/092209.537143:INFO:CONSOLE(128)] "currentLatencynow: 4.019", source: file:///home/seluser/ppt/player/dashjs/index.html (128)
[230:230:0130/092210.537205:INFO:CONSOLE(128)] "currentLatencynow: 4.019", source: file:///home/seluser/ppt/player/dashjs/index.html (128)
[230:230:0130/092211.537132:INFO:CONSOLE(128)] "currentLatencynow: 4.019", source: file:///home/seluser/ppt/player/dashjs/index.html (128)
[230:230:0130/092212.537222:INFO:CONSOLE(128)] "currentLatencynow: 4.019", source: file:///home/seluser/ppt/player/dashjs/index.html (128)
[230:230:0130/092213.537107:INFO:CONSOLE(128)] "currentLatencynow: 4.019", source: file:///home/seluser/ppt/player/dashjs/index.html (128)
[230:230:0130/092214.537398:INFO:CONSOLE(128)] "currentLatencynow: 4.019", source: file:///home/seluser/ppt/player/dashjs/index.html (128)
[230:230:0130/092215.537187:INFO:CONSOLE(128)] "currentLatencynow: 4.019", source: file:///home/seluser/ppt/player/dashjs/index.html (128)
[230:230:0130/092216.537235:INFO:CONSOLE(128)] "currentLatencynow: 4.019", source: file:///home/seluser/ppt/player/dashjs/index.html (128)
[230:230:0130/092217.537183:INFO:CONSOLE(128)] "currentLatencynow: 4.019", source: file:///home/seluser/ppt/player/dashjs/index.html (128)
[230:230:0130/092218.537365:INFO:CONSOLE(128)] "currentLatencynow: 4.019", source: file:///home/seluser/ppt/player/dashjs/index.html (128)
[230:230:0130/092219.537296:INFO:CONSOLE(128)] "currentLatencynow: 4.019", source: file:///home/seluser/ppt/player/dashjs/index.html (128)
[230:230:0130/092220.537310:INFO:CONSOLE(128)] "currentLatencynow: 4.019", source: file:///home/seluser/ppt/player/dashjs/index.html (128)
[230:230:0130/092221.537151:INFO:CONSOLE(128)] "currentLatencynow: 4.019", source: file:///home/seluser/ppt/player/dashjs/index.html (128)
[230:230:0130/092222.537192:INFO:CONSOLE(128)] "currentLatencynow: 4.019", source: file:///home/seluser/ppt/player/dashjs/index.html (128)
[230:230:0130/092223.537222:INFO:CONSOLE(128)] "currentLatencynow: 4.019", source: file:///home/seluser/ppt/player/dashjs/index.html (128)
[230:230:0130/092224.537250:INFO:CONSOLE(128)] "currentLatencynow: 4.019", source: file:///home/seluser/ppt/player/dashjs/index.html (128)
[230:230:0130/092225.537214:INFO:CONSOLE(128)] "currentLatencynow: 4.019", source: file:///home/seluser/ppt/player/dashjs/index.html (128)
[230:230:0130/092226.537277:INFO:CONSOLE(128)] "currentLatencynow: 4.019", source: file:///home/seluser/ppt/player/dashjs/index.html (128)
[230:230:0130/092227.537218:INFO:CONSOLE(128)] "currentLatencynow: 4.019", source: file:///home/seluser/ppt/player/dashjs/index.html (128)
[230:230:0130/092228.537296:INFO:CONSOLE(128)] "currentLatencynow: 4.019", source: file:///home/seluser/ppt/player/dashjs/index.html (128)
[230:230:0130/092229.537182:INFO:CONSOLE(128)] "currentLatencynow: 4.019", source: file:///home/seluser/ppt/player/dashjs/index.html (128)
[230:230:0130/092230.537239:INFO:CONSOLE(128)] "currentLatencynow: 4.019", source: file:///home/seluser/ppt/player/dashjs/index.html (128)
[230:230:0130/092231.537233:INFO:CONSOLE(128)] "currentLatencynow: 4.019", source: file:///home/seluser/ppt/player/dashjs/index.html (128)
[230:230:0130/092232.537282:INFO:CONSOLE(128)] "currentLatencynow: 4.019", source: file:///home/seluser/ppt/player/dashjs/index.html (128)
[230:230:0130/092233.537274:INFO:CONSOLE(128)] "currentLatencynow: 4.019", source: file:///home/seluser/ppt/player/dashjs/index.html (128)
[230:230:0130/092234.537237:INFO:CONSOLE(128)] "currentLatencynow: 4.019", source: file:///home/seluser/ppt/player/dashjs/index.html (128)
[230:230:0130/092235.537274:INFO:CONSOLE(128)] "currentLatencynow: 4.019", source: file:///home/seluser/ppt/player/dashjs/index.html (128)
[230:230:0130/092236.537236:INFO:CONSOLE(128)] "currentLatencynow: 4.019", source: file:///home/seluser/ppt/player/dashjs/index.html (128)
[230:230:0130/092237.537082:INFO:CONSOLE(128)] "currentLatencynow: 4.019", source: file:///home/seluser/ppt/player/dashjs/index.html (128)
[230:230:0130/092238.537188:INFO:CONSOLE(128)] "currentLatencynow: 4.019", source: file:///home/seluser/ppt/player/dashjs/index.html (128)
[230:230:0130/092239.537169:INFO:CONSOLE(128)] "currentLatencynow: 4.019", source: file:///home/seluser/ppt/player/dashjs/index.html (128)
[230:230:0130/092240.537116:INFO:CONSOLE(128)] "currentLatencynow: 4.019", source: file:///home/seluser/ppt/player/dashjs/index.html (128)
[230:230:0130/092241.537203:INFO:CONSOLE(128)] "currentLatencynow: 4.019", source: file:///home/seluser/ppt/player/dashjs/index.html (128)
[230:230:0130/092242.537289:INFO:CONSOLE(128)] "currentLatencynow: 4.019", source: file:///home/seluser/ppt/player/dashjs/index.html (128)
