[230:294:0130/091943.464383:ERROR:bus.cc(392)] Failed to connect to the bus: Failed to connect to socket /var/run/dbus/system_bus_socket: No such file or directory
[230:257:0130/091943.466522:ERROR:bus.cc(392)] Failed to connect to the bus: Address does not contain a colon
[230:257:0130/091943.466602:ERROR:bus.cc(392)] Failed to connect to the bus: Address does not contain a colon
[230:257:0130/091943.479651:ERROR:bus.cc(392)] Failed to connect to the bus: Address does not contain a colon
[230:257:0130/091943.479719:ERROR:bus.cc(392)] Failed to connect to the bus: Address does not contain a colon
[300:300:0130/091943.481062:ERROR:gpu_init.cc(453)] Passthrough is not supported, GL is swiftshader, ANGLE is 
[230:257:0130/091943.506137:ERROR:bus.cc(392)] Failed to connect to the bus: Address does not contain a colon
[230:257:0130/091943.506177:ERROR:bus.cc(392)] Failed to connect to the bus: Address does not contain a colon
[230:392:0130/091943.577694:ERROR:bus.cc(392)] Failed to connect to the bus: Failed to connect to socket /var/run/dbus/system_bus_socket: No such file or directory
[230:392:0130/091943.577755:ERROR:bus.cc(392)] Failed to connect to the bus: Failed to connect to socket /var/run/dbus/system_bus_socket: No such file or directory
[230:392:0130/091943.577807:ERROR:bus.cc(392)] Failed to connect to the bus: Failed to connect to socket /var/run/dbus/system_bus_socket: No such file or directory
[230:392:0130/091943.577851:WARNING:property.cc(144)] DaemonVersion: GetAndBlock: failed.
[230:392:0130/091943.577888:ERROR:bus.cc(392)] Failed to connect to the bus: Failed to connect to socket /var/run/dbus/system_bus_socket: No such file or directory
[230:392:0130/091943.577928:ERROR:bus.cc(392)] Failed to connect to the bus: Failed to connect to socket /var/run/dbus/system_bus_socket: No such file or directory
[230:230:0130/091944.840499:INFO:CONSOLE(128)] "currentLatencynow: 0", source: file:///home/seluser/ppt/player/dashjs/index.html (128)
[230:230:0130/091945.840605:INFO:CONSOLE(128)] "currentLatencynow: 0", source: file:///home/seluser/ppt/player/dashjs/index.html (128)
[424:424:0130/091946.072079:WARNING:audio_manager_linux.cc(69)] Falling back to ALSA for audio output. PulseAudio is not available or could not be initialized.
[424:424:0130/091946.077104:ERROR:alsa_util.cc(204)] PcmOpen: default,No such file or directory
[424:424:0130/091946.077196:ERROR:alsa_util.cc(204)] PcmOpen: plug:default,No such file or directory
[230:251:0130/091946.168362:ERROR:chrome_browser_main_extra_parts_metrics.cc(228)] crbug.com/1216328: Checking Bluetooth availability started. Please report if there is no report that this ends.
[230:251:0130/091946.168423:ERROR:chrome_browser_main_extra_parts_metrics.cc(231)] crbug.com/1216328: Checking Bluetooth availability ended.
[230:251:0130/091946.168438:ERROR:chrome_browser_main_extra_parts_metrics.cc(234)] crbug.com/1216328: Checking default browser status started. Please report if there is no report that this ends.
[230:251:0130/091946.337141:ERROR:chrome_browser_main_extra_parts_metrics.cc(238)] crbug.com/1216328: Checking default browser status ended.
[230:230:0130/091946.840407:INFO:CONSOLE(128)] "currentLatencynow: 6.33", source: file:///home/seluser/ppt/player/dashjs/index.html (128)
[230:257:0130/091947.816065:ERROR:bus.cc(392)] Failed to connect to the bus: Address does not contain a colon
[230:257:0130/091947.816130:ERROR:bus.cc(392)] Failed to connect to the bus: Address does not contain a colon
[230:257:0130/091947.816147:ERROR:bus.cc(392)] Failed to connect to the bus: Address does not contain a colon
[230:257:0130/091947.816159:ERROR:bus.cc(392)] Failed to connect to the bus: Address does not contain a colon
[230:257:0130/091947.816174:ERROR:bus.cc(392)] Failed to connect to the bus: Address does not contain a colon
[230:257:0130/091947.816188:ERROR:bus.cc(392)] Failed to connect to the bus: Address does not contain a colon
[230:257:0130/091947.816198:ERROR:bus.cc(392)] Failed to connect to the bus: Address does not contain a colon
[230:257:0130/091947.816210:ERROR:bus.cc(392)] Failed to connect to the bus: Address does not contain a colon
[230:257:0130/091947.818488:ERROR:bus.cc(392)] Failed to connect to the bus: Address does not contain a colon
[230:257:0130/091947.818518:ERROR:bus.cc(392)] Failed to connect to the bus: Address does not contain a colon
[230:257:0130/091947.818529:ERROR:bus.cc(392)] Failed to connect to the bus: Address does not contain a colon
[230:257:0130/091947.818541:ERROR:bus.cc(392)] Failed to connect to the bus: Address does not contain a colon
[230:257:0130/091947.818549:ERROR:bus.cc(392)] Failed to connect to the bus: Address does not contain a colon
[230:257:0130/091947.818561:ERROR:bus.cc(392)] Failed to connect to the bus: Address does not contain a colon
[230:257:0130/091947.820458:ERROR:bus.cc(392)] Failed to connect to the bus: Address does not contain a colon
[230:257:0130/091947.820509:ERROR:bus.cc(392)] Failed to connect to the bus: Address does not contain a colon
[230:257:0130/091947.820543:ERROR:bus.cc(392)] Failed to connect to the bus: Address does not contain a colon
[230:230:0130/091947.840278:INFO:CONSOLE(128)] "currentLatencynow: 7.317", source: file:///home/seluser/ppt/player/dashjs/index.html (128)
[230:257:0130/091947.881071:ERROR:bus.cc(392)] Failed to connect to the bus: Address does not contain a colon
[230:257:0130/091947.881129:ERROR:bus.cc(392)] Failed to connect to the bus: Address does not contain a colon
[230:230:0130/091948.840234:INFO:CONSOLE(128)] "currentLatencynow: 7.308", source: file:///home/seluser/ppt/player/dashjs/index.html (128)
[230:230:0130/091949.840298:INFO:CONSOLE(128)] "currentLatencynow: 7.209", source: file:///home/seluser/ppt/player/dashjs/index.html (128)
[230:230:0130/091950.840421:INFO:CONSOLE(128)] "currentLatencynow: 7.206", source: file:///home/seluser/ppt/player/dashjs/index.html (128)
[230:230:0130/091951.840405:INFO:CONSOLE(128)] "currentLatencynow: 7.206", source: file:///home/seluser/ppt/player/dashjs/index.html (128)
[230:230:0130/091952.840356:INFO:CONSOLE(128)] "currentLatencynow: 7.206", source: file:///home/seluser/ppt/player/dashjs/index.html (128)
[230:230:0130/091953.840349:INFO:CONSOLE(128)] "currentLatencynow: 7.205", source: file:///home/seluser/ppt/player/dashjs/index.html (128)
[230:230:0130/091954.840353:INFO:CONSOLE(128)] "currentLatencynow: 7.111", source: file:///home/seluser/ppt/player/dashjs/index.html (128)
[230:230:0130/091955.840336:INFO:CONSOLE(128)] "currentLatencynow: 7.032", source: file:///home/seluser/ppt/player/dashjs/index.html (128)
[230:230:0130/091956.840260:INFO:CONSOLE(128)] "currentLatencynow: 7.032", source: file:///home/seluser/ppt/player/dashjs/index.html (128)
[230:230:0130/091957.840413:INFO:CONSOLE(128)] "currentLatencynow: 7.032", source: file:///home/seluser/ppt/player/dashjs/index.html (128)
[230:230:0130/091958.840317:INFO:CONSOLE(128)] "currentLatencynow: 7.031", source: file:///home/seluser/ppt/player/dashjs/index.html (128)
[230:230:0130/091959.840388:INFO:CONSOLE(128)] "currentLatencynow: 6.938", source: file:///home/seluser/ppt/player/dashjs/index.html (128)
[230:230:0130/092000.840615:INFO:CONSOLE(128)] "currentLatencynow: 6.837", source: file:///home/seluser/ppt/player/dashjs/index.html (128)
[230:230:0130/092001.840315:INFO:CONSOLE(128)] "currentLatencynow: 6.737", source: file:///home/seluser/ppt/player/dashjs/index.html (128)
[230:230:0130/092002.840450:INFO:CONSOLE(128)] "currentLatencynow: 6.637", source: file:///home/seluser/ppt/player/dashjs/index.html (128)
[230:230:0130/092003.840499:INFO:CONSOLE(128)] "currentLatencynow: 6.537", source: file:///home/seluser/ppt/player/dashjs/index.html (128)
[230:230:0130/092004.840329:INFO:CONSOLE(128)] "currentLatencynow: 6.437", source: file:///home/seluser/ppt/player/dashjs/index.html (128)
[230:230:0130/092005.840356:INFO:CONSOLE(128)] "currentLatencynow: 6.337", source: file:///home/seluser/ppt/player/dashjs/index.html (128)
[230:230:0130/092006.840351:INFO:CONSOLE(128)] "currentLatencynow: 6.237", source: file:///home/seluser/ppt/player/dashjs/index.html (128)
[230:230:0130/092007.840396:INFO:CONSOLE(128)] "currentLatencynow: 6.138", source: file:///home/seluser/ppt/player/dashjs/index.html (128)
[230:230:0130/092008.840406:INFO:CONSOLE(128)] "currentLatencynow: 6.037", source: file:///home/seluser/ppt/player/dashjs/index.html (128)
[230:230:0130/092009.840415:INFO:CONSOLE(128)] "currentLatencynow: 5.937", source: file:///home/seluser/ppt/player/dashjs/index.html (128)
[230:230:0130/092010.840327:INFO:CONSOLE(128)] "currentLatencynow: 5.838", source: file:///home/seluser/ppt/player/dashjs/index.html (128)
[230:230:0130/092011.840585:INFO:CONSOLE(128)] "currentLatencynow: 5.737", source: file:///home/seluser/ppt/player/dashjs/index.html (128)
[230:230:0130/092012.840322:INFO:CONSOLE(128)] "currentLatencynow: 5.685", source: file:///home/seluser/ppt/player/dashjs/index.html (128)
[230:230:0130/092013.840428:INFO:CONSOLE(128)] "currentLatencynow: 5.685", source: file:///home/seluser/ppt/player/dashjs/index.html (128)
[230:230:0130/092014.840333:INFO:CONSOLE(128)] "currentLatencynow: 5.685", source: file:///home/seluser/ppt/player/dashjs/index.html (128)
[230:230:0130/092015.840306:INFO:CONSOLE(128)] "currentLatencynow: 5.685", source: file:///home/seluser/ppt/player/dashjs/index.html (128)
[230:230:0130/092016.840231:INFO:CONSOLE(128)] "currentLatencynow: 5.684", source: file:///home/seluser/ppt/player/dashjs/index.html (128)
[230:230:0130/092017.840376:INFO:CONSOLE(128)] "currentLatencynow: 5.685", source: file:///home/seluser/ppt/player/dashjs/index.html (128)
[230:230:0130/092018.840394:INFO:CONSOLE(128)] "currentLatencynow: 5.616", source: file:///home/seluser/ppt/player/dashjs/index.html (128)
[230:230:0130/092019.840453:INFO:CONSOLE(128)] "currentLatencynow: 5.516", source: file:///home/seluser/ppt/player/dashjs/index.html (128)
[230:230:0130/092020.840268:INFO:CONSOLE(128)] "currentLatencynow: 5.416", source: file:///home/seluser/ppt/player/dashjs/index.html (128)
[230:230:0130/092021.840429:INFO:CONSOLE(128)] "currentLatencynow: 5.316", source: file:///home/seluser/ppt/player/dashjs/index.html (128)
[230:230:0130/092022.840264:INFO:CONSOLE(128)] "currentLatencynow: 5.216", source: file:///home/seluser/ppt/player/dashjs/index.html (128)
[230:230:0130/092023.840442:INFO:CONSOLE(128)] "currentLatencynow: 5.116", source: file:///home/seluser/ppt/player/dashjs/index.html (128)
[230:230:0130/092024.840465:INFO:CONSOLE(128)] "currentLatencynow: 5.016", source: file:///home/seluser/ppt/player/dashjs/index.html (128)
[230:230:0130/092025.840378:INFO:CONSOLE(128)] "currentLatencynow: 4.916", source: file:///home/seluser/ppt/player/dashjs/index.html (128)
[230:230:0130/092026.840473:INFO:CONSOLE(128)] "currentLatencynow: 4.816", source: file:///home/seluser/ppt/player/dashjs/index.html (128)
[230:230:0130/092027.840184:INFO:CONSOLE(128)] "currentLatencynow: 4.716", source: file:///home/seluser/ppt/player/dashjs/index.html (128)
[230:230:0130/092028.840225:INFO:CONSOLE(128)] "currentLatencynow: 4.616", source: file:///home/seluser/ppt/player/dashjs/index.html (128)
[230:230:0130/092029.840303:INFO:CONSOLE(128)] "currentLatencynow: 4.516", source: file:///home/seluser/ppt/player/dashjs/index.html (128)
[230:230:0130/092030.840348:INFO:CONSOLE(128)] "currentLatencynow: 4.417", source: file:///home/seluser/ppt/player/dashjs/index.html (128)
[230:230:0130/092031.840240:INFO:CONSOLE(128)] "currentLatencynow: 4.338", source: file:///home/seluser/ppt/player/dashjs/index.html (128)
[230:230:0130/092032.840322:INFO:CONSOLE(128)] "currentLatencynow: 4.26", source: file:///home/seluser/ppt/player/dashjs/index.html (128)
[230:230:0130/092033.840935:INFO:CONSOLE(128)] "currentLatencynow: 4.201", source: file:///home/seluser/ppt/player/dashjs/index.html (128)
[230:230:0130/092034.840323:INFO:CONSOLE(128)] "currentLatencynow: 4.144", source: file:///home/seluser/ppt/player/dashjs/index.html (128)
[230:230:0130/092035.840253:INFO:CONSOLE(128)] "currentLatencynow: 4.108", source: file:///home/seluser/ppt/player/dashjs/index.html (128)
[230:230:0130/092036.840423:INFO:CONSOLE(128)] "currentLatencynow: 4.073", source: file:///home/seluser/ppt/player/dashjs/index.html (128)
[230:230:0130/092037.840303:INFO:CONSOLE(128)] "currentLatencynow: 4.048", source: file:///home/seluser/ppt/player/dashjs/index.html (128)
[230:230:0130/092038.840314:INFO:CONSOLE(128)] "currentLatencynow: 4.034", source: file:///home/seluser/ppt/player/dashjs/index.html (128)
[230:230:0130/092039.840318:INFO:CONSOLE(128)] "currentLatencynow: 4.02", source: file:///home/seluser/ppt/player/dashjs/index.html (128)
[230:230:0130/092040.840248:INFO:CONSOLE(128)] "currentLatencynow: 4.019", source: file:///home/seluser/ppt/player/dashjs/index.html (128)
[230:230:0130/092041.840239:INFO:CONSOLE(128)] "currentLatencynow: 4.019", source: file:///home/seluser/ppt/player/dashjs/index.html (128)
[230:230:0130/092042.840259:INFO:CONSOLE(128)] "currentLatencynow: 4.019", source: file:///home/seluser/ppt/player/dashjs/index.html (128)
[230:230:0130/092043.840225:INFO:CONSOLE(128)] "currentLatencynow: 4.018", source: file:///home/seluser/ppt/player/dashjs/index.html (128)
[230:230:0130/092044.840389:INFO:CONSOLE(128)] "currentLatencynow: 4.019", source: file:///home/seluser/ppt/player/dashjs/index.html (128)
[230:230:0130/092045.840265:INFO:CONSOLE(128)] "currentLatencynow: 4.019", source: file:///home/seluser/ppt/player/dashjs/index.html (128)
[230:230:0130/092046.840440:INFO:CONSOLE(128)] "currentLatencynow: 4.019", source: file:///home/seluser/ppt/player/dashjs/index.html (128)
[230:230:0130/092047.840321:INFO:CONSOLE(128)] "currentLatencynow: 4.019", source: file:///home/seluser/ppt/player/dashjs/index.html (128)
[230:230:0130/092048.840305:INFO:CONSOLE(128)] "currentLatencynow: 4.019", source: file:///home/seluser/ppt/player/dashjs/index.html (128)
[230:230:0130/092049.840157:INFO:CONSOLE(128)] "currentLatencynow: 4.018", source: file:///home/seluser/ppt/player/dashjs/index.html (128)
[230:230:0130/092050.840377:INFO:CONSOLE(128)] "currentLatencynow: 4.019", source: file:///home/seluser/ppt/player/dashjs/index.html (128)
[230:230:0130/092051.840232:INFO:CONSOLE(128)] "currentLatencynow: 4.019", source: file:///home/seluser/ppt/player/dashjs/index.html (128)
[230:230:0130/092052.840375:INFO:CONSOLE(128)] "currentLatencynow: 4.019", source: file:///home/seluser/ppt/player/dashjs/index.html (128)
[230:230:0130/092053.840186:INFO:CONSOLE(128)] "currentLatencynow: 4.019", source: file:///home/seluser/ppt/player/dashjs/index.html (128)
[230:230:0130/092054.840423:INFO:CONSOLE(128)] "currentLatencynow: 4.019", source: file:///home/seluser/ppt/player/dashjs/index.html (128)
[230:230:0130/092055.840239:INFO:CONSOLE(128)] "currentLatencynow: 4.019", source: file:///home/seluser/ppt/player/dashjs/index.html (128)
[230:230:0130/092056.840250:INFO:CONSOLE(128)] "currentLatencynow: 4.019", source: file:///home/seluser/ppt/player/dashjs/index.html (128)
[230:230:0130/092057.840271:INFO:CONSOLE(128)] "currentLatencynow: 4.019", source: file:///home/seluser/ppt/player/dashjs/index.html (128)
[230:230:0130/092058.840307:INFO:CONSOLE(128)] "currentLatencynow: 4.018", source: file:///home/seluser/ppt/player/dashjs/index.html (128)
[230:230:0130/092059.840310:INFO:CONSOLE(128)] "currentLatencynow: 4.019", source: file:///home/seluser/ppt/player/dashjs/index.html (128)
[230:230:0130/092100.840332:INFO:CONSOLE(128)] "currentLatencynow: 4.019", source: file:///home/seluser/ppt/player/dashjs/index.html (128)
[230:230:0130/092101.840261:INFO:CONSOLE(128)] "currentLatencynow: 4.019", source: file:///home/seluser/ppt/player/dashjs/index.html (128)
[230:230:0130/092102.840407:INFO:CONSOLE(128)] "currentLatencynow: 4.019", source: file:///home/seluser/ppt/player/dashjs/index.html (128)
[230:230:0130/092103.840336:INFO:CONSOLE(128)] "currentLatencynow: 4.019", source: file:///home/seluser/ppt/player/dashjs/index.html (128)
[230:230:0130/092104.840412:INFO:CONSOLE(128)] "currentLatencynow: 4.019", source: file:///home/seluser/ppt/player/dashjs/index.html (128)
[230:230:0130/092105.840444:INFO:CONSOLE(128)] "currentLatencynow: 4.019", source: file:///home/seluser/ppt/player/dashjs/index.html (128)
[230:230:0130/092106.840290:INFO:CONSOLE(128)] "currentLatencynow: 4.019", source: file:///home/seluser/ppt/player/dashjs/index.html (128)
[230:230:0130/092107.840283:INFO:CONSOLE(128)] "currentLatencynow: 4.018", source: file:///home/seluser/ppt/player/dashjs/index.html (128)
[230:230:0130/092108.840294:INFO:CONSOLE(128)] "currentLatencynow: 4.02", source: file:///home/seluser/ppt/player/dashjs/index.html (128)
[230:230:0130/092109.840320:INFO:CONSOLE(128)] "currentLatencynow: 4.019", source: file:///home/seluser/ppt/player/dashjs/index.html (128)
[230:230:0130/092110.840275:INFO:CONSOLE(128)] "currentLatencynow: 4.019", source: file:///home/seluser/ppt/player/dashjs/index.html (128)
[230:230:0130/092111.840331:INFO:CONSOLE(128)] "currentLatencynow: 4.019", source: file:///home/seluser/ppt/player/dashjs/index.html (128)
[230:230:0130/092112.840254:INFO:CONSOLE(128)] "currentLatencynow: 4.019", source: file:///home/seluser/ppt/player/dashjs/index.html (128)
[230:230:0130/092113.840188:INFO:CONSOLE(128)] "currentLatencynow: 4.018", source: file:///home/seluser/ppt/player/dashjs/index.html (128)
[230:230:0130/092114.840270:INFO:CONSOLE(128)] "currentLatencynow: 4.019", source: file:///home/seluser/ppt/player/dashjs/index.html (128)
[230:230:0130/092115.840297:INFO:CONSOLE(128)] "currentLatencynow: 4.019", source: file:///home/seluser/ppt/player/dashjs/index.html (128)
[230:230:0130/092116.840366:INFO:CONSOLE(128)] "currentLatencynow: 4.019", source: file:///home/seluser/ppt/player/dashjs/index.html (128)
[230:230:0130/092117.840321:INFO:CONSOLE(128)] "currentLatencynow: 4.019", source: file:///home/seluser/ppt/player/dashjs/index.html (128)
[230:230:0130/092118.840405:INFO:CONSOLE(128)] "currentLatencynow: 4.019", source: file:///home/seluser/ppt/player/dashjs/index.html (128)
[230:230:0130/092119.840333:INFO:CONSOLE(128)] "currentLatencynow: 4.019", source: file:///home/seluser/ppt/player/dashjs/index.html (128)
[230:230:0130/092120.840337:INFO:CONSOLE(128)] "currentLatencynow: 4.019", source: file:///home/seluser/ppt/player/dashjs/index.html (128)
[230:230:0130/092121.840309:INFO:CONSOLE(128)] "currentLatencynow: 4.019", source: file:///home/seluser/ppt/player/dashjs/index.html (128)
[230:230:0130/092122.840308:INFO:CONSOLE(128)] "currentLatencynow: 4.019", source: file:///home/seluser/ppt/player/dashjs/index.html (128)
[230:230:0130/092123.840383:INFO:CONSOLE(128)] "currentLatencynow: 4.019", source: file:///home/seluser/ppt/player/dashjs/index.html (128)
[230:230:0130/092124.840319:INFO:CONSOLE(128)] "currentLatencynow: 4.019", source: file:///home/seluser/ppt/player/dashjs/index.html (128)
[230:230:0130/092125.840285:INFO:CONSOLE(128)] "currentLatencynow: 4.019", source: file:///home/seluser/ppt/player/dashjs/index.html (128)
[230:230:0130/092126.840394:INFO:CONSOLE(128)] "currentLatencynow: 4.019", source: file:///home/seluser/ppt/player/dashjs/index.html (128)
[230:230:0130/092127.840370:INFO:CONSOLE(128)] "currentLatencynow: 4.019", source: file:///home/seluser/ppt/player/dashjs/index.html (128)
[230:230:0130/092128.840354:INFO:CONSOLE(128)] "currentLatencynow: 4.019", source: file:///home/seluser/ppt/player/dashjs/index.html (128)
[230:230:0130/092129.840340:INFO:CONSOLE(128)] "currentLatencynow: 4.019", source: file:///home/seluser/ppt/player/dashjs/index.html (128)
[230:230:0130/092130.840385:INFO:CONSOLE(128)] "currentLatencynow: 4.019", source: file:///home/seluser/ppt/player/dashjs/index.html (128)
[230:230:0130/092131.840301:INFO:CONSOLE(128)] "currentLatencynow: 4.019", source: file:///home/seluser/ppt/player/dashjs/index.html (128)
[230:230:0130/092132.840303:INFO:CONSOLE(128)] "currentLatencynow: 4.019", source: file:///home/seluser/ppt/player/dashjs/index.html (128)
[230:230:0130/092133.840313:INFO:CONSOLE(128)] "currentLatencynow: 4.019", source: file:///home/seluser/ppt/player/dashjs/index.html (128)
[230:230:0130/092134.840296:INFO:CONSOLE(128)] "currentLatencynow: 4.019", source: file:///home/seluser/ppt/player/dashjs/index.html (128)
[230:230:0130/092135.840243:INFO:CONSOLE(128)] "currentLatencynow: 4.019", source: file:///home/seluser/ppt/player/dashjs/index.html (128)
[230:230:0130/092136.840477:INFO:CONSOLE(128)] "currentLatencynow: 4.019", source: file:///home/seluser/ppt/player/dashjs/index.html (128)
[230:230:0130/092137.840298:INFO:CONSOLE(128)] "currentLatencynow: 4.019", source: file:///home/seluser/ppt/player/dashjs/index.html (128)
[230:230:0130/092138.840409:INFO:CONSOLE(128)] "currentLatencynow: 4.019", source: file:///home/seluser/ppt/player/dashjs/index.html (128)
[230:230:0130/092139.840236:INFO:CONSOLE(128)] "currentLatencynow: 4.018", source: file:///home/seluser/ppt/player/dashjs/index.html (128)
[230:230:0130/092140.840305:INFO:CONSOLE(128)] "currentLatencynow: 4.019", source: file:///home/seluser/ppt/player/dashjs/index.html (128)
[230:230:0130/092141.840192:INFO:CONSOLE(128)] "currentLatencynow: 4.018", source: file:///home/seluser/ppt/player/dashjs/index.html (128)
[230:230:0130/092142.840342:INFO:CONSOLE(128)] "currentLatencynow: 4.019", source: file:///home/seluser/ppt/player/dashjs/index.html (128)
[230:230:0130/092143.840381:INFO:CONSOLE(114)] "Begin Player stistics 
", source: file:///home/seluser/ppt/player/dashjs/index.html (114)
[230:230:0130/092143.840586:INFO:CONSOLE(115)] "["stall",[["1.80","4.13",2.33]],[["availibleBW",[null],[null],[null],[3773],[3773],[3772],[3772],[3768],[3767],[3765],[3765],[3765],[3762],[3747],[3741],[3741],[3741],[3756],[3761],[3757],[3757],[3753],[3751],[3752],[3754],[3754],[3758],[3758],[3757],[3757],[3757],[3757],[3759],[3759],[3757],[3757],[3759],[3759],[3754],[3754],[3757],[3757],[3757],[3755],[3755],[3759],[3763],[3757],[3757],[3757],[3751],[3750],[3750],[3750],[3745],[3748],[3748],[3768],[3768],[3765],[3765],[3766],[3766],[3766],[3756],[3757],[3757],[3757],[3763],[3764],[3764],[3764],[3770],[3755],[3755],[3743],[3743],[3743],[3731],[3731],[3717],[3721],[3721],[3721],[3729],[3743],[3743],[3757],[3757],[3765],[3765],[3765],[3749],[3747],[3747],[3740],[3740],[3740],[3726],[3745],[3745],[3747],[3747],[3751],[3751],[3753],[3753],[3748],[3748],[3735],[3735],[3731],[3731],[3743],[3743],[3748],[3748],[3742],[3742]]],[["currentBuffer",[0],[0],[0],[0.15],[0],[0.058],[0],[0.056],[1.058],[2.06],[0.967],[0],[0],[0],[2.891],[1.799],[2.701],[3.603],[4.505],[5.407],[4.307],[3.207],[2.107],[3.009],[3.911],[2.811],[1.711],[0.611],[1.559],[0.559],[0],[0],[1.563],[0.563],[1.497],[2.399],[3.302],[2.202],[3.104],[2.004],[2.906],[1.8],[2.708],[3.587],[2.51],[3.412],[2.312],[3.235],[2.156],[1.097],[2.042],[3.008],[1.973],[0.947],[1.935],[2.917],[1.923],[2.92],[1.925],[2.927],[1.927],[2.929],[1.929],[0.929],[1.931],[2.912],[1.933],[0.933],[1.935],[2.932],[1.937],[0.937],[1.939],[2.941],[1.941],[2.943],[1.943],[0.943],[1.945],[0.945],[1.947],[2.949],[1.949],[0.949],[1.951],[2.953],[1.953],[2.955],[1.955],[2.957],[1.957],[0.957],[1.959],[2.961],[1.961],[2.963],[1.963],[0.958],[1.965],[2.967],[1.967],[2.969],[1.969],[2.971],[1.971],[2.973],[1.973],[2.975],[1.975],[2.977],[1.977],[2.974],[1.979],[2.981],[1.981],[2.983],[1.983],[2.985],[1.985]]],[["currentLatency",[0],[0],[6.33],[7.317],[7.308],[7.209],[7.206],[7.206],[7.206],[7.205],[7.111],[7.032],[7.032],[7.032],[7.031],[6.938],[6.837],[6.737],[6.637],[6.537],[6.437],[6.337],[6.237],[6.138],[6.037],[5.937],[5.838],[5.737],[5.685],[5.685],[5.685],[5.685],[5.684],[5.685],[5.616],[5.516],[5.416],[5.316],[5.216],[5.116],[5.016],[4.916],[4.816],[4.716],[4.616],[4.516],[4.417],[4.338],[4.26],[4.201],[4.144],[4.108],[4.073],[4.048],[4.034],[4.02],[4.019],[4.019],[4.019],[4.018],[4.019],[4.019],[4.019],[4.019],[4.019],[4.018],[4.019],[4.019],[4.019],[4.019],[4.019],[4.019],[4.019],[4.019],[4.018],[4.019],[4.019],[4.019],[4.019],[4.019],[4.019],[4.019],[4.019],[4.018],[4.02],[4.019],[4.019],[4.019],[4.019],[4.018],[4.019],[4.019],[4.019],[4.019],[4.019],[4.019],[4.019],[4.019],[4.019],[4.019],[4.019],[4.019],[4.019],[4.019],[4.019],[4.019],[4.019],[4.019],[4.019],[4.019],[4.019],[4.019],[4.019],[4.019],[4.019],[4.018],[4.019],[4.018],[4.019]]]]", source: file:///home/seluser/ppt/player/dashjs/index.html (115)
[230:230:0130/092143.840641:INFO:CONSOLE(116)] "
", source: file:///home/seluser/ppt/player/dashjs/index.html (116)
[230:230:0130/092143.840710:INFO:CONSOLE(117)] "Finish Player stistics 
", source: file:///home/seluser/ppt/player/dashjs/index.html (117)
[230:230:0130/092143.840750:INFO:CONSOLE(128)] "currentLatencynow: 4.019", source: file:///home/seluser/ppt/player/dashjs/index.html (128)
[230:230:0130/092144.840267:INFO:CONSOLE(128)] "currentLatencynow: 4.019", source: file:///home/seluser/ppt/player/dashjs/index.html (128)
[230:230:0130/092145.840363:INFO:CONSOLE(128)] "currentLatencynow: 4.019", source: file:///home/seluser/ppt/player/dashjs/index.html (128)
[230:230:0130/092146.840295:INFO:CONSOLE(128)] "currentLatencynow: 4.019", source: file:///home/seluser/ppt/player/dashjs/index.html (128)
[230:230:0130/092147.840654:INFO:CONSOLE(128)] "currentLatencynow: 4.019", source: file:///home/seluser/ppt/player/dashjs/index.html (128)
[230:230:0130/092148.840460:INFO:CONSOLE(128)] "currentLatencynow: 4.019", source: file:///home/seluser/ppt/player/dashjs/index.html (128)
[230:230:0130/092149.840384:INFO:CONSOLE(128)] "currentLatencynow: 4.019", source: file:///home/seluser/ppt/player/dashjs/index.html (128)
[230:230:0130/092150.840375:INFO:CONSOLE(128)] "currentLatencynow: 4.019", source: file:///home/seluser/ppt/player/dashjs/index.html (128)
[230:230:0130/092151.840226:INFO:CONSOLE(128)] "currentLatencynow: 4.018", source: file:///home/seluser/ppt/player/dashjs/index.html (128)
[230:230:0130/092152.840381:INFO:CONSOLE(128)] "currentLatencynow: 4.019", source: file:///home/seluser/ppt/player/dashjs/index.html (128)
[230:230:0130/092153.840324:INFO:CONSOLE(128)] "currentLatencynow: 4.019", source: file:///home/seluser/ppt/player/dashjs/index.html (128)
[230:230:0130/092154.840349:INFO:CONSOLE(128)] "currentLatencynow: 4.019", source: file:///home/seluser/ppt/player/dashjs/index.html (128)
[230:230:0130/092155.840343:INFO:CONSOLE(128)] "currentLatencynow: 4.019", source: file:///home/seluser/ppt/player/dashjs/index.html (128)
[230:230:0130/092156.840421:INFO:CONSOLE(128)] "currentLatencynow: 4.019", source: file:///home/seluser/ppt/player/dashjs/index.html (128)
[230:230:0130/092157.840236:INFO:CONSOLE(128)] "currentLatencynow: 4.019", source: file:///home/seluser/ppt/player/dashjs/index.html (128)
[230:230:0130/092158.840387:INFO:CONSOLE(128)] "currentLatencynow: 4.019", source: file:///home/seluser/ppt/player/dashjs/index.html (128)
[230:230:0130/092159.840279:INFO:CONSOLE(128)] "currentLatencynow: 4.019", source: file:///home/seluser/ppt/player/dashjs/index.html (128)
[230:230:0130/092200.840478:INFO:CONSOLE(128)] "currentLatencynow: 4.019", source: file:///home/seluser/ppt/player/dashjs/index.html (128)
[230:230:0130/092201.840352:INFO:CONSOLE(128)] "currentLatencynow: 4.019", source: file:///home/seluser/ppt/player/dashjs/index.html (128)
[230:230:0130/092202.840483:INFO:CONSOLE(128)] "currentLatencynow: 4.019", source: file:///home/seluser/ppt/player/dashjs/index.html (128)
[230:230:0130/092203.840428:INFO:CONSOLE(128)] "currentLatencynow: 4.019", source: file:///home/seluser/ppt/player/dashjs/index.html (128)
[230:230:0130/092204.840381:INFO:CONSOLE(128)] "currentLatencynow: 4.019", source: file:///home/seluser/ppt/player/dashjs/index.html (128)
[230:230:0130/092205.840326:INFO:CONSOLE(128)] "currentLatencynow: 4.019", source: file:///home/seluser/ppt/player/dashjs/index.html (128)
[230:230:0130/092206.840396:INFO:CONSOLE(128)] "currentLatencynow: 4.019", source: file:///home/seluser/ppt/player/dashjs/index.html (128)
[230:230:0130/092207.840409:INFO:CONSOLE(128)] "currentLatencynow: 4.019", source: file:///home/seluser/ppt/player/dashjs/index.html (128)
[230:230:0130/092208.840447:INFO:CONSOLE(128)] "currentLatencynow: 4.019", source: file:///home/seluser/ppt/player/dashjs/index.html (128)
[230:230:0130/092209.840271:INFO:CONSOLE(128)] "currentLatencynow: 4.019", source: file:///home/seluser/ppt/player/dashjs/index.html (128)
[230:230:0130/092210.840406:INFO:CONSOLE(128)] "currentLatencynow: 4.018", source: file:///home/seluser/ppt/player/dashjs/index.html (128)
[230:230:0130/092211.840388:INFO:CONSOLE(128)] "currentLatencynow: 4.019", source: file:///home/seluser/ppt/player/dashjs/index.html (128)
[230:230:0130/092212.840472:INFO:CONSOLE(128)] "currentLatencynow: 4.019", source: file:///home/seluser/ppt/player/dashjs/index.html (128)
[230:230:0130/092213.840200:INFO:CONSOLE(128)] "currentLatencynow: 4.018", source: file:///home/seluser/ppt/player/dashjs/index.html (128)
[230:230:0130/092214.840482:INFO:CONSOLE(128)] "currentLatencynow: 4.019", source: file:///home/seluser/ppt/player/dashjs/index.html (128)
[230:230:0130/092215.840508:INFO:CONSOLE(128)] "currentLatencynow: 4.019", source: file:///home/seluser/ppt/player/dashjs/index.html (128)
[230:230:0130/092216.840419:INFO:CONSOLE(128)] "currentLatencynow: 4.019", source: file:///home/seluser/ppt/player/dashjs/index.html (128)
[230:230:0130/092217.840288:INFO:CONSOLE(128)] "currentLatencynow: 4.019", source: file:///home/seluser/ppt/player/dashjs/index.html (128)
[230:230:0130/092218.840502:INFO:CONSOLE(128)] "currentLatencynow: 4.019", source: file:///home/seluser/ppt/player/dashjs/index.html (128)
[230:230:0130/092219.840398:INFO:CONSOLE(128)] "currentLatencynow: 4.019", source: file:///home/seluser/ppt/player/dashjs/index.html (128)
[230:230:0130/092220.840535:INFO:CONSOLE(128)] "currentLatencynow: 4.019", source: file:///home/seluser/ppt/player/dashjs/index.html (128)
[230:230:0130/092221.840323:INFO:CONSOLE(128)] "currentLatencynow: 4.019", source: file:///home/seluser/ppt/player/dashjs/index.html (128)
[230:230:0130/092222.840385:INFO:CONSOLE(128)] "currentLatencynow: 4.019", source: file:///home/seluser/ppt/player/dashjs/index.html (128)
[230:230:0130/092223.840298:INFO:CONSOLE(128)] "currentLatencynow: 4.019", source: file:///home/seluser/ppt/player/dashjs/index.html (128)
[230:230:0130/092224.840523:INFO:CONSOLE(128)] "currentLatencynow: 4.019", source: file:///home/seluser/ppt/player/dashjs/index.html (128)
[230:230:0130/092225.840367:INFO:CONSOLE(128)] "currentLatencynow: 4.019", source: file:///home/seluser/ppt/player/dashjs/index.html (128)
[230:230:0130/092226.840501:INFO:CONSOLE(128)] "currentLatencynow: 4.019", source: file:///home/seluser/ppt/player/dashjs/index.html (128)
[230:230:0130/092227.840277:INFO:CONSOLE(128)] "currentLatencynow: 4.019", source: file:///home/seluser/ppt/player/dashjs/index.html (128)
[230:230:0130/092228.840411:INFO:CONSOLE(128)] "currentLatencynow: 4.019", source: file:///home/seluser/ppt/player/dashjs/index.html (128)
[230:230:0130/092229.840308:INFO:CONSOLE(128)] "currentLatencynow: 4.019", source: file:///home/seluser/ppt/player/dashjs/index.html (128)
[230:230:0130/092230.841216:INFO:CONSOLE(128)] "currentLatencynow: 4.019", source: file:///home/seluser/ppt/player/dashjs/index.html (128)
[230:230:0130/092231.840313:INFO:CONSOLE(128)] "currentLatencynow: 4.019", source: file:///home/seluser/ppt/player/dashjs/index.html (128)
[230:230:0130/092232.840389:INFO:CONSOLE(128)] "currentLatencynow: 4.019", source: file:///home/seluser/ppt/player/dashjs/index.html (128)
[230:230:0130/092233.840239:INFO:CONSOLE(128)] "currentLatencynow: 4.019", source: file:///home/seluser/ppt/player/dashjs/index.html (128)
[230:230:0130/092234.840383:INFO:CONSOLE(128)] "currentLatencynow: 4.019", source: file:///home/seluser/ppt/player/dashjs/index.html (128)
[230:230:0130/092235.840371:INFO:CONSOLE(128)] "currentLatencynow: 4.019", source: file:///home/seluser/ppt/player/dashjs/index.html (128)
[230:230:0130/092236.840516:INFO:CONSOLE(128)] "currentLatencynow: 4.019", source: file:///home/seluser/ppt/player/dashjs/index.html (128)
[230:230:0130/092237.840186:INFO:CONSOLE(128)] "currentLatencynow: 4.019", source: file:///home/seluser/ppt/player/dashjs/index.html (128)
[230:230:0130/092238.840363:INFO:CONSOLE(128)] "currentLatencynow: 4.019", source: file:///home/seluser/ppt/player/dashjs/index.html (128)
[230:230:0130/092239.840374:INFO:CONSOLE(128)] "currentLatencynow: 4.019", source: file:///home/seluser/ppt/player/dashjs/index.html (128)
[230:230:0130/092240.840357:INFO:CONSOLE(128)] "currentLatencynow: 4.019", source: file:///home/seluser/ppt/player/dashjs/index.html (128)
[230:230:0130/092241.840295:INFO:CONSOLE(128)] "currentLatencynow: 4.018", source: file:///home/seluser/ppt/player/dashjs/index.html (128)
[230:230:0130/092242.840365:INFO:CONSOLE(128)] "currentLatencynow: 4.019", source: file:///home/seluser/ppt/player/dashjs/index.html (128)
