[229:292:0130/122843.081758:ERROR:bus.cc(392)] Failed to connect to the bus: Failed to connect to socket /var/run/dbus/system_bus_socket: No such file or directory
[229:255:0130/122843.084105:ERROR:bus.cc(392)] Failed to connect to the bus: Address does not contain a colon
[229:255:0130/122843.084220:ERROR:bus.cc(392)] Failed to connect to the bus: Address does not contain a colon
[229:255:0130/122843.096489:ERROR:bus.cc(392)] Failed to connect to the bus: Address does not contain a colon
[229:255:0130/122843.096571:ERROR:bus.cc(392)] Failed to connect to the bus: Address does not contain a colon
[299:299:0130/122843.102653:ERROR:gpu_init.cc(453)] Passthrough is not supported, GL is swiftshader, ANGLE is 
[229:255:0130/122843.123180:ERROR:bus.cc(392)] Failed to connect to the bus: Address does not contain a colon
[229:255:0130/122843.123227:ERROR:bus.cc(392)] Failed to connect to the bus: Address does not contain a colon
[229:394:0130/122843.207254:ERROR:bus.cc(392)] Failed to connect to the bus: Failed to connect to socket /var/run/dbus/system_bus_socket: No such file or directory
[229:394:0130/122843.207330:ERROR:bus.cc(392)] Failed to connect to the bus: Failed to connect to socket /var/run/dbus/system_bus_socket: No such file or directory
[229:394:0130/122843.207380:ERROR:bus.cc(392)] Failed to connect to the bus: Failed to connect to socket /var/run/dbus/system_bus_socket: No such file or directory
[229:394:0130/122843.207395:WARNING:property.cc(144)] DaemonVersion: GetAndBlock: failed.
[229:394:0130/122843.207435:ERROR:bus.cc(392)] Failed to connect to the bus: Failed to connect to socket /var/run/dbus/system_bus_socket: No such file or directory
[229:394:0130/122843.207472:ERROR:bus.cc(392)] Failed to connect to the bus: Failed to connect to socket /var/run/dbus/system_bus_socket: No such file or directory
[229:229:0130/122844.513724:INFO:CONSOLE(128)] "currentLatencynow: NaN", source: file:///home/seluser/ppt/player/dashjs/index.html (128)
[229:323:0130/122845.334427:ERROR:chrome_browser_main_extra_parts_metrics.cc(228)] crbug.com/1216328: Checking Bluetooth availability started. Please report if there is no report that this ends.
[229:323:0130/122845.335833:ERROR:chrome_browser_main_extra_parts_metrics.cc(231)] crbug.com/1216328: Checking Bluetooth availability ended.
[229:323:0130/122845.335853:ERROR:chrome_browser_main_extra_parts_metrics.cc(234)] crbug.com/1216328: Checking default browser status started. Please report if there is no report that this ends.
[229:229:0130/122845.513356:INFO:CONSOLE(128)] "currentLatencynow: NaN", source: file:///home/seluser/ppt/player/dashjs/index.html (128)
[229:323:0130/122845.524649:ERROR:chrome_browser_main_extra_parts_metrics.cc(238)] crbug.com/1216328: Checking default browser status ended.
[229:229:0130/122846.513327:INFO:CONSOLE(128)] "currentLatencynow: NaN", source: file:///home/seluser/ppt/player/dashjs/index.html (128)
[229:229:0130/122847.513513:INFO:CONSOLE(128)] "currentLatencynow: 0", source: file:///home/seluser/ppt/player/dashjs/index.html (128)
[229:229:0130/122848.513374:INFO:CONSOLE(128)] "currentLatencynow: 0", source: file:///home/seluser/ppt/player/dashjs/index.html (128)
[229:229:0130/122849.513452:INFO:CONSOLE(128)] "currentLatencynow: 0", source: file:///home/seluser/ppt/player/dashjs/index.html (128)
[229:229:0130/122850.513361:INFO:CONSOLE(128)] "currentLatencynow: 0", source: file:///home/seluser/ppt/player/dashjs/index.html (128)
[229:229:0130/122851.513410:INFO:CONSOLE(128)] "currentLatencynow: 0", source: file:///home/seluser/ppt/player/dashjs/index.html (128)
[650:650:0130/122852.212839:WARNING:audio_manager_linux.cc(69)] Falling back to ALSA for audio output. PulseAudio is not available or could not be initialized.
[650:650:0130/122852.220035:ERROR:alsa_util.cc(204)] PcmOpen: default,No such file or directory
[650:650:0130/122852.220172:ERROR:alsa_util.cc(204)] PcmOpen: plug:default,No such file or directory
[229:229:0130/122852.513426:INFO:CONSOLE(128)] "currentLatencynow: 9.246", source: file:///home/seluser/ppt/player/dashjs/index.html (128)
[229:229:0130/122853.513412:INFO:CONSOLE(128)] "currentLatencynow: 10.246", source: file:///home/seluser/ppt/player/dashjs/index.html (128)
[229:229:0130/122854.513376:INFO:CONSOLE(128)] "currentLatencynow: 11.246", source: file:///home/seluser/ppt/player/dashjs/index.html (128)
[229:229:0130/122855.513421:INFO:CONSOLE(128)] "currentLatencynow: 12.246", source: file:///home/seluser/ppt/player/dashjs/index.html (128)
[229:229:0130/122856.513342:INFO:CONSOLE(128)] "currentLatencynow: 13.246", source: file:///home/seluser/ppt/player/dashjs/index.html (128)
[229:229:0130/122857.513432:INFO:CONSOLE(128)] "currentLatencynow: 14.246", source: file:///home/seluser/ppt/player/dashjs/index.html (128)
[229:229:0130/122858.513378:INFO:CONSOLE(128)] "currentLatencynow: 15.245", source: file:///home/seluser/ppt/player/dashjs/index.html (128)
[229:255:0130/122859.155970:ERROR:bus.cc(392)] Failed to connect to the bus: Address does not contain a colon
[229:255:0130/122859.156094:ERROR:bus.cc(392)] Failed to connect to the bus: Address does not contain a colon
[229:255:0130/122859.156116:ERROR:bus.cc(392)] Failed to connect to the bus: Address does not contain a colon
[229:255:0130/122859.156138:ERROR:bus.cc(392)] Failed to connect to the bus: Address does not contain a colon
[229:255:0130/122859.156158:ERROR:bus.cc(392)] Failed to connect to the bus: Address does not contain a colon
[229:255:0130/122859.156176:ERROR:bus.cc(392)] Failed to connect to the bus: Address does not contain a colon
[229:255:0130/122859.156199:ERROR:bus.cc(392)] Failed to connect to the bus: Address does not contain a colon
[229:255:0130/122859.156217:ERROR:bus.cc(392)] Failed to connect to the bus: Address does not contain a colon
[229:255:0130/122859.156235:ERROR:bus.cc(392)] Failed to connect to the bus: Address does not contain a colon
[229:255:0130/122859.156255:ERROR:bus.cc(392)] Failed to connect to the bus: Address does not contain a colon
[229:255:0130/122859.156275:ERROR:bus.cc(392)] Failed to connect to the bus: Address does not contain a colon
[229:255:0130/122859.156302:ERROR:bus.cc(392)] Failed to connect to the bus: Address does not contain a colon
[229:255:0130/122859.156323:ERROR:bus.cc(392)] Failed to connect to the bus: Address does not contain a colon
[229:255:0130/122859.156342:ERROR:bus.cc(392)] Failed to connect to the bus: Address does not contain a colon
[229:255:0130/122859.160777:ERROR:bus.cc(392)] Failed to connect to the bus: Address does not contain a colon
[229:255:0130/122859.160818:ERROR:bus.cc(392)] Failed to connect to the bus: Address does not contain a colon
[229:255:0130/122859.160838:ERROR:bus.cc(392)] Failed to connect to the bus: Address does not contain a colon
[229:255:0130/122859.232759:ERROR:bus.cc(392)] Failed to connect to the bus: Address does not contain a colon
[229:255:0130/122859.232824:ERROR:bus.cc(392)] Failed to connect to the bus: Address does not contain a colon
[229:229:0130/122859.513306:INFO:CONSOLE(128)] "currentLatencynow: 15.926", source: file:///home/seluser/ppt/player/dashjs/index.html (128)
[229:229:0130/122900.513338:INFO:CONSOLE(128)] "currentLatencynow: 16.579", source: file:///home/seluser/ppt/player/dashjs/index.html (128)
[229:229:0130/122901.513287:INFO:CONSOLE(128)] "currentLatencynow: 17.579", source: file:///home/seluser/ppt/player/dashjs/index.html (128)
[229:229:0130/122902.513367:INFO:CONSOLE(128)] "currentLatencynow: 18.58", source: file:///home/seluser/ppt/player/dashjs/index.html (128)
[229:229:0130/122903.513360:INFO:CONSOLE(128)] "currentLatencynow: 19.579", source: file:///home/seluser/ppt/player/dashjs/index.html (128)
[229:229:0130/122904.513414:INFO:CONSOLE(128)] "currentLatencynow: 20.58", source: file:///home/seluser/ppt/player/dashjs/index.html (128)
[229:229:0130/122905.513416:INFO:CONSOLE(128)] "currentLatencynow: 21.579", source: file:///home/seluser/ppt/player/dashjs/index.html (128)
[229:255:0130/122906.110618:ERROR:bus.cc(392)] Failed to connect to the bus: Address does not contain a colon
[229:255:0130/122906.110718:ERROR:bus.cc(392)] Failed to connect to the bus: Address does not contain a colon
[229:229:0130/122906.513253:INFO:CONSOLE(128)] "currentLatencynow: 22.092", source: file:///home/seluser/ppt/player/dashjs/index.html (128)
[229:229:0130/122907.513279:INFO:CONSOLE(128)] "currentLatencynow: 22.091", source: file:///home/seluser/ppt/player/dashjs/index.html (128)
[229:229:0130/122908.513324:INFO:CONSOLE(128)] "currentLatencynow: 22.553", source: file:///home/seluser/ppt/player/dashjs/index.html (128)
[229:229:0130/122909.513392:INFO:CONSOLE(128)] "currentLatencynow: 23.553", source: file:///home/seluser/ppt/player/dashjs/index.html (128)
[229:229:0130/122910.513353:INFO:CONSOLE(128)] "currentLatencynow: 24.553", source: file:///home/seluser/ppt/player/dashjs/index.html (128)
[229:229:0130/122911.513294:INFO:CONSOLE(128)] "currentLatencynow: 25.553", source: file:///home/seluser/ppt/player/dashjs/index.html (128)
[229:229:0130/122912.513179:INFO:CONSOLE(128)] "currentLatencynow: 26.553", source: file:///home/seluser/ppt/player/dashjs/index.html (128)
[229:229:0130/122913.513452:INFO:CONSOLE(128)] "currentLatencynow: 27.553", source: file:///home/seluser/ppt/player/dashjs/index.html (128)
[229:229:0130/122914.513294:INFO:CONSOLE(128)] "currentLatencynow: 28.553", source: file:///home/seluser/ppt/player/dashjs/index.html (128)
[229:229:0130/122915.513311:INFO:CONSOLE(128)] "currentLatencynow: 29.553", source: file:///home/seluser/ppt/player/dashjs/index.html (128)
[229:229:0130/122916.513359:INFO:CONSOLE(128)] "currentLatencynow: 30.259", source: file:///home/seluser/ppt/player/dashjs/index.html (128)
[229:229:0130/122917.513566:INFO:CONSOLE(128)] "currentLatencynow: 31.26", source: file:///home/seluser/ppt/player/dashjs/index.html (128)
[229:229:0130/122918.513422:INFO:CONSOLE(128)] "currentLatencynow: 32.259", source: file:///home/seluser/ppt/player/dashjs/index.html (128)
[229:229:0130/122919.513286:INFO:CONSOLE(128)] "currentLatencynow: 33.259", source: file:///home/seluser/ppt/player/dashjs/index.html (128)
[229:229:0130/122920.513375:INFO:CONSOLE(128)] "currentLatencynow: 34.26", source: file:///home/seluser/ppt/player/dashjs/index.html (128)
[229:229:0130/122921.513308:INFO:CONSOLE(128)] "currentLatencynow: 35.259", source: file:///home/seluser/ppt/player/dashjs/index.html (128)
[229:229:0130/122922.513283:INFO:CONSOLE(128)] "currentLatencynow: 36.259", source: file:///home/seluser/ppt/player/dashjs/index.html (128)
[229:229:0130/122923.513274:INFO:CONSOLE(128)] "currentLatencynow: 37.26", source: file:///home/seluser/ppt/player/dashjs/index.html (128)
[229:229:0130/122924.513336:INFO:CONSOLE(128)] "currentLatencynow: 38.259", source: file:///home/seluser/ppt/player/dashjs/index.html (128)
[229:229:0130/122925.513329:INFO:CONSOLE(128)] "currentLatencynow: 39.259", source: file:///home/seluser/ppt/player/dashjs/index.html (128)
[229:229:0130/122926.513277:INFO:CONSOLE(128)] "currentLatencynow: 40.259", source: file:///home/seluser/ppt/player/dashjs/index.html (128)
[229:229:0130/122927.513217:INFO:CONSOLE(128)] "currentLatencynow: 41.259", source: file:///home/seluser/ppt/player/dashjs/index.html (128)
[229:229:0130/122928.513224:INFO:CONSOLE(128)] "currentLatencynow: 42.259", source: file:///home/seluser/ppt/player/dashjs/index.html (128)
[229:229:0130/122929.513226:INFO:CONSOLE(128)] "currentLatencynow: 43.259", source: file:///home/seluser/ppt/player/dashjs/index.html (128)
[229:229:0130/122930.513403:INFO:CONSOLE(128)] "currentLatencynow: 44.26", source: file:///home/seluser/ppt/player/dashjs/index.html (128)
[229:229:0130/122931.513368:INFO:CONSOLE(128)] "currentLatencynow: 45.26", source: file:///home/seluser/ppt/player/dashjs/index.html (128)
[229:229:0130/122932.513414:INFO:CONSOLE(128)] "currentLatencynow: 46.26", source: file:///home/seluser/ppt/player/dashjs/index.html (128)
[229:229:0130/122933.513382:INFO:CONSOLE(128)] "currentLatencynow: 47.26", source: file:///home/seluser/ppt/player/dashjs/index.html (128)
[229:229:0130/122934.513464:INFO:CONSOLE(128)] "currentLatencynow: 48.26", source: file:///home/seluser/ppt/player/dashjs/index.html (128)
[229:229:0130/122935.513349:INFO:CONSOLE(128)] "currentLatencynow: 49.26", source: file:///home/seluser/ppt/player/dashjs/index.html (128)
[229:229:0130/122936.513395:INFO:CONSOLE(128)] "currentLatencynow: 50.26", source: file:///home/seluser/ppt/player/dashjs/index.html (128)
[229:229:0130/122937.513423:INFO:CONSOLE(128)] "currentLatencynow: 51.259", source: file:///home/seluser/ppt/player/dashjs/index.html (128)
[229:229:0130/122938.513238:INFO:CONSOLE(128)] "currentLatencynow: 52.259", source: file:///home/seluser/ppt/player/dashjs/index.html (128)
[229:229:0130/122939.513395:INFO:CONSOLE(128)] "currentLatencynow: 53.26", source: file:///home/seluser/ppt/player/dashjs/index.html (128)
[229:229:0130/122940.513214:INFO:CONSOLE(128)] "currentLatencynow: 54.259", source: file:///home/seluser/ppt/player/dashjs/index.html (128)
[229:229:0130/122941.513208:INFO:CONSOLE(128)] "currentLatencynow: 55.259", source: file:///home/seluser/ppt/player/dashjs/index.html (128)
[229:229:0130/122942.513334:INFO:CONSOLE(128)] "currentLatencynow: 56.26", source: file:///home/seluser/ppt/player/dashjs/index.html (128)
[229:229:0130/122943.513538:INFO:CONSOLE(128)] "currentLatencynow: 57.26", source: file:///home/seluser/ppt/player/dashjs/index.html (128)
[229:229:0130/122944.513364:INFO:CONSOLE(128)] "currentLatencynow: 58.259", source: file:///home/seluser/ppt/player/dashjs/index.html (128)
[229:229:0130/122945.513446:INFO:CONSOLE(128)] "currentLatencynow: 59.26", source: file:///home/seluser/ppt/player/dashjs/index.html (128)
[229:229:0130/122946.513957:INFO:CONSOLE(128)] "currentLatencynow: 60.26", source: file:///home/seluser/ppt/player/dashjs/index.html (128)
[229:229:0130/122947.513534:INFO:CONSOLE(128)] "currentLatencynow: 61.26", source: file:///home/seluser/ppt/player/dashjs/index.html (128)
[229:229:0130/122948.513278:INFO:CONSOLE(128)] "currentLatencynow: 62.259", source: file:///home/seluser/ppt/player/dashjs/index.html (128)
[229:229:0130/122949.513255:INFO:CONSOLE(128)] "currentLatencynow: 63.259", source: file:///home/seluser/ppt/player/dashjs/index.html (128)
[229:229:0130/122950.513253:INFO:CONSOLE(128)] "currentLatencynow: 64.259", source: file:///home/seluser/ppt/player/dashjs/index.html (128)
[229:229:0130/122951.513471:INFO:CONSOLE(128)] "currentLatencynow: 65.26", source: file:///home/seluser/ppt/player/dashjs/index.html (128)
[229:229:0130/122952.513423:INFO:CONSOLE(128)] "currentLatencynow: 66.259", source: file:///home/seluser/ppt/player/dashjs/index.html (128)
[229:229:0130/122953.513331:INFO:CONSOLE(128)] "currentLatencynow: 67.259", source: file:///home/seluser/ppt/player/dashjs/index.html (128)
[229:229:0130/122954.513448:INFO:CONSOLE(128)] "currentLatencynow: 68.26", source: file:///home/seluser/ppt/player/dashjs/index.html (128)
[229:229:0130/122955.513381:INFO:CONSOLE(128)] "currentLatencynow: 69.259", source: file:///home/seluser/ppt/player/dashjs/index.html (128)
[229:229:0130/122956.513464:INFO:CONSOLE(128)] "currentLatencynow: 70.26", source: file:///home/seluser/ppt/player/dashjs/index.html (128)
[229:229:0130/122957.513325:INFO:CONSOLE(128)] "currentLatencynow: 71.259", source: file:///home/seluser/ppt/player/dashjs/index.html (128)
[229:229:0130/122958.513325:INFO:CONSOLE(128)] "currentLatencynow: 72.26", source: file:///home/seluser/ppt/player/dashjs/index.html (128)
[229:229:0130/122959.513315:INFO:CONSOLE(128)] "currentLatencynow: 73.259", source: file:///home/seluser/ppt/player/dashjs/index.html (128)
[229:229:0130/123000.513361:INFO:CONSOLE(128)] "currentLatencynow: 74.259", source: file:///home/seluser/ppt/player/dashjs/index.html (128)
[229:229:0130/123001.513403:INFO:CONSOLE(128)] "currentLatencynow: 75.259", source: file:///home/seluser/ppt/player/dashjs/index.html (128)
[229:229:0130/123002.513351:INFO:CONSOLE(128)] "currentLatencynow: 76.26", source: file:///home/seluser/ppt/player/dashjs/index.html (128)
[229:229:0130/123003.513460:INFO:CONSOLE(128)] "currentLatencynow: 77.26", source: file:///home/seluser/ppt/player/dashjs/index.html (128)
[229:229:0130/123004.513320:INFO:CONSOLE(128)] "currentLatencynow: 78.259", source: file:///home/seluser/ppt/player/dashjs/index.html (128)
[229:229:0130/123005.513458:INFO:CONSOLE(128)] "currentLatencynow: 79.26", source: file:///home/seluser/ppt/player/dashjs/index.html (128)
[229:229:0130/123006.513409:INFO:CONSOLE(128)] "currentLatencynow: 80.26", source: file:///home/seluser/ppt/player/dashjs/index.html (128)
[229:229:0130/123007.513320:INFO:CONSOLE(128)] "currentLatencynow: 81.259", source: file:///home/seluser/ppt/player/dashjs/index.html (128)
[229:229:0130/123008.513291:INFO:CONSOLE(128)] "currentLatencynow: 82.259", source: file:///home/seluser/ppt/player/dashjs/index.html (128)
[229:229:0130/123009.513377:INFO:CONSOLE(128)] "currentLatencynow: 83.26", source: file:///home/seluser/ppt/player/dashjs/index.html (128)
[229:229:0130/123010.513330:INFO:CONSOLE(128)] "currentLatencynow: 84.259", source: file:///home/seluser/ppt/player/dashjs/index.html (128)
[229:229:0130/123011.513285:INFO:CONSOLE(128)] "currentLatencynow: 85.259", source: file:///home/seluser/ppt/player/dashjs/index.html (128)
[229:229:0130/123012.513336:INFO:CONSOLE(128)] "currentLatencynow: 86.259", source: file:///home/seluser/ppt/player/dashjs/index.html (128)
[229:229:0130/123013.513434:INFO:CONSOLE(128)] "currentLatencynow: 87.26", source: file:///home/seluser/ppt/player/dashjs/index.html (128)
[229:229:0130/123014.513335:INFO:CONSOLE(128)] "currentLatencynow: 88.259", source: file:///home/seluser/ppt/player/dashjs/index.html (128)
[229:229:0130/123015.513228:INFO:CONSOLE(128)] "currentLatencynow: 89.259", source: file:///home/seluser/ppt/player/dashjs/index.html (128)
[229:229:0130/123016.513360:INFO:CONSOLE(128)] "currentLatencynow: 90.259", source: file:///home/seluser/ppt/player/dashjs/index.html (128)
[229:229:0130/123017.513392:INFO:CONSOLE(128)] "currentLatencynow: 91.26", source: file:///home/seluser/ppt/player/dashjs/index.html (128)
[229:229:0130/123018.513285:INFO:CONSOLE(128)] "currentLatencynow: 92.259", source: file:///home/seluser/ppt/player/dashjs/index.html (128)
[229:229:0130/123019.513366:INFO:CONSOLE(128)] "currentLatencynow: 93.259", source: file:///home/seluser/ppt/player/dashjs/index.html (128)
[229:229:0130/123020.513419:INFO:CONSOLE(128)] "currentLatencynow: 94.26", source: file:///home/seluser/ppt/player/dashjs/index.html (128)
[229:229:0130/123021.513386:INFO:CONSOLE(128)] "currentLatencynow: 95.26", source: file:///home/seluser/ppt/player/dashjs/index.html (128)
[229:229:0130/123022.513349:INFO:CONSOLE(128)] "currentLatencynow: 96.259", source: file:///home/seluser/ppt/player/dashjs/index.html (128)
[229:229:0130/123023.513292:INFO:CONSOLE(128)] "currentLatencynow: 97.259", source: file:///home/seluser/ppt/player/dashjs/index.html (128)
[229:229:0130/123024.513283:INFO:CONSOLE(128)] "currentLatencynow: 98.259", source: file:///home/seluser/ppt/player/dashjs/index.html (128)
[229:229:0130/123025.513274:INFO:CONSOLE(128)] "currentLatencynow: 99.259", source: file:///home/seluser/ppt/player/dashjs/index.html (128)
[229:229:0130/123026.513316:INFO:CONSOLE(128)] "currentLatencynow: 100.259", source: file:///home/seluser/ppt/player/dashjs/index.html (128)
[229:229:0130/123027.513309:INFO:CONSOLE(128)] "currentLatencynow: 101.259", source: file:///home/seluser/ppt/player/dashjs/index.html (128)
[229:229:0130/123028.513308:INFO:CONSOLE(128)] "currentLatencynow: 102.259", source: file:///home/seluser/ppt/player/dashjs/index.html (128)
[229:229:0130/123029.513284:INFO:CONSOLE(128)] "currentLatencynow: 103.259", source: file:///home/seluser/ppt/player/dashjs/index.html (128)
[229:229:0130/123030.513309:INFO:CONSOLE(128)] "currentLatencynow: 104.259", source: file:///home/seluser/ppt/player/dashjs/index.html (128)
[229:229:0130/123031.513314:INFO:CONSOLE(128)] "currentLatencynow: 105.259", source: file:///home/seluser/ppt/player/dashjs/index.html (128)
[229:229:0130/123032.513441:INFO:CONSOLE(128)] "currentLatencynow: 106.26", source: file:///home/seluser/ppt/player/dashjs/index.html (128)
[229:229:0130/123033.513272:INFO:CONSOLE(128)] "currentLatencynow: 107.259", source: file:///hom[229:229:0130/123139.513302:INFO:CONSOLE(128)] "currentLatencynow: 173.259", source: file:///home/seluser/ppt/player/dashjs/index.html (128)
[229:229:0130/123140.513293:INFO:CONSOLE(128)] "currentLatencynow: 174.259", source: file:///home/seluser/ppt/player/dashjs/index.html (128)
[229:229:0130/123141.513455:INFO:CONSOLE(128)] "currentLatencynow: 175.26", source: file:///home/seluser/ppt/player/dashjs/index.html (128)
[229:229:0130/123142.513304:INFO:CONSOLE(128)] "currentLatencynow: 176.259", source: file:///home/seluser/ppt/player/dashjs/index.html (128)
[229:229:0130/123143.513338:INFO:CONSOLE(128)] "currentLatencynow: 177.26", source: file:///home/seluser/ppt/player/dashjs/index.html (128)
[229:229:0130/123143.733197:WARNING:pref_notifier_impl.cc(40)] Pref observer for media_router.cast_allow_all_ips found at shutdown.
