[229:293:0130/122847.867013:ERROR:bus.cc(392)] Failed to connect to the bus: Failed to connect to socket /var/run/dbus/system_bus_socket: No such file or directory
[229:256:0130/122847.869184:ERROR:bus.cc(392)] Failed to connect to the bus: Address does not contain a colon
[229:256:0130/122847.870074:ERROR:bus.cc(392)] Failed to connect to the bus: Address does not contain a colon
[300:300:0130/122847.886166:ERROR:gpu_init.cc(453)] Passthrough is not supported, GL is swiftshader, ANGLE is 
[229:256:0130/122847.886781:ERROR:bus.cc(392)] Failed to connect to the bus: Address does not contain a colon
[229:256:0130/122847.891555:ERROR:bus.cc(392)] Failed to connect to the bus: Address does not contain a colon
[229:256:0130/122847.924189:ERROR:bus.cc(392)] Failed to connect to the bus: Address does not contain a colon
[229:256:0130/122847.924250:ERROR:bus.cc(392)] Failed to connect to the bus: Address does not contain a colon
[229:389:0130/122847.987735:ERROR:bus.cc(392)] Failed to connect to the bus: Failed to connect to socket /var/run/dbus/system_bus_socket: No such file or directory
[229:389:0130/122847.987825:ERROR:bus.cc(392)] Failed to connect to the bus: Failed to connect to socket /var/run/dbus/system_bus_socket: No such file or directory
[229:389:0130/122847.987895:ERROR:bus.cc(392)] Failed to connect to the bus: Failed to connect to socket /var/run/dbus/system_bus_socket: No such file or directory
[229:389:0130/122847.987918:WARNING:property.cc(144)] DaemonVersion: GetAndBlock: failed.
[229:389:0130/122847.987956:ERROR:bus.cc(392)] Failed to connect to the bus: Failed to connect to socket /var/run/dbus/system_bus_socket: No such file or directory
[229:389:0130/122847.988006:ERROR:bus.cc(392)] Failed to connect to the bus: Failed to connect to socket /var/run/dbus/system_bus_socket: No such file or directory
[229:229:0130/122849.308045:INFO:CONSOLE(128)] "currentLatencynow: NaN", source: file:///home/seluser/ppt/player/dashjs/index.html (128)
[229:249:0130/122850.126693:ERROR:chrome_browser_main_extra_parts_metrics.cc(228)] crbug.com/1216328: Checking Bluetooth availability started. Please report if there is no report that this ends.
[229:249:0130/122850.128125:ERROR:chrome_browser_main_extra_parts_metrics.cc(231)] crbug.com/1216328: Checking Bluetooth availability ended.
[229:249:0130/122850.128148:ERROR:chrome_browser_main_extra_parts_metrics.cc(234)] crbug.com/1216328: Checking default browser status started. Please report if there is no report that this ends.
[229:229:0130/122850.308288:INFO:CONSOLE(128)] "currentLatencynow: NaN", source: file:///home/seluser/ppt/player/dashjs/index.html (128)
[229:249:0130/122850.337528:ERROR:chrome_browser_main_extra_parts_metrics.cc(238)] crbug.com/1216328: Checking default browser status ended.
[229:229:0130/122851.307853:INFO:CONSOLE(128)] "currentLatencynow: NaN", source: file:///home/seluser/ppt/player/dashjs/index.html (128)
[229:229:0130/122852.307744:INFO:CONSOLE(128)] "currentLatencynow: NaN", source: file:///home/seluser/ppt/player/dashjs/index.html (128)
[229:229:0130/122853.307680:INFO:CONSOLE(128)] "currentLatencynow: NaN", source: file:///home/seluser/ppt/player/dashjs/index.html (128)
[229:229:0130/122854.307800:INFO:CONSOLE(128)] "currentLatencynow: NaN", source: file:///home/seluser/ppt/player/dashjs/index.html (128)
[229:229:0130/122855.307750:INFO:CONSOLE(128)] "currentLatencynow: 0", source: file:///home/seluser/ppt/player/dashjs/index.html (128)
[229:229:0130/122856.307623:INFO:CONSOLE(128)] "currentLatencynow: 0", source: file:///home/seluser/ppt/player/dashjs/index.html (128)
[229:229:0130/122857.307573:INFO:CONSOLE(128)] "currentLatencynow: 0", source: file:///home/seluser/ppt/player/dashjs/index.html (128)
[229:229:0130/122858.307699:INFO:CONSOLE(128)] "currentLatencynow: 0", source: file:///home/seluser/ppt/player/dashjs/index.html (128)
[229:229:0130/122859.307587:INFO:CONSOLE(128)] "currentLatencynow: 0", source: file:///home/seluser/ppt/player/dashjs/index.html (128)
[229:229:0130/122900.307660:INFO:CONSOLE(128)] "currentLatencynow: 0", source: file:///home/seluser/ppt/player/dashjs/index.html (128)
[229:229:0130/122901.307716:INFO:CONSOLE(128)] "currentLatencynow: 0", source: file:///home/seluser/ppt/player/dashjs/index.html (128)
[645:645:0130/122901.929750:WARNING:audio_manager_linux.cc(69)] Falling back to ALSA for audio output. PulseAudio is not available or could not be initialized.
[645:645:0130/122901.936250:ERROR:alsa_util.cc(204)] PcmOpen: default,No such file or directory
[645:645:0130/122901.936379:ERROR:alsa_util.cc(204)] PcmOpen: plug:default,No such file or directory
[229:229:0130/122902.308153:INFO:CONSOLE(128)] "currentLatencynow: 11.322", source: file:///home/seluser/ppt/player/dashjs/index.html (128)
[229:229:0130/122903.307574:INFO:CONSOLE(128)] "currentLatencynow: 12.322", source: file:///home/seluser/ppt/player/dashjs/index.html (128)
[229:229:0130/122904.307616:INFO:CONSOLE(128)] "currentLatencynow: 13.322", source: file:///home/seluser/ppt/player/dashjs/index.html (128)
[229:229:0130/122905.307655:INFO:CONSOLE(128)] "currentLatencynow: 14.322", source: file:///home/seluser/ppt/player/dashjs/index.html (128)
[229:229:0130/122906.307646:INFO:CONSOLE(128)] "currentLatencynow: 15.322", source: file:///home/seluser/ppt/player/dashjs/index.html (128)
[229:229:0130/122907.307820:INFO:CONSOLE(128)] "currentLatencynow: 16.322", source: file:///home/seluser/ppt/player/dashjs/index.html (128)
[229:229:0130/122908.307636:INFO:CONSOLE(128)] "currentLatencynow: 17.322", source: file:///home/seluser/ppt/player/dashjs/index.html (128)
[229:256:0130/122908.759042:ERROR:bus.cc(392)] Failed to connect to the bus: Address does not contain a colon
[229:256:0130/122908.759128:ERROR:bus.cc(392)] Failed to connect to the bus: Address does not contain a colon
[229:256:0130/122908.759151:ERROR:bus.cc(392)] Failed to connect to the bus: Address does not contain a colon
[229:256:0130/122908.759167:ERROR:bus.cc(392)] Failed to connect to the bus: Address does not contain a colon
[229:256:0130/122908.759187:ERROR:bus.cc(392)] Failed to connect to the bus: Address does not contain a colon
[229:256:0130/122908.759201:ERROR:bus.cc(392)] Failed to connect to the bus: Address does not contain a colon
[229:256:0130/122908.759215:ERROR:bus.cc(392)] Failed to connect to the bus: Address does not contain a colon
[229:256:0130/122908.759234:ERROR:bus.cc(392)] Failed to connect to the bus: Address does not contain a colon
[229:256:0130/122908.759247:ERROR:bus.cc(392)] Failed to connect to the bus: Address does not contain a colon
[229:256:0130/122908.759258:ERROR:bus.cc(392)] Failed to connect to the bus: Address does not contain a colon
[229:256:0130/122908.759268:ERROR:bus.cc(392)] Failed to connect to the bus: Address does not contain a colon
[229:256:0130/122908.759280:ERROR:bus.cc(392)] Failed to connect to the bus: Address does not contain a colon
[229:256:0130/122908.759290:ERROR:bus.cc(392)] Failed to connect to the bus: Address does not contain a colon
[229:256:0130/122908.759303:ERROR:bus.cc(392)] Failed to connect to the bus: Address does not contain a colon
[229:256:0130/122908.765272:ERROR:bus.cc(392)] Failed to connect to the bus: Address does not contain a colon
[229:256:0130/122908.765310:ERROR:bus.cc(392)] Failed to connect to the bus: Address does not contain a colon
[229:256:0130/122908.765334:ERROR:bus.cc(392)] Failed to connect to the bus: Address does not contain a colon
[229:256:0130/122908.816282:ERROR:bus.cc(392)] Failed to connect to the bus: Address does not contain a colon
[229:256:0130/122908.816335:ERROR:bus.cc(392)] Failed to connect to the bus: Address does not contain a colon
[229:229:0130/122909.307547:INFO:CONSOLE(128)] "currentLatencynow: 17.82", source: file:///home/seluser/ppt/player/dashjs/index.html (128)
[229:229:0130/122910.307749:INFO:CONSOLE(128)] "currentLatencynow: 18.353", source: file:///home/seluser/ppt/player/dashjs/index.html (128)
[229:229:0130/122911.307672:INFO:CONSOLE(128)] "currentLatencynow: 19.353", source: file:///home/seluser/ppt/player/dashjs/index.html (128)
[229:229:0130/122912.307608:INFO:CONSOLE(128)] "currentLatencynow: 20.353", source: file:///home/seluser/ppt/player/dashjs/index.html (128)
[229:229:0130/122913.307637:INFO:CONSOLE(128)] "currentLatencynow: 21.353", source: file:///home/seluser/ppt/player/dashjs/index.html (128)
[229:256:0130/122913.957391:ERROR:bus.cc(392)] Failed to connect to the bus: Address does not contain a colon
[229:256:0130/122913.957464:ERROR:bus.cc(392)] Failed to connect to the bus: Address does not contain a colon
[229:229:0130/122914.307629:INFO:CONSOLE(128)] "currentLatencynow: 21.961", source: file:///home/seluser/ppt/player/dashjs/index.html (128)
[229:229:0130/122915.307590:INFO:CONSOLE(128)] "currentLatencynow: 21.961", source: file:///home/seluser/ppt/player/dashjs/index.html (128)
[229:229:0130/122916.307697:INFO:CONSOLE(128)] "currentLatencynow: 22.334", source: file:///home/seluser/ppt/player/dashjs/index.html (128)
[229:229:0130/122917.307733:INFO:CONSOLE(128)] "currentLatencynow: 23.334", source: file:///home/seluser/ppt/player/dashjs/index.html (128)
[229:229:0130/122918.307707:INFO:CONSOLE(128)] "currentLatencynow: 24.334", source: file:///home/seluser/ppt/player/dashjs/index.html (128)
[229:229:0130/122919.307700:INFO:CONSOLE(128)] "currentLatencynow: 25.334", source: file:///home/seluser/ppt/player/dashjs/index.html (128)
[229:229:0130/122920.307735:INFO:CONSOLE(128)] "currentLatencynow: 26.334", source: file:///home/seluser/ppt/player/dashjs/index.html (128)
[229:229:0130/122921.307520:INFO:CONSOLE(128)] "currentLatencynow: 27.334", source: file:///home/seluser/ppt/player/dashjs/index.html (128)
[229:229:0130/122922.307561:INFO:CONSOLE(128)] "currentLatencynow: 28.334", source: file:///home/seluser/ppt/player/dashjs/index.html (128)
[229:229:0130/122923.307622:INFO:CONSOLE(128)] "currentLatencynow: 29.334", source: file:///home/seluser/ppt/player/dashjs/index.html (128)
[229:229:0130/122924.307494:INFO:CONSOLE(128)] "currentLatencynow: 30.034", source: file:///home/seluser/ppt/player/dashjs/index.html (128)
[229:229:0130/122925.307536:INFO:CONSOLE(128)] "currentLatencynow: 31.034", source: file:///home/seluser/ppt/player/dashjs/index.html (128)
[229:229:0130/122926.307670:INFO:CONSOLE(128)] "currentLatencynow: 32.034", source: file:///home/seluser/ppt/player/dashjs/index.html (128)
[229:229:0130/122927.307664:INFO:CONSOLE(128)] "currentLatencynow: 33.034", source: file:///home/seluser/ppt/player/dashjs/index.html (128)
[229:229:0130/122928.307671:INFO:CONSOLE(128)] "currentLatencynow: 34.034", source: file:///home/seluser/ppt/player/dashjs/index.html (128)
[229:229:0130/122929.307664:INFO:CONSOLE(128)] "currentLatencynow: 35.034", source: file:///home/seluser/ppt/player/dashjs/index.html (128)
[229:229:0130/122930.307650:INFO:CONSOLE(128)] "currentLatencynow: 36.034", source: file:///home/seluser/ppt/player/dashjs/index.html (128)
[229:229:0130/122931.307663:INFO:CONSOLE(128)] "currentLatencynow: 37.034", source: file:///home/seluser/ppt/player/dashjs/index.html (128)
[229:229:0130/122932.307565:INFO:CONSOLE(128)] "currentLatencynow: 38.034", source: file:///home/seluser/ppt/player/dashjs/index.html (128)
[229:229:0130/122933.307678:INFO:CONSOLE(128)] "currentLatencynow: 39.034", source: file:///home/seluser/ppt/player/dashjs/index.html (128)
[229:229:0130/122934.307746:INFO:CONSOLE(128)] "currentLatencynow: 40.034", source: file:///home/seluser/ppt/player/dashjs/index.html (128)
[229:229:0130/122935.307597:INFO:CONSOLE(128)] "currentLatencynow: 41.034", source: file:///home/seluser/ppt/player/dashjs/index.html (128)
[229:229:0130/122936.307554:INFO:CONSOLE(128)] "currentLatencynow: 42.034", source: file:///home/seluser/ppt/player/dashjs/index.html (128)
[229:229:0130/122937.307785:INFO:CONSOLE(128)] "currentLatencynow: 43.034", source: file:///home/seluser/ppt/player/dashjs/index.html (128)
[229:229:0130/122938.307599:INFO:CONSOLE(128)] "currentLatencynow: 44.034", source: file:///home/seluser/ppt/player/dashjs/index.html (128)
[229:229:0130/122939.307597:INFO:CONSOLE(128)] "currentLatencynow: 45.034", source: file:///home/seluser/ppt/player/dashjs/index.html (128)
[229:229:0130/122940.307591:INFO:CONSOLE(128)] "currentLatencynow: 46.034", source: file:///home/seluser/ppt/player/dashjs/index.html (128)
[229:229:0130/122941.307864:INFO:CONSOLE(128)] "currentLatencynow: 47.034", source: file:///home/seluser/ppt/player/dashjs/index.html (128)
[229:229:0130/122942.307760:INFO:CONSOLE(128)] "currentLatencynow: 48.034", source: file:///home/seluser/ppt/player/dashjs/index.html (128)
[229:229:0130/122943.307572:INFO:CONSOLE(128)] "currentLatencynow: 49.034", source: file:///home/seluser/ppt/player/dashjs/index.html (128)
[229:229:0130/122944.307626:INFO:CONSOLE(128)] "currentLatencynow: 50.034", source: file:///home/seluser/ppt/player/dashjs/index.html (128)
[229:229:0130/122945.307689:INFO:CONSOLE(128)] "currentLatencynow: 51.034", source: file:///home/seluser/ppt/player/dashjs/index.html (128)
[229:229:0130/122946.307699:INFO:CONSOLE(128)] "currentLatencynow: 52.034", source: file:///home/seluser/ppt/player/dashjs/index.html (128)
[229:229:0130/122947.307604:INFO:CONSOLE(128)] "currentLatencynow: 53.034", source: file:///home/seluser/ppt/player/dashjs/index.html (128)
[229:229:0130/122948.307591:INFO:CONSOLE(128)] "currentLatencynow: 54.034", source: file:///home/seluser/ppt/player/dashjs/index.html (128)
[229:229:0130/122949.307581:INFO:CONSOLE(128)] "currentLatencynow: 55.034", source: file:///home/seluser/ppt/player/dashjs/index.html (128)
[229:229:0130/122950.307654:INFO:CONSOLE(128)] "currentLatencynow: 56.034", source: file:///home/seluser/ppt/player/dashjs/index.html (128)
[229:229:0130/122951.307642:INFO:CONSOLE(128)] "currentLatencynow: 57.034", source: file:///home/seluser/ppt/player/dashjs/index.html (128)
[229:229:0130/122952.307791:INFO:CONSOLE(128)] "currentLatencynow: 58.034", source: file:///home/seluser/ppt/player/dashjs/index.html (128)
[229:229:0130/122953.307793:INFO:CONSOLE(128)] "currentLatencynow: 59.034", source: file:///home/seluser/ppt/player/dashjs/index.html (128)
[229:229:0130/122954.307652:INFO:CONSOLE(128)] "currentLatencynow: 60.034", source: file:///home/seluser/ppt/player/dashjs/index.html (128)
[229:229:0130/122955.307776:INFO:CONSOLE(128)] "currentLatencynow: 61.034", source: file:///home/seluser/ppt/player/dashjs/index.html (128)
[229:229:0130/122956.307785:INFO:CONSOLE(128)] "currentLatencynow: 62.034", source: file:///home/seluser/ppt/player/dashjs/index.html (128)
[229:229:0130/122957.307606:INFO:CONSOLE(128)] "currentLatencynow: 63.034", source: file:///home/seluser/ppt/player/dashjs/index.html (128)
[229:229:0130/122958.307610:INFO:CONSOLE(128)] "currentLatencynow: 64.034", source: file:///home/seluser/ppt/player/dashjs/index.html (128)
[229:229:0130/122959.307723:INFO:CONSOLE(128)] "currentLatencynow: 65.034", source: file:///home/seluser/ppt/player/dashjs/index.html (128)
[229:229:0130/123000.307536:INFO:CONSOLE(128)] "currentLatencynow: 66.034", source: file:///home/seluser/ppt/player/dashjs/index.html (128)
[229:229:0130/123001.307649:INFO:CONSOLE(128)] "currentLatencynow: 67.034", source: file:///home/seluser/ppt/player/dashjs/index.html (128)
[229:229:0130/123002.307636:INFO:CONSOLE(128)] "currentLatencynow: 68.034", source: file:///home/seluser/ppt/player/dashjs/index.html (128)
[229:229:0130/123003.307631:INFO:CONSOLE(128)] "currentLatencynow: 69.034", source: file:///home/seluser/ppt/player/dashjs/index.html (128)
[229:229:0130/123004.307826:INFO:CONSOLE(128)] "currentLatencynow: 70.034", source: file:///home/seluser/ppt/player/dashjs/index.html (128)
[229:229:0130/123005.307659:INFO:CONSOLE(128)] "currentLatencynow: 71.034", source: file:///home/seluser/ppt/player/dashjs/index.html (128)
[229:229:0130/123006.307652:INFO:CONSOLE(128)] "currentLatencynow: 72.034", source: file:///home/seluser/ppt/player/dashjs/index.html (128)
[229:229:0130/123007.307702:INFO:CONSOLE(128)] "currentLatencynow: 73.034", source: file:///home/seluser/ppt/player/dashjs/index.html (128)
[229:229:0130/123008.307714:INFO:CONSOLE(128)] "currentLatencynow: 74.034", source: file:///home/seluser/ppt/player/dashjs/index.html (128)
[229:229:0130/123009.307676:INFO:CONSOLE(128)] "currentLatencynow: 75.034", source: file:///home/seluser/ppt/player/dashjs/index.html (128)
[229:229:0130/123010.307616:INFO:CONSOLE(128)] "currentLatencynow: 76.034", source: file:///home/seluser/ppt/player/dashjs/index.html (128)
[229:229:0130/123011.307661:INFO:CONSOLE(128)] "currentLatencynow: 77.034", source: file:///home/seluser/ppt/player/dashjs/index.html (128)
[229:229:0130/123012.307611:INFO:CONSOLE(128)] "currentLatencynow: 78.034", source: file:///home/seluser/ppt/player/dashjs/index.html (128)
[229:229:0130/123013.307754:INFO:CONSOLE(128)] "currentLatencynow: 79.034", source: file:///home/seluser/ppt/player/dashjs/index.html (128)
[229:229:0130/123014.307737:INFO:CONSOLE(128)] "currentLatencynow: 80.034", source: file:///home/seluser/ppt/player/dashjs/index.html (128)
[229:229:0130/123015.307547:INFO:CONSOLE(128)] "currentLatencynow: 81.034", source: file:///home/seluser/ppt/player/dashjs/index.html (128)
[229:229:0130/123016.307677:INFO:CONSOLE(128)] "currentLatencynow: 82.034", source: file:///home/seluser/ppt/player/dashjs/index.html (128)
[229:229:0130/123017.307791:INFO:CONSOLE(128)] "currentLatencynow: 83.034", source: file:///home/seluser/ppt/player/dashjs/index.html (128)
[229:229:0130/123018.307716:INFO:CONSOLE(128)] "currentLatencynow: 84.034", source: file:///home/seluser/ppt/player/dashjs/index.html (128)
[229:229:0130/123019.307703:INFO:CONSOLE(128)] "currentLatencynow: 85.034", source: file:///home/seluser/ppt/player/dashjs/index.html (128)
[229:229:0130/123020.307791:INFO:CONSOLE(128)] "currentLatencynow: 86.034", source: file:///home/seluser/ppt/player/dashjs/index.html (128)
[229:229:0130/123021.307675:INFO:CONSOLE(128)] "currentLatencynow: 87.034", source: file:///home/seluser/ppt/player/dashjs/index.html (128)
[229:229:0130/123022.307600:INFO:CONSOLE(128)] "currentLatencynow: 88.034", source: file:///home/seluser/ppt/player/dashjs/index.html (128)
[229:229:0130/123023.307681:INFO:CONSOLE(128)] "currentLatencynow: 89.034", source: file:///home/seluser/ppt/player/dashjs/index.html (128)
[229:229:0130/123024.307701:INFO:CONSOLE(128)] "currentLatencynow: 90.034", source: file:///home/seluser/ppt/player/dashjs/index.html (128)
[229:229:0130/123025.307573:INFO:CONSOLE(128)] "currentLatencynow: 91.034", source: file:///home/seluser/ppt/player/dashjs/index.html (128)
[229:229:0130/123026.307683:INFO:CONSOLE(128)] "currentLatencynow: 92.034", source: file:///home/seluser/ppt/player/dashjs/index.html (128)
[229:229:0130/123027.307670:INFO:CONSOLE(128)] "currentLatencynow: 93.034", source: file:///home/seluser/ppt/player/dashjs/index.html (128)
[229:229:0130/123028.307660:INFO:CONSOLE(128)] "currentLatencynow: 94.034", source: file:///home/seluser/ppt/player/dashjs/index.html (128)
[229:229:0130/123029.307660:INFO:CONSOLE(128)] "currentLatencynow: 95.034", source: file:///home/seluser/ppt/player/dashjs/index.html (128)
[229:229:0130/123030.307786:INFO:CONSOLE(128)] "currentLatencynow: 96.034", source: file:///home/seluser/ppt/player/dashjs/index.html (128)
[229:229:0130/123031.307682:INFO:CONSOLE(128)] "currentLatencynow: 97.034", source: file:///home/seluser/ppt/player/dashjs/index.html (128)
[229:229:0130/123032.307695:INFO:CONSOLE(128)] "currentLatencynow: 98.034", source: file:///home/seluser/ppt/player/dashjs/index.html (128)
[229:229:0130/123033.307674:INFO:CONSOLE(128)] "currentLatencynow: 99.034", source: file:///home/seluser/ppt/player/dashjs/index.html (128)
[229:229:0130/123034.307659:INFO:CONSOLE(128)] "currentLatencynow: 100.034", source: file:///home/seluser/ppt/player/dashjs/index.html (128)
[229:229:0130/123035.307731:INFO:CONSOLE(128)] "currentLatencynow: 101.034", source: file:///home/seluser/ppt/player/dashjs/index.html (128)
[229:229:0130/123036.307728:INFO:CONSOLE(128)] "currentLatencynow: 102.034", source: file:///home/seluser/ppt/player/dashjs/index.html (128)
[229:229:0130/123037.308434:INFO:CONSOLE(128)] "currentLatencynow: 103.034", source: file:///home/seluser/ppt/player/dashjs/index.html (128)
[229:229:0130/123038.307679:INFO:CONSOLE(128)] "currentLatencynow: 104.034", source: f[229:229:0130/123139.307680:INFO:CONSOLE(128)] "currentLatencynow: 165.034", source: file:///home/seluser/ppt/player/dashjs/index.html (128)
[229:229:0130/123140.307791:INFO:CONSOLE(128)] "currentLatencynow: 166.034", source: file:///home/seluser/ppt/player/dashjs/index.html (128)
[229:229:0130/123141.307820:INFO:CONSOLE(128)] "currentLatencynow: 167.034", source: file:///home/seluser/ppt/player/dashjs/index.html (128)
[229:229:0130/123142.307694:INFO:CONSOLE(128)] "currentLatencynow: 168.034", source: file:///home/seluser/ppt/player/dashjs/index.html (128)
[229:229:0130/123143.307766:INFO:CONSOLE(128)] "currentLatencynow: 169.034", source: file:///home/seluser/ppt/player/dashjs/index.html (128)
[229:229:0130/123144.307662:INFO:CONSOLE(128)] "currentLatencynow: 170.034", source: file:///home/seluser/ppt/player/dashjs/index.html (128)
[229:229:0130/123145.307615:INFO:CONSOLE(128)] "currentLatencynow: 171.034", source: file:///home/seluser/ppt/player/dashjs/index.html (128)
[229:229:0130/123146.307783:INFO:CONSOLE(128)] "currentLatencynow: 172.034", source: file:///home/seluser/ppt/player/dashjs/index.html (128)
[229:229:0130/123147.307700:INFO:CONSOLE(128)] "currentLatencynow: 173.034", source: file:///home/seluser/ppt/player/dashjs/index.html (128)
[229:229:0130/123148.307700:INFO:CONSOLE(128)] "currentLatencynow: 174.034", source: file:///home/seluser/ppt/player/dashjs/index.html (128)
[229:229:0130/123148.459662:WARNING:pref_notifier_impl.cc(40)] Pref observer for media_router.cast_allow_all_ips found at shutdown.
