[103:139:0111/091924.137272:ERROR:bus.cc(392)] Failed to connect to the bus: Failed to connect to socket /var/run/dbus/system_bus_socket: No such file or directory
[103:130:0111/091924.139907:ERROR:bus.cc(392)] Failed to connect to the bus: Address does not contain a colon
[103:130:0111/091924.139942:ERROR:bus.cc(392)] Failed to connect to the bus: Address does not contain a colon
[103:130:0111/091924.163212:ERROR:bus.cc(392)] Failed to connect to the bus: Address does not contain a colon
[103:130:0111/091924.163267:ERROR:bus.cc(392)] Failed to connect to the bus: Address does not contain a colon
[145:145:0111/091924.174330:ERROR:gpu_init.cc(453)] Passthrough is not supported, GL is swiftshader, ANGLE is 
[103:130:0111/091924.199297:ERROR:bus.cc(392)] Failed to connect to the bus: Address does not contain a colon
[103:130:0111/091924.199350:ERROR:bus.cc(392)] Failed to connect to the bus: Address does not contain a colon
[103:222:0111/091924.420157:ERROR:bus.cc(392)] Failed to connect to the bus: Failed to connect to socket /var/run/dbus/system_bus_socket: No such file or directory
[103:222:0111/091924.420241:ERROR:bus.cc(392)] Failed to connect to the bus: Failed to connect to socket /var/run/dbus/system_bus_socket: No such file or directory
[103:222:0111/091924.420324:ERROR:bus.cc(392)] Failed to connect to the bus: Failed to connect to socket /var/run/dbus/system_bus_socket: No such file or directory
[103:222:0111/091924.420354:WARNING:property.cc(144)] DaemonVersion: GetAndBlock: failed.
[103:222:0111/091924.420402:ERROR:bus.cc(392)] Failed to connect to the bus: Failed to connect to socket /var/run/dbus/system_bus_socket: No such file or directory
[103:222:0111/091924.420461:ERROR:bus.cc(392)] Failed to connect to the bus: Failed to connect to socket /var/run/dbus/system_bus_socket: No such file or directory
[103:103:0111/091926.595455:INFO:CONSOLE(126)] "currentLatencynow: NaN", source: file:///home/seluser/ppt/player/bola1/index.html (126)
[103:171:0111/091927.335001:ERROR:chrome_browser_main_extra_parts_metrics.cc(228)] crbug.com/1216328: Checking Bluetooth availability started. Please report if there is no report that this ends.
[103:171:0111/091927.335045:ERROR:chrome_browser_main_extra_parts_metrics.cc(231)] crbug.com/1216328: Checking Bluetooth availability ended.
[103:171:0111/091927.335067:ERROR:chrome_browser_main_extra_parts_metrics.cc(234)] crbug.com/1216328: Checking default browser status started. Please report if there is no report that this ends.
[103:171:0111/091927.481628:ERROR:chrome_browser_main_extra_parts_metrics.cc(238)] crbug.com/1216328: Checking default browser status ended.
[103:103:0111/091927.595231:INFO:CONSOLE(126)] "currentLatencynow: NaN", source: file:///home/seluser/ppt/player/bola1/index.html (126)
[103:103:0111/091928.595234:INFO:CONSOLE(126)] "currentLatencynow: 0", source: file:///home/seluser/ppt/player/bola1/index.html (126)
[439:439:0111/091928.664118:WARNING:audio_manager_linux.cc(69)] Falling back to ALSA for audio output. PulseAudio is not available or could not be initialized.
[439:439:0111/091928.670560:ERROR:alsa_util.cc(204)] PcmOpen: default,No such file or directory
[439:439:0111/091928.670727:ERROR:alsa_util.cc(204)] PcmOpen: plug:default,No such file or directory
[103:130:0111/091929.037498:ERROR:bus.cc(392)] Failed to connect to the bus: Address does not contain a colon
[103:130:0111/091929.037567:ERROR:bus.cc(392)] Failed to connect to the bus: Address does not contain a colon
[103:130:0111/091929.037599:ERROR:bus.cc(392)] Failed to connect to the bus: Address does not contain a colon
[103:130:0111/091929.037630:ERROR:bus.cc(392)] Failed to connect to the bus: Address does not contain a colon
[103:130:0111/091929.037695:ERROR:bus.cc(392)] Failed to connect to the bus: Address does not contain a colon
[103:130:0111/091929.037726:ERROR:bus.cc(392)] Failed to connect to the bus: Address does not contain a colon
[103:130:0111/091929.037754:ERROR:bus.cc(392)] Failed to connect to the bus: Address does not contain a colon
[103:130:0111/091929.037806:ERROR:bus.cc(392)] Failed to connect to the bus: Address does not contain a colon
[103:130:0111/091929.037832:ERROR:bus.cc(392)] Failed to connect to the bus: Address does not contain a colon
[103:130:0111/091929.037864:ERROR:bus.cc(392)] Failed to connect to the bus: Address does not contain a colon
[103:130:0111/091929.037893:ERROR:bus.cc(392)] Failed to connect to the bus: Address does not contain a colon
[103:130:0111/091929.037922:ERROR:bus.cc(392)] Failed to connect to the bus: Address does not contain a colon
[103:130:0111/091929.037951:ERROR:bus.cc(392)] Failed to connect to the bus: Address does not contain a colon
[103:130:0111/091929.037981:ERROR:bus.cc(392)] Failed to connect to the bus: Address does not contain a colon
[103:130:0111/091929.043163:ERROR:bus.cc(392)] Failed to connect to the bus: Address does not contain a colon
[103:130:0111/091929.043233:ERROR:bus.cc(392)] Failed to connect to the bus: Address does not contain a colon
[103:130:0111/091929.043274:ERROR:bus.cc(392)] Failed to connect to the bus: Address does not contain a colon
[103:130:0111/091929.072428:ERROR:bus.cc(392)] Failed to connect to the bus: Address does not contain a colon
[103:130:0111/091929.072487:ERROR:bus.cc(392)] Failed to connect to the bus: Address does not contain a colon
[103:103:0111/091929.595428:INFO:CONSOLE(126)] "currentLatencynow: 4.636", source: file:///home/seluser/ppt/player/bola1/index.html (126)
[103:103:0111/091930.595375:INFO:CONSOLE(126)] "currentLatencynow: 4.61", source: file:///home/seluser/ppt/player/bola1/index.html (126)
[103:103:0111/091931.595149:INFO:CONSOLE(126)] "currentLatencynow: 4.61", source: file:///home/seluser/ppt/player/bola1/index.html (126)
[103:103:0111/091932.595267:INFO:CONSOLE(126)] "currentLatencynow: 4.656", source: file:///home/seluser/ppt/player/bola1/index.html (126)
[103:103:0111/091933.595194:INFO:CONSOLE(126)] "currentLatencynow: 4.563", source: file:///home/seluser/ppt/player/bola1/index.html (126)
[103:103:0111/091934.595327:INFO:CONSOLE(126)] "currentLatencynow: 4.469", source: file:///home/seluser/ppt/player/bola1/index.html (126)
[103:103:0111/091935.595200:INFO:CONSOLE(126)] "currentLatencynow: 4.374", source: file:///home/seluser/ppt/player/bola1/index.html (126)
[103:103:0111/091936.595242:INFO:CONSOLE(126)] "currentLatencynow: 4.3", source: file:///home/seluser/ppt/player/bola1/index.html (126)
[103:103:0111/091937.595106:INFO:CONSOLE(126)] "currentLatencynow: 4.234", source: file:///home/seluser/ppt/player/bola1/index.html (126)
[103:103:0111/091938.595430:INFO:CONSOLE(126)] "currentLatencynow: 4.234", source: file:///home/seluser/ppt/player/bola1/index.html (126)
[103:103:0111/091939.595097:INFO:CONSOLE(126)] "currentLatencynow: 4.234", source: file:///home/seluser/ppt/player/bola1/index.html (126)
[103:103:0111/091940.595593:INFO:CONSOLE(126)] "currentLatencynow: 4.235", source: file:///home/seluser/ppt/player/bola1/index.html (126)
[103:103:0111/091941.596888:INFO:CONSOLE(126)] "currentLatencynow: 4.235", source: file:///home/seluser/ppt/player/bola1/index.html (126)
[103:103:0111/091942.595275:INFO:CONSOLE(126)] "currentLatencynow: 4.19", source: file:///home/seluser/ppt/player/bola1/index.html (126)
[103:103:0111/091943.595240:INFO:CONSOLE(126)] "currentLatencynow: 4.137", source: file:///home/seluser/ppt/player/bola1/index.html (126)
[103:103:0111/091944.595090:INFO:CONSOLE(126)] "currentLatencynow: 4.102", source: file:///home/seluser/ppt/player/bola1/index.html (126)
[103:103:0111/091945.595102:INFO:CONSOLE(126)] "currentLatencynow: 4.07", source: file:///home/seluser/ppt/player/bola1/index.html (126)
[103:103:0111/091946.595080:INFO:CONSOLE(126)] "currentLatencynow: 4.04", source: file:///home/seluser/ppt/player/bola1/index.html (126)
[103:103:0111/091947.595177:INFO:CONSOLE(126)] "currentLatencynow: 4.029", source: file:///home/seluser/ppt/player/bola1/index.html (126)
[103:103:0111/091948.595137:INFO:CONSOLE(126)] "currentLatencynow: 4.019", source: file:///home/seluser/ppt/player/bola1/index.html (126)
[103:103:0111/091949.595154:INFO:CONSOLE(126)] "currentLatencynow: 4.019", source: file:///home/seluser/ppt/player/bola1/index.html (126)
[103:103:0111/091950.595107:INFO:CONSOLE(126)] "currentLatencynow: 4.019", source: file:///home/seluser/ppt/player/bola1/index.html (126)
[103:103:0111/091951.595177:INFO:CONSOLE(126)] "currentLatencynow: 4.019", source: file:///home/seluser/ppt/player/bola1/index.html (126)
[103:103:0111/091952.595143:INFO:CONSOLE(126)] "currentLatencynow: 4.019", source: file:///home/seluser/ppt/player/bola1/index.html (126)
[103:103:0111/091953.595182:INFO:CONSOLE(126)] "currentLatencynow: 4.019", source: file:///home/seluser/ppt/player/bola1/index.html (126)
[103:103:0111/091954.595145:INFO:CONSOLE(126)] "currentLatencynow: 4.019", source: file:///home/seluser/ppt/player/bola1/index.html (126)
[103:103:0111/091955.595165:INFO:CONSOLE(126)] "currentLatencynow: 4.019", source: file:///home/seluser/ppt/player/bola1/index.html (126)
[103:103:0111/091956.595202:INFO:CONSOLE(126)] "currentLatencynow: 4.019", source: file:///home/seluser/ppt/player/bola1/index.html (126)
[103:103:0111/091957.595145:INFO:CONSOLE(126)] "currentLatencynow: 4.019", source: file:///home/seluser/ppt/player/bola1/index.html (126)
[103:103:0111/091958.595130:INFO:CONSOLE(126)] "currentLatencynow: 4.019", source: file:///home/seluser/ppt/player/bola1/index.html (126)
[103:103:0111/091959.595111:INFO:CONSOLE(126)] "currentLatencynow: 4.019", source: file:///home/seluser/ppt/player/bola1/index.html (126)
[103:103:0111/092000.595065:INFO:CONSOLE(126)] "currentLatencynow: 4.019", source: file:///home/seluser/ppt/player/bola1/index.html (126)
[103:103:0111/092001.595127:INFO:CONSOLE(126)] "currentLatencynow: 4.019", source: file:///home/seluser/ppt/player/bola1/index.html (126)
[103:103:0111/092002.595136:INFO:CONSOLE(126)] "currentLatencynow: 4.019", source: file:///home/seluser/ppt/player/bola1/index.html (126)
[103:103:0111/092003.595175:INFO:CONSOLE(126)] "currentLatencynow: 4.019", source: file:///home/seluser/ppt/player/bola1/index.html (126)
[103:103:0111/092004.595157:INFO:CONSOLE(126)] "currentLatencynow: 4.019", source: file:///home/seluser/ppt/player/bola1/index.html (126)
[103:103:0111/092005.595183:INFO:CONSOLE(126)] "currentLatencynow: 4.019", source: file:///home/seluser/ppt/player/bola1/index.html (126)
[103:103:0111/092006.595132:INFO:CONSOLE(126)] "currentLatencynow: 4.019", source: file:///home/seluser/ppt/player/bola1/index.html (126)
[103:103:0111/092007.595156:INFO:CONSOLE(126)] "currentLatencynow: 4.019", source: file:///home/seluser/ppt/player/bola1/index.html (126)
[103:103:0111/092008.595071:INFO:CONSOLE(126)] "currentLatencynow: 4.019", source: file:///home/seluser/ppt/player/bola1/index.html (126)
[103:103:0111/092009.595193:INFO:CONSOLE(126)] "currentLatencynow: 4.019", source: file:///home/seluser/ppt/player/bola1/index.html (126)
[103:103:0111/092010.595096:INFO:CONSOLE(126)] "currentLatencynow: 4.019", source: file:///home/seluser/ppt/player/bola1/index.html (126)
[103:103:0111/092011.595179:INFO:CONSOLE(126)] "currentLatencynow: 4.019", source: file:///home/seluser/ppt/player/bola1/index.html (126)
[103:103:0111/092012.595120:INFO:CONSOLE(126)] "currentLatencynow: 4.019", source: file:///home/seluser/ppt/player/bola1/index.html (126)
[103:103:0111/092013.595111:INFO:CONSOLE(126)] "currentLatencynow: 4.019", source: file:///home/seluser/ppt/player/bola1/index.html (126)
[103:103:0111/092014.595160:INFO:CONSOLE(126)] "currentLatencynow: 4.019", source: file:///home/seluser/ppt/player/bola1/index.html (126)
[103:103:0111/092015.595214:INFO:CONSOLE(126)] "currentLatencynow: 4.019", source: file:///home/seluser/ppt/player/bola1/index.html (126)
[103:103:0111/092016.595297:INFO:CONSOLE(126)] "currentLatencynow: 4.02", source: file:///home/seluser/ppt/player/bola1/index.html (126)
[103:103:0111/092017.595164:INFO:CONSOLE(126)] "currentLatencynow: 4.019", source: file:///home/seluser/ppt/player/bola1/index.html (126)
[103:103:0111/092018.595095:INFO:CONSOLE(126)] "currentLatencynow: 4.019", source: file:///home/seluser/ppt/player/bola1/index.html (126)
[103:103:0111/092019.595144:INFO:CONSOLE(126)] "currentLatencynow: 4.019", source: file:///home/seluser/ppt/player/bola1/index.html (126)
[103:103:0111/092020.595151:INFO:CONSOLE(126)] "currentLatencynow: 4.019", source: file:///home/seluser/ppt/player/bola1/index.html (126)
[103:103:0111/092021.595183:INFO:CONSOLE(126)] "currentLatencynow: 4.019", source: file:///home/seluser/ppt/player/bola1/index.html (126)
[103:103:0111/092022.595119:INFO:CONSOLE(126)] "currentLatencynow: 4.019", source: file:///home/seluser/ppt/player/bola1/index.html (126)
[103:103:0111/092023.595189:INFO:CONSOLE(126)] "currentLatencynow: 4.019", source: file:///home/seluser/ppt/player/bola1/index.html (126)
[103:103:0111/092024.595158:INFO:CONSOLE(126)] "currentLatencynow: 4.019", source: file:///home/seluser/ppt/player/bola1/index.html (126)
[103:103:0111/092025.595109:INFO:CONSOLE(126)] "currentLatencynow: 4.019", source: file:///home/seluser/ppt/player/bola1/index.html (126)
[103:103:0111/092026.595176:INFO:CONSOLE(126)] "currentLatencynow: 4.019", source: file:///home/seluser/ppt/player/bola1/index.html (126)
[103:103:0111/092027.595154:INFO:CONSOLE(126)] "currentLatencynow: 4.019", source: file:///home/seluser/ppt/player/bola1/index.html (126)
[103:103:0111/092028.595126:INFO:CONSOLE(126)] "currentLatencynow: 4.019", source: file:///home/seluser/ppt/player/bola1/index.html (126)
[103:103:0111/092029.595387:INFO:CONSOLE(126)] "currentLatencynow: 4.02", source: file:///home/seluser/ppt/player/bola1/index.html (126)
[103:103:0111/092030.595176:INFO:CONSOLE(126)] "currentLatencynow: 4.019", source: file:///home/seluser/ppt/player/bola1/index.html (126)
[103:103:0111/092031.595084:INFO:CONSOLE(126)] "currentLatencynow: 4.019", source: file:///home/seluser/ppt/player/bola1/index.html (126)
[103:103:0111/092032.595189:INFO:CONSOLE(126)] "currentLatencynow: 4.019", source: file:///home/seluser/ppt/player/bola1/index.html (126)
[103:103:0111/092033.595143:INFO:CONSOLE(126)] "currentLatencynow: 4.019", source: file:///home/seluser/ppt/player/bola1/index.html (126)
[103:103:0111/092034.595094:INFO:CONSOLE(126)] "currentLatencynow: 4.019", source: file:///home/seluser/ppt/player/bola1/index.html (126)
[103:103:0111/092035.595834:INFO:CONSOLE(126)] "currentLatencynow: 4.02", source: file:///home/seluser/ppt/player/bola1/index.html (126)
[103:103:0111/092036.595111:INFO:CONSOLE(126)] "currentLatencynow: 4.019", source: file:///home/seluser/ppt/player/bola1/index.html (126)
[103:103:0111/092037.595102:INFO:CONSOLE(126)] "currentLatencynow: 4.019", source: file:///home/seluser/ppt/player/bola1/index.html (126)
[103:103:0111/092038.595125:INFO:CONSOLE(126)] "currentLatencynow: 4.019", source: file:///home/seluser/ppt/player/bola1/index.html (126)
[103:103:0111/092039.595077:INFO:CONSOLE(126)] "currentLatencynow: 4.019", source: file:///home/seluser/ppt/player/bola1/index.html (126)
[103:103:0111/092040.595080:INFO:CONSOLE(126)] "currentLatencynow: 4.019", source: file:///home/seluser/ppt/player/bola1/index.html (126)
[103:103:0111/092041.595180:INFO:CONSOLE(126)] "currentLatencynow: 4.019", source: file:///home/seluser/ppt/player/bola1/index.html (126)
[103:103:0111/092042.595103:INFO:CONSOLE(126)] "currentLatencynow: 4.019", source: file:///home/seluser/ppt/player/bola1/index.html (126)
[103:103:0111/092043.595101:INFO:CONSOLE(126)] "currentLatencynow: 4.019", source: file:///home/seluser/ppt/player/bola1/index.html (126)
[103:103:0111/092044.595107:INFO:CONSOLE(126)] "currentLatencynow: 4.019", source: file:///home/seluser/ppt/player/bola1/index.html (126)
[103:103:0111/092045.595099:INFO:CONSOLE(126)] "currentLatencynow: 4.019", source: file:///home/seluser/ppt/player/bola1/index.html (126)
[103:103:0111/092046.595062:INFO:CONSOLE(126)] "currentLatencynow: 4.019", source: file:///home/seluser/ppt/player/bola1/index.html (126)
[103:103:0111/092047.595313:INFO:CONSOLE(126)] "currentLatencynow: 4.02", source: file:///home/seluser/ppt/player/bola1/index.html (126)
[103:103:0111/092048.595229:INFO:CONSOLE(126)] "currentLatencynow: 4.019", source: file:///home/seluser/ppt/player/bola1/index.html (126)
[103:103:0111/092049.595130:INFO:CONSOLE(126)] "currentLatencynow: 4.019", source: file:///home/seluser/ppt/player/bola1/index.html (126)
[103:103:0111/092050.595183:INFO:CONSOLE(126)] "currentLatencynow: 4.019", source: file:///home/seluser/ppt/player/bola1/index.html (126)
[103:103:0111/092051.596571:INFO:CONSOLE(126)] "currentLatencynow: 4.019", source: file:///home/seluser/ppt/player/bola1/index.html (126)
[103:103:0111/092052.595109:INFO:CONSOLE(126)] "currentLatencynow: 4.019", source: file:///home/seluser/ppt/player/bola1/index.html (126)
[103:103:0111/092053.595097:INFO:CONSOLE(126)] "currentLatencynow: 4.019", source: file:///home/seluser/ppt/player/bola1/index.html (126)
[103:103:0111/092054.595181:INFO:CONSOLE(126)] "currentLatencynow: 4.019", source: file:///home/seluser/ppt/player/bola1/index.html (126)
[103:103:0111/092055.595100:INFO:CONSOLE(126)] "currentLatencynow: 4.019", source: file:///home/seluser/ppt/player/bola1/index.html (126)
[103:103:0111/092056.595167:INFO:CONSOLE(126)] "currentLatencynow: 4.019", source: file:///home/seluser/ppt/player/bola1/index.html (126)
[103:103:0111/092057.595175:INFO:CONSOLE(126)] "currentLatencynow: 4.019", source: file:///home/seluser/ppt/player/bola1/index.html (126)
[103:103:0111/092058.595120:INFO:CONSOLE(126)] "currentLatencynow: 4.019", source: file:///home/seluser/ppt/player/bola1/index.html (126)
[103:103:0111/092059.595191:INFO:CONSOLE(126)] "currentLatencynow: 4.019", source: file:///home/seluser/ppt/player/bola1/index.html (126)
[103:103:0111/092100.595131:INFO:CONSOLE(126)] "currentLatencynow: 4.019", source: file:///home/seluser/ppt/player/bola1/index.html (126)
[103:103:0111/092101.595140:INFO:CONSOLE(126)] "currentLatencynow: 4.019", source: file:///home/seluser/ppt/player/bola1/index.html (126)
[103:103:0111/092102.595104:INFO:CONSOLE(126)] "currentLatencynow: 4.019", source: file:///home/seluser/ppt/player/bola1/index.html (126)
[103:103:0111/092103.595109:INFO:CONSOLE(126)] "currentLatencynow: 4.019", source: file:///home/seluser/ppt/player/bola1/index.html (126)
[103:103:0111/092104.595129:INFO:CONSOLE(126)] "currentLatencynow: 4.019", source: file:///home/seluser/ppt/player/bola1/index.html (126)
[103:103:0111/092105.595149:INFO:CONSOLE(126)] "currentLatencynow: 4.019", source: file:///home/seluser/ppt/player/bola1/index.html (126)
[103:103:0111/092106.595121:INFO:CONSOLE(126)] "currentLatencynow: 4.019", source: file:///home/seluser/ppt/player/bola1/index.html (126)
[103:103:0111/092107.595122:INFO:CONSOLE(126)] "currentLatencynow: 4.019", source: file:///home/seluser/ppt/player/bola1/index.html (126)
[103:103:0111/092108.595137:INFO:CONSOLE(126)] "currentLatencynow: 4.019", source: file:///home/seluser/ppt/player/bola1/index.html (126)
[103:103:0111/092109.595092:INFO:CONSOLE(126)] "currentLatencynow: 4.019", source: file:///home/seluser/ppt/player/bola1/index.html (126)
[103:103:0111/092110.595069:INFO:CONSOLE(126)] "currentLatencynow: 4.019", source: file:///home/seluser/ppt/player/bola1/index.html (126)
[103:103:0111/092111.595128:INFO:CONSOLE(126)] "currentLatencynow: 4.019", source: file:///home/seluser/ppt/player/bola1/index.html (126)
[103:103:0111/092112.595093:INFO:CONSOLE(126)] "currentLatencynow: 4.019", source: file:///home/seluser/ppt/player/bola1/index.html (126)
[103:103:0111/092113.595094:INFO:CONSOLE(126)] "currentLatencynow: 4.019", source: file:///home/seluser/ppt/player/bola1/index.html (126)
[103:103:0111/092114.595167:INFO:CONSOLE(126)] "currentLatencynow: 4.019", source: file:///home/seluser/ppt/player/bola1/index.html (126)
[103:103:0111/092115.595126:INFO:CONSOLE(126)] "currentLatencynow: 4.148", source: file:///home/seluser/ppt/player/bola1/index.html (126)
[103:103:0111/092116.595067:INFO:CONSOLE(126)] "currentLatencynow: 5.148", source: file:///home/seluser/ppt/player/bola1/index.html (126)
[103:103:0111/092117.595174:INFO:CONSOLE(126)] "currentLatencynow: 5.439", source: file:///home/seluser/ppt/player/bola1/index.html (126)
[103:103:0111/092118.595175:INFO:CONSOLE(126)] "currentLatencynow: 5.439", source: file:///home/seluser/ppt/player/bola1/index.html (126)
[103:103:0111/092119.595093:INFO:CONSOLE(126)] "currentLatencynow: 6.133", source: file:///home/seluser/ppt/player/bola1/index.html (126)
[103:103:0111/092120.595140:INFO:CONSOLE(126)] "currentLatencynow: 7.133", source: file:///home/seluser/ppt/player/bola1/index.html (126)
[103:103:0111/092121.595133:INFO:CONSOLE(126)] "currentLatencynow: 8.133", source: file:///home/seluser/ppt/player/bola1/index.html (126)
[103:103:0111/092122.595055:INFO:CONSOLE(126)] "currentLatencynow: 9.133", source: file:///home/seluser/ppt/player/bola1/index.html (126)
[103:130:0111/092123.296986:ERROR:bus.cc(392)] Failed to connect to the bus: Address does not contain a colon
[103:130:0111/092123.297038:ERROR:bus.cc(392)] Failed to connect to the bus: Address does not contain a colon
[103:103:0111/092123.595072:INFO:CONSOLE(126)] "currentLatencynow: 9.812", source: file:///home/seluser/ppt/player/bola1/index.html (126)
[103:103:0111/092124.595155:INFO:CONSOLE(112)] "Begin Player stistics 
", source: file:///home/seluser/ppt/player/bola1/index.html (112)
[103:103:0111/092124.596047:INFO:CONSOLE(113)] "["stall",[["3.80","4.22",0.41999999999999993]],[["7.09","7.34",0.25]],[["110.65","110.90",0.25]],[["114.08","114.33",0.25]],[["availibleBW",[null],[null],[null],[4155],[4098],[4098],[4905],[5282],[5427],[6256],[6256],[6196],[6105],[6105],[6096],[6087],[6087],[9471],[9471],[8828],[8742],[8046],[8046],[7819],[7819],[4590],[4758],[4438],[4438],[3683],[3683],[3482],[3702],[3391],[3391],[2486],[2486],[2291],[2575],[2444],[2444],[2284],[2284],[2132],[2132],[1542],[1542],[1518],[2004],[1846],[1846],[1573],[1573],[1535],[1535],[496],[496],[508],[508],[508],[508],[476],[476],[420],[420],[436],[436],[435],[435],[417],[417],[450],[450],[443],[443],[427],[427],[427],[412],[412],[440],[440],[460],[460],[448],[500],[500],[469],[469],[469],[440],[440],[424],[424],[446],[446],[442],[442],[442],[442],[489],[489],[481],[481],[481],[481],[488],[488],[486],[486],[486],[486],[486],[486],[486],[419],[419],[419]]],[["currentBuffer",[0],[0],[0],[0.442],[1.411],[0.414],[1.6],[2.491],[3.416],[2.157],[1.243],[0.17],[0.997],[0.167],[1.17],[2.096],[1.136],[1.956],[1.047],[2.017],[2.987],[3.852],[2.965],[3.87],[2.966],[3.848],[2.968],[3.888],[2.971],[3.895],[2.973],[3.854],[2.974],[3.806],[2.976],[3.888],[2.978],[3.884],[2.91],[3.862],[2.982],[3.886],[2.984],[3.857],[2.986],[3.882],[2.988],[3.82],[2.99],[3.898],[2.993],[3.899],[2.995],[3.876],[2.996],[3.891],[2.998],[3.889],[3],[2.001],[3.003],[3.834],[3.005],[3.889],[3.006],[3.85],[3.009],[3.867],[3.011],[2.01],[3.013],[3.839],[3.014],[3.845],[3.016],[3.846],[3.018],[2.018],[3.02],[2.02],[3.022],[2.022],[3.024],[2.025],[3.027],[2.027],[3.029],[3.879],[3.031],[2.031],[3.032],[2.033],[3.035],[2.034],[3.037],[2.036],[3.038],[2.038],[3.04],[2.041],[3.022],[2.042],[3.044],[2.045],[3.047],[2.046],[3.048],[2.049],[2.98],[1.999],[1.999],[1.418],[0.418],[0],[0],[1.986],[1.986],[1.675]]],[["currentLatency",[null],[null],[0],[4.636],[4.61],[4.61],[4.656],[4.563],[4.469],[4.374],[4.3],[4.234],[4.234],[4.234],[4.235],[4.235],[4.19],[4.137],[4.102],[4.07],[4.04],[4.029],[4.019],[4.019],[4.019],[4.019],[4.019],[4.019],[4.019],[4.019],[4.019],[4.019],[4.019],[4.019],[4.019],[4.019],[4.019],[4.019],[4.019],[4.019],[4.019],[4.019],[4.019],[4.019],[4.019],[4.019],[4.019],[4.019],[4.019],[4.019],[4.02],[4.019],[4.019],[4.019],[4.019],[4.019],[4.019],[4.019],[4.019],[4.019],[4.019],[4.019],[4.019],[4.02],[4.019],[4.019],[4.019],[4.019],[4.019],[4.02],[4.019],[4.019],[4.019],[4.019],[4.019],[4.019],[4.019],[4.019],[4.019],[4.019],[4.019],[4.02],[4.019],[4.019],[4.019],[4.019],[4.019],[4.019],[4.019],[4.019],[4.019],[4.019],[4.019],[4.019],[4.019],[4.019],[4.019],[4.019],[4.019],[4.019],[4.019],[4.019],[4.019],[4.019],[4.019],[4.019],[4.019],[4.019],[4.019],[4.148],[5.148],[5.439],[5.439],[6.133],[7.133],[8.133],[9.133],[9.812]]]]", source: file:///home/seluser/ppt/player/bola1/index.html (113)
[103:103:0111/092124.596543:INFO:CONSOLE(114)] "
", source: file:///home/seluser/ppt/player/bola1/index.html (114)
[103:103:0111/092124.596907:INFO:CONSOLE(115)] "Finish Player stistics 
", source: file:///home/seluser/ppt/player/bola1/index.html (115)
[103:103:0111/092124.598711:INFO:CONSOLE(126)] "currentLatencynow: 9.812", source: file:///home/seluser/ppt/player/bola1/index.html (126)
[103:103:0111/092125.595042:INFO:CONSOLE(126)] "currentLatencynow: 10.148", source: file:///home/seluser/ppt/player/bola1/index.html (126)
[103:103:0111/092126.595134:INFO:CONSOLE(126)] "currentLatencynow: 11.148", source: file:///home/seluser/ppt/player/bola1/index.html (126)
[103:103:0111/092127.595106:INFO:CONSOLE(126)] "currentLatencynow: 12.148", source: file:///home/seluser/ppt/player/bola1/index.html (126)
[103:103:0111/092128.595124:INFO:CONSOLE(126)] "currentLatencynow: 13.148", source: file:///home/seluser/ppt/player/bola1/index.html (126)
[103:103:0111/092129.595094:INFO:CONSOLE(126)] "currentLatencynow: 14.148", source: file:///home/seluser/ppt/player/bola1/index.html (126)
[103:103:0111/092130.595103:INFO:CONSOLE(126)] "currentLatencynow: 15.148", source: file:///home/seluser/ppt/player/bola1/index.html (126)
[103:103:0111/092131.595121:INFO:CONSOLE(126)] "currentLatencynow: 16.148", source: file:///home/seluser/ppt/player/bola1/index.html (126)
[103:103:0111/092132.595107:INFO:CONSOLE(126)] "currentLatencynow: 17.148", source: file:///home/seluser/ppt/player/bola1/index.html (126)
[103:103:0111/092133.595077:INFO:CONSOLE(126)] "currentLatencynow: 18.148", source: file:///home/seluser/ppt/player/bola1/index.html (126)
[103:103:0111/092134.595076:INFO:CONSOLE(126)] "currentLatencynow: 19.148", source: file:///home/seluser/ppt/player/bola1/index.html (126)
[103:103:0111/092135.595097:INFO:CONSOLE(126)] "currentLatencynow: 20.148", source: file:///home/seluser/ppt/player/bola1/index.html (126)
[103:130:0111/092136.245151:ERROR:bus.cc(392)] Failed to connect to the bus: Address does not contain a colon
[103:130:0111/092136.245225:ERROR:bus.cc(392)] Failed to connect to the bus: Address does not contain a colon
[103:103:0111/092136.595182:INFO:CONSOLE(126)] "currentLatencynow: 20.677", source: file:///home/seluser/ppt/player/bola1/index.html (126)
[103:103:0111/092137.595129:INFO:CONSOLE(126)] "currentLatencynow: 20.577", source: file:///home/seluser/ppt/player/bola1/index.html (126)
[103:103:0111/092138.595157:INFO:CONSOLE(126)] "currentLatencynow: 20.477", source: file:///home/seluser/ppt/player/bola1/index.html (126)
[103:103:0111/092139.595183:INFO:CONSOLE(126)] "currentLatencynow: 20.377", source: file:///home/seluser/ppt/player/bola1/index.html (126)
[103:103:0111/092140.595100:INFO:CONSOLE(126)] "currentLatencynow: 21.123", source: file:///home/seluser/ppt/player/bola1/index.html (126)
[103:103:0111/092141.595103:INFO:CONSOLE(126)] "currentLatencynow: 22.123", source: file:///home/seluser/ppt/player/bola1/index.html (126)
[103:103:0111/092142.595142:INFO:CONSOLE(126)] "currentLatencynow: 23.123", source: file:///home/seluser/ppt/player/bola1/index.html (126)
[103:103:0111/092143.595121:INFO:CONSOLE(126)] "currentLatencynow: 24.123", source: file:///home/seluser/ppt/player/bola1/index.html (126)
[103:103:0111/092144.595151:INFO:CONSOLE(126)] "currentLatencynow: 25.123", source: file:///home/seluser/ppt/player/bola1/index.html (126)
[103:103:0111/092145.595132:INFO:CONSOLE(126)] "currentLatencynow: 26.123", source: file:///home/seluser/ppt/player/bola1/index.html (126)
[103:103:0111/092146.595098:INFO:CONSOLE(126)] "currentLatencynow: 27.123", source: file:///home/seluser/ppt/player/bola1/index.html (126)
[103:103:0111/092147.595087:INFO:CONSOLE(126)] "currentLatencynow: 28.123", source: file:///home/seluser/ppt/player/bola1/index.html (126)
[103:130:0111/092147.726222:ERROR:bus.cc(392)] Failed to connect to the bus: Address does not contain a colon
[103:130:0111/092147.726282:ERROR:bus.cc(392)] Failed to connect to the bus: Address does not contain a colon
[103:103:0111/092148.595143:INFO:CONSOLE(126)] "currentLatencynow: 28.145", source: file:///home/seluser/ppt/player/bola1/index.html (126)
[103:103:0111/092149.595153:INFO:CONSOLE(126)] "currentLatencynow: 28.045", source: file:///home/seluser/ppt/player/bola1/index.html (126)
[103:103:0111/092150.595131:INFO:CONSOLE(126)] "currentLatencynow: 27.945", source: file:///home/seluser/ppt/player/bola1/index.html (126)
[103:103:0111/092151.595079:INFO:CONSOLE(126)] "currentLatencynow: 28.095", source: file:///home/seluser/ppt/player/bola1/index.html (126)
[103:103:0111/092152.595063:INFO:CONSOLE(126)] "currentLatencynow: 29.095", source: file:///home/seluser/ppt/player/bola1/index.html (126)
[103:103:0111/092153.595103:INFO:CONSOLE(126)] "currentLatencynow: 30.095", source: file:///home/seluser/ppt/player/bola1/index.html (126)
[103:130:0111/092153.868047:ERROR:bus.cc(392)] Failed to connect to the bus: Address does not contain a colon
[103:130:0111/092153.868114:ERROR:bus.cc(392)] Failed to connect to the bus: Address does not contain a colon
[103:103:0111/092154.595127:INFO:CONSOLE(126)] "currentLatencynow: 30.092", source: file:///home/seluser/ppt/player/bola1/index.html (126)
[103:103:0111/092155.595058:INFO:CONSOLE(126)] "currentLatencynow: 30.202", source: file:///home/seluser/ppt/player/bola1/index.html (126)
[103:103:0111/092156.595094:INFO:CONSOLE(126)] "currentLatencynow: 30.881", source: file:///home/seluser/ppt/player/bola1/index.html (126)
[103:103:0111/092156.730376:WARNING:pref_notifier_impl.cc(40)] Pref observer for media_router.cast_allow_all_ips found at shutdown.
