[229:292:0130/104102.105452:ERROR:bus.cc(392)] Failed to connect to the bus: Failed to connect to socket /var/run/dbus/system_bus_socket: No such file or directory
[229:255:0130/104102.108074:ERROR:bus.cc(392)] Failed to connect to the bus: Address does not contain a colon
[229:255:0130/104102.108223:ERROR:bus.cc(392)] Failed to connect to the bus: Address does not contain a colon
[229:255:0130/104102.120639:ERROR:bus.cc(392)] Failed to connect to the bus: Address does not contain a colon
[229:255:0130/104102.120690:ERROR:bus.cc(392)] Failed to connect to the bus: Address does not contain a colon
[300:300:0130/104102.124372:ERROR:gpu_init.cc(453)] Passthrough is not supported, GL is swiftshader, ANGLE is 
[229:255:0130/104102.145484:ERROR:bus.cc(392)] Failed to connect to the bus: Address does not contain a colon
[229:255:0130/104102.145542:ERROR:bus.cc(392)] Failed to connect to the bus: Address does not contain a colon
[229:393:0130/104102.226739:ERROR:bus.cc(392)] Failed to connect to the bus: Failed to connect to socket /var/run/dbus/system_bus_socket: No such file or directory
[229:393:0130/104102.226833:ERROR:bus.cc(392)] Failed to connect to the bus: Failed to connect to socket /var/run/dbus/system_bus_socket: No such file or directory
[229:393:0130/104102.226891:ERROR:bus.cc(392)] Failed to connect to the bus: Failed to connect to socket /var/run/dbus/system_bus_socket: No such file or directory
[229:393:0130/104102.226906:WARNING:property.cc(144)] DaemonVersion: GetAndBlock: failed.
[229:393:0130/104102.226952:ERROR:bus.cc(392)] Failed to connect to the bus: Failed to connect to socket /var/run/dbus/system_bus_socket: No such file or directory
[229:393:0130/104102.226986:ERROR:bus.cc(392)] Failed to connect to the bus: Failed to connect to socket /var/run/dbus/system_bus_socket: No such file or directory
[229:229:0130/104103.503597:INFO:CONSOLE(128)] "currentLatencynow: NaN", source: file:///home/seluser/ppt/player/dashjs/index.html (128)
[229:294:0130/104104.439026:ERROR:chrome_browser_main_extra_parts_metrics.cc(228)] crbug.com/1216328: Checking Bluetooth availability started. Please report if there is no report that this ends.
[229:294:0130/104104.439092:ERROR:chrome_browser_main_extra_parts_metrics.cc(231)] crbug.com/1216328: Checking Bluetooth availability ended.
[229:294:0130/104104.439102:ERROR:chrome_browser_main_extra_parts_metrics.cc(234)] crbug.com/1216328: Checking default browser status started. Please report if there is no report that this ends.
[229:229:0130/104104.495976:INFO:CONSOLE(128)] "currentLatencynow: 0", source: file:///home/seluser/ppt/player/dashjs/index.html (128)
[229:294:0130/104104.622061:ERROR:chrome_browser_main_extra_parts_metrics.cc(238)] crbug.com/1216328: Checking default browser status ended.
[619:619:0130/104104.904311:WARNING:audio_manager_linux.cc(69)] Falling back to ALSA for audio output. PulseAudio is not available or could not be initialized.
[619:619:0130/104104.909559:ERROR:alsa_util.cc(204)] PcmOpen: default,No such file or directory
[619:619:0130/104104.909665:ERROR:alsa_util.cc(204)] PcmOpen: plug:default,No such file or directory
[229:229:0130/104105.491462:INFO:CONSOLE(128)] "currentLatencynow: 5.983", source: file:///home/seluser/ppt/player/dashjs/index.html (128)
[229:229:0130/104106.491318:INFO:CONSOLE(128)] "currentLatencynow: 6.983", source: file:///home/seluser/ppt/player/dashjs/index.html (128)
[229:255:0130/104107.127272:ERROR:bus.cc(392)] Failed to connect to the bus: Address does not contain a colon
[229:255:0130/104107.127386:ERROR:bus.cc(392)] Failed to connect to the bus: Address does not contain a colon
[229:255:0130/104107.127404:ERROR:bus.cc(392)] Failed to connect to the bus: Address does not contain a colon
[229:255:0130/104107.127415:ERROR:bus.cc(392)] Failed to connect to the bus: Address does not contain a colon
[229:255:0130/104107.127426:ERROR:bus.cc(392)] Failed to connect to the bus: Address does not contain a colon
[229:255:0130/104107.127438:ERROR:bus.cc(392)] Failed to connect to the bus: Address does not contain a colon
[229:255:0130/104107.127455:ERROR:bus.cc(392)] Failed to connect to the bus: Address does not contain a colon
[229:255:0130/104107.128601:ERROR:bus.cc(392)] Failed to connect to the bus: Address does not contain a colon
[229:255:0130/104107.128621:ERROR:bus.cc(392)] Failed to connect to the bus: Address does not contain a colon
[229:255:0130/104107.128635:ERROR:bus.cc(392)] Failed to connect to the bus: Address does not contain a colon
[229:255:0130/104107.128643:ERROR:bus.cc(392)] Failed to connect to the bus: Address does not contain a colon
[229:255:0130/104107.128656:ERROR:bus.cc(392)] Failed to connect to the bus: Address does not contain a colon
[229:255:0130/104107.128666:ERROR:bus.cc(392)] Failed to connect to the bus: Address does not contain a colon
[229:255:0130/104107.128678:ERROR:bus.cc(392)] Failed to connect to the bus: Address does not contain a colon
[229:255:0130/104107.130909:ERROR:bus.cc(392)] Failed to connect to the bus: Address does not contain a colon
[229:255:0130/104107.130939:ERROR:bus.cc(392)] Failed to connect to the bus: Address does not contain a colon
[229:255:0130/104107.130955:ERROR:bus.cc(392)] Failed to connect to the bus: Address does not contain a colon
[229:255:0130/104107.180272:ERROR:bus.cc(392)] Failed to connect to the bus: Address does not contain a colon
[229:255:0130/104107.180308:ERROR:bus.cc(392)] Failed to connect to the bus: Address does not contain a colon
[229:229:0130/104107.491369:INFO:CONSOLE(128)] "currentLatencynow: 7.655", source: file:///home/seluser/ppt/player/dashjs/index.html (128)
[229:229:0130/104108.491416:INFO:CONSOLE(128)] "currentLatencynow: 7.555", source: file:///home/seluser/ppt/player/dashjs/index.html (128)
[229:229:0130/104109.491311:INFO:CONSOLE(128)] "currentLatencynow: 7.519", source: file:///home/seluser/ppt/player/dashjs/index.html (128)
[229:229:0130/104110.491466:INFO:CONSOLE(128)] "currentLatencynow: 7.519", source: file:///home/seluser/ppt/player/dashjs/index.html (128)
[229:229:0130/104111.491427:INFO:CONSOLE(128)] "currentLatencynow: 7.519", source: file:///home/seluser/ppt/player/dashjs/index.html (128)
[229:229:0130/104112.491389:INFO:CONSOLE(128)] "currentLatencynow: 7.519", source: file:///home/seluser/ppt/player/dashjs/index.html (128)
[229:229:0130/104113.491324:INFO:CONSOLE(128)] "currentLatencynow: 7.519", source: file:///home/seluser/ppt/player/dashjs/index.html (128)
[229:229:0130/104114.491599:INFO:CONSOLE(128)] "currentLatencynow: 7.519", source: file:///home/seluser/ppt/player/dashjs/index.html (128)
[229:229:0130/104115.491219:INFO:CONSOLE(128)] "currentLatencynow: 7.519", source: file:///home/seluser/ppt/player/dashjs/index.html (128)
[229:229:0130/104116.491354:INFO:CONSOLE(128)] "currentLatencynow: 7.519", source: file:///home/seluser/ppt/player/dashjs/index.html (128)
[229:229:0130/104117.491468:INFO:CONSOLE(128)] "currentLatencynow: 7.519", source: file:///home/seluser/ppt/player/dashjs/index.html (128)
[229:229:0130/104118.491346:INFO:CONSOLE(128)] "currentLatencynow: 7.519", source: file:///home/seluser/ppt/player/dashjs/index.html (128)
[229:229:0130/104119.491460:INFO:CONSOLE(128)] "currentLatencynow: 7.49", source: file:///home/seluser/ppt/player/dashjs/index.html (128)
[229:229:0130/104120.491445:INFO:CONSOLE(128)] "currentLatencynow: 7.39", source: file:///home/seluser/ppt/player/dashjs/index.html (128)
[229:229:0130/104121.491342:INFO:CONSOLE(128)] "currentLatencynow: 7.331", source: file:///home/seluser/ppt/player/dashjs/index.html (128)
[229:229:0130/104122.491334:INFO:CONSOLE(128)] "currentLatencynow: 7.231", source: file:///home/seluser/ppt/player/dashjs/index.html (128)
[229:229:0130/104123.491394:INFO:CONSOLE(128)] "currentLatencynow: 7.131", source: file:///home/seluser/ppt/player/dashjs/index.html (128)
[229:229:0130/104124.491424:INFO:CONSOLE(128)] "currentLatencynow: 7.031", source: file:///home/seluser/ppt/player/dashjs/index.html (128)
[229:229:0130/104125.491395:INFO:CONSOLE(128)] "currentLatencynow: 6.931", source: file:///home/seluser/ppt/player/dashjs/index.html (128)
[229:229:0130/104126.491318:INFO:CONSOLE(128)] "currentLatencynow: 6.831", source: file:///home/seluser/ppt/player/dashjs/index.html (128)
[229:229:0130/104127.491383:INFO:CONSOLE(128)] "currentLatencynow: 6.731", source: file:///home/seluser/ppt/player/dashjs/index.html (128)
[229:229:0130/104128.491505:INFO:CONSOLE(128)] "currentLatencynow: 6.631", source: file:///home/seluser/ppt/player/dashjs/index.html (128)
[229:229:0130/104129.491577:INFO:CONSOLE(128)] "currentLatencynow: 6.531", source: file:///home/seluser/ppt/player/dashjs/index.html (128)
[229:229:0130/104130.491436:INFO:CONSOLE(128)] "currentLatencynow: 6.495", source: file:///home/seluser/ppt/player/dashjs/index.html (128)
[229:229:0130/104131.491609:INFO:CONSOLE(128)] "currentLatencynow: 6.495", source: file:///home/seluser/ppt/player/dashjs/index.html (128)
[229:229:0130/104132.491457:INFO:CONSOLE(128)] "currentLatencynow: 6.465", source: file:///home/seluser/ppt/player/dashjs/index.html (128)
[229:229:0130/104133.491587:INFO:CONSOLE(128)] "currentLatencynow: 6.365", source: file:///home/seluser/ppt/player/dashjs/index.html (128)
[229:229:0130/104134.491279:INFO:CONSOLE(128)] "currentLatencynow: 6.827", source: file:///home/seluser/ppt/player/dashjs/index.html (128)
[229:229:0130/104135.491494:INFO:CONSOLE(128)] "currentLatencynow: 6.827", source: file:///home/seluser/ppt/player/dashjs/index.html (128)
[229:229:0130/104136.491380:INFO:CONSOLE(128)] "currentLatencynow: 6.826", source: file:///home/seluser/ppt/player/dashjs/index.html (128)
[229:229:0130/104137.491423:INFO:CONSOLE(128)] "currentLatencynow: 6.827", source: file:///home/seluser/ppt/player/dashjs/index.html (128)
[229:229:0130/104138.491239:INFO:CONSOLE(128)] "currentLatencynow: 6.827", source: file:///home/seluser/ppt/player/dashjs/index.html (128)
[229:229:0130/104139.491494:INFO:CONSOLE(128)] "currentLatencynow: 6.826", source: file:///home/seluser/ppt/player/dashjs/index.html (128)
[229:229:0130/104140.491505:INFO:CONSOLE(128)] "currentLatencynow: 6.826", source: file:///home/seluser/ppt/player/dashjs/index.html (128)
[229:229:0130/104141.491444:INFO:CONSOLE(128)] "currentLatencynow: 6.827", source: file:///home/seluser/ppt/player/dashjs/index.html (128)
[229:229:0130/104142.491523:INFO:CONSOLE(128)] "currentLatencynow: 6.778", source: file:///home/seluser/ppt/player/dashjs/index.html (128)
[229:229:0130/104143.491469:INFO:CONSOLE(128)] "currentLatencynow: 6.678", source: file:///home/seluser/ppt/player/dashjs/index.html (128)
[229:229:0130/104144.491395:INFO:CONSOLE(128)] "currentLatencynow: 6.578", source: file:///home/seluser/ppt/player/dashjs/index.html (128)
[229:229:0130/104145.491441:INFO:CONSOLE(128)] "currentLatencynow: 6.478", source: file:///home/seluser/ppt/player/dashjs/index.html (128)
[229:229:0130/104146.491419:INFO:CONSOLE(128)] "currentLatencynow: 6.378", source: file:///home/seluser/ppt/player/dashjs/index.html (128)
[229:229:0130/104147.491257:INFO:CONSOLE(128)] "currentLatencynow: 6.278", source: file:///home/seluser/ppt/player/dashjs/index.html (128)
[229:229:0130/104148.491477:INFO:CONSOLE(128)] "currentLatencynow: 6.178", source: file:///home/seluser/ppt/player/dashjs/index.html (128)
[229:229:0130/104149.491463:INFO:CONSOLE(128)] "currentLatencynow: 6.078", source: file:///home/seluser/ppt/player/dashjs/index.html (128)
[229:229:0130/104150.491380:INFO:CONSOLE(128)] "currentLatencynow: 5.978", source: file:///home/seluser/ppt/player/dashjs/index.html (128)
[229:229:0130/104151.491586:INFO:CONSOLE(128)] "currentLatencynow: 5.878", source: file:///home/seluser/ppt/player/dashjs/index.html (128)
[229:229:0130/104152.491518:INFO:CONSOLE(128)] "currentLatencynow: 5.778", source: file:///home/seluser/ppt/player/dashjs/index.html (128)
[229:229:0130/104153.491594:INFO:CONSOLE(128)] "currentLatencynow: 5.678", source: file:///home/seluser/ppt/player/dashjs/index.html (128)
[229:229:0130/104154.491402:INFO:CONSOLE(128)] "currentLatencynow: 5.578", source: file:///home/seluser/ppt/player/dashjs/index.html (128)
[229:229:0130/104155.491475:INFO:CONSOLE(128)] "currentLatencynow: 5.478", source: file:///home/seluser/ppt/player/dashjs/index.html (128)
[229:229:0130/104156.491561:INFO:CONSOLE(128)] "currentLatencynow: 5.378", source: file:///home/seluser/ppt/player/dashjs/index.html (128)
[229:229:0130/104157.491604:INFO:CONSOLE(128)] "currentLatencynow: 5.278", source: file:///home/seluser/ppt/player/dashjs/index.html (128)
[229:229:0130/104158.491521:INFO:CONSOLE(128)] "currentLatencynow: 5.178", source: file:///home/seluser/ppt/player/dashjs/index.html (128)
[229:229:0130/104159.491227:INFO:CONSOLE(128)] "currentLatencynow: 5.078", source: file:///home/seluser/ppt/player/dashjs/index.html (128)
[229:229:0130/104200.491347:INFO:CONSOLE(128)] "currentLatencynow: 4.979", source: file:///home/seluser/ppt/player/dashjs/index.html (128)
[229:229:0130/104201.491470:INFO:CONSOLE(128)] "currentLatencynow: 4.977", source: file:///home/seluser/ppt/player/dashjs/index.html (128)
[229:229:0130/104202.491211:INFO:CONSOLE(128)] "currentLatencynow: 4.954", source: file:///home/seluser/ppt/player/dashjs/index.html (128)
[229:229:0130/104203.491516:INFO:CONSOLE(128)] "currentLatencynow: 4.855", source: file:///home/seluser/ppt/player/dashjs/index.html (128)
[229:229:0130/104204.491475:INFO:CONSOLE(128)] "currentLatencynow: 4.757", source: file:///home/seluser/ppt/player/dashjs/index.html (128)
[229:229:0130/104205.491438:INFO:CONSOLE(128)] "currentLatencynow: 4.658", source: file:///home/seluser/ppt/player/dashjs/index.html (128)
[229:229:0130/104206.491223:INFO:CONSOLE(128)] "currentLatencynow: 4.56", source: file:///home/seluser/ppt/player/dashjs/index.html (128)
[229:229:0130/104207.491374:INFO:CONSOLE(128)] "currentLatencynow: 4.461", source: file:///home/seluser/ppt/player/dashjs/index.html (128)
[229:229:0130/104208.491413:INFO:CONSOLE(128)] "currentLatencynow: 4.373", source: file:///home/seluser/ppt/player/dashjs/index.html (128)
[229:229:0130/104209.491556:INFO:CONSOLE(128)] "currentLatencynow: 4.295", source: file:///home/seluser/ppt/player/dashjs/index.html (128)
[229:229:0130/104210.491450:INFO:CONSOLE(128)] "currentLatencynow: 4.227", source: file:///home/seluser/ppt/player/dashjs/index.html (128)
[229:229:0130/104211.491274:INFO:CONSOLE(128)] "currentLatencynow: 4.17", source: file:///home/seluser/ppt/player/dashjs/index.html (128)
[229:229:0130/104212.491351:INFO:CONSOLE(128)] "currentLatencynow: 4.123", source: file:///home/seluser/ppt/player/dashjs/index.html (128)
[229:229:0130/104213.491448:INFO:CONSOLE(128)] "currentLatencynow: 4.089", source: file:///home/seluser/ppt/player/dashjs/index.html (128)
[229:229:0130/104214.491413:INFO:CONSOLE(128)] "currentLatencynow: 4.054", source: file:///home/seluser/ppt/player/dashjs/index.html (128)
[229:229:0130/104215.491464:INFO:CONSOLE(128)] "currentLatencynow: 4.04", source: file:///home/seluser/ppt/player/dashjs/index.html (128)
[229:229:0130/104216.491329:INFO:CONSOLE(128)] "currentLatencynow: 4.026", source: file:///home/seluser/ppt/player/dashjs/index.html (128)
[229:229:0130/104217.491368:INFO:CONSOLE(128)] "currentLatencynow: 4.019", source: file:///home/seluser/ppt/player/dashjs/index.html (128)
[229:229:0130/104218.491423:INFO:CONSOLE(128)] "currentLatencynow: 4.019", source: file:///home/seluser/ppt/player/dashjs/index.html (128)
[229:229:0130/104219.491367:INFO:CONSOLE(128)] "currentLatencynow: 4.019", source: file:///home/seluser/ppt/player/dashjs/index.html (128)
[229:229:0130/104220.491301:INFO:CONSOLE(128)] "currentLatencynow: 4.019", source: file:///home/seluser/ppt/player/dashjs/index.html (128)
[229:229:0130/104221.491440:INFO:CONSOLE(128)] "currentLatencynow: 4.019", source: file:///home/seluser/ppt/player/dashjs/index.html (128)
[229:229:0130/104222.491282:INFO:CONSOLE(128)] "currentLatencynow: 4.019", source: file:///home/seluser/ppt/player/dashjs/index.html (128)
[229:229:0130/104223.491380:INFO:CONSOLE(128)] "currentLatencynow: 4.019", source: file:///home/seluser/ppt/player/dashjs/index.html (128)
[229:229:0130/104224.491416:INFO:CONSOLE(128)] "currentLatencynow: 4.019", source: file:///home/seluser/ppt/player/dashjs/index.html (128)
[229:229:0130/104225.491431:INFO:CONSOLE(128)] "currentLatencynow: 4.019", source: file:///home/seluser/ppt/player/dashjs/index.html (128)
[229:229:0130/104226.491195:INFO:CONSOLE(128)] "currentLatencynow: 4.019", source: file:///home/seluser/ppt/player/dashjs/index.html (128)
[229:229:0130/104227.491528:INFO:CONSOLE(128)] "currentLatencynow: 4.019", source: file:///home/seluser/ppt/player/dashjs/index.html (128)
[229:229:0130/104228.491174:INFO:CONSOLE(128)] "currentLatencynow: 4.019", source: file:///home/seluser/ppt/player/dashjs/index.html (128)
[229:229:0130/104229.491227:INFO:CONSOLE(128)] "currentLatencynow: 4.019", source: file:///home/seluser/ppt/player/dashjs/index.html (128)
[229:229:0130/104230.491201:INFO:CONSOLE(128)] "currentLatencynow: 4.019", source: file:///home/seluser/ppt/player/dashjs/index.html (128)
[229:229:0130/104231.491314:INFO:CONSOLE(128)] "currentLatencynow: 4.019", source: file:///home/seluser/ppt/player/dashjs/index.html (128)
[229:229:0130/104232.491131:INFO:CONSOLE(128)] "currentLatencynow: 4.019", source: file:///home/seluser/ppt/player/dashjs/index.html (128)
[229:229:0130/104233.491200:INFO:CONSOLE(128)] "currentLatencynow: 4.019", source: file:///home/seluser/ppt/player/dashjs/index.html (128)
[229:229:0130/104234.491435:INFO:CONSOLE(128)] "currentLatencynow: 4.019", source: file:///home/seluser/ppt/player/dashjs/index.html (128)
[229:229:0130/104235.491236:INFO:CONSOLE(128)] "currentLatencynow: 4.019", source: file:///home/seluser/ppt/player/dashjs/index.html (128)
[229:229:0130/104236.491220:INFO:CONSOLE(128)] "currentLatencynow: 4.019", source: file:///home/seluser/ppt/player/dashjs/index.html (128)
[229:229:0130/104237.491431:INFO:CONSOLE(128)] "currentLatencynow: 4.019", source: file:///home/seluser/ppt/player/dashjs/index.html (128)
[229:229:0130/104238.491196:INFO:CONSOLE(128)] "currentLatencynow: 4.019", source: file:///home/seluser/ppt/player/dashjs/index.html (128)
[229:229:0130/104239.491424:INFO:CONSOLE(128)] "currentLatencynow: 4.019", source: file:///home/seluser/ppt/player/dashjs/index.html (128)
[229:229:0130/104240.491211:INFO:CONSOLE(128)] "currentLatencynow: 4.019", source: file:///home/seluser/ppt/player/dashjs/index.html (128)
[229:229:0130/104241.491395:INFO:CONSOLE(128)] "currentLatencynow: 4.019", source: file:///home/seluser/ppt/player/dashjs/index.html (128)
[229:229:0130/104242.491394:INFO:CONSOLE(128)] "currentLatencynow: 4.019", source: file:///home/seluser/ppt/player/dashjs/index.html (128)
[229:229:0130/104243.491361:INFO:CONSOLE(128)] "currentLatencynow: 4.019", source: file:///home/seluser/ppt/player/dashjs/index.html (128)
[229:229:0130/104244.491385:INFO:CONSOLE(128)] "currentLatencynow: 4.019", source: file:///home/seluser/ppt/player/dashjs/index.html (128)
[229:229:0130/104245.491378:INFO:CONSOLE(128)] "currentLatencynow: 4.019", source: file:///home/seluser/ppt/player/dashjs/index.html (128)
[229:229:0130/104246.491337:INFO:CONSOLE(128)] "currentLatencynow: 4.019", source: file:///home/seluser/ppt/player/dashjs/index.html (128)
[229:229:0130/104247.491115:INFO:CONSOLE(128)] "currentLatencynow: 4.019", source: file:///home/seluser/ppt/player/dashjs/index.html (128)
[229:229:0130/104248.491200:INFO:CONSOLE(128)] "currentLatencynow: 4.019", source: file:///home/seluser/ppt/player/dashjs/index.html (128)
[229:229:0130/104249.491257:INFO:CONSOLE(128)] "currentLatencynow: 4.019", source: file:///home/seluser/ppt/player/dashjs/index.html (128)
[229:229:0130/104250.491223:INFO:CONSOLE(128)] "currentLatencynow: 4.019", source: file:///home/seluser/ppt/player/dashjs/index.html (128)
[229:229:0130/104251.491382:INFO:CONSOLE(128)] "currentLatencynow: 4.019", source: file:///home/seluser/ppt/player/dashjs/index.html (128)
[229:229:0130/104252.491381:INFO:CONSOLE(128)] "currentLatencynow: 4.019", source: file:///home/seluser/ppt/player/dashjs/index.html (128)
[229:229:0130/104253.491368:INFO:CONSOLE(128)] "currentLatencynow: 4.019", source: file:///home/seluser/ppt/player/dashjs/index.html (128)
[229:229:0130/104254.491342:INFO:CONSOLE(128)] "currentLatencynow: 4.019", source: file:///home/seluser/ppt/player/dashjs/index.html (128)
[229:229:0130/104255.491366:INFO:CONSOLE(128)] "currentLatencynow: 4.019", source: file:///home/seluser/ppt/player/dashjs/index.html (128)
[229:229:0130/104256.491295:INFO:CONSOLE(128)] "currentLatencynow: 4.794", source: file:///home/seluser/ppt/player/dashjs/index.html (128)
[229:229:0130/104257.491313:INFO:CONSOLE(128)] "currentLatencynow: 5.794", source: file:///home/seluser/ppt/player/dashjs/index.html (128)
[229:229:0130/104258.491401:INFO:CONSOLE(128)] "currentLatencynow: 5.955", source: file:///home/seluser/ppt/player/dashjs/index.html (128)
[229:229:0130/104259.491366:INFO:CONSOLE(128)] "currentLatencynow: 5.955", source: file:///home/seluser/ppt/player/dashjs/index.html (128)
[229:229:0130/104300.491236:INFO:CONSOLE(128)] "currentLatencynow: 5.955", source: file:///home/seluser/ppt/player/dashjs/index.html (128)
[229:229:0130/104301.491232:INFO:CONSOLE(128)] "currentLatencynow: 5.955", source: file:///home/seluser/ppt/player/dashjs/index.html (128)
[229:229:0130/104302.491507:INFO:CONSOLE(114)] "Begin Player stistics 
", source: file:///home/seluser/ppt/player/dashjs/index.html (114)
[229:229:0130/104302.491780:INFO:CONSOLE(115)] "["stall",[["2.40","4.79",2.39]],[["31.59","31.83",0.23999999999999844]],[["113.38","113.63",0.25]],[["availibleBW",[null],[null],[null],[7135],[7135],[7135],[7134],[7137],[7137],[6982],[6982],[6832],[6673],[6673],[6518],[6518],[6521],[6521],[6516],[6368],[6368],[6216],[6059],[6059],[5911],[5911],[5911],[5912],[5910],[5897],[5897],[5601],[5601],[5601],[5450],[5308],[5308],[5308],[5295],[5296],[5141],[5141],[4983],[4830],[4830],[4676],[4678],[4678],[4681],[4681],[4526],[4526],[4374],[4374],[4374],[4215],[4065],[4065],[4066],[4068],[3918],[3918],[3764],[3764],[3607],[3607],[3451],[3451],[3448],[3291],[3142],[3142],[2988],[2988],[2836],[2836],[2831],[2831],[2829],[2829],[2521],[2521],[2369],[2369],[2216],[2216],[2216],[2216],[2216],[2216],[2093],[2093],[1972],[1972],[1848],[1848],[1600],[1600],[1601],[1601],[1478],[1478],[1355],[1355],[1234],[1234],[988],[988],[988],[988],[988],[988],[865],[865],[865],[741],[741],[741],[618]]],[["currentBuffer",[0],[0],[0],[0.025],[0],[0],[0],[0.638],[0],[0.682],[0],[0.684],[1.582],[0.591],[1.688],[0.688],[1.673],[0.573],[1.515],[2.368],[1.317],[2.219],[3.121],[2.021],[2.923],[1.823],[0.723],[0],[0.678],[1.662],[0.562],[1.902],[0.966],[0],[0],[0],[0.97],[0],[0.972],[1.932],[2.834],[1.682],[2.636],[3.538],[2.438],[3.34],[4.242],[3.142],[4.044],[2.944],[3.846],[2.746],[3.648],[2.548],[1.448],[2.35],[1.23],[0.15],[1.144],[2.129],[3.033],[1.934],[2.838],[1.739],[2.643],[1.553],[2.477],[1.408],[2.353],[1.256],[2.272],[1.237],[2.224],[1.21],[2.204],[1.204],[2.206],[1.206],[2.208],[1.208],[2.2],[1.21],[2.212],[1.165],[2.214],[1.214],[2.216],[1.216],[2.218],[1.218],[2.22],[1.22],[2.222],[1.222],[2.224],[1.224],[2.226],[1.179],[2.228],[1.228],[2.23],[1.23],[2.232],[1.232],[2.168],[1.234],[2.236],[1.236],[2.238],[1.238],[0.238],[0],[0.24],[0],[0],[1.136],[0.136],[0],[0.134]]],[["currentLatency",[null],[0],[5.983],[6.983],[7.655],[7.555],[7.519],[7.519],[7.519],[7.519],[7.519],[7.519],[7.519],[7.519],[7.519],[7.519],[7.49],[7.39],[7.331],[7.231],[7.131],[7.031],[6.931],[6.831],[6.731],[6.631],[6.531],[6.495],[6.495],[6.465],[6.365],[6.827],[6.827],[6.826],[6.827],[6.827],[6.826],[6.826],[6.827],[6.778],[6.678],[6.578],[6.478],[6.378],[6.278],[6.178],[6.078],[5.978],[5.878],[5.778],[5.678],[5.578],[5.478],[5.378],[5.278],[5.178],[5.078],[4.979],[4.977],[4.954],[4.855],[4.757],[4.658],[4.56],[4.461],[4.373],[4.295],[4.227],[4.17],[4.123],[4.089],[4.054],[4.04],[4.026],[4.019],[4.019],[4.019],[4.019],[4.019],[4.019],[4.019],[4.019],[4.019],[4.019],[4.019],[4.019],[4.019],[4.019],[4.019],[4.019],[4.019],[4.019],[4.019],[4.019],[4.019],[4.019],[4.019],[4.019],[4.019],[4.019],[4.019],[4.019],[4.019],[4.019],[4.019],[4.019],[4.019],[4.019],[4.019],[4.019],[4.019],[4.019],[4.019],[4.794],[5.794],[5.955],[5.955],[5.955],[5.955]]]]", source: file:///home/seluser/ppt/player/dashjs/index.html (115)
[229:229:0130/104302.491864:INFO:CONSOLE(116)] "
", source: file:///home/seluser/ppt/player/dashjs/index.html (116)
[229:229:0130/104302.491955:INFO:CONSOLE(117)] "Finish Player stistics 
", source: file:///home/seluser/ppt/player/dashjs/index.html (117)
[229:229:0130/104302.492053:INFO:CONSOLE(128)] "currentLatencynow: 5.954", source: file:///home/seluser/ppt/player/dashjs/index.html (128)
[229:229:0130/104303.491314:INFO:CONSOLE(128)] "currentLatencynow: 5.955", source: file:///home/seluser/ppt/player/dashjs/index.html (128)
[229:229:0130/104304.491196:INFO:CONSOLE(128)] "currentLatencynow: 5.955", source: file:///home/seluser/ppt/player/dashjs/index.html (128)
[229:229:0130/104305.491182:INFO:CONSOLE(128)] "currentLatencynow: 5.955", source: file:///home/seluser/ppt/player/dashjs/index.html (128)
[229:229:0130/104306.491194:INFO:CONSOLE(128)] "currentLatencynow: 5.955", source: file:///home/seluser/ppt/player/dashjs/index.html (128)
[229:229:0130/104307.491198:INFO:CONSOLE(128)] "currentLatencynow: 6.871", source: file:///home/seluser/ppt/player/dashjs/index.html (128)
[229:229:0130/104308.491511:INFO:CONSOLE(128)] "currentLatencynow: 7.534", source: file:///home/seluser/ppt/player/dashjs/index.html (128)
[229:229:0130/104309.491285:INFO:CONSOLE(128)] "currentLatencynow: 7.534", source: file:///home/seluser/ppt/player/dashjs/index.html (128)
[229:229:0130/104310.491318:INFO:CONSOLE(128)] "currentLatencynow: 7.534", source: file:///home/seluser/ppt/player/dashjs/index.html (128)
[229:229:0130/104311.491395:INFO:CONSOLE(128)] "currentLatencynow: 7.499", source: file:///home/seluser/ppt/player/dashjs/index.html (128)
[229:229:0130/104312.491447:INFO:CONSOLE(128)] "currentLatencynow: 7.399", source: file:///home/seluser/ppt/player/dashjs/index.html (128)
[229:229:0130/104313.491232:INFO:CONSOLE(128)] "currentLatencynow: 7.299", source: file:///home/seluser/ppt/player/dashjs/index.html (128)
[229:229:0130/104314.491439:INFO:CONSOLE(128)] "currentLatencynow: 7.199", source: file:///home/seluser/ppt/player/dashjs/index.html (128)
[229:229:0130/104315.491530:INFO:CONSOLE(128)] "currentLatencynow: 7.099", source: file:///home/seluser/ppt/player/dashjs/index.html (128)
[229:229:0130/104316.491481:INFO:CONSOLE(128)] "currentLatencynow: 6.999", source: file:///home/seluser/ppt/player/dashjs/index.html (128)
[229:229:0130/104317.491285:INFO:CONSOLE(128)] "currentLatencynow: 6.899", source: file:///home/seluser/ppt/player/dashjs/index.html (128)
[229:229:0130/104318.491400:INFO:CONSOLE(128)] "currentLatencynow: 6.799", source: file:///home/seluser/ppt/player/dashjs/index.html (128)
[229:229:0130/104319.491554:INFO:CONSOLE(128)] "currentLatencynow: 6.699", source: file:///home/seluser/ppt/player/dashjs/index.html (128)
[229:229:0130/104320.491201:INFO:CONSOLE(128)] "currentLatencynow: 6.634", source: file:///home/seluser/ppt/player/dashjs/index.html (128)
[229:229:0130/104321.491214:INFO:CONSOLE(128)] "currentLatencynow: 6.634", source: file:///home/seluser/ppt/player/dashjs/index.html (128)
[229:229:0130/104322.491344:INFO:CONSOLE(128)] "currentLatencynow: 6.634", source: file:///home/seluser/ppt/player/dashjs/index.html (128)
[229:229:0130/104323.491179:INFO:CONSOLE(128)] "currentLatencynow: 6.851", source: file:///home/seluser/ppt/player/dashjs/index.html (128)
[229:229:0130/104324.491310:INFO:CONSOLE(128)] "currentLatencynow: 7.764", source: file:///home/seluser/ppt/player/dashjs/index.html (128)
[229:229:0130/104325.491436:INFO:CONSOLE(128)] "currentLatencynow: 7.828", source: file:///home/seluser/ppt/player/dashjs/index.html (128)
[229:229:0130/104326.491451:INFO:CONSOLE(128)] "currentLatencynow: 7.828", source: file:///home/seluser/ppt/player/dashjs/index.html (128)
[229:229:0130/104327.491440:INFO:CONSOLE(128)] "currentLatencynow: 7.815", source: file:///home/seluser/ppt/player/dashjs/index.html (128)
[229:229:0130/104328.491390:INFO:CONSOLE(128)] "currentLatencynow: 7.715", source: file:///home/seluser/ppt/player/dashjs/index.html (128)
[229:229:0130/104329.491406:INFO:CONSOLE(128)] "currentLatencynow: 7.615", source: file:///home/seluser/ppt/player/dashjs/index.html (128)
[229:229:0130/104330.491368:INFO:CONSOLE(128)] "currentLatencynow: 7.515", source: file:///home/seluser/ppt/player/dashjs/index.html (128)
[229:229:0130/104331.491430:INFO:CONSOLE(128)] "currentLatencynow: 7.415", source: file:///home/seluser/ppt/player/dashjs/index.html (128)
[229:229:0130/104332.491403:INFO:CONSOLE(128)] "currentLatencynow: 7.315", source: file:///home/seluser/ppt/player/dashjs/index.html (128)
[229:229:0130/104333.491328:INFO:CONSOLE(128)] "currentLatencynow: 7.215", source: file:///home/seluser/ppt/player/dashjs/index.html (128)
[229:229:0130/104334.491357:INFO:CONSOLE(128)] "currentLatencynow: 7.115", source: file:///home/seluser/ppt/player/dashjs/index.html (128)
[229:229:0130/104335.491475:INFO:CONSOLE(128)] "currentLatencynow: 7.103", source: file:///home/seluser/ppt/player/dashjs/index.html (128)
[229:229:0130/104336.491267:INFO:CONSOLE(128)] "currentLatencynow: 7.103", source: file:///home/seluser/ppt/player/dashjs/index.html (128)
[229:229:0130/104337.491484:INFO:CONSOLE(128)] "currentLatencynow: 7.103", source: file:///home/seluser/ppt/player/dashjs/index.html (128)
[229:229:0130/104338.491356:INFO:CONSOLE(128)] "currentLatencynow: 7.103", source: file:///home/seluser/ppt/player/dashjs/index.html (128)
[229:229:0130/104339.491296:INFO:CONSOLE(128)] "currentLatencynow: 7.103", source: file:///home/seluser/ppt/player/dashjs/index.html (128)
[229:229:0130/104340.491341:INFO:CONSOLE(128)] "currentLatencynow: 7.103", source: file:///home/seluser/ppt/player/dashjs/index.html (128)
[229:229:0130/104341.491330:INFO:CONSOLE(128)] "currentLatencynow: 7.063", source: file:///home/seluser/ppt/player/dashjs/index.html (128)
[229:229:0130/104342.491466:INFO:CONSOLE(128)] "currentLatencynow: 6.963", source: file:///home/seluser/ppt/player/dashjs/index.html (128)
[229:229:0130/104343.491337:INFO:CONSOLE(128)] "currentLatencynow: 6.952", source: file:///home/seluser/ppt/player/dashjs/index.html (128)
[229:229:0130/104344.491463:INFO:CONSOLE(128)] "currentLatencynow: 6.952", source: file:///home/seluser/ppt/player/dashjs/index.html (128)
[229:229:0130/104345.491311:INFO:CONSOLE(128)] "currentLatencynow: 6.952", source: file:///home/seluser/ppt/player/dashjs/index.html (128)
[229:229:0130/104346.491245:INFO:CONSOLE(128)] "currentLatencynow: 6.952", source: file:///home/seluser/ppt/player/dashjs/index.html (128)
[229:229:0130/104347.491283:INFO:CONSOLE(128)] "currentLatencynow: 6.952", source: file:///home/seluser/ppt/player/dashjs/index.html (128)
[229:229:0130/104348.491324:INFO:CONSOLE(128)] "currentLatencynow: 6.952", source: file:///home/seluser/ppt/player/dashjs/index.html (128)
[229:229:0130/104349.491341:INFO:CONSOLE(128)] "currentLatencynow: 6.952", source: file:///home/seluser/ppt/player/dashjs/index.html (128)
[229:229:0130/104350.491249:INFO:CONSOLE(128)] "currentLatencynow: 6.952", source: file:///home/seluser/ppt/player/dashjs/index.html (128)
[229:229:0130/104351.491282:INFO:CONSOLE(128)] "currentLatencynow: 6.952", source: file:///home/seluser/ppt/player/dashjs/index.html (128)
[229:229:0130/104352.491272:INFO:CONSOLE(128)] "currentLatencynow: 6.952", source: file:///home/seluser/ppt/player/dashjs/index.html (128)
[229:229:0130/104353.491255:INFO:CONSOLE(128)] "currentLatencynow: 6.952", source: file:///home/seluser/ppt/player/dashjs/index.html (128)
[229:229:0130/104354.491389:INFO:CONSOLE(128)] "currentLatencynow: 6.872", source: file:///home/seluser/ppt/player/dashjs/index.html (128)
[229:229:0130/104355.491306:INFO:CONSOLE(128)] "currentLatencynow: 6.772", source: file:///home/seluser/ppt/player/dashjs/index.html (128)
[229:229:0130/104356.491253:INFO:CONSOLE(128)] "currentLatencynow: 6.673", source: file:///home/seluser/ppt/player/dashjs/index.html (128)
[229:229:0130/104357.491257:INFO:CONSOLE(128)] "currentLatencynow: 6.572", source: file:///home/seluser/ppt/player/dashjs/index.html (128)
[229:229:0130/104358.491439:INFO:CONSOLE(128)] "currentLatencynow: 6.472", source: file:///home/seluser/ppt/player/dashjs/index.html (128)
[229:229:0130/104359.491242:INFO:CONSOLE(128)] "currentLatencynow: 6.373", source: file:///home/seluser/ppt/player/dashjs/index.html (128)
[229:229:0130/104400.491258:INFO:CONSOLE(128)] "currentLatencynow: 6.273", source: file:///home/seluser/ppt/player/dashjs/index.html (128)
[229:229:0130/104401.491354:INFO:CONSOLE(128)] "currentLatencynow: 6.172", source: file:///home/seluser/ppt/player/dashjs/index.html (128)
