[155:218:0111/131507.815188:ERROR:bus.cc(392)] Failed to connect to the bus: Failed to connect to socket /var/run/dbus/system_bus_socket: No such file or directory
[155:181:0111/131507.821247:ERROR:bus.cc(392)] Failed to connect to the bus: Address does not contain a colon
[155:181:0111/131507.821330:ERROR:bus.cc(392)] Failed to connect to the bus: Address does not contain a colon
[155:181:0111/131507.835584:ERROR:bus.cc(392)] Failed to connect to the bus: Address does not contain a colon
[155:181:0111/131507.835647:ERROR:bus.cc(392)] Failed to connect to the bus: Address does not contain a colon
[230:230:0111/131507.850651:ERROR:gpu_init.cc(453)] Passthrough is not supported, GL is swiftshader, ANGLE is 
[155:181:0111/131507.901632:ERROR:bus.cc(392)] Failed to connect to the bus: Address does not contain a colon
[155:181:0111/131507.901667:ERROR:bus.cc(392)] Failed to connect to the bus: Address does not contain a colon
[155:315:0111/131508.041810:ERROR:bus.cc(392)] Failed to connect to the bus: Failed to connect to socket /var/run/dbus/system_bus_socket: No such file or directory
[155:315:0111/131508.041912:ERROR:bus.cc(392)] Failed to connect to the bus: Failed to connect to socket /var/run/dbus/system_bus_socket: No such file or directory
[155:315:0111/131508.042009:ERROR:bus.cc(392)] Failed to connect to the bus: Failed to connect to socket /var/run/dbus/system_bus_socket: No such file or directory
[155:315:0111/131508.042049:WARNING:property.cc(144)] DaemonVersion: GetAndBlock: failed.
[155:315:0111/131508.042095:ERROR:bus.cc(392)] Failed to connect to the bus: Failed to connect to socket /var/run/dbus/system_bus_socket: No such file or directory
[155:315:0111/131508.042163:ERROR:bus.cc(392)] Failed to connect to the bus: Failed to connect to socket /var/run/dbus/system_bus_socket: No such file or directory
[231:248:0111/131508.841881:WARNING:spdy_session.cc(3518)] Received HEADERS for invalid stream 1
[155:155:0111/131510.218477:INFO:CONSOLE(128)] "currentLatencynow: NaN", source: file:///home/seluser/ppt/player/dashjs/index.html (128)
[155:176:0111/131511.014597:ERROR:chrome_browser_main_extra_parts_metrics.cc(228)] crbug.com/1216328: Checking Bluetooth availability started. Please report if there is no report that this ends.
[155:176:0111/131511.014660:ERROR:chrome_browser_main_extra_parts_metrics.cc(231)] crbug.com/1216328: Checking Bluetooth availability ended.
[155:176:0111/131511.014667:ERROR:chrome_browser_main_extra_parts_metrics.cc(234)] crbug.com/1216328: Checking default browser status started. Please report if there is no report that this ends.
[155:176:0111/131511.134776:ERROR:chrome_browser_main_extra_parts_metrics.cc(238)] crbug.com/1216328: Checking default browser status ended.
[155:155:0111/131511.217275:INFO:CONSOLE(128)] "currentLatencynow: 0", source: file:///home/seluser/ppt/player/dashjs/index.html (128)
[542:542:0111/131511.374792:WARNING:audio_manager_linux.cc(69)] Falling back to ALSA for audio output. PulseAudio is not available or could not be initialized.
[542:542:0111/131511.380818:ERROR:alsa_util.cc(204)] PcmOpen: default,No such file or directory
[542:542:0111/131511.381023:ERROR:alsa_util.cc(204)] PcmOpen: plug:default,No such file or directory
[155:155:0111/131512.217230:INFO:CONSOLE(128)] "currentLatencynow: 6.323", source: file:///home/seluser/ppt/player/dashjs/index.html (128)
[155:155:0111/131513.217256:INFO:CONSOLE(128)] "currentLatencynow: 7.323", source: file:///home/seluser/ppt/player/dashjs/index.html (128)
[155:155:0111/131514.217171:INFO:CONSOLE(128)] "currentLatencynow: 8.323", source: file:///home/seluser/ppt/player/dashjs/index.html (128)
[155:155:0111/131515.217210:INFO:CONSOLE(128)] "currentLatencynow: 9.323", source: file:///home/seluser/ppt/player/dashjs/index.html (128)
[155:155:0111/131516.217210:INFO:CONSOLE(128)] "currentLatencynow: 10.323", source: file:///home/seluser/ppt/player/dashjs/index.html (128)
[155:181:0111/131516.292692:ERROR:bus.cc(392)] Failed to connect to the bus: Address does not contain a colon
[155:181:0111/131516.292775:ERROR:bus.cc(392)] Failed to connect to the bus: Address does not contain a colon
[155:181:0111/131516.292807:ERROR:bus.cc(392)] Failed to connect to the bus: Address does not contain a colon
[155:181:0111/131516.292826:ERROR:bus.cc(392)] Failed to connect to the bus: Address does not contain a colon
[155:181:0111/131516.292832:ERROR:bus.cc(392)] Failed to connect to the bus: Address does not contain a colon
[155:181:0111/131516.292838:ERROR:bus.cc(392)] Failed to connect to the bus: Address does not contain a colon
[155:181:0111/131516.292844:ERROR:bus.cc(392)] Failed to connect to the bus: Address does not contain a colon
[155:181:0111/131516.292865:ERROR:bus.cc(392)] Failed to connect to the bus: Address does not contain a colon
[155:181:0111/131516.292874:ERROR:bus.cc(392)] Failed to connect to the bus: Address does not contain a colon
[155:181:0111/131516.292899:ERROR:bus.cc(392)] Failed to connect to the bus: Address does not contain a colon
[155:181:0111/131516.292912:ERROR:bus.cc(392)] Failed to connect to the bus: Address does not contain a colon
[155:181:0111/131516.292964:ERROR:bus.cc(392)] Failed to connect to the bus: Address does not contain a colon
[155:181:0111/131516.292992:ERROR:bus.cc(392)] Failed to connect to the bus: Address does not contain a colon
[155:181:0111/131516.293001:ERROR:bus.cc(392)] Failed to connect to the bus: Address does not contain a colon
[155:181:0111/131516.294044:ERROR:bus.cc(392)] Failed to connect to the bus: Address does not contain a colon
[155:181:0111/131516.294091:ERROR:bus.cc(392)] Failed to connect to the bus: Address does not contain a colon
[155:181:0111/131516.294119:ERROR:bus.cc(392)] Failed to connect to the bus: Address does not contain a colon
[155:181:0111/131516.388807:ERROR:bus.cc(392)] Failed to connect to the bus: Address does not contain a colon
[155:181:0111/131516.388863:ERROR:bus.cc(392)] Failed to connect to the bus: Address does not contain a colon
[155:155:0111/131517.217201:INFO:CONSOLE(128)] "currentLatencynow: 10.396", source: file:///home/seluser/ppt/player/dashjs/index.html (128)
[155:155:0111/131518.217221:INFO:CONSOLE(128)] "currentLatencynow: 10.38", source: file:///home/seluser/ppt/player/dashjs/index.html (128)
[155:155:0111/131519.217314:INFO:CONSOLE(128)] "currentLatencynow: 10.381", source: file:///home/seluser/ppt/player/dashjs/index.html (128)
[155:155:0111/131520.217238:INFO:CONSOLE(128)] "currentLatencynow: 10.38", source: file:///home/seluser/ppt/player/dashjs/index.html (128)
[155:155:0111/131521.217163:INFO:CONSOLE(128)] "currentLatencynow: 11.173", source: file:///home/seluser/ppt/player/dashjs/index.html (128)
[155:155:0111/131522.217224:INFO:CONSOLE(128)] "currentLatencynow: 12.173", source: file:///home/seluser/ppt/player/dashjs/index.html (128)
[155:181:0111/131523.199788:ERROR:bus.cc(392)] Failed to connect to the bus: Address does not contain a colon
[155:181:0111/131523.199847:ERROR:bus.cc(392)] Failed to connect to the bus: Address does not contain a colon
[155:155:0111/131523.217285:INFO:CONSOLE(128)] "currentLatencynow: 13.068", source: file:///home/seluser/ppt/player/dashjs/index.html (128)
[155:155:0111/131524.217137:INFO:CONSOLE(128)] "currentLatencynow: 13.068", source: file:///home/seluser/ppt/player/dashjs/index.html (128)
[155:155:0111/131525.217217:INFO:CONSOLE(128)] "currentLatencynow: 13.068", source: file:///home/seluser/ppt/player/dashjs/index.html (128)
[155:155:0111/131526.217155:INFO:CONSOLE(128)] "currentLatencynow: 13.068", source: file:///home/seluser/ppt/player/dashjs/index.html (128)
[155:155:0111/131527.217248:INFO:CONSOLE(128)] "currentLatencynow: 13.068", source: file:///home/seluser/ppt/player/dashjs/index.html (128)
[155:155:0111/131528.217199:INFO:CONSOLE(128)] "currentLatencynow: 13.068", source: file:///home/seluser/ppt/player/dashjs/index.html (128)
[155:155:0111/131529.217302:INFO:CONSOLE(128)] "currentLatencynow: 13.069", source: file:///home/seluser/ppt/player/dashjs/index.html (128)
[155:155:0111/131530.217148:INFO:CONSOLE(128)] "currentLatencynow: 13.068", source: file:///home/seluser/ppt/player/dashjs/index.html (128)
[155:155:0111/131531.217201:INFO:CONSOLE(128)] "currentLatencynow: 13.145", source: file:///home/seluser/ppt/player/dashjs/index.html (128)
[155:155:0111/131532.217177:INFO:CONSOLE(128)] "currentLatencynow: 14.145", source: file:///home/seluser/ppt/player/dashjs/index.html (128)
[155:155:0111/131533.217198:INFO:CONSOLE(128)] "currentLatencynow: 14.454", source: file:///home/seluser/ppt/player/dashjs/index.html (128)
[155:155:0111/131534.217728:INFO:CONSOLE(128)] "currentLatencynow: 14.455", source: file:///home/seluser/ppt/player/dashjs/index.html (128)
[155:155:0111/131535.217185:INFO:CONSOLE(128)] "currentLatencynow: 14.454", source: file:///home/seluser/ppt/player/dashjs/index.html (128)
[155:155:0111/131536.217101:INFO:CONSOLE(128)] "currentLatencynow: 14.454", source: file:///home/seluser/ppt/player/dashjs/index.html (128)
[155:155:0111/131537.217260:INFO:CONSOLE(128)] "currentLatencynow: 14.454", source: file:///home/seluser/ppt/player/dashjs/index.html (128)
[155:155:0111/131538.218112:INFO:CONSOLE(128)] "currentLatencynow: 14.455", source: file:///home/seluser/ppt/player/dashjs/index.html (128)
[155:155:0111/131539.217184:INFO:CONSOLE(128)] "currentLatencynow: 14.454", source: file:///home/seluser/ppt/player/dashjs/index.html (128)
[155:155:0111/131540.217184:INFO:CONSOLE(128)] "currentLatencynow: 14.454", source: file:///home/seluser/ppt/player/dashjs/index.html (128)
[155:155:0111/131541.216109:INFO:CONSOLE(128)] "currentLatencynow: 14.453", source: file:///home/seluser/ppt/player/dashjs/index.html (128)
[155:155:0111/131542.216070:INFO:CONSOLE(128)] "currentLatencynow: 14.453", source: file:///home/seluser/ppt/player/dashjs/index.html (128)
[155:155:0111/131543.216220:INFO:CONSOLE(128)] "currentLatencynow: 15.072", source: file:///home/seluser/ppt/player/dashjs/index.html (128)
[155:155:0111/131544.216115:INFO:CONSOLE(128)] "currentLatencynow: 15.136", source: file:///home/seluser/ppt/player/dashjs/index.html (128)
[155:155:0111/131545.216080:INFO:CONSOLE(128)] "currentLatencynow: 15.136", source: file:///home/seluser/ppt/player/dashjs/index.html (128)
[155:155:0111/131546.216126:INFO:CONSOLE(128)] "currentLatencynow: 15.136", source: file:///home/seluser/ppt/player/dashjs/index.html (128)
[155:155:0111/131547.216097:INFO:CONSOLE(128)] "currentLatencynow: 15.136", source: file:///home/seluser/ppt/player/dashjs/index.html (128)
[155:155:0111/131548.216097:INFO:CONSOLE(128)] "currentLatencynow: 15.135", source: file:///home/seluser/ppt/player/dashjs/index.html (128)
[155:155:0111/131549.216286:INFO:CONSOLE(128)] "currentLatencynow: 15.035", source: file:///home/seluser/ppt/player/dashjs/index.html (128)
[155:155:0111/131550.216103:INFO:CONSOLE(128)] "currentLatencynow: 14.959", source: file:///home/seluser/ppt/player/dashjs/index.html (128)
[155:155:0111/131551.216057:INFO:CONSOLE(128)] "currentLatencynow: 14.959", source: file:///home/seluser/ppt/player/dashjs/index.html (128)
[155:155:0111/131552.216136:INFO:CONSOLE(128)] "currentLatencynow: 14.959", source: file:///home/seluser/ppt/player/dashjs/index.html (128)
[155:155:0111/131553.216079:INFO:CONSOLE(128)] "currentLatencynow: 15.136", source: file:///home/seluser/ppt/player/dashjs/index.html (128)
[155:155:0111/131554.216142:INFO:CONSOLE(128)] "currentLatencynow: 16.026", source: file:///home/seluser/ppt/player/dashjs/index.html (128)
[155:155:0111/131555.216072:INFO:CONSOLE(128)] "currentLatencynow: 16.026", source: file:///home/seluser/ppt/player/dashjs/index.html (128)
[155:155:0111/131556.216097:INFO:CONSOLE(128)] "currentLatencynow: 16.025", source: file:///home/seluser/ppt/player/dashjs/index.html (128)
[155:155:0111/131557.216068:INFO:CONSOLE(128)] "currentLatencynow: 15.99", source: file:///home/seluser/ppt/player/dashjs/index.html (128)
[155:155:0111/131558.216150:INFO:CONSOLE(128)] "currentLatencynow: 15.89", source: file:///home/seluser/ppt/player/dashjs/index.html (128)
[155:155:0111/131559.216093:INFO:CONSOLE(128)] "currentLatencynow: 15.79", source: file:///home/seluser/ppt/player/dashjs/index.html (128)
[155:155:0111/131600.216055:INFO:CONSOLE(128)] "currentLatencynow: 15.69", source: file:///home/seluser/ppt/player/dashjs/index.html (128)
[155:155:0111/131601.216147:INFO:CONSOLE(128)] "currentLatencynow: 15.59", source: file:///home/seluser/ppt/player/dashjs/index.html (128)
[155:155:0111/131602.216165:INFO:CONSOLE(128)] "currentLatencynow: 15.49", source: file:///home/seluser/ppt/player/dashjs/index.html (128)
[155:155:0111/131603.216065:INFO:CONSOLE(128)] "currentLatencynow: 15.39", source: file:///home/seluser/ppt/player/dashjs/index.html (128)
[155:155:0111/131604.216223:INFO:CONSOLE(128)] "currentLatencynow: 15.29", source: file:///home/seluser/ppt/player/dashjs/index.html (128)
[155:155:0111/131605.216179:INFO:CONSOLE(128)] "currentLatencynow: 15.19", source: file:///home/seluser/ppt/player/dashjs/index.html (128)
[155:155:0111/131606.216480:INFO:CONSOLE(128)] "currentLatencynow: 15.107", source: file:///home/seluser/ppt/player/dashjs/index.html (128)
[155:155:0111/131607.216100:INFO:CONSOLE(128)] "currentLatencynow: 15.106", source: file:///home/seluser/ppt/player/dashjs/index.html (128)
[155:155:0111/131608.216100:INFO:CONSOLE(128)] "currentLatencynow: 15.106", source: file:///home/seluser/ppt/player/dashjs/index.html (128)
[155:155:0111/131609.216038:INFO:CONSOLE(128)] "currentLatencynow: 15.118", source: file:///home/seluser/ppt/player/dashjs/index.html (128)
[155:155:0111/131610.216144:INFO:CONSOLE(128)] "currentLatencynow: 16.118", source: file:///home/seluser/ppt/player/dashjs/index.html (128)
[155:155:0111/131611.216069:INFO:CONSOLE(128)] "currentLatencynow: 17.118", source: file:///home/seluser/ppt/player/dashjs/index.html (128)
[155:155:0111/131612.216256:INFO:CONSOLE(128)] "currentLatencynow: 18.118", source: file:///home/seluser/ppt/player/dashjs/index.html (128)
[155:155:0111/131613.216047:INFO:CONSOLE(128)] "currentLatencynow: 19.043", source: file:///home/seluser/ppt/player/dashjs/index.html (128)
[155:181:0111/131613.287911:ERROR:bus.cc(392)] Failed to connect to the bus: Address does not contain a colon
[155:181:0111/131613.287976:ERROR:bus.cc(392)] Failed to connect to the bus: Address does not contain a colon
[155:155:0111/131614.216088:INFO:CONSOLE(128)] "currentLatencynow: 19.117", source: file:///home/seluser/ppt/player/dashjs/index.html (128)
[155:155:0111/131615.216253:INFO:CONSOLE(128)] "currentLatencynow: 19.117", source: file:///home/seluser/ppt/player/dashjs/index.html (128)
[155:155:0111/131616.215990:INFO:CONSOLE(128)] "currentLatencynow: 19.074", source: file:///home/seluser/ppt/player/dashjs/index.html (128)
[155:155:0111/131617.216090:INFO:CONSOLE(128)] "currentLatencynow: 18.974", source: file:///home/seluser/ppt/player/dashjs/index.html (128)
[155:155:0111/131618.218503:INFO:CONSOLE(128)] "currentLatencynow: 18.874", source: file:///home/seluser/ppt/player/dashjs/index.html (128)
[155:155:0111/131619.216171:INFO:CONSOLE(128)] "currentLatencynow: 18.774", source: file:///home/seluser/ppt/player/dashjs/index.html (128)
[155:155:0111/131620.216087:INFO:CONSOLE(128)] "currentLatencynow: 18.674", source: file:///home/seluser/ppt/player/dashjs/index.html (128)
[155:155:0111/131621.216314:INFO:CONSOLE(128)] "currentLatencynow: 18.574", source: file:///home/seluser/ppt/player/dashjs/index.html (128)
[155:155:0111/131622.216078:INFO:CONSOLE(128)] "currentLatencynow: 18.474", source: file:///home/seluser/ppt/player/dashjs/index.html (128)
[155:155:0111/131623.216005:INFO:CONSOLE(128)] "currentLatencynow: 18.374", source: file:///home/seluser/ppt/player/dashjs/index.html (128)
[155:155:0111/131624.216111:INFO:CONSOLE(128)] "currentLatencynow: 18.274", source: file:///home/seluser/ppt/player/dashjs/index.html (128)
[155:155:0111/131625.216035:INFO:CONSOLE(128)] "currentLatencynow: 18.174", source: file:///home/seluser/ppt/player/dashjs/index.html (128)
[155:155:0111/131626.216077:INFO:CONSOLE(128)] "currentLatencynow: 18.167", source: file:///home/seluser/ppt/player/dashjs/index.html (128)
[155:155:0111/131627.216158:INFO:CONSOLE(128)] "currentLatencynow: 18.167", source: file:///home/seluser/ppt/player/dashjs/index.html (128)
[155:155:0111/131628.216316:INFO:CONSOLE(128)] "currentLatencynow: 19.077", source: file:///home/seluser/ppt/player/dashjs/index.html (128)
[155:155:0111/131629.216079:INFO:CONSOLE(128)] "currentLatencynow: 20.077", source: file:///home/seluser/ppt/player/dashjs/index.html (128)
[155:181:0111/131629.656802:ERROR:bus.cc(392)] Failed to connect to the bus: Address does not contain a colon
[155:181:0111/131629.656853:ERROR:bus.cc(392)] Failed to connect to the bus: Address does not contain a colon
[155:155:0111/131630.216133:INFO:CONSOLE(128)] "currentLatencynow: 20.432", source: file:///home/seluser/ppt/player/dashjs/index.html (128)
[155:155:0111/131631.216163:INFO:CONSOLE(128)] "currentLatencynow: 20.332", source: file:///home/seluser/ppt/player/dashjs/index.html (128)
[155:155:0111/131632.216206:INFO:CONSOLE(128)] "currentLatencynow: 20.315", source: file:///home/seluser/ppt/player/dashjs/index.html (128)
[155:155:0111/131633.216162:INFO:CONSOLE(128)] "currentLatencynow: 20.315", source: file:///home/seluser/ppt/player/dashjs/index.html (128)
[155:155:0111/131634.216194:INFO:CONSOLE(128)] "currentLatencynow: 20.315", source: file:///home/seluser/ppt/player/dashjs/index.html (128)
[155:155:0111/131635.216101:INFO:CONSOLE(128)] "currentLatencynow: 20.315", source: file:///home/seluser/ppt/player/dashjs/index.html (128)
[155:155:0111/131636.216071:INFO:CONSOLE(128)] "currentLatencynow: 20.233", source: file:///home/seluser/ppt/player/dashjs/index.html (128)
[155:155:0111/131637.216151:INFO:CONSOLE(128)] "currentLatencynow: 20.133", source: file:///home/seluser/ppt/player/dashjs/index.html (128)
[155:155:0111/131638.216416:INFO:CONSOLE(128)] "currentLatencynow: 20.033", source: file:///home/seluser/ppt/player/dashjs/index.html (128)
[155:155:0111/131639.216093:INFO:CONSOLE(128)] "currentLatencynow: 19.933", source: file:///home/seluser/ppt/player/dashjs/index.html (128)
[155:155:0111/131640.216083:INFO:CONSOLE(128)] "currentLatencynow: 19.833", source: file:///home/seluser/ppt/player/dashjs/index.html (128)
[155:155:0111/131641.218389:INFO:CONSOLE(128)] "currentLatencynow: 19.733", source: file:///home/seluser/ppt/player/dashjs/index.html (128)
[155:155:0111/131642.216810:INFO:CONSOLE(128)] "currentLatencynow: 19.632", source: file:///home/seluser/ppt/player/dashjs/index.html (128)
[155:155:0111/131643.215728:INFO:CONSOLE(128)] "currentLatencynow: 19.533", source: file:///home/seluser/ppt/player/dashjs/index.html (128)
[155:155:0111/131644.215729:INFO:CONSOLE(128)] "currentLatencynow: 19.433", source: file:///home/seluser/ppt/player/dashjs/index.html (128)
[155:155:0111/131645.215686:INFO:CONSOLE(128)] "currentLatencynow: 19.333", source: file:///home/seluser/ppt/player/dashjs/index.html (128)
[155:155:0111/131646.215670:INFO:CONSOLE(128)] "currentLatencynow: 19.233", source: file:///home/seluser/ppt/player/dashjs/index.html (128)
[155:155:0111/131647.215671:INFO:CONSOLE(128)] "currentLatencynow: 19.217", source: file:///home/seluser/ppt/player/dashjs/index.html (128)
[155:155:0111/131648.215703:INFO:CONSOLE(128)] "currentLatencynow: 19.217", source: file:///home/seluser/ppt/player/dashjs/index.html (128)
[155:155:0111/131649.215685:INFO:CONSOLE(128)] "currentLatencynow: 19.216", source: file:///home/seluser/ppt/player/dashjs/index.html (128)
[155:155:0111/131650.215718:INFO:CONSOLE(128)] "currentLatencynow: 19.217", source: file:///home/seluser/ppt/player/dashjs/index.html (128)
[155:155:0111/131651.215746:INFO:CONSOLE(128)] "currentLatencynow: 19.216", source: file:///home/seluser/ppt/player/dashjs/index.html (128)
[155:155:0111/131652.215694:INFO:CONSOLE(128)] "currentLatencynow: 19.216", source: file:///home/seluser/ppt/player/dashjs/index.html (128)
[155:155:0111/131653.215698:INFO:CONSOLE(128)] "currentLatencynow: 19.217", source: file:///home/seluser/ppt/player/dashjs/index.html (128)
[155:155:0111/131654.215603:INFO:CONSOLE(128)] "currentLatencynow: 19.197", source: file:///home/seluser/ppt/player/dashjs/index.html (128)
[155:155:0111/131655.215777:INFO:CONSOLE(128)] "currentLatencynow: 19.096", source: file:///home/seluser/ppt/player/dashjs/index.html (128)
[155:155:0111/131656.215667:INFO:CONSOLE(128)] "currentLatencynow: 18.996", source: file:///home/seluser/ppt/player/dashjs/index.html (128)
[155:155:0111/131657.215661:INFO:CONSOLE(128)] "currentLatencynow: 18.896", source: file:///home/seluser/ppt/player/dashjs/index.html (128)
[155:155:0111/131658.215719:INFO:CONSOLE(128)] "currentLatencynow: 18.796", source: file:///home/seluser/ppt/player/dashjs/index.html (128)
[155:155:0111/131659.215703:INFO:CONSOLE(128)] "currentLatencynow: 18.696", source: file:///home/seluser/ppt/player/dashjs/index.html (128)
[155:155:0111/131700.215670:INFO:CONSOLE(128)] "currentLatencynow: 18.597", source: file:///home/seluser/ppt/player/dashjs/index.html (128)
[155:155:0111/131701.215686:INFO:CONSOLE(128)] "currentLatencynow: 18.497", source: file:///home/seluser/ppt/player/dashjs/index.html (128)
[155:155:0111/131702.215689:INFO:CONSOLE(128)] "currentLatencynow: 18.396", source: file:///home/seluser/ppt/player/dashjs/index.html (128)
[155:155:0111/131703.215756:INFO:CONSOLE(128)] "currentLatencynow: 18.297", source: file:///home/seluser/ppt/player/dashjs/index.html (128)
[155:155:0111/131704.215674:INFO:CONSOLE(128)] "currentLatencynow: 18.197", source: file:///home/seluser/ppt/player/dashjs/index.html (128)
[155:155:0111/131705.215657:INFO:CONSOLE(128)] "currentLatencynow: 18.096", source: file:///home/seluser/ppt/player/dashjs/index.html (128)
[155:155:0111/131706.215758:INFO:CONSOLE(128)] "currentLatencynow: 17.997", source: file:///home/seluser/ppt/player/dashjs/index.html (128)
[155:155:0111/131707.215657:INFO:CONSOLE(128)] "currentLatencynow: 17.896", source: file:///home/seluser/ppt/player/dashjs/index.html (128)
[155:155:0111/131708.215734:INFO:CONSOLE(128)] "currentLatencynow: 17.797", source: file:///home/seluser/ppt/player/dashjs/index.html (128)
[155:155:0111/131709.215672:INFO:CONSOLE(114)] "Begin Player stistics 
", source: file:///home/seluser/ppt/player/dashjs/index.html (114)
[155:155:0111/131709.215845:INFO:CONSOLE(115)] "["stall",[["3.01","7.97",4.96]],[["12.10","12.35",0.25]],[["22.81","23.06",0.25]],[["34.20","34.45",0.25]],[["44.71","44.96",0.25]],[["60.88","61.13",0.25]],[["78.98","79.23",0.25]],[["availibleBW",[null],[null],[null],[null],[null],[null],[null],[372],[372],[372],[680],[680],[680],[783],[783],[833],[833],[987],[987],[987],[987],[987],[1110],[1234],[1358],[1358],[1358],[1605],[1605],[1730],[1730],[1730],[1853],[1976],[1976],[2225],[2225],[2224],[2225],[2225],[2225],[2378],[2378],[2533],[2679],[2679],[2832],[2831],[2811],[2811],[2964],[2964],[3110],[3256],[3256],[3256],[3430],[3430],[3430],[3430],[3576],[3576],[3576],[3884],[3884],[4042],[4074],[4053],[4073],[4073],[4213],[4213],[4355],[4355],[4525],[4525],[4680],[4680],[4680],[4844],[4998],[4998],[5152],[5152],[5290],[5293],[5173],[5173],[5187],[5139],[5232],[5232],[5513],[5513],[5667],[5667],[5873],[5925],[5925],[5919],[6075],[6225],[6225],[6368],[6526],[6526],[6527],[6527],[6520],[6520],[6538],[6693],[6693],[6822],[6822],[6987],[7138],[7138],[7134]]],[["currentBuffer",[0],[0],[0],[0],[0],[0],[0],[0.447],[0],[0],[0],[0],[0],[0.951],[0],[0.975],[0],[0.977],[0],[0],[0],[0],[0],[0.402],[1.406],[0.355],[0],[0.406],[0],[0.408],[0],[0],[0],[1.029],[0.211],[1.212],[0.198],[1.213],[2.102],[1.132],[0.038],[0],[0],[0],[1.028],[0.094],[1.095],[2.078],[2.876],[1.883],[2.785],[1.631],[2.587],[3.322],[2.389],[1.289],[0.189],[0],[0],[0],[0],[0],[0],[1.025],[0.036],[1.038],[1.997],[2.9],[3.792],[2.702],[3.604],[2.504],[3.405],[2.306],[1.201],[0.106],[0],[0],[0],[0],[1.53],[0.431],[0],[0],[0],[2.297],[3.242],[2.24],[3.144],[4.044],[4.937],[3.846],[4.748],[3.648],[2.412],[1.448],[0.348],[1.271],[0.317],[0],[0.226],[1.24],[0.321],[1.324],[2.322],[1.221],[2.123],[1.023],[1.925],[0.825],[1.728],[2.629],[1.529],[2.431],[1.332],[2.233],[2.991],[2.035],[2.937]]],[["currentLatency",[null],[0],[6.323],[7.323],[8.323],[9.323],[10.323],[10.396],[10.38],[10.381],[10.38],[11.173],[12.173],[13.068],[13.068],[13.068],[13.068],[13.068],[13.068],[13.069],[13.068],[13.145],[14.145],[14.454],[14.455],[14.454],[14.454],[14.454],[14.455],[14.454],[14.454],[14.453],[14.453],[15.072],[15.136],[15.136],[15.136],[15.136],[15.135],[15.035],[14.959],[14.959],[14.959],[15.136],[16.026],[16.026],[16.025],[15.99],[15.89],[15.79],[15.69],[15.59],[15.49],[15.39],[15.29],[15.19],[15.107],[15.106],[15.106],[15.118],[16.118],[17.118],[18.118],[19.043],[19.117],[19.117],[19.074],[18.974],[18.874],[18.774],[18.674],[18.574],[18.474],[18.374],[18.274],[18.174],[18.167],[18.167],[19.077],[20.077],[20.432],[20.332],[20.315],[20.315],[20.315],[20.315],[20.233],[20.133],[20.033],[19.933],[19.833],[19.733],[19.632],[19.533],[19.433],[19.333],[19.233],[19.217],[19.217],[19.216],[19.217],[19.216],[19.216],[19.217],[19.197],[19.096],[18.996],[18.896],[18.796],[18.696],[18.597],[18.497],[18.396],[18.297],[18.197],[18.096],[17.997],[17.896],[17.797]]]]", source: file:///home/seluser/ppt/player/dashjs/index.html (115)
[155:155:0111/131709.215922:INFO:CONSOLE(116)] "
", source: file:///home/seluser/ppt/player/dashjs/index.html (116)
[155:155:0111/131709.215958:INFO:CONSOLE(117)] "Finish Player stistics 
", source: file:///home/seluser/ppt/player/dashjs/index.html (117)
[155:155:0111/131709.216094:INFO:CONSOLE(128)] "currentLatencynow: 17.696", source: file:///home/seluser/ppt/player/dashjs/index.html (128)
[155:155:0111/131710.215634:INFO:CONSOLE(128)] "currentLatencynow: 17.596", source: file:///home/seluser/ppt/player/dashjs/index.html (128)
[155:155:0111/131711.215527:INFO:CONSOLE(128)] "currentLatencynow: 17.496", source: file:///home/seluser/ppt/player/dashjs/index.html (128)
[155:155:0111/131712.215515:INFO:CONSOLE(128)] "currentLatencynow: 17.397", source: file:///home/seluser/ppt/player/dashjs/index.html (128)
[155:155:0111/131713.215516:INFO:CONSOLE(128)] "currentLatencynow: 17.38", source: file:///home/seluser/ppt/player/dashjs/index.html (128)
[155:155:0111/131714.215509:INFO:CONSOLE(128)] "currentLatencynow: 17.38", source: file:///home/seluser/ppt/player/dashjs/index.html (128)
[155:155:0111/131715.215498:INFO:CONSOLE(128)] "currentLatencynow: 17.38", source: file:///home/seluser/ppt/player/dashjs/index.html (128)
[155:155:0111/131716.215468:INFO:CONSOLE(128)] "currentLatencynow: 17.38", source: file:///home/seluser/ppt/player/dashjs/index.html (128)
[155:155:0111/131717.215498:INFO:CONSOLE(128)] "currentLatencynow: 17.295", source: file:///home/seluser/ppt/player/dashjs/index.html (128)
[155:155:0111/131718.215512:INFO:CONSOLE(128)] "currentLatencynow: 17.196", source: file:///home/seluser/ppt/player/dashjs/index.html (128)
[155:155:0111/131719.215488:INFO:CONSOLE(128)] "currentLatencynow: 17.095", source: file:///home/seluser/ppt/player/dashjs/index.html (128)
[155:155:0111/131720.215476:INFO:CONSOLE(128)] "currentLatencynow: 16.995", source: file:///home/seluser/ppt/player/dashjs/index.html (128)
[155:155:0111/131721.215480:INFO:CONSOLE(128)] "currentLatencynow: 16.895", source: file:///home/seluser/ppt/player/dashjs/index.html (128)
[155:155:0111/131722.215508:INFO:CONSOLE(128)] "currentLatencynow: 16.934", source: file:///home/seluser/ppt/player/dashjs/index.html (128)
[155:155:0111/131723.215527:INFO:CONSOLE(128)] "currentLatencynow: 17.934", source: file:///home/seluser/ppt/player/dashjs/index.html (128)
[155:155:0111/131724.215526:INFO:CONSOLE(128)] "currentLatencynow: 18.934", source: file:///home/seluser/ppt/player/dashjs/index.html (128)
[155:181:0111/131725.019408:ERROR:bus.cc(392)] Failed to connect to the bus: Address does not contain a colon
[155:181:0111/131725.019463:ERROR:bus.cc(392)] Failed to connect to the bus: Address does not contain a colon
[155:155:0111/131725.215504:INFO:CONSOLE(128)] "currentLatencynow: 19.701", source: file:///home/seluser/ppt/player/dashjs/index.html (128)
[155:155:0111/131726.215535:INFO:CONSOLE(128)] "currentLatencynow: 19.701", source: file:///home/seluser/ppt/player/dashjs/index.html (128)
[155:155:0111/131727.215421:INFO:CONSOLE(128)] "currentLatencynow: 19.92", source: file:///home/seluser/ppt/player/dashjs/index.html (128)
[155:155:0111/131728.215663:INFO:CONSOLE(128)] "currentLatencynow: 20.92", source: file:///home/seluser/ppt/player/dashjs/index.html (128)
