[155:218:0111/131505.021799:ERROR:bus.cc(392)] Failed to connect to the bus: Failed to connect to socket /var/run/dbus/system_bus_socket: No such file or directory
[155:181:0111/131505.024596:ERROR:bus.cc(392)] Failed to connect to the bus: Address does not contain a colon
[155:181:0111/131505.024645:ERROR:bus.cc(392)] Failed to connect to the bus: Address does not contain a colon
[155:181:0111/131505.042279:ERROR:bus.cc(392)] Failed to connect to the bus: Address does not contain a colon
[155:181:0111/131505.042329:ERROR:bus.cc(392)] Failed to connect to the bus: Address does not contain a colon
[224:224:0111/131505.042878:ERROR:gpu_init.cc(453)] Passthrough is not supported, GL is swiftshader, ANGLE is 
[155:181:0111/131505.089311:ERROR:bus.cc(392)] Failed to connect to the bus: Address does not contain a colon
[155:181:0111/131505.089351:ERROR:bus.cc(392)] Failed to connect to the bus: Address does not contain a colon
[155:313:0111/131505.230887:ERROR:bus.cc(392)] Failed to connect to the bus: Failed to connect to socket /var/run/dbus/system_bus_socket: No such file or directory
[155:313:0111/131505.230961:ERROR:bus.cc(392)] Failed to connect to the bus: Failed to connect to socket /var/run/dbus/system_bus_socket: No such file or directory
[155:313:0111/131505.231019:ERROR:bus.cc(392)] Failed to connect to the bus: Failed to connect to socket /var/run/dbus/system_bus_socket: No such file or directory
[155:313:0111/131505.231035:WARNING:property.cc(144)] DaemonVersion: GetAndBlock: failed.
[155:313:0111/131505.231068:ERROR:bus.cc(392)] Failed to connect to the bus: Failed to connect to socket /var/run/dbus/system_bus_socket: No such file or directory
[155:313:0111/131505.231101:ERROR:bus.cc(392)] Failed to connect to the bus: Failed to connect to socket /var/run/dbus/system_bus_socket: No such file or directory
[227:254:0111/131505.634462:WARNING:spdy_session.cc(3518)] Received HEADERS for invalid stream 1
[155:155:0111/131506.885542:INFO:CONSOLE(128)] "currentLatencynow: NaN", source: file:///home/seluser/ppt/player/dashjs/index.html (128)
[155:175:0111/131507.741767:ERROR:chrome_browser_main_extra_parts_metrics.cc(228)] crbug.com/1216328: Checking Bluetooth availability started. Please report if there is no report that this ends.
[155:175:0111/131507.741878:ERROR:chrome_browser_main_extra_parts_metrics.cc(231)] crbug.com/1216328: Checking Bluetooth availability ended.
[155:175:0111/131507.741897:ERROR:chrome_browser_main_extra_parts_metrics.cc(234)] crbug.com/1216328: Checking default browser status started. Please report if there is no report that this ends.
[155:155:0111/131507.883655:INFO:CONSOLE(128)] "currentLatencynow: 0", source: file:///home/seluser/ppt/player/dashjs/index.html (128)
[155:175:0111/131507.969105:ERROR:chrome_browser_main_extra_parts_metrics.cc(238)] crbug.com/1216328: Checking default browser status ended.
[530:530:0111/131508.379032:WARNING:audio_manager_linux.cc(69)] Falling back to ALSA for audio output. PulseAudio is not available or could not be initialized.
[530:530:0111/131508.385931:ERROR:alsa_util.cc(204)] PcmOpen: default,No such file or directory
[530:530:0111/131508.386151:ERROR:alsa_util.cc(204)] PcmOpen: plug:default,No such file or directory
[155:155:0111/131508.882328:INFO:CONSOLE(128)] "currentLatencynow: 6.33", source: file:///home/seluser/ppt/player/dashjs/index.html (128)
[155:155:0111/131509.883159:INFO:CONSOLE(128)] "currentLatencynow: 7.33", source: file:///home/seluser/ppt/player/dashjs/index.html (128)
[155:155:0111/131510.882130:INFO:CONSOLE(128)] "currentLatencynow: 8.33", source: file:///home/seluser/ppt/player/dashjs/index.html (128)
[155:155:0111/131511.881705:INFO:CONSOLE(128)] "currentLatencynow: 9.33", source: file:///home/seluser/ppt/player/dashjs/index.html (128)
[155:155:0111/131512.881569:INFO:CONSOLE(128)] "currentLatencynow: 10.33", source: file:///home/seluser/ppt/player/dashjs/index.html (128)
[155:181:0111/131513.730577:ERROR:bus.cc(392)] Failed to connect to the bus: Address does not contain a colon
[155:181:0111/131513.730619:ERROR:bus.cc(392)] Failed to connect to the bus: Address does not contain a colon
[155:181:0111/131513.730634:ERROR:bus.cc(392)] Failed to connect to the bus: Address does not contain a colon
[155:181:0111/131513.730640:ERROR:bus.cc(392)] Failed to connect to the bus: Address does not contain a colon
[155:181:0111/131513.730645:ERROR:bus.cc(392)] Failed to connect to the bus: Address does not contain a colon
[155:181:0111/131513.730650:ERROR:bus.cc(392)] Failed to connect to the bus: Address does not contain a colon
[155:181:0111/131513.730656:ERROR:bus.cc(392)] Failed to connect to the bus: Address does not contain a colon
[155:181:0111/131513.730679:ERROR:bus.cc(392)] Failed to connect to the bus: Address does not contain a colon
[155:181:0111/131513.730684:ERROR:bus.cc(392)] Failed to connect to the bus: Address does not contain a colon
[155:181:0111/131513.730691:ERROR:bus.cc(392)] Failed to connect to the bus: Address does not contain a colon
[155:181:0111/131513.730696:ERROR:bus.cc(392)] Failed to connect to the bus: Address does not contain a colon
[155:181:0111/131513.730714:ERROR:bus.cc(392)] Failed to connect to the bus: Address does not contain a colon
[155:181:0111/131513.730720:ERROR:bus.cc(392)] Failed to connect to the bus: Address does not contain a colon
[155:181:0111/131513.730737:ERROR:bus.cc(392)] Failed to connect to the bus: Address does not contain a colon
[155:181:0111/131513.734511:ERROR:bus.cc(392)] Failed to connect to the bus: Address does not contain a colon
[155:181:0111/131513.734545:ERROR:bus.cc(392)] Failed to connect to the bus: Address does not contain a colon
[155:181:0111/131513.734554:ERROR:bus.cc(392)] Failed to connect to the bus: Address does not contain a colon
[155:181:0111/131513.802391:ERROR:bus.cc(392)] Failed to connect to the bus: Address does not contain a colon
[155:181:0111/131513.802441:ERROR:bus.cc(392)] Failed to connect to the bus: Address does not contain a colon
[155:155:0111/131513.882211:INFO:CONSOLE(128)] "currentLatencynow: 11.254", source: file:///home/seluser/ppt/player/dashjs/index.html (128)
[155:155:0111/131514.881604:INFO:CONSOLE(128)] "currentLatencynow: 11.409", source: file:///home/seluser/ppt/player/dashjs/index.html (128)
[155:155:0111/131515.881658:INFO:CONSOLE(128)] "currentLatencynow: 11.409", source: file:///home/seluser/ppt/player/dashjs/index.html (128)
[155:155:0111/131516.881683:INFO:CONSOLE(128)] "currentLatencynow: 11.409", source: file:///home/seluser/ppt/player/dashjs/index.html (128)
[155:155:0111/131517.881629:INFO:CONSOLE(128)] "currentLatencynow: 11.409", source: file:///home/seluser/ppt/player/dashjs/index.html (128)
[155:155:0111/131518.881557:INFO:CONSOLE(128)] "currentLatencynow: 11.409", source: file:///home/seluser/ppt/player/dashjs/index.html (128)
[155:155:0111/131519.881610:INFO:CONSOLE(128)] "currentLatencynow: 11.409", source: file:///home/seluser/ppt/player/dashjs/index.html (128)
[155:155:0111/131520.881505:INFO:CONSOLE(128)] "currentLatencynow: 11.409", source: file:///home/seluser/ppt/player/dashjs/index.html (128)
[155:155:0111/131521.881668:INFO:CONSOLE(128)] "currentLatencynow: 11.409", source: file:///home/seluser/ppt/player/dashjs/index.html (128)
[155:155:0111/131522.881535:INFO:CONSOLE(128)] "currentLatencynow: 11.409", source: file:///home/seluser/ppt/player/dashjs/index.html (128)
[155:155:0111/131523.881631:INFO:CONSOLE(128)] "currentLatencynow: 11.7", source: file:///home/seluser/ppt/player/dashjs/index.html (128)
[155:155:0111/131524.881571:INFO:CONSOLE(128)] "currentLatencynow: 12.369", source: file:///home/seluser/ppt/player/dashjs/index.html (128)
[155:155:0111/131525.881651:INFO:CONSOLE(128)] "currentLatencynow: 12.369", source: file:///home/seluser/ppt/player/dashjs/index.html (128)
[155:155:0111/131526.881573:INFO:CONSOLE(128)] "currentLatencynow: 12.369", source: file:///home/seluser/ppt/player/dashjs/index.html (128)
[155:155:0111/131527.881575:INFO:CONSOLE(128)] "currentLatencynow: 12.369", source: file:///home/seluser/ppt/player/dashjs/index.html (128)
[155:155:0111/131528.881526:INFO:CONSOLE(128)] "currentLatencynow: 12.369", source: file:///home/seluser/ppt/player/dashjs/index.html (128)
[155:155:0111/131529.881513:INFO:CONSOLE(128)] "currentLatencynow: 12.369", source: file:///home/seluser/ppt/player/dashjs/index.html (128)
[155:155:0111/131530.881911:INFO:CONSOLE(128)] "currentLatencynow: 12.694", source: file:///home/seluser/ppt/player/dashjs/index.html (128)
[155:155:0111/131531.881576:INFO:CONSOLE(128)] "currentLatencynow: 13.694", source: file:///home/seluser/ppt/player/dashjs/index.html (128)
[155:155:0111/131532.881572:INFO:CONSOLE(128)] "currentLatencynow: 14.311", source: file:///home/seluser/ppt/player/dashjs/index.html (128)
[155:155:0111/131533.881574:INFO:CONSOLE(128)] "currentLatencynow: 14.311", source: file:///home/seluser/ppt/player/dashjs/index.html (128)
[155:155:0111/131534.881573:INFO:CONSOLE(128)] "currentLatencynow: 14.311", source: file:///home/seluser/ppt/player/dashjs/index.html (128)
[155:155:0111/131535.881571:INFO:CONSOLE(128)] "currentLatencynow: 14.417", source: file:///home/seluser/ppt/player/dashjs/index.html (128)
[155:155:0111/131536.881574:INFO:CONSOLE(128)] "currentLatencynow: 14.417", source: file:///home/seluser/ppt/player/dashjs/index.html (128)
[155:155:0111/131537.881537:INFO:CONSOLE(128)] "currentLatencynow: 14.417", source: file:///home/seluser/ppt/player/dashjs/index.html (128)
[155:155:0111/131538.881519:INFO:CONSOLE(128)] "currentLatencynow: 14.417", source: file:///home/seluser/ppt/player/dashjs/index.html (128)
[155:155:0111/131539.881562:INFO:CONSOLE(128)] "currentLatencynow: 14.417", source: file:///home/seluser/ppt/player/dashjs/index.html (128)
[155:155:0111/131540.881608:INFO:CONSOLE(128)] "currentLatencynow: 14.417", source: file:///home/seluser/ppt/player/dashjs/index.html (128)
[155:155:0111/131541.880553:INFO:CONSOLE(128)] "currentLatencynow: 14.416", source: file:///home/seluser/ppt/player/dashjs/index.html (128)
[155:155:0111/131542.880436:INFO:CONSOLE(128)] "currentLatencynow: 14.691", source: file:///home/seluser/ppt/player/dashjs/index.html (128)
[155:155:0111/131543.880565:INFO:CONSOLE(128)] "currentLatencynow: 15.056", source: file:///home/seluser/ppt/player/dashjs/index.html (128)
[155:155:0111/131544.880573:INFO:CONSOLE(128)] "currentLatencynow: 15.056", source: file:///home/seluser/ppt/player/dashjs/index.html (128)
[155:155:0111/131545.880473:INFO:CONSOLE(128)] "currentLatencynow: 15.056", source: file:///home/seluser/ppt/player/dashjs/index.html (128)
[155:155:0111/131546.880592:INFO:CONSOLE(128)] "currentLatencynow: 15.056", source: file:///home/seluser/ppt/player/dashjs/index.html (128)
[155:155:0111/131547.880496:INFO:CONSOLE(128)] "currentLatencynow: 15.056", source: file:///home/seluser/ppt/player/dashjs/index.html (128)
[155:155:0111/131548.880538:INFO:CONSOLE(128)] "currentLatencynow: 14.986", source: file:///home/seluser/ppt/player/dashjs/index.html (128)
[155:155:0111/131549.880586:INFO:CONSOLE(128)] "currentLatencynow: 14.886", source: file:///home/seluser/ppt/player/dashjs/index.html (128)
[155:155:0111/131550.880487:INFO:CONSOLE(128)] "currentLatencynow: 14.785", source: file:///home/seluser/ppt/player/dashjs/index.html (128)
[155:155:0111/131551.880473:INFO:CONSOLE(128)] "currentLatencynow: 14.694", source: file:///home/seluser/ppt/player/dashjs/index.html (128)
[155:155:0111/131552.880547:INFO:CONSOLE(128)] "currentLatencynow: 14.694", source: file:///home/seluser/ppt/player/dashjs/index.html (128)
[155:155:0111/131553.880452:INFO:CONSOLE(128)] "currentLatencynow: 14.694", source: file:///home/seluser/ppt/player/dashjs/index.html (128)
[155:155:0111/131554.880534:INFO:CONSOLE(128)] "currentLatencynow: 14.695", source: file:///home/seluser/ppt/player/dashjs/index.html (128)
[155:155:0111/131555.880680:INFO:CONSOLE(128)] "currentLatencynow: 15.355", source: file:///home/seluser/ppt/player/dashjs/index.html (128)
[155:155:0111/131556.880454:INFO:CONSOLE(128)] "currentLatencynow: 15.355", source: file:///home/seluser/ppt/player/dashjs/index.html (128)
[155:155:0111/131557.880436:INFO:CONSOLE(128)] "currentLatencynow: 15.355", source: file:///home/seluser/ppt/player/dashjs/index.html (128)
[155:155:0111/131558.881835:INFO:CONSOLE(128)] "currentLatencynow: 15.312", source: file:///home/seluser/ppt/player/dashjs/index.html (128)
[155:155:0111/131559.880479:INFO:CONSOLE(128)] "currentLatencynow: 15.213", source: file:///home/seluser/ppt/player/dashjs/index.html (128)
[155:155:0111/131600.880469:INFO:CONSOLE(128)] "currentLatencynow: 15.112", source: file:///home/seluser/ppt/player/dashjs/index.html (128)
[155:155:0111/131601.882003:INFO:CONSOLE(128)] "currentLatencynow: 15.013", source: file:///home/seluser/ppt/player/dashjs/index.html (128)
[155:155:0111/131602.880815:INFO:CONSOLE(128)] "currentLatencynow: 14.912", source: file:///home/seluser/ppt/player/dashjs/index.html (128)
[155:155:0111/131603.880540:INFO:CONSOLE(128)] "currentLatencynow: 14.812", source: file:///home/seluser/ppt/player/dashjs/index.html (128)
[155:155:0111/131604.880462:INFO:CONSOLE(128)] "currentLatencynow: 14.712", source: file:///home/seluser/ppt/player/dashjs/index.html (128)
[155:155:0111/131605.880516:INFO:CONSOLE(128)] "currentLatencynow: 14.612", source: file:///home/seluser/ppt/player/dashjs/index.html (128)
[155:155:0111/131606.880439:INFO:CONSOLE(128)] "currentLatencynow: 14.512", source: file:///home/seluser/ppt/player/dashjs/index.html (128)
[155:155:0111/131607.880420:INFO:CONSOLE(128)] "currentLatencynow: 14.429", source: file:///home/seluser/ppt/player/dashjs/index.html (128)
[155:155:0111/131608.880441:INFO:CONSOLE(128)] "currentLatencynow: 14.429", source: file:///home/seluser/ppt/player/dashjs/index.html (128)
[155:155:0111/131609.880465:INFO:CONSOLE(128)] "currentLatencynow: 14.654", source: file:///home/seluser/ppt/player/dashjs/index.html (128)
[155:155:0111/131610.880419:INFO:CONSOLE(128)] "currentLatencynow: 15.654", source: file:///home/seluser/ppt/player/dashjs/index.html (128)
[155:155:0111/131611.880595:INFO:CONSOLE(128)] "currentLatencynow: 16.654", source: file:///home/seluser/ppt/player/dashjs/index.html (128)
[155:155:0111/131612.880520:INFO:CONSOLE(128)] "currentLatencynow: 17.654", source: file:///home/seluser/ppt/player/dashjs/index.html (128)
[155:155:0111/131613.880623:INFO:CONSOLE(128)] "currentLatencynow: 18.654", source: file:///home/seluser/ppt/player/dashjs/index.html (128)
[155:155:0111/131614.880568:INFO:CONSOLE(128)] "currentLatencynow: 19.654", source: file:///home/seluser/ppt/player/dashjs/index.html (128)
[155:155:0111/131615.880578:INFO:CONSOLE(128)] "currentLatencynow: 20.654", source: file:///home/seluser/ppt/player/dashjs/index.html (128)
[155:181:0111/131615.981344:ERROR:bus.cc(392)] Failed to connect to the bus: Address does not contain a colon
[155:181:0111/131616.013442:ERROR:bus.cc(392)] Failed to connect to the bus: Address does not contain a colon
[155:155:0111/131616.880802:INFO:CONSOLE(128)] "currentLatencynow: 20.641", source: file:///home/seluser/ppt/player/dashjs/index.html (128)
[155:155:0111/131617.880511:INFO:CONSOLE(128)] "currentLatencynow: 20.541", source: file:///home/seluser/ppt/player/dashjs/index.html (128)
[155:155:0111/131618.880519:INFO:CONSOLE(128)] "currentLatencynow: 20.441", source: file:///home/seluser/ppt/player/dashjs/index.html (128)
[155:155:0111/131620.273135:INFO:CONSOLE(128)] "currentLatencynow: 20.341", source: file:///home/seluser/ppt/player/dashjs/index.html (128)
[155:155:0111/131620.880569:INFO:CONSOLE(128)] "currentLatencynow: 20.241", source: file:///home/seluser/ppt/player/dashjs/index.html (128)
[155:155:0111/131621.880454:INFO:CONSOLE(128)] "currentLatencynow: 20.141", source: file:///home/seluser/ppt/player/dashjs/index.html (128)
[155:155:0111/131622.880720:INFO:CONSOLE(128)] "currentLatencynow: 20.041", source: file:///home/seluser/ppt/player/dashjs/index.html (128)
[155:155:0111/131623.880546:INFO:CONSOLE(128)] "currentLatencynow: 19.941", source: file:///home/seluser/ppt/player/dashjs/index.html (128)
[155:155:0111/131624.880469:INFO:CONSOLE(128)] "currentLatencynow: 19.841", source: file:///home/seluser/ppt/player/dashjs/index.html (128)
[155:155:0111/131625.880856:INFO:CONSOLE(128)] "currentLatencynow: 19.74", source: file:///home/seluser/ppt/player/dashjs/index.html (128)
[155:155:0111/131626.880422:INFO:CONSOLE(128)] "currentLatencynow: 19.657", source: file:///home/seluser/ppt/player/dashjs/index.html (128)
[155:155:0111/131627.880488:INFO:CONSOLE(128)] "currentLatencynow: 19.657", source: file:///home/seluser/ppt/player/dashjs/index.html (128)
[155:155:0111/131628.880535:INFO:CONSOLE(128)] "currentLatencynow: 19.657", source: file:///home/seluser/ppt/player/dashjs/index.html (128)
[155:155:0111/131629.880532:INFO:CONSOLE(128)] "currentLatencynow: 19.657", source: file:///home/seluser/ppt/player/dashjs/index.html (128)
[155:155:0111/131630.880460:INFO:CONSOLE(128)] "currentLatencynow: 20.65", source: file:///home/seluser/ppt/player/dashjs/index.html (128)
[155:155:0111/131631.880535:INFO:CONSOLE(128)] "currentLatencynow: 21.65", source: file:///home/seluser/ppt/player/dashjs/index.html (128)
[155:181:0111/131632.289391:ERROR:bus.cc(392)] Failed to connect to the bus: Address does not contain a colon
[155:181:0111/131632.289450:ERROR:bus.cc(392)] Failed to connect to the bus: Address does not contain a colon
[155:155:0111/131632.880651:INFO:CONSOLE(128)] "currentLatencynow: 21.961", source: file:///home/seluser/ppt/player/dashjs/index.html (128)
[155:155:0111/131633.880506:INFO:CONSOLE(128)] "currentLatencynow: 21.961", source: file:///home/seluser/ppt/player/dashjs/index.html (128)
[155:155:0111/131634.880511:INFO:CONSOLE(128)] "currentLatencynow: 21.961", source: file:///home/seluser/ppt/player/dashjs/index.html (128)
[155:155:0111/131635.880475:INFO:CONSOLE(128)] "currentLatencynow: 21.961", source: file:///home/seluser/ppt/player/dashjs/index.html (128)
[155:155:0111/131636.880460:INFO:CONSOLE(128)] "currentLatencynow: 21.918", source: file:///home/seluser/ppt/player/dashjs/index.html (128)
[155:155:0111/131637.880806:INFO:CONSOLE(128)] "currentLatencynow: 21.818", source: file:///home/seluser/ppt/player/dashjs/index.html (128)
[155:155:0111/131638.880478:INFO:CONSOLE(128)] "currentLatencynow: 21.718", source: file:///home/seluser/ppt/player/dashjs/index.html (128)
[155:155:0111/131639.880505:INFO:CONSOLE(128)] "currentLatencynow: 21.618", source: file:///home/seluser/ppt/player/dashjs/index.html (128)
[155:155:0111/131640.880496:INFO:CONSOLE(128)] "currentLatencynow: 21.534", source: file:///home/seluser/ppt/player/dashjs/index.html (128)
[155:155:0111/131641.880109:INFO:CONSOLE(128)] "currentLatencynow: 21.533", source: file:///home/seluser/ppt/player/dashjs/index.html (128)
[155:155:0111/131642.880102:INFO:CONSOLE(128)] "currentLatencynow: 21.533", source: file:///home/seluser/ppt/player/dashjs/index.html (128)
[155:155:0111/131643.880055:INFO:CONSOLE(128)] "currentLatencynow: 21.533", source: file:///home/seluser/ppt/player/dashjs/index.html (128)
[155:155:0111/131644.880044:INFO:CONSOLE(128)] "currentLatencynow: 21.533", source: file:///home/seluser/ppt/player/dashjs/index.html (128)
[155:155:0111/131645.880088:INFO:CONSOLE(128)] "currentLatencynow: 21.533", source: file:///home/seluser/ppt/player/dashjs/index.html (128)
[155:155:0111/131646.880005:INFO:CONSOLE(128)] "currentLatencynow: 21.442", source: file:///home/seluser/ppt/player/dashjs/index.html (128)
[155:155:0111/131647.880044:INFO:CONSOLE(128)] "currentLatencynow: 21.342", source: file:///home/seluser/ppt/player/dashjs/index.html (128)
[155:155:0111/131648.880131:INFO:CONSOLE(128)] "currentLatencynow: 21.241", source: file:///home/seluser/ppt/player/dashjs/index.html (128)
[155:155:0111/131649.880037:INFO:CONSOLE(128)] "currentLatencynow: 21.142", source: file:///home/seluser/ppt/player/dashjs/index.html (128)
[155:155:0111/131650.880330:INFO:CONSOLE(128)] "currentLatencynow: 21.042", source: file:///home/seluser/ppt/player/dashjs/index.html (128)
[155:155:0111/131651.880189:INFO:CONSOLE(128)] "currentLatencynow: 20.942", source: file:///home/seluser/ppt/player/dashjs/index.html (128)
[155:155:0111/131652.880010:INFO:CONSOLE(128)] "currentLatencynow: 20.908", source: file:///home/seluser/ppt/player/dashjs/index.html (128)
[155:155:0111/131653.879987:INFO:CONSOLE(128)] "currentLatencynow: 20.908", source: file:///home/seluser/ppt/player/dashjs/index.html (128)
[155:155:0111/131654.879931:INFO:CONSOLE(128)] "currentLatencynow: 20.908", source: file:///home/seluser/ppt/player/dashjs/index.html (128)
[155:155:0111/131655.880082:INFO:CONSOLE(128)] "currentLatencynow: 21.619", source: file:///home/seluser/ppt/player/dashjs/index.html (128)
[155:155:0111/131656.880004:INFO:CONSOLE(128)] "currentLatencynow: 21.804", source: file:///home/seluser/ppt/player/dashjs/index.html (128)
[155:155:0111/131657.880070:INFO:CONSOLE(128)] "currentLatencynow: 21.805", source: file:///home/seluser/ppt/player/dashjs/index.html (128)
[155:155:0111/131658.880079:INFO:CONSOLE(128)] "currentLatencynow: 21.804", source: file:///home/seluser/ppt/player/dashjs/index.html (128)
[155:155:0111/131659.880073:INFO:CONSOLE(128)] "currentLatencynow: 21.804", source: file:///home/seluser/ppt/player/dashjs/index.html (128)
[155:155:0111/131700.880044:INFO:CONSOLE(128)] "currentLatencynow: 21.804", source: file:///home/seluser/ppt/player/dashjs/index.html (128)
[155:155:0111/131701.880131:INFO:CONSOLE(128)] "currentLatencynow: 21.716", source: file:///home/seluser/ppt/player/dashjs/index.html (128)
[155:155:0111/131702.880062:INFO:CONSOLE(128)] "currentLatencynow: 21.616", source: file:///home/seluser/ppt/player/dashjs/index.html (128)
[155:155:0111/131703.880204:INFO:CONSOLE(128)] "currentLatencynow: 21.516", source: file:///home/seluser/ppt/player/dashjs/index.html (128)
[155:155:0111/131704.880152:INFO:CONSOLE(128)] "currentLatencynow: 21.416", source: file:///home/seluser/ppt/player/dashjs/index.html (128)
[155:155:0111/131705.880055:INFO:CONSOLE(114)] "Begin Player stistics 
", source: file:///home/seluser/ppt/player/dashjs/index.html (114)
[155:155:0111/131705.880237:INFO:CONSOLE(115)] "["stall",[["2.88","8.30",5.420000000000001]],[["8.95","9.20",0.25]],[["18.16","18.41",0.25]],[["25.12","25.37",0.25]],[["30.03","30.28",0.25]],[["37.17","37.42",0.25]],[["49.46","49.71",0.25]],[["64.22","64.47",0.25]],[["84.46","84.71",0.25]],[["109.74","109.99",0.25]],[["availibleBW",[null],[null],[null],[null],[null],[null],[null],[372],[372],[680],[680],[783],[783],[834],[834],[834],[834],[988],[988],[988],[1112],[1112],[1112],[1112],[1112],[1235],[1358],[1358],[1358],[1606],[1606],[1729],[1852],[1852],[1852],[1977],[1977],[2224],[2224],[2221],[2375],[2526],[2526],[2684],[2684],[2684],[2839],[2839],[2839],[2836],[2985],[2985],[3134],[3289],[3289],[3446],[3444],[3444],[3442],[3442],[3442],[3442],[3593],[3593],[3593],[3593],[3593],[3593],[3752],[3927],[4214],[4369],[4495],[4623],[4623],[4635],[4635],[4635],[4635],[4637],[4637],[4637],[4637],[4816],[4960],[5121],[5268],[5268],[5264],[5283],[5443],[5595],[5595],[5595],[5750],[5903],[5901],[5915],[5912],[5914],[6073],[6073],[6221],[6221],[6376],[6376],[6376],[6522],[6522],[6482],[6483],[6483],[6641],[6800],[6800],[6994],[7145],[7142],[7142]]],[["currentBuffer",[0],[0],[0],[0],[0],[0],[0],[0.637],[0],[0.859],[0],[0.97],[0],[0.73],[0],[0],[0],[0],[0.726],[0],[0.729],[0],[0],[0],[0],[0],[0.691],[0],[0],[0],[0],[0],[0.853],[0],[0],[0],[0],[0.415],[0],[0.417],[1.419],[2.404],[1.352],[2.255],[1.155],[0.061],[0],[0],[0],[0.941],[1.871],[0.945],[1.928],[2.681],[1.73],[2.632],[3.534],[2.434],[3.299],[2.144],[1.136],[0.036],[0],[0],[0],[0],[0],[0],[0],[0.014],[1.25],[2.152],[3.054],[3.957],[4.858],[5.577],[4.659],[3.56],[2.46],[1.36],[0.26],[0],[0],[0],[0],[0],[0.58],[0],[0.447],[1.584],[2.568],[3.47],[2.283],[1.268],[0.073],[0],[0],[0.93],[1.964],[3.09],[3.976],[2.91],[3.907],[2.602],[1.448],[0.607],[0],[0],[0],[0],[0.416],[0],[0.418],[1.42],[0.42],[1.356],[2.144],[2.991],[2.061]]],[["currentLatency",[null],[0],[6.33],[7.33],[8.33],[9.33],[10.33],[11.254],[11.409],[11.409],[11.409],[11.409],[11.409],[11.409],[11.409],[11.409],[11.409],[11.7],[12.369],[12.369],[12.369],[12.369],[12.369],[12.369],[12.694],[13.694],[14.311],[14.311],[14.311],[14.417],[14.417],[14.417],[14.417],[14.417],[14.417],[14.416],[14.691],[15.056],[15.056],[15.056],[15.056],[15.056],[14.986],[14.886],[14.785],[14.694],[14.694],[14.694],[14.695],[15.355],[15.355],[15.355],[15.312],[15.213],[15.112],[15.013],[14.912],[14.812],[14.712],[14.612],[14.512],[14.429],[14.429],[14.654],[15.654],[16.654],[17.654],[18.654],[19.654],[20.654],[20.641],[20.541],[20.441],[20.341],[20.241],[20.141],[20.041],[19.941],[19.841],[19.74],[19.657],[19.657],[19.657],[19.657],[20.65],[21.65],[21.961],[21.961],[21.961],[21.961],[21.918],[21.818],[21.718],[21.618],[21.534],[21.533],[21.533],[21.533],[21.533],[21.533],[21.442],[21.342],[21.241],[21.142],[21.042],[20.942],[20.908],[20.908],[20.908],[21.619],[21.804],[21.805],[21.804],[21.804],[21.804],[21.716],[21.616],[21.516],[21.416]]]]", source: file:///home/seluser/ppt/player/dashjs/index.html (115)
[155:155:0111/131705.880361:INFO:CONSOLE(116)] "
", source: file:///home/seluser/ppt/player/dashjs/index.html (116)
[155:155:0111/131705.880395:INFO:CONSOLE(117)] "Finish Player stistics 
", source: file:///home/seluser/ppt/player/dashjs/index.html (117)
[155:155:0111/131705.880452:INFO:CONSOLE(128)] "currentLatencynow: 21.317", source: file:///home/seluser/ppt/player/dashjs/index.html (128)
[155:155:0111/131706.880053:INFO:CONSOLE(128)] "currentLatencynow: 21.256", source: file:///home/seluser/ppt/player/dashjs/index.html (128)
[155:155:0111/131707.880054:INFO:CONSOLE(128)] "currentLatencynow: 21.256", source: file:///home/seluser/ppt/player/dashjs/index.html (128)
[155:155:0111/131708.880080:INFO:CONSOLE(128)] "currentLatencynow: 21.256", source: file:///home/seluser/ppt/player/dashjs/index.html (128)
[155:155:0111/131709.880066:INFO:CONSOLE(128)] "currentLatencynow: 21.256", source: file:///home/seluser/ppt/player/dashjs/index.html (128)
[155:155:0111/131710.880112:INFO:CONSOLE(128)] "currentLatencynow: 21.256", source: file:///home/seluser/ppt/player/dashjs/index.html (128)
[155:155:0111/131711.879913:INFO:CONSOLE(128)] "currentLatencynow: 21.256", source: file:///home/seluser/ppt/player/dashjs/index.html (128)
[155:155:0111/131712.879854:INFO:CONSOLE(128)] "currentLatencynow: 21.218", source: file:///home/seluser/ppt/player/dashjs/index.html (128)
[155:155:0111/131713.879926:INFO:CONSOLE(128)] "currentLatencynow: 21.118", source: file:///home/seluser/ppt/player/dashjs/index.html (128)
[155:155:0111/131714.879891:INFO:CONSOLE(128)] "currentLatencynow: 21.018", source: file:///home/seluser/ppt/player/dashjs/index.html (128)
[155:155:0111/131715.879920:INFO:CONSOLE(128)] "currentLatencynow: 20.918", source: file:///home/seluser/ppt/player/dashjs/index.html (128)
[155:155:0111/131716.879876:INFO:CONSOLE(128)] "currentLatencynow: 20.818", source: file:///home/seluser/ppt/player/dashjs/index.html (128)
[155:155:0111/131717.879838:INFO:CONSOLE(128)] "currentLatencynow: 20.718", source: file:///home/seluser/ppt/player/dashjs/index.html (128)
[155:155:0111/131718.879866:INFO:CONSOLE(128)] "currentLatencynow: 20.707", source: file:///home/seluser/ppt/player/dashjs/index.html (128)
[155:155:0111/131719.879875:INFO:CONSOLE(128)] "currentLatencynow: 20.707", source: file:///home/seluser/ppt/player/dashjs/index.html (128)
[155:155:0111/131720.879842:INFO:CONSOLE(128)] "currentLatencynow: 21.49", source: file:///home/seluser/ppt/player/dashjs/index.html (128)
[155:155:0111/131721.879825:INFO:CONSOLE(128)] "currentLatencynow: 22.49", source: file:///home/seluser/ppt/player/dashjs/index.html (128)
[155:155:0111/131722.879779:INFO:CONSOLE(128)] "currentLatencynow: 23.49", source: file:///home/seluser/ppt/player/dashjs/index.html (128)
[155:155:0111/131723.879834:INFO:CONSOLE(128)] "currentLatencynow: 24.49", source: file:///home/seluser/ppt/player/dashjs/index.html (128)
[155:155:0111/131724.879846:INFO:CONSOLE(128)] "currentLatencynow: 25.49", source: file:///home/seluser/ppt/player/dashjs/index.html (128)
[155:155:0111/131725.879835:INFO:CONSOLE(128)] "currentLatencynow: 26.49", source: file:///home/seluser/ppt/player/dashjs/index.html (128)
[155:155:0111/131726.023677:WARNING:pref_notifier_impl.cc(40)] Pref observer for media_router.cast_allow_all_ips found at shutdown.
