[229:293:0130/112649.332022:ERROR:bus.cc(392)] Failed to connect to the bus: Failed to connect to socket /var/run/dbus/system_bus_socket: No such file or directory
[229:256:0130/112649.334223:ERROR:bus.cc(392)] Failed to connect to the bus: Address does not contain a colon
[229:256:0130/112649.334810:ERROR:bus.cc(392)] Failed to connect to the bus: Address does not contain a colon
[229:256:0130/112649.346218:ERROR:bus.cc(392)] Failed to connect to the bus: Address does not contain a colon
[229:256:0130/112649.346260:ERROR:bus.cc(392)] Failed to connect to the bus: Address does not contain a colon
[299:299:0130/112649.348581:ERROR:gpu_init.cc(453)] Passthrough is not supported, GL is swiftshader, ANGLE is 
[229:256:0130/112649.370327:ERROR:bus.cc(392)] Failed to connect to the bus: Address does not contain a colon
[229:256:0130/112649.370369:ERROR:bus.cc(392)] Failed to connect to the bus: Address does not contain a colon
[229:396:0130/112649.487998:ERROR:bus.cc(392)] Failed to connect to the bus: Failed to connect to socket /var/run/dbus/system_bus_socket: No such file or directory
[229:396:0130/112649.488064:ERROR:bus.cc(392)] Failed to connect to the bus: Failed to connect to socket /var/run/dbus/system_bus_socket: No such file or directory
[229:396:0130/112649.488115:ERROR:bus.cc(392)] Failed to connect to the bus: Failed to connect to socket /var/run/dbus/system_bus_socket: No such file or directory
[229:396:0130/112649.488133:WARNING:property.cc(144)] DaemonVersion: GetAndBlock: failed.
[229:396:0130/112649.488165:ERROR:bus.cc(392)] Failed to connect to the bus: Failed to connect to socket /var/run/dbus/system_bus_socket: No such file or directory
[229:396:0130/112649.488206:ERROR:bus.cc(392)] Failed to connect to the bus: Failed to connect to socket /var/run/dbus/system_bus_socket: No such file or directory
[229:229:0130/112650.762775:INFO:CONSOLE(128)] "currentLatencynow: NaN", source: file:///home/seluser/ppt/player/dashjs/index.html (128)
[229:305:0130/112651.715892:ERROR:chrome_browser_main_extra_parts_metrics.cc(228)] crbug.com/1216328: Checking Bluetooth availability started. Please report if there is no report that this ends.
[229:305:0130/112651.715940:ERROR:chrome_browser_main_extra_parts_metrics.cc(231)] crbug.com/1216328: Checking Bluetooth availability ended.
[229:305:0130/112651.715953:ERROR:chrome_browser_main_extra_parts_metrics.cc(234)] crbug.com/1216328: Checking default browser status started. Please report if there is no report that this ends.
[229:229:0130/112651.766279:INFO:CONSOLE(128)] "currentLatencynow: 0", source: file:///home/seluser/ppt/player/dashjs/index.html (128)
[229:305:0130/112651.906556:ERROR:chrome_browser_main_extra_parts_metrics.cc(238)] crbug.com/1216328: Checking default browser status ended.
[229:229:0130/112652.762541:INFO:CONSOLE(128)] "currentLatencynow: 0", source: file:///home/seluser/ppt/player/dashjs/index.html (128)
[229:229:0130/112653.762540:INFO:CONSOLE(128)] "currentLatencynow: 0", source: file:///home/seluser/ppt/player/dashjs/index.html (128)
[632:632:0130/112654.574031:WARNING:audio_manager_linux.cc(69)] Falling back to ALSA for audio output. PulseAudio is not available or could not be initialized.
[632:632:0130/112654.578486:ERROR:alsa_util.cc(204)] PcmOpen: default,No such file or directory
[632:632:0130/112654.578590:ERROR:alsa_util.cc(204)] PcmOpen: plug:default,No such file or directory
[229:229:0130/112654.762623:INFO:CONSOLE(128)] "currentLatencynow: 7.472", source: file:///home/seluser/ppt/player/dashjs/index.html (128)
[229:229:0130/112655.762743:INFO:CONSOLE(128)] "currentLatencynow: 8.472", source: file:///home/seluser/ppt/player/dashjs/index.html (128)
[229:229:0130/112656.762545:INFO:CONSOLE(128)] "currentLatencynow: 9.472", source: file:///home/seluser/ppt/player/dashjs/index.html (128)
[229:229:0130/112657.762470:INFO:CONSOLE(128)] "currentLatencynow: 10.472", source: file:///home/seluser/ppt/player/dashjs/index.html (128)
[229:229:0130/112658.762561:INFO:CONSOLE(128)] "currentLatencynow: 11.472", source: file:///home/seluser/ppt/player/dashjs/index.html (128)
[229:256:0130/112658.948393:ERROR:bus.cc(392)] Failed to connect to the bus: Address does not contain a colon
[229:256:0130/112658.948481:ERROR:bus.cc(392)] Failed to connect to the bus: Address does not contain a colon
[229:256:0130/112658.948504:ERROR:bus.cc(392)] Failed to connect to the bus: Address does not contain a colon
[229:256:0130/112658.948522:ERROR:bus.cc(392)] Failed to connect to the bus: Address does not contain a colon
[229:256:0130/112658.948541:ERROR:bus.cc(392)] Failed to connect to the bus: Address does not contain a colon
[229:256:0130/112658.948561:ERROR:bus.cc(392)] Failed to connect to the bus: Address does not contain a colon
[229:256:0130/112658.948583:ERROR:bus.cc(392)] Failed to connect to the bus: Address does not contain a colon
[229:256:0130/112658.948603:ERROR:bus.cc(392)] Failed to connect to the bus: Address does not contain a colon
[229:256:0130/112658.948621:ERROR:bus.cc(392)] Failed to connect to the bus: Address does not contain a colon
[229:256:0130/112658.948641:ERROR:bus.cc(392)] Failed to connect to the bus: Address does not contain a colon
[229:256:0130/112658.948660:ERROR:bus.cc(392)] Failed to connect to the bus: Address does not contain a colon
[229:256:0130/112658.948683:ERROR:bus.cc(392)] Failed to connect to the bus: Address does not contain a colon
[229:256:0130/112658.948703:ERROR:bus.cc(392)] Failed to connect to the bus: Address does not contain a colon
[229:256:0130/112658.948721:ERROR:bus.cc(392)] Failed to connect to the bus: Address does not contain a colon
[229:256:0130/112658.949182:ERROR:bus.cc(392)] Failed to connect to the bus: Address does not contain a colon
[229:256:0130/112658.949211:ERROR:bus.cc(392)] Failed to connect to the bus: Address does not contain a colon
[229:256:0130/112658.949234:ERROR:bus.cc(392)] Failed to connect to the bus: Address does not contain a colon
[229:256:0130/112658.987582:ERROR:bus.cc(392)] Failed to connect to the bus: Address does not contain a colon
[229:256:0130/112658.987643:ERROR:bus.cc(392)] Failed to connect to the bus: Address does not contain a colon
[229:229:0130/112659.762583:INFO:CONSOLE(128)] "currentLatencynow: 11.66", source: file:///home/seluser/ppt/player/dashjs/index.html (128)
[229:229:0130/112700.762574:INFO:CONSOLE(128)] "currentLatencynow: 12.529", source: file:///home/seluser/ppt/player/dashjs/index.html (128)
[229:229:0130/112701.762505:INFO:CONSOLE(128)] "currentLatencynow: 12.809", source: file:///home/seluser/ppt/player/dashjs/index.html (128)
[229:229:0130/112702.762744:INFO:CONSOLE(128)] "currentLatencynow: 12.809", source: file:///home/seluser/ppt/player/dashjs/index.html (128)
[229:229:0130/112703.762555:INFO:CONSOLE(128)] "currentLatencynow: 13.522", source: file:///home/seluser/ppt/player/dashjs/index.html (128)
[229:229:0130/112704.762559:INFO:CONSOLE(128)] "currentLatencynow: 14.522", source: file:///home/seluser/ppt/player/dashjs/index.html (128)
[229:229:0130/112705.762448:INFO:CONSOLE(128)] "currentLatencynow: 15.522", source: file:///home/seluser/ppt/player/dashjs/index.html (128)
[229:229:0130/112706.762864:INFO:CONSOLE(128)] "currentLatencynow: 16.522", source: file:///home/seluser/ppt/player/dashjs/index.html (128)
[229:229:0130/112707.762525:INFO:CONSOLE(128)] "currentLatencynow: 17.522", source: file:///home/seluser/ppt/player/dashjs/index.html (128)
[229:229:0130/112708.762548:INFO:CONSOLE(128)] "currentLatencynow: 18.522", source: file:///home/seluser/ppt/player/dashjs/index.html (128)
[229:229:0130/112709.762503:INFO:CONSOLE(128)] "currentLatencynow: 19.522", source: file:///home/seluser/ppt/player/dashjs/index.html (128)
[229:229:0130/112710.762796:INFO:CONSOLE(128)] "currentLatencynow: 20.522", source: file:///home/seluser/ppt/player/dashjs/index.html (128)
[229:229:0130/112711.762569:INFO:CONSOLE(128)] "currentLatencynow: 21.522", source: file:///home/seluser/ppt/player/dashjs/index.html (128)
[229:229:0130/112712.762550:INFO:CONSOLE(128)] "currentLatencynow: 22.522", source: file:///home/seluser/ppt/player/dashjs/index.html (128)
[229:229:0130/112713.762524:INFO:CONSOLE(128)] "currentLatencynow: 23.522", source: file:///home/seluser/ppt/player/dashjs/index.html (128)
[229:229:0130/112714.762666:INFO:CONSOLE(128)] "currentLatencynow: 24.522", source: file:///home/seluser/ppt/player/dashjs/index.html (128)
[229:229:0130/112715.762716:INFO:CONSOLE(128)] "currentLatencynow: 25.522", source: file:///home/seluser/ppt/player/dashjs/index.html (128)
[229:229:0130/112716.762685:INFO:CONSOLE(128)] "currentLatencynow: 26.522", source: file:///home/seluser/ppt/player/dashjs/index.html (128)
[229:229:0130/112717.762621:INFO:CONSOLE(128)] "currentLatencynow: 27.522", source: file:///home/seluser/ppt/player/dashjs/index.html (128)
[229:229:0130/112718.762630:INFO:CONSOLE(128)] "currentLatencynow: 28.522", source: file:///home/seluser/ppt/player/dashjs/index.html (128)
[229:229:0130/112719.762670:INFO:CONSOLE(128)] "currentLatencynow: 29.522", source: file:///home/seluser/ppt/player/dashjs/index.html (128)
[229:229:0130/112720.762646:INFO:CONSOLE(128)] "currentLatencynow: 30.269", source: file:///home/seluser/ppt/player/dashjs/index.html (128)
[229:229:0130/112721.762483:INFO:CONSOLE(128)] "currentLatencynow: 31.269", source: file:///home/seluser/ppt/player/dashjs/index.html (128)
[229:229:0130/112722.762492:INFO:CONSOLE(128)] "currentLatencynow: 32.269", source: file:///home/seluser/ppt/player/dashjs/index.html (128)
[229:229:0130/112723.762558:INFO:CONSOLE(128)] "currentLatencynow: 33.269", source: file:///home/seluser/ppt/player/dashjs/index.html (128)
[229:229:0130/112724.762536:INFO:CONSOLE(128)] "currentLatencynow: 34.269", source: file:///home/seluser/ppt/player/dashjs/index.html (128)
[229:229:0130/112725.762557:INFO:CONSOLE(128)] "currentLatencynow: 35.269", source: file:///home/seluser/ppt/player/dashjs/index.html (128)
[229:229:0130/112726.762470:INFO:CONSOLE(128)] "currentLatencynow: 36.269", source: file:///home/seluser/ppt/player/dashjs/index.html (128)
[229:229:0130/112727.762467:INFO:CONSOLE(128)] "currentLatencynow: 37.269", source: file:///home/seluser/ppt/player/dashjs/index.html (128)
[229:229:0130/112728.762439:INFO:CONSOLE(128)] "currentLatencynow: 38.269", source: file:///home/seluser/ppt/player/dashjs/index.html (128)
[229:229:0130/112729.762476:INFO:CONSOLE(128)] "currentLatencynow: 39.269", source: file:///home/seluser/ppt/player/dashjs/index.html (128)
[229:229:0130/112730.762436:INFO:CONSOLE(128)] "currentLatencynow: 40.269", source: file:///home/seluser/ppt/player/dashjs/index.html (128)
[229:229:0130/112731.762397:INFO:CONSOLE(128)] "currentLatencynow: 41.269", source: file:///home/seluser/ppt/player/dashjs/index.html (128)
[229:229:0130/112732.762520:INFO:CONSOLE(128)] "currentLatencynow: 42.269", source: file:///home/seluser/ppt/player/dashjs/index.html (128)
[229:229:0130/112733.762512:INFO:CONSOLE(128)] "currentLatencynow: 43.269", source: file:///home/seluser/ppt/player/dashjs/index.html (128)
[229:229:0130/112734.762460:INFO:CONSOLE(128)] "currentLatencynow: 44.269", source: file:///home/seluser/ppt/player/dashjs/index.html (128)
[229:229:0130/112735.762471:INFO:CONSOLE(128)] "currentLatencynow: 45.269", source: file:///home/seluser/ppt/player/dashjs/index.html (128)
[229:229:0130/112736.762570:INFO:CONSOLE(128)] "currentLatencynow: 46.269", source: file:///home/seluser/ppt/player/dashjs/index.html (128)
[229:229:0130/112737.762494:INFO:CONSOLE(128)] "currentLatencynow: 47.269", source: file:///home/seluser/ppt/player/dashjs/index.html (128)
[229:229:0130/112738.762601:INFO:CONSOLE(128)] "currentLatencynow: 48.269", source: file:///home/seluser/ppt/player/dashjs/index.html (128)
[229:229:0130/112739.762614:INFO:CONSOLE(128)] "currentLatencynow: 49.269", source: file:///home/seluser/ppt/player/dashjs/index.html (128)
[300:341:0130/112740.506655:ERROR:simple_index_file.cc(310)] Failed to write the temporary index file
[229:229:0130/112740.762599:INFO:CONSOLE(128)] "currentLatencynow: 50.269", source: file:///home/seluser/ppt/player/dashjs/index.html (128)
[229:229:0130/112741.762581:INFO:CONSOLE(128)] "currentLatencynow: 51.269", source: file:///home/seluser[229:229:0130/112947.762344:INFO:CONSOLE(128)] "currentLatencynow: 177.269", source: file:///home/seluser/ppt/player/dashjs/index.html (128)
[229:229:0130/112948.762435:INFO:CONSOLE(128)] "currentLatencynow: 178.269", source: file:///home/seluser/ppt/player/dashjs/index.html (128)
[229:229:0130/112949.762474:INFO:CONSOLE(128)] "currentLatencynow: 179.269", source: file:///home/seluser/ppt/player/dashjs/index.html (128)
[229:321:0130/112949.952036:ERROR:database.cc(1761)] History SQLite error: code 1 errno 0: cannot commit - no transaction is active sql: COMMIT
[229:229:0130/112949.969113:WARNING:pref_notifier_impl.cc(40)] Pref observer for media_router.cast_allow_all_ips found at shutdown.
