[157:221:1129/150624.805650:ERROR:bus.cc(392)] Failed to connect to the bus: Failed to connect to socket /var/run/dbus/system_bus_socket: No such file or directory
[157:184:1129/150624.809230:ERROR:bus.cc(392)] Failed to connect to the bus: Address does not contain a colon
[157:184:1129/150624.809291:ERROR:bus.cc(392)] Failed to connect to the bus: Address does not contain a colon
[225:225:1129/150624.833033:ERROR:gpu_init.cc(453)] Passthrough is not supported, GL is swiftshader, ANGLE is 
[157:184:1129/150624.852422:ERROR:bus.cc(392)] Failed to connect to the bus: Address does not contain a colon
[157:184:1129/150624.852483:ERROR:bus.cc(392)] Failed to connect to the bus: Address does not contain a colon
[157:184:1129/150624.910443:ERROR:bus.cc(392)] Failed to connect to the bus: Address does not contain a colon
[157:184:1129/150624.910504:ERROR:bus.cc(392)] Failed to connect to the bus: Address does not contain a colon
[157:317:1129/150625.103587:ERROR:bus.cc(392)] Failed to connect to the bus: Failed to connect to socket /var/run/dbus/system_bus_socket: No such file or directory
[157:317:1129/150625.103667:ERROR:bus.cc(392)] Failed to connect to the bus: Failed to connect to socket /var/run/dbus/system_bus_socket: No such file or directory
[157:317:1129/150625.103840:ERROR:bus.cc(392)] Failed to connect to the bus: Failed to connect to socket /var/run/dbus/system_bus_socket: No such file or directory
[157:317:1129/150625.103863:WARNING:property.cc(144)] DaemonVersion: GetAndBlock: failed.
[157:317:1129/150625.103896:ERROR:bus.cc(392)] Failed to connect to the bus: Failed to connect to socket /var/run/dbus/system_bus_socket: No such file or directory
[157:317:1129/150625.104518:ERROR:bus.cc(392)] Failed to connect to the bus: Failed to connect to socket /var/run/dbus/system_bus_socket: No such file or directory
[157:157:1129/150627.227524:INFO:CONSOLE(128)] "currentLatencynow: NaN", source: file:///home/seluser/ppt/player/dashjs/index.html (128)
[157:157:1129/150628.227220:INFO:CONSOLE(128)] "currentLatencynow: 0", source: file:///home/seluser/ppt/player/dashjs/index.html (128)
[157:179:1129/150628.282542:ERROR:chrome_browser_main_extra_parts_metrics.cc(228)] crbug.com/1216328: Checking Bluetooth availability started. Please report if there is no report that this ends.
[157:179:1129/150628.282675:ERROR:chrome_browser_main_extra_parts_metrics.cc(231)] crbug.com/1216328: Checking Bluetooth availability ended.
[157:179:1129/150628.282688:ERROR:chrome_browser_main_extra_parts_metrics.cc(234)] crbug.com/1216328: Checking default browser status started. Please report if there is no report that this ends.
[157:179:1129/150628.541189:ERROR:chrome_browser_main_extra_parts_metrics.cc(238)] crbug.com/1216328: Checking default browser status ended.
[545:545:1129/150628.994875:WARNING:audio_manager_linux.cc(69)] Falling back to ALSA for audio output. PulseAudio is not available or could not be initialized.
[545:545:1129/150629.004000:ERROR:alsa_util.cc(204)] PcmOpen: default,No such file or directory
[545:545:1129/150629.004092:ERROR:alsa_util.cc(204)] PcmOpen: plug:default,No such file or directory
[157:157:1129/150629.238381:INFO:CONSOLE(128)] "currentLatencynow: 6.332", source: file:///home/seluser/ppt/player/dashjs/index.html (128)
[157:157:1129/150630.227460:INFO:CONSOLE(128)] "currentLatencynow: 7.327", source: file:///home/seluser/ppt/player/dashjs/index.html (128)
[157:184:1129/150631.223778:ERROR:bus.cc(392)] Failed to connect to the bus: Address does not contain a colon
[157:184:1129/150631.224075:ERROR:bus.cc(392)] Failed to connect to the bus: Address does not contain a colon
[157:184:1129/150631.224097:ERROR:bus.cc(392)] Failed to connect to the bus: Address does not contain a colon
[157:184:1129/150631.224118:ERROR:bus.cc(392)] Failed to connect to the bus: Address does not contain a colon
[157:184:1129/150631.224141:ERROR:bus.cc(392)] Failed to connect to the bus: Address does not contain a colon
[157:184:1129/150631.224162:ERROR:bus.cc(392)] Failed to connect to the bus: Address does not contain a colon
[157:184:1129/150631.224209:ERROR:bus.cc(392)] Failed to connect to the bus: Address does not contain a colon
[157:184:1129/150631.224248:ERROR:bus.cc(392)] Failed to connect to the bus: Address does not contain a colon
[157:184:1129/150631.224269:ERROR:bus.cc(392)] Failed to connect to the bus: Address does not contain a colon
[157:184:1129/150631.224333:ERROR:bus.cc(392)] Failed to connect to the bus: Address does not contain a colon
[157:184:1129/150631.224358:ERROR:bus.cc(392)] Failed to connect to the bus: Address does not contain a colon
[157:184:1129/150631.224377:ERROR:bus.cc(392)] Failed to connect to the bus: Address does not contain a colon
[157:184:1129/150631.224398:ERROR:bus.cc(392)] Failed to connect to the bus: Address does not contain a colon
[157:184:1129/150631.224414:ERROR:bus.cc(392)] Failed to connect to the bus: Address does not contain a colon
[157:157:1129/150631.227902:INFO:CONSOLE(128)] "currentLatencynow: 8.325", source: file:///home/seluser/ppt/player/dashjs/index.html (128)
[157:184:1129/150631.228102:ERROR:bus.cc(392)] Failed to connect to the bus: Address does not contain a colon
[157:184:1129/150631.228140:ERROR:bus.cc(392)] Failed to connect to the bus: Address does not contain a colon
[157:184:1129/150631.228168:ERROR:bus.cc(392)] Failed to connect to the bus: Address does not contain a colon
[157:184:1129/150631.297776:ERROR:bus.cc(392)] Failed to connect to the bus: Address does not contain a colon
[157:184:1129/150631.297817:ERROR:bus.cc(392)] Failed to connect to the bus: Address does not contain a colon
[157:157:1129/150632.227208:INFO:CONSOLE(128)] "currentLatencynow: 8.389", source: file:///home/seluser/ppt/player/dashjs/index.html (128)
[157:157:1129/150633.227615:INFO:CONSOLE(128)] "currentLatencynow: 8.389", source: file:///home/seluser/ppt/player/dashjs/index.html (128)
[157:157:1129/150634.232006:INFO:CONSOLE(128)] "currentLatencynow: 8.389", source: file:///home/seluser/ppt/player/dashjs/index.html (128)
[157:157:1129/150635.227054:INFO:CONSOLE(128)] "currentLatencynow: 8.389", source: file:///home/seluser/ppt/player/dashjs/index.html (128)
[157:157:1129/150636.227177:INFO:CONSOLE(128)] "currentLatencynow: 8.516", source: file:///home/seluser/ppt/player/dashjs/index.html (128)
[157:157:1129/150637.233558:INFO:CONSOLE(128)] "currentLatencynow: 8.922", source: file:///home/seluser/ppt/player/dashjs/index.html (128)
[157:157:1129/150638.227260:INFO:CONSOLE(128)] "currentLatencynow: 8.922", source: file:///home/seluser/ppt/player/dashjs/index.html (128)
[157:157:1129/150639.227079:INFO:CONSOLE(128)] "currentLatencynow: 8.922", source: file:///home/seluser/ppt/player/dashjs/index.html (128)
[157:157:1129/150640.227290:INFO:CONSOLE(128)] "currentLatencynow: 8.922", source: file:///home/seluser/ppt/player/dashjs/index.html (128)
[157:157:1129/150641.227003:INFO:CONSOLE(128)] "currentLatencynow: 8.922", source: file:///home/seluser/ppt/player/dashjs/index.html (128)
[157:157:1129/150642.227163:INFO:CONSOLE(128)] "currentLatencynow: 8.867", source: file:///home/seluser/ppt/player/dashjs/index.html (128)
[157:157:1129/150643.227194:INFO:CONSOLE(128)] "currentLatencynow: 8.77", source: file:///home/seluser/ppt/player/dashjs/index.html (128)
[157:157:1129/150644.227083:INFO:CONSOLE(128)] "currentLatencynow: 8.748", source: file:///home/seluser/ppt/player/dashjs/index.html (128)
[157:157:1129/150645.235553:INFO:CONSOLE(128)] "currentLatencynow: 8.747", source: file:///home/seluser/ppt/player/dashjs/index.html (128)
[157:157:1129/150646.227096:INFO:CONSOLE(128)] "currentLatencynow: 8.747", source: file:///home/seluser/ppt/player/dashjs/index.html (128)
[157:157:1129/150647.229509:INFO:CONSOLE(128)] "currentLatencynow: 8.747", source: file:///home/seluser/ppt/player/dashjs/index.html (128)
[157:157:1129/150648.227162:INFO:CONSOLE(128)] "currentLatencynow: 9.038", source: file:///home/seluser/ppt/player/dashjs/index.html (128)
[157:157:1129/150649.226951:INFO:CONSOLE(128)] "currentLatencynow: 8.938", source: file:///home/seluser/ppt/player/dashjs/index.html (128)
[157:157:1129/150650.227182:INFO:CONSOLE(128)] "currentLatencynow: 8.838", source: file:///home/seluser/ppt/player/dashjs/index.html (128)
[157:157:1129/150651.227268:INFO:CONSOLE(128)] "currentLatencynow: 8.74", source: file:///home/seluser/ppt/player/dashjs/index.html (128)
[157:157:1129/150652.228734:INFO:CONSOLE(128)] "currentLatencynow: 8.868", source: file:///home/seluser/ppt/player/dashjs/index.html (128)
[157:157:1129/150653.227002:INFO:CONSOLE(128)] "currentLatencynow: 8.768", source: file:///home/seluser/ppt/player/dashjs/index.html (128)
[157:157:1129/150654.226940:INFO:CONSOLE(128)] "currentLatencynow: 8.668", source: file:///home/seluser/ppt/player/dashjs/index.html (128)
[157:157:1129/150655.226542:INFO:CONSOLE(128)] "currentLatencynow: 8.569", source: file:///home/seluser/ppt/player/dashjs/index.html (128)
[157:157:1129/150656.226651:INFO:CONSOLE(128)] "currentLatencynow: 8.782", source: file:///home/seluser/ppt/player/dashjs/index.html (128)
[157:157:1129/150657.226846:INFO:CONSOLE(128)] "currentLatencynow: 8.78", source: file:///home/seluser/ppt/player/dashjs/index.html (128)
[157:157:1129/150658.226638:INFO:CONSOLE(128)] "currentLatencynow: 8.689", source: file:///home/seluser/ppt/player/dashjs/index.html (128)
[157:157:1129/150659.226795:INFO:CONSOLE(128)] "currentLatencynow: 8.586", source: file:///home/seluser/ppt/player/dashjs/index.html (128)
[157:157:1129/150700.226788:INFO:CONSOLE(128)] "currentLatencynow: 8.486", source: file:///home/seluser/ppt/player/dashjs/index.html (128)
[157:157:1129/150701.226863:INFO:CONSOLE(128)] "currentLatencynow: 8.398", source: file:///home/seluser/ppt/player/dashjs/index.html (128)
[157:157:1129/150702.228074:INFO:CONSOLE(128)] "currentLatencynow: 8.398", source: file:///home/seluser/ppt/player/dashjs/index.html (128)
[157:157:1129/150703.226733:INFO:CONSOLE(128)] "currentLatencynow: 8.421", source: file:///home/seluser/ppt/player/dashjs/index.html (128)
[157:157:1129/150704.226787:INFO:CONSOLE(128)] "currentLatencynow: 9.421", source: file:///home/seluser/ppt/player/dashjs/index.html (128)
[157:157:1129/150705.228415:INFO:CONSOLE(128)] "currentLatencynow: 10.336", source: file:///home/seluser/ppt/player/dashjs/index.html (128)
[157:157:1129/150706.226696:INFO:CONSOLE(128)] "currentLatencynow: 10.338", source: file:///home/seluser/ppt/player/dashjs/index.html (128)
[157:157:1129/150707.226635:INFO:CONSOLE(128)] "currentLatencynow: 10.236", source: file:///home/seluser/ppt/player/dashjs/index.html (128)
[157:157:1129/150708.226747:INFO:CONSOLE(128)] "currentLatencynow: 10.136", source: file:///home/seluser/ppt/player/dashjs/index.html (128)
[157:157:1129/150709.230455:INFO:CONSOLE(128)] "currentLatencynow: 10.036", source: file:///home/seluser/ppt/player/dashjs/index.html (128)
[157:157:1129/150710.231404:INFO:CONSOLE(128)] "currentLatencynow: 9.936", source: file:///home/seluser/ppt/player/dashjs/index.html (128)
[157:157:1129/150711.228610:INFO:CONSOLE(128)] "currentLatencynow: 9.836", source: file:///home/seluser/ppt/player/dashjs/index.html (128)
[157:157:1129/150712.226872:INFO:CONSOLE(128)] "currentLatencynow: 9.736", source: file:///home/seluser/ppt/player/dashjs/index.html (128)
[157:157:1129/150713.226674:INFO:CONSOLE(128)] "currentLatencynow: 9.636", source: file:///home/seluser/ppt/player/dashjs/index.html (128)
[157:157:1129/150714.226751:INFO:CONSOLE(128)] "currentLatencynow: 9.536", source: file:///home/seluser/ppt/player/dashjs/index.html (128)
[157:157:1129/150715.226659:INFO:CONSOLE(128)] "currentLatencynow: 9.436", source: file:///home/seluser/ppt/player/dashjs/index.html (128)
[157:157:1129/150716.227005:INFO:CONSOLE(128)] "currentLatencynow: 9.336", source: file:///home/seluser/ppt/player/dashjs/index.html (128)
[157:157:1129/150717.226660:INFO:CONSOLE(128)] "currentLatencynow: 9.236", source: file:///home/seluser/ppt/player/dashjs/index.html (128)
[157:157:1129/150718.235224:INFO:CONSOLE(128)] "currentLatencynow: 9.136", source: file:///home/seluser/ppt/player/dashjs/index.html (128)
[157:157:1129/150719.226749:INFO:CONSOLE(128)] "currentLatencynow: 9.036", source: file:///home/seluser/ppt/player/dashjs/index.html (128)
[157:157:1129/150720.227746:INFO:CONSOLE(128)] "currentLatencynow: 8.96", source: file:///home/seluser/ppt/player/dashjs/index.html (128)
[157:157:1129/150721.226886:INFO:CONSOLE(128)] "currentLatencynow: 8.859", source: file:///home/seluser/ppt/player/dashjs/index.html (128)
[157:157:1129/150722.226095:INFO:CONSOLE(128)] "currentLatencynow: 9.377", source: file:///home/seluser/ppt/player/dashjs/index.html (128)
[157:157:1129/150723.226093:INFO:CONSOLE(128)] "currentLatencynow: 10.377", source: file:///home/seluser/ppt/player/dashjs/index.html (128)
[157:157:1129/150724.227109:INFO:CONSOLE(128)] "currentLatencynow: 11.377", source: file:///home/seluser/ppt/player/dashjs/index.html (128)
[157:157:1129/150725.226876:INFO:CONSOLE(128)] "currentLatencynow: 12.377", source: file:///home/seluser/ppt/player/dashjs/index.html (128)
[157:157:1129/150726.226120:INFO:CONSOLE(128)] "currentLatencynow: 13.377", source: file:///home/seluser/ppt/player/dashjs/index.html (128)
[157:157:1129/150727.226317:INFO:CONSOLE(128)] "currentLatencynow: 14.282", source: file:///home/seluser/ppt/player/dashjs/index.html (128)
[157:184:1129/150727.246257:ERROR:bus.cc(392)] Failed to connect to the bus: Address does not contain a colon
[157:184:1129/150727.246309:ERROR:bus.cc(392)] Failed to connect to the bus: Address does not contain a colon
[157:157:1129/150728.226329:INFO:CONSOLE(128)] "currentLatencynow: 14.3", source: file:///home/seluser/ppt/player/dashjs/index.html (128)
[157:157:1129/150729.226068:INFO:CONSOLE(128)] "currentLatencynow: 14.3", source: file:///home/seluser/ppt/player/dashjs/index.html (128)
[157:157:1129/150730.226209:INFO:CONSOLE(128)] "currentLatencynow: 14.3", source: file:///home/seluser/ppt/player/dashjs/index.html (128)
[157:157:1129/150731.226147:INFO:CONSOLE(128)] "currentLatencynow: 14.3", source: file:///home/seluser/ppt/player/dashjs/index.html (128)
[157:157:1129/150732.226601:INFO:CONSOLE(128)] "currentLatencynow: 14.3", source: file:///home/seluser/ppt/player/dashjs/index.html (128)
[157:157:1129/150733.226267:INFO:CONSOLE(128)] "currentLatencynow: 14.35", source: file:///home/seluser/ppt/player/dashjs/index.html (128)
[157:157:1129/150734.226293:INFO:CONSOLE(128)] "currentLatencynow: 15.35", source: file:///home/seluser/ppt/player/dashjs/index.html (128)
[157:157:1129/150735.227354:INFO:CONSOLE(128)] "currentLatencynow: 15.813", source: file:///home/seluser/ppt/player/dashjs/index.html (128)
[157:157:1129/150736.228936:INFO:CONSOLE(128)] "currentLatencynow: 15.713", source: file:///home/seluser/ppt/player/dashjs/index.html (128)
[157:157:1129/150737.226407:INFO:CONSOLE(128)] "currentLatencynow: 15.612", source: file:///home/seluser/ppt/player/dashjs/index.html (128)
[157:157:1129/150738.226802:INFO:CONSOLE(128)] "currentLatencynow: 15.513", source: file:///home/seluser/ppt/player/dashjs/index.html (128)
[157:157:1129/150739.226284:INFO:CONSOLE(128)] "currentLatencynow: 15.413", source: file:///home/seluser/ppt/player/dashjs/index.html (128)
[157:157:1129/150740.231184:INFO:CONSOLE(128)] "currentLatencynow: 15.312", source: file:///home/seluser/ppt/player/dashjs/index.html (128)
[157:157:1129/150741.226565:INFO:CONSOLE(128)] "currentLatencynow: 15.213", source: file:///home/seluser/ppt/player/dashjs/index.html (128)
[157:157:1129/150742.226192:INFO:CONSOLE(128)] "currentLatencynow: 15.112", source: file:///home/seluser/ppt/player/dashjs/index.html (128)
[157:157:1129/150743.226147:INFO:CONSOLE(128)] "currentLatencynow: 15.012", source: file:///home/seluser/ppt/player/dashjs/index.html (128)
[157:157:1129/150744.227002:INFO:CONSOLE(128)] "currentLatencynow: 14.962", source: file:///home/seluser/ppt/player/dashjs/index.html (128)
[157:157:1129/150745.225931:INFO:CONSOLE(128)] "currentLatencynow: 14.959", source: file:///home/seluser/ppt/player/dashjs/index.html (128)
[157:157:1129/150746.225857:INFO:CONSOLE(128)] "currentLatencynow: 15.337", source: file:///home/seluser/ppt/player/dashjs/index.html (128)
[157:157:1129/150747.226092:INFO:CONSOLE(128)] "currentLatencynow: 16.337", source: file:///home/seluser/ppt/player/dashjs/index.html (128)
[157:157:1129/150748.226527:INFO:CONSOLE(128)] "currentLatencynow: 17.338", source: file:///home/seluser/ppt/player/dashjs/index.html (128)
[157:157:1129/150749.225890:INFO:CONSOLE(128)] "currentLatencynow: 18.337", source: file:///home/seluser/ppt/player/dashjs/index.html (128)
[157:184:1129/150749.737090:ERROR:bus.cc(392)] Failed to connect to the bus: Address does not contain a colon
[157:184:1129/150749.737136:ERROR:bus.cc(392)] Failed to connect to the bus: Address does not contain a colon
[157:157:1129/150750.225908:INFO:CONSOLE(128)] "currentLatencynow: 18.8", source: file:///home/seluser/ppt/player/dashjs/index.html (128)
[157:157:1129/150751.225988:INFO:CONSOLE(128)] "currentLatencynow: 18.8", source: file:///home/seluser/ppt/player/dashjs/index.html (128)
[157:157:1129/150752.227071:INFO:CONSOLE(128)] "currentLatencynow: 18.719", source: file:///home/seluser/ppt/player/dashjs/index.html (128)
[157:157:1129/150753.229036:INFO:CONSOLE(128)] "currentLatencynow: 18.621", source: file:///home/seluser/ppt/player/dashjs/index.html (128)
[157:157:1129/150754.225925:INFO:CONSOLE(128)] "currentLatencynow: 18.553", source: file:///home/seluser/ppt/player/dashjs/index.html (128)
[157:157:1129/150755.226205:INFO:CONSOLE(128)] "currentLatencynow: 18.453", source: file:///home/seluser/ppt/player/dashjs/index.html (128)
[157:157:1129/150756.225927:INFO:CONSOLE(128)] "currentLatencynow: 18.353", source: file:///home/seluser/ppt/player/dashjs/index.html (128)
[157:157:1129/150757.226328:INFO:CONSOLE(128)] "currentLatencynow: 18.253", source: file:///home/seluser/ppt/player/dashjs/index.html (128)
[157:157:1129/150758.227323:INFO:CONSOLE(128)] "currentLatencynow: 18.153", source: file:///home/seluser/ppt/player/dashjs/index.html (128)
[157:157:1129/150759.229434:INFO:CONSOLE(128)] "currentLatencynow: 18.053", source: file:///home/seluser/ppt/player/dashjs/index.html (128)
[157:157:1129/150800.225764:INFO:CONSOLE(128)] "currentLatencynow: 17.954", source: file:///home/seluser/ppt/player/dashjs/index.html (128)
[157:157:1129/150801.226064:INFO:CONSOLE(128)] "currentLatencynow: 17.855", source: file:///home/seluser/ppt/player/dashjs/index.html (128)
[157:157:1129/150802.227902:INFO:CONSOLE(128)] "currentLatencynow: 17.753", source: file:///home/seluser/ppt/player/dashjs/index.html (128)
[157:157:1129/150803.226336:INFO:CONSOLE(128)] "currentLatencynow: 17.734", source: file:///home/seluser/ppt/player/dashjs/index.html (128)
[157:157:1129/150804.225823:INFO:CONSOLE(128)] "currentLatencynow: 17.733", source: file:///home/seluser/ppt/player/dashjs/index.html (128)
[157:157:1129/150805.226129:INFO:CONSOLE(128)] "currentLatencynow: 17.733", source: file:///home/seluser/ppt/player/dashjs/index.html (128)
[157:157:1129/150806.226915:INFO:CONSOLE(128)] "currentLatencynow: 18.436", source: file:///home/seluser/ppt/player/dashjs/index.html (128)
[157:157:1129/150807.226360:INFO:CONSOLE(128)] "currentLatencynow: 18.779", source: file:///home/seluser/ppt/player/dashjs/index.html (128)
[157:157:1129/150808.228287:INFO:CONSOLE(128)] "currentLatencynow: 18.779", source: file:///home/seluser/ppt/player/dashjs/index.html (128)
[157:157:1129/150809.227940:INFO:CONSOLE(128)] "currentLatencynow: 18.779", source: file:///home/seluser/ppt/player/dashjs/index.html (128)
[157:157:1129/150810.226663:INFO:CONSOLE(128)] "currentLatencynow: 18.728", source: file:///home/seluser/ppt/player/dashjs/index.html (128)
[157:157:1129/150811.227839:INFO:CONSOLE(128)] "currentLatencynow: 18.628", source: file:///home/seluser/ppt/player/dashjs/index.html (128)
[157:157:1129/150812.226399:INFO:CONSOLE(128)] "currentLatencynow: 18.528", source: file:///home/seluser/ppt/player/dashjs/index.html (128)
[157:157:1129/150813.225978:INFO:CONSOLE(128)] "currentLatencynow: 18.428", source: file:///home/seluser/ppt/player/dashjs/index.html (128)
[157:157:1129/150814.228503:INFO:CONSOLE(128)] "currentLatencynow: 18.328", source: file:///home/seluser/ppt/player/dashjs/index.html (128)
[157:157:1129/150815.226081:INFO:CONSOLE(128)] "currentLatencynow: 18.228", source: file:///home/seluser/ppt/player/dashjs/index.html (128)
[157:157:1129/150816.225939:INFO:CONSOLE(128)] "currentLatencynow: 18.128", source: file:///home/seluser/ppt/player/dashjs/index.html (128)
[157:157:1129/150817.227274:INFO:CONSOLE(128)] "currentLatencynow: 18.028", source: file:///home/seluser/ppt/player/dashjs/index.html (128)
[157:157:1129/150818.225848:INFO:CONSOLE(128)] "currentLatencynow: 17.928", source: file:///home/seluser/ppt/player/dashjs/index.html (128)
[157:157:1129/150819.226290:INFO:CONSOLE(128)] "currentLatencynow: 17.891", source: file:///home/seluser/ppt/player/dashjs/index.html (128)
[157:157:1129/150820.227216:INFO:CONSOLE(128)] "currentLatencynow: 17.891", source: file:///home/seluser/ppt/player/dashjs/index.html (128)
[157:157:1129/150821.225792:INFO:CONSOLE(128)] "currentLatencynow: 17.891", source: file:///home/seluser/ppt/player/dashjs/index.html (128)
[157:157:1129/150822.225228:INFO:CONSOLE(128)] "currentLatencynow: 18.405", source: file:///home/seluser/ppt/player/dashjs/index.html (128)
[157:157:1129/150823.227537:INFO:CONSOLE(128)] "currentLatencynow: 19.408", source: file:///home/seluser/ppt/player/dashjs/index.html (128)
[157:184:1129/150824.163137:ERROR:bus.cc(392)] Failed to connect to the bus: Address does not contain a colon
[157:184:1129/150824.163186:ERROR:bus.cc(392)] Failed to connect to the bus: Address does not contain a colon
[157:157:1129/150824.225044:INFO:CONSOLE(128)] "currentLatencynow: 20.28", source: file:///home/seluser/ppt/player/dashjs/index.html (128)
[157:157:1129/150825.224682:INFO:CONSOLE(128)] "currentLatencynow: 20.281", source: file:///home/seluser/ppt/player/dashjs/index.html (128)
[157:157:1129/150826.224614:INFO:CONSOLE(114)] "Begin Player stistics 
", source: file:///home/seluser/ppt/player/dashjs/index.html (114)
[157:157:1129/150826.224943:INFO:CONSOLE(115)] "["stall",[["3.22","5.64",2.4199999999999995]],[["10.52","10.77",0.25]],[["21.88","22.13",0.25]],[["25.89","26.14",0.25]],[["29.73","29.98",0.25]],[["37.62","37.87",0.25]],[["56.10","56.35",0.25]],[["67.59","67.84",0.25]],[["80.27","80.52",0.25]],[["99.94","100.19",0.25]],[["116.13","116.38",0.25]],[["availibleBW",[null],[null],[null],[null],[3323],[3323],[3323],[3072],[3072],[2941],[3096],[3533],[3533],[3660],[3660],[3672],[3672],[3809],[3809],[4559],[4559],[4391],[4482],[4482],[4482],[4134],[4134],[3737],[3737],[3709],[3338],[3338],[3464],[3464],[3464],[3410],[3410],[3271],[3271],[3269],[3269],[3285],[3285],[3276],[3276],[3125],[3125],[2943],[2943],[3101],[3047],[3047],[3685],[3685],[3685],[3685],[3685],[3624],[3624],[3624],[4261],[4261],[4261],[4155],[4058],[4058],[3544],[4076],[4076],[4900],[4900],[5142],[5937],[5937],[5937],[5937],[5234],[5234],[5234],[4412],[4412],[4409],[4409],[4013],[4013],[3753],[3452],[3452],[3590],[3590],[3374],[3342],[3342],[3676],[3676],[3676],[4166],[4166],[5181],[5181],[5659],[5067],[5067],[4264],[4518],[4518],[4464],[4626],[4626],[4576],[4576],[4576],[4464],[4464],[4464],[4311],[4744],[4430],[4430]]],[["currentBuffer",[0],[0],[0],[0],[1.837],[0.903],[0],[0],[0],[0],[0.563],[1.565],[0.565],[1.567],[0.566],[1.527],[0.323],[1.396],[0.394],[1.398],[0.398],[1.582],[2.473],[1.384],[0.285],[1.405],[0.305],[1.207],[0.107],[1.482],[2.352],[1.405],[2.235],[1.207],[0.108],[1.102],[0],[1.963],[1.879],[2.905],[1.806],[2.709],[1.608],[2.509],[1.41],[2.312],[1.211],[2.114],[1.013],[1.916],[2.818],[1.716],[2.62],[1.543],[0.443],[0],[0],[0],[0],[0],[1.843],[0.907],[0],[0.909],[1.91],[0.911],[1.917],[3.919],[3.438],[4.338],[3.233],[4.14],[5.024],[3.942],[2.841],[1.742],[0.642],[0],[0],[0],[0],[0],[0],[1.507],[0.507],[1.441],[2.238],[1.276],[2.179],[1.078],[1.981],[2.852],[1.732],[2.685],[1.585],[0.485],[0],[0],[0],[0],[0.574],[1.445],[0.574],[1.548],[2.43],[1.351],[2.257],[2.967],[2.054],[2.954],[1.854],[0.753],[0],[0],[0],[0],[0],[0.907],[0]]],[["currentLatency",[null],[0],[6.332],[7.327],[8.325],[8.389],[8.389],[8.389],[8.389],[8.516],[8.922],[8.922],[8.922],[8.922],[8.922],[8.867],[8.77],[8.748],[8.747],[8.747],[8.747],[9.038],[8.938],[8.838],[8.74],[8.868],[8.768],[8.668],[8.569],[8.782],[8.78],[8.689],[8.586],[8.486],[8.398],[8.398],[8.421],[9.421],[10.336],[10.338],[10.236],[10.136],[10.036],[9.936],[9.836],[9.736],[9.636],[9.536],[9.436],[9.336],[9.236],[9.136],[9.036],[8.96],[8.859],[9.377],[10.377],[11.377],[12.377],[13.377],[14.282],[14.3],[14.3],[14.3],[14.3],[14.3],[14.35],[15.35],[15.813],[15.713],[15.612],[15.513],[15.413],[15.312],[15.213],[15.112],[15.012],[14.962],[14.959],[15.337],[16.337],[17.338],[18.337],[18.8],[18.8],[18.719],[18.621],[18.553],[18.453],[18.353],[18.253],[18.153],[18.053],[17.954],[17.855],[17.753],[17.734],[17.733],[17.733],[18.436],[18.779],[18.779],[18.779],[18.728],[18.628],[18.528],[18.428],[18.328],[18.228],[18.128],[18.028],[17.928],[17.891],[17.891],[17.891],[18.405],[19.408],[20.28],[20.281]]]]", source: file:///home/seluser/ppt/player/dashjs/index.html (115)
[157:157:1129/150826.225057:INFO:CONSOLE(116)] "
", source: file:///home/seluser/ppt/player/dashjs/index.html (116)
[157:157:1129/150826.225091:INFO:CONSOLE(117)] "Finish Player stistics 
", source: file:///home/seluser/ppt/player/dashjs/index.html (117)
[157:157:1129/150826.225221:INFO:CONSOLE(128)] "currentLatencynow: 20.279", source: file:///home/seluser/ppt/player/dashjs/index.html (128)
[157:157:1129/150827.224615:INFO:CONSOLE(128)] "currentLatencynow: 20.28", source: file:///home/seluser/ppt/player/dashjs/index.html (128)
[157:157:1129/150828.224547:INFO:CONSOLE(128)] "currentLatencynow: 20.28", source: file:///home/seluser/ppt/player/dashjs/index.html (128)
[157:157:1129/150829.224994:INFO:CONSOLE(128)] "currentLatencynow: 20.279", source: file:///home/seluser/ppt/player/dashjs/index.html (128)
[157:157:1129/150830.224713:INFO:CONSOLE(128)] "currentLatencynow: 20.415", source: file:///home/seluser/ppt/player/dashjs/index.html (128)
[157:157:1129/150831.224542:INFO:CONSOLE(128)] "currentLatencynow: 21.415", source: file:///home/seluser/ppt/player/dashjs/index.html (128)
[157:157:1129/150832.227081:INFO:CONSOLE(128)] "currentLatencynow: 21.666", source: file:///home/seluser/ppt/player/dashjs/index.html (128)
[157:157:1129/150833.227159:INFO:CONSOLE(128)] "currentLatencynow: 21.666", source: file:///home/seluser/ppt/player/dashjs/index.html (128)
[157:157:1129/150834.224469:INFO:CONSOLE(128)] "currentLatencynow: 21.666", source: file:///home/seluser/ppt/player/dashjs/index.html (128)
[157:157:1129/150835.224665:INFO:CONSOLE(128)] "currentLatencynow: 21.601", source: file:///home/seluser/ppt/player/dashjs/index.html (128)
[157:157:1129/150836.224674:INFO:CONSOLE(128)] "currentLatencynow: 21.501", source: file:///home/seluser/ppt/player/dashjs/index.html (128)
[157:157:1129/150837.224575:INFO:CONSOLE(128)] "currentLatencynow: 21.401", source: file:///home/seluser/ppt/player/dashjs/index.html (128)
[157:157:1129/150838.224582:INFO:CONSOLE(128)] "currentLatencynow: 21.301", source: file:///home/seluser/ppt/player/dashjs/index.html (128)
[157:157:1129/150839.225023:INFO:CONSOLE(128)] "currentLatencynow: 21.203", source: file:///home/seluser/ppt/player/dashjs/index.html (128)
[157:157:1129/150840.226884:INFO:CONSOLE(128)] "currentLatencynow: 21.101", source: file:///home/seluser/ppt/player/dashjs/index.html (128)
[157:157:1129/150841.224663:INFO:CONSOLE(128)] "currentLatencynow: 21.001", source: file:///home/seluser/ppt/player/dashjs/index.html (128)
[157:157:1129/150842.224757:INFO:CONSOLE(128)] "currentLatencynow: 20.901", source: file:///home/seluser/ppt/player/dashjs/index.html (128)
[157:157:1129/150843.225144:INFO:CONSOLE(128)] "currentLatencynow: 20.801", source: file:///home/seluser/ppt/player/dashjs/index.html (128)
[157:157:1129/150844.224865:INFO:CONSOLE(128)] "currentLatencynow: 20.701", source: file:///home/seluser/ppt/player/dashjs/index.html (128)
[157:157:1129/150845.225422:INFO:CONSOLE(128)] "currentLatencynow: 20.602", source: file:///home/seluser/ppt/player/dashjs/index.html (128)
[157:157:1129/150846.224458:INFO:CONSOLE(128)] "currentLatencynow: 20.583", source: file:///home/seluser/ppt/player/dashjs/index.html (128)
[157:157:1129/150847.224617:INFO:CONSOLE(128)] "currentLatencynow: 20.583", source: file:///home/seluser/ppt/player/dashjs/index.html (128)
[157:157:1129/150848.224723:INFO:CONSOLE(128)] "currentLatencynow: 20.582", source: file:///home/seluser/ppt/player/dashjs/index.html (128)
[157:157:1129/150849.226130:INFO:CONSOLE(128)] "currentLatencynow: 21.386", source: file:///home/seluser/ppt/player/dashjs/index.html (128)
[157:157:1129/150850.226913:INFO:CONSOLE(128)] "currentLatencynow: 22.386", source: file:///home/seluser/ppt/player/dashjs/index.html (128)
[157:157:1129/150851.225298:INFO:CONSOLE(128)] "currentLatencynow: 23.385", source: file:///home/seluser/ppt/player/dashjs/index.html (128)
[157:184:1129/150851.651689:ERROR:bus.cc(392)] Failed to connect to the bus: Address does not contain a colon
[157:184:1129/150851.651739:ERROR:bus.cc(392)] Failed to connect to the bus: Address does not contain a colon
[157:157:1129/150852.226418:INFO:CONSOLE(128)] "currentLatencynow: 23.72", source: file:///home/seluser/ppt/player/dashjs/index.html (128)
[157:157:1129/150853.226614:INFO:CONSOLE(128)] "currentLatencynow: 23.721", source: file:///home/seluser/ppt/player/dashjs/index.html (128)
[157:157:1129/150854.229011:INFO:CONSOLE(128)] "currentLatencynow: 23.699", source: file:///home/seluser/ppt/player/dashjs/index.html (128)
[157:157:1129/150855.226290:INFO:CONSOLE(128)] "currentLatencynow: 23.598", source: file:///home/seluser/ppt/player/dashjs/index.html (128)
[157:157:1129/150856.226293:INFO:CONSOLE(128)] "currentLatencynow: 23.498", source: file:///home/seluser/ppt/player/dashjs/index.html (128)
[157:157:1129/150857.226716:INFO:CONSOLE(128)] "currentLatencynow: 23.398", source: file:///home/seluser/ppt/player/dashjs/index.html (128)
[157:157:1129/150858.226345:INFO:CONSOLE(128)] "currentLatencynow: 23.299", source: file:///home/seluser/ppt/player/dashjs/index.html (128)
[157:157:1129/150859.226312:INFO:CONSOLE(128)] "currentLatencynow: 23.199", source: file:///home/seluser/ppt/player/dashjs/index.html (128)
[157:157:1129/150900.228254:INFO:CONSOLE(128)] "currentLatencynow: 23.098", source: file:///home/seluser/ppt/player/dashjs/index.html (128)
[157:157:1129/150901.226506:INFO:CONSOLE(128)] "currentLatencynow: 22.998", source: file:///home/seluser/ppt/player/dashjs/index.html (128)
[157:157:1129/150902.230017:INFO:CONSOLE(128)] "currentLatencynow: 22.898", source: file:///home/seluser/ppt/player/dashjs/index.html (128)
[157:157:1129/150903.227112:INFO:CONSOLE(128)] "currentLatencynow: 22.799", source: file:///home/seluser/ppt/player/dashjs/index.html (128)
[157:157:1129/150904.226293:INFO:CONSOLE(128)] "currentLatencynow: 22.77", source: file:///home/seluser/ppt/player/dashjs/index.html (128)
[157:157:1129/150905.227737:INFO:CONSOLE(128)] "currentLatencynow: 22.771", source: file:///home/seluser/ppt/player/dashjs/index.html (128)
[157:157:1129/150906.226280:INFO:CONSOLE(128)] "currentLatencynow: 22.773", source: file:///home/seluser/ppt/player/dashjs/index.html (128)
[157:157:1129/150907.226346:INFO:CONSOLE(128)] "currentLatencynow: 22.985", source: file:///home/seluser/ppt/player/dashjs/index.html (128)
[157:157:1129/150908.226394:INFO:CONSOLE(128)] "currentLatencynow: 22.984", source: file:///home/seluser/ppt/player/dashjs/index.html (128)
[157:157:1129/150909.229067:INFO:CONSOLE(128)] "currentLatencynow: 22.984", source: file:///home/seluser/ppt/player/dashjs/index.html (128)
[157:157:1129/150910.226167:INFO:CONSOLE(128)] "currentLatencynow: 22.984", source: file:///home/seluser/ppt/player/dashjs/index.html (128)
[157:157:1129/150911.226334:INFO:CONSOLE(128)] "currentLatencynow: 22.984", source: file:///home/seluser/ppt/player/dashjs/index.html (128)
[157:157:1129/150912.227243:INFO:CONSOLE(128)] "currentLatencynow: 22.984", source: file:///home/seluser/ppt/player/dashjs/index.html (128)
[157:157:1129/150913.227759:INFO:CONSOLE(128)] "currentLatencynow: 22.984", source: file:///home/seluser/ppt/player/dashjs/index.html (128)
[157:157:1129/150914.226269:INFO:CONSOLE(128)] "currentLatencynow: 22.984", source: file:///home/seluser/ppt/player/dashjs/index.html (128)
[157:157:1129/150915.226461:INFO:CONSOLE(128)] "currentLatencynow: 22.984", source: file:///home/seluser/ppt/player/dashjs/index.html (128)
[157:157:1129/150916.226811:INFO:CONSOLE(128)] "currentLatencynow: 22.932", source: file:///home/seluser/ppt/player/dashjs/index.html (128)
[157:157:1129/150917.226247:INFO:CONSOLE(128)] "currentLatencynow: 22.831", source: file:///home/seluser/ppt/player/dashjs/index.html (128)
[157:157:1129/150918.226375:INFO:CONSOLE(128)] "currentLatencynow: 22.732", source: file:///home/seluser/ppt/player/dashjs/index.html (128)
[157:157:1129/150919.226337:INFO:CONSOLE(128)] "currentLatencynow: 22.632", source: file:///home/seluser/ppt/player/dashjs/index.html (128)
[157:157:1129/150920.226338:INFO:CONSOLE(128)] "currentLatencynow: 22.533", source: file:///home/seluser/ppt/player/dashjs/index.html (128)
[157:157:1129/150921.226217:INFO:CONSOLE(128)] "currentLatencynow: 22.431", source: file:///home/seluser/ppt/player/dashjs/index.html (128)
[157:157:1129/150922.225145:INFO:CONSOLE(128)] "currentLatencynow: 22.33", source: file:///home/seluser/ppt/player/dashjs/index.html (128)
[157:157:1129/150923.225150:INFO:CONSOLE(128)] "currentLatencynow: 22.23", source: file:///home/seluser/ppt/player/dashjs/index.html (128)
[157:157:1129/150924.225194:INFO:CONSOLE(128)] "currentLatencynow: 22.13", source: file:///home/seluser/ppt/player/dashjs/index.html (128)
[157:157:1129/150925.225106:INFO:CONSOLE(128)] "currentLatencynow: 22.03", source: file:///home/seluser/ppt/player/dashjs/index.html (128)
[157:157:1129/150926.225378:INFO:CONSOLE(128)] "currentLatencynow: 21.93", source: file:///home/seluser/ppt/player/dashjs/index.html (128)
