[155:219:0108/155116.055252:ERROR:bus.cc(392)] Failed to connect to the bus: Failed to connect to socket /var/run/dbus/system_bus_socket: No such file or directory
[155:182:0108/155116.058818:ERROR:bus.cc(392)] Failed to connect to the bus: Address does not contain a colon
[155:182:0108/155116.058851:ERROR:bus.cc(392)] Failed to connect to the bus: Address does not contain a colon
[226:226:0108/155116.084472:ERROR:gpu_init.cc(453)] Passthrough is not supported, GL is swiftshader, ANGLE is 
[155:182:0108/155116.087065:ERROR:bus.cc(392)] Failed to connect to the bus: Address does not contain a colon
[155:182:0108/155116.087113:ERROR:bus.cc(392)] Failed to connect to the bus: Address does not contain a colon
[155:182:0108/155116.151245:ERROR:bus.cc(392)] Failed to connect to the bus: Address does not contain a colon
[155:182:0108/155116.151409:ERROR:bus.cc(392)] Failed to connect to the bus: Address does not contain a colon
[155:312:0108/155116.335295:ERROR:bus.cc(392)] Failed to connect to the bus: Failed to connect to socket /var/run/dbus/system_bus_socket: No such file or directory
[155:312:0108/155116.335370:ERROR:bus.cc(392)] Failed to connect to the bus: Failed to connect to socket /var/run/dbus/system_bus_socket: No such file or directory
[155:312:0108/155116.335438:ERROR:bus.cc(392)] Failed to connect to the bus: Failed to connect to socket /var/run/dbus/system_bus_socket: No such file or directory
[155:312:0108/155116.335466:WARNING:property.cc(144)] DaemonVersion: GetAndBlock: failed.
[155:312:0108/155116.335494:ERROR:bus.cc(392)] Failed to connect to the bus: Failed to connect to socket /var/run/dbus/system_bus_socket: No such file or directory
[155:312:0108/155116.335568:ERROR:bus.cc(392)] Failed to connect to the bus: Failed to connect to socket /var/run/dbus/system_bus_socket: No such file or directory
[155:155:0108/155119.076714:INFO:CONSOLE(128)] "currentLatencynow: NaN", source: file:///home/seluser/ppt/player/dashjs/index.html (128)
[155:241:0108/155119.254623:ERROR:chrome_browser_main_extra_parts_metrics.cc(228)] crbug.com/1216328: Checking Bluetooth availability started. Please report if there is no report that this ends.
[155:241:0108/155119.254671:ERROR:chrome_browser_main_extra_parts_metrics.cc(231)] crbug.com/1216328: Checking Bluetooth availability ended.
[155:241:0108/155119.254683:ERROR:chrome_browser_main_extra_parts_metrics.cc(234)] crbug.com/1216328: Checking default browser status started. Please report if there is no report that this ends.
[155:241:0108/155119.436952:ERROR:chrome_browser_main_extra_parts_metrics.cc(238)] crbug.com/1216328: Checking default browser status ended.
[155:155:0108/155120.077625:INFO:CONSOLE(128)] "currentLatencynow: 0", source: file:///home/seluser/ppt/player/dashjs/index.html (128)
[538:538:0108/155120.375806:WARNING:audio_manager_linux.cc(69)] Falling back to ALSA for audio output. PulseAudio is not available or could not be initialized.
[538:538:0108/155120.385054:ERROR:alsa_util.cc(204)] PcmOpen: default,No such file or directory
[538:538:0108/155120.385179:ERROR:alsa_util.cc(204)] PcmOpen: plug:default,No such file or directory
[155:155:0108/155121.076253:INFO:CONSOLE(128)] "currentLatencynow: 6.687", source: file:///home/seluser/ppt/player/dashjs/index.html (128)
[155:155:0108/155122.076355:INFO:CONSOLE(128)] "currentLatencynow: 7.688", source: file:///home/seluser/ppt/player/dashjs/index.html (128)
[155:182:0108/155122.912591:ERROR:bus.cc(392)] Failed to connect to the bus: Address does not contain a colon
[155:182:0108/155122.912670:ERROR:bus.cc(392)] Failed to connect to the bus: Address does not contain a colon
[155:182:0108/155122.912681:ERROR:bus.cc(392)] Failed to connect to the bus: Address does not contain a colon
[155:182:0108/155122.912694:ERROR:bus.cc(392)] Failed to connect to the bus: Address does not contain a colon
[155:182:0108/155122.912702:ERROR:bus.cc(392)] Failed to connect to the bus: Address does not contain a colon
[155:182:0108/155122.912710:ERROR:bus.cc(392)] Failed to connect to the bus: Address does not contain a colon
[155:182:0108/155122.912740:ERROR:bus.cc(392)] Failed to connect to the bus: Address does not contain a colon
[155:182:0108/155122.912762:ERROR:bus.cc(392)] Failed to connect to the bus: Address does not contain a colon
[155:182:0108/155122.912791:ERROR:bus.cc(392)] Failed to connect to the bus: Address does not contain a colon
[155:182:0108/155122.912817:ERROR:bus.cc(392)] Failed to connect to the bus: Address does not contain a colon
[155:182:0108/155122.912843:ERROR:bus.cc(392)] Failed to connect to the bus: Address does not contain a colon
[155:182:0108/155122.912854:ERROR:bus.cc(392)] Failed to connect to the bus: Address does not contain a colon
[155:182:0108/155122.912862:ERROR:bus.cc(392)] Failed to connect to the bus: Address does not contain a colon
[155:182:0108/155122.912871:ERROR:bus.cc(392)] Failed to connect to the bus: Address does not contain a colon
[155:182:0108/155122.913939:ERROR:bus.cc(392)] Failed to connect to the bus: Address does not contain a colon
[155:182:0108/155122.913975:ERROR:bus.cc(392)] Failed to connect to the bus: Address does not contain a colon
[155:182:0108/155122.913995:ERROR:bus.cc(392)] Failed to connect to the bus: Address does not contain a colon
[155:182:0108/155123.007880:ERROR:bus.cc(392)] Failed to connect to the bus: Address does not contain a colon
[155:182:0108/155123.007945:ERROR:bus.cc(392)] Failed to connect to the bus: Address does not contain a colon
[155:155:0108/155123.076299:INFO:CONSOLE(128)] "currentLatencynow: 8.596", source: file:///home/seluser/ppt/player/dashjs/index.html (128)
[155:155:0108/155124.076394:INFO:CONSOLE(128)] "currentLatencynow: 8.498", source: file:///home/seluser/ppt/player/dashjs/index.html (128)
[155:155:0108/155125.076255:INFO:CONSOLE(128)] "currentLatencynow: 8.481", source: file:///home/seluser/ppt/player/dashjs/index.html (128)
[155:155:0108/155126.076261:INFO:CONSOLE(128)] "currentLatencynow: 8.48", source: file:///home/seluser/ppt/player/dashjs/index.html (128)
[155:155:0108/155127.076315:INFO:CONSOLE(128)] "currentLatencynow: 8.48", source: file:///home/seluser/ppt/player/dashjs/index.html (128)
[155:155:0108/155128.076422:INFO:CONSOLE(128)] "currentLatencynow: 8.481", source: file:///home/seluser/ppt/player/dashjs/index.html (128)
[155:155:0108/155129.076400:INFO:CONSOLE(128)] "currentLatencynow: 8.397", source: file:///home/seluser/ppt/player/dashjs/index.html (128)
[155:155:0108/155130.076265:INFO:CONSOLE(128)] "currentLatencynow: 8.297", source: file:///home/seluser/ppt/player/dashjs/index.html (128)
[155:155:0108/155131.076444:INFO:CONSOLE(128)] "currentLatencynow: 8.198", source: file:///home/seluser/ppt/player/dashjs/index.html (128)
[155:155:0108/155132.077113:INFO:CONSOLE(128)] "currentLatencynow: 8.097", source: file:///home/seluser/ppt/player/dashjs/index.html (128)
[155:155:0108/155133.076225:INFO:CONSOLE(128)] "currentLatencynow: 7.997", source: file:///home/seluser/ppt/player/dashjs/index.html (128)
[155:155:0108/155134.076657:INFO:CONSOLE(128)] "currentLatencynow: 7.898", source: file:///home/seluser/ppt/player/dashjs/index.html (128)
[155:155:0108/155135.076527:INFO:CONSOLE(128)] "currentLatencynow: 7.798", source: file:///home/seluser/ppt/player/dashjs/index.html (128)
[155:155:0108/155136.076373:INFO:CONSOLE(128)] "currentLatencynow: 7.698", source: file:///home/seluser/ppt/player/dashjs/index.html (128)
[155:155:0108/155137.077918:INFO:CONSOLE(128)] "currentLatencynow: 7.598", source: file:///home/seluser/ppt/player/dashjs/index.html (128)
[155:155:0108/155138.077023:INFO:CONSOLE(128)] "currentLatencynow: 7.498", source: file:///home/seluser/ppt/player/dashjs/index.html (128)
[155:155:0108/155139.076611:INFO:CONSOLE(128)] "currentLatencynow: 7.398", source: file:///home/seluser/ppt/player/dashjs/index.html (128)
[155:155:0108/155140.076360:INFO:CONSOLE(128)] "currentLatencynow: 7.383", source: file:///home/seluser/ppt/player/dashjs/index.html (128)
[155:155:0108/155141.076457:INFO:CONSOLE(128)] "currentLatencynow: 7.383", source: file:///home/seluser/ppt/player/dashjs/index.html (128)
[155:155:0108/155142.076815:INFO:CONSOLE(128)] "currentLatencynow: 7.383", source: file:///home/seluser/ppt/player/dashjs/index.html (128)
[155:155:0108/155143.076479:INFO:CONSOLE(128)] "currentLatencynow: 7.383", source: file:///home/seluser/ppt/player/dashjs/index.html (128)
[155:155:0108/155144.079013:INFO:CONSOLE(128)] "currentLatencynow: 7.385", source: file:///home/seluser/ppt/player/dashjs/index.html (128)
[155:155:0108/155145.079070:INFO:CONSOLE(128)] "currentLatencynow: 7.385", source: file:///home/seluser/ppt/player/dashjs/index.html (128)
[155:155:0108/155146.080189:INFO:CONSOLE(128)] "currentLatencynow: 7.385", source: file:///home/seluser/ppt/player/dashjs/index.html (128)
[155:155:0108/155147.079136:INFO:CONSOLE(128)] "currentLatencynow: 7.385", source: file:///home/seluser/ppt/player/dashjs/index.html (128)
[155:155:0108/155148.080133:INFO:CONSOLE(128)] "currentLatencynow: 7.298", source: file:///home/seluser/ppt/player/dashjs/index.html (128)
[155:155:0108/155149.079324:INFO:CONSOLE(128)] "currentLatencynow: 7.198", source: file:///home/seluser/ppt/player/dashjs/index.html (128)
[155:155:0108/155150.082601:INFO:CONSOLE(128)] "currentLatencynow: 7.098", source: file:///home/seluser/ppt/player/dashjs/index.html (128)
[155:155:0108/155151.086085:INFO:CONSOLE(128)] "currentLatencynow: 6.998", source: file:///home/seluser/ppt/player/dashjs/index.html (128)
[155:155:0108/155152.079355:INFO:CONSOLE(128)] "currentLatencynow: 6.898", source: file:///home/seluser/ppt/player/dashjs/index.html (128)
[155:155:0108/155153.079397:INFO:CONSOLE(128)] "currentLatencynow: 6.798", source: file:///home/seluser/ppt/player/dashjs/index.html (128)
[155:155:0108/155154.085645:INFO:CONSOLE(128)] "currentLatencynow: 6.697", source: file:///home/seluser/ppt/player/dashjs/index.html (128)
[155:155:0108/155155.079245:INFO:CONSOLE(128)] "currentLatencynow: 6.657", source: file:///home/seluser/ppt/player/dashjs/index.html (128)
[155:155:0108/155156.079402:INFO:CONSOLE(128)] "currentLatencynow: 6.657", source: file:///home/seluser/ppt/player/dashjs/index.html (128)
[155:155:0108/155157.078987:INFO:CONSOLE(128)] "currentLatencynow: 6.657", source: file:///home/seluser/ppt/player/dashjs/index.html (128)
[155:155:0108/155158.082419:INFO:CONSOLE(128)] "currentLatencynow: 6.977", source: file:///home/seluser/ppt/player/dashjs/index.html (128)
[155:155:0108/155159.079284:INFO:CONSOLE(128)] "currentLatencynow: 6.977", source: file:///home/seluser/ppt/player/dashjs/index.html (128)
[155:155:0108/155200.079018:INFO:CONSOLE(128)] "currentLatencynow: 6.977", source: file:///home/seluser/ppt/player/dashjs/index.html (128)
[155:155:0108/155201.080511:INFO:CONSOLE(128)] "currentLatencynow: 6.936", source: file:///home/seluser/ppt/player/dashjs/index.html (128)
[155:155:0108/155202.080176:INFO:CONSOLE(128)] "currentLatencynow: 6.836", source: file:///home/seluser/ppt/player/dashjs/index.html (128)
[155:155:0108/155203.079560:INFO:CONSOLE(128)] "currentLatencynow: 6.737", source: file:///home/seluser/ppt/player/dashjs/index.html (128)
[155:155:0108/155204.081681:INFO:CONSOLE(128)] "currentLatencynow: 6.637", source: file:///home/seluser/ppt/player/dashjs/index.html (128)
[155:155:0108/155205.079130:INFO:CONSOLE(128)] "currentLatencynow: 6.537", source: file:///home/seluser/ppt/player/dashjs/index.html (128)
[155:155:0108/155206.080400:INFO:CONSOLE(128)] "currentLatencynow: 6.436", source: file:///home/seluser/ppt/player/dashjs/index.html (128)
[155:155:0108/155207.079019:INFO:CONSOLE(128)] "currentLatencynow: 6.336", source: file:///home/seluser/ppt/player/dashjs/index.html (128)
[155:155:0108/155208.081273:INFO:CONSOLE(128)] "currentLatencynow: 6.236", source: file:///home/seluser/ppt/player/dashjs/index.html (128)
[155:155:0108/155209.079102:INFO:CONSOLE(128)] "currentLatencynow: 6.136", source: file:///home/seluser/ppt/player/dashjs/index.html (128)
[155:155:0108/155210.081622:INFO:CONSOLE(128)] "currentLatencynow: 6.036", source: file:///home/seluser/ppt/player/dashjs/index.html (128)
[155:155:0108/155211.078965:INFO:CONSOLE(128)] "currentLatencynow: 5.936", source: file:///home/seluser/ppt/player/dashjs/index.html (128)
[155:155:0108/155212.078948:INFO:CONSOLE(128)] "currentLatencynow: 5.836", source: file:///home/seluser/ppt/player/dashjs/index.html (128)
[155:155:0108/155213.081796:INFO:CONSOLE(128)] "currentLatencynow: 5.736", source: file:///home/seluser/ppt/player/dashjs/index.html (128)
[155:155:0108/155214.083024:INFO:CONSOLE(128)] "currentLatencynow: 5.638", source: file:///home/seluser/ppt/player/dashjs/index.html (128)
[155:155:0108/155215.080445:INFO:CONSOLE(128)] "currentLatencynow: 5.538", source: file:///home/seluser/ppt/player/dashjs/index.html (128)
[155:155:0108/155216.080352:INFO:CONSOLE(128)] "currentLatencynow: 5.438", source: file:///home/seluser/ppt/player/dashjs/index.html (128)
[155:155:0108/155217.081301:INFO:CONSOLE(128)] "currentLatencynow: 5.338", source: file:///home/seluser/ppt/player/dashjs/index.html (128)
[155:155:0108/155218.080369:INFO:CONSOLE(128)] "currentLatencynow: 5.239", source: file:///home/seluser/ppt/player/dashjs/index.html (128)
[155:155:0108/155219.080430:INFO:CONSOLE(128)] "currentLatencynow: 5.139", source: file:///home/seluser/ppt/player/dashjs/index.html (128)
[155:155:0108/155220.080423:INFO:CONSOLE(128)] "currentLatencynow: 5.13", source: file:///home/seluser/ppt/player/dashjs/index.html (128)
[155:155:0108/155221.080289:INFO:CONSOLE(128)] "currentLatencynow: 5.13", source: file:///home/seluser/ppt/player/dashjs/index.html (128)
[155:155:0108/155222.080364:INFO:CONSOLE(128)] "currentLatencynow: 5.13", source: file:///home/seluser/ppt/player/dashjs/index.html (128)
[155:155:0108/155223.080321:INFO:CONSOLE(128)] "currentLatencynow: 5.13", source: file:///home/seluser/ppt/player/dashjs/index.html (128)
[155:155:0108/155224.080457:INFO:CONSOLE(128)] "currentLatencynow: 5.13", source: file:///home/seluser/ppt/player/dashjs/index.html (128)
[155:155:0108/155225.080385:INFO:CONSOLE(128)] "currentLatencynow: 5.123", source: file:///home/seluser/ppt/player/dashjs/index.html (128)
[155:155:0108/155226.081044:INFO:CONSOLE(128)] "currentLatencynow: 5.023", source: file:///home/seluser/ppt/player/dashjs/index.html (128)
[155:155:0108/155227.082092:INFO:CONSOLE(128)] "currentLatencynow: 4.924", source: file:///home/seluser/ppt/player/dashjs/index.html (128)
[155:155:0108/155228.080496:INFO:CONSOLE(128)] "currentLatencynow: 4.825", source: file:///home/seluser/ppt/player/dashjs/index.html (128)
[155:155:0108/155229.080870:INFO:CONSOLE(128)] "currentLatencynow: 4.726", source: file:///home/seluser/ppt/player/dashjs/index.html (128)
[155:155:0108/155230.081346:INFO:CONSOLE(128)] "currentLatencynow: 4.626", source: file:///home/seluser/ppt/player/dashjs/index.html (128)
[155:155:0108/155231.083283:INFO:CONSOLE(128)] "currentLatencynow: 4.529", source: file:///home/seluser/ppt/player/dashjs/index.html (128)
[155:155:0108/155232.081252:INFO:CONSOLE(128)] "currentLatencynow: 4.427", source: file:///home/seluser/ppt/player/dashjs/index.html (128)
[155:155:0108/155233.081663:INFO:CONSOLE(128)] "currentLatencynow: 4.347", source: file:///home/seluser/ppt/player/dashjs/index.html (128)
[155:155:0108/155234.080463:INFO:CONSOLE(128)] "currentLatencynow: 4.268", source: file:///home/seluser/ppt/player/dashjs/index.html (128)
[155:155:0108/155235.080469:INFO:CONSOLE(128)] "currentLatencynow: 4.262", source: file:///home/seluser/ppt/player/dashjs/index.html (128)
[155:155:0108/155236.080579:INFO:CONSOLE(128)] "currentLatencynow: 4.262", source: file:///home/seluser/ppt/player/dashjs/index.html (128)
[155:155:0108/155237.082821:INFO:CONSOLE(128)] "currentLatencynow: 4.262", source: file:///home/seluser/ppt/player/dashjs/index.html (128)
[155:155:0108/155238.080867:INFO:CONSOLE(128)] "currentLatencynow: 4.262", source: file:///home/seluser/ppt/player/dashjs/index.html (128)
[155:155:0108/155239.080576:INFO:CONSOLE(128)] "currentLatencynow: 4.262", source: file:///home/seluser/ppt/player/dashjs/index.html (128)
[155:155:0108/155240.081066:INFO:CONSOLE(128)] "currentLatencynow: 4.262", source: file:///home/seluser/ppt/player/dashjs/index.html (128)
[155:155:0108/155241.080544:INFO:CONSOLE(128)] "currentLatencynow: 4.262", source: file:///home/seluser/ppt/player/dashjs/index.html (128)
[155:155:0108/155242.080423:INFO:CONSOLE(128)] "currentLatencynow: 4.262", source: file:///home/seluser/ppt/player/dashjs/index.html (128)
[155:155:0108/155243.081611:INFO:CONSOLE(128)] "currentLatencynow: 4.209", source: file:///home/seluser/ppt/player/dashjs/index.html (128)
[155:155:0108/155244.080862:INFO:CONSOLE(128)] "currentLatencynow: 4.152", source: file:///home/seluser/ppt/player/dashjs/index.html (128)
[155:155:0108/155245.080885:INFO:CONSOLE(128)] "currentLatencynow: 4.147", source: file:///home/seluser/ppt/player/dashjs/index.html (128)
[155:155:0108/155246.080788:INFO:CONSOLE(128)] "currentLatencynow: 4.147", source: file:///home/seluser/ppt/player/dashjs/index.html (128)
[155:155:0108/155247.081886:INFO:CONSOLE(128)] "currentLatencynow: 4.115", source: file:///home/seluser/ppt/player/dashjs/index.html (128)
[155:155:0108/155248.082045:INFO:CONSOLE(128)] "currentLatencynow: 4.08", source: file:///home/seluser/ppt/player/dashjs/index.html (128)
[155:155:0108/155249.082182:INFO:CONSOLE(128)] "currentLatencynow: 4.052", source: file:///home/seluser/ppt/player/dashjs/index.html (128)
[155:155:0108/155250.080851:INFO:CONSOLE(128)] "currentLatencynow: 4.041", source: file:///home/seluser/ppt/player/dashjs/index.html (128)
[155:155:0108/155251.080865:INFO:CONSOLE(128)] "currentLatencynow: 4.041", source: file:///home/seluser/ppt/player/dashjs/index.html (128)
[155:155:0108/155252.081725:INFO:CONSOLE(128)] "currentLatencynow: 4.041", source: file:///home/seluser/ppt/player/dashjs/index.html (128)
[155:155:0108/155253.080796:INFO:CONSOLE(128)] "currentLatencynow: 4.041", source: file:///home/seluser/ppt/player/dashjs/index.html (128)
[155:155:0108/155254.080879:INFO:CONSOLE(128)] "currentLatencynow: 4.041", source: file:///home/seluser/ppt/player/dashjs/index.html (128)
[155:155:0108/155255.082374:INFO:CONSOLE(128)] "currentLatencynow: 4.04", source: file:///home/seluser/ppt/player/dashjs/index.html (128)
[155:155:0108/155256.080760:INFO:CONSOLE(128)] "currentLatencynow: 4.041", source: file:///home/seluser/ppt/player/dashjs/index.html (128)
[155:155:0108/155257.080823:INFO:CONSOLE(128)] "currentLatencynow: 4.041", source: file:///home/seluser/ppt/player/dashjs/index.html (128)
[155:155:0108/155258.081495:INFO:CONSOLE(128)] "currentLatencynow: 4.042", source: file:///home/seluser/ppt/player/dashjs/index.html (128)
[155:155:0108/155259.080823:INFO:CONSOLE(128)] "currentLatencynow: 4.042", source: file:///home/seluser/ppt/player/dashjs/index.html (128)
[155:155:0108/155300.080771:INFO:CONSOLE(128)] "currentLatencynow: 4.041", source: file:///home/seluser/ppt/player/dashjs/index.html (128)
[155:155:0108/155301.080814:INFO:CONSOLE(128)] "currentLatencynow: 4.041", source: file:///home/seluser/ppt/player/dashjs/index.html (128)
[155:155:0108/155302.081109:INFO:CONSOLE(128)] "currentLatencynow: 4.041", source: file:///home/seluser/ppt/player/dashjs/index.html (128)
[155:155:0108/155303.081300:INFO:CONSOLE(128)] "currentLatencynow: 4.04", source: file:///home/seluser/ppt/player/dashjs/index.html (128)
[155:155:0108/155304.081282:INFO:CONSOLE(128)] "currentLatencynow: 4.041", source: file:///home/seluser/ppt/player/dashjs/index.html (128)
[155:155:0108/155305.081289:INFO:CONSOLE(128)] "currentLatencynow: 4.04", source: file:///home/seluser/ppt/player/dashjs/index.html (128)
[155:155:0108/155306.081362:INFO:CONSOLE(128)] "currentLatencynow: 4.041", source: file:///home/seluser/ppt/player/dashjs/index.html (128)
[155:155:0108/155307.080847:INFO:CONSOLE(128)] "currentLatencynow: 4.041", source: file:///home/seluser/ppt/player/dashjs/index.html (128)
[155:155:0108/155308.080907:INFO:CONSOLE(128)] "currentLatencynow: 4.041", source: file:///home/seluser/ppt/player/dashjs/index.html (128)
[155:155:0108/155309.080920:INFO:CONSOLE(128)] "currentLatencynow: 4.041", source: file:///home/seluser/ppt/player/dashjs/index.html (128)
[155:155:0108/155310.080847:INFO:CONSOLE(128)] "currentLatencynow: 4.041", source: file:///home/seluser/ppt/player/dashjs/index.html (128)
[155:155:0108/155311.081214:INFO:CONSOLE(128)] "currentLatencynow: 4.04", source: file:///home/seluser/ppt/player/dashjs/index.html (128)
[155:155:0108/155312.080698:INFO:CONSOLE(128)] "currentLatencynow: 4.041", source: file:///home/seluser/ppt/player/dashjs/index.html (128)
[155:155:0108/155313.081996:INFO:CONSOLE(128)] "currentLatencynow: 4.04", source: file:///home/seluser/ppt/player/dashjs/index.html (128)
[155:155:0108/155314.080962:INFO:CONSOLE(128)] "currentLatencynow: 4.041", source: file:///home/seluser/ppt/player/dashjs/index.html (128)
[155:155:0108/155315.080318:INFO:CONSOLE(128)] "currentLatencynow: 4.041", source: file:///home/seluser/ppt/player/dashjs/index.html (128)
[155:155:0108/155316.080715:INFO:CONSOLE(128)] "currentLatencynow: 4.041", source: file:///home/seluser/ppt/player/dashjs/index.html (128)
[155:155:0108/155317.080287:INFO:CONSOLE(128)] "currentLatencynow: 4.041", source: file:///home/seluser/ppt/player/dashjs/index.html (128)
[155:155:0108/155318.081030:INFO:CONSOLE(114)] "Begin Player stistics 
", source: file:///home/seluser/ppt/player/dashjs/index.html (114)
[155:155:0108/155318.081256:INFO:CONSOLE(115)] "["stall",[["3.46","6.12",2.66]],[["40.80","41.05",0.25]],[["availibleBW",[null],[null],[null],[null],[3188],[3216],[3216],[3083],[2970],[3106],[3106],[3196],[3269],[3825],[3825],[3951],[4224],[4599],[4599],[4599],[4783],[4886],[4600],[4600],[4203],[4203],[3732],[2991],[2880],[2880],[2964],[3045],[3255],[3255],[3464],[3576],[3576],[3576],[3402],[3357],[3357],[3268],[2930],[3096],[3201],[3201],[2909],[3033],[3033],[3412],[3412],[3526],[3821],[3821],[4128],[4128],[4031],[4031],[4089],[4089],[4089],[4322],[4322],[4322],[4089],[4336],[4759],[4697],[4840],[4840],[5500],[5500],[5259],[5259],[4941],[4941],[4664],[4039],[4039],[3034],[2797],[2797],[3090],[3236],[3236],[3236],[2859],[2859],[3226],[3632],[3632],[3949],[3949],[4314],[4314],[5321],[5321],[6242],[6242],[5872],[5872],[5298],[5400],[5400],[5392],[5378],[5378],[5876],[5876],[5928],[5928],[5462],[5638],[5638],[5743],[5743],[5550],[5550],[5563]]],[["currentBuffer",[0],[0],[0],[0],[1.538],[0.406],[0],[0.417],[1.511],[2.493],[1.445],[2.27],[1.115],[2.149],[1.049],[1.951],[2.854],[3.676],[2.578],[1.555],[0.455],[0],[0.426],[0],[0.408],[0],[0.43],[1.432],[2.322],[1.363],[2.265],[3.17],[3.992],[2.969],[1.869],[0.615],[0],[0],[0],[0.947],[0.104],[1.106],[2.091],[2.993],[3.895],[2.796],[3.696],[4.599],[3.499],[4.401],[3.301],[4.203],[4.933],[4.005],[4.7],[3.807],[2.707],[1.607],[2.508],[1.312],[0.307],[1.279],[0.279],[0],[0.084],[1.174],[2.196],[3.052],[3.9],[3.007],[3.91],[2.811],[3.672],[2.614],[1.38],[0.45],[0],[0.427],[0],[0.429],[1.297],[0.431],[1.433],[2.212],[1.396],[0.338],[1.283],[0.321],[1.157],[2.072],[1.235],[1.99],[1.221],[2.224],[1.224],[0.224],[0],[0.186],[0],[0.228],[0],[0.123],[1.06],[0.232],[1.234],[2.236],[1.236],[2.238],[1.238],[2.24],[1.24],[2.242],[3.097],[2.244],[3.208],[2.246],[3.045],[2.249],[3.149]]],[["currentLatency",[null],[0],[6.687],[7.688],[8.596],[8.498],[8.481],[8.48],[8.48],[8.481],[8.397],[8.297],[8.198],[8.097],[7.997],[7.898],[7.798],[7.698],[7.598],[7.498],[7.398],[7.383],[7.383],[7.383],[7.383],[7.385],[7.385],[7.385],[7.385],[7.298],[7.198],[7.098],[6.998],[6.898],[6.798],[6.697],[6.657],[6.657],[6.657],[6.977],[6.977],[6.977],[6.936],[6.836],[6.737],[6.637],[6.537],[6.436],[6.336],[6.236],[6.136],[6.036],[5.936],[5.836],[5.736],[5.638],[5.538],[5.438],[5.338],[5.239],[5.139],[5.13],[5.13],[5.13],[5.13],[5.13],[5.123],[5.023],[4.924],[4.825],[4.726],[4.626],[4.529],[4.427],[4.347],[4.268],[4.262],[4.262],[4.262],[4.262],[4.262],[4.262],[4.262],[4.262],[4.209],[4.152],[4.147],[4.147],[4.115],[4.08],[4.052],[4.041],[4.041],[4.041],[4.041],[4.041],[4.04],[4.041],[4.041],[4.042],[4.042],[4.041],[4.041],[4.041],[4.04],[4.041],[4.04],[4.041],[4.041],[4.041],[4.041],[4.041],[4.04],[4.041],[4.04],[4.041],[4.041],[4.041],[4.041]]]]", source: file:///home/seluser/ppt/player/dashjs/index.html (115)
[155:155:0108/155318.081380:INFO:CONSOLE(116)] "
", source: file:///home/seluser/ppt/player/dashjs/index.html (116)
[155:155:0108/155318.081469:INFO:CONSOLE(117)] "Finish Player stistics 
", source: file:///home/seluser/ppt/player/dashjs/index.html (117)
[155:155:0108/155318.081517:INFO:CONSOLE(128)] "currentLatencynow: 4.04", source: file:///home/seluser/ppt/player/dashjs/index.html (128)
[155:155:0108/155319.080329:INFO:CONSOLE(128)] "currentLatencynow: 4.944", source: file:///home/seluser/ppt/player/dashjs/index.html (128)
[155:155:0108/155320.080224:INFO:CONSOLE(128)] "currentLatencynow: 5.485", source: file:///home/seluser/ppt/player/dashjs/index.html (128)
[155:155:0108/155321.080269:INFO:CONSOLE(128)] "currentLatencynow: 5.428", source: file:///home/seluser/ppt/player/dashjs/index.html (128)
[155:155:0108/155322.080471:INFO:CONSOLE(128)] "currentLatencynow: 5.329", source: file:///home/seluser/ppt/player/dashjs/index.html (128)
[155:155:0108/155323.081585:INFO:CONSOLE(128)] "currentLatencynow: 5.228", source: file:///home/seluser/ppt/player/dashjs/index.html (128)
[155:155:0108/155324.080553:INFO:CONSOLE(128)] "currentLatencynow: 5.129", source: file:///home/seluser/ppt/player/dashjs/index.html (128)
[155:155:0108/155325.080409:INFO:CONSOLE(128)] "currentLatencynow: 5.029", source: file:///home/seluser/ppt/player/dashjs/index.html (128)
[155:155:0108/155326.080454:INFO:CONSOLE(128)] "currentLatencynow: 4.929", source: file:///home/seluser/ppt/player/dashjs/index.html (128)
[155:155:0108/155327.080368:INFO:CONSOLE(128)] "currentLatencynow: 4.829", source: file:///home/seluser/ppt/player/dashjs/index.html (128)
[155:155:0108/155328.080779:INFO:CONSOLE(128)] "currentLatencynow: 4.729", source: file:///home/seluser/ppt/player/dashjs/index.html (128)
[155:155:0108/155329.080611:INFO:CONSOLE(128)] "currentLatencynow: 4.629", source: file:///home/seluser/ppt/player/dashjs/index.html (128)
[155:155:0108/155330.080238:INFO:CONSOLE(128)] "currentLatencynow: 4.529", source: file:///home/seluser/ppt/player/dashjs/index.html (128)
[155:155:0108/155331.080352:INFO:CONSOLE(128)] "currentLatencynow: 4.43", source: file:///home/seluser/ppt/player/dashjs/index.html (128)
[155:155:0108/155332.080462:INFO:CONSOLE(128)] "currentLatencynow: 4.349", source: file:///home/seluser/ppt/player/dashjs/index.html (128)
[155:155:0108/155333.080575:INFO:CONSOLE(128)] "currentLatencynow: 4.269", source: file:///home/seluser/ppt/player/dashjs/index.html (128)
[155:155:0108/155334.080354:INFO:CONSOLE(128)] "currentLatencynow: 4.208", source: file:///home/seluser/ppt/player/dashjs/index.html (128)
[155:155:0108/155335.080665:INFO:CONSOLE(128)] "currentLatencynow: 4.151", source: file:///home/seluser/ppt/player/dashjs/index.html (128)
[155:155:0108/155336.080303:INFO:CONSOLE(128)] "currentLatencynow: 4.111", source: file:///home/seluser/ppt/player/dashjs/index.html (128)
[155:155:0108/155337.080341:INFO:CONSOLE(128)] "currentLatencynow: 4.078", source: file:///home/seluser/ppt/player/dashjs/index.html (128)
[155:155:0108/155338.080319:INFO:CONSOLE(128)] "currentLatencynow: 4.05", source: file:///home/seluser/ppt/player/dashjs/index.html (128)
[155:155:0108/155338.244046:WARNING:pref_notifier_impl.cc(40)] Pref observer for media_router.cast_allow_all_ips found at shutdown.
