[155:219:1129/151029.017711:ERROR:bus.cc(392)] Failed to connect to the bus: Failed to connect to socket /var/run/dbus/system_bus_socket: No such file or directory
[155:182:1129/151029.020847:ERROR:bus.cc(392)] Failed to connect to the bus: Address does not contain a colon
[155:182:1129/151029.020917:ERROR:bus.cc(392)] Failed to connect to the bus: Address does not contain a colon
[155:182:1129/151029.032890:ERROR:bus.cc(392)] Failed to connect to the bus: Address does not contain a colon
[155:182:1129/151029.032944:ERROR:bus.cc(392)] Failed to connect to the bus: Address does not contain a colon
[225:225:1129/151029.034258:ERROR:gpu_init.cc(453)] Passthrough is not supported, GL is swiftshader, ANGLE is 
[155:182:1129/151029.057499:ERROR:bus.cc(392)] Failed to connect to the bus: Address does not contain a colon
[155:182:1129/151029.057523:ERROR:bus.cc(392)] Failed to connect to the bus: Address does not contain a colon
[155:313:1129/151029.193518:ERROR:bus.cc(392)] Failed to connect to the bus: Failed to connect to socket /var/run/dbus/system_bus_socket: No such file or directory
[155:313:1129/151029.193607:ERROR:bus.cc(392)] Failed to connect to the bus: Failed to connect to socket /var/run/dbus/system_bus_socket: No such file or directory
[155:313:1129/151029.193673:ERROR:bus.cc(392)] Failed to connect to the bus: Failed to connect to socket /var/run/dbus/system_bus_socket: No such file or directory
[155:313:1129/151029.193703:WARNING:property.cc(144)] DaemonVersion: GetAndBlock: failed.
[155:313:1129/151029.193777:ERROR:bus.cc(392)] Failed to connect to the bus: Failed to connect to socket /var/run/dbus/system_bus_socket: No such file or directory
[155:313:1129/151029.193830:ERROR:bus.cc(392)] Failed to connect to the bus: Failed to connect to socket /var/run/dbus/system_bus_socket: No such file or directory
[155:155:1129/151030.776417:INFO:CONSOLE(128)] "currentLatencynow: 0", source: file:///home/seluser/ppt/player/dashjs/index.html (128)
[358:358:1129/151031.278343:WARNING:audio_manager_linux.cc(69)] Falling back to ALSA for audio output. PulseAudio is not available or could not be initialized.
[358:358:1129/151031.292975:ERROR:alsa_util.cc(204)] PcmOpen: default,No such file or directory
[358:358:1129/151031.293183:ERROR:alsa_util.cc(204)] PcmOpen: plug:default,No such file or directory
[155:155:1129/151031.776489:INFO:CONSOLE(128)] "currentLatencynow: 6.168", source: file:///home/seluser/ppt/player/dashjs/index.html (128)
[155:250:1129/151032.205844:ERROR:chrome_browser_main_extra_parts_metrics.cc(228)] crbug.com/1216328: Checking Bluetooth availability started. Please report if there is no report that this ends.
[155:250:1129/151032.205926:ERROR:chrome_browser_main_extra_parts_metrics.cc(231)] crbug.com/1216328: Checking Bluetooth availability ended.
[155:250:1129/151032.205939:ERROR:chrome_browser_main_extra_parts_metrics.cc(234)] crbug.com/1216328: Checking default browser status started. Please report if there is no report that this ends.
[155:250:1129/151032.493086:ERROR:chrome_browser_main_extra_parts_metrics.cc(238)] crbug.com/1216328: Checking default browser status ended.
[155:155:1129/151032.776239:INFO:CONSOLE(128)] "currentLatencynow: 7.167", source: file:///home/seluser/ppt/player/dashjs/index.html (128)
[155:182:1129/151032.802928:ERROR:bus.cc(392)] Failed to connect to the bus: Address does not contain a colon
[155:182:1129/151032.802997:ERROR:bus.cc(392)] Failed to connect to the bus: Address does not contain a colon
[155:182:1129/151032.803018:ERROR:bus.cc(392)] Failed to connect to the bus: Address does not contain a colon
[155:182:1129/151032.803027:ERROR:bus.cc(392)] Failed to connect to the bus: Address does not contain a colon
[155:182:1129/151032.803036:ERROR:bus.cc(392)] Failed to connect to the bus: Address does not contain a colon
[155:182:1129/151032.803044:ERROR:bus.cc(392)] Failed to connect to the bus: Address does not contain a colon
[155:182:1129/151032.803055:ERROR:bus.cc(392)] Failed to connect to the bus: Address does not contain a colon
[155:182:1129/151032.803103:ERROR:bus.cc(392)] Failed to connect to the bus: Address does not contain a colon
[155:182:1129/151032.803126:ERROR:bus.cc(392)] Failed to connect to the bus: Address does not contain a colon
[155:182:1129/151032.803137:ERROR:bus.cc(392)] Failed to connect to the bus: Address does not contain a colon
[155:182:1129/151032.803145:ERROR:bus.cc(392)] Failed to connect to the bus: Address does not contain a colon
[155:182:1129/151032.803153:ERROR:bus.cc(392)] Failed to connect to the bus: Address does not contain a colon
[155:182:1129/151032.803160:ERROR:bus.cc(392)] Failed to connect to the bus: Address does not contain a colon
[155:182:1129/151032.803168:ERROR:bus.cc(392)] Failed to connect to the bus: Address does not contain a colon
[155:182:1129/151032.807093:ERROR:bus.cc(392)] Failed to connect to the bus: Address does not contain a colon
[155:182:1129/151032.807129:ERROR:bus.cc(392)] Failed to connect to the bus: Address does not contain a colon
[155:182:1129/151032.807142:ERROR:bus.cc(392)] Failed to connect to the bus: Address does not contain a colon
[155:182:1129/151032.862139:ERROR:bus.cc(392)] Failed to connect to the bus: Address does not contain a colon
[155:182:1129/151032.862190:ERROR:bus.cc(392)] Failed to connect to the bus: Address does not contain a colon
[155:155:1129/151033.777306:INFO:CONSOLE(128)] "currentLatencynow: 7.179", source: file:///home/seluser/ppt/player/dashjs/index.html (128)
[155:155:1129/151034.777667:INFO:CONSOLE(128)] "currentLatencynow: 7.808", source: file:///home/seluser/ppt/player/dashjs/index.html (128)
[155:155:1129/151035.776125:INFO:CONSOLE(128)] "currentLatencynow: 7.823", source: file:///home/seluser/ppt/player/dashjs/index.html (128)
[155:155:1129/151036.776178:INFO:CONSOLE(128)] "currentLatencynow: 7.841", source: file:///home/seluser/ppt/player/dashjs/index.html (128)
[155:155:1129/151037.776446:INFO:CONSOLE(128)] "currentLatencynow: 8.842", source: file:///home/seluser/ppt/player/dashjs/index.html (128)
[155:155:1129/151038.776271:INFO:CONSOLE(128)] "currentLatencynow: 9.841", source: file:///home/seluser/ppt/player/dashjs/index.html (128)
[155:155:1129/151039.776415:INFO:CONSOLE(128)] "currentLatencynow: 10.842", source: file:///home/seluser/ppt/player/dashjs/index.html (128)
[155:182:1129/151040.388334:ERROR:bus.cc(392)] Failed to connect to the bus: Address does not contain a colon
[155:182:1129/151040.388428:ERROR:bus.cc(392)] Failed to connect to the bus: Address does not contain a colon
[155:155:1129/151040.776766:INFO:CONSOLE(128)] "currentLatencynow: 11.342", source: file:///home/seluser/ppt/player/dashjs/index.html (128)
[155:155:1129/151041.776214:INFO:CONSOLE(128)] "currentLatencynow: 11.242", source: file:///home/seluser/ppt/player/dashjs/index.html (128)
[155:155:1129/151042.776556:INFO:CONSOLE(128)] "currentLatencynow: 11.81", source: file:///home/seluser/ppt/player/dashjs/index.html (128)
[155:155:1129/151043.776114:INFO:CONSOLE(128)] "currentLatencynow: 12.383", source: file:///home/seluser/ppt/player/dashjs/index.html (128)
[155:155:1129/151044.776081:INFO:CONSOLE(128)] "currentLatencynow: 12.383", source: file:///home/seluser/ppt/player/dashjs/index.html (128)
[155:155:1129/151045.776029:INFO:CONSOLE(128)] "currentLatencynow: 12.803", source: file:///home/seluser/ppt/player/dashjs/index.html (128)
[155:155:1129/151046.776055:INFO:CONSOLE(128)] "currentLatencynow: 13.803", source: file:///home/seluser/ppt/player/dashjs/index.html (128)
[155:155:1129/151047.776125:INFO:CONSOLE(128)] "currentLatencynow: 14.309", source: file:///home/seluser/ppt/player/dashjs/index.html (128)
[155:155:1129/151048.776091:INFO:CONSOLE(128)] "currentLatencynow: 14.209", source: file:///home/seluser/ppt/player/dashjs/index.html (128)
[155:155:1129/151049.776147:INFO:CONSOLE(128)] "currentLatencynow: 14.108", source: file:///home/seluser/ppt/player/dashjs/index.html (128)
[155:155:1129/151050.776022:INFO:CONSOLE(128)] "currentLatencynow: 14.008", source: file:///home/seluser/ppt/player/dashjs/index.html (128)
[155:155:1129/151051.777526:INFO:CONSOLE(128)] "currentLatencynow: 13.909", source: file:///home/seluser/ppt/player/dashjs/index.html (128)
[155:155:1129/151052.776964:INFO:CONSOLE(128)] "currentLatencynow: 13.819", source: file:///home/seluser/ppt/player/dashjs/index.html (128)
[155:155:1129/151053.776939:INFO:CONSOLE(128)] "currentLatencynow: 14.794", source: file:///home/seluser/ppt/player/dashjs/index.html (128)
[155:155:1129/151054.776937:INFO:CONSOLE(128)] "currentLatencynow: 15.794", source: file:///home/seluser/ppt/player/dashjs/index.html (128)
[155:155:1129/151055.776975:INFO:CONSOLE(128)] "currentLatencynow: 16.794", source: file:///home/seluser/ppt/player/dashjs/index.html (128)
[155:182:1129/151056.094114:ERROR:bus.cc(392)] Failed to connect to the bus: Address does not contain a colon
[155:182:1129/151056.094164:ERROR:bus.cc(392)] Failed to connect to the bus: Address does not contain a colon
[155:155:1129/151056.777171:INFO:CONSOLE(128)] "currentLatencynow: 16.967", source: file:///home/seluser/ppt/player/dashjs/index.html (128)
[155:155:1129/151057.777101:INFO:CONSOLE(128)] "currentLatencynow: 16.868", source: file:///home/seluser/ppt/player/dashjs/index.html (128)
[155:155:1129/151058.777129:INFO:CONSOLE(128)] "currentLatencynow: 16.769", source: file:///home/seluser/ppt/player/dashjs/index.html (128)
[155:155:1129/151059.777002:INFO:CONSOLE(128)] "currentLatencynow: 16.667", source: file:///home/seluser/ppt/player/dashjs/index.html (128)
[155:155:1129/151100.776909:INFO:CONSOLE(128)] "currentLatencynow: 16.567", source: file:///home/seluser/ppt/player/dashjs/index.html (128)
[155:155:1129/151101.779732:INFO:CONSOLE(128)] "currentLatencynow: 16.492", source: file:///home/seluser/ppt/player/dashjs/index.html (128)
[155:155:1129/151102.777182:INFO:CONSOLE(128)] "currentLatencynow: 16.392", source: file:///home/seluser/ppt/player/dashjs/index.html (128)
[155:155:1129/151103.776962:INFO:CONSOLE(128)] "currentLatencynow: 16.728", source: file:///home/seluser/ppt/player/dashjs/index.html (128)
[155:155:1129/151104.776990:INFO:CONSOLE(128)] "currentLatencynow: 17.728", source: file:///home/seluser/ppt/player/dashjs/index.html (128)
[155:155:1129/151105.777267:INFO:CONSOLE(128)] "currentLatencynow: 18.728", source: file:///home/seluser/ppt/player/dashjs/index.html (128)
[155:182:1129/151106.206927:ERROR:bus.cc(392)] Failed to connect to the bus: Address does not contain a colon
[155:182:1129/151106.206985:ERROR:bus.cc(392)] Failed to connect to the bus: Address does not contain a colon
[155:155:1129/151106.777034:INFO:CONSOLE(128)] "currentLatencynow: 19.054", source: file:///home/seluser/ppt/player/dashjs/index.html (128)
[155:155:1129/151107.777099:INFO:CONSOLE(128)] "currentLatencynow: 18.956", source: file:///home/seluser/ppt/player/dashjs/index.html (128)
[155:155:1129/151108.780952:INFO:CONSOLE(128)] "currentLatencynow: 18.854", source: file:///home/seluser/ppt/player/dashjs/index.html (128)
[155:155:1129/151109.777176:INFO:CONSOLE(128)] "currentLatencynow: 18.754", source: file:///home/seluser/ppt/player/dashjs/index.html (128)
[155:155:1129/151110.776955:INFO:CONSOLE(128)] "currentLatencynow: 18.654", source: file:///home/seluser/ppt/player/dashjs/index.html (128)
[155:155:1129/151111.777724:INFO:CONSOLE(128)] "currentLatencynow: 18.724", source: file:///home/seluser/ppt/player/dashjs/index.html (128)
[155:155:1129/151112.776973:INFO:CONSOLE(128)] "currentLatencynow: 19.723", source: file:///home/seluser/ppt/player/dashjs/index.html (128)
[155:155:1129/151113.777021:INFO:CONSOLE(128)] "currentLatencynow: 20.723", source: file:///home/seluser/ppt/player/dashjs/index.html (128)
[155:155:1129/151114.778791:INFO:CONSOLE(128)] "currentLatencynow: 21.725", source: file:///home/seluser/ppt/player/dashjs/index.html (128)
[155:155:1129/151115.777139:INFO:CONSOLE(128)] "currentLatencynow: 22.723", source: file:///home/seluser/ppt/player/dashjs/index.html (128)
[155:182:1129/151116.676396:ERROR:bus.cc(392)] Failed to connect to the bus: Address does not contain a colon
[155:182:1129/151116.676655:ERROR:bus.cc(392)] Failed to connect to the bus: Address does not contain a colon
[155:155:1129/151116.776964:INFO:CONSOLE(128)] "currentLatencynow: 23.537", source: file:///home/seluser/ppt/player/dashjs/index.html (128)
[155:155:1129/151117.777229:INFO:CONSOLE(128)] "currentLatencynow: 23.436", source: file:///home/seluser/ppt/player/dashjs/index.html (128)
[155:155:1129/151118.778245:INFO:CONSOLE(128)] "currentLatencynow: 23.338", source: file:///home/seluser/ppt/player/dashjs/index.html (128)
[155:155:1129/151119.776977:INFO:CONSOLE(128)] "currentLatencynow: 23.237", source: file:///home/seluser/ppt/player/dashjs/index.html (128)
[155:155:1129/151120.778101:INFO:CONSOLE(128)] "currentLatencynow: 23.136", source: file:///home/seluser/ppt/player/dashjs/index.html (128)
[155:155:1129/151121.778438:INFO:CONSOLE(128)] "currentLatencynow: 23.036", source: file:///home/seluser/ppt/player/dashjs/index.html (128)
[155:155:1129/151122.777250:INFO:CONSOLE(128)] "currentLatencynow: 23.681", source: file:///home/seluser/ppt/player/dashjs/index.html (128)
[155:155:1129/151123.777039:INFO:CONSOLE(128)] "currentLatencynow: 24.681", source: file:///home/seluser/ppt/player/dashjs/index.html (128)
[155:155:1129/151124.777880:INFO:CONSOLE(128)] "currentLatencynow: 25.681", source: file:///home/seluser/ppt/player/dashjs/index.html (128)
[155:155:1129/151125.777998:INFO:CONSOLE(128)] "currentLatencynow: 26.682", source: file:///home/seluser/ppt/player/dashjs/index.html (128)
[155:182:1129/151126.393654:ERROR:bus.cc(392)] Failed to connect to the bus: Address does not contain a colon
[155:182:1129/151126.393705:ERROR:bus.cc(392)] Failed to connect to the bus: Address does not contain a colon
[155:155:1129/151126.777559:INFO:CONSOLE(128)] "currentLatencynow: 27.177", source: file:///home/seluser/ppt/player/dashjs/index.html (128)
[155:155:1129/151127.777873:INFO:CONSOLE(128)] "currentLatencynow: 27.077", source: file:///home/seluser/ppt/player/dashjs/index.html (128)
[155:155:1129/151128.783207:INFO:CONSOLE(128)] "currentLatencynow: 26.977", source: file:///home/seluser/ppt/player/dashjs/index.html (128)
[155:155:1129/151129.777641:INFO:CONSOLE(128)] "currentLatencynow: 26.878", source: file:///home/seluser/ppt/player/dashjs/index.html (128)
[155:155:1129/151130.777670:INFO:CONSOLE(128)] "currentLatencynow: 26.778", source: file:///home/seluser/ppt/player/dashjs/index.html (128)
[155:155:1129/151131.777056:INFO:CONSOLE(128)] "currentLatencynow: 26.705", source: file:///home/seluser/ppt/player/dashjs/index.html (128)
[155:155:1129/151132.778854:INFO:CONSOLE(128)] "currentLatencynow: 26.705", source: file:///home/seluser/ppt/player/dashjs/index.html (128)
[155:155:1129/151133.777886:INFO:CONSOLE(128)] "currentLatencynow: 26.705", source: file:///home/seluser/ppt/player/dashjs/index.html (128)
[155:155:1129/151134.778013:INFO:CONSOLE(128)] "currentLatencynow: 27.655", source: file:///home/seluser/ppt/player/dashjs/index.html (128)
[155:155:1129/151135.777932:INFO:CONSOLE(128)] "currentLatencynow: 28.656", source: file:///home/seluser/ppt/player/dashjs/index.html (128)
[155:182:1129/151135.993118:ERROR:bus.cc(392)] Failed to connect to the bus: Address does not contain a colon
[155:182:1129/151135.993159:ERROR:bus.cc(392)] Failed to connect to the bus: Address does not contain a colon
[155:155:1129/151136.777258:INFO:CONSOLE(128)] "currentLatencynow: 28.716", source: file:///home/seluser/ppt/player/dashjs/index.html (128)
[155:155:1129/151137.777075:INFO:CONSOLE(128)] "currentLatencynow: 28.616", source: file:///home/seluser/ppt/player/dashjs/index.html (128)
[155:155:1129/151138.776995:INFO:CONSOLE(128)] "currentLatencynow: 28.516", source: file:///home/seluser/ppt/player/dashjs/index.html (128)
[155:155:1129/151139.778184:INFO:CONSOLE(128)] "currentLatencynow: 28.416", source: file:///home/seluser/ppt/player/dashjs/index.html (128)
[155:155:1129/151140.777111:INFO:CONSOLE(128)] "currentLatencynow: 28.316", source: file:///home/seluser/ppt/player/dashjs/index.html (128)
[155:155:1129/151141.777189:INFO:CONSOLE(128)] "currentLatencynow: 28.216", source: file:///home/seluser/ppt/player/dashjs/index.html (128)
[155:155:1129/151142.777131:INFO:CONSOLE(128)] "currentLatencynow: 28.115", source: file:///home/seluser/ppt/player/dashjs/index.html (128)
[155:155:1129/151143.777259:INFO:CONSOLE(128)] "currentLatencynow: 28.016", source: file:///home/seluser/ppt/player/dashjs/index.html (128)
[155:155:1129/151144.777113:INFO:CONSOLE(128)] "currentLatencynow: 27.916", source: file:///home/seluser/ppt/player/dashjs/index.html (128)
[155:155:1129/151145.777332:INFO:CONSOLE(128)] "currentLatencynow: 27.816", source: file:///home/seluser/ppt/player/dashjs/index.html (128)
[155:155:1129/151146.777419:INFO:CONSOLE(128)] "currentLatencynow: 27.728", source: file:///home/seluser/ppt/player/dashjs/index.html (128)
[155:155:1129/151147.777219:INFO:CONSOLE(128)] "currentLatencynow: 27.641", source: file:///home/seluser/ppt/player/dashjs/index.html (128)
[155:155:1129/151148.777150:INFO:CONSOLE(128)] "currentLatencynow: 27.567", source: file:///home/seluser/ppt/player/dashjs/index.html (128)
[155:155:1129/151149.777648:INFO:CONSOLE(128)] "currentLatencynow: 27.467", source: file:///home/seluser/ppt/player/dashjs/index.html (128)
[155:155:1129/151150.777299:INFO:CONSOLE(128)] "currentLatencynow: 27.587", source: file:///home/seluser/ppt/player/dashjs/index.html (128)
[155:155:1129/151151.777440:INFO:CONSOLE(128)] "currentLatencynow: 28.587", source: file:///home/seluser/ppt/player/dashjs/index.html (128)
[155:155:1129/151152.777789:INFO:CONSOLE(128)] "currentLatencynow: 29.587", source: file:///home/seluser/ppt/player/dashjs/index.html (128)
[155:182:1129/151152.858526:ERROR:bus.cc(392)] Failed to connect to the bus: Address does not contain a colon
[155:182:1129/151152.858571:ERROR:bus.cc(392)] Failed to connect to the bus: Address does not contain a colon
[155:155:1129/151153.777150:INFO:CONSOLE(128)] "currentLatencynow: 29.521", source: file:///home/seluser/ppt/player/dashjs/index.html (128)
[155:155:1129/151154.777288:INFO:CONSOLE(128)] "currentLatencynow: 29.419", source: file:///home/seluser/ppt/player/dashjs/index.html (128)
[155:155:1129/151155.777189:INFO:CONSOLE(128)] "currentLatencynow: 29.319", source: file:///home/seluser/ppt/player/dashjs/index.html (128)
[155:155:1129/151156.777186:INFO:CONSOLE(128)] "currentLatencynow: 29.219", source: file:///home/seluser/ppt/player/dashjs/index.html (128)
[155:155:1129/151157.777041:INFO:CONSOLE(128)] "currentLatencynow: 29.119", source: file:///home/seluser/ppt/player/dashjs/index.html (128)
[155:155:1129/151158.777243:INFO:CONSOLE(128)] "currentLatencynow: 29.019", source: file:///home/seluser/ppt/player/dashjs/index.html (128)
[155:155:1129/151159.777336:INFO:CONSOLE(128)] "currentLatencynow: 28.919", source: file:///home/seluser/ppt/player/dashjs/index.html (128)
[155:155:1129/151200.779962:INFO:CONSOLE(128)] "currentLatencynow: 28.905", source: file:///home/seluser/ppt/player/dashjs/index.html (128)
[155:155:1129/151201.777397:INFO:CONSOLE(128)] "currentLatencynow: 28.906", source: file:///home/seluser/ppt/player/dashjs/index.html (128)
[155:155:1129/151202.777134:INFO:CONSOLE(128)] "currentLatencynow: 28.905", source: file:///home/seluser/ppt/player/dashjs/index.html (128)
[155:155:1129/151203.777672:INFO:CONSOLE(128)] "currentLatencynow: 28.905", source: file:///home/seluser/ppt/player/dashjs/index.html (128)
[155:155:1129/151204.777359:INFO:CONSOLE(128)] "currentLatencynow: 28.905", source: file:///home/seluser/ppt/player/dashjs/index.html (128)
[155:155:1129/151205.777247:INFO:CONSOLE(128)] "currentLatencynow: 28.912", source: file:///home/seluser/ppt/player/dashjs/index.html (128)
[155:155:1129/151206.777013:INFO:CONSOLE(128)] "currentLatencynow: 29.536", source: file:///home/seluser/ppt/player/dashjs/index.html (128)
[155:155:1129/151207.779984:INFO:CONSOLE(128)] "currentLatencynow: 30.539", source: file:///home/seluser/ppt/player/dashjs/index.html (128)
[155:182:1129/151208.544104:ERROR:bus.cc(392)] Failed to connect to the bus: Address does not contain a colon
[155:182:1129/151208.544145:ERROR:bus.cc(392)] Failed to connect to the bus: Address does not contain a colon
[155:155:1129/151208.777129:INFO:CONSOLE(128)] "currentLatencynow: 30.998", source: file:///home/seluser/ppt/player/dashjs/index.html (128)
[155:155:1129/151209.777034:INFO:CONSOLE(128)] "currentLatencynow: 30.998", source: file:///home/seluser/ppt/player/dashjs/index.html (128)
[155:155:1129/151210.777454:INFO:CONSOLE(128)] "currentLatencynow: 31.519", source: file:///home/seluser/ppt/player/dashjs/index.html (128)
[155:155:1129/151211.778716:INFO:CONSOLE(128)] "currentLatencynow: 32.519", source: file:///home/seluser/ppt/player/dashjs/index.html (128)
[155:155:1129/151212.777123:INFO:CONSOLE(128)] "currentLatencynow: 33.519", source: file:///home/seluser/ppt/player/dashjs/index.html (128)
[155:155:1129/151213.777098:INFO:CONSOLE(128)] "currentLatencynow: 34.519", source: file:///home/seluser/ppt/player/dashjs/index.html (128)
[155:155:1129/151214.777132:INFO:CONSOLE(128)] "currentLatencynow: 35.519", source: file:///home/seluser/ppt/player/dashjs/index.html (128)
[155:155:1129/151215.777152:INFO:CONSOLE(128)] "currentLatencynow: 36.519", source: file:///home/seluser/ppt/player/dashjs/index.html (128)
[155:155:1129/151216.777067:INFO:CONSOLE(128)] "currentLatencynow: 37.519", source: file:///home/seluser/ppt/player/dashjs/index.html (128)
[155:155:1129/151217.777059:INFO:CONSOLE(128)] "currentLatencynow: 38.519", source: file:///home/seluser/ppt/player/dashjs/index.html (128)
[155:155:1129/151218.777087:INFO:CONSOLE(128)] "currentLatencynow: 39.519", source: file:///home/seluser/ppt/player/dashjs/index.html (128)
[155:155:1129/151219.777107:INFO:CONSOLE(128)] "currentLatencynow: 40.519", source: file:///home/seluser/ppt/player/dashjs/index.html (128)
[155:155:1129/151220.777051:INFO:CONSOLE(128)] "currentLatencynow: 41.519", source: file:///home/seluser/ppt/player/dashjs/index.html (128)
[155:155:1129/151221.777124:INFO:CONSOLE(128)] "currentLatencynow: 42.519", source: file:///home/seluser/ppt/player/dashjs/index.html (128)
[155:155:1129/151222.777143:INFO:CONSOLE(128)] "currentLatencynow: 43.519", source: file:///home/seluser/ppt/player/dashjs/index.html (128)
[155:155:1129/151223.777232:INFO:CONSOLE(128)] "currentLatencynow: 44.519", source: file:///home/seluser/ppt/player/dashjs/index.html (128)
[155:155:1129/151224.777320:INFO:CONSOLE(128)] "currentLatencynow: 45.519", source: file:///home/seluser/ppt/player/dashjs/index.html (128)
[155:155:1129/151225.777212:INFO:CONSOLE(128)] "currentLatencynow: 46.519", source: file:///home/seluser/ppt/player/dashjs/index.html (128)
[155:155:1129/151226.777135:INFO:CONSOLE(128)] "currentLatencynow: 47.519", source: file:///home/seluser/ppt/player/dashjs/index.html (128)
[155:155:1129/151227.777097:INFO:CONSOLE(128)] "currentLatencynow: 48.519", source: file:///home/seluser/ppt/player/dashjs/index.html (128)
[155:155:1129/151228.777149:INFO:CONSOLE(128)] "currentLatencynow: 49.519", source: file:///home/seluser/ppt/player/dashjs/index.html (128)
[155:155:1129/151229.777130:INFO:CONSOLE(114)] "Begin Player stistics 
", source: file:///home/seluser/ppt/player/dashjs/index.html (114)
[155:155:1129/151229.777278:INFO:CONSOLE(115)] "["stall",[["1.77","3.40",1.63]],[["4.64","4.88",0.2400000000000002]],[["7.36","7.61",0.25]],[["12.78","13.03",0.25]],[["15.96","16.21",0.25]],[["23.40","23.66",0.26000000000000156]],[["34.01","34.26",0.25]],[["42.24","42.49",0.25]],[["52.72","52.97",0.25]],[["64.43","64.68",0.25]],[["81.20","81.44",0.23999999999999488]],[["96.75","97.00",0.25]],[["99.07","99.08",0.010000000000005116]],[["availibleBW",[null],[null],[3675],[3675],[3675],[3675],[2897],[2897],[2897],[2897],[2551],[2551],[2551],[2915],[2923],[2923],[2923],[3227],[3227],[3227],[3487],[3487],[3487],[3523],[3523],[3523],[3419],[3419],[3511],[3511],[3471],[3471],[3471],[3521],[3521],[3585],[3585],[3585],[3585],[3541],[3541],[3541],[3777],[3777],[3390],[3390],[2651],[2651],[2651],[2749],[2749],[2749],[2805],[2805],[2805],[3193],[3193],[3485],[3485],[3438],[3438],[3438],[3438],[3661],[3661],[3661],[3807],[3807],[4017],[4017],[4017],[4083],[4083],[4083],[4002],[4002],[4216],[4216],[4091],[4091],[3793],[3793],[3621],[3621],[3621],[3611],[3611],[3482],[3482],[3482],[3305],[3305],[3490],[3490],[3521],[3521],[3652],[3652],[3838],[3838],[3838],[3838],[3838],[3838],[3838],[3838],[3838],[3838],[3838],[3838],[3838],[3838],[3838],[3838],[3838],[3838],[3838],[3838],[3838]]],[["currentBuffer",[0],[0],[1.359],[0.479],[0.002],[0],[0.035],[0.035],[0.035],[0.035],[1.558],[0.457],[0.006],[1.68],[2.683],[2.004],[2.004],[3.698],[2.598],[1.499],[2.4],[1.302],[0.2],[2],[2],[2],[3.421],[2.319],[3.224],[2.123],[2.944],[1.814],[0.851],[1.941],[1.941],[3.943],[3.404],[2.304],[1.204],[2.028],[1.006],[0],[1.943],[1.943],[3.945],[3.945],[5.815],[4.811],[3.711],[4.597],[3.513],[2.411],[3.908],[3.908],[3.908],[5.91],[5.586],[6.487],[5.388],[6.226],[5.19],[3.939],[3.101],[4.103],[3.89],[3.89],[5.172],[4.072],[4.973],[3.874],[2.775],[3.676],[2.576],[1.476],[2.375],[1.278],[2.18],[1.106],[2.025],[0.935],[1.837],[1.837],[3.839],[2.972],[1.872],[2.774],[1.673],[2.485],[1.476],[0.376],[1.345],[0.345],[1.347],[0.347],[1.267],[0.349],[1.799],[1.799],[3.315],[2.316],[1.784],[1.784],[1.784],[1.784],[1.784],[1.784],[1.784],[1.784],[1.784],[1.784],[1.784],[1.784],[1.784],[1.784],[1.784],[1.784],[1.784],[1.784],[1.784]]],[["currentLatency",[0],[6.168],[7.167],[7.179],[7.808],[7.823],[7.841],[8.842],[9.841],[10.842],[11.342],[11.242],[11.81],[12.383],[12.383],[12.803],[13.803],[14.309],[14.209],[14.108],[14.008],[13.909],[13.819],[14.794],[15.794],[16.794],[16.967],[16.868],[16.769],[16.667],[16.567],[16.492],[16.392],[16.728],[17.728],[18.728],[19.054],[18.956],[18.854],[18.754],[18.654],[18.724],[19.723],[20.723],[21.725],[22.723],[23.537],[23.436],[23.338],[23.237],[23.136],[23.036],[23.681],[24.681],[25.681],[26.682],[27.177],[27.077],[26.977],[26.878],[26.778],[26.705],[26.705],[26.705],[27.655],[28.656],[28.716],[28.616],[28.516],[28.416],[28.316],[28.216],[28.115],[28.016],[27.916],[27.816],[27.728],[27.641],[27.567],[27.467],[27.587],[28.587],[29.587],[29.521],[29.419],[29.319],[29.219],[29.119],[29.019],[28.919],[28.905],[28.906],[28.905],[28.905],[28.905],[28.912],[29.536],[30.539],[30.998],[30.998],[31.519],[32.519],[33.519],[34.519],[35.519],[36.519],[37.519],[38.519],[39.519],[40.519],[41.519],[42.519],[43.519],[44.519],[45.519],[46.519],[47.519],[48.519],[49.519]]]]", source: file:///home/seluser/ppt/player/dashjs/index.html (115)
[155:155:1129/151229.777343:INFO:CONSOLE(116)] "
", source: file:///home/seluser/ppt/player/dashjs/index.html (116)
[155:155:1129/151229.777369:INFO:CONSOLE(117)] "Finish Player stistics 
", source: file:///home/seluser/ppt/player/dashjs/index.html (117)
[155:155:1129/151229.777505:INFO:CONSOLE(128)] "currentLatencynow: 50.52", source: file:///home/seluser/ppt/player/dashjs/index.html (128)
[155:155:1129/151230.777050:INFO:CONSOLE(128)] "currentLatencynow: 51.519", source: file:///home/seluser/ppt/player/dashjs/index.html (128)
[155:155:1129/151231.777210:INFO:CONSOLE(128)] "currentLatencynow: 52.519", source: file:///home/seluser/ppt/player/dashjs/index.html (128)
[155:155:1129/151232.777107:INFO:CONSOLE(128)] "currentLatencynow: 53.519", source: file:///home/seluser/ppt/player/dashjs/index.html (128)
[155:155:1129/151233.777128:INFO:CONSOLE(128)] "currentLatencynow: 54.519", source: file:///home/seluser/ppt/player/dashjs/index.html (128)
[155:155:1129/151234.777102:INFO:CONSOLE(128)] "currentLatencynow: 55.519", source: file:///home/seluser/ppt/player/dashjs/index.html (128)
[155:155:1129/151235.777153:INFO:CONSOLE(128)] "currentLatencynow: 56.519", source: file:///home/seluser/ppt/player/dashjs/index.html (128)
[155:155:1129/151236.777239:INFO:CONSOLE(128)] "currentLatencynow: 57.519", source: file:///home/seluser/ppt/player/dashjs/index.html (128)
[155:155:1129/151237.777084:INFO:CONSOLE(128)] "currentLatencynow: 58.519", source: file:///home/seluser/ppt/player/dashjs/index.html (128)
[155:155:1129/151238.777082:INFO:CONSOLE(128)] "currentLatencynow: 59.519", source: file:///home/seluser/ppt/player/dashjs/index.html (128)
[155:155:1129/151239.777082:INFO:CONSOLE(128)] "currentLatencynow: 60.519", source: file:///home/seluser/ppt/player/dashjs/index.html (128)
[155:155:1129/151240.777080:INFO:CONSOLE(128)] "currentLatencynow: 61.519", source: file:///home/seluser/ppt/player/dashjs/index.html (128)
[155:155:1129/151241.777099:INFO:CONSOLE(128)] "currentLatencynow: 62.519", source: file:///home/seluser/ppt/player/dashjs/index.html (128)
[155:155:1129/151242.777084:INFO:CONSOLE(128)] "currentLatencynow: 63.519", source: file:///home/seluser/ppt/player/dashjs/index.html (128)
[155:155:1129/151243.777109:INFO:CONSOLE(128)] "currentLatencynow: 64.519", source: file:///home/seluser/ppt/player/dashjs/index.html (128)
[155:155:1129/151244.777094:INFO:CONSOLE(128)] "currentLatencynow: 65.519", source: file:///home/seluser/ppt/player/dashjs/index.html (128)
[155:155:1129/151245.777131:INFO:CONSOLE(128)] "currentLatencynow: 66.519", source: file:///home/seluser/ppt/player/dashjs/index.html (128)
[155:155:1129/151246.777123:INFO:CONSOLE(128)] "currentLatencynow: 67.519", source: file:///home/seluser/ppt/player/dashjs/index.html (128)
[155:155:1129/151247.777071:INFO:CONSOLE(128)] "currentLatencynow: 68.519", source: file:///home/seluser/ppt/player/dashjs/index.html (128)
[155:155:1129/151248.777162:INFO:CONSOLE(128)] "currentLatencynow: 69.519", source: file:///home/seluser/ppt/player/dashjs/index.html (128)
[155:155:1129/151249.777095:INFO:CONSOLE(128)] "currentLatencynow: 70.519", source: file:///home/seluser/ppt/player/dashjs/index.html (128)
[155:155:1129/151250.777072:INFO:CONSOLE(128)] "currentLatencynow: 71.519", source: file:///home/seluser/ppt/player/dashjs/index.html (128)
[155:155:1129/151251.777119:INFO:CONSOLE(128)] "currentLatencynow: 72.519", source: file:///home/seluser/ppt/player/dashjs/index.html (128)
[155:155:1129/151252.777148:INFO:CONSOLE(128)] "currentLatencynow: 73.519", source: file:///home/seluser/ppt/player/dashjs/index.html (128)
[155:155:1129/151253.777038:INFO:CONSOLE(128)] "currentLatencynow: 74.519", source: file:///home/seluser/ppt/player/dashjs/index.html (128)
[155:155:1129/151254.777130:INFO:CONSOLE(128)] "currentLatencynow: 75.519", source: file:///home/seluser/ppt/player/dashjs/index.html (128)
[155:155:1129/151255.777102:INFO:CONSOLE(128)] "currentLatencynow: 76.519", source: file:///home/seluser/ppt/player/dashjs/index.html (128)
[155:155:1129/151256.777145:INFO:CONSOLE(128)] "currentLatencynow: 77.519", source: file:///home/seluser/ppt/player/dashjs/index.html (128)
[155:155:1129/151257.777084:INFO:CONSOLE(128)] "currentLatencynow: 78.519", source: file:///home/seluser/ppt/player/dashjs/index.html (128)
[155:155:1129/151258.777084:INFO:CONSOLE(128)] "currentLatencynow: 79.519", source: file:///home/seluser/ppt/player/dashjs/index.html (128)
[155:155:1129/151259.777121:INFO:CONSOLE(128)] "currentLatencynow: 80.519", source: file:///home/seluser/ppt/player/dashjs/index.html (128)
[155:155:1129/151300.777058:INFO:CONSOLE(128)] "currentLatencynow: 81.519", source: file:///home/seluser/ppt/player/dashjs/index.html (128)
[155:155:1129/151301.777038:INFO:CONSOLE(128)] "currentLatencynow: 82.519", source: file:///home/seluser/ppt/player/dashjs/index.html (128)
[155:155:1129/151302.777171:INFO:CONSOLE(128)] "currentLatencynow: 83.519", source: file:///home/seluser/ppt/player/dashjs/index.html (128)
[155:155:1129/151303.777100:INFO:CONSOLE(128)] "currentLatencynow: 84.519", source: file:///home/seluser/ppt/player/dashjs/index.html (128)
[155:155:1129/151304.777070:INFO:CONSOLE(128)] "currentLatencynow: 85.519", source: file:///home/seluser/ppt/player/dashjs/index.html (128)
[155:155:1129/151305.777176:INFO:CONSOLE(128)] "currentLatencynow: 86.519", source: file:///home/seluser/ppt/player/dashjs/index.html (128)
[155:155:1129/151306.777152:INFO:CONSOLE(128)] "currentLatencynow: 87.519", source: file:///home/seluser/ppt/player/dashjs/index.html (128)
[155:155:1129/151307.777088:INFO:CONSOLE(128)] "currentLatencynow: 88.519", source: file:///home/seluser/ppt/player/dashjs/index.html (128)
[155:155:1129/151308.777104:INFO:CONSOLE(128)] "currentLatencynow: 89.519", source: file:///home/seluser/ppt/player/dashjs/index.html (128)
[155:155:1129/151309.777054:INFO:CONSOLE(128)] "currentLatencynow: 90.519", source: file:///home/seluser/ppt/player/dashjs/index.html (128)
[155:155:1129/151310.777066:INFO:CONSOLE(128)] "currentLatencynow: 91.519", source: file:///home/seluser/ppt/player/dashjs/index.html (128)
[155:155:1129/151311.777256:INFO:CONSOLE(128)] "currentLatencynow: 92.519", source: file:///home/seluser/ppt/player/dashjs/index.html (128)
[155:155:1129/151312.777020:INFO:CONSOLE(128)] "currentLatencynow: 93.519", source: file:///home/seluser/ppt/player/dashjs/index.html (128)
[155:155:1129/151313.777166:INFO:CONSOLE(128)] "currentLatencynow: 94.519", source: file:///home/seluser/ppt/player/dashjs/index.html (128)
[155:155:1129/151314.777173:INFO:CONSOLE(128)] "currentLatencynow: 95.519", source: file:///home/seluser/ppt/player/dashjs/index.html (128)
[155:155:1129/151315.777132:INFO:CONSOLE(128)] "currentLatencynow: 96.519", source: file:///home/seluser/ppt/player/dashjs/index.html (128)
[155:155:1129/151316.777052:INFO:CONSOLE(128)] "currentLatencynow: 97.519", source: file:///home/seluser/ppt/player/dashjs/index.html (128)
[155:155:1129/151317.777129:INFO:CONSOLE(128)] "currentLatencynow: 98.519", source: file:///home/seluser/ppt/player/dashjs/index.html (128)
[155:155:1129/151318.777043:INFO:CONSOLE(128)] "currentLatencynow: 99.519", source: file:///home/seluser/ppt/player/dashjs/index.html (128)
[155:155:1129/151319.777081:INFO:CONSOLE(128)] "currentLatencynow: 100.519", source: file:///home/seluser/ppt/player/dashjs/index.html (128)
[155:155:1129/151320.777118:INFO:CONSOLE(128)] "currentLatencynow: 101.519", source: file:///home/seluser/ppt/player/dashjs/index.html (128)
[155:155:1129/151321.777037:INFO:CONSOLE(128)] "currentLatencynow: 102.519", source: file:///home/seluser/ppt/player/dashjs/index.html (128)
[155:155:1129/151322.777019:INFO:CONSOLE(128)] "currentLatencynow: 103.519", source: file:///home/seluser/ppt/player/dashjs/index.html (128)
[155:155:1129/151323.777017:INFO:CONSOLE(128)] "currentLatencynow: 104.519", source: file:///home/seluser/ppt/player/dashjs/index.html (128)
[155:155:1129/151324.777051:INFO:CONSOLE(128)] "currentLatencynow: 105.519", source: file:///home/seluser/ppt/player/dashjs/index.html (128)
[155:155:1129/151325.777282:INFO:CONSOLE(128)] "currentLatencynow: 106.519", source: file:///home/seluser/ppt/player/dashjs/index.html (128)
[155:155:1129/151326.777035:INFO:CONSOLE(128)] "currentLatencynow: 107.519", source: file:///home/seluser/ppt/player/dashjs/index.html (128)
[155:155:1129/151327.777067:INFO:CONSOLE(128)] "currentLatencynow: 108.519", source: file:///home/seluser/ppt/player/dashjs/index.html (128)
[155:155:1129/151328.776983:INFO:CONSOLE(128)] "currentLatencynow: 109.519", source: file:///home/seluser/ppt/player/dashjs/index.html (128)
[155:155:1129/151329.776997:INFO:CONSOLE(128)] "currentLatencynow: 110.519", source: file:///home/seluser/ppt/player/dashjs/index.html (128)
[155:155:1129/151330.031435:WARNING:pref_notifier_impl.cc(40)] Pref observer for media_router.cast_allow_all_ips found at shutdown.
