[155:219:1129/142428.325875:ERROR:bus.cc(392)] Failed to connect to the bus: Failed to connect to socket /var/run/dbus/system_bus_socket: No such file or directory
[155:182:1129/142428.330194:ERROR:bus.cc(392)] Failed to connect to the bus: Address does not contain a colon
[155:182:1129/142428.330240:ERROR:bus.cc(392)] Failed to connect to the bus: Address does not contain a colon
[155:182:1129/142428.345611:ERROR:bus.cc(392)] Failed to connect to the bus: Address does not contain a colon
[155:182:1129/142428.345666:ERROR:bus.cc(392)] Failed to connect to the bus: Address does not contain a colon
[226:226:1129/142428.347167:ERROR:gpu_init.cc(453)] Passthrough is not supported, GL is swiftshader, ANGLE is 
[155:182:1129/142428.368895:ERROR:bus.cc(392)] Failed to connect to the bus: Address does not contain a colon
[155:182:1129/142428.368930:ERROR:bus.cc(392)] Failed to connect to the bus: Address does not contain a colon
[155:313:1129/142428.455135:ERROR:bus.cc(392)] Failed to connect to the bus: Failed to connect to socket /var/run/dbus/system_bus_socket: No such file or directory
[155:313:1129/142428.457736:ERROR:bus.cc(392)] Failed to connect to the bus: Failed to connect to socket /var/run/dbus/system_bus_socket: No such file or directory
[155:313:1129/142428.457840:ERROR:bus.cc(392)] Failed to connect to the bus: Failed to connect to socket /var/run/dbus/system_bus_socket: No such file or directory
[155:313:1129/142428.457862:WARNING:property.cc(144)] DaemonVersion: GetAndBlock: failed.
[155:313:1129/142428.457931:ERROR:bus.cc(392)] Failed to connect to the bus: Failed to connect to socket /var/run/dbus/system_bus_socket: No such file or directory
[155:313:1129/142428.457979:ERROR:bus.cc(392)] Failed to connect to the bus: Failed to connect to socket /var/run/dbus/system_bus_socket: No such file or directory
[155:155:1129/142430.019241:INFO:CONSOLE(128)] "currentLatencynow: NaN", source: file:///home/seluser/ppt/player/dashjs/index.html (128)
[356:356:1129/142430.667735:WARNING:audio_manager_linux.cc(69)] Falling back to ALSA for audio output. PulseAudio is not available or could not be initialized.
[356:356:1129/142430.672585:ERROR:alsa_util.cc(204)] PcmOpen: default,No such file or directory
[356:356:1129/142430.672747:ERROR:alsa_util.cc(204)] PcmOpen: plug:default,No such file or directory
[155:258:1129/142430.792136:ERROR:chrome_browser_main_extra_parts_metrics.cc(228)] crbug.com/1216328: Checking Bluetooth availability started. Please report if there is no report that this ends.
[155:258:1129/142430.792220:ERROR:chrome_browser_main_extra_parts_metrics.cc(231)] crbug.com/1216328: Checking Bluetooth availability ended.
[155:258:1129/142430.792250:ERROR:chrome_browser_main_extra_parts_metrics.cc(234)] crbug.com/1216328: Checking default browser status started. Please report if there is no report that this ends.
[155:258:1129/142430.902436:ERROR:chrome_browser_main_extra_parts_metrics.cc(238)] crbug.com/1216328: Checking default browser status ended.
[155:155:1129/142431.019173:INFO:CONSOLE(128)] "currentLatencynow: 5.731", source: file:///home/seluser/ppt/player/dashjs/index.html (128)
[155:155:1129/142432.019093:INFO:CONSOLE(128)] "currentLatencynow: 6.731", source: file:///home/seluser/ppt/player/dashjs/index.html (128)
[155:182:1129/142432.283797:ERROR:bus.cc(392)] Failed to connect to the bus: Address does not contain a colon
[155:182:1129/142432.283862:ERROR:bus.cc(392)] Failed to connect to the bus: Address does not contain a colon
[155:182:1129/142432.283885:ERROR:bus.cc(392)] Failed to connect to the bus: Address does not contain a colon
[155:182:1129/142432.283894:ERROR:bus.cc(392)] Failed to connect to the bus: Address does not contain a colon
[155:182:1129/142432.283914:ERROR:bus.cc(392)] Failed to connect to the bus: Address does not contain a colon
[155:182:1129/142432.283920:ERROR:bus.cc(392)] Failed to connect to the bus: Address does not contain a colon
[155:182:1129/142432.283938:ERROR:bus.cc(392)] Failed to connect to the bus: Address does not contain a colon
[155:182:1129/142432.283975:ERROR:bus.cc(392)] Failed to connect to the bus: Address does not contain a colon
[155:182:1129/142432.283993:ERROR:bus.cc(392)] Failed to connect to the bus: Address does not contain a colon
[155:182:1129/142432.284012:ERROR:bus.cc(392)] Failed to connect to the bus: Address does not contain a colon
[155:182:1129/142432.284018:ERROR:bus.cc(392)] Failed to connect to the bus: Address does not contain a colon
[155:182:1129/142432.284023:ERROR:bus.cc(392)] Failed to connect to the bus: Address does not contain a colon
[155:182:1129/142432.284028:ERROR:bus.cc(392)] Failed to connect to the bus: Address does not contain a colon
[155:182:1129/142432.284044:ERROR:bus.cc(392)] Failed to connect to the bus: Address does not contain a colon
[155:182:1129/142432.288029:ERROR:bus.cc(392)] Failed to connect to the bus: Address does not contain a colon
[155:182:1129/142432.288070:ERROR:bus.cc(392)] Failed to connect to the bus: Address does not contain a colon
[155:182:1129/142432.288092:ERROR:bus.cc(392)] Failed to connect to the bus: Address does not contain a colon
[155:182:1129/142432.343055:ERROR:bus.cc(392)] Failed to connect to the bus: Address does not contain a colon
[155:182:1129/142432.343108:ERROR:bus.cc(392)] Failed to connect to the bus: Address does not contain a colon
[155:155:1129/142433.019094:INFO:CONSOLE(128)] "currentLatencynow: 7.005", source: file:///home/seluser/ppt/player/dashjs/index.html (128)
[155:155:1129/142434.019052:INFO:CONSOLE(128)] "currentLatencynow: 6.997", source: file:///home/seluser/ppt/player/dashjs/index.html (128)
[155:155:1129/142435.019104:INFO:CONSOLE(128)] "currentLatencynow: 6.997", source: file:///home/seluser/ppt/player/dashjs/index.html (128)
[155:155:1129/142436.019086:INFO:CONSOLE(128)] "currentLatencynow: 6.997", source: file:///home/seluser/ppt/player/dashjs/index.html (128)
[155:155:1129/142437.019097:INFO:CONSOLE(128)] "currentLatencynow: 6.997", source: file:///home/seluser/ppt/player/dashjs/index.html (128)
[155:155:1129/142438.019096:INFO:CONSOLE(128)] "currentLatencynow: 6.997", source: file:///home/seluser/ppt/player/dashjs/index.html (128)
[155:155:1129/142439.019073:INFO:CONSOLE(128)] "currentLatencynow: 6.997", source: file:///home/seluser/ppt/player/dashjs/index.html (128)
[155:155:1129/142440.019111:INFO:CONSOLE(128)] "currentLatencynow: 6.997", source: file:///home/seluser/ppt/player/dashjs/index.html (128)
[155:155:1129/142441.019089:INFO:CONSOLE(128)] "currentLatencynow: 6.997", source: file:///home/seluser/ppt/player/dashjs/index.html (128)
[155:155:1129/142442.019101:INFO:CONSOLE(128)] "currentLatencynow: 6.997", source: file:///home/seluser/ppt/player/dashjs/index.html (128)
[155:155:1129/142443.019159:INFO:CONSOLE(128)] "currentLatencynow: 6.997", source: file:///home/seluser/ppt/player/dashjs/index.html (128)
[155:155:1129/142444.019218:INFO:CONSOLE(128)] "currentLatencynow: 6.931", source: file:///home/seluser/ppt/player/dashjs/index.html (128)
[155:155:1129/142445.019027:INFO:CONSOLE(128)] "currentLatencynow: 6.832", source: file:///home/seluser/ppt/player/dashjs/index.html (128)
[155:155:1129/142446.019086:INFO:CONSOLE(128)] "currentLatencynow: 6.732", source: file:///home/seluser/ppt/player/dashjs/index.html (128)
[155:155:1129/142447.019043:INFO:CONSOLE(128)] "currentLatencynow: 6.632", source: file:///home/seluser/ppt/player/dashjs/index.html (128)
[155:155:1129/142448.019003:INFO:CONSOLE(128)] "currentLatencynow: 6.532", source: file:///home/seluser/ppt/player/dashjs/index.html (128)
[155:155:1129/142449.019141:INFO:CONSOLE(128)] "currentLatencynow: 6.431", source: file:///home/seluser/ppt/player/dashjs/index.html (128)
[155:155:1129/142450.019097:INFO:CONSOLE(128)] "currentLatencynow: 6.332", source: file:///home/seluser/ppt/player/dashjs/index.html (128)
[155:155:1129/142451.019098:INFO:CONSOLE(128)] "currentLatencynow: 6.232", source: file:///home/seluser/ppt/player/dashjs/index.html (128)
[155:155:1129/142452.019097:INFO:CONSOLE(128)] "currentLatencynow: 6.132", source: file:///home/seluser/ppt/player/dashjs/index.html (128)
[155:155:1129/142453.019080:INFO:CONSOLE(128)] "currentLatencynow: 6.099", source: file:///home/seluser/ppt/player/dashjs/index.html (128)
[155:155:1129/142454.019065:INFO:CONSOLE(128)] "currentLatencynow: 6.099", source: file:///home/seluser/ppt/player/dashjs/index.html (128)
[155:155:1129/142455.018917:INFO:CONSOLE(128)] "currentLatencynow: 6.099", source: file:///home/seluser/ppt/player/dashjs/index.html (128)
[155:155:1129/142456.019100:INFO:CONSOLE(128)] "currentLatencynow: 6.099", source: file:///home/seluser/ppt/player/dashjs/index.html (128)
[155:155:1129/142457.019103:INFO:CONSOLE(128)] "currentLatencynow: 6.099", source: file:///home/seluser/ppt/player/dashjs/index.html (128)
[155:155:1129/142458.019080:INFO:CONSOLE(128)] "currentLatencynow: 6.099", source: file:///home/seluser/ppt/player/dashjs/index.html (128)
[155:155:1129/142459.019051:INFO:CONSOLE(128)] "currentLatencynow: 6.099", source: file:///home/seluser/ppt/player/dashjs/index.html (128)
[155:155:1129/142500.019302:INFO:CONSOLE(128)] "currentLatencynow: 6.098", source: file:///home/seluser/ppt/player/dashjs/index.html (128)
[155:155:1129/142501.019136:INFO:CONSOLE(128)] "currentLatencynow: 6.099", source: file:///home/seluser/ppt/player/dashjs/index.html (128)
[155:155:1129/142502.019006:INFO:CONSOLE(128)] "currentLatencynow: 6.099", source: file:///home/seluser/ppt/player/dashjs/index.html (128)
[155:155:1129/142503.019048:INFO:CONSOLE(128)] "currentLatencynow: 6.058", source: file:///home/seluser/ppt/player/dashjs/index.html (128)
[155:155:1129/142504.019097:INFO:CONSOLE(128)] "currentLatencynow: 5.958", source: file:///home/seluser/ppt/player/dashjs/index.html (128)
[155:155:1129/142505.019045:INFO:CONSOLE(128)] "currentLatencynow: 5.883", source: file:///home/seluser/ppt/player/dashjs/index.html (128)
[155:155:1129/142506.019064:INFO:CONSOLE(128)] "currentLatencynow: 5.783", source: file:///home/seluser/ppt/player/dashjs/index.html (128)
[155:155:1129/142507.019096:INFO:CONSOLE(128)] "currentLatencynow: 5.774", source: file:///home/seluser/ppt/player/dashjs/index.html (128)
[155:155:1129/142508.019118:INFO:CONSOLE(128)] "currentLatencynow: 5.773", source: file:///home/seluser/ppt/player/dashjs/index.html (128)
[155:155:1129/142509.018704:INFO:CONSOLE(128)] "currentLatencynow: 5.673", source: file:///home/seluser/ppt/player/dashjs/index.html (128)
[155:155:1129/142510.018762:INFO:CONSOLE(128)] "currentLatencynow: 5.573", source: file:///home/seluser/ppt/player/dashjs/index.html (128)
[155:155:1129/142511.018850:INFO:CONSOLE(128)] "currentLatencynow: 5.473", source: file:///home/seluser/ppt/player/dashjs/index.html (128)
[155:155:1129/142512.018680:INFO:CONSOLE(128)] "currentLatencynow: 5.384", source: file:///home/seluser/ppt/player/dashjs/index.html (128)
[155:155:1129/142513.018701:INFO:CONSOLE(128)] "currentLatencynow: 5.284", source: file:///home/seluser/ppt/player/dashjs/index.html (128)
[155:155:1129/142514.018728:INFO:CONSOLE(128)] "currentLatencynow: 5.25", source: file:///home/seluser/ppt/player/dashjs/index.html (128)
[155:155:1129/142515.018728:INFO:CONSOLE(128)] "currentLatencynow: 5.25", source: file:///home/seluser/ppt/player/dashjs/index.html (128)
[155:155:1129/142516.018659:INFO:CONSOLE(128)] "currentLatencynow: 5.25", source: file:///home/seluser/ppt/player/dashjs/index.html (128)
[155:155:1129/142517.018660:INFO:CONSOLE(128)] "currentLatencynow: 5.25", source: file:///home/seluser/ppt/player/dashjs/index.html (128)
[155:155:1129/142518.018689:INFO:CONSOLE(128)] "currentLatencynow: 5.25", source: file:///home/seluser/ppt/player/dashjs/index.html (128)
[155:155:1129/142519.018668:INFO:CONSOLE(128)] "currentLatencynow: 5.25", source: file:///home/seluser/ppt/player/dashjs/index.html (128)
[155:155:1129/142520.018676:INFO:CONSOLE(128)] "currentLatencynow: 5.158", source: file:///home/seluser/ppt/player/dashjs/index.html (128)
[155:155:1129/142521.018731:INFO:CONSOLE(128)] "currentLatencynow: 5.059", source: file:///home/seluser/ppt/player/dashjs/index.html (128)
[155:155:1129/142522.018792:INFO:CONSOLE(128)] "currentLatencynow: 4.959", source: file:///home/seluser/ppt/player/dashjs/index.html (128)
[155:155:1129/142523.018750:INFO:CONSOLE(128)] "currentLatencynow: 4.86", source: file:///home/seluser/ppt/player/dashjs/index.html (128)
[155:155:1129/142524.018665:INFO:CONSOLE(128)] "currentLatencynow: 4.76", source: file:///home/seluser/ppt/player/dashjs/index.html (128)
[155:155:1129/142525.018678:INFO:CONSOLE(128)] "currentLatencynow: 4.66", source: file:///home/seluser/ppt/player/dashjs/index.html (128)
[155:155:1129/142526.018696:INFO:CONSOLE(128)] "currentLatencynow: 4.561", source: file:///home/seluser/ppt/player/dashjs/index.html (128)
[155:155:1129/142527.018687:INFO:CONSOLE(128)] "currentLatencynow: 4.502", source: file:///home/seluser/ppt/player/dashjs/index.html (128)
[155:155:1129/142528.018690:INFO:CONSOLE(128)] "currentLatencynow: 4.502", source: file:///home/seluser/ppt/player/dashjs/index.html (128)
[155:155:1129/142529.018663:INFO:CONSOLE(128)] "currentLatencynow: 4.502", source: file:///home/seluser/ppt/player/dashjs/index.html (128)
[155:155:1129/142530.018688:INFO:CONSOLE(128)] "currentLatencynow: 4.745", source: file:///home/seluser/ppt/player/dashjs/index.html (128)
[155:155:1129/142531.018712:INFO:CONSOLE(128)] "currentLatencynow: 5.632", source: file:///home/seluser/ppt/player/dashjs/index.html (128)
[155:155:1129/142532.018665:INFO:CONSOLE(128)] "currentLatencynow: 5.633", source: file:///home/seluser/ppt/player/dashjs/index.html (128)
[155:155:1129/142533.018713:INFO:CONSOLE(128)] "currentLatencynow: 5.632", source: file:///home/seluser/ppt/player/dashjs/index.html (128)
[155:155:1129/142534.018718:INFO:CONSOLE(128)] "currentLatencynow: 5.632", source: file:///home/seluser/ppt/player/dashjs/index.html (128)
[155:155:1129/142535.018709:INFO:CONSOLE(128)] "currentLatencynow: 5.632", source: file:///home/seluser/ppt/player/dashjs/index.html (128)
[155:155:1129/142536.018746:INFO:CONSOLE(128)] "currentLatencynow: 5.59", source: file:///home/seluser/ppt/player/dashjs/index.html (128)
[155:155:1129/142537.018664:INFO:CONSOLE(128)] "currentLatencynow: 5.49", source: file:///home/seluser/ppt/player/dashjs/index.html (128)
[155:155:1129/142538.018925:INFO:CONSOLE(128)] "currentLatencynow: 5.39", source: file:///home/seluser/ppt/player/dashjs/index.html (128)
[155:155:1129/142539.018573:INFO:CONSOLE(128)] "currentLatencynow: 5.29", source: file:///home/seluser/ppt/player/dashjs/index.html (128)
[155:155:1129/142540.018548:INFO:CONSOLE(128)] "currentLatencynow: 5.19", source: file:///home/seluser/ppt/player/dashjs/index.html (128)
[155:155:1129/142541.018507:INFO:CONSOLE(128)] "currentLatencynow: 5.09", source: file:///home/seluser/ppt/player/dashjs/index.html (128)
[155:155:1129/142542.018575:INFO:CONSOLE(128)] "currentLatencynow: 5.057", source: file:///home/seluser/ppt/player/dashjs/index.html (128)
[155:155:1129/142543.018552:INFO:CONSOLE(128)] "currentLatencynow: 5.057", source: file:///home/seluser/ppt/player/dashjs/index.html (128)
[155:155:1129/142544.018505:INFO:CONSOLE(128)] "currentLatencynow: 5.057", source: file:///home/seluser/ppt/player/dashjs/index.html (128)
[155:155:1129/142545.018655:INFO:CONSOLE(128)] "currentLatencynow: 5.057", source: file:///home/seluser/ppt/player/dashjs/index.html (128)
[155:155:1129/142546.018495:INFO:CONSOLE(128)] "currentLatencynow: 5.057", source: file:///home/seluser/ppt/player/dashjs/index.html (128)
[155:155:1129/142547.018494:INFO:CONSOLE(128)] "currentLatencynow: 5.057", source: file:///home/seluser/ppt/player/dashjs/index.html (128)
[155:155:1129/142548.018570:INFO:CONSOLE(128)] "currentLatencynow: 5.057", source: file:///home/seluser/ppt/player/dashjs/index.html (128)
[155:155:1129/142549.018504:INFO:CONSOLE(128)] "currentLatencynow: 5.057", source: file:///home/seluser/ppt/player/dashjs/index.html (128)
[155:155:1129/142550.018624:INFO:CONSOLE(128)] "currentLatencynow: 5.057", source: file:///home/seluser/ppt/player/dashjs/index.html (128)
[155:155:1129/142551.018555:INFO:CONSOLE(128)] "currentLatencynow: 5.057", source: file:///home/seluser/ppt/player/dashjs/index.html (128)
[155:155:1129/142552.018601:INFO:CONSOLE(128)] "currentLatencynow: 5.057", source: file:///home/seluser/ppt/player/dashjs/index.html (128)
[155:155:1129/142553.018486:INFO:CONSOLE(128)] "currentLatencynow: 5.057", source: file:///home/seluser/ppt/player/dashjs/index.html (128)
[155:155:1129/142554.018549:INFO:CONSOLE(128)] "currentLatencynow: 5.057", source: file:///home/seluser/ppt/player/dashjs/index.html (128)
[155:155:1129/142555.018509:INFO:CONSOLE(128)] "currentLatencynow: 5.057", source: file:///home/seluser/ppt/player/dashjs/index.html (128)
[155:155:1129/142556.018431:INFO:CONSOLE(128)] "currentLatencynow: 5.057", source: file:///home/seluser/ppt/player/dashjs/index.html (128)
[155:155:1129/142557.018348:INFO:CONSOLE(128)] "currentLatencynow: 5.057", source: file:///home/seluser/ppt/player/dashjs/index.html (128)
[155:155:1129/142558.018621:INFO:CONSOLE(128)] "currentLatencynow: 5.057", source: file:///home/seluser/ppt/player/dashjs/index.html (128)
[155:155:1129/142559.018543:INFO:CONSOLE(128)] "currentLatencynow: 5.057", source: file:///home/seluser/ppt/player/dashjs/index.html (128)
[155:155:1129/142600.018571:INFO:CONSOLE(128)] "currentLatencynow: 4.991", source: file:///home/seluser/ppt/player/dashjs/index.html (128)
[155:155:1129/142601.018795:INFO:CONSOLE(128)] "currentLatencynow: 4.892", source: file:///home/seluser/ppt/player/dashjs/index.html (128)
[155:155:1129/142602.018476:INFO:CONSOLE(128)] "currentLatencynow: 4.884", source: file:///home/seluser/ppt/player/dashjs/index.html (128)
[155:155:1129/142603.018501:INFO:CONSOLE(128)] "currentLatencynow: 4.884", source: file:///home/seluser/ppt/player/dashjs/index.html (128)
[155:155:1129/142604.018704:INFO:CONSOLE(128)] "currentLatencynow: 4.884", source: file:///home/seluser/ppt/player/dashjs/index.html (128)
[155:155:1129/142605.018472:INFO:CONSOLE(128)] "currentLatencynow: 4.884", source: file:///home/seluser/ppt/player/dashjs/index.html (128)
[155:155:1129/142606.018573:INFO:CONSOLE(128)] "currentLatencynow: 4.884", source: file:///home/seluser/ppt/player/dashjs/index.html (128)
[155:155:1129/142607.018510:INFO:CONSOLE(128)] "currentLatencynow: 4.884", source: file:///home/seluser/ppt/player/dashjs/index.html (128)
[155:155:1129/142608.018524:INFO:CONSOLE(128)] "currentLatencynow: 4.884", source: file:///home/seluser/ppt/player/dashjs/index.html (128)
[155:155:1129/142609.018405:INFO:CONSOLE(128)] "currentLatencynow: 4.884", source: file:///home/seluser/ppt/player/dashjs/index.html (128)
[155:155:1129/142610.018417:INFO:CONSOLE(128)] "currentLatencynow: 4.884", source: file:///home/seluser/ppt/player/dashjs/index.html (128)
[155:155:1129/142611.018396:INFO:CONSOLE(128)] "currentLatencynow: 4.884", source: file:///home/seluser/ppt/player/dashjs/index.html (128)
[155:155:1129/142612.018464:INFO:CONSOLE(128)] "currentLatencynow: 4.884", source: file:///home/seluser/ppt/player/dashjs/index.html (128)
[155:155:1129/142613.018430:INFO:CONSOLE(128)] "currentLatencynow: 4.884", source: file:///home/seluser/ppt/player/dashjs/index.html (128)
[155:155:1129/142614.018406:INFO:CONSOLE(128)] "currentLatencynow: 4.884", source: file:///home/seluser/ppt/player/dashjs/index.html (128)
[155:155:1129/142615.018323:INFO:CONSOLE(128)] "currentLatencynow: 4.884", source: file:///home/seluser/ppt/player/dashjs/index.html (128)
[155:155:1129/142616.018345:INFO:CONSOLE(128)] "currentLatencynow: 4.884", source: file:///home/seluser/ppt/player/dashjs/index.html (128)
[155:155:1129/142617.018346:INFO:CONSOLE(128)] "currentLatencynow: 4.884", source: file:///home/seluser/ppt/player/dashjs/index.html (128)
[155:155:1129/142618.018337:INFO:CONSOLE(128)] "currentLatencynow: 4.884", source: file:///home/seluser/ppt/player/dashjs/index.html (128)
[155:155:1129/142619.018395:INFO:CONSOLE(128)] "currentLatencynow: 4.884", source: file:///home/seluser/ppt/player/dashjs/index.html (128)
[155:155:1129/142620.018448:INFO:CONSOLE(128)] "currentLatencynow: 4.818", source: file:///home/seluser/ppt/player/dashjs/index.html (128)
[155:155:1129/142621.018457:INFO:CONSOLE(128)] "currentLatencynow: 4.72", source: file:///home/seluser/ppt/player/dashjs/index.html (128)
[155:155:1129/142622.018526:INFO:CONSOLE(128)] "currentLatencynow: 4.623", source: file:///home/seluser/ppt/player/dashjs/index.html (128)
[155:155:1129/142623.018358:INFO:CONSOLE(128)] "currentLatencynow: 4.525", source: file:///home/seluser/ppt/player/dashjs/index.html (128)
[155:155:1129/142624.018341:INFO:CONSOLE(128)] "currentLatencynow: 4.427", source: file:///home/seluser/ppt/player/dashjs/index.html (128)
[155:155:1129/142625.018370:INFO:CONSOLE(128)] "currentLatencynow: 4.345", source: file:///home/seluser/ppt/player/dashjs/index.html (128)
[155:155:1129/142626.018436:INFO:CONSOLE(128)] "currentLatencynow: 4.268", source: file:///home/seluser/ppt/player/dashjs/index.html (128)
[155:155:1129/142627.018425:INFO:CONSOLE(128)] "currentLatencynow: 4.206", source: file:///home/seluser/ppt/player/dashjs/index.html (128)
[155:155:1129/142628.018367:INFO:CONSOLE(128)] "currentLatencynow: 4.151", source: file:///home/seluser/ppt/player/dashjs/index.html (128)
[155:155:1129/142629.018418:INFO:CONSOLE(114)] "Begin Player stistics 
", source: file:///home/seluser/ppt/player/dashjs/index.html (114)
[155:155:1129/142629.018523:INFO:CONSOLE(115)] "["stall",[["2.00","3.65",1.65]],[["61.14","61.39",0.25]],[["availibleBW",[null],[null],[null],[3328],[3328],[3287],[3287],[2939],[2939],[2556],[2556],[3085],[3299],[3299],[3453],[4527],[4421],[4421],[4518],[4709],[4709],[4812],[4572],[4572],[4244],[3922],[3922],[3496],[3496],[3198],[3198],[2953],[2953],[3205],[3205],[3581],[3581],[3686],[3469],[3469],[3499],[3499],[3338],[3338],[2848],[2630],[2630],[2803],[3160],[3160],[3437],[4264],[4437],[4437],[4780],[4780],[4655],[4655],[4432],[4274],[4274],[3392],[3392],[3392],[3466],[3761],[3815],[3815],[4009],[4277],[4277],[4277],[4204],[4702],[4702],[4380],[4380],[4380],[3906],[3749],[3749],[3823],[3823],[3461],[3306],[3306],[3306],[3089],[3255],[3335],[3335],[3443],[3443],[3678],[4359],[4359],[4359],[4213],[4213],[4305],[4305],[4171],[4171],[4255],[4886],[4886],[4736],[4736],[4477],[4477],[4688],[4692],[4692],[4845],[5257],[5257],[4990],[4990],[4571]]],[["currentBuffer",[0],[0],[0],[0.333],[0],[0.463],[0],[0.465],[0],[0.365],[0],[0.469],[1.471],[0.471],[1.432],[2.334],[3.13],[1.975],[3.038],[3.901],[2.839],[1.74],[0.589],[0],[0.585],[1.355],[0.587],[1.464],[0.589],[1.545],[0.495],[1.447],[0.397],[1.578],[0.478],[1.405],[0.305],[1.275],[2.131],[1.199],[2.101],[1.001],[1.914],[0.763],[0],[0.56],[0],[0.76],[1.762],[0.762],[1.696],[2.493],[3.341],[2.402],[3.304],[2.204],[1.105],[0.022],[0],[0],[0],[1.034],[0.164],[0],[0.166],[1.169],[2.152],[0.828],[1.954],[2.856],[1.756],[0.597],[0],[0.447],[0],[0.406],[0],[0],[0],[0.503],[0],[0.405],[0],[0.611],[1.51],[0.613],[0],[0.615],[1.413],[2.433],[1.577],[0.474],[0],[0.448],[1.296],[0.45],[0],[0.217],[0],[0.4],[0],[0.302],[0],[0.458],[1.46],[0.46],[1.408],[0.462],[1.464],[0.26],[1.424],[2.292],[1.23],[2.135],[2.913],[1.952],[2.658],[1.809],[2.756]]],[["currentLatency",[null],[5.731],[6.731],[7.005],[6.997],[6.997],[6.997],[6.997],[6.997],[6.997],[6.997],[6.997],[6.997],[6.997],[6.931],[6.832],[6.732],[6.632],[6.532],[6.431],[6.332],[6.232],[6.132],[6.099],[6.099],[6.099],[6.099],[6.099],[6.099],[6.099],[6.098],[6.099],[6.099],[6.058],[5.958],[5.883],[5.783],[5.774],[5.773],[5.673],[5.573],[5.473],[5.384],[5.284],[5.25],[5.25],[5.25],[5.25],[5.25],[5.25],[5.158],[5.059],[4.959],[4.86],[4.76],[4.66],[4.561],[4.502],[4.502],[4.502],[4.745],[5.632],[5.633],[5.632],[5.632],[5.632],[5.59],[5.49],[5.39],[5.29],[5.19],[5.09],[5.057],[5.057],[5.057],[5.057],[5.057],[5.057],[5.057],[5.057],[5.057],[5.057],[5.057],[5.057],[5.057],[5.057],[5.057],[5.057],[5.057],[5.057],[4.991],[4.892],[4.884],[4.884],[4.884],[4.884],[4.884],[4.884],[4.884],[4.884],[4.884],[4.884],[4.884],[4.884],[4.884],[4.884],[4.884],[4.884],[4.884],[4.884],[4.818],[4.72],[4.623],[4.525],[4.427],[4.345],[4.268],[4.206],[4.151]]]]", source: file:///home/seluser/ppt/player/dashjs/index.html (115)
[155:155:1129/142629.018567:INFO:CONSOLE(116)] "
", source: file:///home/seluser/ppt/player/dashjs/index.html (116)
[155:155:1129/142629.018585:INFO:CONSOLE(117)] "Finish Player stistics 
", source: file:///home/seluser/ppt/player/dashjs/index.html (117)
[155:155:1129/142629.018631:INFO:CONSOLE(128)] "currentLatencynow: 4.11", source: file:///home/seluser/ppt/player/dashjs/index.html (128)
[155:155:1129/142630.018417:INFO:CONSOLE(128)] "currentLatencynow: 4.078", source: file:///home/seluser/ppt/player/dashjs/index.html (128)
[155:155:1129/142631.018375:INFO:CONSOLE(128)] "currentLatencynow: 4.046", source: file:///home/seluser/ppt/player/dashjs/index.html (128)
[155:155:1129/142632.018372:INFO:CONSOLE(128)] "currentLatencynow: 4.034", source: file:///home/seluser/ppt/player/dashjs/index.html (128)
[155:155:1129/142633.018433:INFO:CONSOLE(128)] "currentLatencynow: 4.497", source: file:///home/seluser/ppt/player/dashjs/index.html (128)
[155:155:1129/142634.018389:INFO:CONSOLE(128)] "currentLatencynow: 4.592", source: file:///home/seluser/ppt/player/dashjs/index.html (128)
[155:155:1129/142635.018338:INFO:CONSOLE(128)] "currentLatencynow: 4.592", source: file:///home/seluser/ppt/player/dashjs/index.html (128)
[155:155:1129/142636.018397:INFO:CONSOLE(128)] "currentLatencynow: 4.512", source: file:///home/seluser/ppt/player/dashjs/index.html (128)
[155:155:1129/142637.018389:INFO:CONSOLE(128)] "currentLatencynow: 4.457", source: file:///home/seluser/ppt/player/dashjs/index.html (128)
[155:155:1129/142638.018372:INFO:CONSOLE(128)] "currentLatencynow: 4.457", source: file:///home/seluser/ppt/player/dashjs/index.html (128)
[155:155:1129/142639.018317:INFO:CONSOLE(128)] "currentLatencynow: 4.457", source: file:///home/seluser/ppt/player/dashjs/index.html (128)
[155:155:1129/142640.018371:INFO:CONSOLE(128)] "currentLatencynow: 4.457", source: file:///home/seluser/ppt/player/dashjs/index.html (128)
[155:155:1129/142641.018372:INFO:CONSOLE(128)] "currentLatencynow: 4.457", source: file:///home/seluser/ppt/player/dashjs/index.html (128)
[155:155:1129/142642.018394:INFO:CONSOLE(128)] "currentLatencynow: 4.457", source: file:///home/seluser/ppt/player/dashjs/index.html (128)
[155:155:1129/142643.018365:INFO:CONSOLE(128)] "currentLatencynow: 4.457", source: file:///home/seluser/ppt/player/dashjs/index.html (128)
[155:155:1129/142644.018248:INFO:CONSOLE(128)] "currentLatencynow: 4.457", source: file:///home/seluser/ppt/player/dashjs/index.html (128)
[155:155:1129/142645.018287:INFO:CONSOLE(128)] "currentLatencynow: 4.457", source: file:///home/seluser/ppt/player/dashjs/index.html (128)
[155:155:1129/142646.018152:INFO:CONSOLE(128)] "currentLatencynow: 4.457", source: file:///home/seluser/ppt/player/dashjs/index.html (128)
[155:155:1129/142647.018209:INFO:CONSOLE(128)] "currentLatencynow: 4.456", source: file:///home/seluser/ppt/player/dashjs/index.html (128)
[155:155:1129/142648.018327:INFO:CONSOLE(128)] "currentLatencynow: 4.457", source: file:///home/seluser/ppt/player/dashjs/index.html (128)
[155:155:1129/142649.018298:INFO:CONSOLE(128)] "currentLatencynow: 4.457", source: file:///home/seluser/ppt/player/dashjs/index.html (128)
[155:155:1129/142650.018341:INFO:CONSOLE(128)] "currentLatencynow: 4.457", source: file:///home/seluser/ppt/player/dashjs/index.html (128)
[155:155:1129/142651.018327:INFO:CONSOLE(128)] "currentLatencynow: 4.446", source: file:///home/seluser/ppt/player/dashjs/index.html (128)
[155:155:1129/142652.018317:INFO:CONSOLE(128)] "currentLatencynow: 4.364", source: file:///home/seluser/ppt/player/dashjs/index.html (128)
[155:155:1129/142653.018319:INFO:CONSOLE(128)] "currentLatencynow: 4.283", source: file:///home/seluser/ppt/player/dashjs/index.html (128)
[155:155:1129/142654.018339:INFO:CONSOLE(128)] "currentLatencynow: 4.22", source: file:///home/seluser/ppt/player/dashjs/index.html (128)
[155:155:1129/142655.018364:INFO:CONSOLE(128)] "currentLatencynow: 4.16", source: file:///home/seluser/ppt/player/dashjs/index.html (128)
[155:155:1129/142656.018302:INFO:CONSOLE(128)] "currentLatencynow: 4.12", source: file:///home/seluser/ppt/player/dashjs/index.html (128)
[155:155:1129/142657.018344:INFO:CONSOLE(128)] "currentLatencynow: 4.083", source: file:///home/seluser/ppt/player/dashjs/index.html (128)
[155:155:1129/142658.018332:INFO:CONSOLE(128)] "currentLatencynow: 4.058", source: file:///home/seluser/ppt/player/dashjs/index.html (128)
[155:155:1129/142659.018315:INFO:CONSOLE(128)] "currentLatencynow: 4.04", source: file:///home/seluser/ppt/player/dashjs/index.html (128)
[155:155:1129/142700.018407:INFO:CONSOLE(128)] "currentLatencynow: 4.023", source: file:///home/seluser/ppt/player/dashjs/index.html (128)
[155:155:1129/142701.018351:INFO:CONSOLE(128)] "currentLatencynow: 4.016", source: file:///home/seluser/ppt/player/dashjs/index.html (128)
[155:155:1129/142702.018713:INFO:CONSOLE(128)] "currentLatencynow: 4.016", source: file:///home/seluser/ppt/player/dashjs/index.html (128)
[155:155:1129/142703.018306:INFO:CONSOLE(128)] "currentLatencynow: 4.016", source: file:///home/seluser/ppt/player/dashjs/index.html (128)
[155:155:1129/142704.018441:INFO:CONSOLE(128)] "currentLatencynow: 4.016", source: file:///home/seluser/ppt/player/dashjs/index.html (128)
[155:155:1129/142705.018273:INFO:CONSOLE(128)] "currentLatencynow: 4.016", source: file:///home/seluser/ppt/player/dashjs/index.html (128)
[155:155:1129/142706.018283:INFO:CONSOLE(128)] "currentLatencynow: 4.016", source: file:///home/seluser/ppt/player/dashjs/index.html (128)
[155:155:1129/142707.018357:INFO:CONSOLE(128)] "currentLatencynow: 4.016", source: file:///home/seluser/ppt/player/dashjs/index.html (128)
[155:155:1129/142708.018316:INFO:CONSOLE(128)] "currentLatencynow: 4.016", source: file:///home/seluser/ppt/player/dashjs/index.html (128)
[155:155:1129/142709.018178:INFO:CONSOLE(128)] "currentLatencynow: 4.015", source: file:///home/seluser/ppt/player/dashjs/index.html (128)
[155:155:1129/142710.018157:INFO:CONSOLE(128)] "currentLatencynow: 4.015", source: file:///home/seluser/ppt/player/dashjs/index.html (128)
[155:155:1129/142711.018100:INFO:CONSOLE(128)] "currentLatencynow: 4.015", source: file:///home/seluser/ppt/player/dashjs/index.html (128)
[155:155:1129/142712.018077:INFO:CONSOLE(128)] "currentLatencynow: 4.015", source: file:///home/seluser/ppt/player/dashjs/index.html (128)
[155:155:1129/142713.018140:INFO:CONSOLE(128)] "currentLatencynow: 4.015", source: file:///home/seluser/ppt/player/dashjs/index.html (128)
[155:155:1129/142714.018098:INFO:CONSOLE(128)] "currentLatencynow: 4.015", source: file:///home/seluser/ppt/player/dashjs/index.html (128)
[155:155:1129/142715.018207:INFO:CONSOLE(128)] "currentLatencynow: 4.015", source: file:///home/seluser/ppt/player/dashjs/index.html (128)
[155:155:1129/142716.018191:INFO:CONSOLE(128)] "currentLatencynow: 4.015", source: file:///home/seluser/ppt/player/dashjs/index.html (128)
[155:155:1129/142717.018099:INFO:CONSOLE(128)] "currentLatencynow: 4.015", source: file:///home/seluser/ppt/player/dashjs/index.html (128)
[155:155:1129/142718.018044:INFO:CONSOLE(128)] "currentLatencynow: 4.015", source: file:///home/seluser/ppt/player/dashjs/index.html (128)
[155:155:1129/142719.018067:INFO:CONSOLE(128)] "currentLatencynow: 4.015", source: file:///home/seluser/ppt/player/dashjs/index.html (128)
[155:155:1129/142720.018066:INFO:CONSOLE(128)] "currentLatencynow: 4.015", source: file:///home/seluser/ppt/player/dashjs/index.html (128)
[155:155:1129/142721.018105:INFO:CONSOLE(128)] "currentLatencynow: 4.015", source: file:///home/seluser/ppt/player/dashjs/index.html (128)
[155:155:1129/142722.018135:INFO:CONSOLE(128)] "currentLatencynow: 4.015", source: file:///home/seluser/ppt/player/dashjs/index.html (128)
[155:155:1129/142723.018908:INFO:CONSOLE(128)] "currentLatencynow: 4.016", source: file:///home/seluser/ppt/player/dashjs/index.html (128)
[155:155:1129/142724.018133:INFO:CONSOLE(128)] "currentLatencynow: 4.015", source: file:///home/seluser/ppt/player/dashjs/index.html (128)
[155:155:1129/142725.018072:INFO:CONSOLE(128)] "currentLatencynow: 4.015", source: file:///home/seluser/ppt/player/dashjs/index.html (128)
[155:155:1129/142726.018029:INFO:CONSOLE(128)] "currentLatencynow: 4.015", source: file:///home/seluser/ppt/player/dashjs/index.html (128)
[155:155:1129/142727.018093:INFO:CONSOLE(128)] "currentLatencynow: 4.015", source: file:///home/seluser/ppt/player/dashjs/index.html (128)
[155:155:1129/142728.018092:INFO:CONSOLE(128)] "currentLatencynow: 4.015", source: file:///home/seluser/ppt/player/dashjs/index.html (128)
