[154:217:0108/155114.976910:ERROR:bus.cc(392)] Failed to connect to the bus: Failed to connect to socket /var/run/dbus/system_bus_socket: No such file or directory
[154:180:0108/155114.991718:ERROR:bus.cc(392)] Failed to connect to the bus: Address does not contain a colon
[154:180:0108/155115.007322:ERROR:bus.cc(392)] Failed to connect to the bus: Address does not contain a colon
[154:180:0108/155115.057469:ERROR:bus.cc(392)] Failed to connect to the bus: Address does not contain a colon
[222:222:0108/155115.057473:ERROR:gpu_init.cc(453)] Passthrough is not supported, GL is swiftshader, ANGLE is 
[154:180:0108/155115.057630:ERROR:bus.cc(392)] Failed to connect to the bus: Address does not contain a colon
[154:180:0108/155115.116122:ERROR:bus.cc(392)] Failed to connect to the bus: Address does not contain a colon
[154:180:0108/155115.116164:ERROR:bus.cc(392)] Failed to connect to the bus: Address does not contain a colon
[154:312:0108/155115.369254:ERROR:bus.cc(392)] Failed to connect to the bus: Failed to connect to socket /var/run/dbus/system_bus_socket: No such file or directory
[154:312:0108/155115.369358:ERROR:bus.cc(392)] Failed to connect to the bus: Failed to connect to socket /var/run/dbus/system_bus_socket: No such file or directory
[154:312:0108/155115.369641:ERROR:bus.cc(392)] Failed to connect to the bus: Failed to connect to socket /var/run/dbus/system_bus_socket: No such file or directory
[154:312:0108/155115.369666:WARNING:property.cc(144)] DaemonVersion: GetAndBlock: failed.
[154:312:0108/155115.369712:ERROR:bus.cc(392)] Failed to connect to the bus: Failed to connect to socket /var/run/dbus/system_bus_socket: No such file or directory
[154:312:0108/155115.369785:ERROR:bus.cc(392)] Failed to connect to the bus: Failed to connect to socket /var/run/dbus/system_bus_socket: No such file or directory
[154:154:0108/155117.974460:INFO:CONSOLE(128)] "currentLatencynow: NaN", source: file:///home/seluser/ppt/player/dashjs/index.html (128)
[154:247:0108/155118.761563:ERROR:chrome_browser_main_extra_parts_metrics.cc(228)] crbug.com/1216328: Checking Bluetooth availability started. Please report if there is no report that this ends.
[154:247:0108/155118.761606:ERROR:chrome_browser_main_extra_parts_metrics.cc(231)] crbug.com/1216328: Checking Bluetooth availability ended.
[154:247:0108/155118.761621:ERROR:chrome_browser_main_extra_parts_metrics.cc(234)] crbug.com/1216328: Checking default browser status started. Please report if there is no report that this ends.
[154:154:0108/155118.978099:INFO:CONSOLE(128)] "currentLatencynow: 0", source: file:///home/seluser/ppt/player/dashjs/index.html (128)
[154:247:0108/155118.995360:ERROR:chrome_browser_main_extra_parts_metrics.cc(238)] crbug.com/1216328: Checking default browser status ended.
[154:154:0108/155119.974446:INFO:CONSOLE(128)] "currentLatencynow: 6.252", source: file:///home/seluser/ppt/player/dashjs/index.html (128)
[556:556:0108/155119.987411:WARNING:audio_manager_linux.cc(69)] Falling back to ALSA for audio output. PulseAudio is not available or could not be initialized.
[556:556:0108/155119.992274:ERROR:alsa_util.cc(204)] PcmOpen: default,No such file or directory
[556:556:0108/155119.992361:ERROR:alsa_util.cc(204)] PcmOpen: plug:default,No such file or directory
[154:154:0108/155120.974754:INFO:CONSOLE(128)] "currentLatencynow: 7.252", source: file:///home/seluser/ppt/player/dashjs/index.html (128)
[154:180:0108/155121.139974:ERROR:bus.cc(392)] Failed to connect to the bus: Address does not contain a colon
[154:180:0108/155121.140023:ERROR:bus.cc(392)] Failed to connect to the bus: Address does not contain a colon
[154:180:0108/155121.140032:ERROR:bus.cc(392)] Failed to connect to the bus: Address does not contain a colon
[154:180:0108/155121.140041:ERROR:bus.cc(392)] Failed to connect to the bus: Address does not contain a colon
[154:180:0108/155121.140049:ERROR:bus.cc(392)] Failed to connect to the bus: Address does not contain a colon
[154:180:0108/155121.140057:ERROR:bus.cc(392)] Failed to connect to the bus: Address does not contain a colon
[154:180:0108/155121.140065:ERROR:bus.cc(392)] Failed to connect to the bus: Address does not contain a colon
[154:180:0108/155121.140084:ERROR:bus.cc(392)] Failed to connect to the bus: Address does not contain a colon
[154:180:0108/155121.140092:ERROR:bus.cc(392)] Failed to connect to the bus: Address does not contain a colon
[154:180:0108/155121.140100:ERROR:bus.cc(392)] Failed to connect to the bus: Address does not contain a colon
[154:180:0108/155121.140107:ERROR:bus.cc(392)] Failed to connect to the bus: Address does not contain a colon
[154:180:0108/155121.140115:ERROR:bus.cc(392)] Failed to connect to the bus: Address does not contain a colon
[154:180:0108/155121.140122:ERROR:bus.cc(392)] Failed to connect to the bus: Address does not contain a colon
[154:180:0108/155121.140128:ERROR:bus.cc(392)] Failed to connect to the bus: Address does not contain a colon
[154:180:0108/155121.146584:ERROR:bus.cc(392)] Failed to connect to the bus: Address does not contain a colon
[154:180:0108/155121.146621:ERROR:bus.cc(392)] Failed to connect to the bus: Address does not contain a colon
[154:180:0108/155121.146632:ERROR:bus.cc(392)] Failed to connect to the bus: Address does not contain a colon
[154:180:0108/155121.195671:ERROR:bus.cc(392)] Failed to connect to the bus: Address does not contain a colon
[154:180:0108/155121.195742:ERROR:bus.cc(392)] Failed to connect to the bus: Address does not contain a colon
[154:154:0108/155121.973923:INFO:CONSOLE(128)] "currentLatencynow: 7.543", source: file:///home/seluser/ppt/player/dashjs/index.html (128)
[154:154:0108/155122.973898:INFO:CONSOLE(128)] "currentLatencynow: 7.443", source: file:///home/seluser/ppt/player/dashjs/index.html (128)
[154:154:0108/155123.973870:INFO:CONSOLE(128)] "currentLatencynow: 7.343", source: file:///home/seluser/ppt/player/dashjs/index.html (128)
[154:154:0108/155124.974535:INFO:CONSOLE(128)] "currentLatencynow: 7.736", source: file:///home/seluser/ppt/player/dashjs/index.html (128)
[154:154:0108/155125.973852:INFO:CONSOLE(128)] "currentLatencynow: 7.953", source: file:///home/seluser/ppt/player/dashjs/index.html (128)
[154:154:0108/155126.974014:INFO:CONSOLE(128)] "currentLatencynow: 7.952", source: file:///home/seluser/ppt/player/dashjs/index.html (128)
[154:154:0108/155127.974042:INFO:CONSOLE(128)] "currentLatencynow: 7.953", source: file:///home/seluser/ppt/player/dashjs/index.html (128)
[154:154:0108/155128.973954:INFO:CONSOLE(128)] "currentLatencynow: 7.952", source: file:///home/seluser/ppt/player/dashjs/index.html (128)
[154:154:0108/155129.974173:INFO:CONSOLE(128)] "currentLatencynow: 7.929", source: file:///home/seluser/ppt/player/dashjs/index.html (128)
[154:154:0108/155130.974209:INFO:CONSOLE(128)] "currentLatencynow: 7.829", source: file:///home/seluser/ppt/player/dashjs/index.html (128)
[154:154:0108/155131.973875:INFO:CONSOLE(128)] "currentLatencynow: 7.729", source: file:///home/seluser/ppt/player/dashjs/index.html (128)
[154:154:0108/155132.973931:INFO:CONSOLE(128)] "currentLatencynow: 7.629", source: file:///home/seluser/ppt/player/dashjs/index.html (128)
[154:154:0108/155133.973790:INFO:CONSOLE(128)] "currentLatencynow: 7.53", source: file:///home/seluser/ppt/player/dashjs/index.html (128)
[154:154:0108/155134.973832:INFO:CONSOLE(128)] "currentLatencynow: 7.43", source: file:///home/seluser/ppt/player/dashjs/index.html (128)
[154:154:0108/155135.973832:INFO:CONSOLE(128)] "currentLatencynow: 7.329", source: file:///home/seluser/ppt/player/dashjs/index.html (128)
[154:154:0108/155136.974017:INFO:CONSOLE(128)] "currentLatencynow: 7.229", source: file:///home/seluser/ppt/player/dashjs/index.html (128)
[154:154:0108/155137.973961:INFO:CONSOLE(128)] "currentLatencynow: 7.129", source: file:///home/seluser/ppt/player/dashjs/index.html (128)
[154:154:0108/155138.973930:INFO:CONSOLE(128)] "currentLatencynow: 7.029", source: file:///home/seluser/ppt/player/dashjs/index.html (128)
[154:154:0108/155139.973971:INFO:CONSOLE(128)] "currentLatencynow: 6.929", source: file:///home/seluser/ppt/player/dashjs/index.html (128)
[154:154:0108/155140.974021:INFO:CONSOLE(128)] "currentLatencynow: 6.841", source: file:///home/seluser/ppt/player/dashjs/index.html (128)
[154:154:0108/155141.974043:INFO:CONSOLE(128)] "currentLatencynow: 6.841", source: file:///home/seluser/ppt/player/dashjs/index.html (128)
[154:154:0108/155142.973869:INFO:CONSOLE(128)] "currentLatencynow: 6.841", source: file:///home/seluser/ppt/player/dashjs/index.html (128)
[154:154:0108/155143.976607:INFO:CONSOLE(128)] "currentLatencynow: 6.844", source: file:///home/seluser/ppt/player/dashjs/index.html (128)
[154:154:0108/155144.976394:INFO:CONSOLE(128)] "currentLatencynow: 6.808", source: file:///home/seluser/ppt/player/dashjs/index.html (128)
[154:154:0108/155145.976491:INFO:CONSOLE(128)] "currentLatencynow: 6.708", source: file:///home/seluser/ppt/player/dashjs/index.html (128)
[154:154:0108/155146.976421:INFO:CONSOLE(128)] "currentLatencynow: 6.608", source: file:///home/seluser/ppt/player/dashjs/index.html (128)
[154:154:0108/155147.976491:INFO:CONSOLE(128)] "currentLatencynow: 6.508", source: file:///home/seluser/ppt/player/dashjs/index.html (128)
[154:154:0108/155148.976437:INFO:CONSOLE(128)] "currentLatencynow: 6.408", source: file:///home/seluser/ppt/player/dashjs/index.html (128)
[154:154:0108/155149.976391:INFO:CONSOLE(128)] "currentLatencynow: 6.308", source: file:///home/seluser/ppt/player/dashjs/index.html (128)
[154:154:0108/155150.976805:INFO:CONSOLE(128)] "currentLatencynow: 6.208", source: file:///home/seluser/ppt/player/dashjs/index.html (128)
[154:154:0108/155151.976419:INFO:CONSOLE(128)] "currentLatencynow: 6.108", source: file:///home/seluser/ppt/player/dashjs/index.html (128)
[154:154:0108/155152.976431:INFO:CONSOLE(128)] "currentLatencynow: 6.008", source: file:///home/seluser/ppt/player/dashjs/index.html (128)
[154:154:0108/155153.976585:INFO:CONSOLE(128)] "currentLatencynow: 5.92", source: file:///home/seluser/ppt/player/dashjs/index.html (128)
[154:154:0108/155154.976475:INFO:CONSOLE(128)] "currentLatencynow: 5.92", source: file:///home/seluser/ppt/player/dashjs/index.html (128)
[154:154:0108/155155.976532:INFO:CONSOLE(128)] "currentLatencynow: 5.92", source: file:///home/seluser/ppt/player/dashjs/index.html (128)
[154:154:0108/155156.976449:INFO:CONSOLE(128)] "currentLatencynow: 6.002", source: file:///home/seluser/ppt/player/dashjs/index.html (128)
[154:154:0108/155157.976586:INFO:CONSOLE(128)] "currentLatencynow: 6.198", source: file:///home/seluser/ppt/player/dashjs/index.html (128)
[154:154:0108/155158.976589:INFO:CONSOLE(128)] "currentLatencynow: 6.198", source: file:///home/seluser/ppt/player/dashjs/index.html (128)
[154:154:0108/155159.976709:INFO:CONSOLE(128)] "currentLatencynow: 6.184", source: file:///home/seluser/ppt/player/dashjs/index.html (128)
[154:154:0108/155200.976530:INFO:CONSOLE(128)] "currentLatencynow: 6.085", source: file:///home/seluser/ppt/player/dashjs/index.html (128)
[154:154:0108/155201.976473:INFO:CONSOLE(128)] "currentLatencynow: 5.985", source: file:///home/seluser/ppt/player/dashjs/index.html (128)
[154:154:0108/155202.976515:INFO:CONSOLE(128)] "currentLatencynow: 5.885", source: file:///home/seluser/ppt/player/dashjs/index.html (128)
[154:154:0108/155203.976372:INFO:CONSOLE(128)] "currentLatencynow: 5.785", source: file:///home/seluser/ppt/player/dashjs/index.html (128)
[154:154:0108/155204.976593:INFO:CONSOLE(128)] "currentLatencynow: 5.685", source: file:///home/seluser/ppt/player/dashjs/index.html (128)
[154:154:0108/155205.976551:INFO:CONSOLE(128)] "currentLatencynow: 5.585", source: file:///home/seluser/ppt/player/dashjs/index.html (128)
[154:154:0108/155206.976392:INFO:CONSOLE(128)] "currentLatencynow: 5.485", source: file:///home/seluser/ppt/player/dashjs/index.html (128)
[154:154:0108/155207.976451:INFO:CONSOLE(128)] "currentLatencynow: 5.385", source: file:///home/seluser/ppt/player/dashjs/index.html (128)
[154:154:0108/155208.976570:INFO:CONSOLE(128)] "currentLatencynow: 5.285", source: file:///home/seluser/ppt/player/dashjs/index.html (128)
[154:154:0108/155209.976535:INFO:CONSOLE(128)] "currentLatencynow: 5.185", source: file:///home/seluser/ppt/player/dashjs/index.html (128)
[154:154:0108/155210.976642:INFO:CONSOLE(128)] "currentLatencynow: 5.085", source: file:///home/seluser/ppt/player/dashjs/index.html (128)
[154:154:0108/155211.976440:INFO:CONSOLE(128)] "currentLatencynow: 4.985", source: file:///home/seluser/ppt/player/dashjs/index.html (128)
[154:154:0108/155212.976443:INFO:CONSOLE(128)] "currentLatencynow: 4.885", source: file:///home/seluser/ppt/player/dashjs/index.html (128)
[154:154:0108/155213.977903:INFO:CONSOLE(128)] "currentLatencynow: 4.786", source: file:///home/seluser/ppt/player/dashjs/index.html (128)
[154:154:0108/155214.977955:INFO:CONSOLE(128)] "currentLatencynow: 4.686", source: file:///home/seluser/ppt/player/dashjs/index.html (128)
[154:154:0108/155215.977919:INFO:CONSOLE(128)] "currentLatencynow: 4.586", source: file:///home/seluser/ppt/player/dashjs/index.html (128)
[154:154:0108/155216.978055:INFO:CONSOLE(128)] "currentLatencynow: 4.486", source: file:///home/seluser/ppt/player/dashjs/index.html (128)
[154:154:0108/155217.977884:INFO:CONSOLE(128)] "currentLatencynow: 4.391", source: file:///home/seluser/ppt/player/dashjs/index.html (128)
[154:154:0108/155218.978005:INFO:CONSOLE(128)] "currentLatencynow: 4.373", source: file:///home/seluser/ppt/player/dashjs/index.html (128)
[154:154:0108/155219.977882:INFO:CONSOLE(128)] "currentLatencynow: 4.373", source: file:///home/seluser/ppt/player/dashjs/index.html (128)
[154:154:0108/155220.977894:INFO:CONSOLE(128)] "currentLatencynow: 4.373", source: file:///home/seluser/ppt/player/dashjs/index.html (128)
[154:154:0108/155221.977959:INFO:CONSOLE(128)] "currentLatencynow: 4.373", source: file:///home/seluser/ppt/player/dashjs/index.html (128)
[154:154:0108/155222.977949:INFO:CONSOLE(128)] "currentLatencynow: 4.373", source: file:///home/seluser/ppt/player/dashjs/index.html (128)
[154:154:0108/155223.978344:INFO:CONSOLE(128)] "currentLatencynow: 4.372", source: file:///home/seluser/ppt/player/dashjs/index.html (128)
[154:154:0108/155224.977963:INFO:CONSOLE(128)] "currentLatencynow: 4.373", source: file:///home/seluser/ppt/player/dashjs/index.html (128)
[154:154:0108/155225.977999:INFO:CONSOLE(128)] "currentLatencynow: 4.373", source: file:///home/seluser/ppt/player/dashjs/index.html (128)
[154:154:0108/155226.978096:INFO:CONSOLE(128)] "currentLatencynow: 4.334", source: file:///home/seluser/ppt/player/dashjs/index.html (128)
[154:154:0108/155227.978273:INFO:CONSOLE(128)] "currentLatencynow: 4.261", source: file:///home/seluser/ppt/player/dashjs/index.html (128)
[154:154:0108/155228.978180:INFO:CONSOLE(128)] "currentLatencynow: 4.198", source: file:///home/seluser/ppt/player/dashjs/index.html (128)
[154:154:0108/155229.977997:INFO:CONSOLE(128)] "currentLatencynow: 4.147", source: file:///home/seluser/ppt/player/dashjs/index.html (128)
[154:154:0108/155230.978390:INFO:CONSOLE(128)] "currentLatencynow: 4.106", source: file:///home/seluser/ppt/player/dashjs/index.html (128)
[154:154:0108/155231.977966:INFO:CONSOLE(128)] "currentLatencynow: 4.075", source: file:///home/seluser/ppt/player/dashjs/index.html (128)
[154:154:0108/155232.978918:INFO:CONSOLE(128)] "currentLatencynow: 4.045", source: file:///home/seluser/ppt/player/dashjs/index.html (128)
[154:154:0108/155233.978218:INFO:CONSOLE(128)] "currentLatencynow: 4.026", source: file:///home/seluser/ppt/player/dashjs/index.html (128)
[154:154:0108/155234.978353:INFO:CONSOLE(128)] "currentLatencynow: 4.019", source: file:///home/seluser/ppt/player/dashjs/index.html (128)
[154:154:0108/155235.978312:INFO:CONSOLE(128)] "currentLatencynow: 4.019", source: file:///home/seluser/ppt/player/dashjs/index.html (128)
[154:154:0108/155236.978193:INFO:CONSOLE(128)] "currentLatencynow: 4.019", source: file:///home/seluser/ppt/player/dashjs/index.html (128)
[154:154:0108/155237.978180:INFO:CONSOLE(128)] "currentLatencynow: 4.019", source: file:///home/seluser/ppt/player/dashjs/index.html (128)
[154:154:0108/155238.978112:INFO:CONSOLE(128)] "currentLatencynow: 4.019", source: file:///home/seluser/ppt/player/dashjs/index.html (128)
[154:154:0108/155239.978168:INFO:CONSOLE(128)] "currentLatencynow: 4.019", source: file:///home/seluser/ppt/player/dashjs/index.html (128)
[154:154:0108/155240.978171:INFO:CONSOLE(128)] "currentLatencynow: 4.019", source: file:///home/seluser/ppt/player/dashjs/index.html (128)
[154:154:0108/155241.978205:INFO:CONSOLE(128)] "currentLatencynow: 4.019", source: file:///home/seluser/ppt/player/dashjs/index.html (128)
[154:154:0108/155242.978171:INFO:CONSOLE(128)] "currentLatencynow: 4.019", source: file:///home/seluser/ppt/player/dashjs/index.html (128)
[154:154:0108/155243.978589:INFO:CONSOLE(128)] "currentLatencynow: 4.02", source: file:///home/seluser/ppt/player/dashjs/index.html (128)
[154:154:0108/155244.979611:INFO:CONSOLE(128)] "currentLatencynow: 4.02", source: file:///home/seluser/ppt/player/dashjs/index.html (128)
[154:154:0108/155245.978640:INFO:CONSOLE(128)] "currentLatencynow: 4.02", source: file:///home/seluser/ppt/player/dashjs/index.html (128)
[154:154:0108/155246.978450:INFO:CONSOLE(128)] "currentLatencynow: 4.02", source: file:///home/seluser/ppt/player/dashjs/index.html (128)
[154:154:0108/155247.978545:INFO:CONSOLE(128)] "currentLatencynow: 4.02", source: file:///home/seluser/ppt/player/dashjs/index.html (128)
[154:154:0108/155248.978643:INFO:CONSOLE(128)] "currentLatencynow: 4.02", source: file:///home/seluser/ppt/player/dashjs/index.html (128)
[154:154:0108/155249.978432:INFO:CONSOLE(128)] "currentLatencynow: 4.02", source: file:///home/seluser/ppt/player/dashjs/index.html (128)
[154:154:0108/155250.979317:INFO:CONSOLE(128)] "currentLatencynow: 4.02", source: file:///home/seluser/ppt/player/dashjs/index.html (128)
[154:154:0108/155251.978608:INFO:CONSOLE(128)] "currentLatencynow: 4.02", source: file:///home/seluser/ppt/player/dashjs/index.html (128)
[154:154:0108/155252.978508:INFO:CONSOLE(128)] "currentLatencynow: 4.02", source: file:///home/seluser/ppt/player/dashjs/index.html (128)
[154:154:0108/155253.978417:INFO:CONSOLE(128)] "currentLatencynow: 4.02", source: file:///home/seluser/ppt/player/dashjs/index.html (128)
[154:154:0108/155254.978702:INFO:CONSOLE(128)] "currentLatencynow: 4.02", source: file:///home/seluser/ppt/player/dashjs/index.html (128)
[154:154:0108/155255.978809:INFO:CONSOLE(128)] "currentLatencynow: 4.02", source: file:///home/seluser/ppt/player/dashjs/index.html (128)
[154:154:0108/155256.978558:INFO:CONSOLE(128)] "currentLatencynow: 4.02", source: file:///home/seluser/ppt/player/dashjs/index.html (128)
[154:154:0108/155257.978636:INFO:CONSOLE(128)] "currentLatencynow: 4.02", source: file:///home/seluser/ppt/player/dashjs/index.html (128)
[154:154:0108/155258.978673:INFO:CONSOLE(128)] "currentLatencynow: 4.02", source: file:///home/seluser/ppt/player/dashjs/index.html (128)
[154:154:0108/155259.978529:INFO:CONSOLE(128)] "currentLatencynow: 4.019", source: file:///home/seluser/ppt/player/dashjs/index.html (128)
[154:154:0108/155300.978713:INFO:CONSOLE(128)] "currentLatencynow: 4.02", source: file:///home/seluser/ppt/player/dashjs/index.html (128)
[154:154:0108/155301.978732:INFO:CONSOLE(128)] "currentLatencynow: 4.02", source: file:///home/seluser/ppt/player/dashjs/index.html (128)
[154:154:0108/155302.978743:INFO:CONSOLE(128)] "currentLatencynow: 4.02", source: file:///home/seluser/ppt/player/dashjs/index.html (128)
[154:154:0108/155303.980185:INFO:CONSOLE(128)] "currentLatencynow: 4.019", source: file:///home/seluser/ppt/player/dashjs/index.html (128)
[154:154:0108/155304.979039:INFO:CONSOLE(128)] "currentLatencynow: 4.02", source: file:///home/seluser/ppt/player/dashjs/index.html (128)
[154:154:0108/155305.978518:INFO:CONSOLE(128)] "currentLatencynow: 4.02", source: file:///home/seluser/ppt/player/dashjs/index.html (128)
[154:154:0108/155306.978576:INFO:CONSOLE(128)] "currentLatencynow: 4.02", source: file:///home/seluser/ppt/player/dashjs/index.html (128)
[154:154:0108/155307.978556:INFO:CONSOLE(128)] "currentLatencynow: 4.02", source: file:///home/seluser/ppt/player/dashjs/index.html (128)
[154:154:0108/155308.978454:INFO:CONSOLE(128)] "currentLatencynow: 4.02", source: file:///home/seluser/ppt/player/dashjs/index.html (128)
[154:154:0108/155309.978435:INFO:CONSOLE(128)] "currentLatencynow: 4.021", source: file:///home/seluser/ppt/player/dashjs/index.html (128)
[154:154:0108/155310.978498:INFO:CONSOLE(128)] "currentLatencynow: 4.02", source: file:///home/seluser/ppt/player/dashjs/index.html (128)
[154:154:0108/155311.978439:INFO:CONSOLE(128)] "currentLatencynow: 4.02", source: file:///home/seluser/ppt/player/dashjs/index.html (128)
[154:154:0108/155312.978308:INFO:CONSOLE(128)] "currentLatencynow: 4.019", source: file:///home/seluser/ppt/player/dashjs/index.html (128)
[154:154:0108/155313.978049:INFO:CONSOLE(128)] "currentLatencynow: 4.019", source: file:///home/seluser/ppt/player/dashjs/index.html (128)
[154:154:0108/155314.978351:INFO:CONSOLE(128)] "currentLatencynow: 4.019", source: file:///home/seluser/ppt/player/dashjs/index.html (128)
[154:154:0108/155315.978034:INFO:CONSOLE(128)] "currentLatencynow: 4.019", source: file:///home/seluser/ppt/player/dashjs/index.html (128)
[154:154:0108/155316.982144:INFO:CONSOLE(114)] "Begin Player stistics 
", source: file:///home/seluser/ppt/player/dashjs/index.html (114)
[154:154:0108/155316.982444:INFO:CONSOLE(115)] "["stall",[["3.96","5.16",1.2000000000000002]],[["5.36","5.61",0.25]],[["8.55","8.80",0.25]],[["40.91","41.16",0.25]],[["availibleBW",[null],[null],[null],[null],[3238],[3238],[2721],[2721],[2753],[2753],[2391],[2943],[3173],[3173],[3325],[3325],[4601],[4496],[4790],[4790],[5128],[4915],[4915],[4640],[4640],[4242],[4263],[3829],[3693],[3693],[3531],[3627],[3849],[3849],[3849],[3621],[3621],[3509],[3478],[3478],[3205],[2909],[2860],[2939],[3065],[3065],[2833],[2833],[2969],[2969],[3264],[3264],[3497],[3497],[3680],[3680],[4534],[4871],[4871],[4652],[4652],[4278],[4278],[4278],[4530],[4549],[4549],[4374],[4627],[5531],[5405],[5192],[5192],[5544],[5544],[5200],[5200],[4395],[4395],[3961],[3961],[3007],[3007],[3043],[3043],[3043],[2704],[2704],[2393],[2840],[2840],[3408],[3408],[3907],[4454],[6181],[5786],[5786],[5871],[5619],[5381],[5381],[5379],[5379],[5290],[5745],[5745],[5745],[6078],[6078],[5805],[5805],[5515],[5680],[5797],[5797],[5377],[5507],[5507]]],[["currentBuffer",[0],[0],[0],[0],[0],[0],[0],[0],[0.098],[0],[0.14],[1.143],[2.14],[1.04],[1.942],[0.842],[1.744],[2.646],[3.335],[2.448],[3.35],[2.25],[0.968],[0],[0],[0.044],[1.046],[2.032],[2.731],[1.834],[2.736],[3.638],[4.326],[3.44],[2.34],[1.24],[0.14],[0],[0],[0],[0.298],[1.299],[2.241],[3.197],[4.102],[2.97],[3.817],[2.805],[3.706],[2.606],[3.508],[2.408],[3.253],[2.21],[3.112],[2.012],[2.914],[1.813],[0.714],[1.616],[0.435],[1.497],[0.445],[0],[0.499],[1.501],[0.472],[0],[0.503],[1.472],[2.401],[3.339],[2.232],[3.216],[2.216],[3.188],[2.167],[3.161],[2.161],[3.163],[2.163],[3.086],[2.113],[3.167],[2.167],[1.167],[2.169],[1.169],[2.171],[3.173],[2.173],[3.175],[2.124],[3.177],[2.148],[1.098],[0.123],[0],[0.179],[1.181],[2.183],[1.154],[2.106],[1.184],[2.187],[3.186],[2.188],[1.189],[2.191],[1.191],[2.193],[1.193],[0.141],[1.195],[2.197],[1.197],[2.199],[3.147],[2.201]]],[["currentLatency",[null],[0],[6.252],[7.252],[7.543],[7.443],[7.343],[7.736],[7.953],[7.952],[7.953],[7.952],[7.929],[7.829],[7.729],[7.629],[7.53],[7.43],[7.329],[7.229],[7.129],[7.029],[6.929],[6.841],[6.841],[6.841],[6.844],[6.808],[6.708],[6.608],[6.508],[6.408],[6.308],[6.208],[6.108],[6.008],[5.92],[5.92],[5.92],[6.002],[6.198],[6.198],[6.184],[6.085],[5.985],[5.885],[5.785],[5.685],[5.585],[5.485],[5.385],[5.285],[5.185],[5.085],[4.985],[4.885],[4.786],[4.686],[4.586],[4.486],[4.391],[4.373],[4.373],[4.373],[4.373],[4.373],[4.372],[4.373],[4.373],[4.334],[4.261],[4.198],[4.147],[4.106],[4.075],[4.045],[4.026],[4.019],[4.019],[4.019],[4.019],[4.019],[4.019],[4.019],[4.019],[4.019],[4.02],[4.02],[4.02],[4.02],[4.02],[4.02],[4.02],[4.02],[4.02],[4.02],[4.02],[4.02],[4.02],[4.02],[4.02],[4.02],[4.019],[4.02],[4.02],[4.02],[4.019],[4.02],[4.02],[4.02],[4.02],[4.02],[4.021],[4.02],[4.02],[4.019],[4.019],[4.019],[4.019]]]]", source: file:///home/seluser/ppt/player/dashjs/index.html (115)
[154:154:0108/155316.982541:INFO:CONSOLE(116)] "
", source: file:///home/seluser/ppt/player/dashjs/index.html (116)
[154:154:0108/155316.982670:INFO:CONSOLE(117)] "Finish Player stistics 
", source: file:///home/seluser/ppt/player/dashjs/index.html (117)
[154:154:0108/155316.982769:INFO:CONSOLE(128)] "currentLatencynow: 4.019", source: file:///home/seluser/ppt/player/dashjs/index.html (128)
[154:154:0108/155317.978070:INFO:CONSOLE(128)] "currentLatencynow: 4.019", source: file:///home/seluser/ppt/player/dashjs/index.html (128)
[154:154:0108/155318.977966:INFO:CONSOLE(128)] "currentLatencynow: 4.855", source: file:///home/seluser/ppt/player/dashjs/index.html (128)
[154:154:0108/155319.978116:INFO:CONSOLE(128)] "currentLatencynow: 5.855", source: file:///home/seluser/ppt/player/dashjs/index.html (128)
[154:180:0108/155320.293322:ERROR:bus.cc(392)] Failed to connect to the bus: Address does not contain a colon
[154:180:0108/155320.293383:ERROR:bus.cc(392)] Failed to connect to the bus: Address does not contain a colon
[154:154:0108/155320.978271:INFO:CONSOLE(128)] "currentLatencynow: 6.119", source: file:///home/seluser/ppt/player/dashjs/index.html (128)
[154:154:0108/155321.978143:INFO:CONSOLE(128)] "currentLatencynow: 6.094", source: file:///home/seluser/ppt/player/dashjs/index.html (128)
[154:154:0108/155322.978695:INFO:CONSOLE(128)] "currentLatencynow: 5.994", source: file:///home/seluser/ppt/player/dashjs/index.html (128)
[154:154:0108/155323.978295:INFO:CONSOLE(128)] "currentLatencynow: 5.894", source: file:///home/seluser/ppt/player/dashjs/index.html (128)
[154:154:0108/155324.978135:INFO:CONSOLE(128)] "currentLatencynow: 5.794", source: file:///home/seluser/ppt/player/dashjs/index.html (128)
[154:154:0108/155325.978184:INFO:CONSOLE(128)] "currentLatencynow: 5.731", source: file:///home/seluser/ppt/player/dashjs/index.html (128)
[154:154:0108/155326.979557:INFO:CONSOLE(128)] "currentLatencynow: 5.731", source: file:///home/seluser/ppt/player/dashjs/index.html (128)
[154:154:0108/155327.981285:INFO:CONSOLE(128)] "currentLatencynow: 5.731", source: file:///home/seluser/ppt/player/dashjs/index.html (128)
[154:154:0108/155328.978228:INFO:CONSOLE(128)] "currentLatencynow: 5.731", source: file:///home/seluser/ppt/player/dashjs/index.html (128)
[154:154:0108/155329.978255:INFO:CONSOLE(128)] "currentLatencynow: 5.731", source: file:///home/seluser/ppt/player/dashjs/index.html (128)
[154:154:0108/155330.978217:INFO:CONSOLE(128)] "currentLatencynow: 5.931", source: file:///home/seluser/ppt/player/dashjs/index.html (128)
[154:154:0108/155331.978290:INFO:CONSOLE(128)] "currentLatencynow: 6.541", source: file:///home/seluser/ppt/player/dashjs/index.html (128)
[154:154:0108/155332.978121:INFO:CONSOLE(128)] "currentLatencynow: 6.541", source: file:///home/seluser/ppt/player/dashjs/index.html (128)
[154:154:0108/155333.977977:INFO:CONSOLE(128)] "currentLatencynow: 6.541", source: file:///home/seluser/ppt/player/dashjs/index.html (128)
[154:154:0108/155334.978516:INFO:CONSOLE(128)] "currentLatencynow: 6.542", source: file:///home/seluser/ppt/player/dashjs/index.html (128)
[154:154:0108/155335.978117:INFO:CONSOLE(128)] "currentLatencynow: 6.541", source: file:///home/seluser/ppt/player/dashjs/index.html (128)
[154:154:0108/155336.978067:INFO:CONSOLE(128)] "currentLatencynow: 6.817", source: file:///home/seluser/ppt/player/dashjs/index.html (128)
[154:154:0108/155337.163596:WARNING:pref_notifier_impl.cc(40)] Pref observer for media_router.cast_allow_all_ips found at shutdown.
