[154:217:1129/150624.256096:ERROR:bus.cc(392)] Failed to connect to the bus: Failed to connect to socket /var/run/dbus/system_bus_socket: No such file or directory
[154:180:1129/150624.260594:ERROR:bus.cc(392)] Failed to connect to the bus: Address does not contain a colon
[154:180:1129/150624.260650:ERROR:bus.cc(392)] Failed to connect to the bus: Address does not contain a colon
[154:180:1129/150624.283631:ERROR:bus.cc(392)] Failed to connect to the bus: Address does not contain a colon
[154:180:1129/150624.283704:ERROR:bus.cc(392)] Failed to connect to the bus: Address does not contain a colon
[226:226:1129/150624.363333:ERROR:gpu_init.cc(453)] Passthrough is not supported, GL is swiftshader, ANGLE is 
[154:180:1129/150624.376512:ERROR:bus.cc(392)] Failed to connect to the bus: Address does not contain a colon
[154:180:1129/150624.376596:ERROR:bus.cc(392)] Failed to connect to the bus: Address does not contain a colon
[154:315:1129/150624.718559:ERROR:bus.cc(392)] Failed to connect to the bus: Failed to connect to socket /var/run/dbus/system_bus_socket: No such file or directory
[154:315:1129/150624.718642:ERROR:bus.cc(392)] Failed to connect to the bus: Failed to connect to socket /var/run/dbus/system_bus_socket: No such file or directory
[154:315:1129/150624.718696:ERROR:bus.cc(392)] Failed to connect to the bus: Failed to connect to socket /var/run/dbus/system_bus_socket: No such file or directory
[154:315:1129/150624.718722:WARNING:property.cc(144)] DaemonVersion: GetAndBlock: failed.
[154:315:1129/150624.718750:ERROR:bus.cc(392)] Failed to connect to the bus: Failed to connect to socket /var/run/dbus/system_bus_socket: No such file or directory
[154:315:1129/150624.718803:ERROR:bus.cc(392)] Failed to connect to the bus: Failed to connect to socket /var/run/dbus/system_bus_socket: No such file or directory
[154:154:1129/150626.920442:INFO:CONSOLE(128)] "currentLatencynow: NaN", source: file:///home/seluser/ppt/player/dashjs/index.html (128)
[154:154:1129/150627.920078:INFO:CONSOLE(128)] "currentLatencynow: 0", source: file:///home/seluser/ppt/player/dashjs/index.html (128)
[360:360:1129/150628.518286:WARNING:audio_manager_linux.cc(69)] Falling back to ALSA for audio output. PulseAudio is not available or could not be initialized.
[360:360:1129/150628.531070:ERROR:alsa_util.cc(204)] PcmOpen: default,No such file or directory
[360:360:1129/150628.531298:ERROR:alsa_util.cc(204)] PcmOpen: plug:default,No such file or directory
[154:240:1129/150628.562309:ERROR:chrome_browser_main_extra_parts_metrics.cc(228)] crbug.com/1216328: Checking Bluetooth availability started. Please report if there is no report that this ends.
[154:240:1129/150628.562380:ERROR:chrome_browser_main_extra_parts_metrics.cc(231)] crbug.com/1216328: Checking Bluetooth availability ended.
[154:240:1129/150628.562389:ERROR:chrome_browser_main_extra_parts_metrics.cc(234)] crbug.com/1216328: Checking default browser status started. Please report if there is no report that this ends.
[154:154:1129/150628.926952:INFO:CONSOLE(128)] "currentLatencynow: 6.465", source: file:///home/seluser/ppt/player/dashjs/index.html (128)
[154:240:1129/150629.002974:ERROR:chrome_browser_main_extra_parts_metrics.cc(238)] crbug.com/1216328: Checking default browser status ended.
[154:154:1129/150629.920243:INFO:CONSOLE(128)] "currentLatencynow: 7.462", source: file:///home/seluser/ppt/player/dashjs/index.html (128)
[154:180:1129/150630.177878:ERROR:bus.cc(392)] Failed to connect to the bus: Address does not contain a colon
[154:180:1129/150630.177922:ERROR:bus.cc(392)] Failed to connect to the bus: Address does not contain a colon
[154:180:1129/150630.177935:ERROR:bus.cc(392)] Failed to connect to the bus: Address does not contain a colon
[154:180:1129/150630.177946:ERROR:bus.cc(392)] Failed to connect to the bus: Address does not contain a colon
[154:180:1129/150630.177956:ERROR:bus.cc(392)] Failed to connect to the bus: Address does not contain a colon
[154:180:1129/150630.177966:ERROR:bus.cc(392)] Failed to connect to the bus: Address does not contain a colon
[154:180:1129/150630.177976:ERROR:bus.cc(392)] Failed to connect to the bus: Address does not contain a colon
[154:180:1129/150630.177998:ERROR:bus.cc(392)] Failed to connect to the bus: Address does not contain a colon
[154:180:1129/150630.178011:ERROR:bus.cc(392)] Failed to connect to the bus: Address does not contain a colon
[154:180:1129/150630.178023:ERROR:bus.cc(392)] Failed to connect to the bus: Address does not contain a colon
[154:180:1129/150630.178032:ERROR:bus.cc(392)] Failed to connect to the bus: Address does not contain a colon
[154:180:1129/150630.178042:ERROR:bus.cc(392)] Failed to connect to the bus: Address does not contain a colon
[154:180:1129/150630.178051:ERROR:bus.cc(392)] Failed to connect to the bus: Address does not contain a colon
[154:180:1129/150630.178061:ERROR:bus.cc(392)] Failed to connect to the bus: Address does not contain a colon
[154:180:1129/150630.192255:ERROR:bus.cc(392)] Failed to connect to the bus: Address does not contain a colon
[154:180:1129/150630.192293:ERROR:bus.cc(392)] Failed to connect to the bus: Address does not contain a colon
[154:180:1129/150630.192305:ERROR:bus.cc(392)] Failed to connect to the bus: Address does not contain a colon
[154:180:1129/150630.220282:ERROR:bus.cc(392)] Failed to connect to the bus: Address does not contain a colon
[154:180:1129/150630.220339:ERROR:bus.cc(392)] Failed to connect to the bus: Address does not contain a colon
[154:154:1129/150630.920284:INFO:CONSOLE(128)] "currentLatencynow: 8.304", source: file:///home/seluser/ppt/player/dashjs/index.html (128)
[154:154:1129/150631.920678:INFO:CONSOLE(128)] "currentLatencynow: 9.305", source: file:///home/seluser/ppt/player/dashjs/index.html (128)
[154:154:1129/150632.930019:INFO:CONSOLE(128)] "currentLatencynow: 9.431", source: file:///home/seluser/ppt/player/dashjs/index.html (128)
[154:154:1129/150633.928512:INFO:CONSOLE(128)] "currentLatencynow: 9.325", source: file:///home/seluser/ppt/player/dashjs/index.html (128)
[154:154:1129/150634.920235:INFO:CONSOLE(128)] "currentLatencynow: 9.319", source: file:///home/seluser/ppt/player/dashjs/index.html (128)
[154:154:1129/150635.920146:INFO:CONSOLE(128)] "currentLatencynow: 9.318", source: file:///home/seluser/ppt/player/dashjs/index.html (128)
[154:154:1129/150636.921102:INFO:CONSOLE(128)] "currentLatencynow: 9.319", source: file:///home/seluser/ppt/player/dashjs/index.html (128)
[154:154:1129/150637.920431:INFO:CONSOLE(128)] "currentLatencynow: 9.322", source: file:///home/seluser/ppt/player/dashjs/index.html (128)
[154:154:1129/150638.921246:INFO:CONSOLE(128)] "currentLatencynow: 9.318", source: file:///home/seluser/ppt/player/dashjs/index.html (128)
[154:154:1129/150639.920201:INFO:CONSOLE(128)] "currentLatencynow: 10.001", source: file:///home/seluser/ppt/player/dashjs/index.html (128)
[154:154:1129/150640.920551:INFO:CONSOLE(128)] "currentLatencynow: 10.002", source: file:///home/seluser/ppt/player/dashjs/index.html (128)
[154:154:1129/150641.920647:INFO:CONSOLE(128)] "currentLatencynow: 10.002", source: file:///home/seluser/ppt/player/dashjs/index.html (128)
[154:154:1129/150642.920670:INFO:CONSOLE(128)] "currentLatencynow: 10.001", source: file:///home/seluser/ppt/player/dashjs/index.html (128)
[154:154:1129/150643.919973:INFO:CONSOLE(128)] "currentLatencynow: 10.001", source: file:///home/seluser/ppt/player/dashjs/index.html (128)
[154:154:1129/150644.921588:INFO:CONSOLE(128)] "currentLatencynow: 9.967", source: file:///home/seluser/ppt/player/dashjs/index.html (128)
[154:154:1129/150645.922118:INFO:CONSOLE(128)] "currentLatencynow: 9.868", source: file:///home/seluser/ppt/player/dashjs/index.html (128)
[154:154:1129/150646.921055:INFO:CONSOLE(128)] "currentLatencynow: 9.768", source: file:///home/seluser/ppt/player/dashjs/index.html (128)
[154:154:1129/150647.921073:INFO:CONSOLE(128)] "currentLatencynow: 9.668", source: file:///home/seluser/ppt/player/dashjs/index.html (128)
[154:154:1129/150648.922600:INFO:CONSOLE(128)] "currentLatencynow: 9.568", source: file:///home/seluser/ppt/player/dashjs/index.html (128)
[154:154:1129/150649.920413:INFO:CONSOLE(128)] "currentLatencynow: 9.468", source: file:///home/seluser/ppt/player/dashjs/index.html (128)
[154:154:1129/150650.920333:INFO:CONSOLE(128)] "currentLatencynow: 9.368", source: file:///home/seluser/ppt/player/dashjs/index.html (128)
[154:154:1129/150651.919916:INFO:CONSOLE(128)] "currentLatencynow: 9.278", source: file:///home/seluser/ppt/player/dashjs/index.html (128)
[154:154:1129/150652.919842:INFO:CONSOLE(128)] "currentLatencynow: 9.278", source: file:///home/seluser/ppt/player/dashjs/index.html (128)
[154:154:1129/150653.921192:INFO:CONSOLE(128)] "currentLatencynow: 9.278", source: file:///home/seluser/ppt/player/dashjs/index.html (128)
[154:154:1129/150654.919788:INFO:CONSOLE(128)] "currentLatencynow: 9.278", source: file:///home/seluser/ppt/player/dashjs/index.html (128)
[154:154:1129/150655.923909:INFO:CONSOLE(128)] "currentLatencynow: 10.24", source: file:///home/seluser/ppt/player/dashjs/index.html (128)
[154:154:1129/150656.919991:INFO:CONSOLE(128)] "currentLatencynow: 11.236", source: file:///home/seluser/ppt/player/dashjs/index.html (128)
[154:180:1129/150657.190898:ERROR:bus.cc(392)] Failed to connect to the bus: Address does not contain a colon
[154:180:1129/150657.190940:ERROR:bus.cc(392)] Failed to connect to the bus: Address does not contain a colon
[154:154:1129/150657.920758:INFO:CONSOLE(128)] "currentLatencynow: 11.434", source: file:///home/seluser/ppt/player/dashjs/index.html (128)
[154:154:1129/150658.922043:INFO:CONSOLE(128)] "currentLatencynow: 11.432", source: file:///home/seluser/ppt/player/dashjs/index.html (128)
[154:154:1129/150659.920518:INFO:CONSOLE(128)] "currentLatencynow: 11.433", source: file:///home/seluser/ppt/player/dashjs/index.html (128)
[154:154:1129/150700.919979:INFO:CONSOLE(128)] "currentLatencynow: 11.425", source: file:///home/seluser/ppt/player/dashjs/index.html (128)
[154:154:1129/150701.919797:INFO:CONSOLE(128)] "currentLatencynow: 11.325", source: file:///home/seluser/ppt/player/dashjs/index.html (128)
[154:154:1129/150702.919981:INFO:CONSOLE(128)] "currentLatencynow: 11.226", source: file:///home/seluser/ppt/player/dashjs/index.html (128)
[154:154:1129/150703.919822:INFO:CONSOLE(128)] "currentLatencynow: 11.125", source: file:///home/seluser/ppt/player/dashjs/index.html (128)
[154:154:1129/150704.919805:INFO:CONSOLE(128)] "currentLatencynow: 11.025", source: file:///home/seluser/ppt/player/dashjs/index.html (128)
[154:154:1129/150705.920069:INFO:CONSOLE(128)] "currentLatencynow: 10.925", source: file:///home/seluser/ppt/player/dashjs/index.html (128)
[154:154:1129/150706.919870:INFO:CONSOLE(128)] "currentLatencynow: 10.825", source: file:///home/seluser/ppt/player/dashjs/index.html (128)
[154:154:1129/150707.921566:INFO:CONSOLE(128)] "currentLatencynow: 10.725", source: file:///home/seluser/ppt/player/dashjs/index.html (128)
[154:154:1129/150708.919710:INFO:CONSOLE(128)] "currentLatencynow: 10.625", source: file:///home/seluser/ppt/player/dashjs/index.html (128)
[154:154:1129/150709.919841:INFO:CONSOLE(128)] "currentLatencynow: 10.6", source: file:///home/seluser/ppt/player/dashjs/index.html (128)
[154:154:1129/150710.920193:INFO:CONSOLE(128)] "currentLatencynow: 10.599", source: file:///home/seluser/ppt/player/dashjs/index.html (128)
[154:154:1129/150711.920265:INFO:CONSOLE(128)] "currentLatencynow: 10.6", source: file:///home/seluser/ppt/player/dashjs/index.html (128)
[154:154:1129/150712.920418:INFO:CONSOLE(128)] "currentLatencynow: 11.207", source: file:///home/seluser/ppt/player/dashjs/index.html (128)
[154:154:1129/150713.919836:INFO:CONSOLE(128)] "currentLatencynow: 12.206", source: file:///home/seluser/ppt/player/dashjs/index.html (128)
[154:180:1129/150714.915919:ERROR:bus.cc(392)] Failed to connect to the bus: Address does not contain a colon
[154:180:1129/150714.915963:ERROR:bus.cc(392)] Failed to connect to the bus: Address does not contain a colon
[154:154:1129/150714.920008:INFO:CONSOLE(128)] "currentLatencynow: 13.117", source: file:///home/seluser/ppt/player/dashjs/index.html (128)
[154:154:1129/150715.919751:INFO:CONSOLE(128)] "currentLatencynow: 13.117", source: file:///home/seluser/ppt/player/dashjs/index.html (128)
[154:154:1129/150716.919765:INFO:CONSOLE(128)] "currentLatencynow: 13.117", source: file:///home/seluser/ppt/player/dashjs/index.html (128)
[154:154:1129/150717.919876:INFO:CONSOLE(128)] "currentLatencynow: 13.117", source: file:///home/seluser/ppt/player/dashjs/index.html (128)
[154:154:1129/150718.920097:INFO:CONSOLE(128)] "currentLatencynow: 13.117", source: file:///home/seluser/ppt/player/dashjs/index.html (128)
[154:154:1129/150719.919785:INFO:CONSOLE(128)] "currentLatencynow: 13.117", source: file:///home/seluser/ppt/player/dashjs/index.html (128)
[154:154:1129/150720.920077:INFO:CONSOLE(128)] "currentLatencynow: 13.026", source: file:///home/seluser/ppt/player/dashjs/index.html (128)
[154:154:1129/150721.919350:INFO:CONSOLE(128)] "currentLatencynow: 12.925", source: file:///home/seluser/ppt/player/dashjs/index.html (128)
[154:154:1129/150722.919067:INFO:CONSOLE(128)] "currentLatencynow: 12.825", source: file:///home/seluser/ppt/player/dashjs/index.html (128)
[154:154:1129/150723.919011:INFO:CONSOLE(128)] "currentLatencynow: 12.779", source: file:///home/seluser/ppt/player/dashjs/index.html (128)
[154:154:1129/150724.918912:INFO:CONSOLE(128)] "currentLatencynow: 12.779", source: file:///home/seluser/ppt/player/dashjs/index.html (128)
[154:154:1129/150725.919156:INFO:CONSOLE(128)] "currentLatencynow: 12.779", source: file:///home/seluser/ppt/player/dashjs/index.html (128)
[154:154:1129/150726.919077:INFO:CONSOLE(128)] "currentLatencynow: 12.779", source: file:///home/seluser/ppt/player/dashjs/index.html (128)
[154:154:1129/150727.919034:INFO:CONSOLE(128)] "currentLatencynow: 12.779", source: file:///home/seluser/ppt/player/dashjs/index.html (128)
[154:154:1129/150728.919017:INFO:CONSOLE(128)] "currentLatencynow: 12.779", source: file:///home/seluser/ppt/player/dashjs/index.html (128)
[154:154:1129/150729.919129:INFO:CONSOLE(128)] "currentLatencynow: 13.17", source: file:///home/seluser/ppt/player/dashjs/index.html (128)
[154:154:1129/150730.919145:INFO:CONSOLE(128)] "currentLatencynow: 14.17", source: file:///home/seluser/ppt/player/dashjs/index.html (128)
[154:154:1129/150731.919008:INFO:CONSOLE(128)] "currentLatencynow: 15.17", source: file:///home/seluser/ppt/player/dashjs/index.html (128)
[154:180:1129/150732.286528:ERROR:bus.cc(392)] Failed to connect to the bus: Address does not contain a colon
[154:180:1129/150732.286570:ERROR:bus.cc(392)] Failed to connect to the bus: Address does not contain a colon
[154:154:1129/150732.919670:INFO:CONSOLE(128)] "currentLatencynow: 15.433", source: file:///home/seluser/ppt/player/dashjs/index.html (128)
[154:154:1129/150733.918998:INFO:CONSOLE(128)] "currentLatencynow: 15.334", source: file:///home/seluser/ppt/player/dashjs/index.html (128)
[154:154:1129/150734.919948:INFO:CONSOLE(128)] "currentLatencynow: 15.234", source: file:///home/seluser/ppt/player/dashjs/index.html (128)
[154:154:1129/150735.921124:INFO:CONSOLE(128)] "currentLatencynow: 15.134", source: file:///home/seluser/ppt/player/dashjs/index.html (128)
[154:154:1129/150736.919167:INFO:CONSOLE(128)] "currentLatencynow: 15.033", source: file:///home/seluser/ppt/player/dashjs/index.html (128)
[154:154:1129/150737.919449:INFO:CONSOLE(128)] "currentLatencynow: 14.934", source: file:///home/seluser/ppt/player/dashjs/index.html (128)
[154:154:1129/150738.920085:INFO:CONSOLE(128)] "currentLatencynow: 14.834", source: file:///home/seluser/ppt/player/dashjs/index.html (128)
[154:154:1129/150739.918710:INFO:CONSOLE(128)] "currentLatencynow: 14.734", source: file:///home/seluser/ppt/player/dashjs/index.html (128)
[154:154:1129/150740.919045:INFO:CONSOLE(128)] "currentLatencynow: 14.634", source: file:///home/seluser/ppt/player/dashjs/index.html (128)
[154:154:1129/150741.919323:INFO:CONSOLE(128)] "currentLatencynow: 14.591", source: file:///home/seluser/ppt/player/dashjs/index.html (128)
[154:154:1129/150742.920119:INFO:CONSOLE(128)] "currentLatencynow: 14.591", source: file:///home/seluser/ppt/player/dashjs/index.html (128)
[154:154:1129/150743.919077:INFO:CONSOLE(128)] "currentLatencynow: 14.591", source: file:///home/seluser/ppt/player/dashjs/index.html (128)
[154:154:1129/150744.918965:INFO:CONSOLE(128)] "currentLatencynow: 15.185", source: file:///home/seluser/ppt/player/dashjs/index.html (128)
[154:154:1129/150745.919166:INFO:CONSOLE(128)] "currentLatencynow: 16.185", source: file:///home/seluser/ppt/player/dashjs/index.html (128)
[154:154:1129/150746.919230:INFO:CONSOLE(128)] "currentLatencynow: 17.185", source: file:///home/seluser/ppt/player/dashjs/index.html (128)
[154:180:1129/150747.011093:ERROR:bus.cc(392)] Failed to connect to the bus: Address does not contain a colon
[154:180:1129/150747.011162:ERROR:bus.cc(392)] Failed to connect to the bus: Address does not contain a colon
[154:154:1129/150747.918985:INFO:CONSOLE(128)] "currentLatencynow: 17.236", source: file:///home/seluser/ppt/player/dashjs/index.html (128)
[154:154:1129/150748.921301:INFO:CONSOLE(128)] "currentLatencynow: 17.237", source: file:///home/seluser/ppt/player/dashjs/index.html (128)
[154:154:1129/150749.919546:INFO:CONSOLE(128)] "currentLatencynow: 17.237", source: file:///home/seluser/ppt/player/dashjs/index.html (128)
[154:154:1129/150750.918979:INFO:CONSOLE(128)] "currentLatencynow: 17.238", source: file:///home/seluser/ppt/player/dashjs/index.html (128)
[154:154:1129/150751.918866:INFO:CONSOLE(128)] "currentLatencynow: 17.236", source: file:///home/seluser/ppt/player/dashjs/index.html (128)
[154:154:1129/150752.921909:INFO:CONSOLE(128)] "currentLatencynow: 18.124", source: file:///home/seluser/ppt/player/dashjs/index.html (128)
[154:154:1129/150753.918812:INFO:CONSOLE(128)] "currentLatencynow: 19.121", source: file:///home/seluser/ppt/player/dashjs/index.html (128)
[154:180:1129/150754.373066:ERROR:bus.cc(392)] Failed to connect to the bus: Address does not contain a colon
[154:180:1129/150754.373106:ERROR:bus.cc(392)] Failed to connect to the bus: Address does not contain a colon
[154:154:1129/150754.918889:INFO:CONSOLE(128)] "currentLatencynow: 19.506", source: file:///home/seluser/ppt/player/dashjs/index.html (128)
[154:154:1129/150755.919073:INFO:CONSOLE(128)] "currentLatencynow: 19.476", source: file:///home/seluser/ppt/player/dashjs/index.html (128)
[154:154:1129/150756.918908:INFO:CONSOLE(128)] "currentLatencynow: 19.376", source: file:///home/seluser/ppt/player/dashjs/index.html (128)
[154:154:1129/150757.918886:INFO:CONSOLE(128)] "currentLatencynow: 19.276", source: file:///home/seluser/ppt/player/dashjs/index.html (128)
[154:154:1129/150758.919945:INFO:CONSOLE(128)] "currentLatencynow: 19.176", source: file:///home/seluser/ppt/player/dashjs/index.html (128)
[154:154:1129/150759.920785:INFO:CONSOLE(128)] "currentLatencynow: 19.077", source: file:///home/seluser/ppt/player/dashjs/index.html (128)
[154:154:1129/150800.918902:INFO:CONSOLE(128)] "currentLatencynow: 18.976", source: file:///home/seluser/ppt/player/dashjs/index.html (128)
[154:154:1129/150801.918814:INFO:CONSOLE(128)] "currentLatencynow: 18.876", source: file:///home/seluser/ppt/player/dashjs/index.html (128)
[154:154:1129/150802.918892:INFO:CONSOLE(128)] "currentLatencynow: 18.776", source: file:///home/seluser/ppt/player/dashjs/index.html (128)
[154:154:1129/150803.918858:INFO:CONSOLE(128)] "currentLatencynow: 18.676", source: file:///home/seluser/ppt/player/dashjs/index.html (128)
[154:154:1129/150804.918820:INFO:CONSOLE(128)] "currentLatencynow: 18.576", source: file:///home/seluser/ppt/player/dashjs/index.html (128)
[154:154:1129/150805.920216:INFO:CONSOLE(128)] "currentLatencynow: 18.476", source: file:///home/seluser/ppt/player/dashjs/index.html (128)
[154:154:1129/150806.918958:INFO:CONSOLE(128)] "currentLatencynow: 18.376", source: file:///home/seluser/ppt/player/dashjs/index.html (128)
[154:154:1129/150807.920574:INFO:CONSOLE(128)] "currentLatencynow: 18.356", source: file:///home/seluser/ppt/player/dashjs/index.html (128)
[154:154:1129/150808.918898:INFO:CONSOLE(128)] "currentLatencynow: 18.356", source: file:///home/seluser/ppt/player/dashjs/index.html (128)
[154:154:1129/150809.918884:INFO:CONSOLE(128)] "currentLatencynow: 18.356", source: file:///home/seluser/ppt/player/dashjs/index.html (128)
[154:154:1129/150810.920646:INFO:CONSOLE(128)] "currentLatencynow: 19.167", source: file:///home/seluser/ppt/player/dashjs/index.html (128)
[154:154:1129/150811.918817:INFO:CONSOLE(128)] "currentLatencynow: 20.165", source: file:///home/seluser/ppt/player/dashjs/index.html (128)
[154:154:1129/150812.919961:INFO:CONSOLE(128)] "currentLatencynow: 21.166", source: file:///home/seluser/ppt/player/dashjs/index.html (128)
[154:180:1129/150813.645425:ERROR:bus.cc(392)] Failed to connect to the bus: Address does not contain a colon
[154:180:1129/150813.645467:ERROR:bus.cc(392)] Failed to connect to the bus: Address does not contain a colon
[154:154:1129/150813.918956:INFO:CONSOLE(128)] "currentLatencynow: 21.855", source: file:///home/seluser/ppt/player/dashjs/index.html (128)
[154:154:1129/150814.918816:INFO:CONSOLE(128)] "currentLatencynow: 21.855", source: file:///home/seluser/ppt/player/dashjs/index.html (128)
[154:154:1129/150815.918916:INFO:CONSOLE(128)] "currentLatencynow: 21.855", source: file:///home/seluser/ppt/player/dashjs/index.html (128)
[154:154:1129/150816.918963:INFO:CONSOLE(128)] "currentLatencynow: 21.833", source: file:///home/seluser/ppt/player/dashjs/index.html (128)
[154:154:1129/150817.918940:INFO:CONSOLE(128)] "currentLatencynow: 21.735", source: file:///home/seluser/ppt/player/dashjs/index.html (128)
[154:154:1129/150818.920275:INFO:CONSOLE(128)] "currentLatencynow: 21.634", source: file:///home/seluser/ppt/player/dashjs/index.html (128)
[154:154:1129/150819.919303:INFO:CONSOLE(128)] "currentLatencynow: 21.533", source: file:///home/seluser/ppt/player/dashjs/index.html (128)
[154:154:1129/150820.918733:INFO:CONSOLE(128)] "currentLatencynow: 21.433", source: file:///home/seluser/ppt/player/dashjs/index.html (128)
[154:154:1129/150821.917544:INFO:CONSOLE(128)] "currentLatencynow: 21.332", source: file:///home/seluser/ppt/player/dashjs/index.html (128)
[154:154:1129/150822.917671:INFO:CONSOLE(128)] "currentLatencynow: 21.232", source: file:///home/seluser/ppt/player/dashjs/index.html (128)
[154:154:1129/150823.918227:INFO:CONSOLE(128)] "currentLatencynow: 21.132", source: file:///home/seluser/ppt/player/dashjs/index.html (128)
[154:154:1129/150824.917779:INFO:CONSOLE(128)] "currentLatencynow: 21.032", source: file:///home/seluser/ppt/player/dashjs/index.html (128)
[154:154:1129/150825.917797:INFO:CONSOLE(128)] "currentLatencynow: 20.956", source: file:///home/seluser/ppt/player/dashjs/index.html (128)
[154:154:1129/150825.918538:INFO:CONSOLE(114)] "Begin Player stistics 
", source: file:///home/seluser/ppt/player/dashjs/index.html (114)
[154:154:1129/150825.919309:INFO:CONSOLE(115)] "["stall",[["3.04","4.90",1.8600000000000003]],[["5.11","5.36",0.25]],[["13.72","13.97",0.25]],[["29.68","29.93",0.25]],[["34.83","35.08",0.25]],[["47.03","47.28",0.25]],[["64.25","64.50",0.25]],[["79.05","79.30",0.25]],[["86.76","87.01",0.25]],[["104.83","105.08",0.25]],[["availibleBW",[null],[null],[null],[null],[3328],[3328],[2765],[2765],[2765],[2325],[2325],[2325],[2634],[2822],[2822],[3037],[3901],[3901],[4363],[4707],[4707],[4781],[4781],[4603],[4603],[4603],[4206],[4206],[4206],[3742],[3742],[3320],[3468],[3468],[3446],[3695],[4011],[4011],[3696],[3696],[3334],[3334],[3334],[2989],[2989],[2989],[2784],[2895],[2885],[2885],[3412],[3412],[4618],[4995],[4995],[5461],[5461],[5461],[5844],[5844],[5459],[5459],[5007],[5007],[5007],[5007],[5015],[4959],[4959],[4664],[5437],[5437],[5070],[5070],[5070],[5070],[4632],[4632],[4632],[4103],[4103],[3952],[3952],[3991],[3991],[3991],[3794],[3794],[3907],[3785],[3673],[3673],[3608],[3922],[3922],[5144],[5144],[4740],[4740],[4740],[4662],[4662],[4662],[4819],[4819],[4819],[4750],[4582],[4692],[4692],[4888],[4803],[4803],[4580],[4580],[4891],[4604],[4604],[4604],[4362]]],[["currentBuffer",[0],[0],[0],[0],[0.08],[0.08],[1.232],[0.13],[0],[0.125],[0],[0],[0],[0.931],[0],[0.96],[1.875],[0.962],[1.947],[2.789],[1.748],[2.65],[1.552],[2.449],[1.353],[0.257],[0],[0],[0],[0],[0],[0.441],[1.443],[0.443],[1.295],[2.197],[3.099],[1.999],[2.901],[1.801],[2.703],[1.603],[0.503],[0],[0],[0],[0],[0],[1.023],[0.038],[1.04],[0.021],[1.044],[2.045],[0.965],[1.867],[0.771],[0],[0.712],[0],[0.714],[0],[0.716],[0.002],[0.002],[0.002],[1.422],[2.324],[1.225],[2.126],[2.895],[1.927],[2.767],[1.579],[0.629],[0],[0],[0],[0],[0],[0],[0.115],[0],[0.131],[0],[0],[0],[0],[1.492],[2.477],[3.379],[2.279],[3.183],[4.03],[2.98],[3.885],[2.785],[3.687],[2.587],[1.487],[0.386],[0],[0],[0],[0],[0],[0],[0.78],[1.76],[0.783],[1.768],[2.67],[1.571],[2.472],[1.374],[2.25],[3.176],[2.077],[0.976],[0]]],[["currentLatency",[null],[0],[6.465],[7.462],[8.304],[9.305],[9.431],[9.325],[9.319],[9.318],[9.319],[9.322],[9.318],[10.001],[10.002],[10.002],[10.001],[10.001],[9.967],[9.868],[9.768],[9.668],[9.568],[9.468],[9.368],[9.278],[9.278],[9.278],[9.278],[10.24],[11.236],[11.434],[11.432],[11.433],[11.425],[11.325],[11.226],[11.125],[11.025],[10.925],[10.825],[10.725],[10.625],[10.6],[10.599],[10.6],[11.207],[12.206],[13.117],[13.117],[13.117],[13.117],[13.117],[13.117],[13.026],[12.925],[12.825],[12.779],[12.779],[12.779],[12.779],[12.779],[12.779],[13.17],[14.17],[15.17],[15.433],[15.334],[15.234],[15.134],[15.033],[14.934],[14.834],[14.734],[14.634],[14.591],[14.591],[14.591],[15.185],[16.185],[17.185],[17.236],[17.237],[17.237],[17.238],[17.236],[18.124],[19.121],[19.506],[19.476],[19.376],[19.276],[19.176],[19.077],[18.976],[18.876],[18.776],[18.676],[18.576],[18.476],[18.376],[18.356],[18.356],[18.356],[19.167],[20.165],[21.166],[21.855],[21.855],[21.855],[21.833],[21.735],[21.634],[21.533],[21.433],[21.332],[21.232],[21.132],[21.032],[20.956]]]]", source: file:///home/seluser/ppt/player/dashjs/index.html (115)
[154:154:1129/150825.920084:INFO:CONSOLE(116)] "
", source: file:///home/seluser/ppt/player/dashjs/index.html (116)
[154:154:1129/150825.920759:INFO:CONSOLE(117)] "Finish Player stistics 
", source: file:///home/seluser/ppt/player/dashjs/index.html (117)
[154:154:1129/150826.917561:INFO:CONSOLE(128)] "currentLatencynow: 20.956", source: file:///home/seluser/ppt/player/dashjs/index.html (128)
[154:154:1129/150827.917562:INFO:CONSOLE(128)] "currentLatencynow: 20.956", source: file:///home/seluser/ppt/player/dashjs/index.html (128)
[154:154:1129/150828.917600:INFO:CONSOLE(128)] "currentLatencynow: 21.15", source: file:///home/seluser/ppt/player/dashjs/index.html (128)
[154:154:1129/150829.917584:INFO:CONSOLE(128)] "currentLatencynow: 22.15", source: file:///home/seluser/ppt/player/dashjs/index.html (128)
[154:154:1129/150830.917654:INFO:CONSOLE(128)] "currentLatencynow: 23.15", source: file:///home/seluser/ppt/player/dashjs/index.html (128)
[154:180:1129/150831.861185:ERROR:bus.cc(392)] Failed to connect to the bus: Address does not contain a colon
[154:180:1129/150831.861230:ERROR:bus.cc(392)] Failed to connect to the bus: Address does not contain a colon
[154:154:1129/150831.917481:INFO:CONSOLE(128)] "currentLatencynow: 24.028", source: file:///home/seluser/ppt/player/dashjs/index.html (128)
[154:154:1129/150832.920878:INFO:CONSOLE(128)] "currentLatencynow: 24.027", source: file:///home/seluser/ppt/player/dashjs/index.html (128)
[154:154:1129/150833.917814:INFO:CONSOLE(128)] "currentLatencynow: 24.028", source: file:///home/seluser/ppt/player/dashjs/index.html (128)
[154:154:1129/150834.918347:INFO:CONSOLE(128)] "currentLatencynow: 24.055", source: file:///home/seluser/ppt/player/dashjs/index.html (128)
[154:154:1129/150835.917693:INFO:CONSOLE(128)] "currentLatencynow: 25.054", source: file:///home/seluser/ppt/player/dashjs/index.html (128)
[154:154:1129/150836.917667:INFO:CONSOLE(128)] "currentLatencynow: 25.93", source: file:///home/seluser/ppt/player/dashjs/index.html (128)
[154:154:1129/150837.919738:INFO:CONSOLE(128)] "currentLatencynow: 25.909", source: file:///home/seluser/ppt/player/dashjs/index.html (128)
[154:154:1129/150838.917606:INFO:CONSOLE(128)] "currentLatencynow: 25.809", source: file:///home/seluser/ppt/player/dashjs/index.html (128)
[154:154:1129/150839.918681:INFO:CONSOLE(128)] "currentLatencynow: 25.709", source: file:///home/seluser/ppt/player/dashjs/index.html (128)
[154:154:1129/150840.918539:INFO:CONSOLE(128)] "currentLatencynow: 25.609", source: file:///home/seluser/ppt/player/dashjs/index.html (128)
[154:154:1129/150841.917693:INFO:CONSOLE(128)] "currentLatencynow: 25.509", source: file:///home/seluser/ppt/player/dashjs/index.html (128)
[154:154:1129/150842.917624:INFO:CONSOLE(128)] "currentLatencynow: 25.409", source: file:///home/seluser/ppt/player/dashjs/index.html (128)
[154:154:1129/150843.917732:INFO:CONSOLE(128)] "currentLatencynow: 25.309", source: file:///home/seluser/ppt/player/dashjs/index.html (128)
[154:154:1129/150844.917599:INFO:CONSOLE(128)] "currentLatencynow: 25.209", source: file:///home/seluser/ppt/player/dashjs/index.html (128)
[154:154:1129/150845.917790:INFO:CONSOLE(128)] "currentLatencynow: 25.111", source: file:///home/seluser/ppt/player/dashjs/index.html (128)
[154:154:1129/150846.917496:INFO:CONSOLE(128)] "currentLatencynow: 25.009", source: file:///home/seluser/ppt/player/dashjs/index.html (128)
[154:154:1129/150847.917502:INFO:CONSOLE(128)] "currentLatencynow: 24.91", source: file:///home/seluser/ppt/player/dashjs/index.html (128)
[154:154:1129/150848.917584:INFO:CONSOLE(128)] "currentLatencynow: 24.809", source: file:///home/seluser/ppt/player/dashjs/index.html (128)
[154:154:1129/150849.918313:INFO:CONSOLE(128)] "currentLatencynow: 24.709", source: file:///home/seluser/ppt/player/dashjs/index.html (128)
[154:154:1129/150850.918691:INFO:CONSOLE(128)] "currentLatencynow: 24.61", source: file:///home/seluser/ppt/player/dashjs/index.html (128)
[154:154:1129/150851.919484:INFO:CONSOLE(128)] "currentLatencynow: 24.582", source: file:///home/seluser/ppt/player/dashjs/index.html (128)
[154:154:1129/150852.919199:INFO:CONSOLE(128)] "currentLatencynow: 24.581", source: file:///home/seluser/ppt/player/dashjs/index.html (128)
[154:154:1129/150853.919861:INFO:CONSOLE(128)] "currentLatencynow: 24.582", source: file:///home/seluser/ppt/player/dashjs/index.html (128)
[154:154:1129/150854.919183:INFO:CONSOLE(128)] "currentLatencynow: 24.816", source: file:///home/seluser/ppt/player/dashjs/index.html (128)
[154:154:1129/150855.919266:INFO:CONSOLE(128)] "currentLatencynow: 24.818", source: file:///home/seluser/ppt/player/dashjs/index.html (128)
[154:154:1129/150856.920496:INFO:CONSOLE(128)] "currentLatencynow: 24.817", source: file:///home/seluser/ppt/player/dashjs/index.html (128)
[154:154:1129/150857.919377:INFO:CONSOLE(128)] "currentLatencynow: 24.816", source: file:///home/seluser/ppt/player/dashjs/index.html (128)
[154:154:1129/150858.919235:INFO:CONSOLE(128)] "currentLatencynow: 24.816", source: file:///home/seluser/ppt/player/dashjs/index.html (128)
[154:154:1129/150859.919548:INFO:CONSOLE(128)] "currentLatencynow: 24.816", source: file:///home/seluser/ppt/player/dashjs/index.html (128)
[154:154:1129/150900.919290:INFO:CONSOLE(128)] "currentLatencynow: 24.817", source: file:///home/seluser/ppt/player/dashjs/index.html (128)
[154:154:1129/150901.919236:INFO:CONSOLE(128)] "currentLatencynow: 24.816", source: file:///home/seluser/ppt/player/dashjs/index.html (128)
[154:154:1129/150902.919312:INFO:CONSOLE(128)] "currentLatencynow: 24.817", source: file:///home/seluser/ppt/player/dashjs/index.html (128)
[154:154:1129/150903.919264:INFO:CONSOLE(128)] "currentLatencynow: 24.751", source: file:///home/seluser/ppt/player/dashjs/index.html (128)
[154:154:1129/150904.919392:INFO:CONSOLE(128)] "currentLatencynow: 24.653", source: file:///home/seluser/ppt/player/dashjs/index.html (128)
[154:154:1129/150905.919412:INFO:CONSOLE(128)] "currentLatencynow: 24.599", source: file:///home/seluser/ppt/player/dashjs/index.html (128)
[154:154:1129/150906.919383:INFO:CONSOLE(128)] "currentLatencynow: 24.599", source: file:///home/seluser/ppt/player/dashjs/index.html (128)
[154:154:1129/150907.919597:INFO:CONSOLE(128)] "currentLatencynow: 24.599", source: file:///home/seluser/ppt/player/dashjs/index.html (128)
[154:154:1129/150908.919280:INFO:CONSOLE(128)] "currentLatencynow: 24.598", source: file:///home/seluser/ppt/player/dashjs/index.html (128)
[154:154:1129/150909.919363:INFO:CONSOLE(128)] "currentLatencynow: 24.599", source: file:///home/seluser/ppt/player/dashjs/index.html (128)
[154:154:1129/150910.919400:INFO:CONSOLE(128)] "currentLatencynow: 24.578", source: file:///home/seluser/ppt/player/dashjs/index.html (128)
[154:154:1129/150911.919305:INFO:CONSOLE(128)] "currentLatencynow: 24.479", source: file:///home/seluser/ppt/player/dashjs/index.html (128)
[154:154:1129/150912.920310:INFO:CONSOLE(128)] "currentLatencynow: 24.377", source: file:///home/seluser/ppt/player/dashjs/index.html (128)
[154:154:1129/150913.919288:INFO:CONSOLE(128)] "currentLatencynow: 24.278", source: file:///home/seluser/ppt/player/dashjs/index.html (128)
[154:154:1129/150914.919262:INFO:CONSOLE(128)] "currentLatencynow: 24.177", source: file:///home/seluser/ppt/player/dashjs/index.html (128)
[154:154:1129/150915.919962:INFO:CONSOLE(128)] "currentLatencynow: 24.078", source: file:///home/seluser/ppt/player/dashjs/index.html (128)
[154:154:1129/150916.919334:INFO:CONSOLE(128)] "currentLatencynow: 23.977", source: file:///home/seluser/ppt/player/dashjs/index.html (128)
[154:154:1129/150917.919560:INFO:CONSOLE(128)] "currentLatencynow: 23.878", source: file:///home/seluser/ppt/player/dashjs/index.html (128)
[154:154:1129/150918.919212:INFO:CONSOLE(128)] "currentLatencynow: 23.817", source: file:///home/seluser/ppt/player/dashjs/index.html (128)
[154:154:1129/150919.919459:INFO:CONSOLE(128)] "currentLatencynow: 23.818", source: file:///home/seluser/ppt/player/dashjs/index.html (128)
[154:154:1129/150920.919301:INFO:CONSOLE(128)] "currentLatencynow: 23.818", source: file:///home/seluser/ppt/player/dashjs/index.html (128)
[154:154:1129/150921.918165:INFO:CONSOLE(128)] "currentLatencynow: 23.816", source: file:///home/seluser/ppt/player/dashjs/index.html (128)
[154:154:1129/150922.918140:INFO:CONSOLE(128)] "currentLatencynow: 23.794", source: file:///home/seluser/ppt/player/dashjs/index.html (128)
[154:154:1129/150923.918210:INFO:CONSOLE(128)] "currentLatencynow: 23.694", source: file:///home/seluser/ppt/player/dashjs/index.html (128)
[154:154:1129/150924.918157:INFO:CONSOLE(128)] "currentLatencynow: 23.594", source: file:///home/seluser/ppt/player/dashjs/index.html (128)
[154:154:1129/150925.918319:INFO:CONSOLE(128)] "currentLatencynow: 23.494", source: file:///home/seluser/ppt/player/dashjs/index.html (128)
[154:154:1129/150926.222858:WARNING:pref_notifier_impl.cc(40)] Pref observer for media_router.cast_allow_all_ips found at shutdown.
