[104:139:0111/083602.699262:ERROR:bus.cc(392)] Failed to connect to the bus: Failed to connect to socket /var/run/dbus/system_bus_socket: No such file or directory
[104:130:0111/083602.702064:ERROR:bus.cc(392)] Failed to connect to the bus: Address does not contain a colon
[104:130:0111/083602.702103:ERROR:bus.cc(392)] Failed to connect to the bus: Address does not contain a colon
[147:147:0111/083602.718757:ERROR:gpu_init.cc(453)] Passthrough is not supported, GL is swiftshader, ANGLE is 
[104:130:0111/083602.728603:ERROR:bus.cc(392)] Failed to connect to the bus: Address does not contain a colon
[104:130:0111/083602.728655:ERROR:bus.cc(392)] Failed to connect to the bus: Address does not contain a colon
[104:130:0111/083602.772537:ERROR:bus.cc(392)] Failed to connect to the bus: Address does not contain a colon
[104:130:0111/083602.772584:ERROR:bus.cc(392)] Failed to connect to the bus: Address does not contain a colon
[104:226:0111/083603.113276:ERROR:bus.cc(392)] Failed to connect to the bus: Failed to connect to socket /var/run/dbus/system_bus_socket: No such file or directory
[104:226:0111/083603.113970:ERROR:bus.cc(392)] Failed to connect to the bus: Failed to connect to socket /var/run/dbus/system_bus_socket: No such file or directory
[104:226:0111/083603.114059:ERROR:bus.cc(392)] Failed to connect to the bus: Failed to connect to socket /var/run/dbus/system_bus_socket: No such file or directory
[104:226:0111/083603.114093:WARNING:property.cc(144)] DaemonVersion: GetAndBlock: failed.
[104:226:0111/083603.114139:ERROR:bus.cc(392)] Failed to connect to the bus: Failed to connect to socket /var/run/dbus/system_bus_socket: No such file or directory
[104:226:0111/083603.114182:ERROR:bus.cc(392)] Failed to connect to the bus: Failed to connect to socket /var/run/dbus/system_bus_socket: No such file or directory
[104:170:0111/083605.886582:ERROR:chrome_browser_main_extra_parts_metrics.cc(228)] crbug.com/1216328: Checking Bluetooth availability started. Please report if there is no report that this ends.
[104:170:0111/083605.886630:ERROR:chrome_browser_main_extra_parts_metrics.cc(231)] crbug.com/1216328: Checking Bluetooth availability ended.
[104:170:0111/083605.886655:ERROR:chrome_browser_main_extra_parts_metrics.cc(234)] crbug.com/1216328: Checking default browser status started. Please report if there is no report that this ends.
[104:170:0111/083606.025788:ERROR:chrome_browser_main_extra_parts_metrics.cc(238)] crbug.com/1216328: Checking default browser status ended.
[104:104:0111/083610.202705:INFO:CONSOLE(126)] "currentLatencynow: NaN", source: file:///home/seluser/ppt/player/bola1/index.html (126)
[104:104:0111/083611.202171:INFO:CONSOLE(126)] "currentLatencynow: NaN", source: file:///home/seluser/ppt/player/bola1/index.html (126)
[104:104:0111/083612.202156:INFO:CONSOLE(126)] "currentLatencynow: NaN", source: file:///home/seluser/ppt/player/bola1/index.html (126)
[446:446:0111/083613.072787:WARNING:audio_manager_linux.cc(69)] Falling back to ALSA for audio output. PulseAudio is not available or could not be initialized.
[446:446:0111/083613.078995:ERROR:alsa_util.cc(204)] PcmOpen: default,No such file or directory
[446:446:0111/083613.079170:ERROR:alsa_util.cc(204)] PcmOpen: plug:default,No such file or directory
[104:104:0111/083613.202507:INFO:CONSOLE(126)] "currentLatencynow: 4.379", source: file:///home/seluser/ppt/player/bola1/index.html (126)
[104:104:0111/083614.202241:INFO:CONSOLE(126)] "currentLatencynow: 5.378", source: file:///home/seluser/ppt/player/bola1/index.html (126)
[104:130:0111/083614.393415:ERROR:bus.cc(392)] Failed to connect to the bus: Address does not contain a colon
[104:130:0111/083614.393470:ERROR:bus.cc(392)] Failed to connect to the bus: Address does not contain a colon
[104:130:0111/083614.393487:ERROR:bus.cc(392)] Failed to connect to the bus: Address does not contain a colon
[104:130:0111/083614.393502:ERROR:bus.cc(392)] Failed to connect to the bus: Address does not contain a colon
[104:130:0111/083614.393518:ERROR:bus.cc(392)] Failed to connect to the bus: Address does not contain a colon
[104:130:0111/083614.393547:ERROR:bus.cc(392)] Failed to connect to the bus: Address does not contain a colon
[104:130:0111/083614.393560:ERROR:bus.cc(392)] Failed to connect to the bus: Address does not contain a colon
[104:130:0111/083614.393576:ERROR:bus.cc(392)] Failed to connect to the bus: Address does not contain a colon
[104:130:0111/083614.393590:ERROR:bus.cc(392)] Failed to connect to the bus: Address does not contain a colon
[104:130:0111/083614.393603:ERROR:bus.cc(392)] Failed to connect to the bus: Address does not contain a colon
[104:130:0111/083614.393616:ERROR:bus.cc(392)] Failed to connect to the bus: Address does not contain a colon
[104:130:0111/083614.393629:ERROR:bus.cc(392)] Failed to connect to the bus: Address does not contain a colon
[104:130:0111/083614.393642:ERROR:bus.cc(392)] Failed to connect to the bus: Address does not contain a colon
[104:130:0111/083614.393654:ERROR:bus.cc(392)] Failed to connect to the bus: Address does not contain a colon
[104:130:0111/083614.403646:ERROR:bus.cc(392)] Failed to connect to the bus: Address does not contain a colon
[104:130:0111/083614.403691:ERROR:bus.cc(392)] Failed to connect to the bus: Address does not contain a colon
[104:130:0111/083614.403712:ERROR:bus.cc(392)] Failed to connect to the bus: Address does not contain a colon
[104:130:0111/083614.482414:ERROR:bus.cc(392)] Failed to connect to the bus: Address does not contain a colon
[104:130:0111/083614.482566:ERROR:bus.cc(392)] Failed to connect to the bus: Address does not contain a colon
[104:104:0111/083615.202230:INFO:CONSOLE(126)] "currentLatencynow: 5.57", source: file:///home/seluser/ppt/player/bola1/index.html (126)
[104:104:0111/083616.202196:INFO:CONSOLE(126)] "currentLatencynow: 5.481", source: file:///home/seluser/ppt/player/bola1/index.html (126)
[104:104:0111/083617.202227:INFO:CONSOLE(126)] "currentLatencynow: 5.481", source: file:///home/seluser/ppt/player/bola1/index.html (126)
[104:104:0111/083618.202248:INFO:CONSOLE(126)] "currentLatencynow: 5.445", source: file:///home/seluser/ppt/player/bola1/index.html (126)
[104:104:0111/083619.202267:INFO:CONSOLE(126)] "currentLatencynow: 5.345", source: file:///home/seluser/ppt/player/bola1/index.html (126)
[104:104:0111/083620.202247:INFO:CONSOLE(126)] "currentLatencynow: 5.499", source: file:///home/seluser/ppt/player/bola1/index.html (126)
[104:104:0111/083621.202511:INFO:CONSOLE(126)] "currentLatencynow: 5.555", source: file:///home/seluser/ppt/player/bola1/index.html (126)
[104:104:0111/083622.202254:INFO:CONSOLE(126)] "currentLatencynow: 5.554", source: file:///home/seluser/ppt/player/bola1/index.html (126)
[104:104:0111/083623.212998:INFO:CONSOLE(126)] "currentLatencynow: 6.164", source: file:///home/seluser/ppt/player/bola1/index.html (126)
[104:104:0111/083624.202216:INFO:CONSOLE(126)] "currentLatencynow: 6.061", source: file:///home/seluser/ppt/player/bola1/index.html (126)
[104:104:0111/083625.202244:INFO:CONSOLE(126)] "currentLatencynow: 5.961", source: file:///home/seluser/ppt/player/bola1/index.html (126)
[104:104:0111/083626.202199:INFO:CONSOLE(126)] "currentLatencynow: 5.861", source: file:///home/seluser/ppt/player/bola1/index.html (126)
[104:104:0111/083627.202368:INFO:CONSOLE(126)] "currentLatencynow: 5.761", source: file:///home/seluser/ppt/player/bola1/index.html (126)
[104:104:0111/083628.202194:INFO:CONSOLE(126)] "currentLatencynow: 5.661", source: file:///home/seluser/ppt/player/bola1/index.html (126)
[104:104:0111/083629.202248:INFO:CONSOLE(126)] "currentLatencynow: 5.561", source: file:///home/seluser/ppt/player/bola1/index.html (126)
[104:104:0111/083630.202166:INFO:CONSOLE(126)] "currentLatencynow: 5.461", source: file:///home/seluser/ppt/player/bola1/index.html (126)
[104:104:0111/083631.202243:INFO:CONSOLE(126)] "currentLatencynow: 5.361", source: file:///home/seluser/ppt/player/bola1/index.html (126)
[104:104:0111/083632.202277:INFO:CONSOLE(126)] "currentLatencynow: 5.261", source: file:///home/seluser/ppt/player/bola1/index.html (126)
[104:104:0111/083633.202222:INFO:CONSOLE(126)] "currentLatencynow: 5.161", source: file:///home/seluser/ppt/player/bola1/index.html (126)
[104:104:0111/083634.202211:INFO:CONSOLE(126)] "currentLatencynow: 5.061", source: file:///home/seluser/ppt/player/bola1/index.html (126)
[104:104:0111/083635.202288:INFO:CONSOLE(126)] "currentLatencynow: 4.961", source: file:///home/seluser/ppt/player/bola1/index.html (126)
[104:104:0111/083636.202222:INFO:CONSOLE(126)] "currentLatencynow: 4.861", source: file:///home/seluser/ppt/player/bola1/index.html (126)
[104:104:0111/083637.202260:INFO:CONSOLE(126)] "currentLatencynow: 4.761", source: file:///home/seluser/ppt/player/bola1/index.html (126)
[104:104:0111/083638.202214:INFO:CONSOLE(126)] "currentLatencynow: 4.661", source: file:///home/seluser/ppt/player/bola1/index.html (126)
[104:104:0111/083639.202164:INFO:CONSOLE(126)] "currentLatencynow: 4.561", source: file:///home/seluser/ppt/player/bola1/index.html (126)
[104:104:0111/083640.202253:INFO:CONSOLE(126)] "currentLatencynow: 4.461", source: file:///home/seluser/ppt/player/bola1/index.html (126)
[104:104:0111/083641.202233:INFO:CONSOLE(126)] "currentLatencynow: 4.374", source: file:///home/seluser/ppt/player/bola1/index.html (126)
[104:104:0111/083642.202191:INFO:CONSOLE(126)] "currentLatencynow: 4.295", source: file:///home/seluser/ppt/player/bola1/index.html (126)
[104:104:0111/083643.202281:INFO:CONSOLE(126)] "currentLatencynow: 4.228", source: file:///home/seluser/ppt/player/bola1/index.html (126)
[104:104:0111/083644.202224:INFO:CONSOLE(126)] "currentLatencynow: 4.169", source: file:///home/seluser/ppt/player/bola1/index.html (126)
[104:104:0111/083645.202207:INFO:CONSOLE(126)] "currentLatencynow: 4.124", source: file:///home/seluser/ppt/player/bola1/index.html (126)
[104:104:0111/083646.202264:INFO:CONSOLE(126)] "currentLatencynow: 4.088", source: file:///home/seluser/ppt/player/bola1/index.html (126)
[104:104:0111/083647.202229:INFO:CONSOLE(126)] "currentLatencynow: 4.054", source: file:///home/seluser/ppt/player/bola1/index.html (126)
[104:104:0111/083648.202216:INFO:CONSOLE(126)] "currentLatencynow: 4.039", source: file:///home/seluser/ppt/player/bola1/index.html (126)
[104:104:0111/083649.202237:INFO:CONSOLE(126)] "currentLatencynow: 4.025", source: file:///home/seluser/ppt/player/bola1/index.html (126)
[104:104:0111/083650.202198:INFO:CONSOLE(126)] "currentLatencynow: 4.015", source: file:///home/seluser/ppt/player/bola1/index.html (126)
[104:104:0111/083651.202184:INFO:CONSOLE(126)] "currentLatencynow: 4.015", source: file:///home/seluser/ppt/player/bola1/index.html (126)
[104:104:0111/083652.202182:INFO:CONSOLE(126)] "currentLatencynow: 4.015", source: file:///home/seluser/ppt/player/bola1/index.html (126)
[104:104:0111/083653.202271:INFO:CONSOLE(126)] "currentLatencynow: 4.015", source: file:///home/seluser/ppt/player/bola1/index.html (126)
[104:104:0111/083654.202173:INFO:CONSOLE(126)] "currentLatencynow: 4.015", source: file:///home/seluser/ppt/player/bola1/index.html (126)
[104:104:0111/083655.202265:INFO:CONSOLE(126)] "currentLatencynow: 4.015", source: file:///home/seluser/ppt/player/bola1/index.html (126)
[104:104:0111/083656.202115:INFO:CONSOLE(126)] "currentLatencynow: 4.015", source: file:///home/seluser/ppt/player/bola1/index.html (126)
[104:104:0111/083657.202208:INFO:CONSOLE(126)] "currentLatencynow: 4.015", source: file:///home/seluser/ppt/player/bola1/index.html (126)
[104:104:0111/083658.202216:INFO:CONSOLE(126)] "currentLatencynow: 4.015", source: file:///home/seluser/ppt/player/bola1/index.html (126)
[104:104:0111/083659.202215:INFO:CONSOLE(126)] "currentLatencynow: 4.015", source: file:///home/seluser/ppt/player/bola1/index.html (126)
[104:104:0111/083700.202407:INFO:CONSOLE(126)] "currentLatencynow: 4.015", source: file:///home/seluser/ppt/player/bola1/index.html (126)
[104:104:0111/083701.202232:INFO:CONSOLE(126)] "currentLatencynow: 4.015", source: file:///home/seluser/ppt/player/bola1/index.html (126)
[104:104:0111/083702.202515:INFO:CONSOLE(126)] "currentLatencynow: 4.016", source: file:///home/seluser/ppt/player/bola1/index.html (126)
[104:104:0111/083703.202111:INFO:CONSOLE(126)] "currentLatencynow: 4.015", source: file:///home/seluser/ppt/player/bola1/index.html (126)
[104:104:0111/083704.202187:INFO:CONSOLE(126)] "currentLatencynow: 4.015", source: file:///home/seluser/ppt/player/bola1/index.html (126)
[104:104:0111/083705.202189:INFO:CONSOLE(126)] "currentLatencynow: 4.015", source: file:///home/seluser/ppt/player/bola1/index.html (126)
[104:104:0111/083706.202157:INFO:CONSOLE(126)] "currentLatencynow: 4.015", source: file:///home/seluser/ppt/player/bola1/index.html (126)
[104:104:0111/083707.202220:INFO:CONSOLE(126)] "currentLatencynow: 4.441", source: file:///home/seluser/ppt/player/bola1/index.html (126)
[104:104:0111/083708.202241:INFO:CONSOLE(126)] "currentLatencynow: 4.945", source: file:///home/seluser/ppt/player/bola1/index.html (126)
[104:104:0111/083709.202194:INFO:CONSOLE(126)] "currentLatencynow: 4.847", source: file:///home/seluser/ppt/player/bola1/index.html (126)
[104:104:0111/083710.202252:INFO:CONSOLE(126)] "currentLatencynow: 4.749", source: file:///home/seluser/ppt/player/bola1/index.html (126)
[104:104:0111/083711.202239:INFO:CONSOLE(126)] "currentLatencynow: 4.651", source: file:///home/seluser/ppt/player/bola1/index.html (126)
[104:104:0111/083712.202294:INFO:CONSOLE(126)] "currentLatencynow: 4.553", source: file:///home/seluser/ppt/player/bola1/index.html (126)
[104:104:0111/083713.202251:INFO:CONSOLE(126)] "currentLatencynow: 4.455", source: file:///home/seluser/ppt/player/bola1/index.html (126)
[104:104:0111/083714.202176:INFO:CONSOLE(126)] "currentLatencynow: 4.364", source: file:///home/seluser/ppt/player/bola1/index.html (126)
[104:104:0111/083715.202204:INFO:CONSOLE(126)] "currentLatencynow: 4.288", source: file:///home/seluser/ppt/player/bola1/index.html (126)
[104:104:0111/083716.202199:INFO:CONSOLE(126)] "currentLatencynow: 4.22", source: file:///home/seluser/ppt/player/bola1/index.html (126)
[104:104:0111/083717.202192:INFO:CONSOLE(126)] "currentLatencynow: 4.165", source: file:///home/seluser/ppt/player/bola1/index.html (126)
[104:104:0111/083718.202114:INFO:CONSOLE(126)] "currentLatencynow: 4.119", source: file:///home/seluser/ppt/player/bola1/index.html (126)
[104:104:0111/083719.202255:INFO:CONSOLE(126)] "currentLatencynow: 4.086", source: file:///home/seluser/ppt/player/bola1/index.html (126)
[104:104:0111/083720.202195:INFO:CONSOLE(126)] "currentLatencynow: 4.054", source: file:///home/seluser/ppt/player/bola1/index.html (126)
[104:104:0111/083721.202151:INFO:CONSOLE(126)] "currentLatencynow: 4.035", source: file:///home/seluser/ppt/player/bola1/index.html (126)
[104:104:0111/083722.202181:INFO:CONSOLE(126)] "currentLatencynow: 4.024", source: file:///home/seluser/ppt/player/bola1/index.html (126)
[104:104:0111/083723.202269:INFO:CONSOLE(126)] "currentLatencynow: 4.019", source: file:///home/seluser/ppt/player/bola1/index.html (126)
[104:104:0111/083724.202172:INFO:CONSOLE(126)] "currentLatencynow: 4.019", source: file:///home/seluser/ppt/player/bola1/index.html (126)
[104:104:0111/083725.202333:INFO:CONSOLE(126)] "currentLatencynow: 4.02", source: file:///home/seluser/ppt/player/bola1/index.html (126)
[104:104:0111/083726.202225:INFO:CONSOLE(126)] "currentLatencynow: 4.019", source: file:///home/seluser/ppt/player/bola1/index.html (126)
[104:104:0111/083727.202192:INFO:CONSOLE(126)] "currentLatencynow: 4.019", source: file:///home/seluser/ppt/player/bola1/index.html (126)
[104:104:0111/083728.202227:INFO:CONSOLE(126)] "currentLatencynow: 4.019", source: file:///home/seluser/ppt/player/bola1/index.html (126)
[104:104:0111/083729.202185:INFO:CONSOLE(126)] "currentLatencynow: 4.019", source: file:///home/seluser/ppt/player/bola1/index.html (126)
[104:104:0111/083730.202257:INFO:CONSOLE(126)] "currentLatencynow: 4.019", source: file:///home/seluser/ppt/player/bola1/index.html (126)
[104:104:0111/083731.202262:INFO:CONSOLE(126)] "currentLatencynow: 4.019", source: file:///home/seluser/ppt/player/bola1/index.html (126)
[104:104:0111/083732.202249:INFO:CONSOLE(126)] "currentLatencynow: 4.019", source: file:///home/seluser/ppt/player/bola1/index.html (126)
[104:104:0111/083733.202129:INFO:CONSOLE(126)] "currentLatencynow: 4.019", source: file:///home/seluser/ppt/player/bola1/index.html (126)
[104:104:0111/083734.202144:INFO:CONSOLE(126)] "currentLatencynow: 4.019", source: file:///home/seluser/ppt/player/bola1/index.html (126)
[104:104:0111/083735.202210:INFO:CONSOLE(126)] "currentLatencynow: 4.019", source: file:///home/seluser/ppt/player/bola1/index.html (126)
[104:104:0111/083736.202271:INFO:CONSOLE(126)] "currentLatencynow: 4.019", source: file:///home/seluser/ppt/player/bola1/index.html (126)
[104:104:0111/083737.202255:INFO:CONSOLE(126)] "currentLatencynow: 4.019", source: file:///home/seluser/ppt/player/bola1/index.html (126)
[104:104:0111/083738.202233:INFO:CONSOLE(126)] "currentLatencynow: 4.019", source: file:///home/seluser/ppt/player/bola1/index.html (126)
[104:104:0111/083739.202337:INFO:CONSOLE(126)] "currentLatencynow: 4.019", source: file:///home/seluser/ppt/player/bola1/index.html (126)
[104:104:0111/083740.202434:INFO:CONSOLE(126)] "currentLatencynow: 4.02", source: file:///home/seluser/ppt/player/bola1/index.html (126)
[104:104:0111/083741.202310:INFO:CONSOLE(126)] "currentLatencynow: 4.02", source: file:///home/seluser/ppt/player/bola1/index.html (126)
[104:104:0111/083742.202189:INFO:CONSOLE(126)] "currentLatencynow: 4.019", source: file:///home/seluser/ppt/player/bola1/index.html (126)
[104:104:0111/083743.202268:INFO:CONSOLE(126)] "currentLatencynow: 4.019", source: file:///home/seluser/ppt/player/bola1/index.html (126)
[104:104:0111/083744.202236:INFO:CONSOLE(126)] "currentLatencynow: 4.019", source: file:///home/seluser/ppt/player/bola1/index.html (126)
[104:104:0111/083745.202206:INFO:CONSOLE(126)] "currentLatencynow: 4.019", source: file:///home/seluser/ppt/player/bola1/index.html (126)
[104:104:0111/083746.202218:INFO:CONSOLE(126)] "currentLatencynow: 4.019", source: file:///home/seluser/ppt/player/bola1/index.html (126)
[104:104:0111/083747.202237:INFO:CONSOLE(126)] "currentLatencynow: 4.019", source: file:///home/seluser/ppt/player/bola1/index.html (126)
[104:104:0111/083748.202286:INFO:CONSOLE(126)] "currentLatencynow: 4.019", source: file:///home/seluser/ppt/player/bola1/index.html (126)
[104:104:0111/083749.202353:INFO:CONSOLE(126)] "currentLatencynow: 4.02", source: file:///home/seluser/ppt/player/bola1/index.html (126)
[104:104:0111/083750.202324:INFO:CONSOLE(126)] "currentLatencynow: 4.019", source: file:///home/seluser/ppt/player/bola1/index.html (126)
[104:104:0111/083751.202301:INFO:CONSOLE(126)] "currentLatencynow: 4.019", source: file:///home/seluser/ppt/player/bola1/index.html (126)
[104:104:0111/083752.202327:INFO:CONSOLE(126)] "currentLatencynow: 4.019", source: file:///home/seluser/ppt/player/bola1/index.html (126)
[104:104:0111/083753.202281:INFO:CONSOLE(126)] "currentLatencynow: 4.019", source: file:///home/seluser/ppt/player/bola1/index.html (126)
[104:104:0111/083754.202222:INFO:CONSOLE(126)] "currentLatencynow: 4.019", source: file:///home/seluser/ppt/player/bola1/index.html (126)
[104:104:0111/083755.202261:INFO:CONSOLE(126)] "currentLatencynow: 4.019", source: file:///home/seluser/ppt/player/bola1/index.html (126)
[104:104:0111/083756.202246:INFO:CONSOLE(126)] "currentLatencynow: 4.019", source: file:///home/seluser/ppt/player/bola1/index.html (126)
[104:104:0111/083757.202242:INFO:CONSOLE(126)] "currentLatencynow: 4.019", source: file:///home/seluser/ppt/player/bola1/index.html (126)
[104:104:0111/083758.202206:INFO:CONSOLE(126)] "currentLatencynow: 4.019", source: file:///home/seluser/ppt/player/bola1/index.html (126)
[104:104:0111/083759.202457:INFO:CONSOLE(126)] "currentLatencynow: 4.02", source: file:///home/seluser/ppt/player/bola1/index.html (126)
[104:104:0111/083800.202225:INFO:CONSOLE(126)] "currentLatencynow: 4.019", source: file:///home/seluser/ppt/player/bola1/index.html (126)
[104:104:0111/083801.202237:INFO:CONSOLE(126)] "currentLatencynow: 4.019", source: file:///home/seluser/ppt/player/bola1/index.html (126)
[104:104:0111/083802.202137:INFO:CONSOLE(126)] "currentLatencynow: 4.019", source: file:///home/seluser/ppt/player/bola1/index.html (126)
[104:104:0111/083803.202194:INFO:CONSOLE(126)] "currentLatencynow: 4.019", source: file:///home/seluser/ppt/player/bola1/index.html (126)
[104:104:0111/083804.202181:INFO:CONSOLE(126)] "currentLatencynow: 4.019", source: file:///home/seluser/ppt/player/bola1/index.html (126)
[104:104:0111/083805.202251:INFO:CONSOLE(126)] "currentLatencynow: 4.019", source: file:///home/seluser/ppt/player/bola1/index.html (126)
[104:104:0111/083806.202221:INFO:CONSOLE(126)] "currentLatencynow: 4.019", source: file:///home/seluser/ppt/player/bola1/index.html (126)
[104:104:0111/083807.202263:INFO:CONSOLE(126)] "currentLatencynow: 4.019", source: file:///home/seluser/ppt/player/bola1/index.html (126)
[104:104:0111/083808.202223:INFO:CONSOLE(112)] "Begin Player stistics 
", source: file:///home/seluser/ppt/player/bola1/index.html (112)
[104:104:0111/083808.203217:INFO:CONSOLE(113)] "["stall",[["9.54","10.91",1.370000000000001]],[["16.48","16.73",0.25]],[["18.79","19.04",0.25]],[["63.29","63.54",0.25]],[["availibleBW",[null],[null],[null],[null],[null],[1997],[1957],[1911],[2051],[2051],[1839],[1839],[1839],[1698],[2283],[2332],[2332],[2210],[2210],[2147],[2147],[2078],[2078],[1990],[2315],[2262],[2262],[2135],[2135],[1797],[1797],[2117],[2117],[1941],[1941],[1415],[1415],[1364],[1364],[499],[499],[484],[484],[453],[453],[465],[465],[466],[466],[479],[479],[498],[498],[518],[518],[518],[518],[518],[456],[583],[618],[640],[640],[645],[645],[631],[631],[538],[538],[497],[497],[490],[490],[466],[466],[460],[460],[482],[482],[467],[467],[484],[484],[482],[482],[461],[461],[476],[476],[457],[457],[464],[464],[480],[480],[471],[471],[501],[501],[490],[490],[476],[476],[474],[474],[441],[441],[419],[419],[408],[408],[383],[383],[383],[397],[416],[416],[436]]],[["currentBuffer",[0],[0],[0],[0],[0],[1.17],[0.075],[1.077],[2.049],[0.949],[2.04],[1.326],[0.326],[1.892],[4.768],[5.615],[4.605],[5.507],[4.407],[5.309],[4.209],[5.076],[4.011],[4.768],[3.813],[4.715],[3.614],[4.517],[3.417],[4.228],[3.219],[4.017],[3.05],[3.973],[2.923],[3.843],[2.84],[3.67],[2.79],[3.777],[2.765],[3.767],[2.767],[3.687],[2.769],[3.771],[2.771],[3.773],[2.773],[3.743],[2.775],[3.645],[2.777],[3.771],[2.779],[1.779],[0.779],[0.028],[1.726],[2.63],[3.533],[4.408],[3.34],[4.211],[3.15],[3.936],[3.004],[3.951],[2.901],[3.87],[2.838],[3.735],[2.806],[3.795],[2.802],[3.804],[2.804],[3.775],[2.806],[3.677],[2.808],[3.806],[2.81],[3.805],[2.812],[3.733],[2.814],[3.816],[2.816],[3.818],[2.818],[3.789],[2.82],[3.691],[2.822],[3.82],[2.823],[3.822],[2.826],[3.747],[2.828],[3.83],[2.83],[3.825],[2.832],[3.803],[2.834],[3.705],[2.835],[3.819],[2.838],[3.821],[2.84],[1.759],[2.842],[3.826],[2.844],[3.787]]],[["currentLatency",[null],[null],[null],[4.379],[5.378],[5.57],[5.481],[5.481],[5.445],[5.345],[5.499],[5.555],[5.554],[6.164],[6.061],[5.961],[5.861],[5.761],[5.661],[5.561],[5.461],[5.361],[5.261],[5.161],[5.061],[4.961],[4.861],[4.761],[4.661],[4.561],[4.461],[4.374],[4.295],[4.228],[4.169],[4.124],[4.088],[4.054],[4.039],[4.025],[4.015],[4.015],[4.015],[4.015],[4.015],[4.015],[4.015],[4.015],[4.015],[4.015],[4.015],[4.015],[4.016],[4.015],[4.015],[4.015],[4.015],[4.441],[4.945],[4.847],[4.749],[4.651],[4.553],[4.455],[4.364],[4.288],[4.22],[4.165],[4.119],[4.086],[4.054],[4.035],[4.024],[4.019],[4.019],[4.02],[4.019],[4.019],[4.019],[4.019],[4.019],[4.019],[4.019],[4.019],[4.019],[4.019],[4.019],[4.019],[4.019],[4.019],[4.02],[4.02],[4.019],[4.019],[4.019],[4.019],[4.019],[4.019],[4.019],[4.02],[4.019],[4.019],[4.019],[4.019],[4.019],[4.019],[4.019],[4.019],[4.019],[4.02],[4.019],[4.019],[4.019],[4.019],[4.019],[4.019],[4.019],[4.019]]]]", source: file:///home/seluser/ppt/player/bola1/index.html (113)
[104:104:0111/083808.203742:INFO:CONSOLE(114)] "
", source: file:///home/seluser/ppt/player/bola1/index.html (114)
[104:104:0111/083808.203816:INFO:CONSOLE(115)] "Finish Player stistics 
", source: file:///home/seluser/ppt/player/bola1/index.html (115)
[104:104:0111/083808.203871:INFO:CONSOLE(126)] "currentLatencynow: 4.02", source: file:///home/seluser/ppt/player/bola1/index.html (126)
[104:104:0111/083809.202231:INFO:CONSOLE(126)] "currentLatencynow: 4.019", source: file:///home/seluser/ppt/player/bola1/index.html (126)
[104:104:0111/083810.202226:INFO:CONSOLE(126)] "currentLatencynow: 4.019", source: file:///home/seluser/ppt/player/bola1/index.html (126)
[104:104:0111/083811.202265:INFO:CONSOLE(126)] "currentLatencynow: 4.019", source: file:///home/seluser/ppt/player/bola1/index.html (126)
[104:104:0111/083812.202274:INFO:CONSOLE(126)] "currentLatencynow: 4.019", source: file:///home/seluser/ppt/player/bola1/index.html (126)
[104:104:0111/083813.202326:INFO:CONSOLE(126)] "currentLatencynow: 4.02", source: file:///home/seluser/ppt/player/bola1/index.html (126)
[104:104:0111/083814.202187:INFO:CONSOLE(126)] "currentLatencynow: 4.019", source: file:///home/seluser/ppt/player/bola1/index.html (126)
[104:104:0111/083815.202141:INFO:CONSOLE(126)] "currentLatencynow: 4.019", source: file:///home/seluser/ppt/player/bola1/index.html (126)
[104:104:0111/083816.202159:INFO:CONSOLE(126)] "currentLatencynow: 4.019", source: file:///home/seluser/ppt/player/bola1/index.html (126)
[104:104:0111/083817.202224:INFO:CONSOLE(126)] "currentLatencynow: 4.019", source: file:///home/seluser/ppt/player/bola1/index.html (126)
[104:104:0111/083818.202205:INFO:CONSOLE(126)] "currentLatencynow: 4.019", source: file:///home/seluser/ppt/player/bola1/index.html (126)
[104:104:0111/083819.202235:INFO:CONSOLE(126)] "currentLatencynow: 4.019", source: file:///home/seluser/ppt/player/bola1/index.html (126)
[104:104:0111/083820.202170:INFO:CONSOLE(126)] "currentLatencynow: 4.019", source: file:///home/seluser/ppt/player/bola1/index.html (126)
[104:104:0111/083821.202200:INFO:CONSOLE(126)] "currentLatencynow: 4.019", source: file:///home/seluser/ppt/player/bola1/index.html (126)
[104:104:0111/083822.202216:INFO:CONSOLE(126)] "currentLatencynow: 4.019", source: file:///home/seluser/ppt/player/bola1/index.html (126)
[104:104:0111/083823.202266:INFO:CONSOLE(126)] "currentLatencynow: 4.019", source: file:///home/seluser/ppt/player/bola1/index.html (126)
[104:104:0111/083824.202217:INFO:CONSOLE(126)] "currentLatencynow: 4.019", source: file:///home/seluser/ppt/player/bola1/index.html (126)
[104:104:0111/083825.202262:INFO:CONSOLE(126)] "currentLatencynow: 4.02", source: file:///home/seluser/ppt/player/bola1/index.html (126)
[104:104:0111/083826.202248:INFO:CONSOLE(126)] "currentLatencynow: 4.019", source: file:///home/seluser/ppt/player/bola1/index.html (126)
[104:104:0111/083827.202217:INFO:CONSOLE(126)] "currentLatencynow: 4.019", source: file:///home/seluser/ppt/player/bola1/index.html (126)
[104:104:0111/083828.202209:INFO:CONSOLE(126)] "currentLatencynow: 4.019", source: file:///home/seluser/ppt/player/bola1/index.html (126)
[104:104:0111/083829.202235:INFO:CONSOLE(126)] "currentLatencynow: 4.019", source: file:///home/seluser/ppt/player/bola1/index.html (126)
[104:104:0111/083830.202217:INFO:CONSOLE(126)] "currentLatencynow: 4.019", source: file:///home/seluser/ppt/player/bola1/index.html (126)
[104:104:0111/083831.202390:INFO:CONSOLE(126)] "currentLatencynow: 4.02", source: file:///home/seluser/ppt/player/bola1/index.html (126)
[104:104:0111/083832.202130:INFO:CONSOLE(126)] "currentLatencynow: 4.019", source: file:///home/seluser/ppt/player/bola1/index.html (126)
[104:104:0111/083833.202260:INFO:CONSOLE(126)] "currentLatencynow: 4.019", source: file:///home/seluser/ppt/player/bola1/index.html (126)
[104:104:0111/083834.202133:INFO:CONSOLE(126)] "currentLatencynow: 4.019", source: file:///home/seluser/ppt/player/bola1/index.html (126)
[104:104:0111/083835.202302:INFO:CONSOLE(126)] "currentLatencynow: 4.019", source: file:///home/seluser/ppt/player/bola1/index.html (126)
[104:104:0111/083836.202291:INFO:CONSOLE(126)] "currentLatencynow: 4.019", source: file:///home/seluser/ppt/player/bola1/index.html (126)
[104:104:0111/083837.202316:INFO:CONSOLE(126)] "currentLatencynow: 4.02", source: file:///home/seluser/ppt/player/bola1/index.html (126)
[104:104:0111/083838.202316:INFO:CONSOLE(126)] "currentLatencynow: 4.019", source: file:///home/seluser/ppt/player/bola1/index.html (126)
[104:104:0111/083839.202256:INFO:CONSOLE(126)] "currentLatencynow: 4.019", source: file:///home/seluser/ppt/player/bola1/index.html (126)
[104:104:0111/083840.202248:INFO:CONSOLE(126)] "currentLatencynow: 4.019", source: file:///home/seluser/ppt/player/bola1/index.html (126)
[104:104:0111/083840.367527:WARNING:pref_notifier_impl.cc(40)] Pref observer for media_router.cast_allow_all_ips found at shutdown.
