[104:139:0111/083602.327713:ERROR:bus.cc(392)] Failed to connect to the bus: Failed to connect to socket /var/run/dbus/system_bus_socket: No such file or directory
[104:130:0111/083602.330343:ERROR:bus.cc(392)] Failed to connect to the bus: Address does not contain a colon
[104:130:0111/083602.330394:ERROR:bus.cc(392)] Failed to connect to the bus: Address does not contain a colon
[145:145:0111/083602.348581:ERROR:gpu_init.cc(453)] Passthrough is not supported, GL is swiftshader, ANGLE is 
[104:130:0111/083602.350623:ERROR:bus.cc(392)] Failed to connect to the bus: Address does not contain a colon
[104:130:0111/083602.350665:ERROR:bus.cc(392)] Failed to connect to the bus: Address does not contain a colon
[104:130:0111/083602.389703:ERROR:bus.cc(392)] Failed to connect to the bus: Address does not contain a colon
[104:130:0111/083602.389775:ERROR:bus.cc(392)] Failed to connect to the bus: Address does not contain a colon
[104:225:0111/083602.741481:ERROR:bus.cc(392)] Failed to connect to the bus: Failed to connect to socket /var/run/dbus/system_bus_socket: No such file or directory
[104:225:0111/083602.741604:ERROR:bus.cc(392)] Failed to connect to the bus: Failed to connect to socket /var/run/dbus/system_bus_socket: No such file or directory
[104:225:0111/083602.741963:ERROR:bus.cc(392)] Failed to connect to the bus: Failed to connect to socket /var/run/dbus/system_bus_socket: No such file or directory
[104:225:0111/083602.742077:WARNING:property.cc(144)] DaemonVersion: GetAndBlock: failed.
[104:225:0111/083602.742274:ERROR:bus.cc(392)] Failed to connect to the bus: Failed to connect to socket /var/run/dbus/system_bus_socket: No such file or directory
[104:225:0111/083602.742459:ERROR:bus.cc(392)] Failed to connect to the bus: Failed to connect to socket /var/run/dbus/system_bus_socket: No such file or directory
[104:165:0111/083605.525976:ERROR:chrome_browser_main_extra_parts_metrics.cc(228)] crbug.com/1216328: Checking Bluetooth availability started. Please report if there is no report that this ends.
[104:165:0111/083605.526024:ERROR:chrome_browser_main_extra_parts_metrics.cc(231)] crbug.com/1216328: Checking Bluetooth availability ended.
[104:165:0111/083605.526047:ERROR:chrome_browser_main_extra_parts_metrics.cc(234)] crbug.com/1216328: Checking default browser status started. Please report if there is no report that this ends.
[104:165:0111/083605.677955:ERROR:chrome_browser_main_extra_parts_metrics.cc(238)] crbug.com/1216328: Checking default browser status ended.
[104:104:0111/083609.417139:INFO:CONSOLE(126)] "currentLatencynow: 0", source: file:///home/seluser/ppt/player/bola1/index.html (126)
[436:436:0111/083609.992077:WARNING:audio_manager_linux.cc(69)] Falling back to ALSA for audio output. PulseAudio is not available or could not be initialized.
[436:436:0111/083609.997439:ERROR:alsa_util.cc(204)] PcmOpen: default,No such file or directory
[436:436:0111/083609.997598:ERROR:alsa_util.cc(204)] PcmOpen: plug:default,No such file or directory
[104:104:0111/083610.416931:INFO:CONSOLE(126)] "currentLatencynow: 5.546", source: file:///home/seluser/ppt/player/bola1/index.html (126)
[104:104:0111/083611.416906:INFO:CONSOLE(126)] "currentLatencynow: 6.546", source: file:///home/seluser/ppt/player/bola1/index.html (126)
[104:130:0111/083612.279348:ERROR:bus.cc(392)] Failed to connect to the bus: Address does not contain a colon
[104:130:0111/083612.279406:ERROR:bus.cc(392)] Failed to connect to the bus: Address does not contain a colon
[104:130:0111/083612.279424:ERROR:bus.cc(392)] Failed to connect to the bus: Address does not contain a colon
[104:130:0111/083612.279438:ERROR:bus.cc(392)] Failed to connect to the bus: Address does not contain a colon
[104:130:0111/083612.279453:ERROR:bus.cc(392)] Failed to connect to the bus: Address does not contain a colon
[104:130:0111/083612.279472:ERROR:bus.cc(392)] Failed to connect to the bus: Address does not contain a colon
[104:130:0111/083612.279487:ERROR:bus.cc(392)] Failed to connect to the bus: Address does not contain a colon
[104:130:0111/083612.279500:ERROR:bus.cc(392)] Failed to connect to the bus: Address does not contain a colon
[104:130:0111/083612.279554:ERROR:bus.cc(392)] Failed to connect to the bus: Address does not contain a colon
[104:130:0111/083612.279572:ERROR:bus.cc(392)] Failed to connect to the bus: Address does not contain a colon
[104:130:0111/083612.279586:ERROR:bus.cc(392)] Failed to connect to the bus: Address does not contain a colon
[104:130:0111/083612.279599:ERROR:bus.cc(392)] Failed to connect to the bus: Address does not contain a colon
[104:130:0111/083612.279613:ERROR:bus.cc(392)] Failed to connect to the bus: Address does not contain a colon
[104:130:0111/083612.279625:ERROR:bus.cc(392)] Failed to connect to the bus: Address does not contain a colon
[104:130:0111/083612.290669:ERROR:bus.cc(392)] Failed to connect to the bus: Address does not contain a colon
[104:130:0111/083612.290736:ERROR:bus.cc(392)] Failed to connect to the bus: Address does not contain a colon
[104:130:0111/083612.290772:ERROR:bus.cc(392)] Failed to connect to the bus: Address does not contain a colon
[104:130:0111/083612.334916:ERROR:bus.cc(392)] Failed to connect to the bus: Address does not contain a colon
[104:130:0111/083612.334974:ERROR:bus.cc(392)] Failed to connect to the bus: Address does not contain a colon
[104:104:0111/083612.417099:INFO:CONSOLE(126)] "currentLatencynow: 7.474", source: file:///home/seluser/ppt/player/bola1/index.html (126)
[104:104:0111/083613.416980:INFO:CONSOLE(126)] "currentLatencynow: 7.474", source: file:///home/seluser/ppt/player/bola1/index.html (126)
[104:104:0111/083614.416935:INFO:CONSOLE(126)] "currentLatencynow: 7.474", source: file:///home/seluser/ppt/player/bola1/index.html (126)
[104:104:0111/083615.416922:INFO:CONSOLE(126)] "currentLatencynow: 7.474", source: file:///home/seluser/ppt/player/bola1/index.html (126)
[104:104:0111/083616.416933:INFO:CONSOLE(126)] "currentLatencynow: 7.474", source: file:///home/seluser/ppt/player/bola1/index.html (126)
[104:104:0111/083617.418489:INFO:CONSOLE(126)] "currentLatencynow: 8.452", source: file:///home/seluser/ppt/player/bola1/index.html (126)
[104:104:0111/083618.416954:INFO:CONSOLE(126)] "currentLatencynow: 9.165", source: file:///home/seluser/ppt/player/bola1/index.html (126)
[104:104:0111/083619.417156:INFO:CONSOLE(126)] "currentLatencynow: 9.165", source: file:///home/seluser/ppt/player/bola1/index.html (126)
[104:104:0111/083620.416922:INFO:CONSOLE(126)] "currentLatencynow: 9.165", source: file:///home/seluser/ppt/player/bola1/index.html (126)
[104:104:0111/083621.416889:INFO:CONSOLE(126)] "currentLatencynow: 9.165", source: file:///home/seluser/ppt/player/bola1/index.html (126)
[104:104:0111/083622.416978:INFO:CONSOLE(126)] "currentLatencynow: 9.166", source: file:///home/seluser/ppt/player/bola1/index.html (126)
[104:104:0111/083623.416968:INFO:CONSOLE(126)] "currentLatencynow: 9.075", source: file:///home/seluser/ppt/player/bola1/index.html (126)
[104:104:0111/083624.416981:INFO:CONSOLE(126)] "currentLatencynow: 8.975", source: file:///home/seluser/ppt/player/bola1/index.html (126)
[104:104:0111/083625.417059:INFO:CONSOLE(126)] "currentLatencynow: 8.875", source: file:///home/seluser/ppt/player/bola1/index.html (126)
[104:104:0111/083626.416964:INFO:CONSOLE(126)] "currentLatencynow: 8.775", source: file:///home/seluser/ppt/player/bola1/index.html (126)
[104:104:0111/083627.417174:INFO:CONSOLE(126)] "currentLatencynow: 8.675", source: file:///home/seluser/ppt/player/bola1/index.html (126)
[104:104:0111/083628.417000:INFO:CONSOLE(126)] "currentLatencynow: 8.575", source: file:///home/seluser/ppt/player/bola1/index.html (126)
[104:104:0111/083629.417028:INFO:CONSOLE(126)] "currentLatencynow: 8.475", source: file:///home/seluser/ppt/player/bola1/index.html (126)
[104:104:0111/083630.416990:INFO:CONSOLE(126)] "currentLatencynow: 8.375", source: file:///home/seluser/ppt/player/bola1/index.html (126)
[104:104:0111/083631.417183:INFO:CONSOLE(126)] "currentLatencynow: 8.275", source: file:///home/seluser/ppt/player/bola1/index.html (126)
[104:104:0111/083632.416976:INFO:CONSOLE(126)] "currentLatencynow: 8.175", source: file:///home/seluser/ppt/player/bola1/index.html (126)
[104:104:0111/083633.416890:INFO:CONSOLE(126)] "currentLatencynow: 8.075", source: file:///home/seluser/ppt/player/bola1/index.html (126)
[104:104:0111/083634.416944:INFO:CONSOLE(126)] "currentLatencynow: 7.975", source: file:///home/seluser/ppt/player/bola1/index.html (126)
[104:104:0111/083635.417061:INFO:CONSOLE(126)] "currentLatencynow: 7.876", source: file:///home/seluser/ppt/player/bola1/index.html (126)
[104:104:0111/083636.417023:INFO:CONSOLE(126)] "currentLatencynow: 7.775", source: file:///home/seluser/ppt/player/bola1/index.html (126)
[104:104:0111/083637.417116:INFO:CONSOLE(126)] "currentLatencynow: 7.675", source: file:///home/seluser/ppt/player/bola1/index.html (126)
[104:104:0111/083638.416899:INFO:CONSOLE(126)] "currentLatencynow: 7.575", source: file:///home/seluser/ppt/player/bola1/index.html (126)
[104:104:0111/083639.416979:INFO:CONSOLE(126)] "currentLatencynow: 7.475", source: file:///home/seluser/ppt/player/bola1/index.html (126)
[104:104:0111/083640.416942:INFO:CONSOLE(126)] "currentLatencynow: 7.375", source: file:///home/seluser/ppt/player/bola1/index.html (126)
[104:104:0111/083641.416950:INFO:CONSOLE(126)] "currentLatencynow: 7.275", source: file:///home/seluser/ppt/player/bola1/index.html (126)
[104:104:0111/083642.416872:INFO:CONSOLE(126)] "currentLatencynow: 7.175", source: file:///home/seluser/ppt/player/bola1/index.html (126)
[104:104:0111/083643.416936:INFO:CONSOLE(126)] "currentLatencynow: 7.075", source: file:///home/seluser/ppt/player/bola1/index.html (126)
[104:104:0111/083644.416914:INFO:CONSOLE(126)] "currentLatencynow: 6.975", source: file:///home/seluser/ppt/player/bola1/index.html (126)
[104:104:0111/083645.416948:INFO:CONSOLE(126)] "currentLatencynow: 6.875", source: file:///home/seluser/ppt/player/bola1/index.html (126)
[104:104:0111/083646.416953:INFO:CONSOLE(126)] "currentLatencynow: 6.775", source: file:///home/seluser/ppt/player/bola1/index.html (126)
[104:104:0111/083647.416911:INFO:CONSOLE(126)] "currentLatencynow: 6.675", source: file:///home/seluser/ppt/player/bola1/index.html (126)
[104:104:0111/083648.416935:INFO:CONSOLE(126)] "currentLatencynow: 6.575", source: file:///home/seluser/ppt/player/bola1/index.html (126)
[104:104:0111/083649.417101:INFO:CONSOLE(126)] "currentLatencynow: 6.475", source: file:///home/seluser/ppt/player/bola1/index.html (126)
[104:104:0111/083650.416920:INFO:CONSOLE(126)] "currentLatencynow: 6.375", source: file:///home/seluser/ppt/player/bola1/index.html (126)
[104:104:0111/083651.416946:INFO:CONSOLE(126)] "currentLatencynow: 6.275", source: file:///home/seluser/ppt/player/bola1/index.html (126)
[104:104:0111/083652.417001:INFO:CONSOLE(126)] "currentLatencynow: 6.175", source: file:///home/seluser/ppt/player/bola1/index.html (126)
[104:104:0111/083653.416931:INFO:CONSOLE(126)] "currentLatencynow: 6.075", source: file:///home/seluser/ppt/player/bola1/index.html (126)
[104:104:0111/083654.416950:INFO:CONSOLE(126)] "currentLatencynow: 5.975", source: file:///home/seluser/ppt/player/bola1/index.html (126)
[104:104:0111/083655.417033:INFO:CONSOLE(126)] "currentLatencynow: 5.875", source: file:///home/seluser/ppt/player/bola1/index.html (126)
[104:104:0111/083656.416916:INFO:CONSOLE(126)] "currentLatencynow: 5.775", source: file:///home/seluser/ppt/player/bola1/index.html (126)
[104:104:0111/083657.416932:INFO:CONSOLE(126)] "currentLatencynow: 5.675", source: file:///home/seluser/ppt/player/bola1/index.html (126)
[104:104:0111/083658.416976:INFO:CONSOLE(126)] "currentLatencynow: 5.575", source: file:///home/seluser/ppt/player/bola1/index.html (126)
[104:104:0111/083659.416892:INFO:CONSOLE(126)] "currentLatencynow: 5.475", source: file:///home/seluser/ppt/player/bola1/index.html (126)
[104:104:0111/083700.416903:INFO:CONSOLE(126)] "currentLatencynow: 5.375", source: file:///home/seluser/ppt/player/bola1/index.html (126)
[104:104:0111/083701.416988:INFO:CONSOLE(126)] "currentLatencynow: 5.275", source: file:///home/seluser/ppt/player/bola1/index.html (126)
[104:104:0111/083702.416893:INFO:CONSOLE(126)] "currentLatencynow: 5.19", source: file:///home/seluser/ppt/player/bola1/index.html (126)
[104:104:0111/083703.416955:INFO:CONSOLE(126)] "currentLatencynow: 5.19", source: file:///home/seluser/ppt/player/bola1/index.html (126)
[104:104:0111/083704.416924:INFO:CONSOLE(126)] "currentLatencynow: 5.379", source: file:///home/seluser/ppt/player/bola1/index.html (126)
[104:104:0111/083705.416877:INFO:CONSOLE(126)] "currentLatencynow: 6.379", source: file:///home/seluser/ppt/player/bola1/index.html (126)
[104:104:0111/083706.416896:INFO:CONSOLE(126)] "currentLatencynow: 7.379", source: file:///home/seluser/ppt/player/bola1/index.html (126)
[104:104:0111/083707.416982:INFO:CONSOLE(126)] "currentLatencynow: 8.379", source: file:///home/seluser/ppt/player/bola1/index.html (126)
[104:104:0111/083708.416960:INFO:CONSOLE(126)] "currentLatencynow: 9.379", source: file:///home/seluser/ppt/player/bola1/index.html (126)
[104:130:0111/083708.617530:ERROR:bus.cc(392)] Failed to connect to the bus: Address does not contain a colon
[104:130:0111/083708.617596:ERROR:bus.cc(392)] Failed to connect to the bus: Address does not contain a colon
[104:104:0111/083709.416952:INFO:CONSOLE(126)] "currentLatencynow: 9.425", source: file:///home/seluser/ppt/player/bola1/index.html (126)
[104:104:0111/083710.416956:INFO:CONSOLE(126)] "currentLatencynow: 9.336", source: file:///home/seluser/ppt/player/bola1/index.html (126)
[104:104:0111/083711.416912:INFO:CONSOLE(126)] "currentLatencynow: 9.336", source: file:///home/seluser/ppt/player/bola1/index.html (126)
[104:104:0111/083712.416950:INFO:CONSOLE(126)] "currentLatencynow: 9.336", source: file:///home/seluser/ppt/player/bola1/index.html (126)
[104:104:0111/083713.417012:INFO:CONSOLE(126)] "currentLatencynow: 9.364", source: file:///home/seluser/ppt/player/bola1/index.html (126)
[104:104:0111/083714.416922:INFO:CONSOLE(126)] "currentLatencynow: 10.364", source: file:///home/seluser/ppt/player/bola1/index.html (126)
[104:104:0111/083715.416876:INFO:CONSOLE(126)] "currentLatencynow: 11.364", source: file:///home/seluser/ppt/player/bola1/index.html (126)
[104:104:0111/083716.416970:INFO:CONSOLE(126)] "currentLatencynow: 12.364", source: file:///home/seluser/ppt/player/bola1/index.html (126)
[104:104:0111/083717.417043:INFO:CONSOLE(126)] "currentLatencynow: 13.364", source: file:///home/seluser/ppt/player/bola1/index.html (126)
[104:130:0111/083717.895828:ERROR:bus.cc(392)] Failed to connect to the bus: Address does not contain a colon
[104:130:0111/083717.895882:ERROR:bus.cc(392)] Failed to connect to the bus: Address does not contain a colon
[104:104:0111/083718.416951:INFO:CONSOLE(126)] "currentLatencynow: 13.782", source: file:///home/seluser/ppt/player/bola1/index.html (126)
[104:104:0111/083719.416943:INFO:CONSOLE(126)] "currentLatencynow: 13.682", source: file:///home/seluser/ppt/player/bola1/index.html (126)
[104:104:0111/083720.416919:INFO:CONSOLE(126)] "currentLatencynow: 13.582", source: file:///home/seluser/ppt/player/bola1/index.html (126)
[104:104:0111/083721.416982:INFO:CONSOLE(126)] "currentLatencynow: 13.482", source: file:///home/seluser/ppt/player/bola1/index.html (126)
[104:104:0111/083722.417192:INFO:CONSOLE(126)] "currentLatencynow: 13.383", source: file:///home/seluser/ppt/player/bola1/index.html (126)
[104:104:0111/083723.416931:INFO:CONSOLE(126)] "currentLatencynow: 13.68", source: file:///home/seluser/ppt/player/bola1/index.html (126)
[104:104:0111/083724.417905:INFO:CONSOLE(126)] "currentLatencynow: 13.58", source: file:///home/seluser/ppt/player/bola1/index.html (126)
[104:104:0111/083725.416970:INFO:CONSOLE(126)] "currentLatencynow: 13.48", source: file:///home/seluser/ppt/player/bola1/index.html (126)
[104:104:0111/083726.416948:INFO:CONSOLE(126)] "currentLatencynow: 13.38", source: file:///home/seluser/ppt/player/bola1/index.html (126)
[104:104:0111/083727.417004:INFO:CONSOLE(126)] "currentLatencynow: 13.28", source: file:///home/seluser/ppt/player/bola1/index.html (126)
[104:104:0111/083728.416948:INFO:CONSOLE(126)] "currentLatencynow: 13.18", source: file:///home/seluser/ppt/player/bola1/index.html (126)
[104:104:0111/083729.416913:INFO:CONSOLE(126)] "currentLatencynow: 13.08", source: file:///home/seluser/ppt/player/bola1/index.html (126)
[104:104:0111/083730.417026:INFO:CONSOLE(126)] "currentLatencynow: 12.98", source: file:///home/seluser/ppt/player/bola1/index.html (126)
[104:104:0111/083731.416943:INFO:CONSOLE(126)] "currentLatencynow: 12.88", source: file:///home/seluser/ppt/player/bola1/index.html (126)
[104:104:0111/083732.417115:INFO:CONSOLE(126)] "currentLatencynow: 12.844", source: file:///home/seluser/ppt/player/bola1/index.html (126)
[104:104:0111/083733.417064:INFO:CONSOLE(126)] "currentLatencynow: 12.844", source: file:///home/seluser/ppt/player/bola1/index.html (126)
[104:104:0111/083734.417045:INFO:CONSOLE(126)] "currentLatencynow: 12.806", source: file:///home/seluser/ppt/player/bola1/index.html (126)
[104:104:0111/083735.417297:INFO:CONSOLE(126)] "currentLatencynow: 12.706", source: file:///home/seluser/ppt/player/bola1/index.html (126)
[104:104:0111/083736.416979:INFO:CONSOLE(126)] "currentLatencynow: 12.606", source: file:///home/seluser/ppt/player/bola1/index.html (126)
[104:104:0111/083737.416969:INFO:CONSOLE(126)] "currentLatencynow: 12.506", source: file:///home/seluser/ppt/player/bola1/index.html (126)
[104:104:0111/083738.416944:INFO:CONSOLE(126)] "currentLatencynow: 12.407", source: file:///home/seluser/ppt/player/bola1/index.html (126)
[104:104:0111/083739.416964:INFO:CONSOLE(126)] "currentLatencynow: 12.306", source: file:///home/seluser/ppt/player/bola1/index.html (126)
[104:104:0111/083740.416980:INFO:CONSOLE(126)] "currentLatencynow: 12.206", source: file:///home/seluser/ppt/player/bola1/index.html (126)
[104:104:0111/083741.417022:INFO:CONSOLE(126)] "currentLatencynow: 12.106", source: file:///home/seluser/ppt/player/bola1/index.html (126)
[104:104:0111/083742.417012:INFO:CONSOLE(126)] "currentLatencynow: 12.006", source: file:///home/seluser/ppt/player/bola1/index.html (126)
[104:104:0111/083743.417003:INFO:CONSOLE(126)] "currentLatencynow: 11.906", source: file:///home/seluser/ppt/player/bola1/index.html (126)
[104:104:0111/083744.416955:INFO:CONSOLE(126)] "currentLatencynow: 11.806", source: file:///home/seluser/ppt/player/bola1/index.html (126)
[104:104:0111/083745.416930:INFO:CONSOLE(126)] "currentLatencynow: 11.706", source: file:///home/seluser/ppt/player/bola1/index.html (126)
[104:104:0111/083746.416929:INFO:CONSOLE(126)] "currentLatencynow: 11.606", source: file:///home/seluser/ppt/player/bola1/index.html (126)
[104:104:0111/083747.417082:INFO:CONSOLE(126)] "currentLatencynow: 11.506", source: file:///home/seluser/ppt/player/bola1/index.html (126)
[104:104:0111/083748.416987:INFO:CONSOLE(126)] "currentLatencynow: 11.406", source: file:///home/seluser/ppt/player/bola1/index.html (126)
[104:104:0111/083749.416931:INFO:CONSOLE(126)] "currentLatencynow: 11.306", source: file:///home/seluser/ppt/player/bola1/index.html (126)
[104:104:0111/083750.416920:INFO:CONSOLE(126)] "currentLatencynow: 11.206", source: file:///home/seluser/ppt/player/bola1/index.html (126)
[104:104:0111/083751.416927:INFO:CONSOLE(126)] "currentLatencynow: 11.106", source: file:///home/seluser/ppt/player/bola1/index.html (126)
[104:104:0111/083752.416944:INFO:CONSOLE(126)] "currentLatencynow: 11.006", source: file:///home/seluser/ppt/player/bola1/index.html (126)
[104:104:0111/083753.417230:INFO:CONSOLE(126)] "currentLatencynow: 10.906", source: file:///home/seluser/ppt/player/bola1/index.html (126)
[104:104:0111/083754.416963:INFO:CONSOLE(126)] "currentLatencynow: 10.806", source: file:///home/seluser/ppt/player/bola1/index.html (126)
[104:104:0111/083755.416982:INFO:CONSOLE(126)] "currentLatencynow: 10.706", source: file:///home/seluser/ppt/player/bola1/index.html (126)
[104:104:0111/083756.416904:INFO:CONSOLE(126)] "currentLatencynow: 10.681", source: file:///home/seluser/ppt/player/bola1/index.html (126)
[104:104:0111/083757.416936:INFO:CONSOLE(126)] "currentLatencynow: 10.681", source: file:///home/seluser/ppt/player/bola1/index.html (126)
[104:104:0111/083758.416906:INFO:CONSOLE(126)] "currentLatencynow: 11.259", source: file:///home/seluser/ppt/player/bola1/index.html (126)
[104:104:0111/083759.416928:INFO:CONSOLE(126)] "currentLatencynow: 11.954", source: file:///home/seluser/ppt/player/bola1/index.html (126)
[104:104:0111/083800.416913:INFO:CONSOLE(126)] "currentLatencynow: 11.954", source: file:///home/seluser/ppt/player/bola1/index.html (126)
[104:104:0111/083801.416920:INFO:CONSOLE(126)] "currentLatencynow: 11.954", source: file:///home/seluser/ppt/player/bola1/index.html (126)
[104:104:0111/083802.416921:INFO:CONSOLE(126)] "currentLatencynow: 11.954", source: file:///home/seluser/ppt/player/bola1/index.html (126)
[104:104:0111/083803.416915:INFO:CONSOLE(126)] "currentLatencynow: 11.954", source: file:///home/seluser/ppt/player/bola1/index.html (126)
[104:104:0111/083804.416927:INFO:CONSOLE(126)] "currentLatencynow: 11.954", source: file:///home/seluser/ppt/player/bola1/index.html (126)
[104:104:0111/083805.416970:INFO:CONSOLE(126)] "currentLatencynow: 11.928", source: file:///home/seluser/ppt/player/bola1/index.html (126)
[104:104:0111/083806.416920:INFO:CONSOLE(126)] "currentLatencynow: 11.828", source: file:///home/seluser/ppt/player/bola1/index.html (126)
[104:104:0111/083807.416927:INFO:CONSOLE(112)] "Begin Player stistics 
", source: file:///home/seluser/ppt/player/bola1/index.html (112)
[104:104:0111/083807.417741:INFO:CONSOLE(113)] "["stall",[["6.52","9.16",2.6400000000000006]],[["13.32","13.57",0.25]],[["61.11","61.36",0.25]],[["70.27","70.52",0.25]],[["79.33","79.58",0.25]],[["114.72","114.97",0.25]],[["availibleBW",[null],[null],[null],[737],[1859],[1775],[1775],[1775],[1533],[1435],[1435],[1359],[1268],[890],[4783],[4783],[3904],[3904],[3022],[3596],[3538],[5637],[5637],[5605],[5680],[5680],[5679],[5679],[7823],[8176],[7692],[7536],[7394],[4763],[4763],[4527],[4527],[4349],[4138],[4138],[4138],[3856],[3438],[3331],[3331],[3086],[2526],[2526],[2526],[2374],[2374],[2127],[2127],[2127],[1505],[1505],[1505],[1505],[1505],[1317],[1317],[1317],[1317],[1203],[1203],[1012],[1012],[1012],[1012],[1110],[1110],[1053],[1053],[1053],[1048],[1054],[915],[991],[991],[1427],[3499],[3499],[5676],[5728],[5728],[5722],[5707],[5707],[5722],[5740],[5740],[5501],[5501],[5265],[5088],[4833],[4833],[4438],[4438],[4245],[3850],[3850],[3653],[3653],[3653],[3425],[3425],[2863],[2863],[2285],[2066],[2066],[1563],[1377],[1377],[966],[967],[967]]],[["currentBuffer",[0],[0],[0],[0.084],[1.225],[0.225],[0],[0],[0.063],[1.831],[1.006],[0.006],[1.008],[1.936],[8.869],[7.851],[8.753],[7.653],[8.553],[7.436],[6.354],[5.173],[4.155],[3.055],[1.708],[0.855],[1.757],[0.657],[1.476],[2.461],[3.363],[4.265],[5.167],[5.887],[4.969],[5.788],[4.771],[5.672],[6.328],[5.475],[4.375],[5.277],[4.095],[4.942],[3.979],[4.881],[5.783],[4.683],[3.585],[4.485],[3.385],[2.058],[1.185],[0.084],[1.079],[0.043],[0.043],[0.043],[0.043],[2.045],[1.298],[0.198],[0],[0],[0],[0],[0],[0],[0],[2.484],[1.384],[2.286],[1.186],[0.086],[3.599],[4.501],[5.382],[6.229],[5.205],[3.919],[2.764],[1.905],[0.805],[1.572],[0.75],[1.735],[2.451],[1.537],[2.44],[3.341],[2.241],[3.067],[2.043],[2.945],[1.845],[2.561],[1.647],[2.528],[1.449],[2.351],[3.067],[2.153],[3.055],[1.956],[0.855],[1.757],[0.657],[1.443],[0.613],[0],[1.745],[0.745],[0],[0.747],[0],[0.749],[1.733],[2.555]]],[["currentLatency",[0],[5.546],[6.546],[7.474],[7.474],[7.474],[7.474],[7.474],[8.452],[9.165],[9.165],[9.165],[9.165],[9.166],[9.075],[8.975],[8.875],[8.775],[8.675],[8.575],[8.475],[8.375],[8.275],[8.175],[8.075],[7.975],[7.876],[7.775],[7.675],[7.575],[7.475],[7.375],[7.275],[7.175],[7.075],[6.975],[6.875],[6.775],[6.675],[6.575],[6.475],[6.375],[6.275],[6.175],[6.075],[5.975],[5.875],[5.775],[5.675],[5.575],[5.475],[5.375],[5.275],[5.19],[5.19],[5.379],[6.379],[7.379],[8.379],[9.379],[9.425],[9.336],[9.336],[9.336],[9.364],[10.364],[11.364],[12.364],[13.364],[13.782],[13.682],[13.582],[13.482],[13.383],[13.68],[13.58],[13.48],[13.38],[13.28],[13.18],[13.08],[12.98],[12.88],[12.844],[12.844],[12.806],[12.706],[12.606],[12.506],[12.407],[12.306],[12.206],[12.106],[12.006],[11.906],[11.806],[11.706],[11.606],[11.506],[11.406],[11.306],[11.206],[11.106],[11.006],[10.906],[10.806],[10.706],[10.681],[10.681],[11.259],[11.954],[11.954],[11.954],[11.954],[11.954],[11.954],[11.928],[11.828]]]]", source: file:///home/seluser/ppt/player/bola1/index.html (113)
[104:104:0111/083807.417853:INFO:CONSOLE(114)] "
", source: file:///home/seluser/ppt/player/bola1/index.html (114)
[104:104:0111/083807.417912:INFO:CONSOLE(115)] "Finish Player stistics 
", source: file:///home/seluser/ppt/player/bola1/index.html (115)
[104:104:0111/083807.417963:INFO:CONSOLE(126)] "currentLatencynow: 11.728", source: file:///home/seluser/ppt/player/bola1/index.html (126)
[104:104:0111/083808.416926:INFO:CONSOLE(126)] "currentLatencynow: 11.628", source: file:///home/seluser/ppt/player/bola1/index.html (126)
[104:104:0111/083809.416917:INFO:CONSOLE(126)] "currentLatencynow: 11.527", source: file:///home/seluser/ppt/player/bola1/index.html (126)
[104:104:0111/083810.417048:INFO:CONSOLE(126)] "currentLatencynow: 11.427", source: file:///home/seluser/ppt/player/bola1/index.html (126)
[104:104:0111/083811.416928:INFO:CONSOLE(126)] "currentLatencynow: 11.328", source: file:///home/seluser/ppt/player/bola1/index.html (126)
[104:104:0111/083812.417040:INFO:CONSOLE(126)] "currentLatencynow: 11.227", source: file:///home/seluser/ppt/player/bola1/index.html (126)
[104:104:0111/083813.416962:INFO:CONSOLE(126)] "currentLatencynow: 11.128", source: file:///home/seluser/ppt/player/bola1/index.html (126)
[104:104:0111/083814.416948:INFO:CONSOLE(126)] "currentLatencynow: 11.028", source: file:///home/seluser/ppt/player/bola1/index.html (126)
[104:104:0111/083815.416907:INFO:CONSOLE(126)] "currentLatencynow: 10.928", source: file:///home/seluser/ppt/player/bola1/index.html (126)
[104:104:0111/083816.416909:INFO:CONSOLE(126)] "currentLatencynow: 10.828", source: file:///home/seluser/ppt/player/bola1/index.html (126)
[104:104:0111/083817.416929:INFO:CONSOLE(126)] "currentLatencynow: 10.727", source: file:///home/seluser/ppt/player/bola1/index.html (126)
[104:104:0111/083818.416949:INFO:CONSOLE(126)] "currentLatencynow: 10.628", source: file:///home/seluser/ppt/player/bola1/index.html (126)
[104:104:0111/083819.416967:INFO:CONSOLE(126)] "currentLatencynow: 10.528", source: file:///home/seluser/ppt/player/bola1/index.html (126)
[104:104:0111/083820.416951:INFO:CONSOLE(126)] "currentLatencynow: 10.428", source: file:///home/seluser/ppt/player/bola1/index.html (126)
[104:104:0111/083821.416967:INFO:CONSOLE(126)] "currentLatencynow: 10.328", source: file:///home/seluser/ppt/player/bola1/index.html (126)
[104:104:0111/083822.416918:INFO:CONSOLE(126)] "currentLatencynow: 11.226", source: file:///home/seluser/ppt/player/bola1/index.html (126)
[104:104:0111/083823.416907:INFO:CONSOLE(126)] "currentLatencynow: 12.226", source: file:///home/seluser/ppt/player/bola1/index.html (126)
[104:104:0111/083824.417008:INFO:CONSOLE(126)] "currentLatencynow: 13.226", source: file:///home/seluser/ppt/player/bola1/index.html (126)
[104:104:0111/083825.416943:INFO:CONSOLE(126)] "currentLatencynow: 14.226", source: file:///home/seluser/ppt/player/bola1/index.html (126)
[104:104:0111/083826.416888:INFO:CONSOLE(126)] "currentLatencynow: 15.226", source: file:///home/seluser/ppt/player/bola1/index.html (126)
[104:130:0111/083826.993250:ERROR:bus.cc(392)] Failed to connect to the bus: Address does not contain a colon
[104:130:0111/083826.993315:ERROR:bus.cc(392)] Failed to connect to the bus: Address does not contain a colon
[104:104:0111/083827.417008:INFO:CONSOLE(126)] "currentLatencynow: 15.697", source: file:///home/seluser/ppt/player/bola1/index.html (126)
[104:104:0111/083828.416978:INFO:CONSOLE(126)] "currentLatencynow: 15.597", source: file:///home/seluser/ppt/player/bola1/index.html (126)
[104:104:0111/083829.416956:INFO:CONSOLE(126)] "currentLatencynow: 15.497", source: file:///home/seluser/ppt/player/bola1/index.html (126)
[104:104:0111/083830.417149:INFO:CONSOLE(126)] "currentLatencynow: 15.397", source: file:///home/seluser/ppt/player/bola1/index.html (126)
[104:104:0111/083831.417026:INFO:CONSOLE(126)] "currentLatencynow: 15.297", source: file:///home/seluser/ppt/player/bola1/index.html (126)
[104:104:0111/083832.416923:INFO:CONSOLE(126)] "currentLatencynow: 15.197", source: file:///home/seluser/ppt/player/bola1/index.html (126)
[104:104:0111/083833.416967:INFO:CONSOLE(126)] "currentLatencynow: 15.097", source: file:///home/seluser/ppt/player/bola1/index.html (126)
[104:104:0111/083834.416940:INFO:CONSOLE(126)] "currentLatencynow: 15.012", source: file:///home/seluser/ppt/player/bola1/index.html (126)
[104:104:0111/083835.416918:INFO:CONSOLE(126)] "currentLatencynow: 14.912", source: file:///home/seluser/ppt/player/bola1/index.html (126)
[104:104:0111/083836.416917:INFO:CONSOLE(126)] "currentLatencynow: 15.177", source: file:///home/seluser/ppt/player/bola1/index.html (126)
[104:104:0111/083837.417553:INFO:CONSOLE(126)] "currentLatencynow: 16.177", source: file:///home/seluser/ppt/player/bola1/index.html (126)
[104:104:0111/083838.416919:INFO:CONSOLE(126)] "currentLatencynow: 17.091", source: file:///home/seluser/ppt/player/bola1/index.html (126)
[104:130:0111/083838.474814:ERROR:bus.cc(392)] Failed to connect to the bus: Address does not contain a colon
[104:130:0111/083838.474871:ERROR:bus.cc(392)] Failed to connect to the bus: Address does not contain a colon
[104:104:0111/083839.416955:INFO:CONSOLE(126)] "currentLatencynow: 17.083", source: file:///home/seluser/ppt/player/bola1/index.html (126)
[104:104:0111/083839.596164:WARNING:pref_notifier_impl.cc(40)] Pref observer for media_router.cast_allow_all_ips found at shutdown.
