[155:217:0111/131054.406783:ERROR:bus.cc(392)] Failed to connect to the bus: Failed to connect to socket /var/run/dbus/system_bus_socket: No such file or directory
[155:180:0111/131054.408830:ERROR:bus.cc(392)] Failed to connect to the bus: Address does not contain a colon
[155:180:0111/131054.408912:ERROR:bus.cc(392)] Failed to connect to the bus: Address does not contain a colon
[155:180:0111/131054.425486:ERROR:bus.cc(392)] Failed to connect to the bus: Address does not contain a colon
[155:180:0111/131054.425550:ERROR:bus.cc(392)] Failed to connect to the bus: Address does not contain a colon
[226:226:0111/131054.443665:ERROR:gpu_init.cc(453)] Passthrough is not supported, GL is swiftshader, ANGLE is 
[155:180:0111/131054.479896:ERROR:bus.cc(392)] Failed to connect to the bus: Address does not contain a colon
[155:180:0111/131054.479934:ERROR:bus.cc(392)] Failed to connect to the bus: Address does not contain a colon
[155:316:0111/131054.620685:ERROR:bus.cc(392)] Failed to connect to the bus: Failed to connect to socket /var/run/dbus/system_bus_socket: No such file or directory
[155:316:0111/131054.620766:ERROR:bus.cc(392)] Failed to connect to the bus: Failed to connect to socket /var/run/dbus/system_bus_socket: No such file or directory
[155:316:0111/131054.620846:ERROR:bus.cc(392)] Failed to connect to the bus: Failed to connect to socket /var/run/dbus/system_bus_socket: No such file or directory
[155:316:0111/131054.620878:WARNING:property.cc(144)] DaemonVersion: GetAndBlock: failed.
[155:316:0111/131054.620914:ERROR:bus.cc(392)] Failed to connect to the bus: Failed to connect to socket /var/run/dbus/system_bus_socket: No such file or directory
[155:316:0111/131054.620957:ERROR:bus.cc(392)] Failed to connect to the bus: Failed to connect to socket /var/run/dbus/system_bus_socket: No such file or directory
[227:236:0111/131055.169592:WARNING:spdy_session.cc(3518)] Received HEADERS for invalid stream 1
[155:155:0111/131056.696914:INFO:CONSOLE(128)] "currentLatencynow: NaN", source: file:///home/seluser/ppt/player/dashjs/index.html (128)
[155:220:0111/131057.576867:ERROR:chrome_browser_main_extra_parts_metrics.cc(228)] crbug.com/1216328: Checking Bluetooth availability started. Please report if there is no report that this ends.
[155:220:0111/131057.576928:ERROR:chrome_browser_main_extra_parts_metrics.cc(231)] crbug.com/1216328: Checking Bluetooth availability ended.
[155:220:0111/131057.576935:ERROR:chrome_browser_main_extra_parts_metrics.cc(234)] crbug.com/1216328: Checking default browser status started. Please report if there is no report that this ends.
[358:358:0111/131057.586925:WARNING:audio_manager_linux.cc(69)] Falling back to ALSA for audio output. PulseAudio is not available or could not be initialized.
[358:358:0111/131057.602527:ERROR:alsa_util.cc(204)] PcmOpen: default,No such file or directory
[358:358:0111/131057.602782:ERROR:alsa_util.cc(204)] PcmOpen: plug:default,No such file or directory
[155:155:0111/131057.693802:INFO:CONSOLE(128)] "currentLatencynow: 5.646", source: file:///home/seluser/ppt/player/dashjs/index.html (128)
[155:220:0111/131057.785568:ERROR:chrome_browser_main_extra_parts_metrics.cc(238)] crbug.com/1216328: Checking default browser status ended.
[155:155:0111/131058.693547:INFO:CONSOLE(128)] "currentLatencynow: 6.646", source: file:///home/seluser/ppt/player/dashjs/index.html (128)
[155:155:0111/131059.693359:INFO:CONSOLE(128)] "currentLatencynow: 7.646", source: file:///home/seluser/ppt/player/dashjs/index.html (128)
[155:180:0111/131059.804825:ERROR:bus.cc(392)] Failed to connect to the bus: Address does not contain a colon
[155:180:0111/131059.804891:ERROR:bus.cc(392)] Failed to connect to the bus: Address does not contain a colon
[155:180:0111/131059.804901:ERROR:bus.cc(392)] Failed to connect to the bus: Address does not contain a colon
[155:180:0111/131059.804908:ERROR:bus.cc(392)] Failed to connect to the bus: Address does not contain a colon
[155:180:0111/131059.804915:ERROR:bus.cc(392)] Failed to connect to the bus: Address does not contain a colon
[155:180:0111/131059.804928:ERROR:bus.cc(392)] Failed to connect to the bus: Address does not contain a colon
[155:180:0111/131059.804954:ERROR:bus.cc(392)] Failed to connect to the bus: Address does not contain a colon
[155:180:0111/131059.804964:ERROR:bus.cc(392)] Failed to connect to the bus: Address does not contain a colon
[155:180:0111/131059.804973:ERROR:bus.cc(392)] Failed to connect to the bus: Address does not contain a colon
[155:180:0111/131059.804981:ERROR:bus.cc(392)] Failed to connect to the bus: Address does not contain a colon
[155:180:0111/131059.804989:ERROR:bus.cc(392)] Failed to connect to the bus: Address does not contain a colon
[155:180:0111/131059.804998:ERROR:bus.cc(392)] Failed to connect to the bus: Address does not contain a colon
[155:180:0111/131059.805007:ERROR:bus.cc(392)] Failed to connect to the bus: Address does not contain a colon
[155:180:0111/131059.805016:ERROR:bus.cc(392)] Failed to connect to the bus: Address does not contain a colon
[155:180:0111/131059.807239:ERROR:bus.cc(392)] Failed to connect to the bus: Address does not contain a colon
[155:180:0111/131059.807265:ERROR:bus.cc(392)] Failed to connect to the bus: Address does not contain a colon
[155:180:0111/131059.807277:ERROR:bus.cc(392)] Failed to connect to the bus: Address does not contain a colon
[155:180:0111/131059.881033:ERROR:bus.cc(392)] Failed to connect to the bus: Address does not contain a colon
[155:180:0111/131059.881071:ERROR:bus.cc(392)] Failed to connect to the bus: Address does not contain a colon
[155:155:0111/131100.693701:INFO:CONSOLE(128)] "currentLatencynow: 7.899", source: file:///home/seluser/ppt/player/dashjs/index.html (128)
[155:155:0111/131101.693410:INFO:CONSOLE(128)] "currentLatencynow: 8.261", source: file:///home/seluser/ppt/player/dashjs/index.html (128)
[155:155:0111/131102.693345:INFO:CONSOLE(128)] "currentLatencynow: 8.261", source: file:///home/seluser/ppt/player/dashjs/index.html (128)
[155:155:0111/131103.693386:INFO:CONSOLE(128)] "currentLatencynow: 8.261", source: file:///home/seluser/ppt/player/dashjs/index.html (128)
[155:155:0111/131104.693331:INFO:CONSOLE(128)] "currentLatencynow: 8.261", source: file:///home/seluser/ppt/player/dashjs/index.html (128)
[155:155:0111/131105.693409:INFO:CONSOLE(128)] "currentLatencynow: 8.261", source: file:///home/seluser/ppt/player/dashjs/index.html (128)
[155:155:0111/131106.693333:INFO:CONSOLE(128)] "currentLatencynow: 8.261", source: file:///home/seluser/ppt/player/dashjs/index.html (128)
[155:155:0111/131107.693306:INFO:CONSOLE(128)] "currentLatencynow: 8.263", source: file:///home/seluser/ppt/player/dashjs/index.html (128)
[155:155:0111/131108.693333:INFO:CONSOLE(128)] "currentLatencynow: 8.261", source: file:///home/seluser/ppt/player/dashjs/index.html (128)
[155:155:0111/131109.693367:INFO:CONSOLE(128)] "currentLatencynow: 8.261", source: file:///home/seluser/ppt/player/dashjs/index.html (128)
[155:155:0111/131110.693298:INFO:CONSOLE(128)] "currentLatencynow: 8.261", source: file:///home/seluser/ppt/player/dashjs/index.html (128)
[155:155:0111/131111.693235:INFO:CONSOLE(128)] "currentLatencynow: 8.26", source: file:///home/seluser/ppt/player/dashjs/index.html (128)
[155:155:0111/131112.693027:INFO:CONSOLE(128)] "currentLatencynow: 8.26", source: file:///home/seluser/ppt/player/dashjs/index.html (128)
[155:155:0111/131113.692928:INFO:CONSOLE(128)] "currentLatencynow: 8.186", source: file:///home/seluser/ppt/player/dashjs/index.html (128)
[155:155:0111/131114.693065:INFO:CONSOLE(128)] "currentLatencynow: 8.085", source: file:///home/seluser/ppt/player/dashjs/index.html (128)
[155:155:0111/131115.693010:INFO:CONSOLE(128)] "currentLatencynow: 7.985", source: file:///home/seluser/ppt/player/dashjs/index.html (128)
[155:155:0111/131116.692942:INFO:CONSOLE(128)] "currentLatencynow: 7.885", source: file:///home/seluser/ppt/player/dashjs/index.html (128)
[155:155:0111/131117.693056:INFO:CONSOLE(128)] "currentLatencynow: 7.785", source: file:///home/seluser/ppt/player/dashjs/index.html (128)
[155:155:0111/131118.693084:INFO:CONSOLE(128)] "currentLatencynow: 7.685", source: file:///home/seluser/ppt/player/dashjs/index.html (128)
[155:155:0111/131119.693014:INFO:CONSOLE(128)] "currentLatencynow: 7.585", source: file:///home/seluser/ppt/player/dashjs/index.html (128)
[155:155:0111/131120.694791:INFO:CONSOLE(128)] "currentLatencynow: 7.487", source: file:///home/seluser/ppt/player/dashjs/index.html (128)
[155:155:0111/131121.692921:INFO:CONSOLE(128)] "currentLatencynow: 7.385", source: file:///home/seluser/ppt/player/dashjs/index.html (128)
[155:155:0111/131122.692944:INFO:CONSOLE(128)] "currentLatencynow: 7.334", source: file:///home/seluser/ppt/player/dashjs/index.html (128)
[155:155:0111/131123.692984:INFO:CONSOLE(128)] "currentLatencynow: 7.334", source: file:///home/seluser/ppt/player/dashjs/index.html (128)
[155:155:0111/131124.692931:INFO:CONSOLE(128)] "currentLatencynow: 7.334", source: file:///home/seluser/ppt/player/dashjs/index.html (128)
[155:155:0111/131125.692937:INFO:CONSOLE(128)] "currentLatencynow: 7.84", source: file:///home/seluser/ppt/player/dashjs/index.html (128)
[155:155:0111/131129.854097:INFO:CONSOLE(128)] "currentLatencynow: 8.84", source: file:///home/seluser/ppt/player/dashjs/index.html (128)
[155:155:0111/131129.854413:INFO:CONSOLE(128)] "currentLatencynow: 9.84", source: file:///home/seluser/ppt/player/dashjs/index.html (128)
[155:155:0111/131129.854581:INFO:CONSOLE(128)] "currentLatencynow: 10.84", source: file:///home/seluser/ppt/player/dashjs/index.html (128)
[155:155:0111/131129.854930:INFO:CONSOLE(128)] "currentLatencynow: 11.84", source: file:///home/seluser/ppt/player/dashjs/index.html (128)
[155:155:0111/131130.941917:INFO:CONSOLE(128)] "currentLatencynow: 12.84", source: file:///home/seluser/ppt/player/dashjs/index.html (128)
[155:155:0111/131131.692924:INFO:CONSOLE(128)] "currentLatencynow: 13.84", source: file:///home/seluser/ppt/player/dashjs/index.html (128)
[155:155:0111/131132.692947:INFO:CONSOLE(128)] "currentLatencynow: 14.84", source: file:///home/seluser/ppt/player/dashjs/index.html (128)
[155:155:0111/131133.692957:INFO:CONSOLE(128)] "currentLatencynow: 15.84", source: file:///home/seluser/ppt/player/dashjs/index.html (128)
[155:155:0111/131134.693014:INFO:CONSOLE(128)] "currentLatencynow: 16.84", source: file:///home/seluser/ppt/player/dashjs/index.html (128)
[155:155:0111/131135.692984:INFO:CONSOLE(128)] "currentLatencynow: 17.84", source: file:///home/seluser/ppt/player/dashjs/index.html (128)
[155:155:0111/131136.693414:INFO:CONSOLE(128)] "currentLatencynow: 18.841", source: file:///home/seluser/ppt/player/dashjs/index.html (128)
[155:180:0111/131137.420482:ERROR:bus.cc(392)] Failed to connect to the bus: Address does not contain a colon
[155:180:0111/131137.420551:ERROR:bus.cc(392)] Failed to connect to the bus: Address does not contain a colon
[155:155:0111/131137.692923:INFO:CONSOLE(128)] "currentLatencynow: 19.48", source: file:///home/seluser/ppt/player/dashjs/index.html (128)
[155:155:0111/131138.692979:INFO:CONSOLE(128)] "currentLatencynow: 19.48", source: file:///home/seluser/ppt/player/dashjs/index.html (128)
[155:155:0111/131139.693005:INFO:CONSOLE(128)] "currentLatencynow: 19.48", source: file:///home/seluser/ppt/player/dashjs/index.html (128)
[155:155:0111/131140.694036:INFO:CONSOLE(128)] "currentLatencynow: 19.48", source: file:///home/seluser/ppt/player/dashjs/index.html (128)
[155:155:0111/131141.692713:INFO:CONSOLE(128)] "currentLatencynow: 19.48", source: file:///home/seluser/ppt/player/dashjs/index.html (128)
[155:155:0111/131142.693015:INFO:CONSOLE(128)] "currentLatencynow: 19.438", source: file:///home/seluser/ppt/player/dashjs/index.html (128)
[155:155:0111/131143.692823:INFO:CONSOLE(128)] "currentLatencynow: 19.337", source: file:///home/seluser/ppt/player/dashjs/index.html (128)
[155:155:0111/131144.692955:INFO:CONSOLE(128)] "currentLatencynow: 19.237", source: file:///home/seluser/ppt/player/dashjs/index.html (128)
[155:155:0111/131145.693523:INFO:CONSOLE(128)] "currentLatencynow: 19.138", source: file:///home/seluser/ppt/player/dashjs/index.html (128)
[155:155:0111/131146.692883:INFO:CONSOLE(128)] "currentLatencynow: 19.037", source: file:///home/seluser/ppt/player/dashjs/index.html (128)
[155:155:0111/131147.693142:INFO:CONSOLE(128)] "currentLatencynow: 18.938", source: file:///home/seluser/ppt/player/dashjs/index.html (128)
[155:155:0111/131148.692811:INFO:CONSOLE(128)] "currentLatencynow: 18.93", source: file:///home/seluser/ppt/player/dashjs/index.html (128)
[155:155:0111/131149.692850:INFO:CONSOLE(128)] "currentLatencynow: 18.93", source: file:///home/seluser/ppt/player/dashjs/index.html (128)
[155:155:0111/131150.693054:INFO:CONSOLE(128)] "currentLatencynow: 18.93", source: file:///home/seluser/ppt/player/dashjs/index.html (128)
[155:155:0111/131151.695360:INFO:CONSOLE(128)] "currentLatencynow: 18.93", source: file:///home/seluser/ppt/player/dashjs/index.html (128)
[155:155:0111/131152.692941:INFO:CONSOLE(128)] "currentLatencynow: 18.93", source: file:///home/seluser/ppt/player/dashjs/index.html (128)
[155:155:0111/131153.692822:INFO:CONSOLE(128)] "currentLatencynow: 18.93", source: file:///home/seluser/ppt/player/dashjs/index.html (128)
[155:155:0111/131154.692920:INFO:CONSOLE(128)] "currentLatencynow: 18.93", source: file:///home/seluser/ppt/player/dashjs/index.html (128)
[155:155:0111/131155.692878:INFO:CONSOLE(128)] "currentLatencynow: 19.82", source: file:///home/seluser/ppt/player/dashjs/index.html (128)
[155:155:0111/131156.692905:INFO:CONSOLE(128)] "currentLatencynow: 20.82", source: file:///home/seluser/ppt/player/dashjs/index.html (128)
[155:155:0111/131157.692959:INFO:CONSOLE(128)] "currentLatencynow: 21.82", source: file:///home/seluser/ppt/player/dashjs/index.html (128)
[155:180:0111/131157.801062:ERROR:bus.cc(392)] Failed to connect to the bus: Address does not contain a colon
[155:180:0111/131157.801113:ERROR:bus.cc(392)] Failed to connect to the bus: Address does not contain a colon
[155:155:0111/131158.692818:INFO:CONSOLE(128)] "currentLatencynow: 21.853", source: file:///home/seluser/ppt/player/dashjs/index.html (128)
[155:155:0111/131159.692872:INFO:CONSOLE(128)] "currentLatencynow: 21.852", source: file:///home/seluser/ppt/player/dashjs/index.html (128)
[155:155:0111/131200.692906:INFO:CONSOLE(128)] "currentLatencynow: 21.852", source: file:///home/seluser/ppt/player/dashjs/index.html (128)
[155:155:0111/131201.692872:INFO:CONSOLE(128)] "currentLatencynow: 22.809", source: file:///home/seluser/ppt/player/dashjs/index.html (128)
[155:155:0111/131202.692908:INFO:CONSOLE(128)] "currentLatencynow: 23.162", source: file:///home/seluser/ppt/player/dashjs/index.html (128)
[155:155:0111/131203.693110:INFO:CONSOLE(128)] "currentLatencynow: 23.061", source: file:///home/seluser/ppt/player/dashjs/index.html (128)
[155:155:0111/131204.692806:INFO:CONSOLE(128)] "currentLatencynow: 22.962", source: file:///home/seluser/ppt/player/dashjs/index.html (128)
[155:155:0111/131205.693016:INFO:CONSOLE(128)] "currentLatencynow: 22.864", source: file:///home/seluser/ppt/player/dashjs/index.html (128)
[155:155:0111/131206.694669:INFO:CONSOLE(128)] "currentLatencynow: 22.762", source: file:///home/seluser/ppt/player/dashjs/index.html (128)
[155:155:0111/131207.693001:INFO:CONSOLE(128)] "currentLatencynow: 22.662", source: file:///home/seluser/ppt/player/dashjs/index.html (128)
[155:155:0111/131208.692951:INFO:CONSOLE(128)] "currentLatencynow: 22.562", source: file:///home/seluser/ppt/player/dashjs/index.html (128)
[155:155:0111/131209.692862:INFO:CONSOLE(128)] "currentLatencynow: 22.462", source: file:///home/seluser/ppt/player/dashjs/index.html (128)
[155:155:0111/131210.692919:INFO:CONSOLE(128)] "currentLatencynow: 22.362", source: file:///home/seluser/ppt/player/dashjs/index.html (128)
[155:155:0111/131211.693200:INFO:CONSOLE(128)] "currentLatencynow: 22.261", source: file:///home/seluser/ppt/player/dashjs/index.html (128)
[155:155:0111/131212.692517:INFO:CONSOLE(128)] "currentLatencynow: 22.162", source: file:///home/seluser/ppt/player/dashjs/index.html (128)
[155:155:0111/131213.692475:INFO:CONSOLE(128)] "currentLatencynow: 22.124", source: file:///home/seluser/ppt/player/dashjs/index.html (128)
[155:155:0111/131214.692505:INFO:CONSOLE(128)] "currentLatencynow: 22.124", source: file:///home/seluser/ppt/player/dashjs/index.html (128)
[155:155:0111/131215.692574:INFO:CONSOLE(128)] "currentLatencynow: 22.124", source: file:///home/seluser/ppt/player/dashjs/index.html (128)
[155:155:0111/131216.692543:INFO:CONSOLE(128)] "currentLatencynow: 22.487", source: file:///home/seluser/ppt/player/dashjs/index.html (128)
[155:155:0111/131217.692484:INFO:CONSOLE(128)] "currentLatencynow: 22.487", source: file:///home/seluser/ppt/player/dashjs/index.html (128)
[155:155:0111/131218.692499:INFO:CONSOLE(128)] "currentLatencynow: 22.487", source: file:///home/seluser/ppt/player/dashjs/index.html (128)
[155:155:0111/131219.692494:INFO:CONSOLE(128)] "currentLatencynow: 22.487", source: file:///home/seluser/ppt/player/dashjs/index.html (128)
[155:155:0111/131220.692591:INFO:CONSOLE(128)] "currentLatencynow: 22.487", source: file:///home/seluser/ppt/player/dashjs/index.html (128)
[155:155:0111/131221.692666:INFO:CONSOLE(128)] "currentLatencynow: 22.487", source: file:///home/seluser/ppt/player/dashjs/index.html (128)
[155:155:0111/131222.692502:INFO:CONSOLE(128)] "currentLatencynow: 22.487", source: file:///home/seluser/ppt/player/dashjs/index.html (128)
[155:155:0111/131223.692570:INFO:CONSOLE(128)] "currentLatencynow: 22.487", source: file:///home/seluser/ppt/player/dashjs/index.html (128)
[155:155:0111/131224.692529:INFO:CONSOLE(128)] "currentLatencynow: 22.487", source: file:///home/seluser/ppt/player/dashjs/index.html (128)
[155:155:0111/131225.692461:INFO:CONSOLE(128)] "currentLatencynow: 22.453", source: file:///home/seluser/ppt/player/dashjs/index.html (128)
[155:155:0111/131226.692600:INFO:CONSOLE(128)] "currentLatencynow: 22.353", source: file:///home/seluser/ppt/player/dashjs/index.html (128)
[155:155:0111/131227.692477:INFO:CONSOLE(128)] "currentLatencynow: 22.314", source: file:///home/seluser/ppt/player/dashjs/index.html (128)
[155:155:0111/131228.693103:INFO:CONSOLE(128)] "currentLatencynow: 22.314", source: file:///home/seluser/ppt/player/dashjs/index.html (128)
[155:155:0111/131229.692479:INFO:CONSOLE(128)] "currentLatencynow: 22.314", source: file:///home/seluser/ppt/player/dashjs/index.html (128)
[155:155:0111/131230.692471:INFO:CONSOLE(128)] "currentLatencynow: 22.314", source: file:///home/seluser/ppt/player/dashjs/index.html (128)
[155:155:0111/131231.692530:INFO:CONSOLE(128)] "currentLatencynow: 22.314", source: file:///home/seluser/ppt/player/dashjs/index.html (128)
[155:155:0111/131232.693388:INFO:CONSOLE(128)] "currentLatencynow: 22.314", source: file:///home/seluser/ppt/player/dashjs/index.html (128)
[155:155:0111/131233.692743:INFO:CONSOLE(128)] "currentLatencynow: 22.314", source: file:///home/seluser/ppt/player/dashjs/index.html (128)
[155:155:0111/131234.692410:INFO:CONSOLE(128)] "currentLatencynow: 22.314", source: file:///home/seluser/ppt/player/dashjs/index.html (128)
[155:155:0111/131235.692486:INFO:CONSOLE(128)] "currentLatencynow: 22.23", source: file:///home/seluser/ppt/player/dashjs/index.html (128)
[155:155:0111/131236.694696:INFO:CONSOLE(128)] "currentLatencynow: 22.13", source: file:///home/seluser/ppt/player/dashjs/index.html (128)
[155:155:0111/131237.692510:INFO:CONSOLE(128)] "currentLatencynow: 22.03", source: file:///home/seluser/ppt/player/dashjs/index.html (128)
[155:155:0111/131238.692621:INFO:CONSOLE(128)] "currentLatencynow: 21.93", source: file:///home/seluser/ppt/player/dashjs/index.html (128)
[155:155:0111/131239.692463:INFO:CONSOLE(128)] "currentLatencynow: 21.83", source: file:///home/seluser/ppt/player/dashjs/index.html (128)
[155:155:0111/131240.692508:INFO:CONSOLE(128)] "currentLatencynow: 21.74", source: file:///home/seluser/ppt/player/dashjs/index.html (128)
[155:155:0111/131241.692850:INFO:CONSOLE(128)] "currentLatencynow: 21.74", source: file:///home/seluser/ppt/player/dashjs/index.html (128)
[155:155:0111/131242.692875:INFO:CONSOLE(128)] "currentLatencynow: 21.74", source: file:///home/seluser/ppt/player/dashjs/index.html (128)
[155:155:0111/131243.693807:INFO:CONSOLE(128)] "currentLatencynow: 21.74", source: file:///home/seluser/ppt/player/dashjs/index.html (128)
[155:155:0111/131244.692698:INFO:CONSOLE(128)] "currentLatencynow: 21.74", source: file:///home/seluser/ppt/player/dashjs/index.html (128)
[155:155:0111/131245.692757:INFO:CONSOLE(128)] "currentLatencynow: 21.74", source: file:///home/seluser/ppt/player/dashjs/index.html (128)
[155:155:0111/131246.692923:INFO:CONSOLE(128)] "currentLatencynow: 21.74", source: file:///home/seluser/ppt/player/dashjs/index.html (128)
[155:155:0111/131247.692734:INFO:CONSOLE(128)] "currentLatencynow: 21.74", source: file:///home/seluser/ppt/player/dashjs/index.html (128)
[155:155:0111/131248.692897:INFO:CONSOLE(128)] "currentLatencynow: 21.721", source: file:///home/seluser/ppt/player/dashjs/index.html (128)
[155:155:0111/131249.692720:INFO:CONSOLE(128)] "currentLatencynow: 21.621", source: file:///home/seluser/ppt/player/dashjs/index.html (128)
[155:155:0111/131250.692775:INFO:CONSOLE(128)] "currentLatencynow: 21.521", source: file:///home/seluser/ppt/player/dashjs/index.html (128)
[155:155:0111/131251.692710:INFO:CONSOLE(128)] "currentLatencynow: 21.421", source: file:///home/seluser/ppt/player/dashjs/index.html (128)
[155:155:0111/131252.692762:INFO:CONSOLE(128)] "currentLatencynow: 21.321", source: file:///home/seluser/ppt/player/dashjs/index.html (128)
[155:155:0111/131253.692760:INFO:CONSOLE(128)] "currentLatencynow: 21.221", source: file:///home/seluser/ppt/player/dashjs/index.html (128)
[155:155:0111/131254.692771:INFO:CONSOLE(128)] "currentLatencynow: 21.181", source: file:///home/seluser/ppt/player/dashjs/index.html (128)
[155:155:0111/131255.692700:INFO:CONSOLE(114)] "Begin Player stistics 
", source: file:///home/seluser/ppt/player/dashjs/index.html (114)
[155:155:0111/131255.692922:INFO:CONSOLE(115)] "["stall",[["2.56","4.91",2.35]],[["5.73","5.98",0.25]],[["30.29","30.54",0.25]],[["59.90","60.15",0.25]],[["65.84","66.09",0.25]],[["81.12","81.37",0.25]],[["availibleBW",[null],[null],[null],[998],[998],[998],[1499],[1499],[1664],[1998],[1998],[2198],[2198],[2597],[2816],[3378],[3578],[3578],[3972],[4237],[4237],[4488],[4728],[4728],[5226],[5226],[5226],[5226],[5226],[5226],[5226],[5226],[5226],[5226],[5226],[5226],[5226],[5226],[4211],[4211],[4172],[4008],[4008],[3835],[3969],[3969],[3763],[3564],[3564],[3362],[3362],[3362],[3135],[3135],[2578],[2315],[2315],[2315],[1991],[1991],[1991],[1991],[1396],[1396],[1396],[1497],[1398],[1596],[1596],[1827],[2392],[2591],[2591],[2985],[2985],[3188],[3188],[3386],[3386],[3784],[4485],[4485],[4485],[4724],[5223],[5223],[5471],[5705],[5705],[5931],[5931],[5928],[5928],[5923],[5714],[5714],[5499],[5252],[5008],[5008],[4730],[4730],[4465],[4465],[4465],[4170],[3772],[3375],[3375],[3375],[3145],[2592],[2394],[2394],[1997],[1997],[1797],[1797],[1797]]],[["currentBuffer",[0],[0],[0],[0.808],[0.062],[0],[0.485],[0],[0.487],[1.489],[0.489],[0],[0],[0],[0.493],[1.495],[2.497],[1.428],[2.33],[3.232],[2.132],[3.034],[3.936],[2.836],[1.736],[0.636],[0],[0],[0],[0],[0],[0],[0],[0],[0],[0],[0],[0],[0],[0],[0],[0.675],[0],[0.678],[1.676],[0.679],[1.639],[2.542],[1.441],[2.344],[1.24],[0.143],[0],[0],[0],[0.139],[0],[0],[0],[0],[0],[0],[0.2],[0],[0],[0.018],[1.599],[2.349],[1.4],[2.301],[3.205],[4.005],[3.008],[3.909],[2.657],[1.709],[0.61],[0],[0],[0],[0.829],[0],[0],[0],[0.889],[0],[0.885],[1.837],[0.894],[1.879],[0.779],[0],[0],[0],[0.67],[0],[0.729],[1.73],[2.619],[1.665],[2.561],[1.406],[2.253],[1.098],[0.171],[0],[0.069],[1.002],[0.111],[0],[0.169],[1.171],[2.171],[1.071],[1.966],[0.873],[1.775],[0.675],[0]]],[["currentLatency",[null],[5.646],[6.646],[7.646],[7.899],[8.261],[8.261],[8.261],[8.261],[8.261],[8.261],[8.263],[8.261],[8.261],[8.261],[8.26],[8.26],[8.186],[8.085],[7.985],[7.885],[7.785],[7.685],[7.585],[7.487],[7.385],[7.334],[7.334],[7.334],[7.84],[8.84],[9.84],[10.84],[11.84],[12.84],[13.84],[14.84],[15.84],[16.84],[17.84],[18.841],[19.48],[19.48],[19.48],[19.48],[19.48],[19.438],[19.337],[19.237],[19.138],[19.037],[18.938],[18.93],[18.93],[18.93],[18.93],[18.93],[18.93],[18.93],[19.82],[20.82],[21.82],[21.853],[21.852],[21.852],[22.809],[23.162],[23.061],[22.962],[22.864],[22.762],[22.662],[22.562],[22.462],[22.362],[22.261],[22.162],[22.124],[22.124],[22.124],[22.487],[22.487],[22.487],[22.487],[22.487],[22.487],[22.487],[22.487],[22.487],[22.453],[22.353],[22.314],[22.314],[22.314],[22.314],[22.314],[22.314],[22.314],[22.314],[22.23],[22.13],[22.03],[21.93],[21.83],[21.74],[21.74],[21.74],[21.74],[21.74],[21.74],[21.74],[21.74],[21.721],[21.621],[21.521],[21.421],[21.321],[21.221],[21.181]]]]", source: file:///home/seluser/ppt/player/dashjs/index.html (115)
[155:155:0111/131255.693047:INFO:CONSOLE(116)] "
", source: file:///home/seluser/ppt/player/dashjs/index.html (116)
[155:155:0111/131255.693072:INFO:CONSOLE(117)] "Finish Player stistics 
", source: file:///home/seluser/ppt/player/dashjs/index.html (117)
[155:155:0111/131255.693088:INFO:CONSOLE(128)] "currentLatencynow: 21.181", source: file:///home/seluser/ppt/player/dashjs/index.html (128)
[155:155:0111/131256.692710:INFO:CONSOLE(128)] "currentLatencynow: 21.181", source: file:///home/seluser/ppt/player/dashjs/index.html (128)
[155:155:0111/131257.692866:INFO:CONSOLE(128)] "currentLatencynow: 21.181", source: file:///home/seluser/ppt/player/dashjs/index.html (128)
[155:155:0111/131258.692822:INFO:CONSOLE(128)] "currentLatencynow: 21.181", source: file:///home/seluser/ppt/player/dashjs/index.html (128)
[155:155:0111/131259.692835:INFO:CONSOLE(128)] "currentLatencynow: 21.181", source: file:///home/seluser/ppt/player/dashjs/index.html (128)
[155:155:0111/131300.692775:INFO:CONSOLE(128)] "currentLatencynow: 21.097", source: file:///home/seluser/ppt/player/dashjs/index.html (128)
[155:155:0111/131301.692783:INFO:CONSOLE(128)] "currentLatencynow: 20.997", source: file:///home/seluser/ppt/player/dashjs/index.html (128)
[155:155:0111/131302.692737:INFO:CONSOLE(128)] "currentLatencynow: 20.897", source: file:///home/seluser/ppt/player/dashjs/index.html (128)
[155:155:0111/131303.692802:INFO:CONSOLE(128)] "currentLatencynow: 20.797", source: file:///home/seluser/ppt/player/dashjs/index.html (128)
[155:155:0111/131304.692784:INFO:CONSOLE(128)] "currentLatencynow: 20.697", source: file:///home/seluser/ppt/player/dashjs/index.html (128)
[155:155:0111/131305.692724:INFO:CONSOLE(128)] "currentLatencynow: 20.597", source: file:///home/seluser/ppt/player/dashjs/index.html (128)
[155:155:0111/131306.692814:INFO:CONSOLE(128)] "currentLatencynow: 20.497", source: file:///home/seluser/ppt/player/dashjs/index.html (128)
[155:155:0111/131307.692858:INFO:CONSOLE(128)] "currentLatencynow: 20.397", source: file:///home/seluser/ppt/player/dashjs/index.html (128)
[155:155:0111/131308.692846:INFO:CONSOLE(128)] "currentLatencynow: 20.297", source: file:///home/seluser/ppt/player/dashjs/index.html (128)
[155:155:0111/131309.693006:INFO:CONSOLE(128)] "currentLatencynow: 20.197", source: file:///home/seluser/ppt/player/dashjs/index.html (128)
[155:155:0111/131310.692702:INFO:CONSOLE(128)] "currentLatencynow: 20.097", source: file:///home/seluser/ppt/player/dashjs/index.html (128)
[155:155:0111/131311.692578:INFO:CONSOLE(128)] "currentLatencynow: 20.083", source: file:///home/seluser/ppt/player/dashjs/index.html (128)
[155:155:0111/131312.692515:INFO:CONSOLE(128)] "currentLatencynow: 20.083", source: file:///home/seluser/ppt/player/dashjs/index.html (128)
[155:155:0111/131313.692536:INFO:CONSOLE(128)] "currentLatencynow: 20.083", source: file:///home/seluser/ppt/player/dashjs/index.html (128)
[155:155:0111/131314.692530:INFO:CONSOLE(128)] "currentLatencynow: 20.083", source: file:///home/seluser/ppt/player/dashjs/index.html (128)
[155:155:0111/131315.692436:INFO:CONSOLE(128)] "currentLatencynow: 20.083", source: file:///home/seluser/ppt/player/dashjs/index.html (128)
[155:155:0111/131315.856458:WARNING:pref_notifier_impl.cc(40)] Pref observer for media_router.cast_allow_all_ips found at shutdown.
