[229:292:0130/120015.010976:ERROR:bus.cc(392)] Failed to connect to the bus: Failed to connect to socket /var/run/dbus/system_bus_socket: No such file or directory
[229:255:0130/120015.013374:ERROR:bus.cc(392)] Failed to connect to the bus: Address does not contain a colon
[229:255:0130/120015.013447:ERROR:bus.cc(392)] Failed to connect to the bus: Address does not contain a colon
[229:255:0130/120015.026862:ERROR:bus.cc(392)] Failed to connect to the bus: Address does not contain a colon
[229:255:0130/120015.026914:ERROR:bus.cc(392)] Failed to connect to the bus: Address does not contain a colon
[299:299:0130/120015.027160:ERROR:gpu_init.cc(453)] Passthrough is not supported, GL is swiftshader, ANGLE is 
[229:255:0130/120015.049494:ERROR:bus.cc(392)] Failed to connect to the bus: Address does not contain a colon
[229:255:0130/120015.049534:ERROR:bus.cc(392)] Failed to connect to the bus: Address does not contain a colon
[229:392:0130/120015.186962:ERROR:bus.cc(392)] Failed to connect to the bus: Failed to connect to socket /var/run/dbus/system_bus_socket: No such file or directory
[229:392:0130/120015.187042:ERROR:bus.cc(392)] Failed to connect to the bus: Failed to connect to socket /var/run/dbus/system_bus_socket: No such file or directory
[229:392:0130/120015.187099:ERROR:bus.cc(392)] Failed to connect to the bus: Failed to connect to socket /var/run/dbus/system_bus_socket: No such file or directory
[229:392:0130/120015.187111:WARNING:property.cc(144)] DaemonVersion: GetAndBlock: failed.
[229:392:0130/120015.187158:ERROR:bus.cc(392)] Failed to connect to the bus: Failed to connect to socket /var/run/dbus/system_bus_socket: No such file or directory
[229:392:0130/120015.187193:ERROR:bus.cc(392)] Failed to connect to the bus: Failed to connect to socket /var/run/dbus/system_bus_socket: No such file or directory
[229:229:0130/120016.468391:INFO:CONSOLE(128)] "currentLatencynow: NaN", source: file:///home/seluser/ppt/player/dashjs/index.html (128)
[229:251:0130/120017.441704:ERROR:chrome_browser_main_extra_parts_metrics.cc(228)] crbug.com/1216328: Checking Bluetooth availability started. Please report if there is no report that this ends.
[229:251:0130/120017.441769:ERROR:chrome_browser_main_extra_parts_metrics.cc(231)] crbug.com/1216328: Checking Bluetooth availability ended.
[229:251:0130/120017.441782:ERROR:chrome_browser_main_extra_parts_metrics.cc(234)] crbug.com/1216328: Checking default browser status started. Please report if there is no report that this ends.
[229:229:0130/120017.471979:INFO:CONSOLE(128)] "currentLatencynow: 0", source: file:///home/seluser/ppt/player/dashjs/index.html (128)
[449:449:0130/120017.515678:WARNING:audio_manager_linux.cc(69)] Falling back to ALSA for audio output. PulseAudio is not available or could not be initialized.
[449:449:0130/120017.521376:ERROR:alsa_util.cc(204)] PcmOpen: default,No such file or directory
[449:449:0130/120017.521489:ERROR:alsa_util.cc(204)] PcmOpen: plug:default,No such file or directory
[229:251:0130/120017.617592:ERROR:chrome_browser_main_extra_parts_metrics.cc(238)] crbug.com/1216328: Checking default browser status ended.
[229:229:0130/120018.468221:INFO:CONSOLE(128)] "currentLatencynow: 5.957", source: file:///home/seluser/ppt/player/dashjs/index.html (128)
[229:229:0130/120019.468242:INFO:CONSOLE(128)] "currentLatencynow: 6.957", source: file:///home/seluser/ppt/player/dashjs/index.html (128)
[229:255:0130/120019.621744:ERROR:bus.cc(392)] Failed to connect to the bus: Address does not contain a colon
[229:255:0130/120019.621854:ERROR:bus.cc(392)] Failed to connect to the bus: Address does not contain a colon
[229:255:0130/120019.621878:ERROR:bus.cc(392)] Failed to connect to the bus: Address does not contain a colon
[229:255:0130/120019.621889:ERROR:bus.cc(392)] Failed to connect to the bus: Address does not contain a colon
[229:255:0130/120019.621901:ERROR:bus.cc(392)] Failed to connect to the bus: Address does not contain a colon
[229:255:0130/120019.621911:ERROR:bus.cc(392)] Failed to connect to the bus: Address does not contain a colon
[229:255:0130/120019.621929:ERROR:bus.cc(392)] Failed to connect to the bus: Address does not contain a colon
[229:255:0130/120019.624486:ERROR:bus.cc(392)] Failed to connect to the bus: Address does not contain a colon
[229:255:0130/120019.624508:ERROR:bus.cc(392)] Failed to connect to the bus: Address does not contain a colon
[229:255:0130/120019.624520:ERROR:bus.cc(392)] Failed to connect to the bus: Address does not contain a colon
[229:255:0130/120019.624528:ERROR:bus.cc(392)] Failed to connect to the bus: Address does not contain a colon
[229:255:0130/120019.624538:ERROR:bus.cc(392)] Failed to connect to the bus: Address does not contain a colon
[229:255:0130/120019.624547:ERROR:bus.cc(392)] Failed to connect to the bus: Address does not contain a colon
[229:255:0130/120019.624558:ERROR:bus.cc(392)] Failed to connect to the bus: Address does not contain a colon
[229:255:0130/120019.624595:ERROR:bus.cc(392)] Failed to connect to the bus: Address does not contain a colon
[229:255:0130/120019.624612:ERROR:bus.cc(392)] Failed to connect to the bus: Address does not contain a colon
[229:255:0130/120019.624621:ERROR:bus.cc(392)] Failed to connect to the bus: Address does not contain a colon
[229:255:0130/120019.659029:ERROR:bus.cc(392)] Failed to connect to the bus: Address does not contain a colon
[229:255:0130/120019.659060:ERROR:bus.cc(392)] Failed to connect to the bus: Address does not contain a colon
[229:229:0130/120020.468280:INFO:CONSOLE(128)] "currentLatencynow: 7.111", source: file:///home/seluser/ppt/player/dashjs/index.html (128)
[229:229:0130/120021.468105:INFO:CONSOLE(128)] "currentLatencynow: 7.038", source: file:///home/seluser/ppt/player/dashjs/index.html (128)
[229:229:0130/120022.468066:INFO:CONSOLE(128)] "currentLatencynow: 7.038", source: file:///home/seluser/ppt/player/dashjs/index.html (128)
[229:229:0130/120023.468179:INFO:CONSOLE(128)] "currentLatencynow: 7.038", source: file:///home/seluser/ppt/player/dashjs/index.html (128)
[229:229:0130/120024.468251:INFO:CONSOLE(128)] "currentLatencynow: 7.038", source: file:///home/seluser/ppt/player/dashjs/index.html (128)
[229:229:0130/120025.468383:INFO:CONSOLE(128)] "currentLatencynow: 7.012", source: file:///home/seluser/ppt/player/dashjs/index.html (128)
[229:229:0130/120026.468300:INFO:CONSOLE(128)] "currentLatencynow: 6.912", source: file:///home/seluser/ppt/player/dashjs/index.html (128)
[229:229:0130/120027.468132:INFO:CONSOLE(128)] "currentLatencynow: 6.812", source: file:///home/seluser/ppt/player/dashjs/index.html (128)
[229:229:0130/120028.468162:INFO:CONSOLE(128)] "currentLatencynow: 6.712", source: file:///home/seluser/ppt/player/dashjs/index.html (128)
[229:229:0130/120029.468288:INFO:CONSOLE(128)] "currentLatencynow: 6.612", source: file:///home/seluser/ppt/player/dashjs/index.html (128)
[229:229:0130/120030.468062:INFO:CONSOLE(128)] "currentLatencynow: 6.512", source: file:///home/seluser/ppt/player/dashjs/index.html (128)
[229:229:0130/120031.468247:INFO:CONSOLE(128)] "currentLatencynow: 6.412", source: file:///home/seluser/ppt/player/dashjs/index.html (128)
[229:229:0130/120032.467958:INFO:CONSOLE(128)] "currentLatencynow: 6.312", source: file:///home/seluser/ppt/player/dashjs/index.html (128)
[229:229:0130/120033.468128:INFO:CONSOLE(128)] "currentLatencynow: 6.212", source: file:///home/seluser/ppt/player/dashjs/index.html (128)
[229:229:0130/120034.468119:INFO:CONSOLE(128)] "currentLatencynow: 6.115", source: file:///home/seluser/ppt/player/dashjs/index.html (128)
[229:229:0130/120035.468272:INFO:CONSOLE(128)] "currentLatencynow: 6.115", source: file:///home/seluser/ppt/player/dashjs/index.html (128)
[229:229:0130/120036.468196:INFO:CONSOLE(128)] "currentLatencynow: 6.112", source: file:///home/seluser/ppt/player/dashjs/index.html (128)
[229:229:0130/120037.468112:INFO:CONSOLE(128)] "currentLatencynow: 6.012", source: file:///home/seluser/ppt/player/dashjs/index.html (128)
[229:229:0130/120038.468191:INFO:CONSOLE(128)] "currentLatencynow: 5.912", source: file:///home/seluser/ppt/player/dashjs/index.html (128)
[229:229:0130/120039.468036:INFO:CONSOLE(128)] "currentLatencynow: 5.812", source: file:///home/seluser/ppt/player/dashjs/index.html (128)
[229:229:0130/120040.468084:INFO:CONSOLE(128)] "currentLatencynow: 5.765", source: file:///home/seluser/ppt/player/dashjs/index.html (128)
[229:229:0130/120041.468181:INFO:CONSOLE(128)] "currentLatencynow: 5.765", source: file:///home/seluser/ppt/player/dashjs/index.html (128)
[229:229:0130/120042.468124:INFO:CONSOLE(128)] "currentLatencynow: 5.765", source: file:///home/seluser/ppt/player/dashjs/index.html (128)
[229:229:0130/120043.468236:INFO:CONSOLE(128)] "currentLatencynow: 5.765", source: file:///home/seluser/ppt/player/dashjs/index.html (128)
[229:229:0130/120044.468189:INFO:CONSOLE(128)] "currentLatencynow: 5.765", source: file:///home/seluser/ppt/player/dashjs/index.html (128)
[229:229:0130/120045.468992:INFO:CONSOLE(128)] "currentLatencynow: 5.765", source: file:///home/seluser/ppt/player/dashjs/index.html (128)
[229:229:0130/120046.468176:INFO:CONSOLE(128)] "currentLatencynow: 5.765", source: file:///home/seluser/ppt/player/dashjs/index.html (128)
[229:229:0130/120047.468218:INFO:CONSOLE(128)] "currentLatencynow: 6.16", source: file:///home/seluser/ppt/player/dashjs/index.html (128)
[229:229:0130/120048.468293:INFO:CONSOLE(128)] "currentLatencynow: 7.16", source: file:///home/seluser/ppt/player/dashjs/index.html (128)
[229:255:0130/120049.235173:ERROR:bus.cc(392)] Failed to connect to the bus: Address does not contain a colon
[229:255:0130/120049.235327:ERROR:bus.cc(392)] Failed to connect to the bus: Address does not contain a colon
[229:229:0130/120049.468363:INFO:CONSOLE(128)] "currentLatencynow: 7.834", source: file:///home/seluser/ppt/player/dashjs/index.html (128)
[229:229:0130/120050.468270:INFO:CONSOLE(128)] "currentLatencynow: 7.772", source: file:///home/seluser/ppt/player/dashjs/index.html (128)
[229:229:0130/120051.468198:INFO:CONSOLE(128)] "currentLatencynow: 7.672", source: file:///home/seluser/ppt/player/dashjs/index.html (128)
[229:229:0130/120052.468123:INFO:CONSOLE(128)] "currentLatencynow: 7.572", source: file:///home/seluser/ppt/player/dashjs/index.html (128)
[229:229:0130/120053.468110:INFO:CONSOLE(128)] "currentLatencynow: 7.472", source: file:///home/seluser/ppt/player/dashjs/index.html (128)
[229:229:0130/120054.468212:INFO:CONSOLE(128)] "currentLatencynow: 7.372", source: file:///home/seluser/ppt/player/dashjs/index.html (128)
[229:229:0130/120055.468275:INFO:CONSOLE(128)] "currentLatencynow: 7.272", source: file:///home/seluser/ppt/player/dashjs/index.html (128)
[229:229:0130/120056.468124:INFO:CONSOLE(128)] "currentLatencynow: 7.172", source: file:///home/seluser/ppt/player/dashjs/index.html (128)
[229:229:0130/120057.468044:INFO:CONSOLE(128)] "currentLatencynow: 7.072", source: file:///home/seluser/ppt/player/dashjs/index.html (128)
[229:229:0130/120058.468168:INFO:CONSOLE(128)] "currentLatencynow: 6.972", source: file:///home/seluser/ppt/player/dashjs/index.html (128)
[229:229:0130/120059.468175:INFO:CONSOLE(128)] "currentLatencynow: 6.872", source: file:///home/seluser/ppt/player/dashjs/index.html (128)
[229:229:0130/120100.468180:INFO:CONSOLE(128)] "currentLatencynow: 6.772", source: file:///home/seluser/ppt/player/dashjs/index.html (128)
[229:229:0130/120101.468242:INFO:CONSOLE(128)] "currentLatencynow: 6.672", source: file:///home/seluser/ppt/player/dashjs/index.html (128)
[229:229:0130/120102.468218:INFO:CONSOLE(128)] "currentLatencynow: 6.572", source: file:///home/seluser/ppt/player/dashjs/index.html (128)
[229:229:0130/120103.468089:INFO:CONSOLE(128)] "currentLatencynow: 6.529", source: file:///home/seluser/ppt/player/dashjs/index.html (128)
[229:229:0130/120104.468281:INFO:CONSOLE(128)] "currentLatencynow: 6.528", source: file:///home/seluser/ppt/player/dashjs/index.html (128)
[229:229:0130/120105.468203:INFO:CONSOLE(128)] "currentLatencynow: 6.529", source: file:///home/seluser/ppt/player/dashjs/index.html (128)
[229:229:0130/120106.468087:INFO:CONSOLE(128)] "currentLatencynow: 7.159", source: file:///home/seluser/ppt/player/dashjs/index.html (128)
[229:229:0130/120107.468260:INFO:CONSOLE(128)] "currentLatencynow: 8.159", source: file:///home/seluser/ppt/player/dashjs/index.html (128)
[229:229:0130/120108.468167:INFO:CONSOLE(128)] "currentLatencynow: 8.193", source: file:///home/seluser/ppt/player/dashjs/index.html (128)
[229:229:0130/120109.468111:INFO:CONSOLE(128)] "currentLatencynow: 8.193", source: file:///home/seluser/ppt/player/dashjs/index.html (128)
[229:229:0130/120110.468257:INFO:CONSOLE(128)] "currentLatencynow: 8.193", source: file:///home/seluser/ppt/player/dashjs/index.html (128)
[229:229:0130/120111.468281:INFO:CONSOLE(128)] "currentLatencynow: 8.193", source: file:///home/seluser/ppt/player/dashjs/index.html (128)
[229:229:0130/120112.468212:INFO:CONSOLE(128)] "currentLatencynow: 8.193", source: file:///home/seluser/ppt/player/dashjs/index.html (128)
[229:229:0130/120113.468318:INFO:CONSOLE(128)] "currentLatencynow: 8.193", source: file:///home/seluser/ppt/player/dashjs/index.html (128)
[229:229:0130/120114.468682:INFO:CONSOLE(128)] "currentLatencynow: 8.162", source: file:///home/seluser/ppt/player/dashjs/index.html (128)
[229:229:0130/120115.467995:INFO:CONSOLE(128)] "currentLatencynow: 8.062", source: file:///home/seluser/ppt/player/dashjs/index.html (128)
[229:229:0130/120116.468224:INFO:CONSOLE(128)] "currentLatencynow: 7.962", source: file:///home/seluser/ppt/player/dashjs/index.html (128)
[229:229:0130/120117.468021:INFO:CONSOLE(128)] "currentLatencynow: 7.862", source: file:///home/seluser/ppt/player/dashjs/index.html (128)
[229:229:0130/120118.467966:INFO:CONSOLE(128)] "currentLatencynow: 7.792", source: file:///home/seluser/ppt/player/dashjs/index.html (128)
[229:229:0130/120119.468163:INFO:CONSOLE(128)] "currentLatencynow: 7.792", source: file:///home/seluser/ppt/player/dashjs/index.html (128)
[229:229:0130/120120.468121:INFO:CONSOLE(128)] "currentLatencynow: 7.792", source: file:///home/seluser/ppt/player/dashjs/index.html (128)
[229:229:0130/120121.468114:INFO:CONSOLE(128)] "currentLatencynow: 8.139", source: file:///home/seluser/ppt/player/dashjs/index.html (128)
[229:229:0130/120122.468032:INFO:CONSOLE(128)] "currentLatencynow: 8.474", source: file:///home/seluser/ppt/player/dashjs/index.html (128)
[229:229:0130/120123.468149:INFO:CONSOLE(128)] "currentLatencynow: 8.474", source: file:///home/seluser/ppt/player/dashjs/index.html (128)
[229:229:0130/120124.468110:INFO:CONSOLE(128)] "currentLatencynow: 8.474", source: file:///home/seluser/ppt/player/dashjs/index.html (128)
[229:229:0130/120125.468015:INFO:CONSOLE(128)] "currentLatencynow: 8.474", source: file:///home/seluser/ppt/player/dashjs/index.html (128)
[229:229:0130/120126.468204:INFO:CONSOLE(128)] "currentLatencynow: 8.474", source: file:///home/seluser/ppt/player/dashjs/index.html (128)
[229:229:0130/120127.468202:INFO:CONSOLE(128)] "currentLatencynow: 8.474", source: file:///home/seluser/ppt/player/dashjs/index.html (128)
[229:229:0130/120128.468272:INFO:CONSOLE(128)] "currentLatencynow: 8.922", source: file:///home/seluser/ppt/player/dashjs/index.html (128)
[229:229:0130/120129.468031:INFO:CONSOLE(128)] "currentLatencynow: 8.922", source: file:///home/seluser/ppt/player/dashjs/index.html (128)
[229:229:0130/120130.468168:INFO:CONSOLE(128)] "currentLatencynow: 8.922", source: file:///home/seluser/ppt/player/dashjs/index.html (128)
[229:229:0130/120131.468158:INFO:CONSOLE(128)] "currentLatencynow: 8.922", source: file:///home/seluser/ppt/player/dashjs/index.html (128)
[229:229:0130/120132.468165:INFO:CONSOLE(128)] "currentLatencynow: 8.922", source: file:///home/seluser/ppt/player/dashjs/index.html (128)
[229:229:0130/120133.468279:INFO:CONSOLE(128)] "currentLatencynow: 8.922", source: file:///home/seluser/ppt/player/dashjs/index.html (128)
[229:229:0130/120134.468354:INFO:CONSOLE(128)] "currentLatencynow: 8.922", source: file:///home/seluser/ppt/player/dashjs/index.html (128)
[229:229:0130/120135.468091:INFO:CONSOLE(128)] "currentLatencynow: 8.922", source: file:///home/seluser/ppt/player/dashjs/index.html (128)
[229:229:0130/120136.468040:INFO:CONSOLE(128)] "currentLatencynow: 8.922", source: file:///home/seluser/ppt/player/dashjs/index.html (128)
[229:229:0130/120137.468163:INFO:CONSOLE(128)] "currentLatencynow: 8.922", source: file:///home/seluser/ppt/player/dashjs/index.html (128)
[229:229:0130/120138.468242:INFO:CONSOLE(128)] "currentLatencynow: 8.922", source: file:///home/seluser/ppt/player/dashjs/index.html (128)
[229:229:0130/120139.468014:INFO:CONSOLE(128)] "currentLatencynow: 9.075", source: file:///home/seluser/ppt/player/dashjs/index.html (128)
[229:229:0130/120140.468022:INFO:CONSOLE(128)] "currentLatencynow: 10.075", source: file:///home/seluser/ppt/player/dashjs/index.html (128)
[229:229:0130/120141.467981:INFO:CONSOLE(128)] "currentLatencynow: 11.075", source: file:///home/seluser/ppt/player/dashjs/index.html (128)
[229:229:0130/120142.467980:INFO:CONSOLE(128)] "currentLatencynow: 12.075", source: file:///home/seluser/ppt/player/dashjs/index.html (128)
[229:255:0130/120143.439108:ERROR:bus.cc(392)] Failed to connect to the bus: Address does not contain a colon
[229:255:0130/120143.439216:ERROR:bus.cc(392)] Failed to connect to the bus: Address does not contain a colon
[229:229:0130/120143.468120:INFO:CONSOLE(128)] "currentLatencynow: 12.982", source: file:///home/seluser/ppt/player/dashjs/index.html (128)
[229:229:0130/120144.468157:INFO:CONSOLE(128)] "currentLatencynow: 13.004", source: file:///home/seluser/ppt/player/dashjs/index.html (128)
[229:229:0130/120145.468189:INFO:CONSOLE(128)] "currentLatencynow: 13.004", source: file:///home/seluser/ppt/player/dashjs/index.html (128)
[229:229:0130/120146.468050:INFO:CONSOLE(128)] "currentLatencynow: 13.004", source: file:///home/seluser/ppt/player/dashjs/index.html (128)
[229:229:0130/120147.468058:INFO:CONSOLE(128)] "currentLatencynow: 13.004", source: file:///home/seluser/ppt/player/dashjs/index.html (128)
[229:229:0130/120148.468043:INFO:CONSOLE(128)] "currentLatencynow: 13.152", source: file:///home/seluser/ppt/player/dashjs/index.html (128)
[229:229:0130/120149.467998:INFO:CONSOLE(128)] "currentLatencynow: 14.152", source: file:///home/seluser/ppt/player/dashjs/index.html (128)
[229:229:0130/120150.468067:INFO:CONSOLE(128)] "currentLatencynow: 14.966", source: file:///home/seluser/ppt/player/dashjs/index.html (128)
[229:229:0130/120151.468042:INFO:CONSOLE(128)] "currentLatencynow: 14.966", source: file:///home/seluser/ppt/player/dashjs/index.html (128)
[229:229:0130/120152.468049:INFO:CONSOLE(128)] "currentLatencynow: 14.966", source: file:///home/seluser/ppt/player/dashjs/index.html (128)
[229:229:0130/120153.468020:INFO:CONSOLE(128)] "currentLatencynow: 14.959", source: file:///home/seluser/ppt/player/dashjs/index.html (128)
[229:229:0130/120154.468260:INFO:CONSOLE(128)] "currentLatencynow: 14.859", source: file:///home/seluser/ppt/player/dashjs/index.html (128)
[229:229:0130/120155.468397:INFO:CONSOLE(128)] "currentLatencynow: 14.759", source: file:///home/seluser/ppt/player/dashjs/index.html (128)
[229:229:0130/120156.468190:INFO:CONSOLE(128)] "currentLatencynow: 14.659", source: file:///home/seluser/ppt/player/dashjs/index.html (128)
[229:229:0130/120157.468184:INFO:CONSOLE(128)] "currentLatencynow: 14.559", source: file:///home/seluser/ppt/player/dashjs/index.html (128)
[229:229:0130/120158.467940:INFO:CONSOLE(128)] "currentLatencynow: 14.459", source: file:///home/seluser/ppt/player/dashjs/index.html (128)
[229:229:0130/120159.468198:INFO:CONSOLE(128)] "currentLatencynow: 14.359", source: file:///home/seluser/ppt/player/dashjs/index.html (128)
[229:229:0130/120200.468194:INFO:CONSOLE(128)] "currentLatencynow: 14.259", source: file:///home/seluser/ppt/player/dashjs/index.html (128)
[229:229:0130/120201.468311:INFO:CONSOLE(128)] "currentLatencynow: 14.159", source: file:///home/seluser/ppt/player/dashjs/index.html (128)
[229:229:0130/120202.468167:INFO:CONSOLE(128)] "currentLatencynow: 14.066", source: file:///home/seluser/ppt/player/dashjs/index.html (128)
[229:229:0130/120203.468176:INFO:CONSOLE(128)] "currentLatencynow: 14.066", source: file:///home/seluser/ppt/player/dashjs/index.html (128)
[229:229:0130/120204.468146:INFO:CONSOLE(128)] "currentLatencynow: 14.066", source: file:///home/seluser/ppt/player/dashjs/index.html (128)
[229:229:0130/120205.468103:INFO:CONSOLE(128)] "currentLatencynow: 14.066", source: file:///home/seluser/ppt/player/dashjs/index.html (128)
[229:229:0130/120206.468108:INFO:CONSOLE(128)] "currentLatencynow: 14.066", source: file:///home/seluser/ppt/player/dashjs/index.html (128)
[229:229:0130/120207.468216:INFO:CONSOLE(128)] "currentLatencynow: 14.066", source: file:///home/seluser/ppt/player/dashjs/index.html (128)
[229:229:0130/120208.468192:INFO:CONSOLE(128)] "currentLatencynow: 14.066", source: file:///home/seluser/ppt/player/dashjs/index.html (128)
[229:229:0130/120209.468153:INFO:CONSOLE(128)] "currentLatencynow: 14.139", source: file:///home/seluser/ppt/player/dashjs/index.html (128)
[229:229:0130/120210.468218:INFO:CONSOLE(128)] "currentLatencynow: 14.139", source: file:///home/seluser/ppt/player/dashjs/index.html (128)
[229:229:0130/120211.468063:INFO:CONSOLE(128)] "currentLatencynow: 14.139", source: file:///home/seluser/ppt/player/dashjs/index.html (128)
[229:229:0130/120212.468078:INFO:CONSOLE(128)] "currentLatencynow: 14.139", source: file:///home/seluser/ppt/player/dashjs/index.html (128)
[229:229:0130/120213.468253:INFO:CONSOLE(128)] "currentLatencynow: 14.139", source: file:///home/seluser/ppt/player/dashjs/index.html (128)
[229:229:0130/120214.468124:INFO:CONSOLE(128)] "currentLatencynow: 14.139", source: file:///home/seluser/ppt/player/dashjs/index.html (128)
[229:229:0130/120215.468253:INFO:CONSOLE(114)] "Begin Player stistics 
", source: file:///home/seluser/ppt/player/dashjs/index.html (114)
[229:229:0130/120215.469254:INFO:CONSOLE(115)] "["stall",[["2.02","4.31",2.2899999999999996]],[["31.76","32.01",0.24999999999999645]],[["50.52","50.77",0.25]],[["65.81","66.06",0.25]],[["72.50","72.75",0.25]],[["84.00","84.25",0.25]],[["93.00","93.25",0.25]],[["113.18","113.43",0.25]],[["availibleBW",[null],[null],[null],[null],[989],[988],[988],[988],[989],[1112],[1119],[1188],[1276],[1276],[1363],[1363],[1602],[1602],[1602],[1726],[1852],[1976],[1976],[1976],[2223],[2223],[2223],[2223],[2220],[2220],[2220],[2590],[2590],[2963],[3331],[4077],[4077],[4082],[4082],[4229],[4386],[4514],[4514],[4670],[4670],[4670],[4672],[4673],[4673],[4673],[5049],[5049],[5448],[5448],[5818],[6567],[6567],[6561],[6538],[6540],[6540],[6540],[6537],[6537],[6537],[6549],[6486],[6486],[6486],[6124],[6124],[5753],[5387],[5387],[5387],[4699],[4706],[4706],[4700],[4700],[4540],[4540],[4384],[4384],[4384],[4226],[4226],[4071],[4071],[4071],[3701],[3701],[3701],[3328],[2959],[2959],[2219],[2216],[2216],[2222],[2099],[2099],[1849],[1849],[1603],[1603],[1603],[1602],[1602],[1605],[1605],[1481],[1358],[1358],[1235],[1235],[1235],[989],[989]]],[["currentBuffer",[0],[0],[0],[0],[1.035],[0],[0.9],[0],[0.958],[1.943],[2.845],[3.747],[4.649],[3.549],[4.451],[3.351],[2.25],[1.151],[0.051],[0.996],[2.048],[2.957],[1.849],[0.757],[0],[0],[0],[0],[0],[0],[0],[0],[0],[0.728],[1.779],[2.681],[1.581],[2.483],[1.383],[2.285],[3.187],[4.071],[2.989],[3.891],[2.791],[1.691],[0.591],[0],[0],[0],[0],[0],[0.112],[0],[0.189],[1.19],[0.191],[1.193],[2.173],[2.983],[1.979],[0.789],[0],[0],[0],[0],[0.449],[0],[0],[0],[0],[0],[0.911],[0],[0],[0],[0.958],[0],[0.959],[0],[0.961],[0],[0.964],[0],[0],[0],[0],[1.971],[1.052],[0.052],[0],[0],[0],[0],[0.95],[0.014],[1.016],[2.018],[0.926],[1.827],[2.73],[1.609],[4.378],[3.324],[2.334],[1.234],[0.134],[1.043],[0.128],[1.13],[0.13],[1.113],[2.134],[1.277],[2.258],[1.134],[0.158],[0],[0]]],[["currentLatency",[null],[0],[5.957],[6.957],[7.111],[7.038],[7.038],[7.038],[7.038],[7.012],[6.912],[6.812],[6.712],[6.612],[6.512],[6.412],[6.312],[6.212],[6.115],[6.115],[6.112],[6.012],[5.912],[5.812],[5.765],[5.765],[5.765],[5.765],[5.765],[5.765],[5.765],[6.16],[7.16],[7.834],[7.772],[7.672],[7.572],[7.472],[7.372],[7.272],[7.172],[7.072],[6.972],[6.872],[6.772],[6.672],[6.572],[6.529],[6.528],[6.529],[7.159],[8.159],[8.193],[8.193],[8.193],[8.193],[8.193],[8.193],[8.162],[8.062],[7.962],[7.862],[7.792],[7.792],[7.792],[8.139],[8.474],[8.474],[8.474],[8.474],[8.474],[8.474],[8.922],[8.922],[8.922],[8.922],[8.922],[8.922],[8.922],[8.922],[8.922],[8.922],[8.922],[9.075],[10.075],[11.075],[12.075],[12.982],[13.004],[13.004],[13.004],[13.004],[13.152],[14.152],[14.966],[14.966],[14.966],[14.959],[14.859],[14.759],[14.659],[14.559],[14.459],[14.359],[14.259],[14.159],[14.066],[14.066],[14.066],[14.066],[14.066],[14.066],[14.066],[14.139],[14.139],[14.139],[14.139],[14.139],[14.139]]]]", source: file:///home/seluser/ppt/player/dashjs/index.html (115)
[229:229:0130/120215.469366:INFO:CONSOLE(116)] "
", source: file:///home/seluser/ppt/player/dashjs/index.html (116)
[229:229:0130/120215.469411:INFO:CONSOLE(117)] "Finish Player stistics 
", source: file:///home/seluser/ppt/player/dashjs/index.html (117)
[229:229:0130/120215.469444:INFO:CONSOLE(128)] "currentLatencynow: 14.139", source: file:///home/seluser/ppt/player/dashjs/index.html (128)
[229:229:0130/120216.468120:INFO:CONSOLE(128)] "currentLatencynow: 15.013", source: file:///home/seluser/ppt/player/dashjs/index.html (128)
[229:229:0130/120217.468184:INFO:CONSOLE(128)] "currentLatencynow: 15.077", source: file:///home/seluser/ppt/player/dashjs/index.html (128)
[229:229:0130/120218.468072:INFO:CONSOLE(128)] "currentLatencynow: 15.077", source: file:///home/seluser/ppt/player/dashjs/index.html (128)
[229:229:0130/120219.468093:INFO:CONSOLE(128)] "currentLatencynow: 15.064", source: file:///home/seluser/ppt/player/dashjs/index.html (128)
[229:229:0130/120220.468078:INFO:CONSOLE(128)] "currentLatencynow: 14.964", source: file:///home/seluser/ppt/player/dashjs/index.html (128)
[229:229:0130/120221.468093:INFO:CONSOLE(128)] "currentLatencynow: 14.864", source: file:///home/seluser/ppt/player/dashjs/index.html (128)
[229:229:0130/120222.468024:INFO:CONSOLE(128)] "currentLatencynow: 14.764", source: file:///home/seluser/ppt/player/dashjs/index.html (128)
[229:229:0130/120223.468125:INFO:CONSOLE(128)] "currentLatencynow: 14.664", source: file:///home/seluser/ppt/player/dashjs/index.html (128)
[229:229:0130/120224.468165:INFO:CONSOLE(128)] "currentLatencynow: 14.564", source: file:///home/seluser/ppt/player/dashjs/index.html (128)
[229:229:0130/120225.468142:INFO:CONSOLE(128)] "currentLatencynow: 14.464", source: file:///home/seluser/ppt/player/dashjs/index.html (128)
[229:229:0130/120226.468238:INFO:CONSOLE(128)] "currentLatencynow: 14.364", source: file:///home/seluser/ppt/player/dashjs/index.html (128)
[229:229:0130/120227.468251:INFO:CONSOLE(128)] "currentLatencynow: 14.264", source: file:///home/seluser/ppt/player/dashjs/index.html (128)
[229:229:0130/120228.468236:INFO:CONSOLE(128)] "currentLatencynow: 14.164", source: file:///home/seluser/ppt/player/dashjs/index.html (128)
[229:229:0130/120229.468151:INFO:CONSOLE(128)] "currentLatencynow: 14.064", source: file:///home/seluser/ppt/player/dashjs/index.html (128)
[229:229:0130/120230.468136:INFO:CONSOLE(128)] "currentLatencynow: 13.979", source: file:///home/seluser/ppt/player/dashjs/index.html (128)
[229:229:0130/120231.468139:INFO:CONSOLE(128)] "currentLatencynow: 13.979", source: file:///home/seluser/ppt/player/dashjs/index.html (128)
[229:229:0130/120232.468091:INFO:CONSOLE(128)] "currentLatencynow: 13.979", source: file:///home/seluser/ppt/player/dashjs/index.html (128)
[229:229:0130/120233.468166:INFO:CONSOLE(128)] "currentLatencynow: 13.89", source: file:///home/seluser/ppt/player/dashjs/index.html (128)
[229:229:0130/120234.468154:INFO:CONSOLE(128)] "currentLatencynow: 13.79", source: file:///home/seluser/ppt/player/dashjs/index.html (128)
[229:229:0130/120235.468035:INFO:CONSOLE(128)] "currentLatencynow: 13.69", source: file:///home/seluser/ppt/player/dashjs/index.html (128)
[229:229:0130/120236.468026:INFO:CONSOLE(128)] "currentLatencynow: 13.59", source: file:///home/seluser/ppt/player/dashjs/index.html (128)
[229:229:0130/120237.468115:INFO:CONSOLE(128)] "currentLatencynow: 13.49", source: file:///home/seluser/ppt/player/dashjs/index.html (128)
[229:229:0130/120238.468166:INFO:CONSOLE(128)] "currentLatencynow: 13.39", source: file:///home/seluser/ppt/player/dashjs/index.html (128)
[229:229:0130/120239.468212:INFO:CONSOLE(128)] "currentLatencynow: 13.29", source: file:///home/seluser/ppt/player/dashjs/index.html (128)
[229:229:0130/120240.468171:INFO:CONSOLE(128)] "currentLatencynow: 13.19", source: file:///home/seluser/ppt/player/dashjs/index.html (128)
[229:229:0130/120241.468189:INFO:CONSOLE(128)] "currentLatencynow: 13.09", source: file:///home/seluser/ppt/player/dashjs/index.html (128)
[229:229:0130/120242.468235:INFO:CONSOLE(128)] "currentLatencynow: 12.99", source: file:///home/seluser/ppt/player/dashjs/index.html (128)
[229:229:0130/120243.468005:INFO:CONSOLE(128)] "currentLatencynow: 12.89", source: file:///home/seluser/ppt/player/dashjs/index.html (128)
[229:229:0130/120244.468056:INFO:CONSOLE(128)] "currentLatencynow: 12.79", source: file:///home/seluser/ppt/player/dashjs/index.html (128)
[229:229:0130/120245.467978:INFO:CONSOLE(128)] "currentLatencynow: 12.69", source: file:///home/seluser/ppt/player/dashjs/index.html (128)
[229:229:0130/120246.468016:INFO:CONSOLE(128)] "currentLatencynow: 12.59", source: file:///home/seluser/ppt/player/dashjs/index.html (128)
[229:229:0130/120247.468126:INFO:CONSOLE(128)] "currentLatencynow: 12.49", source: file:///home/seluser/ppt/player/dashjs/index.html (128)
[229:229:0130/120248.468056:INFO:CONSOLE(128)] "currentLatencynow: 12.39", source: file:///home/seluser/ppt/player/dashjs/index.html (128)
[229:229:0130/120249.467984:INFO:CONSOLE(128)] "currentLatencynow: 12.29", source: file:///home/seluser/ppt/player/dashjs/index.html (128)
[229:229:0130/120250.468046:INFO:CONSOLE(128)] "currentLatencynow: 12.19", source: file:///home/seluser/ppt/player/dashjs/index.html (128)
[229:229:0130/120251.468073:INFO:CONSOLE(128)] "currentLatencynow: 12.09", source: file:///home/seluser/ppt/player/dashjs/index.html (128)
[229:229:0130/120252.468027:INFO:CONSOLE(128)] "currentLatencynow: 11.99", source: file:///home/seluser/ppt/player/dashjs/index.html (128)
[229:229:0130/120253.468110:INFO:CONSOLE(128)] "currentLatencynow: 11.89", source: file:///home/seluser/ppt/player/dashjs/index.html (128)
[229:229:0130/120254.468107:INFO:CONSOLE(128)] "currentLatencynow: 11.79", source: file:///home/seluser/ppt/player/dashjs/index.html (128)
[229:229:0130/120255.468058:INFO:CONSOLE(128)] "currentLatencynow: 11.69", source: file:///home/seluser/ppt/player/dashjs/index.html (128)
[229:229:0130/120256.468013:INFO:CONSOLE(128)] "currentLatencynow: 11.63", source: file:///home/seluser/ppt/player/dashjs/index.html (128)
[229:229:0130/120257.468152:INFO:CONSOLE(128)] "currentLatencynow: 11.63", source: file:///home/seluser/ppt/player/dashjs/index.html (128)
[229:229:0130/120258.468087:INFO:CONSOLE(128)] "currentLatencynow: 11.542", source: file:///home/seluser/ppt/player/dashjs/index.html (128)
[229:229:0130/120259.468143:INFO:CONSOLE(128)] "currentLatencynow: 11.442", source: file:///home/seluser/ppt/player/dashjs/index.html (128)
[229:229:0130/120300.468011:INFO:CONSOLE(128)] "currentLatencynow: 11.406", source: file:///home/seluser/ppt/player/dashjs/index.html (128)
[229:229:0130/120301.468038:INFO:CONSOLE(128)] "currentLatencynow: 11.406", source: file:///home/seluser/ppt/player/dashjs/index.html (128)
[229:229:0130/120302.467987:INFO:CONSOLE(128)] "currentLatencynow: 11.406", source: file:///home/seluser/ppt/player/dashjs/index.html (128)
[229:229:0130/120303.468180:INFO:CONSOLE(128)] "currentLatencynow: 11.406", source: file:///home/seluser/ppt/player/dashjs/index.html (128)
[229:229:0130/120304.468130:INFO:CONSOLE(128)] "currentLatencynow: 11.406", source: file:///home/seluser/ppt/player/dashjs/index.html (128)
[229:229:0130/120305.468245:INFO:CONSOLE(128)] "currentLatencynow: 11.406", source: file:///home/seluser/ppt/player/dashjs/index.html (128)
[229:229:0130/120306.467959:INFO:CONSOLE(128)] "currentLatencynow: 11.406", source: file:///home/seluser/ppt/player/dashjs/index.html (128)
[229:229:0130/120307.468093:INFO:CONSOLE(128)] "currentLatencynow: 11.406", source: file:///home/seluser/ppt/player/dashjs/index.html (128)
[229:229:0130/120308.468069:INFO:CONSOLE(128)] "currentLatencynow: 11.406", source: file:///home/seluser/ppt/player/dashjs/index.html (128)
[229:229:0130/120309.468269:INFO:CONSOLE(128)] "currentLatencynow: 11.338", source: file:///home/seluser/ppt/player/dashjs/index.html (128)
[229:229:0130/120310.468106:INFO:CONSOLE(128)] "currentLatencynow: 11.238", source: file:///home/seluser/ppt/player/dashjs/index.html (128)
[229:229:0130/120311.468185:INFO:CONSOLE(128)] "currentLatencynow: 11.138", source: file:///home/seluser/ppt/player/dashjs/index.html (128)
[229:229:0130/120312.468036:INFO:CONSOLE(128)] "currentLatencynow: 11.038", source: file:///home/seluser/ppt/player/dashjs/index.html (128)
[229:229:0130/120313.468107:INFO:CONSOLE(128)] "currentLatencynow: 10.938", source: file:///home/seluser/ppt/player/dashjs/index.html (128)
[229:229:0130/120314.468978:INFO:CONSOLE(128)] "currentLatencynow: 10.838", source: file:///home/seluser/ppt/player/dashjs/index.html (128)
