[229:293:0130/101716.489088:ERROR:bus.cc(392)] Failed to connect to the bus: Failed to connect to socket /var/run/dbus/system_bus_socket: No such file or directory
[229:256:0130/101716.491450:ERROR:bus.cc(392)] Failed to connect to the bus: Address does not contain a colon
[229:256:0130/101716.491515:ERROR:bus.cc(392)] Failed to connect to the bus: Address does not contain a colon
[229:256:0130/101716.504412:ERROR:bus.cc(392)] Failed to connect to the bus: Address does not contain a colon
[229:256:0130/101716.504460:ERROR:bus.cc(392)] Failed to connect to the bus: Address does not contain a colon
[299:299:0130/101716.506401:ERROR:gpu_init.cc(453)] Passthrough is not supported, GL is swiftshader, ANGLE is 
[229:256:0130/101716.529525:ERROR:bus.cc(392)] Failed to connect to the bus: Address does not contain a colon
[229:256:0130/101716.529570:ERROR:bus.cc(392)] Failed to connect to the bus: Address does not contain a colon
[229:394:0130/101716.604595:ERROR:bus.cc(392)] Failed to connect to the bus: Failed to connect to socket /var/run/dbus/system_bus_socket: No such file or directory
[229:394:0130/101716.604680:ERROR:bus.cc(392)] Failed to connect to the bus: Failed to connect to socket /var/run/dbus/system_bus_socket: No such file or directory
[229:394:0130/101716.604735:ERROR:bus.cc(392)] Failed to connect to the bus: Failed to connect to socket /var/run/dbus/system_bus_socket: No such file or directory
[229:394:0130/101716.604762:WARNING:property.cc(144)] DaemonVersion: GetAndBlock: failed.
[229:394:0130/101716.604849:ERROR:bus.cc(392)] Failed to connect to the bus: Failed to connect to socket /var/run/dbus/system_bus_socket: No such file or directory
[229:394:0130/101716.604888:ERROR:bus.cc(392)] Failed to connect to the bus: Failed to connect to socket /var/run/dbus/system_bus_socket: No such file or directory
[229:229:0130/101717.876413:INFO:CONSOLE(128)] "currentLatencynow: 0", source: file:///home/seluser/ppt/player/dashjs/index.html (128)
[229:303:0130/101718.722392:ERROR:chrome_browser_main_extra_parts_metrics.cc(228)] crbug.com/1216328: Checking Bluetooth availability started. Please report if there is no report that this ends.
[229:303:0130/101718.722435:ERROR:chrome_browser_main_extra_parts_metrics.cc(231)] crbug.com/1216328: Checking Bluetooth availability ended.
[229:303:0130/101718.722444:ERROR:chrome_browser_main_extra_parts_metrics.cc(234)] crbug.com/1216328: Checking default browser status started. Please report if there is no report that this ends.
[229:229:0130/101718.873918:INFO:CONSOLE(128)] "currentLatencynow: 0", source: file:///home/seluser/ppt/player/dashjs/index.html (128)
[229:303:0130/101718.911723:ERROR:chrome_browser_main_extra_parts_metrics.cc(238)] crbug.com/1216328: Checking default browser status ended.
[610:610:0130/101719.830779:WARNING:audio_manager_linux.cc(69)] Falling back to ALSA for audio output. PulseAudio is not available or could not be initialized.
[610:610:0130/101719.835445:ERROR:alsa_util.cc(204)] PcmOpen: default,No such file or directory
[610:610:0130/101719.835543:ERROR:alsa_util.cc(204)] PcmOpen: plug:default,No such file or directory
[229:229:0130/101719.873916:INFO:CONSOLE(128)] "currentLatencynow: 6.023", source: file:///home/seluser/ppt/player/dashjs/index.html (128)
[229:229:0130/101720.873885:INFO:CONSOLE(128)] "currentLatencynow: 7.023", source: file:///home/seluser/ppt/player/dashjs/index.html (128)
[229:229:0130/101721.873916:INFO:CONSOLE(128)] "currentLatencynow: 8.023", source: file:///home/seluser/ppt/player/dashjs/index.html (128)
[229:229:0130/101722.873982:INFO:CONSOLE(128)] "currentLatencynow: 9.023", source: file:///home/seluser/ppt/player/dashjs/index.html (128)
[229:229:0130/101723.873960:INFO:CONSOLE(128)] "currentLatencynow: 10.023", source: file:///home/seluser/ppt/player/dashjs/index.html (128)
[229:229:0130/101724.873975:INFO:CONSOLE(128)] "currentLatencynow: 11.023", source: file:///home/seluser/ppt/player/dashjs/index.html (128)
[229:256:0130/101725.696457:ERROR:bus.cc(392)] Failed to connect to the bus: Address does not contain a colon
[229:256:0130/101725.696568:ERROR:bus.cc(392)] Failed to connect to the bus: Address does not contain a colon
[229:256:0130/101725.696603:ERROR:bus.cc(392)] Failed to connect to the bus: Address does not contain a colon
[229:256:0130/101725.696621:ERROR:bus.cc(392)] Failed to connect to the bus: Address does not contain a colon
[229:256:0130/101725.696638:ERROR:bus.cc(392)] Failed to connect to the bus: Address does not contain a colon
[229:256:0130/101725.696652:ERROR:bus.cc(392)] Failed to connect to the bus: Address does not contain a colon
[229:256:0130/101725.696669:ERROR:bus.cc(392)] Failed to connect to the bus: Address does not contain a colon
[229:256:0130/101725.696682:ERROR:bus.cc(392)] Failed to connect to the bus: Address does not contain a colon
[229:256:0130/101725.696695:ERROR:bus.cc(392)] Failed to connect to the bus: Address does not contain a colon
[229:256:0130/101725.696711:ERROR:bus.cc(392)] Failed to connect to the bus: Address does not contain a colon
[229:256:0130/101725.696723:ERROR:bus.cc(392)] Failed to connect to the bus: Address does not contain a colon
[229:256:0130/101725.696736:ERROR:bus.cc(392)] Failed to connect to the bus: Address does not contain a colon
[229:256:0130/101725.696749:ERROR:bus.cc(392)] Failed to connect to the bus: Address does not contain a colon
[229:256:0130/101725.696762:ERROR:bus.cc(392)] Failed to connect to the bus: Address does not contain a colon
[229:256:0130/101725.701735:ERROR:bus.cc(392)] Failed to connect to the bus: Address does not contain a colon
[229:256:0130/101725.701797:ERROR:bus.cc(392)] Failed to connect to the bus: Address does not contain a colon
[229:256:0130/101725.701893:ERROR:bus.cc(392)] Failed to connect to the bus: Address does not contain a colon
[229:256:0130/101725.778270:ERROR:bus.cc(392)] Failed to connect to the bus: Address does not contain a colon
[229:256:0130/101725.778321:ERROR:bus.cc(392)] Failed to connect to the bus: Address does not contain a colon
[229:229:0130/101725.874001:INFO:CONSOLE(128)] "currentLatencynow: 11.916", source: file:///home/seluser/ppt/player/dashjs/index.html (128)
[229:229:0130/101726.873870:INFO:CONSOLE(128)] "currentLatencynow: 12.451", source: file:///home/seluser/ppt/player/dashjs/index.html (128)
[229:229:0130/101727.873992:INFO:CONSOLE(128)] "currentLatencynow: 12.351", source: file:///home/seluser/ppt/player/dashjs/index.html (128)
[229:229:0130/101728.874030:INFO:CONSOLE(128)] "currentLatencynow: 12.816", source: file:///home/seluser/ppt/player/dashjs/index.html (128)
[229:229:0130/101729.873763:INFO:CONSOLE(128)] "currentLatencynow: 13.816", source: file:///home/seluser/ppt/player/dashjs/index.html (128)
[229:229:0130/101730.873994:INFO:CONSOLE(128)] "currentLatencynow: 14.816", source: file:///home/seluser/ppt/player/dashjs/index.html (128)
[229:229:0130/101731.873799:INFO:CONSOLE(128)] "currentLatencynow: 15.816", source: file:///home/seluser/ppt/player/dashjs/index.html (128)
[229:256:0130/101731.986918:ERROR:bus.cc(392)] Failed to connect to the bus: Address does not contain a colon
[229:256:0130/101731.986996:ERROR:bus.cc(392)] Failed to connect to the bus: Address does not contain a colon
[229:229:0130/101732.874021:INFO:CONSOLE(128)] "currentLatencynow: 15.809", source: file:///home/seluser/ppt/player/dashjs/index.html (128)
[229:229:0130/101733.873783:INFO:CONSOLE(128)] "currentLatencynow: 15.726", source: file:///home/seluser/ppt/player/dashjs/index.html (128)
[229:229:0130/101734.873938:INFO:CONSOLE(128)] "currentLatencynow: 15.73", source: file:///home/seluser/ppt/player/dashjs/index.html (128)
[229:229:0130/101735.873787:INFO:CONSOLE(128)] "currentLatencynow: 15.767", source: file:///home/seluser/ppt/player/dashjs/index.html (128)
[229:229:0130/101736.873906:INFO:CONSOLE(128)] "currentLatencynow: 16.767", source: file:///home/seluser/ppt/player/dashjs/index.html (128)
[229:229:0130/101737.873891:INFO:CONSOLE(128)] "currentLatencynow: 17.767", source: file:///home/seluser/ppt/player/dashjs/index.html (128)
[229:229:0130/101738.873990:INFO:CONSOLE(128)] "currentLatencynow: 18.767", source: file:///home/seluser/ppt/player/dashjs/index.html (128)
[229:229:0130/101739.873960:INFO:CONSOLE(128)] "currentLatencynow: 19.767", source: file:///home/seluser/ppt/player/dashjs/index.html (128)
[229:256:0130/101740.264122:ERROR:bus.cc(392)] Failed to connect to the bus: Address does not contain a colon
[229:256:0130/101740.264233:ERROR:bus.cc(392)] Failed to connect to the bus: Address does not contain a colon
[229:229:0130/101740.873932:INFO:CONSOLE(128)] "currentLatencynow: 20.071", source: file:///home/seluser/ppt/player/dashjs/index.html (128)
[229:229:0130/101741.874003:INFO:CONSOLE(128)] "currentLatencynow: 19.971", source: file:///home/seluser/ppt/player/dashjs/index.html (128)
[229:229:0130/101742.874016:INFO:CONSOLE(128)] "currentLatencynow: 19.871", source: file:///home/seluser/ppt/player/dashjs/index.html (128)
[229:229:0130/101743.873947:INFO:CONSOLE(128)] "currentLatencynow: 19.771", source: file:///home/seluser/ppt/player/dashjs/index.html (128)
[229:229:0130/101744.873938:INFO:CONSOLE(128)] "currentLatencynow: 19.671", source: file:///home/seluser/ppt/player/dashjs/index.html (128)
[229:229:0130/101745.874007:INFO:CONSOLE(128)] "currentLatencynow: 19.571", source: file:///home/seluser/ppt/player/dashjs/index.html (128)
[229:229:0130/101746.874248:INFO:CONSOLE(128)] "currentLatencynow: 19.471", source: file:///home/seluser/ppt/player/dashjs/index.html (128)
[229:229:0130/101747.874007:INFO:CONSOLE(128)] "currentLatencynow: 19.395", source: file:///home/seluser/ppt/player/dashjs/index.html (128)
[229:229:0130/101748.874303:INFO:CONSOLE(128)] "currentLatencynow: 19.295", source: file:///home/seluser/ppt/player/dashjs/index.html (128)
[229:229:0130/101749.873853:INFO:CONSOLE(128)] "currentLatencynow: 19.734", source: file:///home/seluser/ppt/player/dashjs/index.html (128)
[229:229:0130/101750.874129:INFO:CONSOLE(128)] "currentLatencynow: 20.734", source: file:///home/seluser/ppt/player/dashjs/index.html (128)
[229:229:0130/101751.873974:INFO:CONSOLE(128)] "currentLatencynow: 21.734", source: file:///home/seluser/ppt/player/dashjs/index.html (128)
[229:256:0130/101752.614329:ERROR:bus.cc(392)] Failed to connect to the bus: Address does not contain a colon
[229:256:0130/101752.614434:ERROR:bus.cc(392)] Failed to connect to the bus: Address does not contain a colon
[229:229:0130/101752.873880:INFO:CONSOLE(128)] "currentLatencynow: 22.371", source: file:///home/seluser/ppt/player/dashjs/index.html (128)
[229:229:0130/101753.874034:INFO:CONSOLE(128)] "currentLatencynow: 22.271", source: file:///home/seluser/ppt/player/dashjs/index.html (128)
[229:229:0130/101754.873977:INFO:CONSOLE(128)] "currentLatencynow: 22.171", source: file:///home/seluser/ppt/player/dashjs/index.html (128)
[229:229:0130/101755.873913:INFO:CONSOLE(128)] "currentLatencynow: 22.071", source: file:///home/seluser/ppt/player/dashjs/index.html (128)
[229:229:0130/101756.873882:INFO:CONSOLE(128)] "currentLatencynow: 21.971", source: file:///home/seluser/ppt/player/dashjs/index.html (128)
[229:229:0130/101757.873719:INFO:CONSOLE(128)] "currentLatencynow: 21.876", source: file:///home/seluser/ppt/player/dashjs/index.html (128)
[229:229:0130/101758.873891:INFO:CONSOLE(128)] "currentLatencynow: 21.808", source: file:///home/seluser/ppt/player/dashjs/index.html (128)
[229:229:0130/101759.873751:INFO:CONSOLE(128)] "currentLatencynow: 21.724", source: file:///home/seluser/ppt/player/dashjs/index.html (128)
[229:229:0130/101800.873840:INFO:CONSOLE(128)] "currentLatencynow: 22.676", source: file:///home/seluser/ppt/player/dashjs/index.html (128)
[229:229:0130/101801.873893:INFO:CONSOLE(128)] "currentLatencynow: 23.676", source: file:///home/seluser/ppt/player/dashjs/index.html (128)
[229:256:0130/101802.561405:ERROR:bus.cc(392)] Failed to connect to the bus: Address does not contain a colon
[229:256:0130/101802.561472:ERROR:bus.cc(392)] Failed to connect to the bus: Address does not contain a colon
[229:229:0130/101802.873879:INFO:CONSOLE(128)] "currentLatencynow: 24.305", source: file:///home/seluser/ppt/player/dashjs/index.html (128)
[229:229:0130/101803.873871:INFO:CONSOLE(128)] "currentLatencynow: 24.217", source: file:///home/seluser/ppt/player/dashjs/index.html (128)
[229:229:0130/101804.873976:INFO:CONSOLE(128)] "currentLatencynow: 24.117", source: file:///home/seluser/ppt/player/dashjs/index.html (128)
[229:229:0130/101805.873910:INFO:CONSOLE(128)] "currentLatencynow: 24.017", source: file:///home/seluser/ppt/player/dashjs/index.html (128)
[229:229:0130/101806.873910:INFO:CONSOLE(128)] "currentLatencynow: 23.917", source: file:///home/seluser/ppt/player/dashjs/index.html (128)
[229:229:0130/101807.873753:INFO:CONSOLE(128)] "currentLatencynow: 23.817", source: file:///home/seluser/ppt/player/dashjs/index.html (128)
[229:229:0130/101808.874074:INFO:CONSOLE(128)] "currentLatencynow: 23.741", source: file:///home/seluser/ppt/player/dashjs/index.html (128)
[229:229:0130/101809.873894:INFO:CONSOLE(128)] "currentLatencynow: 23.652", source: file:///home/seluser/ppt/player/dashjs/index.html (128)
[229:229:0130/101810.874239:INFO:CONSOLE(128)] "currentLatencynow: 24.62", source: file:///home/seluser/ppt/player/dashjs/index.html (128)
[229:229:0130/101811.874055:INFO:CONSOLE(128)] "currentLatencynow: 25.62", source: file:///home/seluser/ppt/player/dashjs/index.html (128)
[229:256:0130/101812.708680:ERROR:bus.cc(392)] Failed to connect to the bus: Address does not contain a colon
[229:256:0130/101812.708796:ERROR:bus.cc(392)] Failed to connect to the bus: Address does not contain a colon
[229:229:0130/101812.873858:INFO:CONSOLE(128)] "currentLatencynow: 26.422", source: file:///home/seluser/ppt/player/dashjs/index.html (128)
[229:229:0130/101813.873894:INFO:CONSOLE(128)] "currentLatencynow: 26.358", source: file:///home/seluser/ppt/player/dashjs/index.html (128)
[229:229:0130/101814.874055:INFO:CONSOLE(128)] "currentLatencynow: 26.258", source: file:///home/seluser/ppt/player/dashjs/index.html (128)
[229:229:0130/101815.874249:INFO:CONSOLE(128)] "currentLatencynow: 26.158", source: file:///home/seluser/ppt/player/dashjs/index.html (128)
[229:229:0130/101816.873884:INFO:CONSOLE(128)] "currentLatencynow: 26.058", source: file:///home/seluser/ppt/player/dashjs/index.html (128)
[229:229:0130/101817.873890:INFO:CONSOLE(128)] "currentLatencynow: 25.958", source: file:///home/seluser/ppt/player/dashjs/index.html (128)
[229:229:0130/101818.873897:INFO:CONSOLE(128)] "currentLatencynow: 25.946", source: file:///home/seluser/ppt/player/dashjs/index.html (128)
[229:229:0130/101819.873937:INFO:CONSOLE(128)] "currentLatencynow: 25.946", source: file:///home/seluser/ppt/player/dashjs/index.html (128)
[229:229:0130/101820.873972:INFO:CONSOLE(128)] "currentLatencynow: 26.61", source: file:///home/seluser/ppt/player/dashjs/index.html (128)
[229:229:0130/101821.874070:INFO:CONSOLE(128)] "currentLatencynow: 27.61", source: file:///home/seluser/ppt/player/dashjs/index.html (128)
[229:229:0130/101822.873761:INFO:CONSOLE(128)] "currentLatencynow: 28.61", source: file:///home/seluser/ppt/player/dashjs/index.html (128)
[229:256:0130/101823.124139:ERROR:bus.cc(392)] Failed to connect to the bus: Address does not contain a colon
[229:256:0130/101823.124217:ERROR:bus.cc(392)] Failed to connect to the bus: Address does not contain a colon
[229:229:0130/101823.874316:INFO:CONSOLE(128)] "currentLatencynow: 28.752", source: file:///home/seluser/ppt/player/dashjs/index.html (128)
[229:229:0130/101824.873921:INFO:CONSOLE(128)] "currentLatencynow: 28.652", source: file:///home/seluser/ppt/player/dashjs/index.html (128)
[229:229:0130/101825.873810:INFO:CONSOLE(128)] "currentLatencynow: 28.552", source: file:///home/seluser/ppt/player/dashjs/index.html (128)
[229:229:0130/101826.874156:INFO:CONSOLE(128)] "currentLatencynow: 28.452", source: file:///home/seluser/ppt/player/dashjs/index.html (128)
[229:229:0130/101827.873933:INFO:CONSOLE(128)] "currentLatencynow: 28.352", source: file:///home/seluser/ppt/player/dashjs/index.html (128)
[229:229:0130/101828.873912:INFO:CONSOLE(128)] "currentLatencynow: 28.275", source: file:///home/seluser/ppt/player/dashjs/index.html (128)
[229:229:0130/101829.873890:INFO:CONSOLE(128)] "currentLatencynow: 28.175", source: file:///home/seluser/ppt/player/dashjs/index.html (128)
[229:229:0130/101830.873948:INFO:CONSOLE(128)] "currentLatencynow: 28.533", source: file:///home/seluser/ppt/player/dashjs/index.html (128)
[229:229:0130/101831.873966:INFO:CONSOLE(128)] "currentLatencynow: 29.533", source: file:///home/seluser/ppt/player/dashjs/index.html (128)
[229:256:0130/101832.671314:ERROR:bus.cc(392)] Failed to connect to the bus: Address does not contain a colon
[229:256:0130/101832.671382:ERROR:bus.cc(392)] Failed to connect to the bus: Address does not contain a colon
[229:229:0130/101832.874073:INFO:CONSOLE(128)] "currentLatencynow: 30.09", source: file:///home/seluser/ppt/player/dashjs/index.html (128)
[229:229:0130/101833.873958:INFO:CONSOLE(128)] "currentLatencynow: 30.09", source: file:///home/seluser/ppt/player/dashjs/index.html (128)
[229:229:0130/101834.873933:INFO:CONSOLE(128)] "currentLatencynow: 30.474", source: file:///home/seluser/ppt/player/dashjs/index.html (128)
[229:229:0130/101835.874013:INFO:CONSOLE(128)] "currentLatencynow: 31.474", source: file:///home/seluser/ppt/player/dashjs/index.html (128)
[229:229:0130/101836.873909:INFO:CONSOLE(128)] "currentLatencynow: 32.474", source: file:///home/seluser/ppt/player/dashjs/index.html (128)
[229:229:0130/101837.873993:INFO:CONSOLE(128)] "currentLatencynow: 33.474", source: file:///home/seluser/ppt/player/dashjs/index.html (128)
[229:229:0130/101838.874064:INFO:CONSOLE(128)] "currentLatencynow: 34.474", source: file:///home/seluser/ppt/player/dashjs/index.html (128)
[229:229:0130/101839.873940:INFO:CONSOLE(128)] "currentLatencynow: 35.474", source: file:///home/seluser/ppt/player/dashjs/index.html (128)
[229:229:0130/101840.873927:INFO:CONSOLE(128)] "currentLatencynow: 36.474", source: file:///home/seluser/ppt/player/dashjs/index.html (128)
[229:229:0130/101841.874177:INFO:CONSOLE(128)] "currentLatencynow: 37.474", source: file:///home/seluser/ppt/player/dashjs/index.html (128)
[229:229:0130/101842.874027:INFO:CONSOLE(128)] "currentLatencynow: 38.474", source: file:///home/seluser/ppt/player/dashjs/index.html (128)
[229:229:0130/101843.874058:INFO:CONSOLE(128)] "currentLatencynow: 39.474", source: file:///home/seluser/ppt/player/dashjs/index.html (128)
[229:229:0130/101844.873882:INFO:CONSOLE(128)] "currentLatencynow: 40.474", source: file:///home/seluser/ppt/player/dashjs/index.html (128)
[229:229:0130/101845.873899:INFO:CONSOLE(128)] "currentLatencynow: 41.474", source: file:///home/seluser/ppt/player/dashjs/index.html (128)
[229:229:0130/101846.873939:INFO:CONSOLE(128)] "currentLatencynow: 42.474", source: file:///home/seluser/ppt/player/dashjs/index.html (128)
[229:229:0130/101847.873937:INFO:CONSOLE(128)] "currentLatencynow: 43.474", source: file:///home/seluser/ppt/player/dashjs/index.html (128)
[229:229:0130/101848.874057:INFO:CONSOLE(128)] "currentLatencynow: 44.474", source: file:///home/seluser/ppt/player/dashjs/index.html (128)
[229:229:0130/101849.873939:INFO:CONSOLE(128)] "currentLatencynow: 45.474", source: file:///home/seluser/ppt/player/dashjs/index.html (128)
[229:229:0130/101850.873885:INFO:CONSOLE(128)] "currentLatencynow: 46.474", source: file:///home/seluser/ppt/player/dashjs/index.html (128)
[229:229:0130/101851.874060:INFO:CONSOLE(128)] "currentLatencynow: 47.474", source: file:///home/seluser/ppt/player/dashjs/index.html (128)
[229:229:0130/101852.874040:INFO:CONSOLE(128)] "currentLatencynow: 48.474", source: file:///home/seluser/ppt/player/dashjs/index.html (128)
[229:229:0130/101853.874050:INFO:CONSOLE(128)] "currentLatencynow: 49.474", source: file:///home/seluser/ppt/player/dashjs/index.html (128)
[229:229:0130/101854.874097:INFO:CONSOLE(128)] "currentLatencynow: 50.474", source: file:///home/seluser/ppt/player/dashjs/index.html (128)
[229:229:0130/101855.874064:INFO:CONSOLE(128)] "currentLatencynow: 51.474", source: file:///home/seluser/ppt/player/dashjs/index.html (128)
[229:229:0130/101856.873888:INFO:CONSOLE(128)] "currentLatencynow: 52.474", source: file:///home/seluser/ppt/player/dashjs/index.html (128)
[229:229:0130/101857.874080:INFO:CONSOLE(128)] "currentLatencynow: 53.474", source: file:///home/seluser/ppt/player/dashjs/index.html (128)
[229:229:0130/101858.873989:INFO:CONSOLE(128)] "currentLatencynow: 54.474", source: file:///home/seluser/ppt/player/dashjs/index.html (128)
[229:229:0130/101859.874138:INFO:CONSOLE(128)] "currentLatencynow: 55.474", source: file:///home/seluser/ppt/player/dashjs/index.html (128)
[229:229:0130/101900.874107:INFO:CONSOLE(128)] "currentLatencynow: 56.474", source: file:///home/seluser/ppt/player/dashjs/index.html (128)
[229:229:0130/101901.873956:INFO:CONSOLE(128)] "currentLatencynow: 57.474", source: file:///home/seluser/ppt/player/dashjs/index.html (128)
[229:229:0130/101902.873979:INFO:CONSOLE(128)] "currentLatencynow: 58.474", source: file:///home/seluser/ppt/player/dashjs/index.html (128)
[229:229:0130/101903.873951:INFO:CONSOLE(128)] "currentLatencynow: 59.474", source: file:///home/seluser/ppt/player/dashjs/index.html (128)
[229:229:0130/101904.874034:INFO:CONSOLE(128)] "currentLatencynow: 60.474", source: file:///home/seluser/ppt/player/dashjs/index.html (128)
[229:229:0130/101905.874029:INFO:CONSOLE(128)] "currentLatencynow: 61.474", source: file:///home/seluser/ppt/player/dashjs/index.html (128)
[229:229:0130/101906.874114:INFO:CONSOLE(128)] "currentLatencynow: 62.474", source: file:///home/seluser/ppt/player/dashjs/index.html (128)
[229:229:0130/101907.873999:INFO:CONSOLE(128)] "currentLatencynow: 63.474", source: file:///home/seluser/ppt/player/dashjs/index.html (128)
[229:229:0130/101908.874015:INFO:CONSOLE(128)] "currentLatencynow: 64.474", source: file:///home/seluser/ppt/player/dashjs/index.html (128)
[229:229:0130/101909.874000:INFO:CONSOLE(128)] "currentLatencynow: 65.474", source: file:///home/seluser/ppt/player/dashjs/index.html (128)
[229:229:0130/101910.873913:INFO:CONSOLE(128)] "currentLatencynow: 66.474", source: file:///home/seluser/ppt/player/dashjs/index.html (128)
[229:229:0130/101911.874063:INFO:CONSOLE(128)] "currentLatencynow: 67.474", source: file:///home/seluser/ppt/player/dashjs/index.html (128)
[229:229:0130/101912.874037:INFO:CONSOLE(128)] "currentLatencynow: 68.474", source: file:///home/seluser/ppt/player/dashjs/index.html (128)
[229:229:0130/101913.874053:INFO:CONSOLE(128)] "currentLatencynow: 69.474", source: file:///home/seluser/ppt/player/dashjs/index.html (128)
[229:229:0130/101914.874131:INFO:CONSOLE(128)] "currentLatencynow: 70.474", source: file:///home/seluser/ppt/player/dashjs/index.html (128)
[229:229:0130/101915.874898:INFO:CONSOLE(128)] "currentLatencynow: 71.474", source: file:///home/seluser/ppt/player/dashjs/index.html (128)
[229:229:0130/101916.874024:INFO:CONSOLE(114)] "Begin Player stistics 
", source: file:///home/seluser/ppt/player/dashjs/index.html (114)
[229:229:0130/101916.874454:INFO:CONSOLE(115)] "["stall",[["2.49","8.98",6.49]],[["9.22","9.47",0.25]],[["11.66","11.91",0.25]],[["17.10","17.35",0.25]],[["19.12","19.37",0.25]],[["32.67","32.92",0.25]],[["43.21","43.46",0.25]],[["53.19","53.44",0.25]],[["63.50","63.75",0.25]],[["73.76","74.01",0.25]],[["75.90","75.90",0]],[["availibleBW",[null],[null],[null],[null],[null],[null],[null],[null],[372],[372],[372],[372],[681],[681],[681],[784],[784],[835],[835],[835],[990],[990],[990],[1113],[1113],[1234],[1234],[1234],[1355],[1355],[1495],[1495],[1842],[1842],[1842],[1961],[1961],[2211],[2211],[2211],[2372],[2372],[2528],[2528],[2528],[2687],[2687],[2687],[2841],[2841],[3004],[3004],[3004],[3156],[3156],[3156],[3296],[3296],[3453],[3453],[3453],[3593],[3593],[3745],[3745],[3915],[3915],[3915],[4059],[4059],[4059],[4222],[4222],[4386],[4386],[4386],[4386],[4386],[4386],[4386],[4386],[4386],[4386],[4386],[4386],[4386],[4386],[4386],[4386],[4386],[4386],[4386],[4386],[4386],[4386],[4386],[4386],[4386],[4386],[4386],[4386],[4386],[4386],[4386],[4386],[4386],[4386],[4386],[4386],[4386],[4386],[4386],[4386],[4386],[4386],[4386],[4386],[4386],[4386]]],[["currentBuffer",[0],[0],[0],[0],[0],[0],[0],[0],[0.26],[0],[0],[0],[0.055],[0.055],[0.055],[1.054],[0.03],[1.037],[0.01],[0.01],[2.012],[2.012],[2.012],[3.359],[2.259],[3.161],[2.061],[0.961],[1.863],[0.763],[1.688],[0.588],[1.989],[1.989],[1.989],[3.64],[2.793],[3.695],[2.562],[1.495],[2.254],[1.333],[1.998],[1.939],[1.939],[3.677],[2.704],[1.604],[2.351],[1.406],[2.308],[1.231],[0.131],[1.891],[1.891],[1.754],[2.87],[1.77],[2.672],[1.572],[0.472],[1.441],[0.441],[1.889],[1.889],[3.891],[3.212],[2.112],[2.928],[1.914],[0.814],[1.74],[0.64],[1.82],[1.82],[1.387],[0.387],[0],[0],[0],[0],[0],[0],[0],[0],[0],[0],[0],[0],[0],[0],[0],[0],[0],[0],[0],[0],[0],[0],[0],[0],[0],[0],[0],[0],[0],[0],[0],[0],[0],[0],[0],[0],[0],[0],[0],[0],[0],[0]]],[["currentLatency",[0],[0],[6.023],[7.023],[8.023],[9.023],[10.023],[11.023],[11.916],[12.451],[12.351],[12.816],[13.816],[14.816],[15.816],[15.809],[15.726],[15.73],[15.767],[16.767],[17.767],[18.767],[19.767],[20.071],[19.971],[19.871],[19.771],[19.671],[19.571],[19.471],[19.395],[19.295],[19.734],[20.734],[21.734],[22.371],[22.271],[22.171],[22.071],[21.971],[21.876],[21.808],[21.724],[22.676],[23.676],[24.305],[24.217],[24.117],[24.017],[23.917],[23.817],[23.741],[23.652],[24.62],[25.62],[26.422],[26.358],[26.258],[26.158],[26.058],[25.958],[25.946],[25.946],[26.61],[27.61],[28.61],[28.752],[28.652],[28.552],[28.452],[28.352],[28.275],[28.175],[28.533],[29.533],[30.09],[30.09],[30.474],[31.474],[32.474],[33.474],[34.474],[35.474],[36.474],[37.474],[38.474],[39.474],[40.474],[41.474],[42.474],[43.474],[44.474],[45.474],[46.474],[47.474],[48.474],[49.474],[50.474],[51.474],[52.474],[53.474],[54.474],[55.474],[56.474],[57.474],[58.474],[59.474],[60.474],[61.474],[62.474],[63.474],[64.474],[65.474],[66.474],[67.474],[68.474],[69.474],[70.474],[71.474]]]]", source: file:///home/seluser/ppt/player/dashjs/index.html (115)
[229:229:0130/101916.874708:INFO:CONSOLE(116)] "
", source: file:///home/seluser/ppt/player/dashjs/index.html (116)
[229:229:0130/101916.874816:INFO:CONSOLE(117)] "Finish Player stistics 
", source: file:///home/seluser/ppt/player/dashjs/index.html (117)
[229:229:0130/101916.874869:INFO:CONSOLE(128)] "currentLatencynow: 72.475", source: file:///home/seluser/ppt/player/dashjs/index.html (128)
[229:229:0130/101917.874109:INFO:CONSOLE(128)] "currentLatencynow: 73.474", source: file:///home/seluser/ppt/player/dashjs/index.html (128)
[229:229:0130/101918.874207:INFO:CONSOLE(128)] "currentLatencynow: 74.474", source: file:///home/seluser/ppt/player/dashjs/index.html (128)
[229:229:0130/101919.874014:INFO:CONSOLE(128)] "currentLatencynow: 75.474", source: file:///home/seluser/ppt/player/dashjs/index.html (128)
[229:229:0130/101920.873931:INFO:CONSOLE(128)] "currentLatencynow: 76.474", source: file:///home/seluser/ppt/player/dashjs/index.html (128)
[229:229:0130/101921.874035:INFO:CONSOLE(128)] "currentLatencynow: 77.474", source: file:///home/seluser/ppt/player/dashjs/index.html (128)
[229:229:0130/101922.873879:INFO:CONSOLE(128)] "currentLatencynow: 78.474", source: file:///home/seluser/ppt/player/dashjs/index.html (128)
[229:229:0130/101923.874074:INFO:CONSOLE(128)] "currentLatencynow: 79.474", source: file:///home/seluser/ppt/player/dashjs/index.html (128)
[229:229:0130/101924.874009:INFO:CONSOLE(128)] "currentLatencynow: 80.474", source: file:///home/seluser/ppt/player/dashjs/index.html (128)
[229:229:0130/101925.874020:INFO:CONSOLE(128)] "currentLatencynow: 81.474", source: file:///home/seluser/ppt/player/dashjs/index.html (128)
[229:229:0130/101926.873989:INFO:CONSOLE(128)] "currentLatencynow: 82.474", source: file:///home/seluser/ppt/player/dashjs/index.html (128)
[229:229:0130/101927.873902:INFO:CONSOLE(128)] "currentLatencynow: 83.474", source: file:///home/seluser/ppt/player/dashjs/index.html (128)
[229:229:0130/101928.873947:INFO:CONSOLE(128)] "currentLatencynow: 84.474", source: file:///home/seluser/ppt/player/dashjs/index.html (128)
[229:229:0130/101929.874008:INFO:CONSOLE(128)] "currentLatencynow: 85.474", source: file:///home/seluser/ppt/player/dashjs/index.html (128)
[229:229:0130/101930.874149:INFO:CONSOLE(128)] "currentLatencynow: 86.474", source: file:///home/seluser/ppt/player/dashjs/index.html (128)
[229:229:0130/101931.874005:INFO:CONSOLE(128)] "currentLatencynow: 87.474", source: file:///home/seluser/ppt/player/dashjs/index.html (128)
[229:229:0130/101932.874009:INFO:CONSOLE(128)] "currentLatencynow: 88.474", source: file:///home/seluser/ppt/player/dashjs/index.html (128)
[229:229:0130/101933.873953:INFO:CONSOLE(128)] "currentLatencynow: 89.474", source: file:///home/seluser/ppt/player/dashjs/index.html (128)
[229:229:0130/101934.873885:INFO:CONSOLE(128)] "currentLatencynow: 90.474", source: file:///home/seluser/ppt/player/dashjs/index.html (128)
[229:229:0130/101935.873939:INFO:CONSOLE(128)] "currentLatencynow: 91.474", source: file:///home/seluser/ppt/player/dashjs/index.html (128)
[229:229:0130/101936.873879:INFO:CONSOLE(128)] "currentLatencynow: 92.474", source: file:///home/seluser/ppt/player/dashjs/index.html (128)
[229:229:0130/101937.873884:INFO:CONSOLE(128)] "currentLatencynow: 93.474", source: file:///home/seluser/ppt/player/dashjs/index.html (128)
[229:229:0130/101938.873892:INFO:CONSOLE(128)] "currentLatencynow: 94.474", source: file:///home/seluser/ppt/player/dashjs/index.html (128)
[229:229:0130/101939.873874:INFO:CONSOLE(128)] "currentLatencynow: 95.474", source: file:///home/seluser/ppt/player/dashjs/index.html (128)
[229:229:0130/101940.873884:INFO:CONSOLE(128)] "currentLatencynow: 96.474", source: file:///home/seluser/ppt/player/dashjs/index.html (128)
[229:229:0130/101941.873879:INFO:CONSOLE(128)] "currentLatencynow: 97.474", source: file:///home/seluser/ppt/player/dashjs/index.html (128)
[229:229:0130/101942.873995:INFO:CONSOLE(128)] "currentLatencynow: 98.474", source: file:///home/seluser/ppt/player/dashjs/index.html (128)
[229:229:0130/101943.873880:INFO:CONSOLE(128)] "currentLatencynow: 99.474", source: file:///home/seluser/ppt/player/dashjs/index.html (128)
[229:229:0130/101944.873970:INFO:CONSOLE(128)] "currentLatencynow: 100.474", source: file:///home/seluser/ppt/player/dashjs/index.html (128)
[229:229:0130/101945.873957:INFO:CONSOLE(128)] "currentLatencynow: 101.474", source: file:///home/seluser/ppt/player/dashjs/index.html (128)
[229:229:0130/101946.873899:INFO:CONSOLE(128)] "currentLatencynow: 102.474", source: file:///home/seluser/ppt/player/dashjs/index.html (128)
[229:229:0130/101947.873978:INFO:CONSOLE(128)] "currentLatencynow: 103.474", source: file:///home/seluser/ppt/player/dashjs/index.html (128)
[229:229:0130/101948.873954:INFO:CONSOLE(128)] "currentLatencynow: 104.474", source: file:///home/seluser/ppt/player/dashjs/index.html (128)
[229:229:0130/101949.873977:INFO:CONSOLE(128)] "currentLatencynow: 105.474", source: file:///home/seluser/ppt/player/dashjs/index.html (128)
[229:229:0130/101950.873971:INFO:CONSOLE(128)] "currentLatencynow: 106.474", source: file:///home/seluser/ppt/player/dashjs/index.html (128)
[229:229:0130/101951.873980:INFO:CONSOLE(128)] "currentLatencynow: 107.474", source: file:///home/seluser/ppt/player/dashjs/index.html (128)
[229:229:0130/101952.873978:INFO:CONSOLE(128)] "currentLatencynow: 108.474", source: file:///home/seluser/ppt/player/dashjs/index.html (128)
[229:229:0130/101953.873996:INFO:CONSOLE(128)] "currentLatencynow: 109.474", source: file:///home/seluser/ppt/player/dashjs/index.html (128)
[229:229:0130/101954.873957:INFO:CONSOLE(128)] "currentLatencynow: 110.474", source: file:///home/seluser/ppt/player/dashjs/index.html (128)
[229:229:0130/101955.873974:INFO:CONSOLE(128)] "currentLatencynow: 111.474", source: file:///home/seluser/ppt/player/dashjs/index.html (128)
[229:229:0130/101956.873989:INFO:CONSOLE(128)] "currentLatencynow: 112.474", source: file:///home/seluser/ppt/player/dashjs/index.html (128)
[229:229:0130/101957.873990:INFO:CONSOLE(128)] "currentLatencynow: 113.474", source: file:///home/seluser/ppt/player/dashjs/index.html (128)
[229:229:0130/101958.873976:INFO:CONSOLE(128)] "currentLatencynow: 114.474", source: file:///home/seluser/ppt/player/dashjs/index.html (128)
[229:229:0130/101959.873991:INFO:CONSOLE(128)] "currentLatencynow: 115.474", source: file:///home/seluser/ppt/player/dashjs/index.html (128)
[229:229:0130/102000.873946:INFO:CONSOLE(128)] "currentLatencynow: 116.474", source: file:///home/seluser/ppt/player/dashjs/index.html (128)
[229:229:0130/102001.873951:INFO:CONSOLE(128)] "currentLatencynow: 117.474", source: file:///home/seluser/ppt/player/dashjs/index.html (128)
[229:229:0130/102002.873738:INFO:CONSOLE(128)] "currentLatencynow: 118.474", source: file:///home/seluser/ppt/player/dashjs/index.html (128)
[229:229:0130/102003.873975:INFO:CONSOLE(128)] "currentLatencynow: 119.474", source: file:///home/seluser/ppt/player/dashjs/index.html (128)
[229:229:0130/102004.873972:INFO:CONSOLE(128)] "currentLatencynow: 120.474", source: file:///home/seluser/ppt/player/dashjs/index.html (128)
[229:229:0130/102005.873975:INFO:CONSOLE(128)] "currentLatencynow: 121.474", source: file:///home/seluser/ppt/player/dashjs/index.html (128)
[229:229:0130/102006.873997:INFO:CONSOLE(128)] "currentLatencynow: 122.474", source: file:///home/seluser/ppt/player/dashjs/index.html (128)
[229:229:0130/102007.873983:INFO:CONSOLE(128)] "currentLatencynow: 123.474", source: file:///home/seluser/ppt/player/dashjs/index.html (128)
[229:229:0130/102008.873946:INFO:CONSOLE(128)] "currentLatencynow: 124.474", source: file:///home/seluser/ppt/player/dashjs/index.html (128)
[229:229:0130/102009.873970:INFO:CONSOLE(128)] "currentLatencynow: 125.474", source: file:///home/seluser/ppt/player/dashjs/index.html (128)
[229:229:0130/102010.873951:INFO:CONSOLE(128)] "currentLatencynow: 126.474", source: file:///home/seluser/ppt/player/dashjs/index.html (128)
[229:229:0130/102011.873970:INFO:CONSOLE(128)] "currentLatencynow: 127.474", source: file:///home/seluser/ppt/player/dashjs/index.html (128)
[229:229:0130/102012.873975:INFO:CONSOLE(128)] "currentLatencynow: 128.474", source: file:///home/seluser/ppt/player/dashjs/index.html (128)
[229:229:0130/102013.873967:INFO:CONSOLE(128)] "currentLatencynow: 129.474", source: file:///home/seluser/ppt/player/dashjs/index.html (128)
[229:229:0130/102014.873972:INFO:CONSOLE(128)] "currentLatencynow: 130.474", source: file:///home/seluser/ppt/player/dashjs/index.html (128)
[229:229:0130/102015.874096:INFO:CONSOLE(128)] "currentLatencynow: 131.474", source: file:///home/seluser/ppt/player/dashjs/index.html (128)
[229:229:0130/102016.874068:INFO:CONSOLE(128)] "currentLatencynow: 132.474", source: file:///home/seluser/ppt/player/dashjs/index.html (128)
