[230:294:0130/101716.785225:ERROR:bus.cc(392)] Failed to connect to the bus: Failed to connect to socket /var/run/dbus/system_bus_socket: No such file or directory
[230:257:0130/101716.787288:ERROR:bus.cc(392)] Failed to connect to the bus: Address does not contain a colon
[230:257:0130/101716.787351:ERROR:bus.cc(392)] Failed to connect to the bus: Address does not contain a colon
[230:257:0130/101716.800461:ERROR:bus.cc(392)] Failed to connect to the bus: Address does not contain a colon
[230:257:0130/101716.800525:ERROR:bus.cc(392)] Failed to connect to the bus: Address does not contain a colon
[300:300:0130/101716.801637:ERROR:gpu_init.cc(453)] Passthrough is not supported, GL is swiftshader, ANGLE is 
[230:257:0130/101716.826316:ERROR:bus.cc(392)] Failed to connect to the bus: Address does not contain a colon
[230:257:0130/101716.826365:ERROR:bus.cc(392)] Failed to connect to the bus: Address does not contain a colon
[230:393:0130/101716.888821:ERROR:bus.cc(392)] Failed to connect to the bus: Failed to connect to socket /var/run/dbus/system_bus_socket: No such file or directory
[230:393:0130/101716.888911:ERROR:bus.cc(392)] Failed to connect to the bus: Failed to connect to socket /var/run/dbus/system_bus_socket: No such file or directory
[230:393:0130/101716.888975:ERROR:bus.cc(392)] Failed to connect to the bus: Failed to connect to socket /var/run/dbus/system_bus_socket: No such file or directory
[230:393:0130/101716.888991:WARNING:property.cc(144)] DaemonVersion: GetAndBlock: failed.
[230:393:0130/101716.889038:ERROR:bus.cc(392)] Failed to connect to the bus: Failed to connect to socket /var/run/dbus/system_bus_socket: No such file or directory
[230:393:0130/101716.889083:ERROR:bus.cc(392)] Failed to connect to the bus: Failed to connect to socket /var/run/dbus/system_bus_socket: No such file or directory
[230:230:0130/101718.148603:INFO:CONSOLE(128)] "currentLatencynow: NaN", source: file:///home/seluser/ppt/player/dashjs/index.html (128)
[230:250:0130/101719.093359:ERROR:chrome_browser_main_extra_parts_metrics.cc(228)] crbug.com/1216328: Checking Bluetooth availability started. Please report if there is no report that this ends.
[230:250:0130/101719.093408:ERROR:chrome_browser_main_extra_parts_metrics.cc(231)] crbug.com/1216328: Checking Bluetooth availability ended.
[230:250:0130/101719.093421:ERROR:chrome_browser_main_extra_parts_metrics.cc(234)] crbug.com/1216328: Checking default browser status started. Please report if there is no report that this ends.
[230:230:0130/101719.154072:INFO:CONSOLE(128)] "currentLatencynow: 0", source: file:///home/seluser/ppt/player/dashjs/index.html (128)
[230:250:0130/101719.257506:ERROR:chrome_browser_main_extra_parts_metrics.cc(238)] crbug.com/1216328: Checking default browser status ended.
[230:230:0130/101720.147979:INFO:CONSOLE(128)] "currentLatencynow: 0", source: file:///home/seluser/ppt/player/dashjs/index.html (128)
[638:638:0130/101721.092746:WARNING:audio_manager_linux.cc(69)] Falling back to ALSA for audio output. PulseAudio is not available or could not be initialized.
[638:638:0130/101721.099318:ERROR:alsa_util.cc(204)] PcmOpen: default,No such file or directory
[638:638:0130/101721.099423:ERROR:alsa_util.cc(204)] PcmOpen: plug:default,No such file or directory
[230:230:0130/101721.148154:INFO:CONSOLE(128)] "currentLatencynow: 6.167", source: file:///home/seluser/ppt/player/dashjs/index.html (128)
[230:230:0130/101722.147903:INFO:CONSOLE(128)] "currentLatencynow: 7.167", source: file:///home/seluser/ppt/player/dashjs/index.html (128)
[230:230:0130/101723.148191:INFO:CONSOLE(128)] "currentLatencynow: 8.167", source: file:///home/seluser/ppt/player/dashjs/index.html (128)
[230:230:0130/101724.148126:INFO:CONSOLE(128)] "currentLatencynow: 9.167", source: file:///home/seluser/ppt/player/dashjs/index.html (128)
[230:230:0130/101725.148135:INFO:CONSOLE(128)] "currentLatencynow: 10.167", source: file:///home/seluser/ppt/player/dashjs/index.html (128)
[230:257:0130/101726.061161:ERROR:bus.cc(392)] Failed to connect to the bus: Address does not contain a colon
[230:257:0130/101726.061286:ERROR:bus.cc(392)] Failed to connect to the bus: Address does not contain a colon
[230:257:0130/101726.061359:ERROR:bus.cc(392)] Failed to connect to the bus: Address does not contain a colon
[230:257:0130/101726.061405:ERROR:bus.cc(392)] Failed to connect to the bus: Address does not contain a colon
[230:257:0130/101726.061447:ERROR:bus.cc(392)] Failed to connect to the bus: Address does not contain a colon
[230:257:0130/101726.061474:ERROR:bus.cc(392)] Failed to connect to the bus: Address does not contain a colon
[230:257:0130/101726.061495:ERROR:bus.cc(392)] Failed to connect to the bus: Address does not contain a colon
[230:257:0130/101726.061521:ERROR:bus.cc(392)] Failed to connect to the bus: Address does not contain a colon
[230:257:0130/101726.061538:ERROR:bus.cc(392)] Failed to connect to the bus: Address does not contain a colon
[230:257:0130/101726.061563:ERROR:bus.cc(392)] Failed to connect to the bus: Address does not contain a colon
[230:257:0130/101726.061589:ERROR:bus.cc(392)] Failed to connect to the bus: Address does not contain a colon
[230:257:0130/101726.061629:ERROR:bus.cc(392)] Failed to connect to the bus: Address does not contain a colon
[230:257:0130/101726.061668:ERROR:bus.cc(392)] Failed to connect to the bus: Address does not contain a colon
[230:257:0130/101726.061708:ERROR:bus.cc(392)] Failed to connect to the bus: Address does not contain a colon
[230:257:0130/101726.065641:ERROR:bus.cc(392)] Failed to connect to the bus: Address does not contain a colon
[230:257:0130/101726.065689:ERROR:bus.cc(392)] Failed to connect to the bus: Address does not contain a colon
[230:257:0130/101726.065717:ERROR:bus.cc(392)] Failed to connect to the bus: Address does not contain a colon
[230:257:0130/101726.107387:ERROR:bus.cc(392)] Failed to connect to the bus: Address does not contain a colon
[230:257:0130/101726.107448:ERROR:bus.cc(392)] Failed to connect to the bus: Address does not contain a colon
[230:230:0130/101726.147853:INFO:CONSOLE(128)] "currentLatencynow: 11.149", source: file:///home/seluser/ppt/player/dashjs/index.html (128)
[230:230:0130/101727.147819:INFO:CONSOLE(128)] "currentLatencynow: 11.089", source: file:///home/seluser/ppt/player/dashjs/index.html (128)
[230:230:0130/101728.148036:INFO:CONSOLE(128)] "currentLatencynow: 12.089", source: file:///home/seluser/ppt/player/dashjs/index.html (128)
[230:230:0130/101729.147782:INFO:CONSOLE(128)] "currentLatencynow: 12.727", source: file:///home/seluser/ppt/player/dashjs/index.html (128)
[230:230:0130/101730.147934:INFO:CONSOLE(128)] "currentLatencynow: 12.627", source: file:///home/seluser/ppt/player/dashjs/index.html (128)
[230:230:0130/101731.147722:INFO:CONSOLE(128)] "currentLatencynow: 13.089", source: file:///home/seluser/ppt/player/dashjs/index.html (128)
[230:230:0130/101732.147745:INFO:CONSOLE(128)] "currentLatencynow: 13.353", source: file:///home/seluser/ppt/player/dashjs/index.html (128)
[230:230:0130/101733.147772:INFO:CONSOLE(128)] "currentLatencynow: 13.255", source: file:///home/seluser/ppt/player/dashjs/index.html (128)
[230:230:0130/101734.147934:INFO:CONSOLE(128)] "currentLatencynow: 14.026", source: file:///home/seluser/ppt/player/dashjs/index.html (128)
[230:230:0130/101735.147802:INFO:CONSOLE(128)] "currentLatencynow: 14.041", source: file:///home/seluser/ppt/player/dashjs/index.html (128)
[230:230:0130/101736.147862:INFO:CONSOLE(128)] "currentLatencynow: 14.041", source: file:///home/seluser/ppt/player/dashjs/index.html (128)
[230:230:0130/101737.147822:INFO:CONSOLE(128)] "currentLatencynow: 15.005", source: file:///home/seluser/ppt/player/dashjs/index.html (128)
[230:230:0130/101738.147990:INFO:CONSOLE(128)] "currentLatencynow: 16.005", source: file:///home/seluser/ppt/player/dashjs/index.html (128)
[230:230:0130/101739.147856:INFO:CONSOLE(128)] "currentLatencynow: 17.005", source: file:///home/seluser/ppt/player/dashjs/index.html (128)
[230:257:0130/101739.257779:ERROR:bus.cc(392)] Failed to connect to the bus: Address does not contain a colon
[230:257:0130/101739.257914:ERROR:bus.cc(392)] Failed to connect to the bus: Address does not contain a colon
[230:230:0130/101740.147981:INFO:CONSOLE(128)] "currentLatencynow: 16.991", source: file:///home/seluser/ppt/player/dashjs/index.html (128)
[230:230:0130/101741.147825:INFO:CONSOLE(128)] "currentLatencynow: 16.892", source: file:///home/seluser/ppt/player/dashjs/index.html (128)
[230:230:0130/101742.147981:INFO:CONSOLE(128)] "currentLatencynow: 16.791", source: file:///home/seluser/ppt/player/dashjs/index.html (128)
[230:230:0130/101743.147962:INFO:CONSOLE(128)] "currentLatencynow: 16.692", source: file:///home/seluser/ppt/player/dashjs/index.html (128)
[230:230:0130/101744.148031:INFO:CONSOLE(128)] "currentLatencynow: 16.591", source: file:///home/seluser/ppt/player/dashjs/index.html (128)
[230:230:0130/101745.148031:INFO:CONSOLE(128)] "currentLatencynow: 16.517", source: file:///home/seluser/ppt/player/dashjs/index.html (128)
[230:230:0130/101746.148222:INFO:CONSOLE(128)] "currentLatencynow: 16.417", source: file:///home/seluser/ppt/player/dashjs/index.html (128)
[230:230:0130/101747.147776:INFO:CONSOLE(128)] "currentLatencynow: 16.977", source: file:///home/seluser/ppt/player/dashjs/index.html (128)
[230:230:0130/101748.147928:INFO:CONSOLE(128)] "currentLatencynow: 17.977", source: file:///home/seluser/ppt/player/dashjs/index.html (128)
[230:230:0130/101749.147802:INFO:CONSOLE(128)] "currentLatencynow: 18.977", source: file:///home/seluser/ppt/player/dashjs/index.html (128)
[230:257:0130/101749.270786:ERROR:bus.cc(392)] Failed to connect to the bus: Address does not contain a colon
[230:257:0130/101749.270862:ERROR:bus.cc(392)] Failed to connect to the bus: Address does not contain a colon
[230:230:0130/101750.147946:INFO:CONSOLE(128)] "currentLatencynow: 19.028", source: file:///home/seluser/ppt/player/dashjs/index.html (128)
[230:230:0130/101751.148112:INFO:CONSOLE(128)] "currentLatencynow: 18.928", source: file:///home/seluser/ppt/player/dashjs/index.html (128)
[230:230:0130/101752.147831:INFO:CONSOLE(128)] "currentLatencynow: 18.828", source: file:///home/seluser/ppt/player/dashjs/index.html (128)
[230:230:0130/101753.147979:INFO:CONSOLE(128)] "currentLatencynow: 18.728", source: file:///home/seluser/ppt/player/dashjs/index.html (128)
[230:230:0130/101754.147862:INFO:CONSOLE(128)] "currentLatencynow: 18.628", source: file:///home/seluser/ppt/player/dashjs/index.html (128)
[230:230:0130/101755.147762:INFO:CONSOLE(128)] "currentLatencynow: 18.941", source: file:///home/seluser/ppt/player/dashjs/index.html (128)
[230:230:0130/101756.147798:INFO:CONSOLE(128)] "currentLatencynow: 19.941", source: file:///home/seluser/ppt/player/dashjs/index.html (128)
[230:230:0130/101757.147783:INFO:CONSOLE(128)] "currentLatencynow: 20.941", source: file:///home/seluser/ppt/player/dashjs/index.html (128)
[230:257:0130/101757.748040:ERROR:bus.cc(392)] Failed to connect to the bus: Address does not contain a colon
[230:257:0130/101757.748118:ERROR:bus.cc(392)] Failed to connect to the bus: Address does not contain a colon
[230:230:0130/101758.147786:INFO:CONSOLE(128)] "currentLatencynow: 21.437", source: file:///home/seluser/ppt/player/dashjs/index.html (128)
[230:230:0130/101759.147778:INFO:CONSOLE(128)] "currentLatencynow: 21.337", source: file:///home/seluser/ppt/player/dashjs/index.html (128)
[230:230:0130/101800.147773:INFO:CONSOLE(128)] "currentLatencynow: 21.237", source: file:///home/seluser/ppt/player/dashjs/index.html (128)
[230:230:0130/101801.147789:INFO:CONSOLE(128)] "currentLatencynow: 21.137", source: file:///home/seluser/ppt/player/dashjs/index.html (128)
[230:230:0130/101802.147751:INFO:CONSOLE(128)] "currentLatencynow: 21.037", source: file:///home/seluser/ppt/player/dashjs/index.html (128)
[230:230:0130/101803.147889:INFO:CONSOLE(128)] "currentLatencynow: 20.937", source: file:///home/seluser/ppt/player/dashjs/index.html (128)
[230:230:0130/101804.147890:INFO:CONSOLE(128)] "currentLatencynow: 20.837", source: file:///home/seluser/ppt/player/dashjs/index.html (128)
[230:230:0130/101805.147736:INFO:CONSOLE(128)] "currentLatencynow: 20.909", source: file:///home/seluser/ppt/player/dashjs/index.html (128)
[230:230:0130/101806.147834:INFO:CONSOLE(128)] "currentLatencynow: 21.909", source: file:///home/seluser/ppt/player/dashjs/index.html (128)
[230:230:0130/101807.147843:INFO:CONSOLE(128)] "currentLatencynow: 22.909", source: file:///home/seluser/ppt/player/dashjs/index.html (128)
[230:257:0130/101808.094877:ERROR:bus.cc(392)] Failed to connect to the bus: Address does not contain a colon
[230:257:0130/101808.094950:ERROR:bus.cc(392)] Failed to connect to the bus: Address does not contain a colon
[230:230:0130/101808.148005:INFO:CONSOLE(128)] "currentLatencynow: 23.79", source: file:///home/seluser/ppt/player/dashjs/index.html (128)
[230:230:0130/101809.148006:INFO:CONSOLE(128)] "currentLatencynow: 23.709", source: file:///home/seluser/ppt/player/dashjs/index.html (128)
[230:230:0130/101810.147921:INFO:CONSOLE(128)] "currentLatencynow: 23.609", source: file:///home/seluser/ppt/player/dashjs/index.html (128)
[230:230:0130/101811.148223:INFO:CONSOLE(128)] "currentLatencynow: 23.509", source: file:///home/seluser/ppt/player/dashjs/index.html (128)
[230:230:0130/101812.148210:INFO:CONSOLE(128)] "currentLatencynow: 23.409", source: file:///home/seluser/ppt/player/dashjs/index.html (128)
[230:230:0130/101813.147798:INFO:CONSOLE(128)] "currentLatencynow: 23.309", source: file:///home/seluser/ppt/player/dashjs/index.html (128)
[230:230:0130/101814.148133:INFO:CONSOLE(128)] "currentLatencynow: 23.291", source: file:///home/seluser/ppt/player/dashjs/index.html (128)
[230:230:0130/101815.148057:INFO:CONSOLE(128)] "currentLatencynow: 23.291", source: file:///home/seluser/ppt/player/dashjs/index.html (128)
[230:230:0130/101816.148009:INFO:CONSOLE(128)] "currentLatencynow: 23.895", source: file:///home/seluser/ppt/player/dashjs/index.html (128)
[230:230:0130/101817.147841:INFO:CONSOLE(128)] "currentLatencynow: 24.895", source: file:///home/seluser/ppt/player/dashjs/index.html (128)
[230:230:0130/101818.147797:INFO:CONSOLE(128)] "currentLatencynow: 25.895", source: file:///home/seluser/ppt/player/dashjs/index.html (128)
[230:257:0130/101818.241681:ERROR:bus.cc(392)] Failed to connect to the bus: Address does not contain a colon
[230:257:0130/101818.241759:ERROR:bus.cc(392)] Failed to connect to the bus: Address does not contain a colon
[230:230:0130/101819.148030:INFO:CONSOLE(128)] "currentLatencynow: 25.828", source: file:///home/seluser/ppt/player/dashjs/index.html (128)
[230:230:0130/101820.147775:INFO:CONSOLE(128)] "currentLatencynow: 25.729", source: file:///home/seluser/ppt/player/dashjs/index.html (128)
[230:230:0130/101821.147958:INFO:CONSOLE(128)] "currentLatencynow: 25.628", source: file:///home/seluser/ppt/player/dashjs/index.html (128)
[230:230:0130/101822.149259:INFO:CONSOLE(128)] "currentLatencynow: 25.529", source: file:///home/seluser/ppt/player/dashjs/index.html (128)
[230:230:0130/101823.147794:INFO:CONSOLE(128)] "currentLatencynow: 25.428", source: file:///home/seluser/ppt/player/dashjs/index.html (128)
[230:230:0130/101824.147800:INFO:CONSOLE(128)] "currentLatencynow: 25.328", source: file:///home/seluser/ppt/player/dashjs/index.html (128)
[230:230:0130/101825.147826:INFO:CONSOLE(128)] "currentLatencynow: 25.228", source: file:///home/seluser/ppt/player/dashjs/index.html (128)
[230:230:0130/101826.148011:INFO:CONSOLE(128)] "currentLatencynow: 25.128", source: file:///home/seluser/ppt/player/dashjs/index.html (128)
[230:230:0130/101827.147935:INFO:CONSOLE(128)] "currentLatencynow: 25.03", source: file:///home/seluser/ppt/player/dashjs/index.html (128)
[230:230:0130/101828.147891:INFO:CONSOLE(128)] "currentLatencynow: 25.859", source: file:///home/seluser/ppt/player/dashjs/index.html (128)
[230:230:0130/101829.147969:INFO:CONSOLE(128)] "currentLatencynow: 26.859", source: file:///home/seluser/ppt/player/dashjs/index.html (128)
[230:257:0130/101829.923088:ERROR:bus.cc(392)] Failed to connect to the bus: Address does not contain a colon
[230:257:0130/101829.923161:ERROR:bus.cc(392)] Failed to connect to the bus: Address does not contain a colon
[230:230:0130/101830.147843:INFO:CONSOLE(128)] "currentLatencynow: 27.524", source: file:///home/seluser/ppt/player/dashjs/index.html (128)
[230:230:0130/101831.147939:INFO:CONSOLE(128)] "currentLatencynow: 27.424", source: file:///home/seluser/ppt/player/dashjs/index.html (128)
[230:230:0130/101832.147874:INFO:CONSOLE(128)] "currentLatencynow: 27.324", source: file:///home/seluser/ppt/player/dashjs/index.html (128)
[230:230:0130/101833.148055:INFO:CONSOLE(128)] "currentLatencynow: 27.224", source: file:///home/seluser/ppt/player/dashjs/index.html (128)
[230:230:0130/101834.148041:INFO:CONSOLE(128)] "currentLatencynow: 27.124", source: file:///home/seluser/ppt/player/dashjs/index.html (128)
[230:230:0130/101835.147887:INFO:CONSOLE(128)] "currentLatencynow: 27.024", source: file:///home/seluser/ppt/player/dashjs/index.html (128)
[230:230:0130/101836.147975:INFO:CONSOLE(128)] "currentLatencynow: 26.924", source: file:///home/seluser/ppt/player/dashjs/index.html (128)
[230:230:0130/101837.147948:INFO:CONSOLE(128)] "currentLatencynow: 26.849", source: file:///home/seluser/ppt/player/dashjs/index.html (128)
[230:230:0130/101838.147838:INFO:CONSOLE(128)] "currentLatencynow: 27.821", source: file:///home/seluser/ppt/player/dashjs/index.html (128)
[230:230:0130/101839.147842:INFO:CONSOLE(128)] "currentLatencynow: 28.821", source: file:///home/seluser/ppt/player/dashjs/index.html (128)
[230:257:0130/101839.868937:ERROR:bus.cc(392)] Failed to connect to the bus: Address does not contain a colon
[230:257:0130/101839.869010:ERROR:bus.cc(392)] Failed to connect to the bus: Address does not contain a colon
[230:230:0130/101840.147818:INFO:CONSOLE(128)] "currentLatencynow: 29.447", source: file:///home/seluser/ppt/player/dashjs/index.html (128)
[230:230:0130/101841.147880:INFO:CONSOLE(128)] "currentLatencynow: 29.347", source: file:///home/seluser/ppt/player/dashjs/index.html (128)
[230:230:0130/101842.147919:INFO:CONSOLE(128)] "currentLatencynow: 29.247", source: file:///home/seluser/ppt/player/dashjs/index.html (128)
[230:230:0130/101843.147994:INFO:CONSOLE(128)] "currentLatencynow: 29.147", source: file:///home/seluser/ppt/player/dashjs/index.html (128)
[230:230:0130/101844.147954:INFO:CONSOLE(128)] "currentLatencynow: 29.047", source: file:///home/seluser/ppt/player/dashjs/index.html (128)
[230:230:0130/101845.148038:INFO:CONSOLE(128)] "currentLatencynow: 28.947", source: file:///home/seluser/ppt/player/dashjs/index.html (128)
[230:230:0130/101846.147941:INFO:CONSOLE(128)] "currentLatencynow: 28.847", source: file:///home/seluser/ppt/player/dashjs/index.html (128)
[230:230:0130/101847.147805:INFO:CONSOLE(128)] "currentLatencynow: 28.747", source: file:///home/seluser/ppt/player/dashjs/index.html (128)
[230:230:0130/101848.147944:INFO:CONSOLE(128)] "currentLatencynow: 28.647", source: file:///home/seluser/ppt/player/dashjs/index.html (128)
[230:230:0130/101849.148189:INFO:CONSOLE(128)] "currentLatencynow: 28.547", source: file:///home/seluser/ppt/player/dashjs/index.html (128)
[230:230:0130/101850.148090:INFO:CONSOLE(128)] "currentLatencynow: 28.447", source: file:///home/seluser/ppt/player/dashjs/index.html (128)
[230:230:0130/101851.147850:INFO:CONSOLE(128)] "currentLatencynow: 28.347", source: file:///home/seluser/ppt/player/dashjs/index.html (128)
[230:230:0130/101852.147887:INFO:CONSOLE(128)] "currentLatencynow: 28.247", source: file:///home/seluser/ppt/player/dashjs/index.html (128)
[230:230:0130/101853.147853:INFO:CONSOLE(128)] "currentLatencynow: 28.147", source: file:///home/seluser/ppt/player/dashjs/index.html (128)
[230:230:0130/101854.148166:INFO:CONSOLE(128)] "currentLatencynow: 28.047", source: file:///home/seluser/ppt/player/dashjs/index.html (128)
[230:230:0130/101855.148141:INFO:CONSOLE(128)] "currentLatencynow: 28.038", source: file:///home/seluser/ppt/player/dashjs/index.html (128)
[230:230:0130/101856.147972:INFO:CONSOLE(128)] "currentLatencynow: 28.022", source: file:///home/seluser/ppt/player/dashjs/index.html (128)
[230:230:0130/101857.147907:INFO:CONSOLE(128)] "currentLatencynow: 27.922", source: file:///home/seluser/ppt/player/dashjs/index.html (128)
[230:230:0130/101858.148061:INFO:CONSOLE(128)] "currentLatencynow: 27.822", source: file:///home/seluser/ppt/player/dashjs/index.html (128)
[230:230:0130/101859.148020:INFO:CONSOLE(128)] "currentLatencynow: 27.722", source: file:///home/seluser/ppt/player/dashjs/index.html (128)
[230:230:0130/101900.147995:INFO:CONSOLE(128)] "currentLatencynow: 27.662", source: file:///home/seluser/ppt/player/dashjs/index.html (128)
[230:230:0130/101901.148068:INFO:CONSOLE(128)] "currentLatencynow: 27.662", source: file:///home/seluser/ppt/player/dashjs/index.html (128)
[230:230:0130/101902.151114:INFO:CONSOLE(128)] "currentLatencynow: 27.662", source: file:///home/seluser/ppt/player/dashjs/index.html (128)
[230:230:0130/101903.147986:INFO:CONSOLE(128)] "currentLatencynow: 27.662", source: file:///home/seluser/ppt/player/dashjs/index.html (128)
[230:230:0130/101904.147872:INFO:CONSOLE(128)] "currentLatencynow: 27.619", source: file:///home/seluser/ppt/player/dashjs/index.html (128)
[230:230:0130/101905.147934:INFO:CONSOLE(128)] "currentLatencynow: 27.519", source: file:///home/seluser/ppt/player/dashjs/index.html (128)
[230:230:0130/101906.147961:INFO:CONSOLE(128)] "currentLatencynow: 27.419", source: file:///home/seluser/ppt/player/dashjs/index.html (128)
[230:230:0130/101907.148036:INFO:CONSOLE(128)] "currentLatencynow: 27.319", source: file:///home/seluser/ppt/player/dashjs/index.html (128)
[230:230:0130/101908.147924:INFO:CONSOLE(128)] "currentLatencynow: 27.219", source: file:///home/seluser/ppt/player/dashjs/index.html (128)
[230:230:0130/101909.147854:INFO:CONSOLE(128)] "currentLatencynow: 27.119", source: file:///home/seluser/ppt/player/dashjs/index.html (128)
[230:230:0130/101910.148053:INFO:CONSOLE(128)] "currentLatencynow: 27.019", source: file:///home/seluser/ppt/player/dashjs/index.html (128)
[230:230:0130/101911.148042:INFO:CONSOLE(128)] "currentLatencynow: 26.919", source: file:///home/seluser/ppt/player/dashjs/index.html (128)
[230:230:0130/101912.147956:INFO:CONSOLE(128)] "currentLatencynow: 26.819", source: file:///home/seluser/ppt/player/dashjs/index.html (128)
[230:230:0130/101913.147961:INFO:CONSOLE(128)] "currentLatencynow: 26.719", source: file:///home/seluser/ppt/player/dashjs/index.html (128)
[230:230:0130/101914.147940:INFO:CONSOLE(128)] "currentLatencynow: 26.619", source: file:///home/seluser/ppt/player/dashjs/index.html (128)
[230:230:0130/101915.147992:INFO:CONSOLE(128)] "currentLatencynow: 26.519", source: file:///home/seluser/ppt/player/dashjs/index.html (128)
[230:230:0130/101916.148009:INFO:CONSOLE(128)] "currentLatencynow: 26.419", source: file:///home/seluser/ppt/player/dashjs/index.html (128)
[230:230:0130/101917.148199:INFO:CONSOLE(114)] "Begin Player stistics 
", source: file:///home/seluser/ppt/player/dashjs/index.html (114)
[230:230:0130/101917.148575:INFO:CONSOLE(115)] "["stall",[["3.60","9.07",5.470000000000001]],[["10.14","10.39",0.25]],[["13.64","13.89",0.25]],[["16.37","16.62",0.25]],[["19.19","19.44",0.25]],[["29.56","29.81",0.25]],[["37.79","38.04",0.25]],[["48.01","48.26",0.25]],[["58.55","58.80",0.25]],[["70.32","70.57",0.25]],[["80.18","80.43",0.25]],[["availibleBW",[null],[null],[null],[null],[null],[null],[null],[null],[372],[372],[372],[681],[681],[783],[783],[783],[783],[834],[834],[988],[988],[1111],[1111],[1111],[1234],[1234],[1234],[1358],[1358],[1503],[1503],[1503],[1858],[1858],[1984],[1984],[1984],[2234],[2234],[2388],[2388],[2388],[2537],[2537],[2537],[2691],[2691],[2838],[2838],[2838],[2990],[2990],[2990],[3139],[3139],[3139],[3296],[3296],[3456],[3456],[3613],[3613],[3772],[3772],[3916],[3916],[3916],[4060],[4060],[4060],[4218],[4218],[4373],[4373],[4541],[4541],[4541],[4714],[4714],[4866],[4866],[5014],[5014],[5161],[5161],[5309],[5309],[5316],[5316],[5316],[5471],[5625],[5734],[5734],[5852],[5850],[5850],[5849],[5889],[5922],[5922],[5922],[6079],[6232],[6387],[6387],[6531],[6531],[6530],[6500],[6650],[6806],[6806],[6959],[7141],[7141],[7144],[7143],[7143]]],[["currentBuffer",[0],[0],[0],[0],[0],[0],[0],[0],[1.132],[0.055],[0.055],[1.702],[0.605],[2.059],[1.334],[0.234],[0],[1.042],[0.042],[1.979],[1.979],[3.981],[3.202],[2.102],[2.831],[1.904],[0.804],[1.732],[0.632],[1.959],[1.959],[1.959],[3.117],[2.017],[2.871],[1.819],[0.719],[1.928],[1.928],[3.93],[3.549],[2.449],[3.351],[2.251],[1.146],[2.053],[0.953],[1.904],[1.904],[1.904],[3.906],[2.863],[1.763],[2.665],[1.565],[0.465],[1.435],[0.435],[1.899],[1.899],[3.901],[2.948],[3.851],[2.75],[3.54],[2.552],[1.452],[2.247],[1.254],[0.154],[1.872],[1.872],[3.619],[2.525],[3.349],[2.327],[1.227],[2.129],[1.029],[1.948],[1.842],[3.844],[3.715],[4.569],[3.517],[4.287],[3.319],[4.039],[3.121],[2.021],[2.923],[3.808],[4.655],[3.449],[2.345],[1.19],[0.327],[1.297],[2.283],[3.136],[1.981],[1.008],[0],[0.928],[0],[0.93],[1.911],[0.811],[1.713],[2.615],[3.426],[4.247],[3.319],[4.149],[4.996],[4.023],[4.925],[5.827],[4.727]]],[["currentLatency",[null],[0],[0],[6.167],[7.167],[8.167],[9.167],[10.167],[11.149],[11.089],[12.089],[12.727],[12.627],[13.089],[13.353],[13.255],[14.026],[14.041],[14.041],[15.005],[16.005],[17.005],[16.991],[16.892],[16.791],[16.692],[16.591],[16.517],[16.417],[16.977],[17.977],[18.977],[19.028],[18.928],[18.828],[18.728],[18.628],[18.941],[19.941],[20.941],[21.437],[21.337],[21.237],[21.137],[21.037],[20.937],[20.837],[20.909],[21.909],[22.909],[23.79],[23.709],[23.609],[23.509],[23.409],[23.309],[23.291],[23.291],[23.895],[24.895],[25.895],[25.828],[25.729],[25.628],[25.529],[25.428],[25.328],[25.228],[25.128],[25.03],[25.859],[26.859],[27.524],[27.424],[27.324],[27.224],[27.124],[27.024],[26.924],[26.849],[27.821],[28.821],[29.447],[29.347],[29.247],[29.147],[29.047],[28.947],[28.847],[28.747],[28.647],[28.547],[28.447],[28.347],[28.247],[28.147],[28.047],[28.038],[28.022],[27.922],[27.822],[27.722],[27.662],[27.662],[27.662],[27.662],[27.619],[27.519],[27.419],[27.319],[27.219],[27.119],[27.019],[26.919],[26.819],[26.719],[26.619],[26.519],[26.419]]]]", source: file:///home/seluser/ppt/player/dashjs/index.html (115)
[230:230:0130/101917.148769:INFO:CONSOLE(116)] "
", source: file:///home/seluser/ppt/player/dashjs/index.html (116)
[230:230:0130/101917.148830:INFO:CONSOLE(117)] "Finish Player stistics 
", source: file:///home/seluser/ppt/player/dashjs/index.html (117)
[230:230:0130/101917.148866:INFO:CONSOLE(128)] "currentLatencynow: 26.319", source: file:///home/seluser/ppt/player/dashjs/index.html (128)
[230:230:0130/101918.147878:INFO:CONSOLE(128)] "currentLatencynow: 26.219", source: file:///home/seluser/ppt/player/dashjs/index.html (128)
[230:230:0130/101919.148218:INFO:CONSOLE(128)] "currentLatencynow: 26.119", source: file:///home/seluser/ppt/player/dashjs/index.html (128)
[230:230:0130/101920.147968:INFO:CONSOLE(128)] "currentLatencynow: 26.019", source: file:///home/seluser/ppt/player/dashjs/index.html (128)
[230:230:0130/101921.148047:INFO:CONSOLE(128)] "currentLatencynow: 25.919", source: file:///home/seluser/ppt/player/dashjs/index.html (128)
[230:230:0130/101922.147976:INFO:CONSOLE(128)] "currentLatencynow: 25.819", source: file:///home/seluser/ppt/player/dashjs/index.html (128)
[230:230:0130/101923.147891:INFO:CONSOLE(128)] "currentLatencynow: 25.719", source: file:///home/seluser/ppt/player/dashjs/index.html (128)
[230:230:0130/101924.147931:INFO:CONSOLE(128)] "currentLatencynow: 25.619", source: file:///home/seluser/ppt/player/dashjs/index.html (128)
[230:230:0130/101925.148084:INFO:CONSOLE(128)] "currentLatencynow: 25.519", source: file:///home/seluser/ppt/player/dashjs/index.html (128)
[230:230:0130/101926.148098:INFO:CONSOLE(128)] "currentLatencynow: 25.419", source: file:///home/seluser/ppt/player/dashjs/index.html (128)
[230:230:0130/101927.148046:INFO:CONSOLE(128)] "currentLatencynow: 25.319", source: file:///home/seluser/ppt/player/dashjs/index.html (128)
[230:230:0130/101928.148100:INFO:CONSOLE(128)] "currentLatencynow: 25.219", source: file:///home/seluser/ppt/player/dashjs/index.html (128)
[230:230:0130/101929.147945:INFO:CONSOLE(128)] "currentLatencynow: 25.119", source: file:///home/seluser/ppt/player/dashjs/index.html (128)
[230:230:0130/101930.148130:INFO:CONSOLE(128)] "currentLatencynow: 25.019", source: file:///home/seluser/ppt/player/dashjs/index.html (128)
[230:230:0130/101931.148043:INFO:CONSOLE(128)] "currentLatencynow: 24.919", source: file:///home/seluser/ppt/player/dashjs/index.html (128)
[230:230:0130/101932.148217:INFO:CONSOLE(128)] "currentLatencynow: 24.819", source: file:///home/seluser/ppt/player/dashjs/index.html (128)
[230:230:0130/101933.148040:INFO:CONSOLE(128)] "currentLatencynow: 24.719", source: file:///home/seluser/ppt/player/dashjs/index.html (128)
[230:230:0130/101934.148022:INFO:CONSOLE(128)] "currentLatencynow: 24.619", source: file:///home/seluser/ppt/player/dashjs/index.html (128)
[230:230:0130/101935.147850:INFO:CONSOLE(128)] "currentLatencynow: 24.717", source: file:///home/seluser/ppt/player/dashjs/index.html (128)
[230:230:0130/101936.148197:INFO:CONSOLE(128)] "currentLatencynow: 25.717", source: file:///home/seluser/ppt/player/dashjs/index.html (128)
[230:230:0130/101937.147991:INFO:CONSOLE(128)] "currentLatencynow: 26.717", source: file:///home/seluser/ppt/player/dashjs/index.html (128)
[230:230:0130/101938.148123:INFO:CONSOLE(128)] "currentLatencynow: 27.717", source: file:///home/seluser/ppt/player/dashjs/index.html (128)
[230:230:0130/101939.148003:INFO:CONSOLE(128)] "currentLatencynow: 28.717", source: file:///home/seluser/ppt/player/dashjs/index.html (128)
[230:230:0130/101940.147964:INFO:CONSOLE(128)] "currentLatencynow: 29.717", source: file:///home/seluser/ppt/player/dashjs/index.html (128)
[230:257:0130/101940.757675:ERROR:bus.cc(392)] Failed to connect to the bus: Address does not contain a colon
[230:257:0130/101940.757768:ERROR:bus.cc(392)] Failed to connect to the bus: Address does not contain a colon
[230:230:0130/101941.148522:INFO:CONSOLE(128)] "currentLatencynow: 30.101", source: file:///home/seluser/ppt/player/dashjs/index.html (128)
[230:230:0130/101942.147988:INFO:CONSOLE(128)] "currentLatencynow: 30.101", source: file:///home/seluser/ppt/player/dashjs/index.html (128)
[230:230:0130/101943.147914:INFO:CONSOLE(128)] "currentLatencynow: 30.657", source: file:///home/seluser/ppt/player/dashjs/index.html (128)
[230:230:0130/101944.147899:INFO:CONSOLE(128)] "currentLatencynow: 31.657", source: file:///home/seluser/ppt/player/dashjs/index.html (128)
[230:230:0130/101945.147962:INFO:CONSOLE(128)] "currentLatencynow: 32.657", source: file:///home/seluser/ppt/player/dashjs/index.html (128)
[230:230:0130/101946.147942:INFO:CONSOLE(128)] "currentLatencynow: 33.657", source: file:///home/seluser/ppt/player/dashjs/index.html (128)
[230:230:0130/101947.147852:INFO:CONSOLE(128)] "currentLatencynow: 34.657", source: file:///home/seluser/ppt/player/dashjs/index.html (128)
[230:230:0130/101948.147931:INFO:CONSOLE(128)] "currentLatencynow: 35.657", source: file:///home/seluser/ppt/player/dashjs/index.html (128)
[230:230:0130/101949.147915:INFO:CONSOLE(128)] "currentLatencynow: 36.657", source: file:///home/seluser/ppt/player/dashjs/index.html (128)
[230:230:0130/101950.147882:INFO:CONSOLE(128)] "currentLatencynow: 37.657", source: file:///home/seluser/ppt/player/dashjs/index.html (128)
[230:230:0130/101951.147949:INFO:CONSOLE(128)] "currentLatencynow: 38.657", source: file:///home/seluser/ppt/player/dashjs/index.html (128)
[230:230:0130/101952.148036:INFO:CONSOLE(128)] "currentLatencynow: 39.657", source: file:///home/seluser/ppt/player/dashjs/index.html (128)
[230:230:0130/101953.147881:INFO:CONSOLE(128)] "currentLatencynow: 40.657", source: file:///home/seluser/ppt/player/dashjs/index.html (128)
[230:230:0130/101954.147986:INFO:CONSOLE(128)] "currentLatencynow: 41.657", source: file:///home/seluser/ppt/player/dashjs/index.html (128)
[230:230:0130/101955.147905:INFO:CONSOLE(128)] "currentLatencynow: 42.657", source: file:///home/seluser/ppt/player/dashjs/index.html (128)
[230:230:0130/101956.147963:INFO:CONSOLE(128)] "currentLatencynow: 43.657", source: file:///home/seluser/ppt/player/dashjs/index.html (128)
[230:230:0130/101957.147948:INFO:CONSOLE(128)] "currentLatencynow: 44.657", source: file:///home/seluser/ppt/player/dashjs/index.html (128)
[230:230:0130/101958.147960:INFO:CONSOLE(128)] "currentLatencynow: 45.657", source: file:///home/seluser/ppt/player/dashjs/index.html (128)
[230:230:0130/101959.147880:INFO:CONSOLE(128)] "currentLatencynow: 46.657", source: file:///home/seluser/ppt/player/dashjs/index.html (128)
[230:230:0130/102000.147955:INFO:CONSOLE(128)] "currentLatencynow: 47.657", source: file:///home/seluser/ppt/player/dashjs/index.html (128)
[230:230:0130/102001.147935:INFO:CONSOLE(128)] "currentLatencynow: 48.657", source: file:///home/seluser/ppt/player/dashjs/index.html (128)
[230:230:0130/102002.147882:INFO:CONSOLE(128)] "currentLatencynow: 49.657", source: file:///home/seluser/ppt/player/dashjs/index.html (128)
[230:230:0130/102003.147926:INFO:CONSOLE(128)] "currentLatencynow: 50.657", source: file:///home/seluser/ppt/player/dashjs/index.html (128)
[230:230:0130/102004.147961:INFO:CONSOLE(128)] "currentLatencynow: 51.657", source: file:///home/seluser/ppt/player/dashjs/index.html (128)
[230:230:0130/102005.147879:INFO:CONSOLE(128)] "currentLatencynow: 52.657", source: file:///home/seluser/ppt/player/dashjs/index.html (128)
[230:230:0130/102006.147889:INFO:CONSOLE(128)] "currentLatencynow: 53.657", source: file:///home/seluser/ppt/player/dashjs/index.html (128)
[230:230:0130/102007.147999:INFO:CONSOLE(128)] "currentLatencynow: 54.657", source: file:///home/seluser/ppt/player/dashjs/index.html (128)
[230:230:0130/102008.147926:INFO:CONSOLE(128)] "currentLatencynow: 55.657", source: file:///home/seluser/ppt/player/dashjs/index.html (128)
[230:230:0130/102009.147930:INFO:CONSOLE(128)] "currentLatencynow: 56.657", source: file:///home/seluser/ppt/player/dashjs/index.html (128)
[230:230:0130/102010.147877:INFO:CONSOLE(128)] "currentLatencynow: 57.657", source: file:///home/seluser/ppt/player/dashjs/index.html (128)
[230:230:0130/102011.147937:INFO:CONSOLE(128)] "currentLatencynow: 58.657", source: file:///home/seluser/ppt/player/dashjs/index.html (128)
[230:230:0130/102012.147912:INFO:CONSOLE(128)] "currentLatencynow: 59.657", source: file:///home/seluser/ppt/player/dashjs/index.html (128)
[230:230:0130/102013.147926:INFO:CONSOLE(128)] "currentLatencynow: 60.657", source: file:///home/seluser/ppt/player/dashjs/index.html (128)
[230:230:0130/102014.148036:INFO:CONSOLE(128)] "currentLatencynow: 61.657", source: file:///home/seluser/ppt/player/dashjs/index.html (128)
[230:230:0130/102015.147938:INFO:CONSOLE(128)] "currentLatencynow: 62.657", source: file:///home/seluser/ppt/player/dashjs/index.html (128)
[230:230:0130/102016.148129:INFO:CONSOLE(128)] "currentLatencynow: 63.657", source: file:///home/seluser/ppt/player/dashjs/index.html (128)
