[230:294:0130/100807.828935:ERROR:bus.cc(392)] Failed to connect to the bus: Failed to connect to socket /var/run/dbus/system_bus_socket: No such file or directory
[230:257:0130/100807.831509:ERROR:bus.cc(392)] Failed to connect to the bus: Address does not contain a colon
[230:257:0130/100807.832267:ERROR:bus.cc(392)] Failed to connect to the bus: Address does not contain a colon
[230:257:0130/100807.844216:ERROR:bus.cc(392)] Failed to connect to the bus: Address does not contain a colon
[230:257:0130/100807.844272:ERROR:bus.cc(392)] Failed to connect to the bus: Address does not contain a colon
[301:301:0130/100807.847153:ERROR:gpu_init.cc(453)] Passthrough is not supported, GL is swiftshader, ANGLE is 
[230:257:0130/100807.871165:ERROR:bus.cc(392)] Failed to connect to the bus: Address does not contain a colon
[230:257:0130/100807.871209:ERROR:bus.cc(392)] Failed to connect to the bus: Address does not contain a colon
[230:394:0130/100807.996994:ERROR:bus.cc(392)] Failed to connect to the bus: Failed to connect to socket /var/run/dbus/system_bus_socket: No such file or directory
[230:394:0130/100807.997085:ERROR:bus.cc(392)] Failed to connect to the bus: Failed to connect to socket /var/run/dbus/system_bus_socket: No such file or directory
[230:394:0130/100807.997166:ERROR:bus.cc(392)] Failed to connect to the bus: Failed to connect to socket /var/run/dbus/system_bus_socket: No such file or directory
[230:394:0130/100807.997186:WARNING:property.cc(144)] DaemonVersion: GetAndBlock: failed.
[230:394:0130/100807.997229:ERROR:bus.cc(392)] Failed to connect to the bus: Failed to connect to socket /var/run/dbus/system_bus_socket: No such file or directory
[230:394:0130/100807.997268:ERROR:bus.cc(392)] Failed to connect to the bus: Failed to connect to socket /var/run/dbus/system_bus_socket: No such file or directory
[230:230:0130/100809.304721:INFO:CONSOLE(128)] "currentLatencynow: NaN", source: file:///home/seluser/ppt/player/dashjs/index.html (128)
[230:330:0130/100810.113020:ERROR:chrome_browser_main_extra_parts_metrics.cc(228)] crbug.com/1216328: Checking Bluetooth availability started. Please report if there is no report that this ends.
[230:330:0130/100810.114194:ERROR:chrome_browser_main_extra_parts_metrics.cc(231)] crbug.com/1216328: Checking Bluetooth availability ended.
[230:330:0130/100810.114242:ERROR:chrome_browser_main_extra_parts_metrics.cc(234)] crbug.com/1216328: Checking default browser status started. Please report if there is no report that this ends.
[230:230:0130/100810.304664:INFO:CONSOLE(128)] "currentLatencynow: NaN", source: file:///home/seluser/ppt/player/dashjs/index.html (128)
[230:330:0130/100810.322208:ERROR:chrome_browser_main_extra_parts_metrics.cc(238)] crbug.com/1216328: Checking default browser status ended.
[230:230:0130/100811.304466:INFO:CONSOLE(128)] "currentLatencynow: NaN", source: file:///home/seluser/ppt/player/dashjs/index.html (128)
[230:230:0130/100812.304446:INFO:CONSOLE(128)] "currentLatencynow: NaN", source: file:///home/seluser/ppt/player/dashjs/index.html (128)
[230:230:0130/100813.304573:INFO:CONSOLE(128)] "currentLatencynow: 0", source: file:///home/seluser/ppt/player/dashjs/index.html (128)
[230:230:0130/100814.304452:INFO:CONSOLE(128)] "currentLatencynow: 0", source: file:///home/seluser/ppt/player/dashjs/index.html (128)
[230:230:0130/100815.304526:INFO:CONSOLE(128)] "currentLatencynow: 0", source: file:///home/seluser/ppt/player/dashjs/index.html (128)
[230:230:0130/100816.304471:INFO:CONSOLE(128)] "currentLatencynow: 0", source: file:///home/seluser/ppt/player/dashjs/index.html (128)
[230:230:0130/100817.304483:INFO:CONSOLE(128)] "currentLatencynow: 0", source: file:///home/seluser/ppt/player/dashjs/index.html (128)
[230:230:0130/100818.304564:INFO:CONSOLE(128)] "currentLatencynow: 0", source: file:///home/seluser/ppt/player/dashjs/index.html (128)
[230:230:0130/100819.304508:INFO:CONSOLE(128)] "currentLatencynow: 0", source: file:///home/seluser/ppt/player/dashjs/index.html (128)
[668:668:0130/100819.651186:WARNING:audio_manager_linux.cc(69)] Falling back to ALSA for audio output. PulseAudio is not available or could not be initialized.
[668:668:0130/100819.664271:ERROR:alsa_util.cc(204)] PcmOpen: default,No such file or directory
[668:668:0130/100819.667674:ERROR:alsa_util.cc(204)] PcmOpen: plug:default,No such file or directory
[230:230:0130/100820.304449:INFO:CONSOLE(128)] "currentLatencynow: 11.794", source: file:///home/seluser/ppt/player/dashjs/index.html (128)
[230:230:0130/100821.304551:INFO:CONSOLE(128)] "currentLatencynow: 12.794", source: file:///home/seluser/ppt/player/dashjs/index.html (128)
[230:230:0130/100822.304633:INFO:CONSOLE(128)] "currentLatencynow: 13.794", source: file:///home/seluser/ppt/player/dashjs/index.html (128)
[230:230:0130/100823.304502:INFO:CONSOLE(128)] "currentLatencynow: 14.794", source: file:///home/seluser/ppt/player/dashjs/index.html (128)
[230:230:0130/100824.304638:INFO:CONSOLE(128)] "currentLatencynow: 15.794", source: file:///home/seluser/ppt/player/dashjs/index.html (128)
[230:230:0130/100825.304530:INFO:CONSOLE(128)] "currentLatencynow: 16.794", source: file:///home/seluser/ppt/player/dashjs/index.html (128)
[230:230:0130/100826.304503:INFO:CONSOLE(128)] "currentLatencynow: 17.794", source: file:///home/seluser/ppt/player/dashjs/index.html (128)
[230:230:0130/100827.304505:INFO:CONSOLE(128)] "currentLatencynow: 18.794", source: file:///home/seluser/ppt/player/dashjs/index.html (128)
[230:230:0130/100828.304453:INFO:CONSOLE(128)] "currentLatencynow: 19.794", source: file:///home/seluser/ppt/player/dashjs/index.html (128)
[230:257:0130/100828.362504:ERROR:bus.cc(392)] Failed to connect to the bus: Address does not contain a colon
[230:257:0130/100828.362598:ERROR:bus.cc(392)] Failed to connect to the bus: Address does not contain a colon
[230:257:0130/100828.362618:ERROR:bus.cc(392)] Failed to connect to the bus: Address does not contain a colon
[230:257:0130/100828.362631:ERROR:bus.cc(392)] Failed to connect to the bus: Address does not contain a colon
[230:257:0130/100828.362648:ERROR:bus.cc(392)] Failed to connect to the bus: Address does not contain a colon
[230:257:0130/100828.362668:ERROR:bus.cc(392)] Failed to connect to the bus: Address does not contain a colon
[230:257:0130/100828.362690:ERROR:bus.cc(392)] Failed to connect to the bus: Address does not contain a colon
[230:257:0130/100828.362708:ERROR:bus.cc(392)] Failed to connect to the bus: Address does not contain a colon
[230:257:0130/100828.362725:ERROR:bus.cc(392)] Failed to connect to the bus: Address does not contain a colon
[230:257:0130/100828.362737:ERROR:bus.cc(392)] Failed to connect to the bus: Address does not contain a colon
[230:257:0130/100828.362753:ERROR:bus.cc(392)] Failed to connect to the bus: Address does not contain a colon
[230:257:0130/100828.362765:ERROR:bus.cc(392)] Failed to connect to the bus: Address does not contain a colon
[230:257:0130/100828.362781:ERROR:bus.cc(392)] Failed to connect to the bus: Address does not contain a colon
[230:257:0130/100828.362793:ERROR:bus.cc(392)] Failed to connect to the bus: Address does not contain a colon
[230:257:0130/100828.371097:ERROR:bus.cc(392)] Failed to connect to the bus: Address does not contain a colon
[230:257:0130/100828.371144:ERROR:bus.cc(392)] Failed to connect to the bus: Address does not contain a colon
[230:257:0130/100828.371166:ERROR:bus.cc(392)] Failed to connect to the bus: Address does not contain a colon
[230:257:0130/100828.437546:ERROR:bus.cc(392)] Failed to connect to the bus: Address does not contain a colon
[230:257:0130/100828.437617:ERROR:bus.cc(392)] Failed to connect to the bus: Address does not contain a colon
[230:230:0130/100829.304604:INFO:CONSOLE(128)] "currentLatencynow: 19.855", source: file:///home/seluser/ppt/player/dashjs/index.html (128)
[230:230:0130/100830.304580:INFO:CONSOLE(128)] "currentLatencynow: 20.834", source: file:///home/seluser/ppt/player/dashjs/index.html (128)
[230:230:0130/100831.304608:INFO:CONSOLE(128)] "currentLatencynow: 21.834", source: file:///home/seluser/ppt/player/dashjs/index.html (128)
[230:230:0130/100832.304277:INFO:CONSOLE(128)] "currentLatencynow: 22.834", source: file:///home/seluser/ppt/player/dashjs/index.html (128)
[230:230:0130/100833.304615:INFO:CONSOLE(128)] "currentLatencynow: 23.834", source: file:///home/seluser/ppt/player/dashjs/index.html (128)
[230:230:0130/100834.304421:INFO:CONSOLE(128)] "currentLatencynow: 24.834", source: file:///home/seluser/ppt/player/dashjs/index.html (128)
[230:230:0130/100835.304498:INFO:CONSOLE(128)] "currentLatencynow: 25.834", source: file:///home/seluser/ppt/player/dashjs/index.html (128)
[230:230:0130/100836.304514:INFO:CONSOLE(128)] "currentLatencynow: 26.834", source: file:///home/seluser/ppt/player/dashjs/index.html (128)
[230:257:0130/100837.257710:ERROR:bus.cc(392)] Failed to connect to the bus: Address does not contain a colon
[230:257:0130/100837.257788:ERROR:bus.cc(392)] Failed to connect to the bus: Address does not contain a colon
[230:230:0130/100837.304440:INFO:CONSOLE(128)] "currentLatencynow: 27.701", source: file:///home/seluser/ppt/player/dashjs/index.html (128)
[230:230:0130/100838.304446:INFO:CONSOLE(128)] "currentLatencynow: 27.701", source: file:///home/seluser/ppt/player/dashjs/index.html (128)
[230:230:0130/100839.304346:INFO:CONSOLE(128)] "currentLatencynow: 27.762", source: file:///home/seluser/ppt/player/dashjs/index.html (128)
[230:230:0130/100840.304453:INFO:CONSOLE(128)] "currentLatencynow: 28.762", source: file:///home/seluser/ppt/player/dashjs/index.html (128)
[230:230:0130/100841.304374:INFO:CONSOLE(128)] "currentLatencynow: 29.762", source: file:///home/seluser/ppt/player/dashjs/index.html (128)
[230:230:0130/100842.304424:INFO:CONSOLE(128)] "currentLatencynow: 30.435", source: file:///home/seluser/ppt/player/dashjs/index.html (128)
[230:230:0130/100843.304465:INFO:CONSOLE(128)] "currentLatencynow: 31.435", source: file:///home/seluser/ppt/player/dashjs/index.html (128)
[230:230:0130/100844.304459:INFO:CONSOLE(128)] "currentLatencynow: 32.435", source: file:///home/seluser/ppt/player/dashjs/index.html (128)
[230:230:0130/100845.304742:INFO:CONSOLE(128)] "currentLatencynow: 33.435", source: file:///home/seluser/ppt/player/dashjs/index.html (128)
[230:230:0130/100846.304517:INFO:CONSOLE(128)] "currentLatencynow: 34.435", source: file:///home/seluser/ppt/player/dashjs/index.html (128)
[230:230:0130/100847.304679:INFO:CONSOLE(128)] "currentLatencynow: 35.435", source: file:///home/seluser/ppt/player/dashjs/index.html (128)
[230:230:0130/100848.304650:INFO:CONSOLE(128)] "currentLatencynow: 36.435", source: file:///home/seluser/ppt/player/dashjs/index.html (128)
[230:230:0130/100849.304549:INFO:CONSOLE(128)] "currentLatencynow: 37.435", source: file:///home/seluser/ppt/player/dashjs/index.html (128)
[230:230:0130/100850.304524:INFO:CONSOLE(128)] "currentLatencynow: 38.435", source: file:///home/seluser/ppt/player/dashjs/index.html (128)
[230:230:0130/100851.304532:INFO:CONSOLE(128)] "currentLatencynow: 39.435", source: file:///home/seluser/ppt/player/dashjs/index.html (128)
[230:230:0130/100852.304526:INFO:CONSOLE(128)] "currentLatencynow: 40.435", source: file:///home/seluser/ppt/player/dashjs/index.html (128)
[230:230:0130/100853.304475:INFO:CONSOLE(128)] "currentLatencynow: 41.435", source: file:///home/seluser/ppt/player/dashjs/index.html (128)
[230:230:0130/100854.304429:INFO:CONSOLE(128)] "currentLatencynow: 42.435", source: file:///home/seluser/ppt/player/dashjs/index.html (128)
[230:230:0130/100855.304513:INFO:CONSOLE(128)] "currentLatencynow: 43.435", source: file:///home/seluser/ppt/player/dashjs/index.html (128)
[230:230:0130/100856.304465:INFO:CONSOLE(128)] "currentLatencynow: 44.435", source: file:///home/seluser/ppt/player/dashjs/index.html (128)
[230:230:0130/100857.304477:INFO:CONSOLE(128)] "currentLatencynow: 45.435", source: file:///home/seluser/ppt/player/dashjs/index.html (128)
[230:230:0130/100858.304471:INFO:CONSOLE(128)] "currentLatencynow: 46.435", source: file:///home/seluser/ppt/player/dashjs/index.html (128)
[230:230:0130/100859.304431:INFO:CONSOLE(128)] "currentLatencynow: 47.435", source: file:///home/seluser/ppt/player/dashjs/index.html (128)
[230:230:0130/100900.304501:INFO:CONSOLE(128)] "currentLatencynow: 48.435", source: file:///home/seluser/ppt/player/dashjs/index.html (128)
[230:230:0130/100901.304688:INFO:CONSOLE(128)] "currentLatencynow: 49.435", source: file:///home/seluser/ppt/player/dashjs/index.html (128)
[230:230:0130/100902.304496:INFO:CONSOLE(128)] "currentLatencynow: 50.435", source: file:///home/seluser/ppt/player/dashjs/index.html (128)
[230:230:0130/100903.304530:INFO:CONSOLE(128)] "currentLatencynow: 51.435", source: file:///home/seluser/ppt/player/dashjs/index.html (128)
[230:230:0130/100904.304526:INFO:CONSOLE(128)] "currentLatencynow: 52.435", source: file:///home/seluser/ppt/player/dashjs/index.html (128)
[230:230:0130/100905.304474:INFO:CONSOLE(128)] "currentLatencynow: 53.435", source: file:///home/seluser/ppt/player/dashjs/index.html (128)
[230:230:0130/100906.304484:INFO:CONSOLE(128)] "currentLatencynow: 54.435", source: file:///home/seluser/ppt/player/dashjs/index.html (128)
[230:230:0130/100907.304500:INFO:CONSOLE(128)] "currentLatencynow: 55.435", source: file:///home/seluser/ppt/player/dashjs/index.html (128)
[230:330:0130/100907.910246:ERROR:database.cc(1761)] History SQLite error: code 13 errno 0: database or disk is full sql: INSERT OR REPLACE INTO meta (key,value) VALUES (?,?)
[230:230:0130/100908.304416:INFO:CONSOLE(128)] "currentLatencynow: 56.435", source: file:///home/seluser/ppt/player/dashjs/index.html (128)
[230:230:0130/100909.304475:INFO:CONSOLE(128)] "currentLatencynow: 57.435", source: file:///home/seluser/ppt/player/dashjs/index.html (128)
[230:230:0130/100910.304540:INFO:CONSOLE(128)] "currentLatencynow: 58.435", source: file:///home/seluser/ppt/player/dashjs/index.html (128)
[230:230:0130/100911.304468:INFO:CONSOLE(128)] "currentLatencynow: 59.435", source: file:///home/seluser/ppt/player/dashjs/index.html (128)
[230:230:0130/100912.304483:INFO:CONSOLE(128)] "currentLatencynow: 60.435", source: file:///home/seluser/ppt/player/dashjs/index.html (128)
[230:230:0130/100913.304875:INFO:CONSOLE(128)] "currentLatencynow: 61.435", source: file:///home/seluser/ppt/player/dashjs/index.html (128)
[230:230:0130/100914.304568:INFO:CONSOLE(128)] "currentLatencynow: 62.435", source: file:///home/seluser/ppt/player/dashjs/index.html (128)
[302:336:0130/100914.887336:ERROR:simple_index_file.cc(310)] Failed to write the temporary index file
[230:230:0130/100915.304455:INFO:CONSOLE(128)] "currentLatencynow: 63.435", source: file:///home/seluser/ppt/player/dashjs/index.html (128)
[230:230:0130/100916.304515:INFO:CONSOLE(128)] "currentLatencynow: 64.435", source: file:///home/seluser/ppt/player/dashjs/index.html (128)
[230:230:0130/100917.304713:INFO:CONSOLE(128)] "currentLatencynow: 65.435", source: file:///home/seluser/ppt/player/dashjs/index.html (128)
[230:230:0130/100918.304543:INFO:CONSOLE(128)] "currentLatencynow: 66.435", source: file:///home/seluser/ppt/player/dashjs/index.html (128)
[230:230:0130/100919.304666:INFO:CONSOLE(128)] "currentLatencynow: 67.435", source: file:///home/seluser/ppt/player/dashjs/index.html (128)
[230:230:0130/100920.304689:INFO:CONSOLE(128)] "currentLatencynow: 68.435", source: file:///home/seluser/ppt/player/dashjs/index.html (128)
[230:230:0130/100921.304658:INFO:CONSOLE(128)] "currentLatencynow: 69.435", source: file:///home/seluser/ppt/player/dashjs/index.html (128)
[230:230:0130/100922.304673:INFO:CONSOLE(128)] "currentLatencynow: 70.435", source: file:///home/seluser/ppt/player/dashjs/index.html (128)
[230:230:0130/100923.304649:INFO:CONSOLE(128)] "currentLatencynow: 71.435", source: file:///home/seluser/ppt/player/dashjs/index.html (128)
[230:230:0130/100924.304691:INFO:CONSOLE(128)] "currentLatencynow: 72.435", source: file:///home/seluser/ppt/player/dashjs/index.html (128)
[230:230:0130/100925.304512:INFO:CONSOLE(128)] "currentLatencynow: 73.435", source: file:///home/seluser/ppt/player/dashjs/index.html (128)
[230:230:0130/100926.304493:INFO:CONSOLE(128)] "currentLatencynow: 74.435", source: file:///home/seluser/ppt/player/dashjs/index.html (128)
[230:230:0130/100927.304701:INFO:CONSOLE(128)] "cu[230:230:0130/101059.304611:INFO:CONSOLE(128)] "currentLatencynow: 167.435", source: file:///home/seluser/ppt/player/dashjs/index.html (128)
[230:230:0130/101100.304603:INFO:CONSOLE(128)] "currentLatencynow: 168.435", source: file:///home/seluser/ppt/player/dashjs/index.html (128)
[230:230:0130/101101.304652:INFO:CONSOLE(128)] "currentLatencynow: 169.435", source: file:///home/seluser/ppt/player/dashjs/index.html (128)
[230:230:0130/101102.304696:INFO:CONSOLE(128)] "currentLatencynow: 170.435", source: file:///home/seluser/ppt/player/dashjs/index.html (128)
[230:230:0130/101103.304679:INFO:CONSOLE(128)] "currentLatencynow: 171.435", source: file:///home/seluser/ppt/player/dashjs/index.html (128)
[230:230:0130/101104.304733:INFO:CONSOLE(128)] "currentLatencynow: 172.435", source: file:///home/seluser/ppt/player/dashjs/index.html (128)
[230:230:0130/101105.304599:INFO:CONSOLE(128)] "currentLatencynow: 173.435", source: file:///home/seluser/ppt/player/dashjs/index.html (128)
[230:230:0130/101106.304576:INFO:CONSOLE(128)] "currentLatencynow: 174.435", source: file:///home/seluser/ppt/player/dashjs/index.html (128)
[230:230:0130/101107.304701:INFO:CONSOLE(128)] "currentLatencynow: 175.435", source: file:///home/seluser/ppt/player/dashjs/index.html (128)
[230:230:0130/101108.304629:INFO:CONSOLE(128)] "currentLatencynow: 176.435", source: file:///home/seluser/ppt/player/dashjs/index.html (128)
[230:692:0130/101108.356260:ERROR:database.cc(1761)] History SQLite error: code 1 errno 0: cannot commit - no transaction is active sql: COMMIT
[230:230:0130/101108.376239:WARNING:pref_notifier_impl.cc(40)] Pref observer for media_router.cast_allow_all_ips found at shutdown.
