[230:294:0130/100808.567377:ERROR:bus.cc(392)] Failed to connect to the bus: Failed to connect to socket /var/run/dbus/system_bus_socket: No such file or directory
[230:257:0130/100808.569766:ERROR:bus.cc(392)] Failed to connect to the bus: Address does not contain a colon
[230:257:0130/100808.569866:ERROR:bus.cc(392)] Failed to connect to the bus: Address does not contain a colon
[230:257:0130/100808.581242:ERROR:bus.cc(392)] Failed to connect to the bus: Address does not contain a colon
[230:257:0130/100808.581293:ERROR:bus.cc(392)] Failed to connect to the bus: Address does not contain a colon
[300:300:0130/100808.585334:ERROR:gpu_init.cc(453)] Passthrough is not supported, GL is swiftshader, ANGLE is 
[230:257:0130/100808.613409:ERROR:bus.cc(392)] Failed to connect to the bus: Address does not contain a colon
[230:257:0130/100808.613466:ERROR:bus.cc(392)] Failed to connect to the bus: Address does not contain a colon
[230:393:0130/100808.668670:ERROR:bus.cc(392)] Failed to connect to the bus: Failed to connect to socket /var/run/dbus/system_bus_socket: No such file or directory
[230:393:0130/100808.668723:ERROR:bus.cc(392)] Failed to connect to the bus: Failed to connect to socket /var/run/dbus/system_bus_socket: No such file or directory
[230:393:0130/100808.668777:ERROR:bus.cc(392)] Failed to connect to the bus: Failed to connect to socket /var/run/dbus/system_bus_socket: No such file or directory
[230:393:0130/100808.668789:WARNING:property.cc(144)] DaemonVersion: GetAndBlock: failed.
[230:393:0130/100808.668817:ERROR:bus.cc(392)] Failed to connect to the bus: Failed to connect to socket /var/run/dbus/system_bus_socket: No such file or directory
[230:393:0130/100808.668849:ERROR:bus.cc(392)] Failed to connect to the bus: Failed to connect to socket /var/run/dbus/system_bus_socket: No such file or directory
[230:230:0130/100809.986858:INFO:CONSOLE(128)] "currentLatencynow: NaN", source: file:///home/seluser/ppt/player/dashjs/index.html (128)
[230:252:0130/100810.803976:ERROR:chrome_browser_main_extra_parts_metrics.cc(228)] crbug.com/1216328: Checking Bluetooth availability started. Please report if there is no report that this ends.
[230:252:0130/100810.804026:ERROR:chrome_browser_main_extra_parts_metrics.cc(231)] crbug.com/1216328: Checking Bluetooth availability ended.
[230:252:0130/100810.804042:ERROR:chrome_browser_main_extra_parts_metrics.cc(234)] crbug.com/1216328: Checking default browser status started. Please report if there is no report that this ends.
[230:230:0130/100810.986648:INFO:CONSOLE(128)] "currentLatencynow: NaN", source: file:///home/seluser/ppt/player/dashjs/index.html (128)
[230:252:0130/100811.007875:ERROR:chrome_browser_main_extra_parts_metrics.cc(238)] crbug.com/1216328: Checking default browser status ended.
[230:230:0130/100811.986424:INFO:CONSOLE(128)] "currentLatencynow: NaN", source: file:///home/seluser/ppt/player/dashjs/index.html (128)
[230:230:0130/100812.987338:INFO:CONSOLE(128)] "currentLatencynow: 0", source: file:///home/seluser/ppt/player/dashjs/index.html (128)
[230:230:0130/100813.986353:INFO:CONSOLE(128)] "currentLatencynow: 0", source: file:///home/seluser/ppt/player/dashjs/index.html (128)
[230:230:0130/100814.986627:INFO:CONSOLE(128)] "currentLatencynow: 0", source: file:///home/seluser/ppt/player/dashjs/index.html (128)
[230:230:0130/100815.986501:INFO:CONSOLE(128)] "currentLatencynow: 0", source: file:///home/seluser/ppt/player/dashjs/index.html (128)
[230:230:0130/100816.986439:INFO:CONSOLE(128)] "currentLatencynow: 0", source: file:///home/seluser/ppt/player/dashjs/index.html (128)
[230:230:0130/100817.986516:INFO:CONSOLE(128)] "currentLatencynow: 0", source: file:///home/seluser/ppt/player/dashjs/index.html (128)
[230:230:0130/100818.986477:INFO:CONSOLE(128)] "currentLatencynow: 0", source: file:///home/seluser/ppt/player/dashjs/index.html (128)
[230:230:0130/100819.986494:INFO:CONSOLE(128)] "currentLatencynow: 0", source: file:///home/seluser/ppt/player/dashjs/index.html (128)
[662:662:0130/100820.594907:WARNING:audio_manager_linux.cc(69)] Falling back to ALSA for audio output. PulseAudio is not available or could not be initialized.
[662:662:0130/100820.602332:ERROR:alsa_util.cc(204)] PcmOpen: default,No such file or directory
[662:662:0130/100820.602641:ERROR:alsa_util.cc(204)] PcmOpen: plug:default,No such file or directory
[230:230:0130/100820.987955:INFO:CONSOLE(128)] "currentLatencynow: 12.615", source: file:///home/seluser/ppt/player/dashjs/index.html (128)
[230:230:0130/100821.986534:INFO:CONSOLE(128)] "currentLatencynow: 13.615", source: file:///home/seluser/ppt/player/dashjs/index.html (128)
[230:230:0130/100822.986611:INFO:CONSOLE(128)] "currentLatencynow: 14.615", source: file:///home/seluser/ppt/player/dashjs/index.html (128)
[230:230:0130/100823.986527:INFO:CONSOLE(128)] "currentLatencynow: 15.615", source: file:///home/seluser/ppt/player/dashjs/index.html (128)
[230:230:0130/100824.986695:INFO:CONSOLE(128)] "currentLatencynow: 16.615", source: file:///home/seluser/ppt/player/dashjs/index.html (128)
[230:230:0130/100825.986601:INFO:CONSOLE(128)] "currentLatencynow: 17.615", source: file:///home/seluser/ppt/player/dashjs/index.html (128)
[230:230:0130/100826.991159:INFO:CONSOLE(128)] "currentLatencynow: 18.619", source: file:///home/seluser/ppt/player/dashjs/index.html (128)
[230:230:0130/100827.986470:INFO:CONSOLE(128)] "currentLatencynow: 19.615", source: file:///home/seluser/ppt/player/dashjs/index.html (128)
[230:230:0130/100828.986379:INFO:CONSOLE(128)] "currentLatencynow: 20.615", source: file:///home/seluser/ppt/player/dashjs/index.html (128)
[230:230:0130/100829.986419:INFO:CONSOLE(128)] "currentLatencynow: 21.615", source: file:///home/seluser/ppt/player/dashjs/index.html (128)
[230:257:0130/100830.214714:ERROR:bus.cc(392)] Failed to connect to the bus: Address does not contain a colon
[230:257:0130/100830.214788:ERROR:bus.cc(392)] Failed to connect to the bus: Address does not contain a colon
[230:257:0130/100830.214814:ERROR:bus.cc(392)] Failed to connect to the bus: Address does not contain a colon
[230:257:0130/100830.214909:ERROR:bus.cc(392)] Failed to connect to the bus: Address does not contain a colon
[230:257:0130/100830.214948:ERROR:bus.cc(392)] Failed to connect to the bus: Address does not contain a colon
[230:257:0130/100830.214971:ERROR:bus.cc(392)] Failed to connect to the bus: Address does not contain a colon
[230:257:0130/100830.214988:ERROR:bus.cc(392)] Failed to connect to the bus: Address does not contain a colon
[230:257:0130/100830.215002:ERROR:bus.cc(392)] Failed to connect to the bus: Address does not contain a colon
[230:257:0130/100830.215021:ERROR:bus.cc(392)] Failed to connect to the bus: Address does not contain a colon
[230:257:0130/100830.215035:ERROR:bus.cc(392)] Failed to connect to the bus: Address does not contain a colon
[230:257:0130/100830.215054:ERROR:bus.cc(392)] Failed to connect to the bus: Address does not contain a colon
[230:257:0130/100830.215071:ERROR:bus.cc(392)] Failed to connect to the bus: Address does not contain a colon
[230:257:0130/100830.215089:ERROR:bus.cc(392)] Failed to connect to the bus: Address does not contain a colon
[230:257:0130/100830.215100:ERROR:bus.cc(392)] Failed to connect to the bus: Address does not contain a colon
[230:257:0130/100830.215116:ERROR:bus.cc(392)] Failed to connect to the bus: Address does not contain a colon
[230:257:0130/100830.215127:ERROR:bus.cc(392)] Failed to connect to the bus: Address does not contain a colon
[230:257:0130/100830.215145:ERROR:bus.cc(392)] Failed to connect to the bus: Address does not contain a colon
[230:257:0130/100830.298503:ERROR:bus.cc(392)] Failed to connect to the bus: Address does not contain a colon
[230:257:0130/100830.298563:ERROR:bus.cc(392)] Failed to connect to the bus: Address does not contain a colon
[230:230:0130/100830.986459:INFO:CONSOLE(128)] "currentLatencynow: 21.855", source: file:///home/seluser/ppt/player/dashjs/index.html (128)
[230:230:0130/100831.986476:INFO:CONSOLE(128)] "currentLatencynow: 22.471", source: file:///home/seluser/ppt/player/dashjs/index.html (128)
[230:230:0130/100832.986536:INFO:CONSOLE(128)] "currentLatencynow: 23.471", source: file:///home/seluser/ppt/player/dashjs/index.html (128)
[230:230:0130/100833.986405:INFO:CONSOLE(128)] "currentLatencynow: 24.471", source: file:///home/seluser/ppt/player/dashjs/index.html (128)
[230:230:0130/100834.986493:INFO:CONSOLE(128)] "currentLatencynow: 25.471", source: file:///home/seluser/ppt/player/dashjs/index.html (128)
[230:257:0130/100835.777573:ERROR:bus.cc(392)] Failed to connect to the bus: Address does not contain a colon
[230:257:0130/100835.777640:ERROR:bus.cc(392)] Failed to connect to the bus: Address does not contain a colon
[230:230:0130/100835.986280:INFO:CONSOLE(128)] "currentLatencynow: 26.157", source: file:///home/seluser/ppt/player/dashjs/index.html (128)
[230:230:0130/100836.986448:INFO:CONSOLE(128)] "currentLatencynow: 26.157", source: file:///home/seluser/ppt/player/dashjs/index.html (128)
[230:230:0130/100837.986498:INFO:CONSOLE(128)] "currentLatencynow: 26.447", source: file:///home/seluser/ppt/player/dashjs/index.html (128)
[230:230:0130/100838.986465:INFO:CONSOLE(128)] "currentLatencynow: 27.447", source: file:///home/seluser/ppt/player/dashjs/index.html (128)
[230:230:0130/100839.986456:INFO:CONSOLE(128)] "currentLatencynow: 28.447", source: file:///home/seluser/ppt/player/dashjs/index.html (128)
[230:230:0130/100840.986375:INFO:CONSOLE(128)] "currentLatencynow: 29.447", source: file:///home/seluser/ppt/player/dashjs/index.html (128)
[230:230:0130/100841.986452:INFO:CONSOLE(128)] "currentLatencynow: 30.148", source: file:///home/seluser/ppt/player/dashjs/index.html (128)
[230:230:0130/100842.986481:INFO:CONSOLE(128)] "currentLatencynow: 31.148", source: file:///home/seluser/ppt/player/dashjs/index.html (128)
[230:230:0130/100843.986466:INFO:CONSOLE(128)] "currentLatencynow: 32.148", source: file:///home/seluser/ppt/player/dashjs/index.html (128)
[230:230:0130/100844.986599:INFO:CONSOLE(128)] "currentLatencynow: 33.148", source: file:///home/seluser/ppt/player/dashjs/index.html (128)
[230:230:0130/100845.986465:INFO:CONSOLE(128)] "currentLatencynow: 34.148", source: file:///home/seluser/ppt/player/dashjs/index.html (128)
[230:230:0130/100846.986562:INFO:CONSOLE(128)] "currentLatencynow: 35.148", source: file:///home/seluser/ppt/player/dashjs/index.html (128)
[230:230:0130/100847.986605:INFO:CONSOLE(128)] "currentLatencynow: 36.148", source: file:///home/seluser/ppt/player/dashjs/index.html (128)
[230:230:0130/100848.986462:INFO:CONSOLE(128)] "currentLatencynow: 37.148", source: file:///home/seluser/ppt/player/dashjs/index.html (128)
[230:230:0130/100849.986480:INFO:CONSOLE(128)] "currentLatencynow: 38.148", source: file:///home/seluser/ppt/player/dashjs/index.html (128)
[230:230:0130/100850.986459:INFO:CONSOLE(128)] "currentLatencynow: 39.148", source: file:///home/seluser/ppt/player/dashjs/index.html (128)
[230:230:0130/100851.986434:INFO:CONSOLE(128)] "currentLatencynow: 40.148", source: file:///home/seluser/ppt/player/dashjs/index.html (128)
[230:230:0130/100852.986788:INFO:CONSOLE(128)] "currentLatencynow: 41.148", source: file:///home/seluser/ppt/player/dashjs/index.html (128)
[230:230:0130/100853.986466:INFO:CONSOLE(128)] "currentLatencynow: 42.148", source: file:///home/seluser/ppt/player/dashjs/index.html (128)
[230:230:0130/100854.986512:INFO:CONSOLE(128)] "currentLatencynow: 43.148", source: file:///home/seluser/ppt/player/dashjs/index.html (128)
[230:230:0130/100855.986441:INFO:CONSOLE(128)] "currentLatencynow: 44.148", source: file:///home/seluser/ppt/player/dashjs/index.html (128)
[230:230:0130/100856.986426:INFO:CONSOLE(128)] "currentLatencynow: 45.148", source: file:///home/seluser/ppt/player/dashjs/index.html (128)
[230:230:0130/100857.986558:INFO:CONSOLE(128)] "currentLatencynow: 46.148", source: file:///home/seluser/ppt/player/dashjs/index.html (128)
[230:230:0130/100858.986509:INFO:CONSOLE(128)] "currentLatencynow: 47.148", source: file:///home/seluser/ppt/player/dashjs/index.html (128)
[230:230:0130/100859.986366:INFO:CONSOLE(128)] "currentLatencynow: 48.148", source: file:///home/seluser/ppt/player/dashjs/index.html (128)
[230:230:0130/100900.986697:INFO:CONSOLE(128)] "currentLatencynow: 49.148", source: file:///home/seluser/ppt/player/dashjs/index.html (128)
[230:230:0130/100901.986438:INFO:CONSOLE(128)] "currentLatencynow: 50.148", source: file:///home/seluser/ppt/player/dashjs/index.html (128)
[230:230:0130/100902.986375:INFO:CONSOLE(128)] "currentLatencynow: 51.148", source: file:///home/seluser/ppt/player/dashjs/index.html (128)
[230:230:0130/100903.986428:INFO:CONSOLE(128)] "currentLatencynow: 52.148", source: file:///home/seluser/ppt/player/dashjs/index.html (128)
[230:230:0130/100904.986465:INFO:CONSOLE(128)] "currentLatencynow: 53.148", source: file:///home/seluser/ppt/player/dashjs/index.html (128)
[230:230:0130/100905.986361:INFO:CONSOLE(128)] "currentLatencynow: 54.148", source: file:///home/seluser/ppt/player/dashjs/index.html (128)
[230:230:0130/100906.986343:INFO:CONSOLE(128)] "currentLatencynow: 55.148", source: file:///home/seluser/ppt/player/dashjs/index.html (128)
[230:230:0130/100907.986426:INFO:CONSOLE(128)] "currentLatencynow: 56.148", source: file:///home/seluser/ppt/player/dashjs/index.html (128)
[230:252:0130/100908.680616:ERROR:database.cc(1761)] History SQLite error: code 13 errno 0: database or disk is full sql: INSERT OR REPLACE INTO meta (key,value) VALUES (?,?)
[230:230:0130/100908.986348:INFO:CONSOLE(128)] "currentLatencynow: 57.148", source: file:///home/seluser/ppt/player/dashjs/index.html (128)
[230:230:0130/100909.986460:INFO:CONSOLE(128)] "currentLatencynow: 58.148", source: file:///home/seluser/ppt/player/dashjs/index.html (128)
[230:230:0130/100910.986481:INFO:CONSOLE(128)] "currentLatencynow: 59.148", source: file:///home/seluser/ppt/player/dashjs/index.html (128)
[230:230:0130/100911.986529:INFO:CONSOLE(128)] "currentLatencynow: 60.148", source: file:///home/seluser/ppt/player/dashjs/index.html (128)
[230:230:0130/100912.986478:INFO:CONSOLE(128)] "currentLatencynow: 61.148", source: file:///home/seluser/ppt/player/dashjs/index.html (128)
[230:230:0130/100913.986412:INFO:CONSOLE(128)] "currentLatencynow: 62.148", source: file:///home/seluser/ppt/player/dashjs/index.html (128)
[301:335:0130/100914.690059:ERROR:simple_index_file.cc(310)] Failed to write the temporary index file
[230:230:0130/100914.986651:INFO:CONSOLE(128)] "currentLatencynow: 63.148", source: file:///home/seluser/ppt/player/dashjs/index.html (128)
[230:230:0130/100915.986555:INFO:CONSOLE(128)] "currentLatencynow: 64.148", source: file:///home/seluser/ppt/player/dashjs/index.html (128)
[230:230:0130/100916.986572:INFO:CONSOLE(128)] "currentLatencynow: 65.148", source: file:///home/seluser/ppt/player/dashjs/index.html (128)
[230:230:0130/100917.986507:INFO:CONSOLE(128)] "currentLatencynow: 66.148", source: file:///home/seluser/ppt/player/dashjs/index.html (128)
[230:230:0130/100918.986513:INFO:CONSOLE(128)] "currentLatencynow: 67.148", source: file:///home/seluser/ppt/player/dashjs/index.html (128)
[230:230:0130/100919.986597:INFO:CONSOLE(128)] "currentLatencynow: 68.148", source: file:///home/seluser/ppt/player/dashjs/index.html (128)
[230:230:0130/100920.986422:INFO:CONSOLE(128)] "currentLatencynow: 69.148", source: file:///home/seluser/ppt/player/dashjs/index.html (128)
[230:230:0130/100921.986608:INFO:CONSOLE(128)] "currentLatencynow: 70.148", source: file:///home/seluser/ppt/player/dashjs/index.html (128)
[230:230:0130/100922.986545:INFO:CONSOLE(128)] "currentLatencynow: 71.148", source: file:///home/seluser/ppt/player/dashjs/index.html (128)
[230:230:0130/100923.986554:INFO:CONSOLE(128)] "currentLatencynow: 72.148", source: file:///home/seluser/ppt/player/dashjs/index.html (128)
[230:230:0130/100924.986549:INFO:CONSOLE(128)] "currentLatencynow: 73.148", source: file:///home/seluser/ppt/player/dashjs/index.html (128)
[230:230:0130/100925.986504:INFO:CONSOLE(128)] "currentLatencynow: 74.148", source: file:///home/seluser/ppt/player/dashjs/index.html (128)
[230:230:0130/100926.986638:INFO:CONSOLE(128)] "currentLatencynow: 75.148", source: file:///home/seluser/ppt/player/dashjs/index.html (128)
[230:230:0130/100927.986690:INFO:CONSOLE(128)] "curr[230:230:0130/101058.986401:INFO:CONSOLE(128)] "currentLatencynow: 167.148", source: file:///home/seluser/ppt/player/dashjs/index.html (128)
[230:230:0130/101059.986557:INFO:CONSOLE(128)] "currentLatencynow: 168.148", source: file:///home/seluser/ppt/player/dashjs/index.html (128)
[230:230:0130/101100.986607:INFO:CONSOLE(128)] "currentLatencynow: 169.148", source: file:///home/seluser/ppt/player/dashjs/index.html (128)
[230:230:0130/101101.986582:INFO:CONSOLE(128)] "currentLatencynow: 170.148", source: file:///home/seluser/ppt/player/dashjs/index.html (128)
[230:230:0130/101102.986534:INFO:CONSOLE(128)] "currentLatencynow: 171.148", source: file:///home/seluser/ppt/player/dashjs/index.html (128)
[230:230:0130/101103.986470:INFO:CONSOLE(128)] "currentLatencynow: 172.148", source: file:///home/seluser/ppt/player/dashjs/index.html (128)
[230:230:0130/101104.986492:INFO:CONSOLE(128)] "currentLatencynow: 173.148", source: file:///home/seluser/ppt/player/dashjs/index.html (128)
[230:230:0130/101105.986436:INFO:CONSOLE(128)] "currentLatencynow: 174.148", source: file:///home/seluser/ppt/player/dashjs/index.html (128)
[230:230:0130/101106.986414:INFO:CONSOLE(128)] "currentLatencynow: 175.148", source: file:///home/seluser/ppt/player/dashjs/index.html (128)
[230:230:0130/101107.986636:INFO:CONSOLE(128)] "currentLatencynow: 176.148", source: file:///home/seluser/ppt/player/dashjs/index.html (128)
[230:230:0130/101108.986619:INFO:CONSOLE(128)] "currentLatencynow: 177.148", source: file:///home/seluser/ppt/player/dashjs/index.html (128)
[230:252:0130/101109.218920:ERROR:database.cc(1761)] History SQLite error: code 1 errno 0: cannot commit - no transaction is active sql: COMMIT
[230:230:0130/101109.220515:WARNING:pref_notifier_impl.cc(40)] Pref observer for media_router.cast_allow_all_ips found at shutdown.
