[102:138:0103/120838.373590:ERROR:bus.cc(392)] Failed to connect to the bus: Failed to connect to socket /var/run/dbus/system_bus_socket: No such file or directory
[102:129:0103/120838.376281:ERROR:bus.cc(392)] Failed to connect to the bus: Address does not contain a colon
[102:129:0103/120838.376316:ERROR:bus.cc(392)] Failed to connect to the bus: Address does not contain a colon
[142:142:0103/120838.395075:ERROR:gpu_init.cc(453)] Passthrough is not supported, GL is swiftshader, ANGLE is 
[102:129:0103/120838.397187:ERROR:bus.cc(392)] Failed to connect to the bus: Address does not contain a colon
[102:129:0103/120838.397228:ERROR:bus.cc(392)] Failed to connect to the bus: Address does not contain a colon
[102:129:0103/120838.433188:ERROR:bus.cc(392)] Failed to connect to the bus: Address does not contain a colon
[102:129:0103/120838.433255:ERROR:bus.cc(392)] Failed to connect to the bus: Address does not contain a colon
[102:224:0103/120838.603022:ERROR:bus.cc(392)] Failed to connect to the bus: Failed to connect to socket /var/run/dbus/system_bus_socket: No such file or directory
[102:224:0103/120838.603096:ERROR:bus.cc(392)] Failed to connect to the bus: Failed to connect to socket /var/run/dbus/system_bus_socket: No such file or directory
[102:224:0103/120838.603163:ERROR:bus.cc(392)] Failed to connect to the bus: Failed to connect to socket /var/run/dbus/system_bus_socket: No such file or directory
[102:224:0103/120838.603180:WARNING:property.cc(144)] DaemonVersion: GetAndBlock: failed.
[102:224:0103/120838.603221:ERROR:bus.cc(392)] Failed to connect to the bus: Failed to connect to socket /var/run/dbus/system_bus_socket: No such file or directory
[102:224:0103/120838.603266:ERROR:bus.cc(392)] Failed to connect to the bus: Failed to connect to socket /var/run/dbus/system_bus_socket: No such file or directory
[102:166:0103/120841.564939:ERROR:chrome_browser_main_extra_parts_metrics.cc(228)] crbug.com/1216328: Checking Bluetooth availability started. Please report if there is no report that this ends.
[102:166:0103/120841.564983:ERROR:chrome_browser_main_extra_parts_metrics.cc(231)] crbug.com/1216328: Checking Bluetooth availability ended.
[102:166:0103/120841.564994:ERROR:chrome_browser_main_extra_parts_metrics.cc(234)] crbug.com/1216328: Checking default browser status started. Please report if there is no report that this ends.
[102:166:0103/120841.693421:ERROR:chrome_browser_main_extra_parts_metrics.cc(238)] crbug.com/1216328: Checking default browser status ended.
[102:102:0103/120844.330019:INFO:CONSOLE(126)] "currentLatencynow: NaN", source: file:///home/seluser/ppt/player/bola1/index.html (126)
[102:102:0103/120845.329601:INFO:CONSOLE(126)] "currentLatencynow: NaN", source: file:///home/seluser/ppt/player/bola1/index.html (126)
[102:102:0103/120846.329612:INFO:CONSOLE(126)] "currentLatencynow: 0", source: file:///home/seluser/ppt/player/bola1/index.html (126)
[441:441:0103/120846.471472:WARNING:audio_manager_linux.cc(69)] Falling back to ALSA for audio output. PulseAudio is not available or could not be initialized.
[441:441:0103/120846.476727:ERROR:alsa_util.cc(204)] PcmOpen: default,No such file or directory
[441:441:0103/120846.477008:ERROR:alsa_util.cc(204)] PcmOpen: plug:default,No such file or directory
[102:102:0103/120847.329637:INFO:CONSOLE(126)] "currentLatencynow: 5.339", source: file:///home/seluser/ppt/player/bola1/index.html (126)
[102:102:0103/120848.329578:INFO:CONSOLE(126)] "currentLatencynow: 6.339", source: file:///home/seluser/ppt/player/bola1/index.html (126)
[102:129:0103/120848.851664:ERROR:bus.cc(392)] Failed to connect to the bus: Address does not contain a colon
[102:129:0103/120848.851723:ERROR:bus.cc(392)] Failed to connect to the bus: Address does not contain a colon
[102:129:0103/120848.851740:ERROR:bus.cc(392)] Failed to connect to the bus: Address does not contain a colon
[102:129:0103/120848.851756:ERROR:bus.cc(392)] Failed to connect to the bus: Address does not contain a colon
[102:129:0103/120848.851772:ERROR:bus.cc(392)] Failed to connect to the bus: Address does not contain a colon
[102:129:0103/120848.851798:ERROR:bus.cc(392)] Failed to connect to the bus: Address does not contain a colon
[102:129:0103/120848.851815:ERROR:bus.cc(392)] Failed to connect to the bus: Address does not contain a colon
[102:129:0103/120848.851829:ERROR:bus.cc(392)] Failed to connect to the bus: Address does not contain a colon
[102:129:0103/120848.851841:ERROR:bus.cc(392)] Failed to connect to the bus: Address does not contain a colon
[102:129:0103/120848.851855:ERROR:bus.cc(392)] Failed to connect to the bus: Address does not contain a colon
[102:129:0103/120848.851869:ERROR:bus.cc(392)] Failed to connect to the bus: Address does not contain a colon
[102:129:0103/120848.851883:ERROR:bus.cc(392)] Failed to connect to the bus: Address does not contain a colon
[102:129:0103/120848.851896:ERROR:bus.cc(392)] Failed to connect to the bus: Address does not contain a colon
[102:129:0103/120848.851910:ERROR:bus.cc(392)] Failed to connect to the bus: Address does not contain a colon
[102:129:0103/120848.858989:ERROR:bus.cc(392)] Failed to connect to the bus: Address does not contain a colon
[102:129:0103/120848.859037:ERROR:bus.cc(392)] Failed to connect to the bus: Address does not contain a colon
[102:129:0103/120848.859059:ERROR:bus.cc(392)] Failed to connect to the bus: Address does not contain a colon
[102:129:0103/120848.881831:ERROR:bus.cc(392)] Failed to connect to the bus: Address does not contain a colon
[102:129:0103/120848.881887:ERROR:bus.cc(392)] Failed to connect to the bus: Address does not contain a colon
[102:102:0103/120849.329651:INFO:CONSOLE(126)] "currentLatencynow: 6.92", source: file:///home/seluser/ppt/player/bola1/index.html (126)
[102:102:0103/120850.329591:INFO:CONSOLE(126)] "currentLatencynow: 7.187", source: file:///home/seluser/ppt/player/bola1/index.html (126)
[102:102:0103/120851.329813:INFO:CONSOLE(126)] "currentLatencynow: 8.187", source: file:///home/seluser/ppt/player/bola1/index.html (126)
[102:102:0103/120852.329651:INFO:CONSOLE(126)] "currentLatencynow: 9.187", source: file:///home/seluser/ppt/player/bola1/index.html (126)
[102:129:0103/120853.220719:ERROR:bus.cc(392)] Failed to connect to the bus: Address does not contain a colon
[102:129:0103/120853.220776:ERROR:bus.cc(392)] Failed to connect to the bus: Address does not contain a colon
[102:102:0103/120853.329704:INFO:CONSOLE(126)] "currentLatencynow: 10.028", source: file:///home/seluser/ppt/player/bola1/index.html (126)
[102:102:0103/120854.329638:INFO:CONSOLE(126)] "currentLatencynow: 10.028", source: file:///home/seluser/ppt/player/bola1/index.html (126)
[102:102:0103/120855.329553:INFO:CONSOLE(126)] "currentLatencynow: 10.028", source: file:///home/seluser/ppt/player/bola1/index.html (126)
[102:102:0103/120856.329601:INFO:CONSOLE(126)] "currentLatencynow: 10.028", source: file:///home/seluser/ppt/player/bola1/index.html (126)
[102:102:0103/120857.329567:INFO:CONSOLE(126)] "currentLatencynow: 10.17", source: file:///home/seluser/ppt/player/bola1/index.html (126)
[102:102:0103/120858.329559:INFO:CONSOLE(126)] "currentLatencynow: 11.17", source: file:///home/seluser/ppt/player/bola1/index.html (126)
[102:102:0103/120859.329573:INFO:CONSOLE(126)] "currentLatencynow: 12.17", source: file:///home/seluser/ppt/player/bola1/index.html (126)
[102:102:0103/120900.329619:INFO:CONSOLE(126)] "currentLatencynow: 13.17", source: file:///home/seluser/ppt/player/bola1/index.html (126)
[102:129:0103/120901.297789:ERROR:bus.cc(392)] Failed to connect to the bus: Address does not contain a colon
[102:129:0103/120901.297841:ERROR:bus.cc(392)] Failed to connect to the bus: Address does not contain a colon
[102:102:0103/120901.329712:INFO:CONSOLE(126)] "currentLatencynow: 14.085", source: file:///home/seluser/ppt/player/bola1/index.html (126)
[102:102:0103/120902.329597:INFO:CONSOLE(126)] "currentLatencynow: 14.022", source: file:///home/seluser/ppt/player/bola1/index.html (126)
[102:102:0103/120903.329572:INFO:CONSOLE(126)] "currentLatencynow: 14.164", source: file:///home/seluser/ppt/player/bola1/index.html (126)
[102:102:0103/120904.329553:INFO:CONSOLE(126)] "currentLatencynow: 14.339", source: file:///home/seluser/ppt/player/bola1/index.html (126)
[102:102:0103/120905.329607:INFO:CONSOLE(126)] "currentLatencynow: 14.239", source: file:///home/seluser/ppt/player/bola1/index.html (126)
[102:102:0103/120906.329548:INFO:CONSOLE(126)] "currentLatencynow: 15.136", source: file:///home/seluser/ppt/player/bola1/index.html (126)
[102:102:0103/120907.329851:INFO:CONSOLE(126)] "currentLatencynow: 15.836", source: file:///home/seluser/ppt/player/bola1/index.html (126)
[102:102:0103/120908.329963:INFO:CONSOLE(126)] "currentLatencynow: 15.736", source: file:///home/seluser/ppt/player/bola1/index.html (126)
[102:102:0103/120909.329656:INFO:CONSOLE(126)] "currentLatencynow: 15.636", source: file:///home/seluser/ppt/player/bola1/index.html (126)
[102:102:0103/120910.329604:INFO:CONSOLE(126)] "currentLatencynow: 15.536", source: file:///home/seluser/ppt/player/bola1/index.html (126)
[102:102:0103/120911.329695:INFO:CONSOLE(126)] "currentLatencynow: 15.436", source: file:///home/seluser/ppt/player/bola1/index.html (126)
[102:102:0103/120912.329603:INFO:CONSOLE(126)] "currentLatencynow: 15.336", source: file:///home/seluser/ppt/player/bola1/index.html (126)
[102:102:0103/120913.329655:INFO:CONSOLE(126)] "currentLatencynow: 15.236", source: file:///home/seluser/ppt/player/bola1/index.html (126)
[102:102:0103/120914.329674:INFO:CONSOLE(126)] "currentLatencynow: 15.144", source: file:///home/seluser/ppt/player/bola1/index.html (126)
[102:102:0103/120915.329854:INFO:CONSOLE(126)] "currentLatencynow: 15.144", source: file:///home/seluser/ppt/player/bola1/index.html (126)
[102:102:0103/120916.329702:INFO:CONSOLE(126)] "currentLatencynow: 15.135", source: file:///home/seluser/ppt/player/bola1/index.html (126)
[102:102:0103/120917.329584:INFO:CONSOLE(126)] "currentLatencynow: 15.035", source: file:///home/seluser/ppt/player/bola1/index.html (126)
[102:102:0103/120918.329718:INFO:CONSOLE(126)] "currentLatencynow: 14.935", source: file:///home/seluser/ppt/player/bola1/index.html (126)
[102:102:0103/120919.329550:INFO:CONSOLE(126)] "currentLatencynow: 14.836", source: file:///home/seluser/ppt/player/bola1/index.html (126)
[102:102:0103/120920.329611:INFO:CONSOLE(126)] "currentLatencynow: 14.735", source: file:///home/seluser/ppt/player/bola1/index.html (126)
[102:102:0103/120921.329581:INFO:CONSOLE(126)] "currentLatencynow: 14.635", source: file:///home/seluser/ppt/player/bola1/index.html (126)
[102:102:0103/120922.329552:INFO:CONSOLE(126)] "currentLatencynow: 14.535", source: file:///home/seluser/ppt/player/bola1/index.html (126)
[102:102:0103/120923.329637:INFO:CONSOLE(126)] "currentLatencynow: 14.435", source: file:///home/seluser/ppt/player/bola1/index.html (126)
[102:102:0103/120924.329570:INFO:CONSOLE(126)] "currentLatencynow: 14.335", source: file:///home/seluser/ppt/player/bola1/index.html (126)
[102:102:0103/120925.329567:INFO:CONSOLE(126)] "currentLatencynow: 14.235", source: file:///home/seluser/ppt/player/bola1/index.html (126)
[102:102:0103/120926.329811:INFO:CONSOLE(126)] "currentLatencynow: 14.134", source: file:///home/seluser/ppt/player/bola1/index.html (126)
[102:102:0103/120927.329576:INFO:CONSOLE(126)] "currentLatencynow: 14.035", source: file:///home/seluser/ppt/player/bola1/index.html (126)
[102:102:0103/120928.329655:INFO:CONSOLE(126)] "currentLatencynow: 13.935", source: file:///home/seluser/ppt/player/bola1/index.html (126)
[102:102:0103/120929.332445:INFO:CONSOLE(126)] "currentLatencynow: 13.835", source: file:///home/seluser/ppt/player/bola1/index.html (126)
[102:102:0103/120930.329595:INFO:CONSOLE(126)] "currentLatencynow: 13.735", source: file:///home/seluser/ppt/player/bola1/index.html (126)
[102:102:0103/120931.329856:INFO:CONSOLE(126)] "currentLatencynow: 13.634", source: file:///home/seluser/ppt/player/bola1/index.html (126)
[102:102:0103/120932.329988:INFO:CONSOLE(126)] "currentLatencynow: 13.534", source: file:///home/seluser/ppt/player/bola1/index.html (126)
[102:102:0103/120933.329862:INFO:CONSOLE(126)] "currentLatencynow: 13.436", source: file:///home/seluser/ppt/player/bola1/index.html (126)
[102:102:0103/120934.330099:INFO:CONSOLE(126)] "currentLatencynow: 13.334", source: file:///home/seluser/ppt/player/bola1/index.html (126)
[102:102:0103/120935.331163:INFO:CONSOLE(126)] "currentLatencynow: 13.235", source: file:///home/seluser/ppt/player/bola1/index.html (126)
[102:102:0103/120936.330611:INFO:CONSOLE(126)] "currentLatencynow: 13.135", source: file:///home/seluser/ppt/player/bola1/index.html (126)
[102:102:0103/120937.332080:INFO:CONSOLE(126)] "currentLatencynow: 13.035", source: file:///home/seluser/ppt/player/bola1/index.html (126)
[102:102:0103/120938.329812:INFO:CONSOLE(126)] "currentLatencynow: 12.935", source: file:///home/seluser/ppt/player/bola1/index.html (126)
[102:102:0103/120939.329817:INFO:CONSOLE(126)] "currentLatencynow: 12.835", source: file:///home/seluser/ppt/player/bola1/index.html (126)
[102:102:0103/120940.329615:INFO:CONSOLE(126)] "currentLatencynow: 12.735", source: file:///home/seluser/ppt/player/bola1/index.html (126)
[102:102:0103/120941.329648:INFO:CONSOLE(126)] "currentLatencynow: 12.635", source: file:///home/seluser/ppt/player/bola1/index.html (126)
[102:102:0103/120942.329640:INFO:CONSOLE(126)] "currentLatencynow: 13.062", source: file:///home/seluser/ppt/player/bola1/index.html (126)
[102:102:0103/120943.329630:INFO:CONSOLE(126)] "currentLatencynow: 14.062", source: file:///home/seluser/ppt/player/bola1/index.html (126)
[102:102:0103/120944.329737:INFO:CONSOLE(126)] "currentLatencynow: 14.152", source: file:///home/seluser/ppt/player/bola1/index.html (126)
[102:102:0103/120945.329690:INFO:CONSOLE(126)] "currentLatencynow: 14.152", source: file:///home/seluser/ppt/player/bola1/index.html (126)
[102:102:0103/120946.329609:INFO:CONSOLE(126)] "currentLatencynow: 14.152", source: file:///home/seluser/ppt/player/bola1/index.html (126)
[102:102:0103/120947.329627:INFO:CONSOLE(126)] "currentLatencynow: 14.152", source: file:///home/seluser/ppt/player/bola1/index.html (126)
[102:102:0103/120948.329650:INFO:CONSOLE(126)] "currentLatencynow: 14.728", source: file:///home/seluser/ppt/player/bola1/index.html (126)
[102:102:0103/120949.329641:INFO:CONSOLE(126)] "currentLatencynow: 14.728", source: file:///home/seluser/ppt/player/bola1/index.html (126)
[102:102:0103/120950.329597:INFO:CONSOLE(126)] "currentLatencynow: 14.728", source: file:///home/seluser/ppt/player/bola1/index.html (126)
[102:102:0103/120951.329618:INFO:CONSOLE(126)] "currentLatencynow: 14.728", source: file:///home/seluser/ppt/player/bola1/index.html (126)
[102:102:0103/120952.329557:INFO:CONSOLE(126)] "currentLatencynow: 15.043", source: file:///home/seluser/ppt/player/bola1/index.html (126)
[102:102:0103/120953.329595:INFO:CONSOLE(126)] "currentLatencynow: 15.688", source: file:///home/seluser/ppt/player/bola1/index.html (126)
[102:102:0103/120954.329635:INFO:CONSOLE(126)] "currentLatencynow: 15.688", source: file:///home/seluser/ppt/player/bola1/index.html (126)
[102:102:0103/120955.329645:INFO:CONSOLE(126)] "currentLatencynow: 15.632", source: file:///home/seluser/ppt/player/bola1/index.html (126)
[102:102:0103/120956.329673:INFO:CONSOLE(126)] "currentLatencynow: 15.532", source: file:///home/seluser/ppt/player/bola1/index.html (126)
[102:102:0103/120957.329660:INFO:CONSOLE(126)] "currentLatencynow: 15.432", source: file:///home/seluser/ppt/player/bola1/index.html (126)
[102:102:0103/120958.331535:INFO:CONSOLE(126)] "currentLatencynow: 15.333", source: file:///home/seluser/ppt/player/bola1/index.html (126)
[102:102:0103/120959.329643:INFO:CONSOLE(126)] "currentLatencynow: 15.232", source: file:///home/seluser/ppt/player/bola1/index.html (126)
[102:102:0103/121000.329869:INFO:CONSOLE(126)] "currentLatencynow: 15.132", source: file:///home/seluser/ppt/player/bola1/index.html (126)
[102:102:0103/121001.329602:INFO:CONSOLE(126)] "currentLatencynow: 15.032", source: file:///home/seluser/ppt/player/bola1/index.html (126)
[102:102:0103/121002.329784:INFO:CONSOLE(126)] "currentLatencynow: 14.932", source: file:///home/seluser/ppt/player/bola1/index.html (126)
[102:102:0103/121003.329583:INFO:CONSOLE(126)] "currentLatencynow: 14.832", source: file:///home/seluser/ppt/player/bola1/index.html (126)
[102:102:0103/121004.329569:INFO:CONSOLE(126)] "currentLatencynow: 14.757", source: file:///home/seluser/ppt/player/bola1/index.html (126)
[102:102:0103/121005.329614:INFO:CONSOLE(126)] "currentLatencynow: 14.657", source: file:///home/seluser/ppt/player/bola1/index.html (126)
[102:102:0103/121006.329581:INFO:CONSOLE(126)] "currentLatencynow: 14.557", source: file:///home/seluser/ppt/player/bola1/index.html (126)
[102:102:0103/121007.329658:INFO:CONSOLE(126)] "currentLatencynow: 14.457", source: file:///home/seluser/ppt/player/bola1/index.html (126)
[102:102:0103/121008.329679:INFO:CONSOLE(126)] "currentLatencynow: 14.357", source: file:///home/seluser/ppt/player/bola1/index.html (126)
[102:102:0103/121009.329681:INFO:CONSOLE(126)] "currentLatencynow: 14.257", source: file:///home/seluser/ppt/player/bola1/index.html (126)
[102:102:0103/121010.329587:INFO:CONSOLE(126)] "currentLatencynow: 14.157", source: file:///home/seluser/ppt/player/bola1/index.html (126)
[102:102:0103/121011.329586:INFO:CONSOLE(126)] "currentLatencynow: 14.057", source: file:///home/seluser/ppt/player/bola1/index.html (126)
[102:102:0103/121012.329678:INFO:CONSOLE(126)] "currentLatencynow: 13.957", source: file:///home/seluser/ppt/player/bola1/index.html (126)
[102:102:0103/121013.329542:INFO:CONSOLE(126)] "currentLatencynow: 13.99", source: file:///home/seluser/ppt/player/bola1/index.html (126)
[102:102:0103/121014.329573:INFO:CONSOLE(126)] "currentLatencynow: 14.917", source: file:///home/seluser/ppt/player/bola1/index.html (126)
[102:102:0103/121015.329599:INFO:CONSOLE(126)] "currentLatencynow: 14.946", source: file:///home/seluser/ppt/player/bola1/index.html (126)
[102:102:0103/121016.329536:INFO:CONSOLE(126)] "currentLatencynow: 14.946", source: file:///home/seluser/ppt/player/bola1/index.html (126)
[102:102:0103/121017.329806:INFO:CONSOLE(126)] "currentLatencynow: 14.946", source: file:///home/seluser/ppt/player/bola1/index.html (126)
[102:102:0103/121018.329651:INFO:CONSOLE(126)] "currentLatencynow: 14.917", source: file:///home/seluser/ppt/player/bola1/index.html (126)
[102:102:0103/121019.329615:INFO:CONSOLE(126)] "currentLatencynow: 14.817", source: file:///home/seluser/ppt/player/bola1/index.html (126)
[102:102:0103/121020.329652:INFO:CONSOLE(126)] "currentLatencynow: 14.717", source: file:///home/seluser/ppt/player/bola1/index.html (126)
[102:102:0103/121021.329636:INFO:CONSOLE(126)] "currentLatencynow: 14.617", source: file:///home/seluser/ppt/player/bola1/index.html (126)
[102:102:0103/121022.329637:INFO:CONSOLE(126)] "currentLatencynow: 14.517", source: file:///home/seluser/ppt/player/bola1/index.html (126)
[102:102:0103/121023.329584:INFO:CONSOLE(126)] "currentLatencynow: 14.417", source: file:///home/seluser/ppt/player/bola1/index.html (126)
[102:102:0103/121024.329573:INFO:CONSOLE(126)] "currentLatencynow: 14.317", source: file:///home/seluser/ppt/player/bola1/index.html (126)
[102:102:0103/121025.329619:INFO:CONSOLE(126)] "currentLatencynow: 14.217", source: file:///home/seluser/ppt/player/bola1/index.html (126)
[102:102:0103/121026.329606:INFO:CONSOLE(126)] "currentLatencynow: 14.117", source: file:///home/seluser/ppt/player/bola1/index.html (126)
[102:102:0103/121027.329637:INFO:CONSOLE(126)] "currentLatencynow: 14.017", source: file:///home/seluser/ppt/player/bola1/index.html (126)
[102:102:0103/121028.330746:INFO:CONSOLE(126)] "currentLatencynow: 13.917", source: file:///home/seluser/ppt/player/bola1/index.html (126)
[102:102:0103/121029.329619:INFO:CONSOLE(126)] "currentLatencynow: 13.817", source: file:///home/seluser/ppt/player/bola1/index.html (126)
[102:102:0103/121030.329620:INFO:CONSOLE(126)] "currentLatencynow: 13.717", source: file:///home/seluser/ppt/player/bola1/index.html (126)
[102:102:0103/121031.329552:INFO:CONSOLE(126)] "currentLatencynow: 13.617", source: file:///home/seluser/ppt/player/bola1/index.html (126)
[102:102:0103/121032.329590:INFO:CONSOLE(126)] "currentLatencynow: 13.517", source: file:///home/seluser/ppt/player/bola1/index.html (126)
[102:102:0103/121033.329641:INFO:CONSOLE(126)] "currentLatencynow: 13.417", source: file:///home/seluser/ppt/player/bola1/index.html (126)
[102:102:0103/121034.329586:INFO:CONSOLE(126)] "currentLatencynow: 13.317", source: file:///home/seluser/ppt/player/bola1/index.html (126)
[102:102:0103/121035.329556:INFO:CONSOLE(126)] "currentLatencynow: 13.217", source: file:///home/seluser/ppt/player/bola1/index.html (126)
[102:102:0103/121036.329586:INFO:CONSOLE(126)] "currentLatencynow: 13.117", source: file:///home/seluser/ppt/player/bola1/index.html (126)
[102:102:0103/121037.329563:INFO:CONSOLE(126)] "currentLatencynow: 13.017", source: file:///home/seluser/ppt/player/bola1/index.html (126)
[102:102:0103/121038.329696:INFO:CONSOLE(126)] "currentLatencynow: 12.917", source: file:///home/seluser/ppt/player/bola1/index.html (126)
[102:102:0103/121039.329580:INFO:CONSOLE(126)] "currentLatencynow: 12.817", source: file:///home/seluser/ppt/player/bola1/index.html (126)
[102:102:0103/121040.329585:INFO:CONSOLE(126)] "currentLatencynow: 12.746", source: file:///home/seluser/ppt/player/bola1/index.html (126)
[102:102:0103/121041.329584:INFO:CONSOLE(126)] "currentLatencynow: 12.746", source: file:///home/seluser/ppt/player/bola1/index.html (126)
[102:102:0103/121042.329640:INFO:CONSOLE(112)] "Begin Player stistics 
", source: file:///home/seluser/ppt/player/bola1/index.html (112)
[102:102:0103/121042.330306:INFO:CONSOLE(113)] "["stall",[["7.44","9.85",2.4099999999999993]],[["11.06","11.31",0.25]],[["18.19","18.44",0.25]],[["24.12","24.37",0.25]],[["26.42","26.67",0.25]],[["62.86","63.11",0.25]],[["68.43","68.68",0.25]],[["73.02","73.27",0.25]],[["94.22","94.47",0.25]],[["availibleBW",[null],[null],[null],[null],[1107],[1107],[1107],[1107],[759],[759],[759],[759],[759],[759],[578],[578],[558],[554],[554],[551],[551],[516],[516],[543],[1229],[2362],[2362],[3700],[3868],[3868],[3872],[3855],[3860],[3860],[3906],[4053],[4201],[4353],[4353],[4496],[4494],[4485],[4485],[4484],[6025],[6025],[6059],[6059],[6355],[6654],[6654],[6261],[6276],[6277],[6277],[6253],[6253],[6253],[6253],[5413],[5413],[5413],[5413],[5413],[4554],[4554],[4554],[4554],[4554],[3784],[3094],[4460],[4449],[4516],[4840],[4840],[4652],[4652],[4531],[4415],[3915],[3918],[3918],[3915],[3921],[3921],[3921],[3565],[3565],[3565],[3203],[3203],[3203],[2141],[2142],[2266],[2120],[2120],[1951],[1951],[1824],[1474],[1474],[1475],[1534],[1534],[1534],[1416],[1416],[1416],[1291],[1291],[915],[916],[916],[924],[924],[923]]],[["currentBuffer",[0],[0],[0],[0],[1.217],[1.031],[0.065],[0.065],[2.067],[1.925],[0.925],[0],[0],[0],[0],[0],[0.052],[2.054],[1.061],[2.051],[1.456],[2.358],[2.024],[3.899],[6.803],[5.679],[4.603],[3.503],[2.403],[1.303],[0.203],[1.196],[2.175],[1.105],[2.007],[2.909],[3.811],[4.695],[3.613],[4.515],[5.417],[6.184],[5.219],[6.121],[8.915],[7.925],[6.669],[5.725],[4.625],[3.525],[2.425],[1.325],[2.227],[2.982],[2.029],[2.931],[1.831],[0.731],[0],[1.988],[1.297],[0.297],[0],[0],[1.809],[0.809],[0],[0],[0],[1.657],[0.687],[1.639],[2.541],[3.443],[4.345],[5.247],[4.147],[3.047],[1.947],[0.847],[1.774],[2.676],[1.576],[2.478],[3.38],[2.28],[1.18],[2.082],[0.982],[0],[1.873],[1.011],[0.011],[1.013],[1.997],[2.899],[3.775],[2.701],[3.603],[2.503],[3.405],[4.296],[3.207],[4.083],[4.93],[3.911],[2.811],[3.713],[2.613],[1.513],[2.389],[1.315],[2.217],[3.119],[2.019],[0.919],[0],[0.84]]],[["currentLatency",[null],[null],[0],[5.339],[6.339],[6.92],[7.187],[8.187],[9.187],[10.028],[10.028],[10.028],[10.028],[10.17],[11.17],[12.17],[13.17],[14.085],[14.022],[14.164],[14.339],[14.239],[15.136],[15.836],[15.736],[15.636],[15.536],[15.436],[15.336],[15.236],[15.144],[15.144],[15.135],[15.035],[14.935],[14.836],[14.735],[14.635],[14.535],[14.435],[14.335],[14.235],[14.134],[14.035],[13.935],[13.835],[13.735],[13.634],[13.534],[13.436],[13.334],[13.235],[13.135],[13.035],[12.935],[12.835],[12.735],[12.635],[13.062],[14.062],[14.152],[14.152],[14.152],[14.152],[14.728],[14.728],[14.728],[14.728],[15.043],[15.688],[15.688],[15.632],[15.532],[15.432],[15.333],[15.232],[15.132],[15.032],[14.932],[14.832],[14.757],[14.657],[14.557],[14.457],[14.357],[14.257],[14.157],[14.057],[13.957],[13.99],[14.917],[14.946],[14.946],[14.946],[14.917],[14.817],[14.717],[14.617],[14.517],[14.417],[14.317],[14.217],[14.117],[14.017],[13.917],[13.817],[13.717],[13.617],[13.517],[13.417],[13.317],[13.217],[13.117],[13.017],[12.917],[12.817],[12.746],[12.746]]]]", source: file:///home/seluser/ppt/player/bola1/index.html (113)
[102:102:0103/121042.330523:INFO:CONSOLE(114)] "
", source: file:///home/seluser/ppt/player/bola1/index.html (114)
[102:102:0103/121042.331213:INFO:CONSOLE(115)] "Finish Player stistics 
", source: file:///home/seluser/ppt/player/bola1/index.html (115)
[102:102:0103/121042.331279:INFO:CONSOLE(126)] "currentLatencynow: 12.717", source: file:///home/seluser/ppt/player/bola1/index.html (126)
[102:102:0103/121043.329598:INFO:CONSOLE(126)] "currentLatencynow: 12.618", source: file:///home/seluser/ppt/player/bola1/index.html (126)
[102:102:0103/121044.329786:INFO:CONSOLE(126)] "currentLatencynow: 12.518", source: file:///home/seluser/ppt/player/bola1/index.html (126)
[102:102:0103/121045.329635:INFO:CONSOLE(126)] "currentLatencynow: 12.418", source: file:///home/seluser/ppt/player/bola1/index.html (126)
[102:102:0103/121046.329615:INFO:CONSOLE(126)] "currentLatencynow: 12.318", source: file:///home/seluser/ppt/player/bola1/index.html (126)
[102:102:0103/121047.329672:INFO:CONSOLE(126)] "currentLatencynow: 12.218", source: file:///home/seluser/ppt/player/bola1/index.html (126)
[102:102:0103/121048.329644:INFO:CONSOLE(126)] "currentLatencynow: 12.117", source: file:///home/seluser/ppt/player/bola1/index.html (126)
[102:102:0103/121049.329622:INFO:CONSOLE(126)] "currentLatencynow: 12.018", source: file:///home/seluser/ppt/player/bola1/index.html (126)
[102:102:0103/121050.329601:INFO:CONSOLE(126)] "currentLatencynow: 11.918", source: file:///home/seluser/ppt/player/bola1/index.html (126)
[102:102:0103/121051.329632:INFO:CONSOLE(126)] "currentLatencynow: 11.817", source: file:///home/seluser/ppt/player/bola1/index.html (126)
[102:102:0103/121052.329560:INFO:CONSOLE(126)] "currentLatencynow: 11.718", source: file:///home/seluser/ppt/player/bola1/index.html (126)
[102:102:0103/121053.329641:INFO:CONSOLE(126)] "currentLatencynow: 11.618", source: file:///home/seluser/ppt/player/bola1/index.html (126)
[102:102:0103/121054.329608:INFO:CONSOLE(126)] "currentLatencynow: 11.517", source: file:///home/seluser/ppt/player/bola1/index.html (126)
[102:102:0103/121055.329739:INFO:CONSOLE(126)] "currentLatencynow: 11.417", source: file:///home/seluser/ppt/player/bola1/index.html (126)
[102:102:0103/121056.329701:INFO:CONSOLE(126)] "currentLatencynow: 11.317", source: file:///home/seluser/ppt/player/bola1/index.html (126)
[102:102:0103/121057.329650:INFO:CONSOLE(126)] "currentLatencynow: 11.217", source: file:///home/seluser/ppt/player/bola1/index.html (126)
[102:102:0103/121058.329551:INFO:CONSOLE(126)] "currentLatencynow: 11.118", source: file:///home/seluser/ppt/player/bola1/index.html (126)
[102:102:0103/121059.329658:INFO:CONSOLE(126)] "currentLatencynow: 11.017", source: file:///home/seluser/ppt/player/bola1/index.html (126)
[102:102:0103/121100.329590:INFO:CONSOLE(126)] "currentLatencynow: 10.918", source: file:///home/seluser/ppt/player/bola1/index.html (126)
[102:102:0103/121101.329539:INFO:CONSOLE(126)] "currentLatencynow: 10.818", source: file:///home/seluser/ppt/player/bola1/index.html (126)
[102:102:0103/121102.329656:INFO:CONSOLE(126)] "currentLatencynow: 10.717", source: file:///home/seluser/ppt/player/bola1/index.html (126)
[102:102:0103/121103.329633:INFO:CONSOLE(126)] "currentLatencynow: 10.618", source: file:///home/seluser/ppt/player/bola1/index.html (126)
[102:102:0103/121104.329592:INFO:CONSOLE(126)] "currentLatencynow: 10.518", source: file:///home/seluser/ppt/player/bola1/index.html (126)
[102:102:0103/121105.329668:INFO:CONSOLE(126)] "currentLatencynow: 10.418", source: file:///home/seluser/ppt/player/bola1/index.html (126)
[102:102:0103/121106.329648:INFO:CONSOLE(126)] "currentLatencynow: 10.318", source: file:///home/seluser/ppt/player/bola1/index.html (126)
[102:102:0103/121107.329609:INFO:CONSOLE(126)] "currentLatencynow: 10.218", source: file:///home/seluser/ppt/player/bola1/index.html (126)
[102:102:0103/121108.329678:INFO:CONSOLE(126)] "currentLatencynow: 10.117", source: file:///home/seluser/ppt/player/bola1/index.html (126)
[102:102:0103/121109.329809:INFO:CONSOLE(126)] "currentLatencynow: 10.017", source: file:///home/seluser/ppt/player/bola1/index.html (126)
[102:102:0103/121110.329649:INFO:CONSOLE(126)] "currentLatencynow: 9.917", source: file:///home/seluser/ppt/player/bola1/index.html (126)
[102:102:0103/121111.329619:INFO:CONSOLE(126)] "currentLatencynow: 9.817", source: file:///home/seluser/ppt/player/bola1/index.html (126)
[102:102:0103/121112.329659:INFO:CONSOLE(126)] "currentLatencynow: 9.717", source: file:///home/seluser/ppt/player/bola1/index.html (126)
[102:102:0103/121113.329616:INFO:CONSOLE(126)] "currentLatencynow: 9.618", source: file:///home/seluser/ppt/player/bola1/index.html (126)
[102:102:0103/121114.329652:INFO:CONSOLE(126)] "currentLatencynow: 9.517", source: file:///home/seluser/ppt/player/bola1/index.html (126)
[102:102:0103/121114.516495:WARNING:pref_notifier_impl.cc(40)] Pref observer for media_router.cast_allow_all_ips found at shutdown.
