[103:138:0103/120837.874270:ERROR:bus.cc(392)] Failed to connect to the bus: Failed to connect to socket /var/run/dbus/system_bus_socket: No such file or directory
[103:129:0103/120837.876925:ERROR:bus.cc(392)] Failed to connect to the bus: Address does not contain a colon
[103:129:0103/120837.876971:ERROR:bus.cc(392)] Failed to connect to the bus: Address does not contain a colon
[103:129:0103/120837.891265:ERROR:bus.cc(392)] Failed to connect to the bus: Address does not contain a colon
[103:129:0103/120837.891314:ERROR:bus.cc(392)] Failed to connect to the bus: Address does not contain a colon
[146:146:0103/120837.897899:ERROR:gpu_init.cc(453)] Passthrough is not supported, GL is swiftshader, ANGLE is 
[103:129:0103/120837.940458:ERROR:bus.cc(392)] Failed to connect to the bus: Address does not contain a colon
[103:129:0103/120837.940496:ERROR:bus.cc(392)] Failed to connect to the bus: Address does not contain a colon
[103:225:0103/120838.137456:ERROR:bus.cc(392)] Failed to connect to the bus: Failed to connect to socket /var/run/dbus/system_bus_socket: No such file or directory
[103:225:0103/120838.137510:ERROR:bus.cc(392)] Failed to connect to the bus: Failed to connect to socket /var/run/dbus/system_bus_socket: No such file or directory
[103:225:0103/120838.137578:ERROR:bus.cc(392)] Failed to connect to the bus: Failed to connect to socket /var/run/dbus/system_bus_socket: No such file or directory
[103:225:0103/120838.137594:WARNING:property.cc(144)] DaemonVersion: GetAndBlock: failed.
[103:225:0103/120838.137633:ERROR:bus.cc(392)] Failed to connect to the bus: Failed to connect to socket /var/run/dbus/system_bus_socket: No such file or directory
[103:225:0103/120838.137676:ERROR:bus.cc(392)] Failed to connect to the bus: Failed to connect to socket /var/run/dbus/system_bus_socket: No such file or directory
[103:166:0103/120841.085533:ERROR:chrome_browser_main_extra_parts_metrics.cc(228)] crbug.com/1216328: Checking Bluetooth availability started. Please report if there is no report that this ends.
[103:166:0103/120841.085570:ERROR:chrome_browser_main_extra_parts_metrics.cc(231)] crbug.com/1216328: Checking Bluetooth availability ended.
[103:166:0103/120841.085579:ERROR:chrome_browser_main_extra_parts_metrics.cc(234)] crbug.com/1216328: Checking default browser status started. Please report if there is no report that this ends.
[103:166:0103/120841.242309:ERROR:chrome_browser_main_extra_parts_metrics.cc(238)] crbug.com/1216328: Checking default browser status ended.
[103:103:0103/120845.267561:INFO:CONSOLE(126)] "currentLatencynow: NaN", source: file:///home/seluser/ppt/player/bola1/index.html (126)
[103:103:0103/120846.266909:INFO:CONSOLE(126)] "currentLatencynow: NaN", source: file:///home/seluser/ppt/player/bola1/index.html (126)
[103:103:0103/120847.266918:INFO:CONSOLE(126)] "currentLatencynow: NaN", source: file:///home/seluser/ppt/player/bola1/index.html (126)
[438:438:0103/120848.095153:WARNING:audio_manager_linux.cc(69)] Falling back to ALSA for audio output. PulseAudio is not available or could not be initialized.
[438:438:0103/120848.101164:ERROR:alsa_util.cc(204)] PcmOpen: default,No such file or directory
[438:438:0103/120848.101346:ERROR:alsa_util.cc(204)] PcmOpen: plug:default,No such file or directory
[103:103:0103/120848.267035:INFO:CONSOLE(126)] "currentLatencynow: 4.26", source: file:///home/seluser/ppt/player/bola1/index.html (126)
[103:103:0103/120849.266943:INFO:CONSOLE(126)] "currentLatencynow: 5.26", source: file:///home/seluser/ppt/player/bola1/index.html (126)
[103:129:0103/120849.883044:ERROR:bus.cc(392)] Failed to connect to the bus: Address does not contain a colon
[103:129:0103/120849.883096:ERROR:bus.cc(392)] Failed to connect to the bus: Address does not contain a colon
[103:129:0103/120849.883113:ERROR:bus.cc(392)] Failed to connect to the bus: Address does not contain a colon
[103:129:0103/120849.883127:ERROR:bus.cc(392)] Failed to connect to the bus: Address does not contain a colon
[103:129:0103/120849.883141:ERROR:bus.cc(392)] Failed to connect to the bus: Address does not contain a colon
[103:129:0103/120849.883171:ERROR:bus.cc(392)] Failed to connect to the bus: Address does not contain a colon
[103:129:0103/120849.883185:ERROR:bus.cc(392)] Failed to connect to the bus: Address does not contain a colon
[103:129:0103/120849.883197:ERROR:bus.cc(392)] Failed to connect to the bus: Address does not contain a colon
[103:129:0103/120849.883212:ERROR:bus.cc(392)] Failed to connect to the bus: Address does not contain a colon
[103:129:0103/120849.883224:ERROR:bus.cc(392)] Failed to connect to the bus: Address does not contain a colon
[103:129:0103/120849.883238:ERROR:bus.cc(392)] Failed to connect to the bus: Address does not contain a colon
[103:129:0103/120849.883251:ERROR:bus.cc(392)] Failed to connect to the bus: Address does not contain a colon
[103:129:0103/120849.883265:ERROR:bus.cc(392)] Failed to connect to the bus: Address does not contain a colon
[103:129:0103/120849.883277:ERROR:bus.cc(392)] Failed to connect to the bus: Address does not contain a colon
[103:129:0103/120849.887992:ERROR:bus.cc(392)] Failed to connect to the bus: Address does not contain a colon
[103:129:0103/120849.888041:ERROR:bus.cc(392)] Failed to connect to the bus: Address does not contain a colon
[103:129:0103/120849.888062:ERROR:bus.cc(392)] Failed to connect to the bus: Address does not contain a colon
[103:129:0103/120849.971523:ERROR:bus.cc(392)] Failed to connect to the bus: Address does not contain a colon
[103:129:0103/120849.971592:ERROR:bus.cc(392)] Failed to connect to the bus: Address does not contain a colon
[103:103:0103/120850.266904:INFO:CONSOLE(126)] "currentLatencynow: 5.921", source: file:///home/seluser/ppt/player/bola1/index.html (126)
[103:103:0103/120851.266896:INFO:CONSOLE(126)] "currentLatencynow: 5.851", source: file:///home/seluser/ppt/player/bola1/index.html (126)
[103:103:0103/120852.266957:INFO:CONSOLE(126)] "currentLatencynow: 5.851", source: file:///home/seluser/ppt/player/bola1/index.html (126)
[103:103:0103/120853.266854:INFO:CONSOLE(126)] "currentLatencynow: 6.151", source: file:///home/seluser/ppt/player/bola1/index.html (126)
[103:103:0103/120854.266951:INFO:CONSOLE(126)] "currentLatencynow: 6.249", source: file:///home/seluser/ppt/player/bola1/index.html (126)
[103:103:0103/120855.266877:INFO:CONSOLE(126)] "currentLatencynow: 6.226", source: file:///home/seluser/ppt/player/bola1/index.html (126)
[103:103:0103/120856.266969:INFO:CONSOLE(126)] "currentLatencynow: 6.126", source: file:///home/seluser/ppt/player/bola1/index.html (126)
[103:103:0103/120857.266913:INFO:CONSOLE(126)] "currentLatencynow: 6.026", source: file:///home/seluser/ppt/player/bola1/index.html (126)
[103:103:0103/120858.266909:INFO:CONSOLE(126)] "currentLatencynow: 5.926", source: file:///home/seluser/ppt/player/bola1/index.html (126)
[103:103:0103/120859.266895:INFO:CONSOLE(126)] "currentLatencynow: 5.826", source: file:///home/seluser/ppt/player/bola1/index.html (126)
[103:103:0103/120900.266891:INFO:CONSOLE(126)] "currentLatencynow: 5.726", source: file:///home/seluser/ppt/player/bola1/index.html (126)
[103:103:0103/120901.266899:INFO:CONSOLE(126)] "currentLatencynow: 5.626", source: file:///home/seluser/ppt/player/bola1/index.html (126)
[103:103:0103/120902.266871:INFO:CONSOLE(126)] "currentLatencynow: 5.526", source: file:///home/seluser/ppt/player/bola1/index.html (126)
[103:103:0103/120903.266891:INFO:CONSOLE(126)] "currentLatencynow: 5.426", source: file:///home/seluser/ppt/player/bola1/index.html (126)
[103:103:0103/120904.266972:INFO:CONSOLE(126)] "currentLatencynow: 5.326", source: file:///home/seluser/ppt/player/bola1/index.html (126)
[103:103:0103/120905.266898:INFO:CONSOLE(126)] "currentLatencynow: 5.226", source: file:///home/seluser/ppt/player/bola1/index.html (126)
[103:103:0103/120906.266945:INFO:CONSOLE(126)] "currentLatencynow: 5.126", source: file:///home/seluser/ppt/player/bola1/index.html (126)
[103:103:0103/120907.267287:INFO:CONSOLE(126)] "currentLatencynow: 5.026", source: file:///home/seluser/ppt/player/bola1/index.html (126)
[103:103:0103/120908.266860:INFO:CONSOLE(126)] "currentLatencynow: 4.926", source: file:///home/seluser/ppt/player/bola1/index.html (126)
[103:103:0103/120909.266927:INFO:CONSOLE(126)] "currentLatencynow: 4.826", source: file:///home/seluser/ppt/player/bola1/index.html (126)
[103:103:0103/120910.266979:INFO:CONSOLE(126)] "currentLatencynow: 4.726", source: file:///home/seluser/ppt/player/bola1/index.html (126)
[103:103:0103/120911.266911:INFO:CONSOLE(126)] "currentLatencynow: 4.626", source: file:///home/seluser/ppt/player/bola1/index.html (126)
[103:103:0103/120912.266909:INFO:CONSOLE(126)] "currentLatencynow: 4.526", source: file:///home/seluser/ppt/player/bola1/index.html (126)
[103:103:0103/120913.266939:INFO:CONSOLE(126)] "currentLatencynow: 4.426", source: file:///home/seluser/ppt/player/bola1/index.html (126)
[103:103:0103/120914.266910:INFO:CONSOLE(126)] "currentLatencynow: 4.346", source: file:///home/seluser/ppt/player/bola1/index.html (126)
[103:103:0103/120915.267109:INFO:CONSOLE(126)] "currentLatencynow: 4.266", source: file:///home/seluser/ppt/player/bola1/index.html (126)
[103:103:0103/120916.266848:INFO:CONSOLE(126)] "currentLatencynow: 4.207", source: file:///home/seluser/ppt/player/bola1/index.html (126)
[103:103:0103/120917.266855:INFO:CONSOLE(126)] "currentLatencynow: 4.148", source: file:///home/seluser/ppt/player/bola1/index.html (126)
[103:103:0103/120918.266876:INFO:CONSOLE(126)] "currentLatencynow: 4.111", source: file:///home/seluser/ppt/player/bola1/index.html (126)
[103:103:0103/120919.266873:INFO:CONSOLE(126)] "currentLatencynow: 4.075", source: file:///home/seluser/ppt/player/bola1/index.html (126)
[103:103:0103/120920.266899:INFO:CONSOLE(126)] "currentLatencynow: 4.049", source: file:///home/seluser/ppt/player/bola1/index.html (126)
[103:103:0103/120921.266856:INFO:CONSOLE(126)] "currentLatencynow: 4.035", source: file:///home/seluser/ppt/player/bola1/index.html (126)
[103:103:0103/120922.266854:INFO:CONSOLE(126)] "currentLatencynow: 4.02", source: file:///home/seluser/ppt/player/bola1/index.html (126)
[103:103:0103/120923.266815:INFO:CONSOLE(126)] "currentLatencynow: 4.016", source: file:///home/seluser/ppt/player/bola1/index.html (126)
[103:103:0103/120924.266906:INFO:CONSOLE(126)] "currentLatencynow: 4.016", source: file:///home/seluser/ppt/player/bola1/index.html (126)
[103:103:0103/120925.266815:INFO:CONSOLE(126)] "currentLatencynow: 4.016", source: file:///home/seluser/ppt/player/bola1/index.html (126)
[103:103:0103/120926.266886:INFO:CONSOLE(126)] "currentLatencynow: 4.016", source: file:///home/seluser/ppt/player/bola1/index.html (126)
[103:103:0103/120927.269292:INFO:CONSOLE(126)] "currentLatencynow: 4.016", source: file:///home/seluser/ppt/player/bola1/index.html (126)
[103:103:0103/120928.266859:INFO:CONSOLE(126)] "currentLatencynow: 4.016", source: file:///home/seluser/ppt/player/bola1/index.html (126)
[103:103:0103/120929.266901:INFO:CONSOLE(126)] "currentLatencynow: 4.016", source: file:///home/seluser/ppt/player/bola1/index.html (126)
[103:103:0103/120930.266898:INFO:CONSOLE(126)] "currentLatencynow: 4.016", source: file:///home/seluser/ppt/player/bola1/index.html (126)
[103:103:0103/120931.266846:INFO:CONSOLE(126)] "currentLatencynow: 4.016", source: file:///home/seluser/ppt/player/bola1/index.html (126)
[103:103:0103/120932.266989:INFO:CONSOLE(126)] "currentLatencynow: 4.016", source: file:///home/seluser/ppt/player/bola1/index.html (126)
[103:103:0103/120933.266890:INFO:CONSOLE(126)] "currentLatencynow: 4.016", source: file:///home/seluser/ppt/player/bola1/index.html (126)
[103:103:0103/120934.266908:INFO:CONSOLE(126)] "currentLatencynow: 4.016", source: file:///home/seluser/ppt/player/bola1/index.html (126)
[103:103:0103/120935.266853:INFO:CONSOLE(126)] "currentLatencynow: 4.016", source: file:///home/seluser/ppt/player/bola1/index.html (126)
[103:103:0103/120936.266906:INFO:CONSOLE(126)] "currentLatencynow: 4.016", source: file:///home/seluser/ppt/player/bola1/index.html (126)
[103:103:0103/120937.266945:INFO:CONSOLE(126)] "currentLatencynow: 4.016", source: file:///home/seluser/ppt/player/bola1/index.html (126)
[103:103:0103/120938.266897:INFO:CONSOLE(126)] "currentLatencynow: 4.016", source: file:///home/seluser/ppt/player/bola1/index.html (126)
[103:103:0103/120939.266874:INFO:CONSOLE(126)] "currentLatencynow: 4.016", source: file:///home/seluser/ppt/player/bola1/index.html (126)
[103:103:0103/120940.266875:INFO:CONSOLE(126)] "currentLatencynow: 4.016", source: file:///home/seluser/ppt/player/bola1/index.html (126)
[103:103:0103/120941.266894:INFO:CONSOLE(126)] "currentLatencynow: 4.016", source: file:///home/seluser/ppt/player/bola1/index.html (126)
[103:103:0103/120942.266998:INFO:CONSOLE(126)] "currentLatencynow: 4.016", source: file:///home/seluser/ppt/player/bola1/index.html (126)
[103:103:0103/120943.266894:INFO:CONSOLE(126)] "currentLatencynow: 4.016", source: file:///home/seluser/ppt/player/bola1/index.html (126)
[103:103:0103/120944.266878:INFO:CONSOLE(126)] "currentLatencynow: 4.016", source: file:///home/seluser/ppt/player/bola1/index.html (126)
[103:103:0103/120945.266925:INFO:CONSOLE(126)] "currentLatencynow: 4.016", source: file:///home/seluser/ppt/player/bola1/index.html (126)
[103:103:0103/120946.267019:INFO:CONSOLE(126)] "currentLatencynow: 4.016", source: file:///home/seluser/ppt/player/bola1/index.html (126)
[103:103:0103/120947.266881:INFO:CONSOLE(126)] "currentLatencynow: 4.016", source: file:///home/seluser/ppt/player/bola1/index.html (126)
[103:103:0103/120948.266858:INFO:CONSOLE(126)] "currentLatencynow: 4.016", source: file:///home/seluser/ppt/player/bola1/index.html (126)
[103:103:0103/120949.266834:INFO:CONSOLE(126)] "currentLatencynow: 4.016", source: file:///home/seluser/ppt/player/bola1/index.html (126)
[103:103:0103/120950.266953:INFO:CONSOLE(126)] "currentLatencynow: 4.016", source: file:///home/seluser/ppt/player/bola1/index.html (126)
[103:103:0103/120951.266898:INFO:CONSOLE(126)] "currentLatencynow: 4.016", source: file:///home/seluser/ppt/player/bola1/index.html (126)
[103:103:0103/120952.266880:INFO:CONSOLE(126)] "currentLatencynow: 4.016", source: file:///home/seluser/ppt/player/bola1/index.html (126)
[103:103:0103/120953.266894:INFO:CONSOLE(126)] "currentLatencynow: 4.016", source: file:///home/seluser/ppt/player/bola1/index.html (126)
[103:103:0103/120954.266961:INFO:CONSOLE(126)] "currentLatencynow: 4.016", source: file:///home/seluser/ppt/player/bola1/index.html (126)
[103:103:0103/120955.266914:INFO:CONSOLE(126)] "currentLatencynow: 4.016", source: file:///home/seluser/ppt/player/bola1/index.html (126)
[103:103:0103/120956.266913:INFO:CONSOLE(126)] "currentLatencynow: 4.016", source: file:///home/seluser/ppt/player/bola1/index.html (126)
[103:103:0103/120957.266902:INFO:CONSOLE(126)] "currentLatencynow: 4.016", source: file:///home/seluser/ppt/player/bola1/index.html (126)
[103:103:0103/120958.266972:INFO:CONSOLE(126)] "currentLatencynow: 4.016", source: file:///home/seluser/ppt/player/bola1/index.html (126)
[103:103:0103/120959.266912:INFO:CONSOLE(126)] "currentLatencynow: 4.016", source: file:///home/seluser/ppt/player/bola1/index.html (126)
[103:103:0103/121000.266929:INFO:CONSOLE(126)] "currentLatencynow: 4.016", source: file:///home/seluser/ppt/player/bola1/index.html (126)
[103:103:0103/121001.266906:INFO:CONSOLE(126)] "currentLatencynow: 4.016", source: file:///home/seluser/ppt/player/bola1/index.html (126)
[103:103:0103/121002.266890:INFO:CONSOLE(126)] "currentLatencynow: 4.016", source: file:///home/seluser/ppt/player/bola1/index.html (126)
[103:103:0103/121003.266869:INFO:CONSOLE(126)] "currentLatencynow: 4.016", source: file:///home/seluser/ppt/player/bola1/index.html (126)
[103:103:0103/121004.266907:INFO:CONSOLE(126)] "currentLatencynow: 4.016", source: file:///home/seluser/ppt/player/bola1/index.html (126)
[103:103:0103/121005.267062:INFO:CONSOLE(126)] "currentLatencynow: 4.016", source: file:///home/seluser/ppt/player/bola1/index.html (126)
[103:103:0103/121006.266894:INFO:CONSOLE(126)] "currentLatencynow: 4.016", source: file:///home/seluser/ppt/player/bola1/index.html (126)
[103:103:0103/121007.266917:INFO:CONSOLE(126)] "currentLatencynow: 4.016", source: file:///home/seluser/ppt/player/bola1/index.html (126)
[103:103:0103/121008.266835:INFO:CONSOLE(126)] "currentLatencynow: 4.016", source: file:///home/seluser/ppt/player/bola1/index.html (126)
[103:103:0103/121009.266910:INFO:CONSOLE(126)] "currentLatencynow: 4.016", source: file:///home/seluser/ppt/player/bola1/index.html (126)
[103:103:0103/121010.266894:INFO:CONSOLE(126)] "currentLatencynow: 4.016", source: file:///home/seluser/ppt/player/bola1/index.html (126)
[103:103:0103/121011.266897:INFO:CONSOLE(126)] "currentLatencynow: 4.016", source: file:///home/seluser/ppt/player/bola1/index.html (126)
[103:103:0103/121012.266896:INFO:CONSOLE(126)] "currentLatencynow: 4.016", source: file:///home/seluser/ppt/player/bola1/index.html (126)
[103:103:0103/121013.266906:INFO:CONSOLE(126)] "currentLatencynow: 4.016", source: file:///home/seluser/ppt/player/bola1/index.html (126)
[103:103:0103/121014.266878:INFO:CONSOLE(126)] "currentLatencynow: 4.016", source: file:///home/seluser/ppt/player/bola1/index.html (126)
[103:103:0103/121015.266896:INFO:CONSOLE(126)] "currentLatencynow: 4.016", source: file:///home/seluser/ppt/player/bola1/index.html (126)
[103:103:0103/121016.266903:INFO:CONSOLE(126)] "currentLatencynow: 4.016", source: file:///home/seluser/ppt/player/bola1/index.html (126)
[103:103:0103/121017.266842:INFO:CONSOLE(126)] "currentLatencynow: 4.049", source: file:///home/seluser/ppt/player/bola1/index.html (126)
[103:103:0103/121018.266963:INFO:CONSOLE(126)] "currentLatencynow: 5.049", source: file:///home/seluser/ppt/player/bola1/index.html (126)
[103:103:0103/121019.266852:INFO:CONSOLE(126)] "currentLatencynow: 6.049", source: file:///home/seluser/ppt/player/bola1/index.html (126)
[103:129:0103/121019.894235:ERROR:bus.cc(392)] Failed to connect to the bus: Address does not contain a colon
[103:129:0103/121019.894294:ERROR:bus.cc(392)] Failed to connect to the bus: Address does not contain a colon
[103:103:0103/121020.266868:INFO:CONSOLE(126)] "currentLatencynow: 6.564", source: file:///home/seluser/ppt/player/bola1/index.html (126)
[103:103:0103/121021.266910:INFO:CONSOLE(126)] "currentLatencynow: 6.464", source: file:///home/seluser/ppt/player/bola1/index.html (126)
[103:103:0103/121022.266849:INFO:CONSOLE(126)] "currentLatencynow: 7.031", source: file:///home/seluser/ppt/player/bola1/index.html (126)
[103:103:0103/121023.266907:INFO:CONSOLE(126)] "currentLatencynow: 8.031", source: file:///home/seluser/ppt/player/bola1/index.html (126)
[103:103:0103/121024.266905:INFO:CONSOLE(126)] "currentLatencynow: 9.031", source: file:///home/seluser/ppt/player/bola1/index.html (126)
[103:103:0103/121025.266928:INFO:CONSOLE(126)] "currentLatencynow: 10.031", source: file:///home/seluser/ppt/player/bola1/index.html (126)
[103:129:0103/121026.102071:ERROR:bus.cc(392)] Failed to connect to the bus: Address does not contain a colon
[103:129:0103/121026.102121:ERROR:bus.cc(392)] Failed to connect to the bus: Address does not contain a colon
[103:103:0103/121026.266908:INFO:CONSOLE(126)] "currentLatencynow: 10.808", source: file:///home/seluser/ppt/player/bola1/index.html (126)
[103:103:0103/121027.266855:INFO:CONSOLE(126)] "currentLatencynow: 10.708", source: file:///home/seluser/ppt/player/bola1/index.html (126)
[103:103:0103/121028.267004:INFO:CONSOLE(126)] "currentLatencynow: 11.006", source: file:///home/seluser/ppt/player/bola1/index.html (126)
[103:103:0103/121029.266932:INFO:CONSOLE(126)] "currentLatencynow: 12.006", source: file:///home/seluser/ppt/player/bola1/index.html (126)
[103:103:0103/121030.266936:INFO:CONSOLE(126)] "currentLatencynow: 13.006", source: file:///home/seluser/ppt/player/bola1/index.html (126)
[103:103:0103/121031.266833:INFO:CONSOLE(126)] "currentLatencynow: 14.006", source: file:///home/seluser/ppt/player/bola1/index.html (126)
[103:103:0103/121032.266875:INFO:CONSOLE(126)] "currentLatencynow: 15.006", source: file:///home/seluser/ppt/player/bola1/index.html (126)
[103:103:0103/121033.266954:INFO:CONSOLE(126)] "currentLatencynow: 16.006", source: file:///home/seluser/ppt/player/bola1/index.html (126)
[103:103:0103/121034.266914:INFO:CONSOLE(126)] "currentLatencynow: 17.006", source: file:///home/seluser/ppt/player/bola1/index.html (126)
[103:103:0103/121035.266868:INFO:CONSOLE(126)] "currentLatencynow: 18.006", source: file:///home/seluser/ppt/player/bola1/index.html (126)
[103:103:0103/121036.266891:INFO:CONSOLE(126)] "currentLatencynow: 19.006", source: file:///home/seluser/ppt/player/bola1/index.html (126)
[103:103:0103/121037.266899:INFO:CONSOLE(126)] "currentLatencynow: 20.006", source: file:///home/seluser/ppt/player/bola1/index.html (126)
[103:103:0103/121038.266860:INFO:CONSOLE(126)] "currentLatencynow: 21.006", source: file:///home/seluser/ppt/player/bola1/index.html (126)
[103:129:0103/121038.945112:ERROR:bus.cc(392)] Failed to connect to the bus: Address does not contain a colon
[103:129:0103/121038.945163:ERROR:bus.cc(392)] Failed to connect to the bus: Address does not contain a colon
[103:103:0103/121039.266935:INFO:CONSOLE(126)] "currentLatencynow: 21.553", source: file:///home/seluser/ppt/player/bola1/index.html (126)
[103:103:0103/121040.266898:INFO:CONSOLE(126)] "currentLatencynow: 21.453", source: file:///home/seluser/ppt/player/bola1/index.html (126)
[103:103:0103/121041.266913:INFO:CONSOLE(126)] "currentLatencynow: 21.353", source: file:///home/seluser/ppt/player/bola1/index.html (126)
[103:103:0103/121042.266878:INFO:CONSOLE(126)] "currentLatencynow: 21.253", source: file:///home/seluser/ppt/player/bola1/index.html (126)
[103:103:0103/121043.266938:INFO:CONSOLE(112)] "Begin Player stistics 
", source: file:///home/seluser/ppt/player/bola1/index.html (112)
[103:103:0103/121043.267624:INFO:CONSOLE(113)] "["stall",[["9.53","11.35",1.8200000000000003]],[["14.44","14.68",0.2400000000000002]],[["98.70","98.95",0.25]],[["103.14","103.39",0.25]],[["109.39","109.64",0.25]],[["123.99","124.24",0.25]],[["availibleBW",[null],[null],[null],[null],[null],[1211],[1211],[901],[877],[877],[856],[856],[794],[783],[783],[827],[827],[838],[802],[905],[905],[850],[850],[774],[774],[663],[663],[654],[654],[623],[623],[611],[611],[523],[523],[587],[587],[548],[548],[554],[554],[584],[584],[562],[562],[548],[548],[542],[542],[521],[521],[530],[530],[571],[571],[571],[530],[530],[501],[1740],[1740],[1740],[1623],[1714],[1705],[2184],[2184],[2039],[2039],[2273],[2273],[1826],[1826],[1661],[1661],[1271],[1271],[1221],[1221],[465],[465],[459],[459],[496],[496],[524],[524],[490],[490],[499],[499],[499],[499],[499],[459],[459],[459],[459],[459],[459],[420],[420],[420],[420],[420],[420],[420],[372],[372],[372],[372],[372],[372],[372],[333],[333],[333],[324]]],[["currentBuffer",[0],[0],[0],[0],[0],[0.959],[0],[0.878],[2.045],[1.192],[2.176],[1.076],[1.978],[2.88],[1.78],[2.67],[1.582],[2.484],[3.386],[4.288],[3.188],[4.09],[2.99],[3.892],[2.792],[3.694],[2.594],[3.496],[2.396],[3.317],[2.238],[3.179],[2.12],[3.084],[2.048],[3.023],[2.009],[2.996],[1.991],[2.993],[1.993],[2.995],[1.995],[2.987],[1.997],[2.999],[1.999],[3.001],[2.001],[3.003],[2.003],[3.005],[2.005],[3.007],[2.007],[1.007],[2.009],[1.009],[2.011],[3.013],[2.013],[1.013],[0.013],[1.015],[0.015],[3.019],[2.019],[3.021],[2.021],[3.023],[2.023],[3.025],[2.025],[3.027],[2.027],[3.029],[2.029],[3.031],[2.031],[3.033],[2.033],[3.035],[2.035],[3.037],[2.037],[3.039],[2.039],[3.041],[2.041],[3.043],[2.043],[1.043],[0.027],[0.027],[2.029],[1.58],[0.48],[0.01],[0.01],[0.01],[2.012],[1.889],[0.796],[0],[0],[0],[0],[1.989],[1.989],[1.989],[1.989],[1.989],[1.989],[1.989],[3.643],[2.543],[1.443],[2.345]]],[["currentLatency",[null],[null],[null],[4.26],[5.26],[5.921],[5.851],[5.851],[6.151],[6.249],[6.226],[6.126],[6.026],[5.926],[5.826],[5.726],[5.626],[5.526],[5.426],[5.326],[5.226],[5.126],[5.026],[4.926],[4.826],[4.726],[4.626],[4.526],[4.426],[4.346],[4.266],[4.207],[4.148],[4.111],[4.075],[4.049],[4.035],[4.02],[4.016],[4.016],[4.016],[4.016],[4.016],[4.016],[4.016],[4.016],[4.016],[4.016],[4.016],[4.016],[4.016],[4.016],[4.016],[4.016],[4.016],[4.016],[4.016],[4.016],[4.016],[4.016],[4.016],[4.016],[4.016],[4.016],[4.016],[4.016],[4.016],[4.016],[4.016],[4.016],[4.016],[4.016],[4.016],[4.016],[4.016],[4.016],[4.016],[4.016],[4.016],[4.016],[4.016],[4.016],[4.016],[4.016],[4.016],[4.016],[4.016],[4.016],[4.016],[4.016],[4.016],[4.016],[4.049],[5.049],[6.049],[6.564],[6.464],[7.031],[8.031],[9.031],[10.031],[10.808],[10.708],[11.006],[12.006],[13.006],[14.006],[15.006],[16.006],[17.006],[18.006],[19.006],[20.006],[21.006],[21.553],[21.453],[21.353],[21.253]]]]", source: file:///home/seluser/ppt/player/bola1/index.html (113)
[103:103:0103/121043.267997:INFO:CONSOLE(114)] "
", source: file:///home/seluser/ppt/player/bola1/index.html (114)
[103:103:0103/121043.268060:INFO:CONSOLE(115)] "Finish Player stistics 
", source: file:///home/seluser/ppt/player/bola1/index.html (115)
[103:103:0103/121043.268107:INFO:CONSOLE(126)] "currentLatencynow: 21.97", source: file:///home/seluser/ppt/player/bola1/index.html (126)
[103:103:0103/121044.266867:INFO:CONSOLE(126)] "currentLatencynow: 22.969", source: file:///home/seluser/ppt/player/bola1/index.html (126)
[103:103:0103/121045.266881:INFO:CONSOLE(126)] "currentLatencynow: 23.969", source: file:///home/seluser/ppt/player/bola1/index.html (126)
[103:129:0103/121046.221124:ERROR:bus.cc(392)] Failed to connect to the bus: Address does not contain a colon
[103:129:0103/121046.221175:ERROR:bus.cc(392)] Failed to connect to the bus: Address does not contain a colon
[103:103:0103/121046.266884:INFO:CONSOLE(126)] "currentLatencynow: 24.862", source: file:///home/seluser/ppt/player/bola1/index.html (126)
[103:103:0103/121047.266850:INFO:CONSOLE(126)] "currentLatencynow: 24.77", source: file:///home/seluser/ppt/player/bola1/index.html (126)
[103:103:0103/121048.266906:INFO:CONSOLE(126)] "currentLatencynow: 24.67", source: file:///home/seluser/ppt/player/bola1/index.html (126)
[103:103:0103/121049.266885:INFO:CONSOLE(126)] "currentLatencynow: 24.57", source: file:///home/seluser/ppt/player/bola1/index.html (126)
[103:103:0103/121050.266893:INFO:CONSOLE(126)] "currentLatencynow: 24.47", source: file:///home/seluser/ppt/player/bola1/index.html (126)
[103:103:0103/121051.266905:INFO:CONSOLE(126)] "currentLatencynow: 24.37", source: file:///home/seluser/ppt/player/bola1/index.html (126)
[103:103:0103/121052.266883:INFO:CONSOLE(126)] "currentLatencynow: 24.27", source: file:///home/seluser/ppt/player/bola1/index.html (126)
[103:103:0103/121053.266850:INFO:CONSOLE(126)] "currentLatencynow: 24.17", source: file:///home/seluser/ppt/player/bola1/index.html (126)
[103:103:0103/121054.266846:INFO:CONSOLE(126)] "currentLatencynow: 24.937", source: file:///home/seluser/ppt/player/bola1/index.html (126)
[103:103:0103/121055.266847:INFO:CONSOLE(126)] "currentLatencynow: 25.937", source: file:///home/seluser/ppt/player/bola1/index.html (126)
[103:129:0103/121056.100997:ERROR:bus.cc(392)] Failed to connect to the bus: Address does not contain a colon
[103:129:0103/121056.101056:ERROR:bus.cc(392)] Failed to connect to the bus: Address does not contain a colon
[103:103:0103/121056.266868:INFO:CONSOLE(126)] "currentLatencynow: 26.685", source: file:///home/seluser/ppt/player/bola1/index.html (126)
[103:103:0103/121057.266826:INFO:CONSOLE(126)] "currentLatencynow: 26.585", source: file:///home/seluser/ppt/player/bola1/index.html (126)
[103:103:0103/121058.266873:INFO:CONSOLE(126)] "currentLatencynow: 26.485", source: file:///home/seluser/ppt/player/bola1/index.html (126)
[103:103:0103/121059.266878:INFO:CONSOLE(126)] "currentLatencynow: 26.385", source: file:///home/seluser/ppt/player/bola1/index.html (126)
[103:103:0103/121100.266846:INFO:CONSOLE(126)] "currentLatencynow: 26.285", source: file:///home/seluser/ppt/player/bola1/index.html (126)
[103:103:0103/121101.266938:INFO:CONSOLE(126)] "currentLatencynow: 26.185", source: file:///home/seluser/ppt/player/bola1/index.html (126)
[103:103:0103/121102.266845:INFO:CONSOLE(126)] "currentLatencynow: 26.085", source: file:///home/seluser/ppt/player/bola1/index.html (126)
[103:103:0103/121103.267299:INFO:CONSOLE(126)] "currentLatencynow: 25.985", source: file:///home/seluser/ppt/player/bola1/index.html (126)
[103:103:0103/121104.267006:INFO:CONSOLE(126)] "currentLatencynow: 25.885", source: file:///home/seluser/ppt/player/bola1/index.html (126)
[103:103:0103/121105.267038:INFO:CONSOLE(126)] "currentLatencynow: 25.785", source: file:///home/seluser/ppt/player/bola1/index.html (126)
[103:103:0103/121106.267082:INFO:CONSOLE(126)] "currentLatencynow: 25.685", source: file:///home/seluser/ppt/player/bola1/index.html (126)
[103:103:0103/121107.266891:INFO:CONSOLE(126)] "currentLatencynow: 25.585", source: file:///home/seluser/ppt/player/bola1/index.html (126)
[103:103:0103/121108.266888:INFO:CONSOLE(126)] "currentLatencynow: 25.485", source: file:///home/seluser/ppt/player/bola1/index.html (126)
[103:103:0103/121109.267013:INFO:CONSOLE(126)] "currentLatencynow: 25.385", source: file:///home/seluser/ppt/player/bola1/index.html (126)
[103:103:0103/121110.266920:INFO:CONSOLE(126)] "currentLatencynow: 25.285", source: file:///home/seluser/ppt/player/bola1/index.html (126)
[103:103:0103/121111.266857:INFO:CONSOLE(126)] "currentLatencynow: 25.185", source: file:///home/seluser/ppt/player/bola1/index.html (126)
[103:103:0103/121112.266828:INFO:CONSOLE(126)] "currentLatencynow: 25.085", source: file:///home/seluser/ppt/player/bola1/index.html (126)
[103:103:0103/121113.266843:INFO:CONSOLE(126)] "currentLatencynow: 24.985", source: file:///home/seluser/ppt/player/bola1/index.html (126)
[103:103:0103/121114.266867:INFO:CONSOLE(126)] "currentLatencynow: 24.885", source: file:///home/seluser/ppt/player/bola1/index.html (126)
[103:103:0103/121115.267000:INFO:CONSOLE(126)] "currentLatencynow: 24.785", source: file:///home/seluser/ppt/player/bola1/index.html (126)
[103:103:0103/121115.434786:WARNING:pref_notifier_impl.cc(40)] Pref observer for media_router.cast_allow_all_ips found at shutdown.
