[103:139:0103/115949.430060:ERROR:bus.cc(392)] Failed to connect to the bus: Failed to connect to socket /var/run/dbus/system_bus_socket: No such file or directory
[103:130:0103/115949.432755:ERROR:bus.cc(392)] Failed to connect to the bus: Address does not contain a colon
[103:130:0103/115949.432803:ERROR:bus.cc(392)] Failed to connect to the bus: Address does not contain a colon
[103:130:0103/115949.448870:ERROR:bus.cc(392)] Failed to connect to the bus: Address does not contain a colon
[103:130:0103/115949.448920:ERROR:bus.cc(392)] Failed to connect to the bus: Address does not contain a colon
[145:145:0103/115949.451991:ERROR:gpu_init.cc(453)] Passthrough is not supported, GL is swiftshader, ANGLE is 
[103:130:0103/115949.497203:ERROR:bus.cc(392)] Failed to connect to the bus: Address does not contain a colon
[103:130:0103/115949.497247:ERROR:bus.cc(392)] Failed to connect to the bus: Address does not contain a colon
[103:225:0103/115949.675593:ERROR:bus.cc(392)] Failed to connect to the bus: Failed to connect to socket /var/run/dbus/system_bus_socket: No such file or directory
[103:225:0103/115949.675671:ERROR:bus.cc(392)] Failed to connect to the bus: Failed to connect to socket /var/run/dbus/system_bus_socket: No such file or directory
[103:225:0103/115949.675754:ERROR:bus.cc(392)] Failed to connect to the bus: Failed to connect to socket /var/run/dbus/system_bus_socket: No such file or directory
[103:225:0103/115949.675784:WARNING:property.cc(144)] DaemonVersion: GetAndBlock: failed.
[103:225:0103/115949.675824:ERROR:bus.cc(392)] Failed to connect to the bus: Failed to connect to socket /var/run/dbus/system_bus_socket: No such file or directory
[103:225:0103/115949.675886:ERROR:bus.cc(392)] Failed to connect to the bus: Failed to connect to socket /var/run/dbus/system_bus_socket: No such file or directory
[103:169:0103/115952.637471:ERROR:chrome_browser_main_extra_parts_metrics.cc(228)] crbug.com/1216328: Checking Bluetooth availability started. Please report if there is no report that this ends.
[103:169:0103/115952.637566:ERROR:chrome_browser_main_extra_parts_metrics.cc(231)] crbug.com/1216328: Checking Bluetooth availability ended.
[103:169:0103/115952.637586:ERROR:chrome_browser_main_extra_parts_metrics.cc(234)] crbug.com/1216328: Checking default browser status started. Please report if there is no report that this ends.
[103:169:0103/115952.789882:ERROR:chrome_browser_main_extra_parts_metrics.cc(238)] crbug.com/1216328: Checking default browser status ended.
[103:103:0103/115955.387137:INFO:CONSOLE(126)] "currentLatencynow: NaN", source: file:///home/seluser/ppt/player/bola1/index.html (126)
[103:103:0103/115956.386539:INFO:CONSOLE(126)] "currentLatencynow: NaN", source: file:///home/seluser/ppt/player/bola1/index.html (126)
[103:103:0103/115957.386433:INFO:CONSOLE(126)] "currentLatencynow: NaN", source: file:///home/seluser/ppt/player/bola1/index.html (126)
[103:103:0103/115958.386669:INFO:CONSOLE(126)] "currentLatencynow: NaN", source: file:///home/seluser/ppt/player/bola1/index.html (126)
[103:103:0103/115959.386515:INFO:CONSOLE(126)] "currentLatencynow: NaN", source: file:///home/seluser/ppt/player/bola1/index.html (126)
[103:103:0103/120000.386529:INFO:CONSOLE(126)] "currentLatencynow: NaN", source: file:///home/seluser/ppt/player/bola1/index.html (126)
[103:103:0103/120001.386565:INFO:CONSOLE(126)] "currentLatencynow: NaN", source: file:///home/seluser/ppt/player/bola1/index.html (126)
[438:438:0103/120001.987304:WARNING:audio_manager_linux.cc(69)] Falling back to ALSA for audio output. PulseAudio is not available or could not be initialized.
[438:438:0103/120001.993053:ERROR:alsa_util.cc(204)] PcmOpen: default,No such file or directory
[438:438:0103/120001.993246:ERROR:alsa_util.cc(204)] PcmOpen: plug:default,No such file or directory
[103:103:0103/120002.386578:INFO:CONSOLE(126)] "currentLatencynow: 4.779", source: file:///home/seluser/ppt/player/bola1/index.html (126)
[103:103:0103/120003.386464:INFO:CONSOLE(126)] "currentLatencynow: 5.779", source: file:///home/seluser/ppt/player/bola1/index.html (126)
[103:130:0103/120003.611166:ERROR:bus.cc(392)] Failed to connect to the bus: Address does not contain a colon
[103:130:0103/120003.611239:ERROR:bus.cc(392)] Failed to connect to the bus: Address does not contain a colon
[103:130:0103/120003.611261:ERROR:bus.cc(392)] Failed to connect to the bus: Address does not contain a colon
[103:130:0103/120003.611277:ERROR:bus.cc(392)] Failed to connect to the bus: Address does not contain a colon
[103:130:0103/120003.611292:ERROR:bus.cc(392)] Failed to connect to the bus: Address does not contain a colon
[103:130:0103/120003.611310:ERROR:bus.cc(392)] Failed to connect to the bus: Address does not contain a colon
[103:130:0103/120003.611328:ERROR:bus.cc(392)] Failed to connect to the bus: Address does not contain a colon
[103:130:0103/120003.611341:ERROR:bus.cc(392)] Failed to connect to the bus: Address does not contain a colon
[103:130:0103/120003.611354:ERROR:bus.cc(392)] Failed to connect to the bus: Address does not contain a colon
[103:130:0103/120003.611367:ERROR:bus.cc(392)] Failed to connect to the bus: Address does not contain a colon
[103:130:0103/120003.611380:ERROR:bus.cc(392)] Failed to connect to the bus: Address does not contain a colon
[103:130:0103/120003.611394:ERROR:bus.cc(392)] Failed to connect to the bus: Address does not contain a colon
[103:130:0103/120003.611407:ERROR:bus.cc(392)] Failed to connect to the bus: Address does not contain a colon
[103:130:0103/120003.611420:ERROR:bus.cc(392)] Failed to connect to the bus: Address does not contain a colon
[103:130:0103/120003.615374:ERROR:bus.cc(392)] Failed to connect to the bus: Address does not contain a colon
[103:130:0103/120003.615416:ERROR:bus.cc(392)] Failed to connect to the bus: Address does not contain a colon
[103:130:0103/120003.615437:ERROR:bus.cc(392)] Failed to connect to the bus: Address does not contain a colon
[103:130:0103/120003.663728:ERROR:bus.cc(392)] Failed to connect to the bus: Address does not contain a colon
[103:130:0103/120003.663774:ERROR:bus.cc(392)] Failed to connect to the bus: Address does not contain a colon
[103:103:0103/120004.386536:INFO:CONSOLE(126)] "currentLatencynow: 6.073", source: file:///home/seluser/ppt/player/bola1/index.html (126)
[103:103:0103/120005.386543:INFO:CONSOLE(126)] "currentLatencynow: 6.617", source: file:///home/seluser/ppt/player/bola1/index.html (126)
[103:103:0103/120006.386459:INFO:CONSOLE(126)] "currentLatencynow: 6.529", source: file:///home/seluser/ppt/player/bola1/index.html (126)
[103:103:0103/120007.386448:INFO:CONSOLE(126)] "currentLatencynow: 6.76", source: file:///home/seluser/ppt/player/bola1/index.html (126)
[103:103:0103/120008.386685:INFO:CONSOLE(126)] "currentLatencynow: 7.367", source: file:///home/seluser/ppt/player/bola1/index.html (126)
[103:103:0103/120009.386487:INFO:CONSOLE(126)] "currentLatencynow: 7.367", source: file:///home/seluser/ppt/player/bola1/index.html (126)
[103:103:0103/120010.386506:INFO:CONSOLE(126)] "currentLatencynow: 7.367", source: file:///home/seluser/ppt/player/bola1/index.html (126)
[103:103:0103/120011.386509:INFO:CONSOLE(126)] "currentLatencynow: 7.367", source: file:///home/seluser/ppt/player/bola1/index.html (126)
[103:103:0103/120012.386536:INFO:CONSOLE(126)] "currentLatencynow: 7.367", source: file:///home/seluser/ppt/player/bola1/index.html (126)
[103:103:0103/120013.386469:INFO:CONSOLE(126)] "currentLatencynow: 7.367", source: file:///home/seluser/ppt/player/bola1/index.html (126)
[103:103:0103/120014.386569:INFO:CONSOLE(126)] "currentLatencynow: 7.367", source: file:///home/seluser/ppt/player/bola1/index.html (126)
[103:103:0103/120015.386469:INFO:CONSOLE(126)] "currentLatencynow: 7.367", source: file:///home/seluser/ppt/player/bola1/index.html (126)
[103:103:0103/120016.386436:INFO:CONSOLE(126)] "currentLatencynow: 7.367", source: file:///home/seluser/ppt/player/bola1/index.html (126)
[103:103:0103/120017.386433:INFO:CONSOLE(126)] "currentLatencynow: 7.367", source: file:///home/seluser/ppt/player/bola1/index.html (126)
[103:103:0103/120018.386490:INFO:CONSOLE(126)] "currentLatencynow: 7.367", source: file:///home/seluser/ppt/player/bola1/index.html (126)
[103:103:0103/120019.386471:INFO:CONSOLE(126)] "currentLatencynow: 7.367", source: file:///home/seluser/ppt/player/bola1/index.html (126)
[103:103:0103/120020.386456:INFO:CONSOLE(126)] "currentLatencynow: 7.288", source: file:///home/seluser/ppt/player/bola1/index.html (126)
[103:103:0103/120021.386573:INFO:CONSOLE(126)] "currentLatencynow: 7.188", source: file:///home/seluser/ppt/player/bola1/index.html (126)
[103:103:0103/120022.386462:INFO:CONSOLE(126)] "currentLatencynow: 7.088", source: file:///home/seluser/ppt/player/bola1/index.html (126)
[103:103:0103/120023.386474:INFO:CONSOLE(126)] "currentLatencynow: 6.988", source: file:///home/seluser/ppt/player/bola1/index.html (126)
[103:103:0103/120024.386462:INFO:CONSOLE(126)] "currentLatencynow: 6.959", source: file:///home/seluser/ppt/player/bola1/index.html (126)
[103:103:0103/120025.386474:INFO:CONSOLE(126)] "currentLatencynow: 6.959", source: file:///home/seluser/ppt/player/bola1/index.html (126)
[103:103:0103/120026.386536:INFO:CONSOLE(126)] "currentLatencynow: 6.875", source: file:///home/seluser/ppt/player/bola1/index.html (126)
[103:103:0103/120027.386514:INFO:CONSOLE(126)] "currentLatencynow: 6.776", source: file:///home/seluser/ppt/player/bola1/index.html (126)
[103:103:0103/120028.386510:INFO:CONSOLE(126)] "currentLatencynow: 6.675", source: file:///home/seluser/ppt/player/bola1/index.html (126)
[103:103:0103/120029.386620:INFO:CONSOLE(126)] "currentLatencynow: 6.575", source: file:///home/seluser/ppt/player/bola1/index.html (126)
[103:103:0103/120030.386475:INFO:CONSOLE(126)] "currentLatencynow: 6.475", source: file:///home/seluser/ppt/player/bola1/index.html (126)
[103:103:0103/120031.386520:INFO:CONSOLE(126)] "currentLatencynow: 6.375", source: file:///home/seluser/ppt/player/bola1/index.html (126)
[103:103:0103/120032.386487:INFO:CONSOLE(126)] "currentLatencynow: 6.275", source: file:///home/seluser/ppt/player/bola1/index.html (126)
[103:103:0103/120033.386532:INFO:CONSOLE(126)] "currentLatencynow: 6.175", source: file:///home/seluser/ppt/player/bola1/index.html (126)
[103:103:0103/120034.386577:INFO:CONSOLE(126)] "currentLatencynow: 6.075", source: file:///home/seluser/ppt/player/bola1/index.html (126)
[103:103:0103/120035.386489:INFO:CONSOLE(126)] "currentLatencynow: 5.975", source: file:///home/seluser/ppt/player/bola1/index.html (126)
[103:103:0103/120036.386502:INFO:CONSOLE(126)] "currentLatencynow: 5.876", source: file:///home/seluser/ppt/player/bola1/index.html (126)
[103:103:0103/120037.386615:INFO:CONSOLE(126)] "currentLatencynow: 5.871", source: file:///home/seluser/ppt/player/bola1/index.html (126)
[103:103:0103/120038.386470:INFO:CONSOLE(126)] "currentLatencynow: 5.871", source: file:///home/seluser/ppt/player/bola1/index.html (126)
[103:103:0103/120039.386477:INFO:CONSOLE(126)] "currentLatencynow: 5.871", source: file:///home/seluser/ppt/player/bola1/index.html (126)
[103:103:0103/120040.386498:INFO:CONSOLE(126)] "currentLatencynow: 5.857", source: file:///home/seluser/ppt/player/bola1/index.html (126)
[103:103:0103/120041.386470:INFO:CONSOLE(126)] "currentLatencynow: 5.757", source: file:///home/seluser/ppt/player/bola1/index.html (126)
[103:103:0103/120042.386532:INFO:CONSOLE(126)] "currentLatencynow: 5.657", source: file:///home/seluser/ppt/player/bola1/index.html (126)
[103:103:0103/120043.386647:INFO:CONSOLE(126)] "currentLatencynow: 5.557", source: file:///home/seluser/ppt/player/bola1/index.html (126)
[103:103:0103/120044.386537:INFO:CONSOLE(126)] "currentLatencynow: 5.457", source: file:///home/seluser/ppt/player/bola1/index.html (126)
[103:103:0103/120045.386631:INFO:CONSOLE(126)] "currentLatencynow: 5.357", source: file:///home/seluser/ppt/player/bola1/index.html (126)
[103:103:0103/120046.386521:INFO:CONSOLE(126)] "currentLatencynow: 5.257", source: file:///home/seluser/ppt/player/bola1/index.html (126)
[103:103:0103/120047.386505:INFO:CONSOLE(126)] "currentLatencynow: 5.157", source: file:///home/seluser/ppt/player/bola1/index.html (126)
[103:103:0103/120048.386515:INFO:CONSOLE(126)] "currentLatencynow: 5.058", source: file:///home/seluser/ppt/player/bola1/index.html (126)
[103:103:0103/120049.386507:INFO:CONSOLE(126)] "currentLatencynow: 4.957", source: file:///home/seluser/ppt/player/bola1/index.html (126)
[103:103:0103/120050.386494:INFO:CONSOLE(126)] "currentLatencynow: 4.858", source: file:///home/seluser/ppt/player/bola1/index.html (126)
[103:103:0103/120051.386508:INFO:CONSOLE(126)] "currentLatencynow: 4.758", source: file:///home/seluser/ppt/player/bola1/index.html (126)
[103:103:0103/120052.386638:INFO:CONSOLE(126)] "currentLatencynow: 4.658", source: file:///home/seluser/ppt/player/bola1/index.html (126)
[103:103:0103/120053.386573:INFO:CONSOLE(126)] "currentLatencynow: 4.558", source: file:///home/seluser/ppt/player/bola1/index.html (126)
[103:103:0103/120054.386455:INFO:CONSOLE(126)] "currentLatencynow: 4.458", source: file:///home/seluser/ppt/player/bola1/index.html (126)
[103:103:0103/120055.386498:INFO:CONSOLE(126)] "currentLatencynow: 4.39", source: file:///home/seluser/ppt/player/bola1/index.html (126)
[103:103:0103/120056.386485:INFO:CONSOLE(126)] "currentLatencynow: 4.313", source: file:///home/seluser/ppt/player/bola1/index.html (126)
[103:103:0103/120057.386548:INFO:CONSOLE(126)] "currentLatencynow: 4.602", source: file:///home/seluser/ppt/player/bola1/index.html (126)
[103:103:0103/120058.386603:INFO:CONSOLE(126)] "currentLatencynow: 5.119", source: file:///home/seluser/ppt/player/bola1/index.html (126)
[103:103:0103/120059.386497:INFO:CONSOLE(126)] "currentLatencynow: 5.093", source: file:///home/seluser/ppt/player/bola1/index.html (126)
[103:103:0103/120100.386474:INFO:CONSOLE(126)] "currentLatencynow: 4.993", source: file:///home/seluser/ppt/player/bola1/index.html (126)
[103:103:0103/120101.386509:INFO:CONSOLE(126)] "currentLatencynow: 4.894", source: file:///home/seluser/ppt/player/bola1/index.html (126)
[103:103:0103/120102.386504:INFO:CONSOLE(126)] "currentLatencynow: 4.871", source: file:///home/seluser/ppt/player/bola1/index.html (126)
[103:103:0103/120103.387506:INFO:CONSOLE(126)] "currentLatencynow: 4.871", source: file:///home/seluser/ppt/player/bola1/index.html (126)
[103:103:0103/120104.386466:INFO:CONSOLE(126)] "currentLatencynow: 4.797", source: file:///home/seluser/ppt/player/bola1/index.html (126)
[103:103:0103/120105.386489:INFO:CONSOLE(126)] "currentLatencynow: 4.699", source: file:///home/seluser/ppt/player/bola1/index.html (126)
[103:103:0103/120106.386443:INFO:CONSOLE(126)] "currentLatencynow: 4.602", source: file:///home/seluser/ppt/player/bola1/index.html (126)
[103:103:0103/120107.386418:INFO:CONSOLE(126)] "currentLatencynow: 4.53", source: file:///home/seluser/ppt/player/bola1/index.html (126)
[103:103:0103/120108.386472:INFO:CONSOLE(126)] "currentLatencynow: 4.53", source: file:///home/seluser/ppt/player/bola1/index.html (126)
[103:103:0103/120109.386500:INFO:CONSOLE(126)] "currentLatencynow: 4.53", source: file:///home/seluser/ppt/player/bola1/index.html (126)
[103:103:0103/120110.386536:INFO:CONSOLE(126)] "currentLatencynow: 4.53", source: file:///home/seluser/ppt/player/bola1/index.html (126)
[103:103:0103/120111.386519:INFO:CONSOLE(126)] "currentLatencynow: 4.53", source: file:///home/seluser/ppt/player/bola1/index.html (126)
[103:103:0103/120112.386540:INFO:CONSOLE(126)] "currentLatencynow: 4.53", source: file:///home/seluser/ppt/player/bola1/index.html (126)
[103:103:0103/120113.386447:INFO:CONSOLE(126)] "currentLatencynow: 4.53", source: file:///home/seluser/ppt/player/bola1/index.html (126)
[103:103:0103/120114.386448:INFO:CONSOLE(126)] "currentLatencynow: 4.53", source: file:///home/seluser/ppt/player/bola1/index.html (126)
[103:103:0103/120115.386426:INFO:CONSOLE(126)] "currentLatencynow: 4.53", source: file:///home/seluser/ppt/player/bola1/index.html (126)
[103:103:0103/120116.386624:INFO:CONSOLE(126)] "currentLatencynow: 4.53", source: file:///home/seluser/ppt/player/bola1/index.html (126)
[103:103:0103/120117.386691:INFO:CONSOLE(126)] "currentLatencynow: 4.485", source: file:///home/seluser/ppt/player/bola1/index.html (126)
[103:103:0103/120118.386490:INFO:CONSOLE(126)] "currentLatencynow: 4.399", source: file:///home/seluser/ppt/player/bola1/index.html (126)
[103:103:0103/120119.386480:INFO:CONSOLE(126)] "currentLatencynow: 4.312", source: file:///home/seluser/ppt/player/bola1/index.html (126)
[103:103:0103/120120.386469:INFO:CONSOLE(126)] "currentLatencynow: 4.245", source: file:///home/seluser/ppt/player/bola1/index.html (126)
[103:103:0103/120121.386558:INFO:CONSOLE(126)] "currentLatencynow: 4.184", source: file:///home/seluser/ppt/player/bola1/index.html (126)
[103:103:0103/120122.386479:INFO:CONSOLE(126)] "currentLatencynow: 4.138", source: file:///home/seluser/ppt/player/bola1/index.html (126)
[103:103:0103/120123.386526:INFO:CONSOLE(126)] "currentLatencynow: 4.097", source: file:///home/seluser/ppt/player/bola1/index.html (126)
[103:103:0103/120124.386551:INFO:CONSOLE(126)] "currentLatencynow: 4.071", source: file:///home/seluser/ppt/player/bola1/index.html (126)
[103:103:0103/120125.386452:INFO:CONSOLE(126)] "currentLatencynow: 4.045", source: file:///home/seluser/ppt/player/bola1/index.html (126)
[103:103:0103/120126.386489:INFO:CONSOLE(126)] "currentLatencynow: 4.019", source: file:///home/seluser/ppt/player/bola1/index.html (126)
[103:103:0103/120127.386460:INFO:CONSOLE(126)] "currentLatencynow: 4.017", source: file:///home/seluser/ppt/player/bola1/index.html (126)
[103:103:0103/120128.386500:INFO:CONSOLE(126)] "currentLatencynow: 4.017", source: file:///home/seluser/ppt/player/bola1/index.html (126)
[103:103:0103/120129.386492:INFO:CONSOLE(126)] "currentLatencynow: 4.017", source: file:///home/seluser/ppt/player/bola1/index.html (126)
[103:103:0103/120130.386461:INFO:CONSOLE(126)] "currentLatencynow: 4.017", source: file:///home/seluser/ppt/player/bola1/index.html (126)
[103:103:0103/120131.386605:INFO:CONSOLE(126)] "currentLatencynow: 4.017", source: file:///home/seluser/ppt/player/bola1/index.html (126)
[103:103:0103/120132.386552:INFO:CONSOLE(126)] "currentLatencynow: 4.017", source: file:///home/seluser/ppt/player/bola1/index.html (126)
[103:103:0103/120133.386550:INFO:CONSOLE(126)] "currentLatencynow: 4.017", source: file:///home/seluser/ppt/player/bola1/index.html (126)
[103:103:0103/120134.386525:INFO:CONSOLE(126)] "currentLatencynow: 4.017", source: file:///home/seluser/ppt/player/bola1/index.html (126)
[103:103:0103/120135.386415:INFO:CONSOLE(126)] "currentLatencynow: 4.017", source: file:///home/seluser/ppt/player/bola1/index.html (126)
[103:103:0103/120136.386528:INFO:CONSOLE(126)] "currentLatencynow: 4.017", source: file:///home/seluser/ppt/player/bola1/index.html (126)
[103:103:0103/120137.386557:INFO:CONSOLE(126)] "currentLatencynow: 4.017", source: file:///home/seluser/ppt/player/bola1/index.html (126)
[103:103:0103/120138.386535:INFO:CONSOLE(126)] "currentLatencynow: 4.017", source: file:///home/seluser/ppt/player/bola1/index.html (126)
[103:103:0103/120139.386488:INFO:CONSOLE(126)] "currentLatencynow: 4.017", source: file:///home/seluser/ppt/player/bola1/index.html (126)
[103:103:0103/120140.386586:INFO:CONSOLE(126)] "currentLatencynow: 4.017", source: file:///home/seluser/ppt/player/bola1/index.html (126)
[103:103:0103/120141.386592:INFO:CONSOLE(126)] "currentLatencynow: 4.017", source: file:///home/seluser/ppt/player/bola1/index.html (126)
[103:103:0103/120142.386522:INFO:CONSOLE(126)] "currentLatencynow: 4.017", source: file:///home/seluser/ppt/player/bola1/index.html (126)
[103:103:0103/120143.386528:INFO:CONSOLE(126)] "currentLatencynow: 4.017", source: file:///home/seluser/ppt/player/bola1/index.html (126)
[103:103:0103/120144.386580:INFO:CONSOLE(126)] "currentLatencynow: 4.017", source: file:///home/seluser/ppt/player/bola1/index.html (126)
[103:103:0103/120145.386583:INFO:CONSOLE(126)] "currentLatencynow: 4.017", source: file:///home/seluser/ppt/player/bola1/index.html (126)
[103:103:0103/120146.386662:INFO:CONSOLE(126)] "currentLatencynow: 4.017", source: file:///home/seluser/ppt/player/bola1/index.html (126)
[103:103:0103/120147.386508:INFO:CONSOLE(126)] "currentLatencynow: 4.492", source: file:///home/seluser/ppt/player/bola1/index.html (126)
[103:103:0103/120148.386517:INFO:CONSOLE(126)] "currentLatencynow: 5.492", source: file:///home/seluser/ppt/player/bola1/index.html (126)
[103:103:0103/120149.386547:INFO:CONSOLE(126)] "currentLatencynow: 6.492", source: file:///home/seluser/ppt/player/bola1/index.html (126)
[103:103:0103/120150.386594:INFO:CONSOLE(126)] "currentLatencynow: 7.492", source: file:///home/seluser/ppt/player/bola1/index.html (126)
[103:103:0103/120151.386513:INFO:CONSOLE(126)] "currentLatencynow: 8.492", source: file:///home/seluser/ppt/player/bola1/index.html (126)
[103:130:0103/120152.152524:ERROR:bus.cc(392)] Failed to connect to the bus: Address does not contain a colon
[103:130:0103/120152.152575:ERROR:bus.cc(392)] Failed to connect to the bus: Address does not contain a colon
[103:103:0103/120152.386614:INFO:CONSOLE(126)] "currentLatencynow: 9.187", source: file:///home/seluser/ppt/player/bola1/index.html (126)
[103:103:0103/120153.387182:INFO:CONSOLE(112)] "Begin Player stistics 
", source: file:///home/seluser/ppt/player/bola1/index.html (112)
[103:103:0103/120153.387316:INFO:CONSOLE(113)] "["stall",[["11.89","13.55",1.6600000000000001]],[["14.62","14.87",0.25]],[["17.03","17.28",0.25]],[["66.99","67.24",0.25]],[["116.85","117.10",0.25]],[["availibleBW",[null],[null],[null],[null],[null],[null],[null],[null],[1045],[1045],[1002],[1002],[1002],[882],[882],[852],[802],[802],[746],[746],[594],[594],[576],[576],[495],[1220],[1792],[2365],[3895],[3898],[3898],[3868],[3842],[3842],[3823],[3971],[4139],[4284],[4284],[4445],[4445],[4460],[4460],[4469],[4489],[4766],[4766],[5082],[5434],[5434],[6094],[6188],[6222],[6216],[5772],[5772],[5772],[5159],[5159],[5159],[4453],[4453],[4453],[3787],[2188],[2188],[2188],[1916],[2322],[2731],[3139],[4447],[4447],[4481],[4430],[4430],[4303],[4115],[4115],[3800],[3689],[3699],[3752],[3841],[3631],[3631],[3631],[3327],[2966],[2966],[2966],[2598],[2119],[2105],[2079],[2079],[1957],[1957],[1844],[1844],[1704],[1455],[1455],[1453],[1418],[1418],[1288],[1288],[1178],[1178],[1178],[1178],[1178],[1178],[1178],[1178],[1017],[1017]]],[["currentBuffer",[0],[0],[0],[0],[0],[0],[0],[0],[1.071],[0.391],[2.07],[1.047],[0.054],[1.705],[0.705],[0],[0.707],[0],[0.709],[0],[0.711],[0],[0.713],[0],[0.715],[3.644],[2.543],[1.444],[0.344],[1.314],[0.314],[1.236],[2.138],[1.038],[1.94],[2.802],[3.744],[4.646],[3.546],[2.446],[1.346],[0.246],[0],[0.24],[1.242],[2.234],[1.134],[2.036],[2.938],[1.838],[0.738],[1.64],[2.542],[3.444],[4.346],[3.246],[2.146],[3.048],[1.948],[0.848],[1.781],[0.705],[0],[1.472],[2.53],[1.431],[0.332],[1.303],[2.228],[3.24],[2.062],[0.987],[0],[0.968],[0],[0],[0],[0.898],[0],[0.974],[0],[0.976],[1.94],[2.856],[3.771],[2.703],[1.64],[2.595],[3.479],[2.529],[1.503],[2.478],[1.475],[2.477],[3.479],[2.479],[3.481],[2.481],[3.409],[2.483],[3.485],[2.485],[1.485],[2.487],[3.489],[2.489],[3.491],[2.491],[3.493],[2.493],[1.493],[0.493],[0],[0],[0],[0],[1.889],[1.691]]],[["currentLatency",[null],[null],[null],[null],[null],[null],[null],[4.779],[5.779],[6.073],[6.617],[6.529],[6.76],[7.367],[7.367],[7.367],[7.367],[7.367],[7.367],[7.367],[7.367],[7.367],[7.367],[7.367],[7.367],[7.288],[7.188],[7.088],[6.988],[6.959],[6.959],[6.875],[6.776],[6.675],[6.575],[6.475],[6.375],[6.275],[6.175],[6.075],[5.975],[5.876],[5.871],[5.871],[5.871],[5.857],[5.757],[5.657],[5.557],[5.457],[5.357],[5.257],[5.157],[5.058],[4.957],[4.858],[4.758],[4.658],[4.558],[4.458],[4.39],[4.313],[4.602],[5.119],[5.093],[4.993],[4.894],[4.871],[4.871],[4.797],[4.699],[4.602],[4.53],[4.53],[4.53],[4.53],[4.53],[4.53],[4.53],[4.53],[4.53],[4.53],[4.485],[4.399],[4.312],[4.245],[4.184],[4.138],[4.097],[4.071],[4.045],[4.019],[4.017],[4.017],[4.017],[4.017],[4.017],[4.017],[4.017],[4.017],[4.017],[4.017],[4.017],[4.017],[4.017],[4.017],[4.017],[4.017],[4.017],[4.017],[4.017],[4.017],[4.492],[5.492],[6.492],[7.492],[8.492],[9.187]]]]", source: file:///home/seluser/ppt/player/bola1/index.html (113)
[103:103:0103/120153.387392:INFO:CONSOLE(114)] "
", source: file:///home/seluser/ppt/player/bola1/index.html (114)
[103:103:0103/120153.387448:INFO:CONSOLE(115)] "Finish Player stistics 
", source: file:///home/seluser/ppt/player/bola1/index.html (115)
[103:103:0103/120153.387515:INFO:CONSOLE(126)] "currentLatencynow: 9.187", source: file:///home/seluser/ppt/player/bola1/index.html (126)
[103:103:0103/120154.386502:INFO:CONSOLE(126)] "currentLatencynow: 9.187", source: file:///home/seluser/ppt/player/bola1/index.html (126)
[103:103:0103/120155.388606:INFO:CONSOLE(126)] "currentLatencynow: 9.188", source: file:///home/seluser/ppt/player/bola1/index.html (126)
[103:103:0103/120156.386434:INFO:CONSOLE(126)] "currentLatencynow: 9.467", source: file:///home/seluser/ppt/player/bola1/index.html (126)
[103:103:0103/120157.386476:INFO:CONSOLE(126)] "currentLatencynow: 10.467", source: file:///home/seluser/ppt/player/bola1/index.html (126)
[103:103:0103/120158.386481:INFO:CONSOLE(126)] "currentLatencynow: 11.403", source: file:///home/seluser/ppt/player/bola1/index.html (126)
[103:130:0103/120158.427612:ERROR:bus.cc(392)] Failed to connect to the bus: Address does not contain a colon
[103:130:0103/120158.427664:ERROR:bus.cc(392)] Failed to connect to the bus: Address does not contain a colon
[103:103:0103/120159.386526:INFO:CONSOLE(126)] "currentLatencynow: 11.47", source: file:///home/seluser/ppt/player/bola1/index.html (126)
[103:103:0103/120200.386454:INFO:CONSOLE(126)] "currentLatencynow: 11.47", source: file:///home/seluser/ppt/player/bola1/index.html (126)
[103:103:0103/120201.386482:INFO:CONSOLE(126)] "currentLatencynow: 11.47", source: file:///home/seluser/ppt/player/bola1/index.html (126)
[103:103:0103/120202.386424:INFO:CONSOLE(126)] "currentLatencynow: 11.47", source: file:///home/seluser/ppt/player/bola1/index.html (126)
[103:103:0103/120203.386490:INFO:CONSOLE(126)] "currentLatencynow: 11.47", source: file:///home/seluser/ppt/player/bola1/index.html (126)
[103:103:0103/120204.386433:INFO:CONSOLE(126)] "currentLatencynow: 11.473", source: file:///home/seluser/ppt/player/bola1/index.html (126)
[103:103:0103/120205.386516:INFO:CONSOLE(126)] "currentLatencynow: 12.473", source: file:///home/seluser/ppt/player/bola1/index.html (126)
[103:103:0103/120206.386521:INFO:CONSOLE(126)] "currentLatencynow: 13.473", source: file:///home/seluser/ppt/player/bola1/index.html (126)
[103:130:0103/120207.307207:ERROR:bus.cc(392)] Failed to connect to the bus: Address does not contain a colon
[103:130:0103/120207.307311:ERROR:bus.cc(392)] Failed to connect to the bus: Address does not contain a colon
[103:103:0103/120207.386471:INFO:CONSOLE(126)] "currentLatencynow: 14.307", source: file:///home/seluser/ppt/player/bola1/index.html (126)
[103:103:0103/120208.386449:INFO:CONSOLE(126)] "currentLatencynow: 14.307", source: file:///home/seluser/ppt/player/bola1/index.html (126)
[103:103:0103/120209.386431:INFO:CONSOLE(126)] "currentLatencynow: 14.307", source: file:///home/seluser/ppt/player/bola1/index.html (126)
[103:103:0103/120210.386573:INFO:CONSOLE(126)] "currentLatencynow: 14.307", source: file:///home/seluser/ppt/player/bola1/index.html (126)
[103:103:0103/120211.386488:INFO:CONSOLE(126)] "currentLatencynow: 14.307", source: file:///home/seluser/ppt/player/bola1/index.html (126)
[103:103:0103/120212.386541:INFO:CONSOLE(126)] "currentLatencynow: 14.307", source: file:///home/seluser/ppt/player/bola1/index.html (126)
[103:103:0103/120213.386547:INFO:CONSOLE(126)] "currentLatencynow: 14.457", source: file:///home/seluser/ppt/player/bola1/index.html (126)
[103:103:0103/120214.386536:INFO:CONSOLE(126)] "currentLatencynow: 15.457", source: file:///home/seluser/ppt/player/bola1/index.html (126)
[103:103:0103/120215.386515:INFO:CONSOLE(126)] "currentLatencynow: 16.457", source: file:///home/seluser/ppt/player/bola1/index.html (126)
[103:130:0103/120216.318684:ERROR:bus.cc(392)] Failed to connect to the bus: Address does not contain a colon
[103:130:0103/120216.318757:ERROR:bus.cc(392)] Failed to connect to the bus: Address does not contain a colon
[103:103:0103/120216.386542:INFO:CONSOLE(126)] "currentLatencynow: 17.315", source: file:///home/seluser/ppt/player/bola1/index.html (126)
[103:103:0103/120217.386585:INFO:CONSOLE(126)] "currentLatencynow: 17.315", source: file:///home/seluser/ppt/player/bola1/index.html (126)
[103:103:0103/120218.386601:INFO:CONSOLE(126)] "currentLatencynow: 17.315", source: file:///home/seluser/ppt/player/bola1/index.html (126)
[103:103:0103/120219.386590:INFO:CONSOLE(126)] "currentLatencynow: 17.315", source: file:///home/seluser/ppt/player/bola1/index.html (126)
[103:103:0103/120220.386444:INFO:CONSOLE(126)] "currentLatencynow: 17.467", source: file:///home/seluser/ppt/player/bola1/index.html (126)
[103:103:0103/120221.386554:INFO:CONSOLE(126)] "currentLatencynow: 18.467", source: file:///home/seluser/ppt/player/bola1/index.html (126)
[103:103:0103/120222.386422:INFO:CONSOLE(126)] "currentLatencynow: 19.467", source: file:///home/seluser/ppt/player/bola1/index.html (126)
[103:103:0103/120223.386625:INFO:CONSOLE(126)] "currentLatencynow: 20.467", source: file:///home/seluser/ppt/player/bola1/index.html (126)
[103:130:0103/120223.662494:ERROR:bus.cc(392)] Failed to connect to the bus: Address does not contain a colon
[103:130:0103/120223.662551:ERROR:bus.cc(392)] Failed to connect to the bus: Address does not contain a colon
[103:103:0103/120224.386448:INFO:CONSOLE(126)] "currentLatencynow: 20.587", source: file:///home/seluser/ppt/player/bola1/index.html (126)
[103:103:0103/120225.386527:INFO:CONSOLE(126)] "currentLatencynow: 20.487", source: file:///home/seluser/ppt/player/bola1/index.html (126)
[103:103:0103/120225.569742:WARNING:pref_notifier_impl.cc(40)] Pref observer for media_router.cast_allow_all_ips found at shutdown.
