[103:139:0103/115949.318699:ERROR:bus.cc(392)] Failed to connect to the bus: Failed to connect to socket /var/run/dbus/system_bus_socket: No such file or directory
[103:130:0103/115949.321419:ERROR:bus.cc(392)] Failed to connect to the bus: Address does not contain a colon
[103:130:0103/115949.321474:ERROR:bus.cc(392)] Failed to connect to the bus: Address does not contain a colon
[143:143:0103/115949.340259:ERROR:gpu_init.cc(453)] Passthrough is not supported, GL is swiftshader, ANGLE is 
[103:130:0103/115949.347213:ERROR:bus.cc(392)] Failed to connect to the bus: Address does not contain a colon
[103:130:0103/115949.347264:ERROR:bus.cc(392)] Failed to connect to the bus: Address does not contain a colon
[103:130:0103/115949.382770:ERROR:bus.cc(392)] Failed to connect to the bus: Address does not contain a colon
[103:130:0103/115949.382839:ERROR:bus.cc(392)] Failed to connect to the bus: Address does not contain a colon
[103:224:0103/115949.550647:ERROR:bus.cc(392)] Failed to connect to the bus: Failed to connect to socket /var/run/dbus/system_bus_socket: No such file or directory
[103:224:0103/115949.550723:ERROR:bus.cc(392)] Failed to connect to the bus: Failed to connect to socket /var/run/dbus/system_bus_socket: No such file or directory
[103:224:0103/115949.550805:ERROR:bus.cc(392)] Failed to connect to the bus: Failed to connect to socket /var/run/dbus/system_bus_socket: No such file or directory
[103:224:0103/115949.550837:WARNING:property.cc(144)] DaemonVersion: GetAndBlock: failed.
[103:224:0103/115949.550880:ERROR:bus.cc(392)] Failed to connect to the bus: Failed to connect to socket /var/run/dbus/system_bus_socket: No such file or directory
[103:224:0103/115949.550999:ERROR:bus.cc(392)] Failed to connect to the bus: Failed to connect to socket /var/run/dbus/system_bus_socket: No such file or directory
[103:174:0103/115952.511192:ERROR:chrome_browser_main_extra_parts_metrics.cc(228)] crbug.com/1216328: Checking Bluetooth availability started. Please report if there is no report that this ends.
[103:174:0103/115952.511240:ERROR:chrome_browser_main_extra_parts_metrics.cc(231)] crbug.com/1216328: Checking Bluetooth availability ended.
[103:174:0103/115952.511252:ERROR:chrome_browser_main_extra_parts_metrics.cc(234)] crbug.com/1216328: Checking default browser status started. Please report if there is no report that this ends.
[103:174:0103/115952.658217:ERROR:chrome_browser_main_extra_parts_metrics.cc(238)] crbug.com/1216328: Checking default browser status ended.
[103:103:0103/115954.914675:INFO:CONSOLE(126)] "currentLatencynow: NaN", source: file:///home/seluser/ppt/player/bola1/index.html (126)
[103:103:0103/115955.914299:INFO:CONSOLE(126)] "currentLatencynow: NaN", source: file:///home/seluser/ppt/player/bola1/index.html (126)
[430:430:0103/115956.391895:WARNING:audio_manager_linux.cc(69)] Falling back to ALSA for audio output. PulseAudio is not available or could not be initialized.
[430:430:0103/115956.397819:ERROR:alsa_util.cc(204)] PcmOpen: default,No such file or directory
[430:430:0103/115956.398035:ERROR:alsa_util.cc(204)] PcmOpen: plug:default,No such file or directory
[103:103:0103/115956.914250:INFO:CONSOLE(126)] "currentLatencynow: 5.098", source: file:///home/seluser/ppt/player/bola1/index.html (126)
[103:103:0103/115957.914241:INFO:CONSOLE(126)] "currentLatencynow: 6.098", source: file:///home/seluser/ppt/player/bola1/index.html (126)
[103:103:0103/115958.914231:INFO:CONSOLE(126)] "currentLatencynow: 7.096", source: file:///home/seluser/ppt/player/bola1/index.html (126)
[103:130:0103/115959.150758:ERROR:bus.cc(392)] Failed to connect to the bus: Address does not contain a colon
[103:130:0103/115959.150808:ERROR:bus.cc(392)] Failed to connect to the bus: Address does not contain a colon
[103:130:0103/115959.150824:ERROR:bus.cc(392)] Failed to connect to the bus: Address does not contain a colon
[103:130:0103/115959.150838:ERROR:bus.cc(392)] Failed to connect to the bus: Address does not contain a colon
[103:130:0103/115959.150852:ERROR:bus.cc(392)] Failed to connect to the bus: Address does not contain a colon
[103:130:0103/115959.150877:ERROR:bus.cc(392)] Failed to connect to the bus: Address does not contain a colon
[103:130:0103/115959.150893:ERROR:bus.cc(392)] Failed to connect to the bus: Address does not contain a colon
[103:130:0103/115959.150905:ERROR:bus.cc(392)] Failed to connect to the bus: Address does not contain a colon
[103:130:0103/115959.150918:ERROR:bus.cc(392)] Failed to connect to the bus: Address does not contain a colon
[103:130:0103/115959.150932:ERROR:bus.cc(392)] Failed to connect to the bus: Address does not contain a colon
[103:130:0103/115959.150944:ERROR:bus.cc(392)] Failed to connect to the bus: Address does not contain a colon
[103:130:0103/115959.150958:ERROR:bus.cc(392)] Failed to connect to the bus: Address does not contain a colon
[103:130:0103/115959.150971:ERROR:bus.cc(392)] Failed to connect to the bus: Address does not contain a colon
[103:130:0103/115959.150984:ERROR:bus.cc(392)] Failed to connect to the bus: Address does not contain a colon
[103:130:0103/115959.160556:ERROR:bus.cc(392)] Failed to connect to the bus: Address does not contain a colon
[103:130:0103/115959.160620:ERROR:bus.cc(392)] Failed to connect to the bus: Address does not contain a colon
[103:130:0103/115959.160656:ERROR:bus.cc(392)] Failed to connect to the bus: Address does not contain a colon
[103:130:0103/115959.206507:ERROR:bus.cc(392)] Failed to connect to the bus: Address does not contain a colon
[103:130:0103/115959.206553:ERROR:bus.cc(392)] Failed to connect to the bus: Address does not contain a colon
[103:103:0103/115959.914208:INFO:CONSOLE(126)] "currentLatencynow: 7.331", source: file:///home/seluser/ppt/player/bola1/index.html (126)
[103:103:0103/120000.914292:INFO:CONSOLE(126)] "currentLatencynow: 7.324", source: file:///home/seluser/ppt/player/bola1/index.html (126)
[103:103:0103/120001.914314:INFO:CONSOLE(126)] "currentLatencynow: 7.324", source: file:///home/seluser/ppt/player/bola1/index.html (126)
[103:103:0103/120002.914229:INFO:CONSOLE(126)] "currentLatencynow: 7.235", source: file:///home/seluser/ppt/player/bola1/index.html (126)
[103:103:0103/120003.914836:INFO:CONSOLE(126)] "currentLatencynow: 7.135", source: file:///home/seluser/ppt/player/bola1/index.html (126)
[103:103:0103/120004.914208:INFO:CONSOLE(126)] "currentLatencynow: 7.035", source: file:///home/seluser/ppt/player/bola1/index.html (126)
[103:103:0103/120005.914327:INFO:CONSOLE(126)] "currentLatencynow: 6.936", source: file:///home/seluser/ppt/player/bola1/index.html (126)
[103:103:0103/120006.914227:INFO:CONSOLE(126)] "currentLatencynow: 6.835", source: file:///home/seluser/ppt/player/bola1/index.html (126)
[103:103:0103/120007.914239:INFO:CONSOLE(126)] "currentLatencynow: 6.736", source: file:///home/seluser/ppt/player/bola1/index.html (126)
[103:103:0103/120008.914171:INFO:CONSOLE(126)] "currentLatencynow: 6.635", source: file:///home/seluser/ppt/player/bola1/index.html (126)
[103:103:0103/120009.914273:INFO:CONSOLE(126)] "currentLatencynow: 6.789", source: file:///home/seluser/ppt/player/bola1/index.html (126)
[103:103:0103/120010.914260:INFO:CONSOLE(126)] "currentLatencynow: 6.689", source: file:///home/seluser/ppt/player/bola1/index.html (126)
[103:103:0103/120011.914374:INFO:CONSOLE(126)] "currentLatencynow: 6.589", source: file:///home/seluser/ppt/player/bola1/index.html (126)
[103:103:0103/120012.914202:INFO:CONSOLE(126)] "currentLatencynow: 6.489", source: file:///home/seluser/ppt/player/bola1/index.html (126)
[103:103:0103/120013.914184:INFO:CONSOLE(126)] "currentLatencynow: 6.901", source: file:///home/seluser/ppt/player/bola1/index.html (126)
[103:103:0103/120014.914256:INFO:CONSOLE(126)] "currentLatencynow: 6.9", source: file:///home/seluser/ppt/player/bola1/index.html (126)
[103:103:0103/120015.914178:INFO:CONSOLE(126)] "currentLatencynow: 7.194", source: file:///home/seluser/ppt/player/bola1/index.html (126)
[103:103:0103/120016.914159:INFO:CONSOLE(126)] "currentLatencynow: 7.583", source: file:///home/seluser/ppt/player/bola1/index.html (126)
[103:103:0103/120017.914187:INFO:CONSOLE(126)] "currentLatencynow: 7.583", source: file:///home/seluser/ppt/player/bola1/index.html (126)
[103:103:0103/120018.914171:INFO:CONSOLE(126)] "currentLatencynow: 8.188", source: file:///home/seluser/ppt/player/bola1/index.html (126)
[103:103:0103/120019.914167:INFO:CONSOLE(126)] "currentLatencynow: 8.232", source: file:///home/seluser/ppt/player/bola1/index.html (126)
[103:103:0103/120020.914234:INFO:CONSOLE(126)] "currentLatencynow: 8.131", source: file:///home/seluser/ppt/player/bola1/index.html (126)
[103:103:0103/120021.914210:INFO:CONSOLE(126)] "currentLatencynow: 8.031", source: file:///home/seluser/ppt/player/bola1/index.html (126)
[103:103:0103/120022.914184:INFO:CONSOLE(126)] "currentLatencynow: 7.959", source: file:///home/seluser/ppt/player/bola1/index.html (126)
[103:103:0103/120023.914214:INFO:CONSOLE(126)] "currentLatencynow: 7.96", source: file:///home/seluser/ppt/player/bola1/index.html (126)
[103:103:0103/120024.914237:INFO:CONSOLE(126)] "currentLatencynow: 7.907", source: file:///home/seluser/ppt/player/bola1/index.html (126)
[103:103:0103/120025.914297:INFO:CONSOLE(126)] "currentLatencynow: 7.807", source: file:///home/seluser/ppt/player/bola1/index.html (126)
[103:103:0103/120026.914286:INFO:CONSOLE(126)] "currentLatencynow: 7.707", source: file:///home/seluser/ppt/player/bola1/index.html (126)
[103:103:0103/120027.914178:INFO:CONSOLE(126)] "currentLatencynow: 7.606", source: file:///home/seluser/ppt/player/bola1/index.html (126)
[103:103:0103/120028.914282:INFO:CONSOLE(126)] "currentLatencynow: 7.507", source: file:///home/seluser/ppt/player/bola1/index.html (126)
[103:103:0103/120029.914171:INFO:CONSOLE(126)] "currentLatencynow: 7.406", source: file:///home/seluser/ppt/player/bola1/index.html (126)
[103:103:0103/120030.914317:INFO:CONSOLE(126)] "currentLatencynow: 7.386", source: file:///home/seluser/ppt/player/bola1/index.html (126)
[103:103:0103/120031.914198:INFO:CONSOLE(126)] "currentLatencynow: 7.386", source: file:///home/seluser/ppt/player/bola1/index.html (126)
[103:103:0103/120032.914193:INFO:CONSOLE(126)] "currentLatencynow: 7.385", source: file:///home/seluser/ppt/player/bola1/index.html (126)
[103:103:0103/120033.914279:INFO:CONSOLE(126)] "currentLatencynow: 7.386", source: file:///home/seluser/ppt/player/bola1/index.html (126)
[103:103:0103/120034.914174:INFO:CONSOLE(126)] "currentLatencynow: 7.385", source: file:///home/seluser/ppt/player/bola1/index.html (126)
[103:103:0103/120035.914212:INFO:CONSOLE(126)] "currentLatencynow: 7.385", source: file:///home/seluser/ppt/player/bola1/index.html (126)
[103:103:0103/120036.914218:INFO:CONSOLE(126)] "currentLatencynow: 7.291", source: file:///home/seluser/ppt/player/bola1/index.html (126)
[103:103:0103/120037.914379:INFO:CONSOLE(126)] "currentLatencynow: 7.191", source: file:///home/seluser/ppt/player/bola1/index.html (126)
[103:103:0103/120038.914262:INFO:CONSOLE(126)] "currentLatencynow: 7.091", source: file:///home/seluser/ppt/player/bola1/index.html (126)
[103:103:0103/120039.914274:INFO:CONSOLE(126)] "currentLatencynow: 6.99", source: file:///home/seluser/ppt/player/bola1/index.html (126)
[103:103:0103/120040.914334:INFO:CONSOLE(126)] "currentLatencynow: 6.891", source: file:///home/seluser/ppt/player/bola1/index.html (126)
[103:103:0103/120041.914262:INFO:CONSOLE(126)] "currentLatencynow: 6.791", source: file:///home/seluser/ppt/player/bola1/index.html (126)
[103:103:0103/120042.914250:INFO:CONSOLE(126)] "currentLatencynow: 6.691", source: file:///home/seluser/ppt/player/bola1/index.html (126)
[103:103:0103/120043.914277:INFO:CONSOLE(126)] "currentLatencynow: 6.591", source: file:///home/seluser/ppt/player/bola1/index.html (126)
[103:103:0103/120044.914219:INFO:CONSOLE(126)] "currentLatencynow: 6.491", source: file:///home/seluser/ppt/player/bola1/index.html (126)
[103:103:0103/120045.914299:INFO:CONSOLE(126)] "currentLatencynow: 6.391", source: file:///home/seluser/ppt/player/bola1/index.html (126)
[103:103:0103/120046.914251:INFO:CONSOLE(126)] "currentLatencynow: 6.292", source: file:///home/seluser/ppt/player/bola1/index.html (126)
[103:103:0103/120047.914212:INFO:CONSOLE(126)] "currentLatencynow: 6.191", source: file:///home/seluser/ppt/player/bola1/index.html (126)
[103:103:0103/120048.914551:INFO:CONSOLE(126)] "currentLatencynow: 6.091", source: file:///home/seluser/ppt/player/bola1/index.html (126)
[103:103:0103/120049.914216:INFO:CONSOLE(126)] "currentLatencynow: 5.991", source: file:///home/seluser/ppt/player/bola1/index.html (126)
[103:103:0103/120050.914228:INFO:CONSOLE(126)] "currentLatencynow: 5.891", source: file:///home/seluser/ppt/player/bola1/index.html (126)
[103:103:0103/120051.914216:INFO:CONSOLE(126)] "currentLatencynow: 5.791", source: file:///home/seluser/ppt/player/bola1/index.html (126)
[103:103:0103/120052.914398:INFO:CONSOLE(126)] "currentLatencynow: 5.691", source: file:///home/seluser/ppt/player/bola1/index.html (126)
[103:103:0103/120053.914206:INFO:CONSOLE(126)] "currentLatencynow: 5.591", source: file:///home/seluser/ppt/player/bola1/index.html (126)
[103:103:0103/120054.914181:INFO:CONSOLE(126)] "currentLatencynow: 5.491", source: file:///home/seluser/ppt/player/bola1/index.html (126)
[103:103:0103/120055.914549:INFO:CONSOLE(126)] "currentLatencynow: 5.391", source: file:///home/seluser/ppt/player/bola1/index.html (126)
[103:103:0103/120056.914165:INFO:CONSOLE(126)] "currentLatencynow: 5.291", source: file:///home/seluser/ppt/player/bola1/index.html (126)
[103:103:0103/120057.914260:INFO:CONSOLE(126)] "currentLatencynow: 5.192", source: file:///home/seluser/ppt/player/bola1/index.html (126)
[103:103:0103/120058.914304:INFO:CONSOLE(126)] "currentLatencynow: 5.091", source: file:///home/seluser/ppt/player/bola1/index.html (126)
[103:103:0103/120059.914250:INFO:CONSOLE(126)] "currentLatencynow: 4.991", source: file:///home/seluser/ppt/player/bola1/index.html (126)
[103:103:0103/120100.914227:INFO:CONSOLE(126)] "currentLatencynow: 4.891", source: file:///home/seluser/ppt/player/bola1/index.html (126)
[103:103:0103/120101.914260:INFO:CONSOLE(126)] "currentLatencynow: 4.791", source: file:///home/seluser/ppt/player/bola1/index.html (126)
[103:103:0103/120102.914165:INFO:CONSOLE(126)] "currentLatencynow: 4.691", source: file:///home/seluser/ppt/player/bola1/index.html (126)
[103:103:0103/120103.914229:INFO:CONSOLE(126)] "currentLatencynow: 4.591", source: file:///home/seluser/ppt/player/bola1/index.html (126)
[103:103:0103/120104.914354:INFO:CONSOLE(126)] "currentLatencynow: 4.491", source: file:///home/seluser/ppt/player/bola1/index.html (126)
[103:103:0103/120105.914326:INFO:CONSOLE(126)] "currentLatencynow: 4.398", source: file:///home/seluser/ppt/player/bola1/index.html (126)
[103:103:0103/120106.914243:INFO:CONSOLE(126)] "currentLatencynow: 4.319", source: file:///home/seluser/ppt/player/bola1/index.html (126)
[103:103:0103/120107.914269:INFO:CONSOLE(126)] "currentLatencynow: 4.246", source: file:///home/seluser/ppt/player/bola1/index.html (126)
[103:103:0103/120108.914197:INFO:CONSOLE(126)] "currentLatencynow: 4.187", source: file:///home/seluser/ppt/player/bola1/index.html (126)
[103:103:0103/120109.914247:INFO:CONSOLE(126)] "currentLatencynow: 4.136", source: file:///home/seluser/ppt/player/bola1/index.html (126)
[103:103:0103/120110.914274:INFO:CONSOLE(126)] "currentLatencynow: 4.1", source: file:///home/seluser/ppt/player/bola1/index.html (126)
[103:103:0103/120111.914195:INFO:CONSOLE(126)] "currentLatencynow: 4.063", source: file:///home/seluser/ppt/player/bola1/index.html (126)
[103:103:0103/120112.914253:INFO:CONSOLE(126)] "currentLatencynow: 4.045", source: file:///home/seluser/ppt/player/bola1/index.html (126)
[103:103:0103/120113.914297:INFO:CONSOLE(126)] "currentLatencynow: 4.031", source: file:///home/seluser/ppt/player/bola1/index.html (126)
[103:103:0103/120114.914254:INFO:CONSOLE(126)] "currentLatencynow: 4.016", source: file:///home/seluser/ppt/player/bola1/index.html (126)
[103:103:0103/120115.914452:INFO:CONSOLE(126)] "currentLatencynow: 4.017", source: file:///home/seluser/ppt/player/bola1/index.html (126)
[103:103:0103/120116.914267:INFO:CONSOLE(126)] "currentLatencynow: 4.017", source: file:///home/seluser/ppt/player/bola1/index.html (126)
[103:103:0103/120117.914195:INFO:CONSOLE(126)] "currentLatencynow: 4.016", source: file:///home/seluser/ppt/player/bola1/index.html (126)
[103:103:0103/120118.914290:INFO:CONSOLE(126)] "currentLatencynow: 4.017", source: file:///home/seluser/ppt/player/bola1/index.html (126)
[103:103:0103/120119.914175:INFO:CONSOLE(126)] "currentLatencynow: 4.016", source: file:///home/seluser/ppt/player/bola1/index.html (126)
[103:103:0103/120120.914229:INFO:CONSOLE(126)] "currentLatencynow: 4.016", source: file:///home/seluser/ppt/player/bola1/index.html (126)
[103:103:0103/120121.914285:INFO:CONSOLE(126)] "currentLatencynow: 4.017", source: file:///home/seluser/ppt/player/bola1/index.html (126)
[103:103:0103/120122.914215:INFO:CONSOLE(126)] "currentLatencynow: 4.016", source: file:///home/seluser/ppt/player/bola1/index.html (126)
[103:103:0103/120123.914224:INFO:CONSOLE(126)] "currentLatencynow: 4.016", source: file:///home/seluser/ppt/player/bola1/index.html (126)
[103:103:0103/120124.914235:INFO:CONSOLE(126)] "currentLatencynow: 4.016", source: file:///home/seluser/ppt/player/bola1/index.html (126)
[103:103:0103/120125.914181:INFO:CONSOLE(126)] "currentLatencynow: 4.016", source: file:///home/seluser/ppt/player/bola1/index.html (126)
[103:103:0103/120126.916029:INFO:CONSOLE(126)] "currentLatencynow: 4.016", source: file:///home/seluser/ppt/player/bola1/index.html (126)
[103:103:0103/120127.914194:INFO:CONSOLE(126)] "currentLatencynow: 4.016", source: file:///home/seluser/ppt/player/bola1/index.html (126)
[103:103:0103/120128.914266:INFO:CONSOLE(126)] "currentLatencynow: 4.016", source: file:///home/seluser/ppt/player/bola1/index.html (126)
[103:103:0103/120129.914204:INFO:CONSOLE(126)] "currentLatencynow: 4.016", source: file:///home/seluser/ppt/player/bola1/index.html (126)
[103:103:0103/120130.914217:INFO:CONSOLE(126)] "currentLatencynow: 4.016", source: file:///home/seluser/ppt/player/bola1/index.html (126)
[103:103:0103/120131.914206:INFO:CONSOLE(126)] "currentLatencynow: 4.016", source: file:///home/seluser/ppt/player/bola1/index.html (126)
[103:103:0103/120132.914219:INFO:CONSOLE(126)] "currentLatencynow: 4.016", source: file:///home/seluser/ppt/player/bola1/index.html (126)
[103:103:0103/120133.914214:INFO:CONSOLE(126)] "currentLatencynow: 4.016", source: file:///home/seluser/ppt/player/bola1/index.html (126)
[103:103:0103/120134.914228:INFO:CONSOLE(126)] "currentLatencynow: 4.016", source: file:///home/seluser/ppt/player/bola1/index.html (126)
[103:103:0103/120135.914439:INFO:CONSOLE(126)] "currentLatencynow: 4.017", source: file:///home/seluser/ppt/player/bola1/index.html (126)
[103:103:0103/120136.914204:INFO:CONSOLE(126)] "currentLatencynow: 4.016", source: file:///home/seluser/ppt/player/bola1/index.html (126)
[103:103:0103/120137.914163:INFO:CONSOLE(126)] "currentLatencynow: 4.016", source: file:///home/seluser/ppt/player/bola1/index.html (126)
[103:103:0103/120138.914243:INFO:CONSOLE(126)] "currentLatencynow: 4.016", source: file:///home/seluser/ppt/player/bola1/index.html (126)
[103:103:0103/120139.914179:INFO:CONSOLE(126)] "currentLatencynow: 4.016", source: file:///home/seluser/ppt/player/bola1/index.html (126)
[103:103:0103/120140.914233:INFO:CONSOLE(126)] "currentLatencynow: 4.017", source: file:///home/seluser/ppt/player/bola1/index.html (126)
[103:103:0103/120141.914186:INFO:CONSOLE(126)] "currentLatencynow: 4.016", source: file:///home/seluser/ppt/player/bola1/index.html (126)
[103:103:0103/120142.914152:INFO:CONSOLE(126)] "currentLatencynow: 4.016", source: file:///home/seluser/ppt/player/bola1/index.html (126)
[103:103:0103/120143.914178:INFO:CONSOLE(126)] "currentLatencynow: 4.016", source: file:///home/seluser/ppt/player/bola1/index.html (126)
[103:103:0103/120144.914227:INFO:CONSOLE(126)] "currentLatencynow: 4.016", source: file:///home/seluser/ppt/player/bola1/index.html (126)
[103:103:0103/120145.914206:INFO:CONSOLE(126)] "currentLatencynow: 4.016", source: file:///home/seluser/ppt/player/bola1/index.html (126)
[103:103:0103/120146.914242:INFO:CONSOLE(126)] "currentLatencynow: 4.017", source: file:///home/seluser/ppt/player/bola1/index.html (126)
[103:103:0103/120147.914179:INFO:CONSOLE(126)] "currentLatencynow: 4.016", source: file:///home/seluser/ppt/player/bola1/index.html (126)
[103:103:0103/120148.914250:INFO:CONSOLE(126)] "currentLatencynow: 4.016", source: file:///home/seluser/ppt/player/bola1/index.html (126)
[103:103:0103/120149.914202:INFO:CONSOLE(126)] "currentLatencynow: 4.016", source: file:///home/seluser/ppt/player/bola1/index.html (126)
[103:103:0103/120150.914209:INFO:CONSOLE(126)] "currentLatencynow: 4.016", source: file:///home/seluser/ppt/player/bola1/index.html (126)
[103:103:0103/120151.914295:INFO:CONSOLE(126)] "currentLatencynow: 4.017", source: file:///home/seluser/ppt/player/bola1/index.html (126)
[103:103:0103/120152.914286:INFO:CONSOLE(112)] "Begin Player stistics 
", source: file:///home/seluser/ppt/player/bola1/index.html (112)
[103:103:0103/120152.914978:INFO:CONSOLE(113)] "["stall",[["6.46","9.26",2.8]],[["19.41","19.66",0.25]],[["23.29","23.54",0.25]],[["25.72","25.97",0.25]],[["28.41","28.66",0.25]],[["availibleBW",[null],[null],[null],[null],[null],[1293],[1074],[1074],[969],[970],[895],[895],[895],[895],[895],[805],[805],[760],[760],[654],[654],[445],[445],[445],[1117],[1833],[2476],[2476],[3876],[3881],[3811],[3854],[3854],[3874],[3867],[3867],[4035],[4035],[4203],[4203],[4334],[4460],[4459],[4459],[4730],[4730],[4159],[4159],[4048],[4048],[3827],[3827],[3495],[3495],[3176],[3571],[3304],[3304],[3304],[2637],[2471],[1414],[1497],[1497],[1403],[1403],[1323],[1323],[1174],[1214],[1111],[1111],[868],[868],[799],[799],[701],[701],[684],[684],[482],[482],[466],[466],[527],[527],[538],[538],[516],[516],[518],[518],[606],[606],[593],[593],[589],[589],[575],[575],[519],[519],[520],[520],[532],[532],[516],[516],[516],[499],[477],[477],[451],[451],[454],[454],[477],[477]]],[["currentBuffer",[0],[0],[0],[0],[0],[0.128],[1.12],[0.122],[1.037],[1.939],[2.841],[1.741],[0.641],[1.543],[0.443],[1.702],[0.602],[1.504],[0.404],[1.761],[0.925],[1.995],[1.427],[0.427],[3.993],[3.152],[2.052],[0.952],[0],[0.871],[1.831],[2.733],[1.633],[2.535],[1.332],[0.335],[1.305],[0.305],[1.307],[0.307],[1.309],[2.217],[1.227],[2.129],[6.973],[5.935],[6.832],[5.737],[6.536],[5.539],[6.436],[5.341],[6.241],[5.143],[5.994],[4.945],[5.847],[4.747],[3.647],[4.549],[5.367],[4.24],[5.148],[4.153],[5.009],[3.955],[4.838],[3.757],[4.583],[3.559],[4.386],[3.365],[4.236],[3.213],[4.118],[3.102],[3.972],[3.033],[3.972],[3],[3.913],[2.986],[3.944],[2.988],[3.978],[2.99],[3.96],[2.992],[3.947],[2.994],[3.903],[2.996],[3.896],[2.998],[3.972],[3],[3.958],[3.002],[3.969],[3.004],[3.944],[3.006],[3.939],[3.008],[3.916],[3.01],[3.953],[3.012],[2.012],[3.014],[3.958],[3.016],[3.946],[3.018],[3.943],[3.02],[3.94],[3.022]]],[["currentLatency",[null],[null],[5.098],[6.098],[7.096],[7.331],[7.324],[7.324],[7.235],[7.135],[7.035],[6.936],[6.835],[6.736],[6.635],[6.789],[6.689],[6.589],[6.489],[6.901],[6.9],[7.194],[7.583],[7.583],[8.188],[8.232],[8.131],[8.031],[7.959],[7.96],[7.907],[7.807],[7.707],[7.606],[7.507],[7.406],[7.386],[7.386],[7.385],[7.386],[7.385],[7.385],[7.291],[7.191],[7.091],[6.99],[6.891],[6.791],[6.691],[6.591],[6.491],[6.391],[6.292],[6.191],[6.091],[5.991],[5.891],[5.791],[5.691],[5.591],[5.491],[5.391],[5.291],[5.192],[5.091],[4.991],[4.891],[4.791],[4.691],[4.591],[4.491],[4.398],[4.319],[4.246],[4.187],[4.136],[4.1],[4.063],[4.045],[4.031],[4.016],[4.017],[4.017],[4.016],[4.017],[4.016],[4.016],[4.017],[4.016],[4.016],[4.016],[4.016],[4.016],[4.016],[4.016],[4.016],[4.016],[4.016],[4.016],[4.016],[4.016],[4.017],[4.016],[4.016],[4.016],[4.016],[4.017],[4.016],[4.016],[4.016],[4.016],[4.016],[4.017],[4.016],[4.016],[4.016],[4.016],[4.017]]]]", source: file:///home/seluser/ppt/player/bola1/index.html (113)
[103:103:0103/120152.915365:INFO:CONSOLE(114)] "
", source: file:///home/seluser/ppt/player/bola1/index.html (114)
[103:103:0103/120152.915626:INFO:CONSOLE(115)] "Finish Player stistics 
", source: file:///home/seluser/ppt/player/bola1/index.html (115)
[103:103:0103/120152.916630:INFO:CONSOLE(126)] "currentLatencynow: 4.016", source: file:///home/seluser/ppt/player/bola1/index.html (126)
[103:103:0103/120153.914181:INFO:CONSOLE(126)] "currentLatencynow: 4.016", source: file:///home/seluser/ppt/player/bola1/index.html (126)
[103:103:0103/120154.914272:INFO:CONSOLE(126)] "currentLatencynow: 4.017", source: file:///home/seluser/ppt/player/bola1/index.html (126)
[103:103:0103/120155.914213:INFO:CONSOLE(126)] "currentLatencynow: 4.016", source: file:///home/seluser/ppt/player/bola1/index.html (126)
[103:103:0103/120156.914266:INFO:CONSOLE(126)] "currentLatencynow: 4.016", source: file:///home/seluser/ppt/player/bola1/index.html (126)
[103:103:0103/120157.914244:INFO:CONSOLE(126)] "currentLatencynow: 4.016", source: file:///home/seluser/ppt/player/bola1/index.html (126)
[103:103:0103/120158.914261:INFO:CONSOLE(126)] "currentLatencynow: 4.016", source: file:///home/seluser/ppt/player/bola1/index.html (126)
[103:103:0103/120159.914158:INFO:CONSOLE(126)] "currentLatencynow: 4.016", source: file:///home/seluser/ppt/player/bola1/index.html (126)
[103:103:0103/120200.914266:INFO:CONSOLE(126)] "currentLatencynow: 4.017", source: file:///home/seluser/ppt/player/bola1/index.html (126)
[103:103:0103/120201.914254:INFO:CONSOLE(126)] "currentLatencynow: 4.017", source: file:///home/seluser/ppt/player/bola1/index.html (126)
[103:103:0103/120202.914208:INFO:CONSOLE(126)] "currentLatencynow: 4.016", source: file:///home/seluser/ppt/player/bola1/index.html (126)
[103:103:0103/120203.914273:INFO:CONSOLE(126)] "currentLatencynow: 4.017", source: file:///home/seluser/ppt/player/bola1/index.html (126)
[103:103:0103/120204.914414:INFO:CONSOLE(126)] "currentLatencynow: 4.016", source: file:///home/seluser/ppt/player/bola1/index.html (126)
[103:103:0103/120205.914519:INFO:CONSOLE(126)] "currentLatencynow: 4.017", source: file:///home/seluser/ppt/player/bola1/index.html (126)
[103:103:0103/120206.917482:INFO:CONSOLE(126)] "currentLatencynow: 4.017", source: file:///home/seluser/ppt/player/bola1/index.html (126)
[103:103:0103/120207.914203:INFO:CONSOLE(126)] "currentLatencynow: 4.016", source: file:///home/seluser/ppt/player/bola1/index.html (126)
[103:103:0103/120208.914142:INFO:CONSOLE(126)] "currentLatencynow: 4.016", source: file:///home/seluser/ppt/player/bola1/index.html (126)
[103:103:0103/120209.914332:INFO:CONSOLE(126)] "currentLatencynow: 4.017", source: file:///home/seluser/ppt/player/bola1/index.html (126)
[103:103:0103/120210.914200:INFO:CONSOLE(126)] "currentLatencynow: 4.016", source: file:///home/seluser/ppt/player/bola1/index.html (126)
[103:103:0103/120211.914413:INFO:CONSOLE(126)] "currentLatencynow: 4.017", source: file:///home/seluser/ppt/player/bola1/index.html (126)
[103:103:0103/120212.914139:INFO:CONSOLE(126)] "currentLatencynow: 4.016", source: file:///home/seluser/ppt/player/bola1/index.html (126)
[103:103:0103/120213.914232:INFO:CONSOLE(126)] "currentLatencynow: 4.017", source: file:///home/seluser/ppt/player/bola1/index.html (126)
[103:103:0103/120214.914170:INFO:CONSOLE(126)] "currentLatencynow: 4.016", source: file:///home/seluser/ppt/player/bola1/index.html (126)
[103:103:0103/120215.914267:INFO:CONSOLE(126)] "currentLatencynow: 4.016", source: file:///home/seluser/ppt/player/bola1/index.html (126)
[103:103:0103/120216.914528:INFO:CONSOLE(126)] "currentLatencynow: 4.016", source: file:///home/seluser/ppt/player/bola1/index.html (126)
[103:103:0103/120217.914195:INFO:CONSOLE(126)] "currentLatencynow: 4.016", source: file:///home/seluser/ppt/player/bola1/index.html (126)
[103:103:0103/120218.914196:INFO:CONSOLE(126)] "currentLatencynow: 4.016", source: file:///home/seluser/ppt/player/bola1/index.html (126)
[103:103:0103/120219.914232:INFO:CONSOLE(126)] "currentLatencynow: 4.017", source: file:///home/seluser/ppt/player/bola1/index.html (126)
[103:103:0103/120220.917677:INFO:CONSOLE(126)] "currentLatencynow: 4.017", source: file:///home/seluser/ppt/player/bola1/index.html (126)
[103:103:0103/120221.914220:INFO:CONSOLE(126)] "currentLatencynow: 4.017", source: file:///home/seluser/ppt/player/bola1/index.html (126)
[103:103:0103/120222.914872:INFO:CONSOLE(126)] "currentLatencynow: 4.016", source: file:///home/seluser/ppt/player/bola1/index.html (126)
[103:103:0103/120223.914316:INFO:CONSOLE(126)] "currentLatencynow: 4.017", source: file:///home/seluser/ppt/player/bola1/index.html (126)
[103:103:0103/120224.914368:INFO:CONSOLE(126)] "currentLatencynow: 4.017", source: file:///home/seluser/ppt/player/bola1/index.html (126)
[103:103:0103/120225.077581:WARNING:pref_notifier_impl.cc(40)] Pref observer for media_router.cast_allow_all_ips found at shutdown.
