[104:140:0103/120837.291838:ERROR:bus.cc(392)] Failed to connect to the bus: Failed to connect to socket /var/run/dbus/system_bus_socket: No such file or directory
[104:131:0103/120837.294554:ERROR:bus.cc(392)] Failed to connect to the bus: Address does not contain a colon
[104:131:0103/120837.294592:ERROR:bus.cc(392)] Failed to connect to the bus: Address does not contain a colon
[104:131:0103/120837.309032:ERROR:bus.cc(392)] Failed to connect to the bus: Address does not contain a colon
[104:131:0103/120837.309089:ERROR:bus.cc(392)] Failed to connect to the bus: Address does not contain a colon
[144:144:0103/120837.315515:ERROR:gpu_init.cc(453)] Passthrough is not supported, GL is swiftshader, ANGLE is 
[104:131:0103/120837.353202:ERROR:bus.cc(392)] Failed to connect to the bus: Address does not contain a colon
[104:131:0103/120837.357985:ERROR:bus.cc(392)] Failed to connect to the bus: Address does not contain a colon
[104:222:0103/120837.708754:ERROR:bus.cc(392)] Failed to connect to the bus: Failed to connect to socket /var/run/dbus/system_bus_socket: No such file or directory
[104:222:0103/120837.708817:ERROR:bus.cc(392)] Failed to connect to the bus: Failed to connect to socket /var/run/dbus/system_bus_socket: No such file or directory
[104:222:0103/120837.708883:ERROR:bus.cc(392)] Failed to connect to the bus: Failed to connect to socket /var/run/dbus/system_bus_socket: No such file or directory
[104:222:0103/120837.708896:WARNING:property.cc(144)] DaemonVersion: GetAndBlock: failed.
[104:222:0103/120837.708936:ERROR:bus.cc(392)] Failed to connect to the bus: Failed to connect to socket /var/run/dbus/system_bus_socket: No such file or directory
[104:222:0103/120837.708969:ERROR:bus.cc(392)] Failed to connect to the bus: Failed to connect to socket /var/run/dbus/system_bus_socket: No such file or directory
[104:163:0103/120840.504663:ERROR:chrome_browser_main_extra_parts_metrics.cc(228)] crbug.com/1216328: Checking Bluetooth availability started. Please report if there is no report that this ends.
[104:163:0103/120840.504710:ERROR:chrome_browser_main_extra_parts_metrics.cc(231)] crbug.com/1216328: Checking Bluetooth availability ended.
[104:163:0103/120840.504732:ERROR:chrome_browser_main_extra_parts_metrics.cc(234)] crbug.com/1216328: Checking default browser status started. Please report if there is no report that this ends.
[104:163:0103/120840.657303:ERROR:chrome_browser_main_extra_parts_metrics.cc(238)] crbug.com/1216328: Checking default browser status ended.
[104:104:0103/120843.390499:INFO:CONSOLE(126)] "currentLatencynow: NaN", source: file:///home/seluser/ppt/player/bola1/index.html (126)
[104:104:0103/120844.390065:INFO:CONSOLE(126)] "currentLatencynow: NaN", source: file:///home/seluser/ppt/player/bola1/index.html (126)
[104:104:0103/120845.389972:INFO:CONSOLE(126)] "currentLatencynow: NaN", source: file:///home/seluser/ppt/player/bola1/index.html (126)
[104:104:0103/120846.390197:INFO:CONSOLE(126)] "currentLatencynow: NaN", source: file:///home/seluser/ppt/player/bola1/index.html (126)
[104:104:0103/120847.390053:INFO:CONSOLE(126)] "currentLatencynow: NaN", source: file:///home/seluser/ppt/player/bola1/index.html (126)
[104:104:0103/120848.390057:INFO:CONSOLE(126)] "currentLatencynow: NaN", source: file:///home/seluser/ppt/player/bola1/index.html (126)
[104:104:0103/120849.390163:INFO:CONSOLE(126)] "currentLatencynow: NaN", source: file:///home/seluser/ppt/player/bola1/index.html (126)
[104:104:0103/120850.390060:INFO:CONSOLE(126)] "currentLatencynow: NaN", source: file:///home/seluser/ppt/player/bola1/index.html (126)
[104:104:0103/120851.390090:INFO:CONSOLE(126)] "currentLatencynow: 0", source: file:///home/seluser/ppt/player/bola1/index.html (126)
[437:437:0103/120851.543406:WARNING:audio_manager_linux.cc(69)] Falling back to ALSA for audio output. PulseAudio is not available or could not be initialized.
[437:437:0103/120851.549180:ERROR:alsa_util.cc(204)] PcmOpen: default,No such file or directory
[437:437:0103/120851.549410:ERROR:alsa_util.cc(204)] PcmOpen: plug:default,No such file or directory
[104:104:0103/120852.390140:INFO:CONSOLE(126)] "currentLatencynow: 5.173", source: file:///home/seluser/ppt/player/bola1/index.html (126)
[104:131:0103/120853.382743:ERROR:bus.cc(392)] Failed to connect to the bus: Address does not contain a colon
[104:131:0103/120853.382797:ERROR:bus.cc(392)] Failed to connect to the bus: Address does not contain a colon
[104:131:0103/120853.382811:ERROR:bus.cc(392)] Failed to connect to the bus: Address does not contain a colon
[104:131:0103/120853.382822:ERROR:bus.cc(392)] Failed to connect to the bus: Address does not contain a colon
[104:131:0103/120853.382836:ERROR:bus.cc(392)] Failed to connect to the bus: Address does not contain a colon
[104:131:0103/120853.382847:ERROR:bus.cc(392)] Failed to connect to the bus: Address does not contain a colon
[104:131:0103/120853.382858:ERROR:bus.cc(392)] Failed to connect to the bus: Address does not contain a colon
[104:131:0103/120853.382869:ERROR:bus.cc(392)] Failed to connect to the bus: Address does not contain a colon
[104:131:0103/120853.382880:ERROR:bus.cc(392)] Failed to connect to the bus: Address does not contain a colon
[104:131:0103/120853.382891:ERROR:bus.cc(392)] Failed to connect to the bus: Address does not contain a colon
[104:131:0103/120853.382902:ERROR:bus.cc(392)] Failed to connect to the bus: Address does not contain a colon
[104:131:0103/120853.382915:ERROR:bus.cc(392)] Failed to connect to the bus: Address does not contain a colon
[104:131:0103/120853.382926:ERROR:bus.cc(392)] Failed to connect to the bus: Address does not contain a colon
[104:131:0103/120853.382937:ERROR:bus.cc(392)] Failed to connect to the bus: Address does not contain a colon
[104:131:0103/120853.390210:ERROR:bus.cc(392)] Failed to connect to the bus: Address does not contain a colon
[104:131:0103/120853.390279:ERROR:bus.cc(392)] Failed to connect to the bus: Address does not contain a colon
[104:131:0103/120853.390322:ERROR:bus.cc(392)] Failed to connect to the bus: Address does not contain a colon
[104:104:0103/120853.391134:INFO:CONSOLE(126)] "currentLatencynow: 6.168", source: file:///home/seluser/ppt/player/bola1/index.html (126)
[104:131:0103/120853.419660:ERROR:bus.cc(392)] Failed to connect to the bus: Address does not contain a colon
[104:131:0103/120853.419731:ERROR:bus.cc(392)] Failed to connect to the bus: Address does not contain a colon
[104:104:0103/120854.389993:INFO:CONSOLE(126)] "currentLatencynow: 6.138", source: file:///home/seluser/ppt/player/bola1/index.html (126)
[104:104:0103/120855.390007:INFO:CONSOLE(126)] "currentLatencynow: 6.057", source: file:///home/seluser/ppt/player/bola1/index.html (126)
[104:104:0103/120856.390106:INFO:CONSOLE(126)] "currentLatencynow: 6.057", source: file:///home/seluser/ppt/player/bola1/index.html (126)
[104:104:0103/120857.389988:INFO:CONSOLE(126)] "currentLatencynow: 6.057", source: file:///home/seluser/ppt/player/bola1/index.html (126)
[104:104:0103/120858.390018:INFO:CONSOLE(126)] "currentLatencynow: 6.057", source: file:///home/seluser/ppt/player/bola1/index.html (126)
[104:104:0103/120859.389996:INFO:CONSOLE(126)] "currentLatencynow: 6.057", source: file:///home/seluser/ppt/player/bola1/index.html (126)
[104:104:0103/120900.390031:INFO:CONSOLE(126)] "currentLatencynow: 6.057", source: file:///home/seluser/ppt/player/bola1/index.html (126)
[104:104:0103/120901.389983:INFO:CONSOLE(126)] "currentLatencynow: 6.144", source: file:///home/seluser/ppt/player/bola1/index.html (126)
[104:104:0103/120902.390132:INFO:CONSOLE(126)] "currentLatencynow: 6.073", source: file:///home/seluser/ppt/player/bola1/index.html (126)
[104:104:0103/120903.390030:INFO:CONSOLE(126)] "currentLatencynow: 6.199", source: file:///home/seluser/ppt/player/bola1/index.html (126)
[104:104:0103/120904.390106:INFO:CONSOLE(126)] "currentLatencynow: 7.102", source: file:///home/seluser/ppt/player/bola1/index.html (126)
[104:104:0103/120905.390112:INFO:CONSOLE(126)] "currentLatencynow: 7.015", source: file:///home/seluser/ppt/player/bola1/index.html (126)
[104:104:0103/120906.390044:INFO:CONSOLE(126)] "currentLatencynow: 7.178", source: file:///home/seluser/ppt/player/bola1/index.html (126)
[104:104:0103/120907.390091:INFO:CONSOLE(126)] "currentLatencynow: 7.535", source: file:///home/seluser/ppt/player/bola1/index.html (126)
[104:104:0103/120908.390050:INFO:CONSOLE(126)] "currentLatencynow: 7.435", source: file:///home/seluser/ppt/player/bola1/index.html (126)
[104:104:0103/120909.390026:INFO:CONSOLE(126)] "currentLatencynow: 7.335", source: file:///home/seluser/ppt/player/bola1/index.html (126)
[104:104:0103/120910.390010:INFO:CONSOLE(126)] "currentLatencynow: 7.235", source: file:///home/seluser/ppt/player/bola1/index.html (126)
[104:104:0103/120911.389989:INFO:CONSOLE(126)] "currentLatencynow: 7.135", source: file:///home/seluser/ppt/player/bola1/index.html (126)
[104:104:0103/120912.390114:INFO:CONSOLE(126)] "currentLatencynow: 7.035", source: file:///home/seluser/ppt/player/bola1/index.html (126)
[104:104:0103/120913.390107:INFO:CONSOLE(126)] "currentLatencynow: 6.935", source: file:///home/seluser/ppt/player/bola1/index.html (126)
[104:104:0103/120914.390023:INFO:CONSOLE(126)] "currentLatencynow: 6.837", source: file:///home/seluser/ppt/player/bola1/index.html (126)
[104:104:0103/120915.390019:INFO:CONSOLE(126)] "currentLatencynow: 6.735", source: file:///home/seluser/ppt/player/bola1/index.html (126)
[104:104:0103/120916.389989:INFO:CONSOLE(126)] "currentLatencynow: 6.635", source: file:///home/seluser/ppt/player/bola1/index.html (126)
[104:104:0103/120917.390091:INFO:CONSOLE(126)] "currentLatencynow: 6.535", source: file:///home/seluser/ppt/player/bola1/index.html (126)
[104:104:0103/120918.390058:INFO:CONSOLE(126)] "currentLatencynow: 6.435", source: file:///home/seluser/ppt/player/bola1/index.html (126)
[104:104:0103/120919.390102:INFO:CONSOLE(126)] "currentLatencynow: 6.335", source: file:///home/seluser/ppt/player/bola1/index.html (126)
[104:104:0103/120920.390107:INFO:CONSOLE(126)] "currentLatencynow: 6.235", source: file:///home/seluser/ppt/player/bola1/index.html (126)
[104:104:0103/120921.390059:INFO:CONSOLE(126)] "currentLatencynow: 6.135", source: file:///home/seluser/ppt/player/bola1/index.html (126)
[104:104:0103/120922.390020:INFO:CONSOLE(126)] "currentLatencynow: 6.035", source: file:///home/seluser/ppt/player/bola1/index.html (126)
[104:104:0103/120923.390020:INFO:CONSOLE(126)] "currentLatencynow: 5.935", source: file:///home/seluser/ppt/player/bola1/index.html (126)
[104:104:0103/120924.390013:INFO:CONSOLE(126)] "currentLatencynow: 5.835", source: file:///home/seluser/ppt/player/bola1/index.html (126)
[104:104:0103/120925.390056:INFO:CONSOLE(126)] "currentLatencynow: 5.735", source: file:///home/seluser/ppt/player/bola1/index.html (126)
[104:104:0103/120926.390234:INFO:CONSOLE(126)] "currentLatencynow: 5.635", source: file:///home/seluser/ppt/player/bola1/index.html (126)
[104:104:0103/120927.390097:INFO:CONSOLE(126)] "currentLatencynow: 5.535", source: file:///home/seluser/ppt/player/bola1/index.html (126)
[104:104:0103/120928.390085:INFO:CONSOLE(126)] "currentLatencynow: 5.435", source: file:///home/seluser/ppt/player/bola1/index.html (126)
[104:104:0103/120929.390022:INFO:CONSOLE(126)] "currentLatencynow: 5.335", source: file:///home/seluser/ppt/player/bola1/index.html (126)
[104:104:0103/120930.390040:INFO:CONSOLE(126)] "currentLatencynow: 5.235", source: file:///home/seluser/ppt/player/bola1/index.html (126)
[104:104:0103/120931.390097:INFO:CONSOLE(126)] "currentLatencynow: 5.135", source: file:///home/seluser/ppt/player/bola1/index.html (126)
[104:104:0103/120932.390001:INFO:CONSOLE(126)] "currentLatencynow: 5.035", source: file:///home/seluser/ppt/player/bola1/index.html (126)
[104:104:0103/120933.390035:INFO:CONSOLE(126)] "currentLatencynow: 4.935", source: file:///home/seluser/ppt/player/bola1/index.html (126)
[104:104:0103/120934.390121:INFO:CONSOLE(126)] "currentLatencynow: 4.835", source: file:///home/seluser/ppt/player/bola1/index.html (126)
[104:104:0103/120935.390120:INFO:CONSOLE(126)] "currentLatencynow: 4.735", source: file:///home/seluser/ppt/player/bola1/index.html (126)
[104:104:0103/120936.390024:INFO:CONSOLE(126)] "currentLatencynow: 4.635", source: file:///home/seluser/ppt/player/bola1/index.html (126)
[104:104:0103/120937.390054:INFO:CONSOLE(126)] "currentLatencynow: 4.535", source: file:///home/seluser/ppt/player/bola1/index.html (126)
[104:104:0103/120938.390116:INFO:CONSOLE(126)] "currentLatencynow: 4.435", source: file:///home/seluser/ppt/player/bola1/index.html (126)
[104:104:0103/120939.404135:INFO:CONSOLE(126)] "currentLatencynow: 4.353", source: file:///home/seluser/ppt/player/bola1/index.html (126)
[104:104:0103/120940.390077:INFO:CONSOLE(126)] "currentLatencynow: 4.274", source: file:///home/seluser/ppt/player/bola1/index.html (126)
[104:104:0103/120941.390083:INFO:CONSOLE(126)] "currentLatencynow: 4.213", source: file:///home/seluser/ppt/player/bola1/index.html (126)
[104:104:0103/120942.390016:INFO:CONSOLE(126)] "currentLatencynow: 4.154", source: file:///home/seluser/ppt/player/bola1/index.html (126)
[104:104:0103/120943.390034:INFO:CONSOLE(126)] "currentLatencynow: 4.115", source: file:///home/seluser/ppt/player/bola1/index.html (126)
[104:104:0103/120944.390072:INFO:CONSOLE(126)] "currentLatencynow: 4.078", source: file:///home/seluser/ppt/player/bola1/index.html (126)
[104:104:0103/120945.390023:INFO:CONSOLE(126)] "currentLatencynow: 4.051", source: file:///home/seluser/ppt/player/bola1/index.html (126)
[104:104:0103/120946.390186:INFO:CONSOLE(126)] "currentLatencynow: 4.036", source: file:///home/seluser/ppt/player/bola1/index.html (126)
[104:104:0103/120947.390047:INFO:CONSOLE(126)] "currentLatencynow: 4.021", source: file:///home/seluser/ppt/player/bola1/index.html (126)
[104:104:0103/120948.390089:INFO:CONSOLE(126)] "currentLatencynow: 4.017", source: file:///home/seluser/ppt/player/bola1/index.html (126)
[104:104:0103/120949.390036:INFO:CONSOLE(126)] "currentLatencynow: 4.017", source: file:///home/seluser/ppt/player/bola1/index.html (126)
[104:104:0103/120950.390017:INFO:CONSOLE(126)] "currentLatencynow: 4.017", source: file:///home/seluser/ppt/player/bola1/index.html (126)
[104:104:0103/120951.390365:INFO:CONSOLE(126)] "currentLatencynow: 4.017", source: file:///home/seluser/ppt/player/bola1/index.html (126)
[104:104:0103/120952.390175:INFO:CONSOLE(126)] "currentLatencynow: 4.017", source: file:///home/seluser/ppt/player/bola1/index.html (126)
[104:104:0103/120953.390015:INFO:CONSOLE(126)] "currentLatencynow: 4.017", source: file:///home/seluser/ppt/player/bola1/index.html (126)
[104:104:0103/120954.390116:INFO:CONSOLE(126)] "currentLatencynow: 4.017", source: file:///home/seluser/ppt/player/bola1/index.html (126)
[104:104:0103/120955.390051:INFO:CONSOLE(126)] "currentLatencynow: 4.017", source: file:///home/seluser/ppt/player/bola1/index.html (126)
[104:104:0103/120956.390034:INFO:CONSOLE(126)] "currentLatencynow: 4.017", source: file:///home/seluser/ppt/player/bola1/index.html (126)
[104:104:0103/120957.390019:INFO:CONSOLE(126)] "currentLatencynow: 4.017", source: file:///home/seluser/ppt/player/bola1/index.html (126)
[104:104:0103/120958.390028:INFO:CONSOLE(126)] "currentLatencynow: 4.017", source: file:///home/seluser/ppt/player/bola1/index.html (126)
[104:104:0103/120959.390098:INFO:CONSOLE(126)] "currentLatencynow: 4.017", source: file:///home/seluser/ppt/player/bola1/index.html (126)
[104:104:0103/121000.390040:INFO:CONSOLE(126)] "currentLatencynow: 4.017", source: file:///home/seluser/ppt/player/bola1/index.html (126)
[104:104:0103/121001.390058:INFO:CONSOLE(126)] "currentLatencynow: 4.017", source: file:///home/seluser/ppt/player/bola1/index.html (126)
[104:104:0103/121002.390105:INFO:CONSOLE(126)] "currentLatencynow: 4.017", source: file:///home/seluser/ppt/player/bola1/index.html (126)
[104:104:0103/121003.390021:INFO:CONSOLE(126)] "currentLatencynow: 4.017", source: file:///home/seluser/ppt/player/bola1/index.html (126)
[104:104:0103/121004.389991:INFO:CONSOLE(126)] "currentLatencynow: 4.017", source: file:///home/seluser/ppt/player/bola1/index.html (126)
[104:104:0103/121005.390132:INFO:CONSOLE(126)] "currentLatencynow: 4.017", source: file:///home/seluser/ppt/player/bola1/index.html (126)
[104:104:0103/121006.390096:INFO:CONSOLE(126)] "currentLatencynow: 4.017", source: file:///home/seluser/ppt/player/bola1/index.html (126)
[104:104:0103/121007.390031:INFO:CONSOLE(126)] "currentLatencynow: 4.017", source: file:///home/seluser/ppt/player/bola1/index.html (126)
[104:104:0103/121008.389994:INFO:CONSOLE(126)] "currentLatencynow: 4.017", source: file:///home/seluser/ppt/player/bola1/index.html (126)
[104:104:0103/121009.389967:INFO:CONSOLE(126)] "currentLatencynow: 4.017", source: file:///home/seluser/ppt/player/bola1/index.html (126)
[104:104:0103/121010.390004:INFO:CONSOLE(126)] "currentLatencynow: 4.017", source: file:///home/seluser/ppt/player/bola1/index.html (126)
[104:104:0103/121011.390039:INFO:CONSOLE(126)] "currentLatencynow: 4.017", source: file:///home/seluser/ppt/player/bola1/index.html (126)
[104:104:0103/121012.390037:INFO:CONSOLE(126)] "currentLatencynow: 4.017", source: file:///home/seluser/ppt/player/bola1/index.html (126)
[104:104:0103/121013.390254:INFO:CONSOLE(126)] "currentLatencynow: 4.017", source: file:///home/seluser/ppt/player/bola1/index.html (126)
[104:104:0103/121014.390033:INFO:CONSOLE(126)] "currentLatencynow: 4.017", source: file:///home/seluser/ppt/player/bola1/index.html (126)
[104:104:0103/121015.389995:INFO:CONSOLE(126)] "currentLatencynow: 4.017", source: file:///home/seluser/ppt/player/bola1/index.html (126)
[104:104:0103/121016.389972:INFO:CONSOLE(126)] "currentLatencynow: 4.017", source: file:///home/seluser/ppt/player/bola1/index.html (126)
[104:104:0103/121017.389938:INFO:CONSOLE(126)] "currentLatencynow: 4.017", source: file:///home/seluser/ppt/player/bola1/index.html (126)
[104:104:0103/121018.389970:INFO:CONSOLE(126)] "currentLatencynow: 4.017", source: file:///home/seluser/ppt/player/bola1/index.html (126)
[104:104:0103/121019.390001:INFO:CONSOLE(126)] "currentLatencynow: 4.017", source: file:///home/seluser/ppt/player/bola1/index.html (126)
[104:104:0103/121020.390001:INFO:CONSOLE(126)] "currentLatencynow: 4.017", source: file:///home/seluser/ppt/player/bola1/index.html (126)
[104:104:0103/121021.389974:INFO:CONSOLE(126)] "currentLatencynow: 4.017", source: file:///home/seluser/ppt/player/bola1/index.html (126)
[104:104:0103/121022.390003:INFO:CONSOLE(126)] "currentLatencynow: 4.017", source: file:///home/seluser/ppt/player/bola1/index.html (126)
[104:104:0103/121023.390038:INFO:CONSOLE(126)] "currentLatencynow: 4.017", source: file:///home/seluser/ppt/player/bola1/index.html (126)
[104:104:0103/121024.389986:INFO:CONSOLE(126)] "currentLatencynow: 4.017", source: file:///home/seluser/ppt/player/bola1/index.html (126)
[104:104:0103/121025.389989:INFO:CONSOLE(126)] "currentLatencynow: 4.017", source: file:///home/seluser/ppt/player/bola1/index.html (126)
[104:104:0103/121026.389987:INFO:CONSOLE(126)] "currentLatencynow: 4.017", source: file:///home/seluser/ppt/player/bola1/index.html (126)
[104:104:0103/121027.389992:INFO:CONSOLE(126)] "currentLatencynow: 4.017", source: file:///home/seluser/ppt/player/bola1/index.html (126)
[104:104:0103/121028.390035:INFO:CONSOLE(126)] "currentLatencynow: 4.017", source: file:///home/seluser/ppt/player/bola1/index.html (126)
[104:104:0103/121029.390008:INFO:CONSOLE(126)] "currentLatencynow: 4.017", source: file:///home/seluser/ppt/player/bola1/index.html (126)
[104:104:0103/121030.390088:INFO:CONSOLE(126)] "currentLatencynow: 4.017", source: file:///home/seluser/ppt/player/bola1/index.html (126)
[104:104:0103/121031.390035:INFO:CONSOLE(126)] "currentLatencynow: 4.017", source: file:///home/seluser/ppt/player/bola1/index.html (126)
[104:104:0103/121032.390006:INFO:CONSOLE(126)] "currentLatencynow: 4.017", source: file:///home/seluser/ppt/player/bola1/index.html (126)
[104:104:0103/121033.389969:INFO:CONSOLE(126)] "currentLatencynow: 4.017", source: file:///home/seluser/ppt/player/bola1/index.html (126)
[104:104:0103/121034.390021:INFO:CONSOLE(126)] "currentLatencynow: 4.017", source: file:///home/seluser/ppt/player/bola1/index.html (126)
[104:104:0103/121035.390123:INFO:CONSOLE(126)] "currentLatencynow: 4.017", source: file:///home/seluser/ppt/player/bola1/index.html (126)
[104:104:0103/121036.390195:INFO:CONSOLE(126)] "currentLatencynow: 4.017", source: file:///home/seluser/ppt/player/bola1/index.html (126)
[104:104:0103/121037.390143:INFO:CONSOLE(126)] "currentLatencynow: 4.043", source: file:///home/seluser/ppt/player/bola1/index.html (126)
[104:104:0103/121038.389990:INFO:CONSOLE(126)] "currentLatencynow: 5.043", source: file:///home/seluser/ppt/player/bola1/index.html (126)
[104:104:0103/121039.390108:INFO:CONSOLE(126)] "currentLatencynow: 6.043", source: file:///home/seluser/ppt/player/bola1/index.html (126)
[104:131:0103/121040.177019:ERROR:bus.cc(392)] Failed to connect to the bus: Address does not contain a colon
[104:131:0103/121040.177064:ERROR:bus.cc(392)] Failed to connect to the bus: Address does not contain a colon
[104:104:0103/121040.390784:INFO:CONSOLE(126)] "currentLatencynow: 6.726", source: file:///home/seluser/ppt/player/bola1/index.html (126)
[104:104:0103/121041.390017:INFO:CONSOLE(112)] "Begin Player stistics 
", source: file:///home/seluser/ppt/player/bola1/index.html (112)
[104:104:0103/121041.390861:INFO:CONSOLE(113)] "["stall",[["13.41","15.29",1.879999999999999]],[["23.12","23.37",0.25]],[["25.10","25.35",0.25]],[["28.07","28.32",0.25]],[["119.27","119.52",0.25]],[["availibleBW",[null],[null],[null],[null],[null],[null],[null],[null],[null],[null],[1064],[1064],[1239],[1239],[1143],[1194],[1101],[1101],[1021],[1021],[927],[927],[927],[927],[1115],[1463],[1377],[1575],[1912],[3789],[3789],[3755],[3855],[3855],[3853],[3943],[3943],[4083],[4224],[4352],[4352],[4348],[4037],[4037],[3688],[3688],[3310],[3687],[3681],[3681],[3389],[3389],[2825],[2825],[2684],[2684],[2504],[2879],[2784],[2784],[2617],[2617],[2459],[2459],[2369],[2369],[2248],[2248],[1620],[1620],[1590],[1868],[1758],[1758],[1300],[1300],[1253],[1253],[472],[472],[465],[465],[459],[459],[459],[484],[484],[509],[477],[477],[487],[487],[487],[494],[494],[492],[492],[529],[529],[510],[510],[480],[480],[480],[480],[457],[457],[429],[429],[418],[418],[401],[401],[401],[392],[392],[401],[401]]],[["currentBuffer",[0],[0],[0],[0],[0],[0],[0],[0],[0],[0],[1.99],[0.957],[0],[0],[0],[0.889],[1.891],[0.891],[1.971],[1.091],[2.026],[2.026],[1.052],[0.005],[3.423],[6.519],[7.267],[6.321],[5.221],[3.934],[3.022],[1.921],[2.576],[1.723],[2.625],[3.5],[2.427],[3.329],[4.039],[4.886],[4.033],[4.935],[5.669],[4.737],[5.442],[4.539],[5.194],[4.333],[5.119],[4.143],[4.878],[3.945],[4.655],[3.747],[4.497],[3.549],[4.244],[3.305],[4.153],[3.262],[3.988],[3.183],[3.981],[3.138],[3.94],[3.118],[3.946],[3.12],[3.939],[3.122],[3.929],[3.124],[3.962],[3.126],[3.904],[3.128],[3.983],[3.13],[3.935],[3.132],[3.96],[3.134],[3.963],[3.136],[2.136],[3.138],[2.137],[3.14],[3.918],[3.142],[3.918],[3.144],[2.144],[3.146],[2.146],[3.148],[2.148],[3.15],[2.15],[3.152],[2.152],[3.154],[2.154],[3.156],[2.156],[3.134],[2.158],[3.16],[2.16],[3.162],[2.162],[3.018],[2.14],[1.164],[1.966],[1.966],[3.968],[3.679]]],[["currentLatency",[null],[null],[null],[null],[null],[null],[null],[null],[0],[5.173],[6.168],[6.138],[6.057],[6.057],[6.057],[6.057],[6.057],[6.057],[6.144],[6.073],[6.199],[7.102],[7.015],[7.178],[7.535],[7.435],[7.335],[7.235],[7.135],[7.035],[6.935],[6.837],[6.735],[6.635],[6.535],[6.435],[6.335],[6.235],[6.135],[6.035],[5.935],[5.835],[5.735],[5.635],[5.535],[5.435],[5.335],[5.235],[5.135],[5.035],[4.935],[4.835],[4.735],[4.635],[4.535],[4.435],[4.353],[4.274],[4.213],[4.154],[4.115],[4.078],[4.051],[4.036],[4.021],[4.017],[4.017],[4.017],[4.017],[4.017],[4.017],[4.017],[4.017],[4.017],[4.017],[4.017],[4.017],[4.017],[4.017],[4.017],[4.017],[4.017],[4.017],[4.017],[4.017],[4.017],[4.017],[4.017],[4.017],[4.017],[4.017],[4.017],[4.017],[4.017],[4.017],[4.017],[4.017],[4.017],[4.017],[4.017],[4.017],[4.017],[4.017],[4.017],[4.017],[4.017],[4.017],[4.017],[4.017],[4.017],[4.017],[4.017],[4.017],[4.017],[4.043],[5.043],[6.043],[6.726]]]]", source: file:///home/seluser/ppt/player/bola1/index.html (113)
[104:104:0103/121041.391954:INFO:CONSOLE(114)] "
", source: file:///home/seluser/ppt/player/bola1/index.html (114)
[104:104:0103/121041.392508:INFO:CONSOLE(115)] "Finish Player stistics 
", source: file:///home/seluser/ppt/player/bola1/index.html (115)
[104:104:0103/121041.393187:INFO:CONSOLE(126)] "currentLatencynow: 6.626", source: file:///home/seluser/ppt/player/bola1/index.html (126)
[104:104:0103/121042.390820:INFO:CONSOLE(126)] "currentLatencynow: 6.525", source: file:///home/seluser/ppt/player/bola1/index.html (126)
[104:104:0103/121043.390047:INFO:CONSOLE(126)] "currentLatencynow: 6.425", source: file:///home/seluser/ppt/player/bola1/index.html (126)
[104:104:0103/121044.390069:INFO:CONSOLE(126)] "currentLatencynow: 6.325", source: file:///home/seluser/ppt/player/bola1/index.html (126)
[104:104:0103/121045.390012:INFO:CONSOLE(126)] "currentLatencynow: 6.225", source: file:///home/seluser/ppt/player/bola1/index.html (126)
[104:104:0103/121046.390021:INFO:CONSOLE(126)] "currentLatencynow: 6.125", source: file:///home/seluser/ppt/player/bola1/index.html (126)
[104:104:0103/121047.390093:INFO:CONSOLE(126)] "currentLatencynow: 6.044", source: file:///home/seluser/ppt/player/bola1/index.html (126)
[104:104:0103/121048.389998:INFO:CONSOLE(126)] "currentLatencynow: 7.022", source: file:///home/seluser/ppt/player/bola1/index.html (126)
[104:104:0103/121049.390161:INFO:CONSOLE(126)] "currentLatencynow: 7.917", source: file:///home/seluser/ppt/player/bola1/index.html (126)
[104:104:0103/121050.390189:INFO:CONSOLE(126)] "currentLatencynow: 7.827", source: file:///home/seluser/ppt/player/bola1/index.html (126)
[104:104:0103/121051.390102:INFO:CONSOLE(126)] "currentLatencynow: 7.727", source: file:///home/seluser/ppt/player/bola1/index.html (126)
[104:104:0103/121052.390137:INFO:CONSOLE(126)] "currentLatencynow: 7.627", source: file:///home/seluser/ppt/player/bola1/index.html (126)
[104:104:0103/121053.390021:INFO:CONSOLE(126)] "currentLatencynow: 7.527", source: file:///home/seluser/ppt/player/bola1/index.html (126)
[104:104:0103/121054.390074:INFO:CONSOLE(126)] "currentLatencynow: 7.427", source: file:///home/seluser/ppt/player/bola1/index.html (126)
[104:104:0103/121055.390006:INFO:CONSOLE(126)] "currentLatencynow: 7.327", source: file:///home/seluser/ppt/player/bola1/index.html (126)
[104:104:0103/121056.390065:INFO:CONSOLE(126)] "currentLatencynow: 7.227", source: file:///home/seluser/ppt/player/bola1/index.html (126)
[104:104:0103/121057.390030:INFO:CONSOLE(126)] "currentLatencynow: 7.127", source: file:///home/seluser/ppt/player/bola1/index.html (126)
[104:104:0103/121058.390000:INFO:CONSOLE(126)] "currentLatencynow: 7.027", source: file:///home/seluser/ppt/player/bola1/index.html (126)
[104:104:0103/121059.390088:INFO:CONSOLE(126)] "currentLatencynow: 6.927", source: file:///home/seluser/ppt/player/bola1/index.html (126)
[104:104:0103/121100.390075:INFO:CONSOLE(126)] "currentLatencynow: 6.827", source: file:///home/seluser/ppt/player/bola1/index.html (126)
[104:104:0103/121101.389991:INFO:CONSOLE(126)] "currentLatencynow: 6.727", source: file:///home/seluser/ppt/player/bola1/index.html (126)
[104:104:0103/121102.390106:INFO:CONSOLE(126)] "currentLatencynow: 6.627", source: file:///home/seluser/ppt/player/bola1/index.html (126)
[104:104:0103/121103.389955:INFO:CONSOLE(126)] "currentLatencynow: 6.527", source: file:///home/seluser/ppt/player/bola1/index.html (126)
[104:104:0103/121104.390033:INFO:CONSOLE(126)] "currentLatencynow: 6.427", source: file:///home/seluser/ppt/player/bola1/index.html (126)
[104:104:0103/121105.390004:INFO:CONSOLE(126)] "currentLatencynow: 6.327", source: file:///home/seluser/ppt/player/bola1/index.html (126)
[104:104:0103/121106.390140:INFO:CONSOLE(126)] "currentLatencynow: 6.227", source: file:///home/seluser/ppt/player/bola1/index.html (126)
[104:104:0103/121107.390096:INFO:CONSOLE(126)] "currentLatencynow: 6.127", source: file:///home/seluser/ppt/player/bola1/index.html (126)
[104:104:0103/121108.390230:INFO:CONSOLE(126)] "currentLatencynow: 6.027", source: file:///home/seluser/ppt/player/bola1/index.html (126)
[104:104:0103/121109.390005:INFO:CONSOLE(126)] "currentLatencynow: 5.927", source: file:///home/seluser/ppt/player/bola1/index.html (126)
[104:104:0103/121110.390104:INFO:CONSOLE(126)] "currentLatencynow: 5.827", source: file:///home/seluser/ppt/player/bola1/index.html (126)
[104:104:0103/121111.390164:INFO:CONSOLE(126)] "currentLatencynow: 5.727", source: file:///home/seluser/ppt/player/bola1/index.html (126)
[104:104:0103/121112.390030:INFO:CONSOLE(126)] "currentLatencynow: 5.627", source: file:///home/seluser/ppt/player/bola1/index.html (126)
[104:104:0103/121113.390658:INFO:CONSOLE(126)] "currentLatencynow: 5.527", source: file:///home/seluser/ppt/player/bola1/index.html (126)
[104:104:0103/121113.545539:WARNING:pref_notifier_impl.cc(40)] Pref observer for media_router.cast_allow_all_ips found at shutdown.
