[104:140:0103/115949.730690:ERROR:bus.cc(392)] Failed to connect to the bus: Failed to connect to socket /var/run/dbus/system_bus_socket: No such file or directory
[104:131:0103/115949.733344:ERROR:bus.cc(392)] Failed to connect to the bus: Address does not contain a colon
[104:131:0103/115949.733378:ERROR:bus.cc(392)] Failed to connect to the bus: Address does not contain a colon
[104:131:0103/115949.747082:ERROR:bus.cc(392)] Failed to connect to the bus: Address does not contain a colon
[104:131:0103/115949.747133:ERROR:bus.cc(392)] Failed to connect to the bus: Address does not contain a colon
[146:146:0103/115949.761266:ERROR:gpu_init.cc(453)] Passthrough is not supported, GL is swiftshader, ANGLE is 
[104:131:0103/115949.791070:ERROR:bus.cc(392)] Failed to connect to the bus: Address does not contain a colon
[104:131:0103/115949.791162:ERROR:bus.cc(392)] Failed to connect to the bus: Address does not contain a colon
[104:226:0103/115950.049151:ERROR:bus.cc(392)] Failed to connect to the bus: Failed to connect to socket /var/run/dbus/system_bus_socket: No such file or directory
[104:226:0103/115950.049449:ERROR:bus.cc(392)] Failed to connect to the bus: Failed to connect to socket /var/run/dbus/system_bus_socket: No such file or directory
[104:226:0103/115950.050527:ERROR:bus.cc(392)] Failed to connect to the bus: Failed to connect to socket /var/run/dbus/system_bus_socket: No such file or directory
[104:226:0103/115950.050561:WARNING:property.cc(144)] DaemonVersion: GetAndBlock: failed.
[104:226:0103/115950.050608:ERROR:bus.cc(392)] Failed to connect to the bus: Failed to connect to socket /var/run/dbus/system_bus_socket: No such file or directory
[104:226:0103/115950.050661:ERROR:bus.cc(392)] Failed to connect to the bus: Failed to connect to socket /var/run/dbus/system_bus_socket: No such file or directory
[104:164:0103/115952.918501:ERROR:chrome_browser_main_extra_parts_metrics.cc(228)] crbug.com/1216328: Checking Bluetooth availability started. Please report if there is no report that this ends.
[104:164:0103/115952.918600:ERROR:chrome_browser_main_extra_parts_metrics.cc(231)] crbug.com/1216328: Checking Bluetooth availability ended.
[104:164:0103/115952.918620:ERROR:chrome_browser_main_extra_parts_metrics.cc(234)] crbug.com/1216328: Checking default browser status started. Please report if there is no report that this ends.
[104:164:0103/115953.079112:ERROR:chrome_browser_main_extra_parts_metrics.cc(238)] crbug.com/1216328: Checking default browser status ended.
[104:104:0103/115955.810237:INFO:CONSOLE(126)] "currentLatencynow: NaN", source: file:///home/seluser/ppt/player/bola1/index.html (126)
[104:104:0103/115956.809721:INFO:CONSOLE(126)] "currentLatencynow: NaN", source: file:///home/seluser/ppt/player/bola1/index.html (126)
[104:104:0103/115957.809681:INFO:CONSOLE(126)] "currentLatencynow: NaN", source: file:///home/seluser/ppt/player/bola1/index.html (126)
[104:104:0103/115958.809822:INFO:CONSOLE(126)] "currentLatencynow: NaN", source: file:///home/seluser/ppt/player/bola1/index.html (126)
[104:104:0103/115959.809748:INFO:CONSOLE(126)] "currentLatencynow: NaN", source: file:///home/seluser/ppt/player/bola1/index.html (126)
[104:104:0103/120000.809699:INFO:CONSOLE(126)] "currentLatencynow: NaN", source: file:///home/seluser/ppt/player/bola1/index.html (126)
[104:104:0103/120001.809783:INFO:CONSOLE(126)] "currentLatencynow: NaN", source: file:///home/seluser/ppt/player/bola1/index.html (126)
[104:104:0103/120002.809744:INFO:CONSOLE(126)] "currentLatencynow: NaN", source: file:///home/seluser/ppt/player/bola1/index.html (126)
[104:104:0103/120003.822564:INFO:CONSOLE(126)] "currentLatencynow: NaN", source: file:///home/seluser/ppt/player/bola1/index.html (126)
[438:438:0103/120004.584878:WARNING:audio_manager_linux.cc(69)] Falling back to ALSA for audio output. PulseAudio is not available or could not be initialized.
[438:438:0103/120004.590833:ERROR:alsa_util.cc(204)] PcmOpen: default,No such file or directory
[438:438:0103/120004.591028:ERROR:alsa_util.cc(204)] PcmOpen: plug:default,No such file or directory
[104:104:0103/120004.809858:INFO:CONSOLE(126)] "currentLatencynow: 4.769", source: file:///home/seluser/ppt/player/bola1/index.html (126)
[104:104:0103/120005.809748:INFO:CONSOLE(126)] "currentLatencynow: 5.473", source: file:///home/seluser/ppt/player/bola1/index.html (126)
[104:131:0103/120006.466988:ERROR:bus.cc(392)] Failed to connect to the bus: Address does not contain a colon
[104:131:0103/120006.467035:ERROR:bus.cc(392)] Failed to connect to the bus: Address does not contain a colon
[104:131:0103/120006.467048:ERROR:bus.cc(392)] Failed to connect to the bus: Address does not contain a colon
[104:131:0103/120006.467060:ERROR:bus.cc(392)] Failed to connect to the bus: Address does not contain a colon
[104:131:0103/120006.467072:ERROR:bus.cc(392)] Failed to connect to the bus: Address does not contain a colon
[104:131:0103/120006.467084:ERROR:bus.cc(392)] Failed to connect to the bus: Address does not contain a colon
[104:131:0103/120006.467096:ERROR:bus.cc(392)] Failed to connect to the bus: Address does not contain a colon
[104:131:0103/120006.467107:ERROR:bus.cc(392)] Failed to connect to the bus: Address does not contain a colon
[104:131:0103/120006.467119:ERROR:bus.cc(392)] Failed to connect to the bus: Address does not contain a colon
[104:131:0103/120006.467130:ERROR:bus.cc(392)] Failed to connect to the bus: Address does not contain a colon
[104:131:0103/120006.467141:ERROR:bus.cc(392)] Failed to connect to the bus: Address does not contain a colon
[104:131:0103/120006.467152:ERROR:bus.cc(392)] Failed to connect to the bus: Address does not contain a colon
[104:131:0103/120006.467163:ERROR:bus.cc(392)] Failed to connect to the bus: Address does not contain a colon
[104:131:0103/120006.467174:ERROR:bus.cc(392)] Failed to connect to the bus: Address does not contain a colon
[104:131:0103/120006.474346:ERROR:bus.cc(392)] Failed to connect to the bus: Address does not contain a colon
[104:131:0103/120006.474397:ERROR:bus.cc(392)] Failed to connect to the bus: Address does not contain a colon
[104:131:0103/120006.474418:ERROR:bus.cc(392)] Failed to connect to the bus: Address does not contain a colon
[104:131:0103/120006.528936:ERROR:bus.cc(392)] Failed to connect to the bus: Address does not contain a colon
[104:131:0103/120006.528995:ERROR:bus.cc(392)] Failed to connect to the bus: Address does not contain a colon
[104:104:0103/120006.809696:INFO:CONSOLE(126)] "currentLatencynow: 6.197", source: file:///home/seluser/ppt/player/bola1/index.html (126)
[104:104:0103/120007.809808:INFO:CONSOLE(126)] "currentLatencynow: 7.068", source: file:///home/seluser/ppt/player/bola1/index.html (126)
[104:104:0103/120008.809712:INFO:CONSOLE(126)] "currentLatencynow: 7.235", source: file:///home/seluser/ppt/player/bola1/index.html (126)
[104:104:0103/120009.809705:INFO:CONSOLE(126)] "currentLatencynow: 7.135", source: file:///home/seluser/ppt/player/bola1/index.html (126)
[104:104:0103/120010.809760:INFO:CONSOLE(126)] "currentLatencynow: 7.035", source: file:///home/seluser/ppt/player/bola1/index.html (126)
[104:104:0103/120011.809711:INFO:CONSOLE(126)] "currentLatencynow: 6.935", source: file:///home/seluser/ppt/player/bola1/index.html (126)
[104:104:0103/120012.809675:INFO:CONSOLE(126)] "currentLatencynow: 6.835", source: file:///home/seluser/ppt/player/bola1/index.html (126)
[104:104:0103/120013.809852:INFO:CONSOLE(126)] "currentLatencynow: 6.91", source: file:///home/seluser/ppt/player/bola1/index.html (126)
[104:104:0103/120014.809752:INFO:CONSOLE(126)] "currentLatencynow: 6.81", source: file:///home/seluser/ppt/player/bola1/index.html (126)
[104:104:0103/120015.809689:INFO:CONSOLE(126)] "currentLatencynow: 7.026", source: file:///home/seluser/ppt/player/bola1/index.html (126)
[104:104:0103/120016.809800:INFO:CONSOLE(126)] "currentLatencynow: 7.869", source: file:///home/seluser/ppt/player/bola1/index.html (126)
[104:104:0103/120017.809746:INFO:CONSOLE(126)] "currentLatencynow: 7.869", source: file:///home/seluser/ppt/player/bola1/index.html (126)
[104:104:0103/120018.809708:INFO:CONSOLE(126)] "currentLatencynow: 7.869", source: file:///home/seluser/ppt/player/bola1/index.html (126)
[104:104:0103/120019.809803:INFO:CONSOLE(126)] "currentLatencynow: 7.869", source: file:///home/seluser/ppt/player/bola1/index.html (126)
[104:104:0103/120020.809711:INFO:CONSOLE(126)] "currentLatencynow: 7.796", source: file:///home/seluser/ppt/player/bola1/index.html (126)
[104:104:0103/120021.809747:INFO:CONSOLE(126)] "currentLatencynow: 7.696", source: file:///home/seluser/ppt/player/bola1/index.html (126)
[104:104:0103/120022.809662:INFO:CONSOLE(126)] "currentLatencynow: 7.596", source: file:///home/seluser/ppt/player/bola1/index.html (126)
[104:104:0103/120023.809786:INFO:CONSOLE(126)] "currentLatencynow: 7.496", source: file:///home/seluser/ppt/player/bola1/index.html (126)
[104:104:0103/120024.809703:INFO:CONSOLE(126)] "currentLatencynow: 7.396", source: file:///home/seluser/ppt/player/bola1/index.html (126)
[104:104:0103/120025.809809:INFO:CONSOLE(126)] "currentLatencynow: 7.296", source: file:///home/seluser/ppt/player/bola1/index.html (126)
[104:104:0103/120026.809795:INFO:CONSOLE(126)] "currentLatencynow: 7.196", source: file:///home/seluser/ppt/player/bola1/index.html (126)
[104:104:0103/120027.809982:INFO:CONSOLE(126)] "currentLatencynow: 7.096", source: file:///home/seluser/ppt/player/bola1/index.html (126)
[104:104:0103/120028.809752:INFO:CONSOLE(126)] "currentLatencynow: 6.996", source: file:///home/seluser/ppt/player/bola1/index.html (126)
[104:104:0103/120029.809763:INFO:CONSOLE(126)] "currentLatencynow: 6.896", source: file:///home/seluser/ppt/player/bola1/index.html (126)
[104:104:0103/120030.809790:INFO:CONSOLE(126)] "currentLatencynow: 6.796", source: file:///home/seluser/ppt/player/bola1/index.html (126)
[104:104:0103/120031.809857:INFO:CONSOLE(126)] "currentLatencynow: 6.74", source: file:///home/seluser/ppt/player/bola1/index.html (126)
[104:104:0103/120032.809757:INFO:CONSOLE(126)] "currentLatencynow: 6.74", source: file:///home/seluser/ppt/player/bola1/index.html (126)
[104:104:0103/120033.809696:INFO:CONSOLE(126)] "currentLatencynow: 6.74", source: file:///home/seluser/ppt/player/bola1/index.html (126)
[104:104:0103/120034.809719:INFO:CONSOLE(126)] "currentLatencynow: 6.74", source: file:///home/seluser/ppt/player/bola1/index.html (126)
[104:104:0103/120035.809796:INFO:CONSOLE(126)] "currentLatencynow: 6.74", source: file:///home/seluser/ppt/player/bola1/index.html (126)
[104:104:0103/120036.809751:INFO:CONSOLE(126)] "currentLatencynow: 6.74", source: file:///home/seluser/ppt/player/bola1/index.html (126)
[104:104:0103/120037.809708:INFO:CONSOLE(126)] "currentLatencynow: 6.719", source: file:///home/seluser/ppt/player/bola1/index.html (126)
[104:104:0103/120038.809840:INFO:CONSOLE(126)] "currentLatencynow: 6.619", source: file:///home/seluser/ppt/player/bola1/index.html (126)
[104:104:0103/120039.809709:INFO:CONSOLE(126)] "currentLatencynow: 6.519", source: file:///home/seluser/ppt/player/bola1/index.html (126)
[104:104:0103/120040.809749:INFO:CONSOLE(126)] "currentLatencynow: 6.419", source: file:///home/seluser/ppt/player/bola1/index.html (126)
[104:104:0103/120041.809790:INFO:CONSOLE(126)] "currentLatencynow: 6.319", source: file:///home/seluser/ppt/player/bola1/index.html (126)
[104:104:0103/120042.810307:INFO:CONSOLE(126)] "currentLatencynow: 6.219", source: file:///home/seluser/ppt/player/bola1/index.html (126)
[104:104:0103/120043.809784:INFO:CONSOLE(126)] "currentLatencynow: 6.119", source: file:///home/seluser/ppt/player/bola1/index.html (126)
[104:104:0103/120044.810510:INFO:CONSOLE(126)] "currentLatencynow: 6.019", source: file:///home/seluser/ppt/player/bola1/index.html (126)
[104:104:0103/120045.809742:INFO:CONSOLE(126)] "currentLatencynow: 5.919", source: file:///home/seluser/ppt/player/bola1/index.html (126)
[104:104:0103/120046.809737:INFO:CONSOLE(126)] "currentLatencynow: 5.819", source: file:///home/seluser/ppt/player/bola1/index.html (126)
[104:104:0103/120047.809717:INFO:CONSOLE(126)] "currentLatencynow: 5.719", source: file:///home/seluser/ppt/player/bola1/index.html (126)
[104:104:0103/120048.809743:INFO:CONSOLE(126)] "currentLatencynow: 5.619", source: file:///home/seluser/ppt/player/bola1/index.html (126)
[104:104:0103/120049.810249:INFO:CONSOLE(126)] "currentLatencynow: 5.518", source: file:///home/seluser/ppt/player/bola1/index.html (126)
[104:104:0103/120050.809850:INFO:CONSOLE(126)] "currentLatencynow: 5.419", source: file:///home/seluser/ppt/player/bola1/index.html (126)
[104:104:0103/120051.809807:INFO:CONSOLE(126)] "currentLatencynow: 5.319", source: file:///home/seluser/ppt/player/bola1/index.html (126)
[104:104:0103/120052.809781:INFO:CONSOLE(126)] "currentLatencynow: 5.288", source: file:///home/seluser/ppt/player/bola1/index.html (126)
[104:104:0103/120053.809763:INFO:CONSOLE(126)] "currentLatencynow: 5.288", source: file:///home/seluser/ppt/player/bola1/index.html (126)
[104:104:0103/120054.809865:INFO:CONSOLE(126)] "currentLatencynow: 5.288", source: file:///home/seluser/ppt/player/bola1/index.html (126)
[104:104:0103/120055.809855:INFO:CONSOLE(126)] "currentLatencynow: 5.288", source: file:///home/seluser/ppt/player/bola1/index.html (126)
[104:104:0103/120056.809793:INFO:CONSOLE(126)] "currentLatencynow: 5.288", source: file:///home/seluser/ppt/player/bola1/index.html (126)
[104:104:0103/120057.809728:INFO:CONSOLE(126)] "currentLatencynow: 5.288", source: file:///home/seluser/ppt/player/bola1/index.html (126)
[104:104:0103/120058.809828:INFO:CONSOLE(126)] "currentLatencynow: 5.937", source: file:///home/seluser/ppt/player/bola1/index.html (126)
[104:104:0103/120059.809794:INFO:CONSOLE(126)] "currentLatencynow: 6.937", source: file:///home/seluser/ppt/player/bola1/index.html (126)
[104:104:0103/120100.809767:INFO:CONSOLE(126)] "currentLatencynow: 7.937", source: file:///home/seluser/ppt/player/bola1/index.html (126)
[104:104:0103/120101.809862:INFO:CONSOLE(126)] "currentLatencynow: 8.937", source: file:///home/seluser/ppt/player/bola1/index.html (126)
[104:131:0103/120102.346223:ERROR:bus.cc(392)] Failed to connect to the bus: Address does not contain a colon
[104:131:0103/120102.346265:ERROR:bus.cc(392)] Failed to connect to the bus: Address does not contain a colon
[104:104:0103/120102.809732:INFO:CONSOLE(126)] "currentLatencynow: 9.384", source: file:///home/seluser/ppt/player/bola1/index.html (126)
[104:104:0103/120103.809671:INFO:CONSOLE(126)] "currentLatencynow: 9.352", source: file:///home/seluser/ppt/player/bola1/index.html (126)
[104:104:0103/120104.809898:INFO:CONSOLE(126)] "currentLatencynow: 9.252", source: file:///home/seluser/ppt/player/bola1/index.html (126)
[104:104:0103/120105.809741:INFO:CONSOLE(126)] "currentLatencynow: 9.152", source: file:///home/seluser/ppt/player/bola1/index.html (126)
[104:104:0103/120106.809694:INFO:CONSOLE(126)] "currentLatencynow: 9.052", source: file:///home/seluser/ppt/player/bola1/index.html (126)
[104:104:0103/120107.809744:INFO:CONSOLE(126)] "currentLatencynow: 8.952", source: file:///home/seluser/ppt/player/bola1/index.html (126)
[104:104:0103/120108.809760:INFO:CONSOLE(126)] "currentLatencynow: 8.852", source: file:///home/seluser/ppt/player/bola1/index.html (126)
[104:104:0103/120109.809732:INFO:CONSOLE(126)] "currentLatencynow: 8.752", source: file:///home/seluser/ppt/player/bola1/index.html (126)
[104:104:0103/120110.809827:INFO:CONSOLE(126)] "currentLatencynow: 8.652", source: file:///home/seluser/ppt/player/bola1/index.html (126)
[104:104:0103/120111.810092:INFO:CONSOLE(126)] "currentLatencynow: 8.552", source: file:///home/seluser/ppt/player/bola1/index.html (126)
[104:104:0103/120112.809930:INFO:CONSOLE(126)] "currentLatencynow: 8.452", source: file:///home/seluser/ppt/player/bola1/index.html (126)
[104:104:0103/120113.809794:INFO:CONSOLE(126)] "currentLatencynow: 8.352", source: file:///home/seluser/ppt/player/bola1/index.html (126)
[104:104:0103/120114.809880:INFO:CONSOLE(126)] "currentLatencynow: 8.252", source: file:///home/seluser/ppt/player/bola1/index.html (126)
[104:104:0103/120115.810051:INFO:CONSOLE(126)] "currentLatencynow: 8.152", source: file:///home/seluser/ppt/player/bola1/index.html (126)
[104:104:0103/120116.809797:INFO:CONSOLE(126)] "currentLatencynow: 8.052", source: file:///home/seluser/ppt/player/bola1/index.html (126)
[104:104:0103/120117.809697:INFO:CONSOLE(126)] "currentLatencynow: 7.952", source: file:///home/seluser/ppt/player/bola1/index.html (126)
[104:104:0103/120118.809690:INFO:CONSOLE(126)] "currentLatencynow: 7.852", source: file:///home/seluser/ppt/player/bola1/index.html (126)
[104:104:0103/120119.809816:INFO:CONSOLE(126)] "currentLatencynow: 7.752", source: file:///home/seluser/ppt/player/bola1/index.html (126)
[104:104:0103/120120.809711:INFO:CONSOLE(126)] "currentLatencynow: 7.652", source: file:///home/seluser/ppt/player/bola1/index.html (126)
[104:104:0103/120121.809738:INFO:CONSOLE(126)] "currentLatencynow: 7.552", source: file:///home/seluser/ppt/player/bola1/index.html (126)
[104:104:0103/120122.809761:INFO:CONSOLE(126)] "currentLatencynow: 7.452", source: file:///home/seluser/ppt/player/bola1/index.html (126)
[104:104:0103/120123.809771:INFO:CONSOLE(126)] "currentLatencynow: 7.352", source: file:///home/seluser/ppt/player/bola1/index.html (126)
[104:104:0103/120124.809751:INFO:CONSOLE(126)] "currentLatencynow: 7.252", source: file:///home/seluser/ppt/player/bola1/index.html (126)
[104:104:0103/120125.809713:INFO:CONSOLE(126)] "currentLatencynow: 7.152", source: file:///home/seluser/ppt/player/bola1/index.html (126)
[104:104:0103/120126.809711:INFO:CONSOLE(126)] "currentLatencynow: 7.052", source: file:///home/seluser/ppt/player/bola1/index.html (126)
[104:104:0103/120127.809735:INFO:CONSOLE(126)] "currentLatencynow: 6.952", source: file:///home/seluser/ppt/player/bola1/index.html (126)
[104:104:0103/120128.809775:INFO:CONSOLE(126)] "currentLatencynow: 6.852", source: file:///home/seluser/ppt/player/bola1/index.html (126)
[104:104:0103/120129.809802:INFO:CONSOLE(126)] "currentLatencynow: 6.752", source: file:///home/seluser/ppt/player/bola1/index.html (126)
[104:104:0103/120130.809770:INFO:CONSOLE(126)] "currentLatencynow: 6.652", source: file:///home/seluser/ppt/player/bola1/index.html (126)
[104:104:0103/120131.809801:INFO:CONSOLE(126)] "currentLatencynow: 6.89", source: file:///home/seluser/ppt/player/bola1/index.html (126)
[104:104:0103/120132.809720:INFO:CONSOLE(126)] "currentLatencynow: 7.89", source: file:///home/seluser/ppt/player/bola1/index.html (126)
[104:104:0103/120133.809771:INFO:CONSOLE(126)] "currentLatencynow: 8.89", source: file:///home/seluser/ppt/player/bola1/index.html (126)
[104:104:0103/120134.809765:INFO:CONSOLE(126)] "currentLatencynow: 9.89", source: file:///home/seluser/ppt/player/bola1/index.html (126)
[104:104:0103/120135.809790:INFO:CONSOLE(126)] "currentLatencynow: 10.89", source: file:///home/seluser/ppt/player/bola1/index.html (126)
[104:131:0103/120136.530408:ERROR:bus.cc(392)] Failed to connect to the bus: Address does not contain a colon
[104:131:0103/120136.530456:ERROR:bus.cc(392)] Failed to connect to the bus: Address does not contain a colon
[104:104:0103/120136.809771:INFO:CONSOLE(126)] "currentLatencynow: 11.513", source: file:///home/seluser/ppt/player/bola1/index.html (126)
[104:104:0103/120137.809787:INFO:CONSOLE(126)] "currentLatencynow: 11.413", source: file:///home/seluser/ppt/player/bola1/index.html (126)
[104:104:0103/120138.809816:INFO:CONSOLE(126)] "currentLatencynow: 11.313", source: file:///home/seluser/ppt/player/bola1/index.html (126)
[104:104:0103/120139.809748:INFO:CONSOLE(126)] "currentLatencynow: 11.213", source: file:///home/seluser/ppt/player/bola1/index.html (126)
[104:104:0103/120140.809818:INFO:CONSOLE(126)] "currentLatencynow: 11.185", source: file:///home/seluser/ppt/player/bola1/index.html (126)
[104:104:0103/120141.809803:INFO:CONSOLE(126)] "currentLatencynow: 11.186", source: file:///home/seluser/ppt/player/bola1/index.html (126)
[104:104:0103/120142.810021:INFO:CONSOLE(126)] "currentLatencynow: 11.845", source: file:///home/seluser/ppt/player/bola1/index.html (126)
[104:104:0103/120143.809828:INFO:CONSOLE(126)] "currentLatencynow: 12.845", source: file:///home/seluser/ppt/player/bola1/index.html (126)
[104:104:0103/120144.809819:INFO:CONSOLE(126)] "currentLatencynow: 13.845", source: file:///home/seluser/ppt/player/bola1/index.html (126)
[104:104:0103/120145.809771:INFO:CONSOLE(126)] "currentLatencynow: 14.845", source: file:///home/seluser/ppt/player/bola1/index.html (126)
[104:131:0103/120146.677752:ERROR:bus.cc(392)] Failed to connect to the bus: Address does not contain a colon
[104:131:0103/120146.677805:ERROR:bus.cc(392)] Failed to connect to the bus: Address does not contain a colon
[104:104:0103/120146.809728:INFO:CONSOLE(126)] "currentLatencynow: 15.62", source: file:///home/seluser/ppt/player/bola1/index.html (126)
[104:104:0103/120147.809780:INFO:CONSOLE(126)] "currentLatencynow: 15.52", source: file:///home/seluser/ppt/player/bola1/index.html (126)
[104:104:0103/120148.809727:INFO:CONSOLE(126)] "currentLatencynow: 15.42", source: file:///home/seluser/ppt/player/bola1/index.html (126)
[104:104:0103/120149.809776:INFO:CONSOLE(126)] "currentLatencynow: 15.32", source: file:///home/seluser/ppt/player/bola1/index.html (126)
[104:104:0103/120150.809816:INFO:CONSOLE(126)] "currentLatencynow: 15.22", source: file:///home/seluser/ppt/player/bola1/index.html (126)
[104:104:0103/120151.809720:INFO:CONSOLE(126)] "currentLatencynow: 15.12", source: file:///home/seluser/ppt/player/bola1/index.html (126)
[104:104:0103/120152.809739:INFO:CONSOLE(126)] "currentLatencynow: 15.8", source: file:///home/seluser/ppt/player/bola1/index.html (126)
[104:104:0103/120153.809720:INFO:CONSOLE(112)] "Begin Player stistics 
", source: file:///home/seluser/ppt/player/bola1/index.html (112)
[104:104:0103/120153.810358:INFO:CONSOLE(113)] "["stall",[["14.11","16.03",1.9200000000000017]],[["16.50","16.75",0.25]],[["23.11","23.36",0.25]],[["25.09","25.34",0.25]],[["67.72","67.97",0.25]],[["101.06","101.31",0.25]],[["111.71","111.96",0.25]],[["121.67","121.92",0.25]],[["availibleBW",[null],[null],[null],[null],[null],[null],[null],[null],[null],[null],[null],[973],[1061],[1061],[1126],[1213],[1213],[1213],[1085],[1085],[1085],[988],[988],[856],[884],[1960],[1960],[1780],[1780],[1976],[2221],[2692],[2450],[3768],[4122],[4235],[4235],[4422],[4422],[4710],[4710],[4357],[4331],[4355],[5421],[5451],[5451],[5205],[5205],[4905],[4905],[4689],[4826],[4999],[4614],[4614],[4614],[4239],[3870],[3870],[3870],[3918],[3918],[3918],[3579],[3579],[3579],[3241],[2731],[4497],[4489],[4489],[3905],[4004],[3985],[4135],[4102],[4415],[4415],[4181],[4181],[3686],[3628],[3628],[4339],[4339],[3971],[3971],[3767],[3767],[3522],[2122],[2122],[2122],[1855],[1855],[1855],[1564],[1564],[1564],[1564],[1271],[1271],[648],[648],[554],[554],[554],[475],[475],[402],[402],[402],[363],[363],[363],[363],[336]]],[["currentBuffer",[0],[0],[0],[0],[0],[0],[0],[0],[0],[0],[0],[0.285],[2.064],[1.364],[2.266],[3.168],[2.067],[0.968],[1.921],[0.821],[0.028],[1.897],[0.897],[0],[0.899],[7.836],[6.736],[7.613],[6.538],[7.44],[6.34],[5.24],[4.14],[3.04],[1.94],[0.84],[0],[0.784],[0],[0.786],[0],[0.787],[1.771],[0.671],[3.575],[6.454],[5.379],[4.279],[5.181],[6.062],[4.983],[5.873],[4.782],[3.685],[2.583],[1.484],[0.385],[0],[0.353],[0],[0],[1.357],[0.357],[0],[0],[0],[0],[1.581],[4.46],[7.309],[8.375],[7.275],[8.177],[7.076],[5.976],[4.877],[3.613],[4.588],[3.579],[4.48],[3.38],[4.282],[5.061],[4.085],[4.987],[3.887],[4.789],[3.689],[4.537],[3.382],[4.229],[3.293],[2.193],[1.093],[1.995],[0.895],[0],[1.971],[1.971],[1.971],[1.971],[3.656],[2.556],[1.451],[0.356],[1.325],[0.325],[0],[1.932],[1.932],[3.934],[3.709],[2.784],[3.613],[2.586],[1.486],[0.386],[1.892]]],[["currentLatency",[null],[null],[null],[null],[null],[null],[null],[null],[null],[4.769],[5.473],[6.197],[7.068],[7.235],[7.135],[7.035],[6.935],[6.835],[6.91],[6.81],[7.026],[7.869],[7.869],[7.869],[7.869],[7.796],[7.696],[7.596],[7.496],[7.396],[7.296],[7.196],[7.096],[6.996],[6.896],[6.796],[6.74],[6.74],[6.74],[6.74],[6.74],[6.74],[6.719],[6.619],[6.519],[6.419],[6.319],[6.219],[6.119],[6.019],[5.919],[5.819],[5.719],[5.619],[5.518],[5.419],[5.319],[5.288],[5.288],[5.288],[5.288],[5.288],[5.288],[5.937],[6.937],[7.937],[8.937],[9.384],[9.352],[9.252],[9.152],[9.052],[8.952],[8.852],[8.752],[8.652],[8.552],[8.452],[8.352],[8.252],[8.152],[8.052],[7.952],[7.852],[7.752],[7.652],[7.552],[7.452],[7.352],[7.252],[7.152],[7.052],[6.952],[6.852],[6.752],[6.652],[6.89],[7.89],[8.89],[9.89],[10.89],[11.513],[11.413],[11.313],[11.213],[11.185],[11.186],[11.845],[12.845],[13.845],[14.845],[15.62],[15.52],[15.42],[15.32],[15.22],[15.12],[15.8]]]]", source: file:///home/seluser/ppt/player/bola1/index.html (113)
[104:104:0103/120153.811030:INFO:CONSOLE(114)] "
", source: file:///home/seluser/ppt/player/bola1/index.html (114)
[104:104:0103/120153.811114:INFO:CONSOLE(115)] "Finish Player stistics 
", source: file:///home/seluser/ppt/player/bola1/index.html (115)
[104:104:0103/120153.811948:INFO:CONSOLE(126)] "currentLatencynow: 16.801", source: file:///home/seluser/ppt/player/bola1/index.html (126)
[104:104:0103/120154.809744:INFO:CONSOLE(126)] "currentLatencynow: 17.8", source: file:///home/seluser/ppt/player/bola1/index.html (126)
[104:131:0103/120155.756830:ERROR:bus.cc(392)] Failed to connect to the bus: Address does not contain a colon
[104:131:0103/120155.756881:ERROR:bus.cc(392)] Failed to connect to the bus: Address does not contain a colon
[104:104:0103/120155.809826:INFO:CONSOLE(126)] "currentLatencynow: 18.656", source: file:///home/seluser/ppt/player/bola1/index.html (126)
[104:104:0103/120156.809806:INFO:CONSOLE(126)] "currentLatencynow: 18.568", source: file:///home/seluser/ppt/player/bola1/index.html (126)
[104:104:0103/120157.809680:INFO:CONSOLE(126)] "currentLatencynow: 18.468", source: file:///home/seluser/ppt/player/bola1/index.html (126)
[104:104:0103/120158.809711:INFO:CONSOLE(126)] "currentLatencynow: 18.368", source: file:///home/seluser/ppt/player/bola1/index.html (126)
[104:104:0103/120159.809789:INFO:CONSOLE(126)] "currentLatencynow: 18.268", source: file:///home/seluser/ppt/player/bola1/index.html (126)
[104:104:0103/120200.809713:INFO:CONSOLE(126)] "currentLatencynow: 18.168", source: file:///home/seluser/ppt/player/bola1/index.html (126)
[104:104:0103/120201.809736:INFO:CONSOLE(126)] "currentLatencynow: 18.068", source: file:///home/seluser/ppt/player/bola1/index.html (126)
[104:104:0103/120202.809711:INFO:CONSOLE(126)] "currentLatencynow: 17.979", source: file:///home/seluser/ppt/player/bola1/index.html (126)
[104:104:0103/120203.809725:INFO:CONSOLE(126)] "currentLatencynow: 17.891", source: file:///home/seluser/ppt/player/bola1/index.html (126)
[104:104:0103/120204.809761:INFO:CONSOLE(126)] "currentLatencynow: 17.809", source: file:///home/seluser/ppt/player/bola1/index.html (126)
[104:104:0103/120205.809733:INFO:CONSOLE(126)] "currentLatencynow: 17.809", source: file:///home/seluser/ppt/player/bola1/index.html (126)
[104:104:0103/120206.809732:INFO:CONSOLE(126)] "currentLatencynow: 17.809", source: file:///home/seluser/ppt/player/bola1/index.html (126)
[104:104:0103/120207.809672:INFO:CONSOLE(126)] "currentLatencynow: 18.743", source: file:///home/seluser/ppt/player/bola1/index.html (126)
[104:104:0103/120208.810081:INFO:CONSOLE(126)] "currentLatencynow: 19.743", source: file:///home/seluser/ppt/player/bola1/index.html (126)
[104:131:0103/120209.442789:ERROR:bus.cc(392)] Failed to connect to the bus: Address does not contain a colon
[104:131:0103/120209.442861:ERROR:bus.cc(392)] Failed to connect to the bus: Address does not contain a colon
[104:104:0103/120209.809749:INFO:CONSOLE(126)] "currentLatencynow: 20.327", source: file:///home/seluser/ppt/player/bola1/index.html (126)
[104:104:0103/120210.809700:INFO:CONSOLE(126)] "currentLatencynow: 20.227", source: file:///home/seluser/ppt/player/bola1/index.html (126)
[104:104:0103/120211.809792:INFO:CONSOLE(126)] "currentLatencynow: 20.127", source: file:///home/seluser/ppt/player/bola1/index.html (126)
[104:104:0103/120212.809680:INFO:CONSOLE(126)] "currentLatencynow: 20.027", source: file:///home/seluser/ppt/player/bola1/index.html (126)
[104:104:0103/120213.809739:INFO:CONSOLE(126)] "currentLatencynow: 19.927", source: file:///home/seluser/ppt/player/bola1/index.html (126)
[104:104:0103/120214.809728:INFO:CONSOLE(126)] "currentLatencynow: 19.827", source: file:///home/seluser/ppt/player/bola1/index.html (126)
[104:104:0103/120215.809734:INFO:CONSOLE(126)] "currentLatencynow: 19.727", source: file:///home/seluser/ppt/player/bola1/index.html (126)
[104:104:0103/120216.809730:INFO:CONSOLE(126)] "currentLatencynow: 19.627", source: file:///home/seluser/ppt/player/bola1/index.html (126)
[104:104:0103/120217.809763:INFO:CONSOLE(126)] "currentLatencynow: 19.527", source: file:///home/seluser/ppt/player/bola1/index.html (126)
[104:104:0103/120218.809704:INFO:CONSOLE(126)] "currentLatencynow: 19.427", source: file:///home/seluser/ppt/player/bola1/index.html (126)
[104:104:0103/120219.809786:INFO:CONSOLE(126)] "currentLatencynow: 19.327", source: file:///home/seluser/ppt/player/bola1/index.html (126)
[104:104:0103/120220.809770:INFO:CONSOLE(126)] "currentLatencynow: 19.227", source: file:///home/seluser/ppt/player/bola1/index.html (126)
[104:104:0103/120221.809742:INFO:CONSOLE(126)] "currentLatencynow: 19.127", source: file:///home/seluser/ppt/player/bola1/index.html (126)
[104:104:0103/120222.809840:INFO:CONSOLE(126)] "currentLatencynow: 19.736", source: file:///home/seluser/ppt/player/bola1/index.html (126)
[104:104:0103/120223.809714:INFO:CONSOLE(126)] "currentLatencynow: 20.736", source: file:///home/seluser/ppt/player/bola1/index.html (126)
[104:131:0103/120224.463623:ERROR:bus.cc(392)] Failed to connect to the bus: Address does not contain a colon
[104:131:0103/120224.463673:ERROR:bus.cc(392)] Failed to connect to the bus: Address does not contain a colon
[104:104:0103/120224.809766:INFO:CONSOLE(126)] "currentLatencynow: 21.234", source: file:///home/seluser/ppt/player/bola1/index.html (126)
[104:104:0103/120225.809821:INFO:CONSOLE(126)] "currentLatencynow: 21.134", source: file:///home/seluser/ppt/player/bola1/index.html (126)
[104:104:0103/120225.988238:WARNING:pref_notifier_impl.cc(40)] Pref observer for media_router.cast_allow_all_ips found at shutdown.
