[102:136:0116/162656.832740:ERROR:bus.cc(392)] Failed to connect to the bus: Failed to connect to socket /var/run/dbus/system_bus_socket: No such file or directory
[102:127:0116/162656.835645:ERROR:bus.cc(392)] Failed to connect to the bus: Address does not contain a colon
[102:127:0116/162656.835691:ERROR:bus.cc(392)] Failed to connect to the bus: Address does not contain a colon
[145:145:0116/162656.852324:ERROR:gpu_init.cc(453)] Passthrough is not supported, GL is swiftshader, ANGLE is 
[102:127:0116/162656.859007:ERROR:bus.cc(392)] Failed to connect to the bus: Address does not contain a colon
[102:127:0116/162656.859061:ERROR:bus.cc(392)] Failed to connect to the bus: Address does not contain a colon
[102:127:0116/162656.900714:ERROR:bus.cc(392)] Failed to connect to the bus: Address does not contain a colon
[102:127:0116/162656.900789:ERROR:bus.cc(392)] Failed to connect to the bus: Address does not contain a colon
[102:224:0116/162657.270875:ERROR:bus.cc(392)] Failed to connect to the bus: Failed to connect to socket /var/run/dbus/system_bus_socket: No such file or directory
[102:224:0116/162657.271165:ERROR:bus.cc(392)] Failed to connect to the bus: Failed to connect to socket /var/run/dbus/system_bus_socket: No such file or directory
[102:224:0116/162657.271523:ERROR:bus.cc(392)] Failed to connect to the bus: Failed to connect to socket /var/run/dbus/system_bus_socket: No such file or directory
[102:224:0116/162657.271684:WARNING:property.cc(144)] DaemonVersion: GetAndBlock: failed.
[102:224:0116/162657.271971:ERROR:bus.cc(392)] Failed to connect to the bus: Failed to connect to socket /var/run/dbus/system_bus_socket: No such file or directory
[102:224:0116/162657.272239:ERROR:bus.cc(392)] Failed to connect to the bus: Failed to connect to socket /var/run/dbus/system_bus_socket: No such file or directory
[248:248:0116/162659.095987:WARNING:audio_manager_linux.cc(69)] Falling back to ALSA for audio output. PulseAudio is not available or could not be initialized.
[248:248:0116/162659.101391:ERROR:alsa_util.cc(204)] PcmOpen: default,No such file or directory
[248:248:0116/162659.101592:ERROR:alsa_util.cc(204)] PcmOpen: plug:default,No such file or directory
[102:102:0116/162659.859561:INFO:CONSOLE(126)] "currentLatencynow: 4.895", source: file:///home/seluser/ppt/player/bola1/index.html (126)
[102:102:0116/162700.859411:INFO:CONSOLE(126)] "currentLatencynow: 5.895", source: file:///home/seluser/ppt/player/bola1/index.html (126)
[102:169:0116/162701.000124:ERROR:chrome_browser_main_extra_parts_metrics.cc(228)] crbug.com/1216328: Checking Bluetooth availability started. Please report if there is no report that this ends.
[102:169:0116/162701.000153:ERROR:chrome_browser_main_extra_parts_metrics.cc(231)] crbug.com/1216328: Checking Bluetooth availability ended.
[102:169:0116/162701.000162:ERROR:chrome_browser_main_extra_parts_metrics.cc(234)] crbug.com/1216328: Checking default browser status started. Please report if there is no report that this ends.
[102:169:0116/162701.146853:ERROR:chrome_browser_main_extra_parts_metrics.cc(238)] crbug.com/1216328: Checking default browser status ended.
[102:102:0116/162701.859515:INFO:CONSOLE(126)] "currentLatencynow: 6.895", source: file:///home/seluser/ppt/player/bola1/index.html (126)
[102:102:0116/162702.859403:INFO:CONSOLE(126)] "currentLatencynow: 7.895", source: file:///home/seluser/ppt/player/bola1/index.html (126)
[102:102:0116/162703.859380:INFO:CONSOLE(126)] "currentLatencynow: 8.895", source: file:///home/seluser/ppt/player/bola1/index.html (126)
[102:127:0116/162704.240954:ERROR:bus.cc(392)] Failed to connect to the bus: Address does not contain a colon
[102:127:0116/162704.241009:ERROR:bus.cc(392)] Failed to connect to the bus: Address does not contain a colon
[102:127:0116/162704.241026:ERROR:bus.cc(392)] Failed to connect to the bus: Address does not contain a colon
[102:127:0116/162704.241040:ERROR:bus.cc(392)] Failed to connect to the bus: Address does not contain a colon
[102:127:0116/162704.241055:ERROR:bus.cc(392)] Failed to connect to the bus: Address does not contain a colon
[102:127:0116/162704.241082:ERROR:bus.cc(392)] Failed to connect to the bus: Address does not contain a colon
[102:127:0116/162704.241097:ERROR:bus.cc(392)] Failed to connect to the bus: Address does not contain a colon
[102:127:0116/162704.241110:ERROR:bus.cc(392)] Failed to connect to the bus: Address does not contain a colon
[102:127:0116/162704.241123:ERROR:bus.cc(392)] Failed to connect to the bus: Address does not contain a colon
[102:127:0116/162704.241137:ERROR:bus.cc(392)] Failed to connect to the bus: Address does not contain a colon
[102:127:0116/162704.241150:ERROR:bus.cc(392)] Failed to connect to the bus: Address does not contain a colon
[102:127:0116/162704.241163:ERROR:bus.cc(392)] Failed to connect to the bus: Address does not contain a colon
[102:127:0116/162704.241176:ERROR:bus.cc(392)] Failed to connect to the bus: Address does not contain a colon
[102:127:0116/162704.241191:ERROR:bus.cc(392)] Failed to connect to the bus: Address does not contain a colon
[102:127:0116/162704.242817:ERROR:bus.cc(392)] Failed to connect to the bus: Address does not contain a colon
[102:127:0116/162704.242882:ERROR:bus.cc(392)] Failed to connect to the bus: Address does not contain a colon
[102:127:0116/162704.242919:ERROR:bus.cc(392)] Failed to connect to the bus: Address does not contain a colon
[102:127:0116/162704.309277:ERROR:bus.cc(392)] Failed to connect to the bus: Address does not contain a colon
[102:127:0116/162704.309340:ERROR:bus.cc(392)] Failed to connect to the bus: Address does not contain a colon
[102:102:0116/162704.859399:INFO:CONSOLE(126)] "currentLatencynow: 9.344", source: file:///home/seluser/ppt/player/bola1/index.html (126)
[102:102:0116/162705.859529:INFO:CONSOLE(126)] "currentLatencynow: 9.344", source: file:///home/seluser/ppt/player/bola1/index.html (126)
[102:102:0116/162706.859499:INFO:CONSOLE(126)] "currentLatencynow: 9.344", source: file:///home/seluser/ppt/player/bola1/index.html (126)
[102:102:0116/162707.859465:INFO:CONSOLE(126)] "currentLatencynow: 9.289", source: file:///home/seluser/ppt/player/bola1/index.html (126)
[102:102:0116/162708.859508:INFO:CONSOLE(126)] "currentLatencynow: 9.189", source: file:///home/seluser/ppt/player/bola1/index.html (126)
[102:102:0116/162709.859590:INFO:CONSOLE(126)] "currentLatencynow: 9.089", source: file:///home/seluser/ppt/player/bola1/index.html (126)
[102:102:0116/162710.859450:INFO:CONSOLE(126)] "currentLatencynow: 8.989", source: file:///home/seluser/ppt/player/bola1/index.html (126)
[102:102:0116/162711.859476:INFO:CONSOLE(126)] "currentLatencynow: 8.889", source: file:///home/seluser/ppt/player/bola1/index.html (126)
[102:102:0116/162712.859431:INFO:CONSOLE(126)] "currentLatencynow: 8.789", source: file:///home/seluser/ppt/player/bola1/index.html (126)
[102:102:0116/162713.859856:INFO:CONSOLE(126)] "currentLatencynow: 8.689", source: file:///home/seluser/ppt/player/bola1/index.html (126)
[102:102:0116/162714.859434:INFO:CONSOLE(126)] "currentLatencynow: 8.589", source: file:///home/seluser/ppt/player/bola1/index.html (126)
[102:102:0116/162715.859718:INFO:CONSOLE(126)] "currentLatencynow: 8.489", source: file:///home/seluser/ppt/player/bola1/index.html (126)
[102:102:0116/162716.859456:INFO:CONSOLE(126)] "currentLatencynow: 8.389", source: file:///home/seluser/ppt/player/bola1/index.html (126)
[102:102:0116/162717.859421:INFO:CONSOLE(126)] "currentLatencynow: 8.289", source: file:///home/seluser/ppt/player/bola1/index.html (126)
[102:102:0116/162718.859435:INFO:CONSOLE(126)] "currentLatencynow: 8.189", source: file:///home/seluser/ppt/player/bola1/index.html (126)
[102:102:0116/162719.859442:INFO:CONSOLE(126)] "currentLatencynow: 8.089", source: file:///home/seluser/ppt/player/bola1/index.html (126)
[102:102:0116/162720.859506:INFO:CONSOLE(126)] "currentLatencynow: 7.989", source: file:///home/seluser/ppt/player/bola1/index.html (126)
[102:102:0116/162721.859396:INFO:CONSOLE(126)] "currentLatencynow: 7.893", source: file:///home/seluser/ppt/player/bola1/index.html (126)
[102:102:0116/162722.859384:INFO:CONSOLE(126)] "currentLatencynow: 7.893", source: file:///home/seluser/ppt/player/bola1/index.html (126)
[102:102:0116/162723.859442:INFO:CONSOLE(126)] "currentLatencynow: 7.892", source: file:///home/seluser/ppt/player/bola1/index.html (126)
[102:102:0116/162724.859487:INFO:CONSOLE(126)] "currentLatencynow: 7.796", source: file:///home/seluser/ppt/player/bola1/index.html (126)
[102:102:0116/162725.859529:INFO:CONSOLE(126)] "currentLatencynow: 7.696", source: file:///home/seluser/ppt/player/bola1/index.html (126)
[102:102:0116/162726.859479:INFO:CONSOLE(126)] "currentLatencynow: 7.597", source: file:///home/seluser/ppt/player/bola1/index.html (126)
[102:102:0116/162727.859472:INFO:CONSOLE(126)] "currentLatencynow: 7.496", source: file:///home/seluser/ppt/player/bola1/index.html (126)
[102:102:0116/162728.859439:INFO:CONSOLE(126)] "currentLatencynow: 7.396", source: file:///home/seluser/ppt/player/bola1/index.html (126)
[102:102:0116/162729.859562:INFO:CONSOLE(126)] "currentLatencynow: 7.296", source: file:///home/seluser/ppt/player/bola1/index.html (126)
[102:102:0116/162730.859484:INFO:CONSOLE(126)] "currentLatencynow: 7.196", source: file:///home/seluser/ppt/player/bola1/index.html (126)
[102:102:0116/162731.859466:INFO:CONSOLE(126)] "currentLatencynow: 7.096", source: file:///home/seluser/ppt/player/bola1/index.html (126)
[102:102:0116/162732.859627:INFO:CONSOLE(126)] "currentLatencynow: 6.996", source: file:///home/seluser/ppt/player/bola1/index.html (126)
[102:102:0116/162733.859462:INFO:CONSOLE(126)] "currentLatencynow: 6.896", source: file:///home/seluser/ppt/player/bola1/index.html (126)
[102:102:0116/162734.859470:INFO:CONSOLE(126)] "currentLatencynow: 6.796", source: file:///home/seluser/ppt/player/bola1/index.html (126)
[102:102:0116/162735.859482:INFO:CONSOLE(126)] "currentLatencynow: 6.696", source: file:///home/seluser/ppt/player/bola1/index.html (126)
[102:102:0116/162736.859448:INFO:CONSOLE(126)] "currentLatencynow: 6.596", source: file:///home/seluser/ppt/player/bola1/index.html (126)
[102:102:0116/162737.859489:INFO:CONSOLE(126)] "currentLatencynow: 6.496", source: file:///home/seluser/ppt/player/bola1/index.html (126)
[102:102:0116/162738.859502:INFO:CONSOLE(126)] "currentLatencynow: 6.396", source: file:///home/seluser/ppt/player/bola1/index.html (126)
[102:102:0116/162739.859422:INFO:CONSOLE(126)] "currentLatencynow: 6.296", source: file:///home/seluser/ppt/player/bola1/index.html (126)
[102:102:0116/162740.859496:INFO:CONSOLE(126)] "currentLatencynow: 6.196", source: file:///home/seluser/ppt/player/bola1/index.html (126)
[102:102:0116/162741.859460:INFO:CONSOLE(126)] "currentLatencynow: 6.096", source: file:///home/seluser/ppt/player/bola1/index.html (126)
[102:102:0116/162742.859508:INFO:CONSOLE(126)] "currentLatencynow: 5.996", source: file:///home/seluser/ppt/player/bola1/index.html (126)
[102:102:0116/162743.859421:INFO:CONSOLE(126)] "currentLatencynow: 5.896", source: file:///home/seluser/ppt/player/bola1/index.html (126)
[102:102:0116/162744.859423:INFO:CONSOLE(126)] "currentLatencynow: 5.796", source: file:///home/seluser/ppt/player/bola1/index.html (126)
[102:102:0116/162745.859446:INFO:CONSOLE(126)] "currentLatencynow: 5.696", source: file:///home/seluser/ppt/player/bola1/index.html (126)
[102:102:0116/162746.859443:INFO:CONSOLE(126)] "currentLatencynow: 5.596", source: file:///home/seluser/ppt/player/bola1/index.html (126)
[102:102:0116/162747.859424:INFO:CONSOLE(126)] "currentLatencynow: 5.496", source: file:///home/seluser/ppt/player/bola1/index.html (126)
[102:102:0116/162748.859424:INFO:CONSOLE(126)] "currentLatencynow: 5.396", source: file:///home/seluser/ppt/player/bola1/index.html (126)
[102:102:0116/162749.859468:INFO:CONSOLE(126)] "currentLatencynow: 5.296", source: file:///home/seluser/ppt/player/bola1/index.html (126)
[102:102:0116/162750.859506:INFO:CONSOLE(126)] "currentLatencynow: 5.196", source: file:///home/seluser/ppt/player/bola1/index.html (126)
[102:102:0116/162751.859436:INFO:CONSOLE(126)] "currentLatencynow: 5.096", source: file:///home/seluser/ppt/player/bola1/index.html (126)
[102:102:0116/162752.859486:INFO:CONSOLE(126)] "currentLatencynow: 4.996", source: file:///home/seluser/ppt/player/bola1/index.html (126)
[102:102:0116/162753.859504:INFO:CONSOLE(126)] "currentLatencynow: 4.896", source: file:///home/seluser/ppt/player/bola1/index.html (126)
[102:102:0116/162754.859503:INFO:CONSOLE(126)] "currentLatencynow: 4.796", source: file:///home/seluser/ppt/player/bola1/index.html (126)
[102:102:0116/162755.859485:INFO:CONSOLE(126)] "currentLatencynow: 4.696", source: file:///home/seluser/ppt/player/bola1/index.html (126)
[102:102:0116/162756.859545:INFO:CONSOLE(126)] "currentLatencynow: 4.596", source: file:///home/seluser/ppt/player/bola1/index.html (126)
[102:102:0116/162757.859445:INFO:CONSOLE(126)] "currentLatencynow: 4.496", source: file:///home/seluser/ppt/player/bola1/index.html (126)
[102:102:0116/162758.859419:INFO:CONSOLE(126)] "currentLatencynow: 4.403", source: file:///home/seluser/ppt/player/bola1/index.html (126)
[102:102:0116/162759.859490:INFO:CONSOLE(126)] "currentLatencynow: 4.323", source: file:///home/seluser/ppt/player/bola1/index.html (126)
[102:102:0116/162800.859423:INFO:CONSOLE(126)] "currentLatencynow: 4.25", source: file:///home/seluser/ppt/player/bola1/index.html (126)
[102:102:0116/162801.859413:INFO:CONSOLE(126)] "currentLatencynow: 4.19", source: file:///home/seluser/ppt/player/bola1/index.html (126)
[102:102:0116/162802.859495:INFO:CONSOLE(126)] "currentLatencynow: 4.141", source: file:///home/seluser/ppt/player/bola1/index.html (126)
[102:102:0116/162803.859460:INFO:CONSOLE(126)] "currentLatencynow: 4.102", source: file:///home/seluser/ppt/player/bola1/index.html (126)
[102:102:0116/162804.859459:INFO:CONSOLE(126)] "currentLatencynow: 4.064", source: file:///home/seluser/ppt/player/bola1/index.html (126)
[102:102:0116/162805.859429:INFO:CONSOLE(126)] "currentLatencynow: 4.048", source: file:///home/seluser/ppt/player/bola1/index.html (126)
[102:102:0116/162806.859442:INFO:CONSOLE(126)] "currentLatencynow: 4.031", source: file:///home/seluser/ppt/player/bola1/index.html (126)
[102:102:0116/162807.859470:INFO:CONSOLE(126)] "currentLatencynow: 4.015", source: file:///home/seluser/ppt/player/bola1/index.html (126)
[102:102:0116/162808.859417:INFO:CONSOLE(126)] "currentLatencynow: 4.015", source: file:///home/seluser/ppt/player/bola1/index.html (126)
[102:102:0116/162809.859550:INFO:CONSOLE(126)] "currentLatencynow: 4.015", source: file:///home/seluser/ppt/player/bola1/index.html (126)
[102:102:0116/162810.859432:INFO:CONSOLE(126)] "currentLatencynow: 4.015", source: file:///home/seluser/ppt/player/bola1/index.html (126)
[102:102:0116/162811.859749:INFO:CONSOLE(126)] "currentLatencynow: 4.015", source: file:///home/seluser/ppt/player/bola1/index.html (126)
[102:102:0116/162812.859409:INFO:CONSOLE(126)] "currentLatencynow: 4.015", source: file:///home/seluser/ppt/player/bola1/index.html (126)
[102:102:0116/162813.859444:INFO:CONSOLE(126)] "currentLatencynow: 4.015", source: file:///home/seluser/ppt/player/bola1/index.html (126)
[102:102:0116/162814.859488:INFO:CONSOLE(126)] "currentLatencynow: 4.015", source: file:///home/seluser/ppt/player/bola1/index.html (126)
[102:102:0116/162815.859484:INFO:CONSOLE(126)] "currentLatencynow: 4.015", source: file:///home/seluser/ppt/player/bola1/index.html (126)
[102:102:0116/162816.859467:INFO:CONSOLE(126)] "currentLatencynow: 4.015", source: file:///home/seluser/ppt/player/bola1/index.html (126)
[102:102:0116/162817.859452:INFO:CONSOLE(126)] "currentLatencynow: 4.015", source: file:///home/seluser/ppt/player/bola1/index.html (126)
[102:102:0116/162818.859433:INFO:CONSOLE(126)] "currentLatencynow: 4.015", source: file:///home/seluser/ppt/player/bola1/index.html (126)
[102:102:0116/162819.859625:INFO:CONSOLE(126)] "currentLatencynow: 4.015", source: file:///home/seluser/ppt/player/bola1/index.html (126)
[102:102:0116/162820.859490:INFO:CONSOLE(126)] "currentLatencynow: 4.015", source: file:///home/seluser/ppt/player/bola1/index.html (126)
[102:102:0116/162821.859415:INFO:CONSOLE(126)] "currentLatencynow: 4.015", source: file:///home/seluser/ppt/player/bola1/index.html (126)
[102:102:0116/162822.859487:INFO:CONSOLE(126)] "currentLatencynow: 4.015", source: file:///home/seluser/ppt/player/bola1/index.html (126)
[102:102:0116/162823.859476:INFO:CONSOLE(126)] "currentLatencynow: 4.015", source: file:///home/seluser/ppt/player/bola1/index.html (126)
[102:102:0116/162824.859499:INFO:CONSOLE(126)] "currentLatencynow: 4.015", source: file:///home/seluser/ppt/player/bola1/index.html (126)
[102:102:0116/162825.859453:INFO:CONSOLE(126)] "currentLatencynow: 4.015", source: file:///home/seluser/ppt/player/bola1/index.html (126)
[102:102:0116/162826.859513:INFO:CONSOLE(126)] "currentLatencynow: 4.015", source: file:///home/seluser/ppt/player/bola1/index.html (126)
[102:102:0116/162827.859451:INFO:CONSOLE(126)] "currentLatencynow: 4.015", source: file:///home/seluser/ppt/player/bola1/index.html (126)
[102:102:0116/162828.859458:INFO:CONSOLE(126)] "currentLatencynow: 4.015", source: file:///home/seluser/ppt/player/bola1/index.html (126)
[102:102:0116/162829.859447:INFO:CONSOLE(126)] "currentLatencynow: 4.015", source: file:///home/seluser/ppt/player/bola1/index.html (126)
[102:102:0116/162830.859487:INFO:CONSOLE(126)] "currentLatencynow: 4.015", source: file:///home/seluser/ppt/player/bola1/index.html (126)
[102:102:0116/162831.859550:INFO:CONSOLE(126)] "currentLatencynow: 4.015", source: file:///home/seluser/ppt/player/bola1/index.html (126)
[102:102:0116/162832.859484:INFO:CONSOLE(126)] "currentLatencynow: 4.015", source: file:///home/seluser/ppt/player/bola1/index.html (126)
[102:102:0116/162833.859434:INFO:CONSOLE(126)] "currentLatencynow: 4.015", source: file:///home/seluser/ppt/player/bola1/index.html (126)
[102:102:0116/162834.859431:INFO:CONSOLE(126)] "currentLatencynow: 4.015", source: file:///home/seluser/ppt/player/bola1/index.html (126)
[102:102:0116/162835.859466:INFO:CONSOLE(126)] "currentLatencynow: 4.015", source: file:///home/seluser/ppt/player/bola1/index.html (126)
[102:102:0116/162836.859458:INFO:CONSOLE(126)] "currentLatencynow: 4.015", source: file:///home/seluser/ppt/player/bola1/index.html (126)
[102:102:0116/162837.859430:INFO:CONSOLE(126)] "currentLatencynow: 4.015", source: file:///home/seluser/ppt/player/bola1/index.html (126)
[102:102:0116/162838.860454:INFO:CONSOLE(126)] "currentLatencynow: 4.015", source: file:///home/seluser/ppt/player/bola1/index.html (126)
[102:102:0116/162839.859464:INFO:CONSOLE(126)] "currentLatencynow: 4.015", source: file:///home/seluser/ppt/player/bola1/index.html (126)
[102:102:0116/162840.859426:INFO:CONSOLE(126)] "currentLatencynow: 4.015", source: file:///home/seluser/ppt/player/bola1/index.html (126)
[102:102:0116/162841.859482:INFO:CONSOLE(126)] "currentLatencynow: 4.015", source: file:///home/seluser/ppt/player/bola1/index.html (126)
[102:102:0116/162842.859435:INFO:CONSOLE(126)] "currentLatencynow: 4.015", source: file:///home/seluser/ppt/player/bola1/index.html (126)
[102:102:0116/162843.859448:INFO:CONSOLE(126)] "currentLatencynow: 4.015", source: file:///home/seluser/ppt/player/bola1/index.html (126)
[102:102:0116/162844.859473:INFO:CONSOLE(126)] "currentLatencynow: 4.015", source: file:///home/seluser/ppt/player/bola1/index.html (126)
[102:102:0116/162845.859431:INFO:CONSOLE(126)] "currentLatencynow: 4.015", source: file:///home/seluser/ppt/player/bola1/index.html (126)
[102:102:0116/162846.859462:INFO:CONSOLE(126)] "currentLatencynow: 4.015", source: file:///home/seluser/ppt/player/bola1/index.html (126)
[102:102:0116/162847.859469:INFO:CONSOLE(126)] "currentLatencynow: 4.015", source: file:///home/seluser/ppt/player/bola1/index.html (126)
[102:102:0116/162848.859629:INFO:CONSOLE(126)] "currentLatencynow: 4.015", source: file:///home/seluser/ppt/player/bola1/index.html (126)
[102:102:0116/162849.859569:INFO:CONSOLE(126)] "currentLatencynow: 4.015", source: file:///home/seluser/ppt/player/bola1/index.html (126)
[102:102:0116/162850.859468:INFO:CONSOLE(126)] "currentLatencynow: 4.015", source: file:///home/seluser/ppt/player/bola1/index.html (126)
[102:102:0116/162851.859449:INFO:CONSOLE(126)] "currentLatencynow: 4.015", source: file:///home/seluser/ppt/player/bola1/index.html (126)
[102:102:0116/162852.859489:INFO:CONSOLE(126)] "currentLatencynow: 4.015", source: file:///home/seluser/ppt/player/bola1/index.html (126)
[102:102:0116/162853.859494:INFO:CONSOLE(126)] "currentLatencynow: 4.015", source: file:///home/seluser/ppt/player/bola1/index.html (126)
[102:102:0116/162854.859491:INFO:CONSOLE(126)] "currentLatencynow: 4.015", source: file:///home/seluser/ppt/player/bola1/index.html (126)
[102:102:0116/162855.859473:INFO:CONSOLE(126)] "currentLatencynow: 4.015", source: file:///home/seluser/ppt/player/bola1/index.html (126)
[102:102:0116/162856.859488:INFO:CONSOLE(126)] "currentLatencynow: 4.015", source: file:///home/seluser/ppt/player/bola1/index.html (126)
[102:102:0116/162857.859470:INFO:CONSOLE(112)] "Begin Player stistics 
", source: file:///home/seluser/ppt/player/bola1/index.html (112)
[102:102:0116/162857.860195:INFO:CONSOLE(113)] "["stall",[["1.46","6.64",5.18]],[["availibleBW",[null],[null],[null],[null],[null],[416],[511],[511],[701],[701],[1182],[2525],[2525],[2218],[2411],[3082],[3082],[3521],[3517],[3517],[3538],[3521],[3521],[3478],[3469],[3469],[3383],[3420],[3406],[3352],[3410],[3404],[3404],[3256],[3256],[3089],[3089],[2933],[2953],[2717],[2717],[2483],[2483],[2241],[2241],[2024],[2236],[2190],[2190],[1998],[1998],[1789],[1789],[1688],[1688],[1634],[1634],[1886],[1886],[1738],[1738],[1262],[1262],[1190],[1190],[549],[549],[534],[534],[513],[513],[526],[526],[506],[506],[456],[456],[499],[499],[502],[502],[484],[484],[494],[494],[499],[499],[534],[534],[538],[538],[529],[529],[534],[534],[572],[572],[494],[494],[535],[535],[509],[509],[489],[489],[453],[453],[412],[412],[446],[446],[452],[452],[496],[496],[520],[520],[512]]],[["currentBuffer",[0],[0],[0],[0],[0],[0.683],[1.685],[0.685],[3.542],[2.546],[5.359],[8.335],[7.254],[8.156],[7.056],[5.956],[4.856],[3.665],[4.655],[3.558],[2.458],[1.358],[0.258],[1.219],[2.171],[1.169],[2.071],[2.973],[3.875],[4.777],[5.643],[6.49],[5.481],[6.383],[5.283],[6.185],[5.085],[5.987],[4.887],[5.789],[4.689],[5.591],[4.491],[5.393],[4.293],[5.195],[4.095],[4.997],[3.897],[4.799],[3.699],[4.601],[3.501],[4.403],[3.303],[4.205],[3.105],[4.007],[2.907],[3.813],[2.734],[3.66],[2.6],[3.55],[2.512],[3.475],[2.457],[3.442],[2.426],[3.426],[2.426],[3.428],[2.428],[3.43],[2.43],[3.432],[2.432],[3.434],[2.434],[3.436],[2.436],[3.438],[2.438],[3.44],[2.44],[3.442],[2.442],[3.444],[2.444],[3.446],[2.446],[3.448],[2.448],[3.45],[2.45],[3.452],[2.452],[3.454],[2.454],[3.456],[2.456],[3.458],[2.458],[3.46],[2.46],[3.462],[2.462],[3.464],[2.464],[3.466],[2.466],[3.468],[2.468],[3.47],[2.47],[3.472],[2.472],[3.474]]],[["currentLatency",[4.895],[5.895],[6.895],[7.895],[8.895],[9.344],[9.344],[9.344],[9.289],[9.189],[9.089],[8.989],[8.889],[8.789],[8.689],[8.589],[8.489],[8.389],[8.289],[8.189],[8.089],[7.989],[7.893],[7.893],[7.892],[7.796],[7.696],[7.597],[7.496],[7.396],[7.296],[7.196],[7.096],[6.996],[6.896],[6.796],[6.696],[6.596],[6.496],[6.396],[6.296],[6.196],[6.096],[5.996],[5.896],[5.796],[5.696],[5.596],[5.496],[5.396],[5.296],[5.196],[5.096],[4.996],[4.896],[4.796],[4.696],[4.596],[4.496],[4.403],[4.323],[4.25],[4.19],[4.141],[4.102],[4.064],[4.048],[4.031],[4.015],[4.015],[4.015],[4.015],[4.015],[4.015],[4.015],[4.015],[4.015],[4.015],[4.015],[4.015],[4.015],[4.015],[4.015],[4.015],[4.015],[4.015],[4.015],[4.015],[4.015],[4.015],[4.015],[4.015],[4.015],[4.015],[4.015],[4.015],[4.015],[4.015],[4.015],[4.015],[4.015],[4.015],[4.015],[4.015],[4.015],[4.015],[4.015],[4.015],[4.015],[4.015],[4.015],[4.015],[4.015],[4.015],[4.015],[4.015],[4.015],[4.015]]]]", source: file:///home/seluser/ppt/player/bola1/index.html (113)
[102:102:0116/162857.860311:INFO:CONSOLE(114)] "
", source: file:///home/seluser/ppt/player/bola1/index.html (114)
[102:102:0116/162857.860364:INFO:CONSOLE(115)] "Finish Player stistics 
", source: file:///home/seluser/ppt/player/bola1/index.html (115)
[102:102:0116/162857.860412:INFO:CONSOLE(126)] "currentLatencynow: 4.014", source: file:///home/seluser/ppt/player/bola1/index.html (126)
[102:102:0116/162858.859447:INFO:CONSOLE(126)] "currentLatencynow: 4.015", source: file:///home/seluser/ppt/player/bola1/index.html (126)
[102:102:0116/162859.859486:INFO:CONSOLE(126)] "currentLatencynow: 4.015", source: file:///home/seluser/ppt/player/bola1/index.html (126)
[102:102:0116/162900.859490:INFO:CONSOLE(126)] "currentLatencynow: 4.015", source: file:///home/seluser/ppt/player/bola1/index.html (126)
[102:102:0116/162901.859430:INFO:CONSOLE(126)] "currentLatencynow: 4.015", source: file:///home/seluser/ppt/player/bola1/index.html (126)
[102:102:0116/162902.859471:INFO:CONSOLE(126)] "currentLatencynow: 4.015", source: file:///home/seluser/ppt/player/bola1/index.html (126)
[102:102:0116/162903.859415:INFO:CONSOLE(126)] "currentLatencynow: 4.015", source: file:///home/seluser/ppt/player/bola1/index.html (126)
[102:102:0116/162904.859448:INFO:CONSOLE(126)] "currentLatencynow: 4.015", source: file:///home/seluser/ppt/player/bola1/index.html (126)
[102:102:0116/162905.859450:INFO:CONSOLE(126)] "currentLatencynow: 4.015", source: file:///home/seluser/ppt/player/bola1/index.html (126)
[102:102:0116/162906.859400:INFO:CONSOLE(126)] "currentLatencynow: 4.015", source: file:///home/seluser/ppt/player/bola1/index.html (126)
[102:102:0116/162907.859421:INFO:CONSOLE(126)] "currentLatencynow: 4.015", source: file:///home/seluser/ppt/player/bola1/index.html (126)
[102:102:0116/162908.859433:INFO:CONSOLE(126)] "currentLatencynow: 4.015", source: file:///home/seluser/ppt/player/bola1/index.html (126)
[102:102:0116/162909.859425:INFO:CONSOLE(126)] "currentLatencynow: 4.015", source: file:///home/seluser/ppt/player/bola1/index.html (126)
[102:102:0116/162910.859425:INFO:CONSOLE(126)] "currentLatencynow: 4.015", source: file:///home/seluser/ppt/player/bola1/index.html (126)
[102:102:0116/162911.859389:INFO:CONSOLE(126)] "currentLatencynow: 4.015", source: file:///home/seluser/ppt/player/bola1/index.html (126)
[102:102:0116/162912.859419:INFO:CONSOLE(126)] "currentLatencynow: 4.015", source: file:///home/seluser/ppt/player/bola1/index.html (126)
[102:102:0116/162913.859406:INFO:CONSOLE(126)] "currentLatencynow: 4.015", source: file:///home/seluser/ppt/player/bola1/index.html (126)
[102:102:0116/162914.859457:INFO:CONSOLE(126)] "currentLatencynow: 4.015", source: file:///home/seluser/ppt/player/bola1/index.html (126)
[102:102:0116/162915.859512:INFO:CONSOLE(126)] "currentLatencynow: 4.015", source: file:///home/seluser/ppt/player/bola1/index.html (126)
[102:102:0116/162916.859460:INFO:CONSOLE(126)] "currentLatencynow: 4.015", source: file:///home/seluser/ppt/player/bola1/index.html (126)
[102:102:0116/162917.859425:INFO:CONSOLE(126)] "currentLatencynow: 4.015", source: file:///home/seluser/ppt/player/bola1/index.html (126)
[102:102:0116/162918.859474:INFO:CONSOLE(126)] "currentLatencynow: 4.015", source: file:///home/seluser/ppt/player/bola1/index.html (126)
[102:102:0116/162919.859414:INFO:CONSOLE(126)] "currentLatencynow: 4.015", source: file:///home/seluser/ppt/player/bola1/index.html (126)
[102:102:0116/162920.859492:INFO:CONSOLE(126)] "currentLatencynow: 4.015", source: file:///home/seluser/ppt/player/bola1/index.html (126)
[102:102:0116/162921.859445:INFO:CONSOLE(126)] "currentLatencynow: 4.015", source: file:///home/seluser/ppt/player/bola1/index.html (126)
[102:102:0116/162922.859445:INFO:CONSOLE(126)] "currentLatencynow: 4.015", source: file:///home/seluser/ppt/player/bola1/index.html (126)
[102:102:0116/162923.859447:INFO:CONSOLE(126)] "currentLatencynow: 4.015", source: file:///home/seluser/ppt/player/bola1/index.html (126)
[102:102:0116/162924.859513:INFO:CONSOLE(126)] "currentLatencynow: 4.015", source: file:///home/seluser/ppt/player/bola1/index.html (126)
[102:102:0116/162925.859444:INFO:CONSOLE(126)] "currentLatencynow: 4.015", source: file:///home/seluser/ppt/player/bola1/index.html (126)
[102:102:0116/162926.859379:INFO:CONSOLE(126)] "currentLatencynow: 4.015", source: file:///home/seluser/ppt/player/bola1/index.html (126)
[102:102:0116/162927.859452:INFO:CONSOLE(126)] "currentLatencynow: 4.015", source: file:///home/seluser/ppt/player/bola1/index.html (126)
[102:102:0116/162928.859432:INFO:CONSOLE(126)] "currentLatencynow: 4.015", source: file:///home/seluser/ppt/player/bola1/index.html (126)
[102:102:0116/162929.859507:INFO:CONSOLE(126)] "currentLatencynow: 4.015", source: file:///home/seluser/ppt/player/bola1/index.html (126)
[102:102:0116/162930.018271:WARNING:pref_notifier_impl.cc(40)] Pref observer for media_router.cast_allow_all_ips found at shutdown.
