[154:218:0116/133443.059256:ERROR:bus.cc(392)] Failed to connect to the bus: Failed to connect to socket /var/run/dbus/system_bus_socket: No such file or directory
[154:181:0116/133443.084979:ERROR:bus.cc(392)] Failed to connect to the bus: Address does not contain a colon
[154:181:0116/133443.085039:ERROR:bus.cc(392)] Failed to connect to the bus: Address does not contain a colon
[225:225:0116/133443.150235:ERROR:gpu_init.cc(453)] Passthrough is not supported, GL is swiftshader, ANGLE is 
[154:181:0116/133443.156263:ERROR:bus.cc(392)] Failed to connect to the bus: Address does not contain a colon
[154:181:0116/133443.156311:ERROR:bus.cc(392)] Failed to connect to the bus: Address does not contain a colon
[154:181:0116/133443.231832:ERROR:bus.cc(392)] Failed to connect to the bus: Address does not contain a colon
[154:181:0116/133443.231927:ERROR:bus.cc(392)] Failed to connect to the bus: Address does not contain a colon
[154:314:0116/133443.441552:ERROR:bus.cc(392)] Failed to connect to the bus: Failed to connect to socket /var/run/dbus/system_bus_socket: No such file or directory
[154:314:0116/133443.441633:ERROR:bus.cc(392)] Failed to connect to the bus: Failed to connect to socket /var/run/dbus/system_bus_socket: No such file or directory
[154:314:0116/133443.441697:ERROR:bus.cc(392)] Failed to connect to the bus: Failed to connect to socket /var/run/dbus/system_bus_socket: No such file or directory
[154:314:0116/133443.441717:WARNING:property.cc(144)] DaemonVersion: GetAndBlock: failed.
[154:314:0116/133443.441746:ERROR:bus.cc(392)] Failed to connect to the bus: Failed to connect to socket /var/run/dbus/system_bus_socket: No such file or directory
[154:314:0116/133443.441782:ERROR:bus.cc(392)] Failed to connect to the bus: Failed to connect to socket /var/run/dbus/system_bus_socket: No such file or directory
[154:154:0116/133446.111260:INFO:CONSOLE(128)] "currentLatencynow: NaN", source: file:///home/seluser/ppt/player/dashjs/index.html (128)
[154:247:0116/133446.908278:ERROR:chrome_browser_main_extra_parts_metrics.cc(228)] crbug.com/1216328: Checking Bluetooth availability started. Please report if there is no report that this ends.
[154:247:0116/133446.908330:ERROR:chrome_browser_main_extra_parts_metrics.cc(231)] crbug.com/1216328: Checking Bluetooth availability ended.
[154:247:0116/133446.908345:ERROR:chrome_browser_main_extra_parts_metrics.cc(234)] crbug.com/1216328: Checking default browser status started. Please report if there is no report that this ends.
[154:247:0116/133447.028008:ERROR:chrome_browser_main_extra_parts_metrics.cc(238)] crbug.com/1216328: Checking default browser status ended.
[154:154:0116/133447.110568:INFO:CONSOLE(128)] "currentLatencynow: NaN", source: file:///home/seluser/ppt/player/dashjs/index.html (128)
[154:154:0116/133448.110610:INFO:CONSOLE(128)] "currentLatencynow: 0", source: file:///home/seluser/ppt/player/dashjs/index.html (128)
[154:154:0116/133449.110726:INFO:CONSOLE(128)] "currentLatencynow: 0", source: file:///home/seluser/ppt/player/dashjs/index.html (128)
[560:560:0116/133449.250394:WARNING:audio_manager_linux.cc(69)] Falling back to ALSA for audio output. PulseAudio is not available or could not be initialized.
[560:560:0116/133449.256942:ERROR:alsa_util.cc(204)] PcmOpen: default,No such file or directory
[560:560:0116/133449.259338:ERROR:alsa_util.cc(204)] PcmOpen: plug:default,No such file or directory
[154:154:0116/133450.110787:INFO:CONSOLE(128)] "currentLatencynow: 9.086", source: file:///home/seluser/ppt/player/dashjs/index.html (128)
[154:154:0116/133451.111026:INFO:CONSOLE(128)] "currentLatencynow: 10.086", source: file:///home/seluser/ppt/player/dashjs/index.html (128)
[154:181:0116/133451.173309:ERROR:bus.cc(392)] Failed to connect to the bus: Address does not contain a colon
[154:181:0116/133451.173369:ERROR:bus.cc(392)] Failed to connect to the bus: Address does not contain a colon
[154:181:0116/133451.173395:ERROR:bus.cc(392)] Failed to connect to the bus: Address does not contain a colon
[154:181:0116/133451.173455:ERROR:bus.cc(392)] Failed to connect to the bus: Address does not contain a colon
[154:181:0116/133451.173484:ERROR:bus.cc(392)] Failed to connect to the bus: Address does not contain a colon
[154:181:0116/133451.173492:ERROR:bus.cc(392)] Failed to connect to the bus: Address does not contain a colon
[154:181:0116/133451.173502:ERROR:bus.cc(392)] Failed to connect to the bus: Address does not contain a colon
[154:181:0116/133451.173509:ERROR:bus.cc(392)] Failed to connect to the bus: Address does not contain a colon
[154:181:0116/133451.173516:ERROR:bus.cc(392)] Failed to connect to the bus: Address does not contain a colon
[154:181:0116/133451.173522:ERROR:bus.cc(392)] Failed to connect to the bus: Address does not contain a colon
[154:181:0116/133451.173529:ERROR:bus.cc(392)] Failed to connect to the bus: Address does not contain a colon
[154:181:0116/133451.173536:ERROR:bus.cc(392)] Failed to connect to the bus: Address does not contain a colon
[154:181:0116/133451.173543:ERROR:bus.cc(392)] Failed to connect to the bus: Address does not contain a colon
[154:181:0116/133451.173549:ERROR:bus.cc(392)] Failed to connect to the bus: Address does not contain a colon
[154:181:0116/133451.178474:ERROR:bus.cc(392)] Failed to connect to the bus: Address does not contain a colon
[154:181:0116/133451.178506:ERROR:bus.cc(392)] Failed to connect to the bus: Address does not contain a colon
[154:181:0116/133451.178520:ERROR:bus.cc(392)] Failed to connect to the bus: Address does not contain a colon
[154:181:0116/133451.271890:ERROR:bus.cc(392)] Failed to connect to the bus: Address does not contain a colon
[154:181:0116/133451.271936:ERROR:bus.cc(392)] Failed to connect to the bus: Address does not contain a colon
[154:154:0116/133452.110598:INFO:CONSOLE(128)] "currentLatencynow: 10.139", source: file:///home/seluser/ppt/player/dashjs/index.html (128)
[154:154:0116/133453.111403:INFO:CONSOLE(128)] "currentLatencynow: 10.076", source: file:///home/seluser/ppt/player/dashjs/index.html (128)
[154:154:0116/133454.110717:INFO:CONSOLE(128)] "currentLatencynow: 10.076", source: file:///home/seluser/ppt/player/dashjs/index.html (128)
[154:154:0116/133455.110688:INFO:CONSOLE(128)] "currentLatencynow: 10.076", source: file:///home/seluser/ppt/player/dashjs/index.html (128)
[154:154:0116/133456.110650:INFO:CONSOLE(128)] "currentLatencynow: 10.076", source: file:///home/seluser/ppt/player/dashjs/index.html (128)
[154:154:0116/133457.110726:INFO:CONSOLE(128)] "currentLatencynow: 10.076", source: file:///home/seluser/ppt/player/dashjs/index.html (128)
[154:154:0116/133458.110746:INFO:CONSOLE(128)] "currentLatencynow: 10.26", source: file:///home/seluser/ppt/player/dashjs/index.html (128)
[154:154:0116/133459.110773:INFO:CONSOLE(128)] "currentLatencynow: 11.26", source: file:///home/seluser/ppt/player/dashjs/index.html (128)
[154:154:0116/133500.110866:INFO:CONSOLE(128)] "currentLatencynow: 11.313", source: file:///home/seluser/ppt/player/dashjs/index.html (128)
[154:154:0116/133501.111349:INFO:CONSOLE(128)] "currentLatencynow: 11.313", source: file:///home/seluser/ppt/player/dashjs/index.html (128)
[154:154:0116/133502.110650:INFO:CONSOLE(128)] "currentLatencynow: 11.277", source: file:///home/seluser/ppt/player/dashjs/index.html (128)
[154:154:0116/133503.113819:INFO:CONSOLE(128)] "currentLatencynow: 11.177", source: file:///home/seluser/ppt/player/dashjs/index.html (128)
[154:154:0116/133504.111017:INFO:CONSOLE(128)] "currentLatencynow: 11.106", source: file:///home/seluser/ppt/player/dashjs/index.html (128)
[154:154:0116/133505.110675:INFO:CONSOLE(128)] "currentLatencynow: 11.106", source: file:///home/seluser/ppt/player/dashjs/index.html (128)
[154:154:0116/133506.111469:INFO:CONSOLE(128)] "currentLatencynow: 11.106", source: file:///home/seluser/ppt/player/dashjs/index.html (128)
[154:154:0116/133507.113669:INFO:CONSOLE(128)] "currentLatencynow: 11.106", source: file:///home/seluser/ppt/player/dashjs/index.html (128)
[154:154:0116/133508.112135:INFO:CONSOLE(128)] "currentLatencynow: 11.094", source: file:///home/seluser/ppt/player/dashjs/index.html (128)
[154:154:0116/133509.111058:INFO:CONSOLE(128)] "currentLatencynow: 10.994", source: file:///home/seluser/ppt/player/dashjs/index.html (128)
[154:154:0116/133510.111589:INFO:CONSOLE(128)] "currentLatencynow: 10.895", source: file:///home/seluser/ppt/player/dashjs/index.html (128)
[154:154:0116/133511.111573:INFO:CONSOLE(128)] "currentLatencynow: 10.795", source: file:///home/seluser/ppt/player/dashjs/index.html (128)
[154:154:0116/133512.110771:INFO:CONSOLE(128)] "currentLatencynow: 10.695", source: file:///home/seluser/ppt/player/dashjs/index.html (128)
[154:154:0116/133513.110918:INFO:CONSOLE(128)] "currentLatencynow: 10.595", source: file:///home/seluser/ppt/player/dashjs/index.html (128)
[154:154:0116/133514.110956:INFO:CONSOLE(128)] "currentLatencynow: 10.495", source: file:///home/seluser/ppt/player/dashjs/index.html (128)
[154:154:0116/133515.111147:INFO:CONSOLE(128)] "currentLatencynow: 10.395", source: file:///home/seluser/ppt/player/dashjs/index.html (128)
[154:154:0116/133516.111629:INFO:CONSOLE(128)] "currentLatencynow: 10.295", source: file:///home/seluser/ppt/player/dashjs/index.html (128)
[154:154:0116/133517.110606:INFO:CONSOLE(128)] "currentLatencynow: 10.195", source: file:///home/seluser/ppt/player/dashjs/index.html (128)
[154:154:0116/133518.110632:INFO:CONSOLE(128)] "currentLatencynow: 10.095", source: file:///home/seluser/ppt/player/dashjs/index.html (128)
[154:154:0116/133519.110894:INFO:CONSOLE(128)] "currentLatencynow: 10.033", source: file:///home/seluser/ppt/player/dashjs/index.html (128)
[154:154:0116/133520.113879:INFO:CONSOLE(128)] "currentLatencynow: 10.035", source: file:///home/seluser/ppt/player/dashjs/index.html (128)
[154:154:0116/133521.110594:INFO:CONSOLE(128)] "currentLatencynow: 10.067", source: file:///home/seluser/ppt/player/dashjs/index.html (128)
[154:154:0116/133522.110578:INFO:CONSOLE(128)] "currentLatencynow: 10.068", source: file:///home/seluser/ppt/player/dashjs/index.html (128)
[154:154:0116/133523.110603:INFO:CONSOLE(128)] "currentLatencynow: 10.067", source: file:///home/seluser/ppt/player/dashjs/index.html (128)
[154:154:0116/133524.110558:INFO:CONSOLE(128)] "currentLatencynow: 10.067", source: file:///home/seluser/ppt/player/dashjs/index.html (128)
[154:154:0116/133525.110551:INFO:CONSOLE(128)] "currentLatencynow: 10.067", source: file:///home/seluser/ppt/player/dashjs/index.html (128)
[154:154:0116/133526.110572:INFO:CONSOLE(128)] "currentLatencynow: 10.067", source: file:///home/seluser/ppt/player/dashjs/index.html (128)
[154:154:0116/133527.112436:INFO:CONSOLE(128)] "currentLatencynow: 10.033", source: file:///home/seluser/ppt/player/dashjs/index.html (128)
[154:154:0116/133528.110840:INFO:CONSOLE(128)] "currentLatencynow: 9.933", source: file:///home/seluser/ppt/player/dashjs/index.html (128)
[154:154:0116/133529.110521:INFO:CONSOLE(128)] "currentLatencynow: 9.833", source: file:///home/seluser/ppt/player/dashjs/index.html (128)
[154:154:0116/133530.110426:INFO:CONSOLE(128)] "currentLatencynow: 9.733", source: file:///home/seluser/ppt/player/dashjs/index.html (128)
[154:154:0116/133531.110441:INFO:CONSOLE(128)] "currentLatencynow: 9.633", source: file:///home/seluser/ppt/player/dashjs/index.html (128)
[154:154:0116/133532.110446:INFO:CONSOLE(128)] "currentLatencynow: 9.533", source: file:///home/seluser/ppt/player/dashjs/index.html (128)
[154:154:0116/133533.110859:INFO:CONSOLE(128)] "currentLatencynow: 9.433", source: file:///home/seluser/ppt/player/dashjs/index.html (128)
[154:154:0116/133534.110422:INFO:CONSOLE(128)] "currentLatencynow: 9.334", source: file:///home/seluser/ppt/player/dashjs/index.html (128)
[154:154:0116/133535.110567:INFO:CONSOLE(128)] "currentLatencynow: 9.321", source: file:///home/seluser/ppt/player/dashjs/index.html (128)
[154:154:0116/133536.110484:INFO:CONSOLE(128)] "currentLatencynow: 9.323", source: file:///home/seluser/ppt/player/dashjs/index.html (128)
[154:154:0116/133537.110559:INFO:CONSOLE(128)] "currentLatencynow: 9.321", source: file:///home/seluser/ppt/player/dashjs/index.html (128)
[154:154:0116/133538.110599:INFO:CONSOLE(128)] "currentLatencynow: 9.321", source: file:///home/seluser/ppt/player/dashjs/index.html (128)
[154:154:0116/133539.110395:INFO:CONSOLE(128)] "currentLatencynow: 9.321", source: file:///home/seluser/ppt/player/dashjs/index.html (128)
[154:154:0116/133540.110416:INFO:CONSOLE(128)] "currentLatencynow: 9.321", source: file:///home/seluser/ppt/player/dashjs/index.html (128)
[154:154:0116/133541.112015:INFO:CONSOLE(128)] "currentLatencynow: 9.321", source: file:///home/seluser/ppt/player/dashjs/index.html (128)
[154:154:0116/133542.111851:INFO:CONSOLE(128)] "currentLatencynow: 9.322", source: file:///home/seluser/ppt/player/dashjs/index.html (128)
[154:154:0116/133543.110441:INFO:CONSOLE(128)] "currentLatencynow: 9.321", source: file:///home/seluser/ppt/player/dashjs/index.html (128)
[154:154:0116/133544.110752:INFO:CONSOLE(128)] "currentLatencynow: 9.321", source: file:///home/seluser/ppt/player/dashjs/index.html (128)
[154:154:0116/133545.110367:INFO:CONSOLE(128)] "currentLatencynow: 9.321", source: file:///home/seluser/ppt/player/dashjs/index.html (128)
[154:154:0116/133546.110335:INFO:CONSOLE(128)] "currentLatencynow: 9.321", source: file:///home/seluser/ppt/player/dashjs/index.html (128)
[154:154:0116/133547.110173:INFO:CONSOLE(128)] "currentLatencynow: 9.32", source: file:///home/seluser/ppt/player/dashjs/index.html (128)
[154:154:0116/133548.110093:INFO:CONSOLE(128)] "currentLatencynow: 10.207", source: file:///home/seluser/ppt/player/dashjs/index.html (128)
[154:154:0116/133549.110109:INFO:CONSOLE(128)] "currentLatencynow: 11.207", source: file:///home/seluser/ppt/player/dashjs/index.html (128)
[154:154:0116/133550.110121:INFO:CONSOLE(128)] "currentLatencynow: 12.207", source: file:///home/seluser/ppt/player/dashjs/index.html (128)
[154:181:0116/133550.355134:ERROR:bus.cc(392)] Failed to connect to the bus: Address does not contain a colon
[154:181:0116/133550.355177:ERROR:bus.cc(392)] Failed to connect to the bus: Address does not contain a colon
[154:154:0116/133551.110284:INFO:CONSOLE(128)] "currentLatencynow: 12.392", source: file:///home/seluser/ppt/player/dashjs/index.html (128)
[154:154:0116/133552.110108:INFO:CONSOLE(128)] "currentLatencynow: 12.392", source: file:///home/seluser/ppt/player/dashjs/index.html (128)
[154:154:0116/133553.110988:INFO:CONSOLE(128)] "currentLatencynow: 12.392", source: file:///home/seluser/ppt/player/dashjs/index.html (128)
[154:154:0116/133554.110378:INFO:CONSOLE(128)] "currentLatencynow: 12.312", source: file:///home/seluser/ppt/player/dashjs/index.html (128)
[154:154:0116/133555.110278:INFO:CONSOLE(128)] "currentLatencynow: 12.212", source: file:///home/seluser/ppt/player/dashjs/index.html (128)
[154:154:0116/133556.110305:INFO:CONSOLE(128)] "currentLatencynow: 12.112", source: file:///home/seluser/ppt/player/dashjs/index.html (128)
[154:154:0116/133557.110151:INFO:CONSOLE(128)] "currentLatencynow: 12.012", source: file:///home/seluser/ppt/player/dashjs/index.html (128)
[154:154:0116/133558.110215:INFO:CONSOLE(128)] "currentLatencynow: 11.913", source: file:///home/seluser/ppt/player/dashjs/index.html (128)
[154:154:0116/133559.113933:INFO:CONSOLE(128)] "currentLatencynow: 11.812", source: file:///home/seluser/ppt/player/dashjs/index.html (128)
[154:154:0116/133600.110139:INFO:CONSOLE(128)] "currentLatencynow: 11.712", source: file:///home/seluser/ppt/player/dashjs/index.html (128)
[154:154:0116/133601.110407:INFO:CONSOLE(128)] "currentLatencynow: 11.613", source: file:///home/seluser/ppt/player/dashjs/index.html (128)
[154:154:0116/133602.111672:INFO:CONSOLE(128)] "currentLatencynow: 11.512", source: file:///home/seluser/ppt/player/dashjs/index.html (128)
[154:154:0116/133603.110499:INFO:CONSOLE(128)] "currentLatencynow: 11.412", source: file:///home/seluser/ppt/player/dashjs/index.html (128)
[154:154:0116/133604.110797:INFO:CONSOLE(128)] "currentLatencynow: 11.317", source: file:///home/seluser/ppt/player/dashjs/index.html (128)
[154:154:0116/133605.113874:INFO:CONSOLE(128)] "currentLatencynow: 11.318", source: file:///home/seluser/ppt/player/dashjs/index.html (128)
[154:154:0116/133606.110185:INFO:CONSOLE(128)] "currentLatencynow: 11.317", source: file:///home/seluser/ppt/player/dashjs/index.html (128)
[154:154:0116/133607.110685:INFO:CONSOLE(128)] "currentLatencynow: 11.317", source: file:///home/seluser/ppt/player/dashjs/index.html (128)
[154:154:0116/133608.110136:INFO:CONSOLE(128)] "currentLatencynow: 11.317", source: file:///home/seluser/ppt/player/dashjs/index.html (128)
[154:154:0116/133609.110111:INFO:CONSOLE(128)] "currentLatencynow: 11.317", source: file:///home/seluser/ppt/player/dashjs/index.html (128)
[154:154:0116/133610.110291:INFO:CONSOLE(128)] "currentLatencynow: 11.318", source: file:///home/seluser/ppt/player/dashjs/index.html (128)
[154:154:0116/133611.110170:INFO:CONSOLE(128)] "currentLatencynow: 11.317", source: file:///home/seluser/ppt/player/dashjs/index.html (128)
[154:154:0116/133612.110148:INFO:CONSOLE(128)] "currentLatencynow: 11.317", source: file:///home/seluser/ppt/player/dashjs/index.html (128)
[154:154:0116/133613.110172:INFO:CONSOLE(128)] "currentLatencynow: 11.317", source: file:///home/seluser/ppt/player/dashjs/index.html (128)
[154:154:0116/133614.110283:INFO:CONSOLE(128)] "currentLatencynow: 11.318", source: file:///home/seluser/ppt/player/dashjs/index.html (128)
[154:154:0116/133615.110338:INFO:CONSOLE(128)] "currentLatencynow: 11.318", source: file:///home/seluser/ppt/player/dashjs/index.html (128)
[154:154:0116/133616.110325:INFO:CONSOLE(128)] "currentLatencynow: 11.317", source: file:///home/seluser/ppt/player/dashjs/index.html (128)
[154:154:0116/133617.110041:INFO:CONSOLE(128)] "currentLatencynow: 11.317", source: file:///home/seluser/ppt/player/dashjs/index.html (128)
[154:154:0116/133618.110072:INFO:CONSOLE(128)] "currentLatencynow: 11.317", source: file:///home/seluser/ppt/player/dashjs/index.html (128)
[154:154:0116/133619.110300:INFO:CONSOLE(128)] "currentLatencynow: 11.317", source: file:///home/seluser/ppt/player/dashjs/index.html (128)
[154:154:0116/133620.110038:INFO:CONSOLE(128)] "currentLatencynow: 11.31", source: file:///home/seluser/ppt/player/dashjs/index.html (128)
[154:154:0116/133621.110207:INFO:CONSOLE(128)] "currentLatencynow: 11.21", source: file:///home/seluser/ppt/player/dashjs/index.html (128)
[154:154:0116/133622.110135:INFO:CONSOLE(128)] "currentLatencynow: 11.116", source: file:///home/seluser/ppt/player/dashjs/index.html (128)
[154:154:0116/133623.110055:INFO:CONSOLE(128)] "currentLatencynow: 11.118", source: file:///home/seluser/ppt/player/dashjs/index.html (128)
[154:154:0116/133624.110290:INFO:CONSOLE(128)] "currentLatencynow: 11.117", source: file:///home/seluser/ppt/player/dashjs/index.html (128)
[154:154:0116/133625.110276:INFO:CONSOLE(128)] "currentLatencynow: 11.185", source: file:///home/seluser/ppt/player/dashjs/index.html (128)
[154:154:0116/133626.111222:INFO:CONSOLE(128)] "currentLatencynow: 11.547", source: file:///home/seluser/ppt/player/dashjs/index.html (128)
[154:154:0116/133627.110144:INFO:CONSOLE(128)] "currentLatencynow: 11.543", source: file:///home/seluser/ppt/player/dashjs/index.html (128)
[154:154:0116/133628.110073:INFO:CONSOLE(128)] "currentLatencynow: 11.543", source: file:///home/seluser/ppt/player/dashjs/index.html (128)
[154:154:0116/133629.110026:INFO:CONSOLE(128)] "currentLatencynow: 11.543", source: file:///home/seluser/ppt/player/dashjs/index.html (128)
[154:154:0116/133630.110135:INFO:CONSOLE(128)] "currentLatencynow: 11.543", source: file:///home/seluser/ppt/player/dashjs/index.html (128)
[154:154:0116/133631.110045:INFO:CONSOLE(128)] "currentLatencynow: 11.443", source: file:///home/seluser/ppt/player/dashjs/index.html (128)
[154:154:0116/133632.110148:INFO:CONSOLE(128)] "currentLatencynow: 11.343", source: file:///home/seluser/ppt/player/dashjs/index.html (128)
[154:154:0116/133633.110066:INFO:CONSOLE(128)] "currentLatencynow: 11.243", source: file:///home/seluser/ppt/player/dashjs/index.html (128)
[154:154:0116/133634.110921:INFO:CONSOLE(128)] "currentLatencynow: 11.142", source: file:///home/seluser/ppt/player/dashjs/index.html (128)
[154:154:0116/133635.110023:INFO:CONSOLE(128)] "currentLatencynow: 11.043", source: file:///home/seluser/ppt/player/dashjs/index.html (128)
[154:154:0116/133636.110069:INFO:CONSOLE(128)] "currentLatencynow: 10.982", source: file:///home/seluser/ppt/player/dashjs/index.html (128)
[154:154:0116/133637.110047:INFO:CONSOLE(128)] "currentLatencynow: 10.985", source: file:///home/seluser/ppt/player/dashjs/index.html (128)
[154:154:0116/133638.110132:INFO:CONSOLE(128)] "currentLatencynow: 10.982", source: file:///home/seluser/ppt/player/dashjs/index.html (128)
[154:154:0116/133639.110060:INFO:CONSOLE(128)] "currentLatencynow: 10.982", source: file:///home/seluser/ppt/player/dashjs/index.html (128)
[154:154:0116/133640.110092:INFO:CONSOLE(128)] "currentLatencynow: 10.982", source: file:///home/seluser/ppt/player/dashjs/index.html (128)
[154:154:0116/133641.110138:INFO:CONSOLE(128)] "currentLatencynow: 10.982", source: file:///home/seluser/ppt/player/dashjs/index.html (128)
[154:154:0116/133642.110119:INFO:CONSOLE(128)] "currentLatencynow: 10.982", source: file:///home/seluser/ppt/player/dashjs/index.html (128)
[154:154:0116/133643.110197:INFO:CONSOLE(128)] "currentLatencynow: 10.982", source: file:///home/seluser/ppt/player/dashjs/index.html (128)
[154:154:0116/133644.110152:INFO:CONSOLE(128)] "currentLatencynow: 10.982", source: file:///home/seluser/ppt/player/dashjs/index.html (128)
[154:154:0116/133645.110148:INFO:CONSOLE(114)] "Begin Player stistics 
", source: file:///home/seluser/ppt/player/dashjs/index.html (114)
[154:154:0116/133645.110335:INFO:CONSOLE(115)] "["stall",[["5.23","7.27",2.039999999999999]],[["14.02","14.27",0.25]],[["37.00","37.25",0.25]],[["63.32","63.57",0.25]],[["101.13","101.38",0.25]],[["availibleBW",[null],[null],[null],[null],[null],[null],[3758],[3758],[3759],[3767],[3767],[3767],[3766],[3766],[3765],[3752],[3747],[3747],[3748],[3748],[3749],[3762],[3759],[3741],[3741],[3744],[3743],[3743],[3743],[3747],[3747],[3744],[3744],[3746],[3746],[3749],[3749],[3763],[3763],[3758],[3754],[3750],[3747],[3747],[3752],[3752],[3753],[3753],[3758],[3758],[3760],[3760],[3759],[3759],[3763],[3763],[3759],[3759],[3757],[3757],[3757],[3758],[3758],[3758],[3758],[3757],[3752],[3757],[3757],[3745],[3741],[3733],[3729],[3729],[3734],[3734],[3734],[3724],[3724],[3739],[3746],[3747],[3747],[3747],[3758],[3758],[3757],[3757],[3748],[3756],[3756],[3754],[3754],[3741],[3716],[3716],[3716],[3712],[3712],[3727],[3739],[3739],[3767],[3763],[3751],[3751],[3754],[3754],[3757],[3757],[3760],[3761],[3761],[3759],[3759],[3756],[3756],[3762],[3762]]],[["currentBuffer",[0],[0],[0],[0],[0],[0],[0.949],[0.005],[0],[0.007],[0],[0],[0],[0],[0.244],[1.246],[2.229],[1.131],[0.021],[0],[0.043],[1.047],[2.048],[2.936],[1.856],[2.758],[3.66],[4.562],[3.274],[4.278],[3.264],[2.164],[1.064],[0],[0],[0],[0],[0.045],[0],[0.047],[0.955],[2.037],[2.726],[1.839],[2.741],[1.641],[2.495],[1.34],[0.343],[0],[0.312],[0],[0.306],[0],[0.223],[0],[0.318],[0],[0.32],[0],[0],[0],[0],[0],[0],[0.327],[1.328],[2.282],[1.261],[2.166],[3.068],[3.97],[4.873],[3.772],[4.672],[3.547],[2.474],[1.375],[0.274],[0],[0.141],[0],[0.245],[0],[0.147],[0],[0.274],[0],[0.274],[1.176],[0.203],[1.155],[0.28],[1.283],[2.284],[1.193],[0.09],[0],[0],[0],[0.447],[0],[0.448],[1.451],[2.445],[1.36],[2.261],[1.161],[2.063],[0.963],[0],[0.89],[0],[0.899],[0],[0.902],[0],[0.903],[0]]],[["currentLatency",[null],[null],[0],[0],[9.086],[10.086],[10.139],[10.076],[10.076],[10.076],[10.076],[10.076],[10.26],[11.26],[11.313],[11.313],[11.277],[11.177],[11.106],[11.106],[11.106],[11.106],[11.094],[10.994],[10.895],[10.795],[10.695],[10.595],[10.495],[10.395],[10.295],[10.195],[10.095],[10.033],[10.035],[10.067],[10.068],[10.067],[10.067],[10.067],[10.067],[10.033],[9.933],[9.833],[9.733],[9.633],[9.533],[9.433],[9.334],[9.321],[9.323],[9.321],[9.321],[9.321],[9.321],[9.321],[9.322],[9.321],[9.321],[9.321],[9.321],[9.32],[10.207],[11.207],[12.207],[12.392],[12.392],[12.392],[12.312],[12.212],[12.112],[12.012],[11.913],[11.812],[11.712],[11.613],[11.512],[11.412],[11.317],[11.318],[11.317],[11.317],[11.317],[11.317],[11.318],[11.317],[11.317],[11.317],[11.318],[11.318],[11.317],[11.317],[11.317],[11.317],[11.31],[11.21],[11.116],[11.118],[11.117],[11.185],[11.547],[11.543],[11.543],[11.543],[11.543],[11.443],[11.343],[11.243],[11.142],[11.043],[10.982],[10.985],[10.982],[10.982],[10.982],[10.982],[10.982],[10.982],[10.982]]]]", source: file:///home/seluser/ppt/player/dashjs/index.html (115)
[154:154:0116/133645.110538:INFO:CONSOLE(116)] "
", source: file:///home/seluser/ppt/player/dashjs/index.html (116)
[154:154:0116/133645.110605:INFO:CONSOLE(117)] "Finish Player stistics 
", source: file:///home/seluser/ppt/player/dashjs/index.html (117)
[154:154:0116/133645.110712:INFO:CONSOLE(128)] "currentLatencynow: 10.982", source: file:///home/seluser/ppt/player/dashjs/index.html (128)
[154:154:0116/133646.110191:INFO:CONSOLE(128)] "currentLatencynow: 10.982", source: file:///home/seluser/ppt/player/dashjs/index.html (128)
[154:154:0116/133647.109484:INFO:CONSOLE(128)] "currentLatencynow: 10.982", source: file:///home/seluser/ppt/player/dashjs/index.html (128)
[154:154:0116/133648.109458:INFO:CONSOLE(128)] "currentLatencynow: 10.982", source: file:///home/seluser/ppt/player/dashjs/index.html (128)
[154:154:0116/133649.109432:INFO:CONSOLE(128)] "currentLatencynow: 11.153", source: file:///home/seluser/ppt/player/dashjs/index.html (128)
[154:154:0116/133650.109500:INFO:CONSOLE(128)] "currentLatencynow: 11.558", source: file:///home/seluser/ppt/player/dashjs/index.html (128)
[154:154:0116/133651.109507:INFO:CONSOLE(128)] "currentLatencynow: 11.558", source: file:///home/seluser/ppt/player/dashjs/index.html (128)
[154:154:0116/133652.109525:INFO:CONSOLE(128)] "currentLatencynow: 11.558", source: file:///home/seluser/ppt/player/dashjs/index.html (128)
[154:154:0116/133653.109469:INFO:CONSOLE(128)] "currentLatencynow: 11.558", source: file:///home/seluser/ppt/player/dashjs/index.html (128)
[154:154:0116/133654.109434:INFO:CONSOLE(128)] "currentLatencynow: 11.558", source: file:///home/seluser/ppt/player/dashjs/index.html (128)
[154:154:0116/133655.109489:INFO:CONSOLE(128)] "currentLatencynow: 11.558", source: file:///home/seluser/ppt/player/dashjs/index.html (128)
[154:154:0116/133656.109778:INFO:CONSOLE(128)] "currentLatencynow: 11.547", source: file:///home/seluser/ppt/player/dashjs/index.html (128)
[154:154:0116/133657.109369:INFO:CONSOLE(128)] "currentLatencynow: 11.448", source: file:///home/seluser/ppt/player/dashjs/index.html (128)
[154:154:0116/133658.109456:INFO:CONSOLE(128)] "currentLatencynow: 11.347", source: file:///home/seluser/ppt/player/dashjs/index.html (128)
[154:154:0116/133659.109537:INFO:CONSOLE(128)] "currentLatencynow: 11.247", source: file:///home/seluser/ppt/player/dashjs/index.html (128)
[154:154:0116/133700.109461:INFO:CONSOLE(128)] "currentLatencynow: 11.147", source: file:///home/seluser/ppt/player/dashjs/index.html (128)
[154:154:0116/133701.109650:INFO:CONSOLE(128)] "currentLatencynow: 11.05", source: file:///home/seluser/ppt/player/dashjs/index.html (128)
[154:154:0116/133702.109427:INFO:CONSOLE(128)] "currentLatencynow: 10.947", source: file:///home/seluser/ppt/player/dashjs/index.html (128)
[154:154:0116/133703.109453:INFO:CONSOLE(128)] "currentLatencynow: 10.847", source: file:///home/seluser/ppt/player/dashjs/index.html (128)
[154:154:0116/133704.109502:INFO:CONSOLE(128)] "currentLatencynow: 10.747", source: file:///home/seluser/ppt/player/dashjs/index.html (128)
[154:154:0116/133705.109556:INFO:CONSOLE(128)] "currentLatencynow: 10.647", source: file:///home/seluser/ppt/player/dashjs/index.html (128)
[154:154:0116/133705.313007:WARNING:pref_notifier_impl.cc(40)] Pref observer for media_router.cast_allow_all_ips found at shutdown.
