[155:219:0116/133445.649424:ERROR:bus.cc(392)] Failed to connect to the bus: Failed to connect to socket /var/run/dbus/system_bus_socket: No such file or directory
[155:182:0116/133445.652029:ERROR:bus.cc(392)] Failed to connect to the bus: Address does not contain a colon
[155:182:0116/133445.652095:ERROR:bus.cc(392)] Failed to connect to the bus: Address does not contain a colon
[155:182:0116/133445.670172:ERROR:bus.cc(392)] Failed to connect to the bus: Address does not contain a colon
[155:182:0116/133445.670383:ERROR:bus.cc(392)] Failed to connect to the bus: Address does not contain a colon
[223:223:0116/133445.673363:ERROR:gpu_init.cc(453)] Passthrough is not supported, GL is swiftshader, ANGLE is 
[155:182:0116/133445.717392:ERROR:bus.cc(392)] Failed to connect to the bus: Address does not contain a colon
[155:182:0116/133445.717422:ERROR:bus.cc(392)] Failed to connect to the bus: Address does not contain a colon
[155:314:0116/133445.831245:ERROR:bus.cc(392)] Failed to connect to the bus: Failed to connect to socket /var/run/dbus/system_bus_socket: No such file or directory
[155:314:0116/133445.831312:ERROR:bus.cc(392)] Failed to connect to the bus: Failed to connect to socket /var/run/dbus/system_bus_socket: No such file or directory
[155:314:0116/133445.831347:ERROR:bus.cc(392)] Failed to connect to the bus: Failed to connect to socket /var/run/dbus/system_bus_socket: No such file or directory
[155:314:0116/133445.831353:WARNING:property.cc(144)] DaemonVersion: GetAndBlock: failed.
[155:314:0116/133445.831372:ERROR:bus.cc(392)] Failed to connect to the bus: Failed to connect to socket /var/run/dbus/system_bus_socket: No such file or directory
[155:314:0116/133445.831397:ERROR:bus.cc(392)] Failed to connect to the bus: Failed to connect to socket /var/run/dbus/system_bus_socket: No such file or directory
[226:256:0116/133446.510519:WARNING:spdy_session.cc(3518)] Received HEADERS for invalid stream 1
[155:155:0116/133448.587747:INFO:CONSOLE(128)] "currentLatencynow: NaN", source: file:///home/seluser/ppt/player/dashjs/index.html (128)
[155:246:0116/133448.784219:ERROR:chrome_browser_main_extra_parts_metrics.cc(228)] crbug.com/1216328: Checking Bluetooth availability started. Please report if there is no report that this ends.
[155:246:0116/133448.784304:ERROR:chrome_browser_main_extra_parts_metrics.cc(231)] crbug.com/1216328: Checking Bluetooth availability ended.
[155:246:0116/133448.784358:ERROR:chrome_browser_main_extra_parts_metrics.cc(234)] crbug.com/1216328: Checking default browser status started. Please report if there is no report that this ends.
[155:246:0116/133448.905628:ERROR:chrome_browser_main_extra_parts_metrics.cc(238)] crbug.com/1216328: Checking default browser status ended.
[155:155:0116/133449.588587:INFO:CONSOLE(128)] "currentLatencynow: 0", source: file:///home/seluser/ppt/player/dashjs/index.html (128)
[550:550:0116/133450.136767:WARNING:audio_manager_linux.cc(69)] Falling back to ALSA for audio output. PulseAudio is not available or could not be initialized.
[550:550:0116/133450.144536:ERROR:alsa_util.cc(204)] PcmOpen: default,No such file or directory
[550:550:0116/133450.144682:ERROR:alsa_util.cc(204)] PcmOpen: plug:default,No such file or directory
[155:155:0116/133450.587079:INFO:CONSOLE(128)] "currentLatencynow: 7.32", source: file:///home/seluser/ppt/player/dashjs/index.html (128)
[155:155:0116/133451.587038:INFO:CONSOLE(128)] "currentLatencynow: 8.32", source: file:///home/seluser/ppt/player/dashjs/index.html (128)
[155:182:0116/133452.468924:ERROR:bus.cc(392)] Failed to connect to the bus: Address does not contain a colon
[155:182:0116/133452.468973:ERROR:bus.cc(392)] Failed to connect to the bus: Address does not contain a colon
[155:182:0116/133452.468988:ERROR:bus.cc(392)] Failed to connect to the bus: Address does not contain a colon
[155:182:0116/133452.469037:ERROR:bus.cc(392)] Failed to connect to the bus: Address does not contain a colon
[155:182:0116/133452.469058:ERROR:bus.cc(392)] Failed to connect to the bus: Address does not contain a colon
[155:182:0116/133452.469072:ERROR:bus.cc(392)] Failed to connect to the bus: Address does not contain a colon
[155:182:0116/133452.469096:ERROR:bus.cc(392)] Failed to connect to the bus: Address does not contain a colon
[155:182:0116/133452.469112:ERROR:bus.cc(392)] Failed to connect to the bus: Address does not contain a colon
[155:182:0116/133452.469127:ERROR:bus.cc(392)] Failed to connect to the bus: Address does not contain a colon
[155:182:0116/133452.469152:ERROR:bus.cc(392)] Failed to connect to the bus: Address does not contain a colon
[155:182:0116/133452.469179:ERROR:bus.cc(392)] Failed to connect to the bus: Address does not contain a colon
[155:182:0116/133452.469206:ERROR:bus.cc(392)] Failed to connect to the bus: Address does not contain a colon
[155:182:0116/133452.469230:ERROR:bus.cc(392)] Failed to connect to the bus: Address does not contain a colon
[155:182:0116/133452.469257:ERROR:bus.cc(392)] Failed to connect to the bus: Address does not contain a colon
[155:182:0116/133452.472885:ERROR:bus.cc(392)] Failed to connect to the bus: Address does not contain a colon
[155:182:0116/133452.472927:ERROR:bus.cc(392)] Failed to connect to the bus: Address does not contain a colon
[155:182:0116/133452.472943:ERROR:bus.cc(392)] Failed to connect to the bus: Address does not contain a colon
[155:182:0116/133452.553735:ERROR:bus.cc(392)] Failed to connect to the bus: Address does not contain a colon
[155:182:0116/133452.553783:ERROR:bus.cc(392)] Failed to connect to the bus: Address does not contain a colon
[155:155:0116/133452.587066:INFO:CONSOLE(128)] "currentLatencynow: 9.263", source: file:///home/seluser/ppt/player/dashjs/index.html (128)
[155:155:0116/133453.587036:INFO:CONSOLE(128)] "currentLatencynow: 9.163", source: file:///home/seluser/ppt/player/dashjs/index.html (128)
[155:155:0116/133454.587094:INFO:CONSOLE(128)] "currentLatencynow: 9.143", source: file:///home/seluser/ppt/player/dashjs/index.html (128)
[155:155:0116/133455.587017:INFO:CONSOLE(128)] "currentLatencynow: 9.143", source: file:///home/seluser/ppt/player/dashjs/index.html (128)
[155:155:0116/133456.587055:INFO:CONSOLE(128)] "currentLatencynow: 9.143", source: file:///home/seluser/ppt/player/dashjs/index.html (128)
[155:155:0116/133457.587037:INFO:CONSOLE(128)] "currentLatencynow: 9.143", source: file:///home/seluser/ppt/player/dashjs/index.html (128)
[155:155:0116/133458.586997:INFO:CONSOLE(128)] "currentLatencynow: 9.143", source: file:///home/seluser/ppt/player/dashjs/index.html (128)
[155:155:0116/133459.587093:INFO:CONSOLE(128)] "currentLatencynow: 9.145", source: file:///home/seluser/ppt/player/dashjs/index.html (128)
[155:155:0116/133500.587136:INFO:CONSOLE(128)] "currentLatencynow: 9.143", source: file:///home/seluser/ppt/player/dashjs/index.html (128)
[155:155:0116/133501.586995:INFO:CONSOLE(128)] "currentLatencynow: 9.143", source: file:///home/seluser/ppt/player/dashjs/index.html (128)
[155:155:0116/133502.587029:INFO:CONSOLE(128)] "currentLatencynow: 9.078", source: file:///home/seluser/ppt/player/dashjs/index.html (128)
[155:155:0116/133503.587036:INFO:CONSOLE(128)] "currentLatencynow: 8.983", source: file:///home/seluser/ppt/player/dashjs/index.html (128)
[155:155:0116/133504.587238:INFO:CONSOLE(128)] "currentLatencynow: 8.904", source: file:///home/seluser/ppt/player/dashjs/index.html (128)
[155:155:0116/133505.587034:INFO:CONSOLE(128)] "currentLatencynow: 8.808", source: file:///home/seluser/ppt/player/dashjs/index.html (128)
[155:155:0116/133506.587178:INFO:CONSOLE(128)] "currentLatencynow: 8.727", source: file:///home/seluser/ppt/player/dashjs/index.html (128)
[155:155:0116/133507.587070:INFO:CONSOLE(128)] "currentLatencynow: 8.627", source: file:///home/seluser/ppt/player/dashjs/index.html (128)
[155:155:0116/133508.587048:INFO:CONSOLE(128)] "currentLatencynow: 8.527", source: file:///home/seluser/ppt/player/dashjs/index.html (128)
[155:155:0116/133509.587000:INFO:CONSOLE(128)] "currentLatencynow: 8.427", source: file:///home/seluser/ppt/player/dashjs/index.html (128)
[155:155:0116/133510.587038:INFO:CONSOLE(128)] "currentLatencynow: 8.327", source: file:///home/seluser/ppt/player/dashjs/index.html (128)
[155:155:0116/133511.592002:INFO:CONSOLE(128)] "currentLatencynow: 8.281", source: file:///home/seluser/ppt/player/dashjs/index.html (128)
[155:155:0116/133512.587192:INFO:CONSOLE(128)] "currentLatencynow: 8.281", source: file:///home/seluser/ppt/player/dashjs/index.html (128)
[155:155:0116/133513.587164:INFO:CONSOLE(128)] "currentLatencynow: 8.281", source: file:///home/seluser/ppt/player/dashjs/index.html (128)
[155:155:0116/133514.587182:INFO:CONSOLE(128)] "currentLatencynow: 8.825", source: file:///home/seluser/ppt/player/dashjs/index.html (128)
[155:155:0116/133515.587050:INFO:CONSOLE(128)] "currentLatencynow: 9.825", source: file:///home/seluser/ppt/player/dashjs/index.html (128)
[155:155:0116/133516.587096:INFO:CONSOLE(128)] "currentLatencynow: 10.073", source: file:///home/seluser/ppt/player/dashjs/index.html (128)
[155:155:0116/133517.586790:INFO:CONSOLE(128)] "currentLatencynow: 10.073", source: file:///home/seluser/ppt/player/dashjs/index.html (128)
[155:155:0116/133518.586762:INFO:CONSOLE(128)] "currentLatencynow: 10.073", source: file:///home/seluser/ppt/player/dashjs/index.html (128)
[155:155:0116/133519.588068:INFO:CONSOLE(128)] "currentLatencynow: 10.073", source: file:///home/seluser/ppt/player/dashjs/index.html (128)
[155:155:0116/133520.586737:INFO:CONSOLE(128)] "currentLatencynow: 10.073", source: file:///home/seluser/ppt/player/dashjs/index.html (128)
[155:155:0116/133521.586750:INFO:CONSOLE(128)] "currentLatencynow: 10.073", source: file:///home/seluser/ppt/player/dashjs/index.html (128)
[155:155:0116/133522.586773:INFO:CONSOLE(128)] "currentLatencynow: 10.073", source: file:///home/seluser/ppt/player/dashjs/index.html (128)
[155:155:0116/133523.586791:INFO:CONSOLE(128)] "currentLatencynow: 10.073", source: file:///home/seluser/ppt/player/dashjs/index.html (128)
[155:155:0116/133524.586860:INFO:CONSOLE(128)] "currentLatencynow: 10.073", source: file:///home/seluser/ppt/player/dashjs/index.html (128)
[155:155:0116/133525.586901:INFO:CONSOLE(128)] "currentLatencynow: 10.073", source: file:///home/seluser/ppt/player/dashjs/index.html (128)
[155:155:0116/133526.586808:INFO:CONSOLE(128)] "currentLatencynow: 10.023", source: file:///home/seluser/ppt/player/dashjs/index.html (128)
[155:155:0116/133527.586822:INFO:CONSOLE(128)] "currentLatencynow: 9.923", source: file:///home/seluser/ppt/player/dashjs/index.html (128)
[155:155:0116/133528.586750:INFO:CONSOLE(128)] "currentLatencynow: 9.827", source: file:///home/seluser/ppt/player/dashjs/index.html (128)
[155:155:0116/133529.586821:INFO:CONSOLE(128)] "currentLatencynow: 9.827", source: file:///home/seluser/ppt/player/dashjs/index.html (128)
[155:155:0116/133530.586741:INFO:CONSOLE(128)] "currentLatencynow: 9.827", source: file:///home/seluser/ppt/player/dashjs/index.html (128)
[155:155:0116/133531.586734:INFO:CONSOLE(128)] "currentLatencynow: 9.828", source: file:///home/seluser/ppt/player/dashjs/index.html (128)
[155:155:0116/133532.586755:INFO:CONSOLE(128)] "currentLatencynow: 9.828", source: file:///home/seluser/ppt/player/dashjs/index.html (128)
[155:155:0116/133533.586947:INFO:CONSOLE(128)] "currentLatencynow: 9.828", source: file:///home/seluser/ppt/player/dashjs/index.html (128)
[155:155:0116/133534.586768:INFO:CONSOLE(128)] "currentLatencynow: 9.828", source: file:///home/seluser/ppt/player/dashjs/index.html (128)
[155:155:0116/133535.586838:INFO:CONSOLE(128)] "currentLatencynow: 9.828", source: file:///home/seluser/ppt/player/dashjs/index.html (128)
[155:155:0116/133536.586759:INFO:CONSOLE(128)] "currentLatencynow: 9.828", source: file:///home/seluser/ppt/player/dashjs/index.html (128)
[155:155:0116/133537.586849:INFO:CONSOLE(128)] "currentLatencynow: 9.828", source: file:///home/seluser/ppt/player/dashjs/index.html (128)
[155:155:0116/133538.586916:INFO:CONSOLE(128)] "currentLatencynow: 9.827", source: file:///home/seluser/ppt/player/dashjs/index.html (128)
[155:155:0116/133539.586979:INFO:CONSOLE(128)] "currentLatencynow: 9.829", source: file:///home/seluser/ppt/player/dashjs/index.html (128)
[155:155:0116/133540.586796:INFO:CONSOLE(128)] "currentLatencynow: 9.828", source: file:///home/seluser/ppt/player/dashjs/index.html (128)
[155:155:0116/133541.586788:INFO:CONSOLE(128)] "currentLatencynow: 9.828", source: file:///home/seluser/ppt/player/dashjs/index.html (128)
[155:155:0116/133542.586799:INFO:CONSOLE(128)] "currentLatencynow: 9.823", source: file:///home/seluser/ppt/player/dashjs/index.html (128)
[155:155:0116/133543.586846:INFO:CONSOLE(128)] "currentLatencynow: 9.723", source: file:///home/seluser/ppt/player/dashjs/index.html (128)
[155:155:0116/133544.586921:INFO:CONSOLE(128)] "currentLatencynow: 9.623", source: file:///home/seluser/ppt/player/dashjs/index.html (128)
[155:155:0116/133545.586716:INFO:CONSOLE(128)] "currentLatencynow: 9.523", source: file:///home/seluser/ppt/player/dashjs/index.html (128)
[155:155:0116/133546.586532:INFO:CONSOLE(128)] "currentLatencynow: 9.423", source: file:///home/seluser/ppt/player/dashjs/index.html (128)
[155:155:0116/133547.586500:INFO:CONSOLE(128)] "currentLatencynow: 9.323", source: file:///home/seluser/ppt/player/dashjs/index.html (128)
[155:155:0116/133548.586563:INFO:CONSOLE(128)] "currentLatencynow: 9.271", source: file:///home/seluser/ppt/player/dashjs/index.html (128)
[155:155:0116/133549.586609:INFO:CONSOLE(128)] "currentLatencynow: 9.271", source: file:///home/seluser/ppt/player/dashjs/index.html (128)
[155:155:0116/133550.586616:INFO:CONSOLE(128)] "currentLatencynow: 9.271", source: file:///home/seluser/ppt/player/dashjs/index.html (128)
[155:155:0116/133551.586541:INFO:CONSOLE(128)] "currentLatencynow: 9.271", source: file:///home/seluser/ppt/player/dashjs/index.html (128)
[155:155:0116/133552.586566:INFO:CONSOLE(128)] "currentLatencynow: 9.271", source: file:///home/seluser/ppt/player/dashjs/index.html (128)
[155:155:0116/133553.586654:INFO:CONSOLE(128)] "currentLatencynow: 9.271", source: file:///home/seluser/ppt/player/dashjs/index.html (128)
[155:155:0116/133554.586602:INFO:CONSOLE(128)] "currentLatencynow: 9.271", source: file:///home/seluser/ppt/player/dashjs/index.html (128)
[155:155:0116/133555.586645:INFO:CONSOLE(128)] "currentLatencynow: 9.271", source: file:///home/seluser/ppt/player/dashjs/index.html (128)
[155:155:0116/133556.586548:INFO:CONSOLE(128)] "currentLatencynow: 9.271", source: file:///home/seluser/ppt/player/dashjs/index.html (128)
[155:155:0116/133557.586564:INFO:CONSOLE(128)] "currentLatencynow: 9.271", source: file:///home/seluser/ppt/player/dashjs/index.html (128)
[155:155:0116/133558.586626:INFO:CONSOLE(128)] "currentLatencynow: 9.243", source: file:///home/seluser/ppt/player/dashjs/index.html (128)
[155:155:0116/133559.586555:INFO:CONSOLE(128)] "currentLatencynow: 9.143", source: file:///home/seluser/ppt/player/dashjs/index.html (128)
[155:155:0116/133600.586570:INFO:CONSOLE(128)] "currentLatencynow: 9.043", source: file:///home/seluser/ppt/player/dashjs/index.html (128)
[155:155:0116/133601.586798:INFO:CONSOLE(128)] "currentLatencynow: 8.943", source: file:///home/seluser/ppt/player/dashjs/index.html (128)
[155:155:0116/133602.586613:INFO:CONSOLE(128)] "currentLatencynow: 8.843", source: file:///home/seluser/ppt/player/dashjs/index.html (128)
[155:155:0116/133603.586765:INFO:CONSOLE(128)] "currentLatencynow: 8.743", source: file:///home/seluser/ppt/player/dashjs/index.html (128)
[155:155:0116/133604.586595:INFO:CONSOLE(128)] "currentLatencynow: 8.643", source: file:///home/seluser/ppt/player/dashjs/index.html (128)
[155:155:0116/133605.586659:INFO:CONSOLE(128)] "currentLatencynow: 8.565", source: file:///home/seluser/ppt/player/dashjs/index.html (128)
[155:155:0116/133606.586662:INFO:CONSOLE(128)] "currentLatencynow: 8.565", source: file:///home/seluser/ppt/player/dashjs/index.html (128)
[155:155:0116/133607.586702:INFO:CONSOLE(128)] "currentLatencynow: 8.565", source: file:///home/seluser/ppt/player/dashjs/index.html (128)
[155:155:0116/133608.586605:INFO:CONSOLE(128)] "currentLatencynow: 8.565", source: file:///home/seluser/ppt/player/dashjs/index.html (128)
[155:155:0116/133609.586475:INFO:CONSOLE(128)] "currentLatencynow: 8.565", source: file:///home/seluser/ppt/player/dashjs/index.html (128)
[155:155:0116/133610.586647:INFO:CONSOLE(128)] "currentLatencynow: 8.565", source: file:///home/seluser/ppt/player/dashjs/index.html (128)
[155:155:0116/133611.586527:INFO:CONSOLE(128)] "currentLatencynow: 8.493", source: file:///home/seluser/ppt/player/dashjs/index.html (128)
[155:155:0116/133612.586545:INFO:CONSOLE(128)] "currentLatencynow: 8.393", source: file:///home/seluser/ppt/player/dashjs/index.html (128)
[155:155:0116/133613.586526:INFO:CONSOLE(128)] "currentLatencynow: 8.293", source: file:///home/seluser/ppt/player/dashjs/index.html (128)
[155:155:0116/133614.586818:INFO:CONSOLE(128)] "currentLatencynow: 8.193", source: file:///home/seluser/ppt/player/dashjs/index.html (128)
[155:155:0116/133615.586540:INFO:CONSOLE(128)] "currentLatencynow: 8.093", source: file:///home/seluser/ppt/player/dashjs/index.html (128)
[155:155:0116/133616.586606:INFO:CONSOLE(128)] "currentLatencynow: 7.993", source: file:///home/seluser/ppt/player/dashjs/index.html (128)
[155:155:0116/133617.587795:INFO:CONSOLE(128)] "currentLatencynow: 7.893", source: file:///home/seluser/ppt/player/dashjs/index.html (128)
[155:155:0116/133618.587036:INFO:CONSOLE(128)] "currentLatencynow: 7.793", source: file:///home/seluser/ppt/player/dashjs/index.html (128)
[155:155:0116/133619.586454:INFO:CONSOLE(128)] "currentLatencynow: 7.694", source: file:///home/seluser/ppt/player/dashjs/index.html (128)
[155:155:0116/133620.586457:INFO:CONSOLE(128)] "currentLatencynow: 7.617", source: file:///home/seluser/ppt/player/dashjs/index.html (128)
[155:155:0116/133621.586530:INFO:CONSOLE(128)] "currentLatencynow: 7.617", source: file:///home/seluser/ppt/player/dashjs/index.html (128)
[155:155:0116/133622.586535:INFO:CONSOLE(128)] "currentLatencynow: 7.617", source: file:///home/seluser/ppt/player/dashjs/index.html (128)
[155:155:0116/133623.586703:INFO:CONSOLE(128)] "currentLatencynow: 7.764", source: file:///home/seluser/ppt/player/dashjs/index.html (128)
[155:155:0116/133624.586714:INFO:CONSOLE(128)] "currentLatencynow: 8.257", source: file:///home/seluser/ppt/player/dashjs/index.html (128)
[155:155:0116/133625.586812:INFO:CONSOLE(128)] "currentLatencynow: 8.258", source: file:///home/seluser/ppt/player/dashjs/index.html (128)
[155:155:0116/133626.586512:INFO:CONSOLE(128)] "currentLatencynow: 8.251", source: file:///home/seluser/ppt/player/dashjs/index.html (128)
[155:155:0116/133627.586461:INFO:CONSOLE(128)] "currentLatencynow: 8.15", source: file:///home/seluser/ppt/player/dashjs/index.html (128)
[155:155:0116/133628.586471:INFO:CONSOLE(128)] "currentLatencynow: 8.05", source: file:///home/seluser/ppt/player/dashjs/index.html (128)
[155:155:0116/133629.586503:INFO:CONSOLE(128)] "currentLatencynow: 7.95", source: file:///home/seluser/ppt/player/dashjs/index.html (128)
[155:155:0116/133630.586497:INFO:CONSOLE(128)] "currentLatencynow: 7.85", source: file:///home/seluser/ppt/player/dashjs/index.html (128)
[155:155:0116/133631.586474:INFO:CONSOLE(128)] "currentLatencynow: 7.75", source: file:///home/seluser/ppt/player/dashjs/index.html (128)
[155:155:0116/133632.586530:INFO:CONSOLE(128)] "currentLatencynow: 7.65", source: file:///home/seluser/ppt/player/dashjs/index.html (128)
[155:155:0116/133633.586479:INFO:CONSOLE(128)] "currentLatencynow: 7.552", source: file:///home/seluser/ppt/player/dashjs/index.html (128)
[155:155:0116/133634.586508:INFO:CONSOLE(128)] "currentLatencynow: 7.483", source: file:///home/seluser/ppt/player/dashjs/index.html (128)
[155:155:0116/133635.586404:INFO:CONSOLE(128)] "currentLatencynow: 7.481", source: file:///home/seluser/ppt/player/dashjs/index.html (128)
[155:155:0116/133636.586421:INFO:CONSOLE(128)] "currentLatencynow: 7.481", source: file:///home/seluser/ppt/player/dashjs/index.html (128)
[155:155:0116/133637.586382:INFO:CONSOLE(128)] "currentLatencynow: 7.743", source: file:///home/seluser/ppt/player/dashjs/index.html (128)
[155:155:0116/133638.586506:INFO:CONSOLE(128)] "currentLatencynow: 8.185", source: file:///home/seluser/ppt/player/dashjs/index.html (128)
[155:155:0116/133639.586529:INFO:CONSOLE(128)] "currentLatencynow: 8.185", source: file:///home/seluser/ppt/player/dashjs/index.html (128)
[155:155:0116/133640.586385:INFO:CONSOLE(128)] "currentLatencynow: 8.185", source: file:///home/seluser/ppt/player/dashjs/index.html (128)
[155:155:0116/133641.586426:INFO:CONSOLE(128)] "currentLatencynow: 8.185", source: file:///home/seluser/ppt/player/dashjs/index.html (128)
[155:155:0116/133642.586478:INFO:CONSOLE(128)] "currentLatencynow: 8.767", source: file:///home/seluser/ppt/player/dashjs/index.html (128)
[155:155:0116/133643.586435:INFO:CONSOLE(128)] "currentLatencynow: 9.124", source: file:///home/seluser/ppt/player/dashjs/index.html (128)
[155:155:0116/133644.586372:INFO:CONSOLE(128)] "currentLatencynow: 9.124", source: file:///home/seluser/ppt/player/dashjs/index.html (128)
[155:155:0116/133645.586579:INFO:CONSOLE(128)] "currentLatencynow: 9.119", source: file:///home/seluser/ppt/player/dashjs/index.html (128)
[155:155:0116/133646.585897:INFO:CONSOLE(128)] "currentLatencynow: 9.018", source: file:///home/seluser/ppt/player/dashjs/index.html (128)
[155:155:0116/133647.586123:INFO:CONSOLE(114)] "Begin Player stistics 
", source: file:///home/seluser/ppt/player/dashjs/index.html (114)
[155:155:0116/133647.587521:INFO:CONSOLE(115)] "["stall",[["4.09","6.48",2.3900000000000006]],[["28.05","28.30",0.25]],[["97.45","97.70",0.25]],[["111.33","111.58",0.25]],[["116.01","116.26",0.25]],[["availibleBW",[null],[null],[null],[null],[3734],[3734],[3734],[3729],[3729],[3737],[3744],[3744],[3747],[3747],[3756],[3756],[3753],[3754],[3754],[3732],[3732],[3722],[3722],[3721],[3721],[3721],[3716],[3716],[3741],[3741],[3746],[3746],[3739],[3739],[3732],[3732],[3732],[3739],[3748],[3748],[3754],[3754],[3754],[3754],[3755],[3755],[3760],[3760],[3761],[3761],[3762],[3762],[3768],[3759],[3761],[3761],[3749],[3749],[3736],[3736],[3736],[3745],[3745],[3737],[3737],[3750],[3740],[3740],[3739],[3739],[3715],[3716],[3716],[3733],[3733],[3713],[3713],[3744],[3744],[3734],[3731],[3731],[3749],[3749],[3761],[3761],[3759],[3755],[3755],[3726],[3726],[3726],[3717],[3717],[3727],[3734],[3751],[3749],[3762],[3764],[3780],[3780],[3784],[3784],[3784],[3756],[3756],[3754],[3754],[3754],[3756],[3756],[3756],[3761],[3761],[3764],[3761],[3757],[3751]]],[["currentBuffer",[0],[0],[0],[0],[1.493],[0.464],[0],[0.334],[0],[0.438],[1.44],[0.44],[1.442],[0.39],[1.391],[0.292],[1.22],[2.045],[1.045],[1.944],[0.847],[1.636],[0.649],[0],[0],[0],[0],[0],[0.312],[0],[0.314],[0],[0.316],[0],[0.315],[1.292],[0.319],[1.322],[2.279],[1.179],[0.078],[0],[0.081],[0],[0.081],[0],[0.085],[0],[0.087],[0],[0.089],[0],[0.091],[1.093],[2.096],[0.995],[1.896],[0.797],[1.699],[0.599],[0],[0.544],[0],[0.518],[0],[0.547],[1.55],[0.55],[1.552],[0.552],[1.53],[2.432],[1.332],[2.234],[1.134],[2.037],[0.936],[0],[0],[0],[0.857],[0],[2.862],[1.795],[2.697],[1.597],[2.5],[3.4],[2.3],[3.205],[2.102],[1.002],[0],[0],[0],[0],[0.669],[1.592],[2.536],[3.582],[4.484],[3.381],[4.285],[3.186],[2.086],[0.985],[0],[0],[0],[0],[0.476],[0],[0],[0],[0],[0.486],[1.489],[2.49],[3.38]]],[["currentLatency",[null],[0],[7.32],[8.32],[9.263],[9.163],[9.143],[9.143],[9.143],[9.143],[9.143],[9.145],[9.143],[9.143],[9.078],[8.983],[8.904],[8.808],[8.727],[8.627],[8.527],[8.427],[8.327],[8.281],[8.281],[8.281],[8.825],[9.825],[10.073],[10.073],[10.073],[10.073],[10.073],[10.073],[10.073],[10.073],[10.073],[10.073],[10.023],[9.923],[9.827],[9.827],[9.827],[9.828],[9.828],[9.828],[9.828],[9.828],[9.828],[9.828],[9.827],[9.829],[9.828],[9.828],[9.823],[9.723],[9.623],[9.523],[9.423],[9.323],[9.271],[9.271],[9.271],[9.271],[9.271],[9.271],[9.271],[9.271],[9.271],[9.271],[9.243],[9.143],[9.043],[8.943],[8.843],[8.743],[8.643],[8.565],[8.565],[8.565],[8.565],[8.565],[8.565],[8.493],[8.393],[8.293],[8.193],[8.093],[7.993],[7.893],[7.793],[7.694],[7.617],[7.617],[7.617],[7.764],[8.257],[8.258],[8.251],[8.15],[8.05],[7.95],[7.85],[7.75],[7.65],[7.552],[7.483],[7.481],[7.481],[7.743],[8.185],[8.185],[8.185],[8.185],[8.767],[9.124],[9.124],[9.119],[9.018]]]]", source: file:///home/seluser/ppt/player/dashjs/index.html (115)
[155:155:0116/133647.587604:INFO:CONSOLE(116)] "
", source: file:///home/seluser/ppt/player/dashjs/index.html (116)
[155:155:0116/133647.587718:INFO:CONSOLE(117)] "Finish Player stistics 
", source: file:///home/seluser/ppt/player/dashjs/index.html (117)
[155:155:0116/133647.587745:INFO:CONSOLE(128)] "currentLatencynow: 8.917", source: file:///home/seluser/ppt/player/dashjs/index.html (128)
[155:155:0116/133648.587396:INFO:CONSOLE(128)] "currentLatencynow: 8.818", source: file:///home/seluser/ppt/player/dashjs/index.html (128)
[155:155:0116/133649.585929:INFO:CONSOLE(128)] "currentLatencynow: 8.718", source: file:///home/seluser/ppt/player/dashjs/index.html (128)
[155:155:0116/133650.585971:INFO:CONSOLE(128)] "currentLatencynow: 8.618", source: file:///home/seluser/ppt/player/dashjs/index.html (128)
[155:155:0116/133651.585954:INFO:CONSOLE(128)] "currentLatencynow: 8.518", source: file:///home/seluser/ppt/player/dashjs/index.html (128)
[155:155:0116/133652.586281:INFO:CONSOLE(128)] "currentLatencynow: 8.418", source: file:///home/seluser/ppt/player/dashjs/index.html (128)
[155:155:0116/133653.585863:INFO:CONSOLE(128)] "currentLatencynow: 8.318", source: file:///home/seluser/ppt/player/dashjs/index.html (128)
[155:155:0116/133654.585889:INFO:CONSOLE(128)] "currentLatencynow: 8.218", source: file:///home/seluser/ppt/player/dashjs/index.html (128)
[155:155:0116/133655.585910:INFO:CONSOLE(128)] "currentLatencynow: 8.118", source: file:///home/seluser/ppt/player/dashjs/index.html (128)
[155:155:0116/133656.585816:INFO:CONSOLE(128)] "currentLatencynow: 8.018", source: file:///home/seluser/ppt/player/dashjs/index.html (128)
[155:155:0116/133657.586003:INFO:CONSOLE(128)] "currentLatencynow: 7.994", source: file:///home/seluser/ppt/player/dashjs/index.html (128)
[155:155:0116/133658.585910:INFO:CONSOLE(128)] "currentLatencynow: 7.994", source: file:///home/seluser/ppt/player/dashjs/index.html (128)
[155:155:0116/133659.585837:INFO:CONSOLE(128)] "currentLatencynow: 7.994", source: file:///home/seluser/ppt/player/dashjs/index.html (128)
[155:155:0116/133700.585897:INFO:CONSOLE(128)] "currentLatencynow: 8.724", source: file:///home/seluser/ppt/player/dashjs/index.html (128)
[155:155:0116/133701.586206:INFO:CONSOLE(128)] "currentLatencynow: 9.338", source: file:///home/seluser/ppt/player/dashjs/index.html (128)
[155:155:0116/133702.585799:INFO:CONSOLE(128)] "currentLatencynow: 9.338", source: file:///home/seluser/ppt/player/dashjs/index.html (128)
[155:155:0116/133703.585956:INFO:CONSOLE(128)] "currentLatencynow: 9.338", source: file:///home/seluser/ppt/player/dashjs/index.html (128)
[155:155:0116/133704.585925:INFO:CONSOLE(128)] "currentLatencynow: 9.338", source: file:///home/seluser/ppt/player/dashjs/index.html (128)
[155:155:0116/133705.586049:INFO:CONSOLE(128)] "currentLatencynow: 9.338", source: file:///home/seluser/ppt/player/dashjs/index.html (128)
[155:155:0116/133706.586043:INFO:CONSOLE(128)] "currentLatencynow: 9.298", source: file:///home/seluser/ppt/player/dashjs/index.html (128)
