[155:219:0116/133444.456867:ERROR:bus.cc(392)] Failed to connect to the bus: Failed to connect to socket /var/run/dbus/system_bus_socket: No such file or directory
[155:182:0116/133444.459268:ERROR:bus.cc(392)] Failed to connect to the bus: Address does not contain a colon
[155:182:0116/133444.459300:ERROR:bus.cc(392)] Failed to connect to the bus: Address does not contain a colon
[155:182:0116/133444.480611:ERROR:bus.cc(392)] Failed to connect to the bus: Address does not contain a colon
[155:182:0116/133444.480652:ERROR:bus.cc(392)] Failed to connect to the bus: Address does not contain a colon
[226:226:0116/133444.489088:ERROR:gpu_init.cc(453)] Passthrough is not supported, GL is swiftshader, ANGLE is 
[155:182:0116/133444.533951:ERROR:bus.cc(392)] Failed to connect to the bus: Address does not contain a colon
[155:182:0116/133444.533990:ERROR:bus.cc(392)] Failed to connect to the bus: Address does not contain a colon
[155:317:0116/133444.727381:ERROR:bus.cc(392)] Failed to connect to the bus: Failed to connect to socket /var/run/dbus/system_bus_socket: No such file or directory
[155:317:0116/133444.727461:ERROR:bus.cc(392)] Failed to connect to the bus: Failed to connect to socket /var/run/dbus/system_bus_socket: No such file or directory
[155:317:0116/133444.727511:ERROR:bus.cc(392)] Failed to connect to the bus: Failed to connect to socket /var/run/dbus/system_bus_socket: No such file or directory
[155:317:0116/133444.727524:WARNING:property.cc(144)] DaemonVersion: GetAndBlock: failed.
[155:317:0116/133444.727548:ERROR:bus.cc(392)] Failed to connect to the bus: Failed to connect to socket /var/run/dbus/system_bus_socket: No such file or directory
[155:317:0116/133444.727569:ERROR:bus.cc(392)] Failed to connect to the bus: Failed to connect to socket /var/run/dbus/system_bus_socket: No such file or directory
[155:155:0116/133446.602573:INFO:CONSOLE(128)] "currentLatencynow: NaN", source: file:///home/seluser/ppt/player/dashjs/index.html (128)
[155:177:0116/133447.382159:ERROR:chrome_browser_main_extra_parts_metrics.cc(228)] crbug.com/1216328: Checking Bluetooth availability started. Please report if there is no report that this ends.
[155:177:0116/133447.382221:ERROR:chrome_browser_main_extra_parts_metrics.cc(231)] crbug.com/1216328: Checking Bluetooth availability ended.
[155:177:0116/133447.382248:ERROR:chrome_browser_main_extra_parts_metrics.cc(234)] crbug.com/1216328: Checking default browser status started. Please report if there is no report that this ends.
[155:155:0116/133447.602266:INFO:CONSOLE(128)] "currentLatencynow: 0", source: file:///home/seluser/ppt/player/dashjs/index.html (128)
[155:177:0116/133447.640993:ERROR:chrome_browser_main_extra_parts_metrics.cc(238)] crbug.com/1216328: Checking default browser status ended.
[155:155:0116/133448.602247:INFO:CONSOLE(128)] "currentLatencynow: 0", source: file:///home/seluser/ppt/player/dashjs/index.html (128)
[558:558:0116/133449.275515:WARNING:audio_manager_linux.cc(69)] Falling back to ALSA for audio output. PulseAudio is not available or could not be initialized.
[558:558:0116/133449.280887:ERROR:alsa_util.cc(204)] PcmOpen: default,No such file or directory
[558:558:0116/133449.281029:ERROR:alsa_util.cc(204)] PcmOpen: plug:default,No such file or directory
[155:155:0116/133449.602278:INFO:CONSOLE(128)] "currentLatencynow: 8.182", source: file:///home/seluser/ppt/player/dashjs/index.html (128)
[155:155:0116/133450.602048:INFO:CONSOLE(128)] "currentLatencynow: 9.182", source: file:///home/seluser/ppt/player/dashjs/index.html (128)
[155:182:0116/133451.241359:ERROR:bus.cc(392)] Failed to connect to the bus: Address does not contain a colon
[155:182:0116/133451.241406:ERROR:bus.cc(392)] Failed to connect to the bus: Address does not contain a colon
[155:182:0116/133451.241431:ERROR:bus.cc(392)] Failed to connect to the bus: Address does not contain a colon
[155:182:0116/133451.241721:ERROR:bus.cc(392)] Failed to connect to the bus: Address does not contain a colon
[155:182:0116/133451.241739:ERROR:bus.cc(392)] Failed to connect to the bus: Address does not contain a colon
[155:182:0116/133451.241762:ERROR:bus.cc(392)] Failed to connect to the bus: Address does not contain a colon
[155:182:0116/133451.241775:ERROR:bus.cc(392)] Failed to connect to the bus: Address does not contain a colon
[155:182:0116/133451.241786:ERROR:bus.cc(392)] Failed to connect to the bus: Address does not contain a colon
[155:182:0116/133451.241795:ERROR:bus.cc(392)] Failed to connect to the bus: Address does not contain a colon
[155:182:0116/133451.241802:ERROR:bus.cc(392)] Failed to connect to the bus: Address does not contain a colon
[155:182:0116/133451.241809:ERROR:bus.cc(392)] Failed to connect to the bus: Address does not contain a colon
[155:182:0116/133451.241815:ERROR:bus.cc(392)] Failed to connect to the bus: Address does not contain a colon
[155:182:0116/133451.241822:ERROR:bus.cc(392)] Failed to connect to the bus: Address does not contain a colon
[155:182:0116/133451.241829:ERROR:bus.cc(392)] Failed to connect to the bus: Address does not contain a colon
[155:182:0116/133451.247030:ERROR:bus.cc(392)] Failed to connect to the bus: Address does not contain a colon
[155:182:0116/133451.247060:ERROR:bus.cc(392)] Failed to connect to the bus: Address does not contain a colon
[155:182:0116/133451.247069:ERROR:bus.cc(392)] Failed to connect to the bus: Address does not contain a colon
[155:182:0116/133451.286669:ERROR:bus.cc(392)] Failed to connect to the bus: Address does not contain a colon
[155:182:0116/133451.286698:ERROR:bus.cc(392)] Failed to connect to the bus: Address does not contain a colon
[155:155:0116/133451.601933:INFO:CONSOLE(128)] "currentLatencynow: 9.87", source: file:///home/seluser/ppt/player/dashjs/index.html (128)
[155:155:0116/133452.602064:INFO:CONSOLE(128)] "currentLatencynow: 9.787", source: file:///home/seluser/ppt/player/dashjs/index.html (128)
[155:155:0116/133453.602059:INFO:CONSOLE(128)] "currentLatencynow: 9.787", source: file:///home/seluser/ppt/player/dashjs/index.html (128)
[155:155:0116/133454.602081:INFO:CONSOLE(128)] "currentLatencynow: 9.787", source: file:///home/seluser/ppt/player/dashjs/index.html (128)
[155:155:0116/133455.602065:INFO:CONSOLE(128)] "currentLatencynow: 9.787", source: file:///home/seluser/ppt/player/dashjs/index.html (128)
[155:155:0116/133456.602054:INFO:CONSOLE(128)] "currentLatencynow: 9.787", source: file:///home/seluser/ppt/player/dashjs/index.html (128)
[155:155:0116/133457.601959:INFO:CONSOLE(128)] "currentLatencynow: 9.787", source: file:///home/seluser/ppt/player/dashjs/index.html (128)
[155:155:0116/133458.602004:INFO:CONSOLE(128)] "currentLatencynow: 9.787", source: file:///home/seluser/ppt/player/dashjs/index.html (128)
[155:155:0116/133459.602697:INFO:CONSOLE(128)] "currentLatencynow: 9.787", source: file:///home/seluser/ppt/player/dashjs/index.html (128)
[155:155:0116/133500.602020:INFO:CONSOLE(128)] "currentLatencynow: 10.469", source: file:///home/seluser/ppt/player/dashjs/index.html (128)
[155:155:0116/133501.602059:INFO:CONSOLE(128)] "currentLatencynow: 10.469", source: file:///home/seluser/ppt/player/dashjs/index.html (128)
[155:155:0116/133502.602203:INFO:CONSOLE(128)] "currentLatencynow: 10.469", source: file:///home/seluser/ppt/player/dashjs/index.html (128)
[155:155:0116/133503.601996:INFO:CONSOLE(128)] "currentLatencynow: 10.407", source: file:///home/seluser/ppt/player/dashjs/index.html (128)
[155:155:0116/133504.602076:INFO:CONSOLE(128)] "currentLatencynow: 10.307", source: file:///home/seluser/ppt/player/dashjs/index.html (128)
[155:155:0116/133505.602067:INFO:CONSOLE(128)] "currentLatencynow: 10.207", source: file:///home/seluser/ppt/player/dashjs/index.html (128)
[155:155:0116/133506.602135:INFO:CONSOLE(128)] "currentLatencynow: 10.107", source: file:///home/seluser/ppt/player/dashjs/index.html (128)
[155:155:0116/133507.602076:INFO:CONSOLE(128)] "currentLatencynow: 10.007", source: file:///home/seluser/ppt/player/dashjs/index.html (128)
[155:155:0116/133508.602056:INFO:CONSOLE(128)] "currentLatencynow: 9.907", source: file:///home/seluser/ppt/player/dashjs/index.html (128)
[155:155:0116/133509.601999:INFO:CONSOLE(128)] "currentLatencynow: 9.807", source: file:///home/seluser/ppt/player/dashjs/index.html (128)
[155:155:0116/133510.602072:INFO:CONSOLE(128)] "currentLatencynow: 9.707", source: file:///home/seluser/ppt/player/dashjs/index.html (128)
[155:155:0116/133511.602068:INFO:CONSOLE(128)] "currentLatencynow: 9.608", source: file:///home/seluser/ppt/player/dashjs/index.html (128)
[155:155:0116/133512.602050:INFO:CONSOLE(128)] "currentLatencynow: 9.546", source: file:///home/seluser/ppt/player/dashjs/index.html (128)
[155:155:0116/133513.602008:INFO:CONSOLE(128)] "currentLatencynow: 9.546", source: file:///home/seluser/ppt/player/dashjs/index.html (128)
[155:155:0116/133514.602045:INFO:CONSOLE(128)] "currentLatencynow: 9.546", source: file:///home/seluser/ppt/player/dashjs/index.html (128)
[155:155:0116/133515.602558:INFO:CONSOLE(128)] "currentLatencynow: 9.753", source: file:///home/seluser/ppt/player/dashjs/index.html (128)
[155:155:0116/133516.601814:INFO:CONSOLE(128)] "currentLatencynow: 10.753", source: file:///home/seluser/ppt/player/dashjs/index.html (128)
[155:155:0116/133517.601738:INFO:CONSOLE(128)] "currentLatencynow: 11.466", source: file:///home/seluser/ppt/player/dashjs/index.html (128)
[155:155:0116/133518.601754:INFO:CONSOLE(128)] "currentLatencynow: 11.466", source: file:///home/seluser/ppt/player/dashjs/index.html (128)
[155:155:0116/133519.605325:INFO:CONSOLE(128)] "currentLatencynow: 11.466", source: file:///home/seluser/ppt/player/dashjs/index.html (128)
[155:155:0116/133520.601892:INFO:CONSOLE(128)] "currentLatencynow: 11.378", source: file:///home/seluser/ppt/player/dashjs/index.html (128)
[155:155:0116/133521.601694:INFO:CONSOLE(128)] "currentLatencynow: 11.278", source: file:///home/seluser/ppt/player/dashjs/index.html (128)
[155:155:0116/133522.601781:INFO:CONSOLE(128)] "currentLatencynow: 11.178", source: file:///home/seluser/ppt/player/dashjs/index.html (128)
[155:155:0116/133523.601745:INFO:CONSOLE(128)] "currentLatencynow: 11.078", source: file:///home/seluser/ppt/player/dashjs/index.html (128)
[155:155:0116/133524.601761:INFO:CONSOLE(128)] "currentLatencynow: 10.978", source: file:///home/seluser/ppt/player/dashjs/index.html (128)
[155:155:0116/133525.602076:INFO:CONSOLE(128)] "currentLatencynow: 10.878", source: file:///home/seluser/ppt/player/dashjs/index.html (128)
[155:155:0116/133526.601889:INFO:CONSOLE(128)] "currentLatencynow: 10.778", source: file:///home/seluser/ppt/player/dashjs/index.html (128)
[155:155:0116/133527.601790:INFO:CONSOLE(128)] "currentLatencynow: 10.678", source: file:///home/seluser/ppt/player/dashjs/index.html (128)
[155:155:0116/133528.601735:INFO:CONSOLE(128)] "currentLatencynow: 10.578", source: file:///home/seluser/ppt/player/dashjs/index.html (128)
[155:155:0116/133529.602238:INFO:CONSOLE(128)] "currentLatencynow: 10.516", source: file:///home/seluser/ppt/player/dashjs/index.html (128)
[155:155:0116/133530.601757:INFO:CONSOLE(128)] "currentLatencynow: 10.516", source: file:///home/seluser/ppt/player/dashjs/index.html (128)
[155:155:0116/133531.601772:INFO:CONSOLE(128)] "currentLatencynow: 10.516", source: file:///home/seluser/ppt/player/dashjs/index.html (128)
[155:155:0116/133532.601779:INFO:CONSOLE(128)] "currentLatencynow: 10.742", source: file:///home/seluser/ppt/player/dashjs/index.html (128)
[155:155:0116/133533.601745:INFO:CONSOLE(128)] "currentLatencynow: 11.606", source: file:///home/seluser/ppt/player/dashjs/index.html (128)
[155:155:0116/133534.601978:INFO:CONSOLE(128)] "currentLatencynow: 11.604", source: file:///home/seluser/ppt/player/dashjs/index.html (128)
[155:155:0116/133535.601890:INFO:CONSOLE(128)] "currentLatencynow: 11.604", source: file:///home/seluser/ppt/player/dashjs/index.html (128)
[155:155:0116/133536.601802:INFO:CONSOLE(128)] "currentLatencynow: 11.604", source: file:///home/seluser/ppt/player/dashjs/index.html (128)
[155:155:0116/133537.601849:INFO:CONSOLE(128)] "currentLatencynow: 11.604", source: file:///home/seluser/ppt/player/dashjs/index.html (128)
[155:155:0116/133538.601843:INFO:CONSOLE(128)] "currentLatencynow: 11.538", source: file:///home/seluser/ppt/player/dashjs/index.html (128)
[155:155:0116/133539.601819:INFO:CONSOLE(128)] "currentLatencynow: 11.438", source: file:///home/seluser/ppt/player/dashjs/index.html (128)
[155:155:0116/133540.601815:INFO:CONSOLE(128)] "currentLatencynow: 11.339", source: file:///home/seluser/ppt/player/dashjs/index.html (128)
[155:155:0116/133541.601881:INFO:CONSOLE(128)] "currentLatencynow: 11.239", source: file:///home/seluser/ppt/player/dashjs/index.html (128)
[155:155:0116/133542.601841:INFO:CONSOLE(128)] "currentLatencynow: 11.138", source: file:///home/seluser/ppt/player/dashjs/index.html (128)
[155:155:0116/133543.601842:INFO:CONSOLE(128)] "currentLatencynow: 11.038", source: file:///home/seluser/ppt/player/dashjs/index.html (128)
[155:155:0116/133544.601787:INFO:CONSOLE(128)] "currentLatencynow: 11.003", source: file:///home/seluser/ppt/player/dashjs/index.html (128)
[155:155:0116/133545.601786:INFO:CONSOLE(128)] "currentLatencynow: 11.003", source: file:///home/seluser/ppt/player/dashjs/index.html (128)
[155:155:0116/133546.601534:INFO:CONSOLE(128)] "currentLatencynow: 11.003", source: file:///home/seluser/ppt/player/dashjs/index.html (128)
[155:155:0116/133547.601527:INFO:CONSOLE(128)] "currentLatencynow: 11.714", source: file:///home/seluser/ppt/player/dashjs/index.html (128)
[155:155:0116/133548.601575:INFO:CONSOLE(128)] "currentLatencynow: 12.714", source: file:///home/seluser/ppt/player/dashjs/index.html (128)
[155:182:0116/133549.538976:ERROR:bus.cc(392)] Failed to connect to the bus: Address does not contain a colon
[155:182:0116/133549.539055:ERROR:bus.cc(392)] Failed to connect to the bus: Address does not contain a colon
[155:155:0116/133549.601599:INFO:CONSOLE(128)] "currentLatencynow: 13.605", source: file:///home/seluser/ppt/player/dashjs/index.html (128)
[155:155:0116/133550.601837:INFO:CONSOLE(128)] "currentLatencynow: 13.605", source: file:///home/seluser/ppt/player/dashjs/index.html (128)
[155:155:0116/133551.601633:INFO:CONSOLE(128)] "currentLatencynow: 13.605", source: file:///home/seluser/ppt/player/dashjs/index.html (128)
[155:155:0116/133552.601595:INFO:CONSOLE(128)] "currentLatencynow: 13.605", source: file:///home/seluser/ppt/player/dashjs/index.html (128)
[155:155:0116/133553.601670:INFO:CONSOLE(128)] "currentLatencynow: 13.605", source: file:///home/seluser/ppt/player/dashjs/index.html (128)
[155:155:0116/133554.601876:INFO:CONSOLE(128)] "currentLatencynow: 13.606", source: file:///home/seluser/ppt/player/dashjs/index.html (128)
[155:155:0116/133555.601700:INFO:CONSOLE(128)] "currentLatencynow: 13.605", source: file:///home/seluser/ppt/player/dashjs/index.html (128)
[155:155:0116/133556.601592:INFO:CONSOLE(128)] "currentLatencynow: 13.605", source: file:///home/seluser/ppt/player/dashjs/index.html (128)
[155:155:0116/133557.601610:INFO:CONSOLE(128)] "currentLatencynow: 13.606", source: file:///home/seluser/ppt/player/dashjs/index.html (128)
[155:155:0116/133558.601581:INFO:CONSOLE(128)] "currentLatencynow: 13.566", source: file:///home/seluser/ppt/player/dashjs/index.html (128)
[155:155:0116/133559.601677:INFO:CONSOLE(128)] "currentLatencynow: 13.466", source: file:///home/seluser/ppt/player/dashjs/index.html (128)
[155:155:0116/133600.604092:INFO:CONSOLE(128)] "currentLatencynow: 13.405", source: file:///home/seluser/ppt/player/dashjs/index.html (128)
[155:155:0116/133601.602018:INFO:CONSOLE(128)] "currentLatencynow: 13.405", source: file:///home/seluser/ppt/player/dashjs/index.html (128)
[155:155:0116/133602.601568:INFO:CONSOLE(128)] "currentLatencynow: 13.405", source: file:///home/seluser/ppt/player/dashjs/index.html (128)
[155:155:0116/133603.601676:INFO:CONSOLE(128)] "currentLatencynow: 13.716", source: file:///home/seluser/ppt/player/dashjs/index.html (128)
[155:155:0116/133604.601673:INFO:CONSOLE(128)] "currentLatencynow: 14.429", source: file:///home/seluser/ppt/player/dashjs/index.html (128)
[155:155:0116/133605.601622:INFO:CONSOLE(128)] "currentLatencynow: 14.429", source: file:///home/seluser/ppt/player/dashjs/index.html (128)
[155:155:0116/133606.601610:INFO:CONSOLE(128)] "currentLatencynow: 14.429", source: file:///home/seluser/ppt/player/dashjs/index.html (128)
[155:155:0116/133607.601669:INFO:CONSOLE(128)] "currentLatencynow: 14.429", source: file:///home/seluser/ppt/player/dashjs/index.html (128)
[155:155:0116/133608.601497:INFO:CONSOLE(128)] "currentLatencynow: 14.429", source: file:///home/seluser/ppt/player/dashjs/index.html (128)
[155:155:0116/133609.601495:INFO:CONSOLE(128)] "currentLatencynow: 14.38", source: file:///home/seluser/ppt/player/dashjs/index.html (128)
[155:155:0116/133610.602012:INFO:CONSOLE(128)] "currentLatencynow: 14.28", source: file:///home/seluser/ppt/player/dashjs/index.html (128)
[155:155:0116/133611.601589:INFO:CONSOLE(128)] "currentLatencynow: 14.18", source: file:///home/seluser/ppt/player/dashjs/index.html (128)
[155:155:0116/133612.601508:INFO:CONSOLE(128)] "currentLatencynow: 14.08", source: file:///home/seluser/ppt/player/dashjs/index.html (128)
[155:155:0116/133613.601633:INFO:CONSOLE(128)] "currentLatencynow: 13.98", source: file:///home/seluser/ppt/player/dashjs/index.html (128)
[155:155:0116/133614.601685:INFO:CONSOLE(128)] "currentLatencynow: 13.881", source: file:///home/seluser/ppt/player/dashjs/index.html (128)
[155:155:0116/133615.601583:INFO:CONSOLE(128)] "currentLatencynow: 13.878", source: file:///home/seluser/ppt/player/dashjs/index.html (128)
[155:155:0116/133616.601536:INFO:CONSOLE(128)] "currentLatencynow: 13.878", source: file:///home/seluser/ppt/player/dashjs/index.html (128)
[155:155:0116/133617.601494:INFO:CONSOLE(128)] "currentLatencynow: 13.878", source: file:///home/seluser/ppt/player/dashjs/index.html (128)
[155:155:0116/133618.601789:INFO:CONSOLE(128)] "currentLatencynow: 14.391", source: file:///home/seluser/ppt/player/dashjs/index.html (128)
[155:155:0116/133619.601598:INFO:CONSOLE(128)] "currentLatencynow: 14.391", source: file:///home/seluser/ppt/player/dashjs/index.html (128)
[155:155:0116/133620.601602:INFO:CONSOLE(128)] "currentLatencynow: 14.39", source: file:///home/seluser/ppt/player/dashjs/index.html (128)
[155:155:0116/133621.601674:INFO:CONSOLE(128)] "currentLatencynow: 14.39", source: file:///home/seluser/ppt/player/dashjs/index.html (128)
[155:155:0116/133622.601446:INFO:CONSOLE(128)] "currentLatencynow: 14.39", source: file:///home/seluser/ppt/player/dashjs/index.html (128)
[155:155:0116/133623.601397:INFO:CONSOLE(128)] "currentLatencynow: 14.343", source: file:///home/seluser/ppt/player/dashjs/index.html (128)
[155:155:0116/133624.601440:INFO:CONSOLE(128)] "currentLatencynow: 14.243", source: file:///home/seluser/ppt/player/dashjs/index.html (128)
[155:155:0116/133625.601463:INFO:CONSOLE(128)] "currentLatencynow: 14.143", source: file:///home/seluser/ppt/player/dashjs/index.html (128)
[155:155:0116/133626.601506:INFO:CONSOLE(128)] "currentLatencynow: 14.043", source: file:///home/seluser/ppt/player/dashjs/index.html (128)
[155:155:0116/133627.601438:INFO:CONSOLE(128)] "currentLatencynow: 13.943", source: file:///home/seluser/ppt/player/dashjs/index.html (128)
[155:155:0116/133628.601438:INFO:CONSOLE(128)] "currentLatencynow: 13.844", source: file:///home/seluser/ppt/player/dashjs/index.html (128)
[155:155:0116/133629.601537:INFO:CONSOLE(128)] "currentLatencynow: 13.842", source: file:///home/seluser/ppt/player/dashjs/index.html (128)
[155:155:0116/133630.603199:INFO:CONSOLE(128)] "currentLatencynow: 13.841", source: file:///home/seluser/ppt/player/dashjs/index.html (128)
[155:155:0116/133631.601466:INFO:CONSOLE(128)] "currentLatencynow: 13.744", source: file:///home/seluser/ppt/player/dashjs/index.html (128)
[155:155:0116/133632.601542:INFO:CONSOLE(128)] "currentLatencynow: 13.644", source: file:///home/seluser/ppt/player/dashjs/index.html (128)
[155:155:0116/133633.601501:INFO:CONSOLE(128)] "currentLatencynow: 13.642", source: file:///home/seluser/ppt/player/dashjs/index.html (128)
[155:155:0116/133634.601447:INFO:CONSOLE(128)] "currentLatencynow: 13.642", source: file:///home/seluser/ppt/player/dashjs/index.html (128)
[155:155:0116/133635.601500:INFO:CONSOLE(128)] "currentLatencynow: 13.671", source: file:///home/seluser/ppt/player/dashjs/index.html (128)
[155:155:0116/133636.601787:INFO:CONSOLE(128)] "currentLatencynow: 14.671", source: file:///home/seluser/ppt/player/dashjs/index.html (128)
[155:155:0116/133637.601423:INFO:CONSOLE(128)] "currentLatencynow: 15.114", source: file:///home/seluser/ppt/player/dashjs/index.html (128)
[155:155:0116/133638.601452:INFO:CONSOLE(128)] "currentLatencynow: 15.114", source: file:///home/seluser/ppt/player/dashjs/index.html (128)
[155:155:0116/133639.601372:INFO:CONSOLE(128)] "currentLatencynow: 15.114", source: file:///home/seluser/ppt/player/dashjs/index.html (128)
[155:155:0116/133640.601465:INFO:CONSOLE(128)] "currentLatencynow: 15.114", source: file:///home/seluser/ppt/player/dashjs/index.html (128)
[155:155:0116/133641.601669:INFO:CONSOLE(128)] "currentLatencynow: 15.114", source: file:///home/seluser/ppt/player/dashjs/index.html (128)
[155:155:0116/133642.601465:INFO:CONSOLE(128)] "currentLatencynow: 15.056", source: file:///home/seluser/ppt/player/dashjs/index.html (128)
[155:155:0116/133643.601464:INFO:CONSOLE(128)] "currentLatencynow: 14.956", source: file:///home/seluser/ppt/player/dashjs/index.html (128)
[155:155:0116/133644.601552:INFO:CONSOLE(128)] "currentLatencynow: 14.858", source: file:///home/seluser/ppt/player/dashjs/index.html (128)
[155:155:0116/133645.601427:INFO:CONSOLE(114)] "Begin Player stistics 
", source: file:///home/seluser/ppt/player/dashjs/index.html (114)
[155:155:0116/133645.601618:INFO:CONSOLE(115)] "["stall",[["3.69","6.04",2.35]],[["14.45","14.70",0.25]],[["30.20","30.45",0.25]],[["47.18","47.43",0.25]],[["61.70","61.95",0.25]],[["78.10","78.35",0.25]],[["92.60","92.85",0.25]],[["110.38","110.63",0.25]],[["availibleBW",[null],[null],[null],[null],[null],[3618],[3618],[3618],[3692],[3716],[3716],[3724],[3724],[3759],[3703],[3698],[3698],[3700],[3683],[3741],[3741],[3749],[3749],[3746],[3746],[3746],[3768],[3768],[3760],[3760],[3750],[3746],[3734],[3743],[3737],[3733],[3739],[3738],[3738],[3751],[3751],[3751],[3759],[3759],[3759],[3761],[3740],[3742],[3742],[3743],[3634],[3634],[3650],[3640],[3626],[3626],[3626],[3734],[3738],[3738],[3738],[3745],[3745],[3761],[3761],[3761],[3751],[3747],[3747],[3742],[3741],[3741],[3751],[3751],[3751],[3753],[3753],[3753],[3756],[3756],[3760],[3762],[3762],[3753],[3742],[3735],[3735],[3735],[3734],[3749],[3749],[3756],[3758],[3758],[3752],[3753],[3753],[3753],[3755],[3760],[3760],[3760],[3759],[3761],[3762],[3762],[3762],[3762],[3755],[3755],[3763],[3763],[3763],[3760],[3760],[3766],[3752],[3748],[3744]]],[["currentBuffer",[0],[0],[0],[0],[0],[1.248],[0.153],[0],[0.155],[1.157],[0.157],[0],[0],[0],[0.884],[1.818],[0.94],[1.901],[2.802],[3.505],[2.604],[3.447],[2.408],[3.14],[1.985],[1.108],[0.025],[0],[0],[0],[0],[0.747],[1.95],[2.953],[3.886],[4.733],[5.581],[6.427],[5.493],[4.365],[3.294],[2.194],[0.98],[0],[0],[0],[0],[1.034],[0.101],[1.053],[1.94],[0.956],[2.084],[2.986],[3.678],[2.766],[1.689],[0.588],[0],[0],[0],[0],[0],[1.02],[0.017],[0],[0.122],[1.105],[0.126],[1.128],[1.939],[1.13],[2.114],[0.788],[0],[0],[0],[0],[0.809],[0],[0.756],[1.812],[0.813],[1.77],[2.674],[3.541],[2.471],[1.376],[0.276],[0],[0],[0],[0.783],[0],[0.732],[1.741],[0.787],[1.748],[2.65],[3.488],[2.448],[1.352],[0.252],[1.248],[2.249],[1.156],[0.056],[0],[0],[0],[0],[0.494],[0],[0.496],[0],[0.496],[1.446],[2.345],[3.241]]],[["currentLatency",[null],[0],[0],[8.182],[9.182],[9.87],[9.787],[9.787],[9.787],[9.787],[9.787],[9.787],[9.787],[9.787],[10.469],[10.469],[10.469],[10.407],[10.307],[10.207],[10.107],[10.007],[9.907],[9.807],[9.707],[9.608],[9.546],[9.546],[9.546],[9.753],[10.753],[11.466],[11.466],[11.466],[11.378],[11.278],[11.178],[11.078],[10.978],[10.878],[10.778],[10.678],[10.578],[10.516],[10.516],[10.516],[10.742],[11.606],[11.604],[11.604],[11.604],[11.604],[11.538],[11.438],[11.339],[11.239],[11.138],[11.038],[11.003],[11.003],[11.003],[11.714],[12.714],[13.605],[13.605],[13.605],[13.605],[13.605],[13.606],[13.605],[13.605],[13.606],[13.566],[13.466],[13.405],[13.405],[13.405],[13.716],[14.429],[14.429],[14.429],[14.429],[14.429],[14.38],[14.28],[14.18],[14.08],[13.98],[13.881],[13.878],[13.878],[13.878],[14.391],[14.391],[14.39],[14.39],[14.39],[14.343],[14.243],[14.143],[14.043],[13.943],[13.844],[13.842],[13.841],[13.744],[13.644],[13.642],[13.642],[13.671],[14.671],[15.114],[15.114],[15.114],[15.114],[15.114],[15.056],[14.956],[14.858]]]]", source: file:///home/seluser/ppt/player/dashjs/index.html (115)
[155:155:0116/133645.601749:INFO:CONSOLE(116)] "
", source: file:///home/seluser/ppt/player/dashjs/index.html (116)
[155:155:0116/133645.601810:INFO:CONSOLE(117)] "Finish Player stistics 
", source: file:///home/seluser/ppt/player/dashjs/index.html (117)
[155:155:0116/133645.602179:INFO:CONSOLE(128)] "currentLatencynow: 14.756", source: file:///home/seluser/ppt/player/dashjs/index.html (128)
[155:155:0116/133646.600922:INFO:CONSOLE(128)] "currentLatencynow: 14.655", source: file:///home/seluser/ppt/player/dashjs/index.html (128)
[155:155:0116/133647.600781:INFO:CONSOLE(128)] "currentLatencynow: 14.575", source: file:///home/seluser/ppt/player/dashjs/index.html (128)
[155:155:0116/133648.600849:INFO:CONSOLE(128)] "currentLatencynow: 14.575", source: file:///home/seluser/ppt/player/dashjs/index.html (128)
[155:155:0116/133649.601180:INFO:CONSOLE(128)] "currentLatencynow: 14.575", source: file:///home/seluser/ppt/player/dashjs/index.html (128)
[155:155:0116/133650.600993:INFO:CONSOLE(128)] "currentLatencynow: 14.575", source: file:///home/seluser/ppt/player/dashjs/index.html (128)
[155:155:0116/133651.600968:INFO:CONSOLE(128)] "currentLatencynow: 14.575", source: file:///home/seluser/ppt/player/dashjs/index.html (128)
[155:155:0116/133652.600929:INFO:CONSOLE(128)] "currentLatencynow: 14.575", source: file:///home/seluser/ppt/player/dashjs/index.html (128)
[155:155:0116/133653.600869:INFO:CONSOLE(128)] "currentLatencynow: 14.576", source: file:///home/seluser/ppt/player/dashjs/index.html (128)
[155:155:0116/133654.600973:INFO:CONSOLE(128)] "currentLatencynow: 14.575", source: file:///home/seluser/ppt/player/dashjs/index.html (128)
[155:155:0116/133655.600923:INFO:CONSOLE(128)] "currentLatencynow: 14.575", source: file:///home/seluser/ppt/player/dashjs/index.html (128)
[155:155:0116/133656.600793:INFO:CONSOLE(128)] "currentLatencynow: 14.575", source: file:///home/seluser/ppt/player/dashjs/index.html (128)
[155:155:0116/133657.600815:INFO:CONSOLE(128)] "currentLatencynow: 14.573", source: file:///home/seluser/ppt/player/dashjs/index.html (128)
[155:155:0116/133658.600849:INFO:CONSOLE(128)] "currentLatencynow: 14.479", source: file:///home/seluser/ppt/player/dashjs/index.html (128)
[155:155:0116/133659.600850:INFO:CONSOLE(128)] "currentLatencynow: 14.379", source: file:///home/seluser/ppt/player/dashjs/index.html (128)
[155:155:0116/133700.600827:INFO:CONSOLE(128)] "currentLatencynow: 14.281", source: file:///home/seluser/ppt/player/dashjs/index.html (128)
[155:155:0116/133701.601009:INFO:CONSOLE(128)] "currentLatencynow: 14.179", source: file:///home/seluser/ppt/player/dashjs/index.html (128)
[155:155:0116/133702.600796:INFO:CONSOLE(128)] "currentLatencynow: 14.079", source: file:///home/seluser/ppt/player/dashjs/index.html (128)
[155:155:0116/133703.600790:INFO:CONSOLE(128)] "currentLatencynow: 13.979", source: file:///home/seluser/ppt/player/dashjs/index.html (128)
[155:155:0116/133704.600967:INFO:CONSOLE(128)] "currentLatencynow: 13.879", source: file:///home/seluser/ppt/player/dashjs/index.html (128)
[155:155:0116/133705.601081:INFO:CONSOLE(128)] "currentLatencynow: 13.779", source: file:///home/seluser/ppt/player/dashjs/index.html (128)
[155:155:0116/133705.741163:WARNING:pref_notifier_impl.cc(40)] Pref observer for media_router.cast_allow_all_ips found at shutdown.
