[154:217:0116/133443.059254:ERROR:bus.cc(392)] Failed to connect to the bus: Failed to connect to socket /var/run/dbus/system_bus_socket: No such file or directory
[154:180:0116/133443.084750:ERROR:bus.cc(392)] Failed to connect to the bus: Address does not contain a colon
[154:180:0116/133443.084816:ERROR:bus.cc(392)] Failed to connect to the bus: Address does not contain a colon
[225:225:0116/133443.148867:ERROR:gpu_init.cc(453)] Passthrough is not supported, GL is swiftshader, ANGLE is 
[154:180:0116/133443.156292:ERROR:bus.cc(392)] Failed to connect to the bus: Address does not contain a colon
[154:180:0116/133443.156335:ERROR:bus.cc(392)] Failed to connect to the bus: Address does not contain a colon
[154:180:0116/133443.232184:ERROR:bus.cc(392)] Failed to connect to the bus: Address does not contain a colon
[154:180:0116/133443.232233:ERROR:bus.cc(392)] Failed to connect to the bus: Address does not contain a colon
[154:312:0116/133443.447424:ERROR:bus.cc(392)] Failed to connect to the bus: Failed to connect to socket /var/run/dbus/system_bus_socket: No such file or directory
[154:312:0116/133443.447501:ERROR:bus.cc(392)] Failed to connect to the bus: Failed to connect to socket /var/run/dbus/system_bus_socket: No such file or directory
[154:312:0116/133443.447568:ERROR:bus.cc(392)] Failed to connect to the bus: Failed to connect to socket /var/run/dbus/system_bus_socket: No such file or directory
[154:312:0116/133443.447608:WARNING:property.cc(144)] DaemonVersion: GetAndBlock: failed.
[154:312:0116/133443.447650:ERROR:bus.cc(392)] Failed to connect to the bus: Failed to connect to socket /var/run/dbus/system_bus_socket: No such file or directory
[154:312:0116/133443.447701:ERROR:bus.cc(392)] Failed to connect to the bus: Failed to connect to socket /var/run/dbus/system_bus_socket: No such file or directory
[154:154:0116/133446.082636:INFO:CONSOLE(128)] "currentLatencynow: NaN", source: file:///home/seluser/ppt/player/dashjs/index.html (128)
[154:253:0116/133446.896614:ERROR:chrome_browser_main_extra_parts_metrics.cc(228)] crbug.com/1216328: Checking Bluetooth availability started. Please report if there is no report that this ends.
[154:253:0116/133446.896678:ERROR:chrome_browser_main_extra_parts_metrics.cc(231)] crbug.com/1216328: Checking Bluetooth availability ended.
[154:253:0116/133446.896685:ERROR:chrome_browser_main_extra_parts_metrics.cc(234)] crbug.com/1216328: Checking default browser status started. Please report if there is no report that this ends.
[154:253:0116/133447.027581:ERROR:chrome_browser_main_extra_parts_metrics.cc(238)] crbug.com/1216328: Checking default browser status ended.
[154:154:0116/133447.082027:INFO:CONSOLE(128)] "currentLatencynow: NaN", source: file:///home/seluser/ppt/player/dashjs/index.html (128)
[154:154:0116/133448.082009:INFO:CONSOLE(128)] "currentLatencynow: 0", source: file:///home/seluser/ppt/player/dashjs/index.html (128)
[154:154:0116/133449.082664:INFO:CONSOLE(128)] "currentLatencynow: 0", source: file:///home/seluser/ppt/player/dashjs/index.html (128)
[560:560:0116/133449.579223:WARNING:audio_manager_linux.cc(69)] Falling back to ALSA for audio output. PulseAudio is not available or could not be initialized.
[560:560:0116/133449.593830:ERROR:alsa_util.cc(204)] PcmOpen: default,No such file or directory
[560:560:0116/133449.594135:ERROR:alsa_util.cc(204)] PcmOpen: plug:default,No such file or directory
[154:154:0116/133450.082456:INFO:CONSOLE(128)] "currentLatencynow: 8.953", source: file:///home/seluser/ppt/player/dashjs/index.html (128)
[154:180:0116/133450.902903:ERROR:bus.cc(392)] Failed to connect to the bus: Address does not contain a colon
[154:180:0116/133450.902946:ERROR:bus.cc(392)] Failed to connect to the bus: Address does not contain a colon
[154:180:0116/133450.902957:ERROR:bus.cc(392)] Failed to connect to the bus: Address does not contain a colon
[154:180:0116/133450.902964:ERROR:bus.cc(392)] Failed to connect to the bus: Address does not contain a colon
[154:180:0116/133450.902973:ERROR:bus.cc(392)] Failed to connect to the bus: Address does not contain a colon
[154:180:0116/133450.902991:ERROR:bus.cc(392)] Failed to connect to the bus: Address does not contain a colon
[154:180:0116/133450.902998:ERROR:bus.cc(392)] Failed to connect to the bus: Address does not contain a colon
[154:180:0116/133450.903005:ERROR:bus.cc(392)] Failed to connect to the bus: Address does not contain a colon
[154:180:0116/133450.903011:ERROR:bus.cc(392)] Failed to connect to the bus: Address does not contain a colon
[154:180:0116/133450.903019:ERROR:bus.cc(392)] Failed to connect to the bus: Address does not contain a colon
[154:180:0116/133450.903026:ERROR:bus.cc(392)] Failed to connect to the bus: Address does not contain a colon
[154:180:0116/133450.903034:ERROR:bus.cc(392)] Failed to connect to the bus: Address does not contain a colon
[154:180:0116/133450.903042:ERROR:bus.cc(392)] Failed to connect to the bus: Address does not contain a colon
[154:180:0116/133450.903049:ERROR:bus.cc(392)] Failed to connect to the bus: Address does not contain a colon
[154:180:0116/133450.907442:ERROR:bus.cc(392)] Failed to connect to the bus: Address does not contain a colon
[154:180:0116/133450.907471:ERROR:bus.cc(392)] Failed to connect to the bus: Address does not contain a colon
[154:180:0116/133450.907480:ERROR:bus.cc(392)] Failed to connect to the bus: Address does not contain a colon
[154:180:0116/133450.999224:ERROR:bus.cc(392)] Failed to connect to the bus: Address does not contain a colon
[154:180:0116/133450.999275:ERROR:bus.cc(392)] Failed to connect to the bus: Address does not contain a colon
[154:154:0116/133451.082011:INFO:CONSOLE(128)] "currentLatencynow: 9.855", source: file:///home/seluser/ppt/player/dashjs/index.html (128)
[154:154:0116/133452.082055:INFO:CONSOLE(128)] "currentLatencynow: 9.855", source: file:///home/seluser/ppt/player/dashjs/index.html (128)
[154:154:0116/133453.082103:INFO:CONSOLE(128)] "currentLatencynow: 9.855", source: file:///home/seluser/ppt/player/dashjs/index.html (128)
[154:154:0116/133454.082083:INFO:CONSOLE(128)] "currentLatencynow: 9.855", source: file:///home/seluser/ppt/player/dashjs/index.html (128)
[154:154:0116/133455.082058:INFO:CONSOLE(128)] "currentLatencynow: 9.855", source: file:///home/seluser/ppt/player/dashjs/index.html (128)
[154:154:0116/133456.082070:INFO:CONSOLE(128)] "currentLatencynow: 10.177", source: file:///home/seluser/ppt/player/dashjs/index.html (128)
[154:154:0116/133457.082022:INFO:CONSOLE(128)] "currentLatencynow: 11.177", source: file:///home/seluser/ppt/player/dashjs/index.html (128)
[154:154:0116/133458.082872:INFO:CONSOLE(128)] "currentLatencynow: 11.348", source: file:///home/seluser/ppt/player/dashjs/index.html (128)
[154:154:0116/133459.082112:INFO:CONSOLE(128)] "currentLatencynow: 11.348", source: file:///home/seluser/ppt/player/dashjs/index.html (128)
[154:154:0116/133500.082143:INFO:CONSOLE(128)] "currentLatencynow: 11.348", source: file:///home/seluser/ppt/player/dashjs/index.html (128)
[154:154:0116/133501.082313:INFO:CONSOLE(128)] "currentLatencynow: 11.348", source: file:///home/seluser/ppt/player/dashjs/index.html (128)
[154:154:0116/133502.082059:INFO:CONSOLE(128)] "currentLatencynow: 11.35", source: file:///home/seluser/ppt/player/dashjs/index.html (128)
[154:154:0116/133503.082103:INFO:CONSOLE(128)] "currentLatencynow: 11.267", source: file:///home/seluser/ppt/player/dashjs/index.html (128)
[154:154:0116/133504.082106:INFO:CONSOLE(128)] "currentLatencynow: 11.167", source: file:///home/seluser/ppt/player/dashjs/index.html (128)
[154:154:0116/133505.081999:INFO:CONSOLE(128)] "currentLatencynow: 11.067", source: file:///home/seluser/ppt/player/dashjs/index.html (128)
[154:154:0116/133506.082020:INFO:CONSOLE(128)] "currentLatencynow: 10.967", source: file:///home/seluser/ppt/player/dashjs/index.html (128)
[154:154:0116/133507.082058:INFO:CONSOLE(128)] "currentLatencynow: 10.867", source: file:///home/seluser/ppt/player/dashjs/index.html (128)
[154:154:0116/133508.082024:INFO:CONSOLE(128)] "currentLatencynow: 10.767", source: file:///home/seluser/ppt/player/dashjs/index.html (128)
[154:154:0116/133509.082102:INFO:CONSOLE(128)] "currentLatencynow: 10.667", source: file:///home/seluser/ppt/player/dashjs/index.html (128)
[154:154:0116/133510.082032:INFO:CONSOLE(128)] "currentLatencynow: 10.567", source: file:///home/seluser/ppt/player/dashjs/index.html (128)
[154:154:0116/133511.082127:INFO:CONSOLE(128)] "currentLatencynow: 10.467", source: file:///home/seluser/ppt/player/dashjs/index.html (128)
[154:154:0116/133512.082061:INFO:CONSOLE(128)] "currentLatencynow: 10.368", source: file:///home/seluser/ppt/player/dashjs/index.html (128)
[154:154:0116/133513.082113:INFO:CONSOLE(128)] "currentLatencynow: 10.267", source: file:///home/seluser/ppt/player/dashjs/index.html (128)
[154:154:0116/133514.082047:INFO:CONSOLE(128)] "currentLatencynow: 10.167", source: file:///home/seluser/ppt/player/dashjs/index.html (128)
[154:154:0116/133515.082002:INFO:CONSOLE(128)] "currentLatencynow: 10.087", source: file:///home/seluser/ppt/player/dashjs/index.html (128)
[154:154:0116/133516.082046:INFO:CONSOLE(128)] "currentLatencynow: 10.087", source: file:///home/seluser/ppt/player/dashjs/index.html (128)
[154:154:0116/133517.081820:INFO:CONSOLE(128)] "currentLatencynow: 10.063", source: file:///home/seluser/ppt/player/dashjs/index.html (128)
[154:154:0116/133518.081738:INFO:CONSOLE(128)] "currentLatencynow: 9.966", source: file:///home/seluser/ppt/player/dashjs/index.html (128)
[154:154:0116/133519.081841:INFO:CONSOLE(128)] "currentLatencynow: 9.864", source: file:///home/seluser/ppt/player/dashjs/index.html (128)
[154:154:0116/133520.082037:INFO:CONSOLE(128)] "currentLatencynow: 9.763", source: file:///home/seluser/ppt/player/dashjs/index.html (128)
[154:154:0116/133521.081828:INFO:CONSOLE(128)] "currentLatencynow: 9.663", source: file:///home/seluser/ppt/player/dashjs/index.html (128)
[154:154:0116/133522.082013:INFO:CONSOLE(128)] "currentLatencynow: 9.563", source: file:///home/seluser/ppt/player/dashjs/index.html (128)
[154:154:0116/133523.081716:INFO:CONSOLE(128)] "currentLatencynow: 9.463", source: file:///home/seluser/ppt/player/dashjs/index.html (128)
[154:154:0116/133524.081898:INFO:CONSOLE(128)] "currentLatencynow: 9.363", source: file:///home/seluser/ppt/player/dashjs/index.html (128)
[154:154:0116/133525.081741:INFO:CONSOLE(128)] "currentLatencynow: 9.263", source: file:///home/seluser/ppt/player/dashjs/index.html (128)
[154:154:0116/133526.081744:INFO:CONSOLE(128)] "currentLatencynow: 9.163", source: file:///home/seluser/ppt/player/dashjs/index.html (128)
[154:154:0116/133527.084201:INFO:CONSOLE(128)] "currentLatencynow: 9.063", source: file:///home/seluser/ppt/player/dashjs/index.html (128)
[154:154:0116/133528.081807:INFO:CONSOLE(128)] "currentLatencynow: 8.989", source: file:///home/seluser/ppt/player/dashjs/index.html (128)
[154:154:0116/133529.081787:INFO:CONSOLE(128)] "currentLatencynow: 8.989", source: file:///home/seluser/ppt/player/dashjs/index.html (128)
[154:154:0116/133530.081808:INFO:CONSOLE(128)] "currentLatencynow: 8.989", source: file:///home/seluser/ppt/player/dashjs/index.html (128)
[154:154:0116/133531.081796:INFO:CONSOLE(128)] "currentLatencynow: 8.989", source: file:///home/seluser/ppt/player/dashjs/index.html (128)
[154:154:0116/133532.081765:INFO:CONSOLE(128)] "currentLatencynow: 8.989", source: file:///home/seluser/ppt/player/dashjs/index.html (128)
[154:154:0116/133533.081838:INFO:CONSOLE(128)] "currentLatencynow: 8.989", source: file:///home/seluser/ppt/player/dashjs/index.html (128)
[154:154:0116/133534.081789:INFO:CONSOLE(128)] "currentLatencynow: 8.988", source: file:///home/seluser/ppt/player/dashjs/index.html (128)
[154:154:0116/133535.082109:INFO:CONSOLE(128)] "currentLatencynow: 8.888", source: file:///home/seluser/ppt/player/dashjs/index.html (128)
[154:154:0116/133536.081912:INFO:CONSOLE(128)] "currentLatencynow: 8.789", source: file:///home/seluser/ppt/player/dashjs/index.html (128)
[154:154:0116/133537.081786:INFO:CONSOLE(128)] "currentLatencynow: 8.688", source: file:///home/seluser/ppt/player/dashjs/index.html (128)
[154:154:0116/133538.081698:INFO:CONSOLE(128)] "currentLatencynow: 8.588", source: file:///home/seluser/ppt/player/dashjs/index.html (128)
[154:154:0116/133539.081926:INFO:CONSOLE(128)] "currentLatencynow: 8.489", source: file:///home/seluser/ppt/player/dashjs/index.html (128)
[154:154:0116/133540.081813:INFO:CONSOLE(128)] "currentLatencynow: 8.388", source: file:///home/seluser/ppt/player/dashjs/index.html (128)
[154:154:0116/133541.081938:INFO:CONSOLE(128)] "currentLatencynow: 8.289", source: file:///home/seluser/ppt/player/dashjs/index.html (128)
[154:154:0116/133542.081920:INFO:CONSOLE(128)] "currentLatencynow: 8.287", source: file:///home/seluser/ppt/player/dashjs/index.html (128)
[154:154:0116/133543.081896:INFO:CONSOLE(128)] "currentLatencynow: 8.287", source: file:///home/seluser/ppt/player/dashjs/index.html (128)
[154:154:0116/133544.082007:INFO:CONSOLE(128)] "currentLatencynow: 8.287", source: file:///home/seluser/ppt/player/dashjs/index.html (128)
[154:154:0116/133545.081744:INFO:CONSOLE(128)] "currentLatencynow: 9.11", source: file:///home/seluser/ppt/player/dashjs/index.html (128)
[154:154:0116/133546.081813:INFO:CONSOLE(128)] "currentLatencynow: 9.759", source: file:///home/seluser/ppt/player/dashjs/index.html (128)
[154:154:0116/133547.081614:INFO:CONSOLE(128)] "currentLatencynow: 9.759", source: file:///home/seluser/ppt/player/dashjs/index.html (128)
[154:154:0116/133548.081563:INFO:CONSOLE(128)] "currentLatencynow: 9.759", source: file:///home/seluser/ppt/player/dashjs/index.html (128)
[154:154:0116/133549.081562:INFO:CONSOLE(128)] "currentLatencynow: 10.086", source: file:///home/seluser/ppt/player/dashjs/index.html (128)
[154:154:0116/133550.081598:INFO:CONSOLE(128)] "currentLatencynow: 11.086", source: file:///home/seluser/ppt/player/dashjs/index.html (128)
[154:154:0116/133551.081512:INFO:CONSOLE(128)] "currentLatencynow: 12.086", source: file:///home/seluser/ppt/player/dashjs/index.html (128)
[154:180:0116/133551.801830:ERROR:bus.cc(392)] Failed to connect to the bus: Address does not contain a colon
[154:180:0116/133551.801881:ERROR:bus.cc(392)] Failed to connect to the bus: Address does not contain a colon
[154:154:0116/133552.081574:INFO:CONSOLE(128)] "currentLatencynow: 12.737", source: file:///home/seluser/ppt/player/dashjs/index.html (128)
[154:154:0116/133553.081659:INFO:CONSOLE(128)] "currentLatencynow: 12.637", source: file:///home/seluser/ppt/player/dashjs/index.html (128)
[154:154:0116/133554.081752:INFO:CONSOLE(128)] "currentLatencynow: 12.537", source: file:///home/seluser/ppt/player/dashjs/index.html (128)
[154:154:0116/133555.081577:INFO:CONSOLE(128)] "currentLatencynow: 12.437", source: file:///home/seluser/ppt/player/dashjs/index.html (128)
[154:154:0116/133556.081699:INFO:CONSOLE(128)] "currentLatencynow: 12.337", source: file:///home/seluser/ppt/player/dashjs/index.html (128)
[154:154:0116/133557.081615:INFO:CONSOLE(128)] "currentLatencynow: 12.238", source: file:///home/seluser/ppt/player/dashjs/index.html (128)
[154:154:0116/133558.081612:INFO:CONSOLE(128)] "currentLatencynow: 12.137", source: file:///home/seluser/ppt/player/dashjs/index.html (128)
[154:154:0116/133559.081652:INFO:CONSOLE(128)] "currentLatencynow: 12.037", source: file:///home/seluser/ppt/player/dashjs/index.html (128)
[154:154:0116/133600.081686:INFO:CONSOLE(128)] "currentLatencynow: 11.937", source: file:///home/seluser/ppt/player/dashjs/index.html (128)
[154:154:0116/133601.081607:INFO:CONSOLE(128)] "currentLatencynow: 11.837", source: file:///home/seluser/ppt/player/dashjs/index.html (128)
[154:154:0116/133602.081707:INFO:CONSOLE(128)] "currentLatencynow: 11.737", source: file:///home/seluser/ppt/player/dashjs/index.html (128)
[154:154:0116/133603.094259:INFO:CONSOLE(128)] "currentLatencynow: 11.638", source: file:///home/seluser/ppt/player/dashjs/index.html (128)
[154:154:0116/133604.081632:INFO:CONSOLE(128)] "currentLatencynow: 11.537", source: file:///home/seluser/ppt/player/dashjs/index.html (128)
[154:154:0116/133605.081653:INFO:CONSOLE(128)] "currentLatencynow: 11.438", source: file:///home/seluser/ppt/player/dashjs/index.html (128)
[154:154:0116/133606.081552:INFO:CONSOLE(128)] "currentLatencynow: 11.337", source: file:///home/seluser/ppt/player/dashjs/index.html (128)
[154:154:0116/133607.081655:INFO:CONSOLE(128)] "currentLatencynow: 11.312", source: file:///home/seluser/ppt/player/dashjs/index.html (128)
[154:154:0116/133608.081634:INFO:CONSOLE(128)] "currentLatencynow: 11.312", source: file:///home/seluser/ppt/player/dashjs/index.html (128)
[154:154:0116/133609.081648:INFO:CONSOLE(128)] "currentLatencynow: 11.312", source: file:///home/seluser/ppt/player/dashjs/index.html (128)
[154:154:0116/133610.081630:INFO:CONSOLE(128)] "currentLatencynow: 12.088", source: file:///home/seluser/ppt/player/dashjs/index.html (128)
[154:154:0116/133611.081613:INFO:CONSOLE(128)] "currentLatencynow: 12.23", source: file:///home/seluser/ppt/player/dashjs/index.html (128)
[154:154:0116/133612.081532:INFO:CONSOLE(128)] "currentLatencynow: 12.23", source: file:///home/seluser/ppt/player/dashjs/index.html (128)
[154:154:0116/133613.084178:INFO:CONSOLE(128)] "currentLatencynow: 12.231", source: file:///home/seluser/ppt/player/dashjs/index.html (128)
[154:154:0116/133614.081619:INFO:CONSOLE(128)] "currentLatencynow: 12.23", source: file:///home/seluser/ppt/player/dashjs/index.html (128)
[154:154:0116/133615.081800:INFO:CONSOLE(128)] "currentLatencynow: 12.229", source: file:///home/seluser/ppt/player/dashjs/index.html (128)
[154:154:0116/133616.081691:INFO:CONSOLE(128)] "currentLatencynow: 12.129", source: file:///home/seluser/ppt/player/dashjs/index.html (128)
[154:154:0116/133617.081432:INFO:CONSOLE(128)] "currentLatencynow: 12.049", source: file:///home/seluser/ppt/player/dashjs/index.html (128)
[154:154:0116/133618.081592:INFO:CONSOLE(128)] "currentLatencynow: 11.955", source: file:///home/seluser/ppt/player/dashjs/index.html (128)
[154:154:0116/133619.081631:INFO:CONSOLE(128)] "currentLatencynow: 11.855", source: file:///home/seluser/ppt/player/dashjs/index.html (128)
[154:154:0116/133620.081559:INFO:CONSOLE(128)] "currentLatencynow: 11.755", source: file:///home/seluser/ppt/player/dashjs/index.html (128)
[154:154:0116/133621.081588:INFO:CONSOLE(128)] "currentLatencynow: 11.702", source: file:///home/seluser/ppt/player/dashjs/index.html (128)
[154:154:0116/133622.081709:INFO:CONSOLE(128)] "currentLatencynow: 11.701", source: file:///home/seluser/ppt/player/dashjs/index.html (128)
[154:154:0116/133623.081674:INFO:CONSOLE(128)] "currentLatencynow: 11.701", source: file:///home/seluser/ppt/player/dashjs/index.html (128)
[154:154:0116/133624.081479:INFO:CONSOLE(128)] "currentLatencynow: 11.701", source: file:///home/seluser/ppt/player/dashjs/index.html (128)
[154:154:0116/133625.081573:INFO:CONSOLE(128)] "currentLatencynow: 11.701", source: file:///home/seluser/ppt/player/dashjs/index.html (128)
[154:154:0116/133626.081921:INFO:CONSOLE(128)] "currentLatencynow: 11.701", source: file:///home/seluser/ppt/player/dashjs/index.html (128)
[154:154:0116/133627.081387:INFO:CONSOLE(128)] "currentLatencynow: 11.701", source: file:///home/seluser/ppt/player/dashjs/index.html (128)
[154:154:0116/133628.081510:INFO:CONSOLE(128)] "currentLatencynow: 11.701", source: file:///home/seluser/ppt/player/dashjs/index.html (128)
[154:154:0116/133629.081451:INFO:CONSOLE(128)] "currentLatencynow: 11.655", source: file:///home/seluser/ppt/player/dashjs/index.html (128)
[154:154:0116/133630.081444:INFO:CONSOLE(128)] "currentLatencynow: 11.555", source: file:///home/seluser/ppt/player/dashjs/index.html (128)
[154:154:0116/133631.081514:INFO:CONSOLE(128)] "currentLatencynow: 11.455", source: file:///home/seluser/ppt/player/dashjs/index.html (128)
[154:154:0116/133632.081527:INFO:CONSOLE(128)] "currentLatencynow: 11.355", source: file:///home/seluser/ppt/player/dashjs/index.html (128)
[154:154:0116/133633.081458:INFO:CONSOLE(128)] "currentLatencynow: 11.256", source: file:///home/seluser/ppt/player/dashjs/index.html (128)
[154:154:0116/133634.081474:INFO:CONSOLE(128)] "currentLatencynow: 11.157", source: file:///home/seluser/ppt/player/dashjs/index.html (128)
[154:154:0116/133635.081402:INFO:CONSOLE(128)] "currentLatencynow: 11.15", source: file:///home/seluser/ppt/player/dashjs/index.html (128)
[154:154:0116/133636.081589:INFO:CONSOLE(128)] "currentLatencynow: 11.15", source: file:///home/seluser/ppt/player/dashjs/index.html (128)
[154:154:0116/133637.081516:INFO:CONSOLE(128)] "currentLatencynow: 11.151", source: file:///home/seluser/ppt/player/dashjs/index.html (128)
[154:154:0116/133638.081589:INFO:CONSOLE(128)] "currentLatencynow: 11.151", source: file:///home/seluser/ppt/player/dashjs/index.html (128)
[154:154:0116/133639.081505:INFO:CONSOLE(128)] "currentLatencynow: 11.15", source: file:///home/seluser/ppt/player/dashjs/index.html (128)
[154:154:0116/133640.081539:INFO:CONSOLE(128)] "currentLatencynow: 11.15", source: file:///home/seluser/ppt/player/dashjs/index.html (128)
[154:154:0116/133641.081622:INFO:CONSOLE(128)] "currentLatencynow: 11.15", source: file:///home/seluser/ppt/player/dashjs/index.html (128)
[154:154:0116/133642.081501:INFO:CONSOLE(128)] "currentLatencynow: 11.15", source: file:///home/seluser/ppt/player/dashjs/index.html (128)
[154:154:0116/133643.081469:INFO:CONSOLE(128)] "currentLatencynow: 11.15", source: file:///home/seluser/ppt/player/dashjs/index.html (128)
[154:154:0116/133644.081513:INFO:CONSOLE(128)] "currentLatencynow: 11.15", source: file:///home/seluser/ppt/player/dashjs/index.html (128)
[154:154:0116/133645.081435:INFO:CONSOLE(114)] "Begin Player stistics 
", source: file:///home/seluser/ppt/player/dashjs/index.html (114)
[154:154:0116/133645.081938:INFO:CONSOLE(115)] "["stall",[["4.98","7.07",2.09]],[["11.92","12.18",0.2599999999999998]],[["60.42","60.67",0.25]],[["64.92","65.17",0.25]],[["85.47","85.72",0.25]],[["availibleBW",[null],[null],[null],[null],[null],[3748],[3748],[3748],[3748],[3755],[3755],[3765],[3765],[3765],[3761],[3761],[3761],[3753],[3744],[3748],[3748],[3749],[3749],[3751],[3751],[3746],[3746],[3748],[3748],[3732],[3724],[3738],[3743],[3763],[3773],[3773],[3764],[3762],[3762],[3762],[3750],[3750],[3750],[3750],[3757],[3757],[3754],[3764],[3761],[3761],[3757],[3755],[3755],[3754],[3754],[3754],[3755],[3755],[3759],[3759],[3768],[3768],[3768],[3768],[3767],[3767],[3767],[3767],[3756],[3746],[3735],[3744],[3759],[3759],[3725],[3725],[3737],[3737],[3729],[3729],[3726],[3761],[3761],[3765],[3765],[3761],[3761],[3756],[3754],[3749],[3749],[3750],[3750],[3754],[3754],[3759],[3759],[3767],[3767],[3767],[3769],[3769],[3772],[3767],[3771],[3771],[3769],[3769],[3763],[3763],[3762],[3757],[3757],[3743],[3743],[3742],[3742],[3742],[3742]]],[["currentBuffer",[0],[0],[0],[0],[0],[1.794],[0.744],[0],[0],[0],[0],[0],[0.286],[0],[0.289],[1.29],[0.289],[1.219],[2.121],[3.021],[1.923],[2.824],[1.725],[2.626],[1.525],[2.43],[1.329],[2.231],[1.131],[0.043],[1.045],[2.03],[2.938],[3.835],[4.686],[3.637],[4.539],[5.37],[4.341],[3.241],[2.144],[1.04],[0],[0],[0],[0],[0],[0.966],[1.922],[0.874],[1.775],[2.678],[1.577],[2.48],[1.38],[0.279],[0],[0],[0],[0],[0.748],[0],[0],[0],[0.006],[0.006],[1.744],[0.644],[1.546],[2.448],[3.35],[4.252],[5.155],[4.054],[4.956],[3.856],[4.701],[3.658],[2.558],[1.458],[0.358],[0],[0],[0],[0],[0.195],[0],[0.195],[1.199],[2.199],[1.102],[2.021],[0.93],[1.832],[0.73],[0],[0],[0],[0],[0],[0.681],[0],[0.681],[1.64],[2.545],[1.444],[2.346],[1.246],[0.146],[0],[0.141],[1.143],[0.143],[1.143],[0.145],[1.147],[0.146],[1.149],[0.149]]],[["currentLatency",[null],[null],[0],[0],[8.953],[9.855],[9.855],[9.855],[9.855],[9.855],[10.177],[11.177],[11.348],[11.348],[11.348],[11.348],[11.35],[11.267],[11.167],[11.067],[10.967],[10.867],[10.767],[10.667],[10.567],[10.467],[10.368],[10.267],[10.167],[10.087],[10.087],[10.063],[9.966],[9.864],[9.763],[9.663],[9.563],[9.463],[9.363],[9.263],[9.163],[9.063],[8.989],[8.989],[8.989],[8.989],[8.989],[8.989],[8.988],[8.888],[8.789],[8.688],[8.588],[8.489],[8.388],[8.289],[8.287],[8.287],[8.287],[9.11],[9.759],[9.759],[9.759],[10.086],[11.086],[12.086],[12.737],[12.637],[12.537],[12.437],[12.337],[12.238],[12.137],[12.037],[11.937],[11.837],[11.737],[11.638],[11.537],[11.438],[11.337],[11.312],[11.312],[11.312],[12.088],[12.23],[12.23],[12.231],[12.23],[12.229],[12.129],[12.049],[11.955],[11.855],[11.755],[11.702],[11.701],[11.701],[11.701],[11.701],[11.701],[11.701],[11.701],[11.655],[11.555],[11.455],[11.355],[11.256],[11.157],[11.15],[11.15],[11.151],[11.151],[11.15],[11.15],[11.15],[11.15],[11.15],[11.15]]]]", source: file:///home/seluser/ppt/player/dashjs/index.html (115)
[154:154:0116/133645.082018:INFO:CONSOLE(116)] "
", source: file:///home/seluser/ppt/player/dashjs/index.html (116)
[154:154:0116/133645.082055:INFO:CONSOLE(117)] "Finish Player stistics 
", source: file:///home/seluser/ppt/player/dashjs/index.html (117)
[154:154:0116/133645.082293:INFO:CONSOLE(128)] "currentLatencynow: 11.15", source: file:///home/seluser/ppt/player/dashjs/index.html (128)
[154:154:0116/133646.081471:INFO:CONSOLE(128)] "currentLatencynow: 11.15", source: file:///home/seluser/ppt/player/dashjs/index.html (128)
[154:154:0116/133647.080850:INFO:CONSOLE(128)] "currentLatencynow: 11.149", source: file:///home/seluser/ppt/player/dashjs/index.html (128)
[154:154:0116/133648.080840:INFO:CONSOLE(128)] "currentLatencynow: 11.149", source: file:///home/seluser/ppt/player/dashjs/index.html (128)
[154:154:0116/133649.080880:INFO:CONSOLE(128)] "currentLatencynow: 11.149", source: file:///home/seluser/ppt/player/dashjs/index.html (128)
[154:154:0116/133650.080932:INFO:CONSOLE(128)] "currentLatencynow: 11.448", source: file:///home/seluser/ppt/player/dashjs/index.html (128)
[154:154:0116/133651.080922:INFO:CONSOLE(128)] "currentLatencynow: 11.45", source: file:///home/seluser/ppt/player/dashjs/index.html (128)
[154:154:0116/133652.080948:INFO:CONSOLE(128)] "currentLatencynow: 11.448", source: file:///home/seluser/ppt/player/dashjs/index.html (128)
[154:154:0116/133653.080858:INFO:CONSOLE(128)] "currentLatencynow: 11.448", source: file:///home/seluser/ppt/player/dashjs/index.html (128)
[154:154:0116/133654.080887:INFO:CONSOLE(128)] "currentLatencynow: 11.448", source: file:///home/seluser/ppt/player/dashjs/index.html (128)
[154:154:0116/133655.080864:INFO:CONSOLE(128)] "currentLatencynow: 11.448", source: file:///home/seluser/ppt/player/dashjs/index.html (128)
[154:154:0116/133656.080902:INFO:CONSOLE(128)] "currentLatencynow: 11.416", source: file:///home/seluser/ppt/player/dashjs/index.html (128)
[154:154:0116/133657.080914:INFO:CONSOLE(128)] "currentLatencynow: 11.316", source: file:///home/seluser/ppt/player/dashjs/index.html (128)
[154:154:0116/133658.080909:INFO:CONSOLE(128)] "currentLatencynow: 11.216", source: file:///home/seluser/ppt/player/dashjs/index.html (128)
[154:154:0116/133659.080944:INFO:CONSOLE(128)] "currentLatencynow: 11.116", source: file:///home/seluser/ppt/player/dashjs/index.html (128)
[154:154:0116/133700.080989:INFO:CONSOLE(128)] "currentLatencynow: 11.018", source: file:///home/seluser/ppt/player/dashjs/index.html (128)
[154:154:0116/133701.080874:INFO:CONSOLE(128)] "currentLatencynow: 10.916", source: file:///home/seluser/ppt/player/dashjs/index.html (128)
[154:154:0116/133702.080878:INFO:CONSOLE(128)] "currentLatencynow: 10.816", source: file:///home/seluser/ppt/player/dashjs/index.html (128)
[154:154:0116/133703.080867:INFO:CONSOLE(128)] "currentLatencynow: 10.716", source: file:///home/seluser/ppt/player/dashjs/index.html (128)
[154:154:0116/133704.080982:INFO:CONSOLE(128)] "currentLatencynow: 10.616", source: file:///home/seluser/ppt/player/dashjs/index.html (128)
[154:154:0116/133705.081295:INFO:CONSOLE(128)] "currentLatencynow: 10.516", source: file:///home/seluser/ppt/player/dashjs/index.html (128)
[154:154:0116/133705.310892:WARNING:pref_notifier_impl.cc(40)] Pref observer for media_router.cast_allow_all_ips found at shutdown.
