[230:294:0130/110636.541976:ERROR:bus.cc(392)] Failed to connect to the bus: Failed to connect to socket /var/run/dbus/system_bus_socket: No such file or directory
[230:257:0130/110636.544672:ERROR:bus.cc(392)] Failed to connect to the bus: Address does not contain a colon
[230:257:0130/110636.544956:ERROR:bus.cc(392)] Failed to connect to the bus: Address does not contain a colon
[230:257:0130/110636.561685:ERROR:bus.cc(392)] Failed to connect to the bus: Address does not contain a colon
[230:257:0130/110636.561736:ERROR:bus.cc(392)] Failed to connect to the bus: Address does not contain a colon
[300:300:0130/110636.563685:ERROR:gpu_init.cc(453)] Passthrough is not supported, GL is swiftshader, ANGLE is 
[230:257:0130/110636.592355:ERROR:bus.cc(392)] Failed to connect to the bus: Address does not contain a colon
[230:257:0130/110636.592458:ERROR:bus.cc(392)] Failed to connect to the bus: Address does not contain a colon
[230:391:0130/110636.729978:ERROR:bus.cc(392)] Failed to connect to the bus: Failed to connect to socket /var/run/dbus/system_bus_socket: No such file or directory
[230:391:0130/110636.730040:ERROR:bus.cc(392)] Failed to connect to the bus: Failed to connect to socket /var/run/dbus/system_bus_socket: No such file or directory
[230:391:0130/110636.730092:ERROR:bus.cc(392)] Failed to connect to the bus: Failed to connect to socket /var/run/dbus/system_bus_socket: No such file or directory
[230:391:0130/110636.730106:WARNING:property.cc(144)] DaemonVersion: GetAndBlock: failed.
[230:391:0130/110636.730135:ERROR:bus.cc(392)] Failed to connect to the bus: Failed to connect to socket /var/run/dbus/system_bus_socket: No such file or directory
[230:391:0130/110636.730171:ERROR:bus.cc(392)] Failed to connect to the bus: Failed to connect to socket /var/run/dbus/system_bus_socket: No such file or directory
[429:429:0130/110637.967559:WARNING:audio_manager_linux.cc(69)] Falling back to ALSA for audio output. PulseAudio is not available or could not be initialized.
[429:429:0130/110637.972108:ERROR:alsa_util.cc(204)] PcmOpen: default,No such file or directory
[429:429:0130/110637.972211:ERROR:alsa_util.cc(204)] PcmOpen: plug:default,No such file or directory
[230:230:0130/110637.996103:INFO:CONSOLE(128)] "currentLatencynow: 4.755", source: file:///home/seluser/ppt/player/dashjs/index.html (128)
[230:251:0130/110638.946050:ERROR:chrome_browser_main_extra_parts_metrics.cc(228)] crbug.com/1216328: Checking Bluetooth availability started. Please report if there is no report that this ends.
[230:251:0130/110638.946097:ERROR:chrome_browser_main_extra_parts_metrics.cc(231)] crbug.com/1216328: Checking Bluetooth availability ended.
[230:251:0130/110638.946105:ERROR:chrome_browser_main_extra_parts_metrics.cc(234)] crbug.com/1216328: Checking default browser status started. Please report if there is no report that this ends.
[230:230:0130/110639.000261:INFO:CONSOLE(128)] "currentLatencynow: 5.755", source: file:///home/seluser/ppt/player/dashjs/index.html (128)
[230:251:0130/110639.127630:ERROR:chrome_browser_main_extra_parts_metrics.cc(238)] crbug.com/1216328: Checking default browser status ended.
[230:230:0130/110639.996215:INFO:CONSOLE(128)] "currentLatencynow: 6.755", source: file:///home/seluser/ppt/player/dashjs/index.html (128)
[230:257:0130/110640.311346:ERROR:bus.cc(392)] Failed to connect to the bus: Address does not contain a colon
[230:257:0130/110640.311459:ERROR:bus.cc(392)] Failed to connect to the bus: Address does not contain a colon
[230:257:0130/110640.311478:ERROR:bus.cc(392)] Failed to connect to the bus: Address does not contain a colon
[230:257:0130/110640.311492:ERROR:bus.cc(392)] Failed to connect to the bus: Address does not contain a colon
[230:257:0130/110640.311502:ERROR:bus.cc(392)] Failed to connect to the bus: Address does not contain a colon
[230:257:0130/110640.311514:ERROR:bus.cc(392)] Failed to connect to the bus: Address does not contain a colon
[230:257:0130/110640.311527:ERROR:bus.cc(392)] Failed to connect to the bus: Address does not contain a colon
[230:257:0130/110640.311538:ERROR:bus.cc(392)] Failed to connect to the bus: Address does not contain a colon
[230:257:0130/110640.313473:ERROR:bus.cc(392)] Failed to connect to the bus: Address does not contain a colon
[230:257:0130/110640.313504:ERROR:bus.cc(392)] Failed to connect to the bus: Address does not contain a colon
[230:257:0130/110640.313514:ERROR:bus.cc(392)] Failed to connect to the bus: Address does not contain a colon
[230:257:0130/110640.313523:ERROR:bus.cc(392)] Failed to connect to the bus: Address does not contain a colon
[230:257:0130/110640.313532:ERROR:bus.cc(392)] Failed to connect to the bus: Address does not contain a colon
[230:257:0130/110640.313541:ERROR:bus.cc(392)] Failed to connect to the bus: Address does not contain a colon
[230:257:0130/110640.313595:ERROR:bus.cc(392)] Failed to connect to the bus: Address does not contain a colon
[230:257:0130/110640.313610:ERROR:bus.cc(392)] Failed to connect to the bus: Address does not contain a colon
[230:257:0130/110640.313619:ERROR:bus.cc(392)] Failed to connect to the bus: Address does not contain a colon
[230:257:0130/110640.377080:ERROR:bus.cc(392)] Failed to connect to the bus: Address does not contain a colon
[230:257:0130/110640.377126:ERROR:bus.cc(392)] Failed to connect to the bus: Address does not contain a colon
[230:230:0130/110640.996197:INFO:CONSOLE(128)] "currentLatencynow: 7.082", source: file:///home/seluser/ppt/player/dashjs/index.html (128)
[230:230:0130/110641.996039:INFO:CONSOLE(128)] "currentLatencynow: 6.994", source: file:///home/seluser/ppt/player/dashjs/index.html (128)
[230:230:0130/110642.996066:INFO:CONSOLE(128)] "currentLatencynow: 6.994", source: file:///home/seluser/ppt/player/dashjs/index.html (128)
[230:230:0130/110643.996105:INFO:CONSOLE(128)] "currentLatencynow: 6.994", source: file:///home/seluser/ppt/player/dashjs/index.html (128)
[230:230:0130/110644.996667:INFO:CONSOLE(128)] "currentLatencynow: 6.994", source: file:///home/seluser/ppt/player/dashjs/index.html (128)
[230:230:0130/110645.996057:INFO:CONSOLE(128)] "currentLatencynow: 6.994", source: file:///home/seluser/ppt/player/dashjs/index.html (128)
[230:230:0130/110646.995937:INFO:CONSOLE(128)] "currentLatencynow: 6.994", source: file:///home/seluser/ppt/player/dashjs/index.html (128)
[230:230:0130/110647.995970:INFO:CONSOLE(128)] "currentLatencynow: 7.988", source: file:///home/seluser/ppt/player/dashjs/index.html (128)
[230:230:0130/110648.996162:INFO:CONSOLE(128)] "currentLatencynow: 8.988", source: file:///home/seluser/ppt/player/dashjs/index.html (128)
[230:257:0130/110649.390708:ERROR:bus.cc(392)] Failed to connect to the bus: Address does not contain a colon
[230:257:0130/110649.390829:ERROR:bus.cc(392)] Failed to connect to the bus: Address does not contain a colon
[230:230:0130/110649.996079:INFO:CONSOLE(128)] "currentLatencynow: 9.298", source: file:///home/seluser/ppt/player/dashjs/index.html (128)
[230:230:0130/110650.995969:INFO:CONSOLE(128)] "currentLatencynow: 9.298", source: file:///home/seluser/ppt/player/dashjs/index.html (128)
[230:230:0130/110651.996128:INFO:CONSOLE(128)] "currentLatencynow: 9.298", source: file:///home/seluser/ppt/player/dashjs/index.html (128)
[230:230:0130/110652.996082:INFO:CONSOLE(128)] "currentLatencynow: 9.231", source: file:///home/seluser/ppt/player/dashjs/index.html (128)
[230:230:0130/110653.996010:INFO:CONSOLE(128)] "currentLatencynow: 9.131", source: file:///home/seluser/ppt/player/dashjs/index.html (128)
[230:230:0130/110654.996016:INFO:CONSOLE(128)] "currentLatencynow: 9.031", source: file:///home/seluser/ppt/player/dashjs/index.html (128)
[230:230:0130/110655.996144:INFO:CONSOLE(128)] "currentLatencynow: 8.931", source: file:///home/seluser/ppt/player/dashjs/index.html (128)
[230:230:0130/110656.996016:INFO:CONSOLE(128)] "currentLatencynow: 8.831", source: file:///home/seluser/ppt/player/dashjs/index.html (128)
[230:230:0130/110657.996153:INFO:CONSOLE(128)] "currentLatencynow: 8.731", source: file:///home/seluser/ppt/player/dashjs/index.html (128)
[230:230:0130/110658.996016:INFO:CONSOLE(128)] "currentLatencynow: 8.631", source: file:///home/seluser/ppt/player/dashjs/index.html (128)
[230:230:0130/110659.996250:INFO:CONSOLE(128)] "currentLatencynow: 8.531", source: file:///home/seluser/ppt/player/dashjs/index.html (128)
[230:230:0130/110700.996171:INFO:CONSOLE(128)] "currentLatencynow: 8.431", source: file:///home/seluser/ppt/player/dashjs/index.html (128)
[230:230:0130/110701.996163:INFO:CONSOLE(128)] "currentLatencynow: 8.331", source: file:///home/seluser/ppt/player/dashjs/index.html (128)
[230:230:0130/110702.996111:INFO:CONSOLE(128)] "currentLatencynow: 8.231", source: file:///home/seluser/ppt/player/dashjs/index.html (128)
[230:230:0130/110703.996165:INFO:CONSOLE(128)] "currentLatencynow: 8.223", source: file:///home/seluser/ppt/player/dashjs/index.html (128)
[230:230:0130/110704.996167:INFO:CONSOLE(128)] "currentLatencynow: 8.222", source: file:///home/seluser/ppt/player/dashjs/index.html (128)
[230:230:0130/110705.996189:INFO:CONSOLE(128)] "currentLatencynow: 8.222", source: file:///home/seluser/ppt/player/dashjs/index.html (128)
[230:230:0130/110706.996121:INFO:CONSOLE(128)] "currentLatencynow: 8.222", source: file:///home/seluser/ppt/player/dashjs/index.html (128)
[230:230:0130/110707.996143:INFO:CONSOLE(128)] "currentLatencynow: 8.222", source: file:///home/seluser/ppt/player/dashjs/index.html (128)
[230:230:0130/110708.996035:INFO:CONSOLE(128)] "currentLatencynow: 8.222", source: file:///home/seluser/ppt/player/dashjs/index.html (128)
[230:230:0130/110709.996086:INFO:CONSOLE(128)] "currentLatencynow: 8.223", source: file:///home/seluser/ppt/player/dashjs/index.html (128)
[230:230:0130/110710.996182:INFO:CONSOLE(128)] "currentLatencynow: 8.222", source: file:///home/seluser/ppt/player/dashjs/index.html (128)
[230:230:0130/110711.996123:INFO:CONSOLE(128)] "currentLatencynow: 8.222", source: file:///home/seluser/ppt/player/dashjs/index.html (128)
[230:230:0130/110712.995980:INFO:CONSOLE(128)] "currentLatencynow: 8.223", source: file:///home/seluser/ppt/player/dashjs/index.html (128)
[230:230:0130/110713.996166:INFO:CONSOLE(128)] "currentLatencynow: 8.222", source: file:///home/seluser/ppt/player/dashjs/index.html (128)
[230:230:0130/110714.996032:INFO:CONSOLE(128)] "currentLatencynow: 8.175", source: file:///home/seluser/ppt/player/dashjs/index.html (128)
[230:230:0130/110715.996043:INFO:CONSOLE(128)] "currentLatencynow: 8.075", source: file:///home/seluser/ppt/player/dashjs/index.html (128)
[230:230:0130/110716.996169:INFO:CONSOLE(128)] "currentLatencynow: 7.975", source: file:///home/seluser/ppt/player/dashjs/index.html (128)
[230:230:0130/110717.996142:INFO:CONSOLE(128)] "currentLatencynow: 7.875", source: file:///home/seluser/ppt/player/dashjs/index.html (128)
[230:230:0130/110718.996088:INFO:CONSOLE(128)] "currentLatencynow: 7.775", source: file:///home/seluser/ppt/player/dashjs/index.html (128)
[230:230:0130/110719.996031:INFO:CONSOLE(128)] "currentLatencynow: 7.674", source: file:///home/seluser/ppt/player/dashjs/index.html (128)
[230:230:0130/110720.996089:INFO:CONSOLE(128)] "currentLatencynow: 7.575", source: file:///home/seluser/ppt/player/dashjs/index.html (128)
[230:230:0130/110721.995955:INFO:CONSOLE(128)] "currentLatencynow: 7.475", source: file:///home/seluser/ppt/player/dashjs/index.html (128)
[230:230:0130/110722.996001:INFO:CONSOLE(128)] "currentLatencynow: 7.375", source: file:///home/seluser/ppt/player/dashjs/index.html (128)
[230:230:0130/110723.996154:INFO:CONSOLE(128)] "currentLatencynow: 7.274", source: file:///home/seluser/ppt/player/dashjs/index.html (128)
[230:230:0130/110724.996150:INFO:CONSOLE(128)] "currentLatencynow: 7.175", source: file:///home/seluser/ppt/player/dashjs/index.html (128)
[230:230:0130/110725.995981:INFO:CONSOLE(128)] "currentLatencynow: 7.075", source: file:///home/seluser/ppt/player/dashjs/index.html (128)
[230:230:0130/110726.996160:INFO:CONSOLE(128)] "currentLatencynow: 6.975", source: file:///home/seluser/ppt/player/dashjs/index.html (128)
[230:230:0130/110727.996099:INFO:CONSOLE(128)] "currentLatencynow: 6.875", source: file:///home/seluser/ppt/player/dashjs/index.html (128)
[230:230:0130/110728.996269:INFO:CONSOLE(128)] "currentLatencynow: 6.775", source: file:///home/seluser/ppt/player/dashjs/index.html (128)
[230:230:0130/110729.995969:INFO:CONSOLE(128)] "currentLatencynow: 6.7", source: file:///home/seluser/ppt/player/dashjs/index.html (128)
[230:230:0130/110730.996006:INFO:CONSOLE(128)] "currentLatencynow: 6.6", source: file:///home/seluser/ppt/player/dashjs/index.html (128)
[230:230:0130/110731.996173:INFO:CONSOLE(128)] "currentLatencynow: 6.524", source: file:///home/seluser/ppt/player/dashjs/index.html (128)
[230:230:0130/110732.996202:INFO:CONSOLE(128)] "currentLatencynow: 6.424", source: file:///home/seluser/ppt/player/dashjs/index.html (128)
[230:230:0130/110733.996103:INFO:CONSOLE(128)] "currentLatencynow: 6.518", source: file:///home/seluser/ppt/player/dashjs/index.html (128)
[230:230:0130/110734.996202:INFO:CONSOLE(128)] "currentLatencynow: 6.518", source: file:///home/seluser/ppt/player/dashjs/index.html (128)
[230:230:0130/110735.996113:INFO:CONSOLE(128)] "currentLatencynow: 6.47", source: file:///home/seluser/ppt/player/dashjs/index.html (128)
[230:230:0130/110736.996162:INFO:CONSOLE(128)] "currentLatencynow: 6.37", source: file:///home/seluser/ppt/player/dashjs/index.html (128)
[230:230:0130/110737.995981:INFO:CONSOLE(128)] "currentLatencynow: 6.3", source: file:///home/seluser/ppt/player/dashjs/index.html (128)
[230:230:0130/110738.996103:INFO:CONSOLE(128)] "currentLatencynow: 6.2", source: file:///home/seluser/ppt/player/dashjs/index.html (128)
[230:230:0130/110739.996047:INFO:CONSOLE(128)] "currentLatencynow: 6.169", source: file:///home/seluser/ppt/player/dashjs/index.html (128)
[230:230:0130/110740.996153:INFO:CONSOLE(128)] "currentLatencynow: 6.169", source: file:///home/seluser/ppt/player/dashjs/index.html (128)
[230:230:0130/110741.995938:INFO:CONSOLE(128)] "currentLatencynow: 6.169", source: file:///home/seluser/ppt/player/dashjs/index.html (128)
[230:230:0130/110742.996073:INFO:CONSOLE(128)] "currentLatencynow: 6.169", source: file:///home/seluser/ppt/player/dashjs/index.html (128)
[230:230:0130/110743.996031:INFO:CONSOLE(128)] "currentLatencynow: 6.168", source: file:///home/seluser/ppt/player/dashjs/index.html (128)
[230:230:0130/110744.996079:INFO:CONSOLE(128)] "currentLatencynow: 6.169", source: file:///home/seluser/ppt/player/dashjs/index.html (128)
[230:230:0130/110745.995995:INFO:CONSOLE(128)] "currentLatencynow: 6.842", source: file:///home/seluser/ppt/player/dashjs/index.html (128)
[230:230:0130/110746.996037:INFO:CONSOLE(128)] "currentLatencynow: 7.842", source: file:///home/seluser/ppt/player/dashjs/index.html (128)
[230:257:0130/110747.938072:ERROR:bus.cc(392)] Failed to connect to the bus: Address does not contain a colon
[230:257:0130/110747.938196:ERROR:bus.cc(392)] Failed to connect to the bus: Address does not contain a colon
[230:230:0130/110747.996067:INFO:CONSOLE(128)] "currentLatencynow: 8.689", source: file:///home/seluser/ppt/player/dashjs/index.html (128)
[230:230:0130/110748.996007:INFO:CONSOLE(128)] "currentLatencynow: 8.689", source: file:///home/seluser/ppt/player/dashjs/index.html (128)
[230:230:0130/110749.996284:INFO:CONSOLE(128)] "currentLatencynow: 8.604", source: file:///home/seluser/ppt/player/dashjs/index.html (128)
[230:230:0130/110750.996006:INFO:CONSOLE(128)] "currentLatencynow: 8.503", source: file:///home/seluser/ppt/player/dashjs/index.html (128)
[230:230:0130/110751.996166:INFO:CONSOLE(128)] "currentLatencynow: 8.403", source: file:///home/seluser/ppt/player/dashjs/index.html (128)
[230:230:0130/110752.995962:INFO:CONSOLE(128)] "currentLatencynow: 8.303", source: file:///home/seluser/ppt/player/dashjs/index.html (128)
[230:230:0130/110753.996193:INFO:CONSOLE(128)] "currentLatencynow: 8.203", source: file:///home/seluser/ppt/player/dashjs/index.html (128)
[230:230:0130/110754.995975:INFO:CONSOLE(128)] "currentLatencynow: 8.103", source: file:///home/seluser/ppt/player/dashjs/index.html (128)
[230:230:0130/110755.995955:INFO:CONSOLE(128)] "currentLatencynow: 8.003", source: file:///home/seluser/ppt/player/dashjs/index.html (128)
[230:230:0130/110756.996149:INFO:CONSOLE(128)] "currentLatencynow: 7.903", source: file:///home/seluser/ppt/player/dashjs/index.html (128)
[230:230:0130/110757.996063:INFO:CONSOLE(128)] "currentLatencynow: 7.803", source: file:///home/seluser/ppt/player/dashjs/index.html (128)
[230:230:0130/110758.996115:INFO:CONSOLE(128)] "currentLatencynow: 7.703", source: file:///home/seluser/ppt/player/dashjs/index.html (128)
[230:230:0130/110759.996127:INFO:CONSOLE(128)] "currentLatencynow: 7.603", source: file:///home/seluser/ppt/player/dashjs/index.html (128)
[230:230:0130/110800.996134:INFO:CONSOLE(128)] "currentLatencynow: 7.503", source: file:///home/seluser/ppt/player/dashjs/index.html (128)
[230:230:0130/110801.996118:INFO:CONSOLE(128)] "currentLatencynow: 7.403", source: file:///home/seluser/ppt/player/dashjs/index.html (128)
[230:230:0130/110802.995897:INFO:CONSOLE(128)] "currentLatencynow: 7.364", source: file:///home/seluser/ppt/player/dashjs/index.html (128)
[230:230:0130/110803.995956:INFO:CONSOLE(128)] "currentLatencynow: 7.364", source: file:///home/seluser/ppt/player/dashjs/index.html (128)
[230:230:0130/110804.995896:INFO:CONSOLE(128)] "currentLatencynow: 7.364", source: file:///home/seluser/ppt/player/dashjs/index.html (128)
[230:230:0130/110805.995944:INFO:CONSOLE(128)] "currentLatencynow: 7.911", source: file:///home/seluser/ppt/player/dashjs/index.html (128)
[230:230:0130/110806.995937:INFO:CONSOLE(128)] "currentLatencynow: 8.772", source: file:///home/seluser/ppt/player/dashjs/index.html (128)
[230:230:0130/110807.996089:INFO:CONSOLE(128)] "currentLatencynow: 8.772", source: file:///home/seluser/ppt/player/dashjs/index.html (128)
[230:230:0130/110808.995910:INFO:CONSOLE(128)] "currentLatencynow: 8.772", source: file:///home/seluser/ppt/player/dashjs/index.html (128)
[230:230:0130/110809.995909:INFO:CONSOLE(128)] "currentLatencynow: 8.772", source: file:///home/seluser/ppt/player/dashjs/index.html (128)
[230:230:0130/110810.996243:INFO:CONSOLE(128)] "currentLatencynow: 8.772", source: file:///home/seluser/ppt/player/dashjs/index.html (128)
[230:230:0130/110811.996136:INFO:CONSOLE(128)] "currentLatencynow: 8.772", source: file:///home/seluser/ppt/player/dashjs/index.html (128)
[230:230:0130/110812.995949:INFO:CONSOLE(128)] "currentLatencynow: 8.772", source: file:///home/seluser/ppt/player/dashjs/index.html (128)
[230:230:0130/110813.995967:INFO:CONSOLE(128)] "currentLatencynow: 8.74", source: file:///home/seluser/ppt/player/dashjs/index.html (128)
[230:230:0130/110814.995999:INFO:CONSOLE(128)] "currentLatencynow: 8.64", source: file:///home/seluser/ppt/player/dashjs/index.html (128)
[230:230:0130/110815.996006:INFO:CONSOLE(128)] "currentLatencynow: 8.54", source: file:///home/seluser/ppt/player/dashjs/index.html (128)
[230:230:0130/110816.996148:INFO:CONSOLE(128)] "currentLatencynow: 8.44", source: file:///home/seluser/ppt/player/dashjs/index.html (128)
[230:230:0130/110817.996165:INFO:CONSOLE(128)] "currentLatencynow: 8.34", source: file:///home/seluser/ppt/player/dashjs/index.html (128)
[230:230:0130/110818.996080:INFO:CONSOLE(128)] "currentLatencynow: 8.24", source: file:///home/seluser/ppt/player/dashjs/index.html (128)
[230:230:0130/110819.996110:INFO:CONSOLE(128)] "currentLatencynow: 8.14", source: file:///home/seluser/ppt/player/dashjs/index.html (128)
[230:230:0130/110820.996128:INFO:CONSOLE(128)] "currentLatencynow: 8.04", source: file:///home/seluser/ppt/player/dashjs/index.html (128)
[230:230:0130/110821.995911:INFO:CONSOLE(128)] "currentLatencynow: 7.94", source: file:///home/seluser/ppt/player/dashjs/index.html (128)
[230:230:0130/110822.996080:INFO:CONSOLE(128)] "currentLatencynow: 7.84", source: file:///home/seluser/ppt/player/dashjs/index.html (128)
[230:230:0130/110823.995994:INFO:CONSOLE(128)] "currentLatencynow: 7.74", source: file:///home/seluser/ppt/player/dashjs/index.html (128)
[230:230:0130/110824.995982:INFO:CONSOLE(128)] "currentLatencynow: 7.64", source: file:///home/seluser/ppt/player/dashjs/index.html (128)
[230:230:0130/110825.995984:INFO:CONSOLE(128)] "currentLatencynow: 7.54", source: file:///home/seluser/ppt/player/dashjs/index.html (128)
[230:230:0130/110826.995993:INFO:CONSOLE(128)] "currentLatencynow: 7.44", source: file:///home/seluser/ppt/player/dashjs/index.html (128)
[230:230:0130/110827.996119:INFO:CONSOLE(128)] "currentLatencynow: 7.34", source: file:///home/seluser/ppt/player/dashjs/index.html (128)
[230:230:0130/110828.996254:INFO:CONSOLE(128)] "currentLatencynow: 7.24", source: file:///home/seluser/ppt/player/dashjs/index.html (128)
[230:230:0130/110829.996019:INFO:CONSOLE(128)] "currentLatencynow: 7.14", source: file:///home/seluser/ppt/player/dashjs/index.html (128)
[230:230:0130/110830.995941:INFO:CONSOLE(128)] "currentLatencynow: 7.04", source: file:///home/seluser/ppt/player/dashjs/index.html (128)
[230:230:0130/110831.996071:INFO:CONSOLE(128)] "currentLatencynow: 6.94", source: file:///home/seluser/ppt/player/dashjs/index.html (128)
[230:230:0130/110832.996047:INFO:CONSOLE(128)] "currentLatencynow: 6.84", source: file:///home/seluser/ppt/player/dashjs/index.html (128)
[230:230:0130/110833.996045:INFO:CONSOLE(128)] "currentLatencynow: 6.762", source: file:///home/seluser/ppt/player/dashjs/index.html (128)
[230:230:0130/110834.996092:INFO:CONSOLE(128)] "currentLatencynow: 6.762", source: file:///home/seluser/ppt/player/dashjs/index.html (128)
[230:230:0130/110835.996054:INFO:CONSOLE(128)] "currentLatencynow: 6.762", source: file:///home/seluser/ppt/player/dashjs/index.html (128)
[230:230:0130/110836.996165:INFO:CONSOLE(114)] "Begin Player stistics 
", source: file:///home/seluser/ppt/player/dashjs/index.html (114)
[230:230:0130/110836.996337:INFO:CONSOLE(115)] "["stall",[["1.03","3.48",2.45]],[["10.17","10.42",0.25]],[["56.65","56.90",0.25]],[["68.49","68.74",0.25]],[["88.61","88.86",0.25]],[["availibleBW",[null],[null],[null],[996],[996],[1496],[1663],[1663],[1663],[1747],[1747],[1747],[1998],[2333],[2333],[2830],[3164],[3164],[3997],[4250],[4503],[4750],[4750],[4750],[5322],[5322],[5569],[5569],[5818],[5818],[5815],[5815],[5979],[5979],[5978],[5978],[5728],[5482],[5232],[5232],[4736],[4486],[4239],[4239],[3975],[3975],[3778],[3778],[3577],[3577],[3577],[3313],[2982],[2982],[2376],[2376],[2146],[2146],[1578],[1578],[1380],[997],[997],[1015],[1015],[1212],[1212],[1212],[1412],[1412],[1676],[2010],[2591],[2591],[2826],[3390],[3390],[3590],[4237],[4482],[4482],[4482],[4732],[5229],[5229],[5479],[5479],[5479],[5729],[5988],[5988],[5988],[5986],[5749],[5749],[5499],[5239],[5239],[4990],[4990],[4729],[4482],[4482],[4232],[3984],[3984],[3585],[3392],[3392],[3392],[3160],[3160],[2594],[2594],[2395],[2162],[2162],[1598],[1598]]],[["currentBuffer",[0],[0],[0],[1.315],[0.13],[0],[0.21],[0],[0],[0],[0],[0],[0.576],[1.578],[0.578],[1.538],[2.4],[1.34],[2.092],[2.939],[4.046],[4.88],[3.685],[2.748],[1.471],[0.548],[1.33],[0.517],[1.519],[0.519],[1.405],[0.521],[1.332],[0.336],[1.288],[0.525],[1.527],[2.506],[3.269],[2.308],[3.004],[4.112],[3.012],[3.914],[4.775],[3.716],[4.618],[3.518],[4.159],[3.32],[2.091],[1.12],[1.952],[0.947],[1.667],[0.773],[1.614],[0.614],[1.569],[0.469],[1.401],[0.301],[0],[0.27],[0],[0.272],[0],[0],[0],[0],[1.847],[2.796],[3.892],[2.792],[3.694],[4.469],[3.496],[4.398],[5.3],[6.202],[4.983],[4.002],[2.902],[1.62],[0.702],[0],[0],[0],[0],[0.932],[0],[0],[0],[0.936],[0],[0.938],[1.912],[0.812],[1.714],[0.614],[1.516],[2.415],[1.318],[2.22],[3.078],[2.022],[2.924],[3.826],[2.726],[1.626],[2.528],[1.428],[2.33],[1.23],[2.132],[1.011],[0],[0.952],[0]]],[["currentLatency",[4.755],[5.755],[6.755],[7.082],[6.994],[6.994],[6.994],[6.994],[6.994],[6.994],[7.988],[8.988],[9.298],[9.298],[9.298],[9.231],[9.131],[9.031],[8.931],[8.831],[8.731],[8.631],[8.531],[8.431],[8.331],[8.231],[8.223],[8.222],[8.222],[8.222],[8.222],[8.222],[8.223],[8.222],[8.222],[8.223],[8.222],[8.175],[8.075],[7.975],[7.875],[7.775],[7.674],[7.575],[7.475],[7.375],[7.274],[7.175],[7.075],[6.975],[6.875],[6.775],[6.7],[6.6],[6.524],[6.424],[6.518],[6.518],[6.47],[6.37],[6.3],[6.2],[6.169],[6.169],[6.169],[6.169],[6.168],[6.169],[6.842],[7.842],[8.689],[8.689],[8.604],[8.503],[8.403],[8.303],[8.203],[8.103],[8.003],[7.903],[7.803],[7.703],[7.603],[7.503],[7.403],[7.364],[7.364],[7.364],[7.911],[8.772],[8.772],[8.772],[8.772],[8.772],[8.772],[8.772],[8.74],[8.64],[8.54],[8.44],[8.34],[8.24],[8.14],[8.04],[7.94],[7.84],[7.74],[7.64],[7.54],[7.44],[7.34],[7.24],[7.14],[7.04],[6.94],[6.84],[6.762],[6.762],[6.762]]]]", source: file:///home/seluser/ppt/player/dashjs/index.html (115)
[230:230:0130/110836.996441:INFO:CONSOLE(116)] "
", source: file:///home/seluser/ppt/player/dashjs/index.html (116)
[230:230:0130/110836.996533:INFO:CONSOLE(117)] "Finish Player stistics 
", source: file:///home/seluser/ppt/player/dashjs/index.html (117)
[230:230:0130/110836.996599:INFO:CONSOLE(128)] "currentLatencynow: 6.763", source: file:///home/seluser/ppt/player/dashjs/index.html (128)
[230:230:0130/110837.996141:INFO:CONSOLE(128)] "currentLatencynow: 6.762", source: file:///home/seluser/ppt/player/dashjs/index.html (128)
[230:230:0130/110838.996095:INFO:CONSOLE(128)] "currentLatencynow: 6.762", source: file:///home/seluser/ppt/player/dashjs/index.html (128)
[230:230:0130/110839.996103:INFO:CONSOLE(128)] "currentLatencynow: 6.762", source: file:///home/seluser/ppt/player/dashjs/index.html (128)
[230:230:0130/110840.995948:INFO:CONSOLE(128)] "currentLatencynow: 6.762", source: file:///home/seluser/ppt/player/dashjs/index.html (128)
[230:230:0130/110841.996089:INFO:CONSOLE(128)] "currentLatencynow: 6.761", source: file:///home/seluser/ppt/player/dashjs/index.html (128)
[230:230:0130/110842.995878:INFO:CONSOLE(128)] "currentLatencynow: 6.663", source: file:///home/seluser/ppt/player/dashjs/index.html (128)
[230:230:0130/110843.995925:INFO:CONSOLE(128)] "currentLatencynow: 6.563", source: file:///home/seluser/ppt/player/dashjs/index.html (128)
[230:230:0130/110844.996095:INFO:CONSOLE(128)] "currentLatencynow: 6.463", source: file:///home/seluser/ppt/player/dashjs/index.html (128)
[230:230:0130/110845.996004:INFO:CONSOLE(128)] "currentLatencynow: 6.363", source: file:///home/seluser/ppt/player/dashjs/index.html (128)
[230:230:0130/110846.996043:INFO:CONSOLE(128)] "currentLatencynow: 6.263", source: file:///home/seluser/ppt/player/dashjs/index.html (128)
[230:230:0130/110847.995925:INFO:CONSOLE(128)] "currentLatencynow: 6.189", source: file:///home/seluser/ppt/player/dashjs/index.html (128)
[230:230:0130/110848.995917:INFO:CONSOLE(128)] "currentLatencynow: 6.089", source: file:///home/seluser/ppt/player/dashjs/index.html (128)
[230:230:0130/110849.996052:INFO:CONSOLE(128)] "currentLatencynow: 5.989", source: file:///home/seluser/ppt/player/dashjs/index.html (128)
[230:230:0130/110850.996094:INFO:CONSOLE(128)] "currentLatencynow: 5.89", source: file:///home/seluser/ppt/player/dashjs/index.html (128)
[230:230:0130/110851.996083:INFO:CONSOLE(128)] "currentLatencynow: 5.885", source: file:///home/seluser/ppt/player/dashjs/index.html (128)
[230:230:0130/110852.995839:INFO:CONSOLE(128)] "currentLatencynow: 5.885", source: file:///home/seluser/ppt/player/dashjs/index.html (128)
[230:230:0130/110853.996043:INFO:CONSOLE(128)] "currentLatencynow: 5.885", source: file:///home/seluser/ppt/player/dashjs/index.html (128)
[230:230:0130/110854.996135:INFO:CONSOLE(128)] "currentLatencynow: 5.885", source: file:///home/seluser/ppt/player/dashjs/index.html (128)
[230:230:0130/110855.996144:INFO:CONSOLE(128)] "currentLatencynow: 5.885", source: file:///home/seluser/ppt/player/dashjs/index.html (128)
[230:230:0130/110856.996085:INFO:CONSOLE(128)] "currentLatencynow: 5.884", source: file:///home/seluser/ppt/player/dashjs/index.html (128)
[230:230:0130/110857.996071:INFO:CONSOLE(128)] "currentLatencynow: 5.788", source: file:///home/seluser/ppt/player/dashjs/index.html (128)
[230:230:0130/110858.995999:INFO:CONSOLE(128)] "currentLatencynow: 5.688", source: file:///home/seluser/ppt/player/dashjs/index.html (128)
[230:230:0130/110859.996257:INFO:CONSOLE(128)] "currentLatencynow: 5.588", source: file:///home/seluser/ppt/player/dashjs/index.html (128)
[230:230:0130/110900.996027:INFO:CONSOLE(128)] "currentLatencynow: 5.488", source: file:///home/seluser/ppt/player/dashjs/index.html (128)
[230:230:0130/110901.995926:INFO:CONSOLE(128)] "currentLatencynow: 5.388", source: file:///home/seluser/ppt/player/dashjs/index.html (128)
[230:230:0130/110902.996132:INFO:CONSOLE(128)] "currentLatencynow: 5.288", source: file:///home/seluser/ppt/player/dashjs/index.html (128)
[230:230:0130/110903.995929:INFO:CONSOLE(128)] "currentLatencynow: 5.188", source: file:///home/seluser/ppt/player/dashjs/index.html (128)
[230:230:0130/110904.995976:INFO:CONSOLE(128)] "currentLatencynow: 5.088", source: file:///home/seluser/ppt/player/dashjs/index.html (128)
[230:230:0130/110905.996081:INFO:CONSOLE(128)] "currentLatencynow: 4.99", source: file:///home/seluser/ppt/player/dashjs/index.html (128)
[230:230:0130/110906.996073:INFO:CONSOLE(128)] "currentLatencynow: 4.987", source: file:///home/seluser/ppt/player/dashjs/index.html (128)
[230:230:0130/110907.995990:INFO:CONSOLE(128)] "currentLatencynow: 4.987", source: file:///home/seluser/ppt/player/dashjs/index.html (128)
[230:230:0130/110908.996105:INFO:CONSOLE(128)] "currentLatencynow: 4.987", source: file:///home/seluser/ppt/player/dashjs/index.html (128)
[230:230:0130/110909.995899:INFO:CONSOLE(128)] "currentLatencynow: 5.854", source: file:///home/seluser/ppt/player/dashjs/index.html (128)
[230:230:0130/110910.995937:INFO:CONSOLE(128)] "currentLatencynow: 6.854", source: file:///home/seluser/ppt/player/dashjs/index.html (128)
[230:257:0130/110911.785879:ERROR:bus.cc(392)] Failed to connect to the bus: Address does not contain a colon
[230:257:0130/110911.786029:ERROR:bus.cc(392)] Failed to connect to the bus: Address does not contain a colon
[230:230:0130/110911.996370:INFO:CONSOLE(128)] "currentLatencynow: 7.569", source: file:///home/seluser/ppt/player/dashjs/index.html (128)
[230:230:0130/110912.995908:INFO:CONSOLE(128)] "currentLatencynow: 7.569", source: file:///home/seluser/ppt/player/dashjs/index.html (128)
[230:230:0130/110913.996202:INFO:CONSOLE(128)] "currentLatencynow: 7.569", source: file:///home/seluser/ppt/player/dashjs/index.html (128)
[230:230:0130/110914.995986:INFO:CONSOLE(128)] "currentLatencynow: 7.514", source: file:///home/seluser/ppt/player/dashjs/index.html (128)
[230:230:0130/110915.995979:INFO:CONSOLE(128)] "currentLatencynow: 7.415", source: file:///home/seluser/ppt/player/dashjs/index.html (128)
[230:230:0130/110916.995962:INFO:CONSOLE(128)] "currentLatencynow: 7.314", source: file:///home/seluser/ppt/player/dashjs/index.html (128)
[230:230:0130/110917.995941:INFO:CONSOLE(128)] "currentLatencynow: 7.214", source: file:///home/seluser/ppt/player/dashjs/index.html (128)
[230:230:0130/110918.996141:INFO:CONSOLE(128)] "currentLatencynow: 7.114", source: file:///home/seluser/ppt/player/dashjs/index.html (128)
[230:230:0130/110919.996041:INFO:CONSOLE(128)] "currentLatencynow: 7.015", source: file:///home/seluser/ppt/player/dashjs/index.html (128)
[230:230:0130/110920.996030:INFO:CONSOLE(128)] "currentLatencynow: 6.914", source: file:///home/seluser/ppt/player/dashjs/index.html (128)
[230:230:0130/110921.995918:INFO:CONSOLE(128)] "currentLatencynow: 6.818", source: file:///home/seluser/ppt/player/dashjs/index.html (128)
[230:230:0130/110922.995944:INFO:CONSOLE(128)] "currentLatencynow: 6.818", source: file:///home/seluser/ppt/player/dashjs/index.html (128)
[230:230:0130/110923.995903:INFO:CONSOLE(128)] "currentLatencynow: 6.818", source: file:///home/seluser/ppt/player/dashjs/index.html (128)
[230:230:0130/110924.995859:INFO:CONSOLE(128)] "currentLatencynow: 6.835", source: file:///home/seluser/ppt/player/dashjs/index.html (128)
[230:230:0130/110925.996042:INFO:CONSOLE(128)] "currentLatencynow: 7.202", source: file:///home/seluser/ppt/player/dashjs/index.html (128)
[230:230:0130/110926.996056:INFO:CONSOLE(128)] "currentLatencynow: 7.202", source: file:///home/seluser/ppt/player/dashjs/index.html (128)
[230:230:0130/110927.995985:INFO:CONSOLE(128)] "currentLatencynow: 7.202", source: file:///home/seluser/ppt/player/dashjs/index.html (128)
[230:230:0130/110928.996033:INFO:CONSOLE(128)] "currentLatencynow: 7.202", source: file:///home/seluser/ppt/player/dashjs/index.html (128)
[230:230:0130/110929.995956:INFO:CONSOLE(128)] "currentLatencynow: 7.202", source: file:///home/seluser/ppt/player/dashjs/index.html (128)
[230:230:0130/110930.995998:INFO:CONSOLE(128)] "currentLatencynow: 7.202", source: file:///home/seluser/ppt/player/dashjs/index.html (128)
[230:230:0130/110931.996109:INFO:CONSOLE(128)] "currentLatencynow: 7.202", source: file:///home/seluser/ppt/player/dashjs/index.html (128)
[230:230:0130/110932.996055:INFO:CONSOLE(128)] "currentLatencynow: 7.59", source: file:///home/seluser/ppt/player/dashjs/index.html (128)
[230:230:0130/110933.996052:INFO:CONSOLE(128)] "currentLatencynow: 8.301", source: file:///home/seluser/ppt/player/dashjs/index.html (128)
[230:230:0130/110934.995953:INFO:CONSOLE(128)] "currentLatencynow: 8.301", source: file:///home/seluser/ppt/player/dashjs/index.html (128)
[230:230:0130/110935.996039:INFO:CONSOLE(128)] "currentLatencynow: 8.574", source: file:///home/seluser/ppt/player/dashjs/index.html (128)
