[230:293:0130/100213.289374:ERROR:bus.cc(392)] Failed to connect to the bus: Failed to connect to socket /var/run/dbus/system_bus_socket: No such file or directory
[230:256:0130/100213.291842:ERROR:bus.cc(392)] Failed to connect to the bus: Address does not contain a colon
[230:256:0130/100213.291893:ERROR:bus.cc(392)] Failed to connect to the bus: Address does not contain a colon
[230:256:0130/100213.305108:ERROR:bus.cc(392)] Failed to connect to the bus: Address does not contain a colon
[230:256:0130/100213.305156:ERROR:bus.cc(392)] Failed to connect to the bus: Address does not contain a colon
[300:300:0130/100213.307196:ERROR:gpu_init.cc(453)] Passthrough is not supported, GL is swiftshader, ANGLE is 
[230:256:0130/100213.331746:ERROR:bus.cc(392)] Failed to connect to the bus: Address does not contain a colon
[230:256:0130/100213.331795:ERROR:bus.cc(392)] Failed to connect to the bus: Address does not contain a colon
[230:394:0130/100213.402969:ERROR:bus.cc(392)] Failed to connect to the bus: Failed to connect to socket /var/run/dbus/system_bus_socket: No such file or directory
[230:394:0130/100213.403038:ERROR:bus.cc(392)] Failed to connect to the bus: Failed to connect to socket /var/run/dbus/system_bus_socket: No such file or directory
[230:394:0130/100213.403090:ERROR:bus.cc(392)] Failed to connect to the bus: Failed to connect to socket /var/run/dbus/system_bus_socket: No such file or directory
[230:394:0130/100213.403104:WARNING:property.cc(144)] DaemonVersion: GetAndBlock: failed.
[230:394:0130/100213.403133:ERROR:bus.cc(392)] Failed to connect to the bus: Failed to connect to socket /var/run/dbus/system_bus_socket: No such file or directory
[230:394:0130/100213.403168:ERROR:bus.cc(392)] Failed to connect to the bus: Failed to connect to socket /var/run/dbus/system_bus_socket: No such file or directory
[301:335:0130/100213.522033:WARNING:spdy_session.cc(3518)] Received HEADERS for invalid stream 1
[230:230:0130/100214.667630:INFO:CONSOLE(128)] "currentLatencynow: NaN", source: file:///home/seluser/ppt/player/dashjs/index.html (128)
[230:304:0130/100215.620465:ERROR:chrome_browser_main_extra_parts_metrics.cc(228)] crbug.com/1216328: Checking Bluetooth availability started. Please report if there is no report that this ends.
[230:304:0130/100215.620511:ERROR:chrome_browser_main_extra_parts_metrics.cc(231)] crbug.com/1216328: Checking Bluetooth availability ended.
[230:304:0130/100215.620526:ERROR:chrome_browser_main_extra_parts_metrics.cc(234)] crbug.com/1216328: Checking default browser status started. Please report if there is no report that this ends.
[230:230:0130/100215.667426:INFO:CONSOLE(128)] "currentLatencynow: 0", source: file:///home/seluser/ppt/player/dashjs/index.html (128)
[230:304:0130/100215.803558:ERROR:chrome_browser_main_extra_parts_metrics.cc(238)] crbug.com/1216328: Checking default browser status ended.
[230:230:0130/100216.667315:INFO:CONSOLE(128)] "currentLatencynow: 0", source: file:///home/seluser/ppt/player/dashjs/index.html (128)
[230:230:0130/100217.667469:INFO:CONSOLE(128)] "currentLatencynow: 0", source: file:///home/seluser/ppt/player/dashjs/index.html (128)
[636:636:0130/100218.366010:WARNING:audio_manager_linux.cc(69)] Falling back to ALSA for audio output. PulseAudio is not available or could not be initialized.
[636:636:0130/100218.371616:ERROR:alsa_util.cc(204)] PcmOpen: default,No such file or directory
[636:636:0130/100218.371736:ERROR:alsa_util.cc(204)] PcmOpen: plug:default,No such file or directory
[230:230:0130/100218.667355:INFO:CONSOLE(128)] "currentLatencynow: 7.661", source: file:///home/seluser/ppt/player/dashjs/index.html (128)
[230:230:0130/100219.667370:INFO:CONSOLE(128)] "currentLatencynow: 8.661", source: file:///home/seluser/ppt/player/dashjs/index.html (128)
[230:230:0130/100220.667386:INFO:CONSOLE(128)] "currentLatencynow: 9.661", source: file:///home/seluser/ppt/player/dashjs/index.html (128)
[230:230:0130/100221.667447:INFO:CONSOLE(128)] "currentLatencynow: 10.661", source: file:///home/seluser/ppt/player/dashjs/index.html (128)
[230:230:0130/100222.667454:INFO:CONSOLE(128)] "currentLatencynow: 11.661", source: file:///home/seluser/ppt/player/dashjs/index.html (128)
[230:256:0130/100223.246784:ERROR:bus.cc(392)] Failed to connect to the bus: Address does not contain a colon
[230:256:0130/100223.247096:ERROR:bus.cc(392)] Failed to connect to the bus: Address does not contain a colon
[230:256:0130/100223.247126:ERROR:bus.cc(392)] Failed to connect to the bus: Address does not contain a colon
[230:256:0130/100223.247144:ERROR:bus.cc(392)] Failed to connect to the bus: Address does not contain a colon
[230:256:0130/100223.247168:ERROR:bus.cc(392)] Failed to connect to the bus: Address does not contain a colon
[230:256:0130/100223.247189:ERROR:bus.cc(392)] Failed to connect to the bus: Address does not contain a colon
[230:256:0130/100223.247215:ERROR:bus.cc(392)] Failed to connect to the bus: Address does not contain a colon
[230:256:0130/100223.247236:ERROR:bus.cc(392)] Failed to connect to the bus: Address does not contain a colon
[230:256:0130/100223.247254:ERROR:bus.cc(392)] Failed to connect to the bus: Address does not contain a colon
[230:256:0130/100223.247268:ERROR:bus.cc(392)] Failed to connect to the bus: Address does not contain a colon
[230:256:0130/100223.247285:ERROR:bus.cc(392)] Failed to connect to the bus: Address does not contain a colon
[230:256:0130/100223.247301:ERROR:bus.cc(392)] Failed to connect to the bus: Address does not contain a colon
[230:256:0130/100223.247318:ERROR:bus.cc(392)] Failed to connect to the bus: Address does not contain a colon
[230:256:0130/100223.247332:ERROR:bus.cc(392)] Failed to connect to the bus: Address does not contain a colon
[230:256:0130/100223.251282:ERROR:bus.cc(392)] Failed to connect to the bus: Address does not contain a colon
[230:256:0130/100223.252681:ERROR:bus.cc(392)] Failed to connect to the bus: Address does not contain a colon
[230:256:0130/100223.252708:ERROR:bus.cc(392)] Failed to connect to the bus: Address does not contain a colon
[230:256:0130/100223.315262:ERROR:bus.cc(392)] Failed to connect to the bus: Address does not contain a colon
[230:256:0130/100223.315308:ERROR:bus.cc(392)] Failed to connect to the bus: Address does not contain a colon
[230:230:0130/100223.667415:INFO:CONSOLE(128)] "currentLatencynow: 12.567", source: file:///home/seluser/ppt/player/dashjs/index.html (128)
[230:230:0130/100224.667391:INFO:CONSOLE(128)] "currentLatencynow: 13.567", source: file:///home/seluser/ppt/player/dashjs/index.html (128)
[230:230:0130/100225.667407:INFO:CONSOLE(128)] "currentLatencynow: 14.567", source: file:///home/seluser/ppt/player/dashjs/index.html (128)
[230:230:0130/100226.667406:INFO:CONSOLE(128)] "currentLatencynow: 15.567", source: file:///home/seluser/ppt/player/dashjs/index.html (128)
[230:230:0130/100227.667659:INFO:CONSOLE(128)] "currentLatencynow: 16.567", source: file:///home/seluser/ppt/player/dashjs/index.html (128)
[230:230:0130/100228.667406:INFO:CONSOLE(128)] "currentLatencynow: 17.567", source: file:///home/seluser/ppt/player/dashjs/index.html (128)
[230:256:0130/100229.458610:ERROR:bus.cc(392)] Failed to connect to the bus: Address does not contain a colon
[230:256:0130/100229.458677:ERROR:bus.cc(392)] Failed to connect to the bus: Address does not contain a colon
[230:230:0130/100229.667302:INFO:CONSOLE(128)] "currentLatencynow: 18.231", source: file:///home/seluser/ppt/player/dashjs/index.html (128)
[230:230:0130/100230.667402:INFO:CONSOLE(128)] "currentLatencynow: 18.131", source: file:///home/seluser/ppt/player/dashjs/index.html (128)
[230:230:0130/100231.667395:INFO:CONSOLE(128)] "currentLatencynow: 18.503", source: file:///home/seluser/ppt/player/dashjs/index.html (128)
[230:230:0130/100232.667413:INFO:CONSOLE(128)] "currentLatencynow: 19.503", source: file:///home/seluser/ppt/player/dashjs/index.html (128)
[230:230:0130/100233.667306:INFO:CONSOLE(128)] "currentLatencynow: 20.503", source: file:///home/seluser/ppt/player/dashjs/index.html (128)
[230:230:0130/100234.667224:INFO:CONSOLE(128)] "currentLatencynow: 21.503", source: file:///home/seluser/ppt/player/dashjs/index.html (128)
[230:230:0130/100235.667368:INFO:CONSOLE(128)] "currentLatencynow: 22.503", source: file:///home/seluser/ppt/player/dashjs/index.html (128)
[230:230:0130/100236.667444:INFO:CONSOLE(128)] "currentLatencynow: 23.503", source: file:///home/seluser/ppt/player/dashjs/index.html (128)
[230:230:0130/100237.667347:INFO:CONSOLE(128)] "currentLatencynow: 24.503", source: file:///home/seluser/ppt/player/dashjs/index.html (128)
[230:230:0130/100238.667429:INFO:CONSOLE(128)] "currentLatencynow: 25.503", source: file:///home/seluser/ppt/player/dashjs/index.html (128)
[230:230:0130/100239.667347:INFO:CONSOLE(128)] "currentLatencynow: 26.503", source: file:///home/seluser/ppt/player/dashjs/index.html (128)
[230:230:0130/100240.667399:INFO:CONSOLE(128)] "currentLatencynow: 27.503", source: file:///home/seluser/ppt/player/dashjs/index.html (128)
[230:230:0130/100241.667411:INFO:CONSOLE(128)] "currentLatencynow: 28.503", source: file:///home/seluser/ppt/player/dashjs/index.html (128)
[230:256:0130/100242.634592:ERROR:bus.cc(392)] Failed to connect to the bus: Address does not contain a colon
[230:256:0130/100242.634659:ERROR:bus.cc(392)] Failed to connect to the bus: Address does not contain a colon
[230:230:0130/100242.667319:INFO:CONSOLE(128)] "currentLatencynow: 29.377", source: file:///home/seluser/ppt/player/dashjs/index.html (128)
[230:230:0130/100243.667425:INFO:CONSOLE(128)] "currentLatencynow: 29.287", source: file:///home/seluser/ppt/player/dashjs/index.html (128)
[230:230:0130/100244.667342:INFO:CONSOLE(128)] "currentLatencynow: 29.507", source: file:///home/seluser/ppt/player/dashjs/index.html (128)
[230:230:0130/100245.667352:INFO:CONSOLE(128)] "currentLatencynow: 30.238", source: file:///home/seluser/ppt/player/dashjs/index.html (128)
[230:230:0130/100246.667364:INFO:CONSOLE(128)] "currentLatencynow: 31.238", source: file:///home/seluser/ppt/player/dashjs/index.html (128)
[230:230:0130/100247.667419:INFO:CONSOLE(128)] "currentLatencynow: 32.238", source: file:///home/seluser/ppt/player/dashjs/index.html (128)
[230:230:0130/100248.667369:INFO:CONSOLE(128)] "currentLatencynow: 33.238", source: file:///home/seluser/ppt/player/dashjs/index.html (128)
[230:230:0130/100249.667388:INFO:CONSOLE(128)] "currentLatencynow: 34.238", source: file:///home/seluser/ppt/player/dashjs/index.html (128)
[230:230:0130/100250.667601:INFO:CONSOLE(128)] "currentLatencynow: 35.238", source: file:///home/seluser/ppt/player/dashjs/index.html (128)
[230:230:0130/100251.667324:INFO:CONSOLE(128)] "currentLatencynow: 36.238", source: file:///home/seluser/ppt/player/dashjs/index.html (128)
[230:230:0130/100252.667399:INFO:CONSOLE(128)] "currentLatencynow: 37.238", source: file:///home/seluser/ppt/player/dashjs/index.html (128)
[230:230:0130/100253.667435:INFO:CONSOLE(128)] "currentLatencynow: 38.238", source: file:///home/seluser/ppt/player/dashjs/index.html (128)
[230:230:0130/100254.667323:INFO:CONSOLE(128)] "currentLatencynow: 39.238", source: file:///home/seluser/ppt/player/dashjs/index.html (128)
[230:230:0130/100255.667419:INFO:CONSOLE(128)] "currentLatencynow: 40.238", source: file:///home/seluser/ppt/player/dashjs/index.html (128)
[230:230:0130/100256.667368:INFO:CONSOLE(128)] "currentLatencynow: 41.238", source: file:///home/seluser/ppt/player/dashjs/index.html (128)
[230:230:0130/100257.667423:INFO:CONSOLE(128)] "currentLatencynow: 42.238", source: file:///home/seluser/ppt/player/dashjs/index.html (128)
[230:230:0130/100258.667358:INFO:CONSOLE(128)] "currentLatencynow: 43.238", source: file:///home/seluser/ppt/player/dashjs/index.html (128)
[230:230:0130/100259.667286:INFO:CONSOLE(128)] "currentLatencynow: 44.238", source: file:///home/seluser/ppt/player/dashjs/index.html (128)
[230:230:0130/100300.667343:INFO:CONSOLE(128)] "currentLatencynow: 45.238", source: file:///home/seluser/ppt/player/dashjs/index.html (128)
[230:230:0130/100301.667293:INFO:CONSOLE(128)] "currentLatencynow: 46.238", source: file:///home/seluser/ppt/player/dashjs/index.html (128)
[230:230:0130/100302.667388:INFO:CONSOLE(128)] "currentLatencynow: 47.238", source: file:///home/seluser/ppt/player/dashjs/index.html (128)
[230:230:0130/100303.667405:INFO:CONSOLE(128)] "currentLatencynow: 48.238", source: file:///home/seluser/ppt/player/dashjs/index.html (128)
[230:230:0130/100304.667323:INFO:CONSOLE(128)] "currentLatencynow: 49.238", source: file:///home/seluser/ppt/player/dashjs/index.html (128)
[230:230:0130/100305.667247:INFO:CONSOLE(128)] "currentLatencynow: 50.238", source: file:///home/seluser/ppt/player/dashjs/index.html (128)
[230:230:0130/100306.667369:INFO:CONSOLE(128)] "currentLatencynow: 51.238", source: file:///home/seluser/ppt/player/dashjs/index.html (128)
[230:230:0130/100307.667337:INFO:CONSOLE(128)] "currentLatencynow: 52.238", source: file:///home/seluser/ppt/player/dashjs/index.html (128)
[230:230:0130/100308.667421:INFO:CONSOLE(128)] "currentLatencynow: 53.238", source: file:///home/seluser/ppt/player/dashjs/index.html (128)
[230:230:0130/100309.667326:INFO:CONSOLE(128)] "currentLatencynow: 54.238", source: file:///home/seluser/ppt/player/dashjs/index.html (128)
[230:230:0130/100310.667385:INFO:CONSOLE(128)] "currentLatencynow: 55.238", source: file:///home/seluser/ppt/player/dashjs/index.html (128)
[230:230:0130/100311.667425:INFO:CONSOLE(128)] "currentLatencynow: 56.238", source: file:///home/seluser/ppt/player/dashjs/index.html (128)
[230:230:0130/100312.667333:INFO:CONSOLE(128)] "currentLatencynow: 57.238", source: file:///home/seluser/ppt/player/dashjs/index.html (128)
[230:230:0130/100313.667380:INFO:CONSOLE(128)] "currentLatencynow: 58.238", source: file:///home/seluser/ppt/player/dashjs/index.html (128)
[230:230:0130/100314.667435:INFO:CONSOLE(128)] "currentLatencynow: 59.238", source: file:///home/seluser/ppt/player/dashjs/index.html (128)
[230:230:0130/100315.667494:INFO:CONSOLE(128)] "currentLatencynow: 60.238", source: file:///home/seluser/ppt/player/dashjs/index.html (128)
[230:230:0130/100316.667441:INFO:CONSOLE(128)] "currentLatencynow: 61.238", source: file:///home/seluser/ppt/player/dashjs/index.html (128)
[230:230:0130/100317.667522:INFO:CONSOLE(128)] "currentLatencynow: 62.238", source: file:///home/seluser/ppt/player/dashjs/index.html (128)
[230:230:0130/100318.667466:INFO:CONSOLE(128)] "currentLatencynow: 63.238", source: file:///home/seluser/ppt/player/dashjs/index.html (128)
[230:230:0130/100319.667510:INFO:CONSOLE(128)] "currentLatencynow: 64.238", source: file:///home/seluser/ppt/player/dashjs/index.html (128)
[230:230:0130/100320.667491:INFO:CONSOLE(128)] "currentLatencynow: 65.238", source: file:///home/seluser/ppt/player/dashjs/index.html (128)
[230:230:0130/100321.667376:INFO:CONSOLE(128)] "currentLatencynow: 66.238", source: file:///home/seluser/ppt/player/dashjs/index.html (128)
[230:230:0130/100322.667473:INFO:CONSOLE(128)] "currentLatencynow: 67.238", source: file:///home/seluser/ppt/player/dashjs/index.html (128)
[230:230:0130/100323.667377:INFO:CONSOLE(128)] "currentLatencynow: 68.238", source: file:///home/seluser/ppt/player/dashjs/index.html (128)
[230:230:0130/100324.667400:INFO:CONSOLE(128)] "currentLatencynow: 69.238", source: file:///home/seluser/ppt/player/dashjs/index.html (128)
[230:230:0130/100325.667447:INFO:CONSOLE(128)] "currentLatencynow: 70.238", source: file:///home/seluser/ppt/player/dashjs/index.html (128)
[230:230:0130/100326.667409:INFO:CONSOLE(128)] "currentLatencynow: 71.238", source: file:///home/seluser/ppt/player/dashjs/index.html (128)
[230:230:0130/100327.667434:INFO:CONSOLE(128)] "currentLatencynow: 72.238", source: file:///home/seluser/ppt/player/dashjs/index.html (128)
[230:230:0130/100328.667430:INFO:CONSOLE(128)] "currentLatencynow: 73.238", source: file:///home/seluser/ppt/player/dashjs/index.html (128)
[230:230:0130/100329.667481:INFO:CONSOLE(128)] "currentLatencynow: 74.238", source: file:///home/seluser/ppt/player/dashjs/index.html (128)
[230:230:0130/100330.667586:INFO:CONSOLE(128)] "currentLatencynow: 75.238", source: file:///home/seluser/ppt/player/dashjs/index.html (128)
[230:230:0130/100331.667424:INFO:CONSOLE(128)] "currentLatencynow: 76.238", source: file:///home/seluser/ppt/player/dashjs/i[230:230:0130/100512.667400:INFO:CONSOLE(128)] "currentLatencynow: 177.238", source: file:///home/seluser/ppt/player/dashjs/index.html (128)
[230:230:0130/100513.667462:INFO:CONSOLE(128)] "currentLatencynow: 178.238", source: file:///home/seluser/ppt/player/dashjs/index.html (128)
[230:230:0130/100513.822072:WARNING:pref_notifier_impl.cc(40)] Pref observer for media_router.cast_allow_all_ips found at shutdown.
