[229:293:0130/100224.282023:ERROR:bus.cc(392)] Failed to connect to the bus: Failed to connect to socket /var/run/dbus/system_bus_socket: No such file or directory
[229:256:0130/100224.284585:ERROR:bus.cc(392)] Failed to connect to the bus: Address does not contain a colon
[229:256:0130/100224.285616:ERROR:bus.cc(392)] Failed to connect to the bus: Address does not contain a colon
[229:256:0130/100224.298287:ERROR:bus.cc(392)] Failed to connect to the bus: Address does not contain a colon
[229:256:0130/100224.298340:ERROR:bus.cc(392)] Failed to connect to the bus: Address does not contain a colon
[300:300:0130/100224.304817:ERROR:gpu_init.cc(453)] Passthrough is not supported, GL is swiftshader, ANGLE is 
[229:256:0130/100224.345073:ERROR:bus.cc(392)] Failed to connect to the bus: Address does not contain a colon
[229:256:0130/100224.345136:ERROR:bus.cc(392)] Failed to connect to the bus: Address does not contain a colon
[229:395:0130/100224.551113:ERROR:bus.cc(392)] Failed to connect to the bus: Failed to connect to socket /var/run/dbus/system_bus_socket: No such file or directory
[229:395:0130/100224.551218:ERROR:bus.cc(392)] Failed to connect to the bus: Failed to connect to socket /var/run/dbus/system_bus_socket: No such file or directory
[229:395:0130/100224.551301:ERROR:bus.cc(392)] Failed to connect to the bus: Failed to connect to socket /var/run/dbus/system_bus_socket: No such file or directory
[229:395:0130/100224.551324:WARNING:property.cc(144)] DaemonVersion: GetAndBlock: failed.
[229:395:0130/100224.551381:ERROR:bus.cc(392)] Failed to connect to the bus: Failed to connect to socket /var/run/dbus/system_bus_socket: No such file or directory
[229:395:0130/100224.551440:ERROR:bus.cc(392)] Failed to connect to the bus: Failed to connect to socket /var/run/dbus/system_bus_socket: No such file or directory
[229:229:0130/100225.919692:INFO:CONSOLE(128)] "currentLatencynow: NaN", source: file:///home/seluser/ppt/player/dashjs/index.html (128)
[229:295:0130/100226.718977:ERROR:chrome_browser_main_extra_parts_metrics.cc(228)] crbug.com/1216328: Checking Bluetooth availability started. Please report if there is no report that this ends.
[229:295:0130/100226.719023:ERROR:chrome_browser_main_extra_parts_metrics.cc(231)] crbug.com/1216328: Checking Bluetooth availability ended.
[229:295:0130/100226.719040:ERROR:chrome_browser_main_extra_parts_metrics.cc(234)] crbug.com/1216328: Checking default browser status started. Please report if there is no report that this ends.
[229:295:0130/100226.907366:ERROR:chrome_browser_main_extra_parts_metrics.cc(238)] crbug.com/1216328: Checking default browser status ended.
[229:229:0130/100226.919549:INFO:CONSOLE(128)] "currentLatencynow: NaN", source: file:///home/seluser/ppt/player/dashjs/index.html (128)
[229:229:0130/100227.919183:INFO:CONSOLE(128)] "currentLatencynow: NaN", source: file:///home/seluser/ppt/player/dashjs/index.html (128)
[229:229:0130/100228.919207:INFO:CONSOLE(128)] "currentLatencynow: NaN", source: file:///home/seluser/ppt/player/dashjs/index.html (128)
[229:229:0130/100229.919197:INFO:CONSOLE(128)] "currentLatencynow: NaN", source: file:///home/seluser/ppt/player/dashjs/index.html (128)
[229:229:0130/100230.919375:INFO:CONSOLE(128)] "currentLatencynow: 0", source: file:///home/seluser/ppt/player/dashjs/index.html (128)
[229:229:0130/100231.919167:INFO:CONSOLE(128)] "currentLatencynow: 0", source: file:///home/seluser/ppt/player/dashjs/index.html (128)
[229:229:0130/100232.919284:INFO:CONSOLE(128)] "currentLatencynow: 0", source: file:///home/seluser/ppt/player/dashjs/index.html (128)
[229:229:0130/100233.919258:INFO:CONSOLE(128)] "currentLatencynow: 0", source: file:///home/seluser/ppt/player/dashjs/index.html (128)
[229:229:0130/100234.919151:INFO:CONSOLE(128)] "currentLatencynow: 0", source: file:///home/seluser/ppt/player/dashjs/index.html (128)
[229:229:0130/100235.919415:INFO:CONSOLE(128)] "currentLatencynow: 0", source: file:///home/seluser/ppt/player/dashjs/index.html (128)
[229:229:0130/100236.919247:INFO:CONSOLE(128)] "currentLatencynow: 0", source: file:///home/seluser/ppt/player/dashjs/index.html (128)
[650:650:0130/100237.551021:WARNING:audio_manager_linux.cc(69)] Falling back to ALSA for audio output. PulseAudio is not available or could not be initialized.
[650:650:0130/100237.557626:ERROR:alsa_util.cc(204)] PcmOpen: default,No such file or directory
[650:650:0130/100237.557969:ERROR:alsa_util.cc(204)] PcmOpen: plug:default,No such file or directory
[229:229:0130/100237.919337:INFO:CONSOLE(128)] "currentLatencynow: 11.111", source: file:///home/seluser/ppt/player/dashjs/index.html (128)
[229:229:0130/100238.919322:INFO:CONSOLE(128)] "currentLatencynow: 12.111", source: file:///home/seluser/ppt/player/dashjs/index.html (128)
[229:229:0130/100239.919325:INFO:CONSOLE(128)] "currentLatencynow: 13.111", source: file:///home/seluser/ppt/player/dashjs/index.html (128)
[229:229:0130/100240.919426:INFO:CONSOLE(128)] "currentLatencynow: 14.111", source: file:///home/seluser/ppt/player/dashjs/index.html (128)
[229:229:0130/100241.919368:INFO:CONSOLE(128)] "currentLatencynow: 15.111", source: file:///home/seluser/ppt/player/dashjs/index.html (128)
[229:229:0130/100242.919339:INFO:CONSOLE(128)] "currentLatencynow: 16.111", source: file:///home/seluser/ppt/player/dashjs/index.html (128)
[229:229:0130/100243.919313:INFO:CONSOLE(128)] "currentLatencynow: 17.112", source: file:///home/seluser/ppt/player/dashjs/index.html (128)
[229:229:0130/100244.919493:INFO:CONSOLE(128)] "currentLatencynow: 18.111", source: file:///home/seluser/ppt/player/dashjs/index.html (128)
[229:256:0130/100245.122862:ERROR:bus.cc(392)] Failed to connect to the bus: Address does not contain a colon
[229:256:0130/100245.122955:ERROR:bus.cc(392)] Failed to connect to the bus: Address does not contain a colon
[229:256:0130/100245.122978:ERROR:bus.cc(392)] Failed to connect to the bus: Address does not contain a colon
[229:256:0130/100245.122993:ERROR:bus.cc(392)] Failed to connect to the bus: Address does not contain a colon
[229:256:0130/100245.123017:ERROR:bus.cc(392)] Failed to connect to the bus: Address does not contain a colon
[229:256:0130/100245.123046:ERROR:bus.cc(392)] Failed to connect to the bus: Address does not contain a colon
[229:256:0130/100245.123065:ERROR:bus.cc(392)] Failed to connect to the bus: Address does not contain a colon
[229:256:0130/100245.123077:ERROR:bus.cc(392)] Failed to connect to the bus: Address does not contain a colon
[229:256:0130/100245.123095:ERROR:bus.cc(392)] Failed to connect to the bus: Address does not contain a colon
[229:256:0130/100245.123107:ERROR:bus.cc(392)] Failed to connect to the bus: Address does not contain a colon
[229:256:0130/100245.123128:ERROR:bus.cc(392)] Failed to connect to the bus: Address does not contain a colon
[229:256:0130/100245.123156:ERROR:bus.cc(392)] Failed to connect to the bus: Address does not contain a colon
[229:256:0130/100245.123174:ERROR:bus.cc(392)] Failed to connect to the bus: Address does not contain a colon
[229:256:0130/100245.123199:ERROR:bus.cc(392)] Failed to connect to the bus: Address does not contain a colon
[229:256:0130/100245.129003:ERROR:bus.cc(392)] Failed to connect to the bus: Address does not contain a colon
[229:256:0130/100245.129041:ERROR:bus.cc(392)] Failed to connect to the bus: Address does not contain a colon
[229:256:0130/100245.129056:ERROR:bus.cc(392)] Failed to connect to the bus: Address does not contain a colon
[229:256:0130/100245.170845:ERROR:bus.cc(392)] Failed to connect to the bus: Address does not contain a colon
[229:256:0130/100245.170886:ERROR:bus.cc(392)] Failed to connect to the bus: Address does not contain a colon
[229:229:0130/100245.919227:INFO:CONSOLE(128)] "currentLatencynow: 18.75", source: file:///home/seluser/ppt/player/dashjs/index.html (128)
[229:229:0130/100246.919286:INFO:CONSOLE(128)] "currentLatencynow: 19.75", source: file:///home/seluser/ppt/player/dashjs/index.html (128)
[229:229:0130/100247.919336:INFO:CONSOLE(128)] "currentLatencynow: 20.75", source: file:///home/seluser/ppt/player/dashjs/index.html (128)
[229:229:0130/100248.919287:INFO:CONSOLE(128)] "currentLatencynow: 21.75", source: file:///home/seluser/ppt/player/dashjs/index.html (128)
[229:256:0130/100249.712911:ERROR:bus.cc(392)] Failed to connect to the bus: Address does not contain a colon
[229:256:0130/100249.713027:ERROR:bus.cc(392)] Failed to connect to the bus: Address does not contain a colon
[229:229:0130/100249.919287:INFO:CONSOLE(128)] "currentLatencynow: 22.46", source: file:///home/seluser/ppt/player/dashjs/index.html (128)
[229:229:0130/100250.919402:INFO:CONSOLE(128)] "currentLatencynow: 22.461", source: file:///home/seluser/ppt/player/dashjs/index.html (128)
[229:229:0130/100251.919151:INFO:CONSOLE(128)] "currentLatencynow: 22.74", source: file:///home/seluser/ppt/player/dashjs/index.html (128)
[229:229:0130/100252.919226:INFO:CONSOLE(128)] "currentLatencynow: 23.74", source: file:///home/seluser/ppt/player/dashjs/index.html (128)
[229:229:0130/100253.919491:INFO:CONSOLE(128)] "currentLatencynow: 24.74", source: file:///home/seluser/ppt/player/dashjs/index.html (128)
[229:229:0130/100254.919392:INFO:CONSOLE(128)] "currentLatencynow: 25.74", source: file:///home/seluser/ppt/player/dashjs/index.html (128)
[229:229:0130/100255.919318:INFO:CONSOLE(128)] "currentLatencynow: 26.74", source: file:///home/seluser/ppt/player/dashjs/index.html (128)
[229:229:0130/100256.919250:INFO:CONSOLE(128)] "currentLatencynow: 27.74", source: file:///home/seluser/ppt/player/dashjs/index.html (128)
[229:229:0130/100257.919164:INFO:CONSOLE(128)] "currentLatencynow: 28.74", source: file:///home/seluser/ppt/player/dashjs/index.html (128)
[229:229:0130/100258.919252:INFO:CONSOLE(128)] "currentLatencynow: 29.74", source: file:///home/seluser/ppt/player/dashjs/index.html (128)
[229:229:0130/100259.919221:INFO:CONSOLE(128)] "currentLatencynow: 30.41", source: file:///home/seluser/ppt/player/dashjs/index.html (128)
[229:229:0130/100300.919174:INFO:CONSOLE(128)] "currentLatencynow: 31.41", source: file:///home/seluser/ppt/player/dashjs/index.html (128)
[229:229:0130/100301.919225:INFO:CONSOLE(128)] "currentLatencynow: 32.41", source: file:///home/seluser/ppt/player/dashjs/index.html (128)
[229:256:0130/100302.005230:ERROR:bus.cc(392)] Failed to connect to the bus: Address does not contain a colon
[229:256:0130/100302.005362:ERROR:bus.cc(392)] Failed to connect to the bus: Address does not contain a colon
[229:229:0130/100302.919240:INFO:CONSOLE(128)] "currentLatencynow: 30.91", source: file:///home/seluser/ppt/player/dashjs/index.html (128)
[229:229:0130/100303.919295:INFO:CONSOLE(128)] "currentLatencynow: 31.91", source: file:///home/seluser/ppt/player/dashjs/index.html (128)
[229:229:0130/100304.919283:INFO:CONSOLE(128)] "currentLatencynow: 32.91", source: file:///home/seluser/ppt/player/dashjs/index.html (128)
[229:229:0130/100305.919282:INFO:CONSOLE(128)] "currentLatencynow: 33.91", source: file:///home/seluser/ppt/player/dashjs/index.html (128)
[229:229:0130/100306.919198:INFO:CONSOLE(128)] "currentLatencynow: 34.91", source: file:///home/seluser/ppt/player/dashjs/index.html (128)
[229:229:0130/100307.919531:INFO:CONSOLE(128)] "currentLatencynow: 35.91", source: file:///home/seluser/ppt/player/dashjs/index.html (128)
[229:229:0130/100308.919360:INFO:CONSOLE(128)] "currentLatencynow: 36.91", source: file:///home/seluser/ppt/player/dashjs/index.html (128)
[229:229:0130/100309.919357:INFO:CONSOLE(128)] "currentLatencynow: 37.91", source: file:///home/seluser/ppt/player/dashjs/index.html (128)
[229:229:0130/100310.919409:INFO:CONSOLE(128)] "currentLatencynow: 38.91", source: file:///home/seluser/ppt/player/dashjs/index.html (128)
[229:229:0130/100311.919306:INFO:CONSOLE(128)] "currentLatencynow: 39.91", source: file:///home/seluser/ppt/player/dashjs/index.html (128)
[229:229:0130/100312.919126:INFO:CONSOLE(128)] "currentLatencynow: 40.91", source: file:///home/seluser/ppt/player/dashjs/index.html (128)
[229:229:0130/100313.919305:INFO:CONSOLE(128)] "currentLatencynow: 41.91", source: file:///home/seluser/ppt/player/dashjs/index.html (128)
[229:229:0130/100314.919161:INFO:CONSOLE(128)] "currentLatencynow: 42.91", source: file:///home/seluser/ppt/player/dashjs/index.html (128)
[229:229:0130/100315.919184:INFO:CONSOLE(128)] "currentLatencynow: 43.91", source: file:///home/seluser/ppt/player/dashjs/index.html (128)
[229:229:0130/100316.919481:INFO:CONSOLE(128)] "currentLatencynow: 44.911", source: file:///home/seluser/ppt/player/dashjs/index.html (128)
[229:229:0130/100317.919343:INFO:CONSOLE(128)] "currentLatencynow: 45.91", source: file:///home/seluser/ppt/player/dashjs/index.html (128)
[229:229:0130/100318.919171:INFO:CONSOLE(128)] "currentLatencynow: 46.91", source: file:///home/seluser/ppt/player/dashjs/index.html (128)
[229:229:0130/100319.919328:INFO:CONSOLE(128)] "currentLatencynow: 47.91", source: file:///home/seluser/ppt/player/dashjs/index.html (128)
[229:229:0130/100320.919255:INFO:CONSOLE(128)] "currentLatencynow: 48.91", source: file:///home/seluser/ppt/player/dashjs/index.html (128)
[229:229:0130/100321.919202:INFO:CONSOLE(128)] "currentLatencynow: 49.91", source: file:///home/seluser/ppt/player/dashjs/index.html (128)
[229:229:0130/100322.919364:INFO:CONSOLE(128)] "currentLatencynow: 50.911", source: file:///home/seluser/ppt/player/dashjs/index.html (128)
[229:229:0130/100323.919288:INFO:CONSOLE(128)] "currentLatencynow: 51.91", source: file:///home/seluser/ppt/player/dashjs/index.html (128)
[229:229:0130/100324.919340:INFO:CONSOLE(128)] "currentLatencynow: 52.91", source: file:///home/seluser/ppt/player/dashjs/index.html (128)
[229:229:0130/100325.919329:INFO:CONSOLE(128)] "currentLatencynow: 53.91", source: file:///home/seluser/ppt/player/dashjs/index.html (128)
[229:229:0130/100326.919469:INFO:CONSOLE(128)] "currentLatencynow: 54.91", source: file:///home/seluser/ppt/player/dashjs/index.html (128)
[229:229:0130/100327.919420:INFO:CONSOLE(128)] "currentLatencynow: 55.91", source: file:///home/seluser/ppt/player/dashjs/index.html (128)
[229:229:0130/100328.919336:INFO:CONSOLE(128)] "currentLatencynow: 56.91", source: file:///home/seluser/ppt/player/dashjs/index.html (128)
[229:229:0130/100329.919395:INFO:CONSOLE(128)] "currentLatencynow: 57.91", source: file:///home/seluser/ppt/player/dashjs/index.html (128)
[229:229:0130/100330.919318:INFO:CONSOLE(128)] "currentLatencynow: 58.91", source: file:///home/seluser/ppt/player/dashjs/index.html (128)
[229:229:0130/100331.919299:INFO:CONSOLE(128)] "currentLatencynow: 59.91", source: file:///home/seluser/ppt/player/dashjs/index.html (128)
[229:229:0130/100332.919370:INFO:CONSOLE(128)] "currentLatencynow: 60.91", source: file:///home/seluser/ppt/player/dashjs/index.html (128)
[229:229:0130/100333.919422:INFO:CONSOLE(128)] "currentLatencynow: 61.91", source: file:///home/seluser/ppt/player/dashjs/index.html (128)
[229:229:0130/100334.919369:INFO:CONSOLE(128)] "currentLatencynow: 62.91", source: file:///home/seluser/ppt/player/dashjs/index.html (128)
[229:229:0130/100335.919327:INFO:CONSOLE(128)] "currentLatencynow: 63.91", source: file:///home/seluser/ppt/player/dashjs/index.html (128)
[229:229:0130/100336.919447:INFO:CONSOLE(128)] "currentLatencynow: 64.91", source: file:///home/seluser/ppt/player/dashjs/index.html (128)
[229:229:0130/100337.919474:INFO:CONSOLE(128)] "currentLatencynow: 65.91", source: file:///home/seluser/ppt/player/dashjs/index.html (128)
[229:229:0130/100338.919387:INFO:CONSOLE(128)] "currentLatencynow: 66.91", source: file:///home/seluser/ppt/player/dashjs/index.html (128)
[229:229:0130/100339.919364:INFO:CONSOLE(128)] "currentLatencynow: 67.91", source: file:///home/seluser/ppt/player/dashjs/index.html (128)
[229:229:0130/100340.919368:INFO:CONSOLE(128)] "currentLatencynow: 68.91", source: file:///home/seluser/ppt/player/dashjs/index.html (128)
[229:229:0130/100341.919478:INFO:CONSOLE(128)] "currentLatencynow: 69.91", source: file:///home/seluser/ppt/player/dashjs/index.html (128)
[229:229:0130/100342.919320:INFO:CONSOLE(128)] "currentLatencynow: 70.91", source: file:///home/seluser/ppt/player/dashjs/index.html (128)
[229:229:0130/100343.919328:INFO:CONSOLE(128)] "currentLatencynow: 71.91", source: file:///home/seluser/ppt/player/dashjs/index.html (128)
[229:229:0130/100344.91942[229:229:0130/100512.919294:INFO:CONSOLE(128)] "currentLatencynow: 160.91", source: file:///home/seluser/ppt/player/dashjs/index.html (128)
[229:229:0130/100513.919396:INFO:CONSOLE(128)] "currentLatencynow: 161.91", source: file:///home/seluser/ppt/player/dashjs/index.html (128)
[229:229:0130/100514.919266:INFO:CONSOLE(128)] "currentLatencynow: 162.91", source: file:///home/seluser/ppt/player/dashjs/index.html (128)
[229:229:0130/100515.919321:INFO:CONSOLE(128)] "currentLatencynow: 163.91", source: file:///home/seluser/ppt/player/dashjs/index.html (128)
[229:229:0130/100516.919369:INFO:CONSOLE(128)] "currentLatencynow: 164.91", source: file:///home/seluser/ppt/player/dashjs/index.html (128)
[229:229:0130/100517.919418:INFO:CONSOLE(128)] "currentLatencynow: 165.91", source: file:///home/seluser/ppt/player/dashjs/index.html (128)
[229:229:0130/100518.919375:INFO:CONSOLE(128)] "currentLatencynow: 166.91", source: file:///home/seluser/ppt/player/dashjs/index.html (128)
[229:229:0130/100519.919352:INFO:CONSOLE(128)] "currentLatencynow: 167.91", source: file:///home/seluser/ppt/player/dashjs/index.html (128)
[229:229:0130/100520.919299:INFO:CONSOLE(128)] "currentLatencynow: 168.91", source: file:///home/seluser/ppt/player/dashjs/index.html (128)
[229:229:0130/100521.919242:INFO:CONSOLE(128)] "currentLatencynow: 169.91", source: file:///home/seluser/ppt/player/dashjs/index.html (128)
[229:229:0130/100522.919295:INFO:CONSOLE(128)] "currentLatencynow: 170.91", source: file:///home/seluser/ppt/player/dashjs/index.html (128)
[229:229:0130/100523.919263:INFO:CONSOLE(128)] "currentLatencynow: 171.91", source: file:///home/seluser/ppt/player/dashjs/index.html (128)
[229:229:0130/100524.919112:INFO:CONSOLE(128)] "currentLatencynow: 172.91", source: file:///home/seluser/ppt/player/dashjs/index.html (128)
[229:229:0130/100525.139076:WARNING:pref_notifier_impl.cc(40)] Pref observer for media_router.cast_allow_all_ips found at shutdown.
