[231:251:0130/103414.537843:ERROR:file_path_watcher_linux.cc(326)] inotify_init() failed: Too many open files (24)
[231:293:0130/103414.772956:ERROR:bus.cc(392)] Failed to connect to the bus: Failed to connect to socket /var/run/dbus/system_bus_socket: No such file or directory
[231:256:0130/103414.777947:ERROR:bus.cc(392)] Failed to connect to the bus: Address does not contain a colon
[231:256:0130/103414.778022:ERROR:bus.cc(392)] Failed to connect to the bus: Address does not contain a colon
[231:256:0130/103414.794295:ERROR:bus.cc(392)] Failed to connect to the bus: Address does not contain a colon
[231:256:0130/103414.794402:ERROR:bus.cc(392)] Failed to connect to the bus: Address does not contain a colon
[300:300:0130/103414.797774:ERROR:gpu_init.cc(453)] Passthrough is not supported, GL is swiftshader, ANGLE is 
[301:333:0130/103414.822046:ERROR:file_path_watcher_linux.cc(326)] inotify_init() failed: Too many open files (24)
[231:256:0130/103414.828436:ERROR:bus.cc(392)] Failed to connect to the bus: Address does not contain a colon
[231:256:0130/103414.829233:ERROR:bus.cc(392)] Failed to connect to the bus: Address does not contain a colon
[231:392:0130/103414.925429:ERROR:bus.cc(392)] Failed to connect to the bus: Failed to connect to socket /var/run/dbus/system_bus_socket: No such file or directory
[231:392:0130/103414.925523:ERROR:bus.cc(392)] Failed to connect to the bus: Failed to connect to socket /var/run/dbus/system_bus_socket: No such file or directory
[231:392:0130/103414.925594:ERROR:bus.cc(392)] Failed to connect to the bus: Failed to connect to socket /var/run/dbus/system_bus_socket: No such file or directory
[231:392:0130/103414.925617:WARNING:property.cc(144)] DaemonVersion: GetAndBlock: failed.
[231:392:0130/103414.925663:ERROR:bus.cc(392)] Failed to connect to the bus: Failed to connect to socket /var/run/dbus/system_bus_socket: No such file or directory
[231:392:0130/103414.925716:ERROR:bus.cc(392)] Failed to connect to the bus: Failed to connect to socket /var/run/dbus/system_bus_socket: No such file or directory
[231:231:0130/103416.381194:INFO:CONSOLE(128)] "currentLatencynow: NaN", source: file:///home/seluser/ppt/player/dashjs/index.html (128)
[231:231:0130/103417.382371:INFO:CONSOLE(128)] "currentLatencynow: NaN", source: file:///home/seluser/ppt/player/dashjs/index.html (128)
[231:252:0130/103418.081111:ERROR:chrome_browser_main_extra_parts_metrics.cc(228)] crbug.com/1216328: Checking Bluetooth availability started. Please report if there is no report that this ends.
[231:252:0130/103418.081880:ERROR:chrome_browser_main_extra_parts_metrics.cc(231)] crbug.com/1216328: Checking Bluetooth availability ended.
[231:252:0130/103418.082622:ERROR:chrome_browser_main_extra_parts_metrics.cc(234)] crbug.com/1216328: Checking default browser status started. Please report if there is no report that this ends.
[231:252:0130/103418.358153:ERROR:chrome_browser_main_extra_parts_metrics.cc(238)] crbug.com/1216328: Checking default browser status ended.
[231:231:0130/103418.380926:INFO:CONSOLE(128)] "currentLatencynow: NaN", source: file:///home/seluser/ppt/player/dashjs/index.html (128)
[231:231:0130/103419.380859:INFO:CONSOLE(128)] "currentLatencynow: NaN", source: file:///home/seluser/ppt/player/dashjs/index.html (128)
[231:231:0130/103420.380855:INFO:CONSOLE(128)] "currentLatencynow: NaN", source: file:///home/seluser/ppt/player/dashjs/index.html (128)
[231:231:0130/103421.380858:INFO:CONSOLE(128)] "currentLatencynow: NaN", source: file:///home/seluser/ppt/player/dashjs/index.html (128)
[231:231:0130/103422.380856:INFO:CONSOLE(128)] "currentLatencynow: NaN", source: file:///home/seluser/ppt/player/dashjs/index.html (128)
[231:231:0130/103423.380854:INFO:CONSOLE(128)] "currentLatencynow: NaN", source: file:///home/seluser/ppt/player/dashjs/index.html (128)
[231:231:0130/103424.380875:INFO:CONSOLE(128)] "currentLatencynow: NaN", source: file:///home/seluser/ppt/player/dashjs/index.html (128)
[231:231:0130/103425.380891:INFO:CONSOLE(128)] "currentLatencynow: NaN", source: file:///home/seluser/ppt/player/dashjs/index.html (128)
[231:231:0130/103426.381038:INFO:CONSOLE(128)] "currentLatencynow: 0", source: file:///home/seluser/ppt/player/dashjs/index.html (128)
[231:231:0130/103427.380901:INFO:CONSOLE(128)] "currentLatencynow: 0", source: file:///home/seluser/ppt/player/dashjs/index.html (128)
[231:231:0130/103428.380879:INFO:CONSOLE(128)] "currentLatencynow: 0", source: file:///home/seluser/ppt/player/dashjs/index.html (128)
[231:231:0130/103429.380912:INFO:CONSOLE(128)] "currentLatencynow: 0", source: file:///home/seluser/ppt/player/dashjs/index.html (128)
[231:231:0130/103430.380790:INFO:CONSOLE(128)] "currentLatencynow: 0", source: file:///home/seluser/ppt/player/dashjs/index.html (128)
[231:231:0130/103431.380916:INFO:CONSOLE(128)] "currentLatencynow: 0", source: file:///home/seluser/ppt/player/dashjs/index.html (128)
[231:231:0130/103432.380902:INFO:CONSOLE(128)] "currentLatencynow: 0", source: file:///home/seluser/ppt/player/dashjs/index.html (128)
[231:231:0130/103433.380723:INFO:CONSOLE(128)] "currentLatencynow: 0", source: file:///home/seluser/ppt/player/dashjs/index.html (128)
[231:231:0130/103434.380872:INFO:CONSOLE(128)] "currentLatencynow: 0", source: file:///home/seluser/ppt/player/dashjs/index.html (128)
[231:231:0130/103435.380887:INFO:CONSOLE(128)] "currentLatencynow: 0", source: file:///home/seluser/ppt/player/dashjs/index.html (128)
[231:231:0130/103436.380917:INFO:CONSOLE(128)] "currentLatencynow: 0", source: file:///home/seluser/ppt/player/dashjs/index.html (128)
[231:231:0130/103437.380942:INFO:CONSOLE(128)] "currentLatencynow: 0", source: file:///home/seluser/ppt/player/dashjs/index.html (128)
[231:231:0130/103438.380913:INFO:CONSOLE(128)] "currentLatencynow: 0", source: file:///home/seluser/ppt/player/dashjs/index.html (128)
[231:231:0130/103439.380944:INFO:CONSOLE(128)] "currentLatencynow: 0", source: file:///home/seluser/ppt/player/dashjs/index.html (128)
[231:231:0130/103440.380805:INFO:CONSOLE(128)] "currentLatencynow: 0", source: file:///home/seluser/ppt/player/dashjs/index.html (128)
[231:231:0130/103441.380971:INFO:CONSOLE(128)] "currentLatencynow: 0", source: file:///home/seluser/ppt/player/dashjs/index.html (128)
[231:231:0130/103442.452293:INFO:CONSOLE(128)] "currentLatencynow: 0", source: file:///home/seluser/ppt/player/dashjs/index.html (128)
[655:655:0130/103443.212529:WARNING:audio_manager_linux.cc(69)] Falling back to ALSA for audio output. PulseAudio is not available or could not be initialized.
[655:655:0130/103443.219697:ERROR:alsa_util.cc(204)] PcmOpen: default,No such file or directory
[655:655:0130/103443.219972:ERROR:alsa_util.cc(204)] PcmOpen: plug:default,No such file or directory
[231:231:0130/103443.380960:INFO:CONSOLE(128)] "currentLatencynow: 21.581", source: file:///home/seluser/ppt/player/dashjs/index.html (128)
[231:231:0130/103444.380953:INFO:CONSOLE(128)] "currentLatencynow: 22.581", source: file:///home/seluser/ppt/player/dashjs/index.html (128)
[231:231:0130/103445.381066:INFO:CONSOLE(128)] "currentLatencynow: 23.581", source: file:///home/seluser/ppt/player/dashjs/index.html (128)
[231:231:0130/103446.387453:INFO:CONSOLE(128)] "currentLatencynow: 24.581", source: file:///home/seluser/ppt/player/dashjs/index.html (128)
[231:231:0130/103447.381054:INFO:CONSOLE(128)] "currentLatencynow: 25.581", source: file:///home/seluser/ppt/player/dashjs/index.html (128)
[301:333:0130/103447.579845:ERROR:database.cc(1761)] ReportingAndNEL SQLite error: code 13 errno 0: database or disk is full sql: INSERT INTO nel_policies (nik, origin_scheme, origin_host, origin_port, received_ip_address, group_name, expires_us_since_epoch, success_fraction, failure_fraction, is_include_subdomains, last_access_us_since_epoch) VALUES (?,?,?,?,?,?,?,?,?,?,?)
[231:231:0130/103448.380957:INFO:CONSOLE(128)] "currentLatencynow: 26.581", source: file:///home/seluser/ppt/player/dashjs/index.html (128)
[231:231:0130/103449.380941:INFO:CONSOLE(128)] "currentLatencynow: 27.581", source: file:///home/seluser/ppt/player/dashjs/index.html (128)
[231:231:0130/103450.380935:INFO:CONSOLE(128)] "currentLatencynow: 28.581", source: file:///home/seluser/ppt/player/dashjs/index.html (128)
[231:231:0130/103451.380906:INFO:CONSOLE(128)] "currentLatencynow: 29.581", source: file:///home/seluser/ppt/player/dashjs/index.html (128)
[231:231:0130/103452.380859:INFO:CONSOLE(128)] "currentLatencynow: 30.581", source: file:///home/seluser/ppt/player/dashjs/index.html (128)
[231:231:0130/103453.380869:INFO:CONSOLE(128)] "currentLatencynow: 31.581", source: file:///home/seluser/ppt/player/dashjs/index.html (128)
[301:333:0130/103454.303725:ERROR:database.cc(1761)] ReportingAndNEL SQLite error: code 13 errno 0: database or disk is full sql: INSERT INTO reporting_endpoints (nik, origin_scheme, origin_host, origin_port, group_name, url, priority, weight) VALUES (?,?,?,?,?,?,?,?)
[231:231:0130/103454.380899:INFO:CONSOLE(128)] "currentLatencynow: 32.581", source: file:///home/seluser/ppt/player/dashjs/index.html (128)
[231:231:0130/103455.380866:INFO:CONSOLE(128)] "currentLatencynow: 33.581", source: file:///home/seluser/ppt/player/dashjs/index.html (128)
[231:256:0130/103455.946301:ERROR:bus.cc(392)] Failed to connect to the bus: Address does not contain a colon
[231:256:0130/103455.946396:ERROR:bus.cc(392)] Failed to connect to the bus: Address does not contain a colon
[231:256:0130/103455.946420:ERROR:bus.cc(392)] Failed to connect to the bus: Address does not contain a colon
[231:256:0130/103455.946440:ERROR:bus.cc(392)] Failed to connect to the bus: Address does not contain a colon
[231:256:0130/103455.946458:ERROR:bus.cc(392)] Failed to connect to the bus: Address does not contain a colon
[231:256:0130/103455.946477:ERROR:bus.cc(392)] Failed to connect to the bus: Address does not contain a colon
[231:256:0130/103455.946496:ERROR:bus.cc(392)] Failed to connect to the bus: Address does not contain a colon
[231:256:0130/103455.946514:ERROR:bus.cc(392)] Failed to connect to the bus: Address does not contain a colon
[231:256:0130/103455.946531:ERROR:bus.cc(392)] Failed to connect to the bus: Address does not contain a colon
[231:256:0130/103455.946550:ERROR:bus.cc(392)] Failed to connect to the bus: Address does not contain a colon
[231:256:0130/103455.946567:ERROR:bus.cc(392)] Failed to connect to the bus: Address does not contain a colon
[231:256:0130/103455.946585:ERROR:bus.cc(392)] Failed to connect to the bus: Address does not contain a colon
[231:256:0130/103455.946604:ERROR:bus.cc(392)] Failed to connect to the bus: Address does not contain a colon
[231:256:0130/103455.946621:ERROR:bus.cc(392)] Failed to connect to the bus: Address does not contain a colon
[231:256:0130/103455.950696:ERROR:bus.cc(392)] Failed to connect to the bus: Address does not contain a colon
[231:256:0130/103455.950737:ERROR:bus.cc(392)] Failed to connect to the bus: Address does not contain a colon
[231:256:0130/103455.950758:ERROR:bus.cc(392)] Failed to connect to the bus: Address does not contain a colon
[231:256:0130/103456.012272:ERROR:bus.cc(392)] Failed to connect to the bus: Address does not contain a colon
[231:256:0130/103456.012337:ERROR:bus.cc(392)] Failed to connect to the bus: Address does not contain a colon
[231:231:0130/103456.410229:INFO:CONSOLE(128)] "currentLatencynow: 34.177", source: file:///home/seluser/ppt/player/dashjs/index.html (128)
[301:333:0130/103456.721198:ERROR:database.cc(1761)] ReportingAndNEL SQLite error: code 13 errno 0: database or disk is full sql: INSERT INTO reporting_endpoint_groups (nik, origin_scheme, origin_host, origin_port, group_name, is_include_subdomains, expires_us_since_epoch, last_access_us_since_epoch) VALUES (?,?,?,?,?,?,?,?)
[231:231:0130/103457.380840:INFO:CONSOLE(128)] "currentLatencynow: 30.409", source: file:///home/seluser/ppt/player/dashjs/index.html (128)
[231:231:0130/103458.380758:INFO:CONSOLE(128)] "currentLatencynow: 31.409", source: file:///home/seluser/ppt/player/dashjs/index.html (128)
[231:231:0130/103459.380707:INFO:CONSOLE(128)] "currentLatencynow: 32.409", source: file:///home/seluser/ppt/player/dashjs/index.html (128)
[301:333:0130/103500.142288:ERROR:database.cc(1761)] ReportingAndNEL SQLite error: code 13 errno 0: database or disk is full sql: INSERT INTO reporting_endpoint_groups (nik, origin_scheme, origin_host, origin_port, group_name, is_include_subdomains, expires_us_since_epoch, last_access_us_since_epoch) VALUES (?,?,?,?,?,?,?,?)
[301:333:0130/103500.142564:ERROR:database.cc(1761)] ReportingAndNEL SQLite error: code 1 errno 0: cannot commit - no transaction is active sql: COMMIT
[231:231:0130/103500.380719:INFO:CONSOLE(128)] "currentLatencynow: 33.409", source: file:///home/seluser/ppt/player/dashjs/index.html (128)
[231:231:0130/103501.380820:INFO:CONSOLE(128)] "currentLatencynow: 34.409", source: file:///home/seluser/ppt/player/dashjs/index.html (128)
[231:231:0130/103502.380887:INFO:CONSOLE(128)] "currentLatencynow: 35.409", source: file:///home/seluser/ppt/player/dashjs/index.html (128)
[231:231:0130/103503.380857:INFO:CONSOLE(128)] "currentLatencynow: 36.409", source: file:///home/seluser/ppt/player/dashjs/index.html (128)
[231:231:0130/103504.380917:INFO:CONSOLE(128)] "currentLatencynow: 37.409", source: file:///home/seluser/ppt/player/dashjs/index.html (128)
[231:231:0130/103505.380840:INFO:CONSOLE(128)] "currentLatencynow: 38.409", source: file:///home/seluser/ppt/player/dashjs/index.html (128)
[231:231:0130/103506.507054:INFO:CONSOLE(128)] "currentLatencynow: 39.409", source: file:///home/seluser/ppt/player/dashjs/index.html (128)
[231:231:0130/103507.380869:INFO:CONSOLE(128)] "currentLatencynow: 40.409", source: file:///home/seluser/ppt/player/dashjs/index.html (128)
[231:231:0130/103508.380939:INFO:CONSOLE(128)] "currentLatencynow: 41.409", source: file:///home/seluser/ppt/player/dashjs/index.html (128)
[231:231:0130/103509.380810:INFO:CONSOLE(128)] "currentLatencynow: 42.409", source: file:///home/seluser/ppt/player/dashjs/index.html (128)
[231:231:0130/103510.381020:INFO:CONSOLE(128)] "currentLatencynow: 43.409", source: file:///home/seluser/ppt/player/dashjs/index.html (128)
[231:231:0130/103511.380806:INFO:CONSOLE(128)] "currentLatencynow: 44.409", source: file:///home/seluser/ppt/player/dashjs/index.html (128)
[231:231:0130/103512.380806:INFO:CONSOLE(128)] "currentLatencynow: 45.409", source: file:///home/seluser/ppt/player/dashjs/index.html (128)
[231:231:0130/103513.380779:INFO:CONSOLE(128)] "currentLatencynow: 46.409", source: file:///home/seluser/ppt/player/dashjs/index.html (128)
[231:231:0130/103514.696644:INFO:CONSOLE(128)] "currentLatencynow: 47.409", source: file:///home/seluser/ppt/player/dashjs/index.html (128)
[231:231:0130/103515.380927:INFO:CONSOLE(128)] "currentLatencynow: 48.409", source: file:///home/seluser/ppt/player/dashjs/index.html (128)
[231:231:0130/103516.380897:INFO:CONSOLE(128)] "currentLatencynow: 49.409", source: file:///home/seluser/ppt/player/dashjs/index.html (128)
[231:322:0130/103517.158466:ERROR:database.cc(1761)] History SQLite error: code 13 errno 0: database or disk is full sql: INSERT OR REPLACE INTO meta (key,value) VALUES (?,?)
[231:231:0130/103517.380844:INFO:CONSOLE(128)] "currentLatencynow: 50.409", source: file:///home/seluser/ppt/player/dashjs/index.html (128)
[231:231:0130/103518.471351:INFO:CONSOLE(128)] "currentLatencynow: 51.409", source: file:///home/seluser/ppt/player/dashjs/index.html (128)
[231:231:0130/103519.380799:INFO:CONSOLE(128)] "currentLatencynow: 52.409", source: file:///home/seluser/ppt/player/dashjs/index.html (128)
[231:231:0130/103520.584188:INFO:CONSOLE(128)] "currentLatencynow: 53.409", source: file:///home/seluser/ppt/player/dashjs/index.html (128)
[231:231:0130/103521.380905:INFO:CONSOLE(128)] "currentLatencynow: 54.409", source: file:///home/seluser/ppt/player/dashjs/index.html (128)
[231:231:0130/103522.380829:INFO:CONSOLE(128)] "currentLatencynow: 55.409", source: file:///home/seluser/ppt/player/dashjs/index.html (128)
[231:231:0130/103523.380929:INFO:CONSOLE(128)] "currentLatencynow: 56.409", source: file:///home/seluser/ppt/player/dashjs/index.html (128)
[231:231:0130/103524.381474:INFO:CONSOLE(128)] "currentLatencynow: 57.409", source: file:///home/seluser/ppt/player/dashjs/index.html (128)
[231:231:0130/1035[231:231:0130/103535.863128:INFO:CONSOLE(128)] "currentLatencynow: 62.409", source: file:///home/seluser/ppt/player/dashjs/index.html (128)
[231:231:0130/103535.863852:INFO:CONSOLE(128)] "currentLatencynow: 63.409", source: file:///home/seluser/ppt/player/dashjs/index.html (128)
[231:231:0130/103535.863973:INFO:CONSOLE(128)] "currentLatencynow: 64.409", source: file:///home/seluser/ppt/player/dashjs/index.html (128)
[231:231:0130/103535.864193:INFO:CONSOLE(128)] "currentLatencynow: 65.409", source: file:///home/seluser/ppt/player/dashjs/index.html (128)
[231:231:0130/103535.864327:INFO:CONSOLE(128)] "currentLatencynow: 66.409", source: file:///home/seluser/ppt/player/dashjs/index.html (128)
[231:231:0130/103535.864556:INFO:CONSOLE(128)] "currentLatencynow: 67.409", source: file:///home/seluser/ppt/player/dashjs/index.html (128)
[231:231:0130/103535.864634:INFO:CONSOLE(128)] "currentLatencynow: 68.41", source: file:///home/seluser/ppt/player/dashjs/index.html (128)
[231:231:0130/103536.472950:INFO:CONSOLE(128)] "currentLatencynow: 69.409", source: file:///home/seluser/ppt/player/dashjs/index.html (128)
[231:231:0130/103537.380784:INFO:CONSOLE(128)] "currentLatencynow: 70.409", source: file:///home/seluser/ppt/player/dashjs/index.html (128)
[231:231:0130/103538.381002:INFO:CONSOLE(128)] "currentLatencynow: 71.409", source: file:///home/seluser/ppt/player/dashjs/index.html (128)
[231:231:0130/103539.380808:INFO:CONSOLE(128)] "currentLatencynow: 72.409", source: file:///home/seluser/ppt/player/dashjs/index.html (128)
[231:231:0130/103540.381155:INFO:CONSOLE(128)] "currentLatencynow: 73.409", source: file:///home/seluser/ppt/player/dashjs/index.html (128)
[231:231:0130/103541.472829:INFO:CONSOLE(128)] "currentLatencynow: 74.409", source: file:///home/seluser/ppt/player/dashjs/index.html (128)
[231:231:0130/103543.603472:INFO:CONSOLE(128)] "currentLatencynow: 75.409", source: file:///home/seluser/ppt/player/dashjs/index.html (128)
[231:231:0130/103543.603625:INFO:CONSOLE(128)] "currentLatencynow: 76.409", source: file:///home/seluser/ppt/player/dashjs/index.html (128)
[231:231:0130/103544.380757:INFO:CONSOLE(128)] "currentLatencynow: 77.409", source: file:///home/seluser/ppt/player/dashjs/index.html (128)
[231:231:0130/103545.380837:INFO:CONSOLE(128)] "currentLatencynow: 78.409", source: file:///home/seluser/ppt/player/dashjs/index.html (128)
[231:231:0130/103546.381002:INFO:CONSOLE(128)] "currentLatencynow: 79.409", source: file:///home/seluser/ppt/player/dashjs/index.html (128)
[231:231:0130/103547.380934:INFO:CONSOLE(128)] "currentLatencynow: 80.409", source: file:///home/seluser/ppt/player/dashjs/index.html (128)
[231:231:0130/103548.381047:INFO:CONSOLE(128)] "currentLatencynow: 81.409", source: file:///home/seluser/ppt/player/dashjs/index.html (128)
[231:231:0130/103549.512340:INFO:CONSOLE(128)] "currentLatencynow: 82.409", source: file:///home/seluser/ppt/player/dashjs/index.html (128)
[231:231:0130/103550.423563:INFO:CONSOLE(128)] "currentLatencynow: 83.41", source: file:///home/seluser/ppt/player/dashjs/index.html (128)
[231:231:0130/103551.380932:INFO:CONSOLE(128)] "currentLatencynow: 84.409", source: file:///home/seluser/ppt/player/dashjs/index.html (128)
[231:231:0130/103552.380747:INFO:CONSOLE(128)] "currentLatencynow: 85.409", source: file:///home/seluser/ppt/player/dashjs/index.html (128)
[231:231:0130/103553.672862:INFO:CONSOLE(128)] "currentLatencynow: 86.409", source: file:///home/seluser/ppt/player/dashjs/index.html (128)
[231:231:0130/103554.380907:INFO:CONSOLE(128)] "currentLatencynow: 87.409", source: file:///home/seluser/ppt/player/dashjs/index.html (128)
[231:231:0130/103556.324155:INFO:CONSOLE(128)] "currentLatencynow: 88.409", source: file:///home/seluser/ppt/player/dashjs/index.html (128)
[231:231:0130/103556.380721:INFO:CONSOLE(128)] "currentLatencynow: 89.409", source: file:///home/seluser/ppt/player/dashjs/index.html (128)
[231:231:0130/103557.380718:INFO:CONSOLE(128)] "currentLatencynow: 90.409", source: file:///home/seluser/ppt/player/dashjs/index.html (128)
[231:231:0130/103558.380711:INFO:CONSO[231:231:0130/103559.380824:INFO:CONSOLE(128)] "currentLatencynow: 92.409", source: file:///home/seluser/ppt/player/dashjs/index.html (128)
[231:231:0130/103600.380961:INFO:CONSOLE(128)] "currentLatencynow: 93.409", source: file:///home/seluser/ppt/player/dashjs/index.html (128)
[231:231:0130/103601.380773:INFO:CONSOLE(128)] "currentLatencynow: 94.409", source: file:///home/seluser/ppt/player/dashjs/index.html (128)
[231:231:0130/103602.569385:INFO:CONSOLE(128)] "currentLatencynow: 95.409", source: file:///home/seluser/ppt/player/dashjs/index.html (128)
[231:231:0130/103603.380787:INFO:CONSOLE(128)] "currentLatencynow: 96.409", source: file:///home/seluser/ppt/player/dashjs/index.html (128)
[231:231:0130/103604.380856:INFO:CONSOLE(128)] "currentLatencynow: 97.409", source: file:///home/seluser/ppt/player/dashjs/index.html (128)
[231:231:0130/103605.380802:INFO:CONSOLE(128)] "currentLatencynow: 98.409", source: file:///home/seluser/ppt/player/dashjs/index.html (128)
[231:231:0130/103606.380769:INFO:CONSOLE(128)] "currentLatencynow: 99.409", source: file:///home/seluser/ppt/player/dashjs/index.html (128)
[231:231:0130/103607.380881:INFO:CONSOLE(128)] "currentLatencynow: 100.409", source: file:///home/seluser/ppt/player/dashjs/index.html (128)
[231:231:0130/103608.380888:INFO:CONSOLE(128)] "currentLatencynow: 101.409", source: file:///home/seluser/ppt/player/dashjs/index.html (128)
[231:231:0130/103609.380878:INFO:CONSOLE(128)] "currentLatencynow: 102.409", source: file:///home/seluser/ppt/player/dashjs/index.html (128)
[231:231:0130/103610.380900:INFO:CONSOLE(128)] "currentLatencynow: 103.409", source: file:///home/seluser/ppt/player/dashjs/index.html (128)
[231:231:0130/103611.465859:INFO:CONSOLE(128)] "currentLatencynow: 104.409", source: file:///home/seluser/ppt/player/dashjs/index.html (128)
[231:231:0130/103612.381062:INFO:CONSOLE(128)] "currentLatencynow: 105.409", source: file:///home/seluser/ppt/player/dashjs/index.html (128)
[231:231:0130/103613.421515:INFO:CONSOLE(128)] "currentLatencynow: 106.409", source: file:///home/seluser/ppt/player/dashjs/index.html (128)
[231:231:0130/103614.380884:INFO:CONSOLE(128)] "currentLatencynow: 107.409", source: file:///home/seluser/ppt/player/dashjs/index.html (128)
[231:231:0130/103615.696484:INFO:CONSOLE(114)] "Begin Player stistics 
", source: file:///home/seluser/ppt/player/dashjs/index.html (114)
[231:231:0130/103615.696629:INFO:CONSOLE(115)] "["stall",[["26.05","40.82",14.77]],[["availibleBW",[null],[null],[null],[null],[null],[null],[null],[null],[null],[null],[null],[null],[null],[null],[null],[null],[null],[null],[null],[null],[null],[null],[null],[null],[null],[null],[null],[null],[null],[null],[null],[null],[null],[null],[null],[null],[null],[null],[null],[null],[210],[210],[210],[210],[210],[210],[210],[210],[210],[210],[210],[210],[210],[210],[210],[210],[210],[210],[210],[210],[210],[210],[210],[210],[210],[210],[210],[210],[210],[210],[210],[210],[210],[210],[210],[210],[210],[210],[210],[210],[210],[210],[210],[210],[210],[210],[210],[210],[210],[210],[210],[210],[210],[210],[210],[210],[210],[210],[210],[210],[210],[210],[210],[210],[210],[210],[210],[210],[210],[210],[210],[210],[210],[210],[210],[210],[210],[210],[210]]],[["currentBuffer",[0],[0],[0],[0],[0],[0],[0],[0],[0],[0],[0],[0],[0],[0],[0],[0],[0],[0],[0],[0],[0],[0],[0],[0],[0],[0],[0],[0],[0],[0],[0],[0],[0],[0],[0],[0],[0],[0],[0],[0],[1.062],[0.294],[0.294],[0.294],[0.294],[0.294],[0.294],[0.294],[0.294],[0.294],[0.294],[0.294],[0.294],[0.294],[0.294],[0.294],[0.294],[0.294],[0.294],[0.294],[0.294],[0.294],[0.294],[0.294],[0.294],[0.294],[0.294],[0.294],[0.294],[0.294],[0.294],[0.294],[0.294],[0.294],[0.294],[0.294],[0.294],[0.294],[0.294],[0.294],[0.294],[0.294],[0.294],[0.294],[0.294],[0.294],[0.294],[0.294],[0.294],[0.294],[0.294],[0.294],[0.294],[0.294],[0.294],[0.294],[0.294],[0.294],[0.294],[0.294],[0.294],[0.294],[0.294],[0.294],[0.294],[0.294],[0.294],[0.294],[0.294],[0.294],[0.294],[0.294],[0.294],[0.294],[0.294],[0.294],[0.294],[0.294],[0.294]]],[["currentLatency",[null],[null],[null],[null],[null],[null],[null],[null],[null],[null],[0],[0],[0],[0],[0],[0],[0],[0],[0],[0],[0],[0],[0],[0],[0],[0],[0],[21.581],[22.581],[23.581],[24.581],[25.581],[26.581],[27.581],[28.581],[29.581],[30.581],[31.581],[32.581],[33.581],[34.177],[30.409],[31.409],[32.409],[33.409],[34.409],[35.409],[36.409],[37.409],[38.409],[39.409],[40.409],[41.409],[42.409],[43.409],[44.409],[45.409],[46.409],[47.409],[48.409],[49.409],[50.409],[51.409],[52.409],[53.409],[54.409],[55.409],[56.409],[57.409],[58.409],[59.409],[60.409],[61.409],[62.409],[63.409],[64.409],[65.409],[66.409],[67.409],[68.41],[69.409],[70.409],[71.409],[72.409],[73.409],[74.409],[75.409],[76.409],[77.409],[78.409],[79.409],[80.409],[81.409],[82.409],[83.41],[84.409],[85.409],[86.409],[87.409],[88.409],[89.409],[90.409],[91.409],[92.409],[93.409],[94.409],[95.409],[96.409],[97.409],[98.409],[99.409],[100.409],[101.409],[102.409],[103.409],[104.409],[105.409],[106.409],[107.409]]]]", source: file:///home/seluser/ppt/player/dashjs/index.html (115)
[231:231:0130/103616.134509:INFO:CONSOLE(116)] "
", source: file:///home/seluser/ppt/player/dashjs/index.html (116)
[231:231:0130/103616.134560:INFO:CONSOLE(117)] "Finish Player stistics 
", source: file:///home/seluser/ppt/player/dashjs/index.html (117)
[231:231:0130/103616.134595:INFO:CONSOLE(128)] "currentLatencynow: 108.41", source: file:///home/seluser/ppt/player/dashjs/index.html (128)
[231:231:0130/103616.381207:INFO:CONSOLE(128)] "currentLatencynow: 109.409", source: file:///home/seluser/ppt/player/dashjs/index.html (128)
[231:231:0130/103617.381419:INFO:CONSOLE(128)] "currentLatencynow: 110.409", source: file:///home/seluser/ppt/player/dashjs/index.html (128)
[231:231:0130/103618.380788:INFO:CONSOLE(128)] "currentLatencynow: 111.409", source: file:///home/seluser/ppt/player/dashjs/index.html (128)
[231:231:0130/103619.380747:INFO:CONSOLE(128)] "currentLatencynow: 112.409", source: file:///home/seluser/ppt/player/dashjs/index.html (128)
[231:231:0130/103620.745659:INFO:CONSOLE(128)] "currentLatencynow: 113.409", source: file:///home/seluser/ppt/player/dashjs/index.html (128)
[231:231:0130/103621.380944:INFO:CONSOLE(128)] "currentLatencynow: 114.409", source: file:///home/seluser/ppt/player/dashjs/index.html (128)
[231:231:0130/103622.380743:INFO:CONSOLE(128)] "currentLatencynow: 115.409", source: file:///home/seluser/ppt/player/dashjs/index.html (128)
[231:231:0130/103623.380807:INFO:CONSOLE(128)] "currentLatencynow: 116.409", source: file:///home/seluser/ppt/player/dashjs/index.html (128)
[231:231:0130/103625.040200:INFO:CONSOLE(128)] "currentLatencynow: 117.409", source: file:///home/seluser/ppt/player/dashjs/index.html (128)
[231:231:0130/103625.380862:INFO:CONSOLE(128)] "currentLatencynow: 118.409", source: file:///home/seluser/ppt/player/dashjs/index.html (128)
[231:231:0130/103627.029363:INFO:CONSOLE(128)] "currentLatencynow: 119.409", source: file:///home/seluser/ppt/player/dashjs/index.html (128)
[231:231:0130/103627.407059:INFO:CONSOLE(128)] "currentLatencynow: 120.409", source: file:///home/seluser/ppt/player/dashjs/index.html (128)
[231:231:0130/103628.380807:INFO:CONSOLE(128)] "currentLatencynow: 121.409", source: file:///home/seluser/ppt/player/dashjs/index.html (128)
[231:231:0130/103629.380842:INFO:CONSOLE(128)] "currentLatencynow: 122.409", source: file:///home/seluser/ppt/player/dashjs/index.html (128)
[231:231:0130/103630.406635:INFO:CONSOLE(128)] "currentLatencynow: 123.409", source: file:///home/seluser/ppt/player/dashjs/index.html (128)
[231:231:0130/103631.441241:INFO:CONSOLE(128)] "currentLatencynow: 124.409", source: file:///home/seluser/ppt/player/dashjs/index.html (128)
[231:231:0130/103632.381002:INFO:CONSOLE(128)] "currentLatencynow: 125.409", source: file:///home/seluser/ppt/player/dashjs/index.html (128)
[231:231:0130/103633.640555:INFO:CONSOLE(128)] "currentLatencynow: 126.409", source: file:///home/seluser/ppt/player/dashjs/index.html (128)
[231:231:0130/103634.381147:INFO:CONSOLE(128)] "currentLatencynow: 127.409", source: file:///home/seluser/ppt/player/dashjs/index.html (128)
[231:[231:231:0130/103636.380875:INFO:CONSOLE(128)] "currentLatencynow: 129.409", source: file:///home/seluser/ppt/player/dashjs/index.html (128)
[231:231:0130/103637.380906:INFO:CONSOLE(128)] "currentLatencynow: 130.409", source: file:///home/seluser/ppt/player/dashjs/index.html (128)
[231:231:0130/103638.381023:INFO:CONSOLE(128)] "currentLatencynow: 131.409", source: file:///home/seluser/ppt/player/dashjs/index.html (128)
[231:231:0130/103639.720197:INFO:CONSOLE(128)] "currentLatencynow: 132.409", source: file:///home/seluser/ppt/player/dashjs/index.html (128)
[231:231:0130/103640.380931:INFO:CONSOLE(128)] "currentLatencynow: 133.409", source: file:///home/seluser/ppt/player/dashjs/index.html (128)
[231:231:0130/103641.670111:INFO:CONSOLE(128)] "currentLatencynow: 134.409", source: file:///home/seluser/ppt/player/dashjs/index.html (128)
[231:231:0130/103642.381035:INFO:CONSOLE(128)] "currentLatencynow: 135.409", source: file:///home/seluser/ppt/player/dashjs/index.html (128)
[231:231:0130/103643.380888:INFO:CONSOLE(128)] "currentLatencynow: 136.409", source: file:///home/seluser/ppt/player/dashjs/index.html (128)
[231:231:0130/103644.380900:INFO:CONSOLE(128)] "currentLatencynow: 137.409", source: file:///home/seluser/ppt/player/dashjs/index.html (128)
[231:231:0130/103645.380942:INFO:CONSOLE(128)] "currentLatencynow: 138.409", source: file:///home/seluser/ppt/player/dashjs/index.html (128)
[231:231:0130/103646.396259:INFO:CONSOLE(128)] "currentLatencynow: 139.409", source: file:///home/seluser/ppt/player/dashjs/index.html (128)
[231:231:0130/103647.380914:INFO:CONSOLE(128)] "currentLatencynow: 140.409", source: file:///home/seluser/ppt/player/dashjs/index.html (128)
[231:231:0130/103648.814572:INFO:CONSOLE(128)] "currentLatencynow: 141.409", source: file:///home/seluser/ppt/player/dashjs/index.html (128)
[231:231:0130/103649.380921:INFO:CONSOLE(128)] "currentLatencynow: 142.409", source: file:///home/seluser/ppt/player/dashjs/index.html (128)
[231:231:0130/103650.447956:INFO:CONSOLE(128)] "currentLatencynow: 143.409", source: file:///home/seluser/ppt/player/dashjs/index.html (128)
[231:231:0130/103651.380795:INFO:CONSOLE(128)] "currentLatencynow: 144.409", source: file:///home/seluser/ppt/player/dashjs/index.html (128)
[231:231:0130/103652.380846:INFO:CONSOLE(128)] "currentLatencynow: 145.409", source: file:///home/seluser/ppt/player/dashjs/index.html (128)
[231:231:0130/103653.380990:INFO:CONSOLE(128)] "currentLatencynow: 146.409", source: file:///home/seluser/ppt/player/dashjs/index.html (128)
[231:231:0130/103654.380904:INFO:CONSOLE(128)] "currentLatencynow: 147.409", source: file:///home/seluser/ppt/player/dashjs/index.html (128)
[231:231:0130/103655.380816:INFO:CONSOLE(128)] "currentLatencynow: 148.409", source: file:///home/seluser/ppt/player/dashjs/index.html (128)
[231:231:0130/103656.380853:INFO:CONSOLE(128)] "currentLatencynow: 149.409", source: file:///home/seluser/ppt/player/dashjs/index.html (128)
[231:231:0130/103657.381016:INFO:CONSOLE(128)] "currentLatencynow: 150.409", source: file:///home/seluser/ppt/player/dashjs/index.html (128)
[231:231:0130/103658.380847:INFO:CONSOLE(128)] "currentLatencynow: 151.409", source: file:///home/seluser/ppt/player/dashjs/index.html (128)
[231:231:0130/103659.380887:INFO:CONSOLE(128)] "currentLatencynow: 152.409", source: file:///home/seluser/ppt/player/dashjs/index.html (128)
[231:231:0130/103700.381036:INFO:CONSOLE(128)] "currentLatencynow: 153.409", source: file:///home/seluser/ppt/player/dashjs/index.html (128)
[231:231:0130/103701.381059:INFO:CONSOLE(128)] "currentLatencynow: 154.409", source: file:///home/seluser/ppt/player/dashjs/index.html (128)
[231:231:0130/103702.381066:INFO:CONSOLE(128)] "currentLatencynow: 155.409", source: file:///home/seluser/ppt/player/dashjs/index.html (128)
[231:231:0130/103703.380902:INFO:CONSOLE(128)] "currentLatencynow: 156.409", source: file:///home/seluser/ppt/player/dashjs/index.html (128)
[231:231:0130/103704.380985:INFO:CONSOLE(128)] "currentLatencynow: 157.409", source: file:///home/seluser/ppt/player/dashjs/index.html (128)
[231:231:0130/103705.380990:INFO:CONSOLE(128)] "currentLatencynow: 158.409", source: file:///home/seluser/ppt/player/dashjs/index.html (128)
[231:231:0130/103706.380881:INFO:CONSOLE(128)] "currentLatencynow: 159.409", source: file:///home/seluser/ppt/player/dashjs/index.html (128)
[231:231:0130/103707.381007:INFO:CONSOLE(128)] "currentLatencynow: 160.409", source: file:///home/seluser/ppt/player/dashjs/index.html (128)
[231:231:0130/103708.380929:INFO:CONSOLE(128)] "currentLatencynow: 161.409", source: file:///home/seluser/ppt/player/dashjs/index.html (128)
[231:231:0130/103709.381059:INFO:CONSOLE(128)] "currentLatencynow: 162.409", source: file:///home/seluser/ppt/player/dashjs/index.html (128)
[231:231:0130/103710.380972:INFO:CONSOLE(128)] "currentLatencynow: 163.409", source: file:///home/seluser/ppt/player/dashjs/index.html (128)
[231:231:0130/103711.380952:INFO:CONSOLE(128)] "currentLatencynow: 164.409", source: file:///home/seluser/ppt/player/dashjs/index.html (128)
[231:231:0130/103712.380955:INFO:CONSOLE(128)] "currentLatencynow: 165.409", source: file:///home/seluser/ppt/player/dashjs/index.html (128)
[231:231:0130/103713.381008:INFO:CONSOLE(128)] "currentLatencynow: 166.409", source: file:///home/seluser/ppt/player/dashjs/index.html (128)
[231:231:0130/103714.380919:INFO:CONSOLE(128)] "currentLatencynow: 167.409", source: file:///home/seluser/ppt/player/dashjs/index.html (128)
[231:231:0130/103715.381055:INFO:CONSOLE(128)] "currentLatencynow: 168.409", source: file:///home/seluser/ppt/player/dashjs/index.html (128)
[231:252:0130/103715.521161:ERROR:database.cc(1761)] History SQLite error: code 1 errno 0: cannot commit - no transaction is active sql: COMMIT
[231:231:0130/103715.531406:WARNING:pref_notifier_impl.cc(40)] Pref observer for media_router.cast_allow_all_ips found at shutdown.
