[230:294:0130/104444.139867:ERROR:bus.cc(392)] Failed to connect to the bus: Failed to connect to socket /var/run/dbus/system_bus_socket: No such file or directory
[230:257:0130/104444.142066:ERROR:bus.cc(392)] Failed to connect to the bus: Address does not contain a colon
[230:257:0130/104444.142327:ERROR:bus.cc(392)] Failed to connect to the bus: Address does not contain a colon
[230:257:0130/104444.153132:ERROR:bus.cc(392)] Failed to connect to the bus: Address does not contain a colon
[230:257:0130/104444.153315:ERROR:bus.cc(392)] Failed to connect to the bus: Address does not contain a colon
[301:301:0130/104444.156235:ERROR:gpu_init.cc(453)] Passthrough is not supported, GL is swiftshader, ANGLE is 
[230:257:0130/104444.183372:ERROR:bus.cc(392)] Failed to connect to the bus: Address does not contain a colon
[230:257:0130/104444.183426:ERROR:bus.cc(392)] Failed to connect to the bus: Address does not contain a colon
[230:390:0130/104444.234094:ERROR:bus.cc(392)] Failed to connect to the bus: Failed to connect to socket /var/run/dbus/system_bus_socket: No such file or directory
[230:390:0130/104444.234166:ERROR:bus.cc(392)] Failed to connect to the bus: Failed to connect to socket /var/run/dbus/system_bus_socket: No such file or directory
[230:390:0130/104444.234223:ERROR:bus.cc(392)] Failed to connect to the bus: Failed to connect to socket /var/run/dbus/system_bus_socket: No such file or directory
[230:390:0130/104444.234239:WARNING:property.cc(144)] DaemonVersion: GetAndBlock: failed.
[230:390:0130/104444.234273:ERROR:bus.cc(392)] Failed to connect to the bus: Failed to connect to socket /var/run/dbus/system_bus_socket: No such file or directory
[230:390:0130/104444.234322:ERROR:bus.cc(392)] Failed to connect to the bus: Failed to connect to socket /var/run/dbus/system_bus_socket: No such file or directory
[230:230:0130/104445.534292:INFO:CONSOLE(128)] "currentLatencynow: NaN", source: file:///home/seluser/ppt/player/dashjs/index.html (128)
[230:316:0130/104446.328011:ERROR:chrome_browser_main_extra_parts_metrics.cc(228)] crbug.com/1216328: Checking Bluetooth availability started. Please report if there is no report that this ends.
[230:316:0130/104446.328053:ERROR:chrome_browser_main_extra_parts_metrics.cc(231)] crbug.com/1216328: Checking Bluetooth availability ended.
[230:316:0130/104446.328063:ERROR:chrome_browser_main_extra_parts_metrics.cc(234)] crbug.com/1216328: Checking default browser status started. Please report if there is no report that this ends.
[230:316:0130/104446.476491:ERROR:chrome_browser_main_extra_parts_metrics.cc(238)] crbug.com/1216328: Checking default browser status ended.
[230:230:0130/104446.533852:INFO:CONSOLE(128)] "currentLatencynow: 0", source: file:///home/seluser/ppt/player/dashjs/index.html (128)
[230:230:0130/104447.533702:INFO:CONSOLE(128)] "currentLatencynow: 0", source: file:///home/seluser/ppt/player/dashjs/index.html (128)
[230:230:0130/104448.533684:INFO:CONSOLE(128)] "currentLatencynow: 0", source: file:///home/seluser/ppt/player/dashjs/index.html (128)
[635:635:0130/104448.950090:WARNING:audio_manager_linux.cc(69)] Falling back to ALSA for audio output. PulseAudio is not available or could not be initialized.
[635:635:0130/104448.954664:ERROR:alsa_util.cc(204)] PcmOpen: default,No such file or directory
[635:635:0130/104448.954762:ERROR:alsa_util.cc(204)] PcmOpen: plug:default,No such file or directory
[230:230:0130/104449.533849:INFO:CONSOLE(128)] "currentLatencynow: 7.543", source: file:///home/seluser/ppt/player/dashjs/index.html (128)
[230:230:0130/104450.533931:INFO:CONSOLE(128)] "currentLatencynow: 8.543", source: file:///home/seluser/ppt/player/dashjs/index.html (128)
[230:257:0130/104450.806198:ERROR:bus.cc(392)] Failed to connect to the bus: Address does not contain a colon
[230:257:0130/104450.806255:ERROR:bus.cc(392)] Failed to connect to the bus: Address does not contain a colon
[230:257:0130/104450.806269:ERROR:bus.cc(392)] Failed to connect to the bus: Address does not contain a colon
[230:257:0130/104450.806279:ERROR:bus.cc(392)] Failed to connect to the bus: Address does not contain a colon
[230:257:0130/104450.806300:ERROR:bus.cc(392)] Failed to connect to the bus: Address does not contain a colon
[230:257:0130/104450.806311:ERROR:bus.cc(392)] Failed to connect to the bus: Address does not contain a colon
[230:257:0130/104450.806321:ERROR:bus.cc(392)] Failed to connect to the bus: Address does not contain a colon
[230:257:0130/104450.806329:ERROR:bus.cc(392)] Failed to connect to the bus: Address does not contain a colon
[230:257:0130/104450.806339:ERROR:bus.cc(392)] Failed to connect to the bus: Address does not contain a colon
[230:257:0130/104450.806346:ERROR:bus.cc(392)] Failed to connect to the bus: Address does not contain a colon
[230:257:0130/104450.806356:ERROR:bus.cc(392)] Failed to connect to the bus: Address does not contain a colon
[230:257:0130/104450.806365:ERROR:bus.cc(392)] Failed to connect to the bus: Address does not contain a colon
[230:257:0130/104450.806377:ERROR:bus.cc(392)] Failed to connect to the bus: Address does not contain a colon
[230:257:0130/104450.806384:ERROR:bus.cc(392)] Failed to connect to the bus: Address does not contain a colon
[230:257:0130/104450.810232:ERROR:bus.cc(392)] Failed to connect to the bus: Address does not contain a colon
[230:257:0130/104450.810262:ERROR:bus.cc(392)] Failed to connect to the bus: Address does not contain a colon
[230:257:0130/104450.810278:ERROR:bus.cc(392)] Failed to connect to the bus: Address does not contain a colon
[230:257:0130/104450.891732:ERROR:bus.cc(392)] Failed to connect to the bus: Address does not contain a colon
[230:257:0130/104450.891768:ERROR:bus.cc(392)] Failed to connect to the bus: Address does not contain a colon
[230:230:0130/104451.533722:INFO:CONSOLE(128)] "currentLatencynow: 8.83", source: file:///home/seluser/ppt/player/dashjs/index.html (128)
[230:230:0130/104452.533522:INFO:CONSOLE(128)] "currentLatencynow: 8.802", source: file:///home/seluser/ppt/player/dashjs/index.html (128)
[230:230:0130/104453.533575:INFO:CONSOLE(128)] "currentLatencynow: 8.886", source: file:///home/seluser/ppt/player/dashjs/index.html (128)
[230:230:0130/104454.533566:INFO:CONSOLE(128)] "currentLatencynow: 8.886", source: file:///home/seluser/ppt/player/dashjs/index.html (128)
[230:230:0130/104455.533617:INFO:CONSOLE(128)] "currentLatencynow: 9.81", source: file:///home/seluser/ppt/player/dashjs/index.html (128)
[230:230:0130/104456.533703:INFO:CONSOLE(128)] "currentLatencynow: 10.81", source: file:///home/seluser/ppt/player/dashjs/index.html (128)
[230:257:0130/104457.366781:ERROR:bus.cc(392)] Failed to connect to the bus: Address does not contain a colon
[230:257:0130/104457.366856:ERROR:bus.cc(392)] Failed to connect to the bus: Address does not contain a colon
[230:230:0130/104457.533596:INFO:CONSOLE(128)] "currentLatencynow: 11.605", source: file:///home/seluser/ppt/player/dashjs/index.html (128)
[230:230:0130/104458.533599:INFO:CONSOLE(128)] "currentLatencynow: 11.506", source: file:///home/seluser/ppt/player/dashjs/index.html (128)
[230:230:0130/104459.533694:INFO:CONSOLE(128)] "currentLatencynow: 11.8", source: file:///home/seluser/ppt/player/dashjs/index.html (128)
[230:230:0130/104500.533705:INFO:CONSOLE(128)] "currentLatencynow: 12.019", source: file:///home/seluser/ppt/player/dashjs/index.html (128)
[230:230:0130/104501.533617:INFO:CONSOLE(128)] "currentLatencynow: 12.019", source: file:///home/seluser/ppt/player/dashjs/index.html (128)
[230:230:0130/104502.533680:INFO:CONSOLE(128)] "currentLatencynow: 12.775", source: file:///home/seluser/ppt/player/dashjs/index.html (128)
[230:230:0130/104503.533621:INFO:CONSOLE(128)] "currentLatencynow: 13.775", source: file:///home/seluser/ppt/player/dashjs/index.html (128)
[230:230:0130/104504.533727:INFO:CONSOLE(128)] "currentLatencynow: 14.775", source: file:///home/seluser/ppt/player/dashjs/index.html (128)
[230:230:0130/104505.533889:INFO:CONSOLE(128)] "currentLatencynow: 15.775", source: file:///home/seluser/ppt/player/dashjs/index.html (128)
[230:230:0130/104506.533599:INFO:CONSOLE(128)] "currentLatencynow: 16.775", source: file:///home/seluser/ppt/player/dashjs/index.html (128)
[230:230:0130/104507.533779:INFO:CONSOLE(128)] "currentLatencynow: 17.775", source: file:///home/seluser/ppt/player/dashjs/index.html (128)
[230:230:0130/104508.533836:INFO:CONSOLE(128)] "currentLatencynow: 18.775", source: file:///home/seluser/ppt/player/dashjs/index.html (128)
[230:230:0130/104509.533740:INFO:CONSOLE(128)] "currentLatencynow: 19.775", source: file:///home/seluser/ppt/player/dashjs/index.html (128)
[230:230:0130/104510.533677:INFO:CONSOLE(128)] "currentLatencynow: 20.775", source: file:///home/seluser/ppt/player/dashjs/index.html (128)
[230:257:0130/104511.253191:ERROR:bus.cc(392)] Failed to connect to the bus: Address does not contain a colon
[230:257:0130/104511.253267:ERROR:bus.cc(392)] Failed to connect to the bus: Address does not contain a colon
[230:230:0130/104511.533580:INFO:CONSOLE(128)] "currentLatencynow: 21.4", source: file:///home/seluser/ppt/player/dashjs/index.html (128)
[230:230:0130/104512.533649:INFO:CONSOLE(128)] "currentLatencynow: 21.3", source: file:///home/seluser/ppt/player/dashjs/index.html (128)
[230:230:0130/104513.533605:INFO:CONSOLE(128)] "currentLatencynow: 21.2", source: file:///home/seluser/ppt/player/dashjs/index.html (128)
[230:230:0130/104514.533556:INFO:CONSOLE(128)] "currentLatencynow: 21.1", source: file:///home/seluser/ppt/player/dashjs/index.html (128)
[230:230:0130/104515.533874:INFO:CONSOLE(128)] "currentLatencynow: 21", source: file:///home/seluser/ppt/player/dashjs/index.html (128)
[230:230:0130/104516.533613:INFO:CONSOLE(128)] "currentLatencynow: 20.9", source: file:///home/seluser/ppt/player/dashjs/index.html (128)
[230:230:0130/104517.533678:INFO:CONSOLE(128)] "currentLatencynow: 20.8", source: file:///home/seluser/ppt/player/dashjs/index.html (128)
[230:230:0130/104518.533600:INFO:CONSOLE(128)] "currentLatencynow: 20.771", source: file:///home/seluser/ppt/player/dashjs/index.html (128)
[230:230:0130/104519.533638:INFO:CONSOLE(128)] "currentLatencynow: 21.771", source: file:///home/seluser/ppt/player/dashjs/index.html (128)
[230:230:0130/104520.533593:INFO:CONSOLE(128)] "currentLatencynow: 22.771", source: file:///home/seluser/ppt/player/dashjs/index.html (128)
[230:230:0130/104521.533545:INFO:CONSOLE(128)] "currentLatencynow: 23.771", source: file:///home/seluser/ppt/player/dashjs/index.html (128)
[230:257:0130/104521.734609:ERROR:bus.cc(392)] Failed to connect to the bus: Address does not contain a colon
[230:257:0130/104521.734687:ERROR:bus.cc(392)] Failed to connect to the bus: Address does not contain a colon
[230:230:0130/104522.533605:INFO:CONSOLE(128)] "currentLatencynow: 23.855", source: file:///home/seluser/ppt/player/dashjs/index.html (128)
[230:230:0130/104523.533620:INFO:CONSOLE(128)] "currentLatencynow: 23.755", source: file:///home/seluser/ppt/player/dashjs/index.html (128)
[230:230:0130/104524.533595:INFO:CONSOLE(128)] "currentLatencynow: 23.655", source: file:///home/seluser/ppt/player/dashjs/index.html (128)
[230:230:0130/104525.533625:INFO:CONSOLE(128)] "currentLatencynow: 23.555", source: file:///home/seluser/ppt/player/dashjs/index.html (128)
[230:230:0130/104526.533562:INFO:CONSOLE(128)] "currentLatencynow: 23.455", source: file:///home/seluser/ppt/player/dashjs/index.html (128)
[230:230:0130/104527.533638:INFO:CONSOLE(128)] "currentLatencynow: 23.355", source: file:///home/seluser/ppt/player/dashjs/index.html (128)
[230:230:0130/104528.533652:INFO:CONSOLE(128)] "currentLatencynow: 23.255", source: file:///home/seluser/ppt/player/dashjs/index.html (128)
[230:230:0130/104529.533621:INFO:CONSOLE(128)] "currentLatencynow: 23.155", source: file:///home/seluser/ppt/player/dashjs/index.html (128)
[230:230:0130/104530.533614:INFO:CONSOLE(128)] "currentLatencynow: 23.055", source: file:///home/seluser/ppt/player/dashjs/index.html (128)
[230:230:0130/104531.533602:INFO:CONSOLE(128)] "currentLatencynow: 23.727", source: file:///home/seluser/ppt/player/dashjs/index.html (128)
[230:230:0130/104532.533535:INFO:CONSOLE(128)] "currentLatencynow: 24.727", source: file:///home/seluser/ppt/player/dashjs/index.html (128)
[230:257:0130/104533.151513:ERROR:bus.cc(392)] Failed to connect to the bus: Address does not contain a colon
[230:257:0130/104533.151615:ERROR:bus.cc(392)] Failed to connect to the bus: Address does not contain a colon
[230:230:0130/104533.533794:INFO:CONSOLE(128)] "currentLatencynow: 25.217", source: file:///home/seluser/ppt/player/dashjs/index.html (128)
[230:230:0130/104534.533744:INFO:CONSOLE(128)] "currentLatencynow: 25.117", source: file:///home/seluser/ppt/player/dashjs/index.html (128)
[230:230:0130/104535.533555:INFO:CONSOLE(128)] "currentLatencynow: 25.017", source: file:///home/seluser/ppt/player/dashjs/index.html (128)
[230:230:0130/104536.533663:INFO:CONSOLE(128)] "currentLatencynow: 24.917", source: file:///home/seluser/ppt/player/dashjs/index.html (128)
[230:230:0130/104537.533621:INFO:CONSOLE(128)] "currentLatencynow: 24.817", source: file:///home/seluser/ppt/player/dashjs/index.html (128)
[230:230:0130/104538.533537:INFO:CONSOLE(128)] "currentLatencynow: 24.717", source: file:///home/seluser/ppt/player/dashjs/index.html (128)
[230:230:0130/104539.533644:INFO:CONSOLE(128)] "currentLatencynow: 24.617", source: file:///home/seluser/ppt/player/dashjs/index.html (128)
[230:230:0130/104540.533660:INFO:CONSOLE(128)] "currentLatencynow: 24.517", source: file:///home/seluser/ppt/player/dashjs/index.html (128)
[230:230:0130/104541.533695:INFO:CONSOLE(128)] "currentLatencynow: 24.417", source: file:///home/seluser/ppt/player/dashjs/index.html (128)
[230:230:0130/104542.533894:INFO:CONSOLE(128)] "currentLatencynow: 24.705", source: file:///home/seluser/ppt/player/dashjs/index.html (128)
[230:230:0130/104543.533872:INFO:CONSOLE(128)] "currentLatencynow: 25.705", source: file:///home/seluser/ppt/player/dashjs/index.html (128)
[230:230:0130/104544.533519:INFO:CONSOLE(128)] "currentLatencynow: 26.624", source: file:///home/seluser/ppt/player/dashjs/index.html (128)
[230:257:0130/104544.567826:ERROR:bus.cc(392)] Failed to connect to the bus: Address does not contain a colon
[230:257:0130/104544.567909:ERROR:bus.cc(392)] Failed to connect to the bus: Address does not contain a colon
[230:230:0130/104545.533599:INFO:CONSOLE(128)] "currentLatencynow: 26.688", source: file:///home/seluser/ppt/player/dashjs/index.html (128)
[230:230:0130/104546.533919:INFO:CONSOLE(128)] "currentLatencynow: 26.66", source: file:///home/seluser/ppt/player/dashjs/index.html (128)
[230:230:0130/104547.533806:INFO:CONSOLE(128)] "currentLatencynow: 26.56", source: file:///home/seluser/ppt/player/dashjs/index.html (128)
[230:230:0130/104548.533618:INFO:CONSOLE(128)] "currentLatencynow: 26.487", source: file:///home/seluser/ppt/player/dashjs/index.html (128)
[230:230:0130/104549.533601:INFO:CONSOLE(128)] "currentLatencynow: 26.487", source: file:///home/seluser/ppt/player/dashjs/index.html (128)
[230:230:0130/104550.533656:INFO:CONSOLE(128)] "currentLatencynow: 26.689", source: file:///home/seluser/ppt/player/dashjs/index.html (128)
[230:230:0130/104551.533578:INFO:CONSOLE(128)] "currentLatencynow: 27.689", source: file:///home/seluser/ppt/player/dashjs/index.html (128)
[230:230:0130/104552.533625:INFO:CONSOLE(128)] "currentLatencynow: 28.689", source: file:///home/seluser/ppt/player/dashjs/index.html (128)
[230:257:0130/104553.314314:ERROR:bus.cc(392)] Failed to connect to the bus: Address does not contain a colon
[230:257:0130/104553.314409:ERROR:bus.cc(392)] Failed to connect to the bus: Address does not contain a colon
[230:230:0130/104553.533611:INFO:CONSOLE(128)] "currentLatencynow: 29.386", source: file:///home/seluser/ppt/player/dashjs/index.html (128)
[230:230:0130/104554.533703:INFO:CONSOLE(128)] "currentLatencynow: 29.286", source: file:///home/seluser/ppt/player/dashjs/index.html (128)
[230:230:0130/104555.533578:INFO:CONSOLE(128)] "currentLatencynow: 29.186", source: file:///home/seluser/ppt/player/dashjs/index.html (128)
[230:230:0130/104556.533596:INFO:CONSOLE(128)] "currentLatencynow: 29.086", source: file:///home/seluser/ppt/player/dashjs/index.html (128)
[230:230:0130/104557.533535:INFO:CONSOLE(128)] "currentLatencynow: 28.986", source: file:///home/seluser/ppt/player/dashjs/index.html (128)
[230:230:0130/104558.533553:INFO:CONSOLE(128)] "currentLatencynow: 28.886", source: file:///home/seluser/ppt/player/dashjs/index.html (128)
[230:230:0130/104559.533595:INFO:CONSOLE(128)] "currentLatencynow: 28.786", source: file:///home/seluser/ppt/player/dashjs/index.html (128)
[230:230:0130/104600.533597:INFO:CONSOLE(128)] "currentLatencynow: 28.699", source: file:///home/seluser/ppt/player/dashjs/index.html (128)
[230:230:0130/104601.534079:INFO:CONSOLE(128)] "currentLatencynow: 29.639", source: file:///home/seluser/ppt/player/dashjs/index.html (128)
[230:230:0130/104602.533620:INFO:CONSOLE(128)] "currentLatencynow: 30.086", source: file:///home/seluser/ppt/player/dashjs/index.html (128)
[230:230:0130/104603.533659:INFO:CONSOLE(128)] "currentLatencynow: 30.086", source: file:///home/seluser/ppt/player/dashjs/index.html (128)
[230:230:0130/104604.533768:INFO:CONSOLE(128)] "currentLatencynow: 30.484", source: file:///home/seluser/ppt/player/dashjs/index.html (128)
[230:230:0130/104605.533699:INFO:CONSOLE(128)] "currentLatencynow: 31.484", source: file:///home/seluser/ppt/player/dashjs/index.html (128)
[230:230:0130/104606.533638:INFO:CONSOLE(128)] "currentLatencynow: 32.484", source: file:///home/seluser/ppt/player/dashjs/index.html (128)
[230:230:0130/104607.533651:INFO:CONSOLE(128)] "currentLatencynow: 33.484", source: file:///home/seluser/ppt/player/dashjs/index.html (128)
[230:230:0130/104608.533849:INFO:CONSOLE(128)] "currentLatencynow: 34.484", source: file:///home/seluser/ppt/player/dashjs/index.html (128)
[230:230:0130/104609.533951:INFO:CONSOLE(128)] "currentLatencynow: 35.484", source: file:///home/seluser/ppt/player/dashjs/index.html (128)
[230:230:0130/104610.533856:INFO:CONSOLE(128)] "currentLatencynow: 36.484", source: file:///home/seluser/ppt/player/dashjs/index.html (128)
[230:230:0130/104611.533755:INFO:CONSOLE(128)] "currentLatencynow: 37.484", source: file:///home/seluser/ppt/player/dashjs/index.html (128)
[230:230:0130/104612.533886:INFO:CONSOLE(128)] "currentLatencynow: 38.484", source: file:///home/seluser/ppt/player/dashjs/index.html (128)
[230:230:0130/104613.533773:INFO:CONSOLE(128)] "currentLatencynow: 39.484", source: file:///home/seluser/ppt/player/dashjs/index.html (128)
[230:230:0130/104614.533717:INFO:CONSOLE(128)] "currentLatencynow: 40.484", source: file:///home/seluser/ppt/player/dashjs/index.html (128)
[230:230:0130/104615.533766:INFO:CONSOLE(128)] "currentLatencynow: 41.484", source: file:///home/seluser/ppt/player/dashjs/index.html (128)
[230:230:0130/104616.533884:INFO:CONSOLE(128)] "currentLatencynow: 42.484", source: file:///home/seluser/ppt/player/dashjs/index.html (128)
[230:230:0130/104617.533765:INFO:CONSOLE(128)] "currentLatencynow: 43.484", source: file:///home/seluser/ppt/player/dashjs/index.html (128)
[230:230:0130/104618.533923:INFO:CONSOLE(128)] "currentLatencynow: 44.484", source: file:///home/seluser/ppt/player/dashjs/index.html (128)
[230:230:0130/104619.533780:INFO:CONSOLE(128)] "currentLatencynow: 45.484", source: file:///home/seluser/ppt/player/dashjs/index.html (128)
[230:230:0130/104620.533772:INFO:CONSOLE(128)] "currentLatencynow: 46.484", source: file:///home/seluser/ppt/player/dashjs/index.html (128)
[230:230:0130/104621.533849:INFO:CONSOLE(128)] "currentLatencynow: 47.484", source: file:///home/seluser/ppt/player/dashjs/index.html (128)
[230:230:0130/104622.534131:INFO:CONSOLE(128)] "currentLatencynow: 48.484", source: file:///home/seluser/ppt/player/dashjs/index.html (128)
[230:230:0130/104623.533747:INFO:CONSOLE(128)] "currentLatencynow: 49.484", source: file:///home/seluser/ppt/player/dashjs/index.html (128)
[230:230:0130/104624.533700:INFO:CONSOLE(128)] "currentLatencynow: 50.484", source: file:///home/seluser/ppt/player/dashjs/index.html (128)
[230:230:0130/104625.533699:INFO:CONSOLE(128)] "currentLatencynow: 51.484", source: file:///home/seluser/ppt/player/dashjs/index.html (128)
[230:230:0130/104626.533740:INFO:CONSOLE(128)] "currentLatencynow: 52.484", source: file:///home/seluser/ppt/player/dashjs/index.html (128)
[230:230:0130/104627.533730:INFO:CONSOLE(128)] "currentLatencynow: 53.484", source: file:///home/seluser/ppt/player/dashjs/index.html (128)
[230:230:0130/104628.533704:INFO:CONSOLE(128)] "currentLatencynow: 54.484", source: file:///home/seluser/ppt/player/dashjs/index.html (128)
[230:230:0130/104629.533747:INFO:CONSOLE(128)] "currentLatencynow: 55.484", source: file:///home/seluser/ppt/player/dashjs/index.html (128)
[230:230:0130/104630.533870:INFO:CONSOLE(128)] "currentLatencynow: 56.484", source: file:///home/seluser/ppt/player/dashjs/index.html (128)
[230:230:0130/104631.533969:INFO:CONSOLE(128)] "currentLatencynow: 57.484", source: file:///home/seluser/ppt/player/dashjs/index.html (128)
[230:230:0130/104632.533725:INFO:CONSOLE(128)] "currentLatencynow: 58.484", source: file:///home/seluser/ppt/player/dashjs/index.html (128)
[230:230:0130/104633.533802:INFO:CONSOLE(128)] "currentLatencynow: 59.484", source: file:///home/seluser/ppt/player/dashjs/index.html (128)
[230:230:0130/104634.533925:INFO:CONSOLE(128)] "currentLatencynow: 60.484", source: file:///home/seluser/ppt/player/dashjs/index.html (128)
[230:230:0130/104635.533682:INFO:CONSOLE(128)] "currentLatencynow: 61.484", source: file:///home/seluser/ppt/player/dashjs/index.html (128)
[230:230:0130/104636.533737:INFO:CONSOLE(128)] "currentLatencynow: 62.484", source: file:///home/seluser/ppt/player/dashjs/index.html (128)
[230:230:0130/104637.533811:INFO:CONSOLE(128)] "currentLatencynow: 63.484", source: file:///home/seluser/ppt/player/dashjs/index.html (128)
[230:230:0130/104638.533777:INFO:CONSOLE(128)] "currentLatencynow: 64.484", source: file:///home/seluser/ppt/player/dashjs/index.html (128)
[230:230:0130/104639.533806:INFO:CONSOLE(128)] "currentLatencynow: 65.484", source: file:///home/seluser/ppt/player/dashjs/index.html (128)
[230:230:0130/104640.533735:INFO:CONSOLE(128)] "currentLatencynow: 66.484", source: file:///home/seluser/ppt/player/dashjs/index.html (128)
[230:230:0130/104641.533760:INFO:CONSOLE(128)] "currentLatencynow: 67.484", source: file:///home/seluser/ppt/player/dashjs/index.html (128)
[230:230:0130/104642.533857:INFO:CONSOLE(128)] "currentLatencynow: 68.484", source: file:///home/seluser/ppt/player/dashjs/index.html (128)
[230:230:0130/104643.533884:INFO:CONSOLE(128)] "currentLatencynow: 69.484", source: file:///home/seluser/ppt/player/dashjs/index.html (128)
[230:230:0130/104644.533949:INFO:CONSOLE(114)] "Begin Player stistics 
", source: file:///home/seluser/ppt/player/dashjs/index.html (114)
[230:230:0130/104644.534366:INFO:CONSOLE(115)] "["stall",[["3.91","6.46",2.55]],[["8.13","8.38",0.25]],[["10.26","10.51",0.25]],[["14.83","15.08",0.25]],[["17.43","17.68",0.25]],[["34.13","34.38",0.25]],[["46.49","46.74",0.25]],[["57.83","58.08",0.25]],[["65.98","66.23",0.25]],[["76.25","76.50",0.25]],[["77.81","77.81",0]],[["availibleBW",[null],[null],[null],[null],[null],[null],[7135],[7135],[7135],[6841],[6841],[6737],[6699],[6699],[6699],[6699],[6554],[6554],[6554],[6554],[6554],[6554],[6411],[6411],[6275],[6275],[6117],[6117],[5806],[5806],[5806],[5646],[5646],[5646],[5475],[5475],[5317],[5317],[5141],[5141],[4988],[4988],[4988],[4851],[4851],[4699],[4699],[4699],[4728],[4728],[4570],[4570],[4570],[4402],[4402],[4249],[4249],[4249],[4088],[4088],[4088],[3931],[3931],[3931],[3775],[3775],[3609],[3609],[3299],[3299],[3137],[3137],[3137],[2983],[2983],[2983],[2837],[2837],[2837],[2837],[2837],[2837],[2837],[2837],[2837],[2837],[2837],[2837],[2837],[2837],[2837],[2837],[2837],[2837],[2837],[2837],[2837],[2837],[2837],[2837],[2837],[2837],[2837],[2837],[2837],[2837],[2837],[2837],[2837],[2837],[2837],[2837],[2837],[2837],[2837],[2837],[2837],[2837],[2837]]],[["currentBuffer",[0],[0],[0],[0],[0],[0],[1.307],[0.029],[0],[0],[0],[0.038],[1.957],[0.927],[0.031],[0],[0],[0],[0],[0],[0],[0],[0.007],[0.007],[2.009],[2.009],[3.643],[2.543],[3.445],[2.345],[1.245],[2.147],[1.047],[0.011],[2.013],[2.013],[4.015],[3.156],[4.059],[2.959],[3.86],[2.76],[1.66],[2.563],[1.463],[2.364],[1.98],[1.98],[3.691],[2.591],[3.476],[2.393],[1.293],[2.013],[1.095],[1.997],[0.897],[0],[1.967],[1.967],[1.051],[2.036],[0.936],[0],[0.855],[0],[1.958],[1.958],[3.871],[2.778],[3.546],[2.58],[1.48],[2.253],[1.282],[0.182],[0],[1.487],[0.487],[0],[0],[0],[0],[0],[0],[0],[0],[0],[0],[0],[0],[0],[0],[0],[0],[0],[0],[0],[0],[0],[0],[0],[0],[0],[0],[0],[0],[0],[0],[0],[0],[0],[0],[0],[0],[0],[0],[0],[0]]],[["currentLatency",[null],[0],[0],[0],[7.543],[8.543],[8.83],[8.802],[8.886],[8.886],[9.81],[10.81],[11.605],[11.506],[11.8],[12.019],[12.019],[12.775],[13.775],[14.775],[15.775],[16.775],[17.775],[18.775],[19.775],[20.775],[21.4],[21.3],[21.2],[21.1],[21],[20.9],[20.8],[20.771],[21.771],[22.771],[23.771],[23.855],[23.755],[23.655],[23.555],[23.455],[23.355],[23.255],[23.155],[23.055],[23.727],[24.727],[25.217],[25.117],[25.017],[24.917],[24.817],[24.717],[24.617],[24.517],[24.417],[24.705],[25.705],[26.624],[26.688],[26.66],[26.56],[26.487],[26.487],[26.689],[27.689],[28.689],[29.386],[29.286],[29.186],[29.086],[28.986],[28.886],[28.786],[28.699],[29.639],[30.086],[30.086],[30.484],[31.484],[32.484],[33.484],[34.484],[35.484],[36.484],[37.484],[38.484],[39.484],[40.484],[41.484],[42.484],[43.484],[44.484],[45.484],[46.484],[47.484],[48.484],[49.484],[50.484],[51.484],[52.484],[53.484],[54.484],[55.484],[56.484],[57.484],[58.484],[59.484],[60.484],[61.484],[62.484],[63.484],[64.484],[65.484],[66.484],[67.484],[68.484],[69.484]]]]", source: file:///home/seluser/ppt/player/dashjs/index.html (115)
[230:230:0130/104644.534454:INFO:CONSOLE(116)] "
", source: file:///home/seluser/ppt/player/dashjs/index.html (116)
[230:230:0130/104644.534490:INFO:CONSOLE(117)] "Finish Player stistics 
", source: file:///home/seluser/ppt/player/dashjs/index.html (117)
[230:230:0130/104644.534521:INFO:CONSOLE(128)] "currentLatencynow: 70.485", source: file:///home/seluser/ppt/player/dashjs/index.html (128)
[230:230:0130/104645.533803:INFO:CONSOLE(128)] "currentLatencynow: 71.484", source: file:///home/seluser/ppt/player/dashjs/index.html (128)
[230:230:0130/104646.533777:INFO:CONSOLE(128)] "currentLatencynow: 72.484", source: file:///home/seluser/ppt/player/dashjs/index.html (128)
[230:230:0130/104647.533721:INFO:CONSOLE(128)] "currentLatencynow: 73.484", source: file:///home/seluser/ppt/player/dashjs/index.html (128)
[230:230:0130/104648.533890:INFO:CONSOLE(128)] "currentLatencynow: 74.484", source: file:///home/seluser/ppt/player/dashjs/index.html (128)
[230:230:0130/104649.533695:INFO:CONSOLE(128)] "currentLatencynow: 75.484", source: file:///home/seluser/ppt/player/dashjs/index.html (128)
[230:230:0130/104650.533789:INFO:CONSOLE(128)] "currentLatencynow: 76.484", source: file:///home/seluser/ppt/player/dashjs/index.html (128)
[230:230:0130/104651.533861:INFO:CONSOLE(128)] "currentLatencynow: 77.484", source: file:///home/seluser/ppt/player/dashjs/index.html (128)
[230:230:0130/104652.533626:INFO:CONSOLE(128)] "currentLatencynow: 78.484", source: file:///home/seluser/ppt/player/dashjs/index.html (128)
[230:230:0130/104653.533754:INFO:CONSOLE(128)] "currentLatencynow: 79.484", source: file:///home/seluser/ppt/player/dashjs/index.html (128)
[230:230:0130/104654.533743:INFO:CONSOLE(128)] "currentLatencynow: 80.484", source: file:///home/seluser/ppt/player/dashjs/index.html (128)
[230:230:0130/104655.533718:INFO:CONSOLE(128)] "currentLatencynow: 81.484", source: file:///home/seluser/ppt/player/dashjs/index.html (128)
[230:230:0130/104656.533747:INFO:CONSOLE(128)] "currentLatencynow: 82.484", source: file:///home/seluser/ppt/player/dashjs/index.html (128)
[230:230:0130/104657.533799:INFO:CONSOLE(128)] "currentLatencynow: 83.484", source: file:///home/seluser/ppt/player/dashjs/index.html (128)
[230:230:0130/104658.533766:INFO:CONSOLE(128)] "currentLatencynow: 84.484", source: file:///home/seluser/ppt/player/dashjs/index.html (128)
[230:230:0130/104659.533798:INFO:CONSOLE(128)] "currentLatencynow: 85.484", source: file:///home/seluser/ppt/player/dashjs/index.html (128)
[230:230:0130/104700.533870:INFO:CONSOLE(128)] "currentLatencynow: 86.484", source: file:///home/seluser/ppt/player/dashjs/index.html (128)
[230:230:0130/104701.533673:INFO:CONSOLE(128)] "currentLatencynow: 87.484", source: file:///home/seluser/ppt/player/dashjs/index.html (128)
[230:230:0130/104702.534088:INFO:CONSOLE(128)] "currentLatencynow: 88.484", source: file:///home/seluser/ppt/player/dashjs/index.html (128)
[230:230:0130/104703.533739:INFO:CONSOLE(128)] "currentLatencynow: 89.484", source: file:///home/seluser/ppt/player/dashjs/index.html (128)
[230:230:0130/104704.533718:INFO:CONSOLE(128)] "currentLatencynow: 90.484", source: file:///home/seluser/ppt/player/dashjs/index.html (128)
[230:230:0130/104705.533680:INFO:CONSOLE(128)] "currentLatencynow: 91.484", source: file:///home/seluser/ppt/player/dashjs/index.html (128)
[230:230:0130/104706.534131:INFO:CONSOLE(128)] "currentLatencynow: 92.484", source: file:///home/seluser/ppt/player/dashjs/index.html (128)
[230:230:0130/104707.533959:INFO:CONSOLE(128)] "currentLatencynow: 93.484", source: file:///home/seluser/ppt/player/dashjs/index.html (128)
[230:230:0130/104708.533673:INFO:CONSOLE(128)] "currentLatencynow: 94.484", source: file:///home/seluser/ppt/player/dashjs/index.html (128)
[230:230:0130/104709.533751:INFO:CONSOLE(128)] "currentLatencynow: 95.484", source: file:///home/seluser/ppt/player/dashjs/index.html (128)
[230:230:0130/104710.533940:INFO:CONSOLE(128)] "currentLatencynow: 96.484", source: file:///home/seluser/ppt/player/dashjs/index.html (128)
[230:230:0130/104711.533943:INFO:CONSOLE(128)] "currentLatencynow: 97.484", source: file:///home/seluser/ppt/player/dashjs/index.html (128)
[230:230:0130/104712.533775:INFO:CONSOLE(128)] "currentLatencynow: 98.484", source: file:///home/seluser/ppt/player/dashjs/index.html (128)
[230:230:0130/104713.534702:INFO:CONSOLE(128)] "currentLatencynow: 99.484", source: file:///home/seluser/ppt/player/dashjs/index.html (128)
[230:230:0130/104714.533881:INFO:CONSOLE(128)] "currentLatencynow: 100.484", source: file:///home/seluser/ppt/player/dashjs/index.html (128)
[230:230:0130/104715.533947:INFO:CONSOLE(128)] "currentLatencynow: 101.484", source: file:///home/seluser/ppt/player/dashjs/index.html (128)
[230:230:0130/104716.535674:INFO:CONSOLE(128)] "currentLatencynow: 102.484", source: file:///home/seluser/ppt/player/dashjs/index.html (128)
[230:230:0130/104717.533910:INFO:CONSOLE(128)] "currentLatencynow: 103.484", source: file:///home/seluser/ppt/player/dashjs/index.html (128)
[230:230:0130/104718.533897:INFO:CONSOLE(128)] "currentLatencynow: 104.484", source: file:///home/seluser/ppt/player/dashjs/index.html (128)
[230:230:0130/104719.533919:INFO:CONSOLE(128)] "currentLatencynow: 105.484", source: file:///home/seluser/ppt/player/dashjs/index.html (128)
[230:230:0130/104720.533895:INFO:CONSOLE(128)] "currentLatencynow: 106.484", source: file:///home/seluser/ppt/player/dashjs/index.html (128)
[230:230:0130/104721.533934:INFO:CONSOLE(128)] "currentLatencynow: 107.484", source: file:///home/seluser/ppt/player/dashjs/index.html (128)
[230:230:0130/104722.533869:INFO:CONSOLE(128)] "currentLatencynow: 108.484", source: file:///home/seluser/ppt/player/dashjs/index.html (128)
[230:230:0130/104723.533905:INFO:CONSOLE(128)] "currentLatencynow: 109.484", source: file:///home/seluser/ppt/player/dashjs/index.html (128)
[230:230:0130/104724.533784:INFO:CONSOLE(128)] "currentLatencynow: 110.484", source: file:///home/seluser/ppt/player/dashjs/index.html (128)
[230:230:0130/104725.533807:INFO:CONSOLE(128)] "currentLatencynow: 111.484", source: file:///home/seluser/ppt/player/dashjs/index.html (128)
[230:230:0130/104726.533859:INFO:CONSOLE(128)] "currentLatencynow: 112.484", source: file:///home/seluser/ppt/player/dashjs/index.html (128)
[230:230:0130/104727.533902:INFO:CONSOLE(128)] "currentLatencynow: 113.484", source: file:///home/seluser/ppt/player/dashjs/index.html (128)
[230:230:0130/104728.533887:INFO:CONSOLE(128)] "currentLatencynow: 114.484", source: file:///home/seluser/ppt/player/dashjs/index.html (128)
[230:230:0130/104729.533792:INFO:CONSOLE(128)] "currentLatencynow: 115.484", source: file:///home/seluser/ppt/player/dashjs/index.html (128)
[230:230:0130/104730.534008:INFO:CONSOLE(128)] "currentLatencynow: 116.484", source: file:///home/seluser/ppt/player/dashjs/index.html (128)
[230:230:0130/104731.535766:INFO:CONSOLE(128)] "currentLatencynow: 117.484", source: file:///home/seluser/ppt/player/dashjs/index.html (128)
[230:230:0130/104732.534067:INFO:CONSOLE(128)] "currentLatencynow: 118.484", source: file:///home/seluser/ppt/player/dashjs/index.html (128)
[230:230:0130/104733.534442:INFO:CONSOLE(128)] "currentLatencynow: 119.484", source: file:///home/seluser/ppt/player/dashjs/index.html (128)
[230:230:0130/104734.533877:INFO:CONSOLE(128)] "currentLatencynow: 120.484", source: file:///home/seluser/ppt/player/dashjs/index.html (128)
[230:230:0130/104735.533769:INFO:CONSOLE(128)] "currentLatencynow: 121.484", source: file:///home/seluser/ppt/player/dashjs/index.html (128)
[230:230:0130/104736.533917:INFO:CONSOLE(128)] "currentLatencynow: 122.484", source: file:///home/seluser/ppt/player/dashjs/index.html (128)
[230:230:0130/104737.534907:INFO:CONSOLE(128)] "currentLatencynow: 123.484", source: file:///home/seluser/ppt/player/dashjs/index.html (128)
[230:230:0130/104738.534238:INFO:CONSOLE(128)] "currentLatencynow: 124.484", source: file:///home/seluser/ppt/player/dashjs/index.html (128)
[230:230:0130/104739.533758:INFO:CONSOLE(128)] "currentLatencynow: 125.484", source: file:///home/seluser/ppt/player/dashjs/index.html (128)
[230:230:0130/104740.534577:INFO:CONSOLE(128)] "currentLatencynow: 126.484", source: file:///home/seluser/ppt/player/dashjs/index.html (128)
[230:230:0130/104741.533735:INFO:CONSOLE(128)] "currentLatencynow: 127.484", source: file:///home/seluser/ppt/player/dashjs/index.html (128)
[230:230:0130/104742.533773:INFO:CONSOLE(128)] "currentLatencynow: 128.484", source: file:///home/seluser/ppt/player/dashjs/index.html (128)
[230:230:0130/104743.534536:INFO:CONSOLE(128)] "currentLatencynow: 129.484", source: file:///home/seluser/ppt/player/dashjs/index.html (128)
