[230:294:0130/103350.475617:ERROR:bus.cc(392)] Failed to connect to the bus: Failed to connect to socket /var/run/dbus/system_bus_socket: No such file or directory
[230:257:0130/103350.477529:ERROR:bus.cc(392)] Failed to connect to the bus: Address does not contain a colon
[230:257:0130/103350.477614:ERROR:bus.cc(392)] Failed to connect to the bus: Address does not contain a colon
[230:257:0130/103350.492086:ERROR:bus.cc(392)] Failed to connect to the bus: Address does not contain a colon
[230:257:0130/103350.492141:ERROR:bus.cc(392)] Failed to connect to the bus: Address does not contain a colon
[300:300:0130/103350.492201:ERROR:gpu_init.cc(453)] Passthrough is not supported, GL is swiftshader, ANGLE is 
[230:257:0130/103350.520657:ERROR:bus.cc(392)] Failed to connect to the bus: Address does not contain a colon
[230:257:0130/103350.522029:ERROR:bus.cc(392)] Failed to connect to the bus: Address does not contain a colon
[230:393:0130/103350.636982:ERROR:bus.cc(392)] Failed to connect to the bus: Failed to connect to socket /var/run/dbus/system_bus_socket: No such file or directory
[230:393:0130/103350.637053:ERROR:bus.cc(392)] Failed to connect to the bus: Failed to connect to socket /var/run/dbus/system_bus_socket: No such file or directory
[230:393:0130/103350.638729:ERROR:bus.cc(392)] Failed to connect to the bus: Failed to connect to socket /var/run/dbus/system_bus_socket: No such file or directory
[230:393:0130/103350.638752:WARNING:property.cc(144)] DaemonVersion: GetAndBlock: failed.
[230:393:0130/103350.638788:ERROR:bus.cc(392)] Failed to connect to the bus: Failed to connect to socket /var/run/dbus/system_bus_socket: No such file or directory
[230:393:0130/103350.638825:ERROR:bus.cc(392)] Failed to connect to the bus: Failed to connect to socket /var/run/dbus/system_bus_socket: No such file or directory
[301:334:0130/103350.758994:WARNING:spdy_session.cc(3518)] Received HEADERS for invalid stream 1
[230:230:0130/103351.917544:INFO:CONSOLE(128)] "currentLatencynow: NaN", source: file:///home/seluser/ppt/player/dashjs/index.html (128)
[230:328:0130/103352.713356:ERROR:chrome_browser_main_extra_parts_metrics.cc(228)] crbug.com/1216328: Checking Bluetooth availability started. Please report if there is no report that this ends.
[230:328:0130/103352.713415:ERROR:chrome_browser_main_extra_parts_metrics.cc(231)] crbug.com/1216328: Checking Bluetooth availability ended.
[230:328:0130/103352.713434:ERROR:chrome_browser_main_extra_parts_metrics.cc(234)] crbug.com/1216328: Checking default browser status started. Please report if there is no report that this ends.
[230:328:0130/103352.879271:ERROR:chrome_browser_main_extra_parts_metrics.cc(238)] crbug.com/1216328: Checking default browser status ended.
[230:230:0130/103352.917193:INFO:CONSOLE(128)] "currentLatencynow: NaN", source: file:///home/seluser/ppt/player/dashjs/index.html (128)
[230:230:0130/103353.917173:INFO:CONSOLE(128)] "currentLatencynow: NaN", source: file:///home/seluser/ppt/player/dashjs/index.html (128)
[230:230:0130/103354.917303:INFO:CONSOLE(128)] "currentLatencynow: 0", source: file:///home/seluser/ppt/player/dashjs/index.html (128)
[230:230:0130/103355.917245:INFO:CONSOLE(128)] "currentLatencynow: 0", source: file:///home/seluser/ppt/player/dashjs/index.html (128)
[230:230:0130/103356.917327:INFO:CONSOLE(128)] "currentLatencynow: 0", source: file:///home/seluser/ppt/player/dashjs/index.html (128)
[230:230:0130/103357.917315:INFO:CONSOLE(128)] "currentLatencynow: 0", source: file:///home/seluser/ppt/player/dashjs/index.html (128)
[639:639:0130/103358.714072:WARNING:audio_manager_linux.cc(69)] Falling back to ALSA for audio output. PulseAudio is not available or could not be initialized.
[639:639:0130/103358.720305:ERROR:alsa_util.cc(204)] PcmOpen: default,No such file or directory
[639:639:0130/103358.720617:ERROR:alsa_util.cc(204)] PcmOpen: plug:default,No such file or directory
[230:230:0130/103358.917419:INFO:CONSOLE(128)] "currentLatencynow: 8.798", source: file:///home/seluser/ppt/player/dashjs/index.html (128)
[230:230:0130/103359.917315:INFO:CONSOLE(128)] "currentLatencynow: 9.798", source: file:///home/seluser/ppt/player/dashjs/index.html (128)
[230:230:0130/103400.917415:INFO:CONSOLE(128)] "currentLatencynow: 10.798", source: file:///home/seluser/ppt/player/dashjs/index.html (128)
[230:230:0130/103401.917421:INFO:CONSOLE(128)] "currentLatencynow: 11.798", source: file:///home/seluser/ppt/player/dashjs/index.html (128)
[230:230:0130/103402.917273:INFO:CONSOLE(128)] "currentLatencynow: 12.798", source: file:///home/seluser/ppt/player/dashjs/index.html (128)
[230:230:0130/103403.917327:INFO:CONSOLE(128)] "currentLatencynow: 13.798", source: file:///home/seluser/ppt/player/dashjs/index.html (128)
[230:230:0130/103404.917339:INFO:CONSOLE(128)] "currentLatencynow: 14.798", source: file:///home/seluser/ppt/player/dashjs/index.html (128)
[230:257:0130/103405.561448:ERROR:bus.cc(392)] Failed to connect to the bus: Address does not contain a colon
[230:257:0130/103405.561538:ERROR:bus.cc(392)] Failed to connect to the bus: Address does not contain a colon
[230:257:0130/103405.561557:ERROR:bus.cc(392)] Failed to connect to the bus: Address does not contain a colon
[230:257:0130/103405.561568:ERROR:bus.cc(392)] Failed to connect to the bus: Address does not contain a colon
[230:257:0130/103405.561581:ERROR:bus.cc(392)] Failed to connect to the bus: Address does not contain a colon
[230:257:0130/103405.561595:ERROR:bus.cc(392)] Failed to connect to the bus: Address does not contain a colon
[230:257:0130/103405.561608:ERROR:bus.cc(392)] Failed to connect to the bus: Address does not contain a colon
[230:257:0130/103405.561630:ERROR:bus.cc(392)] Failed to connect to the bus: Address does not contain a colon
[230:257:0130/103405.561641:ERROR:bus.cc(392)] Failed to connect to the bus: Address does not contain a colon
[230:257:0130/103405.561687:ERROR:bus.cc(392)] Failed to connect to the bus: Address does not contain a colon
[230:257:0130/103405.561716:ERROR:bus.cc(392)] Failed to connect to the bus: Address does not contain a colon
[230:257:0130/103405.561729:ERROR:bus.cc(392)] Failed to connect to the bus: Address does not contain a colon
[230:257:0130/103405.561745:ERROR:bus.cc(392)] Failed to connect to the bus: Address does not contain a colon
[230:257:0130/103405.561757:ERROR:bus.cc(392)] Failed to connect to the bus: Address does not contain a colon
[230:257:0130/103405.562977:ERROR:bus.cc(392)] Failed to connect to the bus: Address does not contain a colon
[230:257:0130/103405.563009:ERROR:bus.cc(392)] Failed to connect to the bus: Address does not contain a colon
[230:257:0130/103405.563024:ERROR:bus.cc(392)] Failed to connect to the bus: Address does not contain a colon
[230:257:0130/103405.600566:ERROR:bus.cc(392)] Failed to connect to the bus: Address does not contain a colon
[230:257:0130/103405.600597:ERROR:bus.cc(392)] Failed to connect to the bus: Address does not contain a colon
[230:230:0130/103405.917232:INFO:CONSOLE(128)] "currentLatencynow: 15.5", source: file:///home/seluser/ppt/player/dashjs/index.html (128)
[230:230:0130/103406.917261:INFO:CONSOLE(128)] "currentLatencynow: 15.861", source: file:///home/seluser/ppt/player/dashjs/index.html (128)
[230:230:0130/103407.917392:INFO:CONSOLE(128)] "currentLatencynow: 16.861", source: file:///home/seluser/ppt/player/dashjs/index.html (128)
[230:230:0130/103408.917175:INFO:CONSOLE(128)] "currentLatencynow: 17.861", source: file:///home/seluser/ppt/player/dashjs/index.html (128)
[230:230:0130/103409.917277:INFO:CONSOLE(128)] "currentLatencynow: 18.861", source: file:///home/seluser/ppt/player/dashjs/index.html (128)
[230:230:0130/103410.917546:INFO:CONSOLE(128)] "currentLatencynow: 19.862", source: file:///home/seluser/ppt/player/dashjs/index.html (128)
[230:230:0130/103411.917397:INFO:CONSOLE(128)] "currentLatencynow: 20.861", source: file:///home/seluser/ppt/player/dashjs/index.html (128)
[230:257:0130/103412.212979:ERROR:bus.cc(392)] Failed to connect to the bus: Address does not contain a colon
[230:257:0130/103412.214726:ERROR:bus.cc(392)] Failed to connect to the bus: Address does not contain a colon
[230:230:0130/103412.917170:INFO:CONSOLE(128)] "currentLatencynow: 21.095", source: file:///home/seluser/ppt/player/dashjs/index.html (128)
[230:230:0130/103413.917400:INFO:CONSOLE(128)] "currentLatencynow: 21.095", source: file:///home/seluser/ppt/player/dashjs/index.html (128)
[230:230:0130/103414.917182:INFO:CONSOLE(128)] "currentLatencynow: 21.844", source: file:///home/seluser/ppt/player/dashjs/index.html (128)
[230:230:0130/103415.917192:INFO:CONSOLE(128)] "currentLatencynow: 22.844", source: file:///home/seluser/ppt/player/dashjs/index.html (128)
[230:230:0130/103416.917379:INFO:CONSOLE(128)] "currentLatencynow: 23.845", source: file:///home/seluser/ppt/player/dashjs/index.html (128)
[230:230:0130/103417.917137:INFO:CONSOLE(128)] "currentLatencynow: 24.844", source: file:///home/seluser/ppt/player/dashjs/index.html (128)
[230:230:0130/103418.917461:INFO:CONSOLE(128)] "currentLatencynow: 25.845", source: file:///home/seluser/ppt/player/dashjs/index.html (128)
[230:230:0130/103419.918061:INFO:CONSOLE(128)] "currentLatencynow: 26.845", source: file:///home/seluser/ppt/player/dashjs/index.html (128)
[230:230:0130/103420.917242:INFO:CONSOLE(128)] "currentLatencynow: 27.844", source: file:///home/seluser/ppt/player/dashjs/index.html (128)
[230:230:0130/103421.917224:INFO:CONSOLE(128)] "currentLatencynow: 28.844", source: file:///home/seluser/ppt/player/dashjs/index.html (128)
[230:230:0130/103422.917181:INFO:CONSOLE(128)] "currentLatencynow: 29.844", source: file:///home/seluser/ppt/player/dashjs/index.html (128)
[230:230:0130/103423.917113:INFO:CONSOLE(128)] "currentLatencynow: 30.53", source: file:///home/seluser/ppt/player/dashjs/index.html (128)
[230:230:0130/103424.917140:INFO:CONSOLE(128)] "currentLatencynow: 31.53", source: file:///home/seluser/ppt/player/dashjs/index.html (128)
[230:230:0130/103425.917191:INFO:CONSOLE(128)] "currentLatencynow: 32.53", source: file:///home/seluser/ppt/player/dashjs/index.html (128)
[230:230:0130/103426.917145:INFO:CONSOLE(128)] "currentLatencynow: 33.53", source: file:///home/seluser/ppt/player/dashjs/index.html (128)
[230:230:0130/103427.917222:INFO:CONSOLE(128)] "currentLatencynow: 34.53", source: file:///home/seluser/ppt/player/dashjs/index.html (128)
[230:230:0130/103428.917157:INFO:CONSOLE(128)] "currentLatencynow: 35.53", source: file:///home/seluser/ppt/player/dashjs/index.html (128)
[230:230:0130/103429.917079:INFO:CONSOLE(128)] "currentLatencynow: 36.53", source: file:///home/seluser/ppt/player/dashjs/index.html (128)
[230:230:0130/103430.917118:INFO:CONSOLE(128)] "currentLatencynow: 37.53", source: file:///home/seluser/ppt/player/dashjs/index.html (128)
[230:230:0130/103431.917138:INFO:CONSOLE(128)] "currentLatencynow: 38.53", source: file:///home/seluser/ppt/player/dashjs/index.html (128)
[230:230:0130/103432.917194:INFO:CONSOLE(128)] "currentLatencynow: 39.53", source: file:///home/seluser/ppt/player/dashjs/index.html (128)
[230:230:0130/103433.917360:INFO:CONSOLE(128)] "currentLatencynow: 40.53", source: file:///home/seluser/ppt/player/dashjs/index.html (128)
[230:230:0130/103434.917457:INFO:CONSOLE(128)] "currentLatencynow: 41.53", source: file:///home/seluser/ppt/player/dashjs/index.html (128)
[230:230:0130/103435.917136:INFO:CONSOLE(128)] "currentLatencynow: 42.53", source: file:///home/seluser/ppt/player/dashjs/index.html (128)
[230:230:0130/103436.917137:INFO:CONSOLE(128)] "currentLatencynow: 43.53", source: file:///home/seluser/ppt/player/dashjs/index.html (128)
[230:230:0130/103437.917145:INFO:CONSOLE(128)] "currentLatencynow: 44.53", source: file:///home/seluser/ppt/player/dashjs/index.html (128)
[230:230:0130/103438.917168:INFO:CONSOLE(128)] "currentLatencynow: 45.53", source: file:///home/seluser/ppt/player/dashjs/index.html (128)
[230:230:0130/103439.917154:INFO:CONSOLE(128)] "currentLatencynow: 46.53", source: file:///home/seluser/ppt/player/dashjs/index.html (128)
[230:230:0130/103440.917142:INFO:CONSOLE(128)] "currentLatencynow: 47.53", source: file:///home/seluser/ppt/player/dashjs/index.html (128)
[230:230:0130/103441.917128:INFO:CONSOLE(128)] "currentLatencynow: 48.53", source: file:///home/seluser/ppt/player/dashjs/index.html (128)
[230:230:0130/103442.917154:INFO:CONSOLE(128)] "currentLatencynow: 49.53", source: file:///home/seluser/ppt/player/dashjs/index.html (128)
[230:230:0130/103443.917424:INFO:CONSOLE(128)] "currentLatencynow: 50.53", source: file:///home/seluser/ppt/player/dashjs/index.html (128)
[230:230:0130/103444.917194:INFO:CONSOLE(128)] "currentLatencynow: 51.53", source: file:///home/seluser/ppt/player/dashjs/index.html (128)
[230:230:0130/103445.917226:INFO:CONSOLE(128)] "currentLatencynow: 52.53", source: file:///home/seluser/ppt/player/dashjs/index.html (128)
[230:230:0130/103446.917207:INFO:CONSOLE(128)] "currentLatencynow: 53.53", source: file:///home/seluser/ppt/player/dashjs/index.html (128)
[230:230:0130/103447.917277:INFO:CONSOLE(128)] "currentLatencynow: 54.53", source: file:///home/seluser/ppt/player/dashjs/index.html (128)
[230:230:0130/103448.917262:INFO:CONSOLE(128)] "currentLatencynow: 55.53", source: file:///home/seluser/ppt/player/dashjs/index.html (128)
[230:230:0130/103449.917160:INFO:CONSOLE(128)] "currentLatencynow: 56.53", source: file:///home/seluser/ppt/player/dashjs/index.html (128)
[230:230:0130/103450.917141:INFO:CONSOLE(128)] "currentLatencynow: 57.53", source: file:///home/seluser/ppt/player/dashjs/index.html (128)
[230:230:0130/103451.917143:INFO:CONSOLE(128)] "currentLatencynow: 58.53", source: file:///home/seluser/ppt/player/dashjs/index.html (128)
[230:328:0130/103452.782086:ERROR:database.cc(1761)] History SQLite error: code 13 errno 0: database or disk is full sql: INSERT OR REPLACE INTO meta (key,value) VALUES (?,?)
[230:230:0130/103452.917251:INFO:CONSOLE(128)] "currentLatencynow: 59.53", source: file:///home/seluser/ppt/player/dashjs/index.html (128)
[230:230:0130/103453.917147:INFO:CONSOLE(128)] "currentLatencynow: 60.53", source: file:///home/seluser/ppt/player/dashjs/index.html (128)
[230:230:0130/103454.942973:INFO:CONSOLE(128)] "currentLatencynow: 61.53", source: file:///home/seluser/ppt/player/dashjs/index.html (128)
[230:230:0130/103455.917154:INFO:CONSOLE(128)] "currentLatencynow: 62.53", source: file:///home/seluser/ppt/player/dashjs/index.html (128)
[230:230:0130/103456.925039:INFO:CONSOLE(128)] "currentLatencynow: 63.53", source: file:///home/seluser/ppt/player/dashjs/index.html (128)
[230:230:0130/103457.917317:INFO:CONSOLE(128)] "currentLatencynow: 64.53", source: file:///home/seluser/ppt/player/dashjs/index.html (128)
[230:230:0130/103458.917123:INFO:CONSOLE(128)] "currentLatencynow: 65.53", source: file:///home/seluser/ppt/player/dashjs/index.html (128)
[230:230:0130/103459.917271:INFO:CONSOLE(128)] "currentLatencynow: 66.53", source: file:///home/seluser/ppt/player/dashjs/index.html (128)
[230:230:0130/103500.917121:INFO:CONSOLE(128)] "currentLatencynow: 67.53", source: file:///home/seluser/ppt/player/dashjs/index.html (128)
[230:230:0130/103502.126958:INFO:CONSOLE(128)] "currentLatencynow: 68.53", source: file:///home/seluser/ppt/player/dashjs/index.html (128)
[230:230:0130/103502.917340:INFO:CONSOLE(128)] "currentLatencynow: 69.53", source: file:///home/seluser/ppt/player/dashjs/index.html (128)
[230:230:0130/103503.917362:INFO:CONSOLE(128)] "currentLatencynow: 70.53", source: file:///home/seluser/ppt/player/dashjs/index.html (128)
[230:230:0130/103504.917209:INFO:CONSOLE(128)] "currentLatencynow: 71.53", source: file:///home/seluser/ppt/player/dashjs/index.html (128)
[230:230:0130/103506.095372:INFO:CONSOLE(128)] "currentLatencynow: 72.53", source: file:///home/seluser/ppt/player/dashjs/index.html (128)
[230:230:0130/103506.917115:INFO:CONSOLE(128)] "currentLatencynow: 73.53", source: file:///home/seluser/ppt/player/dashjs/index.html (128)
[230:230:0130/103507.917263:INFO:CONSOLE(128)] "currentLatencynow: 74.53", source: file:///home/seluser/ppt/player/dashjs/index.html (128)
[230:230:0130/103509.377441:INFO:CONSOLE(128)] "currentLatencynow: 75.531", source: file:///home/seluser/ppt/player/dashjs/index.html (128)
[230:230:0130/103509.917366:INFO:CONSOLE(128)] "currentLatencynow: 76.53", source: file:///home/seluser/ppt/player/dashjs/index.html (128)
[230:230:0130/103510.917357:INFO:CONSOLE(128)] "currentLatencynow: 77.53", source: file:///home/seluser/ppt/player/dashjs/index.html (128)
[230:230:0130/103511.917352:INFO:CONSOLE(128)] "currentLatencynow: 78.53", source: file:///home/seluser/ppt/player/dashjs/index.html (128)
[230:230:0130/103512.917317:INFO:CONSOLE(128)] "currentLatencynow: 79.53", source: file:///home/seluser/ppt/player/dashjs/index.html (128)
[230:230:0130/103513.917494:INFO:CONSOLE(128)] "currentLatencynow: 80.53", source: file:///home/seluser/ppt/player/dashjs/index.html (128)
[230:230:0130/103514.929294:INFO:CONSOLE(128)] "currentLatencynow: 81.53", source: file:///home/seluser/ppt/player/dashjs/index.html (128)
[230:230:0130/103515.917254:INFO:CONSOLE(128)] "currentLatencynow: 82.53", source: file:///home/seluser/ppt/player/dashjs/index.html (128)
[230:230:0130/103516.917320:INFO:CONSOLE(128)] "currentLatencynow: 83.53", source: file:///home/seluser/ppt/player/dashjs/index.html (128)
[230:230:0130/103518.066789:INFO:CONSOLE(128)] "currentLatencynow: 84.53", source: file:///home/seluser/ppt/player/dashjs/index.html (128)
[230:230:0130/103518.917610:INFO:CONSOLE(128)] "currentLatencynow: 85.53", source: file:///home/seluser/ppt/player/dashjs/index.html (128)
[230:230:0130/103519.917513:INFO:CONSOLE(128)] "currentLatencynow: 86.53", source: file:///home/seluser/ppt/player/dashjs/index.html (128)
[230:230:0130/103520.917476:INFO:CONSOLE(128)] "currentLatencynow: 87.53", source: file:///home/seluser/ppt/player/dashjs/index.html (128)
[230:230:0130/103521.917446:INFO:CONSOLE(128)] "currentLatencynow: 88.53", source: file:///home/seluser/ppt/player/dashjs/index.html (128)
[230:230:0130/103522.917299:INFO:CONSOLE(128)] "currentLatencynow: 89.53", source: file:///home/seluser/ppt/player/dashjs/index.html (128)
[230:230:0130/103524.114240:INFO:CONSOLE(128)] "currentLatencynow: 90.53", source: file:///home/seluser/ppt/player/dashjs/index.html (128)
[230:230:0130/103524.917339:INFO:CONSOLE(128)] "currentLatencynow: 91.53", source: file:///home/seluser/ppt/player/dashjs/index.html (128)
[230:230:0130/103525.917194:INFO:CONSOLE(128)] "currentLatencynow: 92.53", source: file:///home/seluser/ppt/player/dashjs/index.html (128)
[230:230:0130/103526.967259:INFO:CONSOLE(128)] "currentLatencynow: 93.53", source: file:///home/seluser/ppt/player/dashjs/index.html (128)
[230:230:0130/103527.917326:INFO:CONSOLE(128)] "currentLatencynow: 94.53", source: file:///home/seluser/ppt/player/dashjs/index.html (128)
[230:230:0130/103528.917474:INFO:CONSOLE(128)] "currentLatencynow: 95.53", source: file:///home/seluser/ppt/player/dashjs/index.html (128)
[230:230:0130/103529.917221:INFO:CONSOLE(128)] "currentLatencynow: 96.53", source: file:///home/seluser/ppt/player/dashjs/index.html (128)
[230:230:0130/103530.917381:INFO:CONSOLE(128)] "currentLatencynow: 97.53", source: file:///home/seluser/ppt/player/dashjs/index.html (128)
[230:230:0130/103532.285974:INFO:CONSOLE(128)] "currentLatencynow: 98.53", source: file:///home/seluser/ppt/player/dashjs/index.html (128)
[230:230:0130/103533.129150:INFO:CONSOLE(128)] "currentLatencynow: 99.53", source: file:///home/seluser/ppt/player/dashjs/index.html (128)
[230:230:0130/103533.917168:INFO:CONSOLE(128)] "currentLatencynow: 100.53", source: file:///home/seluser/ppt/player/dashjs/index.html (128)
[230:230:0130/103534.917458:INFO:CONSOLE(128)] "currentLatencynow: 101.531", source: file:///home/seluser/ppt/player/dashjs/index.html (128)
[230:230:0130/103535.917201:INFO:CONSOLE(128)] "currentLatencynow: 102.53", source: file:///home/seluser/ppt/player/dashjs/index.html (128)
[230:230:0130/103536.917407:INFO:CONSOLE(128)] "currentLatencynow: 103.53", source: file:///home/seluser/ppt/player/dashjs/index.html (128)
[230:230:0130/103537.917121:INFO:CONSOLE(128)] "currentLatencynow: 104.53", source: file:///home/seluser/ppt/player/dashjs/index.html (128)
[230:230:0130/103539.031550:INFO:CONSOLE(128)] "currentLatencynow: 105.531", source: file:///home/seluser/ppt/player/dashjs/index.html (128)
[230:230:0130/103539.917160:INFO:CONSOLE(128)] "currentLatencynow: 106.53", source: file:///home/seluser/ppt/player/dashjs/index.html (128)
[230:230:0130/103541.532456:INFO:CONSOLE(128)] "currentLatencynow: 107.53", source: file:///home/seluser/ppt/player/dashjs/index.html (128)
[230:230:0130/103541.917215:INFO:CONSOLE(128)] "currentLatencynow: 108.53", source: file:///home/seluser/ppt/player/dashjs/index.html (128)
[230:230:0130/103542.917275:INFO:CONSOLE(128)] "currentLatencynow: 109.53", source: file:///home/seluser/ppt/player/dashjs/index.html (128)
[230:230:0130/103543.917248:INFO:CONSOLE(128)] "currentLatencynow: 110.53", source: file:///home/seluser/ppt/player/dashjs/index.html (128)
[230:230:0130/103544.948314:INFO:CONSOLE(128)] "currentLatencynow: 111.532", source: file:///home/seluser/ppt/player/dashjs/index.html (128)
[230:230:0130/103545.917404:INFO:CONSOLE(128)] "currentLatencynow: 112.53", source: file:///home/seluser/ppt/player/dashjs/index.html (128)
[230:230:0130/103547.566823:INFO:CONSOLE(128)] "currentLatencynow: 113.531", source: file:///home/seluser/ppt/player/dashjs/index.html (128)
[230:230:0130/103547.917099:INFO:CONSOLE(128)] "currentLatencynow: 114.53", source: file:///home/seluser/ppt/player/dashjs/index.html (128)
[230:230:0130/103548.969803:INFO:CONSOLE(128)] "currentLatencynow: 115.53", source: file:///home/seluser/ppt/player/dashjs/index.html (128)
[230:230:0130/103549.917326:INFO:CONSOLE(128)] "currentLatencynow: 116.53", source: file:///home/seluser/ppt/player/dashjs/index.html (128)
[230:230:0130/103550.917543:INFO:CONSOLE(114)] "Begin Player stistics 
", source: file:///home/seluser/ppt/player/dashjs/index.html (114)
[230:230:0130/103550.959193:INFO:CONSOLE(115)] "["stall",[["7.44","14.81",7.37]],[["15.76","16.01",0.2500000000000018]],[["23.41","23.66",0.25]],[["availibleBW",[null],[null],[null],[null],[null],[null],[null],[null],[null],[null],[null],[null],[null],[null],[923],[923],[923],[923],[923],[923],[923],[923],[923],[923],[923],[923],[923],[923],[923],[923],[923],[923],[923],[923],[923],[923],[923],[923],[923],[923],[923],[923],[923],[923],[923],[923],[923],[923],[923],[923],[923],[923],[923],[923],[923],[923],[923],[923],[923],[923],[923],[923],[923],[923],[923],[923],[923],[923],[923],[923],[923],[923],[923],[923],[923],[923],[923],[923],[923],[923],[923],[923],[923],[923],[923],[923],[923],[923],[923],[923],[923],[923],[923],[923],[923],[923],[923],[923],[923],[923],[923],[923],[923],[923],[923],[923],[923],[923],[923],[923],[923],[923],[923],[923],[923],[923],[923],[923],[923]]],[["currentBuffer",[0],[0],[0],[0],[0],[0],[0],[0],[0],[0],[0],[0],[0],[0],[0.807],[0.051],[0.051],[0.051],[0.051],[0.051],[0.051],[0],[0],[0],[0],[0],[0],[0],[0],[0],[0],[0],[0],[0],[0],[0],[0],[0],[0],[0],[0],[0],[0],[0],[0],[0],[0],[0],[0],[0],[0],[0],[0],[0],[0],[0],[0],[0],[0],[0],[0],[0],[0],[0],[0],[0],[0],[0],[0],[0],[0],[0],[0],[0],[0],[0],[0],[0],[0],[0],[0],[0],[0],[0],[0],[0],[0],[0],[0],[0],[0],[0],[0],[0],[0],[0],[0],[0],[0],[0],[0],[0],[0],[0],[0],[0],[0],[0],[0],[0],[0],[0],[0],[0],[0],[0],[0],[0],[0]]],[["currentLatency",[null],[null],[null],[0],[0],[0],[0],[8.798],[9.798],[10.798],[11.798],[12.798],[13.798],[14.798],[15.5],[15.861],[16.861],[17.861],[18.861],[19.862],[20.861],[21.095],[21.095],[21.844],[22.844],[23.845],[24.844],[25.845],[26.845],[27.844],[28.844],[29.844],[30.53],[31.53],[32.53],[33.53],[34.53],[35.53],[36.53],[37.53],[38.53],[39.53],[40.53],[41.53],[42.53],[43.53],[44.53],[45.53],[46.53],[47.53],[48.53],[49.53],[50.53],[51.53],[52.53],[53.53],[54.53],[55.53],[56.53],[57.53],[58.53],[59.53],[60.53],[61.53],[62.53],[63.53],[64.53],[65.53],[66.53],[67.53],[68.53],[69.53],[70.53],[71.53],[72.53],[73.53],[74.53],[75.531],[76.53],[77.53],[78.53],[79.53],[80.53],[81.53],[82.53],[83.53],[84.53],[85.53],[86.53],[87.53],[88.53],[89.53],[90.53],[91.53],[92.53],[93.53],[94.53],[95.53],[96.53],[97.53],[98.53],[99.53],[100.53],[101.531],[102.53],[103.53],[104.53],[105.531],[106.53],[107.53],[108.53],[109.53],[110.53],[111.532],[112.53],[113.531],[114.53],[115.53],[116.53]]]]", source: file:///home/seluser/ppt/player/dashjs/index.html (115)
[230:230:0130/103550.959396:INFO:CONSOLE(116)] "
", source: file:///home/seluser/ppt/player/dashjs/index.html (116)
[230:230:0130/103550.959441:INFO:CONSOLE(117)] "Finish Player stistics 
", source: file:///home/seluser/ppt/player/dashjs/index.html (117)
[230:230:0130/103550.959507:INFO:CONSOLE(128)] "currentLatencynow: 117.531", source: file:///home/seluser/ppt/player/dashjs/index.html (128)
[230:230:0130/103552.091658:INFO:CONSOLE(128)] "currentLatencynow: 118.53", source: file:///home/seluser/ppt/player/dashjs/index.html (128)
[230:230:0130/103552.917585:INFO:CONSOLE(128)] "currentLatencynow: 119.53", source: file:///home/seluser/ppt/player/dashjs/index.html (128)
[230:230:0130/103553.917234:INFO:CONSOLE(128)] "currentLatencynow: 120.53", source: file:///home/seluser/ppt/player/dashjs/index.html (128)
[230:230:0130/103554.917278:INFO:CONSOLE(128)] "currentLatencynow: 121.53", source: file:///home/seluser/ppt/player/dashjs/index.html (128)
[230:230:0130/103555.917234:INFO:CONSOLE(128)] "currentLatencynow: 122.53", source: file:///home/seluser/ppt/player/dashjs/index.html (128)
[230:230:0130/103556.917300:INFO:CONSOLE(128)] "currentLatencynow: 123.53", source: file:///home/seluser/ppt/player/dashjs/index.html (128)
[230:230:0130/103557.917380:INFO:CONSOLE(128)] "currentLatencynow: 124.53", source: file:///home/seluser/ppt/player/dashjs/index.html (128)
[230:230:0130/103559.010943:INFO:CONSOLE(128)] "currentLatencynow: 125.53", source: file:///home/seluser/ppt/player/dashjs/index.html (128)
[230:230:0130/103559.917597:INFO:CONSOLE(128)] "currentLatencynow: 126.53", source: file:///home/seluser/ppt/player/dashjs/index.html (128)
[230:230:0130/103600.957472:INFO:CONSOLE(128)] "currentLatencynow: 127.53", source: file:///home/seluser/ppt/player/dashjs/index.html (128)
[230:230:0130/103602.922015:INFO:CONSOLE(128)] "currentLatencynow: 128.53", source: file:///home/seluser/ppt/player/dashjs/index.html (128)
[230:230:0130/103603.051813:INFO:CONSOLE(128)] "currentLatencynow: 129.53", source: file:///home/seluser/ppt/player/dashjs/index.html (128)
[230:230:0130/103603.917322:INFO:CONSOLE(128)] "currentLatencynow: 130.53", source: file:///home/seluser/ppt/player/dashjs/index.html (128)
[230:230:0130/103604.917400:INFO:CONSOLE(128)] "currentLatencynow: 131.53", source: file:///home/seluser/ppt/player/dashjs/index.html (128)
[230:230:0130/103605.917160:INFO:CONSOLE(128)] "currentLatencynow: 132.53", source: file:///home/seluser/ppt/player/dashjs/index.html (128)
[230:230:0130/103606.917280:INFO:CONSOLE(128)] "currentLatencynow: 133.53", source: file:///home/seluser/ppt/player/dashjs/index.html (128)
[230:230:0130/103607.917229:INFO:CONSOLE(128)] "currentLatencynow: 134.53", source: file:///home/seluser/ppt/player/dashjs/index.html (128)
[230:230:0130/103608.917183:INFO:CONSOLE(128)] "currentLatencynow: 135.53", source: file:///home/seluser/ppt/player/dashjs/index.html (128)
[230:230:0130/103609.917344:INFO:CONSOLE(128)] "currentLatencynow: 136.53", source: file:///home/seluser/ppt/player/dashjs/index.html (128)
[230:230:0130/103610.917177:INFO:CONSOLE(128)] "currentLatencynow: 137.53", source: file:///home/seluser/ppt/player/dashjs/index.html (128)
[230:230:0130/103611.917068:INFO:CONSOLE(128)] "currentLatencynow: 138.53", source: file:///home/seluser/ppt/player/dashjs/index.html (128)
[230:230:0130/103612.917094:INFO:CONSOLE(128)] "currentLatencynow: 139.53", source: file:///home/seluser/ppt/player/dashjs/index.html (128)
[230:230:0130/103613.917178:INFO:CONSOLE(128)] "currentLatencynow: 140.53", source: file:///home/seluser/ppt/player/dashjs/index.html (128)
[230:230:0130/103614.952988:INFO:CONSOLE(128)] "currentLatencynow: 141.53", source: file:///home/seluser/ppt/player/dashjs/index.html (128)
[230:230:0130/103615.917325:INFO:CONSOLE(128)] "currentLatencynow: 142.53", source: file:///home/seluser/ppt/player/dashjs/index.html (128)
[230:230:0130/103617.063739:INFO:CONSOLE(128)] "currentLatencynow: 143.53", source: file:///home/seluser/ppt/player/dashjs/index.html (128)
[[230:230:0130/103619.917515:INFO:CONSOLE(128)] "currentLatencynow: 146.531", source: file:///home/seluser/ppt/player/dashjs/index.html (128)
[230:230:0130/103620.917449:INFO:CONSOLE(128)] "currentLatencynow: 147.53", source: file:///home/seluser/ppt/player/dashjs/index.html (128)
[230:230:0130/103622.119424:INFO:CONSOLE(128)] "currentLatencynow: 148.53", source: file:///home/seluser/ppt/player/dashjs/index.html (128)
[230:230:0130/103622.917420:INFO:CONSOLE(128)] "currentLatencynow: 149.53", source: file:///home/seluser/ppt/player/dashjs/index.html (128)
[230:230:0130/103623.917394:INFO:CONSOLE(128)] "currentLatencynow: 150.53", source: file:///home/seluser/ppt/player/dashjs/index.html (128)
[230:230:0130/103624.917554:INFO:CONSOLE(128)] "currentLatencynow: 151.53", source: file:///home/seluser/ppt/player/dashjs/index.html (128)
[230:230:0130/103625.917364:INFO:CONSOLE(128)] "currentLatencynow: 152.53", source: file:///home/seluser/ppt/player/dashjs/index.html (128)
[230:230:0130/103627.078615:INFO:CONSOLE(128)] "currentLatencynow: 153.53", source: file:///home/seluser/ppt/player/dashjs/index.html (128)
[230:230:0130/103627.917513:INFO:CONSOLE(128)] "currentLatencynow: 154.53", source: file:///home/seluser/ppt/player/dashjs/index.html (128)
[230:230:0130/103628.917391:INFO:CONSOLE(128)] "currentLatencynow: 155.53", source: file:///home/seluser/ppt/player/dashjs/index.html (128)
[230:230:0130/103629.917299:INFO:CONSOLE(128)] "currentLatencynow: 156.53", source: file:///home/seluser/ppt/player/dashjs/index.html (128)
[230:230:0130/103630.917610:INFO:CONSOLE(128)] "currentLatencynow: 157.53", source: file:///home/seluser/ppt/player/dashjs/index.html (128)
[230:230:0130/103631.950269:INFO:CONSOLE(128)] "currentLatencynow: 158.53", source: file:///home/seluser/ppt/player/dashjs/index.html (128)
[230:230:0130/103632.917455:INFO:CONSOLE(128)] "currentLatencynow: 159.53", source: file:///home/seluser/ppt/player/dashjs/index.html (128)
[230:230:0130/103633.917425:INFO:CONSOLE(128)] "currentLatencynow: 160.53", source: file:///home/seluser/ppt/player/dashjs/index.html (128)
[230:230:0130/103634.984508:INFO:CONSOLE(128)] "currentLatencynow: 161.53", source: file:///home/seluser/ppt/player/dashjs/index.html (128)
[230:230:0130/103635.917284:INFO:CONSOLE(128)] "currentLatencynow: 162.53", source: file:///home/seluser/ppt/player/dashjs/index.html (128)
[230:230:0130/103636.917639:INFO:CONSOLE(128)] "currentLatencynow: 163.531", source: file:///home/seluser/ppt/player/dashjs/index.html (128)
[230:230:0130/103637.917374:INFO:CONSOLE(128)] "currentLatencynow: 164.53", source: file:///home/seluser/ppt/player/dashjs/index.html (128)
[230:230:0130/103638.917392:INFO:CONSOLE(128)] "currentLatencynow: 165.53", source: file:///home/seluser/ppt/player/dashjs/index.html (128)
[230:230:0130/103639.917377:INFO:CONSOLE(128)] "currentLatencynow: 166.53", source: file:///home/seluser/ppt/player/dashjs/index.html (128)
[230:230:0130/103640.917261:INFO:CONSOLE(128)] "currentLatencynow: 167.53", source: file:///home/seluser/ppt/player/dashjs/index.html (128)
[230:230:0130/103641.917295:INFO:CONSOLE(128)] "currentLatencynow: 168.53", source: file:///home/seluser/ppt/player/dashjs/index.html (128)
[230:230:0130/103642.917486:INFO:CONSOLE(128)] "currentLatencynow: 169.53", source: file:///home/seluser/ppt/player/dashjs/index.html (128)
[230:230:0130/103643.917322:INFO:CONSOLE(128)] "currentLatencynow: 170.53", source: file:///home/seluser/ppt/player/dashjs/index.html (128)
[230:230:0130/103644.940071:INFO:CONSOLE(128)] "currentLatencynow: 171.53", source: file:///home/seluser/ppt/player/dashjs/index.html (128)
[230:230:0130/103645.917523:INFO:CONSOLE(128)] "currentLatencynow: 172.53", source: file:///home/seluser/ppt/player/dashjs/index.html (128)
[230:230:0130/103646.917377:INFO:CONSOLE(128)] "currentLatencynow: 173.53", source: file:///home/seluser/ppt/player/dashjs/index.html (128)
[230:230:0130/103647.917172:INFO:CONSOLE(128)] "currentLatencynow: 174.53", source: file:///home/seluser/ppt/player/dashjs/index.html (128)
[230:230:0130/103648.917190:INFO:CONSOLE(128)] "currentLatencynow: 175.53", source: file:///home/seluser/ppt/player/dashjs/index.html (128)
[230:230:0130/103649.917294:INFO:CONSOLE(128)] "currentLatencynow: 176.53", source: file:///home/seluser/ppt/player/dashjs/index.html (128)
[230:230:0130/103650.917291:INFO:CONSOLE(128)] "currentLatencynow: 177.53", source: file:///home/seluser/ppt/player/dashjs/index.html (128)
[230:671:0130/103651.413547:ERROR:database.cc(1761)] History SQLite error: code 1 errno 0: cannot commit - no transaction is active sql: COMMIT
[230:230:0130/103651.415123:WARNING:pref_notifier_impl.cc(40)] Pref observer for media_router.cast_allow_all_ips found at shutdown.
