[229:250:0130/103407.396612:ERROR:file_path_watcher_linux.cc(326)] inotify_init() failed: Too many open files (24)
[229:292:0130/103407.603676:ERROR:bus.cc(392)] Failed to connect to the bus: Failed to connect to socket /var/run/dbus/system_bus_socket: No such file or directory
[229:255:0130/103407.606945:ERROR:bus.cc(392)] Failed to connect to the bus: Address does not contain a colon
[229:255:0130/103407.606981:ERROR:bus.cc(392)] Failed to connect to the bus: Address does not contain a colon
[299:299:0130/103407.624645:ERROR:gpu_init.cc(453)] Passthrough is not supported, GL is swiftshader, ANGLE is 
[229:255:0130/103407.627251:ERROR:bus.cc(392)] Failed to connect to the bus: Address does not contain a colon
[229:255:0130/103407.628710:ERROR:bus.cc(392)] Failed to connect to the bus: Address does not contain a colon
[301:332:0130/103407.662941:ERROR:file_path_watcher_linux.cc(326)] inotify_init() failed: Too many open files (24)
[229:255:0130/103407.666868:ERROR:bus.cc(392)] Failed to connect to the bus: Address does not contain a colon
[229:255:0130/103407.667579:ERROR:bus.cc(392)] Failed to connect to the bus: Address does not contain a colon
[229:391:0130/103407.849160:ERROR:bus.cc(392)] Failed to connect to the bus: Failed to connect to socket /var/run/dbus/system_bus_socket: No such file or directory
[229:391:0130/103407.849239:ERROR:bus.cc(392)] Failed to connect to the bus: Failed to connect to socket /var/run/dbus/system_bus_socket: No such file or directory
[229:391:0130/103407.849308:ERROR:bus.cc(392)] Failed to connect to the bus: Failed to connect to socket /var/run/dbus/system_bus_socket: No such file or directory
[229:391:0130/103407.849324:WARNING:property.cc(144)] DaemonVersion: GetAndBlock: failed.
[229:391:0130/103407.849360:ERROR:bus.cc(392)] Failed to connect to the bus: Failed to connect to socket /var/run/dbus/system_bus_socket: No such file or directory
[229:391:0130/103407.849398:ERROR:bus.cc(392)] Failed to connect to the bus: Failed to connect to socket /var/run/dbus/system_bus_socket: No such file or directory
[229:229:0130/103409.275976:INFO:CONSOLE(128)] "currentLatencynow: NaN", source: file:///home/seluser/ppt/player/dashjs/index.html (128)
[229:327:0130/103410.087048:ERROR:chrome_browser_main_extra_parts_metrics.cc(228)] crbug.com/1216328: Checking Bluetooth availability started. Please report if there is no report that this ends.
[229:327:0130/103410.087092:ERROR:chrome_browser_main_extra_parts_metrics.cc(231)] crbug.com/1216328: Checking Bluetooth availability ended.
[229:327:0130/103410.087108:ERROR:chrome_browser_main_extra_parts_metrics.cc(234)] crbug.com/1216328: Checking default browser status started. Please report if there is no report that this ends.
[229:229:0130/103410.276803:INFO:CONSOLE(128)] "currentLatencynow: NaN", source: file:///home/seluser/ppt/player/dashjs/index.html (128)
[229:327:0130/103410.300415:ERROR:chrome_browser_main_extra_parts_metrics.cc(238)] crbug.com/1216328: Checking default browser status ended.
[229:229:0130/103411.275550:INFO:CONSOLE(128)] "currentLatencynow: NaN", source: file:///home/seluser/ppt/player/dashjs/index.html (128)
[229:229:0130/103412.275639:INFO:CONSOLE(128)] "currentLatencynow: NaN", source: file:///home/seluser/ppt/player/dashjs/index.html (128)
[229:229:0130/103413.275596:INFO:CONSOLE(128)] "currentLatencynow: NaN", source: file:///home/seluser/ppt/player/dashjs/index.html (128)
[229:229:0130/103414.275655:INFO:CONSOLE(128)] "currentLatencynow: NaN", source: file:///home/seluser/ppt/player/dashjs/index.html (128)
[229:229:0130/103415.275676:INFO:CONSOLE(128)] "currentLatencynow: 0", source: file:///home/seluser/ppt/player/dashjs/index.html (128)
[229:229:0130/103416.276282:INFO:CONSOLE(128)] "currentLatencynow: 0", source: file:///home/seluser/ppt/player/dashjs/index.html (128)
[229:229:0130/103417.275665:INFO:CONSOLE(128)] "currentLatencynow: 0", source: file:///home/seluser/ppt/player/dashjs/index.html (128)
[229:229:0130/103418.275919:INFO:CONSOLE(128)] "currentLatencynow: 0", source: file:///home/seluser/ppt/player/dashjs/index.html (128)
[229:229:0130/103419.275813:INFO:CONSOLE(128)] "currentLatencynow: 0", source: file:///home/seluser/ppt/player/dashjs/index.html (128)
[229:229:0130/103420.275880:INFO:CONSOLE(128)] "currentLatencynow: 0", source: file:///home/seluser/ppt/player/dashjs/index.html (128)
[229:229:0130/103421.275784:INFO:CONSOLE(128)] "currentLatencynow: 0", source: file:///home/seluser/ppt/player/dashjs/index.html (128)
[229:229:0130/103422.275913:INFO:CONSOLE(128)] "currentLatencynow: 0", source: file:///home/seluser/ppt/player/dashjs/index.html (128)
[229:229:0130/103423.275656:INFO:CONSOLE(128)] "currentLatencynow: 0", source: file:///home/seluser/ppt/player/dashjs/index.html (128)
[229:229:0130/103424.275669:INFO:CONSOLE(128)] "currentLatencynow: 0", source: file:///home/seluser/ppt/player/dashjs/index.html (128)
[229:229:0130/103425.275707:INFO:CONSOLE(128)] "currentLatencynow: 0", source: file:///home/seluser/ppt/player/dashjs/index.html (128)
[229:229:0130/103426.275597:INFO:CONSOLE(128)] "currentLatencynow: 0", source: file:///home/seluser/ppt/player/dashjs/index.html (128)
[229:229:0130/103427.275703:INFO:CONSOLE(128)] "currentLatencynow: 0", source: file:///home/seluser/ppt/player/dashjs/index.html (128)
[229:229:0130/103428.275671:INFO:CONSOLE(128)] "currentLatencynow: 0", source: file:///home/seluser/ppt/player/dashjs/index.html (128)
[229:229:0130/103429.275672:INFO:CONSOLE(128)] "currentLatencynow: 0", source: file:///home/seluser/ppt/player/dashjs/index.html (128)
[229:229:0130/103430.275733:INFO:CONSOLE(128)] "currentLatencynow: 0", source: file:///home/seluser/ppt/player/dashjs/index.html (128)
[229:229:0130/103431.275781:INFO:CONSOLE(128)] "currentLatencynow: 0", source: file:///home/seluser/ppt/player/dashjs/index.html (128)
[229:229:0130/103432.275691:INFO:CONSOLE(128)] "currentLatencynow: 0", source: file:///home/seluser/ppt/player/dashjs/index.html (128)
[229:229:0130/103433.275674:INFO:CONSOLE(128)] "currentLatencynow: 0", source: file:///home/seluser/ppt/player/dashjs/index.html (128)
[229:229:0130/103434.275971:INFO:CONSOLE(128)] "currentLatencynow: 0", source: file:///home/seluser/ppt/player/dashjs/index.html (128)
[666:666:0130/103435.141941:WARNING:audio_manager_linux.cc(69)] Falling back to ALSA for audio output. PulseAudio is not available or could not be initialized.
[666:666:0130/103435.150423:ERROR:alsa_util.cc(204)] PcmOpen: default,No such file or directory
[666:666:0130/103435.150720:ERROR:alsa_util.cc(204)] PcmOpen: plug:default,No such file or directory
[229:229:0130/103435.275781:INFO:CONSOLE(128)] "currentLatencynow: 24.38", source: file:///home/seluser/ppt/player/dashjs/index.html (128)
[229:229:0130/103436.276105:INFO:CONSOLE(128)] "currentLatencynow: 25.38", source: file:///home/seluser/ppt/player/dashjs/index.html (128)
[229:229:0130/103437.275557:INFO:CONSOLE(128)] "currentLatencynow: 26.38", source: file:///home/seluser/ppt/player/dashjs/index.html (128)
[229:229:0130/103438.275500:INFO:CONSOLE(128)] "currentLatencynow: 27.38", source: file:///home/seluser/ppt/player/dashjs/index.html (128)
[229:229:0130/103439.275664:INFO:CONSOLE(128)] "currentLatencynow: 28.38", source: file:///home/seluser/ppt/player/dashjs/index.html (128)
[229:229:0130/103440.275749:INFO:CONSOLE(128)] "currentLatencynow: 29.38", source: file:///home/seluser/ppt/player/dashjs/index.html (128)
[229:229:0130/103441.275729:INFO:CONSOLE(128)] "currentLatencynow: 30.38", source: file:///home/seluser/ppt/player/dashjs/index.html (128)
[229:229:0130/103442.275656:INFO:CONSOLE(128)] "currentLatencynow: 31.38", source: file:///home/seluser/ppt/player/dashjs/index.html (128)
[229:229:0130/103443.275759:INFO:CONSOLE(128)] "currentLatencynow: 32.38", source: file:///home/seluser/ppt/player/dashjs/index.html (128)
[229:255:0130/103444.216338:ERROR:bus.cc(392)] Failed to connect to the bus: Address does not contain a colon
[229:255:0130/103444.216422:ERROR:bus.cc(392)] Failed to connect to the bus: Address does not contain a colon
[229:255:0130/103444.216443:ERROR:bus.cc(392)] Failed to connect to the bus: Address does not contain a colon
[229:255:0130/103444.216492:ERROR:bus.cc(392)] Failed to connect to the bus: Address does not contain a colon
[229:255:0130/103444.216514:ERROR:bus.cc(392)] Failed to connect to the bus: Address does not contain a colon
[229:255:0130/103444.216529:ERROR:bus.cc(392)] Failed to connect to the bus: Address does not contain a colon
[229:255:0130/103444.216542:ERROR:bus.cc(392)] Failed to connect to the bus: Address does not contain a colon
[229:255:0130/103444.216556:ERROR:bus.cc(392)] Failed to connect to the bus: Address does not contain a colon
[229:255:0130/103444.216569:ERROR:bus.cc(392)] Failed to connect to the bus: Address does not contain a colon
[229:255:0130/103444.216590:ERROR:bus.cc(392)] Failed to connect to the bus: Address does not contain a colon
[229:255:0130/103444.216603:ERROR:bus.cc(392)] Failed to connect to the bus: Address does not contain a colon
[229:255:0130/103444.216618:ERROR:bus.cc(392)] Failed to connect to the bus: Address does not contain a colon
[229:255:0130/103444.216633:ERROR:bus.cc(392)] Failed to connect to the bus: Address does not contain a colon
[229:255:0130/103444.216668:ERROR:bus.cc(392)] Failed to connect to the bus: Address does not contain a colon
[229:255:0130/103444.217537:ERROR:bus.cc(392)] Failed to connect to the bus: Address does not contain a colon
[229:255:0130/103444.217575:ERROR:bus.cc(392)] Failed to connect to the bus: Address does not contain a colon
[229:255:0130/103444.217592:ERROR:bus.cc(392)] Failed to connect to the bus: Address does not contain a colon
[229:229:0130/103444.275572:INFO:CONSOLE(128)] "currentLatencynow: 33.366", source: file:///home/seluser/ppt/player/dashjs/index.html (128)
[229:255:0130/103444.300296:ERROR:bus.cc(392)] Failed to connect to the bus: Address does not contain a colon
[229:255:0130/103444.300356:ERROR:bus.cc(392)] Failed to connect to the bus: Address does not contain a colon
[229:229:0130/103445.275601:INFO:CONSOLE(128)] "currentLatencynow: 34.226", source: file:///home/seluser/ppt/player/dashjs/index.html (128)
[229:229:0130/103446.275621:INFO:CONSOLE(128)] "currentLatencynow: 35.226", source: file:///home/seluser/ppt/player/dashjs/index.html (128)
[229:229:0130/103447.292936:INFO:CONSOLE(128)] "currentLatencynow: 36.226", source: file:///home/seluser/ppt/player/dashjs/index.html (128)
[229:229:0130/103448.275663:INFO:CONSOLE(128)] "currentLatencynow: 37.226", source: file:///home/seluser/ppt/player/dashjs/index.html (128)
[229:229:0130/103449.275750:INFO:CONSOLE(128)] "currentLatencynow: 38.226", source: file:///home/seluser/ppt/player/dashjs/index.html (128)
[229:229:0130/103450.384948:INFO:CONSOLE(128)] "currentLatencynow: 39.226", source: file:///home/seluser/ppt/player/dashjs/index.html (128)
[229:255:0130/103451.246622:ERROR:bus.cc(392)] Failed to connect to the bus: Address does not contain a colon
[229:255:0130/103451.246694:ERROR:bus.cc(392)] Failed to connect to the bus: Address does not contain a colon
[229:229:0130/103451.275541:INFO:CONSOLE(128)] "currentLatencynow: 40.134", source: file:///home/seluser/ppt/player/dashjs/index.html (128)
[229:229:0130/103452.275596:INFO:CONSOLE(128)] "currentLatencynow: 40.058", source: file:///home/seluser/ppt/player/dashjs/index.html (128)
[229:229:0130/103453.275542:INFO:CONSOLE(128)] "currentLatencynow: 30.317", source: file:///home/seluser/ppt/player/dashjs/index.html (128)
[229:229:0130/103454.275585:INFO:CONSOLE(128)] "currentLatencynow: 31.317", source: file:///home/seluser/ppt/player/dashjs/index.html (128)
[229:229:0130/103455.275527:INFO:CONSOLE(128)] "currentLatencynow: 32.317", source: file:///home/seluser/ppt/player/dashjs/index.html (128)
[229:229:0130/103456.275521:INFO:CONSOLE(128)] "currentLatencynow: 33.317", source: file:///home/seluser/ppt/player/dashjs/index.html (128)
[229:229:0130/103457.275547:INFO:CONSOLE(128)] "currentLatencynow: 34.317", source: file:///home/seluser/ppt/player/dashjs/index.html (128)
[229:229:0130/103458.275589:INFO:CONSOLE(128)] "currentLatencynow: 35.317", source: file:///home/seluser/ppt/player/dashjs/index.html (128)
[229:229:0130/103459.275629:INFO:CONSOLE(128)] "currentLatencynow: 36.317", source: file:///home/seluser/ppt/player/dashjs/index.html (128)
[229:229:0130/103500.313591:INFO:CONSOLE(128)] "currentLatencynow: 37.317", source: file:///home/seluser/ppt/player/dashjs/index.html (128)
[229:229:0130/103501.275821:INFO:CONSOLE(128)] "currentLatencynow: 38.317", source: file:///home/seluser/ppt/player/dashjs/index.html (128)
[229:229:0130/103502.275539:INFO:CONSOLE(128)] "currentLatencynow: 39.317", source: file:///home/seluser/ppt/player/dashjs/index.html (128)
[229:229:0130/103503.373921:INFO:CONSOLE(128)] "currentLatencynow: 40.317", source: file:///home/seluser/ppt/player/dashjs/index.html (128)
[229:229:0130/103504.440911:INFO:CONSOLE(128)] "currentLatencynow: 41.317", source: file:///home/seluser/ppt/player/dashjs/index.html (128)
[229:229:0130/103505.307315:INFO:CONSOLE(128)] "currentLatencynow: 42.317", source: file:///home/seluser/ppt/player/dashjs/index.html (128)
[229:229:0130/103506.275731:INFO:CONSOLE(128)] "currentLatencynow: 43.317", source: file:///home/seluser/ppt/player/dashjs/index.html (128)
[229:229:0130/103507.275657:INFO:CONSOLE(128)] "currentLatencynow: 44.317", source: file:///home/seluser/ppt/player/dashjs/index.html (128)
[229:229:0130/103508.275621:INFO:CONSOLE(128)] "currentLatencynow: 45.317", source: file:///home/seluser/ppt/player/dashjs/index.html (128)
[229:229:0130/103509.275637:INFO:CONSOLE(128)] "currentLatencynow: 46.317", source: file:///home/seluser/ppt/player/dashjs/index.html (128)
[229:229:0130/103510.276130:INFO:CONSOLE(128)] "currentLatencynow: 47.317", source: file:///home/seluser/ppt/player/dashjs/index.html (128)
[229:229:0130/103511.275775:INFO:CONSOLE(128)] "currentLatencynow: 48.317", source: file:///home/seluser/ppt/player/dashjs/index.html (128)
[229:229:0130/103512.275733:INFO:CONSOLE(128)] "currentLatencynow: 49.317", source: file:///home/seluser/ppt/player/dashjs/index.html (128)
[229:229:0130/103513.275657:INFO:CONSOLE(128)] "currentLatencynow: 50.317", source: file:///home/seluser/ppt/player/dashjs/index.html (128)
[229:229:0130/103514.275643:INFO:CONSOLE(128)] "currentLatencynow: 51.317", source: file:///home/seluser/ppt/player/dashjs/index.html (128)
[229:229:0130/103515.275717:INFO:CONSOLE(128)] "currentLatencynow: 52.317", source: file:///home/seluser/ppt/player/dashjs/index.html (128)
[229:229:0130/103516.275750:INFO:CONSOLE(128)] "currentLatencynow: 53.317", source: file:///home/seluser/ppt/player/dashjs/index.html (128)
[229:229:0130/103517.275609:INFO:CONSOLE(128)] "currentLatencynow: 54.317", source: file:///home/seluser/ppt/player/dashjs/index.html (128)
[229:229:0130/103518.275664:INFO:CONSOLE(128)] "currentLatencynow: 55.317", source: file:///home/seluser/ppt/player/dashjs/index.html (128)
[229:229:0130/103519.275527:INFO:CONSOLE(128)] "currentLatencynow: 56.317", source: file:///home/seluser/ppt/player/dashjs/index.html (128)
[229:229:0130/103520.275651:INFO:CONSOLE(128)] "currentLatencynow: 57.317", source: file:///home/seluser/ppt/player/dashjs/index.html (128)
[229:229:0130/103521.275894:INFO:CONSOLE(128)] "currentLatencynow: 58.317", source: file:///home/seluser/ppt/player/dashjs/index.html (128)
[229:229:0130/103522.275663:INFO:CONSOLE(128)] "currentLatencynow: 59.317", source: file:///home/seluser/ppt/player/dashjs/index.html (128)
[229:229:0130/103523.288099:INFO:CONSOLE(128)] "currentLatencynow: 60.317", source: file:///home/seluser/ppt/player/dashjs/index.html (128)
[229:229:0130/103524.275736:INFO:CONSOLE(128)] "currentLatencynow: 61.317", source: file:///home/seluser/ppt/player/dashjs/index.html (128)
[229:229:0130/103525.275602:INFO:CONSOLE(128)] "currentLatencynow: 62.317", source: file:///home/seluser/ppt/player/dashjs/index.html (128)
[229:229:0130/103526.275755:INFO:CONSOLE(128)] "currentLatencynow: 63.317", source: file:///home/seluser/ppt/player/dashjs/index.html (128)
[301:333:0130/103526.366050:ERROR:simple_index_file.cc(310)] Failed to write the temporary index file
[229:229:0130/103527.275755:INFO:CONSOLE(128)] "currentLatencynow: 64.317",[229:229:0130/103539.721306:INFO:CONSOLE(128)] "currentLatencynow: 69.317", source: file:///home/seluser/ppt/player/dashjs/index.html (128)
[229:229:0130/103539.721657:INFO:CONSOLE(128)] "currentLatencynow: 70.317", source: file:///home/seluser/ppt/player/dashjs/index.html (128)
[229:229:0130/103539.722339:INFO:CONSOLE(128)] "currentLatencynow: 71.317", source: file:///home/seluser/ppt/player/dashjs/index.html (128)
[229:229:0130/103539.722612:INFO:CONSOLE(128)] "currentLatencynow: 72.317", source: file:///home/seluser/ppt/player/dashjs/index.html (128)
[229:229:0130/103539.722764:INFO:CONSOLE(128)] "currentLatencynow: 73.317", source: file:///home/seluser/ppt/player/dashjs/index.html (128)
[229:229:0130/103539.722874:INFO:CONSOLE(128)] "currentLatencynow: 74.317", source: file:///home/seluser/ppt/player/dashjs/index.html (128)
[229:229:0130/103539.723086:INFO:CONSOLE(128)] "currentLatencynow: 75.317", source: file:///home/seluser/ppt/player/dashjs/index.html (128)
[229:229:0130/103539.723147:INFO:CONSOLE(128)] "currentLatencynow: 76.317", source: file:///home/seluser/ppt/player/dashjs/index.html (128)
[229:229:0130/103540.276036:INFO:CONSOLE(128)] "currentLatencynow: 77.317", source: file:///home/seluser/ppt/player/dashjs/index.html (128)
[229:229:0130/103541.275906:INFO:CONSOLE(128)] "currentLatencynow: 78.317", source: file:///home/seluser/ppt/player/dashjs/index.html (128)
[229:229:0130/103542.275740:INFO:CONSOLE(128)] "currentLatencynow: 79.317", source: file:///home/seluser/ppt/player/dashjs/index.html (128)
[229:229:0130/103543.275781:INFO:CONSOLE(128)] "currentLatencynow: 80.317", source: file:///home/seluser/ppt/player/dashjs/index.html (128)
[229:229:0130/103544.275930:INFO:CONSOLE(128)] "currentLatencynow: 81.317", source: file:///home/seluser/ppt/player/dashjs/index.html (128)
[229:229:0130/103545.275650:INFO:CONSOLE(128)] "currentLatencynow: 82.317", source: file:///home/seluser/ppt/player/dashjs/index.html (128)
[229:229:0130/103546.275658:INFO:CONSOLE(128)] "currentLatencynow: 83.317", source: file:///home/seluser/ppt/player/dashjs/index.html (128)
[229:229:0130/103547.275626:INFO:CONSOLE(128)] "currentLatencynow: 84.317", source: file:///home/seluser/ppt/player/dashjs/index.html (128)
[229:229:0130/103548.275838:INFO:CONSOLE(128)] "currentLatencynow: 85.317", source: file:///home/seluser/ppt/player/dashjs/index.html (128)
[229:229:0130/103549.275631:INFO:CONSOLE(128)] "currentLatencynow: 86.317", source: file:///home/seluser/ppt/player/dashjs/index.html (128)
[229:229:0130/103550.275582:INFO:CONSOLE(128)] "currentLatencynow: 87.317", source: file:///home/seluser/ppt/player/dashjs/index.html (128)
[229:229:0130/103551.275670:INFO:CONSOLE(128)] "currentLatencynow: 88.317", source: file:///home/seluser/ppt/player/dashjs/index.html (128)
[229:229:0130/103552.275769:INFO:CONSOLE(128)] "currentLatencynow: 89.317", source: file:///home/seluser/ppt/player/dashjs/index.html (128)
[229:229:0130/103553.275729:INFO:CONSOLE(128)] "currentLatencynow: 90.317", source: file:///home/seluser/ppt/player/dashjs/index.html (128)
[229:229:0130/103554.275678:INFO:CONSOLE(128)] "currentLatencynow: 91.317", source: file:///home/seluser/ppt/player/dashjs/index.html (128)
[229:229:0130/103555.275655:INFO:CONSOLE(128)] "currentLatencynow: 92.317", source: file:///home/seluser/ppt/player/dashjs/index.html (128)
[229:229:0130/103556.275643:INFO:CONSOLE(128)] "currentLatencynow: 93.317", source: file:///home/seluser/ppt/player/dashjs/index.html (128)
[229:229:0130/103557.275590:INFO:CONSOLE(128)] "currentLatencynow: 94.317", source: file:///home/seluser/ppt/player/dashjs/index.html (128)
[229:229:0130/103558.275657:INFO:CONSOLE(128)] "currentLatencynow: 95.317", source: file:///home/seluser/ppt/player/dashjs/index.html (128)
[229:229:0130/103559.275548:INFO:CONSOLE(128)] "currentLatencynow: 96.317", source: file:///home/seluser/ppt/player/dashjs/index.html (128)
[229:229:0130/103600.275569:INFO:CONSOLE(128)] "currentLatencynow: 97.317", source: file:///home/seluser/ppt/player/dashjs/index.html (128)
[229:229:0130/103601.275548:INFO:CON[229:229:0130/103604.801213:INFO:CONSOLE(128)] "currentLatencynow: 101.317", source: file:///home/seluser/ppt/player/dashjs/index.html (128)
[229:229:0130/103605.483826:INFO:CONSOLE(128)] "currentLatencynow: 102.317", source: file:///home/seluser/ppt/player/dashjs/index.html (128)
[229:229:0130/103606.275609:INFO:CONSOLE(128)] "currentLatencynow: 103.317", source: file:///home/seluser/ppt/player/dashjs/index.html (128)
[229:229:0130/103607.275672:INFO:CONSOLE(128)] "currentLatencynow: 104.317", source: file:///home/seluser/ppt/player/dashjs/index.html (128)
[229:229:0130/103608.275893:INFO:CONSOLE(114)] "Begin Player stistics 
", source: file:///home/seluser/ppt/player/dashjs/index.html (114)
[229:229:0130/103608.276289:INFO:CONSOLE(115)] "["stall",[["15.14","36.19",21.049999999999997]],[["36.41","36.66",0.25]],[["availibleBW",[null],[null],[null],[null],[null],[null],[null],[null],[null],[null],[null],[null],[null],[null],[null],[null],[null],[null],[null],[null],[null],[null],[null],[null],[null],[null],[null],[1586],[1586],[1586],[1586],[1586],[1586],[1586],[1586],[1586],[1586],[1586],[1586],[1586],[1586],[1586],[1586],[1586],[1586],[1586],[1586],[1586],[1586],[1586],[1586],[907],[907],[907],[907],[907],[907],[907],[907],[907],[907],[907],[907],[907],[907],[907],[907],[907],[907],[907],[907],[907],[907],[907],[907],[907],[907],[907],[907],[907],[907],[907],[907],[907],[907],[907],[907],[907],[907],[907],[907],[907],[907],[907],[907],[907],[907],[907],[907],[907],[907],[907],[907],[907],[907],[907],[907],[907],[907],[907],[907],[907],[907],[907],[907],[907],[907],[907],[907]]],[["currentBuffer",[0],[0],[0],[0],[0],[0],[0],[0],[0],[0],[0],[0],[0],[0],[0],[0],[0],[0],[0],[0],[0],[0],[0],[0],[0],[0],[0],[0.23],[0.23],[0.23],[0.23],[0.23],[0.23],[0.23],[0.23],[0.23],[0.077],[0.077],[0.077],[0.077],[0.077],[0.077],[0.077],[0],[0],[0],[0],[0],[0],[0],[0],[0.179],[0.179],[0.179],[0.179],[0.179],[0.179],[0.179],[0.179],[0.179],[0.179],[0.179],[0.179],[0.179],[0.179],[0.179],[0.179],[0.179],[0.179],[0.179],[0.179],[0.179],[0.179],[0.179],[0.179],[0.179],[0.179],[0.179],[0.179],[0.179],[0.179],[0.179],[0.179],[0.179],[0.179],[0.179],[0.179],[0.179],[0.179],[0.179],[0.179],[0.179],[0.179],[0.179],[0.179],[0.179],[0.179],[0.179],[0.179],[0.179],[0.179],[0.179],[0.179],[0.179],[0.179],[0.179],[0.179],[0.179],[0.179],[0.179],[0.179],[0.179],[0.179],[0.179],[0.179],[0.179],[0.179],[0.179],[0.179]]],[["currentLatency",[null],[null],[null],[null],[null],[null],[0],[0],[0],[0],[0],[0],[0],[0],[0],[0],[0],[0],[0],[0],[0],[0],[0],[0],[0],[0],[24.38],[25.38],[26.38],[27.38],[28.38],[29.38],[30.38],[31.38],[32.38],[33.366],[34.226],[35.226],[36.226],[37.226],[38.226],[39.226],[40.134],[40.058],[30.317],[31.317],[32.317],[33.317],[34.317],[35.317],[36.317],[37.317],[38.317],[39.317],[40.317],[41.317],[42.317],[43.317],[44.317],[45.317],[46.317],[47.317],[48.317],[49.317],[50.317],[51.317],[52.317],[53.317],[54.317],[55.317],[56.317],[57.317],[58.317],[59.317],[60.317],[61.317],[62.317],[63.317],[64.317],[65.317],[66.317],[67.317],[68.317],[69.317],[70.317],[71.317],[72.317],[73.317],[74.317],[75.317],[76.317],[77.317],[78.317],[79.317],[80.317],[81.317],[82.317],[83.317],[84.317],[85.317],[86.317],[87.317],[88.317],[89.317],[90.317],[91.317],[92.317],[93.317],[94.317],[95.317],[96.317],[97.317],[98.317],[99.317],[100.317],[101.317],[102.317],[103.317],[104.317]]]]", source: file:///home/seluser/ppt/player/dashjs/index.html (115)
[229:229:0130/103608.276430:INFO:CONSOLE(116)] "
", source: file:///home/seluser/ppt/player/dashjs/index.html (116)
[229:229:0130/103608.276525:INFO:CONSOLE(117)] "Finish Player stistics 
", source: file:///home/seluser/ppt/player/dashjs/index.html (117)
[229:229:0130/103608.276598:INFO:CONSOLE(128)] "currentLatencynow: 105.318", source: file:///home/seluser/ppt/player/dashjs/index.html (128)
[229:229:0130/103609.275568:INFO:CONSOLE(128)] "currentLatencynow: 106.317", source: file:///home/seluser/ppt/player/dashjs/index.html (128)
[229:229:0130/103610.275777:INFO:CONSOLE(128)] "currentLatencynow: 107.317", source: fi[229:229:0130/103612.275665:INFO:CONSOLE(128)] "currentLatencynow: 109.317", source: file:///home/seluser/ppt/player/dashjs/index.html (128)
[229:229:0130/103613.275792:INFO:CONSOLE(128)] "currentLatencynow: 110.317", source: file:///home/seluser/ppt/player/dashjs/index.html (128)
[229:229:0130/103614.275729:INFO:CONSOLE(128)] "currentLatencynow: 111.317", source: file:///home/seluser/ppt/player/dashjs/index.html (128)
[229:229:0130/103615.387090:INFO:CONSOLE(128)] "currentLatencynow: 112.317", source: file:///home/seluser/ppt/player/dashjs/index.html (128)
[229:229:0130/103616.275843:INFO:CONSOLE(128)] "currentLatencynow: 113.317", source: file:///home/seluser/ppt/player/dashjs/index.html (128)
[229:229:0130/103617.275632:INFO:CONSOLE(128)] "currentLatencynow: 114.317", source: file:///home/seluser/ppt/player/dashjs/index.html (128)
[229:229:0130/103618.275825:INFO:CONSOLE(128)] "currentLatencynow: 115.317", source: file:///home/seluser/ppt/player/dashjs/index.html (128)
[229:229:0130/103619.275692:INFO:CONSOLE(128)] "currentLatencynow: 116.317", source: file:///home/seluser/ppt/player/dashjs/index.html (128)
[229:229:0130/103620.275792:INFO:CONSOLE(128)] "currentLatencynow: 117.317", source: file:///home/seluser/ppt/player/dashjs/index.html (128)
[229:229:0130/103621.275694:INFO:CONSOLE(128)] "currentLatencynow: 118.317", source: file:///home/seluser/ppt/player/dashjs/index.html (128)
[229:229:0130/103622.275809:INFO:CONSOLE(128)] "currentLatencynow: 119.317", source: file:///home/seluser/ppt/player/dashjs/index.html (128)
[229:229:0130/103623.276926:INFO:CONSOLE(128)] "currentLatencynow: 120.318", source: file:///home/seluser/ppt/player/dashjs/index.html (128)
[229:229:0130/103624.275631:INFO:CONSOLE(128)] "currentLatencynow: 121.317", source: file:///home/seluser/ppt/player/dashjs/index.html (128)
[229:229:0130/103625.275644:INFO:CONSOLE(128)] "currentLatencynow: 122.317", source: file:///home/seluser/ppt/player/dashjs/index.html (128)
[229:229:0130/103626.275824:INFO:CONSOLE(128)] "currentLatencynow: 123.317", source: file:///home/seluser/ppt/player/dashjs/index.html (128)
[229:229:0130/103627.275896:INFO:CONSOLE(128)] "currentLatencynow: 124.317", source: file:///home/seluser/ppt/player/dashjs/index.html (128)
[229:229:0130/103628.275676:INFO:CONSOLE(128)] "currentLatencynow: 125.317", source: file:///home/seluser/ppt/player/dashjs/index.html (128)
[229:229:0130/103629.275682:INFO:CONSOLE(128)] "currentLatencynow: 126.317", source: file:///home/seluser/ppt/player/dashjs/index.html (128)
[229:229:0130/103630.275911:INFO:CONSOLE(128)] "currentLatencynow: 127.317", source: file:///home/seluser/ppt/player/dashjs/index.html (128)
[229:229:0130/103631.275764:INFO:CONSOLE(128)] "currentLatencynow: 128.317", source: file:///home/seluser/ppt/player/dashjs/index.html (128)
[229:229:0130/103632.275760:INFO:CONSOLE(128)] "currentLatencynow: 129.317", source: file:///home/seluser/ppt/player/dashjs/index.html (128)
[229:229:0130/103633.275801:INFO:CONSOLE(128)] "currentLatencynow: 130.317", source: file:///home/seluser/ppt/player/dashjs/index.html (128)
[229:229:0130/103634.275665:INFO:CONSOLE(128)] "currentLatencynow: 131.317", source: file:///home/seluser/ppt/player/dashjs/index.html (128)
[229:229:0130/103635.275610:INFO:CONSOLE(128)] "currentLatencynow: 132.317", source: file:///home/seluser/ppt/player/dashjs/index.html (128)
[229:229:0130/103636.275726:INFO:CONSOLE(128)] "currentLatencynow: 133.317", source: file:///home/seluser/ppt/player/dashjs/index.html (128)
[229:229:0130/103637.275731:INFO:CONSOLE(128)] "currentLatencynow: 134.317", source: file:///home/seluser/ppt/player/dashjs/index.html (128)
[229:229:0130/103638.275586:INFO:CONSOLE(128)] "currentLatencynow: 135.317", source: file:///home/seluser/ppt/player/dashjs/index.html (128)
[229:229:0130/103639.275681:INFO:CONSOLE(128)] "currentLatencynow: 136.317", source: file:///home/seluser/ppt/player/dashjs/index.html (128)
[229:229:0130/103640.275895:INFO:CONSOLE(128)] "currentLatencynow: 137.317", source: file:///home/seluser/ppt/player/dashjs/index.html (128)
[229:229:0130/103641.275612:INFO:CONSOLE(128)] "currentLatencynow: 138.317", source: file:///home/seluser/ppt/player/dashjs/index.html (128)
[229:229:0130/103642.512238:INFO:CONSOLE(128)] "currentLatencynow: 139.317", source: file:///home/seluser/ppt/player/dashjs/index.html (128)
[229:229:0130/103643.275962:INFO:CONSOLE(128)] "currentLatencynow: 140.317", source: file:///home/seluser/ppt/player/dashjs/index.html (128)
[229:229:0130/103644.275804:INFO:CONSOLE(128)] "currentLatencynow: 141.317", source: file:///home/seluser/ppt/player/dashjs/index.html (128)
[229:229:0130/103645.275717:INFO:CONSOLE(128)] "currentLatencynow: 142.317", source: file:///home/seluser/ppt/player/dashjs/index.html (128)
[229:229:0130/103646.275504:INFO:CONSOLE(128)] "currentLatencynow: 143.317", source: file:///home/seluser/ppt/player/dashjs/index.html (128)
[229:229:0130/103647.275695:INFO:CONSOLE(128)] "currentLatencynow: 144.317", source: file:///home/seluser/ppt/player/dashjs/index.html (128)
[229:229:0130/103648.275615:INFO:CONSOLE(128)] "currentLatencynow: 145.317", source: file:///home/seluser/ppt/player/dashjs/index.html (128)
[229:229:0130/103649.275638:INFO:CONSOLE(128)] "currentLatencynow: 146.317", source: file:///home/seluser/ppt/player/dashjs/index.html (128)
[229:229:0130/103650.275842:INFO:CONSOLE(128)] "currentLatencynow: 147.317", source: file:///home/seluser/ppt/player/dashjs/index.html (128)
[229:229:0130/103651.275832:INFO:CONSOLE(128)] "currentLatencynow: 148.317", source: file:///home/seluser/ppt/player/dashjs/index.html (128)
[229:229:0130/103652.275748:INFO:CONSOLE(128)] "currentLatencynow: 149.317", source: file:///home/seluser/ppt/player/dashjs/index.html (128)
[229:229:0130/103653.275804:INFO:CONSOLE(128)] "currentLatencynow: 150.317", source: file:///home/seluser/ppt/player/dashjs/index.html (128)
[229:229:0130/103654.275748:INFO:CONSOLE(128)] "currentLatencynow: 151.317", source: file:///home/seluser/ppt/player/dashjs/index.html (128)
[229:229:0130/103655.275852:INFO:CONSOLE(128)] "currentLatencynow: 152.317", source: file:///home/seluser/ppt/player/dashjs/index.html (128)
[229:229:0130/103656.275737:INFO:CONSOLE(128)] "currentLatencynow: 153.317", source: file:///home/seluser/ppt/player/dashjs/index.html (128)
[229:229:0130/103657.275871:INFO:CONSOLE(128)] "currentLatencynow: 154.317", source: file:///home/seluser/ppt/player/dashjs/index.html (128)
[229:229:0130/103658.275922:INFO:CONSOLE(128)] "currentLatencynow: 155.317", source: file:///home/seluser/ppt/player/dashjs/index.html (128)
[229:229:0130/103659.275654:INFO:CONSOLE(128)] "currentLatencynow: 156.317", source: file:///home/seluser/ppt/player/dashjs/index.html (128)
[229:229:0130/103700.275860:INFO:CONSOLE(128)] "currentLatencynow: 157.317", source: file:///home/seluser/ppt/player/dashjs/index.html (128)
[229:229:0130/103701.275869:INFO:CONSOLE(128)] "currentLatencynow: 158.317", source: file:///home/seluser/ppt/player/dashjs/index.html (128)
[229:229:0130/103702.275765:INFO:CONSOLE(128)] "currentLatencynow: 159.317", source: file:///home/seluser/ppt/player/dashjs/index.html (128)
[229:229:0130/103703.275846:INFO:CONSOLE(128)] "currentLatencynow: 160.317", source: file:///home/seluser/ppt/player/dashjs/index.html (128)
[229:229:0130/103704.275647:INFO:CONSOLE(128)] "currentLatencynow: 161.317", source: file:///home/seluser/ppt/player/dashjs/index.html (128)
[229:229:0130/103705.275930:INFO:CONSOLE(128)] "currentLatencynow: 162.317", source: file:///home/seluser/ppt/player/dashjs/index.html (128)
[229:229:0130/103706.275944:INFO:CONSOLE(128)] "currentLatencynow: 163.317", source: file:///home/seluser/ppt/player/dashjs/index.html (128)
[229:229:0130/103707.275884:INFO:CONSOLE(128)] "currentLatencynow: 164.317", source: file:///home/seluser/ppt/player/dashjs/index.html (128)
[229:229:0130/103708.275871:INFO:CONSOLE(128)] "currentLatencynow: 165.317", source: file:///home/seluser/ppt/player/dashjs/index.html (128)
[229:229:0130/103708.486117:WARNING:pref_notifier_impl.cc(40)] Pref observer for media_router.cast_allow_all_ips found at shutdown.
